2021-12-30 04:06:37,755 - root - INFO - Loading reference interval set from '../resources/zarrei2015-2/intervals/Cancer-gain.lex-smallest.intron.tsv'...
2021-12-30 04:06:37,756 - root - INFO - Loading query interval set from '../resources/zarrei2015-2/cnv_intervals/stringent.gain.tsv'...
2021-12-30 04:06:37,760 - root - INFO - Loading chromosome sizes from '../resources/experiment_original/iSTAT/data/hg19_chrom_sizes.txt'...
2021-12-30 04:06:37,762 - root - INFO - Number of reference intervals: 133 (133 before merging)
2021-12-30 04:06:37,762 - root - INFO - Number of query intervals: 1169 (1169 before merging)
2021-12-30 04:06:37,763 - root - INFO - Number of chromosomes: 24
2021-12-30 04:06:37,766 - root - INFO - Overlap count: 0
2021-12-30 04:06:37,766 - root - DEBUG - Started computing sf for chromosome 'chr1'...
2021-12-30 04:06:37,767 - root - DEBUG - m=10, n=92
2021-12-30 04:06:37,772 - root - DEBUG - Processing 10-th line out of 10 rows of DP table...
2021-12-30 04:06:37,773 - root - DEBUG - Started computing sf for chromosome 'chr2'...
2021-12-30 04:06:37,774 - root - DEBUG - m=20, n=96
2021-12-30 04:06:37,786 - root - DEBUG - Processing 10-th line out of 20 rows of DP table...
2021-12-30 04:06:37,791 - root - DEBUG - Processing 20-th line out of 20 rows of DP table...
2021-12-30 04:06:37,808 - root - DEBUG - Started computing sf for chromosome 'chr3'...
2021-12-30 04:06:37,809 - root - DEBUG - m=8, n=49
2021-12-30 04:06:37,813 - root - DEBUG - Started computing sf for chromosome 'chr4'...
2021-12-30 04:06:37,814 - root - DEBUG - m=0, n=68
2021-12-30 04:06:37,815 - root - DEBUG - Started computing sf for chromosome 'chr5'...
2021-12-30 04:06:37,817 - root - DEBUG - m=0, n=61
2021-12-30 04:06:37,818 - root - DEBUG - Started computing sf for chromosome 'chr6'...
2021-12-30 04:06:37,819 - root - DEBUG - m=0, n=46
2021-12-30 04:06:37,820 - root - DEBUG - Started computing sf for chromosome 'chr7'...
2021-12-30 04:06:37,821 - root - DEBUG - m=25, n=89
2021-12-30 04:06:37,837 - root - DEBUG - Processing 10-th line out of 25 rows of DP table...
2021-12-30 04:06:37,847 - root - DEBUG - Processing 20-th line out of 25 rows of DP table...
2021-12-30 04:06:37,850 - root - DEBUG - Started computing sf for chromosome 'chr8'...
2021-12-30 04:06:37,851 - root - DEBUG - m=2, n=59
2021-12-30 04:06:37,852 - root - DEBUG - Started computing sf for chromosome 'chr9'...
2021-12-30 04:06:37,854 - root - DEBUG - m=0, n=62
2021-12-30 04:06:37,855 - root - DEBUG - Started computing sf for chromosome 'chr10'...
2021-12-30 04:06:37,856 - root - DEBUG - m=0, n=45
2021-12-30 04:06:37,857 - root - DEBUG - Started computing sf for chromosome 'chr11'...
2021-12-30 04:06:37,860 - root - DEBUG - m=3, n=63
2021-12-30 04:06:37,862 - root - DEBUG - Started computing sf for chromosome 'chr12'...
2021-12-30 04:06:37,864 - root - DEBUG - m=10, n=38
2021-12-30 04:06:37,870 - root - DEBUG - Processing 10-th line out of 10 rows of DP table...
2021-12-30 04:06:37,871 - root - DEBUG - Started computing sf for chromosome 'chr13'...
2021-12-30 04:06:37,872 - root - DEBUG - m=0, n=32
2021-12-30 04:06:37,873 - root - DEBUG - Started computing sf for chromosome 'chr14'...
2021-12-30 04:06:37,874 - root - DEBUG - m=2, n=31
2021-12-30 04:06:37,876 - root - DEBUG - Started computing sf for chromosome 'chr15'...
2021-12-30 04:06:37,877 - root - DEBUG - m=0, n=50
2021-12-30 04:06:37,878 - root - DEBUG - Started computing sf for chromosome 'chr16'...
2021-12-30 04:06:37,879 - root - DEBUG - m=0, n=46
2021-12-30 04:06:37,880 - root - DEBUG - Started computing sf for chromosome 'chr17'...
2021-12-30 04:06:37,881 - root - DEBUG - m=29, n=59
2021-12-30 04:06:37,900 - root - DEBUG - Processing 10-th line out of 29 rows of DP table...
2021-12-30 04:06:37,913 - root - DEBUG - Processing 20-th line out of 29 rows of DP table...
2021-12-30 04:06:37,919 - root - DEBUG - Started computing sf for chromosome 'chr18'...
2021-12-30 04:06:37,920 - root - DEBUG - m=0, n=29
2021-12-30 04:06:37,921 - root - DEBUG - Started computing sf for chromosome 'chr19'...
2021-12-30 04:06:37,922 - root - DEBUG - m=24, n=47
2021-12-30 04:06:37,937 - root - DEBUG - Processing 10-th line out of 24 rows of DP table...
2021-12-30 04:06:37,947 - root - DEBUG - Processing 20-th line out of 24 rows of DP table...
2021-12-30 04:06:37,949 - root - DEBUG - Started computing sf for chromosome 'chr20'...
2021-12-30 04:06:37,950 - root - DEBUG - m=0, n=22
2021-12-30 04:06:37,950 - root - DEBUG - Started computing sf for chromosome 'chr21'...
2021-12-30 04:06:37,951 - root - DEBUG - m=0, n=11
2021-12-30 04:06:37,952 - root - DEBUG - Started computing sf for chromosome 'chr22'...
2021-12-30 04:06:37,952 - root - DEBUG - m=0, n=28
2021-12-30 04:06:37,953 - root - DEBUG - Started computing sf for chromosome 'chrX'...
2021-12-30 04:06:37,954 - root - DEBUG - m=0, n=46
2021-12-30 04:06:37,954 - root - DEBUG - Started computing sf for chromosome 'chrY'...
2021-12-30 04:06:37,955 - root - DEBUG - m=0, n=0
2021-12-30 04:06:37,956 - root - DEBUG - Started computing joint logprobs...
