2022-01-01 00:53:54,775 - root - INFO - Loading reference interval set from '../resources/zarrei2015-2/intervals/Cancer-gain.lex-smallest.cds.tsv'...
2022-01-01 00:53:54,775 - root - INFO - Loading query interval set from '../resources/zarrei2015-2/cnv_intervals/stringent.gain.tsv'...
2022-01-01 00:53:54,777 - root - INFO - Loading chromosome sizes from '../resources/experiment_original/iSTAT/data/hg19_chrom_sizes.txt'...
2022-01-01 00:53:54,779 - root - INFO - Number of reference intervals: 16 (16 before merging)
2022-01-01 00:53:54,779 - root - INFO - Number of query intervals: 1169 (1169 before merging)
2022-01-01 00:53:54,780 - root - INFO - Number of chromosomes: 24
2022-01-01 00:53:54,782 - root - INFO - Overlap count: 0
2022-01-01 00:53:54,783 - root - DEBUG - Started computing sf for chromosome 'chr1'...
2022-01-01 00:53:54,783 - root - DEBUG - m=3, n=92
2022-01-01 00:53:54,784 - root - DEBUG - Started computing sf for chromosome 'chr2'...
2022-01-01 00:53:54,785 - root - DEBUG - m=3, n=96
2022-01-01 00:53:54,786 - root - DEBUG - Started computing sf for chromosome 'chr3'...
2022-01-01 00:53:54,787 - root - DEBUG - m=2, n=49
2022-01-01 00:53:54,789 - root - DEBUG - Started computing sf for chromosome 'chr4'...
2022-01-01 00:53:54,789 - root - DEBUG - m=0, n=68
2022-01-01 00:53:54,790 - root - DEBUG - Started computing sf for chromosome 'chr5'...
2022-01-01 00:53:54,791 - root - DEBUG - m=0, n=61
2022-01-01 00:53:54,792 - root - DEBUG - Started computing sf for chromosome 'chr6'...
2022-01-01 00:53:54,792 - root - DEBUG - m=0, n=46
2022-01-01 00:53:54,793 - root - DEBUG - Started computing sf for chromosome 'chr7'...
2022-01-01 00:53:54,793 - root - DEBUG - m=1, n=89
2022-01-01 00:53:54,794 - root - DEBUG - Started computing sf for chromosome 'chr8'...
2022-01-01 00:53:54,795 - root - DEBUG - m=1, n=59
2022-01-01 00:53:54,796 - root - DEBUG - Started computing sf for chromosome 'chr9'...
2022-01-01 00:53:54,796 - root - DEBUG - m=0, n=62
2022-01-01 00:53:54,797 - root - DEBUG - Started computing sf for chromosome 'chr10'...
2022-01-01 00:53:54,798 - root - DEBUG - m=0, n=45
2022-01-01 00:53:54,798 - root - DEBUG - Started computing sf for chromosome 'chr11'...
2022-01-01 00:53:54,799 - root - DEBUG - m=1, n=63
2022-01-01 00:53:54,800 - root - DEBUG - Started computing sf for chromosome 'chr12'...
2022-01-01 00:53:54,800 - root - DEBUG - m=1, n=38
2022-01-01 00:53:54,801 - root - DEBUG - Started computing sf for chromosome 'chr13'...
2022-01-01 00:53:54,802 - root - DEBUG - m=0, n=32
2022-01-01 00:53:54,803 - root - DEBUG - Started computing sf for chromosome 'chr14'...
2022-01-01 00:53:54,803 - root - DEBUG - m=1, n=31
2022-01-01 00:53:54,804 - root - DEBUG - Started computing sf for chromosome 'chr15'...
2022-01-01 00:53:54,805 - root - DEBUG - m=0, n=50
2022-01-01 00:53:54,806 - root - DEBUG - Started computing sf for chromosome 'chr16'...
2022-01-01 00:53:54,806 - root - DEBUG - m=0, n=46
2022-01-01 00:53:54,807 - root - DEBUG - Started computing sf for chromosome 'chr17'...
2022-01-01 00:53:54,808 - root - DEBUG - m=1, n=59
2022-01-01 00:53:54,809 - root - DEBUG - Started computing sf for chromosome 'chr18'...
2022-01-01 00:53:54,810 - root - DEBUG - m=0, n=29
2022-01-01 00:53:54,810 - root - DEBUG - Started computing sf for chromosome 'chr19'...
2022-01-01 00:53:54,811 - root - DEBUG - m=2, n=47
2022-01-01 00:53:54,812 - root - DEBUG - Started computing sf for chromosome 'chr20'...
2022-01-01 00:53:54,813 - root - DEBUG - m=0, n=22
2022-01-01 00:53:54,813 - root - DEBUG - Started computing sf for chromosome 'chr21'...
2022-01-01 00:53:54,814 - root - DEBUG - m=0, n=11
2022-01-01 00:53:54,815 - root - DEBUG - Started computing sf for chromosome 'chr22'...
2022-01-01 00:53:54,816 - root - DEBUG - m=0, n=28
2022-01-01 00:53:54,817 - root - DEBUG - Started computing sf for chromosome 'chrX'...
2022-01-01 00:53:54,817 - root - DEBUG - m=0, n=46
2022-01-01 00:53:54,818 - root - DEBUG - Started computing sf for chromosome 'chrY'...
2022-01-01 00:53:54,819 - root - DEBUG - m=0, n=0
2022-01-01 00:53:54,829 - root - DEBUG - Started computing joint logprobs...
