2021-12-30 05:35:19,900 - root - INFO - Loading reference interval set from '../resources/zarrei2015-2/intervals/Cancer-gain.lex-smallest.intron.tsv'...
2021-12-30 05:35:19,901 - root - INFO - Loading query interval set from '../resources/zarrei2015-2/cnv_intervals/inclusive.gain.tsv'...
2021-12-30 05:35:19,909 - root - INFO - Loading chromosome sizes from '../resources/experiment_original/iSTAT/data/hg19_chrom_sizes.txt'...
2021-12-30 05:35:19,914 - root - INFO - Number of reference intervals: 133 (133 before merging)
2021-12-30 05:35:19,915 - root - INFO - Number of query intervals: 3132 (3132 before merging)
2021-12-30 05:35:19,916 - root - INFO - Number of chromosomes: 24
2021-12-30 05:35:19,922 - root - INFO - Overlap count: 0
2021-12-30 05:35:19,923 - root - DEBUG - Started computing sf for chromosome 'chr1'...
2021-12-30 05:35:19,924 - root - DEBUG - m=10, n=244
2021-12-30 05:35:19,930 - root - DEBUG - Processing 10-th line out of 10 rows of DP table...
2021-12-30 05:35:19,932 - root - DEBUG - Started computing sf for chromosome 'chr2'...
2021-12-30 05:35:19,933 - root - DEBUG - m=20, n=249
2021-12-30 05:35:19,946 - root - DEBUG - Processing 10-th line out of 20 rows of DP table...
2021-12-30 05:35:19,953 - root - DEBUG - Processing 20-th line out of 20 rows of DP table...
2021-12-30 05:35:19,954 - root - DEBUG - Started computing sf for chromosome 'chr3'...
2021-12-30 05:35:19,956 - root - DEBUG - m=8, n=140
2021-12-30 05:35:19,960 - root - DEBUG - Started computing sf for chromosome 'chr4'...
2021-12-30 05:35:19,962 - root - DEBUG - m=0, n=184
2021-12-30 05:35:19,963 - root - DEBUG - Started computing sf for chromosome 'chr5'...
2021-12-30 05:35:19,964 - root - DEBUG - m=0, n=140
2021-12-30 05:35:19,965 - root - DEBUG - Started computing sf for chromosome 'chr6'...
2021-12-30 05:35:19,967 - root - DEBUG - m=0, n=141
2021-12-30 05:35:19,968 - root - DEBUG - Started computing sf for chromosome 'chr7'...
2021-12-30 05:35:19,970 - root - DEBUG - m=25, n=208
2021-12-30 05:35:19,986 - root - DEBUG - Processing 10-th line out of 25 rows of DP table...
2021-12-30 05:35:19,996 - root - DEBUG - Processing 20-th line out of 25 rows of DP table...
2021-12-30 05:35:19,999 - root - DEBUG - Started computing sf for chromosome 'chr8'...
2021-12-30 05:35:20,001 - root - DEBUG - m=2, n=148
2021-12-30 05:35:20,003 - root - DEBUG - Started computing sf for chromosome 'chr9'...
2021-12-30 05:35:20,004 - root - DEBUG - m=0, n=187
2021-12-30 05:35:20,005 - root - DEBUG - Started computing sf for chromosome 'chr10'...
2021-12-30 05:35:20,007 - root - DEBUG - m=0, n=158
2021-12-30 05:35:20,008 - root - DEBUG - Started computing sf for chromosome 'chr11'...
2021-12-30 05:35:20,009 - root - DEBUG - m=3, n=145
2021-12-30 05:35:20,011 - root - DEBUG - Started computing sf for chromosome 'chr12'...
2021-12-30 05:35:20,012 - root - DEBUG - m=10, n=141
2021-12-30 05:35:20,017 - root - DEBUG - Processing 10-th line out of 10 rows of DP table...
2021-12-30 05:35:20,018 - root - DEBUG - Started computing sf for chromosome 'chr13'...
2021-12-30 05:35:20,019 - root - DEBUG - m=0, n=99
2021-12-30 05:35:20,019 - root - DEBUG - Started computing sf for chromosome 'chr14'...
2021-12-30 05:35:20,020 - root - DEBUG - m=2, n=90
2021-12-30 05:35:20,022 - root - DEBUG - Started computing sf for chromosome 'chr15'...
2021-12-30 05:35:20,023 - root - DEBUG - m=0, n=94
2021-12-30 05:35:20,023 - root - DEBUG - Started computing sf for chromosome 'chr16'...
2021-12-30 05:35:20,024 - root - DEBUG - m=0, n=123
2021-12-30 05:35:20,025 - root - DEBUG - Started computing sf for chromosome 'chr17'...
2021-12-30 05:35:20,026 - root - DEBUG - m=29, n=142
2021-12-30 05:35:20,045 - root - DEBUG - Processing 10-th line out of 29 rows of DP table...
2021-12-30 05:35:20,057 - root - DEBUG - Processing 20-th line out of 29 rows of DP table...
2021-12-30 05:35:20,063 - root - DEBUG - Started computing sf for chromosome 'chr18'...
2021-12-30 05:35:20,064 - root - DEBUG - m=0, n=75
2021-12-30 05:35:20,064 - root - DEBUG - Started computing sf for chromosome 'chr19'...
2021-12-30 05:35:20,065 - root - DEBUG - m=24, n=110
2021-12-30 05:35:20,077 - root - DEBUG - Processing 10-th line out of 24 rows of DP table...
2021-12-30 05:35:20,082 - root - DEBUG - Processing 20-th line out of 24 rows of DP table...
2021-12-30 05:35:20,083 - root - DEBUG - Started computing sf for chromosome 'chr20'...
2021-12-30 05:35:20,084 - root - DEBUG - m=0, n=74
2021-12-30 05:35:20,084 - root - DEBUG - Started computing sf for chromosome 'chr21'...
2021-12-30 05:35:20,085 - root - DEBUG - m=0, n=28
2021-12-30 05:35:20,086 - root - DEBUG - Started computing sf for chromosome 'chr22'...
2021-12-30 05:35:20,087 - root - DEBUG - m=0, n=66
2021-12-30 05:35:20,087 - root - DEBUG - Started computing sf for chromosome 'chrX'...
2021-12-30 05:35:20,088 - root - DEBUG - m=0, n=129
2021-12-30 05:35:20,088 - root - DEBUG - Started computing sf for chromosome 'chrY'...
2021-12-30 05:35:20,089 - root - DEBUG - m=0, n=17
2021-12-30 05:35:20,090 - root - DEBUG - Started computing joint logprobs...
