2022-01-01 00:49:45,313 - root - INFO - Loading reference interval set from '../resources/zarrei2015-2/intervals/Cancer-loss.all.intron.tsv'...
2022-01-01 00:49:45,350 - root - INFO - Loading query interval set from '../resources/zarrei2015-2/cnv_intervals/stringent.both.tsv'...
2022-01-01 00:49:45,362 - root - INFO - Loading chromosome sizes from '../resources/experiment_original/iSTAT/data/hg19_chrom_sizes.txt'...
2022-01-01 00:49:45,385 - root - INFO - Number of reference intervals: 6864 (34786 before merging)
2022-01-01 00:49:45,387 - root - INFO - Number of query intervals: 11732 (11732 before merging)
2022-01-01 00:49:45,388 - root - INFO - Number of chromosomes: 24
2022-01-01 00:49:45,403 - root - INFO - Overlap count: 309
2022-01-01 00:49:45,404 - root - DEBUG - Started computing sf for chromosome 'chr1'...
2022-01-01 00:49:45,406 - root - DEBUG - m=694, n=814
2022-01-01 00:49:45,671 - root - DEBUG - Processing 10-th line out of 694 rows of DP table...
2022-01-01 00:49:45,908 - root - DEBUG - Processing 20-th line out of 694 rows of DP table...
2022-01-01 00:49:46,143 - root - DEBUG - Processing 30-th line out of 694 rows of DP table...
2022-01-01 00:49:46,375 - root - DEBUG - Processing 40-th line out of 694 rows of DP table...
2022-01-01 00:49:46,605 - root - DEBUG - Processing 50-th line out of 694 rows of DP table...
2022-01-01 00:49:46,830 - root - DEBUG - Processing 60-th line out of 694 rows of DP table...
2022-01-01 00:49:47,087 - root - DEBUG - Processing 70-th line out of 694 rows of DP table...
2022-01-01 00:49:47,304 - root - DEBUG - Processing 80-th line out of 694 rows of DP table...
2022-01-01 00:49:47,557 - root - DEBUG - Processing 90-th line out of 694 rows of DP table...
2022-01-01 00:49:47,768 - root - DEBUG - Processing 100-th line out of 694 rows of DP table...
2022-01-01 00:49:47,992 - root - DEBUG - Processing 110-th line out of 694 rows of DP table...
2022-01-01 00:49:48,196 - root - DEBUG - Processing 120-th line out of 694 rows of DP table...
2022-01-01 00:49:48,396 - root - DEBUG - Processing 130-th line out of 694 rows of DP table...
2022-01-01 00:49:48,594 - root - DEBUG - Processing 140-th line out of 694 rows of DP table...
2022-01-01 00:49:48,831 - root - DEBUG - Processing 150-th line out of 694 rows of DP table...
2022-01-01 00:49:49,092 - root - DEBUG - Processing 160-th line out of 694 rows of DP table...
2022-01-01 00:49:49,303 - root - DEBUG - Processing 170-th line out of 694 rows of DP table...
2022-01-01 00:49:49,485 - root - DEBUG - Processing 180-th line out of 694 rows of DP table...
2022-01-01 00:49:49,670 - root - DEBUG - Processing 190-th line out of 694 rows of DP table...
2022-01-01 00:49:49,849 - root - DEBUG - Processing 200-th line out of 694 rows of DP table...
2022-01-01 00:49:50,022 - root - DEBUG - Processing 210-th line out of 694 rows of DP table...
2022-01-01 00:49:50,191 - root - DEBUG - Processing 220-th line out of 694 rows of DP table...
2022-01-01 00:49:50,357 - root - DEBUG - Processing 230-th line out of 694 rows of DP table...
2022-01-01 00:49:50,518 - root - DEBUG - Processing 240-th line out of 694 rows of DP table...
2022-01-01 00:49:50,677 - root - DEBUG - Processing 250-th line out of 694 rows of DP table...
2022-01-01 00:49:50,833 - root - DEBUG - Processing 260-th line out of 694 rows of DP table...
2022-01-01 00:49:50,988 - root - DEBUG - Processing 270-th line out of 694 rows of DP table...
2022-01-01 00:49:51,169 - root - DEBUG - Processing 280-th line out of 694 rows of DP table...
2022-01-01 00:49:51,314 - root - DEBUG - Processing 290-th line out of 694 rows of DP table...
2022-01-01 00:49:51,455 - root - DEBUG - Processing 300-th line out of 694 rows of DP table...
2022-01-01 00:49:51,610 - root - DEBUG - Processing 310-th line out of 694 rows of DP table...
2022-01-01 00:49:51,840 - root - DEBUG - Processing 320-th line out of 694 rows of DP table...
2022-01-01 00:49:52,041 - root - DEBUG - Processing 330-th line out of 694 rows of DP table...
2022-01-01 00:49:52,170 - root - DEBUG - Processing 340-th line out of 694 rows of DP table...
2022-01-01 00:49:52,321 - root - DEBUG - Processing 350-th line out of 694 rows of DP table...
2022-01-01 00:49:52,443 - root - DEBUG - Processing 360-th line out of 694 rows of DP table...
2022-01-01 00:49:52,561 - root - DEBUG - Processing 370-th line out of 694 rows of DP table...
2022-01-01 00:49:52,693 - root - DEBUG - Processing 380-th line out of 694 rows of DP table...
2022-01-01 00:49:52,805 - root - DEBUG - Processing 390-th line out of 694 rows of DP table...
2022-01-01 00:49:52,913 - root - DEBUG - Processing 400-th line out of 694 rows of DP table...
2022-01-01 00:49:53,017 - root - DEBUG - Processing 410-th line out of 694 rows of DP table...
2022-01-01 00:49:53,117 - root - DEBUG - Processing 420-th line out of 694 rows of DP table...
2022-01-01 00:49:53,214 - root - DEBUG - Processing 430-th line out of 694 rows of DP table...
2022-01-01 00:49:53,309 - root - DEBUG - Processing 440-th line out of 694 rows of DP table...
2022-01-01 00:49:53,400 - root - DEBUG - Processing 450-th line out of 694 rows of DP table...
2022-01-01 00:49:53,487 - root - DEBUG - Processing 460-th line out of 694 rows of DP table...
2022-01-01 00:49:53,570 - root - DEBUG - Processing 470-th line out of 694 rows of DP table...
2022-01-01 00:49:53,650 - root - DEBUG - Processing 480-th line out of 694 rows of DP table...
2022-01-01 00:49:53,728 - root - DEBUG - Processing 490-th line out of 694 rows of DP table...
2022-01-01 00:49:53,801 - root - DEBUG - Processing 500-th line out of 694 rows of DP table...
2022-01-01 00:49:53,871 - root - DEBUG - Processing 510-th line out of 694 rows of DP table...
2022-01-01 00:49:53,938 - root - DEBUG - Processing 520-th line out of 694 rows of DP table...
2022-01-01 00:49:54,001 - root - DEBUG - Processing 530-th line out of 694 rows of DP table...
2022-01-01 00:49:54,061 - root - DEBUG - Processing 540-th line out of 694 rows of DP table...
2022-01-01 00:49:54,118 - root - DEBUG - Processing 550-th line out of 694 rows of DP table...
2022-01-01 00:49:54,215 - root - DEBUG - Processing 560-th line out of 694 rows of DP table...
2022-01-01 00:49:54,308 - root - DEBUG - Processing 570-th line out of 694 rows of DP table...
2022-01-01 00:49:54,378 - root - DEBUG - Processing 580-th line out of 694 rows of DP table...
2022-01-01 00:49:54,421 - root - DEBUG - Processing 590-th line out of 694 rows of DP table...
2022-01-01 00:49:54,496 - root - DEBUG - Processing 600-th line out of 694 rows of DP table...
2022-01-01 00:49:54,565 - root - DEBUG - Processing 610-th line out of 694 rows of DP table...
2022-01-01 00:49:54,629 - root - DEBUG - Processing 620-th line out of 694 rows of DP table...
2022-01-01 00:49:54,686 - root - DEBUG - Processing 630-th line out of 694 rows of DP table...
2022-01-01 00:49:54,719 - root - DEBUG - Processing 640-th line out of 694 rows of DP table...
2022-01-01 00:49:54,741 - root - DEBUG - Processing 650-th line out of 694 rows of DP table...
2022-01-01 00:49:54,758 - root - DEBUG - Processing 660-th line out of 694 rows of DP table...
2022-01-01 00:49:54,773 - root - DEBUG - Processing 670-th line out of 694 rows of DP table...
2022-01-01 00:49:54,784 - root - DEBUG - Processing 680-th line out of 694 rows of DP table...
2022-01-01 00:49:54,792 - root - DEBUG - Processing 690-th line out of 694 rows of DP table...
2022-01-01 00:49:54,798 - root - DEBUG - Started computing sf for chromosome 'chr2'...
2022-01-01 00:49:54,800 - root - DEBUG - m=363, n=918
2022-01-01 00:49:54,919 - root - DEBUG - Processing 10-th line out of 363 rows of DP table...
2022-01-01 00:49:55,042 - root - DEBUG - Processing 20-th line out of 363 rows of DP table...
2022-01-01 00:49:55,161 - root - DEBUG - Processing 30-th line out of 363 rows of DP table...
2022-01-01 00:49:55,278 - root - DEBUG - Processing 40-th line out of 363 rows of DP table...
2022-01-01 00:49:55,392 - root - DEBUG - Processing 50-th line out of 363 rows of DP table...
2022-01-01 00:49:55,500 - root - DEBUG - Processing 60-th line out of 363 rows of DP table...
2022-01-01 00:49:55,606 - root - DEBUG - Processing 70-th line out of 363 rows of DP table...
2022-01-01 00:49:55,709 - root - DEBUG - Processing 80-th line out of 363 rows of DP table...
2022-01-01 00:49:55,807 - root - DEBUG - Processing 90-th line out of 363 rows of DP table...
2022-01-01 00:49:55,903 - root - DEBUG - Processing 100-th line out of 363 rows of DP table...
2022-01-01 00:49:55,994 - root - DEBUG - Processing 110-th line out of 363 rows of DP table...
2022-01-01 00:49:56,083 - root - DEBUG - Processing 120-th line out of 363 rows of DP table...
2022-01-01 00:49:56,168 - root - DEBUG - Processing 130-th line out of 363 rows of DP table...
2022-01-01 00:49:56,249 - root - DEBUG - Processing 140-th line out of 363 rows of DP table...
2022-01-01 00:49:56,328 - root - DEBUG - Processing 150-th line out of 363 rows of DP table...
2022-01-01 00:49:56,402 - root - DEBUG - Processing 160-th line out of 363 rows of DP table...
2022-01-01 00:49:56,473 - root - DEBUG - Processing 170-th line out of 363 rows of DP table...
2022-01-01 00:49:56,543 - root - DEBUG - Processing 180-th line out of 363 rows of DP table...
2022-01-01 00:49:56,607 - root - DEBUG - Processing 190-th line out of 363 rows of DP table...
2022-01-01 00:49:56,668 - root - DEBUG - Processing 200-th line out of 363 rows of DP table...
2022-01-01 00:49:56,725 - root - DEBUG - Processing 210-th line out of 363 rows of DP table...
2022-01-01 00:49:56,778 - root - DEBUG - Processing 220-th line out of 363 rows of DP table...
2022-01-01 00:49:56,828 - root - DEBUG - Processing 230-th line out of 363 rows of DP table...
2022-01-01 00:49:56,875 - root - DEBUG - Processing 240-th line out of 363 rows of DP table...
2022-01-01 00:49:56,919 - root - DEBUG - Processing 250-th line out of 363 rows of DP table...
2022-01-01 00:49:56,959 - root - DEBUG - Processing 260-th line out of 363 rows of DP table...
2022-01-01 00:49:56,995 - root - DEBUG - Processing 270-th line out of 363 rows of DP table...
2022-01-01 00:49:57,029 - root - DEBUG - Processing 280-th line out of 363 rows of DP table...
2022-01-01 00:49:57,059 - root - DEBUG - Processing 290-th line out of 363 rows of DP table...
2022-01-01 00:49:57,085 - root - DEBUG - Processing 300-th line out of 363 rows of DP table...
2022-01-01 00:49:57,113 - root - DEBUG - Processing 310-th line out of 363 rows of DP table...
2022-01-01 00:49:57,150 - root - DEBUG - Processing 320-th line out of 363 rows of DP table...
2022-01-01 00:49:57,181 - root - DEBUG - Processing 330-th line out of 363 rows of DP table...
2022-01-01 00:49:57,205 - root - DEBUG - Processing 340-th line out of 363 rows of DP table...
2022-01-01 00:49:57,222 - root - DEBUG - Processing 350-th line out of 363 rows of DP table...
2022-01-01 00:49:57,232 - root - DEBUG - Processing 360-th line out of 363 rows of DP table...
2022-01-01 00:49:57,239 - root - DEBUG - Started computing sf for chromosome 'chr3'...
2022-01-01 00:49:57,242 - root - DEBUG - m=487, n=685
2022-01-01 00:49:57,546 - root - DEBUG - Processing 10-th line out of 487 rows of DP table...
2022-01-01 00:49:57,775 - root - DEBUG - Processing 20-th line out of 487 rows of DP table...
2022-01-01 00:49:57,978 - root - DEBUG - Processing 30-th line out of 487 rows of DP table...
2022-01-01 00:49:58,139 - root - DEBUG - Processing 40-th line out of 487 rows of DP table...
2022-01-01 00:49:58,297 - root - DEBUG - Processing 50-th line out of 487 rows of DP table...
2022-01-01 00:49:58,469 - root - DEBUG - Processing 60-th line out of 487 rows of DP table...
2022-01-01 00:49:58,620 - root - DEBUG - Processing 70-th line out of 487 rows of DP table...
2022-01-01 00:49:58,807 - root - DEBUG - Processing 80-th line out of 487 rows of DP table...
2022-01-01 00:49:58,951 - root - DEBUG - Processing 90-th line out of 487 rows of DP table...
2022-01-01 00:49:59,093 - root - DEBUG - Processing 100-th line out of 487 rows of DP table...
2022-01-01 00:49:59,230 - root - DEBUG - Processing 110-th line out of 487 rows of DP table...
2022-01-01 00:49:59,364 - root - DEBUG - Processing 120-th line out of 487 rows of DP table...
2022-01-01 00:49:59,606 - root - DEBUG - Processing 130-th line out of 487 rows of DP table...
2022-01-01 00:49:59,853 - root - DEBUG - Processing 140-th line out of 487 rows of DP table...
2022-01-01 00:50:00,094 - root - DEBUG - Processing 150-th line out of 487 rows of DP table...
2022-01-01 00:50:00,324 - root - DEBUG - Processing 160-th line out of 487 rows of DP table...
2022-01-01 00:50:00,551 - root - DEBUG - Processing 170-th line out of 487 rows of DP table...
2022-01-01 00:50:00,769 - root - DEBUG - Processing 180-th line out of 487 rows of DP table...
2022-01-01 00:50:00,985 - root - DEBUG - Processing 190-th line out of 487 rows of DP table...
2022-01-01 00:50:01,153 - root - DEBUG - Processing 200-th line out of 487 rows of DP table...
2022-01-01 00:50:01,352 - root - DEBUG - Processing 210-th line out of 487 rows of DP table...
2022-01-01 00:50:01,545 - root - DEBUG - Processing 220-th line out of 487 rows of DP table...
2022-01-01 00:50:01,732 - root - DEBUG - Processing 230-th line out of 487 rows of DP table...
2022-01-01 00:50:01,860 - root - DEBUG - Processing 240-th line out of 487 rows of DP table...
2022-01-01 00:50:01,968 - root - DEBUG - Processing 250-th line out of 487 rows of DP table...
2022-01-01 00:50:02,053 - root - DEBUG - Processing 260-th line out of 487 rows of DP table...
2022-01-01 00:50:02,134 - root - DEBUG - Processing 270-th line out of 487 rows of DP table...
2022-01-01 00:50:02,211 - root - DEBUG - Processing 280-th line out of 487 rows of DP table...
2022-01-01 00:50:02,286 - root - DEBUG - Processing 290-th line out of 487 rows of DP table...
2022-01-01 00:50:02,356 - root - DEBUG - Processing 300-th line out of 487 rows of DP table...
2022-01-01 00:50:02,690 - root - DEBUG - Processing 310-th line out of 487 rows of DP table...
2022-01-01 00:50:02,836 - root - DEBUG - Processing 320-th line out of 487 rows of DP table...
2022-01-01 00:50:02,896 - root - DEBUG - Processing 330-th line out of 487 rows of DP table...
2022-01-01 00:50:02,952 - root - DEBUG - Processing 340-th line out of 487 rows of DP table...
2022-01-01 00:50:03,005 - root - DEBUG - Processing 350-th line out of 487 rows of DP table...
2022-01-01 00:50:03,055 - root - DEBUG - Processing 360-th line out of 487 rows of DP table...
2022-01-01 00:50:03,102 - root - DEBUG - Processing 370-th line out of 487 rows of DP table...
2022-01-01 00:50:03,144 - root - DEBUG - Processing 380-th line out of 487 rows of DP table...
2022-01-01 00:50:03,213 - root - DEBUG - Processing 390-th line out of 487 rows of DP table...
2022-01-01 00:50:03,291 - root - DEBUG - Processing 400-th line out of 487 rows of DP table...
2022-01-01 00:50:03,351 - root - DEBUG - Processing 410-th line out of 487 rows of DP table...
2022-01-01 00:50:03,407 - root - DEBUG - Processing 420-th line out of 487 rows of DP table...
2022-01-01 00:50:03,436 - root - DEBUG - Processing 430-th line out of 487 rows of DP table...
2022-01-01 00:50:03,459 - root - DEBUG - Processing 440-th line out of 487 rows of DP table...
2022-01-01 00:50:03,477 - root - DEBUG - Processing 450-th line out of 487 rows of DP table...
2022-01-01 00:50:03,492 - root - DEBUG - Processing 460-th line out of 487 rows of DP table...
2022-01-01 00:50:03,504 - root - DEBUG - Processing 470-th line out of 487 rows of DP table...
2022-01-01 00:50:03,513 - root - DEBUG - Processing 480-th line out of 487 rows of DP table...
2022-01-01 00:50:03,519 - root - DEBUG - Started computing sf for chromosome 'chr4'...
2022-01-01 00:50:03,522 - root - DEBUG - m=197, n=864
2022-01-01 00:50:03,587 - root - DEBUG - Processing 10-th line out of 197 rows of DP table...
2022-01-01 00:50:03,652 - root - DEBUG - Processing 20-th line out of 197 rows of DP table...
2022-01-01 00:50:03,715 - root - DEBUG - Processing 30-th line out of 197 rows of DP table...
2022-01-01 00:50:03,773 - root - DEBUG - Processing 40-th line out of 197 rows of DP table...
2022-01-01 00:50:03,828 - root - DEBUG - Processing 50-th line out of 197 rows of DP table...
2022-01-01 00:50:03,879 - root - DEBUG - Processing 60-th line out of 197 rows of DP table...
2022-01-01 00:50:03,927 - root - DEBUG - Processing 70-th line out of 197 rows of DP table...
2022-01-01 00:50:03,971 - root - DEBUG - Processing 80-th line out of 197 rows of DP table...
2022-01-01 00:50:04,012 - root - DEBUG - Processing 90-th line out of 197 rows of DP table...
2022-01-01 00:50:04,050 - root - DEBUG - Processing 100-th line out of 197 rows of DP table...
2022-01-01 00:50:04,084 - root - DEBUG - Processing 110-th line out of 197 rows of DP table...
2022-01-01 00:50:04,115 - root - DEBUG - Processing 120-th line out of 197 rows of DP table...
2022-01-01 00:50:04,142 - root - DEBUG - Processing 130-th line out of 197 rows of DP table...
2022-01-01 00:50:04,167 - root - DEBUG - Processing 140-th line out of 197 rows of DP table...
2022-01-01 00:50:04,187 - root - DEBUG - Processing 150-th line out of 197 rows of DP table...
2022-01-01 00:50:04,204 - root - DEBUG - Processing 160-th line out of 197 rows of DP table...
2022-01-01 00:50:04,217 - root - DEBUG - Processing 170-th line out of 197 rows of DP table...
2022-01-01 00:50:04,227 - root - DEBUG - Processing 180-th line out of 197 rows of DP table...
2022-01-01 00:50:04,234 - root - DEBUG - Processing 190-th line out of 197 rows of DP table...
2022-01-01 00:50:04,238 - root - DEBUG - Started computing sf for chromosome 'chr5'...
2022-01-01 00:50:04,240 - root - DEBUG - m=257, n=689
2022-01-01 00:50:04,325 - root - DEBUG - Processing 10-th line out of 257 rows of DP table...
2022-01-01 00:50:04,413 - root - DEBUG - Processing 20-th line out of 257 rows of DP table...
2022-01-01 00:50:04,497 - root - DEBUG - Processing 30-th line out of 257 rows of DP table...
2022-01-01 00:50:04,578 - root - DEBUG - Processing 40-th line out of 257 rows of DP table...
2022-01-01 00:50:04,659 - root - DEBUG - Processing 50-th line out of 257 rows of DP table...
2022-01-01 00:50:04,740 - root - DEBUG - Processing 60-th line out of 257 rows of DP table...
2022-01-01 00:50:04,810 - root - DEBUG - Processing 70-th line out of 257 rows of DP table...
2022-01-01 00:50:04,876 - root - DEBUG - Processing 80-th line out of 257 rows of DP table...
2022-01-01 00:50:04,939 - root - DEBUG - Processing 90-th line out of 257 rows of DP table...
2022-01-01 00:50:05,001 - root - DEBUG - Processing 100-th line out of 257 rows of DP table...
2022-01-01 00:50:05,057 - root - DEBUG - Processing 110-th line out of 257 rows of DP table...
2022-01-01 00:50:05,110 - root - DEBUG - Processing 120-th line out of 257 rows of DP table...
2022-01-01 00:50:05,159 - root - DEBUG - Processing 130-th line out of 257 rows of DP table...
2022-01-01 00:50:05,204 - root - DEBUG - Processing 140-th line out of 257 rows of DP table...
2022-01-01 00:50:05,287 - root - DEBUG - Processing 150-th line out of 257 rows of DP table...
2022-01-01 00:50:05,360 - root - DEBUG - Processing 160-th line out of 257 rows of DP table...
2022-01-01 00:50:05,428 - root - DEBUG - Processing 170-th line out of 257 rows of DP table...
2022-01-01 00:50:05,484 - root - DEBUG - Processing 180-th line out of 257 rows of DP table...
2022-01-01 00:50:05,514 - root - DEBUG - Processing 190-th line out of 257 rows of DP table...
2022-01-01 00:50:05,538 - root - DEBUG - Processing 200-th line out of 257 rows of DP table...
2022-01-01 00:50:05,559 - root - DEBUG - Processing 210-th line out of 257 rows of DP table...
2022-01-01 00:50:05,577 - root - DEBUG - Processing 220-th line out of 257 rows of DP table...
2022-01-01 00:50:05,591 - root - DEBUG - Processing 230-th line out of 257 rows of DP table...
2022-01-01 00:50:05,601 - root - DEBUG - Processing 240-th line out of 257 rows of DP table...
2022-01-01 00:50:05,612 - root - DEBUG - Processing 250-th line out of 257 rows of DP table...
2022-01-01 00:50:05,617 - root - DEBUG - Started computing sf for chromosome 'chr6'...
2022-01-01 00:50:05,620 - root - DEBUG - m=237, n=716
2022-01-01 00:50:05,699 - root - DEBUG - Processing 10-th line out of 237 rows of DP table...
2022-01-01 00:50:05,780 - root - DEBUG - Processing 20-th line out of 237 rows of DP table...
2022-01-01 00:50:05,857 - root - DEBUG - Processing 30-th line out of 237 rows of DP table...
2022-01-01 00:50:05,930 - root - DEBUG - Processing 40-th line out of 237 rows of DP table...
2022-01-01 00:50:06,001 - root - DEBUG - Processing 50-th line out of 237 rows of DP table...
2022-01-01 00:50:06,067 - root - DEBUG - Processing 60-th line out of 237 rows of DP table...
2022-01-01 00:50:06,132 - root - DEBUG - Processing 70-th line out of 237 rows of DP table...
2022-01-01 00:50:06,192 - root - DEBUG - Processing 80-th line out of 237 rows of DP table...
2022-01-01 00:50:06,323 - root - DEBUG - Processing 90-th line out of 237 rows of DP table...
2022-01-01 00:50:06,446 - root - DEBUG - Processing 100-th line out of 237 rows of DP table...
2022-01-01 00:50:06,561 - root - DEBUG - Processing 110-th line out of 237 rows of DP table...
2022-01-01 00:50:06,638 - root - DEBUG - Processing 120-th line out of 237 rows of DP table...
2022-01-01 00:50:06,681 - root - DEBUG - Processing 130-th line out of 237 rows of DP table...
2022-01-01 00:50:06,719 - root - DEBUG - Processing 140-th line out of 237 rows of DP table...
2022-01-01 00:50:06,754 - root - DEBUG - Processing 150-th line out of 237 rows of DP table...
2022-01-01 00:50:06,786 - root - DEBUG - Processing 160-th line out of 237 rows of DP table...
2022-01-01 00:50:06,814 - root - DEBUG - Processing 170-th line out of 237 rows of DP table...
2022-01-01 00:50:06,839 - root - DEBUG - Processing 180-th line out of 237 rows of DP table...
2022-01-01 00:50:06,860 - root - DEBUG - Processing 190-th line out of 237 rows of DP table...
2022-01-01 00:50:06,878 - root - DEBUG - Processing 200-th line out of 237 rows of DP table...
2022-01-01 00:50:06,891 - root - DEBUG - Processing 210-th line out of 237 rows of DP table...
2022-01-01 00:50:06,917 - root - DEBUG - Processing 220-th line out of 237 rows of DP table...
2022-01-01 00:50:06,924 - root - DEBUG - Processing 230-th line out of 237 rows of DP table...
2022-01-01 00:50:06,928 - root - DEBUG - Started computing sf for chromosome 'chr7'...
2022-01-01 00:50:06,930 - root - DEBUG - m=467, n=738
2022-01-01 00:50:07,084 - root - DEBUG - Processing 10-th line out of 467 rows of DP table...
2022-01-01 00:50:07,243 - root - DEBUG - Processing 20-th line out of 467 rows of DP table...
2022-01-01 00:50:07,413 - root - DEBUG - Processing 30-th line out of 467 rows of DP table...
2022-01-01 00:50:07,571 - root - DEBUG - Processing 40-th line out of 467 rows of DP table...
2022-01-01 00:50:07,721 - root - DEBUG - Processing 50-th line out of 467 rows of DP table...
2022-01-01 00:50:07,867 - root - DEBUG - Processing 60-th line out of 467 rows of DP table...
2022-01-01 00:50:08,009 - root - DEBUG - Processing 70-th line out of 467 rows of DP table...
2022-01-01 00:50:08,149 - root - DEBUG - Processing 80-th line out of 467 rows of DP table...
2022-01-01 00:50:08,284 - root - DEBUG - Processing 90-th line out of 467 rows of DP table...
2022-01-01 00:50:08,416 - root - DEBUG - Processing 100-th line out of 467 rows of DP table...
2022-01-01 00:50:08,545 - root - DEBUG - Processing 110-th line out of 467 rows of DP table...
2022-01-01 00:50:08,670 - root - DEBUG - Processing 120-th line out of 467 rows of DP table...
2022-01-01 00:50:08,791 - root - DEBUG - Processing 130-th line out of 467 rows of DP table...
2022-01-01 00:50:08,909 - root - DEBUG - Processing 140-th line out of 467 rows of DP table...
2022-01-01 00:50:09,025 - root - DEBUG - Processing 150-th line out of 467 rows of DP table...
2022-01-01 00:50:09,136 - root - DEBUG - Processing 160-th line out of 467 rows of DP table...
2022-01-01 00:50:09,244 - root - DEBUG - Processing 170-th line out of 467 rows of DP table...
2022-01-01 00:50:09,348 - root - DEBUG - Processing 180-th line out of 467 rows of DP table...
2022-01-01 00:50:09,449 - root - DEBUG - Processing 190-th line out of 467 rows of DP table...
2022-01-01 00:50:09,546 - root - DEBUG - Processing 200-th line out of 467 rows of DP table...
2022-01-01 00:50:09,640 - root - DEBUG - Processing 210-th line out of 467 rows of DP table...
2022-01-01 00:50:09,731 - root - DEBUG - Processing 220-th line out of 467 rows of DP table...
2022-01-01 00:50:09,817 - root - DEBUG - Processing 230-th line out of 467 rows of DP table...
2022-01-01 00:50:09,902 - root - DEBUG - Processing 240-th line out of 467 rows of DP table...
2022-01-01 00:50:09,981 - root - DEBUG - Processing 250-th line out of 467 rows of DP table...
2022-01-01 00:50:10,058 - root - DEBUG - Processing 260-th line out of 467 rows of DP table...
2022-01-01 00:50:10,132 - root - DEBUG - Processing 270-th line out of 467 rows of DP table...
2022-01-01 00:50:10,201 - root - DEBUG - Processing 280-th line out of 467 rows of DP table...
2022-01-01 00:50:10,268 - root - DEBUG - Processing 290-th line out of 467 rows of DP table...
2022-01-01 00:50:10,331 - root - DEBUG - Processing 300-th line out of 467 rows of DP table...
2022-01-01 00:50:10,391 - root - DEBUG - Processing 310-th line out of 467 rows of DP table...
2022-01-01 00:50:10,447 - root - DEBUG - Processing 320-th line out of 467 rows of DP table...
2022-01-01 00:50:10,499 - root - DEBUG - Processing 330-th line out of 467 rows of DP table...
2022-01-01 00:50:10,548 - root - DEBUG - Processing 340-th line out of 467 rows of DP table...
2022-01-01 00:50:10,594 - root - DEBUG - Processing 350-th line out of 467 rows of DP table...
2022-01-01 00:50:10,639 - root - DEBUG - Processing 360-th line out of 467 rows of DP table...
2022-01-01 00:50:10,678 - root - DEBUG - Processing 370-th line out of 467 rows of DP table...
2022-01-01 00:50:10,713 - root - DEBUG - Processing 380-th line out of 467 rows of DP table...
2022-01-01 00:50:10,744 - root - DEBUG - Processing 390-th line out of 467 rows of DP table...
2022-01-01 00:50:10,772 - root - DEBUG - Processing 400-th line out of 467 rows of DP table...
2022-01-01 00:50:10,797 - root - DEBUG - Processing 410-th line out of 467 rows of DP table...
2022-01-01 00:50:10,819 - root - DEBUG - Processing 420-th line out of 467 rows of DP table...
2022-01-01 00:50:10,837 - root - DEBUG - Processing 430-th line out of 467 rows of DP table...
2022-01-01 00:50:10,852 - root - DEBUG - Processing 440-th line out of 467 rows of DP table...
2022-01-01 00:50:10,863 - root - DEBUG - Processing 450-th line out of 467 rows of DP table...
2022-01-01 00:50:10,870 - root - DEBUG - Processing 460-th line out of 467 rows of DP table...
2022-01-01 00:50:10,876 - root - DEBUG - Started computing sf for chromosome 'chr8'...
2022-01-01 00:50:10,878 - root - DEBUG - m=336, n=628
2022-01-01 00:50:10,989 - root - DEBUG - Processing 10-th line out of 336 rows of DP table...
2022-01-01 00:50:11,104 - root - DEBUG - Processing 20-th line out of 336 rows of DP table...
2022-01-01 00:50:11,215 - root - DEBUG - Processing 30-th line out of 336 rows of DP table...
2022-01-01 00:50:11,322 - root - DEBUG - Processing 40-th line out of 336 rows of DP table...
2022-01-01 00:50:11,427 - root - DEBUG - Processing 50-th line out of 336 rows of DP table...
2022-01-01 00:50:11,529 - root - DEBUG - Processing 60-th line out of 336 rows of DP table...
2022-01-01 00:50:11,626 - root - DEBUG - Processing 70-th line out of 336 rows of DP table...
2022-01-01 00:50:11,720 - root - DEBUG - Processing 80-th line out of 336 rows of DP table...
2022-01-01 00:50:11,810 - root - DEBUG - Processing 90-th line out of 336 rows of DP table...
2022-01-01 00:50:11,897 - root - DEBUG - Processing 100-th line out of 336 rows of DP table...
2022-01-01 00:50:11,981 - root - DEBUG - Processing 110-th line out of 336 rows of DP table...
2022-01-01 00:50:12,061 - root - DEBUG - Processing 120-th line out of 336 rows of DP table...
2022-01-01 00:50:12,137 - root - DEBUG - Processing 130-th line out of 336 rows of DP table...
2022-01-01 00:50:12,211 - root - DEBUG - Processing 140-th line out of 336 rows of DP table...
2022-01-01 00:50:12,280 - root - DEBUG - Processing 150-th line out of 336 rows of DP table...
2022-01-01 00:50:12,347 - root - DEBUG - Processing 160-th line out of 336 rows of DP table...
2022-01-01 00:50:12,409 - root - DEBUG - Processing 170-th line out of 336 rows of DP table...
2022-01-01 00:50:12,468 - root - DEBUG - Processing 180-th line out of 336 rows of DP table...
2022-01-01 00:50:12,524 - root - DEBUG - Processing 190-th line out of 336 rows of DP table...
2022-01-01 00:50:12,576 - root - DEBUG - Processing 200-th line out of 336 rows of DP table...
2022-01-01 00:50:12,625 - root - DEBUG - Processing 210-th line out of 336 rows of DP table...
2022-01-01 00:50:12,670 - root - DEBUG - Processing 220-th line out of 336 rows of DP table...
2022-01-01 00:50:12,711 - root - DEBUG - Processing 230-th line out of 336 rows of DP table...
2022-01-01 00:50:12,749 - root - DEBUG - Processing 240-th line out of 336 rows of DP table...
2022-01-01 00:50:12,784 - root - DEBUG - Processing 250-th line out of 336 rows of DP table...
2022-01-01 00:50:12,815 - root - DEBUG - Processing 260-th line out of 336 rows of DP table...
2022-01-01 00:50:12,843 - root - DEBUG - Processing 270-th line out of 336 rows of DP table...
2022-01-01 00:50:12,868 - root - DEBUG - Processing 280-th line out of 336 rows of DP table...
2022-01-01 00:50:12,889 - root - DEBUG - Processing 290-th line out of 336 rows of DP table...
2022-01-01 00:50:12,907 - root - DEBUG - Processing 300-th line out of 336 rows of DP table...
2022-01-01 00:50:12,921 - root - DEBUG - Processing 310-th line out of 336 rows of DP table...
2022-01-01 00:50:12,932 - root - DEBUG - Processing 320-th line out of 336 rows of DP table...
2022-01-01 00:50:12,939 - root - DEBUG - Processing 330-th line out of 336 rows of DP table...
2022-01-01 00:50:12,944 - root - DEBUG - Started computing sf for chromosome 'chr9'...
2022-01-01 00:50:12,946 - root - DEBUG - m=347, n=503
2022-01-01 00:50:13,060 - root - DEBUG - Processing 10-th line out of 347 rows of DP table...
2022-01-01 00:50:13,177 - root - DEBUG - Processing 20-th line out of 347 rows of DP table...
2022-01-01 00:50:13,292 - root - DEBUG - Processing 30-th line out of 347 rows of DP table...
2022-01-01 00:50:13,402 - root - DEBUG - Processing 40-th line out of 347 rows of DP table...
2022-01-01 00:50:13,510 - root - DEBUG - Processing 50-th line out of 347 rows of DP table...
2022-01-01 00:50:13,614 - root - DEBUG - Processing 60-th line out of 347 rows of DP table...
2022-01-01 00:50:13,714 - root - DEBUG - Processing 70-th line out of 347 rows of DP table...
2022-01-01 00:50:13,811 - root - DEBUG - Processing 80-th line out of 347 rows of DP table...
2022-01-01 00:50:13,905 - root - DEBUG - Processing 90-th line out of 347 rows of DP table...
2022-01-01 00:50:13,995 - root - DEBUG - Processing 100-th line out of 347 rows of DP table...
2022-01-01 00:50:14,082 - root - DEBUG - Processing 110-th line out of 347 rows of DP table...
2022-01-01 00:50:14,175 - root - DEBUG - Processing 120-th line out of 347 rows of DP table...
2022-01-01 00:50:14,255 - root - DEBUG - Processing 130-th line out of 347 rows of DP table...
2022-01-01 00:50:14,332 - root - DEBUG - Processing 140-th line out of 347 rows of DP table...
2022-01-01 00:50:14,404 - root - DEBUG - Processing 150-th line out of 347 rows of DP table...
2022-01-01 00:50:14,487 - root - DEBUG - Processing 160-th line out of 347 rows of DP table...
2022-01-01 00:50:14,554 - root - DEBUG - Processing 170-th line out of 347 rows of DP table...
2022-01-01 00:50:14,617 - root - DEBUG - Processing 180-th line out of 347 rows of DP table...
2022-01-01 00:50:14,677 - root - DEBUG - Processing 190-th line out of 347 rows of DP table...
2022-01-01 00:50:14,733 - root - DEBUG - Processing 200-th line out of 347 rows of DP table...
2022-01-01 00:50:14,791 - root - DEBUG - Processing 210-th line out of 347 rows of DP table...
2022-01-01 00:50:14,840 - root - DEBUG - Processing 220-th line out of 347 rows of DP table...
2022-01-01 00:50:14,886 - root - DEBUG - Processing 230-th line out of 347 rows of DP table...
2022-01-01 00:50:14,928 - root - DEBUG - Processing 240-th line out of 347 rows of DP table...
2022-01-01 00:50:14,966 - root - DEBUG - Processing 250-th line out of 347 rows of DP table...
2022-01-01 00:50:15,001 - root - DEBUG - Processing 260-th line out of 347 rows of DP table...
2022-01-01 00:50:15,032 - root - DEBUG - Processing 270-th line out of 347 rows of DP table...
2022-01-01 00:50:15,061 - root - DEBUG - Processing 280-th line out of 347 rows of DP table...
2022-01-01 00:50:15,086 - root - DEBUG - Processing 290-th line out of 347 rows of DP table...
2022-01-01 00:50:15,108 - root - DEBUG - Processing 300-th line out of 347 rows of DP table...
2022-01-01 00:50:15,127 - root - DEBUG - Processing 310-th line out of 347 rows of DP table...
2022-01-01 00:50:15,141 - root - DEBUG - Processing 320-th line out of 347 rows of DP table...
2022-01-01 00:50:15,152 - root - DEBUG - Processing 330-th line out of 347 rows of DP table...
2022-01-01 00:50:15,159 - root - DEBUG - Processing 340-th line out of 347 rows of DP table...
2022-01-01 00:50:15,165 - root - DEBUG - Started computing sf for chromosome 'chr10'...
2022-01-01 00:50:15,167 - root - DEBUG - m=246, n=549
2022-01-01 00:50:15,249 - root - DEBUG - Processing 10-th line out of 246 rows of DP table...
2022-01-01 00:50:15,333 - root - DEBUG - Processing 20-th line out of 246 rows of DP table...
2022-01-01 00:50:15,412 - root - DEBUG - Processing 30-th line out of 246 rows of DP table...
2022-01-01 00:50:15,489 - root - DEBUG - Processing 40-th line out of 246 rows of DP table...
2022-01-01 00:50:15,561 - root - DEBUG - Processing 50-th line out of 246 rows of DP table...
2022-01-01 00:50:15,630 - root - DEBUG - Processing 60-th line out of 246 rows of DP table...
2022-01-01 00:50:15,696 - root - DEBUG - Processing 70-th line out of 246 rows of DP table...
2022-01-01 00:50:15,759 - root - DEBUG - Processing 80-th line out of 246 rows of DP table...
2022-01-01 00:50:15,817 - root - DEBUG - Processing 90-th line out of 246 rows of DP table...
2022-01-01 00:50:15,873 - root - DEBUG - Processing 100-th line out of 246 rows of DP table...
2022-01-01 00:50:15,924 - root - DEBUG - Processing 110-th line out of 246 rows of DP table...
2022-01-01 00:50:15,973 - root - DEBUG - Processing 120-th line out of 246 rows of DP table...
2022-01-01 00:50:16,018 - root - DEBUG - Processing 130-th line out of 246 rows of DP table...
2022-01-01 00:50:16,060 - root - DEBUG - Processing 140-th line out of 246 rows of DP table...
2022-01-01 00:50:16,099 - root - DEBUG - Processing 150-th line out of 246 rows of DP table...
2022-01-01 00:50:16,133 - root - DEBUG - Processing 160-th line out of 246 rows of DP table...
2022-01-01 00:50:16,164 - root - DEBUG - Processing 170-th line out of 246 rows of DP table...
2022-01-01 00:50:16,192 - root - DEBUG - Processing 180-th line out of 246 rows of DP table...
2022-01-01 00:50:16,216 - root - DEBUG - Processing 190-th line out of 246 rows of DP table...
2022-01-01 00:50:16,237 - root - DEBUG - Processing 200-th line out of 246 rows of DP table...
2022-01-01 00:50:16,255 - root - DEBUG - Processing 210-th line out of 246 rows of DP table...
2022-01-01 00:50:16,268 - root - DEBUG - Processing 220-th line out of 246 rows of DP table...
2022-01-01 00:50:16,279 - root - DEBUG - Processing 230-th line out of 246 rows of DP table...
2022-01-01 00:50:16,285 - root - DEBUG - Processing 240-th line out of 246 rows of DP table...
2022-01-01 00:50:16,289 - root - DEBUG - Started computing sf for chromosome 'chr11'...
2022-01-01 00:50:16,292 - root - DEBUG - m=401, n=516
2022-01-01 00:50:16,426 - root - DEBUG - Processing 10-th line out of 401 rows of DP table...
2022-01-01 00:50:16,564 - root - DEBUG - Processing 20-th line out of 401 rows of DP table...
2022-01-01 00:50:16,700 - root - DEBUG - Processing 30-th line out of 401 rows of DP table...
2022-01-01 00:50:16,831 - root - DEBUG - Processing 40-th line out of 401 rows of DP table...
2022-01-01 00:50:16,959 - root - DEBUG - Processing 50-th line out of 401 rows of DP table...
2022-01-01 00:50:17,133 - root - DEBUG - Processing 60-th line out of 401 rows of DP table...
2022-01-01 00:50:17,253 - root - DEBUG - Processing 70-th line out of 401 rows of DP table...
2022-01-01 00:50:17,370 - root - DEBUG - Processing 80-th line out of 401 rows of DP table...
2022-01-01 00:50:17,484 - root - DEBUG - Processing 90-th line out of 401 rows of DP table...
2022-01-01 00:50:17,594 - root - DEBUG - Processing 100-th line out of 401 rows of DP table...
2022-01-01 00:50:17,700 - root - DEBUG - Processing 110-th line out of 401 rows of DP table...
2022-01-01 00:50:17,859 - root - DEBUG - Processing 120-th line out of 401 rows of DP table...
2022-01-01 00:50:18,018 - root - DEBUG - Processing 130-th line out of 401 rows of DP table...
2022-01-01 00:50:18,173 - root - DEBUG - Processing 140-th line out of 401 rows of DP table...
2022-01-01 00:50:18,349 - root - DEBUG - Processing 150-th line out of 401 rows of DP table...
2022-01-01 00:50:18,487 - root - DEBUG - Processing 160-th line out of 401 rows of DP table...
2022-01-01 00:50:18,579 - root - DEBUG - Processing 170-th line out of 401 rows of DP table...
2022-01-01 00:50:18,661 - root - DEBUG - Processing 180-th line out of 401 rows of DP table...
2022-01-01 00:50:18,739 - root - DEBUG - Processing 190-th line out of 401 rows of DP table...
2022-01-01 00:50:18,814 - root - DEBUG - Processing 200-th line out of 401 rows of DP table...
2022-01-01 00:50:18,886 - root - DEBUG - Processing 210-th line out of 401 rows of DP table...
2022-01-01 00:50:18,956 - root - DEBUG - Processing 220-th line out of 401 rows of DP table...
2022-01-01 00:50:19,022 - root - DEBUG - Processing 230-th line out of 401 rows of DP table...
2022-01-01 00:50:19,084 - root - DEBUG - Processing 240-th line out of 401 rows of DP table...
2022-01-01 00:50:19,142 - root - DEBUG - Processing 250-th line out of 401 rows of DP table...
2022-01-01 00:50:19,197 - root - DEBUG - Processing 260-th line out of 401 rows of DP table...
2022-01-01 00:50:19,248 - root - DEBUG - Processing 270-th line out of 401 rows of DP table...
2022-01-01 00:50:19,296 - root - DEBUG - Processing 280-th line out of 401 rows of DP table...
2022-01-01 00:50:19,340 - root - DEBUG - Processing 290-th line out of 401 rows of DP table...
2022-01-01 00:50:19,381 - root - DEBUG - Processing 300-th line out of 401 rows of DP table...
2022-01-01 00:50:19,419 - root - DEBUG - Processing 310-th line out of 401 rows of DP table...
2022-01-01 00:50:19,452 - root - DEBUG - Processing 320-th line out of 401 rows of DP table...
2022-01-01 00:50:19,482 - root - DEBUG - Processing 330-th line out of 401 rows of DP table...
2022-01-01 00:50:19,510 - root - DEBUG - Processing 340-th line out of 401 rows of DP table...
2022-01-01 00:50:19,533 - root - DEBUG - Processing 350-th line out of 401 rows of DP table...
2022-01-01 00:50:19,553 - root - DEBUG - Processing 360-th line out of 401 rows of DP table...
2022-01-01 00:50:19,569 - root - DEBUG - Processing 370-th line out of 401 rows of DP table...
2022-01-01 00:50:19,582 - root - DEBUG - Processing 380-th line out of 401 rows of DP table...
2022-01-01 00:50:19,592 - root - DEBUG - Processing 390-th line out of 401 rows of DP table...
2022-01-01 00:50:19,597 - root - DEBUG - Processing 400-th line out of 401 rows of DP table...
2022-01-01 00:50:19,601 - root - DEBUG - Started computing sf for chromosome 'chr12'...
2022-01-01 00:50:19,603 - root - DEBUG - m=244, n=531
2022-01-01 00:50:19,685 - root - DEBUG - Processing 10-th line out of 244 rows of DP table...
2022-01-01 00:50:19,767 - root - DEBUG - Processing 20-th line out of 244 rows of DP table...
2022-01-01 00:50:19,845 - root - DEBUG - Processing 30-th line out of 244 rows of DP table...
2022-01-01 00:50:19,997 - root - DEBUG - Processing 40-th line out of 244 rows of DP table...
2022-01-01 00:50:20,113 - root - DEBUG - Processing 50-th line out of 244 rows of DP table...
2022-01-01 00:50:20,181 - root - DEBUG - Processing 60-th line out of 244 rows of DP table...
2022-01-01 00:50:20,246 - root - DEBUG - Processing 70-th line out of 244 rows of DP table...
2022-01-01 00:50:20,307 - root - DEBUG - Processing 80-th line out of 244 rows of DP table...
2022-01-01 00:50:20,365 - root - DEBUG - Processing 90-th line out of 244 rows of DP table...
2022-01-01 00:50:20,419 - root - DEBUG - Processing 100-th line out of 244 rows of DP table...
2022-01-01 00:50:20,471 - root - DEBUG - Processing 110-th line out of 244 rows of DP table...
2022-01-01 00:50:20,525 - root - DEBUG - Processing 120-th line out of 244 rows of DP table...
2022-01-01 00:50:20,569 - root - DEBUG - Processing 130-th line out of 244 rows of DP table...
2022-01-01 00:50:20,610 - root - DEBUG - Processing 140-th line out of 244 rows of DP table...
2022-01-01 00:50:20,647 - root - DEBUG - Processing 150-th line out of 244 rows of DP table...
2022-01-01 00:50:20,680 - root - DEBUG - Processing 160-th line out of 244 rows of DP table...
2022-01-01 00:50:20,716 - root - DEBUG - Processing 170-th line out of 244 rows of DP table...
2022-01-01 00:50:20,743 - root - DEBUG - Processing 180-th line out of 244 rows of DP table...
2022-01-01 00:50:20,766 - root - DEBUG - Processing 190-th line out of 244 rows of DP table...
2022-01-01 00:50:20,786 - root - DEBUG - Processing 200-th line out of 244 rows of DP table...
2022-01-01 00:50:20,802 - root - DEBUG - Processing 210-th line out of 244 rows of DP table...
2022-01-01 00:50:20,815 - root - DEBUG - Processing 220-th line out of 244 rows of DP table...
2022-01-01 00:50:20,824 - root - DEBUG - Processing 230-th line out of 244 rows of DP table...
2022-01-01 00:50:20,829 - root - DEBUG - Processing 240-th line out of 244 rows of DP table...
2022-01-01 00:50:20,832 - root - DEBUG - Started computing sf for chromosome 'chr13'...
2022-01-01 00:50:20,834 - root - DEBUG - m=137, n=410
2022-01-01 00:50:20,880 - root - DEBUG - Processing 10-th line out of 137 rows of DP table...
2022-01-01 00:50:20,925 - root - DEBUG - Processing 20-th line out of 137 rows of DP table...
2022-01-01 00:50:20,966 - root - DEBUG - Processing 30-th line out of 137 rows of DP table...
2022-01-01 00:50:21,004 - root - DEBUG - Processing 40-th line out of 137 rows of DP table...
2022-01-01 00:50:21,043 - root - DEBUG - Processing 50-th line out of 137 rows of DP table...
2022-01-01 00:50:21,074 - root - DEBUG - Processing 60-th line out of 137 rows of DP table...
2022-01-01 00:50:21,102 - root - DEBUG - Processing 70-th line out of 137 rows of DP table...
2022-01-01 00:50:21,126 - root - DEBUG - Processing 80-th line out of 137 rows of DP table...
2022-01-01 00:50:21,146 - root - DEBUG - Processing 90-th line out of 137 rows of DP table...
2022-01-01 00:50:21,163 - root - DEBUG - Processing 100-th line out of 137 rows of DP table...
2022-01-01 00:50:21,177 - root - DEBUG - Processing 110-th line out of 137 rows of DP table...
2022-01-01 00:50:21,186 - root - DEBUG - Processing 120-th line out of 137 rows of DP table...
2022-01-01 00:50:21,193 - root - DEBUG - Processing 130-th line out of 137 rows of DP table...
2022-01-01 00:50:21,197 - root - DEBUG - Started computing sf for chromosome 'chr14'...
2022-01-01 00:50:21,200 - root - DEBUG - m=220, n=309
2022-01-01 00:50:21,274 - root - DEBUG - Processing 10-th line out of 220 rows of DP table...
2022-01-01 00:50:21,348 - root - DEBUG - Processing 20-th line out of 220 rows of DP table...
2022-01-01 00:50:21,418 - root - DEBUG - Processing 30-th line out of 220 rows of DP table...
2022-01-01 00:50:21,485 - root - DEBUG - Processing 40-th line out of 220 rows of DP table...
2022-01-01 00:50:21,549 - root - DEBUG - Processing 50-th line out of 220 rows of DP table...
2022-01-01 00:50:21,610 - root - DEBUG - Processing 60-th line out of 220 rows of DP table...
2022-01-01 00:50:21,667 - root - DEBUG - Processing 70-th line out of 220 rows of DP table...
2022-01-01 00:50:21,720 - root - DEBUG - Processing 80-th line out of 220 rows of DP table...
2022-01-01 00:50:21,769 - root - DEBUG - Processing 90-th line out of 220 rows of DP table...
2022-01-01 00:50:21,815 - root - DEBUG - Processing 100-th line out of 220 rows of DP table...
2022-01-01 00:50:21,858 - root - DEBUG - Processing 110-th line out of 220 rows of DP table...
2022-01-01 00:50:21,896 - root - DEBUG - Processing 120-th line out of 220 rows of DP table...
2022-01-01 00:50:21,931 - root - DEBUG - Processing 130-th line out of 220 rows of DP table...
2022-01-01 00:50:21,963 - root - DEBUG - Processing 140-th line out of 220 rows of DP table...
2022-01-01 00:50:21,991 - root - DEBUG - Processing 150-th line out of 220 rows of DP table...
2022-01-01 00:50:22,016 - root - DEBUG - Processing 160-th line out of 220 rows of DP table...
2022-01-01 00:50:22,037 - root - DEBUG - Processing 170-th line out of 220 rows of DP table...
2022-01-01 00:50:22,055 - root - DEBUG - Processing 180-th line out of 220 rows of DP table...
2022-01-01 00:50:22,070 - root - DEBUG - Processing 190-th line out of 220 rows of DP table...
2022-01-01 00:50:22,081 - root - DEBUG - Processing 200-th line out of 220 rows of DP table...
2022-01-01 00:50:22,089 - root - DEBUG - Processing 210-th line out of 220 rows of DP table...
2022-01-01 00:50:22,093 - root - DEBUG - Processing 220-th line out of 220 rows of DP table...
2022-01-01 00:50:22,095 - root - DEBUG - Started computing sf for chromosome 'chr15'...
2022-01-01 00:50:22,098 - root - DEBUG - m=176, n=316
2022-01-01 00:50:22,180 - root - DEBUG - Processing 10-th line out of 176 rows of DP table...
2022-01-01 00:50:22,253 - root - DEBUG - Processing 20-th line out of 176 rows of DP table...
2022-01-01 00:50:22,308 - root - DEBUG - Processing 30-th line out of 176 rows of DP table...
2022-01-01 00:50:22,360 - root - DEBUG - Processing 40-th line out of 176 rows of DP table...
2022-01-01 00:50:22,409 - root - DEBUG - Processing 50-th line out of 176 rows of DP table...
2022-01-01 00:50:22,453 - root - DEBUG - Processing 60-th line out of 176 rows of DP table...
2022-01-01 00:50:22,494 - root - DEBUG - Processing 70-th line out of 176 rows of DP table...
2022-01-01 00:50:22,537 - root - DEBUG - Processing 80-th line out of 176 rows of DP table...
2022-01-01 00:50:22,572 - root - DEBUG - Processing 90-th line out of 176 rows of DP table...
2022-01-01 00:50:22,602 - root - DEBUG - Processing 100-th line out of 176 rows of DP table...
2022-01-01 00:50:22,629 - root - DEBUG - Processing 110-th line out of 176 rows of DP table...
2022-01-01 00:50:22,653 - root - DEBUG - Processing 120-th line out of 176 rows of DP table...
2022-01-01 00:50:22,673 - root - DEBUG - Processing 130-th line out of 176 rows of DP table...
2022-01-01 00:50:22,689 - root - DEBUG - Processing 140-th line out of 176 rows of DP table...
2022-01-01 00:50:22,702 - root - DEBUG - Processing 150-th line out of 176 rows of DP table...
2022-01-01 00:50:22,711 - root - DEBUG - Processing 160-th line out of 176 rows of DP table...
2022-01-01 00:50:22,717 - root - DEBUG - Processing 170-th line out of 176 rows of DP table...
2022-01-01 00:50:22,720 - root - DEBUG - Started computing sf for chromosome 'chr16'...
2022-01-01 00:50:22,722 - root - DEBUG - m=305, n=376
2022-01-01 00:50:22,824 - root - DEBUG - Processing 10-th line out of 305 rows of DP table...
2022-01-01 00:50:22,928 - root - DEBUG - Processing 20-th line out of 305 rows of DP table...
2022-01-01 00:50:23,031 - root - DEBUG - Processing 30-th line out of 305 rows of DP table...
2022-01-01 00:50:23,128 - root - DEBUG - Processing 40-th line out of 305 rows of DP table...
2022-01-01 00:50:23,223 - root - DEBUG - Processing 50-th line out of 305 rows of DP table...
2022-01-01 00:50:23,314 - root - DEBUG - Processing 60-th line out of 305 rows of DP table...
2022-01-01 00:50:23,401 - root - DEBUG - Processing 70-th line out of 305 rows of DP table...
2022-01-01 00:50:23,484 - root - DEBUG - Processing 80-th line out of 305 rows of DP table...
2022-01-01 00:50:23,565 - root - DEBUG - Processing 90-th line out of 305 rows of DP table...
2022-01-01 00:50:23,643 - root - DEBUG - Processing 100-th line out of 305 rows of DP table...
2022-01-01 00:50:23,715 - root - DEBUG - Processing 110-th line out of 305 rows of DP table...
2022-01-01 00:50:23,784 - root - DEBUG - Processing 120-th line out of 305 rows of DP table...
2022-01-01 00:50:23,851 - root - DEBUG - Processing 130-th line out of 305 rows of DP table...
2022-01-01 00:50:23,914 - root - DEBUG - Processing 140-th line out of 305 rows of DP table...
2022-01-01 00:50:23,973 - root - DEBUG - Processing 150-th line out of 305 rows of DP table...
2022-01-01 00:50:24,030 - root - DEBUG - Processing 160-th line out of 305 rows of DP table...
2022-01-01 00:50:24,083 - root - DEBUG - Processing 170-th line out of 305 rows of DP table...
2022-01-01 00:50:24,132 - root - DEBUG - Processing 180-th line out of 305 rows of DP table...
2022-01-01 00:50:24,177 - root - DEBUG - Processing 190-th line out of 305 rows of DP table...
2022-01-01 00:50:24,218 - root - DEBUG - Processing 200-th line out of 305 rows of DP table...
2022-01-01 00:50:24,256 - root - DEBUG - Processing 210-th line out of 305 rows of DP table...
2022-01-01 00:50:24,291 - root - DEBUG - Processing 220-th line out of 305 rows of DP table...
2022-01-01 00:50:24,323 - root - DEBUG - Processing 230-th line out of 305 rows of DP table...
2022-01-01 00:50:24,350 - root - DEBUG - Processing 240-th line out of 305 rows of DP table...
2022-01-01 00:50:24,375 - root - DEBUG - Processing 250-th line out of 305 rows of DP table...
2022-01-01 00:50:24,395 - root - DEBUG - Processing 260-th line out of 305 rows of DP table...
2022-01-01 00:50:24,413 - root - DEBUG - Processing 270-th line out of 305 rows of DP table...
2022-01-01 00:50:24,426 - root - DEBUG - Processing 280-th line out of 305 rows of DP table...
2022-01-01 00:50:24,444 - root - DEBUG - Processing 290-th line out of 305 rows of DP table...
2022-01-01 00:50:24,451 - root - DEBUG - Processing 300-th line out of 305 rows of DP table...
2022-01-01 00:50:24,455 - root - DEBUG - Started computing sf for chromosome 'chr17'...
2022-01-01 00:50:24,457 - root - DEBUG - m=663, n=426
2022-01-01 00:50:24,791 - root - DEBUG - Processing 10-th line out of 663 rows of DP table...
2022-01-01 00:50:25,043 - root - DEBUG - Processing 20-th line out of 663 rows of DP table...
2022-01-01 00:50:25,272 - root - DEBUG - Processing 30-th line out of 663 rows of DP table...
2022-01-01 00:50:25,498 - root - DEBUG - Processing 40-th line out of 663 rows of DP table...
2022-01-01 00:50:25,720 - root - DEBUG - Processing 50-th line out of 663 rows of DP table...
2022-01-01 00:50:26,065 - root - DEBUG - Processing 60-th line out of 663 rows of DP table...
2022-01-01 00:50:26,282 - root - DEBUG - Processing 70-th line out of 663 rows of DP table...
2022-01-01 00:50:26,493 - root - DEBUG - Processing 80-th line out of 663 rows of DP table...
2022-01-01 00:50:26,701 - root - DEBUG - Processing 90-th line out of 663 rows of DP table...
2022-01-01 00:50:26,904 - root - DEBUG - Processing 100-th line out of 663 rows of DP table...
2022-01-01 00:50:27,104 - root - DEBUG - Processing 110-th line out of 663 rows of DP table...
2022-01-01 00:50:27,299 - root - DEBUG - Processing 120-th line out of 663 rows of DP table...
2022-01-01 00:50:27,492 - root - DEBUG - Processing 130-th line out of 663 rows of DP table...
2022-01-01 00:50:27,683 - root - DEBUG - Processing 140-th line out of 663 rows of DP table...
2022-01-01 00:50:27,871 - root - DEBUG - Processing 150-th line out of 663 rows of DP table...
2022-01-01 00:50:28,053 - root - DEBUG - Processing 160-th line out of 663 rows of DP table...
2022-01-01 00:50:28,232 - root - DEBUG - Processing 170-th line out of 663 rows of DP table...
2022-01-01 00:50:28,408 - root - DEBUG - Processing 180-th line out of 663 rows of DP table...
2022-01-01 00:50:28,581 - root - DEBUG - Processing 190-th line out of 663 rows of DP table...
2022-01-01 00:50:28,750 - root - DEBUG - Processing 200-th line out of 663 rows of DP table...
2022-01-01 00:50:28,915 - root - DEBUG - Processing 210-th line out of 663 rows of DP table...
2022-01-01 00:50:29,078 - root - DEBUG - Processing 220-th line out of 663 rows of DP table...
2022-01-01 00:50:29,236 - root - DEBUG - Processing 230-th line out of 663 rows of DP table...
2022-01-01 00:50:29,391 - root - DEBUG - Processing 240-th line out of 663 rows of DP table...
2022-01-01 00:50:29,542 - root - DEBUG - Processing 250-th line out of 663 rows of DP table...
2022-01-01 00:50:29,689 - root - DEBUG - Processing 260-th line out of 663 rows of DP table...
2022-01-01 00:50:29,833 - root - DEBUG - Processing 270-th line out of 663 rows of DP table...
2022-01-01 00:50:29,974 - root - DEBUG - Processing 280-th line out of 663 rows of DP table...
2022-01-01 00:50:30,113 - root - DEBUG - Processing 290-th line out of 663 rows of DP table...
2022-01-01 00:50:30,248 - root - DEBUG - Processing 300-th line out of 663 rows of DP table...
2022-01-01 00:50:30,378 - root - DEBUG - Processing 310-th line out of 663 rows of DP table...
2022-01-01 00:50:30,505 - root - DEBUG - Processing 320-th line out of 663 rows of DP table...
2022-01-01 00:50:30,629 - root - DEBUG - Processing 330-th line out of 663 rows of DP table...
2022-01-01 00:50:30,749 - root - DEBUG - Processing 340-th line out of 663 rows of DP table...
2022-01-01 00:50:30,865 - root - DEBUG - Processing 350-th line out of 663 rows of DP table...
2022-01-01 00:50:30,978 - root - DEBUG - Processing 360-th line out of 663 rows of DP table...
2022-01-01 00:50:31,086 - root - DEBUG - Processing 370-th line out of 663 rows of DP table...
2022-01-01 00:50:31,191 - root - DEBUG - Processing 380-th line out of 663 rows of DP table...
2022-01-01 00:50:31,294 - root - DEBUG - Processing 390-th line out of 663 rows of DP table...
2022-01-01 00:50:31,392 - root - DEBUG - Processing 400-th line out of 663 rows of DP table...
2022-01-01 00:50:31,487 - root - DEBUG - Processing 410-th line out of 663 rows of DP table...
2022-01-01 00:50:31,578 - root - DEBUG - Processing 420-th line out of 663 rows of DP table...
2022-01-01 00:50:31,666 - root - DEBUG - Processing 430-th line out of 663 rows of DP table...
2022-01-01 00:50:31,750 - root - DEBUG - Processing 440-th line out of 663 rows of DP table...
2022-01-01 00:50:31,831 - root - DEBUG - Processing 450-th line out of 663 rows of DP table...
2022-01-01 00:50:31,908 - root - DEBUG - Processing 460-th line out of 663 rows of DP table...
2022-01-01 00:50:31,982 - root - DEBUG - Processing 470-th line out of 663 rows of DP table...
2022-01-01 00:50:32,052 - root - DEBUG - Processing 480-th line out of 663 rows of DP table...
2022-01-01 00:50:32,119 - root - DEBUG - Processing 490-th line out of 663 rows of DP table...
2022-01-01 00:50:32,183 - root - DEBUG - Processing 500-th line out of 663 rows of DP table...
2022-01-01 00:50:32,243 - root - DEBUG - Processing 510-th line out of 663 rows of DP table...
2022-01-01 00:50:32,300 - root - DEBUG - Processing 520-th line out of 663 rows of DP table...
2022-01-01 00:50:32,352 - root - DEBUG - Processing 530-th line out of 663 rows of DP table...
2022-01-01 00:50:32,402 - root - DEBUG - Processing 540-th line out of 663 rows of DP table...
2022-01-01 00:50:32,448 - root - DEBUG - Processing 550-th line out of 663 rows of DP table...
2022-01-01 00:50:32,490 - root - DEBUG - Processing 560-th line out of 663 rows of DP table...
2022-01-01 00:50:32,615 - root - DEBUG - Processing 570-th line out of 663 rows of DP table...
2022-01-01 00:50:32,651 - root - DEBUG - Processing 580-th line out of 663 rows of DP table...
2022-01-01 00:50:32,710 - root - DEBUG - Processing 590-th line out of 663 rows of DP table...
2022-01-01 00:50:32,739 - root - DEBUG - Processing 600-th line out of 663 rows of DP table...
2022-01-01 00:50:32,765 - root - DEBUG - Processing 610-th line out of 663 rows of DP table...
2022-01-01 00:50:32,787 - root - DEBUG - Processing 620-th line out of 663 rows of DP table...
2022-01-01 00:50:32,805 - root - DEBUG - Processing 630-th line out of 663 rows of DP table...
2022-01-01 00:50:32,819 - root - DEBUG - Processing 640-th line out of 663 rows of DP table...
2022-01-01 00:50:32,830 - root - DEBUG - Processing 650-th line out of 663 rows of DP table...
2022-01-01 00:50:32,837 - root - DEBUG - Processing 660-th line out of 663 rows of DP table...
2022-01-01 00:50:32,842 - root - DEBUG - Started computing sf for chromosome 'chr18'...
2022-01-01 00:50:32,844 - root - DEBUG - m=86, n=365
2022-01-01 00:50:32,872 - root - DEBUG - Processing 10-th line out of 86 rows of DP table...
2022-01-01 00:50:32,899 - root - DEBUG - Processing 20-th line out of 86 rows of DP table...
2022-01-01 00:50:32,922 - root - DEBUG - Processing 30-th line out of 86 rows of DP table...
2022-01-01 00:50:32,942 - root - DEBUG - Processing 40-th line out of 86 rows of DP table...
2022-01-01 00:50:32,959 - root - DEBUG - Processing 50-th line out of 86 rows of DP table...
2022-01-01 00:50:32,972 - root - DEBUG - Processing 60-th line out of 86 rows of DP table...
2022-01-01 00:50:32,981 - root - DEBUG - Processing 70-th line out of 86 rows of DP table...
2022-01-01 00:50:32,988 - root - DEBUG - Processing 80-th line out of 86 rows of DP table...
2022-01-01 00:50:32,991 - root - DEBUG - Started computing sf for chromosome 'chr19'...
2022-01-01 00:50:32,993 - root - DEBUG - m=374, n=362
2022-01-01 00:50:33,117 - root - DEBUG - Processing 10-th line out of 374 rows of DP table...
2022-01-01 00:50:33,245 - root - DEBUG - Processing 20-th line out of 374 rows of DP table...
2022-01-01 00:50:33,370 - root - DEBUG - Processing 30-th line out of 374 rows of DP table...
2022-01-01 00:50:33,490 - root - DEBUG - Processing 40-th line out of 374 rows of DP table...
2022-01-01 00:50:33,607 - root - DEBUG - Processing 50-th line out of 374 rows of DP table...
2022-01-01 00:50:33,721 - root - DEBUG - Processing 60-th line out of 374 rows of DP table...
2022-01-01 00:50:33,832 - root - DEBUG - Processing 70-th line out of 374 rows of DP table...
2022-01-01 00:50:33,939 - root - DEBUG - Processing 80-th line out of 374 rows of DP table...
2022-01-01 00:50:34,043 - root - DEBUG - Processing 90-th line out of 374 rows of DP table...
2022-01-01 00:50:34,143 - root - DEBUG - Processing 100-th line out of 374 rows of DP table...
2022-01-01 00:50:34,240 - root - DEBUG - Processing 110-th line out of 374 rows of DP table...
2022-01-01 00:50:34,333 - root - DEBUG - Processing 120-th line out of 374 rows of DP table...
2022-01-01 00:50:34,424 - root - DEBUG - Processing 130-th line out of 374 rows of DP table...
2022-01-01 00:50:34,510 - root - DEBUG - Processing 140-th line out of 374 rows of DP table...
2022-01-01 00:50:34,593 - root - DEBUG - Processing 150-th line out of 374 rows of DP table...
2022-01-01 00:50:34,673 - root - DEBUG - Processing 160-th line out of 374 rows of DP table...
2022-01-01 00:50:34,750 - root - DEBUG - Processing 170-th line out of 374 rows of DP table...
2022-01-01 00:50:34,822 - root - DEBUG - Processing 180-th line out of 374 rows of DP table...
2022-01-01 00:50:34,893 - root - DEBUG - Processing 190-th line out of 374 rows of DP table...
2022-01-01 00:50:34,959 - root - DEBUG - Processing 200-th line out of 374 rows of DP table...
2022-01-01 00:50:35,022 - root - DEBUG - Processing 210-th line out of 374 rows of DP table...
2022-01-01 00:50:35,081 - root - DEBUG - Processing 220-th line out of 374 rows of DP table...
2022-01-01 00:50:35,136 - root - DEBUG - Processing 230-th line out of 374 rows of DP table...
2022-01-01 00:50:35,188 - root - DEBUG - Processing 240-th line out of 374 rows of DP table...
2022-01-01 00:50:35,237 - root - DEBUG - Processing 250-th line out of 374 rows of DP table...
2022-01-01 00:50:35,282 - root - DEBUG - Processing 260-th line out of 374 rows of DP table...
2022-01-01 00:50:35,324 - root - DEBUG - Processing 270-th line out of 374 rows of DP table...
2022-01-01 00:50:35,362 - root - DEBUG - Processing 280-th line out of 374 rows of DP table...
2022-01-01 00:50:35,397 - root - DEBUG - Processing 290-th line out of 374 rows of DP table...
2022-01-01 00:50:35,427 - root - DEBUG - Processing 300-th line out of 374 rows of DP table...
2022-01-01 00:50:35,455 - root - DEBUG - Processing 310-th line out of 374 rows of DP table...
2022-01-01 00:50:35,479 - root - DEBUG - Processing 320-th line out of 374 rows of DP table...
2022-01-01 00:50:35,502 - root - DEBUG - Processing 330-th line out of 374 rows of DP table...
2022-01-01 00:50:35,519 - root - DEBUG - Processing 340-th line out of 374 rows of DP table...
2022-01-01 00:50:35,533 - root - DEBUG - Processing 350-th line out of 374 rows of DP table...
2022-01-01 00:50:35,543 - root - DEBUG - Processing 360-th line out of 374 rows of DP table...
2022-01-01 00:50:35,550 - root - DEBUG - Processing 370-th line out of 374 rows of DP table...
2022-01-01 00:50:35,555 - root - DEBUG - Started computing sf for chromosome 'chr20'...
2022-01-01 00:50:35,557 - root - DEBUG - m=64, n=251
2022-01-01 00:50:35,579 - root - DEBUG - Processing 10-th line out of 64 rows of DP table...
2022-01-01 00:50:35,598 - root - DEBUG - Processing 20-th line out of 64 rows of DP table...
2022-01-01 00:50:35,614 - root - DEBUG - Processing 30-th line out of 64 rows of DP table...
2022-01-01 00:50:35,626 - root - DEBUG - Processing 40-th line out of 64 rows of DP table...
2022-01-01 00:50:35,634 - root - DEBUG - Processing 50-th line out of 64 rows of DP table...
2022-01-01 00:50:35,639 - root - DEBUG - Processing 60-th line out of 64 rows of DP table...
2022-01-01 00:50:35,641 - root - DEBUG - Started computing sf for chromosome 'chr21'...
2022-01-01 00:50:35,643 - root - DEBUG - m=38, n=186
2022-01-01 00:50:35,655 - root - DEBUG - Processing 10-th line out of 38 rows of DP table...
2022-01-01 00:50:35,665 - root - DEBUG - Processing 20-th line out of 38 rows of DP table...
2022-01-01 00:50:35,671 - root - DEBUG - Processing 30-th line out of 38 rows of DP table...
2022-01-01 00:50:35,674 - root - DEBUG - Started computing sf for chromosome 'chr22'...
2022-01-01 00:50:35,675 - root - DEBUG - m=202, n=210
2022-01-01 00:50:35,742 - root - DEBUG - Processing 10-th line out of 202 rows of DP table...
2022-01-01 00:50:35,810 - root - DEBUG - Processing 20-th line out of 202 rows of DP table...
2022-01-01 00:50:35,874 - root - DEBUG - Processing 30-th line out of 202 rows of DP table...
2022-01-01 00:50:35,936 - root - DEBUG - Processing 40-th line out of 202 rows of DP table...
2022-01-01 00:50:35,993 - root - DEBUG - Processing 50-th line out of 202 rows of DP table...
2022-01-01 00:50:36,047 - root - DEBUG - Processing 60-th line out of 202 rows of DP table...
2022-01-01 00:50:36,097 - root - DEBUG - Processing 70-th line out of 202 rows of DP table...
2022-01-01 00:50:36,144 - root - DEBUG - Processing 80-th line out of 202 rows of DP table...
2022-01-01 00:50:36,187 - root - DEBUG - Processing 90-th line out of 202 rows of DP table...
2022-01-01 00:50:36,231 - root - DEBUG - Processing 100-th line out of 202 rows of DP table...
2022-01-01 00:50:36,268 - root - DEBUG - Processing 110-th line out of 202 rows of DP table...
2022-01-01 00:50:36,300 - root - DEBUG - Processing 120-th line out of 202 rows of DP table...
2022-01-01 00:50:36,329 - root - DEBUG - Processing 130-th line out of 202 rows of DP table...
2022-01-01 00:50:36,355 - root - DEBUG - Processing 140-th line out of 202 rows of DP table...
2022-01-01 00:50:36,377 - root - DEBUG - Processing 150-th line out of 202 rows of DP table...
2022-01-01 00:50:36,396 - root - DEBUG - Processing 160-th line out of 202 rows of DP table...
2022-01-01 00:50:36,412 - root - DEBUG - Processing 170-th line out of 202 rows of DP table...
2022-01-01 00:50:36,424 - root - DEBUG - Processing 180-th line out of 202 rows of DP table...
2022-01-01 00:50:36,433 - root - DEBUG - Processing 190-th line out of 202 rows of DP table...
2022-01-01 00:50:36,438 - root - DEBUG - Processing 200-th line out of 202 rows of DP table...
2022-01-01 00:50:36,441 - root - DEBUG - Started computing sf for chromosome 'chrX'...
2022-01-01 00:50:36,443 - root - DEBUG - m=323, n=360
2022-01-01 00:50:36,551 - root - DEBUG - Processing 10-th line out of 323 rows of DP table...
2022-01-01 00:50:36,662 - root - DEBUG - Processing 20-th line out of 323 rows of DP table...
2022-01-01 00:50:36,769 - root - DEBUG - Processing 30-th line out of 323 rows of DP table...
2022-01-01 00:50:36,873 - root - DEBUG - Processing 40-th line out of 323 rows of DP table...
2022-01-01 00:50:36,973 - root - DEBUG - Processing 50-th line out of 323 rows of DP table...
2022-01-01 00:50:37,069 - root - DEBUG - Processing 60-th line out of 323 rows of DP table...
2022-01-01 00:50:37,162 - root - DEBUG - Processing 70-th line out of 323 rows of DP table...
2022-01-01 00:50:37,251 - root - DEBUG - Processing 80-th line out of 323 rows of DP table...
2022-01-01 00:50:37,337 - root - DEBUG - Processing 90-th line out of 323 rows of DP table...
2022-01-01 00:50:37,433 - root - DEBUG - Processing 100-th line out of 323 rows of DP table...
2022-01-01 00:50:37,512 - root - DEBUG - Processing 110-th line out of 323 rows of DP table...
2022-01-01 00:50:37,587 - root - DEBUG - Processing 120-th line out of 323 rows of DP table...
2022-01-01 00:50:37,660 - root - DEBUG - Processing 130-th line out of 323 rows of DP table...
2022-01-01 00:50:37,728 - root - DEBUG - Processing 140-th line out of 323 rows of DP table...
2022-01-01 00:50:37,793 - root - DEBUG - Processing 150-th line out of 323 rows of DP table...
2022-01-01 00:50:37,855 - root - DEBUG - Processing 160-th line out of 323 rows of DP table...
2022-01-01 00:50:37,914 - root - DEBUG - Processing 170-th line out of 323 rows of DP table...
2022-01-01 00:50:37,969 - root - DEBUG - Processing 180-th line out of 323 rows of DP table...
2022-01-01 00:50:38,021 - root - DEBUG - Processing 190-th line out of 323 rows of DP table...
2022-01-01 00:50:38,069 - root - DEBUG - Processing 200-th line out of 323 rows of DP table...
2022-01-01 00:50:38,113 - root - DEBUG - Processing 210-th line out of 323 rows of DP table...
2022-01-01 00:50:38,154 - root - DEBUG - Processing 220-th line out of 323 rows of DP table...
2022-01-01 00:50:38,191 - root - DEBUG - Processing 230-th line out of 323 rows of DP table...
2022-01-01 00:50:38,226 - root - DEBUG - Processing 240-th line out of 323 rows of DP table...
2022-01-01 00:50:38,256 - root - DEBUG - Processing 250-th line out of 323 rows of DP table...
2022-01-01 00:50:38,283 - root - DEBUG - Processing 260-th line out of 323 rows of DP table...
2022-01-01 00:50:38,305 - root - DEBUG - Processing 270-th line out of 323 rows of DP table...
2022-01-01 00:50:38,325 - root - DEBUG - Processing 280-th line out of 323 rows of DP table...
2022-01-01 00:50:38,341 - root - DEBUG - Processing 290-th line out of 323 rows of DP table...
2022-01-01 00:50:38,353 - root - DEBUG - Processing 300-th line out of 323 rows of DP table...
2022-01-01 00:50:38,362 - root - DEBUG - Processing 310-th line out of 323 rows of DP table...
2022-01-01 00:50:38,367 - root - DEBUG - Processing 320-th line out of 323 rows of DP table...
2022-01-01 00:50:38,371 - root - DEBUG - Started computing sf for chromosome 'chrY'...
2022-01-01 00:50:38,373 - root - DEBUG - m=0, n=10
2022-01-01 00:50:38,373 - root - DEBUG - Started computing joint logprobs...
