2022-01-01 00:45:39,108 - root - INFO - Loading reference interval set from '../resources/zarrei2015-2/intervals/Cancer-gain.lex-smallest.exon.tsv'...
2022-01-01 00:45:39,108 - root - INFO - Loading query interval set from '../resources/zarrei2015-2/cnv_intervals/stringent.loss.tsv'...
2022-01-01 00:45:39,120 - root - INFO - Loading chromosome sizes from '../resources/experiment_original/iSTAT/data/hg19_chrom_sizes.txt'...
2022-01-01 00:45:39,128 - root - INFO - Number of reference intervals: 149 (149 before merging)
2022-01-01 00:45:39,130 - root - INFO - Number of query intervals: 11530 (11530 before merging)
2022-01-01 00:45:39,131 - root - INFO - Number of chromosomes: 24
2022-01-01 00:45:39,139 - root - INFO - Overlap count: 1
2022-01-01 00:45:39,140 - root - DEBUG - Started computing sf for chromosome 'chr1'...
2022-01-01 00:45:39,142 - root - DEBUG - m=13, n=803
2022-01-01 00:45:39,149 - root - DEBUG - Processing 10-th line out of 13 rows of DP table...
2022-01-01 00:45:39,151 - root - DEBUG - Started computing sf for chromosome 'chr2'...
2022-01-01 00:45:39,154 - root - DEBUG - m=23, n=895
2022-01-01 00:45:39,166 - root - DEBUG - Processing 10-th line out of 23 rows of DP table...
2022-01-01 00:45:39,174 - root - DEBUG - Processing 20-th line out of 23 rows of DP table...
2022-01-01 00:45:39,176 - root - DEBUG - Started computing sf for chromosome 'chr3'...
2022-01-01 00:45:39,178 - root - DEBUG - m=10, n=686
2022-01-01 00:45:39,183 - root - DEBUG - Processing 10-th line out of 10 rows of DP table...
2022-01-01 00:45:39,192 - root - DEBUG - Started computing sf for chromosome 'chr4'...
2022-01-01 00:45:39,194 - root - DEBUG - m=0, n=866
2022-01-01 00:45:39,194 - root - DEBUG - Started computing sf for chromosome 'chr5'...
2022-01-01 00:45:39,196 - root - DEBUG - m=0, n=694
2022-01-01 00:45:39,198 - root - DEBUG - Started computing sf for chromosome 'chr6'...
2022-01-01 00:45:39,200 - root - DEBUG - m=0, n=713
2022-01-01 00:45:39,201 - root - DEBUG - Started computing sf for chromosome 'chr7'...
2022-01-01 00:45:39,203 - root - DEBUG - m=26, n=719
2022-01-01 00:45:39,216 - root - DEBUG - Processing 10-th line out of 26 rows of DP table...
2022-01-01 00:45:39,224 - root - DEBUG - Processing 20-th line out of 26 rows of DP table...
2022-01-01 00:45:39,229 - root - DEBUG - Started computing sf for chromosome 'chr8'...
2022-01-01 00:45:39,232 - root - DEBUG - m=3, n=608
2022-01-01 00:45:39,234 - root - DEBUG - Started computing sf for chromosome 'chr9'...
2022-01-01 00:45:39,235 - root - DEBUG - m=0, n=475
2022-01-01 00:45:39,236 - root - DEBUG - Started computing sf for chromosome 'chr10'...
2022-01-01 00:45:39,238 - root - DEBUG - m=0, n=538
2022-01-01 00:45:39,239 - root - DEBUG - Started computing sf for chromosome 'chr11'...
2022-01-01 00:45:39,240 - root - DEBUG - m=4, n=508
2022-01-01 00:45:39,241 - root - DEBUG - Started computing sf for chromosome 'chr12'...
2022-01-01 00:45:39,242 - root - DEBUG - m=11, n=528
2022-01-01 00:45:39,245 - root - DEBUG - Processing 10-th line out of 11 rows of DP table...
2022-01-01 00:45:39,246 - root - DEBUG - Started computing sf for chromosome 'chr13'...
2022-01-01 00:45:39,248 - root - DEBUG - m=0, n=399
2022-01-01 00:45:39,249 - root - DEBUG - Started computing sf for chromosome 'chr14'...
2022-01-01 00:45:39,250 - root - DEBUG - m=3, n=301
2022-01-01 00:45:39,251 - root - DEBUG - Started computing sf for chromosome 'chr15'...
2022-01-01 00:45:39,252 - root - DEBUG - m=0, n=309
2022-01-01 00:45:39,253 - root - DEBUG - Started computing sf for chromosome 'chr16'...
2022-01-01 00:45:39,271 - root - DEBUG - m=0, n=367
2022-01-01 00:45:39,274 - root - DEBUG - Started computing sf for chromosome 'chr17'...
2022-01-01 00:45:39,276 - root - DEBUG - m=30, n=410
2022-01-01 00:45:39,291 - root - DEBUG - Processing 10-th line out of 30 rows of DP table...
2022-01-01 00:45:39,302 - root - DEBUG - Processing 20-th line out of 30 rows of DP table...
2022-01-01 00:45:39,306 - root - DEBUG - Processing 30-th line out of 30 rows of DP table...
2022-01-01 00:45:39,308 - root - DEBUG - Started computing sf for chromosome 'chr18'...
2022-01-01 00:45:39,310 - root - DEBUG - m=0, n=359
2022-01-01 00:45:39,311 - root - DEBUG - Started computing sf for chromosome 'chr19'...
2022-01-01 00:45:39,312 - root - DEBUG - m=26, n=355
2022-01-01 00:45:39,320 - root - DEBUG - Processing 10-th line out of 26 rows of DP table...
2022-01-01 00:45:39,325 - root - DEBUG - Processing 20-th line out of 26 rows of DP table...
2022-01-01 00:45:39,327 - root - DEBUG - Started computing sf for chromosome 'chr20'...
2022-01-01 00:45:39,328 - root - DEBUG - m=0, n=247
2022-01-01 00:45:39,329 - root - DEBUG - Started computing sf for chromosome 'chr21'...
2022-01-01 00:45:39,330 - root - DEBUG - m=0, n=198
2022-01-01 00:45:39,331 - root - DEBUG - Started computing sf for chromosome 'chr22'...
2022-01-01 00:45:39,332 - root - DEBUG - m=0, n=205
2022-01-01 00:45:39,333 - root - DEBUG - Started computing sf for chromosome 'chrX'...
2022-01-01 00:45:39,334 - root - DEBUG - m=0, n=337
2022-01-01 00:45:39,335 - root - DEBUG - Started computing sf for chromosome 'chrY'...
2022-01-01 00:45:39,336 - root - DEBUG - m=0, n=10
2022-01-01 00:45:39,337 - root - DEBUG - Started computing joint logprobs...
