2021-12-30 10:22:55,300 - root - INFO - Loading reference interval set from '../resources/zarrei2015-2/intervals/CGD-rec.lex-smallest.trans.tsv'...
2021-12-30 10:22:55,302 - root - INFO - Loading query interval set from '../resources/zarrei2015-2/cnv_intervals/stringent.loss.tsv'...
2021-12-30 10:22:55,314 - root - INFO - Loading chromosome sizes from '../resources/experiment_original/iSTAT/data/hg19_chrom_sizes.txt'...
2021-12-30 10:22:55,323 - root - INFO - Number of reference intervals: 1379 (1394 before merging)
2021-12-30 10:22:55,323 - root - INFO - Number of query intervals: 11530 (11530 before merging)
2021-12-30 10:22:55,324 - root - INFO - Number of chromosomes: 24
2021-12-30 10:22:55,336 - root - INFO - Overlap count: 231
2021-12-30 10:22:55,336 - root - DEBUG - Started computing sf for chromosome 'chr1'...
2021-12-30 10:22:55,338 - root - DEBUG - m=143, n=803
2021-12-30 10:22:55,382 - root - DEBUG - Processing 10-th line out of 143 rows of DP table...
2021-12-30 10:22:55,425 - root - DEBUG - Processing 20-th line out of 143 rows of DP table...
2021-12-30 10:22:55,467 - root - DEBUG - Processing 30-th line out of 143 rows of DP table...
2021-12-30 10:22:55,556 - root - DEBUG - Processing 40-th line out of 143 rows of DP table...
2021-12-30 10:22:55,637 - root - DEBUG - Processing 50-th line out of 143 rows of DP table...
2021-12-30 10:22:55,683 - root - DEBUG - Processing 60-th line out of 143 rows of DP table...
2021-12-30 10:22:55,710 - root - DEBUG - Processing 70-th line out of 143 rows of DP table...
2021-12-30 10:22:55,734 - root - DEBUG - Processing 80-th line out of 143 rows of DP table...
2021-12-30 10:22:55,754 - root - DEBUG - Processing 90-th line out of 143 rows of DP table...
2021-12-30 10:22:55,772 - root - DEBUG - Processing 100-th line out of 143 rows of DP table...
2021-12-30 10:22:55,786 - root - DEBUG - Processing 110-th line out of 143 rows of DP table...
2021-12-30 10:22:55,797 - root - DEBUG - Processing 120-th line out of 143 rows of DP table...
2021-12-30 10:22:55,805 - root - DEBUG - Processing 130-th line out of 143 rows of DP table...
2021-12-30 10:22:55,809 - root - DEBUG - Processing 140-th line out of 143 rows of DP table...
2021-12-30 10:22:55,812 - root - DEBUG - Started computing sf for chromosome 'chr2'...
2021-12-30 10:22:55,813 - root - DEBUG - m=109, n=895
2021-12-30 10:22:55,847 - root - DEBUG - Processing 10-th line out of 109 rows of DP table...
2021-12-30 10:22:55,880 - root - DEBUG - Processing 20-th line out of 109 rows of DP table...
2021-12-30 10:22:55,910 - root - DEBUG - Processing 30-th line out of 109 rows of DP table...
2021-12-30 10:22:55,937 - root - DEBUG - Processing 40-th line out of 109 rows of DP table...
2021-12-30 10:22:55,959 - root - DEBUG - Processing 50-th line out of 109 rows of DP table...
2021-12-30 10:22:55,979 - root - DEBUG - Processing 60-th line out of 109 rows of DP table...
2021-12-30 10:22:55,995 - root - DEBUG - Processing 70-th line out of 109 rows of DP table...
2021-12-30 10:22:56,008 - root - DEBUG - Processing 80-th line out of 109 rows of DP table...
2021-12-30 10:22:56,018 - root - DEBUG - Processing 90-th line out of 109 rows of DP table...
2021-12-30 10:22:56,024 - root - DEBUG - Processing 100-th line out of 109 rows of DP table...
2021-12-30 10:22:56,028 - root - DEBUG - Started computing sf for chromosome 'chr3'...
2021-12-30 10:22:56,030 - root - DEBUG - m=85, n=686
2021-12-30 10:22:56,056 - root - DEBUG - Processing 10-th line out of 85 rows of DP table...
2021-12-30 10:22:56,081 - root - DEBUG - Processing 20-th line out of 85 rows of DP table...
2021-12-30 10:22:56,103 - root - DEBUG - Processing 30-th line out of 85 rows of DP table...
2021-12-30 10:22:56,121 - root - DEBUG - Processing 40-th line out of 85 rows of DP table...
2021-12-30 10:22:56,136 - root - DEBUG - Processing 50-th line out of 85 rows of DP table...
2021-12-30 10:22:56,148 - root - DEBUG - Processing 60-th line out of 85 rows of DP table...
2021-12-30 10:22:56,156 - root - DEBUG - Processing 70-th line out of 85 rows of DP table...
2021-12-30 10:22:56,161 - root - DEBUG - Processing 80-th line out of 85 rows of DP table...
2021-12-30 10:22:56,163 - root - DEBUG - Started computing sf for chromosome 'chr4'...
2021-12-30 10:22:56,165 - root - DEBUG - m=57, n=866
2021-12-30 10:22:56,183 - root - DEBUG - Processing 10-th line out of 57 rows of DP table...
2021-12-30 10:22:56,199 - root - DEBUG - Processing 20-th line out of 57 rows of DP table...
2021-12-30 10:22:56,211 - root - DEBUG - Processing 30-th line out of 57 rows of DP table...
2021-12-30 10:22:56,220 - root - DEBUG - Processing 40-th line out of 57 rows of DP table...
2021-12-30 10:22:56,226 - root - DEBUG - Processing 50-th line out of 57 rows of DP table...
2021-12-30 10:22:56,228 - root - DEBUG - Started computing sf for chromosome 'chr5'...
2021-12-30 10:22:56,229 - root - DEBUG - m=61, n=694
2021-12-30 10:22:56,248 - root - DEBUG - Processing 10-th line out of 61 rows of DP table...
2021-12-30 10:22:56,265 - root - DEBUG - Processing 20-th line out of 61 rows of DP table...
2021-12-30 10:22:56,279 - root - DEBUG - Processing 30-th line out of 61 rows of DP table...
2021-12-30 10:22:56,289 - root - DEBUG - Processing 40-th line out of 61 rows of DP table...
2021-12-30 10:22:56,296 - root - DEBUG - Processing 50-th line out of 61 rows of DP table...
2021-12-30 10:22:56,300 - root - DEBUG - Processing 60-th line out of 61 rows of DP table...
2021-12-30 10:22:56,301 - root - DEBUG - Started computing sf for chromosome 'chr6'...
2021-12-30 10:22:56,302 - root - DEBUG - m=81, n=713
2021-12-30 10:22:56,327 - root - DEBUG - Processing 10-th line out of 81 rows of DP table...
2021-12-30 10:22:56,351 - root - DEBUG - Processing 20-th line out of 81 rows of DP table...
2021-12-30 10:22:56,371 - root - DEBUG - Processing 30-th line out of 81 rows of DP table...
2021-12-30 10:22:56,387 - root - DEBUG - Processing 40-th line out of 81 rows of DP table...
2021-12-30 10:22:56,401 - root - DEBUG - Processing 50-th line out of 81 rows of DP table...
2021-12-30 10:22:56,411 - root - DEBUG - Processing 60-th line out of 81 rows of DP table...
2021-12-30 10:22:56,418 - root - DEBUG - Processing 70-th line out of 81 rows of DP table...
2021-12-30 10:22:56,422 - root - DEBUG - Processing 80-th line out of 81 rows of DP table...
2021-12-30 10:22:56,423 - root - DEBUG - Started computing sf for chromosome 'chr7'...
2021-12-30 10:22:56,425 - root - DEBUG - m=60, n=719
2021-12-30 10:22:56,443 - root - DEBUG - Processing 10-th line out of 60 rows of DP table...
2021-12-30 10:22:56,459 - root - DEBUG - Processing 20-th line out of 60 rows of DP table...
2021-12-30 10:22:56,472 - root - DEBUG - Processing 30-th line out of 60 rows of DP table...
2021-12-30 10:22:56,485 - root - DEBUG - Processing 40-th line out of 60 rows of DP table...
2021-12-30 10:22:56,492 - root - DEBUG - Processing 50-th line out of 60 rows of DP table...
2021-12-30 10:22:56,496 - root - DEBUG - Processing 60-th line out of 60 rows of DP table...
2021-12-30 10:22:56,497 - root - DEBUG - Started computing sf for chromosome 'chr8'...
2021-12-30 10:22:56,501 - root - DEBUG - m=49, n=608
2021-12-30 10:22:56,516 - root - DEBUG - Processing 10-th line out of 49 rows of DP table...
2021-12-30 10:22:56,529 - root - DEBUG - Processing 20-th line out of 49 rows of DP table...
2021-12-30 10:22:56,538 - root - DEBUG - Processing 30-th line out of 49 rows of DP table...
2021-12-30 10:22:56,545 - root - DEBUG - Processing 40-th line out of 49 rows of DP table...
2021-12-30 10:22:56,548 - root - DEBUG - Started computing sf for chromosome 'chr9'...
2021-12-30 10:22:56,549 - root - DEBUG - m=69, n=475
2021-12-30 10:22:56,570 - root - DEBUG - Processing 10-th line out of 69 rows of DP table...
2021-12-30 10:22:56,589 - root - DEBUG - Processing 20-th line out of 69 rows of DP table...
2021-12-30 10:22:56,605 - root - DEBUG - Processing 30-th line out of 69 rows of DP table...
2021-12-30 10:22:56,634 - root - DEBUG - Processing 40-th line out of 69 rows of DP table...
2021-12-30 10:22:56,644 - root - DEBUG - Processing 50-th line out of 69 rows of DP table...
2021-12-30 10:22:56,650 - root - DEBUG - Processing 60-th line out of 69 rows of DP table...
2021-12-30 10:22:56,654 - root - DEBUG - Started computing sf for chromosome 'chr10'...
2021-12-30 10:22:56,656 - root - DEBUG - m=54, n=538
2021-12-30 10:22:56,673 - root - DEBUG - Processing 10-th line out of 54 rows of DP table...
2021-12-30 10:22:56,688 - root - DEBUG - Processing 20-th line out of 54 rows of DP table...
2021-12-30 10:22:56,699 - root - DEBUG - Processing 30-th line out of 54 rows of DP table...
2021-12-30 10:22:56,707 - root - DEBUG - Processing 40-th line out of 54 rows of DP table...
2021-12-30 10:22:56,712 - root - DEBUG - Processing 50-th line out of 54 rows of DP table...
2021-12-30 10:22:56,714 - root - DEBUG - Started computing sf for chromosome 'chr11'...
2021-12-30 10:22:56,716 - root - DEBUG - m=96, n=508
2021-12-30 10:22:56,746 - root - DEBUG - Processing 10-th line out of 96 rows of DP table...
2021-12-30 10:22:56,774 - root - DEBUG - Processing 20-th line out of 96 rows of DP table...
2021-12-30 10:22:56,800 - root - DEBUG - Processing 30-th line out of 96 rows of DP table...
2021-12-30 10:22:56,822 - root - DEBUG - Processing 40-th line out of 96 rows of DP table...
2021-12-30 10:22:56,840 - root - DEBUG - Processing 50-th line out of 96 rows of DP table...
2021-12-30 10:22:56,856 - root - DEBUG - Processing 60-th line out of 96 rows of DP table...
2021-12-30 10:22:56,868 - root - DEBUG - Processing 70-th line out of 96 rows of DP table...
2021-12-30 10:22:56,878 - root - DEBUG - Processing 80-th line out of 96 rows of DP table...
2021-12-30 10:22:56,884 - root - DEBUG - Processing 90-th line out of 96 rows of DP table...
2021-12-30 10:22:56,887 - root - DEBUG - Started computing sf for chromosome 'chr12'...
2021-12-30 10:22:56,888 - root - DEBUG - m=66, n=528
2021-12-30 10:22:56,909 - root - DEBUG - Processing 10-th line out of 66 rows of DP table...
2021-12-30 10:22:56,928 - root - DEBUG - Processing 20-th line out of 66 rows of DP table...
2021-12-30 10:22:56,943 - root - DEBUG - Processing 30-th line out of 66 rows of DP table...
2021-12-30 10:22:56,956 - root - DEBUG - Processing 40-th line out of 66 rows of DP table...
2021-12-30 10:22:56,964 - root - DEBUG - Processing 50-th line out of 66 rows of DP table...
2021-12-30 10:22:56,970 - root - DEBUG - Processing 60-th line out of 66 rows of DP table...
2021-12-30 10:22:56,972 - root - DEBUG - Started computing sf for chromosome 'chr13'...
2021-12-30 10:22:56,974 - root - DEBUG - m=28, n=399
2021-12-30 10:22:56,983 - root - DEBUG - Processing 10-th line out of 28 rows of DP table...
2021-12-30 10:22:56,989 - root - DEBUG - Processing 20-th line out of 28 rows of DP table...
2021-12-30 10:22:56,992 - root - DEBUG - Started computing sf for chromosome 'chr14'...
2021-12-30 10:22:56,993 - root - DEBUG - m=42, n=301
2021-12-30 10:22:57,006 - root - DEBUG - Processing 10-th line out of 42 rows of DP table...
2021-12-30 10:22:57,016 - root - DEBUG - Processing 20-th line out of 42 rows of DP table...
2021-12-30 10:22:57,023 - root - DEBUG - Processing 30-th line out of 42 rows of DP table...
2021-12-30 10:22:57,027 - root - DEBUG - Processing 40-th line out of 42 rows of DP table...
2021-12-30 10:22:57,028 - root - DEBUG - Started computing sf for chromosome 'chr15'...
2021-12-30 10:22:57,029 - root - DEBUG - m=50, n=309
2021-12-30 10:22:57,044 - root - DEBUG - Processing 10-th line out of 50 rows of DP table...
2021-12-30 10:22:57,057 - root - DEBUG - Processing 20-th line out of 50 rows of DP table...
2021-12-30 10:22:57,067 - root - DEBUG - Processing 30-th line out of 50 rows of DP table...
2021-12-30 10:22:57,074 - root - DEBUG - Processing 40-th line out of 50 rows of DP table...
2021-12-30 10:22:57,077 - root - DEBUG - Processing 50-th line out of 50 rows of DP table...
2021-12-30 10:22:57,078 - root - DEBUG - Started computing sf for chromosome 'chr16'...
2021-12-30 10:22:57,079 - root - DEBUG - m=71, n=367
2021-12-30 10:22:57,101 - root - DEBUG - Processing 10-th line out of 71 rows of DP table...
2021-12-30 10:22:57,121 - root - DEBUG - Processing 20-th line out of 71 rows of DP table...
2021-12-30 10:22:57,138 - root - DEBUG - Processing 30-th line out of 71 rows of DP table...
2021-12-30 10:22:57,152 - root - DEBUG - Processing 40-th line out of 71 rows of DP table...
2021-12-30 10:22:57,162 - root - DEBUG - Processing 50-th line out of 71 rows of DP table...
2021-12-30 10:22:57,169 - root - DEBUG - Processing 60-th line out of 71 rows of DP table...
2021-12-30 10:22:57,172 - root - DEBUG - Processing 70-th line out of 71 rows of DP table...
2021-12-30 10:22:57,173 - root - DEBUG - Started computing sf for chromosome 'chr17'...
2021-12-30 10:22:57,175 - root - DEBUG - m=79, n=410
2021-12-30 10:22:57,199 - root - DEBUG - Processing 10-th line out of 79 rows of DP table...
2021-12-30 10:22:57,222 - root - DEBUG - Processing 20-th line out of 79 rows of DP table...
2021-12-30 10:22:57,241 - root - DEBUG - Processing 30-th line out of 79 rows of DP table...
2021-12-30 10:22:57,257 - root - DEBUG - Processing 40-th line out of 79 rows of DP table...
2021-12-30 10:22:57,270 - root - DEBUG - Processing 50-th line out of 79 rows of DP table...
2021-12-30 10:22:57,282 - root - DEBUG - Processing 60-th line out of 79 rows of DP table...
2021-12-30 10:22:57,289 - root - DEBUG - Processing 70-th line out of 79 rows of DP table...
2021-12-30 10:22:57,292 - root - DEBUG - Started computing sf for chromosome 'chr18'...
2021-12-30 10:22:57,294 - root - DEBUG - m=25, n=359
2021-12-30 10:22:57,303 - root - DEBUG - Processing 10-th line out of 25 rows of DP table...
2021-12-30 10:22:57,308 - root - DEBUG - Processing 20-th line out of 25 rows of DP table...
2021-12-30 10:22:57,310 - root - DEBUG - Started computing sf for chromosome 'chr19'...
2021-12-30 10:22:57,311 - root - DEBUG - m=68, n=355
2021-12-30 10:22:57,333 - root - DEBUG - Processing 10-th line out of 68 rows of DP table...
2021-12-30 10:22:57,352 - root - DEBUG - Processing 20-th line out of 68 rows of DP table...
2021-12-30 10:22:57,368 - root - DEBUG - Processing 30-th line out of 68 rows of DP table...
2021-12-30 10:22:57,381 - root - DEBUG - Processing 40-th line out of 68 rows of DP table...
2021-12-30 10:22:57,391 - root - DEBUG - Processing 50-th line out of 68 rows of DP table...
2021-12-30 10:22:57,397 - root - DEBUG - Processing 60-th line out of 68 rows of DP table...
2021-12-30 10:22:57,400 - root - DEBUG - Started computing sf for chromosome 'chr20'...
2021-12-30 10:22:57,402 - root - DEBUG - m=31, n=247
2021-12-30 10:22:57,412 - root - DEBUG - Processing 10-th line out of 31 rows of DP table...
2021-12-30 10:22:57,419 - root - DEBUG - Processing 20-th line out of 31 rows of DP table...
2021-12-30 10:22:57,423 - root - DEBUG - Processing 30-th line out of 31 rows of DP table...
2021-12-30 10:22:57,424 - root - DEBUG - Started computing sf for chromosome 'chr21'...
2021-12-30 10:22:57,426 - root - DEBUG - m=15, n=198
2021-12-30 10:22:57,431 - root - DEBUG - Processing 10-th line out of 15 rows of DP table...
2021-12-30 10:22:57,433 - root - DEBUG - Started computing sf for chromosome 'chr22'...
2021-12-30 10:22:57,435 - root - DEBUG - m=38, n=205
2021-12-30 10:22:57,447 - root - DEBUG - Processing 10-th line out of 38 rows of DP table...
2021-12-30 10:22:57,456 - root - DEBUG - Processing 20-th line out of 38 rows of DP table...
2021-12-30 10:22:57,462 - root - DEBUG - Processing 30-th line out of 38 rows of DP table...
2021-12-30 10:22:57,466 - root - DEBUG - Started computing sf for chromosome 'chrX'...
2021-12-30 10:22:57,467 - root - DEBUG - m=2, n=337
2021-12-30 10:22:57,469 - root - DEBUG - Started computing sf for chromosome 'chrY'...
2021-12-30 10:22:57,470 - root - DEBUG - m=0, n=10
2021-12-30 10:22:57,472 - root - DEBUG - Started computing joint logprobs...
