2022-01-01 10:46:53,310 - root - INFO - Loading reference interval set from '../resources/zarrei2015-2/intervals/CGD-dom.lex-smallest.cds.tsv'...
2022-01-01 10:46:53,311 - root - INFO - Loading query interval set from '../resources/zarrei2015-2/cnv_intervals/stringent.both.tsv'...
2022-01-01 10:46:53,324 - root - INFO - Loading chromosome sizes from '../resources/experiment_original/iSTAT/data/hg19_chrom_sizes.txt'...
2022-01-01 10:46:53,333 - root - INFO - Number of reference intervals: 800 (801 before merging)
2022-01-01 10:46:53,334 - root - INFO - Number of query intervals: 11732 (11732 before merging)
2022-01-01 10:46:53,335 - root - INFO - Number of chromosomes: 24
2022-01-01 10:46:53,347 - root - INFO - Overlap count: 150
2022-01-01 10:46:53,348 - root - DEBUG - Started computing sf for chromosome 'chr1'...
2022-01-01 10:46:53,350 - root - DEBUG - m=67, n=814
2022-01-01 10:46:53,371 - root - DEBUG - Processing 10-th line out of 67 rows of DP table...
2022-01-01 10:46:53,391 - root - DEBUG - Processing 20-th line out of 67 rows of DP table...
2022-01-01 10:46:53,407 - root - DEBUG - Processing 30-th line out of 67 rows of DP table...
2022-01-01 10:46:53,420 - root - DEBUG - Processing 40-th line out of 67 rows of DP table...
2022-01-01 10:46:53,429 - root - DEBUG - Processing 50-th line out of 67 rows of DP table...
2022-01-01 10:46:53,435 - root - DEBUG - Processing 60-th line out of 67 rows of DP table...
2022-01-01 10:46:53,438 - root - DEBUG - Started computing sf for chromosome 'chr2'...
2022-01-01 10:46:53,440 - root - DEBUG - m=54, n=918
2022-01-01 10:46:53,457 - root - DEBUG - Processing 10-th line out of 54 rows of DP table...
2022-01-01 10:46:53,472 - root - DEBUG - Processing 20-th line out of 54 rows of DP table...
2022-01-01 10:46:53,484 - root - DEBUG - Processing 30-th line out of 54 rows of DP table...
2022-01-01 10:46:53,492 - root - DEBUG - Processing 40-th line out of 54 rows of DP table...
2022-01-01 10:46:53,497 - root - DEBUG - Processing 50-th line out of 54 rows of DP table...
2022-01-01 10:46:53,500 - root - DEBUG - Started computing sf for chromosome 'chr3'...
2022-01-01 10:46:53,501 - root - DEBUG - m=45, n=685
2022-01-01 10:46:53,516 - root - DEBUG - Processing 10-th line out of 45 rows of DP table...
2022-01-01 10:46:53,528 - root - DEBUG - Processing 20-th line out of 45 rows of DP table...
2022-01-01 10:46:53,537 - root - DEBUG - Processing 30-th line out of 45 rows of DP table...
2022-01-01 10:46:53,542 - root - DEBUG - Processing 40-th line out of 45 rows of DP table...
2022-01-01 10:46:53,544 - root - DEBUG - Started computing sf for chromosome 'chr4'...
2022-01-01 10:46:53,546 - root - DEBUG - m=23, n=864
2022-01-01 10:46:53,554 - root - DEBUG - Processing 10-th line out of 23 rows of DP table...
2022-01-01 10:46:53,558 - root - DEBUG - Processing 20-th line out of 23 rows of DP table...
2022-01-01 10:46:53,559 - root - DEBUG - Started computing sf for chromosome 'chr5'...
2022-01-01 10:46:53,561 - root - DEBUG - m=48, n=689
2022-01-01 10:46:53,575 - root - DEBUG - Processing 10-th line out of 48 rows of DP table...
2022-01-01 10:46:53,588 - root - DEBUG - Processing 20-th line out of 48 rows of DP table...
2022-01-01 10:46:53,597 - root - DEBUG - Processing 30-th line out of 48 rows of DP table...
2022-01-01 10:46:53,603 - root - DEBUG - Processing 40-th line out of 48 rows of DP table...
2022-01-01 10:46:53,605 - root - DEBUG - Started computing sf for chromosome 'chr6'...
2022-01-01 10:46:53,607 - root - DEBUG - m=31, n=716
2022-01-01 10:46:53,616 - root - DEBUG - Processing 10-th line out of 31 rows of DP table...
2022-01-01 10:46:53,623 - root - DEBUG - Processing 20-th line out of 31 rows of DP table...
2022-01-01 10:46:53,627 - root - DEBUG - Processing 30-th line out of 31 rows of DP table...
2022-01-01 10:46:53,628 - root - DEBUG - Started computing sf for chromosome 'chr7'...
2022-01-01 10:46:53,630 - root - DEBUG - m=40, n=738
2022-01-01 10:46:53,642 - root - DEBUG - Processing 10-th line out of 40 rows of DP table...
2022-01-01 10:46:53,652 - root - DEBUG - Processing 20-th line out of 40 rows of DP table...
2022-01-01 10:46:53,659 - root - DEBUG - Processing 30-th line out of 40 rows of DP table...
2022-01-01 10:46:53,662 - root - DEBUG - Processing 40-th line out of 40 rows of DP table...
2022-01-01 10:46:53,663 - root - DEBUG - Started computing sf for chromosome 'chr8'...
2022-01-01 10:46:53,664 - root - DEBUG - m=29, n=628
2022-01-01 10:46:53,673 - root - DEBUG - Processing 10-th line out of 29 rows of DP table...
2022-01-01 10:46:53,679 - root - DEBUG - Processing 20-th line out of 29 rows of DP table...
2022-01-01 10:46:53,682 - root - DEBUG - Started computing sf for chromosome 'chr9'...
2022-01-01 10:46:53,683 - root - DEBUG - m=35, n=503
2022-01-01 10:46:53,694 - root - DEBUG - Processing 10-th line out of 35 rows of DP table...
2022-01-01 10:46:53,702 - root - DEBUG - Processing 20-th line out of 35 rows of DP table...
2022-01-01 10:46:53,707 - root - DEBUG - Processing 30-th line out of 35 rows of DP table...
2022-01-01 10:46:53,708 - root - DEBUG - Started computing sf for chromosome 'chr10'...
2022-01-01 10:46:53,710 - root - DEBUG - m=48, n=549
2022-01-01 10:46:53,725 - root - DEBUG - Processing 10-th line out of 48 rows of DP table...
2022-01-01 10:46:53,737 - root - DEBUG - Processing 20-th line out of 48 rows of DP table...
2022-01-01 10:46:53,746 - root - DEBUG - Processing 30-th line out of 48 rows of DP table...
2022-01-01 10:46:53,752 - root - DEBUG - Processing 40-th line out of 48 rows of DP table...
2022-01-01 10:46:53,755 - root - DEBUG - Started computing sf for chromosome 'chr11'...
2022-01-01 10:46:53,766 - root - DEBUG - m=43, n=516
2022-01-01 10:46:53,782 - root - DEBUG - Processing 10-th line out of 43 rows of DP table...
2022-01-01 10:46:53,793 - root - DEBUG - Processing 20-th line out of 43 rows of DP table...
2022-01-01 10:46:53,801 - root - DEBUG - Processing 30-th line out of 43 rows of DP table...
2022-01-01 10:46:53,805 - root - DEBUG - Processing 40-th line out of 43 rows of DP table...
2022-01-01 10:46:53,807 - root - DEBUG - Started computing sf for chromosome 'chr12'...
2022-01-01 10:46:53,809 - root - DEBUG - m=67, n=531
2022-01-01 10:46:53,830 - root - DEBUG - Processing 10-th line out of 67 rows of DP table...
2022-01-01 10:46:53,850 - root - DEBUG - Processing 20-th line out of 67 rows of DP table...
2022-01-01 10:46:53,866 - root - DEBUG - Processing 30-th line out of 67 rows of DP table...
2022-01-01 10:46:53,879 - root - DEBUG - Processing 40-th line out of 67 rows of DP table...
2022-01-01 10:46:53,888 - root - DEBUG - Processing 50-th line out of 67 rows of DP table...
2022-01-01 10:46:53,894 - root - DEBUG - Processing 60-th line out of 67 rows of DP table...
2022-01-01 10:46:53,897 - root - DEBUG - Started computing sf for chromosome 'chr13'...
2022-01-01 10:46:53,899 - root - DEBUG - m=15, n=410
2022-01-01 10:46:53,904 - root - DEBUG - Processing 10-th line out of 15 rows of DP table...
2022-01-01 10:46:53,906 - root - DEBUG - Started computing sf for chromosome 'chr14'...
2022-01-01 10:46:53,908 - root - DEBUG - m=30, n=309
2022-01-01 10:46:53,917 - root - DEBUG - Processing 10-th line out of 30 rows of DP table...
2022-01-01 10:46:53,924 - root - DEBUG - Processing 20-th line out of 30 rows of DP table...
2022-01-01 10:46:53,928 - root - DEBUG - Processing 30-th line out of 30 rows of DP table...
2022-01-01 10:46:53,929 - root - DEBUG - Started computing sf for chromosome 'chr15'...
2022-01-01 10:46:53,931 - root - DEBUG - m=25, n=316
2022-01-01 10:46:53,939 - root - DEBUG - Processing 10-th line out of 25 rows of DP table...
2022-01-01 10:46:53,944 - root - DEBUG - Processing 20-th line out of 25 rows of DP table...
2022-01-01 10:46:53,946 - root - DEBUG - Started computing sf for chromosome 'chr16'...
2022-01-01 10:46:53,948 - root - DEBUG - m=32, n=376
2022-01-01 10:46:53,958 - root - DEBUG - Processing 10-th line out of 32 rows of DP table...
2022-01-01 10:46:53,966 - root - DEBUG - Processing 20-th line out of 32 rows of DP table...
2022-01-01 10:46:53,970 - root - DEBUG - Processing 30-th line out of 32 rows of DP table...
2022-01-01 10:46:53,972 - root - DEBUG - Started computing sf for chromosome 'chr17'...
2022-01-01 10:46:53,974 - root - DEBUG - m=51, n=426
2022-01-01 10:46:53,990 - root - DEBUG - Processing 10-th line out of 51 rows of DP table...
2022-01-01 10:46:54,004 - root - DEBUG - Processing 20-th line out of 51 rows of DP table...
2022-01-01 10:46:54,015 - root - DEBUG - Processing 30-th line out of 51 rows of DP table...
2022-01-01 10:46:54,022 - root - DEBUG - Processing 40-th line out of 51 rows of DP table...
2022-01-01 10:46:54,026 - root - DEBUG - Processing 50-th line out of 51 rows of DP table...
2022-01-01 10:46:54,027 - root - DEBUG - Started computing sf for chromosome 'chr18'...
2022-01-01 10:46:54,028 - root - DEBUG - m=15, n=365
2022-01-01 10:46:54,033 - root - DEBUG - Processing 10-th line out of 15 rows of DP table...
2022-01-01 10:46:54,034 - root - DEBUG - Started computing sf for chromosome 'chr19'...
2022-01-01 10:46:54,035 - root - DEBUG - m=49, n=362
2022-01-01 10:46:54,050 - root - DEBUG - Processing 10-th line out of 49 rows of DP table...
2022-01-01 10:46:54,063 - root - DEBUG - Processing 20-th line out of 49 rows of DP table...
2022-01-01 10:46:54,073 - root - DEBUG - Processing 30-th line out of 49 rows of DP table...
2022-01-01 10:46:54,079 - root - DEBUG - Processing 40-th line out of 49 rows of DP table...
2022-01-01 10:46:54,082 - root - DEBUG - Started computing sf for chromosome 'chr20'...
2022-01-01 10:46:54,083 - root - DEBUG - m=23, n=251
2022-01-01 10:46:54,090 - root - DEBUG - Processing 10-th line out of 23 rows of DP table...
2022-01-01 10:46:54,094 - root - DEBUG - Processing 20-th line out of 23 rows of DP table...
2022-01-01 10:46:54,095 - root - DEBUG - Started computing sf for chromosome 'chr21'...
2022-01-01 10:46:54,096 - root - DEBUG - m=6, n=186
2022-01-01 10:46:54,098 - root - DEBUG - Started computing sf for chromosome 'chr22'...
2022-01-01 10:46:54,099 - root - DEBUG - m=24, n=210
2022-01-01 10:46:54,106 - root - DEBUG - Processing 10-th line out of 24 rows of DP table...
2022-01-01 10:46:54,111 - root - DEBUG - Processing 20-th line out of 24 rows of DP table...
2022-01-01 10:46:54,112 - root - DEBUG - Started computing sf for chromosome 'chrX'...
2022-01-01 10:46:54,113 - root - DEBUG - m=0, n=360
2022-01-01 10:46:54,114 - root - DEBUG - Started computing sf for chromosome 'chrY'...
2022-01-01 10:46:54,115 - root - DEBUG - m=0, n=10
2022-01-01 10:46:54,116 - root - DEBUG - Started computing joint logprobs...
