2022-01-01 03:07:20,537 - root - INFO - Loading reference interval set from '../resources/zarrei2015-2/intervals/CGD-dom.all.cds.tsv'...
2022-01-01 03:07:20,542 - root - INFO - Loading query interval set from '../resources/zarrei2015-2/cnv_intervals/stringent.loss.tsv'...
2022-01-01 03:07:20,554 - root - INFO - Loading chromosome sizes from '../resources/experiment_original/iSTAT/data/hg19_chrom_sizes.txt'...
2022-01-01 03:07:20,564 - root - INFO - Number of reference intervals: 845 (3530 before merging)
2022-01-01 03:07:20,565 - root - INFO - Number of query intervals: 11530 (11530 before merging)
2022-01-01 03:07:20,566 - root - INFO - Number of chromosomes: 24
2022-01-01 03:07:20,578 - root - INFO - Overlap count: 160
2022-01-01 03:07:20,578 - root - DEBUG - Started computing sf for chromosome 'chr1'...
2022-01-01 03:07:20,602 - root - DEBUG - m=71, n=803
2022-01-01 03:07:20,708 - root - DEBUG - Processing 10-th line out of 71 rows of DP table...
2022-01-01 03:07:20,795 - root - DEBUG - Processing 20-th line out of 71 rows of DP table...
2022-01-01 03:07:20,992 - root - DEBUG - Processing 30-th line out of 71 rows of DP table...
2022-01-01 03:07:21,182 - root - DEBUG - Processing 40-th line out of 71 rows of DP table...
2022-01-01 03:07:21,219 - root - DEBUG - Processing 50-th line out of 71 rows of DP table...
2022-01-01 03:07:21,226 - root - DEBUG - Processing 60-th line out of 71 rows of DP table...
2022-01-01 03:07:21,230 - root - DEBUG - Processing 70-th line out of 71 rows of DP table...
2022-01-01 03:07:21,232 - root - DEBUG - Started computing sf for chromosome 'chr2'...
2022-01-01 03:07:21,234 - root - DEBUG - m=56, n=895
2022-01-01 03:07:21,252 - root - DEBUG - Processing 10-th line out of 56 rows of DP table...
2022-01-01 03:07:21,268 - root - DEBUG - Processing 20-th line out of 56 rows of DP table...
2022-01-01 03:07:21,312 - root - DEBUG - Processing 30-th line out of 56 rows of DP table...
2022-01-01 03:07:21,411 - root - DEBUG - Processing 40-th line out of 56 rows of DP table...
2022-01-01 03:07:21,416 - root - DEBUG - Processing 50-th line out of 56 rows of DP table...
2022-01-01 03:07:21,418 - root - DEBUG - Started computing sf for chromosome 'chr3'...
2022-01-01 03:07:21,420 - root - DEBUG - m=48, n=686
2022-01-01 03:07:21,435 - root - DEBUG - Processing 10-th line out of 48 rows of DP table...
2022-01-01 03:07:21,447 - root - DEBUG - Processing 20-th line out of 48 rows of DP table...
2022-01-01 03:07:21,456 - root - DEBUG - Processing 30-th line out of 48 rows of DP table...
2022-01-01 03:07:21,462 - root - DEBUG - Processing 40-th line out of 48 rows of DP table...
2022-01-01 03:07:21,465 - root - DEBUG - Started computing sf for chromosome 'chr4'...
2022-01-01 03:07:21,466 - root - DEBUG - m=24, n=866
2022-01-01 03:07:21,474 - root - DEBUG - Processing 10-th line out of 24 rows of DP table...
2022-01-01 03:07:21,478 - root - DEBUG - Processing 20-th line out of 24 rows of DP table...
2022-01-01 03:07:21,480 - root - DEBUG - Started computing sf for chromosome 'chr5'...
2022-01-01 03:07:21,481 - root - DEBUG - m=51, n=694
2022-01-01 03:07:21,497 - root - DEBUG - Processing 10-th line out of 51 rows of DP table...
2022-01-01 03:07:21,510 - root - DEBUG - Processing 20-th line out of 51 rows of DP table...
2022-01-01 03:07:21,521 - root - DEBUG - Processing 30-th line out of 51 rows of DP table...
2022-01-01 03:07:21,527 - root - DEBUG - Processing 40-th line out of 51 rows of DP table...
2022-01-01 03:07:21,531 - root - DEBUG - Processing 50-th line out of 51 rows of DP table...
2022-01-01 03:07:21,532 - root - DEBUG - Started computing sf for chromosome 'chr6'...
2022-01-01 03:07:21,533 - root - DEBUG - m=32, n=713
2022-01-01 03:07:21,543 - root - DEBUG - Processing 10-th line out of 32 rows of DP table...
2022-01-01 03:07:21,550 - root - DEBUG - Processing 20-th line out of 32 rows of DP table...
2022-01-01 03:07:21,554 - root - DEBUG - Processing 30-th line out of 32 rows of DP table...
2022-01-01 03:07:21,555 - root - DEBUG - Started computing sf for chromosome 'chr7'...
2022-01-01 03:07:21,557 - root - DEBUG - m=43, n=719
2022-01-01 03:07:21,570 - root - DEBUG - Processing 10-th line out of 43 rows of DP table...
2022-01-01 03:07:21,615 - root - DEBUG - Processing 20-th line out of 43 rows of DP table...
2022-01-01 03:07:21,623 - root - DEBUG - Processing 30-th line out of 43 rows of DP table...
2022-01-01 03:07:21,627 - root - DEBUG - Processing 40-th line out of 43 rows of DP table...
2022-01-01 03:07:21,629 - root - DEBUG - Started computing sf for chromosome 'chr8'...
2022-01-01 03:07:21,631 - root - DEBUG - m=31, n=608
2022-01-01 03:07:21,641 - root - DEBUG - Processing 10-th line out of 31 rows of DP table...
2022-01-01 03:07:21,648 - root - DEBUG - Processing 20-th line out of 31 rows of DP table...
2022-01-01 03:07:21,652 - root - DEBUG - Processing 30-th line out of 31 rows of DP table...
2022-01-01 03:07:21,653 - root - DEBUG - Started computing sf for chromosome 'chr9'...
2022-01-01 03:07:21,655 - root - DEBUG - m=35, n=475
2022-01-01 03:07:21,666 - root - DEBUG - Processing 10-th line out of 35 rows of DP table...
2022-01-01 03:07:21,675 - root - DEBUG - Processing 20-th line out of 35 rows of DP table...
2022-01-01 03:07:21,680 - root - DEBUG - Processing 30-th line out of 35 rows of DP table...
2022-01-01 03:07:21,682 - root - DEBUG - Started computing sf for chromosome 'chr10'...
2022-01-01 03:07:21,684 - root - DEBUG - m=50, n=538
2022-01-01 03:07:21,700 - root - DEBUG - Processing 10-th line out of 50 rows of DP table...
2022-01-01 03:07:21,714 - root - DEBUG - Processing 20-th line out of 50 rows of DP table...
2022-01-01 03:07:21,724 - root - DEBUG - Processing 30-th line out of 50 rows of DP table...
2022-01-01 03:07:21,731 - root - DEBUG - Processing 40-th line out of 50 rows of DP table...
2022-01-01 03:07:21,735 - root - DEBUG - Processing 50-th line out of 50 rows of DP table...
2022-01-01 03:07:21,736 - root - DEBUG - Started computing sf for chromosome 'chr11'...
2022-01-01 03:07:21,738 - root - DEBUG - m=45, n=508
2022-01-01 03:07:21,752 - root - DEBUG - Processing 10-th line out of 45 rows of DP table...
2022-01-01 03:07:21,764 - root - DEBUG - Processing 20-th line out of 45 rows of DP table...
2022-01-01 03:07:21,772 - root - DEBUG - Processing 30-th line out of 45 rows of DP table...
2022-01-01 03:07:21,777 - root - DEBUG - Processing 40-th line out of 45 rows of DP table...
2022-01-01 03:07:21,779 - root - DEBUG - Started computing sf for chromosome 'chr12'...
2022-01-01 03:07:21,781 - root - DEBUG - m=70, n=528
2022-01-01 03:07:21,803 - root - DEBUG - Processing 10-th line out of 70 rows of DP table...
2022-01-01 03:07:21,823 - root - DEBUG - Processing 20-th line out of 70 rows of DP table...
2022-01-01 03:07:21,839 - root - DEBUG - Processing 30-th line out of 70 rows of DP table...
2022-01-01 03:07:21,852 - root - DEBUG - Processing 40-th line out of 70 rows of DP table...
2022-01-01 03:07:21,862 - root - DEBUG - Processing 50-th line out of 70 rows of DP table...
2022-01-01 03:07:21,869 - root - DEBUG - Processing 60-th line out of 70 rows of DP table...
2022-01-01 03:07:21,872 - root - DEBUG - Processing 70-th line out of 70 rows of DP table...
2022-01-01 03:07:21,873 - root - DEBUG - Started computing sf for chromosome 'chr13'...
2022-01-01 03:07:21,875 - root - DEBUG - m=16, n=399
2022-01-01 03:07:21,879 - root - DEBUG - Processing 10-th line out of 16 rows of DP table...
2022-01-01 03:07:21,881 - root - DEBUG - Started computing sf for chromosome 'chr14'...
2022-01-01 03:07:21,882 - root - DEBUG - m=32, n=301
2022-01-01 03:07:21,892 - root - DEBUG - Processing 10-th line out of 32 rows of DP table...
2022-01-01 03:07:21,899 - root - DEBUG - Processing 20-th line out of 32 rows of DP table...
2022-01-01 03:07:21,903 - root - DEBUG - Processing 30-th line out of 32 rows of DP table...
2022-01-01 03:07:21,904 - root - DEBUG - Started computing sf for chromosome 'chr15'...
2022-01-01 03:07:21,905 - root - DEBUG - m=26, n=309
2022-01-01 03:07:21,913 - root - DEBUG - Processing 10-th line out of 26 rows of DP table...
2022-01-01 03:07:21,918 - root - DEBUG - Processing 20-th line out of 26 rows of DP table...
2022-01-01 03:07:21,920 - root - DEBUG - Started computing sf for chromosome 'chr16'...
2022-01-01 03:07:21,922 - root - DEBUG - m=33, n=367
2022-01-01 03:07:21,932 - root - DEBUG - Processing 10-th line out of 33 rows of DP table...
2022-01-01 03:07:21,939 - root - DEBUG - Processing 20-th line out of 33 rows of DP table...
2022-01-01 03:07:21,943 - root - DEBUG - Processing 30-th line out of 33 rows of DP table...
2022-01-01 03:07:21,945 - root - DEBUG - Started computing sf for chromosome 'chr17'...
2022-01-01 03:07:21,947 - root - DEBUG - m=54, n=410
2022-01-01 03:07:21,964 - root - DEBUG - Processing 10-th line out of 54 rows of DP table...
2022-01-01 03:07:21,980 - root - DEBUG - Processing 20-th line out of 54 rows of DP table...
2022-01-01 03:07:22,011 - root - DEBUG - Processing 30-th line out of 54 rows of DP table...
2022-01-01 03:07:22,051 - root - DEBUG - Processing 40-th line out of 54 rows of DP table...
2022-01-01 03:07:22,073 - root - DEBUG - Processing 50-th line out of 54 rows of DP table...
2022-01-01 03:07:22,100 - root - DEBUG - Started computing sf for chromosome 'chr18'...
2022-01-01 03:07:22,131 - root - DEBUG - m=16, n=359
2022-01-01 03:07:22,169 - root - DEBUG - Processing 10-th line out of 16 rows of DP table...
2022-01-01 03:07:22,203 - root - DEBUG - Started computing sf for chromosome 'chr19'...
2022-01-01 03:07:22,242 - root - DEBUG - m=52, n=355
2022-01-01 03:07:22,266 - root - DEBUG - Processing 10-th line out of 52 rows of DP table...
2022-01-01 03:07:22,286 - root - DEBUG - Processing 20-th line out of 52 rows of DP table...
2022-01-01 03:07:22,313 - root - DEBUG - Processing 30-th line out of 52 rows of DP table...
2022-01-01 03:07:22,321 - root - DEBUG - Processing 40-th line out of 52 rows of DP table...
2022-01-01 03:07:22,325 - root - DEBUG - Processing 50-th line out of 52 rows of DP table...
2022-01-01 03:07:22,327 - root - DEBUG - Started computing sf for chromosome 'chr20'...
2022-01-01 03:07:22,328 - root - DEBUG - m=28, n=247
2022-01-01 03:07:22,337 - root - DEBUG - Processing 10-th line out of 28 rows of DP table...
2022-01-01 03:07:22,343 - root - DEBUG - Processing 20-th line out of 28 rows of DP table...
2022-01-01 03:07:22,345 - root - DEBUG - Started computing sf for chromosome 'chr21'...
2022-01-01 03:07:22,346 - root - DEBUG - m=7, n=198
2022-01-01 03:07:22,348 - root - DEBUG - Started computing sf for chromosome 'chr22'...
2022-01-01 03:07:22,349 - root - DEBUG - m=24, n=205
2022-01-01 03:07:22,357 - root - DEBUG - Processing 10-th line out of 24 rows of DP table...
2022-01-01 03:07:22,361 - root - DEBUG - Processing 20-th line out of 24 rows of DP table...
2022-01-01 03:07:22,362 - root - DEBUG - Started computing sf for chromosome 'chrX'...
2022-01-01 03:07:22,364 - root - DEBUG - m=1, n=337
2022-01-01 03:07:22,364 - root - DEBUG - Started computing sf for chromosome 'chrY'...
2022-01-01 03:07:22,366 - root - DEBUG - m=0, n=10
2022-01-01 03:07:22,366 - root - DEBUG - Started computing joint logprobs...
