2021-12-30 10:32:01,344 - root - INFO - Loading reference interval set from '../resources/zarrei2015-2/intervals/Curated-loss.lex-smallest.trans.tsv'...
2021-12-30 10:32:01,347 - root - INFO - Loading query interval set from '../resources/zarrei2015-2/cnv_intervals/inclusive.gain.tsv'...
2021-12-30 10:32:01,354 - root - INFO - Loading chromosome sizes from '../resources/experiment_original/iSTAT/data/hg19_chrom_sizes.txt'...
2021-12-30 10:32:01,360 - root - INFO - Number of reference intervals: 755 (767 before merging)
2021-12-30 10:32:01,360 - root - INFO - Number of query intervals: 3132 (3132 before merging)
2021-12-30 10:32:01,361 - root - INFO - Number of chromosomes: 24
2021-12-30 10:32:01,369 - root - INFO - Overlap count: 134
2021-12-30 10:32:01,370 - root - DEBUG - Started computing sf for chromosome 'chr1'...
2021-12-30 10:32:01,371 - root - DEBUG - m=48, n=244
2021-12-30 10:32:01,400 - root - DEBUG - Processing 10-th line out of 48 rows of DP table...
2021-12-30 10:32:01,424 - root - DEBUG - Processing 20-th line out of 48 rows of DP table...
2021-12-30 10:32:01,442 - root - DEBUG - Processing 30-th line out of 48 rows of DP table...
2021-12-30 10:32:01,453 - root - DEBUG - Processing 40-th line out of 48 rows of DP table...
2021-12-30 10:32:01,458 - root - DEBUG - Started computing sf for chromosome 'chr2'...
2021-12-30 10:32:01,459 - root - DEBUG - m=56, n=249
2021-12-30 10:32:01,493 - root - DEBUG - Processing 10-th line out of 56 rows of DP table...
2021-12-30 10:32:01,523 - root - DEBUG - Processing 20-th line out of 56 rows of DP table...
2021-12-30 10:32:01,546 - root - DEBUG - Processing 30-th line out of 56 rows of DP table...
2021-12-30 10:32:01,562 - root - DEBUG - Processing 40-th line out of 56 rows of DP table...
2021-12-30 10:32:01,572 - root - DEBUG - Processing 50-th line out of 56 rows of DP table...
2021-12-30 10:32:01,576 - root - DEBUG - Started computing sf for chromosome 'chr3'...
2021-12-30 10:32:01,577 - root - DEBUG - m=34, n=140
2021-12-30 10:32:01,597 - root - DEBUG - Processing 10-th line out of 34 rows of DP table...
2021-12-30 10:32:01,612 - root - DEBUG - Processing 20-th line out of 34 rows of DP table...
2021-12-30 10:32:01,620 - root - DEBUG - Processing 30-th line out of 34 rows of DP table...
2021-12-30 10:32:01,622 - root - DEBUG - Started computing sf for chromosome 'chr4'...
2021-12-30 10:32:01,624 - root - DEBUG - m=19, n=184
2021-12-30 10:32:01,634 - root - DEBUG - Processing 10-th line out of 19 rows of DP table...
2021-12-30 10:32:01,639 - root - DEBUG - Started computing sf for chromosome 'chr5'...
2021-12-30 10:32:01,640 - root - DEBUG - m=31, n=140
2021-12-30 10:32:01,659 - root - DEBUG - Processing 10-th line out of 31 rows of DP table...
2021-12-30 10:32:01,672 - root - DEBUG - Processing 20-th line out of 31 rows of DP table...
2021-12-30 10:32:01,678 - root - DEBUG - Processing 30-th line out of 31 rows of DP table...
2021-12-30 10:32:01,679 - root - DEBUG - Started computing sf for chromosome 'chr6'...
2021-12-30 10:32:01,680 - root - DEBUG - m=33, n=141
2021-12-30 10:32:01,700 - root - DEBUG - Processing 10-th line out of 33 rows of DP table...
2021-12-30 10:32:01,714 - root - DEBUG - Processing 20-th line out of 33 rows of DP table...
2021-12-30 10:32:01,721 - root - DEBUG - Processing 30-th line out of 33 rows of DP table...
2021-12-30 10:32:01,723 - root - DEBUG - Started computing sf for chromosome 'chr7'...
2021-12-30 10:32:01,724 - root - DEBUG - m=41, n=208
2021-12-30 10:32:01,749 - root - DEBUG - Processing 10-th line out of 41 rows of DP table...
2021-12-30 10:32:01,787 - root - DEBUG - Processing 20-th line out of 41 rows of DP table...
2021-12-30 10:32:01,799 - root - DEBUG - Processing 30-th line out of 41 rows of DP table...
2021-12-30 10:32:01,806 - root - DEBUG - Processing 40-th line out of 41 rows of DP table...
2021-12-30 10:32:01,807 - root - DEBUG - Started computing sf for chromosome 'chr8'...
2021-12-30 10:32:01,808 - root - DEBUG - m=19, n=148
2021-12-30 10:32:01,819 - root - DEBUG - Processing 10-th line out of 19 rows of DP table...
2021-12-30 10:32:01,824 - root - DEBUG - Started computing sf for chromosome 'chr9'...
2021-12-30 10:32:01,825 - root - DEBUG - m=23, n=187
2021-12-30 10:32:01,838 - root - DEBUG - Processing 10-th line out of 23 rows of DP table...
2021-12-30 10:32:01,845 - root - DEBUG - Processing 20-th line out of 23 rows of DP table...
2021-12-30 10:32:01,847 - root - DEBUG - Started computing sf for chromosome 'chr10'...
2021-12-30 10:32:01,848 - root - DEBUG - m=27, n=158
2021-12-30 10:32:01,864 - root - DEBUG - Processing 10-th line out of 27 rows of DP table...
2021-12-30 10:32:01,874 - root - DEBUG - Processing 20-th line out of 27 rows of DP table...
2021-12-30 10:32:01,877 - root - DEBUG - Started computing sf for chromosome 'chr11'...
2021-12-30 10:32:01,878 - root - DEBUG - m=38, n=145
2021-12-30 10:32:01,901 - root - DEBUG - Processing 10-th line out of 38 rows of DP table...
2021-12-30 10:32:01,918 - root - DEBUG - Processing 20-th line out of 38 rows of DP table...
2021-12-30 10:32:01,929 - root - DEBUG - Processing 30-th line out of 38 rows of DP table...
2021-12-30 10:32:01,933 - root - DEBUG - Started computing sf for chromosome 'chr12'...
2021-12-30 10:32:01,935 - root - DEBUG - m=21, n=141
2021-12-30 10:32:01,946 - root - DEBUG - Processing 10-th line out of 21 rows of DP table...
2021-12-30 10:32:01,953 - root - DEBUG - Processing 20-th line out of 21 rows of DP table...
2021-12-30 10:32:01,954 - root - DEBUG - Started computing sf for chromosome 'chr13'...
2021-12-30 10:32:01,955 - root - DEBUG - m=17, n=99
2021-12-30 10:32:01,964 - root - DEBUG - Processing 10-th line out of 17 rows of DP table...
2021-12-30 10:32:01,968 - root - DEBUG - Started computing sf for chromosome 'chr14'...
2021-12-30 10:32:01,969 - root - DEBUG - m=13, n=90
2021-12-30 10:32:01,975 - root - DEBUG - Processing 10-th line out of 13 rows of DP table...
2021-12-30 10:32:01,977 - root - DEBUG - Started computing sf for chromosome 'chr15'...
2021-12-30 10:32:01,979 - root - DEBUG - m=39, n=94
2021-12-30 10:32:02,003 - root - DEBUG - Processing 10-th line out of 39 rows of DP table...
2021-12-30 10:32:02,022 - root - DEBUG - Processing 20-th line out of 39 rows of DP table...
2021-12-30 10:32:02,034 - root - DEBUG - Processing 30-th line out of 39 rows of DP table...
2021-12-30 10:32:02,040 - root - DEBUG - Started computing sf for chromosome 'chr16'...
2021-12-30 10:32:02,041 - root - DEBUG - m=38, n=123
2021-12-30 10:32:02,063 - root - DEBUG - Processing 10-th line out of 38 rows of DP table...
2021-12-30 10:32:02,081 - root - DEBUG - Processing 20-th line out of 38 rows of DP table...
2021-12-30 10:32:02,093 - root - DEBUG - Processing 30-th line out of 38 rows of DP table...
2021-12-30 10:32:02,098 - root - DEBUG - Started computing sf for chromosome 'chr17'...
2021-12-30 10:32:02,099 - root - DEBUG - m=41, n=142
2021-12-30 10:32:02,124 - root - DEBUG - Processing 10-th line out of 41 rows of DP table...
2021-12-30 10:32:02,144 - root - DEBUG - Processing 20-th line out of 41 rows of DP table...
2021-12-30 10:32:02,157 - root - DEBUG - Processing 30-th line out of 41 rows of DP table...
2021-12-30 10:32:02,164 - root - DEBUG - Processing 40-th line out of 41 rows of DP table...
2021-12-30 10:32:02,166 - root - DEBUG - Started computing sf for chromosome 'chr18'...
2021-12-30 10:32:02,168 - root - DEBUG - m=11, n=75
2021-12-30 10:32:02,174 - root - DEBUG - Processing 10-th line out of 11 rows of DP table...
2021-12-30 10:32:02,175 - root - DEBUG - Started computing sf for chromosome 'chr19'...
2021-12-30 10:32:02,177 - root - DEBUG - m=19, n=110
2021-12-30 10:32:02,188 - root - DEBUG - Processing 10-th line out of 19 rows of DP table...
2021-12-30 10:32:02,193 - root - DEBUG - Started computing sf for chromosome 'chr20'...
2021-12-30 10:32:02,195 - root - DEBUG - m=16, n=74
2021-12-30 10:32:02,204 - root - DEBUG - Processing 10-th line out of 16 rows of DP table...
2021-12-30 10:32:02,208 - root - DEBUG - Started computing sf for chromosome 'chr21'...
2021-12-30 10:32:02,209 - root - DEBUG - m=13, n=28
2021-12-30 10:32:02,216 - root - DEBUG - Processing 10-th line out of 13 rows of DP table...
2021-12-30 10:32:02,219 - root - DEBUG - Started computing sf for chromosome 'chr22'...
2021-12-30 10:32:02,220 - root - DEBUG - m=25, n=66
2021-12-30 10:32:02,235 - root - DEBUG - Processing 10-th line out of 25 rows of DP table...
2021-12-30 10:32:02,245 - root - DEBUG - Processing 20-th line out of 25 rows of DP table...
2021-12-30 10:32:02,249 - root - DEBUG - Started computing sf for chromosome 'chrX'...
2021-12-30 10:32:02,251 - root - DEBUG - m=128, n=129
2021-12-30 10:32:02,331 - root - DEBUG - Processing 10-th line out of 128 rows of DP table...
2021-12-30 10:32:02,410 - root - DEBUG - Processing 20-th line out of 128 rows of DP table...
2021-12-30 10:32:02,481 - root - DEBUG - Processing 30-th line out of 128 rows of DP table...
2021-12-30 10:32:02,546 - root - DEBUG - Processing 40-th line out of 128 rows of DP table...
2021-12-30 10:32:02,603 - root - DEBUG - Processing 50-th line out of 128 rows of DP table...
2021-12-30 10:32:02,655 - root - DEBUG - Processing 60-th line out of 128 rows of DP table...
2021-12-30 10:32:02,699 - root - DEBUG - Processing 70-th line out of 128 rows of DP table...
2021-12-30 10:32:02,737 - root - DEBUG - Processing 80-th line out of 128 rows of DP table...
2021-12-30 10:32:02,769 - root - DEBUG - Processing 90-th line out of 128 rows of DP table...
2021-12-30 10:32:02,794 - root - DEBUG - Processing 100-th line out of 128 rows of DP table...
2021-12-30 10:32:02,812 - root - DEBUG - Processing 110-th line out of 128 rows of DP table...
2021-12-30 10:32:02,824 - root - DEBUG - Processing 120-th line out of 128 rows of DP table...
2021-12-30 10:32:02,830 - root - DEBUG - Started computing sf for chromosome 'chrY'...
2021-12-30 10:32:02,831 - root - DEBUG - m=5, n=17
2021-12-30 10:32:02,833 - root - DEBUG - Started computing joint logprobs...
