2022-01-01 16:01:19,705 - root - INFO - Loading reference interval set from '../resources/zarrei2015-2/intervals/Decipher-gain.lex-smallest.cds.tsv'...
2022-01-01 16:01:19,705 - root - INFO - Loading query interval set from '../resources/zarrei2015-2/cnv_intervals/inclusive.gain.tsv'...
2022-01-01 16:01:19,710 - root - INFO - Loading chromosome sizes from '../resources/experiment_original/iSTAT/data/hg19_chrom_sizes.txt'...
2022-01-01 16:01:19,713 - root - INFO - Number of reference intervals: 10 (10 before merging)
2022-01-01 16:01:19,713 - root - INFO - Number of query intervals: 3132 (3132 before merging)
2022-01-01 16:01:19,714 - root - INFO - Number of chromosomes: 24
2022-01-01 16:01:19,716 - root - INFO - Overlap count: 0
2022-01-01 16:01:19,716 - root - DEBUG - Started computing sf for chromosome 'chr1'...
2022-01-01 16:01:19,717 - root - DEBUG - m=0, n=244
2022-01-01 16:01:19,718 - root - DEBUG - Started computing sf for chromosome 'chr2'...
2022-01-01 16:01:19,719 - root - DEBUG - m=0, n=249
2022-01-01 16:01:19,719 - root - DEBUG - Started computing sf for chromosome 'chr3'...
2022-01-01 16:01:19,720 - root - DEBUG - m=0, n=140
2022-01-01 16:01:19,720 - root - DEBUG - Started computing sf for chromosome 'chr4'...
2022-01-01 16:01:19,721 - root - DEBUG - m=0, n=184
2022-01-01 16:01:19,723 - root - DEBUG - Started computing sf for chromosome 'chr5'...
2022-01-01 16:01:19,723 - root - DEBUG - m=1, n=140
2022-01-01 16:01:19,724 - root - DEBUG - Started computing sf for chromosome 'chr6'...
2022-01-01 16:01:19,725 - root - DEBUG - m=0, n=141
2022-01-01 16:01:19,726 - root - DEBUG - Started computing sf for chromosome 'chr7'...
2022-01-01 16:01:19,727 - root - DEBUG - m=0, n=208
2022-01-01 16:01:19,728 - root - DEBUG - Started computing sf for chromosome 'chr8'...
2022-01-01 16:01:19,729 - root - DEBUG - m=4, n=148
2022-01-01 16:01:19,730 - root - DEBUG - Started computing sf for chromosome 'chr9'...
2022-01-01 16:01:19,731 - root - DEBUG - m=0, n=187
2022-01-01 16:01:19,731 - root - DEBUG - Started computing sf for chromosome 'chr10'...
2022-01-01 16:01:19,732 - root - DEBUG - m=0, n=158
2022-01-01 16:01:19,733 - root - DEBUG - Started computing sf for chromosome 'chr11'...
2022-01-01 16:01:19,734 - root - DEBUG - m=0, n=145
2022-01-01 16:01:19,734 - root - DEBUG - Started computing sf for chromosome 'chr12'...
2022-01-01 16:01:19,735 - root - DEBUG - m=0, n=141
2022-01-01 16:01:19,736 - root - DEBUG - Started computing sf for chromosome 'chr13'...
2022-01-01 16:01:19,736 - root - DEBUG - m=0, n=99
2022-01-01 16:01:19,737 - root - DEBUG - Started computing sf for chromosome 'chr14'...
2022-01-01 16:01:19,738 - root - DEBUG - m=0, n=90
2022-01-01 16:01:19,739 - root - DEBUG - Started computing sf for chromosome 'chr15'...
2022-01-01 16:01:19,740 - root - DEBUG - m=0, n=94
2022-01-01 16:01:19,740 - root - DEBUG - Started computing sf for chromosome 'chr16'...
2022-01-01 16:01:19,741 - root - DEBUG - m=1, n=123
2022-01-01 16:01:19,742 - root - DEBUG - Started computing sf for chromosome 'chr17'...
2022-01-01 16:01:19,743 - root - DEBUG - m=1, n=142
2022-01-01 16:01:19,744 - root - DEBUG - Started computing sf for chromosome 'chr18'...
2022-01-01 16:01:19,745 - root - DEBUG - m=0, n=75
2022-01-01 16:01:19,745 - root - DEBUG - Started computing sf for chromosome 'chr19'...
2022-01-01 16:01:19,746 - root - DEBUG - m=0, n=110
2022-01-01 16:01:19,748 - root - DEBUG - Started computing sf for chromosome 'chr20'...
2022-01-01 16:01:19,749 - root - DEBUG - m=0, n=74
2022-01-01 16:01:19,750 - root - DEBUG - Started computing sf for chromosome 'chr21'...
2022-01-01 16:01:19,752 - root - DEBUG - m=1, n=28
2022-01-01 16:01:19,753 - root - DEBUG - Started computing sf for chromosome 'chr22'...
2022-01-01 16:01:19,755 - root - DEBUG - m=0, n=66
2022-01-01 16:01:19,756 - root - DEBUG - Started computing sf for chromosome 'chrX'...
2022-01-01 16:01:19,758 - root - DEBUG - m=2, n=129
2022-01-01 16:01:19,760 - root - DEBUG - Started computing sf for chromosome 'chrY'...
2022-01-01 16:01:19,761 - root - DEBUG - m=0, n=17
2022-01-01 16:01:19,763 - root - DEBUG - Started computing joint logprobs...
