2021-12-30 04:20:56,709 - root - INFO - Loading reference interval set from '../resources/zarrei2015-2/intervals/embryonic-lethal.all.intron.tsv'...
2021-12-30 04:20:56,735 - root - INFO - Loading query interval set from '../resources/zarrei2015-2/cnv_intervals/inclusive.gain.tsv'...
2021-12-30 04:20:56,740 - root - INFO - Loading chromosome sizes from '../resources/experiment_original/iSTAT/data/hg19_chrom_sizes.txt'...
2021-12-30 04:20:56,753 - root - INFO - Number of reference intervals: 5606 (22539 before merging)
2021-12-30 04:20:56,754 - root - INFO - Number of query intervals: 3132 (3132 before merging)
2021-12-30 04:20:56,755 - root - INFO - Number of chromosomes: 24
2021-12-30 04:20:56,763 - root - INFO - Overlap count: 171
2021-12-30 04:20:56,764 - root - DEBUG - Started computing sf for chromosome 'chr1'...
2021-12-30 04:20:56,765 - root - DEBUG - m=445, n=244
2021-12-30 04:20:56,906 - root - DEBUG - Processing 10-th line out of 445 rows of DP table...
2021-12-30 04:20:57,054 - root - DEBUG - Processing 20-th line out of 445 rows of DP table...
2021-12-30 04:20:57,198 - root - DEBUG - Processing 30-th line out of 445 rows of DP table...
2021-12-30 04:20:57,338 - root - DEBUG - Processing 40-th line out of 445 rows of DP table...
2021-12-30 04:20:57,475 - root - DEBUG - Processing 50-th line out of 445 rows of DP table...
2021-12-30 04:20:57,608 - root - DEBUG - Processing 60-th line out of 445 rows of DP table...
2021-12-30 04:20:57,739 - root - DEBUG - Processing 70-th line out of 445 rows of DP table...
2021-12-30 04:20:57,866 - root - DEBUG - Processing 80-th line out of 445 rows of DP table...
2021-12-30 04:20:57,989 - root - DEBUG - Processing 90-th line out of 445 rows of DP table...
2021-12-30 04:20:58,110 - root - DEBUG - Processing 100-th line out of 445 rows of DP table...
2021-12-30 04:20:58,227 - root - DEBUG - Processing 110-th line out of 445 rows of DP table...
2021-12-30 04:20:58,339 - root - DEBUG - Processing 120-th line out of 445 rows of DP table...
2021-12-30 04:20:58,449 - root - DEBUG - Processing 130-th line out of 445 rows of DP table...
2021-12-30 04:20:58,555 - root - DEBUG - Processing 140-th line out of 445 rows of DP table...
2021-12-30 04:20:58,658 - root - DEBUG - Processing 150-th line out of 445 rows of DP table...
2021-12-30 04:20:58,758 - root - DEBUG - Processing 160-th line out of 445 rows of DP table...
2021-12-30 04:20:58,854 - root - DEBUG - Processing 170-th line out of 445 rows of DP table...
2021-12-30 04:20:58,947 - root - DEBUG - Processing 180-th line out of 445 rows of DP table...
2021-12-30 04:20:59,038 - root - DEBUG - Processing 190-th line out of 445 rows of DP table...
2021-12-30 04:20:59,125 - root - DEBUG - Processing 200-th line out of 445 rows of DP table...
2021-12-30 04:20:59,208 - root - DEBUG - Processing 210-th line out of 445 rows of DP table...
2021-12-30 04:20:59,288 - root - DEBUG - Processing 220-th line out of 445 rows of DP table...
2021-12-30 04:20:59,364 - root - DEBUG - Processing 230-th line out of 445 rows of DP table...
2021-12-30 04:20:59,437 - root - DEBUG - Processing 240-th line out of 445 rows of DP table...
2021-12-30 04:20:59,507 - root - DEBUG - Processing 250-th line out of 445 rows of DP table...
2021-12-30 04:20:59,574 - root - DEBUG - Processing 260-th line out of 445 rows of DP table...
2021-12-30 04:20:59,638 - root - DEBUG - Processing 270-th line out of 445 rows of DP table...
2021-12-30 04:20:59,698 - root - DEBUG - Processing 280-th line out of 445 rows of DP table...
2021-12-30 04:20:59,755 - root - DEBUG - Processing 290-th line out of 445 rows of DP table...
2021-12-30 04:20:59,808 - root - DEBUG - Processing 300-th line out of 445 rows of DP table...
2021-12-30 04:20:59,859 - root - DEBUG - Processing 310-th line out of 445 rows of DP table...
2021-12-30 04:20:59,905 - root - DEBUG - Processing 320-th line out of 445 rows of DP table...
2021-12-30 04:20:59,948 - root - DEBUG - Processing 330-th line out of 445 rows of DP table...
2021-12-30 04:20:59,988 - root - DEBUG - Processing 340-th line out of 445 rows of DP table...
2021-12-30 04:21:00,025 - root - DEBUG - Processing 350-th line out of 445 rows of DP table...
2021-12-30 04:21:00,060 - root - DEBUG - Processing 360-th line out of 445 rows of DP table...
2021-12-30 04:21:00,090 - root - DEBUG - Processing 370-th line out of 445 rows of DP table...
2021-12-30 04:21:00,116 - root - DEBUG - Processing 380-th line out of 445 rows of DP table...
2021-12-30 04:21:00,140 - root - DEBUG - Processing 390-th line out of 445 rows of DP table...
2021-12-30 04:21:00,160 - root - DEBUG - Processing 400-th line out of 445 rows of DP table...
2021-12-30 04:21:00,177 - root - DEBUG - Processing 410-th line out of 445 rows of DP table...
2021-12-30 04:21:00,190 - root - DEBUG - Processing 420-th line out of 445 rows of DP table...
2021-12-30 04:21:00,200 - root - DEBUG - Processing 430-th line out of 445 rows of DP table...
2021-12-30 04:21:00,207 - root - DEBUG - Processing 440-th line out of 445 rows of DP table...
2021-12-30 04:21:00,211 - root - DEBUG - Started computing sf for chromosome 'chr2'...
2021-12-30 04:21:00,213 - root - DEBUG - m=924, n=249
2021-12-30 04:21:00,508 - root - DEBUG - Processing 10-th line out of 924 rows of DP table...
2021-12-30 04:21:00,817 - root - DEBUG - Processing 20-th line out of 924 rows of DP table...
2021-12-30 04:21:01,124 - root - DEBUG - Processing 30-th line out of 924 rows of DP table...
2021-12-30 04:21:01,426 - root - DEBUG - Processing 40-th line out of 924 rows of DP table...
2021-12-30 04:21:01,725 - root - DEBUG - Processing 50-th line out of 924 rows of DP table...
2021-12-30 04:21:02,020 - root - DEBUG - Processing 60-th line out of 924 rows of DP table...
2021-12-30 04:21:02,315 - root - DEBUG - Processing 70-th line out of 924 rows of DP table...
2021-12-30 04:21:02,605 - root - DEBUG - Processing 80-th line out of 924 rows of DP table...
2021-12-30 04:21:02,892 - root - DEBUG - Processing 90-th line out of 924 rows of DP table...
2021-12-30 04:21:03,176 - root - DEBUG - Processing 100-th line out of 924 rows of DP table...
2021-12-30 04:21:03,456 - root - DEBUG - Processing 110-th line out of 924 rows of DP table...
2021-12-30 04:21:03,732 - root - DEBUG - Processing 120-th line out of 924 rows of DP table...
2021-12-30 04:21:04,004 - root - DEBUG - Processing 130-th line out of 924 rows of DP table...
2021-12-30 04:21:04,273 - root - DEBUG - Processing 140-th line out of 924 rows of DP table...
2021-12-30 04:21:04,540 - root - DEBUG - Processing 150-th line out of 924 rows of DP table...
2021-12-30 04:21:04,803 - root - DEBUG - Processing 160-th line out of 924 rows of DP table...
2021-12-30 04:21:05,064 - root - DEBUG - Processing 170-th line out of 924 rows of DP table...
2021-12-30 04:21:05,323 - root - DEBUG - Processing 180-th line out of 924 rows of DP table...
2021-12-30 04:21:05,576 - root - DEBUG - Processing 190-th line out of 924 rows of DP table...
2021-12-30 04:21:05,827 - root - DEBUG - Processing 200-th line out of 924 rows of DP table...
2021-12-30 04:21:06,075 - root - DEBUG - Processing 210-th line out of 924 rows of DP table...
2021-12-30 04:21:06,320 - root - DEBUG - Processing 220-th line out of 924 rows of DP table...
2021-12-30 04:21:06,562 - root - DEBUG - Processing 230-th line out of 924 rows of DP table...
2021-12-30 04:21:06,801 - root - DEBUG - Processing 240-th line out of 924 rows of DP table...
2021-12-30 04:21:07,036 - root - DEBUG - Processing 250-th line out of 924 rows of DP table...
2021-12-30 04:21:07,269 - root - DEBUG - Processing 260-th line out of 924 rows of DP table...
2021-12-30 04:21:07,496 - root - DEBUG - Processing 270-th line out of 924 rows of DP table...
2021-12-30 04:21:07,721 - root - DEBUG - Processing 280-th line out of 924 rows of DP table...
2021-12-30 04:21:07,943 - root - DEBUG - Processing 290-th line out of 924 rows of DP table...
2021-12-30 04:21:08,162 - root - DEBUG - Processing 300-th line out of 924 rows of DP table...
2021-12-30 04:21:08,378 - root - DEBUG - Processing 310-th line out of 924 rows of DP table...
2021-12-30 04:21:08,589 - root - DEBUG - Processing 320-th line out of 924 rows of DP table...
2021-12-30 04:21:08,797 - root - DEBUG - Processing 330-th line out of 924 rows of DP table...
2021-12-30 04:21:09,002 - root - DEBUG - Processing 340-th line out of 924 rows of DP table...
2021-12-30 04:21:09,205 - root - DEBUG - Processing 350-th line out of 924 rows of DP table...
2021-12-30 04:21:09,404 - root - DEBUG - Processing 360-th line out of 924 rows of DP table...
2021-12-30 04:21:09,599 - root - DEBUG - Processing 370-th line out of 924 rows of DP table...
2021-12-30 04:21:09,792 - root - DEBUG - Processing 380-th line out of 924 rows of DP table...
2021-12-30 04:21:09,981 - root - DEBUG - Processing 390-th line out of 924 rows of DP table...
2021-12-30 04:21:10,166 - root - DEBUG - Processing 400-th line out of 924 rows of DP table...
2021-12-30 04:21:10,349 - root - DEBUG - Processing 410-th line out of 924 rows of DP table...
2021-12-30 04:21:10,527 - root - DEBUG - Processing 420-th line out of 924 rows of DP table...
2021-12-30 04:21:10,702 - root - DEBUG - Processing 430-th line out of 924 rows of DP table...
2021-12-30 04:21:10,874 - root - DEBUG - Processing 440-th line out of 924 rows of DP table...
2021-12-30 04:21:11,043 - root - DEBUG - Processing 450-th line out of 924 rows of DP table...
2021-12-30 04:21:11,208 - root - DEBUG - Processing 460-th line out of 924 rows of DP table...
2021-12-30 04:21:11,370 - root - DEBUG - Processing 470-th line out of 924 rows of DP table...
2021-12-30 04:21:11,529 - root - DEBUG - Processing 480-th line out of 924 rows of DP table...
2021-12-30 04:21:11,684 - root - DEBUG - Processing 490-th line out of 924 rows of DP table...
2021-12-30 04:21:11,836 - root - DEBUG - Processing 500-th line out of 924 rows of DP table...
2021-12-30 04:21:11,984 - root - DEBUG - Processing 510-th line out of 924 rows of DP table...
2021-12-30 04:21:12,130 - root - DEBUG - Processing 520-th line out of 924 rows of DP table...
2021-12-30 04:21:12,279 - root - DEBUG - Processing 530-th line out of 924 rows of DP table...
2021-12-30 04:21:12,428 - root - DEBUG - Processing 540-th line out of 924 rows of DP table...
2021-12-30 04:21:12,561 - root - DEBUG - Processing 550-th line out of 924 rows of DP table...
2021-12-30 04:21:12,692 - root - DEBUG - Processing 560-th line out of 924 rows of DP table...
2021-12-30 04:21:12,819 - root - DEBUG - Processing 570-th line out of 924 rows of DP table...
2021-12-30 04:21:12,943 - root - DEBUG - Processing 580-th line out of 924 rows of DP table...
2021-12-30 04:21:13,063 - root - DEBUG - Processing 590-th line out of 924 rows of DP table...
2021-12-30 04:21:13,181 - root - DEBUG - Processing 600-th line out of 924 rows of DP table...
2021-12-30 04:21:13,296 - root - DEBUG - Processing 610-th line out of 924 rows of DP table...
2021-12-30 04:21:13,406 - root - DEBUG - Processing 620-th line out of 924 rows of DP table...
2021-12-30 04:21:13,512 - root - DEBUG - Processing 630-th line out of 924 rows of DP table...
2021-12-30 04:21:13,615 - root - DEBUG - Processing 640-th line out of 924 rows of DP table...
2021-12-30 04:21:13,714 - root - DEBUG - Processing 650-th line out of 924 rows of DP table...
2021-12-30 04:21:13,822 - root - DEBUG - Processing 660-th line out of 924 rows of DP table...
2021-12-30 04:21:13,930 - root - DEBUG - Processing 670-th line out of 924 rows of DP table...
2021-12-30 04:21:14,018 - root - DEBUG - Processing 680-th line out of 924 rows of DP table...
2021-12-30 04:21:14,104 - root - DEBUG - Processing 690-th line out of 924 rows of DP table...
2021-12-30 04:21:14,186 - root - DEBUG - Processing 700-th line out of 924 rows of DP table...
2021-12-30 04:21:14,265 - root - DEBUG - Processing 710-th line out of 924 rows of DP table...
2021-12-30 04:21:14,341 - root - DEBUG - Processing 720-th line out of 924 rows of DP table...
2021-12-30 04:21:14,413 - root - DEBUG - Processing 730-th line out of 924 rows of DP table...
2021-12-30 04:21:14,483 - root - DEBUG - Processing 740-th line out of 924 rows of DP table...
2021-12-30 04:21:14,548 - root - DEBUG - Processing 750-th line out of 924 rows of DP table...
2021-12-30 04:21:14,611 - root - DEBUG - Processing 760-th line out of 924 rows of DP table...
2021-12-30 04:21:14,670 - root - DEBUG - Processing 770-th line out of 924 rows of DP table...
2021-12-30 04:21:14,726 - root - DEBUG - Processing 780-th line out of 924 rows of DP table...
2021-12-30 04:21:14,778 - root - DEBUG - Processing 790-th line out of 924 rows of DP table...
2021-12-30 04:21:14,827 - root - DEBUG - Processing 800-th line out of 924 rows of DP table...
2021-12-30 04:21:14,872 - root - DEBUG - Processing 810-th line out of 924 rows of DP table...
2021-12-30 04:21:14,913 - root - DEBUG - Processing 820-th line out of 924 rows of DP table...
2021-12-30 04:21:14,952 - root - DEBUG - Processing 830-th line out of 924 rows of DP table...
2021-12-30 04:21:14,987 - root - DEBUG - Processing 840-th line out of 924 rows of DP table...
2021-12-30 04:21:15,019 - root - DEBUG - Processing 850-th line out of 924 rows of DP table...
2021-12-30 04:21:15,047 - root - DEBUG - Processing 860-th line out of 924 rows of DP table...
2021-12-30 04:21:15,072 - root - DEBUG - Processing 870-th line out of 924 rows of DP table...
2021-12-30 04:21:15,094 - root - DEBUG - Processing 880-th line out of 924 rows of DP table...
2021-12-30 04:21:15,113 - root - DEBUG - Processing 890-th line out of 924 rows of DP table...
2021-12-30 04:21:15,128 - root - DEBUG - Processing 900-th line out of 924 rows of DP table...
2021-12-30 04:21:15,141 - root - DEBUG - Processing 910-th line out of 924 rows of DP table...
2021-12-30 04:21:15,150 - root - DEBUG - Processing 920-th line out of 924 rows of DP table...
2021-12-30 04:21:15,158 - root - DEBUG - Started computing sf for chromosome 'chr3'...
2021-12-30 04:21:15,160 - root - DEBUG - m=282, n=140
2021-12-30 04:21:15,252 - root - DEBUG - Processing 10-th line out of 282 rows of DP table...
2021-12-30 04:21:15,346 - root - DEBUG - Processing 20-th line out of 282 rows of DP table...
2021-12-30 04:21:15,435 - root - DEBUG - Processing 30-th line out of 282 rows of DP table...
2021-12-30 04:21:15,523 - root - DEBUG - Processing 40-th line out of 282 rows of DP table...
2021-12-30 04:21:15,606 - root - DEBUG - Processing 50-th line out of 282 rows of DP table...
2021-12-30 04:21:15,685 - root - DEBUG - Processing 60-th line out of 282 rows of DP table...
2021-12-30 04:21:15,762 - root - DEBUG - Processing 70-th line out of 282 rows of DP table...
2021-12-30 04:21:15,834 - root - DEBUG - Processing 80-th line out of 282 rows of DP table...
2021-12-30 04:21:15,904 - root - DEBUG - Processing 90-th line out of 282 rows of DP table...
2021-12-30 04:21:15,970 - root - DEBUG - Processing 100-th line out of 282 rows of DP table...
2021-12-30 04:21:16,033 - root - DEBUG - Processing 110-th line out of 282 rows of DP table...
2021-12-30 04:21:16,092 - root - DEBUG - Processing 120-th line out of 282 rows of DP table...
2021-12-30 04:21:16,148 - root - DEBUG - Processing 130-th line out of 282 rows of DP table...
2021-12-30 04:21:16,202 - root - DEBUG - Processing 140-th line out of 282 rows of DP table...
2021-12-30 04:21:16,251 - root - DEBUG - Processing 150-th line out of 282 rows of DP table...
2021-12-30 04:21:16,299 - root - DEBUG - Processing 160-th line out of 282 rows of DP table...
2021-12-30 04:21:16,360 - root - DEBUG - Processing 170-th line out of 282 rows of DP table...
2021-12-30 04:21:16,400 - root - DEBUG - Processing 180-th line out of 282 rows of DP table...
2021-12-30 04:21:16,437 - root - DEBUG - Processing 190-th line out of 282 rows of DP table...
2021-12-30 04:21:16,470 - root - DEBUG - Processing 200-th line out of 282 rows of DP table...
2021-12-30 04:21:16,499 - root - DEBUG - Processing 210-th line out of 282 rows of DP table...
2021-12-30 04:21:16,527 - root - DEBUG - Processing 220-th line out of 282 rows of DP table...
2021-12-30 04:21:16,574 - root - DEBUG - Processing 230-th line out of 282 rows of DP table...
2021-12-30 04:21:16,593 - root - DEBUG - Processing 240-th line out of 282 rows of DP table...
2021-12-30 04:21:16,608 - root - DEBUG - Processing 250-th line out of 282 rows of DP table...
2021-12-30 04:21:16,620 - root - DEBUG - Processing 260-th line out of 282 rows of DP table...
2021-12-30 04:21:16,629 - root - DEBUG - Processing 270-th line out of 282 rows of DP table...
2021-12-30 04:21:16,634 - root - DEBUG - Processing 280-th line out of 282 rows of DP table...
2021-12-30 04:21:16,636 - root - DEBUG - Started computing sf for chromosome 'chr4'...
2021-12-30 04:21:16,638 - root - DEBUG - m=293, n=184
2021-12-30 04:21:16,730 - root - DEBUG - Processing 10-th line out of 293 rows of DP table...
2021-12-30 04:21:16,825 - root - DEBUG - Processing 20-th line out of 293 rows of DP table...
2021-12-30 04:21:16,917 - root - DEBUG - Processing 30-th line out of 293 rows of DP table...
2021-12-30 04:21:17,005 - root - DEBUG - Processing 40-th line out of 293 rows of DP table...
2021-12-30 04:21:17,090 - root - DEBUG - Processing 50-th line out of 293 rows of DP table...
2021-12-30 04:21:17,172 - root - DEBUG - Processing 60-th line out of 293 rows of DP table...
2021-12-30 04:21:17,251 - root - DEBUG - Processing 70-th line out of 293 rows of DP table...
2021-12-30 04:21:17,326 - root - DEBUG - Processing 80-th line out of 293 rows of DP table...
2021-12-30 04:21:17,400 - root - DEBUG - Processing 90-th line out of 293 rows of DP table...
2021-12-30 04:21:17,469 - root - DEBUG - Processing 100-th line out of 293 rows of DP table...
2021-12-30 04:21:17,535 - root - DEBUG - Processing 110-th line out of 293 rows of DP table...
2021-12-30 04:21:17,597 - root - DEBUG - Processing 120-th line out of 293 rows of DP table...
2021-12-30 04:21:17,656 - root - DEBUG - Processing 130-th line out of 293 rows of DP table...
2021-12-30 04:21:17,712 - root - DEBUG - Processing 140-th line out of 293 rows of DP table...
2021-12-30 04:21:17,765 - root - DEBUG - Processing 150-th line out of 293 rows of DP table...
2021-12-30 04:21:17,814 - root - DEBUG - Processing 160-th line out of 293 rows of DP table...
2021-12-30 04:21:17,860 - root - DEBUG - Processing 170-th line out of 293 rows of DP table...
2021-12-30 04:21:17,902 - root - DEBUG - Processing 180-th line out of 293 rows of DP table...
2021-12-30 04:21:17,941 - root - DEBUG - Processing 190-th line out of 293 rows of DP table...
2021-12-30 04:21:17,977 - root - DEBUG - Processing 200-th line out of 293 rows of DP table...
2021-12-30 04:21:18,009 - root - DEBUG - Processing 210-th line out of 293 rows of DP table...
2021-12-30 04:21:18,038 - root - DEBUG - Processing 220-th line out of 293 rows of DP table...
2021-12-30 04:21:18,063 - root - DEBUG - Processing 230-th line out of 293 rows of DP table...
2021-12-30 04:21:18,086 - root - DEBUG - Processing 240-th line out of 293 rows of DP table...
2021-12-30 04:21:18,104 - root - DEBUG - Processing 250-th line out of 293 rows of DP table...
2021-12-30 04:21:18,119 - root - DEBUG - Processing 260-th line out of 293 rows of DP table...
2021-12-30 04:21:18,131 - root - DEBUG - Processing 270-th line out of 293 rows of DP table...
2021-12-30 04:21:18,140 - root - DEBUG - Processing 280-th line out of 293 rows of DP table...
2021-12-30 04:21:18,145 - root - DEBUG - Processing 290-th line out of 293 rows of DP table...
2021-12-30 04:21:18,148 - root - DEBUG - Started computing sf for chromosome 'chr5'...
2021-12-30 04:21:18,150 - root - DEBUG - m=200, n=140
2021-12-30 04:21:18,214 - root - DEBUG - Processing 10-th line out of 200 rows of DP table...
2021-12-30 04:21:18,278 - root - DEBUG - Processing 20-th line out of 200 rows of DP table...
2021-12-30 04:21:18,339 - root - DEBUG - Processing 30-th line out of 200 rows of DP table...
2021-12-30 04:21:18,398 - root - DEBUG - Processing 40-th line out of 200 rows of DP table...
2021-12-30 04:21:18,453 - root - DEBUG - Processing 50-th line out of 200 rows of DP table...
2021-12-30 04:21:18,504 - root - DEBUG - Processing 60-th line out of 200 rows of DP table...
2021-12-30 04:21:18,552 - root - DEBUG - Processing 70-th line out of 200 rows of DP table...
2021-12-30 04:21:18,597 - root - DEBUG - Processing 80-th line out of 200 rows of DP table...
2021-12-30 04:21:18,638 - root - DEBUG - Processing 90-th line out of 200 rows of DP table...
2021-12-30 04:21:18,676 - root - DEBUG - Processing 100-th line out of 200 rows of DP table...
2021-12-30 04:21:18,711 - root - DEBUG - Processing 110-th line out of 200 rows of DP table...
2021-12-30 04:21:18,742 - root - DEBUG - Processing 120-th line out of 200 rows of DP table...
2021-12-30 04:21:18,770 - root - DEBUG - Processing 130-th line out of 200 rows of DP table...
2021-12-30 04:21:18,795 - root - DEBUG - Processing 140-th line out of 200 rows of DP table...
2021-12-30 04:21:18,816 - root - DEBUG - Processing 150-th line out of 200 rows of DP table...
2021-12-30 04:21:18,833 - root - DEBUG - Processing 160-th line out of 200 rows of DP table...
2021-12-30 04:21:18,847 - root - DEBUG - Processing 170-th line out of 200 rows of DP table...
2021-12-30 04:21:18,858 - root - DEBUG - Processing 180-th line out of 200 rows of DP table...
2021-12-30 04:21:18,865 - root - DEBUG - Processing 190-th line out of 200 rows of DP table...
2021-12-30 04:21:18,869 - root - DEBUG - Processing 200-th line out of 200 rows of DP table...
2021-12-30 04:21:18,871 - root - DEBUG - Started computing sf for chromosome 'chr6'...
2021-12-30 04:21:18,872 - root - DEBUG - m=111, n=141
2021-12-30 04:21:18,908 - root - DEBUG - Processing 10-th line out of 111 rows of DP table...
2021-12-30 04:21:18,942 - root - DEBUG - Processing 20-th line out of 111 rows of DP table...
2021-12-30 04:21:18,973 - root - DEBUG - Processing 30-th line out of 111 rows of DP table...
2021-12-30 04:21:19,001 - root - DEBUG - Processing 40-th line out of 111 rows of DP table...
2021-12-30 04:21:19,025 - root - DEBUG - Processing 50-th line out of 111 rows of DP table...
2021-12-30 04:21:19,046 - root - DEBUG - Processing 60-th line out of 111 rows of DP table...
2021-12-30 04:21:19,063 - root - DEBUG - Processing 70-th line out of 111 rows of DP table...
2021-12-30 04:21:19,077 - root - DEBUG - Processing 80-th line out of 111 rows of DP table...
2021-12-30 04:21:19,088 - root - DEBUG - Processing 90-th line out of 111 rows of DP table...
2021-12-30 04:21:19,095 - root - DEBUG - Processing 100-th line out of 111 rows of DP table...
2021-12-30 04:21:19,099 - root - DEBUG - Processing 110-th line out of 111 rows of DP table...
2021-12-30 04:21:19,100 - root - DEBUG - Started computing sf for chromosome 'chr7'...
2021-12-30 04:21:19,102 - root - DEBUG - m=238, n=208
2021-12-30 04:21:19,178 - root - DEBUG - Processing 10-th line out of 238 rows of DP table...
2021-12-30 04:21:19,255 - root - DEBUG - Processing 20-th line out of 238 rows of DP table...
2021-12-30 04:21:19,329 - root - DEBUG - Processing 30-th line out of 238 rows of DP table...
2021-12-30 04:21:19,400 - root - DEBUG - Processing 40-th line out of 238 rows of DP table...
2021-12-30 04:21:19,468 - root - DEBUG - Processing 50-th line out of 238 rows of DP table...
2021-12-30 04:21:19,533 - root - DEBUG - Processing 60-th line out of 238 rows of DP table...
2021-12-30 04:21:19,594 - root - DEBUG - Processing 70-th line out of 238 rows of DP table...
2021-12-30 04:21:19,651 - root - DEBUG - Processing 80-th line out of 238 rows of DP table...
2021-12-30 04:21:19,705 - root - DEBUG - Processing 90-th line out of 238 rows of DP table...
2021-12-30 04:21:19,756 - root - DEBUG - Processing 100-th line out of 238 rows of DP table...
2021-12-30 04:21:19,804 - root - DEBUG - Processing 110-th line out of 238 rows of DP table...
2021-12-30 04:21:19,848 - root - DEBUG - Processing 120-th line out of 238 rows of DP table...
2021-12-30 04:21:19,889 - root - DEBUG - Processing 130-th line out of 238 rows of DP table...
2021-12-30 04:21:19,926 - root - DEBUG - Processing 140-th line out of 238 rows of DP table...
2021-12-30 04:21:19,959 - root - DEBUG - Processing 150-th line out of 238 rows of DP table...
2021-12-30 04:21:19,989 - root - DEBUG - Processing 160-th line out of 238 rows of DP table...
2021-12-30 04:21:20,016 - root - DEBUG - Processing 170-th line out of 238 rows of DP table...
2021-12-30 04:21:20,039 - root - DEBUG - Processing 180-th line out of 238 rows of DP table...
2021-12-30 04:21:20,059 - root - DEBUG - Processing 190-th line out of 238 rows of DP table...
2021-12-30 04:21:20,076 - root - DEBUG - Processing 200-th line out of 238 rows of DP table...
2021-12-30 04:21:20,090 - root - DEBUG - Processing 210-th line out of 238 rows of DP table...
2021-12-30 04:21:20,100 - root - DEBUG - Processing 220-th line out of 238 rows of DP table...
2021-12-30 04:21:20,106 - root - DEBUG - Processing 230-th line out of 238 rows of DP table...
2021-12-30 04:21:20,111 - root - DEBUG - Started computing sf for chromosome 'chr8'...
2021-12-30 04:21:20,112 - root - DEBUG - m=235, n=148
2021-12-30 04:21:20,186 - root - DEBUG - Processing 10-th line out of 235 rows of DP table...
2021-12-30 04:21:20,261 - root - DEBUG - Processing 20-th line out of 235 rows of DP table...
2021-12-30 04:21:20,333 - root - DEBUG - Processing 30-th line out of 235 rows of DP table...
2021-12-30 04:21:20,402 - root - DEBUG - Processing 40-th line out of 235 rows of DP table...
2021-12-30 04:21:20,468 - root - DEBUG - Processing 50-th line out of 235 rows of DP table...
2021-12-30 04:21:20,531 - root - DEBUG - Processing 60-th line out of 235 rows of DP table...
2021-12-30 04:21:20,590 - root - DEBUG - Processing 70-th line out of 235 rows of DP table...
2021-12-30 04:21:20,645 - root - DEBUG - Processing 80-th line out of 235 rows of DP table...
2021-12-30 04:21:20,697 - root - DEBUG - Processing 90-th line out of 235 rows of DP table...
2021-12-30 04:21:20,747 - root - DEBUG - Processing 100-th line out of 235 rows of DP table...
2021-12-30 04:21:20,792 - root - DEBUG - Processing 110-th line out of 235 rows of DP table...
2021-12-30 04:21:20,835 - root - DEBUG - Processing 120-th line out of 235 rows of DP table...
2021-12-30 04:21:20,874 - root - DEBUG - Processing 130-th line out of 235 rows of DP table...
2021-12-30 04:21:20,910 - root - DEBUG - Processing 140-th line out of 235 rows of DP table...
2021-12-30 04:21:20,942 - root - DEBUG - Processing 150-th line out of 235 rows of DP table...
2021-12-30 04:21:20,971 - root - DEBUG - Processing 160-th line out of 235 rows of DP table...
2021-12-30 04:21:20,997 - root - DEBUG - Processing 170-th line out of 235 rows of DP table...
2021-12-30 04:21:21,020 - root - DEBUG - Processing 180-th line out of 235 rows of DP table...
2021-12-30 04:21:21,039 - root - DEBUG - Processing 190-th line out of 235 rows of DP table...
2021-12-30 04:21:21,054 - root - DEBUG - Processing 200-th line out of 235 rows of DP table...
2021-12-30 04:21:21,067 - root - DEBUG - Processing 210-th line out of 235 rows of DP table...
2021-12-30 04:21:21,076 - root - DEBUG - Processing 220-th line out of 235 rows of DP table...
2021-12-30 04:21:21,081 - root - DEBUG - Processing 230-th line out of 235 rows of DP table...
2021-12-30 04:21:21,085 - root - DEBUG - Started computing sf for chromosome 'chr9'...
2021-12-30 04:21:21,086 - root - DEBUG - m=229, n=187
2021-12-30 04:21:21,159 - root - DEBUG - Processing 10-th line out of 229 rows of DP table...
2021-12-30 04:21:21,232 - root - DEBUG - Processing 20-th line out of 229 rows of DP table...
2021-12-30 04:21:21,302 - root - DEBUG - Processing 30-th line out of 229 rows of DP table...
2021-12-30 04:21:21,370 - root - DEBUG - Processing 40-th line out of 229 rows of DP table...
2021-12-30 04:21:21,433 - root - DEBUG - Processing 50-th line out of 229 rows of DP table...
2021-12-30 04:21:21,495 - root - DEBUG - Processing 60-th line out of 229 rows of DP table...
2021-12-30 04:21:21,552 - root - DEBUG - Processing 70-th line out of 229 rows of DP table...
2021-12-30 04:21:21,606 - root - DEBUG - Processing 80-th line out of 229 rows of DP table...
2021-12-30 04:21:21,656 - root - DEBUG - Processing 90-th line out of 229 rows of DP table...
2021-12-30 04:21:21,704 - root - DEBUG - Processing 100-th line out of 229 rows of DP table...
2021-12-30 04:21:21,748 - root - DEBUG - Processing 110-th line out of 229 rows of DP table...
2021-12-30 04:21:21,789 - root - DEBUG - Processing 120-th line out of 229 rows of DP table...
2021-12-30 04:21:21,826 - root - DEBUG - Processing 130-th line out of 229 rows of DP table...
2021-12-30 04:21:21,860 - root - DEBUG - Processing 140-th line out of 229 rows of DP table...
2021-12-30 04:21:21,891 - root - DEBUG - Processing 150-th line out of 229 rows of DP table...
2021-12-30 04:21:21,918 - root - DEBUG - Processing 160-th line out of 229 rows of DP table...
2021-12-30 04:21:21,942 - root - DEBUG - Processing 170-th line out of 229 rows of DP table...
2021-12-30 04:21:21,963 - root - DEBUG - Processing 180-th line out of 229 rows of DP table...
2021-12-30 04:21:21,980 - root - DEBUG - Processing 190-th line out of 229 rows of DP table...
2021-12-30 04:21:21,993 - root - DEBUG - Processing 200-th line out of 229 rows of DP table...
2021-12-30 04:21:22,003 - root - DEBUG - Processing 210-th line out of 229 rows of DP table...
2021-12-30 04:21:22,010 - root - DEBUG - Processing 220-th line out of 229 rows of DP table...
2021-12-30 04:21:22,015 - root - DEBUG - Started computing sf for chromosome 'chr10'...
2021-12-30 04:21:22,016 - root - DEBUG - m=206, n=158
2021-12-30 04:21:22,082 - root - DEBUG - Processing 10-th line out of 206 rows of DP table...
2021-12-30 04:21:22,148 - root - DEBUG - Processing 20-th line out of 206 rows of DP table...
2021-12-30 04:21:22,210 - root - DEBUG - Processing 30-th line out of 206 rows of DP table...
2021-12-30 04:21:22,270 - root - DEBUG - Processing 40-th line out of 206 rows of DP table...
2021-12-30 04:21:22,325 - root - DEBUG - Processing 50-th line out of 206 rows of DP table...
2021-12-30 04:21:22,378 - root - DEBUG - Processing 60-th line out of 206 rows of DP table...
2021-12-30 04:21:22,427 - root - DEBUG - Processing 70-th line out of 206 rows of DP table...
2021-12-30 04:21:22,473 - root - DEBUG - Processing 80-th line out of 206 rows of DP table...
2021-12-30 04:21:22,518 - root - DEBUG - Processing 90-th line out of 206 rows of DP table...
2021-12-30 04:21:22,557 - root - DEBUG - Processing 100-th line out of 206 rows of DP table...
2021-12-30 04:21:22,594 - root - DEBUG - Processing 110-th line out of 206 rows of DP table...
2021-12-30 04:21:22,627 - root - DEBUG - Processing 120-th line out of 206 rows of DP table...
2021-12-30 04:21:22,657 - root - DEBUG - Processing 130-th line out of 206 rows of DP table...
2021-12-30 04:21:22,683 - root - DEBUG - Processing 140-th line out of 206 rows of DP table...
2021-12-30 04:21:22,706 - root - DEBUG - Processing 150-th line out of 206 rows of DP table...
2021-12-30 04:21:22,726 - root - DEBUG - Processing 160-th line out of 206 rows of DP table...
2021-12-30 04:21:22,742 - root - DEBUG - Processing 170-th line out of 206 rows of DP table...
2021-12-30 04:21:22,755 - root - DEBUG - Processing 180-th line out of 206 rows of DP table...
2021-12-30 04:21:22,765 - root - DEBUG - Processing 190-th line out of 206 rows of DP table...
2021-12-30 04:21:22,771 - root - DEBUG - Processing 200-th line out of 206 rows of DP table...
2021-12-30 04:21:22,775 - root - DEBUG - Started computing sf for chromosome 'chr11'...
2021-12-30 04:21:22,777 - root - DEBUG - m=345, n=145
2021-12-30 04:21:22,889 - root - DEBUG - Processing 10-th line out of 345 rows of DP table...
2021-12-30 04:21:23,003 - root - DEBUG - Processing 20-th line out of 345 rows of DP table...
2021-12-30 04:21:23,113 - root - DEBUG - Processing 30-th line out of 345 rows of DP table...
2021-12-30 04:21:23,221 - root - DEBUG - Processing 40-th line out of 345 rows of DP table...
2021-12-30 04:21:23,324 - root - DEBUG - Processing 50-th line out of 345 rows of DP table...
2021-12-30 04:21:23,425 - root - DEBUG - Processing 60-th line out of 345 rows of DP table...
2021-12-30 04:21:23,524 - root - DEBUG - Processing 70-th line out of 345 rows of DP table...
2021-12-30 04:21:23,618 - root - DEBUG - Processing 80-th line out of 345 rows of DP table...
2021-12-30 04:21:23,708 - root - DEBUG - Processing 90-th line out of 345 rows of DP table...
2021-12-30 04:21:23,795 - root - DEBUG - Processing 100-th line out of 345 rows of DP table...
2021-12-30 04:21:23,879 - root - DEBUG - Processing 110-th line out of 345 rows of DP table...
2021-12-30 04:21:23,960 - root - DEBUG - Processing 120-th line out of 345 rows of DP table...
2021-12-30 04:21:24,037 - root - DEBUG - Processing 130-th line out of 345 rows of DP table...
2021-12-30 04:21:24,111 - root - DEBUG - Processing 140-th line out of 345 rows of DP table...
2021-12-30 04:21:24,181 - root - DEBUG - Processing 150-th line out of 345 rows of DP table...
2021-12-30 04:21:24,248 - root - DEBUG - Processing 160-th line out of 345 rows of DP table...
2021-12-30 04:21:24,311 - root - DEBUG - Processing 170-th line out of 345 rows of DP table...
2021-12-30 04:21:24,371 - root - DEBUG - Processing 180-th line out of 345 rows of DP table...
2021-12-30 04:21:24,428 - root - DEBUG - Processing 190-th line out of 345 rows of DP table...
2021-12-30 04:21:24,481 - root - DEBUG - Processing 200-th line out of 345 rows of DP table...
2021-12-30 04:21:24,532 - root - DEBUG - Processing 210-th line out of 345 rows of DP table...
2021-12-30 04:21:24,578 - root - DEBUG - Processing 220-th line out of 345 rows of DP table...
2021-12-30 04:21:24,622 - root - DEBUG - Processing 230-th line out of 345 rows of DP table...
2021-12-30 04:21:24,662 - root - DEBUG - Processing 240-th line out of 345 rows of DP table...
2021-12-30 04:21:24,699 - root - DEBUG - Processing 250-th line out of 345 rows of DP table...
2021-12-30 04:21:24,733 - root - DEBUG - Processing 260-th line out of 345 rows of DP table...
2021-12-30 04:21:24,764 - root - DEBUG - Processing 270-th line out of 345 rows of DP table...
2021-12-30 04:21:24,791 - root - DEBUG - Processing 280-th line out of 345 rows of DP table...
2021-12-30 04:21:24,814 - root - DEBUG - Processing 290-th line out of 345 rows of DP table...
2021-12-30 04:21:24,835 - root - DEBUG - Processing 300-th line out of 345 rows of DP table...
2021-12-30 04:21:24,851 - root - DEBUG - Processing 310-th line out of 345 rows of DP table...
2021-12-30 04:21:24,865 - root - DEBUG - Processing 320-th line out of 345 rows of DP table...
2021-12-30 04:21:24,875 - root - DEBUG - Processing 330-th line out of 345 rows of DP table...
2021-12-30 04:21:24,882 - root - DEBUG - Processing 340-th line out of 345 rows of DP table...
2021-12-30 04:21:24,886 - root - DEBUG - Started computing sf for chromosome 'chr12'...
2021-12-30 04:21:24,893 - root - DEBUG - m=221, n=141
2021-12-30 04:21:24,963 - root - DEBUG - Processing 10-th line out of 221 rows of DP table...
2021-12-30 04:21:25,034 - root - DEBUG - Processing 20-th line out of 221 rows of DP table...
2021-12-30 04:21:25,101 - root - DEBUG - Processing 30-th line out of 221 rows of DP table...
2021-12-30 04:21:25,165 - root - DEBUG - Processing 40-th line out of 221 rows of DP table...
2021-12-30 04:21:25,225 - root - DEBUG - Processing 50-th line out of 221 rows of DP table...
2021-12-30 04:21:25,282 - root - DEBUG - Processing 60-th line out of 221 rows of DP table...
2021-12-30 04:21:25,336 - root - DEBUG - Processing 70-th line out of 221 rows of DP table...
2021-12-30 04:21:25,386 - root - DEBUG - Processing 80-th line out of 221 rows of DP table...
2021-12-30 04:21:25,434 - root - DEBUG - Processing 90-th line out of 221 rows of DP table...
2021-12-30 04:21:25,478 - root - DEBUG - Processing 100-th line out of 221 rows of DP table...
2021-12-30 04:21:25,518 - root - DEBUG - Processing 110-th line out of 221 rows of DP table...
2021-12-30 04:21:25,556 - root - DEBUG - Processing 120-th line out of 221 rows of DP table...
2021-12-30 04:21:25,591 - root - DEBUG - Processing 130-th line out of 221 rows of DP table...
2021-12-30 04:21:25,622 - root - DEBUG - Processing 140-th line out of 221 rows of DP table...
2021-12-30 04:21:25,650 - root - DEBUG - Processing 150-th line out of 221 rows of DP table...
2021-12-30 04:21:25,675 - root - DEBUG - Processing 160-th line out of 221 rows of DP table...
2021-12-30 04:21:25,696 - root - DEBUG - Processing 170-th line out of 221 rows of DP table...
2021-12-30 04:21:25,714 - root - DEBUG - Processing 180-th line out of 221 rows of DP table...
2021-12-30 04:21:25,729 - root - DEBUG - Processing 190-th line out of 221 rows of DP table...
2021-12-30 04:21:25,740 - root - DEBUG - Processing 200-th line out of 221 rows of DP table...
2021-12-30 04:21:25,748 - root - DEBUG - Processing 210-th line out of 221 rows of DP table...
2021-12-30 04:21:25,754 - root - DEBUG - Processing 220-th line out of 221 rows of DP table...
2021-12-30 04:21:25,756 - root - DEBUG - Started computing sf for chromosome 'chr13'...
2021-12-30 04:21:25,759 - root - DEBUG - m=123, n=99
2021-12-30 04:21:25,799 - root - DEBUG - Processing 10-th line out of 123 rows of DP table...
2021-12-30 04:21:25,838 - root - DEBUG - Processing 20-th line out of 123 rows of DP table...
2021-12-30 04:21:25,874 - root - DEBUG - Processing 30-th line out of 123 rows of DP table...
2021-12-30 04:21:25,907 - root - DEBUG - Processing 40-th line out of 123 rows of DP table...
2021-12-30 04:21:25,935 - root - DEBUG - Processing 50-th line out of 123 rows of DP table...
2021-12-30 04:21:25,961 - root - DEBUG - Processing 60-th line out of 123 rows of DP table...
2021-12-30 04:21:25,982 - root - DEBUG - Processing 70-th line out of 123 rows of DP table...
2021-12-30 04:21:26,001 - root - DEBUG - Processing 80-th line out of 123 rows of DP table...
2021-12-30 04:21:26,016 - root - DEBUG - Processing 90-th line out of 123 rows of DP table...
2021-12-30 04:21:26,028 - root - DEBUG - Processing 100-th line out of 123 rows of DP table...
2021-12-30 04:21:26,036 - root - DEBUG - Processing 110-th line out of 123 rows of DP table...
2021-12-30 04:21:26,041 - root - DEBUG - Processing 120-th line out of 123 rows of DP table...
2021-12-30 04:21:26,043 - root - DEBUG - Started computing sf for chromosome 'chr14'...
2021-12-30 04:21:26,044 - root - DEBUG - m=191, n=90
2021-12-30 04:21:26,105 - root - DEBUG - Processing 10-th line out of 191 rows of DP table...
2021-12-30 04:21:26,165 - root - DEBUG - Processing 20-th line out of 191 rows of DP table...
2021-12-30 04:21:26,223 - root - DEBUG - Processing 30-th line out of 191 rows of DP table...
2021-12-30 04:21:26,277 - root - DEBUG - Processing 40-th line out of 191 rows of DP table...
2021-12-30 04:21:26,328 - root - DEBUG - Processing 50-th line out of 191 rows of DP table...
2021-12-30 04:21:26,375 - root - DEBUG - Processing 60-th line out of 191 rows of DP table...
2021-12-30 04:21:26,420 - root - DEBUG - Processing 70-th line out of 191 rows of DP table...
2021-12-30 04:21:26,461 - root - DEBUG - Processing 80-th line out of 191 rows of DP table...
2021-12-30 04:21:26,498 - root - DEBUG - Processing 90-th line out of 191 rows of DP table...
2021-12-30 04:21:26,532 - root - DEBUG - Processing 100-th line out of 191 rows of DP table...
2021-12-30 04:21:26,563 - root - DEBUG - Processing 110-th line out of 191 rows of DP table...
2021-12-30 04:21:26,591 - root - DEBUG - Processing 120-th line out of 191 rows of DP table...
2021-12-30 04:21:26,616 - root - DEBUG - Processing 130-th line out of 191 rows of DP table...
2021-12-30 04:21:26,637 - root - DEBUG - Processing 140-th line out of 191 rows of DP table...
2021-12-30 04:21:26,654 - root - DEBUG - Processing 150-th line out of 191 rows of DP table...
2021-12-30 04:21:26,668 - root - DEBUG - Processing 160-th line out of 191 rows of DP table...
2021-12-30 04:21:26,679 - root - DEBUG - Processing 170-th line out of 191 rows of DP table...
2021-12-30 04:21:26,687 - root - DEBUG - Processing 180-th line out of 191 rows of DP table...
2021-12-30 04:21:26,691 - root - DEBUG - Processing 190-th line out of 191 rows of DP table...
2021-12-30 04:21:26,693 - root - DEBUG - Started computing sf for chromosome 'chr15'...
2021-12-30 04:21:26,694 - root - DEBUG - m=216, n=94
2021-12-30 04:21:26,763 - root - DEBUG - Processing 10-th line out of 216 rows of DP table...
2021-12-30 04:21:26,831 - root - DEBUG - Processing 20-th line out of 216 rows of DP table...
2021-12-30 04:21:26,896 - root - DEBUG - Processing 30-th line out of 216 rows of DP table...
2021-12-30 04:21:26,958 - root - DEBUG - Processing 40-th line out of 216 rows of DP table...
2021-12-30 04:21:27,018 - root - DEBUG - Processing 50-th line out of 216 rows of DP table...
2021-12-30 04:21:27,073 - root - DEBUG - Processing 60-th line out of 216 rows of DP table...
2021-12-30 04:21:27,125 - root - DEBUG - Processing 70-th line out of 216 rows of DP table...
2021-12-30 04:21:27,174 - root - DEBUG - Processing 80-th line out of 216 rows of DP table...
2021-12-30 04:21:27,220 - root - DEBUG - Processing 90-th line out of 216 rows of DP table...
2021-12-30 04:21:27,262 - root - DEBUG - Processing 100-th line out of 216 rows of DP table...
2021-12-30 04:21:27,301 - root - DEBUG - Processing 110-th line out of 216 rows of DP table...
2021-12-30 04:21:27,337 - root - DEBUG - Processing 120-th line out of 216 rows of DP table...
2021-12-30 04:21:27,370 - root - DEBUG - Processing 130-th line out of 216 rows of DP table...
2021-12-30 04:21:27,400 - root - DEBUG - Processing 140-th line out of 216 rows of DP table...
2021-12-30 04:21:27,426 - root - DEBUG - Processing 150-th line out of 216 rows of DP table...
2021-12-30 04:21:27,449 - root - DEBUG - Processing 160-th line out of 216 rows of DP table...
2021-12-30 04:21:27,468 - root - DEBUG - Processing 170-th line out of 216 rows of DP table...
2021-12-30 04:21:27,484 - root - DEBUG - Processing 180-th line out of 216 rows of DP table...
2021-12-30 04:21:27,497 - root - DEBUG - Processing 190-th line out of 216 rows of DP table...
2021-12-30 04:21:27,507 - root - DEBUG - Processing 200-th line out of 216 rows of DP table...
2021-12-30 04:21:27,513 - root - DEBUG - Processing 210-th line out of 216 rows of DP table...
2021-12-30 04:21:27,517 - root - DEBUG - Started computing sf for chromosome 'chr16'...
2021-12-30 04:21:27,519 - root - DEBUG - m=186, n=123
2021-12-30 04:21:27,578 - root - DEBUG - Processing 10-th line out of 186 rows of DP table...
2021-12-30 04:21:27,639 - root - DEBUG - Processing 20-th line out of 186 rows of DP table...
2021-12-30 04:21:27,695 - root - DEBUG - Processing 30-th line out of 186 rows of DP table...
2021-12-30 04:21:27,748 - root - DEBUG - Processing 40-th line out of 186 rows of DP table...
2021-12-30 04:21:27,797 - root - DEBUG - Processing 50-th line out of 186 rows of DP table...
2021-12-30 04:21:27,843 - root - DEBUG - Processing 60-th line out of 186 rows of DP table...
2021-12-30 04:21:27,885 - root - DEBUG - Processing 70-th line out of 186 rows of DP table...
2021-12-30 04:21:27,925 - root - DEBUG - Processing 80-th line out of 186 rows of DP table...
2021-12-30 04:21:27,961 - root - DEBUG - Processing 90-th line out of 186 rows of DP table...
2021-12-30 04:21:27,993 - root - DEBUG - Processing 100-th line out of 186 rows of DP table...
2021-12-30 04:21:28,023 - root - DEBUG - Processing 110-th line out of 186 rows of DP table...
2021-12-30 04:21:28,048 - root - DEBUG - Processing 120-th line out of 186 rows of DP table...
2021-12-30 04:21:28,071 - root - DEBUG - Processing 130-th line out of 186 rows of DP table...
2021-12-30 04:21:28,090 - root - DEBUG - Processing 140-th line out of 186 rows of DP table...
2021-12-30 04:21:28,106 - root - DEBUG - Processing 150-th line out of 186 rows of DP table...
2021-12-30 04:21:28,118 - root - DEBUG - Processing 160-th line out of 186 rows of DP table...
2021-12-30 04:21:28,127 - root - DEBUG - Processing 170-th line out of 186 rows of DP table...
2021-12-30 04:21:28,133 - root - DEBUG - Processing 180-th line out of 186 rows of DP table...
2021-12-30 04:21:28,136 - root - DEBUG - Started computing sf for chromosome 'chr17'...
2021-12-30 04:21:28,138 - root - DEBUG - m=401, n=142
2021-12-30 04:21:28,267 - root - DEBUG - Processing 10-th line out of 401 rows of DP table...
2021-12-30 04:21:28,400 - root - DEBUG - Processing 20-th line out of 401 rows of DP table...
2021-12-30 04:21:28,530 - root - DEBUG - Processing 30-th line out of 401 rows of DP table...
2021-12-30 04:21:28,657 - root - DEBUG - Processing 40-th line out of 401 rows of DP table...
2021-12-30 04:21:28,781 - root - DEBUG - Processing 50-th line out of 401 rows of DP table...
2021-12-30 04:21:28,900 - root - DEBUG - Processing 60-th line out of 401 rows of DP table...
2021-12-30 04:21:29,016 - root - DEBUG - Processing 70-th line out of 401 rows of DP table...
2021-12-30 04:21:29,128 - root - DEBUG - Processing 80-th line out of 401 rows of DP table...
2021-12-30 04:21:29,238 - root - DEBUG - Processing 90-th line out of 401 rows of DP table...
2021-12-30 04:21:29,344 - root - DEBUG - Processing 100-th line out of 401 rows of DP table...
2021-12-30 04:21:29,446 - root - DEBUG - Processing 110-th line out of 401 rows of DP table...
2021-12-30 04:21:29,546 - root - DEBUG - Processing 120-th line out of 401 rows of DP table...
2021-12-30 04:21:29,643 - root - DEBUG - Processing 130-th line out of 401 rows of DP table...
2021-12-30 04:21:29,736 - root - DEBUG - Processing 140-th line out of 401 rows of DP table...
2021-12-30 04:21:29,826 - root - DEBUG - Processing 150-th line out of 401 rows of DP table...
2021-12-30 04:21:29,912 - root - DEBUG - Processing 160-th line out of 401 rows of DP table...
2021-12-30 04:21:29,995 - root - DEBUG - Processing 170-th line out of 401 rows of DP table...
2021-12-30 04:21:30,075 - root - DEBUG - Processing 180-th line out of 401 rows of DP table...
2021-12-30 04:21:30,151 - root - DEBUG - Processing 190-th line out of 401 rows of DP table...
2021-12-30 04:21:30,224 - root - DEBUG - Processing 200-th line out of 401 rows of DP table...
2021-12-30 04:21:30,293 - root - DEBUG - Processing 210-th line out of 401 rows of DP table...
2021-12-30 04:21:30,358 - root - DEBUG - Processing 220-th line out of 401 rows of DP table...
2021-12-30 04:21:30,421 - root - DEBUG - Processing 230-th line out of 401 rows of DP table...
2021-12-30 04:21:30,480 - root - DEBUG - Processing 240-th line out of 401 rows of DP table...
2021-12-30 04:21:30,536 - root - DEBUG - Processing 250-th line out of 401 rows of DP table...
2021-12-30 04:21:30,589 - root - DEBUG - Processing 260-th line out of 401 rows of DP table...
2021-12-30 04:21:30,638 - root - DEBUG - Processing 270-th line out of 401 rows of DP table...
2021-12-30 04:21:30,689 - root - DEBUG - Processing 280-th line out of 401 rows of DP table...
2021-12-30 04:21:30,732 - root - DEBUG - Processing 290-th line out of 401 rows of DP table...
2021-12-30 04:21:30,772 - root - DEBUG - Processing 300-th line out of 401 rows of DP table...
2021-12-30 04:21:30,808 - root - DEBUG - Processing 310-th line out of 401 rows of DP table...
2021-12-30 04:21:30,841 - root - DEBUG - Processing 320-th line out of 401 rows of DP table...
2021-12-30 04:21:30,870 - root - DEBUG - Processing 330-th line out of 401 rows of DP table...
2021-12-30 04:21:30,896 - root - DEBUG - Processing 340-th line out of 401 rows of DP table...
2021-12-30 04:21:30,918 - root - DEBUG - Processing 350-th line out of 401 rows of DP table...
2021-12-30 04:21:30,937 - root - DEBUG - Processing 360-th line out of 401 rows of DP table...
2021-12-30 04:21:30,953 - root - DEBUG - Processing 370-th line out of 401 rows of DP table...
2021-12-30 04:21:30,966 - root - DEBUG - Processing 380-th line out of 401 rows of DP table...
2021-12-30 04:21:30,975 - root - DEBUG - Processing 390-th line out of 401 rows of DP table...
2021-12-30 04:21:30,981 - root - DEBUG - Processing 400-th line out of 401 rows of DP table...
2021-12-30 04:21:30,984 - root - DEBUG - Started computing sf for chromosome 'chr18'...
2021-12-30 04:21:30,986 - root - DEBUG - m=52, n=75
2021-12-30 04:21:31,003 - root - DEBUG - Processing 10-th line out of 52 rows of DP table...
2021-12-30 04:21:31,017 - root - DEBUG - Processing 20-th line out of 52 rows of DP table...
2021-12-30 04:21:31,028 - root - DEBUG - Processing 30-th line out of 52 rows of DP table...
2021-12-30 04:21:31,035 - root - DEBUG - Processing 40-th line out of 52 rows of DP table...
2021-12-30 04:21:31,039 - root - DEBUG - Processing 50-th line out of 52 rows of DP table...
2021-12-30 04:21:31,040 - root - DEBUG - Started computing sf for chromosome 'chr19'...
2021-12-30 04:21:31,042 - root - DEBUG - m=271, n=110
2021-12-30 04:21:31,130 - root - DEBUG - Processing 10-th line out of 271 rows of DP table...
2021-12-30 04:21:31,219 - root - DEBUG - Processing 20-th line out of 271 rows of DP table...
2021-12-30 04:21:31,306 - root - DEBUG - Processing 30-th line out of 271 rows of DP table...
2021-12-30 04:21:31,388 - root - DEBUG - Processing 40-th line out of 271 rows of DP table...
2021-12-30 04:21:31,468 - root - DEBUG - Processing 50-th line out of 271 rows of DP table...
2021-12-30 04:21:31,544 - root - DEBUG - Processing 60-th line out of 271 rows of DP table...
2021-12-30 04:21:31,617 - root - DEBUG - Processing 70-th line out of 271 rows of DP table...
2021-12-30 04:21:31,687 - root - DEBUG - Processing 80-th line out of 271 rows of DP table...
2021-12-30 04:21:31,754 - root - DEBUG - Processing 90-th line out of 271 rows of DP table...
2021-12-30 04:21:31,817 - root - DEBUG - Processing 100-th line out of 271 rows of DP table...
2021-12-30 04:21:31,877 - root - DEBUG - Processing 110-th line out of 271 rows of DP table...
2021-12-30 04:21:31,933 - root - DEBUG - Processing 120-th line out of 271 rows of DP table...
2021-12-30 04:21:31,986 - root - DEBUG - Processing 130-th line out of 271 rows of DP table...
2021-12-30 04:21:32,036 - root - DEBUG - Processing 140-th line out of 271 rows of DP table...
2021-12-30 04:21:32,081 - root - DEBUG - Processing 150-th line out of 271 rows of DP table...
2021-12-30 04:21:32,124 - root - DEBUG - Processing 160-th line out of 271 rows of DP table...
2021-12-30 04:21:32,163 - root - DEBUG - Processing 170-th line out of 271 rows of DP table...
2021-12-30 04:21:32,198 - root - DEBUG - Processing 180-th line out of 271 rows of DP table...
2021-12-30 04:21:32,230 - root - DEBUG - Processing 190-th line out of 271 rows of DP table...
2021-12-30 04:21:32,259 - root - DEBUG - Processing 200-th line out of 271 rows of DP table...
2021-12-30 04:21:32,284 - root - DEBUG - Processing 210-th line out of 271 rows of DP table...
2021-12-30 04:21:32,306 - root - DEBUG - Processing 220-th line out of 271 rows of DP table...
2021-12-30 04:21:32,324 - root - DEBUG - Processing 230-th line out of 271 rows of DP table...
2021-12-30 04:21:32,339 - root - DEBUG - Processing 240-th line out of 271 rows of DP table...
2021-12-30 04:21:32,350 - root - DEBUG - Processing 250-th line out of 271 rows of DP table...
2021-12-30 04:21:32,359 - root - DEBUG - Processing 260-th line out of 271 rows of DP table...
2021-12-30 04:21:32,363 - root - DEBUG - Processing 270-th line out of 271 rows of DP table...
2021-12-30 04:21:32,366 - root - DEBUG - Started computing sf for chromosome 'chr20'...
2021-12-30 04:21:32,367 - root - DEBUG - m=170, n=74
2021-12-30 04:21:32,422 - root - DEBUG - Processing 10-th line out of 170 rows of DP table...
2021-12-30 04:21:32,477 - root - DEBUG - Processing 20-th line out of 170 rows of DP table...
2021-12-30 04:21:32,528 - root - DEBUG - Processing 30-th line out of 170 rows of DP table...
2021-12-30 04:21:32,576 - root - DEBUG - Processing 40-th line out of 170 rows of DP table...
2021-12-30 04:21:32,621 - root - DEBUG - Processing 50-th line out of 170 rows of DP table...
2021-12-30 04:21:32,662 - root - DEBUG - Processing 60-th line out of 170 rows of DP table...
2021-12-30 04:21:32,700 - root - DEBUG - Processing 70-th line out of 170 rows of DP table...
2021-12-30 04:21:32,735 - root - DEBUG - Processing 80-th line out of 170 rows of DP table...
2021-12-30 04:21:32,767 - root - DEBUG - Processing 90-th line out of 170 rows of DP table...
2021-12-30 04:21:32,795 - root - DEBUG - Processing 100-th line out of 170 rows of DP table...
2021-12-30 04:21:32,819 - root - DEBUG - Processing 110-th line out of 170 rows of DP table...
2021-12-30 04:21:32,840 - root - DEBUG - Processing 120-th line out of 170 rows of DP table...
2021-12-30 04:21:32,857 - root - DEBUG - Processing 130-th line out of 170 rows of DP table...
2021-12-30 04:21:32,871 - root - DEBUG - Processing 140-th line out of 170 rows of DP table...
2021-12-30 04:21:32,882 - root - DEBUG - Processing 150-th line out of 170 rows of DP table...
2021-12-30 04:21:32,889 - root - DEBUG - Processing 160-th line out of 170 rows of DP table...
2021-12-30 04:21:32,893 - root - DEBUG - Processing 170-th line out of 170 rows of DP table...
2021-12-30 04:21:32,895 - root - DEBUG - Started computing sf for chromosome 'chr21'...
2021-12-30 04:21:32,896 - root - DEBUG - m=73, n=28
2021-12-30 04:21:32,919 - root - DEBUG - Processing 10-th line out of 73 rows of DP table...
2021-12-30 04:21:32,940 - root - DEBUG - Processing 20-th line out of 73 rows of DP table...
2021-12-30 04:21:32,957 - root - DEBUG - Processing 30-th line out of 73 rows of DP table...
2021-12-30 04:21:32,971 - root - DEBUG - Processing 40-th line out of 73 rows of DP table...
2021-12-30 04:21:32,982 - root - DEBUG - Processing 50-th line out of 73 rows of DP table...
2021-12-30 04:21:32,990 - root - DEBUG - Processing 60-th line out of 73 rows of DP table...
2021-12-30 04:21:32,994 - root - DEBUG - Processing 70-th line out of 73 rows of DP table...
2021-12-30 04:21:32,995 - root - DEBUG - Started computing sf for chromosome 'chr22'...
2021-12-30 04:21:32,997 - root - DEBUG - m=105, n=66
2021-12-30 04:21:33,030 - root - DEBUG - Processing 10-th line out of 105 rows of DP table...
2021-12-30 04:21:33,062 - root - DEBUG - Processing 20-th line out of 105 rows of DP table...
2021-12-30 04:21:33,090 - root - DEBUG - Processing 30-th line out of 105 rows of DP table...
2021-12-30 04:21:33,115 - root - DEBUG - Processing 40-th line out of 105 rows of DP table...
2021-12-30 04:21:33,137 - root - DEBUG - Processing 50-th line out of 105 rows of DP table...
2021-12-30 04:21:33,156 - root - DEBUG - Processing 60-th line out of 105 rows of DP table...
2021-12-30 04:21:33,172 - root - DEBUG - Processing 70-th line out of 105 rows of DP table...
2021-12-30 04:21:33,184 - root - DEBUG - Processing 80-th line out of 105 rows of DP table...
2021-12-30 04:21:33,193 - root - DEBUG - Processing 90-th line out of 105 rows of DP table...
2021-12-30 04:21:33,199 - root - DEBUG - Processing 100-th line out of 105 rows of DP table...
2021-12-30 04:21:33,201 - root - DEBUG - Started computing sf for chromosome 'chrX'...
2021-12-30 04:21:33,203 - root - DEBUG - m=89, n=129
2021-12-30 04:21:33,232 - root - DEBUG - Processing 10-th line out of 89 rows of DP table...
2021-12-30 04:21:33,258 - root - DEBUG - Processing 20-th line out of 89 rows of DP table...
2021-12-30 04:21:33,282 - root - DEBUG - Processing 30-th line out of 89 rows of DP table...
2021-12-30 04:21:33,302 - root - DEBUG - Processing 40-th line out of 89 rows of DP table...
2021-12-30 04:21:33,319 - root - DEBUG - Processing 50-th line out of 89 rows of DP table...
2021-12-30 04:21:33,332 - root - DEBUG - Processing 60-th line out of 89 rows of DP table...
2021-12-30 04:21:33,342 - root - DEBUG - Processing 70-th line out of 89 rows of DP table...
2021-12-30 04:21:33,349 - root - DEBUG - Processing 80-th line out of 89 rows of DP table...
2021-12-30 04:21:33,353 - root - DEBUG - Started computing sf for chromosome 'chrY'...
2021-12-30 04:21:33,354 - root - DEBUG - m=0, n=17
2021-12-30 04:21:33,355 - root - DEBUG - Started computing joint logprobs...
