2022-01-01 13:55:39,466 - root - INFO - Loading reference interval set from '../resources/zarrei2015-2/intervals/embryonic-lethal.all.trans.tsv'...
2022-01-01 13:55:39,469 - root - INFO - Loading query interval set from '../resources/zarrei2015-2/cnv_intervals/inclusive.both.tsv'...
2022-01-01 13:55:39,492 - root - INFO - Loading chromosome sizes from '../resources/experiment_original/iSTAT/data/hg19_chrom_sizes.txt'...
2022-01-01 13:55:39,508 - root - INFO - Number of reference intervals: 395 (1652 before merging)
2022-01-01 13:55:39,508 - root - INFO - Number of query intervals: 24032 (24032 before merging)
2022-01-01 13:55:39,509 - root - INFO - Number of chromosomes: 24
2022-01-01 13:55:39,532 - root - INFO - Overlap count: 148
2022-01-01 13:55:39,533 - root - DEBUG - Started computing sf for chromosome 'chr1'...
2022-01-01 13:55:39,534 - root - DEBUG - m=36, n=1671
2022-01-01 13:55:39,546 - root - DEBUG - Processing 10-th line out of 36 rows of DP table...
2022-01-01 13:55:39,554 - root - DEBUG - Processing 20-th line out of 36 rows of DP table...
2022-01-01 13:55:39,560 - root - DEBUG - Processing 30-th line out of 36 rows of DP table...
2022-01-01 13:55:39,562 - root - DEBUG - Started computing sf for chromosome 'chr2'...
2022-01-01 13:55:39,563 - root - DEBUG - m=33, n=1945
2022-01-01 13:55:39,574 - root - DEBUG - Processing 10-th line out of 33 rows of DP table...
2022-01-01 13:55:39,582 - root - DEBUG - Processing 20-th line out of 33 rows of DP table...
2022-01-01 13:55:39,586 - root - DEBUG - Processing 30-th line out of 33 rows of DP table...
2022-01-01 13:55:39,587 - root - DEBUG - Started computing sf for chromosome 'chr3'...
2022-01-01 13:55:39,589 - root - DEBUG - m=23, n=1379
2022-01-01 13:55:39,596 - root - DEBUG - Processing 10-th line out of 23 rows of DP table...
2022-01-01 13:55:39,600 - root - DEBUG - Processing 20-th line out of 23 rows of DP table...
2022-01-01 13:55:39,601 - root - DEBUG - Started computing sf for chromosome 'chr4'...
2022-01-01 13:55:39,603 - root - DEBUG - m=16, n=1711
2022-01-01 13:55:39,608 - root - DEBUG - Processing 10-th line out of 16 rows of DP table...
2022-01-01 13:55:39,610 - root - DEBUG - Started computing sf for chromosome 'chr5'...
2022-01-01 13:55:39,612 - root - DEBUG - m=24, n=1400
2022-01-01 13:55:39,619 - root - DEBUG - Processing 10-th line out of 24 rows of DP table...
2022-01-01 13:55:39,624 - root - DEBUG - Processing 20-th line out of 24 rows of DP table...
2022-01-01 13:55:39,625 - root - DEBUG - Started computing sf for chromosome 'chr6'...
2022-01-01 13:55:39,627 - root - DEBUG - m=14, n=1429
2022-01-01 13:55:39,631 - root - DEBUG - Processing 10-th line out of 14 rows of DP table...
2022-01-01 13:55:39,632 - root - DEBUG - Started computing sf for chromosome 'chr7'...
2022-01-01 13:55:39,634 - root - DEBUG - m=14, n=1434
2022-01-01 13:55:39,638 - root - DEBUG - Processing 10-th line out of 14 rows of DP table...
2022-01-01 13:55:39,641 - root - DEBUG - Started computing sf for chromosome 'chr8'...
2022-01-01 13:55:39,643 - root - DEBUG - m=15, n=1230
2022-01-01 13:55:39,648 - root - DEBUG - Processing 10-th line out of 15 rows of DP table...
2022-01-01 13:55:39,650 - root - DEBUG - Started computing sf for chromosome 'chr9'...
2022-01-01 13:55:39,653 - root - DEBUG - m=13, n=980
2022-01-01 13:55:39,657 - root - DEBUG - Processing 10-th line out of 13 rows of DP table...
2022-01-01 13:55:39,659 - root - DEBUG - Started computing sf for chromosome 'chr10'...
2022-01-01 13:55:39,661 - root - DEBUG - m=18, n=1090
2022-01-01 13:55:39,667 - root - DEBUG - Processing 10-th line out of 18 rows of DP table...
2022-01-01 13:55:39,670 - root - DEBUG - Started computing sf for chromosome 'chr11'...
2022-01-01 13:55:39,672 - root - DEBUG - m=27, n=1073
2022-01-01 13:55:39,681 - root - DEBUG - Processing 10-th line out of 27 rows of DP table...
2022-01-01 13:55:39,687 - root - DEBUG - Processing 20-th line out of 27 rows of DP table...
2022-01-01 13:55:39,690 - root - DEBUG - Started computing sf for chromosome 'chr12'...
2022-01-01 13:55:39,692 - root - DEBUG - m=22, n=1140
2022-01-01 13:55:39,699 - root - DEBUG - Processing 10-th line out of 22 rows of DP table...
2022-01-01 13:55:39,704 - root - DEBUG - Processing 20-th line out of 22 rows of DP table...
2022-01-01 13:55:39,706 - root - DEBUG - Started computing sf for chromosome 'chr13'...
2022-01-01 13:55:39,708 - root - DEBUG - m=9, n=862
2022-01-01 13:55:39,711 - root - DEBUG - Started computing sf for chromosome 'chr14'...
2022-01-01 13:55:39,713 - root - DEBUG - m=14, n=669
2022-01-01 13:55:39,718 - root - DEBUG - Processing 10-th line out of 14 rows of DP table...
2022-01-01 13:55:39,720 - root - DEBUG - Started computing sf for chromosome 'chr15'...
2022-01-01 13:55:39,722 - root - DEBUG - m=12, n=597
2022-01-01 13:55:39,727 - root - DEBUG - Processing 10-th line out of 12 rows of DP table...
2022-01-01 13:55:39,728 - root - DEBUG - Started computing sf for chromosome 'chr16'...
2022-01-01 13:55:39,730 - root - DEBUG - m=14, n=873
2022-01-01 13:55:39,740 - root - DEBUG - Processing 10-th line out of 14 rows of DP table...
2022-01-01 13:55:39,742 - root - DEBUG - Started computing sf for chromosome 'chr17'...
2022-01-01 13:55:39,745 - root - DEBUG - m=27, n=848
2022-01-01 13:55:39,754 - root - DEBUG - Processing 10-th line out of 27 rows of DP table...
2022-01-01 13:55:39,760 - root - DEBUG - Processing 20-th line out of 27 rows of DP table...
2022-01-01 13:55:39,763 - root - DEBUG - Started computing sf for chromosome 'chr18'...
2022-01-01 13:55:39,783 - root - DEBUG - m=6, n=636
2022-01-01 13:55:39,785 - root - DEBUG - Started computing sf for chromosome 'chr19'...
2022-01-01 13:55:39,787 - root - DEBUG - m=21, n=806
2022-01-01 13:55:39,794 - root - DEBUG - Processing 10-th line out of 21 rows of DP table...
2022-01-01 13:55:39,798 - root - DEBUG - Processing 20-th line out of 21 rows of DP table...
2022-01-01 13:55:39,799 - root - DEBUG - Started computing sf for chromosome 'chr20'...
2022-01-01 13:55:39,801 - root - DEBUG - m=16, n=617
2022-01-01 13:55:39,806 - root - DEBUG - Processing 10-th line out of 16 rows of DP table...
2022-01-01 13:55:39,808 - root - DEBUG - Started computing sf for chromosome 'chr21'...
2022-01-01 13:55:39,809 - root - DEBUG - m=7, n=376
2022-01-01 13:55:39,811 - root - DEBUG - Started computing sf for chromosome 'chr22'...
2022-01-01 13:55:39,813 - root - DEBUG - m=7, n=427
2022-01-01 13:55:39,815 - root - DEBUG - Started computing sf for chromosome 'chrX'...
2022-01-01 13:55:39,816 - root - DEBUG - m=7, n=808
2022-01-01 13:55:39,818 - root - DEBUG - Started computing sf for chromosome 'chrY'...
2022-01-01 13:55:39,820 - root - DEBUG - m=0, n=31
2022-01-01 13:55:39,821 - root - DEBUG - Started computing joint logprobs...
