2022-01-01 00:45:34,690 - root - INFO - Loading reference interval set from '../resources/zarrei2015-2/intervals/embryonic-lethal.all.trans.tsv'...
2022-01-01 00:45:34,693 - root - INFO - Loading query interval set from '../resources/zarrei2015-2/cnv_intervals/inclusive.loss.tsv'...
2022-01-01 00:45:34,723 - root - INFO - Loading chromosome sizes from '../resources/experiment_original/iSTAT/data/hg19_chrom_sizes.txt'...
2022-01-01 00:45:34,752 - root - INFO - Number of reference intervals: 395 (1652 before merging)
2022-01-01 00:45:34,758 - root - INFO - Number of query intervals: 23438 (23438 before merging)
2022-01-01 00:45:34,759 - root - INFO - Number of chromosomes: 24
2022-01-01 00:45:34,811 - root - INFO - Overlap count: 128
2022-01-01 00:45:34,813 - root - DEBUG - Started computing sf for chromosome 'chr1'...
2022-01-01 00:45:34,816 - root - DEBUG - m=36, n=1612
2022-01-01 00:45:34,827 - root - DEBUG - Processing 10-th line out of 36 rows of DP table...
2022-01-01 00:45:34,836 - root - DEBUG - Processing 20-th line out of 36 rows of DP table...
2022-01-01 00:45:34,841 - root - DEBUG - Processing 30-th line out of 36 rows of DP table...
2022-01-01 00:45:34,844 - root - DEBUG - Started computing sf for chromosome 'chr2'...
2022-01-01 00:45:34,847 - root - DEBUG - m=33, n=1886
2022-01-01 00:45:34,858 - root - DEBUG - Processing 10-th line out of 33 rows of DP table...
2022-01-01 00:45:34,866 - root - DEBUG - Processing 20-th line out of 33 rows of DP table...
2022-01-01 00:45:34,872 - root - DEBUG - Processing 30-th line out of 33 rows of DP table...
2022-01-01 00:45:34,875 - root - DEBUG - Started computing sf for chromosome 'chr3'...
2022-01-01 00:45:34,879 - root - DEBUG - m=23, n=1334
2022-01-01 00:45:34,887 - root - DEBUG - Processing 10-th line out of 23 rows of DP table...
2022-01-01 00:45:34,892 - root - DEBUG - Processing 20-th line out of 23 rows of DP table...
2022-01-01 00:45:34,894 - root - DEBUG - Started computing sf for chromosome 'chr4'...
2022-01-01 00:45:34,897 - root - DEBUG - m=16, n=1662
2022-01-01 00:45:34,903 - root - DEBUG - Processing 10-th line out of 16 rows of DP table...
2022-01-01 00:45:34,905 - root - DEBUG - Started computing sf for chromosome 'chr5'...
2022-01-01 00:45:34,908 - root - DEBUG - m=24, n=1386
2022-01-01 00:45:34,916 - root - DEBUG - Processing 10-th line out of 24 rows of DP table...
2022-01-01 00:45:34,920 - root - DEBUG - Processing 20-th line out of 24 rows of DP table...
2022-01-01 00:45:34,922 - root - DEBUG - Started computing sf for chromosome 'chr6'...
2022-01-01 00:45:34,925 - root - DEBUG - m=14, n=1394
2022-01-01 00:45:34,930 - root - DEBUG - Processing 10-th line out of 14 rows of DP table...
2022-01-01 00:45:34,932 - root - DEBUG - Started computing sf for chromosome 'chr7'...
2022-01-01 00:45:34,936 - root - DEBUG - m=14, n=1404
2022-01-01 00:45:34,941 - root - DEBUG - Processing 10-th line out of 14 rows of DP table...
2022-01-01 00:45:34,943 - root - DEBUG - Started computing sf for chromosome 'chr8'...
2022-01-01 00:45:34,947 - root - DEBUG - m=15, n=1251
2022-01-01 00:45:34,953 - root - DEBUG - Processing 10-th line out of 15 rows of DP table...
2022-01-01 00:45:34,957 - root - DEBUG - Started computing sf for chromosome 'chr9'...
2022-01-01 00:45:34,959 - root - DEBUG - m=13, n=931
2022-01-01 00:45:34,964 - root - DEBUG - Processing 10-th line out of 13 rows of DP table...
2022-01-01 00:45:34,966 - root - DEBUG - Started computing sf for chromosome 'chr10'...
2022-01-01 00:45:34,968 - root - DEBUG - m=18, n=1065
2022-01-01 00:45:34,976 - root - DEBUG - Processing 10-th line out of 18 rows of DP table...
2022-01-01 00:45:34,982 - root - DEBUG - Started computing sf for chromosome 'chr11'...
2022-01-01 00:45:34,985 - root - DEBUG - m=27, n=1033
2022-01-01 00:45:34,996 - root - DEBUG - Processing 10-th line out of 27 rows of DP table...
2022-01-01 00:45:35,003 - root - DEBUG - Processing 20-th line out of 27 rows of DP table...
2022-01-01 00:45:35,007 - root - DEBUG - Started computing sf for chromosome 'chr12'...
2022-01-01 00:45:35,010 - root - DEBUG - m=22, n=1106
2022-01-01 00:45:35,018 - root - DEBUG - Processing 10-th line out of 22 rows of DP table...
2022-01-01 00:45:35,023 - root - DEBUG - Processing 20-th line out of 22 rows of DP table...
2022-01-01 00:45:35,025 - root - DEBUG - Started computing sf for chromosome 'chr13'...
2022-01-01 00:45:35,027 - root - DEBUG - m=9, n=819
2022-01-01 00:45:35,030 - root - DEBUG - Started computing sf for chromosome 'chr14'...
2022-01-01 00:45:35,033 - root - DEBUG - m=14, n=641
2022-01-01 00:45:35,037 - root - DEBUG - Processing 10-th line out of 14 rows of DP table...
2022-01-01 00:45:35,038 - root - DEBUG - Started computing sf for chromosome 'chr15'...
2022-01-01 00:45:35,040 - root - DEBUG - m=12, n=584
2022-01-01 00:45:35,044 - root - DEBUG - Processing 10-th line out of 12 rows of DP table...
2022-01-01 00:45:35,045 - root - DEBUG - Started computing sf for chromosome 'chr16'...
2022-01-01 00:45:35,048 - root - DEBUG - m=14, n=851
2022-01-01 00:45:35,052 - root - DEBUG - Processing 10-th line out of 14 rows of DP table...
2022-01-01 00:45:35,054 - root - DEBUG - Started computing sf for chromosome 'chr17'...
2022-01-01 00:45:35,056 - root - DEBUG - m=27, n=824
2022-01-01 00:45:35,064 - root - DEBUG - Processing 10-th line out of 27 rows of DP table...
2022-01-01 00:45:35,070 - root - DEBUG - Processing 20-th line out of 27 rows of DP table...
2022-01-01 00:45:35,074 - root - DEBUG - Started computing sf for chromosome 'chr18'...
2022-01-01 00:45:35,077 - root - DEBUG - m=6, n=621
2022-01-01 00:45:35,080 - root - DEBUG - Started computing sf for chromosome 'chr19'...
2022-01-01 00:45:35,083 - root - DEBUG - m=21, n=780
2022-01-01 00:45:35,091 - root - DEBUG - Processing 10-th line out of 21 rows of DP table...
2022-01-01 00:45:35,096 - root - DEBUG - Processing 20-th line out of 21 rows of DP table...
2022-01-01 00:45:35,097 - root - DEBUG - Started computing sf for chromosome 'chr20'...
2022-01-01 00:45:35,101 - root - DEBUG - m=16, n=590
2022-01-01 00:45:35,107 - root - DEBUG - Processing 10-th line out of 16 rows of DP table...
2022-01-01 00:45:35,109 - root - DEBUG - Started computing sf for chromosome 'chr21'...
2022-01-01 00:45:35,113 - root - DEBUG - m=7, n=373
2022-01-01 00:45:35,115 - root - DEBUG - Started computing sf for chromosome 'chr22'...
2022-01-01 00:45:35,128 - root - DEBUG - m=7, n=458
2022-01-01 00:45:35,132 - root - DEBUG - Started computing sf for chromosome 'chrX'...
2022-01-01 00:45:35,136 - root - DEBUG - m=7, n=812
2022-01-01 00:45:35,139 - root - DEBUG - Started computing sf for chromosome 'chrY'...
2022-01-01 00:45:35,143 - root - DEBUG - m=0, n=21
2022-01-01 00:45:35,145 - root - DEBUG - Started computing joint logprobs...
