2022-01-01 01:32:11,208 - root - INFO - Loading reference interval set from '../resources/zarrei2015-2/intervals/embryonic-lethal.all.intron.tsv'...
2022-01-01 01:32:11,235 - root - INFO - Loading query interval set from '../resources/zarrei2015-2/cnv_intervals/inclusive.gain.tsv'...
2022-01-01 01:32:11,240 - root - INFO - Loading chromosome sizes from '../resources/experiment_original/iSTAT/data/hg19_chrom_sizes.txt'...
2022-01-01 01:32:11,253 - root - INFO - Number of reference intervals: 5606 (22539 before merging)
2022-01-01 01:32:11,254 - root - INFO - Number of query intervals: 3132 (3132 before merging)
2022-01-01 01:32:11,254 - root - INFO - Number of chromosomes: 24
2022-01-01 01:32:11,263 - root - INFO - Overlap count: 171
2022-01-01 01:32:11,263 - root - DEBUG - Started computing sf for chromosome 'chr1'...
2022-01-01 01:32:11,264 - root - DEBUG - m=445, n=244
2022-01-01 01:32:11,409 - root - DEBUG - Processing 10-th line out of 445 rows of DP table...
2022-01-01 01:32:11,559 - root - DEBUG - Processing 20-th line out of 445 rows of DP table...
2022-01-01 01:32:11,715 - root - DEBUG - Processing 30-th line out of 445 rows of DP table...
2022-01-01 01:32:11,859 - root - DEBUG - Processing 40-th line out of 445 rows of DP table...
2022-01-01 01:32:11,999 - root - DEBUG - Processing 50-th line out of 445 rows of DP table...
2022-01-01 01:32:12,137 - root - DEBUG - Processing 60-th line out of 445 rows of DP table...
2022-01-01 01:32:12,272 - root - DEBUG - Processing 70-th line out of 445 rows of DP table...
2022-01-01 01:32:12,403 - root - DEBUG - Processing 80-th line out of 445 rows of DP table...
2022-01-01 01:32:12,531 - root - DEBUG - Processing 90-th line out of 445 rows of DP table...
2022-01-01 01:32:12,674 - root - DEBUG - Processing 100-th line out of 445 rows of DP table...
2022-01-01 01:32:12,794 - root - DEBUG - Processing 110-th line out of 445 rows of DP table...
2022-01-01 01:32:12,911 - root - DEBUG - Processing 120-th line out of 445 rows of DP table...
2022-01-01 01:32:13,130 - root - DEBUG - Processing 130-th line out of 445 rows of DP table...
2022-01-01 01:32:13,239 - root - DEBUG - Processing 140-th line out of 445 rows of DP table...
2022-01-01 01:32:13,345 - root - DEBUG - Processing 150-th line out of 445 rows of DP table...
2022-01-01 01:32:13,461 - root - DEBUG - Processing 160-th line out of 445 rows of DP table...
2022-01-01 01:32:13,561 - root - DEBUG - Processing 170-th line out of 445 rows of DP table...
2022-01-01 01:32:13,698 - root - DEBUG - Processing 180-th line out of 445 rows of DP table...
2022-01-01 01:32:13,790 - root - DEBUG - Processing 190-th line out of 445 rows of DP table...
2022-01-01 01:32:13,879 - root - DEBUG - Processing 200-th line out of 445 rows of DP table...
2022-01-01 01:32:13,967 - root - DEBUG - Processing 210-th line out of 445 rows of DP table...
2022-01-01 01:32:14,049 - root - DEBUG - Processing 220-th line out of 445 rows of DP table...
2022-01-01 01:32:14,128 - root - DEBUG - Processing 230-th line out of 445 rows of DP table...
2022-01-01 01:32:14,204 - root - DEBUG - Processing 240-th line out of 445 rows of DP table...
2022-01-01 01:32:14,276 - root - DEBUG - Processing 250-th line out of 445 rows of DP table...
2022-01-01 01:32:14,345 - root - DEBUG - Processing 260-th line out of 445 rows of DP table...
2022-01-01 01:32:14,451 - root - DEBUG - Processing 270-th line out of 445 rows of DP table...
2022-01-01 01:32:14,548 - root - DEBUG - Processing 280-th line out of 445 rows of DP table...
2022-01-01 01:32:14,607 - root - DEBUG - Processing 290-th line out of 445 rows of DP table...
2022-01-01 01:32:14,662 - root - DEBUG - Processing 300-th line out of 445 rows of DP table...
2022-01-01 01:32:14,714 - root - DEBUG - Processing 310-th line out of 445 rows of DP table...
2022-01-01 01:32:14,762 - root - DEBUG - Processing 320-th line out of 445 rows of DP table...
2022-01-01 01:32:14,813 - root - DEBUG - Processing 330-th line out of 445 rows of DP table...
2022-01-01 01:32:14,854 - root - DEBUG - Processing 340-th line out of 445 rows of DP table...
2022-01-01 01:32:14,892 - root - DEBUG - Processing 350-th line out of 445 rows of DP table...
2022-01-01 01:32:14,927 - root - DEBUG - Processing 360-th line out of 445 rows of DP table...
2022-01-01 01:32:14,958 - root - DEBUG - Processing 370-th line out of 445 rows of DP table...
2022-01-01 01:32:14,985 - root - DEBUG - Processing 380-th line out of 445 rows of DP table...
2022-01-01 01:32:15,009 - root - DEBUG - Processing 390-th line out of 445 rows of DP table...
2022-01-01 01:32:15,030 - root - DEBUG - Processing 400-th line out of 445 rows of DP table...
2022-01-01 01:32:15,047 - root - DEBUG - Processing 410-th line out of 445 rows of DP table...
2022-01-01 01:32:15,061 - root - DEBUG - Processing 420-th line out of 445 rows of DP table...
2022-01-01 01:32:15,072 - root - DEBUG - Processing 430-th line out of 445 rows of DP table...
2022-01-01 01:32:15,080 - root - DEBUG - Processing 440-th line out of 445 rows of DP table...
2022-01-01 01:32:15,086 - root - DEBUG - Started computing sf for chromosome 'chr2'...
2022-01-01 01:32:15,088 - root - DEBUG - m=924, n=249
2022-01-01 01:32:15,392 - root - DEBUG - Processing 10-th line out of 924 rows of DP table...
2022-01-01 01:32:15,716 - root - DEBUG - Processing 20-th line out of 924 rows of DP table...
2022-01-01 01:32:16,032 - root - DEBUG - Processing 30-th line out of 924 rows of DP table...
2022-01-01 01:32:16,344 - root - DEBUG - Processing 40-th line out of 924 rows of DP table...
2022-01-01 01:32:16,654 - root - DEBUG - Processing 50-th line out of 924 rows of DP table...
2022-01-01 01:32:16,961 - root - DEBUG - Processing 60-th line out of 924 rows of DP table...
2022-01-01 01:32:17,262 - root - DEBUG - Processing 70-th line out of 924 rows of DP table...
2022-01-01 01:32:17,561 - root - DEBUG - Processing 80-th line out of 924 rows of DP table...
2022-01-01 01:32:17,871 - root - DEBUG - Processing 90-th line out of 924 rows of DP table...
2022-01-01 01:32:18,169 - root - DEBUG - Processing 100-th line out of 924 rows of DP table...
2022-01-01 01:32:18,458 - root - DEBUG - Processing 110-th line out of 924 rows of DP table...
2022-01-01 01:32:18,743 - root - DEBUG - Processing 120-th line out of 924 rows of DP table...
2022-01-01 01:32:19,025 - root - DEBUG - Processing 130-th line out of 924 rows of DP table...
2022-01-01 01:32:19,303 - root - DEBUG - Processing 140-th line out of 924 rows of DP table...
2022-01-01 01:32:19,577 - root - DEBUG - Processing 150-th line out of 924 rows of DP table...
2022-01-01 01:32:19,849 - root - DEBUG - Processing 160-th line out of 924 rows of DP table...
2022-01-01 01:32:20,116 - root - DEBUG - Processing 170-th line out of 924 rows of DP table...
2022-01-01 01:32:20,436 - root - DEBUG - Processing 180-th line out of 924 rows of DP table...
2022-01-01 01:32:20,699 - root - DEBUG - Processing 190-th line out of 924 rows of DP table...
2022-01-01 01:32:20,956 - root - DEBUG - Processing 200-th line out of 924 rows of DP table...
2022-01-01 01:32:21,211 - root - DEBUG - Processing 210-th line out of 924 rows of DP table...
2022-01-01 01:32:21,503 - root - DEBUG - Processing 220-th line out of 924 rows of DP table...
2022-01-01 01:32:21,757 - root - DEBUG - Processing 230-th line out of 924 rows of DP table...
2022-01-01 01:32:22,002 - root - DEBUG - Processing 240-th line out of 924 rows of DP table...
2022-01-01 01:32:22,243 - root - DEBUG - Processing 250-th line out of 924 rows of DP table...
2022-01-01 01:32:22,481 - root - DEBUG - Processing 260-th line out of 924 rows of DP table...
2022-01-01 01:32:22,715 - root - DEBUG - Processing 270-th line out of 924 rows of DP table...
2022-01-01 01:32:22,981 - root - DEBUG - Processing 280-th line out of 924 rows of DP table...
2022-01-01 01:32:23,209 - root - DEBUG - Processing 290-th line out of 924 rows of DP table...
2022-01-01 01:32:23,444 - root - DEBUG - Processing 300-th line out of 924 rows of DP table...
2022-01-01 01:32:23,665 - root - DEBUG - Processing 310-th line out of 924 rows of DP table...
2022-01-01 01:32:23,881 - root - DEBUG - Processing 320-th line out of 924 rows of DP table...
2022-01-01 01:32:24,098 - root - DEBUG - Processing 330-th line out of 924 rows of DP table...
2022-01-01 01:32:24,308 - root - DEBUG - Processing 340-th line out of 924 rows of DP table...
2022-01-01 01:32:24,514 - root - DEBUG - Processing 350-th line out of 924 rows of DP table...
2022-01-01 01:32:24,717 - root - DEBUG - Processing 360-th line out of 924 rows of DP table...
2022-01-01 01:32:24,925 - root - DEBUG - Processing 370-th line out of 924 rows of DP table...
2022-01-01 01:32:25,133 - root - DEBUG - Processing 380-th line out of 924 rows of DP table...
2022-01-01 01:32:25,326 - root - DEBUG - Processing 390-th line out of 924 rows of DP table...
2022-01-01 01:32:25,541 - root - DEBUG - Processing 400-th line out of 924 rows of DP table...
2022-01-01 01:32:25,732 - root - DEBUG - Processing 410-th line out of 924 rows of DP table...
2022-01-01 01:32:25,915 - root - DEBUG - Processing 420-th line out of 924 rows of DP table...
2022-01-01 01:32:26,113 - root - DEBUG - Processing 430-th line out of 924 rows of DP table...
2022-01-01 01:32:26,334 - root - DEBUG - Processing 440-th line out of 924 rows of DP table...
2022-01-01 01:32:26,505 - root - DEBUG - Processing 450-th line out of 924 rows of DP table...
2022-01-01 01:32:26,674 - root - DEBUG - Processing 460-th line out of 924 rows of DP table...
2022-01-01 01:32:26,840 - root - DEBUG - Processing 470-th line out of 924 rows of DP table...
2022-01-01 01:32:27,002 - root - DEBUG - Processing 480-th line out of 924 rows of DP table...
2022-01-01 01:32:27,161 - root - DEBUG - Processing 490-th line out of 924 rows of DP table...
2022-01-01 01:32:27,317 - root - DEBUG - Processing 500-th line out of 924 rows of DP table...
2022-01-01 01:32:27,468 - root - DEBUG - Processing 510-th line out of 924 rows of DP table...
2022-01-01 01:32:27,616 - root - DEBUG - Processing 520-th line out of 924 rows of DP table...
2022-01-01 01:32:27,761 - root - DEBUG - Processing 530-th line out of 924 rows of DP table...
2022-01-01 01:32:27,902 - root - DEBUG - Processing 540-th line out of 924 rows of DP table...
2022-01-01 01:32:28,039 - root - DEBUG - Processing 550-th line out of 924 rows of DP table...
2022-01-01 01:32:28,175 - root - DEBUG - Processing 560-th line out of 924 rows of DP table...
2022-01-01 01:32:28,307 - root - DEBUG - Processing 570-th line out of 924 rows of DP table...
2022-01-01 01:32:28,434 - root - DEBUG - Processing 580-th line out of 924 rows of DP table...
2022-01-01 01:32:28,558 - root - DEBUG - Processing 590-th line out of 924 rows of DP table...
2022-01-01 01:32:28,678 - root - DEBUG - Processing 600-th line out of 924 rows of DP table...
2022-01-01 01:32:28,795 - root - DEBUG - Processing 610-th line out of 924 rows of DP table...
2022-01-01 01:32:28,909 - root - DEBUG - Processing 620-th line out of 924 rows of DP table...
2022-01-01 01:32:29,018 - root - DEBUG - Processing 630-th line out of 924 rows of DP table...
2022-01-01 01:32:29,124 - root - DEBUG - Processing 640-th line out of 924 rows of DP table...
2022-01-01 01:32:29,225 - root - DEBUG - Processing 650-th line out of 924 rows of DP table...
2022-01-01 01:32:29,325 - root - DEBUG - Processing 660-th line out of 924 rows of DP table...
2022-01-01 01:32:29,420 - root - DEBUG - Processing 670-th line out of 924 rows of DP table...
2022-01-01 01:32:29,517 - root - DEBUG - Processing 680-th line out of 924 rows of DP table...
2022-01-01 01:32:29,605 - root - DEBUG - Processing 690-th line out of 924 rows of DP table...
2022-01-01 01:32:29,689 - root - DEBUG - Processing 700-th line out of 924 rows of DP table...
2022-01-01 01:32:29,770 - root - DEBUG - Processing 710-th line out of 924 rows of DP table...
2022-01-01 01:32:29,847 - root - DEBUG - Processing 720-th line out of 924 rows of DP table...
2022-01-01 01:32:29,944 - root - DEBUG - Processing 730-th line out of 924 rows of DP table...
2022-01-01 01:32:30,015 - root - DEBUG - Processing 740-th line out of 924 rows of DP table...
2022-01-01 01:32:30,083 - root - DEBUG - Processing 750-th line out of 924 rows of DP table...
2022-01-01 01:32:30,147 - root - DEBUG - Processing 760-th line out of 924 rows of DP table...
2022-01-01 01:32:30,243 - root - DEBUG - Processing 770-th line out of 924 rows of DP table...
2022-01-01 01:32:30,300 - root - DEBUG - Processing 780-th line out of 924 rows of DP table...
2022-01-01 01:32:30,367 - root - DEBUG - Processing 790-th line out of 924 rows of DP table...
2022-01-01 01:32:30,417 - root - DEBUG - Processing 800-th line out of 924 rows of DP table...
2022-01-01 01:32:30,464 - root - DEBUG - Processing 810-th line out of 924 rows of DP table...
2022-01-01 01:32:30,507 - root - DEBUG - Processing 820-th line out of 924 rows of DP table...
2022-01-01 01:32:30,551 - root - DEBUG - Processing 830-th line out of 924 rows of DP table...
2022-01-01 01:32:30,588 - root - DEBUG - Processing 840-th line out of 924 rows of DP table...
2022-01-01 01:32:30,630 - root - DEBUG - Processing 850-th line out of 924 rows of DP table...
2022-01-01 01:32:30,660 - root - DEBUG - Processing 860-th line out of 924 rows of DP table...
2022-01-01 01:32:30,706 - root - DEBUG - Processing 870-th line out of 924 rows of DP table...
2022-01-01 01:32:30,735 - root - DEBUG - Processing 880-th line out of 924 rows of DP table...
2022-01-01 01:32:30,755 - root - DEBUG - Processing 890-th line out of 924 rows of DP table...
2022-01-01 01:32:30,773 - root - DEBUG - Processing 900-th line out of 924 rows of DP table...
2022-01-01 01:32:30,787 - root - DEBUG - Processing 910-th line out of 924 rows of DP table...
2022-01-01 01:32:30,814 - root - DEBUG - Processing 920-th line out of 924 rows of DP table...
2022-01-01 01:32:30,833 - root - DEBUG - Started computing sf for chromosome 'chr3'...
2022-01-01 01:32:30,835 - root - DEBUG - m=282, n=140
2022-01-01 01:32:30,929 - root - DEBUG - Processing 10-th line out of 282 rows of DP table...
2022-01-01 01:32:31,192 - root - DEBUG - Processing 20-th line out of 282 rows of DP table...
2022-01-01 01:32:31,285 - root - DEBUG - Processing 30-th line out of 282 rows of DP table...
2022-01-01 01:32:31,374 - root - DEBUG - Processing 40-th line out of 282 rows of DP table...
2022-01-01 01:32:31,461 - root - DEBUG - Processing 50-th line out of 282 rows of DP table...
2022-01-01 01:32:31,543 - root - DEBUG - Processing 60-th line out of 282 rows of DP table...
2022-01-01 01:32:31,622 - root - DEBUG - Processing 70-th line out of 282 rows of DP table...
2022-01-01 01:32:31,697 - root - DEBUG - Processing 80-th line out of 282 rows of DP table...
2022-01-01 01:32:31,769 - root - DEBUG - Processing 90-th line out of 282 rows of DP table...
2022-01-01 01:32:31,837 - root - DEBUG - Processing 100-th line out of 282 rows of DP table...
2022-01-01 01:32:31,902 - root - DEBUG - Processing 110-th line out of 282 rows of DP table...
2022-01-01 01:32:31,964 - root - DEBUG - Processing 120-th line out of 282 rows of DP table...
2022-01-01 01:32:32,021 - root - DEBUG - Processing 130-th line out of 282 rows of DP table...
2022-01-01 01:32:32,075 - root - DEBUG - Processing 140-th line out of 282 rows of DP table...
2022-01-01 01:32:32,126 - root - DEBUG - Processing 150-th line out of 282 rows of DP table...
2022-01-01 01:32:32,173 - root - DEBUG - Processing 160-th line out of 282 rows of DP table...
2022-01-01 01:32:32,217 - root - DEBUG - Processing 170-th line out of 282 rows of DP table...
2022-01-01 01:32:32,257 - root - DEBUG - Processing 180-th line out of 282 rows of DP table...
2022-01-01 01:32:32,294 - root - DEBUG - Processing 190-th line out of 282 rows of DP table...
2022-01-01 01:32:32,331 - root - DEBUG - Processing 200-th line out of 282 rows of DP table...
2022-01-01 01:32:32,364 - root - DEBUG - Processing 210-th line out of 282 rows of DP table...
2022-01-01 01:32:32,391 - root - DEBUG - Processing 220-th line out of 282 rows of DP table...
2022-01-01 01:32:32,462 - root - DEBUG - Processing 230-th line out of 282 rows of DP table...
2022-01-01 01:32:32,482 - root - DEBUG - Processing 240-th line out of 282 rows of DP table...
2022-01-01 01:32:32,499 - root - DEBUG - Processing 250-th line out of 282 rows of DP table...
2022-01-01 01:32:32,547 - root - DEBUG - Processing 260-th line out of 282 rows of DP table...
2022-01-01 01:32:32,559 - root - DEBUG - Processing 270-th line out of 282 rows of DP table...
2022-01-01 01:32:32,565 - root - DEBUG - Processing 280-th line out of 282 rows of DP table...
2022-01-01 01:32:32,568 - root - DEBUG - Started computing sf for chromosome 'chr4'...
2022-01-01 01:32:32,570 - root - DEBUG - m=293, n=184
2022-01-01 01:32:32,666 - root - DEBUG - Processing 10-th line out of 293 rows of DP table...
2022-01-01 01:32:32,789 - root - DEBUG - Processing 20-th line out of 293 rows of DP table...
2022-01-01 01:32:32,884 - root - DEBUG - Processing 30-th line out of 293 rows of DP table...
2022-01-01 01:32:32,975 - root - DEBUG - Processing 40-th line out of 293 rows of DP table...
2022-01-01 01:32:33,062 - root - DEBUG - Processing 50-th line out of 293 rows of DP table...
2022-01-01 01:32:33,146 - root - DEBUG - Processing 60-th line out of 293 rows of DP table...
2022-01-01 01:32:33,227 - root - DEBUG - Processing 70-th line out of 293 rows of DP table...
2022-01-01 01:32:33,304 - root - DEBUG - Processing 80-th line out of 293 rows of DP table...
2022-01-01 01:32:33,379 - root - DEBUG - Processing 90-th line out of 293 rows of DP table...
2022-01-01 01:32:33,450 - root - DEBUG - Processing 100-th line out of 293 rows of DP table...
2022-01-01 01:32:33,517 - root - DEBUG - Processing 110-th line out of 293 rows of DP table...
2022-01-01 01:32:33,581 - root - DEBUG - Processing 120-th line out of 293 rows of DP table...
2022-01-01 01:32:33,642 - root - DEBUG - Processing 130-th line out of 293 rows of DP table...
2022-01-01 01:32:33,699 - root - DEBUG - Processing 140-th line out of 293 rows of DP table...
2022-01-01 01:32:33,753 - root - DEBUG - Processing 150-th line out of 293 rows of DP table...
2022-01-01 01:32:33,808 - root - DEBUG - Processing 160-th line out of 293 rows of DP table...
2022-01-01 01:32:33,894 - root - DEBUG - Processing 170-th line out of 293 rows of DP table...
2022-01-01 01:32:33,959 - root - DEBUG - Processing 180-th line out of 293 rows of DP table...
2022-01-01 01:32:34,001 - root - DEBUG - Processing 190-th line out of 293 rows of DP table...
2022-01-01 01:32:34,052 - root - DEBUG - Processing 200-th line out of 293 rows of DP table...
2022-01-01 01:32:34,093 - root - DEBUG - Processing 210-th line out of 293 rows of DP table...
2022-01-01 01:32:34,124 - root - DEBUG - Processing 220-th line out of 293 rows of DP table...
2022-01-01 01:32:34,269 - root - DEBUG - Processing 230-th line out of 293 rows of DP table...
2022-01-01 01:32:34,297 - root - DEBUG - Processing 240-th line out of 293 rows of DP table...
2022-01-01 01:32:34,318 - root - DEBUG - Processing 250-th line out of 293 rows of DP table...
2022-01-01 01:32:34,344 - root - DEBUG - Processing 260-th line out of 293 rows of DP table...
2022-01-01 01:32:34,374 - root - DEBUG - Processing 270-th line out of 293 rows of DP table...
2022-01-01 01:32:34,383 - root - DEBUG - Processing 280-th line out of 293 rows of DP table...
2022-01-01 01:32:34,413 - root - DEBUG - Processing 290-th line out of 293 rows of DP table...
2022-01-01 01:32:34,550 - root - DEBUG - Started computing sf for chromosome 'chr5'...
2022-01-01 01:32:34,552 - root - DEBUG - m=200, n=140
2022-01-01 01:32:34,621 - root - DEBUG - Processing 10-th line out of 200 rows of DP table...
2022-01-01 01:32:34,699 - root - DEBUG - Processing 20-th line out of 200 rows of DP table...
2022-01-01 01:32:34,771 - root - DEBUG - Processing 30-th line out of 200 rows of DP table...
2022-01-01 01:32:34,831 - root - DEBUG - Processing 40-th line out of 200 rows of DP table...
2022-01-01 01:32:34,887 - root - DEBUG - Processing 50-th line out of 200 rows of DP table...
2022-01-01 01:32:34,940 - root - DEBUG - Processing 60-th line out of 200 rows of DP table...
2022-01-01 01:32:35,018 - root - DEBUG - Processing 70-th line out of 200 rows of DP table...
2022-01-01 01:32:35,065 - root - DEBUG - Processing 80-th line out of 200 rows of DP table...
2022-01-01 01:32:35,108 - root - DEBUG - Processing 90-th line out of 200 rows of DP table...
2022-01-01 01:32:35,147 - root - DEBUG - Processing 100-th line out of 200 rows of DP table...
2022-01-01 01:32:35,182 - root - DEBUG - Processing 110-th line out of 200 rows of DP table...
2022-01-01 01:32:35,214 - root - DEBUG - Processing 120-th line out of 200 rows of DP table...
2022-01-01 01:32:35,263 - root - DEBUG - Processing 130-th line out of 200 rows of DP table...
2022-01-01 01:32:35,288 - root - DEBUG - Processing 140-th line out of 200 rows of DP table...
2022-01-01 01:32:35,309 - root - DEBUG - Processing 150-th line out of 200 rows of DP table...
2022-01-01 01:32:35,327 - root - DEBUG - Processing 160-th line out of 200 rows of DP table...
2022-01-01 01:32:35,341 - root - DEBUG - Processing 170-th line out of 200 rows of DP table...
2022-01-01 01:32:35,352 - root - DEBUG - Processing 180-th line out of 200 rows of DP table...
2022-01-01 01:32:35,359 - root - DEBUG - Processing 190-th line out of 200 rows of DP table...
2022-01-01 01:32:35,363 - root - DEBUG - Processing 200-th line out of 200 rows of DP table...
2022-01-01 01:32:35,365 - root - DEBUG - Started computing sf for chromosome 'chr6'...
2022-01-01 01:32:35,366 - root - DEBUG - m=111, n=141
2022-01-01 01:32:35,402 - root - DEBUG - Processing 10-th line out of 111 rows of DP table...
2022-01-01 01:32:35,437 - root - DEBUG - Processing 20-th line out of 111 rows of DP table...
2022-01-01 01:32:35,469 - root - DEBUG - Processing 30-th line out of 111 rows of DP table...
2022-01-01 01:32:35,497 - root - DEBUG - Processing 40-th line out of 111 rows of DP table...
2022-01-01 01:32:35,522 - root - DEBUG - Processing 50-th line out of 111 rows of DP table...
2022-01-01 01:32:35,543 - root - DEBUG - Processing 60-th line out of 111 rows of DP table...
2022-01-01 01:32:35,561 - root - DEBUG - Processing 70-th line out of 111 rows of DP table...
2022-01-01 01:32:35,575 - root - DEBUG - Processing 80-th line out of 111 rows of DP table...
2022-01-01 01:32:35,586 - root - DEBUG - Processing 90-th line out of 111 rows of DP table...
2022-01-01 01:32:35,594 - root - DEBUG - Processing 100-th line out of 111 rows of DP table...
2022-01-01 01:32:35,598 - root - DEBUG - Processing 110-th line out of 111 rows of DP table...
2022-01-01 01:32:35,599 - root - DEBUG - Started computing sf for chromosome 'chr7'...
2022-01-01 01:32:35,601 - root - DEBUG - m=238, n=208
2022-01-01 01:32:35,678 - root - DEBUG - Processing 10-th line out of 238 rows of DP table...
2022-01-01 01:32:35,757 - root - DEBUG - Processing 20-th line out of 238 rows of DP table...
2022-01-01 01:32:35,832 - root - DEBUG - Processing 30-th line out of 238 rows of DP table...
2022-01-01 01:32:35,903 - root - DEBUG - Processing 40-th line out of 238 rows of DP table...
2022-01-01 01:32:35,973 - root - DEBUG - Processing 50-th line out of 238 rows of DP table...
2022-01-01 01:32:36,039 - root - DEBUG - Processing 60-th line out of 238 rows of DP table...
2022-01-01 01:32:36,101 - root - DEBUG - Processing 70-th line out of 238 rows of DP table...
2022-01-01 01:32:36,160 - root - DEBUG - Processing 80-th line out of 238 rows of DP table...
2022-01-01 01:32:36,215 - root - DEBUG - Processing 90-th line out of 238 rows of DP table...
2022-01-01 01:32:36,267 - root - DEBUG - Processing 100-th line out of 238 rows of DP table...
2022-01-01 01:32:36,315 - root - DEBUG - Processing 110-th line out of 238 rows of DP table...
2022-01-01 01:32:36,360 - root - DEBUG - Processing 120-th line out of 238 rows of DP table...
2022-01-01 01:32:36,408 - root - DEBUG - Processing 130-th line out of 238 rows of DP table...
2022-01-01 01:32:36,447 - root - DEBUG - Processing 140-th line out of 238 rows of DP table...
2022-01-01 01:32:36,481 - root - DEBUG - Processing 150-th line out of 238 rows of DP table...
2022-01-01 01:32:36,549 - root - DEBUG - Processing 160-th line out of 238 rows of DP table...
2022-01-01 01:32:36,577 - root - DEBUG - Processing 170-th line out of 238 rows of DP table...
2022-01-01 01:32:36,602 - root - DEBUG - Processing 180-th line out of 238 rows of DP table...
2022-01-01 01:32:36,624 - root - DEBUG - Processing 190-th line out of 238 rows of DP table...
2022-01-01 01:32:36,642 - root - DEBUG - Processing 200-th line out of 238 rows of DP table...
2022-01-01 01:32:36,656 - root - DEBUG - Processing 210-th line out of 238 rows of DP table...
2022-01-01 01:32:36,667 - root - DEBUG - Processing 220-th line out of 238 rows of DP table...
2022-01-01 01:32:36,674 - root - DEBUG - Processing 230-th line out of 238 rows of DP table...
2022-01-01 01:32:36,679 - root - DEBUG - Started computing sf for chromosome 'chr8'...
2022-01-01 01:32:36,683 - root - DEBUG - m=235, n=148
2022-01-01 01:32:36,760 - root - DEBUG - Processing 10-th line out of 235 rows of DP table...
2022-01-01 01:32:36,838 - root - DEBUG - Processing 20-th line out of 235 rows of DP table...
2022-01-01 01:32:36,912 - root - DEBUG - Processing 30-th line out of 235 rows of DP table...
2022-01-01 01:32:36,983 - root - DEBUG - Processing 40-th line out of 235 rows of DP table...
2022-01-01 01:32:37,050 - root - DEBUG - Processing 50-th line out of 235 rows of DP table...
2022-01-01 01:32:37,114 - root - DEBUG - Processing 60-th line out of 235 rows of DP table...
2022-01-01 01:32:37,175 - root - DEBUG - Processing 70-th line out of 235 rows of DP table...
2022-01-01 01:32:37,233 - root - DEBUG - Processing 80-th line out of 235 rows of DP table...
2022-01-01 01:32:37,287 - root - DEBUG - Processing 90-th line out of 235 rows of DP table...
2022-01-01 01:32:37,338 - root - DEBUG - Processing 100-th line out of 235 rows of DP table...
2022-01-01 01:32:37,386 - root - DEBUG - Processing 110-th line out of 235 rows of DP table...
2022-01-01 01:32:37,429 - root - DEBUG - Processing 120-th line out of 235 rows of DP table...
2022-01-01 01:32:37,480 - root - DEBUG - Processing 130-th line out of 235 rows of DP table...
2022-01-01 01:32:37,517 - root - DEBUG - Processing 140-th line out of 235 rows of DP table...
2022-01-01 01:32:37,551 - root - DEBUG - Processing 150-th line out of 235 rows of DP table...
2022-01-01 01:32:37,581 - root - DEBUG - Processing 160-th line out of 235 rows of DP table...
2022-01-01 01:32:37,607 - root - DEBUG - Processing 170-th line out of 235 rows of DP table...
2022-01-01 01:32:37,630 - root - DEBUG - Processing 180-th line out of 235 rows of DP table...
2022-01-01 01:32:37,650 - root - DEBUG - Processing 190-th line out of 235 rows of DP table...
2022-01-01 01:32:37,666 - root - DEBUG - Processing 200-th line out of 235 rows of DP table...
2022-01-01 01:32:37,679 - root - DEBUG - Processing 210-th line out of 235 rows of DP table...
2022-01-01 01:32:37,688 - root - DEBUG - Processing 220-th line out of 235 rows of DP table...
2022-01-01 01:32:37,694 - root - DEBUG - Processing 230-th line out of 235 rows of DP table...
2022-01-01 01:32:37,698 - root - DEBUG - Started computing sf for chromosome 'chr9'...
2022-01-01 01:32:37,699 - root - DEBUG - m=229, n=187
2022-01-01 01:32:37,774 - root - DEBUG - Processing 10-th line out of 229 rows of DP table...
2022-01-01 01:32:37,962 - root - DEBUG - Processing 20-th line out of 229 rows of DP table...
2022-01-01 01:32:38,035 - root - DEBUG - Processing 30-th line out of 229 rows of DP table...
2022-01-01 01:32:38,105 - root - DEBUG - Processing 40-th line out of 229 rows of DP table...
2022-01-01 01:32:38,184 - root - DEBUG - Processing 50-th line out of 229 rows of DP table...
2022-01-01 01:32:38,246 - root - DEBUG - Processing 60-th line out of 229 rows of DP table...
2022-01-01 01:32:38,306 - root - DEBUG - Processing 70-th line out of 229 rows of DP table...
2022-01-01 01:32:38,361 - root - DEBUG - Processing 80-th line out of 229 rows of DP table...
2022-01-01 01:32:38,413 - root - DEBUG - Processing 90-th line out of 229 rows of DP table...
2022-01-01 01:32:38,461 - root - DEBUG - Processing 100-th line out of 229 rows of DP table...
2022-01-01 01:32:38,507 - root - DEBUG - Processing 110-th line out of 229 rows of DP table...
2022-01-01 01:32:38,549 - root - DEBUG - Processing 120-th line out of 229 rows of DP table...
2022-01-01 01:32:38,624 - root - DEBUG - Processing 130-th line out of 229 rows of DP table...
2022-01-01 01:32:38,682 - root - DEBUG - Processing 140-th line out of 229 rows of DP table...
2022-01-01 01:32:38,714 - root - DEBUG - Processing 150-th line out of 229 rows of DP table...
2022-01-01 01:32:38,742 - root - DEBUG - Processing 160-th line out of 229 rows of DP table...
2022-01-01 01:32:38,769 - root - DEBUG - Processing 170-th line out of 229 rows of DP table...
2022-01-01 01:32:38,790 - root - DEBUG - Processing 180-th line out of 229 rows of DP table...
2022-01-01 01:32:38,808 - root - DEBUG - Processing 190-th line out of 229 rows of DP table...
2022-01-01 01:32:38,824 - root - DEBUG - Processing 200-th line out of 229 rows of DP table...
2022-01-01 01:32:38,835 - root - DEBUG - Processing 210-th line out of 229 rows of DP table...
2022-01-01 01:32:38,843 - root - DEBUG - Processing 220-th line out of 229 rows of DP table...
2022-01-01 01:32:38,848 - root - DEBUG - Started computing sf for chromosome 'chr10'...
2022-01-01 01:32:38,850 - root - DEBUG - m=206, n=158
2022-01-01 01:32:38,917 - root - DEBUG - Processing 10-th line out of 206 rows of DP table...
2022-01-01 01:32:38,985 - root - DEBUG - Processing 20-th line out of 206 rows of DP table...
2022-01-01 01:32:39,050 - root - DEBUG - Processing 30-th line out of 206 rows of DP table...
2022-01-01 01:32:39,111 - root - DEBUG - Processing 40-th line out of 206 rows of DP table...
2022-01-01 01:32:39,169 - root - DEBUG - Processing 50-th line out of 206 rows of DP table...
2022-01-01 01:32:39,227 - root - DEBUG - Processing 60-th line out of 206 rows of DP table...
2022-01-01 01:32:39,279 - root - DEBUG - Processing 70-th line out of 206 rows of DP table...
2022-01-01 01:32:39,326 - root - DEBUG - Processing 80-th line out of 206 rows of DP table...
2022-01-01 01:32:39,371 - root - DEBUG - Processing 90-th line out of 206 rows of DP table...
2022-01-01 01:32:39,412 - root - DEBUG - Processing 100-th line out of 206 rows of DP table...
2022-01-01 01:32:39,449 - root - DEBUG - Processing 110-th line out of 206 rows of DP table...
2022-01-01 01:32:39,483 - root - DEBUG - Processing 120-th line out of 206 rows of DP table...
2022-01-01 01:32:39,527 - root - DEBUG - Processing 130-th line out of 206 rows of DP table...
2022-01-01 01:32:39,554 - root - DEBUG - Processing 140-th line out of 206 rows of DP table...
2022-01-01 01:32:39,578 - root - DEBUG - Processing 150-th line out of 206 rows of DP table...
2022-01-01 01:32:39,598 - root - DEBUG - Processing 160-th line out of 206 rows of DP table...
2022-01-01 01:32:39,615 - root - DEBUG - Processing 170-th line out of 206 rows of DP table...
2022-01-01 01:32:39,680 - root - DEBUG - Processing 180-th line out of 206 rows of DP table...
2022-01-01 01:32:39,710 - root - DEBUG - Processing 190-th line out of 206 rows of DP table...
2022-01-01 01:32:39,716 - root - DEBUG - Processing 200-th line out of 206 rows of DP table...
2022-01-01 01:32:39,721 - root - DEBUG - Started computing sf for chromosome 'chr11'...
2022-01-01 01:32:39,722 - root - DEBUG - m=345, n=145
2022-01-01 01:32:39,836 - root - DEBUG - Processing 10-th line out of 345 rows of DP table...
2022-01-01 01:32:39,954 - root - DEBUG - Processing 20-th line out of 345 rows of DP table...
2022-01-01 01:32:40,068 - root - DEBUG - Processing 30-th line out of 345 rows of DP table...
2022-01-01 01:32:40,178 - root - DEBUG - Processing 40-th line out of 345 rows of DP table...
2022-01-01 01:32:40,293 - root - DEBUG - Processing 50-th line out of 345 rows of DP table...
2022-01-01 01:32:40,423 - root - DEBUG - Processing 60-th line out of 345 rows of DP table...
2022-01-01 01:32:40,526 - root - DEBUG - Processing 70-th line out of 345 rows of DP table...
2022-01-01 01:32:40,622 - root - DEBUG - Processing 80-th line out of 345 rows of DP table...
2022-01-01 01:32:40,718 - root - DEBUG - Processing 90-th line out of 345 rows of DP table...
2022-01-01 01:32:40,830 - root - DEBUG - Processing 100-th line out of 345 rows of DP table...
2022-01-01 01:32:40,929 - root - DEBUG - Processing 110-th line out of 345 rows of DP table...
2022-01-01 01:32:41,072 - root - DEBUG - Processing 120-th line out of 345 rows of DP table...
2022-01-01 01:32:41,485 - root - DEBUG - Processing 130-th line out of 345 rows of DP table...
2022-01-01 01:32:41,709 - root - DEBUG - Processing 140-th line out of 345 rows of DP table...
2022-01-01 01:32:41,841 - root - DEBUG - Processing 150-th line out of 345 rows of DP table...
2022-01-01 01:32:41,973 - root - DEBUG - Processing 160-th line out of 345 rows of DP table...
2022-01-01 01:32:42,038 - root - DEBUG - Processing 170-th line out of 345 rows of DP table...
2022-01-01 01:32:42,100 - root - DEBUG - Processing 180-th line out of 345 rows of DP table...
2022-01-01 01:32:42,177 - root - DEBUG - Processing 190-th line out of 345 rows of DP table...
2022-01-01 01:32:42,232 - root - DEBUG - Processing 200-th line out of 345 rows of DP table...
2022-01-01 01:32:42,299 - root - DEBUG - Processing 210-th line out of 345 rows of DP table...
2022-01-01 01:32:42,357 - root - DEBUG - Processing 220-th line out of 345 rows of DP table...
2022-01-01 01:32:42,416 - root - DEBUG - Processing 230-th line out of 345 rows of DP table...
2022-01-01 01:32:42,457 - root - DEBUG - Processing 240-th line out of 345 rows of DP table...
2022-01-01 01:32:42,496 - root - DEBUG - Processing 250-th line out of 345 rows of DP table...
2022-01-01 01:32:42,530 - root - DEBUG - Processing 260-th line out of 345 rows of DP table...
2022-01-01 01:32:42,561 - root - DEBUG - Processing 270-th line out of 345 rows of DP table...
2022-01-01 01:32:42,588 - root - DEBUG - Processing 280-th line out of 345 rows of DP table...
2022-01-01 01:32:42,612 - root - DEBUG - Processing 290-th line out of 345 rows of DP table...
2022-01-01 01:32:42,632 - root - DEBUG - Processing 300-th line out of 345 rows of DP table...
2022-01-01 01:32:42,649 - root - DEBUG - Processing 310-th line out of 345 rows of DP table...
2022-01-01 01:32:42,663 - root - DEBUG - Processing 320-th line out of 345 rows of DP table...
2022-01-01 01:32:42,673 - root - DEBUG - Processing 330-th line out of 345 rows of DP table...
2022-01-01 01:32:42,679 - root - DEBUG - Processing 340-th line out of 345 rows of DP table...
2022-01-01 01:32:42,684 - root - DEBUG - Started computing sf for chromosome 'chr12'...
2022-01-01 01:32:42,685 - root - DEBUG - m=221, n=141
2022-01-01 01:32:42,756 - root - DEBUG - Processing 10-th line out of 221 rows of DP table...
2022-01-01 01:32:42,829 - root - DEBUG - Processing 20-th line out of 221 rows of DP table...
2022-01-01 01:32:42,898 - root - DEBUG - Processing 30-th line out of 221 rows of DP table...
2022-01-01 01:32:42,964 - root - DEBUG - Processing 40-th line out of 221 rows of DP table...
2022-01-01 01:32:43,028 - root - DEBUG - Processing 50-th line out of 221 rows of DP table...
2022-01-01 01:32:43,087 - root - DEBUG - Processing 60-th line out of 221 rows of DP table...
2022-01-01 01:32:43,143 - root - DEBUG - Processing 70-th line out of 221 rows of DP table...
2022-01-01 01:32:43,196 - root - DEBUG - Processing 80-th line out of 221 rows of DP table...
2022-01-01 01:32:43,245 - root - DEBUG - Processing 90-th line out of 221 rows of DP table...
2022-01-01 01:32:43,290 - root - DEBUG - Processing 100-th line out of 221 rows of DP table...
2022-01-01 01:32:43,351 - root - DEBUG - Processing 110-th line out of 221 rows of DP table...
2022-01-01 01:32:43,406 - root - DEBUG - Processing 120-th line out of 221 rows of DP table...
2022-01-01 01:32:43,450 - root - DEBUG - Processing 130-th line out of 221 rows of DP table...
2022-01-01 01:32:43,495 - root - DEBUG - Processing 140-th line out of 221 rows of DP table...
2022-01-01 01:32:43,569 - root - DEBUG - Processing 150-th line out of 221 rows of DP table...
2022-01-01 01:32:43,595 - root - DEBUG - Processing 160-th line out of 221 rows of DP table...
2022-01-01 01:32:43,617 - root - DEBUG - Processing 170-th line out of 221 rows of DP table...
2022-01-01 01:32:43,635 - root - DEBUG - Processing 180-th line out of 221 rows of DP table...
2022-01-01 01:32:43,650 - root - DEBUG - Processing 190-th line out of 221 rows of DP table...
2022-01-01 01:32:43,663 - root - DEBUG - Processing 200-th line out of 221 rows of DP table...
2022-01-01 01:32:43,671 - root - DEBUG - Processing 210-th line out of 221 rows of DP table...
2022-01-01 01:32:43,676 - root - DEBUG - Processing 220-th line out of 221 rows of DP table...
2022-01-01 01:32:43,678 - root - DEBUG - Started computing sf for chromosome 'chr13'...
2022-01-01 01:32:43,680 - root - DEBUG - m=123, n=99
2022-01-01 01:32:43,722 - root - DEBUG - Processing 10-th line out of 123 rows of DP table...
2022-01-01 01:32:43,762 - root - DEBUG - Processing 20-th line out of 123 rows of DP table...
2022-01-01 01:32:43,798 - root - DEBUG - Processing 30-th line out of 123 rows of DP table...
2022-01-01 01:32:43,831 - root - DEBUG - Processing 40-th line out of 123 rows of DP table...
2022-01-01 01:32:43,860 - root - DEBUG - Processing 50-th line out of 123 rows of DP table...
2022-01-01 01:32:43,897 - root - DEBUG - Processing 60-th line out of 123 rows of DP table...
2022-01-01 01:32:43,932 - root - DEBUG - Processing 70-th line out of 123 rows of DP table...
2022-01-01 01:32:43,969 - root - DEBUG - Processing 80-th line out of 123 rows of DP table...
2022-01-01 01:32:43,991 - root - DEBUG - Processing 90-th line out of 123 rows of DP table...
2022-01-01 01:32:44,032 - root - DEBUG - Processing 100-th line out of 123 rows of DP table...
2022-01-01 01:32:44,046 - root - DEBUG - Processing 110-th line out of 123 rows of DP table...
2022-01-01 01:32:44,058 - root - DEBUG - Processing 120-th line out of 123 rows of DP table...
2022-01-01 01:32:44,085 - root - DEBUG - Started computing sf for chromosome 'chr14'...
2022-01-01 01:32:44,087 - root - DEBUG - m=191, n=90
2022-01-01 01:32:44,151 - root - DEBUG - Processing 10-th line out of 191 rows of DP table...
2022-01-01 01:32:44,213 - root - DEBUG - Processing 20-th line out of 191 rows of DP table...
2022-01-01 01:32:44,272 - root - DEBUG - Processing 30-th line out of 191 rows of DP table...
2022-01-01 01:32:44,328 - root - DEBUG - Processing 40-th line out of 191 rows of DP table...
2022-01-01 01:32:44,380 - root - DEBUG - Processing 50-th line out of 191 rows of DP table...
2022-01-01 01:32:44,429 - root - DEBUG - Processing 60-th line out of 191 rows of DP table...
2022-01-01 01:32:44,475 - root - DEBUG - Processing 70-th line out of 191 rows of DP table...
2022-01-01 01:32:44,517 - root - DEBUG - Processing 80-th line out of 191 rows of DP table...
2022-01-01 01:32:44,556 - root - DEBUG - Processing 90-th line out of 191 rows of DP table...
2022-01-01 01:32:44,591 - root - DEBUG - Processing 100-th line out of 191 rows of DP table...
2022-01-01 01:32:44,622 - root - DEBUG - Processing 110-th line out of 191 rows of DP table...
2022-01-01 01:32:44,650 - root - DEBUG - Processing 120-th line out of 191 rows of DP table...
2022-01-01 01:32:44,675 - root - DEBUG - Processing 130-th line out of 191 rows of DP table...
2022-01-01 01:32:44,696 - root - DEBUG - Processing 140-th line out of 191 rows of DP table...
2022-01-01 01:32:44,726 - root - DEBUG - Processing 150-th line out of 191 rows of DP table...
2022-01-01 01:32:44,741 - root - DEBUG - Processing 160-th line out of 191 rows of DP table...
2022-01-01 01:32:44,752 - root - DEBUG - Processing 170-th line out of 191 rows of DP table...
2022-01-01 01:32:44,760 - root - DEBUG - Processing 180-th line out of 191 rows of DP table...
2022-01-01 01:32:44,764 - root - DEBUG - Processing 190-th line out of 191 rows of DP table...
2022-01-01 01:32:44,778 - root - DEBUG - Started computing sf for chromosome 'chr15'...
2022-01-01 01:32:44,780 - root - DEBUG - m=216, n=94
2022-01-01 01:32:44,850 - root - DEBUG - Processing 10-th line out of 216 rows of DP table...
2022-01-01 01:32:44,963 - root - DEBUG - Processing 20-th line out of 216 rows of DP table...
2022-01-01 01:32:45,031 - root - DEBUG - Processing 30-th line out of 216 rows of DP table...
2022-01-01 01:32:45,095 - root - DEBUG - Processing 40-th line out of 216 rows of DP table...
2022-01-01 01:32:45,155 - root - DEBUG - Processing 50-th line out of 216 rows of DP table...
2022-01-01 01:32:45,211 - root - DEBUG - Processing 60-th line out of 216 rows of DP table...
2022-01-01 01:32:45,264 - root - DEBUG - Processing 70-th line out of 216 rows of DP table...
2022-01-01 01:32:45,329 - root - DEBUG - Processing 80-th line out of 216 rows of DP table...
2022-01-01 01:32:45,375 - root - DEBUG - Processing 90-th line out of 216 rows of DP table...
2022-01-01 01:32:45,443 - root - DEBUG - Processing 100-th line out of 216 rows of DP table...
2022-01-01 01:32:45,483 - root - DEBUG - Processing 110-th line out of 216 rows of DP table...
2022-01-01 01:32:45,519 - root - DEBUG - Processing 120-th line out of 216 rows of DP table...
2022-01-01 01:32:45,552 - root - DEBUG - Processing 130-th line out of 216 rows of DP table...
2022-01-01 01:32:45,582 - root - DEBUG - Processing 140-th line out of 216 rows of DP table...
2022-01-01 01:32:45,609 - root - DEBUG - Processing 150-th line out of 216 rows of DP table...
2022-01-01 01:32:45,631 - root - DEBUG - Processing 160-th line out of 216 rows of DP table...
2022-01-01 01:32:45,651 - root - DEBUG - Processing 170-th line out of 216 rows of DP table...
2022-01-01 01:32:45,667 - root - DEBUG - Processing 180-th line out of 216 rows of DP table...
2022-01-01 01:32:45,687 - root - DEBUG - Processing 190-th line out of 216 rows of DP table...
2022-01-01 01:32:46,079 - root - DEBUG - Processing 200-th line out of 216 rows of DP table...
2022-01-01 01:32:46,139 - root - DEBUG - Processing 210-th line out of 216 rows of DP table...
2022-01-01 01:32:46,144 - root - DEBUG - Started computing sf for chromosome 'chr16'...
2022-01-01 01:32:46,145 - root - DEBUG - m=186, n=123
2022-01-01 01:32:46,206 - root - DEBUG - Processing 10-th line out of 186 rows of DP table...
2022-01-01 01:32:46,267 - root - DEBUG - Processing 20-th line out of 186 rows of DP table...
2022-01-01 01:32:46,326 - root - DEBUG - Processing 30-th line out of 186 rows of DP table...
2022-01-01 01:32:46,380 - root - DEBUG - Processing 40-th line out of 186 rows of DP table...
2022-01-01 01:32:46,432 - root - DEBUG - Processing 50-th line out of 186 rows of DP table...
2022-01-01 01:32:46,479 - root - DEBUG - Processing 60-th line out of 186 rows of DP table...
2022-01-01 01:32:46,523 - root - DEBUG - Processing 70-th line out of 186 rows of DP table...
2022-01-01 01:32:46,563 - root - DEBUG - Processing 80-th line out of 186 rows of DP table...
2022-01-01 01:32:46,600 - root - DEBUG - Processing 90-th line out of 186 rows of DP table...
2022-01-01 01:32:46,634 - root - DEBUG - Processing 100-th line out of 186 rows of DP table...
2022-01-01 01:32:46,664 - root - DEBUG - Processing 110-th line out of 186 rows of DP table...
2022-01-01 01:32:46,691 - root - DEBUG - Processing 120-th line out of 186 rows of DP table...
2022-01-01 01:32:46,715 - root - DEBUG - Processing 130-th line out of 186 rows of DP table...
2022-01-01 01:32:46,738 - root - DEBUG - Processing 140-th line out of 186 rows of DP table...
2022-01-01 01:32:46,755 - root - DEBUG - Processing 150-th line out of 186 rows of DP table...
2022-01-01 01:32:46,768 - root - DEBUG - Processing 160-th line out of 186 rows of DP table...
2022-01-01 01:32:46,793 - root - DEBUG - Processing 170-th line out of 186 rows of DP table...
2022-01-01 01:32:46,800 - root - DEBUG - Processing 180-th line out of 186 rows of DP table...
2022-01-01 01:32:46,803 - root - DEBUG - Started computing sf for chromosome 'chr17'...
2022-01-01 01:32:46,805 - root - DEBUG - m=401, n=142
2022-01-01 01:32:46,937 - root - DEBUG - Processing 10-th line out of 401 rows of DP table...
2022-01-01 01:32:47,073 - root - DEBUG - Processing 20-th line out of 401 rows of DP table...
2022-01-01 01:32:47,209 - root - DEBUG - Processing 30-th line out of 401 rows of DP table...
2022-01-01 01:32:47,475 - root - DEBUG - Processing 40-th line out of 401 rows of DP table...
2022-01-01 01:32:47,602 - root - DEBUG - Processing 50-th line out of 401 rows of DP table...
2022-01-01 01:32:47,730 - root - DEBUG - Processing 60-th line out of 401 rows of DP table...
2022-01-01 01:32:47,855 - root - DEBUG - Processing 70-th line out of 401 rows of DP table...
2022-01-01 01:32:47,970 - root - DEBUG - Processing 80-th line out of 401 rows of DP table...
2022-01-01 01:32:48,082 - root - DEBUG - Processing 90-th line out of 401 rows of DP table...
2022-01-01 01:32:48,193 - root - DEBUG - Processing 100-th line out of 401 rows of DP table...
2022-01-01 01:32:48,303 - root - DEBUG - Processing 110-th line out of 401 rows of DP table...
2022-01-01 01:32:48,499 - root - DEBUG - Processing 120-th line out of 401 rows of DP table...
2022-01-01 01:32:48,670 - root - DEBUG - Processing 130-th line out of 401 rows of DP table...
2022-01-01 01:32:48,826 - root - DEBUG - Processing 140-th line out of 401 rows of DP table...
2022-01-01 01:32:48,987 - root - DEBUG - Processing 150-th line out of 401 rows of DP table...
2022-01-01 01:32:49,122 - root - DEBUG - Processing 160-th line out of 401 rows of DP table...
2022-01-01 01:32:49,207 - root - DEBUG - Processing 170-th line out of 401 rows of DP table...
2022-01-01 01:32:49,289 - root - DEBUG - Processing 180-th line out of 401 rows of DP table...
2022-01-01 01:32:49,366 - root - DEBUG - Processing 190-th line out of 401 rows of DP table...
2022-01-01 01:32:49,455 - root - DEBUG - Processing 200-th line out of 401 rows of DP table...
2022-01-01 01:32:49,527 - root - DEBUG - Processing 210-th line out of 401 rows of DP table...
2022-01-01 01:32:49,612 - root - DEBUG - Processing 220-th line out of 401 rows of DP table...
2022-01-01 01:32:49,677 - root - DEBUG - Processing 230-th line out of 401 rows of DP table...
2022-01-01 01:32:49,738 - root - DEBUG - Processing 240-th line out of 401 rows of DP table...
2022-01-01 01:32:49,795 - root - DEBUG - Processing 250-th line out of 401 rows of DP table...
2022-01-01 01:32:49,848 - root - DEBUG - Processing 260-th line out of 401 rows of DP table...
2022-01-01 01:32:49,899 - root - DEBUG - Processing 270-th line out of 401 rows of DP table...
2022-01-01 01:32:49,946 - root - DEBUG - Processing 280-th line out of 401 rows of DP table...
2022-01-01 01:32:49,989 - root - DEBUG - Processing 290-th line out of 401 rows of DP table...
2022-01-01 01:32:50,029 - root - DEBUG - Processing 300-th line out of 401 rows of DP table...
2022-01-01 01:32:50,065 - root - DEBUG - Processing 310-th line out of 401 rows of DP table...
2022-01-01 01:32:50,099 - root - DEBUG - Processing 320-th line out of 401 rows of DP table...
2022-01-01 01:32:50,128 - root - DEBUG - Processing 330-th line out of 401 rows of DP table...
2022-01-01 01:32:50,154 - root - DEBUG - Processing 340-th line out of 401 rows of DP table...
2022-01-01 01:32:50,177 - root - DEBUG - Processing 350-th line out of 401 rows of DP table...
2022-01-01 01:32:50,196 - root - DEBUG - Processing 360-th line out of 401 rows of DP table...
2022-01-01 01:32:50,220 - root - DEBUG - Processing 370-th line out of 401 rows of DP table...
2022-01-01 01:32:50,232 - root - DEBUG - Processing 380-th line out of 401 rows of DP table...
2022-01-01 01:32:50,241 - root - DEBUG - Processing 390-th line out of 401 rows of DP table...
2022-01-01 01:32:50,247 - root - DEBUG - Processing 400-th line out of 401 rows of DP table...
2022-01-01 01:32:50,254 - root - DEBUG - Started computing sf for chromosome 'chr18'...
2022-01-01 01:32:50,255 - root - DEBUG - m=52, n=75
2022-01-01 01:32:50,272 - root - DEBUG - Processing 10-th line out of 52 rows of DP table...
2022-01-01 01:32:50,286 - root - DEBUG - Processing 20-th line out of 52 rows of DP table...
2022-01-01 01:32:50,297 - root - DEBUG - Processing 30-th line out of 52 rows of DP table...
2022-01-01 01:32:50,304 - root - DEBUG - Processing 40-th line out of 52 rows of DP table...
2022-01-01 01:32:50,308 - root - DEBUG - Processing 50-th line out of 52 rows of DP table...
2022-01-01 01:32:50,309 - root - DEBUG - Started computing sf for chromosome 'chr19'...
2022-01-01 01:32:50,311 - root - DEBUG - m=271, n=110
2022-01-01 01:32:50,401 - root - DEBUG - Processing 10-th line out of 271 rows of DP table...
2022-01-01 01:32:50,565 - root - DEBUG - Processing 20-th line out of 271 rows of DP table...
2022-01-01 01:32:50,664 - root - DEBUG - Processing 30-th line out of 271 rows of DP table...
2022-01-01 01:32:51,017 - root - DEBUG - Processing 40-th line out of 271 rows of DP table...
2022-01-01 01:32:51,101 - root - DEBUG - Processing 50-th line out of 271 rows of DP table...
2022-01-01 01:32:51,179 - root - DEBUG - Processing 60-th line out of 271 rows of DP table...
2022-01-01 01:32:51,256 - root - DEBUG - Processing 70-th line out of 271 rows of DP table...
2022-01-01 01:32:51,345 - root - DEBUG - Processing 80-th line out of 271 rows of DP table...
2022-01-01 01:32:51,427 - root - DEBUG - Processing 90-th line out of 271 rows of DP table...
2022-01-01 01:32:51,754 - root - DEBUG - Processing 100-th line out of 271 rows of DP table...
2022-01-01 01:32:51,830 - root - DEBUG - Processing 110-th line out of 271 rows of DP table...
2022-01-01 01:32:51,901 - root - DEBUG - Processing 120-th line out of 271 rows of DP table...
2022-01-01 01:32:52,060 - root - DEBUG - Processing 130-th line out of 271 rows of DP table...
2022-01-01 01:32:52,113 - root - DEBUG - Processing 140-th line out of 271 rows of DP table...
2022-01-01 01:32:52,173 - root - DEBUG - Processing 150-th line out of 271 rows of DP table...
2022-01-01 01:32:52,236 - root - DEBUG - Processing 160-th line out of 271 rows of DP table...
2022-01-01 01:32:52,297 - root - DEBUG - Processing 170-th line out of 271 rows of DP table...
2022-01-01 01:32:52,368 - root - DEBUG - Processing 180-th line out of 271 rows of DP table...
2022-01-01 01:32:52,411 - root - DEBUG - Processing 190-th line out of 271 rows of DP table...
2022-01-01 01:32:52,441 - root - DEBUG - Processing 200-th line out of 271 rows of DP table...
2022-01-01 01:32:52,483 - root - DEBUG - Processing 210-th line out of 271 rows of DP table...
2022-01-01 01:32:52,514 - root - DEBUG - Processing 220-th line out of 271 rows of DP table...
2022-01-01 01:32:52,549 - root - DEBUG - Processing 230-th line out of 271 rows of DP table...
2022-01-01 01:32:52,576 - root - DEBUG - Processing 240-th line out of 271 rows of DP table...
2022-01-01 01:32:52,595 - root - DEBUG - Processing 250-th line out of 271 rows of DP table...
2022-01-01 01:32:52,622 - root - DEBUG - Processing 260-th line out of 271 rows of DP table...
2022-01-01 01:32:52,641 - root - DEBUG - Processing 270-th line out of 271 rows of DP table...
2022-01-01 01:32:52,673 - root - DEBUG - Started computing sf for chromosome 'chr20'...
2022-01-01 01:32:52,683 - root - DEBUG - m=170, n=74
2022-01-01 01:32:52,768 - root - DEBUG - Processing 10-th line out of 170 rows of DP table...
2022-01-01 01:32:52,824 - root - DEBUG - Processing 20-th line out of 170 rows of DP table...
2022-01-01 01:32:52,885 - root - DEBUG - Processing 30-th line out of 170 rows of DP table...
2022-01-01 01:32:52,947 - root - DEBUG - Processing 40-th line out of 170 rows of DP table...
2022-01-01 01:32:53,012 - root - DEBUG - Processing 50-th line out of 170 rows of DP table...
2022-01-01 01:32:53,054 - root - DEBUG - Processing 60-th line out of 170 rows of DP table...
2022-01-01 01:32:53,097 - root - DEBUG - Processing 70-th line out of 170 rows of DP table...
2022-01-01 01:32:53,132 - root - DEBUG - Processing 80-th line out of 170 rows of DP table...
2022-01-01 01:32:53,179 - root - DEBUG - Processing 90-th line out of 170 rows of DP table...
2022-01-01 01:32:53,228 - root - DEBUG - Processing 100-th line out of 170 rows of DP table...
2022-01-01 01:32:53,260 - root - DEBUG - Processing 110-th line out of 170 rows of DP table...
2022-01-01 01:32:53,281 - root - DEBUG - Processing 120-th line out of 170 rows of DP table...
2022-01-01 01:32:53,309 - root - DEBUG - Processing 130-th line out of 170 rows of DP table...
2022-01-01 01:32:53,327 - root - DEBUG - Processing 140-th line out of 170 rows of DP table...
2022-01-01 01:32:53,339 - root - DEBUG - Processing 150-th line out of 170 rows of DP table...
2022-01-01 01:32:53,346 - root - DEBUG - Processing 160-th line out of 170 rows of DP table...
2022-01-01 01:32:53,368 - root - DEBUG - Processing 170-th line out of 170 rows of DP table...
2022-01-01 01:32:53,370 - root - DEBUG - Started computing sf for chromosome 'chr21'...
2022-01-01 01:32:53,371 - root - DEBUG - m=73, n=28
2022-01-01 01:32:53,395 - root - DEBUG - Processing 10-th line out of 73 rows of DP table...
2022-01-01 01:32:53,426 - root - DEBUG - Processing 20-th line out of 73 rows of DP table...
2022-01-01 01:32:53,833 - root - DEBUG - Processing 30-th line out of 73 rows of DP table...
2022-01-01 01:32:53,848 - root - DEBUG - Processing 40-th line out of 73 rows of DP table...
2022-01-01 01:32:53,860 - root - DEBUG - Processing 50-th line out of 73 rows of DP table...
2022-01-01 01:32:53,868 - root - DEBUG - Processing 60-th line out of 73 rows of DP table...
2022-01-01 01:32:53,873 - root - DEBUG - Processing 70-th line out of 73 rows of DP table...
2022-01-01 01:32:53,875 - root - DEBUG - Started computing sf for chromosome 'chr22'...
2022-01-01 01:32:53,876 - root - DEBUG - m=105, n=66
2022-01-01 01:32:53,911 - root - DEBUG - Processing 10-th line out of 105 rows of DP table...
2022-01-01 01:32:53,944 - root - DEBUG - Processing 20-th line out of 105 rows of DP table...
2022-01-01 01:32:53,974 - root - DEBUG - Processing 30-th line out of 105 rows of DP table...
2022-01-01 01:32:54,000 - root - DEBUG - Processing 40-th line out of 105 rows of DP table...
2022-01-01 01:32:54,022 - root - DEBUG - Processing 50-th line out of 105 rows of DP table...
2022-01-01 01:32:54,041 - root - DEBUG - Processing 60-th line out of 105 rows of DP table...
2022-01-01 01:32:54,061 - root - DEBUG - Processing 70-th line out of 105 rows of DP table...
2022-01-01 01:32:54,073 - root - DEBUG - Processing 80-th line out of 105 rows of DP table...
2022-01-01 01:32:54,082 - root - DEBUG - Processing 90-th line out of 105 rows of DP table...
2022-01-01 01:32:54,087 - root - DEBUG - Processing 100-th line out of 105 rows of DP table...
2022-01-01 01:32:54,089 - root - DEBUG - Started computing sf for chromosome 'chrX'...
2022-01-01 01:32:54,091 - root - DEBUG - m=89, n=129
2022-01-01 01:32:54,119 - root - DEBUG - Processing 10-th line out of 89 rows of DP table...
2022-01-01 01:32:54,146 - root - DEBUG - Processing 20-th line out of 89 rows of DP table...
2022-01-01 01:32:54,170 - root - DEBUG - Processing 30-th line out of 89 rows of DP table...
2022-01-01 01:32:54,190 - root - DEBUG - Processing 40-th line out of 89 rows of DP table...
2022-01-01 01:32:54,207 - root - DEBUG - Processing 50-th line out of 89 rows of DP table...
2022-01-01 01:32:54,236 - root - DEBUG - Processing 60-th line out of 89 rows of DP table...
2022-01-01 01:32:54,246 - root - DEBUG - Processing 70-th line out of 89 rows of DP table...
2022-01-01 01:32:54,253 - root - DEBUG - Processing 80-th line out of 89 rows of DP table...
2022-01-01 01:32:54,257 - root - DEBUG - Started computing sf for chromosome 'chrY'...
2022-01-01 01:32:54,259 - root - DEBUG - m=0, n=17
2022-01-01 01:32:54,260 - root - DEBUG - Started computing joint logprobs...
