2021-12-30 03:35:21,480 - root - INFO - Loading reference interval set from '../resources/zarrei2015-2/intervals/GI1.all.trans.tsv'...
2021-12-30 03:35:21,501 - root - INFO - Loading query interval set from '../resources/zarrei2015-2/cnv_intervals/inclusive.gain.tsv'...
2021-12-30 03:35:21,506 - root - INFO - Loading chromosome sizes from '../resources/experiment_original/iSTAT/data/hg19_chrom_sizes.txt'...
2021-12-30 03:35:21,517 - root - INFO - Number of reference intervals: 3468 (16014 before merging)
2021-12-30 03:35:21,517 - root - INFO - Number of query intervals: 3132 (3132 before merging)
2021-12-30 03:35:21,518 - root - INFO - Number of chromosomes: 24
2021-12-30 03:35:21,525 - root - INFO - Overlap count: 401
2021-12-30 03:35:21,525 - root - DEBUG - Started computing sf for chromosome 'chr1'...
2021-12-30 03:35:21,526 - root - DEBUG - m=331, n=244
2021-12-30 03:35:21,632 - root - DEBUG - Processing 10-th line out of 331 rows of DP table...
2021-12-30 03:35:21,740 - root - DEBUG - Processing 20-th line out of 331 rows of DP table...
2021-12-30 03:35:21,844 - root - DEBUG - Processing 30-th line out of 331 rows of DP table...
2021-12-30 03:35:21,946 - root - DEBUG - Processing 40-th line out of 331 rows of DP table...
2021-12-30 03:35:22,044 - root - DEBUG - Processing 50-th line out of 331 rows of DP table...
2021-12-30 03:35:22,140 - root - DEBUG - Processing 60-th line out of 331 rows of DP table...
2021-12-30 03:35:22,232 - root - DEBUG - Processing 70-th line out of 331 rows of DP table...
2021-12-30 03:35:22,320 - root - DEBUG - Processing 80-th line out of 331 rows of DP table...
2021-12-30 03:35:22,405 - root - DEBUG - Processing 90-th line out of 331 rows of DP table...
2021-12-30 03:35:22,487 - root - DEBUG - Processing 100-th line out of 331 rows of DP table...
2021-12-30 03:35:22,566 - root - DEBUG - Processing 110-th line out of 331 rows of DP table...
2021-12-30 03:35:22,641 - root - DEBUG - Processing 120-th line out of 331 rows of DP table...
2021-12-30 03:35:22,713 - root - DEBUG - Processing 130-th line out of 331 rows of DP table...
2021-12-30 03:35:22,781 - root - DEBUG - Processing 140-th line out of 331 rows of DP table...
2021-12-30 03:35:22,846 - root - DEBUG - Processing 150-th line out of 331 rows of DP table...
2021-12-30 03:35:22,908 - root - DEBUG - Processing 160-th line out of 331 rows of DP table...
2021-12-30 03:35:22,966 - root - DEBUG - Processing 170-th line out of 331 rows of DP table...
2021-12-30 03:35:23,021 - root - DEBUG - Processing 180-th line out of 331 rows of DP table...
2021-12-30 03:35:23,073 - root - DEBUG - Processing 190-th line out of 331 rows of DP table...
2021-12-30 03:35:23,121 - root - DEBUG - Processing 200-th line out of 331 rows of DP table...
2021-12-30 03:35:23,167 - root - DEBUG - Processing 210-th line out of 331 rows of DP table...
2021-12-30 03:35:23,209 - root - DEBUG - Processing 220-th line out of 331 rows of DP table...
2021-12-30 03:35:23,247 - root - DEBUG - Processing 230-th line out of 331 rows of DP table...
2021-12-30 03:35:23,282 - root - DEBUG - Processing 240-th line out of 331 rows of DP table...
2021-12-30 03:35:23,314 - root - DEBUG - Processing 250-th line out of 331 rows of DP table...
2021-12-30 03:35:23,342 - root - DEBUG - Processing 260-th line out of 331 rows of DP table...
2021-12-30 03:35:23,367 - root - DEBUG - Processing 270-th line out of 331 rows of DP table...
2021-12-30 03:35:23,389 - root - DEBUG - Processing 280-th line out of 331 rows of DP table...
2021-12-30 03:35:23,407 - root - DEBUG - Processing 290-th line out of 331 rows of DP table...
2021-12-30 03:35:23,422 - root - DEBUG - Processing 300-th line out of 331 rows of DP table...
2021-12-30 03:35:23,433 - root - DEBUG - Processing 310-th line out of 331 rows of DP table...
2021-12-30 03:35:23,441 - root - DEBUG - Processing 320-th line out of 331 rows of DP table...
2021-12-30 03:35:23,446 - root - DEBUG - Processing 330-th line out of 331 rows of DP table...
2021-12-30 03:35:23,449 - root - DEBUG - Started computing sf for chromosome 'chr2'...
2021-12-30 03:35:23,450 - root - DEBUG - m=233, n=249
2021-12-30 03:35:23,524 - root - DEBUG - Processing 10-th line out of 233 rows of DP table...
2021-12-30 03:35:23,599 - root - DEBUG - Processing 20-th line out of 233 rows of DP table...
2021-12-30 03:35:23,672 - root - DEBUG - Processing 30-th line out of 233 rows of DP table...
2021-12-30 03:35:23,741 - root - DEBUG - Processing 40-th line out of 233 rows of DP table...
2021-12-30 03:35:23,806 - root - DEBUG - Processing 50-th line out of 233 rows of DP table...
2021-12-30 03:35:23,870 - root - DEBUG - Processing 60-th line out of 233 rows of DP table...
2021-12-30 03:35:23,929 - root - DEBUG - Processing 70-th line out of 233 rows of DP table...
2021-12-30 03:35:23,985 - root - DEBUG - Processing 80-th line out of 233 rows of DP table...
2021-12-30 03:35:24,037 - root - DEBUG - Processing 90-th line out of 233 rows of DP table...
2021-12-30 03:35:24,086 - root - DEBUG - Processing 100-th line out of 233 rows of DP table...
2021-12-30 03:35:24,131 - root - DEBUG - Processing 110-th line out of 233 rows of DP table...
2021-12-30 03:35:24,172 - root - DEBUG - Processing 120-th line out of 233 rows of DP table...
2021-12-30 03:35:24,211 - root - DEBUG - Processing 130-th line out of 233 rows of DP table...
2021-12-30 03:35:24,246 - root - DEBUG - Processing 140-th line out of 233 rows of DP table...
2021-12-30 03:35:24,278 - root - DEBUG - Processing 150-th line out of 233 rows of DP table...
2021-12-30 03:35:24,307 - root - DEBUG - Processing 160-th line out of 233 rows of DP table...
2021-12-30 03:35:24,332 - root - DEBUG - Processing 170-th line out of 233 rows of DP table...
2021-12-30 03:35:24,354 - root - DEBUG - Processing 180-th line out of 233 rows of DP table...
2021-12-30 03:35:24,372 - root - DEBUG - Processing 190-th line out of 233 rows of DP table...
2021-12-30 03:35:24,387 - root - DEBUG - Processing 200-th line out of 233 rows of DP table...
2021-12-30 03:35:24,399 - root - DEBUG - Processing 210-th line out of 233 rows of DP table...
2021-12-30 03:35:24,408 - root - DEBUG - Processing 220-th line out of 233 rows of DP table...
2021-12-30 03:35:24,413 - root - DEBUG - Processing 230-th line out of 233 rows of DP table...
2021-12-30 03:35:24,415 - root - DEBUG - Started computing sf for chromosome 'chr3'...
2021-12-30 03:35:24,417 - root - DEBUG - m=219, n=140
2021-12-30 03:35:24,487 - root - DEBUG - Processing 10-th line out of 219 rows of DP table...
2021-12-30 03:35:24,558 - root - DEBUG - Processing 20-th line out of 219 rows of DP table...
2021-12-30 03:35:24,625 - root - DEBUG - Processing 30-th line out of 219 rows of DP table...
2021-12-30 03:35:24,691 - root - DEBUG - Processing 40-th line out of 219 rows of DP table...
2021-12-30 03:35:24,752 - root - DEBUG - Processing 50-th line out of 219 rows of DP table...
2021-12-30 03:35:24,809 - root - DEBUG - Processing 60-th line out of 219 rows of DP table...
2021-12-30 03:35:24,863 - root - DEBUG - Processing 70-th line out of 219 rows of DP table...
2021-12-30 03:35:24,914 - root - DEBUG - Processing 80-th line out of 219 rows of DP table...
2021-12-30 03:35:24,962 - root - DEBUG - Processing 90-th line out of 219 rows of DP table...
2021-12-30 03:35:25,006 - root - DEBUG - Processing 100-th line out of 219 rows of DP table...
2021-12-30 03:35:25,047 - root - DEBUG - Processing 110-th line out of 219 rows of DP table...
2021-12-30 03:35:25,085 - root - DEBUG - Processing 120-th line out of 219 rows of DP table...
2021-12-30 03:35:25,118 - root - DEBUG - Processing 130-th line out of 219 rows of DP table...
2021-12-30 03:35:25,149 - root - DEBUG - Processing 140-th line out of 219 rows of DP table...
2021-12-30 03:35:25,176 - root - DEBUG - Processing 150-th line out of 219 rows of DP table...
2021-12-30 03:35:25,200 - root - DEBUG - Processing 160-th line out of 219 rows of DP table...
2021-12-30 03:35:25,220 - root - DEBUG - Processing 170-th line out of 219 rows of DP table...
2021-12-30 03:35:25,237 - root - DEBUG - Processing 180-th line out of 219 rows of DP table...
2021-12-30 03:35:25,251 - root - DEBUG - Processing 190-th line out of 219 rows of DP table...
2021-12-30 03:35:25,261 - root - DEBUG - Processing 200-th line out of 219 rows of DP table...
2021-12-30 03:35:25,275 - root - DEBUG - Processing 210-th line out of 219 rows of DP table...
2021-12-30 03:35:25,279 - root - DEBUG - Started computing sf for chromosome 'chr4'...
2021-12-30 03:35:25,281 - root - DEBUG - m=119, n=184
2021-12-30 03:35:25,318 - root - DEBUG - Processing 10-th line out of 119 rows of DP table...
2021-12-30 03:35:25,355 - root - DEBUG - Processing 20-th line out of 119 rows of DP table...
2021-12-30 03:35:25,388 - root - DEBUG - Processing 30-th line out of 119 rows of DP table...
2021-12-30 03:35:25,418 - root - DEBUG - Processing 40-th line out of 119 rows of DP table...
2021-12-30 03:35:25,445 - root - DEBUG - Processing 50-th line out of 119 rows of DP table...
2021-12-30 03:35:25,468 - root - DEBUG - Processing 60-th line out of 119 rows of DP table...
2021-12-30 03:35:25,488 - root - DEBUG - Processing 70-th line out of 119 rows of DP table...
2021-12-30 03:35:25,505 - root - DEBUG - Processing 80-th line out of 119 rows of DP table...
2021-12-30 03:35:25,518 - root - DEBUG - Processing 90-th line out of 119 rows of DP table...
2021-12-30 03:35:25,528 - root - DEBUG - Processing 100-th line out of 119 rows of DP table...
2021-12-30 03:35:25,535 - root - DEBUG - Processing 110-th line out of 119 rows of DP table...
2021-12-30 03:35:25,538 - root - DEBUG - Started computing sf for chromosome 'chr5'...
2021-12-30 03:35:25,540 - root - DEBUG - m=146, n=140
2021-12-30 03:35:25,587 - root - DEBUG - Processing 10-th line out of 146 rows of DP table...
2021-12-30 03:35:25,633 - root - DEBUG - Processing 20-th line out of 146 rows of DP table...
2021-12-30 03:35:25,676 - root - DEBUG - Processing 30-th line out of 146 rows of DP table...
2021-12-30 03:35:25,716 - root - DEBUG - Processing 40-th line out of 146 rows of DP table...
2021-12-30 03:35:25,753 - root - DEBUG - Processing 50-th line out of 146 rows of DP table...
2021-12-30 03:35:25,785 - root - DEBUG - Processing 60-th line out of 146 rows of DP table...
2021-12-30 03:35:25,815 - root - DEBUG - Processing 70-th line out of 146 rows of DP table...
2021-12-30 03:35:25,841 - root - DEBUG - Processing 80-th line out of 146 rows of DP table...
2021-12-30 03:35:25,863 - root - DEBUG - Processing 90-th line out of 146 rows of DP table...
2021-12-30 03:35:25,882 - root - DEBUG - Processing 100-th line out of 146 rows of DP table...
2021-12-30 03:35:25,898 - root - DEBUG - Processing 110-th line out of 146 rows of DP table...
2021-12-30 03:35:25,910 - root - DEBUG - Processing 120-th line out of 146 rows of DP table...
2021-12-30 03:35:25,919 - root - DEBUG - Processing 130-th line out of 146 rows of DP table...
2021-12-30 03:35:25,925 - root - DEBUG - Processing 140-th line out of 146 rows of DP table...
2021-12-30 03:35:25,928 - root - DEBUG - Started computing sf for chromosome 'chr6'...
2021-12-30 03:35:25,929 - root - DEBUG - m=143, n=141
2021-12-30 03:35:25,975 - root - DEBUG - Processing 10-th line out of 143 rows of DP table...
2021-12-30 03:35:26,021 - root - DEBUG - Processing 20-th line out of 143 rows of DP table...
2021-12-30 03:35:26,063 - root - DEBUG - Processing 30-th line out of 143 rows of DP table...
2021-12-30 03:35:26,101 - root - DEBUG - Processing 40-th line out of 143 rows of DP table...
2021-12-30 03:35:26,136 - root - DEBUG - Processing 50-th line out of 143 rows of DP table...
2021-12-30 03:35:26,168 - root - DEBUG - Processing 60-th line out of 143 rows of DP table...
2021-12-30 03:35:26,196 - root - DEBUG - Processing 70-th line out of 143 rows of DP table...
2021-12-30 03:35:26,221 - root - DEBUG - Processing 80-th line out of 143 rows of DP table...
2021-12-30 03:35:26,243 - root - DEBUG - Processing 90-th line out of 143 rows of DP table...
2021-12-30 03:35:26,261 - root - DEBUG - Processing 100-th line out of 143 rows of DP table...
2021-12-30 03:35:26,277 - root - DEBUG - Processing 110-th line out of 143 rows of DP table...
2021-12-30 03:35:26,288 - root - DEBUG - Processing 120-th line out of 143 rows of DP table...
2021-12-30 03:35:26,297 - root - DEBUG - Processing 130-th line out of 143 rows of DP table...
2021-12-30 03:35:26,302 - root - DEBUG - Processing 140-th line out of 143 rows of DP table...
2021-12-30 03:35:26,305 - root - DEBUG - Started computing sf for chromosome 'chr7'...
2021-12-30 03:35:26,306 - root - DEBUG - m=160, n=208
2021-12-30 03:35:26,358 - root - DEBUG - Processing 10-th line out of 160 rows of DP table...
2021-12-30 03:35:26,409 - root - DEBUG - Processing 20-th line out of 160 rows of DP table...
2021-12-30 03:35:26,457 - root - DEBUG - Processing 30-th line out of 160 rows of DP table...
2021-12-30 03:35:26,501 - root - DEBUG - Processing 40-th line out of 160 rows of DP table...
2021-12-30 03:35:26,543 - root - DEBUG - Processing 50-th line out of 160 rows of DP table...
2021-12-30 03:35:26,580 - root - DEBUG - Processing 60-th line out of 160 rows of DP table...
2021-12-30 03:35:26,615 - root - DEBUG - Processing 70-th line out of 160 rows of DP table...
2021-12-30 03:35:26,645 - root - DEBUG - Processing 80-th line out of 160 rows of DP table...
2021-12-30 03:35:26,673 - root - DEBUG - Processing 90-th line out of 160 rows of DP table...
2021-12-30 03:35:26,697 - root - DEBUG - Processing 100-th line out of 160 rows of DP table...
2021-12-30 03:35:26,717 - root - DEBUG - Processing 110-th line out of 160 rows of DP table...
2021-12-30 03:35:26,735 - root - DEBUG - Processing 120-th line out of 160 rows of DP table...
2021-12-30 03:35:26,749 - root - DEBUG - Processing 130-th line out of 160 rows of DP table...
2021-12-30 03:35:26,760 - root - DEBUG - Processing 140-th line out of 160 rows of DP table...
2021-12-30 03:35:26,767 - root - DEBUG - Processing 150-th line out of 160 rows of DP table...
2021-12-30 03:35:26,770 - root - DEBUG - Processing 160-th line out of 160 rows of DP table...
2021-12-30 03:35:26,772 - root - DEBUG - Started computing sf for chromosome 'chr8'...
2021-12-30 03:35:26,773 - root - DEBUG - m=117, n=148
2021-12-30 03:35:26,810 - root - DEBUG - Processing 10-th line out of 117 rows of DP table...
2021-12-30 03:35:26,846 - root - DEBUG - Processing 20-th line out of 117 rows of DP table...
2021-12-30 03:35:26,879 - root - DEBUG - Processing 30-th line out of 117 rows of DP table...
2021-12-30 03:35:26,916 - root - DEBUG - Processing 40-th line out of 117 rows of DP table...
2021-12-30 03:35:26,943 - root - DEBUG - Processing 50-th line out of 117 rows of DP table...
2021-12-30 03:35:26,965 - root - DEBUG - Processing 60-th line out of 117 rows of DP table...
2021-12-30 03:35:26,985 - root - DEBUG - Processing 70-th line out of 117 rows of DP table...
2021-12-30 03:35:27,001 - root - DEBUG - Processing 80-th line out of 117 rows of DP table...
2021-12-30 03:35:27,014 - root - DEBUG - Processing 90-th line out of 117 rows of DP table...
2021-12-30 03:35:27,024 - root - DEBUG - Processing 100-th line out of 117 rows of DP table...
2021-12-30 03:35:27,032 - root - DEBUG - Processing 110-th line out of 117 rows of DP table...
2021-12-30 03:35:27,035 - root - DEBUG - Started computing sf for chromosome 'chr9'...
2021-12-30 03:35:27,037 - root - DEBUG - m=140, n=187
2021-12-30 03:35:27,083 - root - DEBUG - Processing 10-th line out of 140 rows of DP table...
2021-12-30 03:35:27,127 - root - DEBUG - Processing 20-th line out of 140 rows of DP table...
2021-12-30 03:35:27,169 - root - DEBUG - Processing 30-th line out of 140 rows of DP table...
2021-12-30 03:35:27,207 - root - DEBUG - Processing 40-th line out of 140 rows of DP table...
2021-12-30 03:35:27,242 - root - DEBUG - Processing 50-th line out of 140 rows of DP table...
2021-12-30 03:35:27,273 - root - DEBUG - Processing 60-th line out of 140 rows of DP table...
2021-12-30 03:35:27,300 - root - DEBUG - Processing 70-th line out of 140 rows of DP table...
2021-12-30 03:35:27,324 - root - DEBUG - Processing 80-th line out of 140 rows of DP table...
2021-12-30 03:35:27,345 - root - DEBUG - Processing 90-th line out of 140 rows of DP table...
2021-12-30 03:35:27,362 - root - DEBUG - Processing 100-th line out of 140 rows of DP table...
2021-12-30 03:35:27,376 - root - DEBUG - Processing 110-th line out of 140 rows of DP table...
2021-12-30 03:35:27,387 - root - DEBUG - Processing 120-th line out of 140 rows of DP table...
2021-12-30 03:35:27,394 - root - DEBUG - Processing 130-th line out of 140 rows of DP table...
2021-12-30 03:35:27,397 - root - DEBUG - Processing 140-th line out of 140 rows of DP table...
2021-12-30 03:35:27,399 - root - DEBUG - Started computing sf for chromosome 'chr10'...
2021-12-30 03:35:27,400 - root - DEBUG - m=145, n=158
2021-12-30 03:35:27,447 - root - DEBUG - Processing 10-th line out of 145 rows of DP table...
2021-12-30 03:35:27,493 - root - DEBUG - Processing 20-th line out of 145 rows of DP table...
2021-12-30 03:35:27,535 - root - DEBUG - Processing 30-th line out of 145 rows of DP table...
2021-12-30 03:35:27,575 - root - DEBUG - Processing 40-th line out of 145 rows of DP table...
2021-12-30 03:35:27,610 - root - DEBUG - Processing 50-th line out of 145 rows of DP table...
2021-12-30 03:35:27,643 - root - DEBUG - Processing 60-th line out of 145 rows of DP table...
2021-12-30 03:35:27,672 - root - DEBUG - Processing 70-th line out of 145 rows of DP table...
2021-12-30 03:35:27,698 - root - DEBUG - Processing 80-th line out of 145 rows of DP table...
2021-12-30 03:35:27,720 - root - DEBUG - Processing 90-th line out of 145 rows of DP table...
2021-12-30 03:35:27,739 - root - DEBUG - Processing 100-th line out of 145 rows of DP table...
2021-12-30 03:35:27,755 - root - DEBUG - Processing 110-th line out of 145 rows of DP table...
2021-12-30 03:35:27,767 - root - DEBUG - Processing 120-th line out of 145 rows of DP table...
2021-12-30 03:35:27,776 - root - DEBUG - Processing 130-th line out of 145 rows of DP table...
2021-12-30 03:35:27,781 - root - DEBUG - Processing 140-th line out of 145 rows of DP table...
2021-12-30 03:35:27,784 - root - DEBUG - Started computing sf for chromosome 'chr11'...
2021-12-30 03:35:27,785 - root - DEBUG - m=216, n=145
2021-12-30 03:35:27,856 - root - DEBUG - Processing 10-th line out of 216 rows of DP table...
2021-12-30 03:35:27,926 - root - DEBUG - Processing 20-th line out of 216 rows of DP table...
2021-12-30 03:35:27,993 - root - DEBUG - Processing 30-th line out of 216 rows of DP table...
2021-12-30 03:35:28,056 - root - DEBUG - Processing 40-th line out of 216 rows of DP table...
2021-12-30 03:35:28,116 - root - DEBUG - Processing 50-th line out of 216 rows of DP table...
2021-12-30 03:35:28,173 - root - DEBUG - Processing 60-th line out of 216 rows of DP table...
2021-12-30 03:35:28,226 - root - DEBUG - Processing 70-th line out of 216 rows of DP table...
2021-12-30 03:35:28,276 - root - DEBUG - Processing 80-th line out of 216 rows of DP table...
2021-12-30 03:35:28,322 - root - DEBUG - Processing 90-th line out of 216 rows of DP table...
2021-12-30 03:35:28,365 - root - DEBUG - Processing 100-th line out of 216 rows of DP table...
2021-12-30 03:35:28,405 - root - DEBUG - Processing 110-th line out of 216 rows of DP table...
2021-12-30 03:35:28,441 - root - DEBUG - Processing 120-th line out of 216 rows of DP table...
2021-12-30 03:35:28,475 - root - DEBUG - Processing 130-th line out of 216 rows of DP table...
2021-12-30 03:35:28,505 - root - DEBUG - Processing 140-th line out of 216 rows of DP table...
2021-12-30 03:35:28,531 - root - DEBUG - Processing 150-th line out of 216 rows of DP table...
2021-12-30 03:35:28,555 - root - DEBUG - Processing 160-th line out of 216 rows of DP table...
2021-12-30 03:35:28,574 - root - DEBUG - Processing 170-th line out of 216 rows of DP table...
2021-12-30 03:35:28,591 - root - DEBUG - Processing 180-th line out of 216 rows of DP table...
2021-12-30 03:35:28,604 - root - DEBUG - Processing 190-th line out of 216 rows of DP table...
2021-12-30 03:35:28,614 - root - DEBUG - Processing 200-th line out of 216 rows of DP table...
2021-12-30 03:35:28,620 - root - DEBUG - Processing 210-th line out of 216 rows of DP table...
2021-12-30 03:35:28,624 - root - DEBUG - Started computing sf for chromosome 'chr12'...
2021-12-30 03:35:28,626 - root - DEBUG - m=196, n=141
2021-12-30 03:35:28,690 - root - DEBUG - Processing 10-th line out of 196 rows of DP table...
2021-12-30 03:35:28,754 - root - DEBUG - Processing 20-th line out of 196 rows of DP table...
2021-12-30 03:35:28,814 - root - DEBUG - Processing 30-th line out of 196 rows of DP table...
2021-12-30 03:35:28,871 - root - DEBUG - Processing 40-th line out of 196 rows of DP table...
2021-12-30 03:35:28,925 - root - DEBUG - Processing 50-th line out of 196 rows of DP table...
2021-12-30 03:35:28,975 - root - DEBUG - Processing 60-th line out of 196 rows of DP table...
2021-12-30 03:35:29,021 - root - DEBUG - Processing 70-th line out of 196 rows of DP table...
2021-12-30 03:35:29,064 - root - DEBUG - Processing 80-th line out of 196 rows of DP table...
2021-12-30 03:35:29,104 - root - DEBUG - Processing 90-th line out of 196 rows of DP table...
2021-12-30 03:35:29,140 - root - DEBUG - Processing 100-th line out of 196 rows of DP table...
2021-12-30 03:35:29,173 - root - DEBUG - Processing 110-th line out of 196 rows of DP table...
2021-12-30 03:35:29,202 - root - DEBUG - Processing 120-th line out of 196 rows of DP table...
2021-12-30 03:35:29,228 - root - DEBUG - Processing 130-th line out of 196 rows of DP table...
2021-12-30 03:35:29,251 - root - DEBUG - Processing 140-th line out of 196 rows of DP table...
2021-12-30 03:35:29,271 - root - DEBUG - Processing 150-th line out of 196 rows of DP table...
2021-12-30 03:35:29,287 - root - DEBUG - Processing 160-th line out of 196 rows of DP table...
2021-12-30 03:35:29,299 - root - DEBUG - Processing 170-th line out of 196 rows of DP table...
2021-12-30 03:35:29,309 - root - DEBUG - Processing 180-th line out of 196 rows of DP table...
2021-12-30 03:35:29,316 - root - DEBUG - Processing 190-th line out of 196 rows of DP table...
2021-12-30 03:35:29,319 - root - DEBUG - Started computing sf for chromosome 'chr13'...
2021-12-30 03:35:29,321 - root - DEBUG - m=59, n=99
2021-12-30 03:35:29,341 - root - DEBUG - Processing 10-th line out of 59 rows of DP table...
2021-12-30 03:35:29,358 - root - DEBUG - Processing 20-th line out of 59 rows of DP table...
2021-12-30 03:35:29,371 - root - DEBUG - Processing 30-th line out of 59 rows of DP table...
2021-12-30 03:35:29,382 - root - DEBUG - Processing 40-th line out of 59 rows of DP table...
2021-12-30 03:35:29,388 - root - DEBUG - Processing 50-th line out of 59 rows of DP table...
2021-12-30 03:35:29,392 - root - DEBUG - Started computing sf for chromosome 'chr14'...
2021-12-30 03:35:29,394 - root - DEBUG - m=102, n=90
2021-12-30 03:35:29,427 - root - DEBUG - Processing 10-th line out of 102 rows of DP table...
2021-12-30 03:35:29,459 - root - DEBUG - Processing 20-th line out of 102 rows of DP table...
2021-12-30 03:35:29,487 - root - DEBUG - Processing 30-th line out of 102 rows of DP table...
2021-12-30 03:35:29,512 - root - DEBUG - Processing 40-th line out of 102 rows of DP table...
2021-12-30 03:35:29,533 - root - DEBUG - Processing 50-th line out of 102 rows of DP table...
2021-12-30 03:35:29,552 - root - DEBUG - Processing 60-th line out of 102 rows of DP table...
2021-12-30 03:35:29,566 - root - DEBUG - Processing 70-th line out of 102 rows of DP table...
2021-12-30 03:35:29,578 - root - DEBUG - Processing 80-th line out of 102 rows of DP table...
2021-12-30 03:35:29,585 - root - DEBUG - Processing 90-th line out of 102 rows of DP table...
2021-12-30 03:35:29,590 - root - DEBUG - Processing 100-th line out of 102 rows of DP table...
2021-12-30 03:35:29,591 - root - DEBUG - Started computing sf for chromosome 'chr15'...
2021-12-30 03:35:29,592 - root - DEBUG - m=125, n=94
2021-12-30 03:35:29,632 - root - DEBUG - Processing 10-th line out of 125 rows of DP table...
2021-12-30 03:35:29,672 - root - DEBUG - Processing 20-th line out of 125 rows of DP table...
2021-12-30 03:35:29,707 - root - DEBUG - Processing 30-th line out of 125 rows of DP table...
2021-12-30 03:35:29,740 - root - DEBUG - Processing 40-th line out of 125 rows of DP table...
2021-12-30 03:35:29,769 - root - DEBUG - Processing 50-th line out of 125 rows of DP table...
2021-12-30 03:35:29,794 - root - DEBUG - Processing 60-th line out of 125 rows of DP table...
2021-12-30 03:35:29,817 - root - DEBUG - Processing 70-th line out of 125 rows of DP table...
2021-12-30 03:35:29,835 - root - DEBUG - Processing 80-th line out of 125 rows of DP table...
2021-12-30 03:35:29,851 - root - DEBUG - Processing 90-th line out of 125 rows of DP table...
2021-12-30 03:35:29,863 - root - DEBUG - Processing 100-th line out of 125 rows of DP table...
2021-12-30 03:35:29,871 - root - DEBUG - Processing 110-th line out of 125 rows of DP table...
2021-12-30 03:35:29,877 - root - DEBUG - Processing 120-th line out of 125 rows of DP table...
2021-12-30 03:35:29,880 - root - DEBUG - Started computing sf for chromosome 'chr16'...
2021-12-30 03:35:29,881 - root - DEBUG - m=192, n=123
2021-12-30 03:35:29,943 - root - DEBUG - Processing 10-th line out of 192 rows of DP table...
2021-12-30 03:35:30,005 - root - DEBUG - Processing 20-th line out of 192 rows of DP table...
2021-12-30 03:35:30,063 - root - DEBUG - Processing 30-th line out of 192 rows of DP table...
2021-12-30 03:35:30,118 - root - DEBUG - Processing 40-th line out of 192 rows of DP table...
2021-12-30 03:35:30,170 - root - DEBUG - Processing 50-th line out of 192 rows of DP table...
2021-12-30 03:35:30,219 - root - DEBUG - Processing 60-th line out of 192 rows of DP table...
2021-12-30 03:35:30,264 - root - DEBUG - Processing 70-th line out of 192 rows of DP table...
2021-12-30 03:35:30,306 - root - DEBUG - Processing 80-th line out of 192 rows of DP table...
2021-12-30 03:35:30,344 - root - DEBUG - Processing 90-th line out of 192 rows of DP table...
2021-12-30 03:35:30,379 - root - DEBUG - Processing 100-th line out of 192 rows of DP table...
2021-12-30 03:35:30,411 - root - DEBUG - Processing 110-th line out of 192 rows of DP table...
2021-12-30 03:35:30,439 - root - DEBUG - Processing 120-th line out of 192 rows of DP table...
2021-12-30 03:35:30,464 - root - DEBUG - Processing 130-th line out of 192 rows of DP table...
2021-12-30 03:35:30,485 - root - DEBUG - Processing 140-th line out of 192 rows of DP table...
2021-12-30 03:35:30,503 - root - DEBUG - Processing 150-th line out of 192 rows of DP table...
2021-12-30 03:35:30,518 - root - DEBUG - Processing 160-th line out of 192 rows of DP table...
2021-12-30 03:35:30,529 - root - DEBUG - Processing 170-th line out of 192 rows of DP table...
2021-12-30 03:35:30,537 - root - DEBUG - Processing 180-th line out of 192 rows of DP table...
2021-12-30 03:35:30,541 - root - DEBUG - Processing 190-th line out of 192 rows of DP table...
2021-12-30 03:35:30,543 - root - DEBUG - Started computing sf for chromosome 'chr17'...
2021-12-30 03:35:30,545 - root - DEBUG - m=213, n=142
2021-12-30 03:35:30,613 - root - DEBUG - Processing 10-th line out of 213 rows of DP table...
2021-12-30 03:35:30,683 - root - DEBUG - Processing 20-th line out of 213 rows of DP table...
2021-12-30 03:35:30,748 - root - DEBUG - Processing 30-th line out of 213 rows of DP table...
2021-12-30 03:35:30,810 - root - DEBUG - Processing 40-th line out of 213 rows of DP table...
2021-12-30 03:35:30,877 - root - DEBUG - Processing 50-th line out of 213 rows of DP table...
2021-12-30 03:35:30,934 - root - DEBUG - Processing 60-th line out of 213 rows of DP table...
2021-12-30 03:35:30,987 - root - DEBUG - Processing 70-th line out of 213 rows of DP table...
2021-12-30 03:35:31,036 - root - DEBUG - Processing 80-th line out of 213 rows of DP table...
2021-12-30 03:35:31,082 - root - DEBUG - Processing 90-th line out of 213 rows of DP table...
2021-12-30 03:35:31,125 - root - DEBUG - Processing 100-th line out of 213 rows of DP table...
2021-12-30 03:35:31,164 - root - DEBUG - Processing 110-th line out of 213 rows of DP table...
2021-12-30 03:35:31,200 - root - DEBUG - Processing 120-th line out of 213 rows of DP table...
2021-12-30 03:35:31,256 - root - DEBUG - Processing 130-th line out of 213 rows of DP table...
2021-12-30 03:35:31,285 - root - DEBUG - Processing 140-th line out of 213 rows of DP table...
2021-12-30 03:35:31,310 - root - DEBUG - Processing 150-th line out of 213 rows of DP table...
2021-12-30 03:35:31,333 - root - DEBUG - Processing 160-th line out of 213 rows of DP table...
2021-12-30 03:35:31,351 - root - DEBUG - Processing 170-th line out of 213 rows of DP table...
2021-12-30 03:35:31,366 - root - DEBUG - Processing 180-th line out of 213 rows of DP table...
2021-12-30 03:35:31,378 - root - DEBUG - Processing 190-th line out of 213 rows of DP table...
2021-12-30 03:35:31,386 - root - DEBUG - Processing 200-th line out of 213 rows of DP table...
2021-12-30 03:35:31,391 - root - DEBUG - Processing 210-th line out of 213 rows of DP table...
2021-12-30 03:35:31,394 - root - DEBUG - Started computing sf for chromosome 'chr18'...
2021-12-30 03:35:31,395 - root - DEBUG - m=56, n=75
2021-12-30 03:35:31,413 - root - DEBUG - Processing 10-th line out of 56 rows of DP table...
2021-12-30 03:35:31,428 - root - DEBUG - Processing 20-th line out of 56 rows of DP table...
2021-12-30 03:35:31,441 - root - DEBUG - Processing 30-th line out of 56 rows of DP table...
2021-12-30 03:35:31,449 - root - DEBUG - Processing 40-th line out of 56 rows of DP table...
2021-12-30 03:35:31,455 - root - DEBUG - Processing 50-th line out of 56 rows of DP table...
2021-12-30 03:35:31,457 - root - DEBUG - Started computing sf for chromosome 'chr19'...
2021-12-30 03:35:31,458 - root - DEBUG - m=243, n=110
2021-12-30 03:35:31,536 - root - DEBUG - Processing 10-th line out of 243 rows of DP table...
2021-12-30 03:35:31,615 - root - DEBUG - Processing 20-th line out of 243 rows of DP table...
2021-12-30 03:35:31,691 - root - DEBUG - Processing 30-th line out of 243 rows of DP table...
2021-12-30 03:35:31,764 - root - DEBUG - Processing 40-th line out of 243 rows of DP table...
2021-12-30 03:35:31,834 - root - DEBUG - Processing 50-th line out of 243 rows of DP table...
2021-12-30 03:35:31,900 - root - DEBUG - Processing 60-th line out of 243 rows of DP table...
2021-12-30 03:35:31,963 - root - DEBUG - Processing 70-th line out of 243 rows of DP table...
2021-12-30 03:35:32,023 - root - DEBUG - Processing 80-th line out of 243 rows of DP table...
2021-12-30 03:35:32,079 - root - DEBUG - Processing 90-th line out of 243 rows of DP table...
2021-12-30 03:35:32,131 - root - DEBUG - Processing 100-th line out of 243 rows of DP table...
2021-12-30 03:35:32,180 - root - DEBUG - Processing 110-th line out of 243 rows of DP table...
2021-12-30 03:35:32,225 - root - DEBUG - Processing 120-th line out of 243 rows of DP table...
2021-12-30 03:35:32,268 - root - DEBUG - Processing 130-th line out of 243 rows of DP table...
2021-12-30 03:35:32,306 - root - DEBUG - Processing 140-th line out of 243 rows of DP table...
2021-12-30 03:35:32,342 - root - DEBUG - Processing 150-th line out of 243 rows of DP table...
2021-12-30 03:35:32,374 - root - DEBUG - Processing 160-th line out of 243 rows of DP table...
2021-12-30 03:35:32,403 - root - DEBUG - Processing 170-th line out of 243 rows of DP table...
2021-12-30 03:35:32,428 - root - DEBUG - Processing 180-th line out of 243 rows of DP table...
2021-12-30 03:35:32,450 - root - DEBUG - Processing 190-th line out of 243 rows of DP table...
2021-12-30 03:35:32,469 - root - DEBUG - Processing 200-th line out of 243 rows of DP table...
2021-12-30 03:35:32,484 - root - DEBUG - Processing 210-th line out of 243 rows of DP table...
2021-12-30 03:35:32,496 - root - DEBUG - Processing 220-th line out of 243 rows of DP table...
2021-12-30 03:35:32,505 - root - DEBUG - Processing 230-th line out of 243 rows of DP table...
2021-12-30 03:35:32,510 - root - DEBUG - Processing 240-th line out of 243 rows of DP table...
2021-12-30 03:35:32,512 - root - DEBUG - Started computing sf for chromosome 'chr20'...
2021-12-30 03:35:32,514 - root - DEBUG - m=107, n=74
2021-12-30 03:35:32,548 - root - DEBUG - Processing 10-th line out of 107 rows of DP table...
2021-12-30 03:35:32,581 - root - DEBUG - Processing 20-th line out of 107 rows of DP table...
2021-12-30 03:35:32,610 - root - DEBUG - Processing 30-th line out of 107 rows of DP table...
2021-12-30 03:35:32,636 - root - DEBUG - Processing 40-th line out of 107 rows of DP table...
2021-12-30 03:35:32,660 - root - DEBUG - Processing 50-th line out of 107 rows of DP table...
2021-12-30 03:35:32,679 - root - DEBUG - Processing 60-th line out of 107 rows of DP table...
2021-12-30 03:35:32,695 - root - DEBUG - Processing 70-th line out of 107 rows of DP table...
2021-12-30 03:35:32,707 - root - DEBUG - Processing 80-th line out of 107 rows of DP table...
2021-12-30 03:35:32,716 - root - DEBUG - Processing 90-th line out of 107 rows of DP table...
2021-12-30 03:35:32,722 - root - DEBUG - Processing 100-th line out of 107 rows of DP table...
2021-12-30 03:35:32,725 - root - DEBUG - Started computing sf for chromosome 'chr21'...
2021-12-30 03:35:32,726 - root - DEBUG - m=43, n=28
2021-12-30 03:35:32,740 - root - DEBUG - Processing 10-th line out of 43 rows of DP table...
2021-12-30 03:35:32,751 - root - DEBUG - Processing 20-th line out of 43 rows of DP table...
2021-12-30 03:35:32,758 - root - DEBUG - Processing 30-th line out of 43 rows of DP table...
2021-12-30 03:35:32,762 - root - DEBUG - Processing 40-th line out of 43 rows of DP table...
2021-12-30 03:35:32,764 - root - DEBUG - Started computing sf for chromosome 'chr22'...
2021-12-30 03:35:32,765 - root - DEBUG - m=90, n=66
2021-12-30 03:35:32,793 - root - DEBUG - Processing 10-th line out of 90 rows of DP table...
2021-12-30 03:35:32,821 - root - DEBUG - Processing 20-th line out of 90 rows of DP table...
2021-12-30 03:35:32,844 - root - DEBUG - Processing 30-th line out of 90 rows of DP table...
2021-12-30 03:35:32,865 - root - DEBUG - Processing 40-th line out of 90 rows of DP table...
2021-12-30 03:35:32,882 - root - DEBUG - Processing 50-th line out of 90 rows of DP table...
2021-12-30 03:35:32,895 - root - DEBUG - Processing 60-th line out of 90 rows of DP table...
2021-12-30 03:35:32,905 - root - DEBUG - Processing 70-th line out of 90 rows of DP table...
2021-12-30 03:35:32,912 - root - DEBUG - Processing 80-th line out of 90 rows of DP table...
2021-12-30 03:35:32,915 - root - DEBUG - Processing 90-th line out of 90 rows of DP table...
2021-12-30 03:35:32,917 - root - DEBUG - Started computing sf for chromosome 'chrX'...
2021-12-30 03:35:32,918 - root - DEBUG - m=73, n=129
2021-12-30 03:35:32,941 - root - DEBUG - Processing 10-th line out of 73 rows of DP table...
2021-12-30 03:35:32,962 - root - DEBUG - Processing 20-th line out of 73 rows of DP table...
2021-12-30 03:35:32,980 - root - DEBUG - Processing 30-th line out of 73 rows of DP table...
2021-12-30 03:35:32,995 - root - DEBUG - Processing 40-th line out of 73 rows of DP table...
2021-12-30 03:35:33,007 - root - DEBUG - Processing 50-th line out of 73 rows of DP table...
2021-12-30 03:35:33,015 - root - DEBUG - Processing 60-th line out of 73 rows of DP table...
2021-12-30 03:35:33,020 - root - DEBUG - Processing 70-th line out of 73 rows of DP table...
2021-12-30 03:35:33,022 - root - DEBUG - Started computing sf for chromosome 'chrY'...
2021-12-30 03:35:33,023 - root - DEBUG - m=0, n=17
2021-12-30 03:35:33,024 - root - DEBUG - Started computing joint logprobs...
