2022-01-01 00:45:41,377 - root - INFO - Loading reference interval set from '../resources/zarrei2015-2/intervals/GI2.all.trans.tsv'...
2022-01-01 00:45:41,420 - root - INFO - Loading query interval set from '../resources/zarrei2015-2/cnv_intervals/stringent.both.tsv'...
2022-01-01 00:45:41,443 - root - INFO - Loading chromosome sizes from '../resources/experiment_original/iSTAT/data/hg19_chrom_sizes.txt'...
2022-01-01 00:45:41,478 - root - INFO - Number of reference intervals: 4161 (17094 before merging)
2022-01-01 00:45:41,480 - root - INFO - Number of query intervals: 11732 (11732 before merging)
2022-01-01 00:45:41,481 - root - INFO - Number of chromosomes: 24
2022-01-01 00:45:41,513 - root - INFO - Overlap count: 675
2022-01-01 00:45:41,515 - root - DEBUG - Started computing sf for chromosome 'chr1'...
2022-01-01 00:45:41,518 - root - DEBUG - m=432, n=814
2022-01-01 00:45:41,716 - root - DEBUG - Processing 10-th line out of 432 rows of DP table...
2022-01-01 00:45:41,894 - root - DEBUG - Processing 20-th line out of 432 rows of DP table...
2022-01-01 00:45:42,088 - root - DEBUG - Processing 30-th line out of 432 rows of DP table...
2022-01-01 00:45:42,287 - root - DEBUG - Processing 40-th line out of 432 rows of DP table...
2022-01-01 00:45:42,418 - root - DEBUG - Processing 50-th line out of 432 rows of DP table...
2022-01-01 00:45:42,574 - root - DEBUG - Processing 60-th line out of 432 rows of DP table...
2022-01-01 00:45:42,701 - root - DEBUG - Processing 70-th line out of 432 rows of DP table...
2022-01-01 00:45:42,908 - root - DEBUG - Processing 80-th line out of 432 rows of DP table...
2022-01-01 00:45:43,111 - root - DEBUG - Processing 90-th line out of 432 rows of DP table...
2022-01-01 00:45:43,335 - root - DEBUG - Processing 100-th line out of 432 rows of DP table...
2022-01-01 00:45:43,488 - root - DEBUG - Processing 110-th line out of 432 rows of DP table...
2022-01-01 00:45:43,625 - root - DEBUG - Processing 120-th line out of 432 rows of DP table...
2022-01-01 00:45:43,783 - root - DEBUG - Processing 130-th line out of 432 rows of DP table...
2022-01-01 00:45:43,975 - root - DEBUG - Processing 140-th line out of 432 rows of DP table...
2022-01-01 00:45:44,123 - root - DEBUG - Processing 150-th line out of 432 rows of DP table...
2022-01-01 00:45:44,273 - root - DEBUG - Processing 160-th line out of 432 rows of DP table...
2022-01-01 00:45:44,498 - root - DEBUG - Processing 170-th line out of 432 rows of DP table...
2022-01-01 00:45:44,602 - root - DEBUG - Processing 180-th line out of 432 rows of DP table...
2022-01-01 00:45:44,694 - root - DEBUG - Processing 190-th line out of 432 rows of DP table...
2022-01-01 00:45:44,776 - root - DEBUG - Processing 200-th line out of 432 rows of DP table...
2022-01-01 00:45:44,885 - root - DEBUG - Processing 210-th line out of 432 rows of DP table...
2022-01-01 00:45:45,036 - root - DEBUG - Processing 220-th line out of 432 rows of DP table...
2022-01-01 00:45:45,182 - root - DEBUG - Processing 230-th line out of 432 rows of DP table...
2022-01-01 00:45:45,344 - root - DEBUG - Processing 240-th line out of 432 rows of DP table...
2022-01-01 00:45:45,457 - root - DEBUG - Processing 250-th line out of 432 rows of DP table...
2022-01-01 00:45:45,518 - root - DEBUG - Processing 260-th line out of 432 rows of DP table...
2022-01-01 00:45:45,577 - root - DEBUG - Processing 270-th line out of 432 rows of DP table...
2022-01-01 00:45:45,634 - root - DEBUG - Processing 280-th line out of 432 rows of DP table...
2022-01-01 00:45:45,717 - root - DEBUG - Processing 290-th line out of 432 rows of DP table...
2022-01-01 00:45:45,770 - root - DEBUG - Processing 300-th line out of 432 rows of DP table...
2022-01-01 00:45:45,815 - root - DEBUG - Processing 310-th line out of 432 rows of DP table...
2022-01-01 00:45:45,869 - root - DEBUG - Processing 320-th line out of 432 rows of DP table...
2022-01-01 00:45:45,980 - root - DEBUG - Processing 330-th line out of 432 rows of DP table...
2022-01-01 00:45:46,016 - root - DEBUG - Processing 340-th line out of 432 rows of DP table...
2022-01-01 00:45:46,085 - root - DEBUG - Processing 350-th line out of 432 rows of DP table...
2022-01-01 00:45:46,113 - root - DEBUG - Processing 360-th line out of 432 rows of DP table...
2022-01-01 00:45:46,139 - root - DEBUG - Processing 370-th line out of 432 rows of DP table...
2022-01-01 00:45:46,161 - root - DEBUG - Processing 380-th line out of 432 rows of DP table...
2022-01-01 00:45:46,181 - root - DEBUG - Processing 390-th line out of 432 rows of DP table...
2022-01-01 00:45:46,196 - root - DEBUG - Processing 400-th line out of 432 rows of DP table...
2022-01-01 00:45:46,209 - root - DEBUG - Processing 410-th line out of 432 rows of DP table...
2022-01-01 00:45:46,219 - root - DEBUG - Processing 420-th line out of 432 rows of DP table...
2022-01-01 00:45:46,224 - root - DEBUG - Processing 430-th line out of 432 rows of DP table...
2022-01-01 00:45:46,228 - root - DEBUG - Started computing sf for chromosome 'chr2'...
2022-01-01 00:45:46,232 - root - DEBUG - m=275, n=918
2022-01-01 00:45:46,359 - root - DEBUG - Processing 10-th line out of 275 rows of DP table...
2022-01-01 00:45:46,497 - root - DEBUG - Processing 20-th line out of 275 rows of DP table...
2022-01-01 00:45:46,581 - root - DEBUG - Processing 30-th line out of 275 rows of DP table...
2022-01-01 00:45:46,680 - root - DEBUG - Processing 40-th line out of 275 rows of DP table...
2022-01-01 00:45:46,788 - root - DEBUG - Processing 50-th line out of 275 rows of DP table...
2022-01-01 00:45:46,891 - root - DEBUG - Processing 60-th line out of 275 rows of DP table...
2022-01-01 00:45:47,016 - root - DEBUG - Processing 70-th line out of 275 rows of DP table...
2022-01-01 00:45:47,100 - root - DEBUG - Processing 80-th line out of 275 rows of DP table...
2022-01-01 00:45:47,165 - root - DEBUG - Processing 90-th line out of 275 rows of DP table...
2022-01-01 00:45:47,228 - root - DEBUG - Processing 100-th line out of 275 rows of DP table...
2022-01-01 00:45:47,340 - root - DEBUG - Processing 110-th line out of 275 rows of DP table...
2022-01-01 00:45:47,441 - root - DEBUG - Processing 120-th line out of 275 rows of DP table...
2022-01-01 00:45:47,625 - root - DEBUG - Processing 130-th line out of 275 rows of DP table...
2022-01-01 00:45:47,727 - root - DEBUG - Processing 140-th line out of 275 rows of DP table...
2022-01-01 00:45:47,821 - root - DEBUG - Processing 150-th line out of 275 rows of DP table...
2022-01-01 00:45:47,900 - root - DEBUG - Processing 160-th line out of 275 rows of DP table...
2022-01-01 00:45:47,939 - root - DEBUG - Processing 170-th line out of 275 rows of DP table...
2022-01-01 00:45:47,974 - root - DEBUG - Processing 180-th line out of 275 rows of DP table...
2022-01-01 00:45:48,007 - root - DEBUG - Processing 190-th line out of 275 rows of DP table...
2022-01-01 00:45:48,036 - root - DEBUG - Processing 200-th line out of 275 rows of DP table...
2022-01-01 00:45:48,075 - root - DEBUG - Processing 210-th line out of 275 rows of DP table...
2022-01-01 00:45:48,135 - root - DEBUG - Processing 220-th line out of 275 rows of DP table...
2022-01-01 00:45:48,154 - root - DEBUG - Processing 230-th line out of 275 rows of DP table...
2022-01-01 00:45:48,181 - root - DEBUG - Processing 240-th line out of 275 rows of DP table...
2022-01-01 00:45:48,194 - root - DEBUG - Processing 250-th line out of 275 rows of DP table...
2022-01-01 00:45:48,204 - root - DEBUG - Processing 260-th line out of 275 rows of DP table...
2022-01-01 00:45:48,210 - root - DEBUG - Processing 270-th line out of 275 rows of DP table...
2022-01-01 00:45:48,214 - root - DEBUG - Started computing sf for chromosome 'chr3'...
2022-01-01 00:45:48,216 - root - DEBUG - m=238, n=685
2022-01-01 00:45:48,292 - root - DEBUG - Processing 10-th line out of 238 rows of DP table...
2022-01-01 00:45:48,393 - root - DEBUG - Processing 20-th line out of 238 rows of DP table...
2022-01-01 00:45:48,484 - root - DEBUG - Processing 30-th line out of 238 rows of DP table...
2022-01-01 00:45:48,555 - root - DEBUG - Processing 40-th line out of 238 rows of DP table...
2022-01-01 00:45:48,695 - root - DEBUG - Processing 50-th line out of 238 rows of DP table...
2022-01-01 00:45:48,785 - root - DEBUG - Processing 60-th line out of 238 rows of DP table...
2022-01-01 00:45:48,845 - root - DEBUG - Processing 70-th line out of 238 rows of DP table...
2022-01-01 00:45:48,901 - root - DEBUG - Processing 80-th line out of 238 rows of DP table...
2022-01-01 00:45:48,995 - root - DEBUG - Processing 90-th line out of 238 rows of DP table...
2022-01-01 00:45:49,048 - root - DEBUG - Processing 100-th line out of 238 rows of DP table...
2022-01-01 00:45:49,095 - root - DEBUG - Processing 110-th line out of 238 rows of DP table...
2022-01-01 00:45:49,137 - root - DEBUG - Processing 120-th line out of 238 rows of DP table...
2022-01-01 00:45:49,177 - root - DEBUG - Processing 130-th line out of 238 rows of DP table...
2022-01-01 00:45:49,216 - root - DEBUG - Processing 140-th line out of 238 rows of DP table...
2022-01-01 00:45:49,272 - root - DEBUG - Processing 150-th line out of 238 rows of DP table...
2022-01-01 00:45:49,320 - root - DEBUG - Processing 160-th line out of 238 rows of DP table...
2022-01-01 00:45:49,350 - root - DEBUG - Processing 170-th line out of 238 rows of DP table...
2022-01-01 00:45:49,373 - root - DEBUG - Processing 180-th line out of 238 rows of DP table...
2022-01-01 00:45:49,394 - root - DEBUG - Processing 190-th line out of 238 rows of DP table...
2022-01-01 00:45:49,421 - root - DEBUG - Processing 200-th line out of 238 rows of DP table...
2022-01-01 00:45:49,434 - root - DEBUG - Processing 210-th line out of 238 rows of DP table...
2022-01-01 00:45:49,447 - root - DEBUG - Processing 220-th line out of 238 rows of DP table...
2022-01-01 00:45:49,461 - root - DEBUG - Processing 230-th line out of 238 rows of DP table...
2022-01-01 00:45:49,470 - root - DEBUG - Started computing sf for chromosome 'chr4'...
2022-01-01 00:45:49,474 - root - DEBUG - m=148, n=864
2022-01-01 00:45:49,571 - root - DEBUG - Processing 10-th line out of 148 rows of DP table...
2022-01-01 00:45:49,692 - root - DEBUG - Processing 20-th line out of 148 rows of DP table...
2022-01-01 00:45:49,781 - root - DEBUG - Processing 30-th line out of 148 rows of DP table...
2022-01-01 00:45:49,837 - root - DEBUG - Processing 40-th line out of 148 rows of DP table...
2022-01-01 00:45:49,907 - root - DEBUG - Processing 50-th line out of 148 rows of DP table...
2022-01-01 00:45:49,960 - root - DEBUG - Processing 60-th line out of 148 rows of DP table...
2022-01-01 00:45:50,008 - root - DEBUG - Processing 70-th line out of 148 rows of DP table...
2022-01-01 00:45:50,050 - root - DEBUG - Processing 80-th line out of 148 rows of DP table...
2022-01-01 00:45:50,083 - root - DEBUG - Processing 90-th line out of 148 rows of DP table...
2022-01-01 00:45:50,104 - root - DEBUG - Processing 100-th line out of 148 rows of DP table...
2022-01-01 00:45:50,120 - root - DEBUG - Processing 110-th line out of 148 rows of DP table...
2022-01-01 00:45:50,133 - root - DEBUG - Processing 120-th line out of 148 rows of DP table...
2022-01-01 00:45:50,143 - root - DEBUG - Processing 130-th line out of 148 rows of DP table...
2022-01-01 00:45:50,150 - root - DEBUG - Processing 140-th line out of 148 rows of DP table...
2022-01-01 00:45:50,157 - root - DEBUG - Started computing sf for chromosome 'chr5'...
2022-01-01 00:45:50,160 - root - DEBUG - m=202, n=689
2022-01-01 00:45:50,308 - root - DEBUG - Processing 10-th line out of 202 rows of DP table...
2022-01-01 00:45:50,373 - root - DEBUG - Processing 20-th line out of 202 rows of DP table...
2022-01-01 00:45:50,434 - root - DEBUG - Processing 30-th line out of 202 rows of DP table...
2022-01-01 00:45:50,498 - root - DEBUG - Processing 40-th line out of 202 rows of DP table...
2022-01-01 00:45:50,622 - root - DEBUG - Processing 50-th line out of 202 rows of DP table...
2022-01-01 00:45:50,672 - root - DEBUG - Processing 60-th line out of 202 rows of DP table...
2022-01-01 00:45:50,719 - root - DEBUG - Processing 70-th line out of 202 rows of DP table...
2022-01-01 00:45:50,764 - root - DEBUG - Processing 80-th line out of 202 rows of DP table...
2022-01-01 00:45:50,820 - root - DEBUG - Processing 90-th line out of 202 rows of DP table...
2022-01-01 00:45:50,859 - root - DEBUG - Processing 100-th line out of 202 rows of DP table...
2022-01-01 00:45:50,894 - root - DEBUG - Processing 110-th line out of 202 rows of DP table...
2022-01-01 00:45:50,946 - root - DEBUG - Processing 120-th line out of 202 rows of DP table...
2022-01-01 00:45:50,974 - root - DEBUG - Processing 130-th line out of 202 rows of DP table...
2022-01-01 00:45:51,000 - root - DEBUG - Processing 140-th line out of 202 rows of DP table...
2022-01-01 00:45:51,056 - root - DEBUG - Processing 150-th line out of 202 rows of DP table...
2022-01-01 00:45:51,086 - root - DEBUG - Processing 160-th line out of 202 rows of DP table...
2022-01-01 00:45:51,101 - root - DEBUG - Processing 170-th line out of 202 rows of DP table...
2022-01-01 00:45:51,114 - root - DEBUG - Processing 180-th line out of 202 rows of DP table...
2022-01-01 00:45:51,154 - root - DEBUG - Processing 190-th line out of 202 rows of DP table...
2022-01-01 00:45:51,160 - root - DEBUG - Processing 200-th line out of 202 rows of DP table...
2022-01-01 00:45:51,163 - root - DEBUG - Started computing sf for chromosome 'chr6'...
2022-01-01 00:45:51,166 - root - DEBUG - m=223, n=716
2022-01-01 00:45:51,237 - root - DEBUG - Processing 10-th line out of 223 rows of DP table...
2022-01-01 00:45:51,308 - root - DEBUG - Processing 20-th line out of 223 rows of DP table...
2022-01-01 00:45:51,377 - root - DEBUG - Processing 30-th line out of 223 rows of DP table...
2022-01-01 00:45:51,441 - root - DEBUG - Processing 40-th line out of 223 rows of DP table...
2022-01-01 00:45:51,502 - root - DEBUG - Processing 50-th line out of 223 rows of DP table...
2022-01-01 00:45:51,561 - root - DEBUG - Processing 60-th line out of 223 rows of DP table...
2022-01-01 00:45:51,616 - root - DEBUG - Processing 70-th line out of 223 rows of DP table...
2022-01-01 00:45:51,668 - root - DEBUG - Processing 80-th line out of 223 rows of DP table...
2022-01-01 00:45:51,715 - root - DEBUG - Processing 90-th line out of 223 rows of DP table...
2022-01-01 00:45:51,760 - root - DEBUG - Processing 100-th line out of 223 rows of DP table...
2022-01-01 00:45:51,808 - root - DEBUG - Processing 110-th line out of 223 rows of DP table...
2022-01-01 00:45:51,916 - root - DEBUG - Processing 120-th line out of 223 rows of DP table...
2022-01-01 00:45:51,953 - root - DEBUG - Processing 130-th line out of 223 rows of DP table...
2022-01-01 00:45:51,984 - root - DEBUG - Processing 140-th line out of 223 rows of DP table...
2022-01-01 00:45:52,012 - root - DEBUG - Processing 150-th line out of 223 rows of DP table...
2022-01-01 00:45:52,060 - root - DEBUG - Processing 160-th line out of 223 rows of DP table...
2022-01-01 00:45:52,082 - root - DEBUG - Processing 170-th line out of 223 rows of DP table...
2022-01-01 00:45:52,101 - root - DEBUG - Processing 180-th line out of 223 rows of DP table...
2022-01-01 00:45:52,116 - root - DEBUG - Processing 190-th line out of 223 rows of DP table...
2022-01-01 00:45:52,128 - root - DEBUG - Processing 200-th line out of 223 rows of DP table...
2022-01-01 00:45:52,136 - root - DEBUG - Processing 210-th line out of 223 rows of DP table...
2022-01-01 00:45:52,141 - root - DEBUG - Processing 220-th line out of 223 rows of DP table...
2022-01-01 00:45:52,144 - root - DEBUG - Started computing sf for chromosome 'chr7'...
2022-01-01 00:45:52,146 - root - DEBUG - m=191, n=738
2022-01-01 00:45:52,206 - root - DEBUG - Processing 10-th line out of 191 rows of DP table...
2022-01-01 00:45:52,267 - root - DEBUG - Processing 20-th line out of 191 rows of DP table...
2022-01-01 00:45:52,358 - root - DEBUG - Processing 30-th line out of 191 rows of DP table...
2022-01-01 00:45:52,458 - root - DEBUG - Processing 40-th line out of 191 rows of DP table...
2022-01-01 00:45:52,535 - root - DEBUG - Processing 50-th line out of 191 rows of DP table...
2022-01-01 00:45:52,636 - root - DEBUG - Processing 60-th line out of 191 rows of DP table...
2022-01-01 00:45:52,722 - root - DEBUG - Processing 70-th line out of 191 rows of DP table...
2022-01-01 00:45:52,799 - root - DEBUG - Processing 80-th line out of 191 rows of DP table...
2022-01-01 00:45:52,838 - root - DEBUG - Processing 90-th line out of 191 rows of DP table...
2022-01-01 00:45:52,872 - root - DEBUG - Processing 100-th line out of 191 rows of DP table...
2022-01-01 00:45:52,903 - root - DEBUG - Processing 110-th line out of 191 rows of DP table...
2022-01-01 00:45:52,930 - root - DEBUG - Processing 120-th line out of 191 rows of DP table...
2022-01-01 00:45:52,954 - root - DEBUG - Processing 130-th line out of 191 rows of DP table...
2022-01-01 00:45:52,975 - root - DEBUG - Processing 140-th line out of 191 rows of DP table...
2022-01-01 00:45:52,996 - root - DEBUG - Processing 150-th line out of 191 rows of DP table...
2022-01-01 00:45:53,047 - root - DEBUG - Processing 160-th line out of 191 rows of DP table...
2022-01-01 00:45:53,072 - root - DEBUG - Processing 170-th line out of 191 rows of DP table...
2022-01-01 00:45:53,094 - root - DEBUG - Processing 180-th line out of 191 rows of DP table...
2022-01-01 00:45:53,113 - root - DEBUG - Processing 190-th line out of 191 rows of DP table...
2022-01-01 00:45:53,118 - root - DEBUG - Started computing sf for chromosome 'chr8'...
2022-01-01 00:45:53,122 - root - DEBUG - m=149, n=628
2022-01-01 00:45:53,170 - root - DEBUG - Processing 10-th line out of 149 rows of DP table...
2022-01-01 00:45:53,217 - root - DEBUG - Processing 20-th line out of 149 rows of DP table...
2022-01-01 00:45:53,260 - root - DEBUG - Processing 30-th line out of 149 rows of DP table...
2022-01-01 00:45:53,315 - root - DEBUG - Processing 40-th line out of 149 rows of DP table...
2022-01-01 00:45:53,365 - root - DEBUG - Processing 50-th line out of 149 rows of DP table...
2022-01-01 00:45:53,427 - root - DEBUG - Processing 60-th line out of 149 rows of DP table...
2022-01-01 00:45:53,458 - root - DEBUG - Processing 70-th line out of 149 rows of DP table...
2022-01-01 00:45:53,486 - root - DEBUG - Processing 80-th line out of 149 rows of DP table...
2022-01-01 00:45:53,513 - root - DEBUG - Processing 90-th line out of 149 rows of DP table...
2022-01-01 00:45:53,534 - root - DEBUG - Processing 100-th line out of 149 rows of DP table...
2022-01-01 00:45:53,551 - root - DEBUG - Processing 110-th line out of 149 rows of DP table...
2022-01-01 00:45:53,565 - root - DEBUG - Processing 120-th line out of 149 rows of DP table...
2022-01-01 00:45:53,575 - root - DEBUG - Processing 130-th line out of 149 rows of DP table...
2022-01-01 00:45:53,588 - root - DEBUG - Processing 140-th line out of 149 rows of DP table...
2022-01-01 00:45:53,601 - root - DEBUG - Started computing sf for chromosome 'chr9'...
2022-01-01 00:45:53,610 - root - DEBUG - m=178, n=503
2022-01-01 00:45:53,710 - root - DEBUG - Processing 10-th line out of 178 rows of DP table...
2022-01-01 00:45:53,766 - root - DEBUG - Processing 20-th line out of 178 rows of DP table...
2022-01-01 00:45:53,819 - root - DEBUG - Processing 30-th line out of 178 rows of DP table...
2022-01-01 00:45:53,868 - root - DEBUG - Processing 40-th line out of 178 rows of DP table...
2022-01-01 00:45:53,916 - root - DEBUG - Processing 50-th line out of 178 rows of DP table...
2022-01-01 00:45:53,958 - root - DEBUG - Processing 60-th line out of 178 rows of DP table...
2022-01-01 00:45:53,998 - root - DEBUG - Processing 70-th line out of 178 rows of DP table...
2022-01-01 00:45:54,034 - root - DEBUG - Processing 80-th line out of 178 rows of DP table...
2022-01-01 00:45:54,067 - root - DEBUG - Processing 90-th line out of 178 rows of DP table...
2022-01-01 00:45:54,097 - root - DEBUG - Processing 100-th line out of 178 rows of DP table...
2022-01-01 00:45:54,129 - root - DEBUG - Processing 110-th line out of 178 rows of DP table...
2022-01-01 00:45:54,152 - root - DEBUG - Processing 120-th line out of 178 rows of DP table...
2022-01-01 00:45:54,172 - root - DEBUG - Processing 130-th line out of 178 rows of DP table...
2022-01-01 00:45:54,189 - root - DEBUG - Processing 140-th line out of 178 rows of DP table...
2022-01-01 00:45:54,202 - root - DEBUG - Processing 150-th line out of 178 rows of DP table...
2022-01-01 00:45:54,212 - root - DEBUG - Processing 160-th line out of 178 rows of DP table...
2022-01-01 00:45:54,219 - root - DEBUG - Processing 170-th line out of 178 rows of DP table...
2022-01-01 00:45:54,223 - root - DEBUG - Started computing sf for chromosome 'chr10'...
2022-01-01 00:45:54,225 - root - DEBUG - m=163, n=549
2022-01-01 00:45:54,276 - root - DEBUG - Processing 10-th line out of 163 rows of DP table...
2022-01-01 00:45:54,327 - root - DEBUG - Processing 20-th line out of 163 rows of DP table...
2022-01-01 00:45:54,374 - root - DEBUG - Processing 30-th line out of 163 rows of DP table...
2022-01-01 00:45:54,419 - root - DEBUG - Processing 40-th line out of 163 rows of DP table...
2022-01-01 00:45:54,460 - root - DEBUG - Processing 50-th line out of 163 rows of DP table...
2022-01-01 00:45:54,497 - root - DEBUG - Processing 60-th line out of 163 rows of DP table...
2022-01-01 00:45:54,532 - root - DEBUG - Processing 70-th line out of 163 rows of DP table...
2022-01-01 00:45:54,563 - root - DEBUG - Processing 80-th line out of 163 rows of DP table...
2022-01-01 00:45:54,594 - root - DEBUG - Processing 90-th line out of 163 rows of DP table...
2022-01-01 00:45:54,618 - root - DEBUG - Processing 100-th line out of 163 rows of DP table...
2022-01-01 00:45:54,640 - root - DEBUG - Processing 110-th line out of 163 rows of DP table...
2022-01-01 00:45:54,658 - root - DEBUG - Processing 120-th line out of 163 rows of DP table...
2022-01-01 00:45:54,672 - root - DEBUG - Processing 130-th line out of 163 rows of DP table...
2022-01-01 00:45:54,684 - root - DEBUG - Processing 140-th line out of 163 rows of DP table...
2022-01-01 00:45:54,692 - root - DEBUG - Processing 150-th line out of 163 rows of DP table...
2022-01-01 00:45:54,696 - root - DEBUG - Processing 160-th line out of 163 rows of DP table...
2022-01-01 00:45:54,698 - root - DEBUG - Started computing sf for chromosome 'chr11'...
2022-01-01 00:45:54,700 - root - DEBUG - m=259, n=516
2022-01-01 00:45:54,782 - root - DEBUG - Processing 10-th line out of 259 rows of DP table...
2022-01-01 00:45:54,865 - root - DEBUG - Processing 20-th line out of 259 rows of DP table...
2022-01-01 00:45:54,945 - root - DEBUG - Processing 30-th line out of 259 rows of DP table...
2022-01-01 00:45:55,021 - root - DEBUG - Processing 40-th line out of 259 rows of DP table...
2022-01-01 00:45:55,095 - root - DEBUG - Processing 50-th line out of 259 rows of DP table...
2022-01-01 00:45:55,165 - root - DEBUG - Processing 60-th line out of 259 rows of DP table...
2022-01-01 00:45:55,232 - root - DEBUG - Processing 70-th line out of 259 rows of DP table...
2022-01-01 00:45:55,295 - root - DEBUG - Processing 80-th line out of 259 rows of DP table...
2022-01-01 00:45:55,357 - root - DEBUG - Processing 90-th line out of 259 rows of DP table...
2022-01-01 00:45:55,413 - root - DEBUG - Processing 100-th line out of 259 rows of DP table...
2022-01-01 00:45:55,468 - root - DEBUG - Processing 110-th line out of 259 rows of DP table...
2022-01-01 00:45:55,520 - root - DEBUG - Processing 120-th line out of 259 rows of DP table...
2022-01-01 00:45:55,588 - root - DEBUG - Processing 130-th line out of 259 rows of DP table...
2022-01-01 00:45:55,638 - root - DEBUG - Processing 140-th line out of 259 rows of DP table...
2022-01-01 00:45:55,678 - root - DEBUG - Processing 150-th line out of 259 rows of DP table...
2022-01-01 00:45:55,716 - root - DEBUG - Processing 160-th line out of 259 rows of DP table...
2022-01-01 00:45:55,750 - root - DEBUG - Processing 170-th line out of 259 rows of DP table...
2022-01-01 00:45:55,780 - root - DEBUG - Processing 180-th line out of 259 rows of DP table...
2022-01-01 00:45:55,806 - root - DEBUG - Processing 190-th line out of 259 rows of DP table...
2022-01-01 00:45:55,830 - root - DEBUG - Processing 200-th line out of 259 rows of DP table...
2022-01-01 00:45:55,850 - root - DEBUG - Processing 210-th line out of 259 rows of DP table...
2022-01-01 00:45:55,867 - root - DEBUG - Processing 220-th line out of 259 rows of DP table...
2022-01-01 00:45:55,881 - root - DEBUG - Processing 230-th line out of 259 rows of DP table...
2022-01-01 00:45:55,892 - root - DEBUG - Processing 240-th line out of 259 rows of DP table...
2022-01-01 00:45:55,899 - root - DEBUG - Processing 250-th line out of 259 rows of DP table...
2022-01-01 00:45:55,904 - root - DEBUG - Started computing sf for chromosome 'chr12'...
2022-01-01 00:45:55,906 - root - DEBUG - m=257, n=531
2022-01-01 00:45:55,987 - root - DEBUG - Processing 10-th line out of 257 rows of DP table...
2022-01-01 00:45:56,069 - root - DEBUG - Processing 20-th line out of 257 rows of DP table...
2022-01-01 00:45:56,151 - root - DEBUG - Processing 30-th line out of 257 rows of DP table...
2022-01-01 00:45:56,231 - root - DEBUG - Processing 40-th line out of 257 rows of DP table...
2022-01-01 00:45:56,303 - root - DEBUG - Processing 50-th line out of 257 rows of DP table...
2022-01-01 00:45:56,372 - root - DEBUG - Processing 60-th line out of 257 rows of DP table...
2022-01-01 00:45:56,438 - root - DEBUG - Processing 70-th line out of 257 rows of DP table...
2022-01-01 00:45:56,501 - root - DEBUG - Processing 80-th line out of 257 rows of DP table...
2022-01-01 00:45:56,560 - root - DEBUG - Processing 90-th line out of 257 rows of DP table...
2022-01-01 00:45:56,616 - root - DEBUG - Processing 100-th line out of 257 rows of DP table...
2022-01-01 00:45:56,668 - root - DEBUG - Processing 110-th line out of 257 rows of DP table...
2022-01-01 00:45:56,717 - root - DEBUG - Processing 120-th line out of 257 rows of DP table...
2022-01-01 00:45:56,762 - root - DEBUG - Processing 130-th line out of 257 rows of DP table...
2022-01-01 00:45:56,805 - root - DEBUG - Processing 140-th line out of 257 rows of DP table...
2022-01-01 00:45:56,844 - root - DEBUG - Processing 150-th line out of 257 rows of DP table...
2022-01-01 00:45:56,880 - root - DEBUG - Processing 160-th line out of 257 rows of DP table...
2022-01-01 00:45:56,928 - root - DEBUG - Processing 170-th line out of 257 rows of DP table...
2022-01-01 00:45:56,977 - root - DEBUG - Processing 180-th line out of 257 rows of DP table...
2022-01-01 00:45:57,003 - root - DEBUG - Processing 190-th line out of 257 rows of DP table...
2022-01-01 00:45:57,027 - root - DEBUG - Processing 200-th line out of 257 rows of DP table...
2022-01-01 00:45:57,046 - root - DEBUG - Processing 210-th line out of 257 rows of DP table...
2022-01-01 00:45:57,063 - root - DEBUG - Processing 220-th line out of 257 rows of DP table...
2022-01-01 00:45:57,076 - root - DEBUG - Processing 230-th line out of 257 rows of DP table...
2022-01-01 00:45:57,086 - root - DEBUG - Processing 240-th line out of 257 rows of DP table...
2022-01-01 00:45:57,092 - root - DEBUG - Processing 250-th line out of 257 rows of DP table...
2022-01-01 00:45:57,096 - root - DEBUG - Started computing sf for chromosome 'chr13'...
2022-01-01 00:45:57,098 - root - DEBUG - m=67, n=410
2022-01-01 00:45:57,120 - root - DEBUG - Processing 10-th line out of 67 rows of DP table...
2022-01-01 00:45:57,139 - root - DEBUG - Processing 20-th line out of 67 rows of DP table...
2022-01-01 00:45:57,155 - root - DEBUG - Processing 30-th line out of 67 rows of DP table...
2022-01-01 00:45:57,168 - root - DEBUG - Processing 40-th line out of 67 rows of DP table...
2022-01-01 00:45:57,177 - root - DEBUG - Processing 50-th line out of 67 rows of DP table...
2022-01-01 00:45:57,182 - root - DEBUG - Processing 60-th line out of 67 rows of DP table...
2022-01-01 00:45:57,185 - root - DEBUG - Started computing sf for chromosome 'chr14'...
2022-01-01 00:45:57,187 - root - DEBUG - m=135, n=309
2022-01-01 00:45:57,230 - root - DEBUG - Processing 10-th line out of 135 rows of DP table...
2022-01-01 00:45:57,292 - root - DEBUG - Processing 20-th line out of 135 rows of DP table...
2022-01-01 00:45:57,330 - root - DEBUG - Processing 30-th line out of 135 rows of DP table...
2022-01-01 00:45:57,375 - root - DEBUG - Processing 40-th line out of 135 rows of DP table...
2022-01-01 00:45:57,407 - root - DEBUG - Processing 50-th line out of 135 rows of DP table...
2022-01-01 00:45:57,436 - root - DEBUG - Processing 60-th line out of 135 rows of DP table...
2022-01-01 00:45:57,461 - root - DEBUG - Processing 70-th line out of 135 rows of DP table...
2022-01-01 00:45:57,482 - root - DEBUG - Processing 80-th line out of 135 rows of DP table...
2022-01-01 00:45:57,507 - root - DEBUG - Processing 90-th line out of 135 rows of DP table...
2022-01-01 00:45:57,533 - root - DEBUG - Processing 100-th line out of 135 rows of DP table...
2022-01-01 00:45:57,553 - root - DEBUG - Processing 110-th line out of 135 rows of DP table...
2022-01-01 00:45:57,567 - root - DEBUG - Processing 120-th line out of 135 rows of DP table...
2022-01-01 00:45:57,573 - root - DEBUG - Processing 130-th line out of 135 rows of DP table...
2022-01-01 00:45:57,576 - root - DEBUG - Started computing sf for chromosome 'chr15'...
2022-01-01 00:45:57,578 - root - DEBUG - m=114, n=316
2022-01-01 00:45:57,614 - root - DEBUG - Processing 10-th line out of 114 rows of DP table...
2022-01-01 00:45:57,649 - root - DEBUG - Processing 20-th line out of 114 rows of DP table...
2022-01-01 00:45:57,680 - root - DEBUG - Processing 30-th line out of 114 rows of DP table...
2022-01-01 00:45:57,709 - root - DEBUG - Processing 40-th line out of 114 rows of DP table...
2022-01-01 00:45:57,733 - root - DEBUG - Processing 50-th line out of 114 rows of DP table...
2022-01-01 00:45:57,775 - root - DEBUG - Processing 60-th line out of 114 rows of DP table...
2022-01-01 00:45:57,793 - root - DEBUG - Processing 70-th line out of 114 rows of DP table...
2022-01-01 00:45:57,808 - root - DEBUG - Processing 80-th line out of 114 rows of DP table...
2022-01-01 00:45:57,819 - root - DEBUG - Processing 90-th line out of 114 rows of DP table...
2022-01-01 00:45:57,828 - root - DEBUG - Processing 100-th line out of 114 rows of DP table...
2022-01-01 00:45:57,832 - root - DEBUG - Processing 110-th line out of 114 rows of DP table...
2022-01-01 00:45:57,835 - root - DEBUG - Started computing sf for chromosome 'chr16'...
2022-01-01 00:45:57,837 - root - DEBUG - m=165, n=376
2022-01-01 00:45:57,889 - root - DEBUG - Processing 10-th line out of 165 rows of DP table...
2022-01-01 00:45:57,940 - root - DEBUG - Processing 20-th line out of 165 rows of DP table...
2022-01-01 00:45:57,988 - root - DEBUG - Processing 30-th line out of 165 rows of DP table...
2022-01-01 00:45:58,033 - root - DEBUG - Processing 40-th line out of 165 rows of DP table...
2022-01-01 00:45:58,074 - root - DEBUG - Processing 50-th line out of 165 rows of DP table...
2022-01-01 00:45:58,113 - root - DEBUG - Processing 60-th line out of 165 rows of DP table...
2022-01-01 00:45:58,153 - root - DEBUG - Processing 70-th line out of 165 rows of DP table...
2022-01-01 00:45:58,187 - root - DEBUG - Processing 80-th line out of 165 rows of DP table...
2022-01-01 00:45:58,215 - root - DEBUG - Processing 90-th line out of 165 rows of DP table...
2022-01-01 00:45:58,241 - root - DEBUG - Processing 100-th line out of 165 rows of DP table...
2022-01-01 00:45:58,262 - root - DEBUG - Processing 110-th line out of 165 rows of DP table...
2022-01-01 00:45:58,281 - root - DEBUG - Processing 120-th line out of 165 rows of DP table...
2022-01-01 00:45:58,296 - root - DEBUG - Processing 130-th line out of 165 rows of DP table...
2022-01-01 00:45:58,308 - root - DEBUG - Processing 140-th line out of 165 rows of DP table...
2022-01-01 00:45:58,317 - root - DEBUG - Processing 150-th line out of 165 rows of DP table...
2022-01-01 00:45:58,322 - root - DEBUG - Processing 160-th line out of 165 rows of DP table...
2022-01-01 00:45:58,325 - root - DEBUG - Started computing sf for chromosome 'chr17'...
2022-01-01 00:45:58,327 - root - DEBUG - m=241, n=426
2022-01-01 00:45:58,402 - root - DEBUG - Processing 10-th line out of 241 rows of DP table...
2022-01-01 00:45:58,478 - root - DEBUG - Processing 20-th line out of 241 rows of DP table...
2022-01-01 00:45:58,551 - root - DEBUG - Processing 30-th line out of 241 rows of DP table...
2022-01-01 00:45:58,633 - root - DEBUG - Processing 40-th line out of 241 rows of DP table...
2022-01-01 00:45:58,755 - root - DEBUG - Processing 50-th line out of 241 rows of DP table...
2022-01-01 00:45:58,844 - root - DEBUG - Processing 60-th line out of 241 rows of DP table...
2022-01-01 00:45:59,007 - root - DEBUG - Processing 70-th line out of 241 rows of DP table...
2022-01-01 00:45:59,118 - root - DEBUG - Processing 80-th line out of 241 rows of DP table...
2022-01-01 00:45:59,223 - root - DEBUG - Processing 90-th line out of 241 rows of DP table...
2022-01-01 00:45:59,293 - root - DEBUG - Processing 100-th line out of 241 rows of DP table...
2022-01-01 00:45:59,340 - root - DEBUG - Processing 110-th line out of 241 rows of DP table...
2022-01-01 00:45:59,383 - root - DEBUG - Processing 120-th line out of 241 rows of DP table...
2022-01-01 00:45:59,423 - root - DEBUG - Processing 130-th line out of 241 rows of DP table...
2022-01-01 00:45:59,461 - root - DEBUG - Processing 140-th line out of 241 rows of DP table...
2022-01-01 00:45:59,495 - root - DEBUG - Processing 150-th line out of 241 rows of DP table...
2022-01-01 00:45:59,526 - root - DEBUG - Processing 160-th line out of 241 rows of DP table...
2022-01-01 00:45:59,553 - root - DEBUG - Processing 170-th line out of 241 rows of DP table...
2022-01-01 00:45:59,577 - root - DEBUG - Processing 180-th line out of 241 rows of DP table...
2022-01-01 00:45:59,598 - root - DEBUG - Processing 190-th line out of 241 rows of DP table...
2022-01-01 00:45:59,615 - root - DEBUG - Processing 200-th line out of 241 rows of DP table...
2022-01-01 00:45:59,630 - root - DEBUG - Processing 210-th line out of 241 rows of DP table...
2022-01-01 00:45:59,640 - root - DEBUG - Processing 220-th line out of 241 rows of DP table...
2022-01-01 00:45:59,648 - root - DEBUG - Processing 230-th line out of 241 rows of DP table...
2022-01-01 00:45:59,652 - root - DEBUG - Processing 240-th line out of 241 rows of DP table...
2022-01-01 00:45:59,654 - root - DEBUG - Started computing sf for chromosome 'chr18'...
2022-01-01 00:45:59,657 - root - DEBUG - m=60, n=365
2022-01-01 00:45:59,676 - root - DEBUG - Processing 10-th line out of 60 rows of DP table...
2022-01-01 00:45:59,692 - root - DEBUG - Processing 20-th line out of 60 rows of DP table...
2022-01-01 00:45:59,706 - root - DEBUG - Processing 30-th line out of 60 rows of DP table...
2022-01-01 00:45:59,716 - root - DEBUG - Processing 40-th line out of 60 rows of DP table...
2022-01-01 00:45:59,722 - root - DEBUG - Processing 50-th line out of 60 rows of DP table...
2022-01-01 00:45:59,726 - root - DEBUG - Processing 60-th line out of 60 rows of DP table...
2022-01-01 00:45:59,727 - root - DEBUG - Started computing sf for chromosome 'chr19'...
2022-01-01 00:45:59,729 - root - DEBUG - m=257, n=362
2022-01-01 00:45:59,809 - root - DEBUG - Processing 10-th line out of 257 rows of DP table...
2022-01-01 00:45:59,891 - root - DEBUG - Processing 20-th line out of 257 rows of DP table...
2022-01-01 00:45:59,969 - root - DEBUG - Processing 30-th line out of 257 rows of DP table...
2022-01-01 00:46:00,045 - root - DEBUG - Processing 40-th line out of 257 rows of DP table...
2022-01-01 00:46:00,117 - root - DEBUG - Processing 50-th line out of 257 rows of DP table...
2022-01-01 00:46:00,186 - root - DEBUG - Processing 60-th line out of 257 rows of DP table...
2022-01-01 00:46:00,278 - root - DEBUG - Processing 70-th line out of 257 rows of DP table...
2022-01-01 00:46:00,340 - root - DEBUG - Processing 80-th line out of 257 rows of DP table...
2022-01-01 00:46:00,399 - root - DEBUG - Processing 90-th line out of 257 rows of DP table...
2022-01-01 00:46:00,455 - root - DEBUG - Processing 100-th line out of 257 rows of DP table...
2022-01-01 00:46:00,580 - root - DEBUG - Processing 110-th line out of 257 rows of DP table...
2022-01-01 00:46:00,680 - root - DEBUG - Processing 120-th line out of 257 rows of DP table...
2022-01-01 00:46:00,756 - root - DEBUG - Processing 130-th line out of 257 rows of DP table...
2022-01-01 00:46:00,798 - root - DEBUG - Processing 140-th line out of 257 rows of DP table...
2022-01-01 00:46:00,901 - root - DEBUG - Processing 150-th line out of 257 rows of DP table...
2022-01-01 00:46:00,986 - root - DEBUG - Processing 160-th line out of 257 rows of DP table...
2022-01-01 00:46:01,020 - root - DEBUG - Processing 170-th line out of 257 rows of DP table...
2022-01-01 00:46:01,050 - root - DEBUG - Processing 180-th line out of 257 rows of DP table...
2022-01-01 00:46:01,076 - root - DEBUG - Processing 190-th line out of 257 rows of DP table...
2022-01-01 00:46:01,099 - root - DEBUG - Processing 200-th line out of 257 rows of DP table...
2022-01-01 00:46:01,119 - root - DEBUG - Processing 210-th line out of 257 rows of DP table...
2022-01-01 00:46:01,136 - root - DEBUG - Processing 220-th line out of 257 rows of DP table...
2022-01-01 00:46:01,149 - root - DEBUG - Processing 230-th line out of 257 rows of DP table...
2022-01-01 00:46:01,159 - root - DEBUG - Processing 240-th line out of 257 rows of DP table...
2022-01-01 00:46:01,165 - root - DEBUG - Processing 250-th line out of 257 rows of DP table...
2022-01-01 00:46:01,169 - root - DEBUG - Started computing sf for chromosome 'chr20'...
2022-01-01 00:46:01,171 - root - DEBUG - m=114, n=251
2022-01-01 00:46:01,207 - root - DEBUG - Processing 10-th line out of 114 rows of DP table...
2022-01-01 00:46:01,241 - root - DEBUG - Processing 20-th line out of 114 rows of DP table...
2022-01-01 00:46:01,272 - root - DEBUG - Processing 30-th line out of 114 rows of DP table...
2022-01-01 00:46:01,300 - root - DEBUG - Processing 40-th line out of 114 rows of DP table...
2022-01-01 00:46:01,325 - root - DEBUG - Processing 50-th line out of 114 rows of DP table...
2022-01-01 00:46:01,346 - root - DEBUG - Processing 60-th line out of 114 rows of DP table...
2022-01-01 00:46:01,364 - root - DEBUG - Processing 70-th line out of 114 rows of DP table...
2022-01-01 00:46:01,379 - root - DEBUG - Processing 80-th line out of 114 rows of DP table...
2022-01-01 00:46:01,390 - root - DEBUG - Processing 90-th line out of 114 rows of DP table...
2022-01-01 00:46:01,398 - root - DEBUG - Processing 100-th line out of 114 rows of DP table...
2022-01-01 00:46:01,403 - root - DEBUG - Processing 110-th line out of 114 rows of DP table...
2022-01-01 00:46:01,406 - root - DEBUG - Started computing sf for chromosome 'chr21'...
2022-01-01 00:46:01,408 - root - DEBUG - m=36, n=186
2022-01-01 00:46:01,419 - root - DEBUG - Processing 10-th line out of 36 rows of DP table...
2022-01-01 00:46:01,428 - root - DEBUG - Processing 20-th line out of 36 rows of DP table...
2022-01-01 00:46:01,433 - root - DEBUG - Processing 30-th line out of 36 rows of DP table...
2022-01-01 00:46:01,435 - root - DEBUG - Started computing sf for chromosome 'chr22'...
2022-01-01 00:46:01,437 - root - DEBUG - m=88, n=210
2022-01-01 00:46:01,464 - root - DEBUG - Processing 10-th line out of 88 rows of DP table...
2022-01-01 00:46:01,491 - root - DEBUG - Processing 20-th line out of 88 rows of DP table...
2022-01-01 00:46:01,514 - root - DEBUG - Processing 30-th line out of 88 rows of DP table...
2022-01-01 00:46:01,534 - root - DEBUG - Processing 40-th line out of 88 rows of DP table...
2022-01-01 00:46:01,550 - root - DEBUG - Processing 50-th line out of 88 rows of DP table...
2022-01-01 00:46:01,563 - root - DEBUG - Processing 60-th line out of 88 rows of DP table...
2022-01-01 00:46:01,572 - root - DEBUG - Processing 70-th line out of 88 rows of DP table...
2022-01-01 00:46:01,578 - root - DEBUG - Processing 80-th line out of 88 rows of DP table...
2022-01-01 00:46:01,605 - root - DEBUG - Started computing sf for chromosome 'chrX'...
2022-01-01 00:46:01,608 - root - DEBUG - m=169, n=360
2022-01-01 00:46:01,663 - root - DEBUG - Processing 10-th line out of 169 rows of DP table...
2022-01-01 00:46:01,716 - root - DEBUG - Processing 20-th line out of 169 rows of DP table...
2022-01-01 00:46:01,765 - root - DEBUG - Processing 30-th line out of 169 rows of DP table...
2022-01-01 00:46:01,811 - root - DEBUG - Processing 40-th line out of 169 rows of DP table...
2022-01-01 00:46:01,854 - root - DEBUG - Processing 50-th line out of 169 rows of DP table...
2022-01-01 00:46:01,894 - root - DEBUG - Processing 60-th line out of 169 rows of DP table...
2022-01-01 00:46:01,930 - root - DEBUG - Processing 70-th line out of 169 rows of DP table...
2022-01-01 00:46:01,968 - root - DEBUG - Processing 80-th line out of 169 rows of DP table...
2022-01-01 00:46:01,997 - root - DEBUG - Processing 90-th line out of 169 rows of DP table...
2022-01-01 00:46:02,023 - root - DEBUG - Processing 100-th line out of 169 rows of DP table...
2022-01-01 00:46:02,047 - root - DEBUG - Processing 110-th line out of 169 rows of DP table...
2022-01-01 00:46:02,067 - root - DEBUG - Processing 120-th line out of 169 rows of DP table...
2022-01-01 00:46:02,086 - root - DEBUG - Processing 130-th line out of 169 rows of DP table...
2022-01-01 00:46:02,099 - root - DEBUG - Processing 140-th line out of 169 rows of DP table...
2022-01-01 00:46:02,109 - root - DEBUG - Processing 150-th line out of 169 rows of DP table...
2022-01-01 00:46:02,116 - root - DEBUG - Processing 160-th line out of 169 rows of DP table...
2022-01-01 00:46:02,120 - root - DEBUG - Started computing sf for chromosome 'chrY'...
2022-01-01 00:46:02,122 - root - DEBUG - m=0, n=10
2022-01-01 00:46:02,122 - root - DEBUG - Started computing joint logprobs...
