2022-01-01 00:50:44,282 - root - INFO - Loading reference interval set from '../resources/zarrei2015-2/intervals/HI1.lex-smallest.cds.tsv'...
2022-01-01 00:50:44,287 - root - INFO - Loading query interval set from '../resources/zarrei2015-2/cnv_intervals/stringent.gain.tsv'...
2022-01-01 00:50:44,290 - root - INFO - Loading chromosome sizes from '../resources/experiment_original/iSTAT/data/hg19_chrom_sizes.txt'...
2022-01-01 00:50:44,294 - root - INFO - Number of reference intervals: 3558 (3590 before merging)
2022-01-01 00:50:44,295 - root - INFO - Number of query intervals: 1169 (1169 before merging)
2022-01-01 00:50:44,296 - root - INFO - Number of chromosomes: 24
2022-01-01 00:50:44,301 - root - INFO - Overlap count: 103
2022-01-01 00:50:44,303 - root - DEBUG - Started computing sf for chromosome 'chr1'...
2022-01-01 00:50:44,305 - root - DEBUG - m=359, n=92
2022-01-01 00:50:44,416 - root - DEBUG - Processing 10-th line out of 359 rows of DP table...
2022-01-01 00:50:44,530 - root - DEBUG - Processing 20-th line out of 359 rows of DP table...
2022-01-01 00:50:44,640 - root - DEBUG - Processing 30-th line out of 359 rows of DP table...
2022-01-01 00:50:44,749 - root - DEBUG - Processing 40-th line out of 359 rows of DP table...
2022-01-01 00:50:44,853 - root - DEBUG - Processing 50-th line out of 359 rows of DP table...
2022-01-01 00:50:44,954 - root - DEBUG - Processing 60-th line out of 359 rows of DP table...
2022-01-01 00:50:45,053 - root - DEBUG - Processing 70-th line out of 359 rows of DP table...
2022-01-01 00:50:45,147 - root - DEBUG - Processing 80-th line out of 359 rows of DP table...
2022-01-01 00:50:45,239 - root - DEBUG - Processing 90-th line out of 359 rows of DP table...
2022-01-01 00:50:45,328 - root - DEBUG - Processing 100-th line out of 359 rows of DP table...
2022-01-01 00:50:45,413 - root - DEBUG - Processing 110-th line out of 359 rows of DP table...
2022-01-01 00:50:45,495 - root - DEBUG - Processing 120-th line out of 359 rows of DP table...
2022-01-01 00:50:45,573 - root - DEBUG - Processing 130-th line out of 359 rows of DP table...
2022-01-01 00:50:45,651 - root - DEBUG - Processing 140-th line out of 359 rows of DP table...
2022-01-01 00:50:45,725 - root - DEBUG - Processing 150-th line out of 359 rows of DP table...
2022-01-01 00:50:45,794 - root - DEBUG - Processing 160-th line out of 359 rows of DP table...
2022-01-01 00:50:45,860 - root - DEBUG - Processing 170-th line out of 359 rows of DP table...
2022-01-01 00:50:45,922 - root - DEBUG - Processing 180-th line out of 359 rows of DP table...
2022-01-01 00:50:45,982 - root - DEBUG - Processing 190-th line out of 359 rows of DP table...
2022-01-01 00:50:46,038 - root - DEBUG - Processing 200-th line out of 359 rows of DP table...
2022-01-01 00:50:46,091 - root - DEBUG - Processing 210-th line out of 359 rows of DP table...
2022-01-01 00:50:46,141 - root - DEBUG - Processing 220-th line out of 359 rows of DP table...
2022-01-01 00:50:46,200 - root - DEBUG - Processing 230-th line out of 359 rows of DP table...
2022-01-01 00:50:46,243 - root - DEBUG - Processing 240-th line out of 359 rows of DP table...
2022-01-01 00:50:46,283 - root - DEBUG - Processing 250-th line out of 359 rows of DP table...
2022-01-01 00:50:46,320 - root - DEBUG - Processing 260-th line out of 359 rows of DP table...
2022-01-01 00:50:46,354 - root - DEBUG - Processing 270-th line out of 359 rows of DP table...
2022-01-01 00:50:46,384 - root - DEBUG - Processing 280-th line out of 359 rows of DP table...
2022-01-01 00:50:46,411 - root - DEBUG - Processing 290-th line out of 359 rows of DP table...
2022-01-01 00:50:46,435 - root - DEBUG - Processing 300-th line out of 359 rows of DP table...
2022-01-01 00:50:46,456 - root - DEBUG - Processing 310-th line out of 359 rows of DP table...
2022-01-01 00:50:46,474 - root - DEBUG - Processing 320-th line out of 359 rows of DP table...
2022-01-01 00:50:46,488 - root - DEBUG - Processing 330-th line out of 359 rows of DP table...
2022-01-01 00:50:46,500 - root - DEBUG - Processing 340-th line out of 359 rows of DP table...
2022-01-01 00:50:46,507 - root - DEBUG - Processing 350-th line out of 359 rows of DP table...
2022-01-01 00:50:46,514 - root - DEBUG - Started computing sf for chromosome 'chr2'...
2022-01-01 00:50:46,516 - root - DEBUG - m=262, n=96
2022-01-01 00:50:46,598 - root - DEBUG - Processing 10-th line out of 262 rows of DP table...
2022-01-01 00:50:46,681 - root - DEBUG - Processing 20-th line out of 262 rows of DP table...
2022-01-01 00:50:46,760 - root - DEBUG - Processing 30-th line out of 262 rows of DP table...
2022-01-01 00:50:46,836 - root - DEBUG - Processing 40-th line out of 262 rows of DP table...
2022-01-01 00:50:46,909 - root - DEBUG - Processing 50-th line out of 262 rows of DP table...
2022-01-01 00:50:46,979 - root - DEBUG - Processing 60-th line out of 262 rows of DP table...
2022-01-01 00:50:47,045 - root - DEBUG - Processing 70-th line out of 262 rows of DP table...
2022-01-01 00:50:47,108 - root - DEBUG - Processing 80-th line out of 262 rows of DP table...
2022-01-01 00:50:47,168 - root - DEBUG - Processing 90-th line out of 262 rows of DP table...
2022-01-01 00:50:47,225 - root - DEBUG - Processing 100-th line out of 262 rows of DP table...
2022-01-01 00:50:47,278 - root - DEBUG - Processing 110-th line out of 262 rows of DP table...
2022-01-01 00:50:47,328 - root - DEBUG - Processing 120-th line out of 262 rows of DP table...
2022-01-01 00:50:47,375 - root - DEBUG - Processing 130-th line out of 262 rows of DP table...
2022-01-01 00:50:47,446 - root - DEBUG - Processing 140-th line out of 262 rows of DP table...
2022-01-01 00:50:47,497 - root - DEBUG - Processing 150-th line out of 262 rows of DP table...
2022-01-01 00:50:47,535 - root - DEBUG - Processing 160-th line out of 262 rows of DP table...
2022-01-01 00:50:47,569 - root - DEBUG - Processing 170-th line out of 262 rows of DP table...
2022-01-01 00:50:47,600 - root - DEBUG - Processing 180-th line out of 262 rows of DP table...
2022-01-01 00:50:47,628 - root - DEBUG - Processing 190-th line out of 262 rows of DP table...
2022-01-01 00:50:47,653 - root - DEBUG - Processing 200-th line out of 262 rows of DP table...
2022-01-01 00:50:47,674 - root - DEBUG - Processing 210-th line out of 262 rows of DP table...
2022-01-01 00:50:47,691 - root - DEBUG - Processing 220-th line out of 262 rows of DP table...
2022-01-01 00:50:47,706 - root - DEBUG - Processing 230-th line out of 262 rows of DP table...
2022-01-01 00:50:47,717 - root - DEBUG - Processing 240-th line out of 262 rows of DP table...
2022-01-01 00:50:47,729 - root - DEBUG - Processing 250-th line out of 262 rows of DP table...
2022-01-01 00:50:47,734 - root - DEBUG - Processing 260-th line out of 262 rows of DP table...
2022-01-01 00:50:47,737 - root - DEBUG - Started computing sf for chromosome 'chr3'...
2022-01-01 00:50:47,739 - root - DEBUG - m=209, n=49
2022-01-01 00:50:47,804 - root - DEBUG - Processing 10-th line out of 209 rows of DP table...
2022-01-01 00:50:47,870 - root - DEBUG - Processing 20-th line out of 209 rows of DP table...
2022-01-01 00:50:47,933 - root - DEBUG - Processing 30-th line out of 209 rows of DP table...
2022-01-01 00:50:47,992 - root - DEBUG - Processing 40-th line out of 209 rows of DP table...
2022-01-01 00:50:48,048 - root - DEBUG - Processing 50-th line out of 209 rows of DP table...
2022-01-01 00:50:48,101 - root - DEBUG - Processing 60-th line out of 209 rows of DP table...
2022-01-01 00:50:48,151 - root - DEBUG - Processing 70-th line out of 209 rows of DP table...
2022-01-01 00:50:48,243 - root - DEBUG - Processing 80-th line out of 209 rows of DP table...
2022-01-01 00:50:48,330 - root - DEBUG - Processing 90-th line out of 209 rows of DP table...
2022-01-01 00:50:48,408 - root - DEBUG - Processing 100-th line out of 209 rows of DP table...
2022-01-01 00:50:48,481 - root - DEBUG - Processing 110-th line out of 209 rows of DP table...
2022-01-01 00:50:48,545 - root - DEBUG - Processing 120-th line out of 209 rows of DP table...
2022-01-01 00:50:48,604 - root - DEBUG - Processing 130-th line out of 209 rows of DP table...
2022-01-01 00:50:48,657 - root - DEBUG - Processing 140-th line out of 209 rows of DP table...
2022-01-01 00:50:48,703 - root - DEBUG - Processing 150-th line out of 209 rows of DP table...
2022-01-01 00:50:48,743 - root - DEBUG - Processing 160-th line out of 209 rows of DP table...
2022-01-01 00:50:48,777 - root - DEBUG - Processing 170-th line out of 209 rows of DP table...
2022-01-01 00:50:48,794 - root - DEBUG - Processing 180-th line out of 209 rows of DP table...
2022-01-01 00:50:48,804 - root - DEBUG - Processing 190-th line out of 209 rows of DP table...
2022-01-01 00:50:48,811 - root - DEBUG - Processing 200-th line out of 209 rows of DP table...
2022-01-01 00:50:48,815 - root - DEBUG - Started computing sf for chromosome 'chr4'...
2022-01-01 00:50:48,817 - root - DEBUG - m=132, n=68
2022-01-01 00:50:48,858 - root - DEBUG - Processing 10-th line out of 132 rows of DP table...
2022-01-01 00:50:48,898 - root - DEBUG - Processing 20-th line out of 132 rows of DP table...
2022-01-01 00:50:48,967 - root - DEBUG - Processing 30-th line out of 132 rows of DP table...
2022-01-01 00:50:49,035 - root - DEBUG - Processing 40-th line out of 132 rows of DP table...
2022-01-01 00:50:49,094 - root - DEBUG - Processing 50-th line out of 132 rows of DP table...
2022-01-01 00:50:49,147 - root - DEBUG - Processing 60-th line out of 132 rows of DP table...
2022-01-01 00:50:49,194 - root - DEBUG - Processing 70-th line out of 132 rows of DP table...
2022-01-01 00:50:49,234 - root - DEBUG - Processing 80-th line out of 132 rows of DP table...
2022-01-01 00:50:49,268 - root - DEBUG - Processing 90-th line out of 132 rows of DP table...
2022-01-01 00:50:49,295 - root - DEBUG - Processing 100-th line out of 132 rows of DP table...
2022-01-01 00:50:49,316 - root - DEBUG - Processing 110-th line out of 132 rows of DP table...
2022-01-01 00:50:49,331 - root - DEBUG - Processing 120-th line out of 132 rows of DP table...
2022-01-01 00:50:49,339 - root - DEBUG - Processing 130-th line out of 132 rows of DP table...
2022-01-01 00:50:49,342 - root - DEBUG - Started computing sf for chromosome 'chr5'...
2022-01-01 00:50:49,344 - root - DEBUG - m=192, n=61
2022-01-01 00:50:49,461 - root - DEBUG - Processing 10-th line out of 192 rows of DP table...
2022-01-01 00:50:49,581 - root - DEBUG - Processing 20-th line out of 192 rows of DP table...
2022-01-01 00:50:49,693 - root - DEBUG - Processing 30-th line out of 192 rows of DP table...
2022-01-01 00:50:49,800 - root - DEBUG - Processing 40-th line out of 192 rows of DP table...
2022-01-01 00:50:49,900 - root - DEBUG - Processing 50-th line out of 192 rows of DP table...
2022-01-01 00:50:49,993 - root - DEBUG - Processing 60-th line out of 192 rows of DP table...
2022-01-01 00:50:50,037 - root - DEBUG - Processing 70-th line out of 192 rows of DP table...
2022-01-01 00:50:50,077 - root - DEBUG - Processing 80-th line out of 192 rows of DP table...
2022-01-01 00:50:50,114 - root - DEBUG - Processing 90-th line out of 192 rows of DP table...
2022-01-01 00:50:50,148 - root - DEBUG - Processing 100-th line out of 192 rows of DP table...
2022-01-01 00:50:50,179 - root - DEBUG - Processing 110-th line out of 192 rows of DP table...
2022-01-01 00:50:50,207 - root - DEBUG - Processing 120-th line out of 192 rows of DP table...
2022-01-01 00:50:50,231 - root - DEBUG - Processing 130-th line out of 192 rows of DP table...
2022-01-01 00:50:50,252 - root - DEBUG - Processing 140-th line out of 192 rows of DP table...
2022-01-01 00:50:50,269 - root - DEBUG - Processing 150-th line out of 192 rows of DP table...
2022-01-01 00:50:50,283 - root - DEBUG - Processing 160-th line out of 192 rows of DP table...
2022-01-01 00:50:50,294 - root - DEBUG - Processing 170-th line out of 192 rows of DP table...
2022-01-01 00:50:50,302 - root - DEBUG - Processing 180-th line out of 192 rows of DP table...
2022-01-01 00:50:50,306 - root - DEBUG - Processing 190-th line out of 192 rows of DP table...
2022-01-01 00:50:50,308 - root - DEBUG - Started computing sf for chromosome 'chr6'...
2022-01-01 00:50:50,310 - root - DEBUG - m=214, n=46
2022-01-01 00:50:50,376 - root - DEBUG - Processing 10-th line out of 214 rows of DP table...
2022-01-01 00:50:50,443 - root - DEBUG - Processing 20-th line out of 214 rows of DP table...
2022-01-01 00:50:50,507 - root - DEBUG - Processing 30-th line out of 214 rows of DP table...
2022-01-01 00:50:50,568 - root - DEBUG - Processing 40-th line out of 214 rows of DP table...
2022-01-01 00:50:50,626 - root - DEBUG - Processing 50-th line out of 214 rows of DP table...
2022-01-01 00:50:50,679 - root - DEBUG - Processing 60-th line out of 214 rows of DP table...
2022-01-01 00:50:50,730 - root - DEBUG - Processing 70-th line out of 214 rows of DP table...
2022-01-01 00:50:50,777 - root - DEBUG - Processing 80-th line out of 214 rows of DP table...
2022-01-01 00:50:50,821 - root - DEBUG - Processing 90-th line out of 214 rows of DP table...
2022-01-01 00:50:50,862 - root - DEBUG - Processing 100-th line out of 214 rows of DP table...
2022-01-01 00:50:50,901 - root - DEBUG - Processing 110-th line out of 214 rows of DP table...
2022-01-01 00:50:50,935 - root - DEBUG - Processing 120-th line out of 214 rows of DP table...
2022-01-01 00:50:50,967 - root - DEBUG - Processing 130-th line out of 214 rows of DP table...
2022-01-01 00:50:50,995 - root - DEBUG - Processing 140-th line out of 214 rows of DP table...
2022-01-01 00:50:51,020 - root - DEBUG - Processing 150-th line out of 214 rows of DP table...
2022-01-01 00:50:51,041 - root - DEBUG - Processing 160-th line out of 214 rows of DP table...
2022-01-01 00:50:51,059 - root - DEBUG - Processing 170-th line out of 214 rows of DP table...
2022-01-01 00:50:51,074 - root - DEBUG - Processing 180-th line out of 214 rows of DP table...
2022-01-01 00:50:51,085 - root - DEBUG - Processing 190-th line out of 214 rows of DP table...
2022-01-01 00:50:51,094 - root - DEBUG - Processing 200-th line out of 214 rows of DP table...
2022-01-01 00:50:51,099 - root - DEBUG - Processing 210-th line out of 214 rows of DP table...
2022-01-01 00:50:51,101 - root - DEBUG - Started computing sf for chromosome 'chr7'...
2022-01-01 00:50:51,103 - root - DEBUG - m=171, n=89
2022-01-01 00:50:51,155 - root - DEBUG - Processing 10-th line out of 171 rows of DP table...
2022-01-01 00:50:51,206 - root - DEBUG - Processing 20-th line out of 171 rows of DP table...
2022-01-01 00:50:51,256 - root - DEBUG - Processing 30-th line out of 171 rows of DP table...
2022-01-01 00:50:51,302 - root - DEBUG - Processing 40-th line out of 171 rows of DP table...
2022-01-01 00:50:51,345 - root - DEBUG - Processing 50-th line out of 171 rows of DP table...
2022-01-01 00:50:51,385 - root - DEBUG - Processing 60-th line out of 171 rows of DP table...
2022-01-01 00:50:51,421 - root - DEBUG - Processing 70-th line out of 171 rows of DP table...
2022-01-01 00:50:51,454 - root - DEBUG - Processing 80-th line out of 171 rows of DP table...
2022-01-01 00:50:51,483 - root - DEBUG - Processing 90-th line out of 171 rows of DP table...
2022-01-01 00:50:51,509 - root - DEBUG - Processing 100-th line out of 171 rows of DP table...
2022-01-01 00:50:51,532 - root - DEBUG - Processing 110-th line out of 171 rows of DP table...
2022-01-01 00:50:51,552 - root - DEBUG - Processing 120-th line out of 171 rows of DP table...
2022-01-01 00:50:51,569 - root - DEBUG - Processing 130-th line out of 171 rows of DP table...
2022-01-01 00:50:51,583 - root - DEBUG - Processing 140-th line out of 171 rows of DP table...
2022-01-01 00:50:51,594 - root - DEBUG - Processing 150-th line out of 171 rows of DP table...
2022-01-01 00:50:51,602 - root - DEBUG - Processing 160-th line out of 171 rows of DP table...
2022-01-01 00:50:51,609 - root - DEBUG - Processing 170-th line out of 171 rows of DP table...
2022-01-01 00:50:51,611 - root - DEBUG - Started computing sf for chromosome 'chr8'...
2022-01-01 00:50:51,613 - root - DEBUG - m=132, n=59
2022-01-01 00:50:51,653 - root - DEBUG - Processing 10-th line out of 132 rows of DP table...
2022-01-01 00:50:51,693 - root - DEBUG - Processing 20-th line out of 132 rows of DP table...
2022-01-01 00:50:51,728 - root - DEBUG - Processing 30-th line out of 132 rows of DP table...
2022-01-01 00:50:51,762 - root - DEBUG - Processing 40-th line out of 132 rows of DP table...
2022-01-01 00:50:51,792 - root - DEBUG - Processing 50-th line out of 132 rows of DP table...
2022-01-01 00:50:51,819 - root - DEBUG - Processing 60-th line out of 132 rows of DP table...
2022-01-01 00:50:51,842 - root - DEBUG - Processing 70-th line out of 132 rows of DP table...
2022-01-01 00:50:51,862 - root - DEBUG - Processing 80-th line out of 132 rows of DP table...
2022-01-01 00:50:51,882 - root - DEBUG - Processing 90-th line out of 132 rows of DP table...
2022-01-01 00:50:51,896 - root - DEBUG - Processing 100-th line out of 132 rows of DP table...
2022-01-01 00:50:51,907 - root - DEBUG - Processing 110-th line out of 132 rows of DP table...
2022-01-01 00:50:51,914 - root - DEBUG - Processing 120-th line out of 132 rows of DP table...
2022-01-01 00:50:51,919 - root - DEBUG - Processing 130-th line out of 132 rows of DP table...
2022-01-01 00:50:51,921 - root - DEBUG - Started computing sf for chromosome 'chr9'...
2022-01-01 00:50:51,923 - root - DEBUG - m=131, n=62
2022-01-01 00:50:51,964 - root - DEBUG - Processing 10-th line out of 131 rows of DP table...
2022-01-01 00:50:52,003 - root - DEBUG - Processing 20-th line out of 131 rows of DP table...
2022-01-01 00:50:52,040 - root - DEBUG - Processing 30-th line out of 131 rows of DP table...
2022-01-01 00:50:52,073 - root - DEBUG - Processing 40-th line out of 131 rows of DP table...
2022-01-01 00:50:52,103 - root - DEBUG - Processing 50-th line out of 131 rows of DP table...
2022-01-01 00:50:52,130 - root - DEBUG - Processing 60-th line out of 131 rows of DP table...
2022-01-01 00:50:52,153 - root - DEBUG - Processing 70-th line out of 131 rows of DP table...
2022-01-01 00:50:52,173 - root - DEBUG - Processing 80-th line out of 131 rows of DP table...
2022-01-01 00:50:52,189 - root - DEBUG - Processing 90-th line out of 131 rows of DP table...
2022-01-01 00:50:52,203 - root - DEBUG - Processing 100-th line out of 131 rows of DP table...
2022-01-01 00:50:52,214 - root - DEBUG - Processing 110-th line out of 131 rows of DP table...
2022-01-01 00:50:52,221 - root - DEBUG - Processing 120-th line out of 131 rows of DP table...
2022-01-01 00:50:52,226 - root - DEBUG - Processing 130-th line out of 131 rows of DP table...
2022-01-01 00:50:52,228 - root - DEBUG - Started computing sf for chromosome 'chr10'...
2022-01-01 00:50:52,229 - root - DEBUG - m=148, n=45
2022-01-01 00:50:52,276 - root - DEBUG - Processing 10-th line out of 148 rows of DP table...
2022-01-01 00:50:52,322 - root - DEBUG - Processing 20-th line out of 148 rows of DP table...
2022-01-01 00:50:52,364 - root - DEBUG - Processing 30-th line out of 148 rows of DP table...
2022-01-01 00:50:52,403 - root - DEBUG - Processing 40-th line out of 148 rows of DP table...
2022-01-01 00:50:52,438 - root - DEBUG - Processing 50-th line out of 148 rows of DP table...
2022-01-01 00:50:52,470 - root - DEBUG - Processing 60-th line out of 148 rows of DP table...
2022-01-01 00:50:52,499 - root - DEBUG - Processing 70-th line out of 148 rows of DP table...
2022-01-01 00:50:52,525 - root - DEBUG - Processing 80-th line out of 148 rows of DP table...
2022-01-01 00:50:52,548 - root - DEBUG - Processing 90-th line out of 148 rows of DP table...
2022-01-01 00:50:52,567 - root - DEBUG - Processing 100-th line out of 148 rows of DP table...
2022-01-01 00:50:52,583 - root - DEBUG - Processing 110-th line out of 148 rows of DP table...
2022-01-01 00:50:52,596 - root - DEBUG - Processing 120-th line out of 148 rows of DP table...
2022-01-01 00:50:52,606 - root - DEBUG - Processing 130-th line out of 148 rows of DP table...
2022-01-01 00:50:52,613 - root - DEBUG - Processing 140-th line out of 148 rows of DP table...
2022-01-01 00:50:52,617 - root - DEBUG - Started computing sf for chromosome 'chr11'...
2022-01-01 00:50:52,618 - root - DEBUG - m=179, n=63
2022-01-01 00:50:52,675 - root - DEBUG - Processing 10-th line out of 179 rows of DP table...
2022-01-01 00:50:52,731 - root - DEBUG - Processing 20-th line out of 179 rows of DP table...
2022-01-01 00:50:52,784 - root - DEBUG - Processing 30-th line out of 179 rows of DP table...
2022-01-01 00:50:52,833 - root - DEBUG - Processing 40-th line out of 179 rows of DP table...
2022-01-01 00:50:52,879 - root - DEBUG - Processing 50-th line out of 179 rows of DP table...
2022-01-01 00:50:52,921 - root - DEBUG - Processing 60-th line out of 179 rows of DP table...
2022-01-01 00:50:52,962 - root - DEBUG - Processing 70-th line out of 179 rows of DP table...
2022-01-01 00:50:52,998 - root - DEBUG - Processing 80-th line out of 179 rows of DP table...
2022-01-01 00:50:53,032 - root - DEBUG - Processing 90-th line out of 179 rows of DP table...
2022-01-01 00:50:53,063 - root - DEBUG - Processing 100-th line out of 179 rows of DP table...
2022-01-01 00:50:53,090 - root - DEBUG - Processing 110-th line out of 179 rows of DP table...
2022-01-01 00:50:53,113 - root - DEBUG - Processing 120-th line out of 179 rows of DP table...
2022-01-01 00:50:53,133 - root - DEBUG - Processing 130-th line out of 179 rows of DP table...
2022-01-01 00:50:53,149 - root - DEBUG - Processing 140-th line out of 179 rows of DP table...
2022-01-01 00:50:53,170 - root - DEBUG - Processing 150-th line out of 179 rows of DP table...
2022-01-01 00:50:53,189 - root - DEBUG - Processing 160-th line out of 179 rows of DP table...
2022-01-01 00:50:53,196 - root - DEBUG - Processing 170-th line out of 179 rows of DP table...
2022-01-01 00:50:53,201 - root - DEBUG - Started computing sf for chromosome 'chr12'...
2022-01-01 00:50:53,203 - root - DEBUG - m=222, n=38
2022-01-01 00:50:53,272 - root - DEBUG - Processing 10-th line out of 222 rows of DP table...
2022-01-01 00:50:53,340 - root - DEBUG - Processing 20-th line out of 222 rows of DP table...
2022-01-01 00:50:53,405 - root - DEBUG - Processing 30-th line out of 222 rows of DP table...
2022-01-01 00:50:53,468 - root - DEBUG - Processing 40-th line out of 222 rows of DP table...
2022-01-01 00:50:53,527 - root - DEBUG - Processing 50-th line out of 222 rows of DP table...
2022-01-01 00:50:53,582 - root - DEBUG - Processing 60-th line out of 222 rows of DP table...
2022-01-01 00:50:53,634 - root - DEBUG - Processing 70-th line out of 222 rows of DP table...
2022-01-01 00:50:53,683 - root - DEBUG - Processing 80-th line out of 222 rows of DP table...
2022-01-01 00:50:53,741 - root - DEBUG - Processing 90-th line out of 222 rows of DP table...
2022-01-01 00:50:53,784 - root - DEBUG - Processing 100-th line out of 222 rows of DP table...
2022-01-01 00:50:53,824 - root - DEBUG - Processing 110-th line out of 222 rows of DP table...
2022-01-01 00:50:53,861 - root - DEBUG - Processing 120-th line out of 222 rows of DP table...
2022-01-01 00:50:53,894 - root - DEBUG - Processing 130-th line out of 222 rows of DP table...
2022-01-01 00:50:53,925 - root - DEBUG - Processing 140-th line out of 222 rows of DP table...
2022-01-01 00:50:53,952 - root - DEBUG - Processing 150-th line out of 222 rows of DP table...
2022-01-01 00:50:53,976 - root - DEBUG - Processing 160-th line out of 222 rows of DP table...
2022-01-01 00:50:53,997 - root - DEBUG - Processing 170-th line out of 222 rows of DP table...
2022-01-01 00:50:54,015 - root - DEBUG - Processing 180-th line out of 222 rows of DP table...
2022-01-01 00:50:54,029 - root - DEBUG - Processing 190-th line out of 222 rows of DP table...
2022-01-01 00:50:54,040 - root - DEBUG - Processing 200-th line out of 222 rows of DP table...
2022-01-01 00:50:54,048 - root - DEBUG - Processing 210-th line out of 222 rows of DP table...
2022-01-01 00:50:54,052 - root - DEBUG - Processing 220-th line out of 222 rows of DP table...
2022-01-01 00:50:54,055 - root - DEBUG - Started computing sf for chromosome 'chr13'...
2022-01-01 00:50:54,056 - root - DEBUG - m=69, n=32
2022-01-01 00:50:54,077 - root - DEBUG - Processing 10-th line out of 69 rows of DP table...
2022-01-01 00:50:54,096 - root - DEBUG - Processing 20-th line out of 69 rows of DP table...
2022-01-01 00:50:54,112 - root - DEBUG - Processing 30-th line out of 69 rows of DP table...
2022-01-01 00:50:54,125 - root - DEBUG - Processing 40-th line out of 69 rows of DP table...
2022-01-01 00:50:54,139 - root - DEBUG - Processing 50-th line out of 69 rows of DP table...
2022-01-01 00:50:54,146 - root - DEBUG - Processing 60-th line out of 69 rows of DP table...
2022-01-01 00:50:54,149 - root - DEBUG - Started computing sf for chromosome 'chr14'...
2022-01-01 00:50:54,151 - root - DEBUG - m=133, n=31
2022-01-01 00:50:54,192 - root - DEBUG - Processing 10-th line out of 133 rows of DP table...
2022-01-01 00:50:54,233 - root - DEBUG - Processing 20-th line out of 133 rows of DP table...
2022-01-01 00:50:54,270 - root - DEBUG - Processing 30-th line out of 133 rows of DP table...
2022-01-01 00:50:54,304 - root - DEBUG - Processing 40-th line out of 133 rows of DP table...
2022-01-01 00:50:54,334 - root - DEBUG - Processing 50-th line out of 133 rows of DP table...
2022-01-01 00:50:54,361 - root - DEBUG - Processing 60-th line out of 133 rows of DP table...
2022-01-01 00:50:54,385 - root - DEBUG - Processing 70-th line out of 133 rows of DP table...
2022-01-01 00:50:54,405 - root - DEBUG - Processing 80-th line out of 133 rows of DP table...
2022-01-01 00:50:54,423 - root - DEBUG - Processing 90-th line out of 133 rows of DP table...
2022-01-01 00:50:54,445 - root - DEBUG - Processing 100-th line out of 133 rows of DP table...
2022-01-01 00:50:54,457 - root - DEBUG - Processing 110-th line out of 133 rows of DP table...
2022-01-01 00:50:54,466 - root - DEBUG - Processing 120-th line out of 133 rows of DP table...
2022-01-01 00:50:54,470 - root - DEBUG - Processing 130-th line out of 133 rows of DP table...
2022-01-01 00:50:54,473 - root - DEBUG - Started computing sf for chromosome 'chr15'...
2022-01-01 00:50:54,475 - root - DEBUG - m=98, n=50
2022-01-01 00:50:54,505 - root - DEBUG - Processing 10-th line out of 98 rows of DP table...
2022-01-01 00:50:54,534 - root - DEBUG - Processing 20-th line out of 98 rows of DP table...
2022-01-01 00:50:54,560 - root - DEBUG - Processing 30-th line out of 98 rows of DP table...
2022-01-01 00:50:54,582 - root - DEBUG - Processing 40-th line out of 98 rows of DP table...
2022-01-01 00:50:54,600 - root - DEBUG - Processing 50-th line out of 98 rows of DP table...
2022-01-01 00:50:54,616 - root - DEBUG - Processing 60-th line out of 98 rows of DP table...
2022-01-01 00:50:54,629 - root - DEBUG - Processing 70-th line out of 98 rows of DP table...
2022-01-01 00:50:54,638 - root - DEBUG - Processing 80-th line out of 98 rows of DP table...
2022-01-01 00:50:54,657 - root - DEBUG - Processing 90-th line out of 98 rows of DP table...
2022-01-01 00:50:54,661 - root - DEBUG - Started computing sf for chromosome 'chr16'...
2022-01-01 00:50:54,662 - root - DEBUG - m=120, n=46
2022-01-01 00:50:54,699 - root - DEBUG - Processing 10-th line out of 120 rows of DP table...
2022-01-01 00:50:54,736 - root - DEBUG - Processing 20-th line out of 120 rows of DP table...
2022-01-01 00:50:54,769 - root - DEBUG - Processing 30-th line out of 120 rows of DP table...
2022-01-01 00:50:54,799 - root - DEBUG - Processing 40-th line out of 120 rows of DP table...
2022-01-01 00:50:54,825 - root - DEBUG - Processing 50-th line out of 120 rows of DP table...
2022-01-01 00:50:54,848 - root - DEBUG - Processing 60-th line out of 120 rows of DP table...
2022-01-01 00:50:54,868 - root - DEBUG - Processing 70-th line out of 120 rows of DP table...
2022-01-01 00:50:54,884 - root - DEBUG - Processing 80-th line out of 120 rows of DP table...
2022-01-01 00:50:54,897 - root - DEBUG - Processing 90-th line out of 120 rows of DP table...
2022-01-01 00:50:54,907 - root - DEBUG - Processing 100-th line out of 120 rows of DP table...
2022-01-01 00:50:54,914 - root - DEBUG - Processing 110-th line out of 120 rows of DP table...
2022-01-01 00:50:54,917 - root - DEBUG - Processing 120-th line out of 120 rows of DP table...
2022-01-01 00:50:54,919 - root - DEBUG - Started computing sf for chromosome 'chr17'...
2022-01-01 00:50:54,921 - root - DEBUG - m=233, n=59
2022-01-01 00:50:54,993 - root - DEBUG - Processing 10-th line out of 233 rows of DP table...
2022-01-01 00:50:55,066 - root - DEBUG - Processing 20-th line out of 233 rows of DP table...
2022-01-01 00:50:55,136 - root - DEBUG - Processing 30-th line out of 233 rows of DP table...
2022-01-01 00:50:55,202 - root - DEBUG - Processing 40-th line out of 233 rows of DP table...
2022-01-01 00:50:55,266 - root - DEBUG - Processing 50-th line out of 233 rows of DP table...
2022-01-01 00:50:55,326 - root - DEBUG - Processing 60-th line out of 233 rows of DP table...
2022-01-01 00:50:55,383 - root - DEBUG - Processing 70-th line out of 233 rows of DP table...
2022-01-01 00:50:55,437 - root - DEBUG - Processing 80-th line out of 233 rows of DP table...
2022-01-01 00:50:55,487 - root - DEBUG - Processing 90-th line out of 233 rows of DP table...
2022-01-01 00:50:55,534 - root - DEBUG - Processing 100-th line out of 233 rows of DP table...
2022-01-01 00:50:55,578 - root - DEBUG - Processing 110-th line out of 233 rows of DP table...
2022-01-01 00:50:55,619 - root - DEBUG - Processing 120-th line out of 233 rows of DP table...
2022-01-01 00:50:55,656 - root - DEBUG - Processing 130-th line out of 233 rows of DP table...
2022-01-01 00:50:55,690 - root - DEBUG - Processing 140-th line out of 233 rows of DP table...
2022-01-01 00:50:55,720 - root - DEBUG - Processing 150-th line out of 233 rows of DP table...
2022-01-01 00:50:55,748 - root - DEBUG - Processing 160-th line out of 233 rows of DP table...
2022-01-01 00:50:55,797 - root - DEBUG - Processing 170-th line out of 233 rows of DP table...
2022-01-01 00:50:55,819 - root - DEBUG - Processing 180-th line out of 233 rows of DP table...
2022-01-01 00:50:55,837 - root - DEBUG - Processing 190-th line out of 233 rows of DP table...
2022-01-01 00:50:55,852 - root - DEBUG - Processing 200-th line out of 233 rows of DP table...
2022-01-01 00:50:55,863 - root - DEBUG - Processing 210-th line out of 233 rows of DP table...
2022-01-01 00:50:55,872 - root - DEBUG - Processing 220-th line out of 233 rows of DP table...
2022-01-01 00:50:55,877 - root - DEBUG - Processing 230-th line out of 233 rows of DP table...
2022-01-01 00:50:55,880 - root - DEBUG - Started computing sf for chromosome 'chr18'...
2022-01-01 00:50:55,882 - root - DEBUG - m=62, n=29
2022-01-01 00:50:55,900 - root - DEBUG - Processing 10-th line out of 62 rows of DP table...
2022-01-01 00:50:55,917 - root - DEBUG - Processing 20-th line out of 62 rows of DP table...
2022-01-01 00:50:55,930 - root - DEBUG - Processing 30-th line out of 62 rows of DP table...
2022-01-01 00:50:55,940 - root - DEBUG - Processing 40-th line out of 62 rows of DP table...
2022-01-01 00:50:55,947 - root - DEBUG - Processing 50-th line out of 62 rows of DP table...
2022-01-01 00:50:55,951 - root - DEBUG - Processing 60-th line out of 62 rows of DP table...
2022-01-01 00:50:55,952 - root - DEBUG - Started computing sf for chromosome 'chr19'...
2022-01-01 00:50:55,954 - root - DEBUG - m=151, n=47
2022-01-01 00:50:56,000 - root - DEBUG - Processing 10-th line out of 151 rows of DP table...
2022-01-01 00:50:56,046 - root - DEBUG - Processing 20-th line out of 151 rows of DP table...
2022-01-01 00:50:56,089 - root - DEBUG - Processing 30-th line out of 151 rows of DP table...
2022-01-01 00:50:56,128 - root - DEBUG - Processing 40-th line out of 151 rows of DP table...
2022-01-01 00:50:56,164 - root - DEBUG - Processing 50-th line out of 151 rows of DP table...
2022-01-01 00:50:56,197 - root - DEBUG - Processing 60-th line out of 151 rows of DP table...
2022-01-01 00:50:56,226 - root - DEBUG - Processing 70-th line out of 151 rows of DP table...
2022-01-01 00:50:56,253 - root - DEBUG - Processing 80-th line out of 151 rows of DP table...
2022-01-01 00:50:56,276 - root - DEBUG - Processing 90-th line out of 151 rows of DP table...
2022-01-01 00:50:56,296 - root - DEBUG - Processing 100-th line out of 151 rows of DP table...
2022-01-01 00:50:56,312 - root - DEBUG - Processing 110-th line out of 151 rows of DP table...
2022-01-01 00:50:56,326 - root - DEBUG - Processing 120-th line out of 151 rows of DP table...
2022-01-01 00:50:56,336 - root - DEBUG - Processing 130-th line out of 151 rows of DP table...
2022-01-01 00:50:56,343 - root - DEBUG - Processing 140-th line out of 151 rows of DP table...
2022-01-01 00:50:56,354 - root - DEBUG - Processing 150-th line out of 151 rows of DP table...
2022-01-01 00:50:56,356 - root - DEBUG - Started computing sf for chromosome 'chr20'...
2022-01-01 00:50:56,358 - root - DEBUG - m=99, n=22
2022-01-01 00:50:56,388 - root - DEBUG - Processing 10-th line out of 99 rows of DP table...
2022-01-01 00:50:56,417 - root - DEBUG - Processing 20-th line out of 99 rows of DP table...
2022-01-01 00:50:56,443 - root - DEBUG - Processing 30-th line out of 99 rows of DP table...
2022-01-01 00:50:56,466 - root - DEBUG - Processing 40-th line out of 99 rows of DP table...
2022-01-01 00:50:56,486 - root - DEBUG - Processing 50-th line out of 99 rows of DP table...
2022-01-01 00:50:56,501 - root - DEBUG - Processing 60-th line out of 99 rows of DP table...
2022-01-01 00:50:56,514 - root - DEBUG - Processing 70-th line out of 99 rows of DP table...
2022-01-01 00:50:56,523 - root - DEBUG - Processing 80-th line out of 99 rows of DP table...
2022-01-01 00:50:56,529 - root - DEBUG - Processing 90-th line out of 99 rows of DP table...
2022-01-01 00:50:56,533 - root - DEBUG - Started computing sf for chromosome 'chr21'...
2022-01-01 00:50:56,534 - root - DEBUG - m=26, n=11
2022-01-01 00:50:56,541 - root - DEBUG - Processing 10-th line out of 26 rows of DP table...
2022-01-01 00:50:56,546 - root - DEBUG - Processing 20-th line out of 26 rows of DP table...
2022-01-01 00:50:56,548 - root - DEBUG - Started computing sf for chromosome 'chr22'...
2022-01-01 00:50:56,549 - root - DEBUG - m=65, n=28
2022-01-01 00:50:56,569 - root - DEBUG - Processing 10-th line out of 65 rows of DP table...
2022-01-01 00:50:56,587 - root - DEBUG - Processing 20-th line out of 65 rows of DP table...
2022-01-01 00:50:56,602 - root - DEBUG - Processing 30-th line out of 65 rows of DP table...
2022-01-01 00:50:56,614 - root - DEBUG - Processing 40-th line out of 65 rows of DP table...
2022-01-01 00:50:56,622 - root - DEBUG - Processing 50-th line out of 65 rows of DP table...
2022-01-01 00:50:56,628 - root - DEBUG - Processing 60-th line out of 65 rows of DP table...
2022-01-01 00:50:56,630 - root - DEBUG - Started computing sf for chromosome 'chrX'...
2022-01-01 00:50:56,631 - root - DEBUG - m=147, n=46
2022-01-01 00:50:56,677 - root - DEBUG - Processing 10-th line out of 147 rows of DP table...
2022-01-01 00:50:56,722 - root - DEBUG - Processing 20-th line out of 147 rows of DP table...
2022-01-01 00:50:56,763 - root - DEBUG - Processing 30-th line out of 147 rows of DP table...
2022-01-01 00:50:56,801 - root - DEBUG - Processing 40-th line out of 147 rows of DP table...
2022-01-01 00:50:56,839 - root - DEBUG - Processing 50-th line out of 147 rows of DP table...
2022-01-01 00:50:56,870 - root - DEBUG - Processing 60-th line out of 147 rows of DP table...
2022-01-01 00:50:56,899 - root - DEBUG - Processing 70-th line out of 147 rows of DP table...
2022-01-01 00:50:56,924 - root - DEBUG - Processing 80-th line out of 147 rows of DP table...
2022-01-01 00:50:56,945 - root - DEBUG - Processing 90-th line out of 147 rows of DP table...
2022-01-01 00:50:56,964 - root - DEBUG - Processing 100-th line out of 147 rows of DP table...
2022-01-01 00:50:56,980 - root - DEBUG - Processing 110-th line out of 147 rows of DP table...
2022-01-01 00:50:56,992 - root - DEBUG - Processing 120-th line out of 147 rows of DP table...
2022-01-01 00:50:57,001 - root - DEBUG - Processing 130-th line out of 147 rows of DP table...
2022-01-01 00:50:57,007 - root - DEBUG - Processing 140-th line out of 147 rows of DP table...
2022-01-01 00:50:57,010 - root - DEBUG - Started computing sf for chromosome 'chrY'...
2022-01-01 00:50:57,011 - root - DEBUG - m=4, n=0
2022-01-01 00:50:57,012 - root - DEBUG - Started computing joint logprobs...
