2021-12-30 05:42:38,935 - root - INFO - Loading reference interval set from '../resources/zarrei2015-2/intervals/HI2.all.cds.tsv'...
2021-12-30 05:42:38,952 - root - INFO - Loading query interval set from '../resources/zarrei2015-2/cnv_intervals/inclusive.loss.tsv'...
2021-12-30 05:42:38,976 - root - INFO - Loading chromosome sizes from '../resources/experiment_original/iSTAT/data/hg19_chrom_sizes.txt'...
2021-12-30 05:42:38,999 - root - INFO - Number of reference intervals: 3742 (13052 before merging)
2021-12-30 05:42:39,000 - root - INFO - Number of query intervals: 23438 (23438 before merging)
2021-12-30 05:42:39,001 - root - INFO - Number of chromosomes: 24
2021-12-30 05:42:39,029 - root - INFO - Overlap count: 1087
2021-12-30 05:42:39,030 - root - DEBUG - Started computing sf for chromosome 'chr1'...
2021-12-30 05:42:39,033 - root - DEBUG - m=396, n=1612
2021-12-30 05:42:39,158 - root - DEBUG - Processing 10-th line out of 396 rows of DP table...
2021-12-30 05:42:39,286 - root - DEBUG - Processing 20-th line out of 396 rows of DP table...
2021-12-30 05:42:39,412 - root - DEBUG - Processing 30-th line out of 396 rows of DP table...
2021-12-30 05:42:39,535 - root - DEBUG - Processing 40-th line out of 396 rows of DP table...
2021-12-30 05:42:39,654 - root - DEBUG - Processing 50-th line out of 396 rows of DP table...
2021-12-30 05:42:39,769 - root - DEBUG - Processing 60-th line out of 396 rows of DP table...
2021-12-30 05:42:39,882 - root - DEBUG - Processing 70-th line out of 396 rows of DP table...
2021-12-30 05:42:39,990 - root - DEBUG - Processing 80-th line out of 396 rows of DP table...
2021-12-30 05:42:40,096 - root - DEBUG - Processing 90-th line out of 396 rows of DP table...
2021-12-30 05:42:40,198 - root - DEBUG - Processing 100-th line out of 396 rows of DP table...
2021-12-30 05:42:40,298 - root - DEBUG - Processing 110-th line out of 396 rows of DP table...
2021-12-30 05:42:40,393 - root - DEBUG - Processing 120-th line out of 396 rows of DP table...
2021-12-30 05:42:40,485 - root - DEBUG - Processing 130-th line out of 396 rows of DP table...
2021-12-30 05:42:40,574 - root - DEBUG - Processing 140-th line out of 396 rows of DP table...
2021-12-30 05:42:40,659 - root - DEBUG - Processing 150-th line out of 396 rows of DP table...
2021-12-30 05:42:40,741 - root - DEBUG - Processing 160-th line out of 396 rows of DP table...
2021-12-30 05:42:40,824 - root - DEBUG - Processing 170-th line out of 396 rows of DP table...
2021-12-30 05:42:40,900 - root - DEBUG - Processing 180-th line out of 396 rows of DP table...
2021-12-30 05:42:40,972 - root - DEBUG - Processing 190-th line out of 396 rows of DP table...
2021-12-30 05:42:41,041 - root - DEBUG - Processing 200-th line out of 396 rows of DP table...
2021-12-30 05:42:41,107 - root - DEBUG - Processing 210-th line out of 396 rows of DP table...
2021-12-30 05:42:41,171 - root - DEBUG - Processing 220-th line out of 396 rows of DP table...
2021-12-30 05:42:41,230 - root - DEBUG - Processing 230-th line out of 396 rows of DP table...
2021-12-30 05:42:41,286 - root - DEBUG - Processing 240-th line out of 396 rows of DP table...
2021-12-30 05:42:41,339 - root - DEBUG - Processing 250-th line out of 396 rows of DP table...
2021-12-30 05:42:41,388 - root - DEBUG - Processing 260-th line out of 396 rows of DP table...
2021-12-30 05:42:41,434 - root - DEBUG - Processing 270-th line out of 396 rows of DP table...
2021-12-30 05:42:41,477 - root - DEBUG - Processing 280-th line out of 396 rows of DP table...
2021-12-30 05:42:41,517 - root - DEBUG - Processing 290-th line out of 396 rows of DP table...
2021-12-30 05:42:41,553 - root - DEBUG - Processing 300-th line out of 396 rows of DP table...
2021-12-30 05:42:41,586 - root - DEBUG - Processing 310-th line out of 396 rows of DP table...
2021-12-30 05:42:41,616 - root - DEBUG - Processing 320-th line out of 396 rows of DP table...
2021-12-30 05:42:41,643 - root - DEBUG - Processing 330-th line out of 396 rows of DP table...
2021-12-30 05:42:41,666 - root - DEBUG - Processing 340-th line out of 396 rows of DP table...
2021-12-30 05:42:41,686 - root - DEBUG - Processing 350-th line out of 396 rows of DP table...
2021-12-30 05:42:41,702 - root - DEBUG - Processing 360-th line out of 396 rows of DP table...
2021-12-30 05:42:41,716 - root - DEBUG - Processing 370-th line out of 396 rows of DP table...
2021-12-30 05:42:41,744 - root - DEBUG - Processing 380-th line out of 396 rows of DP table...
2021-12-30 05:42:41,752 - root - DEBUG - Processing 390-th line out of 396 rows of DP table...
2021-12-30 05:42:41,757 - root - DEBUG - Started computing sf for chromosome 'chr2'...
2021-12-30 05:42:41,760 - root - DEBUG - m=241, n=1886
2021-12-30 05:42:41,836 - root - DEBUG - Processing 10-th line out of 241 rows of DP table...
2021-12-30 05:42:41,913 - root - DEBUG - Processing 20-th line out of 241 rows of DP table...
2021-12-30 05:42:41,986 - root - DEBUG - Processing 30-th line out of 241 rows of DP table...
2021-12-30 05:42:42,057 - root - DEBUG - Processing 40-th line out of 241 rows of DP table...
2021-12-30 05:42:42,124 - root - DEBUG - Processing 50-th line out of 241 rows of DP table...
2021-12-30 05:42:42,189 - root - DEBUG - Processing 60-th line out of 241 rows of DP table...
2021-12-30 05:42:42,250 - root - DEBUG - Processing 70-th line out of 241 rows of DP table...
2021-12-30 05:42:42,308 - root - DEBUG - Processing 80-th line out of 241 rows of DP table...
2021-12-30 05:42:42,362 - root - DEBUG - Processing 90-th line out of 241 rows of DP table...
2021-12-30 05:42:42,412 - root - DEBUG - Processing 100-th line out of 241 rows of DP table...
2021-12-30 05:42:42,459 - root - DEBUG - Processing 110-th line out of 241 rows of DP table...
2021-12-30 05:42:42,503 - root - DEBUG - Processing 120-th line out of 241 rows of DP table...
2021-12-30 05:42:42,544 - root - DEBUG - Processing 130-th line out of 241 rows of DP table...
2021-12-30 05:42:42,581 - root - DEBUG - Processing 140-th line out of 241 rows of DP table...
2021-12-30 05:42:42,616 - root - DEBUG - Processing 150-th line out of 241 rows of DP table...
2021-12-30 05:42:42,646 - root - DEBUG - Processing 160-th line out of 241 rows of DP table...
2021-12-30 05:42:42,674 - root - DEBUG - Processing 170-th line out of 241 rows of DP table...
2021-12-30 05:42:42,698 - root - DEBUG - Processing 180-th line out of 241 rows of DP table...
2021-12-30 05:42:42,719 - root - DEBUG - Processing 190-th line out of 241 rows of DP table...
2021-12-30 05:42:42,737 - root - DEBUG - Processing 200-th line out of 241 rows of DP table...
2021-12-30 05:42:42,767 - root - DEBUG - Processing 210-th line out of 241 rows of DP table...
2021-12-30 05:42:42,779 - root - DEBUG - Processing 220-th line out of 241 rows of DP table...
2021-12-30 05:42:42,787 - root - DEBUG - Processing 230-th line out of 241 rows of DP table...
2021-12-30 05:42:42,791 - root - DEBUG - Processing 240-th line out of 241 rows of DP table...
2021-12-30 05:42:42,794 - root - DEBUG - Started computing sf for chromosome 'chr3'...
2021-12-30 05:42:42,797 - root - DEBUG - m=235, n=1334
2021-12-30 05:42:42,881 - root - DEBUG - Processing 10-th line out of 235 rows of DP table...
2021-12-30 05:42:42,957 - root - DEBUG - Processing 20-th line out of 235 rows of DP table...
2021-12-30 05:42:43,029 - root - DEBUG - Processing 30-th line out of 235 rows of DP table...
2021-12-30 05:42:43,097 - root - DEBUG - Processing 40-th line out of 235 rows of DP table...
2021-12-30 05:42:43,162 - root - DEBUG - Processing 50-th line out of 235 rows of DP table...
2021-12-30 05:42:43,223 - root - DEBUG - Processing 60-th line out of 235 rows of DP table...
2021-12-30 05:42:43,282 - root - DEBUG - Processing 70-th line out of 235 rows of DP table...
2021-12-30 05:42:43,337 - root - DEBUG - Processing 80-th line out of 235 rows of DP table...
2021-12-30 05:42:43,388 - root - DEBUG - Processing 90-th line out of 235 rows of DP table...
2021-12-30 05:42:43,437 - root - DEBUG - Processing 100-th line out of 235 rows of DP table...
2021-12-30 05:42:43,481 - root - DEBUG - Processing 110-th line out of 235 rows of DP table...
2021-12-30 05:42:43,523 - root - DEBUG - Processing 120-th line out of 235 rows of DP table...
2021-12-30 05:42:43,561 - root - DEBUG - Processing 130-th line out of 235 rows of DP table...
2021-12-30 05:42:43,596 - root - DEBUG - Processing 140-th line out of 235 rows of DP table...
2021-12-30 05:42:43,628 - root - DEBUG - Processing 150-th line out of 235 rows of DP table...
2021-12-30 05:42:43,656 - root - DEBUG - Processing 160-th line out of 235 rows of DP table...
2021-12-30 05:42:43,702 - root - DEBUG - Processing 170-th line out of 235 rows of DP table...
2021-12-30 05:42:43,743 - root - DEBUG - Processing 180-th line out of 235 rows of DP table...
2021-12-30 05:42:43,777 - root - DEBUG - Processing 190-th line out of 235 rows of DP table...
2021-12-30 05:42:43,805 - root - DEBUG - Processing 200-th line out of 235 rows of DP table...
2021-12-30 05:42:43,827 - root - DEBUG - Processing 210-th line out of 235 rows of DP table...
2021-12-30 05:42:43,843 - root - DEBUG - Processing 220-th line out of 235 rows of DP table...
2021-12-30 05:42:43,853 - root - DEBUG - Processing 230-th line out of 235 rows of DP table...
2021-12-30 05:42:43,859 - root - DEBUG - Started computing sf for chromosome 'chr4'...
2021-12-30 05:42:43,863 - root - DEBUG - m=139, n=1662
2021-12-30 05:42:43,942 - root - DEBUG - Processing 10-th line out of 139 rows of DP table...
2021-12-30 05:42:44,020 - root - DEBUG - Processing 20-th line out of 139 rows of DP table...
2021-12-30 05:42:44,082 - root - DEBUG - Processing 30-th line out of 139 rows of DP table...
2021-12-30 05:42:44,118 - root - DEBUG - Processing 40-th line out of 139 rows of DP table...
2021-12-30 05:42:44,151 - root - DEBUG - Processing 50-th line out of 139 rows of DP table...
2021-12-30 05:42:44,180 - root - DEBUG - Processing 60-th line out of 139 rows of DP table...
2021-12-30 05:42:44,206 - root - DEBUG - Processing 70-th line out of 139 rows of DP table...
2021-12-30 05:42:44,229 - root - DEBUG - Processing 80-th line out of 139 rows of DP table...
2021-12-30 05:42:44,249 - root - DEBUG - Processing 90-th line out of 139 rows of DP table...
2021-12-30 05:42:44,266 - root - DEBUG - Processing 100-th line out of 139 rows of DP table...
2021-12-30 05:42:44,279 - root - DEBUG - Processing 110-th line out of 139 rows of DP table...
2021-12-30 05:42:44,289 - root - DEBUG - Processing 120-th line out of 139 rows of DP table...
2021-12-30 05:42:44,295 - root - DEBUG - Processing 130-th line out of 139 rows of DP table...
2021-12-30 05:42:44,299 - root - DEBUG - Started computing sf for chromosome 'chr5'...
2021-12-30 05:42:44,302 - root - DEBUG - m=175, n=1386
2021-12-30 05:42:44,357 - root - DEBUG - Processing 10-th line out of 175 rows of DP table...
2021-12-30 05:42:44,411 - root - DEBUG - Processing 20-th line out of 175 rows of DP table...
2021-12-30 05:42:44,462 - root - DEBUG - Processing 30-th line out of 175 rows of DP table...
2021-12-30 05:42:44,511 - root - DEBUG - Processing 40-th line out of 175 rows of DP table...
2021-12-30 05:42:44,555 - root - DEBUG - Processing 50-th line out of 175 rows of DP table...
2021-12-30 05:42:44,597 - root - DEBUG - Processing 60-th line out of 175 rows of DP table...
2021-12-30 05:42:44,635 - root - DEBUG - Processing 70-th line out of 175 rows of DP table...
2021-12-30 05:42:44,670 - root - DEBUG - Processing 80-th line out of 175 rows of DP table...
2021-12-30 05:42:44,702 - root - DEBUG - Processing 90-th line out of 175 rows of DP table...
2021-12-30 05:42:44,731 - root - DEBUG - Processing 100-th line out of 175 rows of DP table...
2021-12-30 05:42:44,757 - root - DEBUG - Processing 110-th line out of 175 rows of DP table...
2021-12-30 05:42:44,779 - root - DEBUG - Processing 120-th line out of 175 rows of DP table...
2021-12-30 05:42:44,798 - root - DEBUG - Processing 130-th line out of 175 rows of DP table...
2021-12-30 05:42:44,814 - root - DEBUG - Processing 140-th line out of 175 rows of DP table...
2021-12-30 05:42:44,826 - root - DEBUG - Processing 150-th line out of 175 rows of DP table...
2021-12-30 05:42:44,835 - root - DEBUG - Processing 160-th line out of 175 rows of DP table...
2021-12-30 05:42:44,841 - root - DEBUG - Processing 170-th line out of 175 rows of DP table...
2021-12-30 05:42:44,845 - root - DEBUG - Started computing sf for chromosome 'chr6'...
2021-12-30 05:42:44,848 - root - DEBUG - m=211, n=1394
2021-12-30 05:42:44,915 - root - DEBUG - Processing 10-th line out of 211 rows of DP table...
2021-12-30 05:42:44,982 - root - DEBUG - Processing 20-th line out of 211 rows of DP table...
2021-12-30 05:42:45,046 - root - DEBUG - Processing 30-th line out of 211 rows of DP table...
2021-12-30 05:42:45,106 - root - DEBUG - Processing 40-th line out of 211 rows of DP table...
2021-12-30 05:42:45,162 - root - DEBUG - Processing 50-th line out of 211 rows of DP table...
2021-12-30 05:42:45,216 - root - DEBUG - Processing 60-th line out of 211 rows of DP table...
2021-12-30 05:42:45,266 - root - DEBUG - Processing 70-th line out of 211 rows of DP table...
2021-12-30 05:42:45,313 - root - DEBUG - Processing 80-th line out of 211 rows of DP table...
2021-12-30 05:42:45,357 - root - DEBUG - Processing 90-th line out of 211 rows of DP table...
2021-12-30 05:42:45,397 - root - DEBUG - Processing 100-th line out of 211 rows of DP table...
2021-12-30 05:42:45,434 - root - DEBUG - Processing 110-th line out of 211 rows of DP table...
2021-12-30 05:42:45,468 - root - DEBUG - Processing 120-th line out of 211 rows of DP table...
2021-12-30 05:42:45,498 - root - DEBUG - Processing 130-th line out of 211 rows of DP table...
2021-12-30 05:42:45,525 - root - DEBUG - Processing 140-th line out of 211 rows of DP table...
2021-12-30 05:42:45,611 - root - DEBUG - Processing 150-th line out of 211 rows of DP table...
2021-12-30 05:42:45,632 - root - DEBUG - Processing 160-th line out of 211 rows of DP table...
2021-12-30 05:42:45,649 - root - DEBUG - Processing 170-th line out of 211 rows of DP table...
2021-12-30 05:42:45,669 - root - DEBUG - Processing 180-th line out of 211 rows of DP table...
2021-12-30 05:42:45,689 - root - DEBUG - Processing 190-th line out of 211 rows of DP table...
2021-12-30 05:42:45,699 - root - DEBUG - Processing 200-th line out of 211 rows of DP table...
2021-12-30 05:42:45,704 - root - DEBUG - Processing 210-th line out of 211 rows of DP table...
2021-12-30 05:42:45,706 - root - DEBUG - Started computing sf for chromosome 'chr7'...
2021-12-30 05:42:45,709 - root - DEBUG - m=167, n=1404
2021-12-30 05:42:45,764 - root - DEBUG - Processing 10-th line out of 167 rows of DP table...
2021-12-30 05:42:45,817 - root - DEBUG - Processing 20-th line out of 167 rows of DP table...
2021-12-30 05:42:45,865 - root - DEBUG - Processing 30-th line out of 167 rows of DP table...
2021-12-30 05:42:45,910 - root - DEBUG - Processing 40-th line out of 167 rows of DP table...
2021-12-30 05:42:45,952 - root - DEBUG - Processing 50-th line out of 167 rows of DP table...
2021-12-30 05:42:45,991 - root - DEBUG - Processing 60-th line out of 167 rows of DP table...
2021-12-30 05:42:46,026 - root - DEBUG - Processing 70-th line out of 167 rows of DP table...
2021-12-30 05:42:46,058 - root - DEBUG - Processing 80-th line out of 167 rows of DP table...
2021-12-30 05:42:46,087 - root - DEBUG - Processing 90-th line out of 167 rows of DP table...
2021-12-30 05:42:46,112 - root - DEBUG - Processing 100-th line out of 167 rows of DP table...
2021-12-30 05:42:46,135 - root - DEBUG - Processing 110-th line out of 167 rows of DP table...
2021-12-30 05:42:46,154 - root - DEBUG - Processing 120-th line out of 167 rows of DP table...
2021-12-30 05:42:46,170 - root - DEBUG - Processing 130-th line out of 167 rows of DP table...
2021-12-30 05:42:46,182 - root - DEBUG - Processing 140-th line out of 167 rows of DP table...
2021-12-30 05:42:46,192 - root - DEBUG - Processing 150-th line out of 167 rows of DP table...
2021-12-30 05:42:46,198 - root - DEBUG - Processing 160-th line out of 167 rows of DP table...
2021-12-30 05:42:46,201 - root - DEBUG - Started computing sf for chromosome 'chr8'...
2021-12-30 05:42:46,204 - root - DEBUG - m=116, n=1251
2021-12-30 05:42:46,240 - root - DEBUG - Processing 10-th line out of 116 rows of DP table...
2021-12-30 05:42:46,276 - root - DEBUG - Processing 20-th line out of 116 rows of DP table...
2021-12-30 05:42:46,308 - root - DEBUG - Processing 30-th line out of 116 rows of DP table...
2021-12-30 05:42:46,336 - root - DEBUG - Processing 40-th line out of 116 rows of DP table...
2021-12-30 05:42:46,362 - root - DEBUG - Processing 50-th line out of 116 rows of DP table...
2021-12-30 05:42:46,384 - root - DEBUG - Processing 60-th line out of 116 rows of DP table...
2021-12-30 05:42:46,403 - root - DEBUG - Processing 70-th line out of 116 rows of DP table...
2021-12-30 05:42:46,419 - root - DEBUG - Processing 80-th line out of 116 rows of DP table...
2021-12-30 05:42:46,431 - root - DEBUG - Processing 90-th line out of 116 rows of DP table...
2021-12-30 05:42:46,439 - root - DEBUG - Processing 100-th line out of 116 rows of DP table...
2021-12-30 05:42:46,445 - root - DEBUG - Processing 110-th line out of 116 rows of DP table...
2021-12-30 05:42:46,448 - root - DEBUG - Started computing sf for chromosome 'chr9'...
2021-12-30 05:42:46,450 - root - DEBUG - m=141, n=931
2021-12-30 05:42:46,495 - root - DEBUG - Processing 10-th line out of 141 rows of DP table...
2021-12-30 05:42:46,539 - root - DEBUG - Processing 20-th line out of 141 rows of DP table...
2021-12-30 05:42:46,579 - root - DEBUG - Processing 30-th line out of 141 rows of DP table...
2021-12-30 05:42:46,616 - root - DEBUG - Processing 40-th line out of 141 rows of DP table...
2021-12-30 05:42:46,714 - root - DEBUG - Processing 50-th line out of 141 rows of DP table...
2021-12-30 05:42:46,772 - root - DEBUG - Processing 60-th line out of 141 rows of DP table...
2021-12-30 05:42:46,825 - root - DEBUG - Processing 70-th line out of 141 rows of DP table...
2021-12-30 05:42:46,872 - root - DEBUG - Processing 80-th line out of 141 rows of DP table...
2021-12-30 05:42:46,912 - root - DEBUG - Processing 90-th line out of 141 rows of DP table...
2021-12-30 05:42:46,945 - root - DEBUG - Processing 100-th line out of 141 rows of DP table...
2021-12-30 05:42:46,972 - root - DEBUG - Processing 110-th line out of 141 rows of DP table...
2021-12-30 05:42:46,992 - root - DEBUG - Processing 120-th line out of 141 rows of DP table...
2021-12-30 05:42:47,006 - root - DEBUG - Processing 130-th line out of 141 rows of DP table...
2021-12-30 05:42:47,013 - root - DEBUG - Processing 140-th line out of 141 rows of DP table...
2021-12-30 05:42:47,016 - root - DEBUG - Started computing sf for chromosome 'chr10'...
2021-12-30 05:42:47,020 - root - DEBUG - m=161, n=1065
2021-12-30 05:42:47,119 - root - DEBUG - Processing 10-th line out of 161 rows of DP table...
2021-12-30 05:42:47,219 - root - DEBUG - Processing 20-th line out of 161 rows of DP table...
2021-12-30 05:42:47,313 - root - DEBUG - Processing 30-th line out of 161 rows of DP table...
2021-12-30 05:42:47,399 - root - DEBUG - Processing 40-th line out of 161 rows of DP table...
2021-12-30 05:42:47,482 - root - DEBUG - Processing 50-th line out of 161 rows of DP table...
2021-12-30 05:42:47,531 - root - DEBUG - Processing 60-th line out of 161 rows of DP table...
2021-12-30 05:42:47,564 - root - DEBUG - Processing 70-th line out of 161 rows of DP table...
2021-12-30 05:42:47,594 - root - DEBUG - Processing 80-th line out of 161 rows of DP table...
2021-12-30 05:42:47,622 - root - DEBUG - Processing 90-th line out of 161 rows of DP table...
2021-12-30 05:42:47,645 - root - DEBUG - Processing 100-th line out of 161 rows of DP table...
2021-12-30 05:42:47,666 - root - DEBUG - Processing 110-th line out of 161 rows of DP table...
2021-12-30 05:42:47,683 - root - DEBUG - Processing 120-th line out of 161 rows of DP table...
2021-12-30 05:42:47,697 - root - DEBUG - Processing 130-th line out of 161 rows of DP table...
2021-12-30 05:42:47,708 - root - DEBUG - Processing 140-th line out of 161 rows of DP table...
2021-12-30 05:42:47,715 - root - DEBUG - Processing 150-th line out of 161 rows of DP table...
2021-12-30 05:42:47,719 - root - DEBUG - Processing 160-th line out of 161 rows of DP table...
2021-12-30 05:42:47,721 - root - DEBUG - Started computing sf for chromosome 'chr11'...
2021-12-30 05:42:47,730 - root - DEBUG - m=230, n=1033
2021-12-30 05:42:47,803 - root - DEBUG - Processing 10-th line out of 230 rows of DP table...
2021-12-30 05:42:47,876 - root - DEBUG - Processing 20-th line out of 230 rows of DP table...
2021-12-30 05:42:47,947 - root - DEBUG - Processing 30-th line out of 230 rows of DP table...
2021-12-30 05:42:48,014 - root - DEBUG - Processing 40-th line out of 230 rows of DP table...
2021-12-30 05:42:48,078 - root - DEBUG - Processing 50-th line out of 230 rows of DP table...
2021-12-30 05:42:48,138 - root - DEBUG - Processing 60-th line out of 230 rows of DP table...
2021-12-30 05:42:48,196 - root - DEBUG - Processing 70-th line out of 230 rows of DP table...
2021-12-30 05:42:48,250 - root - DEBUG - Processing 80-th line out of 230 rows of DP table...
2021-12-30 05:42:48,301 - root - DEBUG - Processing 90-th line out of 230 rows of DP table...
2021-12-30 05:42:48,347 - root - DEBUG - Processing 100-th line out of 230 rows of DP table...
2021-12-30 05:42:48,391 - root - DEBUG - Processing 110-th line out of 230 rows of DP table...
2021-12-30 05:42:48,431 - root - DEBUG - Processing 120-th line out of 230 rows of DP table...
2021-12-30 05:42:48,468 - root - DEBUG - Processing 130-th line out of 230 rows of DP table...
2021-12-30 05:42:48,502 - root - DEBUG - Processing 140-th line out of 230 rows of DP table...
2021-12-30 05:42:48,532 - root - DEBUG - Processing 150-th line out of 230 rows of DP table...
2021-12-30 05:42:48,559 - root - DEBUG - Processing 160-th line out of 230 rows of DP table...
2021-12-30 05:42:48,583 - root - DEBUG - Processing 170-th line out of 230 rows of DP table...
2021-12-30 05:42:48,604 - root - DEBUG - Processing 180-th line out of 230 rows of DP table...
2021-12-30 05:42:48,621 - root - DEBUG - Processing 190-th line out of 230 rows of DP table...
2021-12-30 05:42:48,635 - root - DEBUG - Processing 200-th line out of 230 rows of DP table...
2021-12-30 05:42:48,646 - root - DEBUG - Processing 210-th line out of 230 rows of DP table...
2021-12-30 05:42:48,653 - root - DEBUG - Processing 220-th line out of 230 rows of DP table...
2021-12-30 05:42:48,657 - root - DEBUG - Processing 230-th line out of 230 rows of DP table...
2021-12-30 05:42:48,659 - root - DEBUG - Started computing sf for chromosome 'chr12'...
2021-12-30 05:42:48,662 - root - DEBUG - m=205, n=1106
2021-12-30 05:42:48,726 - root - DEBUG - Processing 10-th line out of 205 rows of DP table...
2021-12-30 05:42:48,790 - root - DEBUG - Processing 20-th line out of 205 rows of DP table...
2021-12-30 05:42:48,851 - root - DEBUG - Processing 30-th line out of 205 rows of DP table...
2021-12-30 05:42:48,910 - root - DEBUG - Processing 40-th line out of 205 rows of DP table...
2021-12-30 05:42:48,964 - root - DEBUG - Processing 50-th line out of 205 rows of DP table...
2021-12-30 05:42:49,016 - root - DEBUG - Processing 60-th line out of 205 rows of DP table...
2021-12-30 05:42:49,064 - root - DEBUG - Processing 70-th line out of 205 rows of DP table...
2021-12-30 05:42:49,109 - root - DEBUG - Processing 80-th line out of 205 rows of DP table...
2021-12-30 05:42:49,152 - root - DEBUG - Processing 90-th line out of 205 rows of DP table...
2021-12-30 05:42:49,196 - root - DEBUG - Processing 100-th line out of 205 rows of DP table...
2021-12-30 05:42:49,231 - root - DEBUG - Processing 110-th line out of 205 rows of DP table...
2021-12-30 05:42:49,262 - root - DEBUG - Processing 120-th line out of 205 rows of DP table...
2021-12-30 05:42:49,291 - root - DEBUG - Processing 130-th line out of 205 rows of DP table...
2021-12-30 05:42:49,316 - root - DEBUG - Processing 140-th line out of 205 rows of DP table...
2021-12-30 05:42:49,337 - root - DEBUG - Processing 150-th line out of 205 rows of DP table...
2021-12-30 05:42:49,356 - root - DEBUG - Processing 160-th line out of 205 rows of DP table...
2021-12-30 05:42:49,371 - root - DEBUG - Processing 170-th line out of 205 rows of DP table...
2021-12-30 05:42:49,383 - root - DEBUG - Processing 180-th line out of 205 rows of DP table...
2021-12-30 05:42:49,392 - root - DEBUG - Processing 190-th line out of 205 rows of DP table...
2021-12-30 05:42:49,399 - root - DEBUG - Processing 200-th line out of 205 rows of DP table...
2021-12-30 05:42:49,402 - root - DEBUG - Started computing sf for chromosome 'chr13'...
2021-12-30 05:42:49,405 - root - DEBUG - m=68, n=819
2021-12-30 05:42:49,427 - root - DEBUG - Processing 10-th line out of 68 rows of DP table...
2021-12-30 05:42:49,447 - root - DEBUG - Processing 20-th line out of 68 rows of DP table...
2021-12-30 05:42:49,518 - root - DEBUG - Processing 30-th line out of 68 rows of DP table...
2021-12-30 05:42:49,530 - root - DEBUG - Processing 40-th line out of 68 rows of DP table...
2021-12-30 05:42:49,540 - root - DEBUG - Processing 50-th line out of 68 rows of DP table...
2021-12-30 05:42:49,547 - root - DEBUG - Processing 60-th line out of 68 rows of DP table...
2021-12-30 05:42:49,550 - root - DEBUG - Started computing sf for chromosome 'chr14'...
2021-12-30 05:42:49,553 - root - DEBUG - m=116, n=641
2021-12-30 05:42:49,591 - root - DEBUG - Processing 10-th line out of 116 rows of DP table...
2021-12-30 05:42:49,626 - root - DEBUG - Processing 20-th line out of 116 rows of DP table...
2021-12-30 05:42:49,659 - root - DEBUG - Processing 30-th line out of 116 rows of DP table...
2021-12-30 05:42:49,688 - root - DEBUG - Processing 40-th line out of 116 rows of DP table...
2021-12-30 05:42:49,714 - root - DEBUG - Processing 50-th line out of 116 rows of DP table...
2021-12-30 05:42:49,737 - root - DEBUG - Processing 60-th line out of 116 rows of DP table...
2021-12-30 05:42:49,756 - root - DEBUG - Processing 70-th line out of 116 rows of DP table...
2021-12-30 05:42:49,772 - root - DEBUG - Processing 80-th line out of 116 rows of DP table...
2021-12-30 05:42:49,784 - root - DEBUG - Processing 90-th line out of 116 rows of DP table...
2021-12-30 05:42:49,792 - root - DEBUG - Processing 100-th line out of 116 rows of DP table...
2021-12-30 05:42:49,798 - root - DEBUG - Processing 110-th line out of 116 rows of DP table...
2021-12-30 05:42:49,800 - root - DEBUG - Started computing sf for chromosome 'chr15'...
2021-12-30 05:42:49,803 - root - DEBUG - m=122, n=584
2021-12-30 05:42:49,841 - root - DEBUG - Processing 10-th line out of 122 rows of DP table...
2021-12-30 05:42:49,878 - root - DEBUG - Processing 20-th line out of 122 rows of DP table...
2021-12-30 05:42:49,912 - root - DEBUG - Processing 30-th line out of 122 rows of DP table...
2021-12-30 05:42:49,942 - root - DEBUG - Processing 40-th line out of 122 rows of DP table...
2021-12-30 05:42:49,969 - root - DEBUG - Processing 50-th line out of 122 rows of DP table...
2021-12-30 05:42:49,993 - root - DEBUG - Processing 60-th line out of 122 rows of DP table...
2021-12-30 05:42:50,013 - root - DEBUG - Processing 70-th line out of 122 rows of DP table...
2021-12-30 05:42:50,031 - root - DEBUG - Processing 80-th line out of 122 rows of DP table...
2021-12-30 05:42:50,044 - root - DEBUG - Processing 90-th line out of 122 rows of DP table...
2021-12-30 05:42:50,055 - root - DEBUG - Processing 100-th line out of 122 rows of DP table...
2021-12-30 05:42:50,063 - root - DEBUG - Processing 110-th line out of 122 rows of DP table...
2021-12-30 05:42:50,067 - root - DEBUG - Processing 120-th line out of 122 rows of DP table...
2021-12-30 05:42:50,069 - root - DEBUG - Started computing sf for chromosome 'chr16'...
2021-12-30 05:42:50,071 - root - DEBUG - m=174, n=851
2021-12-30 05:42:50,126 - root - DEBUG - Processing 10-th line out of 174 rows of DP table...
2021-12-30 05:42:50,180 - root - DEBUG - Processing 20-th line out of 174 rows of DP table...
2021-12-30 05:42:50,232 - root - DEBUG - Processing 30-th line out of 174 rows of DP table...
2021-12-30 05:42:50,280 - root - DEBUG - Processing 40-th line out of 174 rows of DP table...
2021-12-30 05:42:50,324 - root - DEBUG - Processing 50-th line out of 174 rows of DP table...
2021-12-30 05:42:50,366 - root - DEBUG - Processing 60-th line out of 174 rows of DP table...
2021-12-30 05:42:50,404 - root - DEBUG - Processing 70-th line out of 174 rows of DP table...
2021-12-30 05:42:50,440 - root - DEBUG - Processing 80-th line out of 174 rows of DP table...
2021-12-30 05:42:50,472 - root - DEBUG - Processing 90-th line out of 174 rows of DP table...
2021-12-30 05:42:50,501 - root - DEBUG - Processing 100-th line out of 174 rows of DP table...
2021-12-30 05:42:50,526 - root - DEBUG - Processing 110-th line out of 174 rows of DP table...
2021-12-30 05:42:50,547 - root - DEBUG - Processing 120-th line out of 174 rows of DP table...
2021-12-30 05:42:50,566 - root - DEBUG - Processing 130-th line out of 174 rows of DP table...
2021-12-30 05:42:50,581 - root - DEBUG - Processing 140-th line out of 174 rows of DP table...
2021-12-30 05:42:50,593 - root - DEBUG - Processing 150-th line out of 174 rows of DP table...
2021-12-30 05:42:50,602 - root - DEBUG - Processing 160-th line out of 174 rows of DP table...
2021-12-30 05:42:50,607 - root - DEBUG - Processing 170-th line out of 174 rows of DP table...
2021-12-30 05:42:50,610 - root - DEBUG - Started computing sf for chromosome 'chr17'...
2021-12-30 05:42:50,612 - root - DEBUG - m=222, n=824
2021-12-30 05:42:50,681 - root - DEBUG - Processing 10-th line out of 222 rows of DP table...
2021-12-30 05:42:50,751 - root - DEBUG - Processing 20-th line out of 222 rows of DP table...
2021-12-30 05:42:50,823 - root - DEBUG - Processing 30-th line out of 222 rows of DP table...
2021-12-30 05:42:50,886 - root - DEBUG - Processing 40-th line out of 222 rows of DP table...
2021-12-30 05:42:50,946 - root - DEBUG - Processing 50-th line out of 222 rows of DP table...
2021-12-30 05:42:51,003 - root - DEBUG - Processing 60-th line out of 222 rows of DP table...
2021-12-30 05:42:51,056 - root - DEBUG - Processing 70-th line out of 222 rows of DP table...
2021-12-30 05:42:51,106 - root - DEBUG - Processing 80-th line out of 222 rows of DP table...
2021-12-30 05:42:51,153 - root - DEBUG - Processing 90-th line out of 222 rows of DP table...
2021-12-30 05:42:51,197 - root - DEBUG - Processing 100-th line out of 222 rows of DP table...
2021-12-30 05:42:51,237 - root - DEBUG - Processing 110-th line out of 222 rows of DP table...
2021-12-30 05:42:51,274 - root - DEBUG - Processing 120-th line out of 222 rows of DP table...
2021-12-30 05:42:51,308 - root - DEBUG - Processing 130-th line out of 222 rows of DP table...
2021-12-30 05:42:51,339 - root - DEBUG - Processing 140-th line out of 222 rows of DP table...
2021-12-30 05:42:51,366 - root - DEBUG - Processing 150-th line out of 222 rows of DP table...
2021-12-30 05:42:51,390 - root - DEBUG - Processing 160-th line out of 222 rows of DP table...
2021-12-30 05:42:51,411 - root - DEBUG - Processing 170-th line out of 222 rows of DP table...
2021-12-30 05:42:51,429 - root - DEBUG - Processing 180-th line out of 222 rows of DP table...
2021-12-30 05:42:51,443 - root - DEBUG - Processing 190-th line out of 222 rows of DP table...
2021-12-30 05:42:51,454 - root - DEBUG - Processing 200-th line out of 222 rows of DP table...
2021-12-30 05:42:51,462 - root - DEBUG - Processing 210-th line out of 222 rows of DP table...
2021-12-30 05:42:51,466 - root - DEBUG - Processing 220-th line out of 222 rows of DP table...
2021-12-30 05:42:51,468 - root - DEBUG - Started computing sf for chromosome 'chr18'...
2021-12-30 05:42:51,471 - root - DEBUG - m=62, n=621
2021-12-30 05:42:51,490 - root - DEBUG - Processing 10-th line out of 62 rows of DP table...
2021-12-30 05:42:51,507 - root - DEBUG - Processing 20-th line out of 62 rows of DP table...
2021-12-30 05:42:51,521 - root - DEBUG - Processing 30-th line out of 62 rows of DP table...
2021-12-30 05:42:51,531 - root - DEBUG - Processing 40-th line out of 62 rows of DP table...
2021-12-30 05:42:51,538 - root - DEBUG - Processing 50-th line out of 62 rows of DP table...
2021-12-30 05:42:51,542 - root - DEBUG - Processing 60-th line out of 62 rows of DP table...
2021-12-30 05:42:51,544 - root - DEBUG - Started computing sf for chromosome 'chr19'...
2021-12-30 05:42:51,547 - root - DEBUG - m=201, n=780
2021-12-30 05:42:51,610 - root - DEBUG - Processing 10-th line out of 201 rows of DP table...
2021-12-30 05:42:51,674 - root - DEBUG - Processing 20-th line out of 201 rows of DP table...
2021-12-30 05:42:51,734 - root - DEBUG - Processing 30-th line out of 201 rows of DP table...
2021-12-30 05:42:51,791 - root - DEBUG - Processing 40-th line out of 201 rows of DP table...
2021-12-30 05:42:51,844 - root - DEBUG - Processing 50-th line out of 201 rows of DP table...
2021-12-30 05:42:51,895 - root - DEBUG - Processing 60-th line out of 201 rows of DP table...
2021-12-30 05:42:51,941 - root - DEBUG - Processing 70-th line out of 201 rows of DP table...
2021-12-30 05:42:51,985 - root - DEBUG - Processing 80-th line out of 201 rows of DP table...
2021-12-30 05:42:52,025 - root - DEBUG - Processing 90-th line out of 201 rows of DP table...
2021-12-30 05:42:52,063 - root - DEBUG - Processing 100-th line out of 201 rows of DP table...
2021-12-30 05:42:52,097 - root - DEBUG - Processing 110-th line out of 201 rows of DP table...
2021-12-30 05:42:52,128 - root - DEBUG - Processing 120-th line out of 201 rows of DP table...
2021-12-30 05:42:52,155 - root - DEBUG - Processing 130-th line out of 201 rows of DP table...
2021-12-30 05:42:52,179 - root - DEBUG - Processing 140-th line out of 201 rows of DP table...
2021-12-30 05:42:52,199 - root - DEBUG - Processing 150-th line out of 201 rows of DP table...
2021-12-30 05:42:52,216 - root - DEBUG - Processing 160-th line out of 201 rows of DP table...
2021-12-30 05:42:52,230 - root - DEBUG - Processing 170-th line out of 201 rows of DP table...
2021-12-30 05:42:52,241 - root - DEBUG - Processing 180-th line out of 201 rows of DP table...
2021-12-30 05:42:52,248 - root - DEBUG - Processing 190-th line out of 201 rows of DP table...
2021-12-30 05:42:52,252 - root - DEBUG - Processing 200-th line out of 201 rows of DP table...
2021-12-30 05:42:52,254 - root - DEBUG - Started computing sf for chromosome 'chr20'...
2021-12-30 05:42:52,257 - root - DEBUG - m=97, n=590
2021-12-30 05:42:52,287 - root - DEBUG - Processing 10-th line out of 97 rows of DP table...
2021-12-30 05:42:52,316 - root - DEBUG - Processing 20-th line out of 97 rows of DP table...
2021-12-30 05:42:52,342 - root - DEBUG - Processing 30-th line out of 97 rows of DP table...
2021-12-30 05:42:52,364 - root - DEBUG - Processing 40-th line out of 97 rows of DP table...
2021-12-30 05:42:52,382 - root - DEBUG - Processing 50-th line out of 97 rows of DP table...
2021-12-30 05:42:52,398 - root - DEBUG - Processing 60-th line out of 97 rows of DP table...
2021-12-30 05:42:52,410 - root - DEBUG - Processing 70-th line out of 97 rows of DP table...
2021-12-30 05:42:52,419 - root - DEBUG - Processing 80-th line out of 97 rows of DP table...
2021-12-30 05:42:52,425 - root - DEBUG - Processing 90-th line out of 97 rows of DP table...
2021-12-30 05:42:52,428 - root - DEBUG - Started computing sf for chromosome 'chr21'...
2021-12-30 05:42:52,430 - root - DEBUG - m=36, n=373
2021-12-30 05:42:52,441 - root - DEBUG - Processing 10-th line out of 36 rows of DP table...
2021-12-30 05:42:52,449 - root - DEBUG - Processing 20-th line out of 36 rows of DP table...
2021-12-30 05:42:52,454 - root - DEBUG - Processing 30-th line out of 36 rows of DP table...
2021-12-30 05:42:52,456 - root - DEBUG - Started computing sf for chromosome 'chr22'...
2021-12-30 05:42:52,462 - root - DEBUG - m=68, n=458
2021-12-30 05:42:52,484 - root - DEBUG - Processing 10-th line out of 68 rows of DP table...
2021-12-30 05:42:52,503 - root - DEBUG - Processing 20-th line out of 68 rows of DP table...
2021-12-30 05:42:52,519 - root - DEBUG - Processing 30-th line out of 68 rows of DP table...
2021-12-30 05:42:52,532 - root - DEBUG - Processing 40-th line out of 68 rows of DP table...
2021-12-30 05:42:52,542 - root - DEBUG - Processing 50-th line out of 68 rows of DP table...
2021-12-30 05:42:52,548 - root - DEBUG - Processing 60-th line out of 68 rows of DP table...
2021-12-30 05:42:52,551 - root - DEBUG - Started computing sf for chromosome 'chrX'...
2021-12-30 05:42:52,554 - root - DEBUG - m=156, n=812
2021-12-30 05:42:52,603 - root - DEBUG - Processing 10-th line out of 156 rows of DP table...
2021-12-30 05:42:52,651 - root - DEBUG - Processing 20-th line out of 156 rows of DP table...
2021-12-30 05:42:52,696 - root - DEBUG - Processing 30-th line out of 156 rows of DP table...
2021-12-30 05:42:52,738 - root - DEBUG - Processing 40-th line out of 156 rows of DP table...
2021-12-30 05:42:52,777 - root - DEBUG - Processing 50-th line out of 156 rows of DP table...
2021-12-30 05:42:52,812 - root - DEBUG - Processing 60-th line out of 156 rows of DP table...
2021-12-30 05:42:52,843 - root - DEBUG - Processing 70-th line out of 156 rows of DP table...
2021-12-30 05:42:52,872 - root - DEBUG - Processing 80-th line out of 156 rows of DP table...
2021-12-30 05:42:52,897 - root - DEBUG - Processing 90-th line out of 156 rows of DP table...
2021-12-30 05:42:52,919 - root - DEBUG - Processing 100-th line out of 156 rows of DP table...
2021-12-30 05:42:52,937 - root - DEBUG - Processing 110-th line out of 156 rows of DP table...
2021-12-30 05:42:52,953 - root - DEBUG - Processing 120-th line out of 156 rows of DP table...
2021-12-30 05:42:52,965 - root - DEBUG - Processing 130-th line out of 156 rows of DP table...
2021-12-30 05:42:52,974 - root - DEBUG - Processing 140-th line out of 156 rows of DP table...
2021-12-30 05:42:52,979 - root - DEBUG - Processing 150-th line out of 156 rows of DP table...
2021-12-30 05:42:52,982 - root - DEBUG - Started computing sf for chromosome 'chrY'...
2021-12-30 05:42:52,985 - root - DEBUG - m=3, n=21
2021-12-30 05:42:52,986 - root - DEBUG - Started computing joint logprobs...
