2022-01-01 03:22:59,880 - root - INFO - Loading reference interval set from '../resources/zarrei2015-2/intervals/HI2.all.cds.tsv'...
2022-01-01 03:22:59,914 - root - INFO - Loading query interval set from '../resources/zarrei2015-2/cnv_intervals/inclusive.both.tsv'...
2022-01-01 03:22:59,960 - root - INFO - Loading chromosome sizes from '../resources/experiment_original/iSTAT/data/hg19_chrom_sizes.txt'...
2022-01-01 03:23:00,001 - root - INFO - Number of reference intervals: 3742 (13052 before merging)
2022-01-01 03:23:00,002 - root - INFO - Number of query intervals: 24032 (24032 before merging)
2022-01-01 03:23:00,003 - root - INFO - Number of chromosomes: 24
2022-01-01 03:23:00,059 - root - INFO - Overlap count: 1186
2022-01-01 03:23:00,060 - root - DEBUG - Started computing sf for chromosome 'chr1'...
2022-01-01 03:23:00,065 - root - DEBUG - m=396, n=1671
2022-01-01 03:23:00,302 - root - DEBUG - Processing 10-th line out of 396 rows of DP table...
2022-01-01 03:23:00,431 - root - DEBUG - Processing 20-th line out of 396 rows of DP table...
2022-01-01 03:23:00,557 - root - DEBUG - Processing 30-th line out of 396 rows of DP table...
2022-01-01 03:23:00,724 - root - DEBUG - Processing 40-th line out of 396 rows of DP table...
2022-01-01 03:23:00,842 - root - DEBUG - Processing 50-th line out of 396 rows of DP table...
2022-01-01 03:23:00,957 - root - DEBUG - Processing 60-th line out of 396 rows of DP table...
2022-01-01 03:23:01,126 - root - DEBUG - Processing 70-th line out of 396 rows of DP table...
2022-01-01 03:23:01,236 - root - DEBUG - Processing 80-th line out of 396 rows of DP table...
2022-01-01 03:23:01,341 - root - DEBUG - Processing 90-th line out of 396 rows of DP table...
2022-01-01 03:23:01,443 - root - DEBUG - Processing 100-th line out of 396 rows of DP table...
2022-01-01 03:23:01,542 - root - DEBUG - Processing 110-th line out of 396 rows of DP table...
2022-01-01 03:23:01,637 - root - DEBUG - Processing 120-th line out of 396 rows of DP table...
2022-01-01 03:23:01,729 - root - DEBUG - Processing 130-th line out of 396 rows of DP table...
2022-01-01 03:23:01,819 - root - DEBUG - Processing 140-th line out of 396 rows of DP table...
2022-01-01 03:23:01,905 - root - DEBUG - Processing 150-th line out of 396 rows of DP table...
2022-01-01 03:23:01,988 - root - DEBUG - Processing 160-th line out of 396 rows of DP table...
2022-01-01 03:23:02,068 - root - DEBUG - Processing 170-th line out of 396 rows of DP table...
2022-01-01 03:23:02,144 - root - DEBUG - Processing 180-th line out of 396 rows of DP table...
2022-01-01 03:23:02,226 - root - DEBUG - Processing 190-th line out of 396 rows of DP table...
2022-01-01 03:23:02,295 - root - DEBUG - Processing 200-th line out of 396 rows of DP table...
2022-01-01 03:23:02,361 - root - DEBUG - Processing 210-th line out of 396 rows of DP table...
2022-01-01 03:23:02,424 - root - DEBUG - Processing 220-th line out of 396 rows of DP table...
2022-01-01 03:23:02,483 - root - DEBUG - Processing 230-th line out of 396 rows of DP table...
2022-01-01 03:23:02,539 - root - DEBUG - Processing 240-th line out of 396 rows of DP table...
2022-01-01 03:23:03,593 - root - DEBUG - Processing 250-th line out of 396 rows of DP table...
2022-01-01 03:23:03,643 - root - DEBUG - Processing 260-th line out of 396 rows of DP table...
2022-01-01 03:23:03,689 - root - DEBUG - Processing 270-th line out of 396 rows of DP table...
2022-01-01 03:23:03,732 - root - DEBUG - Processing 280-th line out of 396 rows of DP table...
2022-01-01 03:23:03,772 - root - DEBUG - Processing 290-th line out of 396 rows of DP table...
2022-01-01 03:23:03,808 - root - DEBUG - Processing 300-th line out of 396 rows of DP table...
2022-01-01 03:23:03,841 - root - DEBUG - Processing 310-th line out of 396 rows of DP table...
2022-01-01 03:23:03,871 - root - DEBUG - Processing 320-th line out of 396 rows of DP table...
2022-01-01 03:23:03,897 - root - DEBUG - Processing 330-th line out of 396 rows of DP table...
2022-01-01 03:23:03,920 - root - DEBUG - Processing 340-th line out of 396 rows of DP table...
2022-01-01 03:23:03,940 - root - DEBUG - Processing 350-th line out of 396 rows of DP table...
2022-01-01 03:23:03,957 - root - DEBUG - Processing 360-th line out of 396 rows of DP table...
2022-01-01 03:23:03,970 - root - DEBUG - Processing 370-th line out of 396 rows of DP table...
2022-01-01 03:23:04,005 - root - DEBUG - Processing 380-th line out of 396 rows of DP table...
2022-01-01 03:23:04,023 - root - DEBUG - Processing 390-th line out of 396 rows of DP table...
2022-01-01 03:23:04,029 - root - DEBUG - Started computing sf for chromosome 'chr2'...
2022-01-01 03:23:04,038 - root - DEBUG - m=241, n=1945
2022-01-01 03:23:04,114 - root - DEBUG - Processing 10-th line out of 241 rows of DP table...
2022-01-01 03:23:04,192 - root - DEBUG - Processing 20-th line out of 241 rows of DP table...
2022-01-01 03:23:04,266 - root - DEBUG - Processing 30-th line out of 241 rows of DP table...
2022-01-01 03:23:04,336 - root - DEBUG - Processing 40-th line out of 241 rows of DP table...
2022-01-01 03:23:04,402 - root - DEBUG - Processing 50-th line out of 241 rows of DP table...
2022-01-01 03:23:04,466 - root - DEBUG - Processing 60-th line out of 241 rows of DP table...
2022-01-01 03:23:04,525 - root - DEBUG - Processing 70-th line out of 241 rows of DP table...
2022-01-01 03:23:04,582 - root - DEBUG - Processing 80-th line out of 241 rows of DP table...
2022-01-01 03:23:04,635 - root - DEBUG - Processing 90-th line out of 241 rows of DP table...
2022-01-01 03:23:04,701 - root - DEBUG - Processing 100-th line out of 241 rows of DP table...
2022-01-01 03:23:04,748 - root - DEBUG - Processing 110-th line out of 241 rows of DP table...
2022-01-01 03:23:04,792 - root - DEBUG - Processing 120-th line out of 241 rows of DP table...
2022-01-01 03:23:04,834 - root - DEBUG - Processing 130-th line out of 241 rows of DP table...
2022-01-01 03:23:04,871 - root - DEBUG - Processing 140-th line out of 241 rows of DP table...
2022-01-01 03:23:04,906 - root - DEBUG - Processing 150-th line out of 241 rows of DP table...
2022-01-01 03:23:04,937 - root - DEBUG - Processing 160-th line out of 241 rows of DP table...
2022-01-01 03:23:04,965 - root - DEBUG - Processing 170-th line out of 241 rows of DP table...
2022-01-01 03:23:04,989 - root - DEBUG - Processing 180-th line out of 241 rows of DP table...
2022-01-01 03:23:05,011 - root - DEBUG - Processing 190-th line out of 241 rows of DP table...
2022-01-01 03:23:05,028 - root - DEBUG - Processing 200-th line out of 241 rows of DP table...
2022-01-01 03:23:05,042 - root - DEBUG - Processing 210-th line out of 241 rows of DP table...
2022-01-01 03:23:05,053 - root - DEBUG - Processing 220-th line out of 241 rows of DP table...
2022-01-01 03:23:05,061 - root - DEBUG - Processing 230-th line out of 241 rows of DP table...
2022-01-01 03:23:05,066 - root - DEBUG - Processing 240-th line out of 241 rows of DP table...
2022-01-01 03:23:05,069 - root - DEBUG - Started computing sf for chromosome 'chr3'...
2022-01-01 03:23:05,071 - root - DEBUG - m=235, n=1379
2022-01-01 03:23:05,145 - root - DEBUG - Processing 10-th line out of 235 rows of DP table...
2022-01-01 03:23:05,219 - root - DEBUG - Processing 20-th line out of 235 rows of DP table...
2022-01-01 03:23:05,291 - root - DEBUG - Processing 30-th line out of 235 rows of DP table...
2022-01-01 03:23:05,395 - root - DEBUG - Processing 40-th line out of 235 rows of DP table...
2022-01-01 03:23:05,486 - root - DEBUG - Processing 50-th line out of 235 rows of DP table...
2022-01-01 03:23:05,548 - root - DEBUG - Processing 60-th line out of 235 rows of DP table...
2022-01-01 03:23:05,607 - root - DEBUG - Processing 70-th line out of 235 rows of DP table...
2022-01-01 03:23:05,662 - root - DEBUG - Processing 80-th line out of 235 rows of DP table...
2022-01-01 03:23:05,721 - root - DEBUG - Processing 90-th line out of 235 rows of DP table...
2022-01-01 03:23:05,769 - root - DEBUG - Processing 100-th line out of 235 rows of DP table...
2022-01-01 03:23:05,815 - root - DEBUG - Processing 110-th line out of 235 rows of DP table...
2022-01-01 03:23:05,857 - root - DEBUG - Processing 120-th line out of 235 rows of DP table...
2022-01-01 03:23:05,895 - root - DEBUG - Processing 130-th line out of 235 rows of DP table...
2022-01-01 03:23:05,930 - root - DEBUG - Processing 140-th line out of 235 rows of DP table...
2022-01-01 03:23:05,970 - root - DEBUG - Processing 150-th line out of 235 rows of DP table...
2022-01-01 03:23:05,999 - root - DEBUG - Processing 160-th line out of 235 rows of DP table...
2022-01-01 03:23:06,025 - root - DEBUG - Processing 170-th line out of 235 rows of DP table...
2022-01-01 03:23:06,048 - root - DEBUG - Processing 180-th line out of 235 rows of DP table...
2022-01-01 03:23:06,067 - root - DEBUG - Processing 190-th line out of 235 rows of DP table...
2022-01-01 03:23:06,083 - root - DEBUG - Processing 200-th line out of 235 rows of DP table...
2022-01-01 03:23:06,126 - root - DEBUG - Processing 210-th line out of 235 rows of DP table...
2022-01-01 03:23:06,135 - root - DEBUG - Processing 220-th line out of 235 rows of DP table...
2022-01-01 03:23:06,141 - root - DEBUG - Processing 230-th line out of 235 rows of DP table...
2022-01-01 03:23:06,145 - root - DEBUG - Started computing sf for chromosome 'chr4'...
2022-01-01 03:23:06,148 - root - DEBUG - m=139, n=1711
2022-01-01 03:23:06,192 - root - DEBUG - Processing 10-th line out of 139 rows of DP table...
2022-01-01 03:23:06,235 - root - DEBUG - Processing 20-th line out of 139 rows of DP table...
2022-01-01 03:23:06,275 - root - DEBUG - Processing 30-th line out of 139 rows of DP table...
2022-01-01 03:23:06,311 - root - DEBUG - Processing 40-th line out of 139 rows of DP table...
2022-01-01 03:23:06,344 - root - DEBUG - Processing 50-th line out of 139 rows of DP table...
2022-01-01 03:23:06,374 - root - DEBUG - Processing 60-th line out of 139 rows of DP table...
2022-01-01 03:23:06,401 - root - DEBUG - Processing 70-th line out of 139 rows of DP table...
2022-01-01 03:23:06,424 - root - DEBUG - Processing 80-th line out of 139 rows of DP table...
2022-01-01 03:23:06,445 - root - DEBUG - Processing 90-th line out of 139 rows of DP table...
2022-01-01 03:23:06,461 - root - DEBUG - Processing 100-th line out of 139 rows of DP table...
2022-01-01 03:23:06,475 - root - DEBUG - Processing 110-th line out of 139 rows of DP table...
2022-01-01 03:23:06,486 - root - DEBUG - Processing 120-th line out of 139 rows of DP table...
2022-01-01 03:23:06,493 - root - DEBUG - Processing 130-th line out of 139 rows of DP table...
2022-01-01 03:23:06,497 - root - DEBUG - Started computing sf for chromosome 'chr5'...
2022-01-01 03:23:06,503 - root - DEBUG - m=175, n=1400
2022-01-01 03:23:06,559 - root - DEBUG - Processing 10-th line out of 175 rows of DP table...
2022-01-01 03:23:06,615 - root - DEBUG - Processing 20-th line out of 175 rows of DP table...
2022-01-01 03:23:06,667 - root - DEBUG - Processing 30-th line out of 175 rows of DP table...
2022-01-01 03:23:06,715 - root - DEBUG - Processing 40-th line out of 175 rows of DP table...
2022-01-01 03:23:06,760 - root - DEBUG - Processing 50-th line out of 175 rows of DP table...
2022-01-01 03:23:06,802 - root - DEBUG - Processing 60-th line out of 175 rows of DP table...
2022-01-01 03:23:06,840 - root - DEBUG - Processing 70-th line out of 175 rows of DP table...
2022-01-01 03:23:06,875 - root - DEBUG - Processing 80-th line out of 175 rows of DP table...
2022-01-01 03:23:06,907 - root - DEBUG - Processing 90-th line out of 175 rows of DP table...
2022-01-01 03:23:06,936 - root - DEBUG - Processing 100-th line out of 175 rows of DP table...
2022-01-01 03:23:06,961 - root - DEBUG - Processing 110-th line out of 175 rows of DP table...
2022-01-01 03:23:07,001 - root - DEBUG - Processing 120-th line out of 175 rows of DP table...
2022-01-01 03:23:07,028 - root - DEBUG - Processing 130-th line out of 175 rows of DP table...
2022-01-01 03:23:07,044 - root - DEBUG - Processing 140-th line out of 175 rows of DP table...
2022-01-01 03:23:07,057 - root - DEBUG - Processing 150-th line out of 175 rows of DP table...
2022-01-01 03:23:07,066 - root - DEBUG - Processing 160-th line out of 175 rows of DP table...
2022-01-01 03:23:07,072 - root - DEBUG - Processing 170-th line out of 175 rows of DP table...
2022-01-01 03:23:07,075 - root - DEBUG - Started computing sf for chromosome 'chr6'...
2022-01-01 03:23:07,079 - root - DEBUG - m=211, n=1429
2022-01-01 03:23:07,145 - root - DEBUG - Processing 10-th line out of 211 rows of DP table...
2022-01-01 03:23:07,212 - root - DEBUG - Processing 20-th line out of 211 rows of DP table...
2022-01-01 03:23:07,327 - root - DEBUG - Processing 30-th line out of 211 rows of DP table...
2022-01-01 03:23:07,387 - root - DEBUG - Processing 40-th line out of 211 rows of DP table...
2022-01-01 03:23:07,443 - root - DEBUG - Processing 50-th line out of 211 rows of DP table...
2022-01-01 03:23:07,497 - root - DEBUG - Processing 60-th line out of 211 rows of DP table...
2022-01-01 03:23:07,547 - root - DEBUG - Processing 70-th line out of 211 rows of DP table...
2022-01-01 03:23:07,593 - root - DEBUG - Processing 80-th line out of 211 rows of DP table...
2022-01-01 03:23:07,636 - root - DEBUG - Processing 90-th line out of 211 rows of DP table...
2022-01-01 03:23:07,676 - root - DEBUG - Processing 100-th line out of 211 rows of DP table...
2022-01-01 03:23:07,713 - root - DEBUG - Processing 110-th line out of 211 rows of DP table...
2022-01-01 03:23:07,747 - root - DEBUG - Processing 120-th line out of 211 rows of DP table...
2022-01-01 03:23:07,777 - root - DEBUG - Processing 130-th line out of 211 rows of DP table...
2022-01-01 03:23:07,804 - root - DEBUG - Processing 140-th line out of 211 rows of DP table...
2022-01-01 03:23:07,828 - root - DEBUG - Processing 150-th line out of 211 rows of DP table...
2022-01-01 03:23:07,850 - root - DEBUG - Processing 160-th line out of 211 rows of DP table...
2022-01-01 03:23:07,867 - root - DEBUG - Processing 170-th line out of 211 rows of DP table...
2022-01-01 03:23:07,882 - root - DEBUG - Processing 180-th line out of 211 rows of DP table...
2022-01-01 03:23:07,893 - root - DEBUG - Processing 190-th line out of 211 rows of DP table...
2022-01-01 03:23:07,901 - root - DEBUG - Processing 200-th line out of 211 rows of DP table...
2022-01-01 03:23:07,905 - root - DEBUG - Processing 210-th line out of 211 rows of DP table...
2022-01-01 03:23:07,908 - root - DEBUG - Started computing sf for chromosome 'chr7'...
2022-01-01 03:23:07,911 - root - DEBUG - m=167, n=1434
2022-01-01 03:23:07,963 - root - DEBUG - Processing 10-th line out of 167 rows of DP table...
2022-01-01 03:23:08,016 - root - DEBUG - Processing 20-th line out of 167 rows of DP table...
2022-01-01 03:23:08,064 - root - DEBUG - Processing 30-th line out of 167 rows of DP table...
2022-01-01 03:23:08,109 - root - DEBUG - Processing 40-th line out of 167 rows of DP table...
2022-01-01 03:23:08,151 - root - DEBUG - Processing 50-th line out of 167 rows of DP table...
2022-01-01 03:23:08,190 - root - DEBUG - Processing 60-th line out of 167 rows of DP table...
2022-01-01 03:23:08,225 - root - DEBUG - Processing 70-th line out of 167 rows of DP table...
2022-01-01 03:23:08,257 - root - DEBUG - Processing 80-th line out of 167 rows of DP table...
2022-01-01 03:23:08,287 - root - DEBUG - Processing 90-th line out of 167 rows of DP table...
2022-01-01 03:23:08,314 - root - DEBUG - Processing 100-th line out of 167 rows of DP table...
2022-01-01 03:23:08,336 - root - DEBUG - Processing 110-th line out of 167 rows of DP table...
2022-01-01 03:23:08,367 - root - DEBUG - Processing 120-th line out of 167 rows of DP table...
2022-01-01 03:23:08,392 - root - DEBUG - Processing 130-th line out of 167 rows of DP table...
2022-01-01 03:23:08,417 - root - DEBUG - Processing 140-th line out of 167 rows of DP table...
2022-01-01 03:23:08,427 - root - DEBUG - Processing 150-th line out of 167 rows of DP table...
2022-01-01 03:23:08,433 - root - DEBUG - Processing 160-th line out of 167 rows of DP table...
2022-01-01 03:23:08,437 - root - DEBUG - Started computing sf for chromosome 'chr8'...
2022-01-01 03:23:08,440 - root - DEBUG - m=116, n=1230
2022-01-01 03:23:08,477 - root - DEBUG - Processing 10-th line out of 116 rows of DP table...
2022-01-01 03:23:08,516 - root - DEBUG - Processing 20-th line out of 116 rows of DP table...
2022-01-01 03:23:08,549 - root - DEBUG - Processing 30-th line out of 116 rows of DP table...
2022-01-01 03:23:08,577 - root - DEBUG - Processing 40-th line out of 116 rows of DP table...
2022-01-01 03:23:08,602 - root - DEBUG - Processing 50-th line out of 116 rows of DP table...
2022-01-01 03:23:08,624 - root - DEBUG - Processing 60-th line out of 116 rows of DP table...
2022-01-01 03:23:08,643 - root - DEBUG - Processing 70-th line out of 116 rows of DP table...
2022-01-01 03:23:08,658 - root - DEBUG - Processing 80-th line out of 116 rows of DP table...
2022-01-01 03:23:08,670 - root - DEBUG - Processing 90-th line out of 116 rows of DP table...
2022-01-01 03:23:08,679 - root - DEBUG - Processing 100-th line out of 116 rows of DP table...
2022-01-01 03:23:08,685 - root - DEBUG - Processing 110-th line out of 116 rows of DP table...
2022-01-01 03:23:08,688 - root - DEBUG - Started computing sf for chromosome 'chr9'...
2022-01-01 03:23:08,690 - root - DEBUG - m=141, n=980
2022-01-01 03:23:08,735 - root - DEBUG - Processing 10-th line out of 141 rows of DP table...
2022-01-01 03:23:08,778 - root - DEBUG - Processing 20-th line out of 141 rows of DP table...
2022-01-01 03:23:08,819 - root - DEBUG - Processing 30-th line out of 141 rows of DP table...
2022-01-01 03:23:08,856 - root - DEBUG - Processing 40-th line out of 141 rows of DP table...
2022-01-01 03:23:08,890 - root - DEBUG - Processing 50-th line out of 141 rows of DP table...
2022-01-01 03:23:08,920 - root - DEBUG - Processing 60-th line out of 141 rows of DP table...
2022-01-01 03:23:08,948 - root - DEBUG - Processing 70-th line out of 141 rows of DP table...
2022-01-01 03:23:08,972 - root - DEBUG - Processing 80-th line out of 141 rows of DP table...
2022-01-01 03:23:08,993 - root - DEBUG - Processing 90-th line out of 141 rows of DP table...
2022-01-01 03:23:09,010 - root - DEBUG - Processing 100-th line out of 141 rows of DP table...
2022-01-01 03:23:09,024 - root - DEBUG - Processing 110-th line out of 141 rows of DP table...
2022-01-01 03:23:09,058 - root - DEBUG - Processing 120-th line out of 141 rows of DP table...
2022-01-01 03:23:09,065 - root - DEBUG - Processing 130-th line out of 141 rows of DP table...
2022-01-01 03:23:09,069 - root - DEBUG - Processing 140-th line out of 141 rows of DP table...
2022-01-01 03:23:09,071 - root - DEBUG - Started computing sf for chromosome 'chr10'...
2022-01-01 03:23:09,074 - root - DEBUG - m=161, n=1090
2022-01-01 03:23:09,124 - root - DEBUG - Processing 10-th line out of 161 rows of DP table...
2022-01-01 03:23:09,174 - root - DEBUG - Processing 20-th line out of 161 rows of DP table...
2022-01-01 03:23:09,220 - root - DEBUG - Processing 30-th line out of 161 rows of DP table...
2022-01-01 03:23:09,264 - root - DEBUG - Processing 40-th line out of 161 rows of DP table...
2022-01-01 03:23:09,304 - root - DEBUG - Processing 50-th line out of 161 rows of DP table...
2022-01-01 03:23:09,341 - root - DEBUG - Processing 60-th line out of 161 rows of DP table...
2022-01-01 03:23:09,375 - root - DEBUG - Processing 70-th line out of 161 rows of DP table...
2022-01-01 03:23:09,406 - root - DEBUG - Processing 80-th line out of 161 rows of DP table...
2022-01-01 03:23:09,433 - root - DEBUG - Processing 90-th line out of 161 rows of DP table...
2022-01-01 03:23:09,458 - root - DEBUG - Processing 100-th line out of 161 rows of DP table...
2022-01-01 03:23:09,478 - root - DEBUG - Processing 110-th line out of 161 rows of DP table...
2022-01-01 03:23:09,496 - root - DEBUG - Processing 120-th line out of 161 rows of DP table...
2022-01-01 03:23:09,510 - root - DEBUG - Processing 130-th line out of 161 rows of DP table...
2022-01-01 03:23:09,521 - root - DEBUG - Processing 140-th line out of 161 rows of DP table...
2022-01-01 03:23:09,529 - root - DEBUG - Processing 150-th line out of 161 rows of DP table...
2022-01-01 03:23:09,533 - root - DEBUG - Processing 160-th line out of 161 rows of DP table...
2022-01-01 03:23:09,536 - root - DEBUG - Started computing sf for chromosome 'chr11'...
2022-01-01 03:23:09,556 - root - DEBUG - m=230, n=1073
2022-01-01 03:23:09,630 - root - DEBUG - Processing 10-th line out of 230 rows of DP table...
2022-01-01 03:23:09,703 - root - DEBUG - Processing 20-th line out of 230 rows of DP table...
2022-01-01 03:23:09,773 - root - DEBUG - Processing 30-th line out of 230 rows of DP table...
2022-01-01 03:23:09,839 - root - DEBUG - Processing 40-th line out of 230 rows of DP table...
2022-01-01 03:23:09,902 - root - DEBUG - Processing 50-th line out of 230 rows of DP table...
2022-01-01 03:23:09,962 - root - DEBUG - Processing 60-th line out of 230 rows of DP table...
2022-01-01 03:23:10,024 - root - DEBUG - Processing 70-th line out of 230 rows of DP table...
2022-01-01 03:23:10,078 - root - DEBUG - Processing 80-th line out of 230 rows of DP table...
2022-01-01 03:23:10,128 - root - DEBUG - Processing 90-th line out of 230 rows of DP table...
2022-01-01 03:23:10,176 - root - DEBUG - Processing 100-th line out of 230 rows of DP table...
2022-01-01 03:23:10,219 - root - DEBUG - Processing 110-th line out of 230 rows of DP table...
2022-01-01 03:23:10,260 - root - DEBUG - Processing 120-th line out of 230 rows of DP table...
2022-01-01 03:23:10,297 - root - DEBUG - Processing 130-th line out of 230 rows of DP table...
2022-01-01 03:23:10,330 - root - DEBUG - Processing 140-th line out of 230 rows of DP table...
2022-01-01 03:23:10,360 - root - DEBUG - Processing 150-th line out of 230 rows of DP table...
2022-01-01 03:23:10,387 - root - DEBUG - Processing 160-th line out of 230 rows of DP table...
2022-01-01 03:23:10,411 - root - DEBUG - Processing 170-th line out of 230 rows of DP table...
2022-01-01 03:23:10,431 - root - DEBUG - Processing 180-th line out of 230 rows of DP table...
2022-01-01 03:23:10,448 - root - DEBUG - Processing 190-th line out of 230 rows of DP table...
2022-01-01 03:23:10,463 - root - DEBUG - Processing 200-th line out of 230 rows of DP table...
2022-01-01 03:23:10,473 - root - DEBUG - Processing 210-th line out of 230 rows of DP table...
2022-01-01 03:23:10,481 - root - DEBUG - Processing 220-th line out of 230 rows of DP table...
2022-01-01 03:23:10,485 - root - DEBUG - Processing 230-th line out of 230 rows of DP table...
2022-01-01 03:23:10,487 - root - DEBUG - Started computing sf for chromosome 'chr12'...
2022-01-01 03:23:10,489 - root - DEBUG - m=205, n=1140
2022-01-01 03:23:10,584 - root - DEBUG - Processing 10-th line out of 205 rows of DP table...
2022-01-01 03:23:10,657 - root - DEBUG - Processing 20-th line out of 205 rows of DP table...
2022-01-01 03:23:10,719 - root - DEBUG - Processing 30-th line out of 205 rows of DP table...
2022-01-01 03:23:10,778 - root - DEBUG - Processing 40-th line out of 205 rows of DP table...
2022-01-01 03:23:10,843 - root - DEBUG - Processing 50-th line out of 205 rows of DP table...
2022-01-01 03:23:10,903 - root - DEBUG - Processing 60-th line out of 205 rows of DP table...
2022-01-01 03:23:10,954 - root - DEBUG - Processing 70-th line out of 205 rows of DP table...
2022-01-01 03:23:10,999 - root - DEBUG - Processing 80-th line out of 205 rows of DP table...
2022-01-01 03:23:11,040 - root - DEBUG - Processing 90-th line out of 205 rows of DP table...
2022-01-01 03:23:11,079 - root - DEBUG - Processing 100-th line out of 205 rows of DP table...
2022-01-01 03:23:11,113 - root - DEBUG - Processing 110-th line out of 205 rows of DP table...
2022-01-01 03:23:11,145 - root - DEBUG - Processing 120-th line out of 205 rows of DP table...
2022-01-01 03:23:11,173 - root - DEBUG - Processing 130-th line out of 205 rows of DP table...
2022-01-01 03:23:11,199 - root - DEBUG - Processing 140-th line out of 205 rows of DP table...
2022-01-01 03:23:11,220 - root - DEBUG - Processing 150-th line out of 205 rows of DP table...
2022-01-01 03:23:11,239 - root - DEBUG - Processing 160-th line out of 205 rows of DP table...
2022-01-01 03:23:11,254 - root - DEBUG - Processing 170-th line out of 205 rows of DP table...
2022-01-01 03:23:11,276 - root - DEBUG - Processing 180-th line out of 205 rows of DP table...
2022-01-01 03:23:11,285 - root - DEBUG - Processing 190-th line out of 205 rows of DP table...
2022-01-01 03:23:11,309 - root - DEBUG - Processing 200-th line out of 205 rows of DP table...
2022-01-01 03:23:11,313 - root - DEBUG - Started computing sf for chromosome 'chr13'...
2022-01-01 03:23:11,316 - root - DEBUG - m=68, n=862
2022-01-01 03:23:11,337 - root - DEBUG - Processing 10-th line out of 68 rows of DP table...
2022-01-01 03:23:11,357 - root - DEBUG - Processing 20-th line out of 68 rows of DP table...
2022-01-01 03:23:11,373 - root - DEBUG - Processing 30-th line out of 68 rows of DP table...
2022-01-01 03:23:11,386 - root - DEBUG - Processing 40-th line out of 68 rows of DP table...
2022-01-01 03:23:11,422 - root - DEBUG - Processing 50-th line out of 68 rows of DP table...
2022-01-01 03:23:11,464 - root - DEBUG - Processing 60-th line out of 68 rows of DP table...
2022-01-01 03:23:11,468 - root - DEBUG - Started computing sf for chromosome 'chr14'...
2022-01-01 03:23:11,471 - root - DEBUG - m=116, n=669
2022-01-01 03:23:11,509 - root - DEBUG - Processing 10-th line out of 116 rows of DP table...
2022-01-01 03:23:11,544 - root - DEBUG - Processing 20-th line out of 116 rows of DP table...
2022-01-01 03:23:11,575 - root - DEBUG - Processing 30-th line out of 116 rows of DP table...
2022-01-01 03:23:11,604 - root - DEBUG - Processing 40-th line out of 116 rows of DP table...
2022-01-01 03:23:11,629 - root - DEBUG - Processing 50-th line out of 116 rows of DP table...
2022-01-01 03:23:11,651 - root - DEBUG - Processing 60-th line out of 116 rows of DP table...
2022-01-01 03:23:11,669 - root - DEBUG - Processing 70-th line out of 116 rows of DP table...
2022-01-01 03:23:11,687 - root - DEBUG - Processing 80-th line out of 116 rows of DP table...
2022-01-01 03:23:11,699 - root - DEBUG - Processing 90-th line out of 116 rows of DP table...
2022-01-01 03:23:11,727 - root - DEBUG - Processing 100-th line out of 116 rows of DP table...
2022-01-01 03:23:11,734 - root - DEBUG - Processing 110-th line out of 116 rows of DP table...
2022-01-01 03:23:11,737 - root - DEBUG - Started computing sf for chromosome 'chr15'...
2022-01-01 03:23:11,740 - root - DEBUG - m=122, n=597
2022-01-01 03:23:11,779 - root - DEBUG - Processing 10-th line out of 122 rows of DP table...
2022-01-01 03:23:11,816 - root - DEBUG - Processing 20-th line out of 122 rows of DP table...
2022-01-01 03:23:11,850 - root - DEBUG - Processing 30-th line out of 122 rows of DP table...
2022-01-01 03:23:11,881 - root - DEBUG - Processing 40-th line out of 122 rows of DP table...
2022-01-01 03:23:11,909 - root - DEBUG - Processing 50-th line out of 122 rows of DP table...
2022-01-01 03:23:11,934 - root - DEBUG - Processing 60-th line out of 122 rows of DP table...
2022-01-01 03:23:11,955 - root - DEBUG - Processing 70-th line out of 122 rows of DP table...
2022-01-01 03:23:11,974 - root - DEBUG - Processing 80-th line out of 122 rows of DP table...
2022-01-01 03:23:11,989 - root - DEBUG - Processing 90-th line out of 122 rows of DP table...
2022-01-01 03:23:12,000 - root - DEBUG - Processing 100-th line out of 122 rows of DP table...
2022-01-01 03:23:12,008 - root - DEBUG - Processing 110-th line out of 122 rows of DP table...
2022-01-01 03:23:12,012 - root - DEBUG - Processing 120-th line out of 122 rows of DP table...
2022-01-01 03:23:12,014 - root - DEBUG - Started computing sf for chromosome 'chr16'...
2022-01-01 03:23:12,017 - root - DEBUG - m=174, n=873
2022-01-01 03:23:12,071 - root - DEBUG - Processing 10-th line out of 174 rows of DP table...
2022-01-01 03:23:12,125 - root - DEBUG - Processing 20-th line out of 174 rows of DP table...
2022-01-01 03:23:12,176 - root - DEBUG - Processing 30-th line out of 174 rows of DP table...
2022-01-01 03:23:12,224 - root - DEBUG - Processing 40-th line out of 174 rows of DP table...
2022-01-01 03:23:12,268 - root - DEBUG - Processing 50-th line out of 174 rows of DP table...
2022-01-01 03:23:12,310 - root - DEBUG - Processing 60-th line out of 174 rows of DP table...
2022-01-01 03:23:12,348 - root - DEBUG - Processing 70-th line out of 174 rows of DP table...
2022-01-01 03:23:12,386 - root - DEBUG - Processing 80-th line out of 174 rows of DP table...
2022-01-01 03:23:12,417 - root - DEBUG - Processing 90-th line out of 174 rows of DP table...
2022-01-01 03:23:12,446 - root - DEBUG - Processing 100-th line out of 174 rows of DP table...
2022-01-01 03:23:12,476 - root - DEBUG - Processing 110-th line out of 174 rows of DP table...
2022-01-01 03:23:12,497 - root - DEBUG - Processing 120-th line out of 174 rows of DP table...
2022-01-01 03:23:12,515 - root - DEBUG - Processing 130-th line out of 174 rows of DP table...
2022-01-01 03:23:12,530 - root - DEBUG - Processing 140-th line out of 174 rows of DP table...
2022-01-01 03:23:12,542 - root - DEBUG - Processing 150-th line out of 174 rows of DP table...
2022-01-01 03:23:12,550 - root - DEBUG - Processing 160-th line out of 174 rows of DP table...
2022-01-01 03:23:12,555 - root - DEBUG - Processing 170-th line out of 174 rows of DP table...
2022-01-01 03:23:12,557 - root - DEBUG - Started computing sf for chromosome 'chr17'...
2022-01-01 03:23:12,560 - root - DEBUG - m=222, n=848
2022-01-01 03:23:12,629 - root - DEBUG - Processing 10-th line out of 222 rows of DP table...
2022-01-01 03:23:12,719 - root - DEBUG - Processing 20-th line out of 222 rows of DP table...
2022-01-01 03:23:12,786 - root - DEBUG - Processing 30-th line out of 222 rows of DP table...
2022-01-01 03:23:12,850 - root - DEBUG - Processing 40-th line out of 222 rows of DP table...
2022-01-01 03:23:12,913 - root - DEBUG - Processing 50-th line out of 222 rows of DP table...
2022-01-01 03:23:12,970 - root - DEBUG - Processing 60-th line out of 222 rows of DP table...
2022-01-01 03:23:13,024 - root - DEBUG - Processing 70-th line out of 222 rows of DP table...
2022-01-01 03:23:13,075 - root - DEBUG - Processing 80-th line out of 222 rows of DP table...
2022-01-01 03:23:13,122 - root - DEBUG - Processing 90-th line out of 222 rows of DP table...
2022-01-01 03:23:13,166 - root - DEBUG - Processing 100-th line out of 222 rows of DP table...
2022-01-01 03:23:13,207 - root - DEBUG - Processing 110-th line out of 222 rows of DP table...
2022-01-01 03:23:13,244 - root - DEBUG - Processing 120-th line out of 222 rows of DP table...
2022-01-01 03:23:13,280 - root - DEBUG - Processing 130-th line out of 222 rows of DP table...
2022-01-01 03:23:13,311 - root - DEBUG - Processing 140-th line out of 222 rows of DP table...
2022-01-01 03:23:13,338 - root - DEBUG - Processing 150-th line out of 222 rows of DP table...
2022-01-01 03:23:13,363 - root - DEBUG - Processing 160-th line out of 222 rows of DP table...
2022-01-01 03:23:13,401 - root - DEBUG - Processing 170-th line out of 222 rows of DP table...
2022-01-01 03:23:13,419 - root - DEBUG - Processing 180-th line out of 222 rows of DP table...
2022-01-01 03:23:13,434 - root - DEBUG - Processing 190-th line out of 222 rows of DP table...
2022-01-01 03:23:13,446 - root - DEBUG - Processing 200-th line out of 222 rows of DP table...
2022-01-01 03:23:13,455 - root - DEBUG - Processing 210-th line out of 222 rows of DP table...
2022-01-01 03:23:13,460 - root - DEBUG - Processing 220-th line out of 222 rows of DP table...
2022-01-01 03:23:13,462 - root - DEBUG - Started computing sf for chromosome 'chr18'...
2022-01-01 03:23:13,465 - root - DEBUG - m=62, n=636
2022-01-01 03:23:13,485 - root - DEBUG - Processing 10-th line out of 62 rows of DP table...
2022-01-01 03:23:13,503 - root - DEBUG - Processing 20-th line out of 62 rows of DP table...
2022-01-01 03:23:13,518 - root - DEBUG - Processing 30-th line out of 62 rows of DP table...
2022-01-01 03:23:13,528 - root - DEBUG - Processing 40-th line out of 62 rows of DP table...
2022-01-01 03:23:13,537 - root - DEBUG - Processing 50-th line out of 62 rows of DP table...
2022-01-01 03:23:13,540 - root - DEBUG - Processing 60-th line out of 62 rows of DP table...
2022-01-01 03:23:13,542 - root - DEBUG - Started computing sf for chromosome 'chr19'...
2022-01-01 03:23:13,544 - root - DEBUG - m=201, n=806
2022-01-01 03:23:13,607 - root - DEBUG - Processing 10-th line out of 201 rows of DP table...
2022-01-01 03:23:13,676 - root - DEBUG - Processing 20-th line out of 201 rows of DP table...
2022-01-01 03:23:13,735 - root - DEBUG - Processing 30-th line out of 201 rows of DP table...
2022-01-01 03:23:13,793 - root - DEBUG - Processing 40-th line out of 201 rows of DP table...
2022-01-01 03:23:13,846 - root - DEBUG - Processing 50-th line out of 201 rows of DP table...
2022-01-01 03:23:13,897 - root - DEBUG - Processing 60-th line out of 201 rows of DP table...
2022-01-01 03:23:13,945 - root - DEBUG - Processing 70-th line out of 201 rows of DP table...
2022-01-01 03:23:14,020 - root - DEBUG - Processing 80-th line out of 201 rows of DP table...
2022-01-01 03:23:14,060 - root - DEBUG - Processing 90-th line out of 201 rows of DP table...
2022-01-01 03:23:14,097 - root - DEBUG - Processing 100-th line out of 201 rows of DP table...
2022-01-01 03:23:14,131 - root - DEBUG - Processing 110-th line out of 201 rows of DP table...
2022-01-01 03:23:14,167 - root - DEBUG - Processing 120-th line out of 201 rows of DP table...
2022-01-01 03:23:14,194 - root - DEBUG - Processing 130-th line out of 201 rows of DP table...
2022-01-01 03:23:14,218 - root - DEBUG - Processing 140-th line out of 201 rows of DP table...
2022-01-01 03:23:14,238 - root - DEBUG - Processing 150-th line out of 201 rows of DP table...
2022-01-01 03:23:14,256 - root - DEBUG - Processing 160-th line out of 201 rows of DP table...
2022-01-01 03:23:14,270 - root - DEBUG - Processing 170-th line out of 201 rows of DP table...
2022-01-01 03:23:14,280 - root - DEBUG - Processing 180-th line out of 201 rows of DP table...
2022-01-01 03:23:14,289 - root - DEBUG - Processing 190-th line out of 201 rows of DP table...
2022-01-01 03:23:14,294 - root - DEBUG - Processing 200-th line out of 201 rows of DP table...
2022-01-01 03:23:14,296 - root - DEBUG - Started computing sf for chromosome 'chr20'...
2022-01-01 03:23:14,299 - root - DEBUG - m=97, n=617
2022-01-01 03:23:14,330 - root - DEBUG - Processing 10-th line out of 97 rows of DP table...
2022-01-01 03:23:14,359 - root - DEBUG - Processing 20-th line out of 97 rows of DP table...
2022-01-01 03:23:14,385 - root - DEBUG - Processing 30-th line out of 97 rows of DP table...
2022-01-01 03:23:14,408 - root - DEBUG - Processing 40-th line out of 97 rows of DP table...
2022-01-01 03:23:14,427 - root - DEBUG - Processing 50-th line out of 97 rows of DP table...
2022-01-01 03:23:14,443 - root - DEBUG - Processing 60-th line out of 97 rows of DP table...
2022-01-01 03:23:14,456 - root - DEBUG - Processing 70-th line out of 97 rows of DP table...
2022-01-01 03:23:14,465 - root - DEBUG - Processing 80-th line out of 97 rows of DP table...
2022-01-01 03:23:14,470 - root - DEBUG - Processing 90-th line out of 97 rows of DP table...
2022-01-01 03:23:14,473 - root - DEBUG - Started computing sf for chromosome 'chr21'...
2022-01-01 03:23:14,476 - root - DEBUG - m=36, n=376
2022-01-01 03:23:14,487 - root - DEBUG - Processing 10-th line out of 36 rows of DP table...
2022-01-01 03:23:14,495 - root - DEBUG - Processing 20-th line out of 36 rows of DP table...
2022-01-01 03:23:14,500 - root - DEBUG - Processing 30-th line out of 36 rows of DP table...
2022-01-01 03:23:14,502 - root - DEBUG - Started computing sf for chromosome 'chr22'...
2022-01-01 03:23:14,504 - root - DEBUG - m=68, n=427
2022-01-01 03:23:14,525 - root - DEBUG - Processing 10-th line out of 68 rows of DP table...
2022-01-01 03:23:14,544 - root - DEBUG - Processing 20-th line out of 68 rows of DP table...
2022-01-01 03:23:14,560 - root - DEBUG - Processing 30-th line out of 68 rows of DP table...
2022-01-01 03:23:14,630 - root - DEBUG - Processing 40-th line out of 68 rows of DP table...
2022-01-01 03:23:14,669 - root - DEBUG - Processing 50-th line out of 68 rows of DP table...
2022-01-01 03:23:14,676 - root - DEBUG - Processing 60-th line out of 68 rows of DP table...
2022-01-01 03:23:14,680 - root - DEBUG - Started computing sf for chromosome 'chrX'...
2022-01-01 03:23:14,683 - root - DEBUG - m=156, n=808
2022-01-01 03:23:14,731 - root - DEBUG - Processing 10-th line out of 156 rows of DP table...
2022-01-01 03:23:14,779 - root - DEBUG - Processing 20-th line out of 156 rows of DP table...
2022-01-01 03:23:14,824 - root - DEBUG - Processing 30-th line out of 156 rows of DP table...
2022-01-01 03:23:14,866 - root - DEBUG - Processing 40-th line out of 156 rows of DP table...
2022-01-01 03:23:14,903 - root - DEBUG - Processing 50-th line out of 156 rows of DP table...
2022-01-01 03:23:14,939 - root - DEBUG - Processing 60-th line out of 156 rows of DP table...
2022-01-01 03:23:14,970 - root - DEBUG - Processing 70-th line out of 156 rows of DP table...
2022-01-01 03:23:14,998 - root - DEBUG - Processing 80-th line out of 156 rows of DP table...
2022-01-01 03:23:15,024 - root - DEBUG - Processing 90-th line out of 156 rows of DP table...
2022-01-01 03:23:15,045 - root - DEBUG - Processing 100-th line out of 156 rows of DP table...
2022-01-01 03:23:15,065 - root - DEBUG - Processing 110-th line out of 156 rows of DP table...
2022-01-01 03:23:15,081 - root - DEBUG - Processing 120-th line out of 156 rows of DP table...
2022-01-01 03:23:15,094 - root - DEBUG - Processing 130-th line out of 156 rows of DP table...
2022-01-01 03:23:15,103 - root - DEBUG - Processing 140-th line out of 156 rows of DP table...
2022-01-01 03:23:15,114 - root - DEBUG - Processing 150-th line out of 156 rows of DP table...
2022-01-01 03:23:15,118 - root - DEBUG - Started computing sf for chromosome 'chrY'...
2022-01-01 03:23:15,121 - root - DEBUG - m=3, n=31
2022-01-01 03:23:15,123 - root - DEBUG - Started computing joint logprobs...
