2021-12-30 05:32:54,339 - root - INFO - Loading reference interval set from '../resources/zarrei2015-2/intervals/HI2.all.trans.tsv'...
2021-12-30 05:32:54,358 - root - INFO - Loading query interval set from '../resources/zarrei2015-2/cnv_intervals/stringent.gain.tsv'...
2021-12-30 05:32:54,361 - root - INFO - Loading chromosome sizes from '../resources/experiment_original/iSTAT/data/hg19_chrom_sizes.txt'...
2021-12-30 05:32:54,371 - root - INFO - Number of reference intervals: 3715 (14351 before merging)
2021-12-30 05:32:54,372 - root - INFO - Number of query intervals: 1169 (1169 before merging)
2021-12-30 05:32:54,372 - root - INFO - Number of chromosomes: 24
2021-12-30 05:32:54,378 - root - INFO - Overlap count: 110
2021-12-30 05:32:54,378 - root - DEBUG - Started computing sf for chromosome 'chr1'...
2021-12-30 05:32:54,379 - root - DEBUG - m=393, n=92
2021-12-30 05:32:54,504 - root - DEBUG - Processing 10-th line out of 393 rows of DP table...
2021-12-30 05:32:54,633 - root - DEBUG - Processing 20-th line out of 393 rows of DP table...
2021-12-30 05:32:54,758 - root - DEBUG - Processing 30-th line out of 393 rows of DP table...
2021-12-30 05:32:54,880 - root - DEBUG - Processing 40-th line out of 393 rows of DP table...
2021-12-30 05:32:54,999 - root - DEBUG - Processing 50-th line out of 393 rows of DP table...
2021-12-30 05:32:55,115 - root - DEBUG - Processing 60-th line out of 393 rows of DP table...
2021-12-30 05:32:55,228 - root - DEBUG - Processing 70-th line out of 393 rows of DP table...
2021-12-30 05:32:55,337 - root - DEBUG - Processing 80-th line out of 393 rows of DP table...
2021-12-30 05:32:55,443 - root - DEBUG - Processing 90-th line out of 393 rows of DP table...
2021-12-30 05:32:55,546 - root - DEBUG - Processing 100-th line out of 393 rows of DP table...
2021-12-30 05:32:55,646 - root - DEBUG - Processing 110-th line out of 393 rows of DP table...
2021-12-30 05:32:55,741 - root - DEBUG - Processing 120-th line out of 393 rows of DP table...
2021-12-30 05:32:55,834 - root - DEBUG - Processing 130-th line out of 393 rows of DP table...
2021-12-30 05:32:55,923 - root - DEBUG - Processing 140-th line out of 393 rows of DP table...
2021-12-30 05:32:56,009 - root - DEBUG - Processing 150-th line out of 393 rows of DP table...
2021-12-30 05:32:56,091 - root - DEBUG - Processing 160-th line out of 393 rows of DP table...
2021-12-30 05:32:56,169 - root - DEBUG - Processing 170-th line out of 393 rows of DP table...
2021-12-30 05:32:56,245 - root - DEBUG - Processing 180-th line out of 393 rows of DP table...
2021-12-30 05:32:56,317 - root - DEBUG - Processing 190-th line out of 393 rows of DP table...
2021-12-30 05:32:56,386 - root - DEBUG - Processing 200-th line out of 393 rows of DP table...
2021-12-30 05:32:56,452 - root - DEBUG - Processing 210-th line out of 393 rows of DP table...
2021-12-30 05:32:56,515 - root - DEBUG - Processing 220-th line out of 393 rows of DP table...
2021-12-30 05:32:56,575 - root - DEBUG - Processing 230-th line out of 393 rows of DP table...
2021-12-30 05:32:56,630 - root - DEBUG - Processing 240-th line out of 393 rows of DP table...
2021-12-30 05:32:56,683 - root - DEBUG - Processing 250-th line out of 393 rows of DP table...
2021-12-30 05:32:56,732 - root - DEBUG - Processing 260-th line out of 393 rows of DP table...
2021-12-30 05:32:56,778 - root - DEBUG - Processing 270-th line out of 393 rows of DP table...
2021-12-30 05:32:56,821 - root - DEBUG - Processing 280-th line out of 393 rows of DP table...
2021-12-30 05:32:56,860 - root - DEBUG - Processing 290-th line out of 393 rows of DP table...
2021-12-30 05:32:56,896 - root - DEBUG - Processing 300-th line out of 393 rows of DP table...
2021-12-30 05:32:56,928 - root - DEBUG - Processing 310-th line out of 393 rows of DP table...
2021-12-30 05:32:56,957 - root - DEBUG - Processing 320-th line out of 393 rows of DP table...
2021-12-30 05:32:56,983 - root - DEBUG - Processing 330-th line out of 393 rows of DP table...
2021-12-30 05:32:57,006 - root - DEBUG - Processing 340-th line out of 393 rows of DP table...
2021-12-30 05:32:57,025 - root - DEBUG - Processing 350-th line out of 393 rows of DP table...
2021-12-30 05:32:57,041 - root - DEBUG - Processing 360-th line out of 393 rows of DP table...
2021-12-30 05:32:57,054 - root - DEBUG - Processing 370-th line out of 393 rows of DP table...
2021-12-30 05:32:57,063 - root - DEBUG - Processing 380-th line out of 393 rows of DP table...
2021-12-30 05:32:57,069 - root - DEBUG - Processing 390-th line out of 393 rows of DP table...
2021-12-30 05:32:57,073 - root - DEBUG - Started computing sf for chromosome 'chr2'...
2021-12-30 05:32:57,074 - root - DEBUG - m=239, n=96
2021-12-30 05:32:57,150 - root - DEBUG - Processing 10-th line out of 239 rows of DP table...
2021-12-30 05:32:57,228 - root - DEBUG - Processing 20-th line out of 239 rows of DP table...
2021-12-30 05:32:57,301 - root - DEBUG - Processing 30-th line out of 239 rows of DP table...
2021-12-30 05:32:57,372 - root - DEBUG - Processing 40-th line out of 239 rows of DP table...
2021-12-30 05:32:57,438 - root - DEBUG - Processing 50-th line out of 239 rows of DP table...
2021-12-30 05:32:57,502 - root - DEBUG - Processing 60-th line out of 239 rows of DP table...
2021-12-30 05:32:57,562 - root - DEBUG - Processing 70-th line out of 239 rows of DP table...
2021-12-30 05:32:57,620 - root - DEBUG - Processing 80-th line out of 239 rows of DP table...
2021-12-30 05:32:57,674 - root - DEBUG - Processing 90-th line out of 239 rows of DP table...
2021-12-30 05:32:57,724 - root - DEBUG - Processing 100-th line out of 239 rows of DP table...
2021-12-30 05:32:57,771 - root - DEBUG - Processing 110-th line out of 239 rows of DP table...
2021-12-30 05:32:57,815 - root - DEBUG - Processing 120-th line out of 239 rows of DP table...
2021-12-30 05:32:57,855 - root - DEBUG - Processing 130-th line out of 239 rows of DP table...
2021-12-30 05:32:57,892 - root - DEBUG - Processing 140-th line out of 239 rows of DP table...
2021-12-30 05:32:57,926 - root - DEBUG - Processing 150-th line out of 239 rows of DP table...
2021-12-30 05:32:57,956 - root - DEBUG - Processing 160-th line out of 239 rows of DP table...
2021-12-30 05:32:57,983 - root - DEBUG - Processing 170-th line out of 239 rows of DP table...
2021-12-30 05:32:58,007 - root - DEBUG - Processing 180-th line out of 239 rows of DP table...
2021-12-30 05:32:58,027 - root - DEBUG - Processing 190-th line out of 239 rows of DP table...
2021-12-30 05:32:58,044 - root - DEBUG - Processing 200-th line out of 239 rows of DP table...
2021-12-30 05:32:58,058 - root - DEBUG - Processing 210-th line out of 239 rows of DP table...
2021-12-30 05:32:58,069 - root - DEBUG - Processing 220-th line out of 239 rows of DP table...
2021-12-30 05:32:58,077 - root - DEBUG - Processing 230-th line out of 239 rows of DP table...
2021-12-30 05:32:58,082 - root - DEBUG - Started computing sf for chromosome 'chr3'...
2021-12-30 05:32:58,084 - root - DEBUG - m=232, n=49
2021-12-30 05:32:58,158 - root - DEBUG - Processing 10-th line out of 232 rows of DP table...
2021-12-30 05:32:58,234 - root - DEBUG - Processing 20-th line out of 232 rows of DP table...
2021-12-30 05:32:58,306 - root - DEBUG - Processing 30-th line out of 232 rows of DP table...
2021-12-30 05:32:58,375 - root - DEBUG - Processing 40-th line out of 232 rows of DP table...
2021-12-30 05:32:58,440 - root - DEBUG - Processing 50-th line out of 232 rows of DP table...
2021-12-30 05:32:58,502 - root - DEBUG - Processing 60-th line out of 232 rows of DP table...
2021-12-30 05:32:58,560 - root - DEBUG - Processing 70-th line out of 232 rows of DP table...
2021-12-30 05:32:58,617 - root - DEBUG - Processing 80-th line out of 232 rows of DP table...
2021-12-30 05:32:58,669 - root - DEBUG - Processing 90-th line out of 232 rows of DP table...
2021-12-30 05:32:58,718 - root - DEBUG - Processing 100-th line out of 232 rows of DP table...
2021-12-30 05:32:58,763 - root - DEBUG - Processing 110-th line out of 232 rows of DP table...
2021-12-30 05:32:58,805 - root - DEBUG - Processing 120-th line out of 232 rows of DP table...
2021-12-30 05:32:58,844 - root - DEBUG - Processing 130-th line out of 232 rows of DP table...
2021-12-30 05:32:58,879 - root - DEBUG - Processing 140-th line out of 232 rows of DP table...
2021-12-30 05:32:58,928 - root - DEBUG - Processing 150-th line out of 232 rows of DP table...
2021-12-30 05:32:58,956 - root - DEBUG - Processing 160-th line out of 232 rows of DP table...
2021-12-30 05:32:58,981 - root - DEBUG - Processing 170-th line out of 232 rows of DP table...
2021-12-30 05:32:59,043 - root - DEBUG - Processing 180-th line out of 232 rows of DP table...
2021-12-30 05:32:59,079 - root - DEBUG - Processing 190-th line out of 232 rows of DP table...
2021-12-30 05:32:59,094 - root - DEBUG - Processing 200-th line out of 232 rows of DP table...
2021-12-30 05:32:59,106 - root - DEBUG - Processing 210-th line out of 232 rows of DP table...
2021-12-30 05:32:59,114 - root - DEBUG - Processing 220-th line out of 232 rows of DP table...
2021-12-30 05:32:59,119 - root - DEBUG - Processing 230-th line out of 232 rows of DP table...
2021-12-30 05:32:59,121 - root - DEBUG - Started computing sf for chromosome 'chr4'...
2021-12-30 05:32:59,123 - root - DEBUG - m=139, n=68
2021-12-30 05:32:59,167 - root - DEBUG - Processing 10-th line out of 139 rows of DP table...
2021-12-30 05:32:59,211 - root - DEBUG - Processing 20-th line out of 139 rows of DP table...
2021-12-30 05:32:59,252 - root - DEBUG - Processing 30-th line out of 139 rows of DP table...
2021-12-30 05:32:59,289 - root - DEBUG - Processing 40-th line out of 139 rows of DP table...
2021-12-30 05:32:59,322 - root - DEBUG - Processing 50-th line out of 139 rows of DP table...
2021-12-30 05:32:59,353 - root - DEBUG - Processing 60-th line out of 139 rows of DP table...
2021-12-30 05:32:59,380 - root - DEBUG - Processing 70-th line out of 139 rows of DP table...
2021-12-30 05:32:59,403 - root - DEBUG - Processing 80-th line out of 139 rows of DP table...
2021-12-30 05:32:59,423 - root - DEBUG - Processing 90-th line out of 139 rows of DP table...
2021-12-30 05:32:59,440 - root - DEBUG - Processing 100-th line out of 139 rows of DP table...
2021-12-30 05:32:59,454 - root - DEBUG - Processing 110-th line out of 139 rows of DP table...
2021-12-30 05:32:59,464 - root - DEBUG - Processing 120-th line out of 139 rows of DP table...
2021-12-30 05:32:59,470 - root - DEBUG - Processing 130-th line out of 139 rows of DP table...
2021-12-30 05:32:59,474 - root - DEBUG - Started computing sf for chromosome 'chr5'...
2021-12-30 05:32:59,476 - root - DEBUG - m=177, n=61
2021-12-30 05:32:59,550 - root - DEBUG - Processing 10-th line out of 177 rows of DP table...
2021-12-30 05:32:59,607 - root - DEBUG - Processing 20-th line out of 177 rows of DP table...
2021-12-30 05:32:59,660 - root - DEBUG - Processing 30-th line out of 177 rows of DP table...
2021-12-30 05:32:59,711 - root - DEBUG - Processing 40-th line out of 177 rows of DP table...
2021-12-30 05:32:59,758 - root - DEBUG - Processing 50-th line out of 177 rows of DP table...
2021-12-30 05:32:59,802 - root - DEBUG - Processing 60-th line out of 177 rows of DP table...
2021-12-30 05:32:59,842 - root - DEBUG - Processing 70-th line out of 177 rows of DP table...
2021-12-30 05:32:59,879 - root - DEBUG - Processing 80-th line out of 177 rows of DP table...
2021-12-30 05:32:59,912 - root - DEBUG - Processing 90-th line out of 177 rows of DP table...
2021-12-30 05:32:59,942 - root - DEBUG - Processing 100-th line out of 177 rows of DP table...
2021-12-30 05:32:59,968 - root - DEBUG - Processing 110-th line out of 177 rows of DP table...
2021-12-30 05:32:59,992 - root - DEBUG - Processing 120-th line out of 177 rows of DP table...
2021-12-30 05:33:00,012 - root - DEBUG - Processing 130-th line out of 177 rows of DP table...
2021-12-30 05:33:00,028 - root - DEBUG - Processing 140-th line out of 177 rows of DP table...
2021-12-30 05:33:00,041 - root - DEBUG - Processing 150-th line out of 177 rows of DP table...
2021-12-30 05:33:00,051 - root - DEBUG - Processing 160-th line out of 177 rows of DP table...
2021-12-30 05:33:00,058 - root - DEBUG - Processing 170-th line out of 177 rows of DP table...
2021-12-30 05:33:00,062 - root - DEBUG - Started computing sf for chromosome 'chr6'...
2021-12-30 05:33:00,064 - root - DEBUG - m=206, n=46
2021-12-30 05:33:00,131 - root - DEBUG - Processing 10-th line out of 206 rows of DP table...
2021-12-30 05:33:00,197 - root - DEBUG - Processing 20-th line out of 206 rows of DP table...
2021-12-30 05:33:00,259 - root - DEBUG - Processing 30-th line out of 206 rows of DP table...
2021-12-30 05:33:00,319 - root - DEBUG - Processing 40-th line out of 206 rows of DP table...
2021-12-30 05:33:00,375 - root - DEBUG - Processing 50-th line out of 206 rows of DP table...
2021-12-30 05:33:00,427 - root - DEBUG - Processing 60-th line out of 206 rows of DP table...
2021-12-30 05:33:00,477 - root - DEBUG - Processing 70-th line out of 206 rows of DP table...
2021-12-30 05:33:00,523 - root - DEBUG - Processing 80-th line out of 206 rows of DP table...
2021-12-30 05:33:00,566 - root - DEBUG - Processing 90-th line out of 206 rows of DP table...
2021-12-30 05:33:00,605 - root - DEBUG - Processing 100-th line out of 206 rows of DP table...
2021-12-30 05:33:00,641 - root - DEBUG - Processing 110-th line out of 206 rows of DP table...
2021-12-30 05:33:00,674 - root - DEBUG - Processing 120-th line out of 206 rows of DP table...
2021-12-30 05:33:00,703 - root - DEBUG - Processing 130-th line out of 206 rows of DP table...
2021-12-30 05:33:00,729 - root - DEBUG - Processing 140-th line out of 206 rows of DP table...
2021-12-30 05:33:00,751 - root - DEBUG - Processing 150-th line out of 206 rows of DP table...
2021-12-30 05:33:00,771 - root - DEBUG - Processing 160-th line out of 206 rows of DP table...
2021-12-30 05:33:00,787 - root - DEBUG - Processing 170-th line out of 206 rows of DP table...
2021-12-30 05:33:00,800 - root - DEBUG - Processing 180-th line out of 206 rows of DP table...
2021-12-30 05:33:00,809 - root - DEBUG - Processing 190-th line out of 206 rows of DP table...
2021-12-30 05:33:00,815 - root - DEBUG - Processing 200-th line out of 206 rows of DP table...
2021-12-30 05:33:00,819 - root - DEBUG - Started computing sf for chromosome 'chr7'...
2021-12-30 05:33:00,820 - root - DEBUG - m=169, n=89
2021-12-30 05:33:00,874 - root - DEBUG - Processing 10-th line out of 169 rows of DP table...
2021-12-30 05:33:00,928 - root - DEBUG - Processing 20-th line out of 169 rows of DP table...
2021-12-30 05:33:00,978 - root - DEBUG - Processing 30-th line out of 169 rows of DP table...
2021-12-30 05:33:01,025 - root - DEBUG - Processing 40-th line out of 169 rows of DP table...
2021-12-30 05:33:01,069 - root - DEBUG - Processing 50-th line out of 169 rows of DP table...
2021-12-30 05:33:01,109 - root - DEBUG - Processing 60-th line out of 169 rows of DP table...
2021-12-30 05:33:01,147 - root - DEBUG - Processing 70-th line out of 169 rows of DP table...
2021-12-30 05:33:01,180 - root - DEBUG - Processing 80-th line out of 169 rows of DP table...
2021-12-30 05:33:01,211 - root - DEBUG - Processing 90-th line out of 169 rows of DP table...
2021-12-30 05:33:01,238 - root - DEBUG - Processing 100-th line out of 169 rows of DP table...
2021-12-30 05:33:01,261 - root - DEBUG - Processing 110-th line out of 169 rows of DP table...
2021-12-30 05:33:01,282 - root - DEBUG - Processing 120-th line out of 169 rows of DP table...
2021-12-30 05:33:01,298 - root - DEBUG - Processing 130-th line out of 169 rows of DP table...
2021-12-30 05:33:01,312 - root - DEBUG - Processing 140-th line out of 169 rows of DP table...
2021-12-30 05:33:01,322 - root - DEBUG - Processing 150-th line out of 169 rows of DP table...
2021-12-30 05:33:01,329 - root - DEBUG - Processing 160-th line out of 169 rows of DP table...
2021-12-30 05:33:01,333 - root - DEBUG - Started computing sf for chromosome 'chr8'...
2021-12-30 05:33:01,335 - root - DEBUG - m=114, n=59
2021-12-30 05:33:01,371 - root - DEBUG - Processing 10-th line out of 114 rows of DP table...
2021-12-30 05:33:01,406 - root - DEBUG - Processing 20-th line out of 114 rows of DP table...
2021-12-30 05:33:01,438 - root - DEBUG - Processing 30-th line out of 114 rows of DP table...
2021-12-30 05:33:01,466 - root - DEBUG - Processing 40-th line out of 114 rows of DP table...
2021-12-30 05:33:01,492 - root - DEBUG - Processing 50-th line out of 114 rows of DP table...
2021-12-30 05:33:01,513 - root - DEBUG - Processing 60-th line out of 114 rows of DP table...
2021-12-30 05:33:01,531 - root - DEBUG - Processing 70-th line out of 114 rows of DP table...
2021-12-30 05:33:01,546 - root - DEBUG - Processing 80-th line out of 114 rows of DP table...
2021-12-30 05:33:01,558 - root - DEBUG - Processing 90-th line out of 114 rows of DP table...
2021-12-30 05:33:01,566 - root - DEBUG - Processing 100-th line out of 114 rows of DP table...
2021-12-30 05:33:01,571 - root - DEBUG - Processing 110-th line out of 114 rows of DP table...
2021-12-30 05:33:01,573 - root - DEBUG - Started computing sf for chromosome 'chr9'...
2021-12-30 05:33:01,574 - root - DEBUG - m=142, n=62
2021-12-30 05:33:01,619 - root - DEBUG - Processing 10-th line out of 142 rows of DP table...
2021-12-30 05:33:01,664 - root - DEBUG - Processing 20-th line out of 142 rows of DP table...
2021-12-30 05:33:01,705 - root - DEBUG - Processing 30-th line out of 142 rows of DP table...
2021-12-30 05:33:01,752 - root - DEBUG - Processing 40-th line out of 142 rows of DP table...
2021-12-30 05:33:01,790 - root - DEBUG - Processing 50-th line out of 142 rows of DP table...
2021-12-30 05:33:01,839 - root - DEBUG - Processing 60-th line out of 142 rows of DP table...
2021-12-30 05:33:01,868 - root - DEBUG - Processing 70-th line out of 142 rows of DP table...
2021-12-30 05:33:01,893 - root - DEBUG - Processing 80-th line out of 142 rows of DP table...
2021-12-30 05:33:01,915 - root - DEBUG - Processing 90-th line out of 142 rows of DP table...
2021-12-30 05:33:01,933 - root - DEBUG - Processing 100-th line out of 142 rows of DP table...
2021-12-30 05:33:01,948 - root - DEBUG - Processing 110-th line out of 142 rows of DP table...
2021-12-30 05:33:01,960 - root - DEBUG - Processing 120-th line out of 142 rows of DP table...
2021-12-30 05:33:01,968 - root - DEBUG - Processing 130-th line out of 142 rows of DP table...
2021-12-30 05:33:01,973 - root - DEBUG - Processing 140-th line out of 142 rows of DP table...
2021-12-30 05:33:01,975 - root - DEBUG - Started computing sf for chromosome 'chr10'...
2021-12-30 05:33:01,977 - root - DEBUG - m=160, n=45
2021-12-30 05:33:02,029 - root - DEBUG - Processing 10-th line out of 160 rows of DP table...
2021-12-30 05:33:02,080 - root - DEBUG - Processing 20-th line out of 160 rows of DP table...
2021-12-30 05:33:02,128 - root - DEBUG - Processing 30-th line out of 160 rows of DP table...
2021-12-30 05:33:02,172 - root - DEBUG - Processing 40-th line out of 160 rows of DP table...
2021-12-30 05:33:02,213 - root - DEBUG - Processing 50-th line out of 160 rows of DP table...
2021-12-30 05:33:02,251 - root - DEBUG - Processing 60-th line out of 160 rows of DP table...
2021-12-30 05:33:02,286 - root - DEBUG - Processing 70-th line out of 160 rows of DP table...
2021-12-30 05:33:02,317 - root - DEBUG - Processing 80-th line out of 160 rows of DP table...
2021-12-30 05:33:02,344 - root - DEBUG - Processing 90-th line out of 160 rows of DP table...
2021-12-30 05:33:02,369 - root - DEBUG - Processing 100-th line out of 160 rows of DP table...
2021-12-30 05:33:02,389 - root - DEBUG - Processing 110-th line out of 160 rows of DP table...
2021-12-30 05:33:02,407 - root - DEBUG - Processing 120-th line out of 160 rows of DP table...
2021-12-30 05:33:02,421 - root - DEBUG - Processing 130-th line out of 160 rows of DP table...
2021-12-30 05:33:02,431 - root - DEBUG - Processing 140-th line out of 160 rows of DP table...
2021-12-30 05:33:02,438 - root - DEBUG - Processing 150-th line out of 160 rows of DP table...
2021-12-30 05:33:02,442 - root - DEBUG - Processing 160-th line out of 160 rows of DP table...
2021-12-30 05:33:02,444 - root - DEBUG - Started computing sf for chromosome 'chr11'...
2021-12-30 05:33:02,445 - root - DEBUG - m=230, n=63
2021-12-30 05:33:02,519 - root - DEBUG - Processing 10-th line out of 230 rows of DP table...
2021-12-30 05:33:02,594 - root - DEBUG - Processing 20-th line out of 230 rows of DP table...
2021-12-30 05:33:02,666 - root - DEBUG - Processing 30-th line out of 230 rows of DP table...
2021-12-30 05:33:02,735 - root - DEBUG - Processing 40-th line out of 230 rows of DP table...
2021-12-30 05:33:02,801 - root - DEBUG - Processing 50-th line out of 230 rows of DP table...
2021-12-30 05:33:02,864 - root - DEBUG - Processing 60-th line out of 230 rows of DP table...
2021-12-30 05:33:02,923 - root - DEBUG - Processing 70-th line out of 230 rows of DP table...
2021-12-30 05:33:02,978 - root - DEBUG - Processing 80-th line out of 230 rows of DP table...
2021-12-30 05:33:03,031 - root - DEBUG - Processing 90-th line out of 230 rows of DP table...
2021-12-30 05:33:03,079 - root - DEBUG - Processing 100-th line out of 230 rows of DP table...
2021-12-30 05:33:03,124 - root - DEBUG - Processing 110-th line out of 230 rows of DP table...
2021-12-30 05:33:03,166 - root - DEBUG - Processing 120-th line out of 230 rows of DP table...
2021-12-30 05:33:03,204 - root - DEBUG - Processing 130-th line out of 230 rows of DP table...
2021-12-30 05:33:03,239 - root - DEBUG - Processing 140-th line out of 230 rows of DP table...
2021-12-30 05:33:03,271 - root - DEBUG - Processing 150-th line out of 230 rows of DP table...
2021-12-30 05:33:03,299 - root - DEBUG - Processing 160-th line out of 230 rows of DP table...
2021-12-30 05:33:03,323 - root - DEBUG - Processing 170-th line out of 230 rows of DP table...
2021-12-30 05:33:03,344 - root - DEBUG - Processing 180-th line out of 230 rows of DP table...
2021-12-30 05:33:03,362 - root - DEBUG - Processing 190-th line out of 230 rows of DP table...
2021-12-30 05:33:03,376 - root - DEBUG - Processing 200-th line out of 230 rows of DP table...
2021-12-30 05:33:03,386 - root - DEBUG - Processing 210-th line out of 230 rows of DP table...
2021-12-30 05:33:03,394 - root - DEBUG - Processing 220-th line out of 230 rows of DP table...
2021-12-30 05:33:03,398 - root - DEBUG - Processing 230-th line out of 230 rows of DP table...
2021-12-30 05:33:03,400 - root - DEBUG - Started computing sf for chromosome 'chr12'...
2021-12-30 05:33:03,401 - root - DEBUG - m=203, n=38
2021-12-30 05:33:03,466 - root - DEBUG - Processing 10-th line out of 203 rows of DP table...
2021-12-30 05:33:03,531 - root - DEBUG - Processing 20-th line out of 203 rows of DP table...
2021-12-30 05:33:03,592 - root - DEBUG - Processing 30-th line out of 203 rows of DP table...
2021-12-30 05:33:03,651 - root - DEBUG - Processing 40-th line out of 203 rows of DP table...
2021-12-30 05:33:03,706 - root - DEBUG - Processing 50-th line out of 203 rows of DP table...
2021-12-30 05:33:03,758 - root - DEBUG - Processing 60-th line out of 203 rows of DP table...
2021-12-30 05:33:03,806 - root - DEBUG - Processing 70-th line out of 203 rows of DP table...
2021-12-30 05:33:03,852 - root - DEBUG - Processing 80-th line out of 203 rows of DP table...
2021-12-30 05:33:03,894 - root - DEBUG - Processing 90-th line out of 203 rows of DP table...
2021-12-30 05:33:03,932 - root - DEBUG - Processing 100-th line out of 203 rows of DP table...
2021-12-30 05:33:03,968 - root - DEBUG - Processing 110-th line out of 203 rows of DP table...
2021-12-30 05:33:04,000 - root - DEBUG - Processing 120-th line out of 203 rows of DP table...
2021-12-30 05:33:04,030 - root - DEBUG - Processing 130-th line out of 203 rows of DP table...
2021-12-30 05:33:04,055 - root - DEBUG - Processing 140-th line out of 203 rows of DP table...
2021-12-30 05:33:04,078 - root - DEBUG - Processing 150-th line out of 203 rows of DP table...
2021-12-30 05:33:04,096 - root - DEBUG - Processing 160-th line out of 203 rows of DP table...
2021-12-30 05:33:04,112 - root - DEBUG - Processing 170-th line out of 203 rows of DP table...
2021-12-30 05:33:04,124 - root - DEBUG - Processing 180-th line out of 203 rows of DP table...
2021-12-30 05:33:04,134 - root - DEBUG - Processing 190-th line out of 203 rows of DP table...
2021-12-30 05:33:04,139 - root - DEBUG - Processing 200-th line out of 203 rows of DP table...
2021-12-30 05:33:04,142 - root - DEBUG - Started computing sf for chromosome 'chr13'...
2021-12-30 05:33:04,143 - root - DEBUG - m=67, n=32
2021-12-30 05:33:04,164 - root - DEBUG - Processing 10-th line out of 67 rows of DP table...
2021-12-30 05:33:04,184 - root - DEBUG - Processing 20-th line out of 67 rows of DP table...
2021-12-30 05:33:04,199 - root - DEBUG - Processing 30-th line out of 67 rows of DP table...
2021-12-30 05:33:04,212 - root - DEBUG - Processing 40-th line out of 67 rows of DP table...
2021-12-30 05:33:04,221 - root - DEBUG - Processing 50-th line out of 67 rows of DP table...
2021-12-30 05:33:04,226 - root - DEBUG - Processing 60-th line out of 67 rows of DP table...
2021-12-30 05:33:04,229 - root - DEBUG - Started computing sf for chromosome 'chr14'...
2021-12-30 05:33:04,230 - root - DEBUG - m=116, n=31
2021-12-30 05:33:04,267 - root - DEBUG - Processing 10-th line out of 116 rows of DP table...
2021-12-30 05:33:04,302 - root - DEBUG - Processing 20-th line out of 116 rows of DP table...
2021-12-30 05:33:04,335 - root - DEBUG - Processing 30-th line out of 116 rows of DP table...
2021-12-30 05:33:04,364 - root - DEBUG - Processing 40-th line out of 116 rows of DP table...
2021-12-30 05:33:04,413 - root - DEBUG - Processing 50-th line out of 116 rows of DP table...
2021-12-30 05:33:04,435 - root - DEBUG - Processing 60-th line out of 116 rows of DP table...
2021-12-30 05:33:04,455 - root - DEBUG - Processing 70-th line out of 116 rows of DP table...
2021-12-30 05:33:04,471 - root - DEBUG - Processing 80-th line out of 116 rows of DP table...
2021-12-30 05:33:04,483 - root - DEBUG - Processing 90-th line out of 116 rows of DP table...
2021-12-30 05:33:04,492 - root - DEBUG - Processing 100-th line out of 116 rows of DP table...
2021-12-30 05:33:04,498 - root - DEBUG - Processing 110-th line out of 116 rows of DP table...
2021-12-30 05:33:04,502 - root - DEBUG - Started computing sf for chromosome 'chr15'...
2021-12-30 05:33:04,503 - root - DEBUG - m=120, n=50
2021-12-30 05:33:04,542 - root - DEBUG - Processing 10-th line out of 120 rows of DP table...
2021-12-30 05:33:04,580 - root - DEBUG - Processing 20-th line out of 120 rows of DP table...
2021-12-30 05:33:04,614 - root - DEBUG - Processing 30-th line out of 120 rows of DP table...
2021-12-30 05:33:04,645 - root - DEBUG - Processing 40-th line out of 120 rows of DP table...
2021-12-30 05:33:04,673 - root - DEBUG - Processing 50-th line out of 120 rows of DP table...
2021-12-30 05:33:04,697 - root - DEBUG - Processing 60-th line out of 120 rows of DP table...
2021-12-30 05:33:04,718 - root - DEBUG - Processing 70-th line out of 120 rows of DP table...
2021-12-30 05:33:04,735 - root - DEBUG - Processing 80-th line out of 120 rows of DP table...
2021-12-30 05:33:04,749 - root - DEBUG - Processing 90-th line out of 120 rows of DP table...
2021-12-30 05:33:04,760 - root - DEBUG - Processing 100-th line out of 120 rows of DP table...
2021-12-30 05:33:04,768 - root - DEBUG - Processing 110-th line out of 120 rows of DP table...
2021-12-30 05:33:04,772 - root - DEBUG - Processing 120-th line out of 120 rows of DP table...
2021-12-30 05:33:04,774 - root - DEBUG - Started computing sf for chromosome 'chr16'...
2021-12-30 05:33:04,775 - root - DEBUG - m=169, n=46
2021-12-30 05:33:04,829 - root - DEBUG - Processing 10-th line out of 169 rows of DP table...
2021-12-30 05:33:04,883 - root - DEBUG - Processing 20-th line out of 169 rows of DP table...
2021-12-30 05:33:04,933 - root - DEBUG - Processing 30-th line out of 169 rows of DP table...
2021-12-30 05:33:04,980 - root - DEBUG - Processing 40-th line out of 169 rows of DP table...
2021-12-30 05:33:05,024 - root - DEBUG - Processing 50-th line out of 169 rows of DP table...
2021-12-30 05:33:05,068 - root - DEBUG - Processing 60-th line out of 169 rows of DP table...
2021-12-30 05:33:05,105 - root - DEBUG - Processing 70-th line out of 169 rows of DP table...
2021-12-30 05:33:05,138 - root - DEBUG - Processing 80-th line out of 169 rows of DP table...
2021-12-30 05:33:05,168 - root - DEBUG - Processing 90-th line out of 169 rows of DP table...
2021-12-30 05:33:05,195 - root - DEBUG - Processing 100-th line out of 169 rows of DP table...
2021-12-30 05:33:05,219 - root - DEBUG - Processing 110-th line out of 169 rows of DP table...
2021-12-30 05:33:05,239 - root - DEBUG - Processing 120-th line out of 169 rows of DP table...
2021-12-30 05:33:05,256 - root - DEBUG - Processing 130-th line out of 169 rows of DP table...
2021-12-30 05:33:05,276 - root - DEBUG - Processing 140-th line out of 169 rows of DP table...
2021-12-30 05:33:05,290 - root - DEBUG - Processing 150-th line out of 169 rows of DP table...
2021-12-30 05:33:05,297 - root - DEBUG - Processing 160-th line out of 169 rows of DP table...
2021-12-30 05:33:05,302 - root - DEBUG - Started computing sf for chromosome 'chr17'...
2021-12-30 05:33:05,303 - root - DEBUG - m=220, n=59
2021-12-30 05:33:05,375 - root - DEBUG - Processing 10-th line out of 220 rows of DP table...
2021-12-30 05:33:05,448 - root - DEBUG - Processing 20-th line out of 220 rows of DP table...
2021-12-30 05:33:05,518 - root - DEBUG - Processing 30-th line out of 220 rows of DP table...
2021-12-30 05:33:05,584 - root - DEBUG - Processing 40-th line out of 220 rows of DP table...
2021-12-30 05:33:05,646 - root - DEBUG - Processing 50-th line out of 220 rows of DP table...
2021-12-30 05:33:05,704 - root - DEBUG - Processing 60-th line out of 220 rows of DP table...
2021-12-30 05:33:05,761 - root - DEBUG - Processing 70-th line out of 220 rows of DP table...
2021-12-30 05:33:05,812 - root - DEBUG - Processing 80-th line out of 220 rows of DP table...
2021-12-30 05:33:05,860 - root - DEBUG - Processing 90-th line out of 220 rows of DP table...
2021-12-30 05:33:05,905 - root - DEBUG - Processing 100-th line out of 220 rows of DP table...
2021-12-30 05:33:05,946 - root - DEBUG - Processing 110-th line out of 220 rows of DP table...
2021-12-30 05:33:05,985 - root - DEBUG - Processing 120-th line out of 220 rows of DP table...
2021-12-30 05:33:06,019 - root - DEBUG - Processing 130-th line out of 220 rows of DP table...
2021-12-30 05:33:06,051 - root - DEBUG - Processing 140-th line out of 220 rows of DP table...
2021-12-30 05:33:06,078 - root - DEBUG - Processing 150-th line out of 220 rows of DP table...
2021-12-30 05:33:06,102 - root - DEBUG - Processing 160-th line out of 220 rows of DP table...
2021-12-30 05:33:06,123 - root - DEBUG - Processing 170-th line out of 220 rows of DP table...
2021-12-30 05:33:06,141 - root - DEBUG - Processing 180-th line out of 220 rows of DP table...
2021-12-30 05:33:06,155 - root - DEBUG - Processing 190-th line out of 220 rows of DP table...
2021-12-30 05:33:06,166 - root - DEBUG - Processing 200-th line out of 220 rows of DP table...
2021-12-30 05:33:06,174 - root - DEBUG - Processing 210-th line out of 220 rows of DP table...
2021-12-30 05:33:06,178 - root - DEBUG - Processing 220-th line out of 220 rows of DP table...
2021-12-30 05:33:06,180 - root - DEBUG - Started computing sf for chromosome 'chr18'...
2021-12-30 05:33:06,181 - root - DEBUG - m=62, n=29
2021-12-30 05:33:06,202 - root - DEBUG - Processing 10-th line out of 62 rows of DP table...
2021-12-30 05:33:06,220 - root - DEBUG - Processing 20-th line out of 62 rows of DP table...
2021-12-30 05:33:06,234 - root - DEBUG - Processing 30-th line out of 62 rows of DP table...
2021-12-30 05:33:06,245 - root - DEBUG - Processing 40-th line out of 62 rows of DP table...
2021-12-30 05:33:06,253 - root - DEBUG - Processing 50-th line out of 62 rows of DP table...
2021-12-30 05:33:06,257 - root - DEBUG - Processing 60-th line out of 62 rows of DP table...
2021-12-30 05:33:06,258 - root - DEBUG - Started computing sf for chromosome 'chr19'...
2021-12-30 05:33:06,259 - root - DEBUG - m=201, n=47
2021-12-30 05:33:06,325 - root - DEBUG - Processing 10-th line out of 201 rows of DP table...
2021-12-30 05:33:06,390 - root - DEBUG - Processing 20-th line out of 201 rows of DP table...
2021-12-30 05:33:06,451 - root - DEBUG - Processing 30-th line out of 201 rows of DP table...
2021-12-30 05:33:06,509 - root - DEBUG - Processing 40-th line out of 201 rows of DP table...
2021-12-30 05:33:06,566 - root - DEBUG - Processing 50-th line out of 201 rows of DP table...
2021-12-30 05:33:06,618 - root - DEBUG - Processing 60-th line out of 201 rows of DP table...
2021-12-30 05:33:06,666 - root - DEBUG - Processing 70-th line out of 201 rows of DP table...
2021-12-30 05:33:06,711 - root - DEBUG - Processing 80-th line out of 201 rows of DP table...
2021-12-30 05:33:06,752 - root - DEBUG - Processing 90-th line out of 201 rows of DP table...
2021-12-30 05:33:06,790 - root - DEBUG - Processing 100-th line out of 201 rows of DP table...
2021-12-30 05:33:06,825 - root - DEBUG - Processing 110-th line out of 201 rows of DP table...
2021-12-30 05:33:06,856 - root - DEBUG - Processing 120-th line out of 201 rows of DP table...
2021-12-30 05:33:06,884 - root - DEBUG - Processing 130-th line out of 201 rows of DP table...
2021-12-30 05:33:06,909 - root - DEBUG - Processing 140-th line out of 201 rows of DP table...
2021-12-30 05:33:06,931 - root - DEBUG - Processing 150-th line out of 201 rows of DP table...
2021-12-30 05:33:06,949 - root - DEBUG - Processing 160-th line out of 201 rows of DP table...
2021-12-30 05:33:06,964 - root - DEBUG - Processing 170-th line out of 201 rows of DP table...
2021-12-30 05:33:06,975 - root - DEBUG - Processing 180-th line out of 201 rows of DP table...
2021-12-30 05:33:06,983 - root - DEBUG - Processing 190-th line out of 201 rows of DP table...
2021-12-30 05:33:06,988 - root - DEBUG - Processing 200-th line out of 201 rows of DP table...
2021-12-30 05:33:06,990 - root - DEBUG - Started computing sf for chromosome 'chr20'...
2021-12-30 05:33:06,992 - root - DEBUG - m=94, n=22
2021-12-30 05:33:07,024 - root - DEBUG - Processing 10-th line out of 94 rows of DP table...
2021-12-30 05:33:07,053 - root - DEBUG - Processing 20-th line out of 94 rows of DP table...
2021-12-30 05:33:07,078 - root - DEBUG - Processing 30-th line out of 94 rows of DP table...
2021-12-30 05:33:07,100 - root - DEBUG - Processing 40-th line out of 94 rows of DP table...
2021-12-30 05:33:07,118 - root - DEBUG - Processing 50-th line out of 94 rows of DP table...
2021-12-30 05:33:07,133 - root - DEBUG - Processing 60-th line out of 94 rows of DP table...
2021-12-30 05:33:07,145 - root - DEBUG - Processing 70-th line out of 94 rows of DP table...
2021-12-30 05:33:07,153 - root - DEBUG - Processing 80-th line out of 94 rows of DP table...
2021-12-30 05:33:07,158 - root - DEBUG - Processing 90-th line out of 94 rows of DP table...
2021-12-30 05:33:07,160 - root - DEBUG - Started computing sf for chromosome 'chr21'...
2021-12-30 05:33:07,161 - root - DEBUG - m=37, n=11
2021-12-30 05:33:07,173 - root - DEBUG - Processing 10-th line out of 37 rows of DP table...
2021-12-30 05:33:07,181 - root - DEBUG - Processing 20-th line out of 37 rows of DP table...
2021-12-30 05:33:07,187 - root - DEBUG - Processing 30-th line out of 37 rows of DP table...
2021-12-30 05:33:07,189 - root - DEBUG - Started computing sf for chromosome 'chr22'...
2021-12-30 05:33:07,191 - root - DEBUG - m=67, n=28
2021-12-30 05:33:07,212 - root - DEBUG - Processing 10-th line out of 67 rows of DP table...
2021-12-30 05:33:07,231 - root - DEBUG - Processing 20-th line out of 67 rows of DP table...
2021-12-30 05:33:07,247 - root - DEBUG - Processing 30-th line out of 67 rows of DP table...
2021-12-30 05:33:07,259 - root - DEBUG - Processing 40-th line out of 67 rows of DP table...
2021-12-30 05:33:07,268 - root - DEBUG - Processing 50-th line out of 67 rows of DP table...
2021-12-30 05:33:07,274 - root - DEBUG - Processing 60-th line out of 67 rows of DP table...
2021-12-30 05:33:07,276 - root - DEBUG - Started computing sf for chromosome 'chrX'...
2021-12-30 05:33:07,278 - root - DEBUG - m=155, n=46
2021-12-30 05:33:07,327 - root - DEBUG - Processing 10-th line out of 155 rows of DP table...
2021-12-30 05:33:07,376 - root - DEBUG - Processing 20-th line out of 155 rows of DP table...
2021-12-30 05:33:07,421 - root - DEBUG - Processing 30-th line out of 155 rows of DP table...
2021-12-30 05:33:07,463 - root - DEBUG - Processing 40-th line out of 155 rows of DP table...
2021-12-30 05:33:07,502 - root - DEBUG - Processing 50-th line out of 155 rows of DP table...
2021-12-30 05:33:07,537 - root - DEBUG - Processing 60-th line out of 155 rows of DP table...
2021-12-30 05:33:07,570 - root - DEBUG - Processing 70-th line out of 155 rows of DP table...
2021-12-30 05:33:07,599 - root - DEBUG - Processing 80-th line out of 155 rows of DP table...
2021-12-30 05:33:07,625 - root - DEBUG - Processing 90-th line out of 155 rows of DP table...
2021-12-30 05:33:07,647 - root - DEBUG - Processing 100-th line out of 155 rows of DP table...
2021-12-30 05:33:07,666 - root - DEBUG - Processing 110-th line out of 155 rows of DP table...
2021-12-30 05:33:07,682 - root - DEBUG - Processing 120-th line out of 155 rows of DP table...
2021-12-30 05:33:07,695 - root - DEBUG - Processing 130-th line out of 155 rows of DP table...
2021-12-30 05:33:07,705 - root - DEBUG - Processing 140-th line out of 155 rows of DP table...
2021-12-30 05:33:07,710 - root - DEBUG - Processing 150-th line out of 155 rows of DP table...
2021-12-30 05:33:07,713 - root - DEBUG - Started computing sf for chromosome 'chrY'...
2021-12-30 05:33:07,715 - root - DEBUG - m=3, n=0
2021-12-30 05:33:07,717 - root - DEBUG - Started computing joint logprobs...
