2022-01-01 03:33:14,054 - root - INFO - Loading reference interval set from '../resources/zarrei2015-2/intervals/HPO-rec.lex-smallest.cds.tsv'...
2022-01-01 03:33:14,056 - root - INFO - Loading query interval set from '../resources/zarrei2015-2/cnv_intervals/inclusive.both.tsv'...
2022-01-01 03:33:14,087 - root - INFO - Loading chromosome sizes from '../resources/experiment_original/iSTAT/data/hg19_chrom_sizes.txt'...
2022-01-01 03:33:14,103 - root - INFO - Number of reference intervals: 1198 (1205 before merging)
2022-01-01 03:33:14,104 - root - INFO - Number of query intervals: 24032 (24032 before merging)
2022-01-01 03:33:14,106 - root - INFO - Number of chromosomes: 24
2022-01-01 03:33:14,131 - root - INFO - Overlap count: 368
2022-01-01 03:33:14,132 - root - DEBUG - Started computing sf for chromosome 'chr1'...
2022-01-01 03:33:14,135 - root - DEBUG - m=105, n=1671
2022-01-01 03:33:14,171 - root - DEBUG - Processing 10-th line out of 105 rows of DP table...
2022-01-01 03:33:14,205 - root - DEBUG - Processing 20-th line out of 105 rows of DP table...
2022-01-01 03:33:14,236 - root - DEBUG - Processing 30-th line out of 105 rows of DP table...
2022-01-01 03:33:14,262 - root - DEBUG - Processing 40-th line out of 105 rows of DP table...
2022-01-01 03:33:14,285 - root - DEBUG - Processing 50-th line out of 105 rows of DP table...
2022-01-01 03:33:14,305 - root - DEBUG - Processing 60-th line out of 105 rows of DP table...
2022-01-01 03:33:14,321 - root - DEBUG - Processing 70-th line out of 105 rows of DP table...
2022-01-01 03:33:14,334 - root - DEBUG - Processing 80-th line out of 105 rows of DP table...
2022-01-01 03:33:14,343 - root - DEBUG - Processing 90-th line out of 105 rows of DP table...
2022-01-01 03:33:14,348 - root - DEBUG - Processing 100-th line out of 105 rows of DP table...
2022-01-01 03:33:14,351 - root - DEBUG - Started computing sf for chromosome 'chr2'...
2022-01-01 03:33:14,353 - root - DEBUG - m=103, n=1945
2022-01-01 03:33:14,388 - root - DEBUG - Processing 10-th line out of 103 rows of DP table...
2022-01-01 03:33:14,422 - root - DEBUG - Processing 20-th line out of 103 rows of DP table...
2022-01-01 03:33:14,452 - root - DEBUG - Processing 30-th line out of 103 rows of DP table...
2022-01-01 03:33:14,478 - root - DEBUG - Processing 40-th line out of 103 rows of DP table...
2022-01-01 03:33:14,501 - root - DEBUG - Processing 50-th line out of 103 rows of DP table...
2022-01-01 03:33:14,520 - root - DEBUG - Processing 60-th line out of 103 rows of DP table...
2022-01-01 03:33:14,536 - root - DEBUG - Processing 70-th line out of 103 rows of DP table...
2022-01-01 03:33:14,548 - root - DEBUG - Processing 80-th line out of 103 rows of DP table...
2022-01-01 03:33:14,556 - root - DEBUG - Processing 90-th line out of 103 rows of DP table...
2022-01-01 03:33:14,561 - root - DEBUG - Processing 100-th line out of 103 rows of DP table...
2022-01-01 03:33:14,568 - root - DEBUG - Started computing sf for chromosome 'chr3'...
2022-01-01 03:33:14,570 - root - DEBUG - m=69, n=1379
2022-01-01 03:33:14,594 - root - DEBUG - Processing 10-th line out of 69 rows of DP table...
2022-01-01 03:33:14,614 - root - DEBUG - Processing 20-th line out of 69 rows of DP table...
2022-01-01 03:33:14,632 - root - DEBUG - Processing 30-th line out of 69 rows of DP table...
2022-01-01 03:33:14,646 - root - DEBUG - Processing 40-th line out of 69 rows of DP table...
2022-01-01 03:33:14,656 - root - DEBUG - Processing 50-th line out of 69 rows of DP table...
2022-01-01 03:33:14,663 - root - DEBUG - Processing 60-th line out of 69 rows of DP table...
2022-01-01 03:33:14,667 - root - DEBUG - Started computing sf for chromosome 'chr4'...
2022-01-01 03:33:14,669 - root - DEBUG - m=51, n=1711
2022-01-01 03:33:14,686 - root - DEBUG - Processing 10-th line out of 51 rows of DP table...
2022-01-01 03:33:14,701 - root - DEBUG - Processing 20-th line out of 51 rows of DP table...
2022-01-01 03:33:14,712 - root - DEBUG - Processing 30-th line out of 51 rows of DP table...
2022-01-01 03:33:14,719 - root - DEBUG - Processing 40-th line out of 51 rows of DP table...
2022-01-01 03:33:14,723 - root - DEBUG - Processing 50-th line out of 51 rows of DP table...
2022-01-01 03:33:14,724 - root - DEBUG - Started computing sf for chromosome 'chr5'...
2022-01-01 03:33:14,726 - root - DEBUG - m=52, n=1400
2022-01-01 03:33:14,744 - root - DEBUG - Processing 10-th line out of 52 rows of DP table...
2022-01-01 03:33:14,759 - root - DEBUG - Processing 20-th line out of 52 rows of DP table...
2022-01-01 03:33:14,770 - root - DEBUG - Processing 30-th line out of 52 rows of DP table...
2022-01-01 03:33:14,778 - root - DEBUG - Processing 40-th line out of 52 rows of DP table...
2022-01-01 03:33:14,782 - root - DEBUG - Processing 50-th line out of 52 rows of DP table...
2022-01-01 03:33:14,784 - root - DEBUG - Started computing sf for chromosome 'chr6'...
2022-01-01 03:33:14,785 - root - DEBUG - m=67, n=1429
2022-01-01 03:33:14,808 - root - DEBUG - Processing 10-th line out of 67 rows of DP table...
2022-01-01 03:33:14,828 - root - DEBUG - Processing 20-th line out of 67 rows of DP table...
2022-01-01 03:33:14,845 - root - DEBUG - Processing 30-th line out of 67 rows of DP table...
2022-01-01 03:33:14,858 - root - DEBUG - Processing 40-th line out of 67 rows of DP table...
2022-01-01 03:33:14,868 - root - DEBUG - Processing 50-th line out of 67 rows of DP table...
2022-01-01 03:33:14,874 - root - DEBUG - Processing 60-th line out of 67 rows of DP table...
2022-01-01 03:33:14,877 - root - DEBUG - Started computing sf for chromosome 'chr7'...
2022-01-01 03:33:14,878 - root - DEBUG - m=55, n=1434
2022-01-01 03:33:14,897 - root - DEBUG - Processing 10-th line out of 55 rows of DP table...
2022-01-01 03:33:14,913 - root - DEBUG - Processing 20-th line out of 55 rows of DP table...
2022-01-01 03:33:14,926 - root - DEBUG - Processing 30-th line out of 55 rows of DP table...
2022-01-01 03:33:14,934 - root - DEBUG - Processing 40-th line out of 55 rows of DP table...
2022-01-01 03:33:14,939 - root - DEBUG - Processing 50-th line out of 55 rows of DP table...
2022-01-01 03:33:14,941 - root - DEBUG - Started computing sf for chromosome 'chr8'...
2022-01-01 03:33:14,944 - root - DEBUG - m=45, n=1230
2022-01-01 03:33:14,959 - root - DEBUG - Processing 10-th line out of 45 rows of DP table...
2022-01-01 03:33:14,972 - root - DEBUG - Processing 20-th line out of 45 rows of DP table...
2022-01-01 03:33:14,980 - root - DEBUG - Processing 30-th line out of 45 rows of DP table...
2022-01-01 03:33:14,985 - root - DEBUG - Processing 40-th line out of 45 rows of DP table...
2022-01-01 03:33:14,987 - root - DEBUG - Started computing sf for chromosome 'chr9'...
2022-01-01 03:33:14,989 - root - DEBUG - m=58, n=980
2022-01-01 03:33:15,009 - root - DEBUG - Processing 10-th line out of 58 rows of DP table...
2022-01-01 03:33:15,036 - root - DEBUG - Processing 20-th line out of 58 rows of DP table...
2022-01-01 03:33:15,049 - root - DEBUG - Processing 30-th line out of 58 rows of DP table...
2022-01-01 03:33:15,059 - root - DEBUG - Processing 40-th line out of 58 rows of DP table...
2022-01-01 03:33:15,065 - root - DEBUG - Processing 50-th line out of 58 rows of DP table...
2022-01-01 03:33:15,068 - root - DEBUG - Started computing sf for chromosome 'chr10'...
2022-01-01 03:33:15,070 - root - DEBUG - m=49, n=1090
2022-01-01 03:33:15,086 - root - DEBUG - Processing 10-th line out of 49 rows of DP table...
2022-01-01 03:33:15,100 - root - DEBUG - Processing 20-th line out of 49 rows of DP table...
2022-01-01 03:33:15,125 - root - DEBUG - Processing 30-th line out of 49 rows of DP table...
2022-01-01 03:33:15,132 - root - DEBUG - Processing 40-th line out of 49 rows of DP table...
2022-01-01 03:33:15,136 - root - DEBUG - Started computing sf for chromosome 'chr11'...
2022-01-01 03:33:15,138 - root - DEBUG - m=85, n=1073
2022-01-01 03:33:15,167 - root - DEBUG - Processing 10-th line out of 85 rows of DP table...
2022-01-01 03:33:15,194 - root - DEBUG - Processing 20-th line out of 85 rows of DP table...
2022-01-01 03:33:15,230 - root - DEBUG - Processing 30-th line out of 85 rows of DP table...
2022-01-01 03:33:15,251 - root - DEBUG - Processing 40-th line out of 85 rows of DP table...
2022-01-01 03:33:15,269 - root - DEBUG - Processing 50-th line out of 85 rows of DP table...
2022-01-01 03:33:15,283 - root - DEBUG - Processing 60-th line out of 85 rows of DP table...
2022-01-01 03:33:15,292 - root - DEBUG - Processing 70-th line out of 85 rows of DP table...
2022-01-01 03:33:15,298 - root - DEBUG - Processing 80-th line out of 85 rows of DP table...
2022-01-01 03:33:15,304 - root - DEBUG - Started computing sf for chromosome 'chr12'...
2022-01-01 03:33:15,307 - root - DEBUG - m=61, n=1140
2022-01-01 03:33:15,328 - root - DEBUG - Processing 10-th line out of 61 rows of DP table...
2022-01-01 03:33:15,347 - root - DEBUG - Processing 20-th line out of 61 rows of DP table...
2022-01-01 03:33:15,362 - root - DEBUG - Processing 30-th line out of 61 rows of DP table...
2022-01-01 03:33:15,373 - root - DEBUG - Processing 40-th line out of 61 rows of DP table...
2022-01-01 03:33:15,380 - root - DEBUG - Processing 50-th line out of 61 rows of DP table...
2022-01-01 03:33:15,384 - root - DEBUG - Processing 60-th line out of 61 rows of DP table...
2022-01-01 03:33:15,386 - root - DEBUG - Started computing sf for chromosome 'chr13'...
2022-01-01 03:33:15,387 - root - DEBUG - m=26, n=862
2022-01-01 03:33:15,396 - root - DEBUG - Processing 10-th line out of 26 rows of DP table...
2022-01-01 03:33:15,401 - root - DEBUG - Processing 20-th line out of 26 rows of DP table...
2022-01-01 03:33:15,403 - root - DEBUG - Started computing sf for chromosome 'chr14'...
2022-01-01 03:33:15,405 - root - DEBUG - m=43, n=669
2022-01-01 03:33:15,419 - root - DEBUG - Processing 10-th line out of 43 rows of DP table...
2022-01-01 03:33:15,431 - root - DEBUG - Processing 20-th line out of 43 rows of DP table...
2022-01-01 03:33:15,439 - root - DEBUG - Processing 30-th line out of 43 rows of DP table...
2022-01-01 03:33:15,445 - root - DEBUG - Processing 40-th line out of 43 rows of DP table...
2022-01-01 03:33:15,447 - root - DEBUG - Started computing sf for chromosome 'chr15'...
2022-01-01 03:33:15,448 - root - DEBUG - m=43, n=597
2022-01-01 03:33:15,463 - root - DEBUG - Processing 10-th line out of 43 rows of DP table...
2022-01-01 03:33:15,474 - root - DEBUG - Processing 20-th line out of 43 rows of DP table...
2022-01-01 03:33:15,482 - root - DEBUG - Processing 30-th line out of 43 rows of DP table...
2022-01-01 03:33:15,487 - root - DEBUG - Processing 40-th line out of 43 rows of DP table...
2022-01-01 03:33:15,489 - root - DEBUG - Started computing sf for chromosome 'chr16'...
2022-01-01 03:33:15,490 - root - DEBUG - m=62, n=873
2022-01-01 03:33:15,511 - root - DEBUG - Processing 10-th line out of 62 rows of DP table...
2022-01-01 03:33:15,530 - root - DEBUG - Processing 20-th line out of 62 rows of DP table...
2022-01-01 03:33:15,545 - root - DEBUG - Processing 30-th line out of 62 rows of DP table...
2022-01-01 03:33:15,556 - root - DEBUG - Processing 40-th line out of 62 rows of DP table...
2022-01-01 03:33:15,564 - root - DEBUG - Processing 50-th line out of 62 rows of DP table...
2022-01-01 03:33:15,568 - root - DEBUG - Processing 60-th line out of 62 rows of DP table...
2022-01-01 03:33:15,569 - root - DEBUG - Started computing sf for chromosome 'chr17'...
2022-01-01 03:33:15,572 - root - DEBUG - m=63, n=848
2022-01-01 03:33:15,593 - root - DEBUG - Processing 10-th line out of 63 rows of DP table...
2022-01-01 03:33:15,612 - root - DEBUG - Processing 20-th line out of 63 rows of DP table...
2022-01-01 03:33:15,640 - root - DEBUG - Processing 30-th line out of 63 rows of DP table...
2022-01-01 03:33:15,652 - root - DEBUG - Processing 40-th line out of 63 rows of DP table...
2022-01-01 03:33:15,660 - root - DEBUG - Processing 50-th line out of 63 rows of DP table...
2022-01-01 03:33:15,665 - root - DEBUG - Processing 60-th line out of 63 rows of DP table...
2022-01-01 03:33:15,666 - root - DEBUG - Started computing sf for chromosome 'chr18'...
2022-01-01 03:33:15,668 - root - DEBUG - m=19, n=636
2022-01-01 03:33:15,674 - root - DEBUG - Processing 10-th line out of 19 rows of DP table...
2022-01-01 03:33:15,677 - root - DEBUG - Started computing sf for chromosome 'chr19'...
2022-01-01 03:33:15,679 - root - DEBUG - m=59, n=806
2022-01-01 03:33:15,700 - root - DEBUG - Processing 10-th line out of 59 rows of DP table...
2022-01-01 03:33:15,718 - root - DEBUG - Processing 20-th line out of 59 rows of DP table...
2022-01-01 03:33:15,732 - root - DEBUG - Processing 30-th line out of 59 rows of DP table...
2022-01-01 03:33:15,742 - root - DEBUG - Processing 40-th line out of 59 rows of DP table...
2022-01-01 03:33:15,749 - root - DEBUG - Processing 50-th line out of 59 rows of DP table...
2022-01-01 03:33:15,752 - root - DEBUG - Started computing sf for chromosome 'chr20'...
2022-01-01 03:33:15,754 - root - DEBUG - m=30, n=617
2022-01-01 03:33:15,764 - root - DEBUG - Processing 10-th line out of 30 rows of DP table...
2022-01-01 03:33:15,771 - root - DEBUG - Processing 20-th line out of 30 rows of DP table...
2022-01-01 03:33:15,774 - root - DEBUG - Processing 30-th line out of 30 rows of DP table...
2022-01-01 03:33:15,775 - root - DEBUG - Started computing sf for chromosome 'chr21'...
2022-01-01 03:33:15,777 - root - DEBUG - m=14, n=376
2022-01-01 03:33:15,781 - root - DEBUG - Processing 10-th line out of 14 rows of DP table...
2022-01-01 03:33:15,782 - root - DEBUG - Started computing sf for chromosome 'chr22'...
2022-01-01 03:33:15,784 - root - DEBUG - m=38, n=427
2022-01-01 03:33:15,797 - root - DEBUG - Processing 10-th line out of 38 rows of DP table...
2022-01-01 03:33:15,806 - root - DEBUG - Processing 20-th line out of 38 rows of DP table...
2022-01-01 03:33:15,812 - root - DEBUG - Processing 30-th line out of 38 rows of DP table...
2022-01-01 03:33:15,815 - root - DEBUG - Started computing sf for chromosome 'chrX'...
2022-01-01 03:33:15,817 - root - DEBUG - m=1, n=808
2022-01-01 03:33:15,818 - root - DEBUG - Started computing sf for chromosome 'chrY'...
2022-01-01 03:33:15,820 - root - DEBUG - m=0, n=31
2022-01-01 03:33:15,821 - root - DEBUG - Started computing joint logprobs...
