2021-12-30 02:52:18,571 - root - INFO - Loading reference interval set from '../resources/zarrei2015-2/intervals/HPO-dom.lex-smallest.cds.tsv'...
2021-12-30 02:52:18,573 - root - INFO - Loading query interval set from '../resources/zarrei2015-2/cnv_intervals/inclusive.gain.tsv'...
2021-12-30 02:52:18,577 - root - INFO - Loading chromosome sizes from '../resources/experiment_original/iSTAT/data/hg19_chrom_sizes.txt'...
2021-12-30 02:52:18,580 - root - INFO - Number of reference intervals: 911 (917 before merging)
2021-12-30 02:52:18,581 - root - INFO - Number of query intervals: 3132 (3132 before merging)
2021-12-30 02:52:18,581 - root - INFO - Number of chromosomes: 24
2021-12-30 02:52:18,585 - root - INFO - Overlap count: 95
2021-12-30 02:52:18,586 - root - DEBUG - Started computing sf for chromosome 'chr1'...
2021-12-30 02:52:18,587 - root - DEBUG - m=68, n=244
2021-12-30 02:52:18,608 - root - DEBUG - Processing 10-th line out of 68 rows of DP table...
2021-12-30 02:52:18,627 - root - DEBUG - Processing 20-th line out of 68 rows of DP table...
2021-12-30 02:52:18,642 - root - DEBUG - Processing 30-th line out of 68 rows of DP table...
2021-12-30 02:52:18,660 - root - DEBUG - Processing 40-th line out of 68 rows of DP table...
2021-12-30 02:52:18,684 - root - DEBUG - Processing 50-th line out of 68 rows of DP table...
2021-12-30 02:52:18,701 - root - DEBUG - Processing 60-th line out of 68 rows of DP table...
2021-12-30 02:52:18,714 - root - DEBUG - Started computing sf for chromosome 'chr2'...
2021-12-30 02:52:18,731 - root - DEBUG - m=42, n=249
2021-12-30 02:52:18,752 - root - DEBUG - Processing 10-th line out of 42 rows of DP table...
2021-12-30 02:52:18,762 - root - DEBUG - Processing 20-th line out of 42 rows of DP table...
2021-12-30 02:52:18,770 - root - DEBUG - Processing 30-th line out of 42 rows of DP table...
2021-12-30 02:52:18,773 - root - DEBUG - Processing 40-th line out of 42 rows of DP table...
2021-12-30 02:52:18,774 - root - DEBUG - Started computing sf for chromosome 'chr3'...
2021-12-30 02:52:18,775 - root - DEBUG - m=50, n=140
2021-12-30 02:52:18,791 - root - DEBUG - Processing 10-th line out of 50 rows of DP table...
2021-12-30 02:52:18,804 - root - DEBUG - Processing 20-th line out of 50 rows of DP table...
2021-12-30 02:52:18,813 - root - DEBUG - Processing 30-th line out of 50 rows of DP table...
2021-12-30 02:52:18,820 - root - DEBUG - Processing 40-th line out of 50 rows of DP table...
2021-12-30 02:52:18,823 - root - DEBUG - Processing 50-th line out of 50 rows of DP table...
2021-12-30 02:52:18,824 - root - DEBUG - Started computing sf for chromosome 'chr4'...
2021-12-30 02:52:18,825 - root - DEBUG - m=24, n=184
2021-12-30 02:52:18,833 - root - DEBUG - Processing 10-th line out of 24 rows of DP table...
2021-12-30 02:52:18,837 - root - DEBUG - Processing 20-th line out of 24 rows of DP table...
2021-12-30 02:52:18,839 - root - DEBUG - Started computing sf for chromosome 'chr5'...
2021-12-30 02:52:18,840 - root - DEBUG - m=33, n=140
2021-12-30 02:52:18,850 - root - DEBUG - Processing 10-th line out of 33 rows of DP table...
2021-12-30 02:52:18,857 - root - DEBUG - Processing 20-th line out of 33 rows of DP table...
2021-12-30 02:52:18,861 - root - DEBUG - Processing 30-th line out of 33 rows of DP table...
2021-12-30 02:52:18,863 - root - DEBUG - Started computing sf for chromosome 'chr6'...
2021-12-30 02:52:18,864 - root - DEBUG - m=27, n=141
2021-12-30 02:52:18,872 - root - DEBUG - Processing 10-th line out of 27 rows of DP table...
2021-12-30 02:52:18,878 - root - DEBUG - Processing 20-th line out of 27 rows of DP table...
2021-12-30 02:52:18,880 - root - DEBUG - Started computing sf for chromosome 'chr7'...
2021-12-30 02:52:18,881 - root - DEBUG - m=30, n=208
2021-12-30 02:52:18,890 - root - DEBUG - Processing 10-th line out of 30 rows of DP table...
2021-12-30 02:52:18,897 - root - DEBUG - Processing 20-th line out of 30 rows of DP table...
2021-12-30 02:52:18,900 - root - DEBUG - Processing 30-th line out of 30 rows of DP table...
2021-12-30 02:52:18,901 - root - DEBUG - Started computing sf for chromosome 'chr8'...
2021-12-30 02:52:18,903 - root - DEBUG - m=35, n=148
2021-12-30 02:52:18,922 - root - DEBUG - Processing 10-th line out of 35 rows of DP table...
2021-12-30 02:52:18,930 - root - DEBUG - Processing 20-th line out of 35 rows of DP table...
2021-12-30 02:52:18,935 - root - DEBUG - Processing 30-th line out of 35 rows of DP table...
2021-12-30 02:52:18,936 - root - DEBUG - Started computing sf for chromosome 'chr9'...
2021-12-30 02:52:18,937 - root - DEBUG - m=32, n=187
2021-12-30 02:52:18,947 - root - DEBUG - Processing 10-th line out of 32 rows of DP table...
2021-12-30 02:52:18,954 - root - DEBUG - Processing 20-th line out of 32 rows of DP table...
2021-12-30 02:52:18,958 - root - DEBUG - Processing 30-th line out of 32 rows of DP table...
2021-12-30 02:52:18,959 - root - DEBUG - Started computing sf for chromosome 'chr10'...
2021-12-30 02:52:18,989 - root - DEBUG - m=40, n=158
2021-12-30 02:52:19,009 - root - DEBUG - Processing 10-th line out of 40 rows of DP table...
2021-12-30 02:52:19,029 - root - DEBUG - Processing 20-th line out of 40 rows of DP table...
2021-12-30 02:52:19,035 - root - DEBUG - Processing 30-th line out of 40 rows of DP table...
2021-12-30 02:52:19,038 - root - DEBUG - Processing 40-th line out of 40 rows of DP table...
2021-12-30 02:52:19,039 - root - DEBUG - Started computing sf for chromosome 'chr11'...
2021-12-30 02:52:19,040 - root - DEBUG - m=43, n=145
2021-12-30 02:52:19,074 - root - DEBUG - Processing 10-th line out of 43 rows of DP table...
2021-12-30 02:52:19,096 - root - DEBUG - Processing 20-th line out of 43 rows of DP table...
2021-12-30 02:52:19,116 - root - DEBUG - Processing 30-th line out of 43 rows of DP table...
2021-12-30 02:52:19,134 - root - DEBUG - Processing 40-th line out of 43 rows of DP table...
2021-12-30 02:52:19,136 - root - DEBUG - Started computing sf for chromosome 'chr12'...
2021-12-30 02:52:19,136 - root - DEBUG - m=58, n=141
2021-12-30 02:52:19,155 - root - DEBUG - Processing 10-th line out of 58 rows of DP table...
2021-12-30 02:52:19,170 - root - DEBUG - Processing 20-th line out of 58 rows of DP table...
2021-12-30 02:52:19,183 - root - DEBUG - Processing 30-th line out of 58 rows of DP table...
2021-12-30 02:52:19,192 - root - DEBUG - Processing 40-th line out of 58 rows of DP table...
2021-12-30 02:52:19,198 - root - DEBUG - Processing 50-th line out of 58 rows of DP table...
2021-12-30 02:52:19,201 - root - DEBUG - Started computing sf for chromosome 'chr13'...
2021-12-30 02:52:19,201 - root - DEBUG - m=16, n=99
2021-12-30 02:52:19,206 - root - DEBUG - Processing 10-th line out of 16 rows of DP table...
2021-12-30 02:52:19,218 - root - DEBUG - Started computing sf for chromosome 'chr14'...
2021-12-30 02:52:19,246 - root - DEBUG - m=29, n=90
2021-12-30 02:52:19,262 - root - DEBUG - Processing 10-th line out of 29 rows of DP table...
2021-12-30 02:52:19,268 - root - DEBUG - Processing 20-th line out of 29 rows of DP table...
2021-12-30 02:52:19,272 - root - DEBUG - Started computing sf for chromosome 'chr15'...
2021-12-30 02:52:19,273 - root - DEBUG - m=21, n=94
2021-12-30 02:52:19,280 - root - DEBUG - Processing 10-th line out of 21 rows of DP table...
2021-12-30 02:52:19,284 - root - DEBUG - Processing 20-th line out of 21 rows of DP table...
2021-12-30 02:52:19,285 - root - DEBUG - Started computing sf for chromosome 'chr16'...
2021-12-30 02:52:19,286 - root - DEBUG - m=43, n=123
2021-12-30 02:52:19,300 - root - DEBUG - Processing 10-th line out of 43 rows of DP table...
2021-12-30 02:52:19,311 - root - DEBUG - Processing 20-th line out of 43 rows of DP table...
2021-12-30 02:52:19,319 - root - DEBUG - Processing 30-th line out of 43 rows of DP table...
2021-12-30 02:52:19,323 - root - DEBUG - Processing 40-th line out of 43 rows of DP table...
2021-12-30 02:52:19,325 - root - DEBUG - Started computing sf for chromosome 'chr17'...
2021-12-30 02:52:19,326 - root - DEBUG - m=48, n=142
2021-12-30 02:52:19,366 - root - DEBUG - Processing 10-th line out of 48 rows of DP table...
2021-12-30 02:52:19,379 - root - DEBUG - Processing 20-th line out of 48 rows of DP table...
2021-12-30 02:52:19,388 - root - DEBUG - Processing 30-th line out of 48 rows of DP table...
2021-12-30 02:52:19,395 - root - DEBUG - Processing 40-th line out of 48 rows of DP table...
2021-12-30 02:52:19,398 - root - DEBUG - Started computing sf for chromosome 'chr18'...
2021-12-30 02:52:19,399 - root - DEBUG - m=13, n=75
2021-12-30 02:52:19,403 - root - DEBUG - Processing 10-th line out of 13 rows of DP table...
2021-12-30 02:52:19,405 - root - DEBUG - Started computing sf for chromosome 'chr19'...
2021-12-30 02:52:19,406 - root - DEBUG - m=41, n=110
2021-12-30 02:52:19,419 - root - DEBUG - Processing 10-th line out of 41 rows of DP table...
2021-12-30 02:52:19,429 - root - DEBUG - Processing 20-th line out of 41 rows of DP table...
2021-12-30 02:52:19,436 - root - DEBUG - Processing 30-th line out of 41 rows of DP table...
2021-12-30 02:52:19,440 - root - DEBUG - Processing 40-th line out of 41 rows of DP table...
2021-12-30 02:52:19,441 - root - DEBUG - Started computing sf for chromosome 'chr20'...
2021-12-30 02:52:19,442 - root - DEBUG - m=25, n=74
2021-12-30 02:52:19,449 - root - DEBUG - Processing 10-th line out of 25 rows of DP table...
2021-12-30 02:52:19,454 - root - DEBUG - Processing 20-th line out of 25 rows of DP table...
2021-12-30 02:52:19,456 - root - DEBUG - Started computing sf for chromosome 'chr21'...
2021-12-30 02:52:19,456 - root - DEBUG - m=4, n=28
2021-12-30 02:52:19,458 - root - DEBUG - Started computing sf for chromosome 'chr22'...
2021-12-30 02:52:19,459 - root - DEBUG - m=17, n=66
2021-12-30 02:52:19,463 - root - DEBUG - Processing 10-th line out of 17 rows of DP table...
2021-12-30 02:52:19,466 - root - DEBUG - Started computing sf for chromosome 'chrX'...
2021-12-30 02:52:19,466 - root - DEBUG - m=166, n=129
2021-12-30 02:52:19,518 - root - DEBUG - Processing 10-th line out of 166 rows of DP table...
2021-12-30 02:52:19,569 - root - DEBUG - Processing 20-th line out of 166 rows of DP table...
2021-12-30 02:52:19,617 - root - DEBUG - Processing 30-th line out of 166 rows of DP table...
2021-12-30 02:52:19,661 - root - DEBUG - Processing 40-th line out of 166 rows of DP table...
2021-12-30 02:52:19,703 - root - DEBUG - Processing 50-th line out of 166 rows of DP table...
2021-12-30 02:52:19,757 - root - DEBUG - Processing 60-th line out of 166 rows of DP table...
2021-12-30 02:52:19,792 - root - DEBUG - Processing 70-th line out of 166 rows of DP table...
2021-12-30 02:52:19,824 - root - DEBUG - Processing 80-th line out of 166 rows of DP table...
2021-12-30 02:52:19,853 - root - DEBUG - Processing 90-th line out of 166 rows of DP table...
2021-12-30 02:52:19,917 - root - DEBUG - Processing 100-th line out of 166 rows of DP table...
2021-12-30 02:52:19,939 - root - DEBUG - Processing 110-th line out of 166 rows of DP table...
2021-12-30 02:52:19,958 - root - DEBUG - Processing 120-th line out of 166 rows of DP table...
2021-12-30 02:52:19,986 - root - DEBUG - Processing 130-th line out of 166 rows of DP table...
2021-12-30 02:52:20,004 - root - DEBUG - Processing 140-th line out of 166 rows of DP table...
2021-12-30 02:52:20,014 - root - DEBUG - Processing 150-th line out of 166 rows of DP table...
2021-12-30 02:52:20,020 - root - DEBUG - Processing 160-th line out of 166 rows of DP table...
2021-12-30 02:52:20,023 - root - DEBUG - Started computing sf for chromosome 'chrY'...
2021-12-30 02:52:20,033 - root - DEBUG - m=6, n=17
2021-12-30 02:52:20,035 - root - DEBUG - Started computing joint logprobs...
