2021-12-30 06:02:27,871 - root - INFO - Loading reference interval set from '../resources/zarrei2015-2/intervals/HPO-rec.lex-smallest.cds.tsv'...
2021-12-30 06:02:27,874 - root - INFO - Loading query interval set from '../resources/zarrei2015-2/cnv_intervals/inclusive.gain.tsv'...
2021-12-30 06:02:27,881 - root - INFO - Loading chromosome sizes from '../resources/experiment_original/iSTAT/data/hg19_chrom_sizes.txt'...
2021-12-30 06:02:27,887 - root - INFO - Number of reference intervals: 1198 (1205 before merging)
2021-12-30 06:02:27,894 - root - INFO - Number of query intervals: 3132 (3132 before merging)
2021-12-30 06:02:27,895 - root - INFO - Number of chromosomes: 24
2021-12-30 06:02:27,905 - root - INFO - Overlap count: 98
2021-12-30 06:02:27,906 - root - DEBUG - Started computing sf for chromosome 'chr1'...
2021-12-30 06:02:27,916 - root - DEBUG - m=105, n=244
2021-12-30 06:02:27,983 - root - DEBUG - Processing 10-th line out of 105 rows of DP table...
2021-12-30 06:02:28,015 - root - DEBUG - Processing 20-th line out of 105 rows of DP table...
2021-12-30 06:02:28,044 - root - DEBUG - Processing 30-th line out of 105 rows of DP table...
2021-12-30 06:02:28,069 - root - DEBUG - Processing 40-th line out of 105 rows of DP table...
2021-12-30 06:02:28,091 - root - DEBUG - Processing 50-th line out of 105 rows of DP table...
2021-12-30 06:02:28,110 - root - DEBUG - Processing 60-th line out of 105 rows of DP table...
2021-12-30 06:02:28,126 - root - DEBUG - Processing 70-th line out of 105 rows of DP table...
2021-12-30 06:02:28,138 - root - DEBUG - Processing 80-th line out of 105 rows of DP table...
2021-12-30 06:02:28,147 - root - DEBUG - Processing 90-th line out of 105 rows of DP table...
2021-12-30 06:02:28,152 - root - DEBUG - Processing 100-th line out of 105 rows of DP table...
2021-12-30 06:02:28,155 - root - DEBUG - Started computing sf for chromosome 'chr2'...
2021-12-30 06:02:28,156 - root - DEBUG - m=103, n=249
2021-12-30 06:02:28,188 - root - DEBUG - Processing 10-th line out of 103 rows of DP table...
2021-12-30 06:02:28,220 - root - DEBUG - Processing 20-th line out of 103 rows of DP table...
2021-12-30 06:02:28,247 - root - DEBUG - Processing 30-th line out of 103 rows of DP table...
2021-12-30 06:02:28,272 - root - DEBUG - Processing 40-th line out of 103 rows of DP table...
2021-12-30 06:02:28,293 - root - DEBUG - Processing 50-th line out of 103 rows of DP table...
2021-12-30 06:02:28,311 - root - DEBUG - Processing 60-th line out of 103 rows of DP table...
2021-12-30 06:02:28,326 - root - DEBUG - Processing 70-th line out of 103 rows of DP table...
2021-12-30 06:02:28,337 - root - DEBUG - Processing 80-th line out of 103 rows of DP table...
2021-12-30 06:02:28,345 - root - DEBUG - Processing 90-th line out of 103 rows of DP table...
2021-12-30 06:02:28,349 - root - DEBUG - Processing 100-th line out of 103 rows of DP table...
2021-12-30 06:02:28,351 - root - DEBUG - Started computing sf for chromosome 'chr3'...
2021-12-30 06:02:28,352 - root - DEBUG - m=69, n=140
2021-12-30 06:02:28,373 - root - DEBUG - Processing 10-th line out of 69 rows of DP table...
2021-12-30 06:02:28,392 - root - DEBUG - Processing 20-th line out of 69 rows of DP table...
2021-12-30 06:02:28,408 - root - DEBUG - Processing 30-th line out of 69 rows of DP table...
2021-12-30 06:02:28,421 - root - DEBUG - Processing 40-th line out of 69 rows of DP table...
2021-12-30 06:02:28,431 - root - DEBUG - Processing 50-th line out of 69 rows of DP table...
2021-12-30 06:02:28,437 - root - DEBUG - Processing 60-th line out of 69 rows of DP table...
2021-12-30 06:02:28,440 - root - DEBUG - Started computing sf for chromosome 'chr4'...
2021-12-30 06:02:28,441 - root - DEBUG - m=51, n=184
2021-12-30 06:02:28,457 - root - DEBUG - Processing 10-th line out of 51 rows of DP table...
2021-12-30 06:02:28,470 - root - DEBUG - Processing 20-th line out of 51 rows of DP table...
2021-12-30 06:02:28,480 - root - DEBUG - Processing 30-th line out of 51 rows of DP table...
2021-12-30 06:02:28,487 - root - DEBUG - Processing 40-th line out of 51 rows of DP table...
2021-12-30 06:02:28,490 - root - DEBUG - Processing 50-th line out of 51 rows of DP table...
2021-12-30 06:02:28,492 - root - DEBUG - Started computing sf for chromosome 'chr5'...
2021-12-30 06:02:28,492 - root - DEBUG - m=52, n=140
2021-12-30 06:02:28,508 - root - DEBUG - Processing 10-th line out of 52 rows of DP table...
2021-12-30 06:02:28,522 - root - DEBUG - Processing 20-th line out of 52 rows of DP table...
2021-12-30 06:02:28,532 - root - DEBUG - Processing 30-th line out of 52 rows of DP table...
2021-12-30 06:02:28,540 - root - DEBUG - Processing 40-th line out of 52 rows of DP table...
2021-12-30 06:02:28,543 - root - DEBUG - Processing 50-th line out of 52 rows of DP table...
2021-12-30 06:02:28,545 - root - DEBUG - Started computing sf for chromosome 'chr6'...
2021-12-30 06:02:28,545 - root - DEBUG - m=67, n=141
2021-12-30 06:02:28,566 - root - DEBUG - Processing 10-th line out of 67 rows of DP table...
2021-12-30 06:02:28,585 - root - DEBUG - Processing 20-th line out of 67 rows of DP table...
2021-12-30 06:02:28,600 - root - DEBUG - Processing 30-th line out of 67 rows of DP table...
2021-12-30 06:02:28,612 - root - DEBUG - Processing 40-th line out of 67 rows of DP table...
2021-12-30 06:02:28,621 - root - DEBUG - Processing 50-th line out of 67 rows of DP table...
2021-12-30 06:02:28,627 - root - DEBUG - Processing 60-th line out of 67 rows of DP table...
2021-12-30 06:02:28,629 - root - DEBUG - Started computing sf for chromosome 'chr7'...
2021-12-30 06:02:28,630 - root - DEBUG - m=55, n=208
2021-12-30 06:02:28,647 - root - DEBUG - Processing 10-th line out of 55 rows of DP table...
2021-12-30 06:02:28,662 - root - DEBUG - Processing 20-th line out of 55 rows of DP table...
2021-12-30 06:02:28,673 - root - DEBUG - Processing 30-th line out of 55 rows of DP table...
2021-12-30 06:02:28,681 - root - DEBUG - Processing 40-th line out of 55 rows of DP table...
2021-12-30 06:02:28,686 - root - DEBUG - Processing 50-th line out of 55 rows of DP table...
2021-12-30 06:02:28,688 - root - DEBUG - Started computing sf for chromosome 'chr8'...
2021-12-30 06:02:28,689 - root - DEBUG - m=45, n=148
2021-12-30 06:02:28,703 - root - DEBUG - Processing 10-th line out of 45 rows of DP table...
2021-12-30 06:02:28,715 - root - DEBUG - Processing 20-th line out of 45 rows of DP table...
2021-12-30 06:02:28,723 - root - DEBUG - Processing 30-th line out of 45 rows of DP table...
2021-12-30 06:02:28,728 - root - DEBUG - Processing 40-th line out of 45 rows of DP table...
2021-12-30 06:02:28,730 - root - DEBUG - Started computing sf for chromosome 'chr9'...
2021-12-30 06:02:28,731 - root - DEBUG - m=58, n=187
2021-12-30 06:02:28,748 - root - DEBUG - Processing 10-th line out of 58 rows of DP table...
2021-12-30 06:02:28,764 - root - DEBUG - Processing 20-th line out of 58 rows of DP table...
2021-12-30 06:02:28,777 - root - DEBUG - Processing 30-th line out of 58 rows of DP table...
2021-12-30 06:02:28,786 - root - DEBUG - Processing 40-th line out of 58 rows of DP table...
2021-12-30 06:02:28,792 - root - DEBUG - Processing 50-th line out of 58 rows of DP table...
2021-12-30 06:02:28,795 - root - DEBUG - Started computing sf for chromosome 'chr10'...
2021-12-30 06:02:28,795 - root - DEBUG - m=49, n=158
2021-12-30 06:02:28,811 - root - DEBUG - Processing 10-th line out of 49 rows of DP table...
2021-12-30 06:02:28,823 - root - DEBUG - Processing 20-th line out of 49 rows of DP table...
2021-12-30 06:02:28,833 - root - DEBUG - Processing 30-th line out of 49 rows of DP table...
2021-12-30 06:02:28,839 - root - DEBUG - Processing 40-th line out of 49 rows of DP table...
2021-12-30 06:02:28,843 - root - DEBUG - Started computing sf for chromosome 'chr11'...
2021-12-30 06:02:28,843 - root - DEBUG - m=85, n=145
2021-12-30 06:02:28,870 - root - DEBUG - Processing 10-th line out of 85 rows of DP table...
2021-12-30 06:02:28,894 - root - DEBUG - Processing 20-th line out of 85 rows of DP table...
2021-12-30 06:02:28,915 - root - DEBUG - Processing 30-th line out of 85 rows of DP table...
2021-12-30 06:02:28,934 - root - DEBUG - Processing 40-th line out of 85 rows of DP table...
2021-12-30 06:02:28,948 - root - DEBUG - Processing 50-th line out of 85 rows of DP table...
2021-12-30 06:02:28,960 - root - DEBUG - Processing 60-th line out of 85 rows of DP table...
2021-12-30 06:02:28,968 - root - DEBUG - Processing 70-th line out of 85 rows of DP table...
2021-12-30 06:02:28,973 - root - DEBUG - Processing 80-th line out of 85 rows of DP table...
2021-12-30 06:02:28,975 - root - DEBUG - Started computing sf for chromosome 'chr12'...
2021-12-30 06:02:28,976 - root - DEBUG - m=61, n=141
2021-12-30 06:02:28,996 - root - DEBUG - Processing 10-th line out of 61 rows of DP table...
2021-12-30 06:02:29,012 - root - DEBUG - Processing 20-th line out of 61 rows of DP table...
2021-12-30 06:02:29,026 - root - DEBUG - Processing 30-th line out of 61 rows of DP table...
2021-12-30 06:02:29,036 - root - DEBUG - Processing 40-th line out of 61 rows of DP table...
2021-12-30 06:02:29,043 - root - DEBUG - Processing 50-th line out of 61 rows of DP table...
2021-12-30 06:02:29,046 - root - DEBUG - Processing 60-th line out of 61 rows of DP table...
2021-12-30 06:02:29,047 - root - DEBUG - Started computing sf for chromosome 'chr13'...
2021-12-30 06:02:29,048 - root - DEBUG - m=26, n=99
2021-12-30 06:02:29,056 - root - DEBUG - Processing 10-th line out of 26 rows of DP table...
2021-12-30 06:02:29,061 - root - DEBUG - Processing 20-th line out of 26 rows of DP table...
2021-12-30 06:02:29,063 - root - DEBUG - Started computing sf for chromosome 'chr14'...
2021-12-30 06:02:29,064 - root - DEBUG - m=43, n=90
2021-12-30 06:02:29,077 - root - DEBUG - Processing 10-th line out of 43 rows of DP table...
2021-12-30 06:02:29,087 - root - DEBUG - Processing 20-th line out of 43 rows of DP table...
2021-12-30 06:02:29,095 - root - DEBUG - Processing 30-th line out of 43 rows of DP table...
2021-12-30 06:02:29,099 - root - DEBUG - Processing 40-th line out of 43 rows of DP table...
2021-12-30 06:02:29,100 - root - DEBUG - Started computing sf for chromosome 'chr15'...
2021-12-30 06:02:29,102 - root - DEBUG - m=43, n=94
2021-12-30 06:02:29,115 - root - DEBUG - Processing 10-th line out of 43 rows of DP table...
2021-12-30 06:02:29,126 - root - DEBUG - Processing 20-th line out of 43 rows of DP table...
2021-12-30 06:02:29,134 - root - DEBUG - Processing 30-th line out of 43 rows of DP table...
2021-12-30 06:02:29,144 - root - DEBUG - Processing 40-th line out of 43 rows of DP table...
2021-12-30 06:02:29,147 - root - DEBUG - Started computing sf for chromosome 'chr16'...
2021-12-30 06:02:29,148 - root - DEBUG - m=62, n=123
2021-12-30 06:02:29,168 - root - DEBUG - Processing 10-th line out of 62 rows of DP table...
2021-12-30 06:02:29,186 - root - DEBUG - Processing 20-th line out of 62 rows of DP table...
2021-12-30 06:02:29,200 - root - DEBUG - Processing 30-th line out of 62 rows of DP table...
2021-12-30 06:02:29,211 - root - DEBUG - Processing 40-th line out of 62 rows of DP table...
2021-12-30 06:02:29,218 - root - DEBUG - Processing 50-th line out of 62 rows of DP table...
2021-12-30 06:02:29,222 - root - DEBUG - Processing 60-th line out of 62 rows of DP table...
2021-12-30 06:02:29,224 - root - DEBUG - Started computing sf for chromosome 'chr17'...
2021-12-30 06:02:29,226 - root - DEBUG - m=63, n=142
2021-12-30 06:02:29,246 - root - DEBUG - Processing 10-th line out of 63 rows of DP table...
2021-12-30 06:02:29,263 - root - DEBUG - Processing 20-th line out of 63 rows of DP table...
2021-12-30 06:02:29,278 - root - DEBUG - Processing 30-th line out of 63 rows of DP table...
2021-12-30 06:02:29,289 - root - DEBUG - Processing 40-th line out of 63 rows of DP table...
2021-12-30 06:02:29,297 - root - DEBUG - Processing 50-th line out of 63 rows of DP table...
2021-12-30 06:02:29,302 - root - DEBUG - Processing 60-th line out of 63 rows of DP table...
2021-12-30 06:02:29,304 - root - DEBUG - Started computing sf for chromosome 'chr18'...
2021-12-30 06:02:29,305 - root - DEBUG - m=19, n=75
2021-12-30 06:02:29,311 - root - DEBUG - Processing 10-th line out of 19 rows of DP table...
2021-12-30 06:02:29,315 - root - DEBUG - Started computing sf for chromosome 'chr19'...
2021-12-30 06:02:29,316 - root - DEBUG - m=59, n=110
2021-12-30 06:02:29,335 - root - DEBUG - Processing 10-th line out of 59 rows of DP table...
2021-12-30 06:02:29,352 - root - DEBUG - Processing 20-th line out of 59 rows of DP table...
2021-12-30 06:02:29,365 - root - DEBUG - Processing 30-th line out of 59 rows of DP table...
2021-12-30 06:02:29,375 - root - DEBUG - Processing 40-th line out of 59 rows of DP table...
2021-12-30 06:02:29,381 - root - DEBUG - Processing 50-th line out of 59 rows of DP table...
2021-12-30 06:02:29,384 - root - DEBUG - Started computing sf for chromosome 'chr20'...
2021-12-30 06:02:29,384 - root - DEBUG - m=30, n=74
2021-12-30 06:02:29,393 - root - DEBUG - Processing 10-th line out of 30 rows of DP table...
2021-12-30 06:02:29,400 - root - DEBUG - Processing 20-th line out of 30 rows of DP table...
2021-12-30 06:02:29,403 - root - DEBUG - Processing 30-th line out of 30 rows of DP table...
2021-12-30 06:02:29,404 - root - DEBUG - Started computing sf for chromosome 'chr21'...
2021-12-30 06:02:29,404 - root - DEBUG - m=14, n=28
2021-12-30 06:02:29,408 - root - DEBUG - Processing 10-th line out of 14 rows of DP table...
2021-12-30 06:02:29,410 - root - DEBUG - Started computing sf for chromosome 'chr22'...
2021-12-30 06:02:29,411 - root - DEBUG - m=38, n=66
2021-12-30 06:02:29,422 - root - DEBUG - Processing 10-th line out of 38 rows of DP table...
2021-12-30 06:02:29,431 - root - DEBUG - Processing 20-th line out of 38 rows of DP table...
2021-12-30 06:02:29,437 - root - DEBUG - Processing 30-th line out of 38 rows of DP table...
2021-12-30 06:02:29,439 - root - DEBUG - Started computing sf for chromosome 'chrX'...
2021-12-30 06:02:29,440 - root - DEBUG - m=1, n=129
2021-12-30 06:02:29,441 - root - DEBUG - Started computing sf for chromosome 'chrY'...
2021-12-30 06:02:29,442 - root - DEBUG - m=0, n=17
2021-12-30 06:02:29,442 - root - DEBUG - Started computing joint logprobs...
