2022-01-01 03:33:07,676 - root - INFO - Loading reference interval set from '../resources/zarrei2015-2/intervals/HPO-dom.all.trans.tsv'...
2022-01-01 03:33:07,682 - root - INFO - Loading query interval set from '../resources/zarrei2015-2/cnv_intervals/stringent.gain.tsv'...
2022-01-01 03:33:07,684 - root - INFO - Loading chromosome sizes from '../resources/experiment_original/iSTAT/data/hg19_chrom_sizes.txt'...
2022-01-01 03:33:07,688 - root - INFO - Number of reference intervals: 990 (4338 before merging)
2022-01-01 03:33:07,689 - root - INFO - Number of query intervals: 1169 (1169 before merging)
2022-01-01 03:33:07,689 - root - INFO - Number of chromosomes: 24
2022-01-01 03:33:07,692 - root - INFO - Overlap count: 42
2022-01-01 03:33:07,693 - root - DEBUG - Started computing sf for chromosome 'chr1'...
2022-01-01 03:33:07,694 - root - DEBUG - m=75, n=92
2022-01-01 03:33:07,717 - root - DEBUG - Processing 10-th line out of 75 rows of DP table...
2022-01-01 03:33:07,739 - root - DEBUG - Processing 20-th line out of 75 rows of DP table...
2022-01-01 03:33:07,757 - root - DEBUG - Processing 30-th line out of 75 rows of DP table...
2022-01-01 03:33:07,772 - root - DEBUG - Processing 40-th line out of 75 rows of DP table...
2022-01-01 03:33:07,783 - root - DEBUG - Processing 50-th line out of 75 rows of DP table...
2022-01-01 03:33:07,792 - root - DEBUG - Processing 60-th line out of 75 rows of DP table...
2022-01-01 03:33:07,797 - root - DEBUG - Processing 70-th line out of 75 rows of DP table...
2022-01-01 03:33:07,800 - root - DEBUG - Started computing sf for chromosome 'chr2'...
2022-01-01 03:33:07,801 - root - DEBUG - m=46, n=96
2022-01-01 03:33:07,815 - root - DEBUG - Processing 10-th line out of 46 rows of DP table...
2022-01-01 03:33:07,827 - root - DEBUG - Processing 20-th line out of 46 rows of DP table...
2022-01-01 03:33:07,835 - root - DEBUG - Processing 30-th line out of 46 rows of DP table...
2022-01-01 03:33:07,841 - root - DEBUG - Processing 40-th line out of 46 rows of DP table...
2022-01-01 03:33:07,843 - root - DEBUG - Started computing sf for chromosome 'chr3'...
2022-01-01 03:33:07,844 - root - DEBUG - m=56, n=49
2022-01-01 03:33:07,862 - root - DEBUG - Processing 10-th line out of 56 rows of DP table...
2022-01-01 03:33:07,877 - root - DEBUG - Processing 20-th line out of 56 rows of DP table...
2022-01-01 03:33:07,889 - root - DEBUG - Processing 30-th line out of 56 rows of DP table...
2022-01-01 03:33:07,898 - root - DEBUG - Processing 40-th line out of 56 rows of DP table...
2022-01-01 03:33:07,903 - root - DEBUG - Processing 50-th line out of 56 rows of DP table...
2022-01-01 03:33:07,905 - root - DEBUG - Started computing sf for chromosome 'chr4'...
2022-01-01 03:33:07,906 - root - DEBUG - m=29, n=68
2022-01-01 03:33:07,915 - root - DEBUG - Processing 10-th line out of 29 rows of DP table...
2022-01-01 03:33:07,921 - root - DEBUG - Processing 20-th line out of 29 rows of DP table...
2022-01-01 03:33:07,924 - root - DEBUG - Started computing sf for chromosome 'chr5'...
2022-01-01 03:33:07,925 - root - DEBUG - m=34, n=61
2022-01-01 03:33:07,935 - root - DEBUG - Processing 10-th line out of 34 rows of DP table...
2022-01-01 03:33:07,943 - root - DEBUG - Processing 20-th line out of 34 rows of DP table...
2022-01-01 03:33:07,948 - root - DEBUG - Processing 30-th line out of 34 rows of DP table...
2022-01-01 03:33:07,949 - root - DEBUG - Started computing sf for chromosome 'chr6'...
2022-01-01 03:33:07,950 - root - DEBUG - m=30, n=46
2022-01-01 03:33:07,959 - root - DEBUG - Processing 10-th line out of 30 rows of DP table...
2022-01-01 03:33:07,965 - root - DEBUG - Processing 20-th line out of 30 rows of DP table...
2022-01-01 03:33:07,969 - root - DEBUG - Processing 30-th line out of 30 rows of DP table...
2022-01-01 03:33:07,970 - root - DEBUG - Started computing sf for chromosome 'chr7'...
2022-01-01 03:33:07,970 - root - DEBUG - m=34, n=89
2022-01-01 03:33:07,981 - root - DEBUG - Processing 10-th line out of 34 rows of DP table...
2022-01-01 03:33:07,989 - root - DEBUG - Processing 20-th line out of 34 rows of DP table...
2022-01-01 03:33:07,993 - root - DEBUG - Processing 30-th line out of 34 rows of DP table...
2022-01-01 03:33:07,995 - root - DEBUG - Started computing sf for chromosome 'chr8'...
2022-01-01 03:33:07,996 - root - DEBUG - m=37, n=59
2022-01-01 03:33:08,007 - root - DEBUG - Processing 10-th line out of 37 rows of DP table...
2022-01-01 03:33:08,016 - root - DEBUG - Processing 20-th line out of 37 rows of DP table...
2022-01-01 03:33:08,021 - root - DEBUG - Processing 30-th line out of 37 rows of DP table...
2022-01-01 03:33:08,024 - root - DEBUG - Started computing sf for chromosome 'chr9'...
2022-01-01 03:33:08,025 - root - DEBUG - m=34, n=62
2022-01-01 03:33:08,035 - root - DEBUG - Processing 10-th line out of 34 rows of DP table...
2022-01-01 03:33:08,044 - root - DEBUG - Processing 20-th line out of 34 rows of DP table...
2022-01-01 03:33:08,049 - root - DEBUG - Processing 30-th line out of 34 rows of DP table...
2022-01-01 03:33:08,050 - root - DEBUG - Started computing sf for chromosome 'chr10'...
2022-01-01 03:33:08,051 - root - DEBUG - m=41, n=45
2022-01-01 03:33:08,064 - root - DEBUG - Processing 10-th line out of 41 rows of DP table...
2022-01-01 03:33:08,074 - root - DEBUG - Processing 20-th line out of 41 rows of DP table...
2022-01-01 03:33:08,081 - root - DEBUG - Processing 30-th line out of 41 rows of DP table...
2022-01-01 03:33:08,085 - root - DEBUG - Processing 40-th line out of 41 rows of DP table...
2022-01-01 03:33:08,086 - root - DEBUG - Started computing sf for chromosome 'chr11'...
2022-01-01 03:33:08,087 - root - DEBUG - m=50, n=63
2022-01-01 03:33:08,102 - root - DEBUG - Processing 10-th line out of 50 rows of DP table...
2022-01-01 03:33:08,116 - root - DEBUG - Processing 20-th line out of 50 rows of DP table...
2022-01-01 03:33:08,126 - root - DEBUG - Processing 30-th line out of 50 rows of DP table...
2022-01-01 03:33:08,132 - root - DEBUG - Processing 40-th line out of 50 rows of DP table...
2022-01-01 03:33:08,137 - root - DEBUG - Processing 50-th line out of 50 rows of DP table...
2022-01-01 03:33:08,138 - root - DEBUG - Started computing sf for chromosome 'chr12'...
2022-01-01 03:33:08,139 - root - DEBUG - m=58, n=38
2022-01-01 03:33:08,158 - root - DEBUG - Processing 10-th line out of 58 rows of DP table...
2022-01-01 03:33:08,174 - root - DEBUG - Processing 20-th line out of 58 rows of DP table...
2022-01-01 03:33:08,187 - root - DEBUG - Processing 30-th line out of 58 rows of DP table...
2022-01-01 03:33:08,196 - root - DEBUG - Processing 40-th line out of 58 rows of DP table...
2022-01-01 03:33:08,202 - root - DEBUG - Processing 50-th line out of 58 rows of DP table...
2022-01-01 03:33:08,204 - root - DEBUG - Started computing sf for chromosome 'chr13'...
2022-01-01 03:33:08,205 - root - DEBUG - m=22, n=32
2022-01-01 03:33:08,212 - root - DEBUG - Processing 10-th line out of 22 rows of DP table...
2022-01-01 03:33:08,216 - root - DEBUG - Processing 20-th line out of 22 rows of DP table...
2022-01-01 03:33:08,217 - root - DEBUG - Started computing sf for chromosome 'chr14'...
2022-01-01 03:33:08,218 - root - DEBUG - m=32, n=31
2022-01-01 03:33:08,227 - root - DEBUG - Processing 10-th line out of 32 rows of DP table...
2022-01-01 03:33:08,235 - root - DEBUG - Processing 20-th line out of 32 rows of DP table...
2022-01-01 03:33:08,238 - root - DEBUG - Processing 30-th line out of 32 rows of DP table...
2022-01-01 03:33:08,239 - root - DEBUG - Started computing sf for chromosome 'chr15'...
2022-01-01 03:33:08,242 - root - DEBUG - m=23, n=50
2022-01-01 03:33:08,249 - root - DEBUG - Processing 10-th line out of 23 rows of DP table...
2022-01-01 03:33:08,253 - root - DEBUG - Processing 20-th line out of 23 rows of DP table...
2022-01-01 03:33:08,254 - root - DEBUG - Started computing sf for chromosome 'chr16'...
2022-01-01 03:33:08,255 - root - DEBUG - m=43, n=46
2022-01-01 03:33:08,268 - root - DEBUG - Processing 10-th line out of 43 rows of DP table...
2022-01-01 03:33:08,280 - root - DEBUG - Processing 20-th line out of 43 rows of DP table...
2022-01-01 03:33:08,287 - root - DEBUG - Processing 30-th line out of 43 rows of DP table...
2022-01-01 03:33:08,291 - root - DEBUG - Processing 40-th line out of 43 rows of DP table...
2022-01-01 03:33:08,311 - root - DEBUG - Started computing sf for chromosome 'chr17'...
2022-01-01 03:33:08,312 - root - DEBUG - m=56, n=59
2022-01-01 03:33:08,334 - root - DEBUG - Processing 10-th line out of 56 rows of DP table...
2022-01-01 03:33:08,349 - root - DEBUG - Processing 20-th line out of 56 rows of DP table...
2022-01-01 03:33:08,362 - root - DEBUG - Processing 30-th line out of 56 rows of DP table...
2022-01-01 03:33:08,371 - root - DEBUG - Processing 40-th line out of 56 rows of DP table...
2022-01-01 03:33:08,376 - root - DEBUG - Processing 50-th line out of 56 rows of DP table...
2022-01-01 03:33:08,379 - root - DEBUG - Started computing sf for chromosome 'chr18'...
2022-01-01 03:33:08,381 - root - DEBUG - m=14, n=29
2022-01-01 03:33:08,387 - root - DEBUG - Processing 10-th line out of 14 rows of DP table...
2022-01-01 03:33:08,391 - root - DEBUG - Started computing sf for chromosome 'chr19'...
2022-01-01 03:33:08,392 - root - DEBUG - m=45, n=47
2022-01-01 03:33:08,407 - root - DEBUG - Processing 10-th line out of 45 rows of DP table...
2022-01-01 03:33:08,419 - root - DEBUG - Processing 20-th line out of 45 rows of DP table...
2022-01-01 03:33:08,428 - root - DEBUG - Processing 30-th line out of 45 rows of DP table...
2022-01-01 03:33:08,433 - root - DEBUG - Processing 40-th line out of 45 rows of DP table...
2022-01-01 03:33:08,435 - root - DEBUG - Started computing sf for chromosome 'chr20'...
2022-01-01 03:33:08,437 - root - DEBUG - m=28, n=22
2022-01-01 03:33:08,446 - root - DEBUG - Processing 10-th line out of 28 rows of DP table...
2022-01-01 03:33:08,452 - root - DEBUG - Processing 20-th line out of 28 rows of DP table...
2022-01-01 03:33:08,455 - root - DEBUG - Started computing sf for chromosome 'chr21'...
2022-01-01 03:33:08,457 - root - DEBUG - m=5, n=11
2022-01-01 03:33:08,459 - root - DEBUG - Started computing sf for chromosome 'chr22'...
2022-01-01 03:33:08,460 - root - DEBUG - m=18, n=28
2022-01-01 03:33:08,466 - root - DEBUG - Processing 10-th line out of 18 rows of DP table...
2022-01-01 03:33:08,469 - root - DEBUG - Started computing sf for chromosome 'chrX'...
2022-01-01 03:33:08,470 - root - DEBUG - m=174, n=46
2022-01-01 03:33:08,525 - root - DEBUG - Processing 10-th line out of 174 rows of DP table...
2022-01-01 03:33:08,579 - root - DEBUG - Processing 20-th line out of 174 rows of DP table...
2022-01-01 03:33:08,631 - root - DEBUG - Processing 30-th line out of 174 rows of DP table...
2022-01-01 03:33:08,679 - root - DEBUG - Processing 40-th line out of 174 rows of DP table...
2022-01-01 03:33:08,723 - root - DEBUG - Processing 50-th line out of 174 rows of DP table...
2022-01-01 03:33:08,775 - root - DEBUG - Processing 60-th line out of 174 rows of DP table...
2022-01-01 03:33:08,814 - root - DEBUG - Processing 70-th line out of 174 rows of DP table...
2022-01-01 03:33:08,848 - root - DEBUG - Processing 80-th line out of 174 rows of DP table...
2022-01-01 03:33:08,880 - root - DEBUG - Processing 90-th line out of 174 rows of DP table...
2022-01-01 03:33:08,908 - root - DEBUG - Processing 100-th line out of 174 rows of DP table...
2022-01-01 03:33:08,933 - root - DEBUG - Processing 110-th line out of 174 rows of DP table...
2022-01-01 03:33:08,955 - root - DEBUG - Processing 120-th line out of 174 rows of DP table...
2022-01-01 03:33:08,973 - root - DEBUG - Processing 130-th line out of 174 rows of DP table...
2022-01-01 03:33:09,012 - root - DEBUG - Processing 140-th line out of 174 rows of DP table...
2022-01-01 03:33:09,024 - root - DEBUG - Processing 150-th line out of 174 rows of DP table...
2022-01-01 03:33:09,033 - root - DEBUG - Processing 160-th line out of 174 rows of DP table...
2022-01-01 03:33:09,038 - root - DEBUG - Processing 170-th line out of 174 rows of DP table...
2022-01-01 03:33:09,041 - root - DEBUG - Started computing sf for chromosome 'chrY'...
2022-01-01 03:33:09,042 - root - DEBUG - m=6, n=0
2022-01-01 03:33:09,043 - root - DEBUG - Started computing joint logprobs...
