2021-12-30 05:52:29,706 - root - INFO - Loading reference interval set from '../resources/zarrei2015-2/intervals/ISCA-loss.lex-smallest.intron.tsv'...
2021-12-30 05:52:29,710 - root - INFO - Loading query interval set from '../resources/zarrei2015-2/cnv_intervals/stringent.loss.tsv'...
2021-12-30 05:52:29,722 - root - INFO - Loading chromosome sizes from '../resources/experiment_original/iSTAT/data/hg19_chrom_sizes.txt'...
2021-12-30 05:52:29,732 - root - INFO - Number of reference intervals: 3598 (3619 before merging)
2021-12-30 05:52:29,733 - root - INFO - Number of query intervals: 11530 (11530 before merging)
2021-12-30 05:52:29,733 - root - INFO - Number of chromosomes: 24
2021-12-30 05:52:29,747 - root - INFO - Overlap count: 118
2021-12-30 05:52:29,748 - root - DEBUG - Started computing sf for chromosome 'chr1'...
2021-12-30 05:52:29,749 - root - DEBUG - m=170, n=803
2021-12-30 05:52:29,805 - root - DEBUG - Processing 10-th line out of 170 rows of DP table...
2021-12-30 05:52:29,860 - root - DEBUG - Processing 20-th line out of 170 rows of DP table...
2021-12-30 05:52:29,912 - root - DEBUG - Processing 30-th line out of 170 rows of DP table...
2021-12-30 05:52:29,961 - root - DEBUG - Processing 40-th line out of 170 rows of DP table...
2021-12-30 05:52:30,006 - root - DEBUG - Processing 50-th line out of 170 rows of DP table...
2021-12-30 05:52:30,048 - root - DEBUG - Processing 60-th line out of 170 rows of DP table...
2021-12-30 05:52:30,087 - root - DEBUG - Processing 70-th line out of 170 rows of DP table...
2021-12-30 05:52:30,122 - root - DEBUG - Processing 80-th line out of 170 rows of DP table...
2021-12-30 05:52:30,153 - root - DEBUG - Processing 90-th line out of 170 rows of DP table...
2021-12-30 05:52:30,182 - root - DEBUG - Processing 100-th line out of 170 rows of DP table...
2021-12-30 05:52:30,207 - root - DEBUG - Processing 110-th line out of 170 rows of DP table...
2021-12-30 05:52:30,228 - root - DEBUG - Processing 120-th line out of 170 rows of DP table...
2021-12-30 05:52:30,245 - root - DEBUG - Processing 130-th line out of 170 rows of DP table...
2021-12-30 05:52:30,260 - root - DEBUG - Processing 140-th line out of 170 rows of DP table...
2021-12-30 05:52:30,271 - root - DEBUG - Processing 150-th line out of 170 rows of DP table...
2021-12-30 05:52:30,278 - root - DEBUG - Processing 160-th line out of 170 rows of DP table...
2021-12-30 05:52:30,282 - root - DEBUG - Processing 170-th line out of 170 rows of DP table...
2021-12-30 05:52:30,285 - root - DEBUG - Started computing sf for chromosome 'chr2'...
2021-12-30 05:52:30,286 - root - DEBUG - m=207, n=895
2021-12-30 05:52:30,353 - root - DEBUG - Processing 10-th line out of 207 rows of DP table...
2021-12-30 05:52:30,419 - root - DEBUG - Processing 20-th line out of 207 rows of DP table...
2021-12-30 05:52:30,482 - root - DEBUG - Processing 30-th line out of 207 rows of DP table...
2021-12-30 05:52:30,542 - root - DEBUG - Processing 40-th line out of 207 rows of DP table...
2021-12-30 05:52:30,599 - root - DEBUG - Processing 50-th line out of 207 rows of DP table...
2021-12-30 05:52:30,652 - root - DEBUG - Processing 60-th line out of 207 rows of DP table...
2021-12-30 05:52:30,702 - root - DEBUG - Processing 70-th line out of 207 rows of DP table...
2021-12-30 05:52:30,748 - root - DEBUG - Processing 80-th line out of 207 rows of DP table...
2021-12-30 05:52:30,791 - root - DEBUG - Processing 90-th line out of 207 rows of DP table...
2021-12-30 05:52:30,831 - root - DEBUG - Processing 100-th line out of 207 rows of DP table...
2021-12-30 05:52:30,867 - root - DEBUG - Processing 110-th line out of 207 rows of DP table...
2021-12-30 05:52:30,900 - root - DEBUG - Processing 120-th line out of 207 rows of DP table...
2021-12-30 05:52:30,930 - root - DEBUG - Processing 130-th line out of 207 rows of DP table...
2021-12-30 05:52:30,957 - root - DEBUG - Processing 140-th line out of 207 rows of DP table...
2021-12-30 05:52:30,980 - root - DEBUG - Processing 150-th line out of 207 rows of DP table...
2021-12-30 05:52:31,029 - root - DEBUG - Processing 160-th line out of 207 rows of DP table...
2021-12-30 05:52:31,046 - root - DEBUG - Processing 170-th line out of 207 rows of DP table...
2021-12-30 05:52:31,060 - root - DEBUG - Processing 180-th line out of 207 rows of DP table...
2021-12-30 05:52:31,072 - root - DEBUG - Processing 190-th line out of 207 rows of DP table...
2021-12-30 05:52:31,079 - root - DEBUG - Processing 200-th line out of 207 rows of DP table...
2021-12-30 05:52:31,083 - root - DEBUG - Started computing sf for chromosome 'chr3'...
2021-12-30 05:52:31,086 - root - DEBUG - m=84, n=686
2021-12-30 05:52:31,114 - root - DEBUG - Processing 10-th line out of 84 rows of DP table...
2021-12-30 05:52:31,139 - root - DEBUG - Processing 20-th line out of 84 rows of DP table...
2021-12-30 05:52:31,161 - root - DEBUG - Processing 30-th line out of 84 rows of DP table...
2021-12-30 05:52:31,180 - root - DEBUG - Processing 40-th line out of 84 rows of DP table...
2021-12-30 05:52:31,195 - root - DEBUG - Processing 50-th line out of 84 rows of DP table...
2021-12-30 05:52:31,207 - root - DEBUG - Processing 60-th line out of 84 rows of DP table...
2021-12-30 05:52:31,216 - root - DEBUG - Processing 70-th line out of 84 rows of DP table...
2021-12-30 05:52:31,221 - root - DEBUG - Processing 80-th line out of 84 rows of DP table...
2021-12-30 05:52:31,223 - root - DEBUG - Started computing sf for chromosome 'chr4'...
2021-12-30 05:52:31,225 - root - DEBUG - m=25, n=866
2021-12-30 05:52:31,233 - root - DEBUG - Processing 10-th line out of 25 rows of DP table...
2021-12-30 05:52:31,238 - root - DEBUG - Processing 20-th line out of 25 rows of DP table...
2021-12-30 05:52:31,240 - root - DEBUG - Started computing sf for chromosome 'chr5'...
2021-12-30 05:52:31,242 - root - DEBUG - m=140, n=694
2021-12-30 05:52:31,287 - root - DEBUG - Processing 10-th line out of 140 rows of DP table...
2021-12-30 05:52:31,332 - root - DEBUG - Processing 20-th line out of 140 rows of DP table...
2021-12-30 05:52:31,373 - root - DEBUG - Processing 30-th line out of 140 rows of DP table...
2021-12-30 05:52:31,411 - root - DEBUG - Processing 40-th line out of 140 rows of DP table...
2021-12-30 05:52:31,445 - root - DEBUG - Processing 50-th line out of 140 rows of DP table...
2021-12-30 05:52:31,475 - root - DEBUG - Processing 60-th line out of 140 rows of DP table...
2021-12-30 05:52:31,502 - root - DEBUG - Processing 70-th line out of 140 rows of DP table...
2021-12-30 05:52:31,526 - root - DEBUG - Processing 80-th line out of 140 rows of DP table...
2021-12-30 05:52:31,547 - root - DEBUG - Processing 90-th line out of 140 rows of DP table...
2021-12-30 05:52:31,564 - root - DEBUG - Processing 100-th line out of 140 rows of DP table...
2021-12-30 05:52:31,577 - root - DEBUG - Processing 110-th line out of 140 rows of DP table...
2021-12-30 05:52:31,588 - root - DEBUG - Processing 120-th line out of 140 rows of DP table...
2021-12-30 05:52:31,594 - root - DEBUG - Processing 130-th line out of 140 rows of DP table...
2021-12-30 05:52:31,598 - root - DEBUG - Processing 140-th line out of 140 rows of DP table...
2021-12-30 05:52:31,599 - root - DEBUG - Started computing sf for chromosome 'chr6'...
2021-12-30 05:52:31,601 - root - DEBUG - m=93, n=713
2021-12-30 05:52:31,631 - root - DEBUG - Processing 10-th line out of 93 rows of DP table...
2021-12-30 05:52:31,659 - root - DEBUG - Processing 20-th line out of 93 rows of DP table...
2021-12-30 05:52:31,684 - root - DEBUG - Processing 30-th line out of 93 rows of DP table...
2021-12-30 05:52:31,706 - root - DEBUG - Processing 40-th line out of 93 rows of DP table...
2021-12-30 05:52:31,724 - root - DEBUG - Processing 50-th line out of 93 rows of DP table...
2021-12-30 05:52:31,738 - root - DEBUG - Processing 60-th line out of 93 rows of DP table...
2021-12-30 05:52:31,750 - root - DEBUG - Processing 70-th line out of 93 rows of DP table...
2021-12-30 05:52:31,758 - root - DEBUG - Processing 80-th line out of 93 rows of DP table...
2021-12-30 05:52:31,762 - root - DEBUG - Processing 90-th line out of 93 rows of DP table...
2021-12-30 05:52:31,764 - root - DEBUG - Started computing sf for chromosome 'chr7'...
2021-12-30 05:52:31,766 - root - DEBUG - m=133, n=719
2021-12-30 05:52:31,809 - root - DEBUG - Processing 10-th line out of 133 rows of DP table...
2021-12-30 05:52:31,851 - root - DEBUG - Processing 20-th line out of 133 rows of DP table...
2021-12-30 05:52:31,889 - root - DEBUG - Processing 30-th line out of 133 rows of DP table...
2021-12-30 05:52:31,925 - root - DEBUG - Processing 40-th line out of 133 rows of DP table...
2021-12-30 05:52:31,957 - root - DEBUG - Processing 50-th line out of 133 rows of DP table...
2021-12-30 05:52:31,986 - root - DEBUG - Processing 60-th line out of 133 rows of DP table...
2021-12-30 05:52:32,011 - root - DEBUG - Processing 70-th line out of 133 rows of DP table...
2021-12-30 05:52:32,033 - root - DEBUG - Processing 80-th line out of 133 rows of DP table...
2021-12-30 05:52:32,052 - root - DEBUG - Processing 90-th line out of 133 rows of DP table...
2021-12-30 05:52:32,066 - root - DEBUG - Processing 100-th line out of 133 rows of DP table...
2021-12-30 05:52:32,078 - root - DEBUG - Processing 110-th line out of 133 rows of DP table...
2021-12-30 05:52:32,086 - root - DEBUG - Processing 120-th line out of 133 rows of DP table...
2021-12-30 05:52:32,090 - root - DEBUG - Processing 130-th line out of 133 rows of DP table...
2021-12-30 05:52:32,092 - root - DEBUG - Started computing sf for chromosome 'chr8'...
2021-12-30 05:52:32,094 - root - DEBUG - m=65, n=608
2021-12-30 05:52:32,115 - root - DEBUG - Processing 10-th line out of 65 rows of DP table...
2021-12-30 05:52:32,133 - root - DEBUG - Processing 20-th line out of 65 rows of DP table...
2021-12-30 05:52:32,148 - root - DEBUG - Processing 30-th line out of 65 rows of DP table...
2021-12-30 05:52:32,160 - root - DEBUG - Processing 40-th line out of 65 rows of DP table...
2021-12-30 05:52:32,169 - root - DEBUG - Processing 50-th line out of 65 rows of DP table...
2021-12-30 05:52:32,174 - root - DEBUG - Processing 60-th line out of 65 rows of DP table...
2021-12-30 05:52:32,176 - root - DEBUG - Started computing sf for chromosome 'chr9'...
2021-12-30 05:52:32,177 - root - DEBUG - m=109, n=475
2021-12-30 05:52:32,212 - root - DEBUG - Processing 10-th line out of 109 rows of DP table...
2021-12-30 05:52:32,246 - root - DEBUG - Processing 20-th line out of 109 rows of DP table...
2021-12-30 05:52:32,276 - root - DEBUG - Processing 30-th line out of 109 rows of DP table...
2021-12-30 05:52:32,303 - root - DEBUG - Processing 40-th line out of 109 rows of DP table...
2021-12-30 05:52:32,327 - root - DEBUG - Processing 50-th line out of 109 rows of DP table...
2021-12-30 05:52:32,347 - root - DEBUG - Processing 60-th line out of 109 rows of DP table...
2021-12-30 05:52:32,364 - root - DEBUG - Processing 70-th line out of 109 rows of DP table...
2021-12-30 05:52:32,377 - root - DEBUG - Processing 80-th line out of 109 rows of DP table...
2021-12-30 05:52:32,387 - root - DEBUG - Processing 90-th line out of 109 rows of DP table...
2021-12-30 05:52:32,395 - root - DEBUG - Processing 100-th line out of 109 rows of DP table...
2021-12-30 05:52:32,399 - root - DEBUG - Started computing sf for chromosome 'chr10'...
2021-12-30 05:52:32,400 - root - DEBUG - m=97, n=538
2021-12-30 05:52:32,431 - root - DEBUG - Processing 10-th line out of 97 rows of DP table...
2021-12-30 05:52:32,460 - root - DEBUG - Processing 20-th line out of 97 rows of DP table...
2021-12-30 05:52:32,487 - root - DEBUG - Processing 30-th line out of 97 rows of DP table...
2021-12-30 05:52:32,509 - root - DEBUG - Processing 40-th line out of 97 rows of DP table...
2021-12-30 05:52:32,529 - root - DEBUG - Processing 50-th line out of 97 rows of DP table...
2021-12-30 05:52:32,545 - root - DEBUG - Processing 60-th line out of 97 rows of DP table...
2021-12-30 05:52:32,558 - root - DEBUG - Processing 70-th line out of 97 rows of DP table...
2021-12-30 05:52:32,567 - root - DEBUG - Processing 80-th line out of 97 rows of DP table...
2021-12-30 05:52:32,573 - root - DEBUG - Processing 90-th line out of 97 rows of DP table...
2021-12-30 05:52:32,576 - root - DEBUG - Started computing sf for chromosome 'chr11'...
2021-12-30 05:52:32,577 - root - DEBUG - m=88, n=508
2021-12-30 05:52:32,607 - root - DEBUG - Processing 10-th line out of 88 rows of DP table...
2021-12-30 05:52:32,634 - root - DEBUG - Processing 20-th line out of 88 rows of DP table...
2021-12-30 05:52:32,658 - root - DEBUG - Processing 30-th line out of 88 rows of DP table...
2021-12-30 05:52:32,678 - root - DEBUG - Processing 40-th line out of 88 rows of DP table...
2021-12-30 05:52:32,695 - root - DEBUG - Processing 50-th line out of 88 rows of DP table...
2021-12-30 05:52:32,709 - root - DEBUG - Processing 60-th line out of 88 rows of DP table...
2021-12-30 05:52:32,719 - root - DEBUG - Processing 70-th line out of 88 rows of DP table...
2021-12-30 05:52:32,725 - root - DEBUG - Processing 80-th line out of 88 rows of DP table...
2021-12-30 05:52:32,729 - root - DEBUG - Started computing sf for chromosome 'chr12'...
2021-12-30 05:52:32,731 - root - DEBUG - m=210, n=528
2021-12-30 05:52:32,798 - root - DEBUG - Processing 10-th line out of 210 rows of DP table...
2021-12-30 05:52:32,867 - root - DEBUG - Processing 20-th line out of 210 rows of DP table...
2021-12-30 05:52:32,932 - root - DEBUG - Processing 30-th line out of 210 rows of DP table...
2021-12-30 05:52:32,994 - root - DEBUG - Processing 40-th line out of 210 rows of DP table...
2021-12-30 05:52:33,052 - root - DEBUG - Processing 50-th line out of 210 rows of DP table...
2021-12-30 05:52:33,108 - root - DEBUG - Processing 60-th line out of 210 rows of DP table...
2021-12-30 05:52:33,160 - root - DEBUG - Processing 70-th line out of 210 rows of DP table...
2021-12-30 05:52:33,209 - root - DEBUG - Processing 80-th line out of 210 rows of DP table...
2021-12-30 05:52:33,254 - root - DEBUG - Processing 90-th line out of 210 rows of DP table...
2021-12-30 05:52:33,295 - root - DEBUG - Processing 100-th line out of 210 rows of DP table...
2021-12-30 05:52:33,332 - root - DEBUG - Processing 110-th line out of 210 rows of DP table...
2021-12-30 05:52:33,367 - root - DEBUG - Processing 120-th line out of 210 rows of DP table...
2021-12-30 05:52:33,397 - root - DEBUG - Processing 130-th line out of 210 rows of DP table...
2021-12-30 05:52:33,425 - root - DEBUG - Processing 140-th line out of 210 rows of DP table...
2021-12-30 05:52:33,449 - root - DEBUG - Processing 150-th line out of 210 rows of DP table...
2021-12-30 05:52:33,470 - root - DEBUG - Processing 160-th line out of 210 rows of DP table...
2021-12-30 05:52:33,487 - root - DEBUG - Processing 170-th line out of 210 rows of DP table...
2021-12-30 05:52:33,501 - root - DEBUG - Processing 180-th line out of 210 rows of DP table...
2021-12-30 05:52:33,512 - root - DEBUG - Processing 190-th line out of 210 rows of DP table...
2021-12-30 05:52:33,519 - root - DEBUG - Processing 200-th line out of 210 rows of DP table...
2021-12-30 05:52:33,523 - root - DEBUG - Processing 210-th line out of 210 rows of DP table...
2021-12-30 05:52:33,525 - root - DEBUG - Started computing sf for chromosome 'chr13'...
2021-12-30 05:52:33,543 - root - DEBUG - m=82, n=399
2021-12-30 05:52:33,573 - root - DEBUG - Processing 10-th line out of 82 rows of DP table...
2021-12-30 05:52:33,597 - root - DEBUG - Processing 20-th line out of 82 rows of DP table...
2021-12-30 05:52:33,619 - root - DEBUG - Processing 30-th line out of 82 rows of DP table...
2021-12-30 05:52:33,636 - root - DEBUG - Processing 40-th line out of 82 rows of DP table...
2021-12-30 05:52:33,651 - root - DEBUG - Processing 50-th line out of 82 rows of DP table...
2021-12-30 05:52:33,688 - root - DEBUG - Processing 60-th line out of 82 rows of DP table...
2021-12-30 05:52:33,697 - root - DEBUG - Processing 70-th line out of 82 rows of DP table...
2021-12-30 05:52:33,701 - root - DEBUG - Processing 80-th line out of 82 rows of DP table...
2021-12-30 05:52:33,703 - root - DEBUG - Started computing sf for chromosome 'chr14'...
2021-12-30 05:52:33,705 - root - DEBUG - m=74, n=301
2021-12-30 05:52:33,729 - root - DEBUG - Processing 10-th line out of 74 rows of DP table...
2021-12-30 05:52:33,752 - root - DEBUG - Processing 20-th line out of 74 rows of DP table...
2021-12-30 05:52:33,771 - root - DEBUG - Processing 30-th line out of 74 rows of DP table...
2021-12-30 05:52:33,786 - root - DEBUG - Processing 40-th line out of 74 rows of DP table...
2021-12-30 05:52:33,798 - root - DEBUG - Processing 50-th line out of 74 rows of DP table...
2021-12-30 05:52:33,807 - root - DEBUG - Processing 60-th line out of 74 rows of DP table...
2021-12-30 05:52:33,812 - root - DEBUG - Processing 70-th line out of 74 rows of DP table...
2021-12-30 05:52:33,814 - root - DEBUG - Started computing sf for chromosome 'chr15'...
2021-12-30 05:52:33,816 - root - DEBUG - m=142, n=309
2021-12-30 05:52:33,861 - root - DEBUG - Processing 10-th line out of 142 rows of DP table...
2021-12-30 05:52:33,905 - root - DEBUG - Processing 20-th line out of 142 rows of DP table...
2021-12-30 05:52:33,946 - root - DEBUG - Processing 30-th line out of 142 rows of DP table...
2021-12-30 05:52:33,984 - root - DEBUG - Processing 40-th line out of 142 rows of DP table...
2021-12-30 05:52:34,018 - root - DEBUG - Processing 50-th line out of 142 rows of DP table...
2021-12-30 05:52:34,049 - root - DEBUG - Processing 60-th line out of 142 rows of DP table...
2021-12-30 05:52:34,077 - root - DEBUG - Processing 70-th line out of 142 rows of DP table...
2021-12-30 05:52:34,101 - root - DEBUG - Processing 80-th line out of 142 rows of DP table...
2021-12-30 05:52:34,122 - root - DEBUG - Processing 90-th line out of 142 rows of DP table...
2021-12-30 05:52:34,139 - root - DEBUG - Processing 100-th line out of 142 rows of DP table...
2021-12-30 05:52:34,154 - root - DEBUG - Processing 110-th line out of 142 rows of DP table...
2021-12-30 05:52:34,165 - root - DEBUG - Processing 120-th line out of 142 rows of DP table...
2021-12-30 05:52:34,173 - root - DEBUG - Processing 130-th line out of 142 rows of DP table...
2021-12-30 05:52:34,177 - root - DEBUG - Processing 140-th line out of 142 rows of DP table...
2021-12-30 05:52:34,179 - root - DEBUG - Started computing sf for chromosome 'chr16'...
2021-12-30 05:52:34,180 - root - DEBUG - m=159, n=367
2021-12-30 05:52:34,232 - root - DEBUG - Processing 10-th line out of 159 rows of DP table...
2021-12-30 05:52:34,283 - root - DEBUG - Processing 20-th line out of 159 rows of DP table...
2021-12-30 05:52:34,330 - root - DEBUG - Processing 30-th line out of 159 rows of DP table...
2021-12-30 05:52:34,375 - root - DEBUG - Processing 40-th line out of 159 rows of DP table...
2021-12-30 05:52:34,415 - root - DEBUG - Processing 50-th line out of 159 rows of DP table...
2021-12-30 05:52:34,452 - root - DEBUG - Processing 60-th line out of 159 rows of DP table...
2021-12-30 05:52:34,486 - root - DEBUG - Processing 70-th line out of 159 rows of DP table...
2021-12-30 05:52:34,517 - root - DEBUG - Processing 80-th line out of 159 rows of DP table...
2021-12-30 05:52:34,544 - root - DEBUG - Processing 90-th line out of 159 rows of DP table...
2021-12-30 05:52:34,568 - root - DEBUG - Processing 100-th line out of 159 rows of DP table...
2021-12-30 05:52:34,588 - root - DEBUG - Processing 110-th line out of 159 rows of DP table...
2021-12-30 05:52:34,605 - root - DEBUG - Processing 120-th line out of 159 rows of DP table...
2021-12-30 05:52:34,619 - root - DEBUG - Processing 130-th line out of 159 rows of DP table...
2021-12-30 05:52:34,629 - root - DEBUG - Processing 140-th line out of 159 rows of DP table...
2021-12-30 05:52:34,636 - root - DEBUG - Processing 150-th line out of 159 rows of DP table...
2021-12-30 05:52:34,640 - root - DEBUG - Started computing sf for chromosome 'chr17'...
2021-12-30 05:52:34,641 - root - DEBUG - m=194, n=410
2021-12-30 05:52:34,703 - root - DEBUG - Processing 10-th line out of 194 rows of DP table...
2021-12-30 05:52:34,765 - root - DEBUG - Processing 20-th line out of 194 rows of DP table...
2021-12-30 05:52:34,824 - root - DEBUG - Processing 30-th line out of 194 rows of DP table...
2021-12-30 05:52:34,879 - root - DEBUG - Processing 40-th line out of 194 rows of DP table...
2021-12-30 05:52:34,931 - root - DEBUG - Processing 50-th line out of 194 rows of DP table...
2021-12-30 05:52:34,980 - root - DEBUG - Processing 60-th line out of 194 rows of DP table...
2021-12-30 05:52:35,025 - root - DEBUG - Processing 70-th line out of 194 rows of DP table...
2021-12-30 05:52:35,067 - root - DEBUG - Processing 80-th line out of 194 rows of DP table...
2021-12-30 05:52:35,106 - root - DEBUG - Processing 90-th line out of 194 rows of DP table...
2021-12-30 05:52:35,141 - root - DEBUG - Processing 100-th line out of 194 rows of DP table...
2021-12-30 05:52:35,174 - root - DEBUG - Processing 110-th line out of 194 rows of DP table...
2021-12-30 05:52:35,203 - root - DEBUG - Processing 120-th line out of 194 rows of DP table...
2021-12-30 05:52:35,228 - root - DEBUG - Processing 130-th line out of 194 rows of DP table...
2021-12-30 05:52:35,250 - root - DEBUG - Processing 140-th line out of 194 rows of DP table...
2021-12-30 05:52:35,269 - root - DEBUG - Processing 150-th line out of 194 rows of DP table...
2021-12-30 05:52:35,285 - root - DEBUG - Processing 160-th line out of 194 rows of DP table...
2021-12-30 05:52:35,297 - root - DEBUG - Processing 170-th line out of 194 rows of DP table...
2021-12-30 05:52:35,305 - root - DEBUG - Processing 180-th line out of 194 rows of DP table...
2021-12-30 05:52:35,310 - root - DEBUG - Processing 190-th line out of 194 rows of DP table...
2021-12-30 05:52:35,313 - root - DEBUG - Started computing sf for chromosome 'chr18'...
2021-12-30 05:52:35,314 - root - DEBUG - m=41, n=359
2021-12-30 05:52:35,328 - root - DEBUG - Processing 10-th line out of 41 rows of DP table...
2021-12-30 05:52:35,339 - root - DEBUG - Processing 20-th line out of 41 rows of DP table...
2021-12-30 05:52:35,347 - root - DEBUG - Processing 30-th line out of 41 rows of DP table...
2021-12-30 05:52:35,351 - root - DEBUG - Processing 40-th line out of 41 rows of DP table...
2021-12-30 05:52:35,353 - root - DEBUG - Started computing sf for chromosome 'chr19'...
2021-12-30 05:52:35,355 - root - DEBUG - m=68, n=355
2021-12-30 05:52:35,377 - root - DEBUG - Processing 10-th line out of 68 rows of DP table...
2021-12-30 05:52:35,396 - root - DEBUG - Processing 20-th line out of 68 rows of DP table...
2021-12-30 05:52:35,413 - root - DEBUG - Processing 30-th line out of 68 rows of DP table...
2021-12-30 05:52:35,426 - root - DEBUG - Processing 40-th line out of 68 rows of DP table...
2021-12-30 05:52:35,436 - root - DEBUG - Processing 50-th line out of 68 rows of DP table...
2021-12-30 05:52:35,442 - root - DEBUG - Processing 60-th line out of 68 rows of DP table...
2021-12-30 05:52:35,446 - root - DEBUG - Started computing sf for chromosome 'chr20'...
2021-12-30 05:52:35,448 - root - DEBUG - m=61, n=247
2021-12-30 05:52:35,467 - root - DEBUG - Processing 10-th line out of 61 rows of DP table...
2021-12-30 05:52:35,533 - root - DEBUG - Processing 20-th line out of 61 rows of DP table...
2021-12-30 05:52:35,547 - root - DEBUG - Processing 30-th line out of 61 rows of DP table...
2021-12-30 05:52:35,558 - root - DEBUG - Processing 40-th line out of 61 rows of DP table...
2021-12-30 05:52:35,565 - root - DEBUG - Processing 50-th line out of 61 rows of DP table...
2021-12-30 05:52:35,570 - root - DEBUG - Processing 60-th line out of 61 rows of DP table...
2021-12-30 05:52:35,571 - root - DEBUG - Started computing sf for chromosome 'chr21'...
2021-12-30 05:52:35,573 - root - DEBUG - m=16, n=198
2021-12-30 05:52:35,578 - root - DEBUG - Processing 10-th line out of 16 rows of DP table...
2021-12-30 05:52:35,581 - root - DEBUG - Started computing sf for chromosome 'chr22'...
2021-12-30 05:52:35,582 - root - DEBUG - m=90, n=205
2021-12-30 05:52:35,611 - root - DEBUG - Processing 10-th line out of 90 rows of DP table...
2021-12-30 05:52:35,638 - root - DEBUG - Processing 20-th line out of 90 rows of DP table...
2021-12-30 05:52:35,661 - root - DEBUG - Processing 30-th line out of 90 rows of DP table...
2021-12-30 05:52:35,681 - root - DEBUG - Processing 40-th line out of 90 rows of DP table...
2021-12-30 05:52:35,698 - root - DEBUG - Processing 50-th line out of 90 rows of DP table...
2021-12-30 05:52:35,711 - root - DEBUG - Processing 60-th line out of 90 rows of DP table...
2021-12-30 05:52:35,721 - root - DEBUG - Processing 70-th line out of 90 rows of DP table...
2021-12-30 05:52:35,727 - root - DEBUG - Processing 80-th line out of 90 rows of DP table...
2021-12-30 05:52:35,731 - root - DEBUG - Processing 90-th line out of 90 rows of DP table...
2021-12-30 05:52:35,732 - root - DEBUG - Started computing sf for chromosome 'chrX'...
2021-12-30 05:52:35,733 - root - DEBUG - m=1250, n=337
2021-12-30 05:52:36,140 - root - DEBUG - Processing 10-th line out of 1250 rows of DP table...
2021-12-30 05:52:36,569 - root - DEBUG - Processing 20-th line out of 1250 rows of DP table...
2021-12-30 05:52:37,105 - root - DEBUG - Processing 30-th line out of 1250 rows of DP table...
2021-12-30 05:52:37,528 - root - DEBUG - Processing 40-th line out of 1250 rows of DP table...
2021-12-30 05:52:37,944 - root - DEBUG - Processing 50-th line out of 1250 rows of DP table...
2021-12-30 05:52:38,359 - root - DEBUG - Processing 60-th line out of 1250 rows of DP table...
2021-12-30 05:52:38,769 - root - DEBUG - Processing 70-th line out of 1250 rows of DP table...
2021-12-30 05:52:39,175 - root - DEBUG - Processing 80-th line out of 1250 rows of DP table...
2021-12-30 05:52:39,578 - root - DEBUG - Processing 90-th line out of 1250 rows of DP table...
2021-12-30 05:52:40,010 - root - DEBUG - Processing 100-th line out of 1250 rows of DP table...
2021-12-30 05:52:40,408 - root - DEBUG - Processing 110-th line out of 1250 rows of DP table...
2021-12-30 05:52:40,803 - root - DEBUG - Processing 120-th line out of 1250 rows of DP table...
2021-12-30 05:52:41,194 - root - DEBUG - Processing 130-th line out of 1250 rows of DP table...
2021-12-30 05:52:41,582 - root - DEBUG - Processing 140-th line out of 1250 rows of DP table...
2021-12-30 05:52:41,965 - root - DEBUG - Processing 150-th line out of 1250 rows of DP table...
2021-12-30 05:52:42,343 - root - DEBUG - Processing 160-th line out of 1250 rows of DP table...
2021-12-30 05:52:42,720 - root - DEBUG - Processing 170-th line out of 1250 rows of DP table...
2021-12-30 05:52:43,092 - root - DEBUG - Processing 180-th line out of 1250 rows of DP table...
2021-12-30 05:52:43,460 - root - DEBUG - Processing 190-th line out of 1250 rows of DP table...
2021-12-30 05:52:43,827 - root - DEBUG - Processing 200-th line out of 1250 rows of DP table...
2021-12-30 05:52:44,189 - root - DEBUG - Processing 210-th line out of 1250 rows of DP table...
2021-12-30 05:52:44,550 - root - DEBUG - Processing 220-th line out of 1250 rows of DP table...
2021-12-30 05:52:44,906 - root - DEBUG - Processing 230-th line out of 1250 rows of DP table...
2021-12-30 05:52:45,259 - root - DEBUG - Processing 240-th line out of 1250 rows of DP table...
2021-12-30 05:52:45,609 - root - DEBUG - Processing 250-th line out of 1250 rows of DP table...
2021-12-30 05:52:45,955 - root - DEBUG - Processing 260-th line out of 1250 rows of DP table...
2021-12-30 05:52:46,297 - root - DEBUG - Processing 270-th line out of 1250 rows of DP table...
2021-12-30 05:52:46,637 - root - DEBUG - Processing 280-th line out of 1250 rows of DP table...
2021-12-30 05:52:46,973 - root - DEBUG - Processing 290-th line out of 1250 rows of DP table...
2021-12-30 05:52:47,305 - root - DEBUG - Processing 300-th line out of 1250 rows of DP table...
2021-12-30 05:52:47,648 - root - DEBUG - Processing 310-th line out of 1250 rows of DP table...
2021-12-30 05:52:47,972 - root - DEBUG - Processing 320-th line out of 1250 rows of DP table...
2021-12-30 05:52:48,293 - root - DEBUG - Processing 330-th line out of 1250 rows of DP table...
2021-12-30 05:52:48,610 - root - DEBUG - Processing 340-th line out of 1250 rows of DP table...
2021-12-30 05:52:48,925 - root - DEBUG - Processing 350-th line out of 1250 rows of DP table...
2021-12-30 05:52:49,236 - root - DEBUG - Processing 360-th line out of 1250 rows of DP table...
2021-12-30 05:52:49,544 - root - DEBUG - Processing 370-th line out of 1250 rows of DP table...
2021-12-30 05:52:49,849 - root - DEBUG - Processing 380-th line out of 1250 rows of DP table...
2021-12-30 05:52:50,151 - root - DEBUG - Processing 390-th line out of 1250 rows of DP table...
2021-12-30 05:52:50,448 - root - DEBUG - Processing 400-th line out of 1250 rows of DP table...
2021-12-30 05:52:50,743 - root - DEBUG - Processing 410-th line out of 1250 rows of DP table...
2021-12-30 05:52:51,032 - root - DEBUG - Processing 420-th line out of 1250 rows of DP table...
2021-12-30 05:52:51,319 - root - DEBUG - Processing 430-th line out of 1250 rows of DP table...
2021-12-30 05:52:51,605 - root - DEBUG - Processing 440-th line out of 1250 rows of DP table...
2021-12-30 05:52:51,886 - root - DEBUG - Processing 450-th line out of 1250 rows of DP table...
2021-12-30 05:52:52,163 - root - DEBUG - Processing 460-th line out of 1250 rows of DP table...
2021-12-30 05:52:52,436 - root - DEBUG - Processing 470-th line out of 1250 rows of DP table...
2021-12-30 05:52:52,708 - root - DEBUG - Processing 480-th line out of 1250 rows of DP table...
2021-12-30 05:52:52,976 - root - DEBUG - Processing 490-th line out of 1250 rows of DP table...
2021-12-30 05:52:53,240 - root - DEBUG - Processing 500-th line out of 1250 rows of DP table...
2021-12-30 05:52:53,499 - root - DEBUG - Processing 510-th line out of 1250 rows of DP table...
2021-12-30 05:52:53,756 - root - DEBUG - Processing 520-th line out of 1250 rows of DP table...
2021-12-30 05:52:54,009 - root - DEBUG - Processing 530-th line out of 1250 rows of DP table...
2021-12-30 05:52:54,258 - root - DEBUG - Processing 540-th line out of 1250 rows of DP table...
2021-12-30 05:52:54,504 - root - DEBUG - Processing 550-th line out of 1250 rows of DP table...
2021-12-30 05:52:54,747 - root - DEBUG - Processing 560-th line out of 1250 rows of DP table...
2021-12-30 05:52:54,986 - root - DEBUG - Processing 570-th line out of 1250 rows of DP table...
2021-12-30 05:52:55,222 - root - DEBUG - Processing 580-th line out of 1250 rows of DP table...
2021-12-30 05:52:55,455 - root - DEBUG - Processing 590-th line out of 1250 rows of DP table...
2021-12-30 05:52:55,685 - root - DEBUG - Processing 600-th line out of 1250 rows of DP table...
2021-12-30 05:52:55,912 - root - DEBUG - Processing 610-th line out of 1250 rows of DP table...
2021-12-30 05:52:56,135 - root - DEBUG - Processing 620-th line out of 1250 rows of DP table...
2021-12-30 05:52:56,354 - root - DEBUG - Processing 630-th line out of 1250 rows of DP table...
2021-12-30 05:52:56,569 - root - DEBUG - Processing 640-th line out of 1250 rows of DP table...
2021-12-30 05:52:56,783 - root - DEBUG - Processing 650-th line out of 1250 rows of DP table...
2021-12-30 05:52:56,993 - root - DEBUG - Processing 660-th line out of 1250 rows of DP table...
2021-12-30 05:52:57,203 - root - DEBUG - Processing 670-th line out of 1250 rows of DP table...
2021-12-30 05:52:57,407 - root - DEBUG - Processing 680-th line out of 1250 rows of DP table...
2021-12-30 05:52:57,607 - root - DEBUG - Processing 690-th line out of 1250 rows of DP table...
2021-12-30 05:52:57,805 - root - DEBUG - Processing 700-th line out of 1250 rows of DP table...
2021-12-30 05:52:57,999 - root - DEBUG - Processing 710-th line out of 1250 rows of DP table...
2021-12-30 05:52:58,188 - root - DEBUG - Processing 720-th line out of 1250 rows of DP table...
2021-12-30 05:52:58,374 - root - DEBUG - Processing 730-th line out of 1250 rows of DP table...
2021-12-30 05:52:58,556 - root - DEBUG - Processing 740-th line out of 1250 rows of DP table...
2021-12-30 05:52:58,735 - root - DEBUG - Processing 750-th line out of 1250 rows of DP table...
2021-12-30 05:52:58,910 - root - DEBUG - Processing 760-th line out of 1250 rows of DP table...
2021-12-30 05:52:59,082 - root - DEBUG - Processing 770-th line out of 1250 rows of DP table...
2021-12-30 05:52:59,250 - root - DEBUG - Processing 780-th line out of 1250 rows of DP table...
2021-12-30 05:52:59,415 - root - DEBUG - Processing 790-th line out of 1250 rows of DP table...
2021-12-30 05:52:59,577 - root - DEBUG - Processing 800-th line out of 1250 rows of DP table...
2021-12-30 05:52:59,736 - root - DEBUG - Processing 810-th line out of 1250 rows of DP table...
2021-12-30 05:52:59,891 - root - DEBUG - Processing 820-th line out of 1250 rows of DP table...
2021-12-30 05:53:00,042 - root - DEBUG - Processing 830-th line out of 1250 rows of DP table...
2021-12-30 05:53:00,190 - root - DEBUG - Processing 840-th line out of 1250 rows of DP table...
2021-12-30 05:53:00,334 - root - DEBUG - Processing 850-th line out of 1250 rows of DP table...
2021-12-30 05:53:00,475 - root - DEBUG - Processing 860-th line out of 1250 rows of DP table...
2021-12-30 05:53:00,612 - root - DEBUG - Processing 870-th line out of 1250 rows of DP table...
2021-12-30 05:53:00,748 - root - DEBUG - Processing 880-th line out of 1250 rows of DP table...
2021-12-30 05:53:00,880 - root - DEBUG - Processing 890-th line out of 1250 rows of DP table...
2021-12-30 05:53:01,007 - root - DEBUG - Processing 900-th line out of 1250 rows of DP table...
2021-12-30 05:53:01,132 - root - DEBUG - Processing 910-th line out of 1250 rows of DP table...
2021-12-30 05:53:01,253 - root - DEBUG - Processing 920-th line out of 1250 rows of DP table...
2021-12-30 05:53:01,371 - root - DEBUG - Processing 930-th line out of 1250 rows of DP table...
2021-12-30 05:53:01,484 - root - DEBUG - Processing 940-th line out of 1250 rows of DP table...
2021-12-30 05:53:01,595 - root - DEBUG - Processing 950-th line out of 1250 rows of DP table...
2021-12-30 05:53:01,702 - root - DEBUG - Processing 960-th line out of 1250 rows of DP table...
2021-12-30 05:53:01,807 - root - DEBUG - Processing 970-th line out of 1250 rows of DP table...
2021-12-30 05:53:01,907 - root - DEBUG - Processing 980-th line out of 1250 rows of DP table...
2021-12-30 05:53:02,005 - root - DEBUG - Processing 990-th line out of 1250 rows of DP table...
2021-12-30 05:53:02,098 - root - DEBUG - Processing 1000-th line out of 1250 rows of DP table...
2021-12-30 05:53:02,188 - root - DEBUG - Processing 1010-th line out of 1250 rows of DP table...
2021-12-30 05:53:02,275 - root - DEBUG - Processing 1020-th line out of 1250 rows of DP table...
2021-12-30 05:53:02,358 - root - DEBUG - Processing 1030-th line out of 1250 rows of DP table...
2021-12-30 05:53:02,438 - root - DEBUG - Processing 1040-th line out of 1250 rows of DP table...
2021-12-30 05:53:02,515 - root - DEBUG - Processing 1050-th line out of 1250 rows of DP table...
2021-12-30 05:53:02,589 - root - DEBUG - Processing 1060-th line out of 1250 rows of DP table...
2021-12-30 05:53:02,658 - root - DEBUG - Processing 1070-th line out of 1250 rows of DP table...
2021-12-30 05:53:02,725 - root - DEBUG - Processing 1080-th line out of 1250 rows of DP table...
2021-12-30 05:53:02,788 - root - DEBUG - Processing 1090-th line out of 1250 rows of DP table...
2021-12-30 05:53:02,848 - root - DEBUG - Processing 1100-th line out of 1250 rows of DP table...
2021-12-30 05:53:02,904 - root - DEBUG - Processing 1110-th line out of 1250 rows of DP table...
2021-12-30 05:53:02,957 - root - DEBUG - Processing 1120-th line out of 1250 rows of DP table...
2021-12-30 05:53:03,006 - root - DEBUG - Processing 1130-th line out of 1250 rows of DP table...
2021-12-30 05:53:03,053 - root - DEBUG - Processing 1140-th line out of 1250 rows of DP table...
2021-12-30 05:53:03,096 - root - DEBUG - Processing 1150-th line out of 1250 rows of DP table...
2021-12-30 05:53:03,136 - root - DEBUG - Processing 1160-th line out of 1250 rows of DP table...
2021-12-30 05:53:03,172 - root - DEBUG - Processing 1170-th line out of 1250 rows of DP table...
2021-12-30 05:53:03,204 - root - DEBUG - Processing 1180-th line out of 1250 rows of DP table...
2021-12-30 05:53:03,233 - root - DEBUG - Processing 1190-th line out of 1250 rows of DP table...
2021-12-30 05:53:03,259 - root - DEBUG - Processing 1200-th line out of 1250 rows of DP table...
2021-12-30 05:53:03,281 - root - DEBUG - Processing 1210-th line out of 1250 rows of DP table...
2021-12-30 05:53:03,299 - root - DEBUG - Processing 1220-th line out of 1250 rows of DP table...
2021-12-30 05:53:03,315 - root - DEBUG - Processing 1230-th line out of 1250 rows of DP table...
2021-12-30 05:53:03,327 - root - DEBUG - Processing 1240-th line out of 1250 rows of DP table...
2021-12-30 05:53:03,336 - root - DEBUG - Processing 1250-th line out of 1250 rows of DP table...
2021-12-30 05:53:03,343 - root - DEBUG - Started computing sf for chromosome 'chrY'...
2021-12-30 05:53:03,344 - root - DEBUG - m=0, n=10
2021-12-30 05:53:03,345 - root - DEBUG - Started computing joint logprobs...
