2021-12-30 02:43:07,086 - root - INFO - Loading reference interval set from '../resources/zarrei2015-2/intervals/ISCA-loss.all.trans.tsv'...
2021-12-30 02:43:07,089 - root - INFO - Loading query interval set from '../resources/zarrei2015-2/cnv_intervals/stringent.loss.tsv'...
2021-12-30 02:43:07,100 - root - INFO - Loading chromosome sizes from '../resources/experiment_original/iSTAT/data/hg19_chrom_sizes.txt'...
2021-12-30 02:43:07,109 - root - INFO - Number of reference intervals: 312 (1516 before merging)
2021-12-30 02:43:07,110 - root - INFO - Number of query intervals: 11530 (11530 before merging)
2021-12-30 02:43:07,110 - root - INFO - Number of chromosomes: 24
2021-12-30 02:43:07,121 - root - INFO - Overlap count: 58
2021-12-30 02:43:07,122 - root - DEBUG - Started computing sf for chromosome 'chr1'...
2021-12-30 02:43:07,123 - root - DEBUG - m=13, n=803
2021-12-30 02:43:07,127 - root - DEBUG - Processing 10-th line out of 13 rows of DP table...
2021-12-30 02:43:07,128 - root - DEBUG - Started computing sf for chromosome 'chr2'...
2021-12-30 02:43:07,129 - root - DEBUG - m=18, n=895
2021-12-30 02:43:07,135 - root - DEBUG - Processing 10-th line out of 18 rows of DP table...
2021-12-30 02:43:07,137 - root - DEBUG - Started computing sf for chromosome 'chr3'...
2021-12-30 02:43:07,139 - root - DEBUG - m=13, n=686
2021-12-30 02:43:07,143 - root - DEBUG - Processing 10-th line out of 13 rows of DP table...
2021-12-30 02:43:07,144 - root - DEBUG - Started computing sf for chromosome 'chr4'...
2021-12-30 02:43:07,145 - root - DEBUG - m=7, n=866
2021-12-30 02:43:07,147 - root - DEBUG - Started computing sf for chromosome 'chr5'...
2021-12-30 02:43:07,148 - root - DEBUG - m=11, n=694
2021-12-30 02:43:07,187 - root - DEBUG - Processing 10-th line out of 11 rows of DP table...
2021-12-30 02:43:07,188 - root - DEBUG - Started computing sf for chromosome 'chr6'...
2021-12-30 02:43:07,191 - root - DEBUG - m=9, n=713
2021-12-30 02:43:07,195 - root - DEBUG - Started computing sf for chromosome 'chr7'...
2021-12-30 02:43:07,197 - root - DEBUG - m=13, n=719
2021-12-30 02:43:07,202 - root - DEBUG - Processing 10-th line out of 13 rows of DP table...
2021-12-30 02:43:07,204 - root - DEBUG - Started computing sf for chromosome 'chr8'...
2021-12-30 02:43:07,205 - root - DEBUG - m=7, n=608
2021-12-30 02:43:07,208 - root - DEBUG - Started computing sf for chromosome 'chr9'...
2021-12-30 02:43:07,209 - root - DEBUG - m=9, n=475
2021-12-30 02:43:07,212 - root - DEBUG - Started computing sf for chromosome 'chr10'...
2021-12-30 02:43:07,214 - root - DEBUG - m=11, n=538
2021-12-30 02:43:07,218 - root - DEBUG - Processing 10-th line out of 11 rows of DP table...
2021-12-30 02:43:07,219 - root - DEBUG - Started computing sf for chromosome 'chr11'...
2021-12-30 02:43:07,221 - root - DEBUG - m=8, n=508
2021-12-30 02:43:07,223 - root - DEBUG - Started computing sf for chromosome 'chr12'...
2021-12-30 02:43:07,225 - root - DEBUG - m=10, n=528
2021-12-30 02:43:07,229 - root - DEBUG - Processing 10-th line out of 10 rows of DP table...
2021-12-30 02:43:07,230 - root - DEBUG - Started computing sf for chromosome 'chr13'...
2021-12-30 02:43:07,231 - root - DEBUG - m=6, n=399
2021-12-30 02:43:07,233 - root - DEBUG - Started computing sf for chromosome 'chr14'...
2021-12-30 02:43:07,235 - root - DEBUG - m=8, n=301
2021-12-30 02:43:07,238 - root - DEBUG - Started computing sf for chromosome 'chr15'...
2021-12-30 02:43:07,240 - root - DEBUG - m=11, n=309
2021-12-30 02:43:07,243 - root - DEBUG - Processing 10-th line out of 11 rows of DP table...
2021-12-30 02:43:07,245 - root - DEBUG - Started computing sf for chromosome 'chr16'...
2021-12-30 02:43:07,246 - root - DEBUG - m=9, n=367
2021-12-30 02:43:07,249 - root - DEBUG - Started computing sf for chromosome 'chr17'...
2021-12-30 02:43:07,251 - root - DEBUG - m=14, n=410
2021-12-30 02:43:07,255 - root - DEBUG - Processing 10-th line out of 14 rows of DP table...
2021-12-30 02:43:07,257 - root - DEBUG - Started computing sf for chromosome 'chr18'...
2021-12-30 02:43:07,259 - root - DEBUG - m=5, n=359
2021-12-30 02:43:07,261 - root - DEBUG - Started computing sf for chromosome 'chr19'...
2021-12-30 02:43:07,262 - root - DEBUG - m=6, n=355
2021-12-30 02:43:07,265 - root - DEBUG - Started computing sf for chromosome 'chr20'...
2021-12-30 02:43:07,266 - root - DEBUG - m=6, n=247
2021-12-30 02:43:07,268 - root - DEBUG - Started computing sf for chromosome 'chr21'...
2021-12-30 02:43:07,269 - root - DEBUG - m=3, n=198
2021-12-30 02:43:07,270 - root - DEBUG - Started computing sf for chromosome 'chr22'...
2021-12-30 02:43:07,271 - root - DEBUG - m=7, n=205
2021-12-30 02:43:07,273 - root - DEBUG - Started computing sf for chromosome 'chrX'...
2021-12-30 02:43:07,274 - root - DEBUG - m=107, n=337
2021-12-30 02:43:07,308 - root - DEBUG - Processing 10-th line out of 107 rows of DP table...
2021-12-30 02:43:07,340 - root - DEBUG - Processing 20-th line out of 107 rows of DP table...
2021-12-30 02:43:07,369 - root - DEBUG - Processing 30-th line out of 107 rows of DP table...
2021-12-30 02:43:07,395 - root - DEBUG - Processing 40-th line out of 107 rows of DP table...
2021-12-30 02:43:07,418 - root - DEBUG - Processing 50-th line out of 107 rows of DP table...
2021-12-30 02:43:07,437 - root - DEBUG - Processing 60-th line out of 107 rows of DP table...
2021-12-30 02:43:07,453 - root - DEBUG - Processing 70-th line out of 107 rows of DP table...
2021-12-30 02:43:07,465 - root - DEBUG - Processing 80-th line out of 107 rows of DP table...
2021-12-30 02:43:07,474 - root - DEBUG - Processing 90-th line out of 107 rows of DP table...
2021-12-30 02:43:07,480 - root - DEBUG - Processing 100-th line out of 107 rows of DP table...
2021-12-30 02:43:07,483 - root - DEBUG - Started computing sf for chromosome 'chrY'...
2021-12-30 02:43:07,484 - root - DEBUG - m=1, n=10
2021-12-30 02:43:07,485 - root - DEBUG - Started computing joint logprobs...
