2022-01-01 11:11:02,498 - root - INFO - Loading reference interval set from '../resources/zarrei2015-2/intervals/ISCA-loss.all.exon.tsv'...
2022-01-01 11:11:02,523 - root - INFO - Loading query interval set from '../resources/zarrei2015-2/cnv_intervals/inclusive.gain.tsv'...
2022-01-01 11:11:02,528 - root - INFO - Loading chromosome sizes from '../resources/experiment_original/iSTAT/data/hg19_chrom_sizes.txt'...
2022-01-01 11:11:02,543 - root - INFO - Number of reference intervals: 4748 (22167 before merging)
2022-01-01 11:11:02,544 - root - INFO - Number of query intervals: 3132 (3132 before merging)
2022-01-01 11:11:02,545 - root - INFO - Number of chromosomes: 24
2022-01-01 11:11:02,554 - root - INFO - Overlap count: 240
2022-01-01 11:11:02,555 - root - DEBUG - Started computing sf for chromosome 'chr1'...
2022-01-01 11:11:02,556 - root - DEBUG - m=210, n=244
2022-01-01 11:11:02,625 - root - DEBUG - Processing 10-th line out of 210 rows of DP table...
2022-01-01 11:11:02,694 - root - DEBUG - Processing 20-th line out of 210 rows of DP table...
2022-01-01 11:11:02,760 - root - DEBUG - Processing 30-th line out of 210 rows of DP table...
2022-01-01 11:11:02,822 - root - DEBUG - Processing 40-th line out of 210 rows of DP table...
2022-01-01 11:11:02,881 - root - DEBUG - Processing 50-th line out of 210 rows of DP table...
2022-01-01 11:11:02,936 - root - DEBUG - Processing 60-th line out of 210 rows of DP table...
2022-01-01 11:11:02,988 - root - DEBUG - Processing 70-th line out of 210 rows of DP table...
2022-01-01 11:11:03,037 - root - DEBUG - Processing 80-th line out of 210 rows of DP table...
2022-01-01 11:11:03,082 - root - DEBUG - Processing 90-th line out of 210 rows of DP table...
2022-01-01 11:11:03,124 - root - DEBUG - Processing 100-th line out of 210 rows of DP table...
2022-01-01 11:11:03,163 - root - DEBUG - Processing 110-th line out of 210 rows of DP table...
2022-01-01 11:11:03,198 - root - DEBUG - Processing 120-th line out of 210 rows of DP table...
2022-01-01 11:11:03,228 - root - DEBUG - Processing 130-th line out of 210 rows of DP table...
2022-01-01 11:11:03,256 - root - DEBUG - Processing 140-th line out of 210 rows of DP table...
2022-01-01 11:11:03,280 - root - DEBUG - Processing 150-th line out of 210 rows of DP table...
2022-01-01 11:11:03,300 - root - DEBUG - Processing 160-th line out of 210 rows of DP table...
2022-01-01 11:11:03,318 - root - DEBUG - Processing 170-th line out of 210 rows of DP table...
2022-01-01 11:11:03,332 - root - DEBUG - Processing 180-th line out of 210 rows of DP table...
2022-01-01 11:11:03,342 - root - DEBUG - Processing 190-th line out of 210 rows of DP table...
2022-01-01 11:11:03,349 - root - DEBUG - Processing 200-th line out of 210 rows of DP table...
2022-01-01 11:11:03,353 - root - DEBUG - Processing 210-th line out of 210 rows of DP table...
2022-01-01 11:11:03,355 - root - DEBUG - Started computing sf for chromosome 'chr2'...
2022-01-01 11:11:03,356 - root - DEBUG - m=260, n=249
2022-01-01 11:11:03,439 - root - DEBUG - Processing 10-th line out of 260 rows of DP table...
2022-01-01 11:11:03,524 - root - DEBUG - Processing 20-th line out of 260 rows of DP table...
2022-01-01 11:11:03,606 - root - DEBUG - Processing 30-th line out of 260 rows of DP table...
2022-01-01 11:11:03,708 - root - DEBUG - Processing 40-th line out of 260 rows of DP table...
2022-01-01 11:11:03,784 - root - DEBUG - Processing 50-th line out of 260 rows of DP table...
2022-01-01 11:11:03,856 - root - DEBUG - Processing 60-th line out of 260 rows of DP table...
2022-01-01 11:11:03,925 - root - DEBUG - Processing 70-th line out of 260 rows of DP table...
2022-01-01 11:11:03,990 - root - DEBUG - Processing 80-th line out of 260 rows of DP table...
2022-01-01 11:11:04,052 - root - DEBUG - Processing 90-th line out of 260 rows of DP table...
2022-01-01 11:11:04,110 - root - DEBUG - Processing 100-th line out of 260 rows of DP table...
2022-01-01 11:11:04,165 - root - DEBUG - Processing 110-th line out of 260 rows of DP table...
2022-01-01 11:11:04,216 - root - DEBUG - Processing 120-th line out of 260 rows of DP table...
2022-01-01 11:11:04,264 - root - DEBUG - Processing 130-th line out of 260 rows of DP table...
2022-01-01 11:11:04,308 - root - DEBUG - Processing 140-th line out of 260 rows of DP table...
2022-01-01 11:11:04,349 - root - DEBUG - Processing 150-th line out of 260 rows of DP table...
2022-01-01 11:11:04,387 - root - DEBUG - Processing 160-th line out of 260 rows of DP table...
2022-01-01 11:11:04,421 - root - DEBUG - Processing 170-th line out of 260 rows of DP table...
2022-01-01 11:11:04,452 - root - DEBUG - Processing 180-th line out of 260 rows of DP table...
2022-01-01 11:11:04,480 - root - DEBUG - Processing 190-th line out of 260 rows of DP table...
2022-01-01 11:11:04,504 - root - DEBUG - Processing 200-th line out of 260 rows of DP table...
2022-01-01 11:11:04,525 - root - DEBUG - Processing 210-th line out of 260 rows of DP table...
2022-01-01 11:11:04,543 - root - DEBUG - Processing 220-th line out of 260 rows of DP table...
2022-01-01 11:11:04,557 - root - DEBUG - Processing 230-th line out of 260 rows of DP table...
2022-01-01 11:11:04,568 - root - DEBUG - Processing 240-th line out of 260 rows of DP table...
2022-01-01 11:11:04,575 - root - DEBUG - Processing 250-th line out of 260 rows of DP table...
2022-01-01 11:11:04,579 - root - DEBUG - Processing 260-th line out of 260 rows of DP table...
2022-01-01 11:11:04,581 - root - DEBUG - Started computing sf for chromosome 'chr3'...
2022-01-01 11:11:04,583 - root - DEBUG - m=157, n=140
2022-01-01 11:11:04,633 - root - DEBUG - Processing 10-th line out of 157 rows of DP table...
2022-01-01 11:11:04,683 - root - DEBUG - Processing 20-th line out of 157 rows of DP table...
2022-01-01 11:11:04,730 - root - DEBUG - Processing 30-th line out of 157 rows of DP table...
2022-01-01 11:11:04,774 - root - DEBUG - Processing 40-th line out of 157 rows of DP table...
2022-01-01 11:11:04,815 - root - DEBUG - Processing 50-th line out of 157 rows of DP table...
2022-01-01 11:11:04,851 - root - DEBUG - Processing 60-th line out of 157 rows of DP table...
2022-01-01 11:11:04,885 - root - DEBUG - Processing 70-th line out of 157 rows of DP table...
2022-01-01 11:11:04,914 - root - DEBUG - Processing 80-th line out of 157 rows of DP table...
2022-01-01 11:11:04,941 - root - DEBUG - Processing 90-th line out of 157 rows of DP table...
2022-01-01 11:11:04,964 - root - DEBUG - Processing 100-th line out of 157 rows of DP table...
2022-01-01 11:11:04,984 - root - DEBUG - Processing 110-th line out of 157 rows of DP table...
2022-01-01 11:11:05,000 - root - DEBUG - Processing 120-th line out of 157 rows of DP table...
2022-01-01 11:11:05,013 - root - DEBUG - Processing 130-th line out of 157 rows of DP table...
2022-01-01 11:11:05,023 - root - DEBUG - Processing 140-th line out of 157 rows of DP table...
2022-01-01 11:11:05,029 - root - DEBUG - Processing 150-th line out of 157 rows of DP table...
2022-01-01 11:11:05,032 - root - DEBUG - Started computing sf for chromosome 'chr4'...
2022-01-01 11:11:05,034 - root - DEBUG - m=70, n=184
2022-01-01 11:11:05,056 - root - DEBUG - Processing 10-th line out of 70 rows of DP table...
2022-01-01 11:11:05,077 - root - DEBUG - Processing 20-th line out of 70 rows of DP table...
2022-01-01 11:11:05,094 - root - DEBUG - Processing 30-th line out of 70 rows of DP table...
2022-01-01 11:11:05,107 - root - DEBUG - Processing 40-th line out of 70 rows of DP table...
2022-01-01 11:11:05,118 - root - DEBUG - Processing 50-th line out of 70 rows of DP table...
2022-01-01 11:11:05,125 - root - DEBUG - Processing 60-th line out of 70 rows of DP table...
2022-01-01 11:11:05,128 - root - DEBUG - Processing 70-th line out of 70 rows of DP table...
2022-01-01 11:11:05,129 - root - DEBUG - Started computing sf for chromosome 'chr5'...
2022-01-01 11:11:05,130 - root - DEBUG - m=193, n=140
2022-01-01 11:11:05,193 - root - DEBUG - Processing 10-th line out of 193 rows of DP table...
2022-01-01 11:11:05,256 - root - DEBUG - Processing 20-th line out of 193 rows of DP table...
2022-01-01 11:11:05,315 - root - DEBUG - Processing 30-th line out of 193 rows of DP table...
2022-01-01 11:11:05,371 - root - DEBUG - Processing 40-th line out of 193 rows of DP table...
2022-01-01 11:11:05,424 - root - DEBUG - Processing 50-th line out of 193 rows of DP table...
2022-01-01 11:11:05,480 - root - DEBUG - Processing 60-th line out of 193 rows of DP table...
2022-01-01 11:11:05,530 - root - DEBUG - Processing 70-th line out of 193 rows of DP table...
2022-01-01 11:11:05,572 - root - DEBUG - Processing 80-th line out of 193 rows of DP table...
2022-01-01 11:11:05,611 - root - DEBUG - Processing 90-th line out of 193 rows of DP table...
2022-01-01 11:11:05,647 - root - DEBUG - Processing 100-th line out of 193 rows of DP table...
2022-01-01 11:11:05,679 - root - DEBUG - Processing 110-th line out of 193 rows of DP table...
2022-01-01 11:11:05,708 - root - DEBUG - Processing 120-th line out of 193 rows of DP table...
2022-01-01 11:11:05,734 - root - DEBUG - Processing 130-th line out of 193 rows of DP table...
2022-01-01 11:11:05,756 - root - DEBUG - Processing 140-th line out of 193 rows of DP table...
2022-01-01 11:11:05,775 - root - DEBUG - Processing 150-th line out of 193 rows of DP table...
2022-01-01 11:11:05,790 - root - DEBUG - Processing 160-th line out of 193 rows of DP table...
2022-01-01 11:11:05,802 - root - DEBUG - Processing 170-th line out of 193 rows of DP table...
2022-01-01 11:11:05,811 - root - DEBUG - Processing 180-th line out of 193 rows of DP table...
2022-01-01 11:11:05,816 - root - DEBUG - Processing 190-th line out of 193 rows of DP table...
2022-01-01 11:11:05,819 - root - DEBUG - Started computing sf for chromosome 'chr6'...
2022-01-01 11:11:05,821 - root - DEBUG - m=123, n=141
2022-01-01 11:11:05,862 - root - DEBUG - Processing 10-th line out of 123 rows of DP table...
2022-01-01 11:11:05,901 - root - DEBUG - Processing 20-th line out of 123 rows of DP table...
2022-01-01 11:11:05,936 - root - DEBUG - Processing 30-th line out of 123 rows of DP table...
2022-01-01 11:11:05,968 - root - DEBUG - Processing 40-th line out of 123 rows of DP table...
2022-01-01 11:11:05,996 - root - DEBUG - Processing 50-th line out of 123 rows of DP table...
2022-01-01 11:11:06,022 - root - DEBUG - Processing 60-th line out of 123 rows of DP table...
2022-01-01 11:11:06,043 - root - DEBUG - Processing 70-th line out of 123 rows of DP table...
2022-01-01 11:11:06,062 - root - DEBUG - Processing 80-th line out of 123 rows of DP table...
2022-01-01 11:11:06,077 - root - DEBUG - Processing 90-th line out of 123 rows of DP table...
2022-01-01 11:11:06,089 - root - DEBUG - Processing 100-th line out of 123 rows of DP table...
2022-01-01 11:11:06,097 - root - DEBUG - Processing 110-th line out of 123 rows of DP table...
2022-01-01 11:11:06,102 - root - DEBUG - Processing 120-th line out of 123 rows of DP table...
2022-01-01 11:11:06,104 - root - DEBUG - Started computing sf for chromosome 'chr7'...
2022-01-01 11:11:06,105 - root - DEBUG - m=177, n=208
2022-01-01 11:11:06,165 - root - DEBUG - Processing 10-th line out of 177 rows of DP table...
2022-01-01 11:11:06,225 - root - DEBUG - Processing 20-th line out of 177 rows of DP table...
2022-01-01 11:11:06,279 - root - DEBUG - Processing 30-th line out of 177 rows of DP table...
2022-01-01 11:11:06,371 - root - DEBUG - Processing 40-th line out of 177 rows of DP table...
2022-01-01 11:11:06,462 - root - DEBUG - Processing 50-th line out of 177 rows of DP table...
2022-01-01 11:11:06,546 - root - DEBUG - Processing 60-th line out of 177 rows of DP table...
2022-01-01 11:11:06,626 - root - DEBUG - Processing 70-th line out of 177 rows of DP table...
2022-01-01 11:11:06,672 - root - DEBUG - Processing 80-th line out of 177 rows of DP table...
2022-01-01 11:11:06,705 - root - DEBUG - Processing 90-th line out of 177 rows of DP table...
2022-01-01 11:11:06,736 - root - DEBUG - Processing 100-th line out of 177 rows of DP table...
2022-01-01 11:11:06,763 - root - DEBUG - Processing 110-th line out of 177 rows of DP table...
2022-01-01 11:11:06,787 - root - DEBUG - Processing 120-th line out of 177 rows of DP table...
2022-01-01 11:11:06,808 - root - DEBUG - Processing 130-th line out of 177 rows of DP table...
2022-01-01 11:11:06,825 - root - DEBUG - Processing 140-th line out of 177 rows of DP table...
2022-01-01 11:11:06,838 - root - DEBUG - Processing 150-th line out of 177 rows of DP table...
2022-01-01 11:11:06,848 - root - DEBUG - Processing 160-th line out of 177 rows of DP table...
2022-01-01 11:11:06,855 - root - DEBUG - Processing 170-th line out of 177 rows of DP table...
2022-01-01 11:11:06,859 - root - DEBUG - Started computing sf for chromosome 'chr8'...
2022-01-01 11:11:06,861 - root - DEBUG - m=120, n=148
2022-01-01 11:11:06,900 - root - DEBUG - Processing 10-th line out of 120 rows of DP table...
2022-01-01 11:11:06,938 - root - DEBUG - Processing 20-th line out of 120 rows of DP table...
2022-01-01 11:11:06,981 - root - DEBUG - Processing 30-th line out of 120 rows of DP table...
2022-01-01 11:11:07,020 - root - DEBUG - Processing 40-th line out of 120 rows of DP table...
2022-01-01 11:11:07,058 - root - DEBUG - Processing 50-th line out of 120 rows of DP table...
2022-01-01 11:11:07,095 - root - DEBUG - Processing 60-th line out of 120 rows of DP table...
2022-01-01 11:11:07,126 - root - DEBUG - Processing 70-th line out of 120 rows of DP table...
2022-01-01 11:11:07,152 - root - DEBUG - Processing 80-th line out of 120 rows of DP table...
2022-01-01 11:11:07,169 - root - DEBUG - Processing 90-th line out of 120 rows of DP table...
2022-01-01 11:11:07,179 - root - DEBUG - Processing 100-th line out of 120 rows of DP table...
2022-01-01 11:11:07,186 - root - DEBUG - Processing 110-th line out of 120 rows of DP table...
2022-01-01 11:11:07,189 - root - DEBUG - Processing 120-th line out of 120 rows of DP table...
2022-01-01 11:11:07,190 - root - DEBUG - Started computing sf for chromosome 'chr9'...
2022-01-01 11:11:07,192 - root - DEBUG - m=143, n=187
2022-01-01 11:11:07,238 - root - DEBUG - Processing 10-th line out of 143 rows of DP table...
2022-01-01 11:11:07,284 - root - DEBUG - Processing 20-th line out of 143 rows of DP table...
2022-01-01 11:11:07,326 - root - DEBUG - Processing 30-th line out of 143 rows of DP table...
2022-01-01 11:11:07,365 - root - DEBUG - Processing 40-th line out of 143 rows of DP table...
2022-01-01 11:11:07,401 - root - DEBUG - Processing 50-th line out of 143 rows of DP table...
2022-01-01 11:11:07,433 - root - DEBUG - Processing 60-th line out of 143 rows of DP table...
2022-01-01 11:11:07,462 - root - DEBUG - Processing 70-th line out of 143 rows of DP table...
2022-01-01 11:11:07,487 - root - DEBUG - Processing 80-th line out of 143 rows of DP table...
2022-01-01 11:11:07,509 - root - DEBUG - Processing 90-th line out of 143 rows of DP table...
2022-01-01 11:11:07,528 - root - DEBUG - Processing 100-th line out of 143 rows of DP table...
2022-01-01 11:11:07,543 - root - DEBUG - Processing 110-th line out of 143 rows of DP table...
2022-01-01 11:11:07,555 - root - DEBUG - Processing 120-th line out of 143 rows of DP table...
2022-01-01 11:11:07,563 - root - DEBUG - Processing 130-th line out of 143 rows of DP table...
2022-01-01 11:11:07,568 - root - DEBUG - Processing 140-th line out of 143 rows of DP table...
2022-01-01 11:11:07,570 - root - DEBUG - Started computing sf for chromosome 'chr10'...
2022-01-01 11:11:07,571 - root - DEBUG - m=140, n=158
2022-01-01 11:11:07,616 - root - DEBUG - Processing 10-th line out of 140 rows of DP table...
2022-01-01 11:11:07,772 - root - DEBUG - Processing 20-th line out of 140 rows of DP table...
2022-01-01 11:11:07,815 - root - DEBUG - Processing 30-th line out of 140 rows of DP table...
2022-01-01 11:11:07,872 - root - DEBUG - Processing 40-th line out of 140 rows of DP table...
2022-01-01 11:11:07,907 - root - DEBUG - Processing 50-th line out of 140 rows of DP table...
2022-01-01 11:11:07,938 - root - DEBUG - Processing 60-th line out of 140 rows of DP table...
2022-01-01 11:11:07,965 - root - DEBUG - Processing 70-th line out of 140 rows of DP table...
2022-01-01 11:11:07,990 - root - DEBUG - Processing 80-th line out of 140 rows of DP table...
2022-01-01 11:11:08,010 - root - DEBUG - Processing 90-th line out of 140 rows of DP table...
2022-01-01 11:11:08,028 - root - DEBUG - Processing 100-th line out of 140 rows of DP table...
2022-01-01 11:11:08,042 - root - DEBUG - Processing 110-th line out of 140 rows of DP table...
2022-01-01 11:11:08,054 - root - DEBUG - Processing 120-th line out of 140 rows of DP table...
2022-01-01 11:11:08,061 - root - DEBUG - Processing 130-th line out of 140 rows of DP table...
2022-01-01 11:11:08,065 - root - DEBUG - Processing 140-th line out of 140 rows of DP table...
2022-01-01 11:11:08,066 - root - DEBUG - Started computing sf for chromosome 'chr11'...
2022-01-01 11:11:08,067 - root - DEBUG - m=115, n=145
2022-01-01 11:11:08,105 - root - DEBUG - Processing 10-th line out of 115 rows of DP table...
2022-01-01 11:11:08,141 - root - DEBUG - Processing 20-th line out of 115 rows of DP table...
2022-01-01 11:11:08,173 - root - DEBUG - Processing 30-th line out of 115 rows of DP table...
2022-01-01 11:11:08,202 - root - DEBUG - Processing 40-th line out of 115 rows of DP table...
2022-01-01 11:11:08,228 - root - DEBUG - Processing 50-th line out of 115 rows of DP table...
2022-01-01 11:11:08,251 - root - DEBUG - Processing 60-th line out of 115 rows of DP table...
2022-01-01 11:11:08,269 - root - DEBUG - Processing 70-th line out of 115 rows of DP table...
2022-01-01 11:11:08,285 - root - DEBUG - Processing 80-th line out of 115 rows of DP table...
2022-01-01 11:11:08,297 - root - DEBUG - Processing 90-th line out of 115 rows of DP table...
2022-01-01 11:11:08,305 - root - DEBUG - Processing 100-th line out of 115 rows of DP table...
2022-01-01 11:11:08,310 - root - DEBUG - Processing 110-th line out of 115 rows of DP table...
2022-01-01 11:11:08,313 - root - DEBUG - Started computing sf for chromosome 'chr12'...
2022-01-01 11:11:08,314 - root - DEBUG - m=234, n=141
2022-01-01 11:11:08,390 - root - DEBUG - Processing 10-th line out of 234 rows of DP table...
2022-01-01 11:11:08,467 - root - DEBUG - Processing 20-th line out of 234 rows of DP table...
2022-01-01 11:11:08,542 - root - DEBUG - Processing 30-th line out of 234 rows of DP table...
2022-01-01 11:11:08,613 - root - DEBUG - Processing 40-th line out of 234 rows of DP table...
2022-01-01 11:11:08,681 - root - DEBUG - Processing 50-th line out of 234 rows of DP table...
2022-01-01 11:11:08,745 - root - DEBUG - Processing 60-th line out of 234 rows of DP table...
2022-01-01 11:11:08,806 - root - DEBUG - Processing 70-th line out of 234 rows of DP table...
2022-01-01 11:11:08,864 - root - DEBUG - Processing 80-th line out of 234 rows of DP table...
2022-01-01 11:11:08,917 - root - DEBUG - Processing 90-th line out of 234 rows of DP table...
2022-01-01 11:11:08,980 - root - DEBUG - Processing 100-th line out of 234 rows of DP table...
2022-01-01 11:11:09,026 - root - DEBUG - Processing 110-th line out of 234 rows of DP table...
2022-01-01 11:11:09,069 - root - DEBUG - Processing 120-th line out of 234 rows of DP table...
2022-01-01 11:11:09,110 - root - DEBUG - Processing 130-th line out of 234 rows of DP table...
2022-01-01 11:11:09,146 - root - DEBUG - Processing 140-th line out of 234 rows of DP table...
2022-01-01 11:11:09,179 - root - DEBUG - Processing 150-th line out of 234 rows of DP table...
2022-01-01 11:11:09,208 - root - DEBUG - Processing 160-th line out of 234 rows of DP table...
2022-01-01 11:11:09,246 - root - DEBUG - Processing 170-th line out of 234 rows of DP table...
2022-01-01 11:11:09,269 - root - DEBUG - Processing 180-th line out of 234 rows of DP table...
2022-01-01 11:11:09,288 - root - DEBUG - Processing 190-th line out of 234 rows of DP table...
2022-01-01 11:11:09,304 - root - DEBUG - Processing 200-th line out of 234 rows of DP table...
2022-01-01 11:11:09,317 - root - DEBUG - Processing 210-th line out of 234 rows of DP table...
2022-01-01 11:11:09,326 - root - DEBUG - Processing 220-th line out of 234 rows of DP table...
2022-01-01 11:11:09,332 - root - DEBUG - Processing 230-th line out of 234 rows of DP table...
2022-01-01 11:11:09,335 - root - DEBUG - Started computing sf for chromosome 'chr13'...
2022-01-01 11:11:09,337 - root - DEBUG - m=99, n=99
2022-01-01 11:11:09,370 - root - DEBUG - Processing 10-th line out of 99 rows of DP table...
2022-01-01 11:11:09,402 - root - DEBUG - Processing 20-th line out of 99 rows of DP table...
2022-01-01 11:11:09,431 - root - DEBUG - Processing 30-th line out of 99 rows of DP table...
2022-01-01 11:11:09,456 - root - DEBUG - Processing 40-th line out of 99 rows of DP table...
2022-01-01 11:11:09,477 - root - DEBUG - Processing 50-th line out of 99 rows of DP table...
2022-01-01 11:11:09,495 - root - DEBUG - Processing 60-th line out of 99 rows of DP table...
2022-01-01 11:11:09,509 - root - DEBUG - Processing 70-th line out of 99 rows of DP table...
2022-01-01 11:11:09,519 - root - DEBUG - Processing 80-th line out of 99 rows of DP table...
2022-01-01 11:11:09,526 - root - DEBUG - Processing 90-th line out of 99 rows of DP table...
2022-01-01 11:11:09,531 - root - DEBUG - Started computing sf for chromosome 'chr14'...
2022-01-01 11:11:09,532 - root - DEBUG - m=96, n=90
2022-01-01 11:11:09,564 - root - DEBUG - Processing 10-th line out of 96 rows of DP table...
2022-01-01 11:11:09,595 - root - DEBUG - Processing 20-th line out of 96 rows of DP table...
2022-01-01 11:11:09,623 - root - DEBUG - Processing 30-th line out of 96 rows of DP table...
2022-01-01 11:11:09,646 - root - DEBUG - Processing 40-th line out of 96 rows of DP table...
2022-01-01 11:11:09,666 - root - DEBUG - Processing 50-th line out of 96 rows of DP table...
2022-01-01 11:11:09,682 - root - DEBUG - Processing 60-th line out of 96 rows of DP table...
2022-01-01 11:11:09,694 - root - DEBUG - Processing 70-th line out of 96 rows of DP table...
2022-01-01 11:11:09,703 - root - DEBUG - Processing 80-th line out of 96 rows of DP table...
2022-01-01 11:11:09,709 - root - DEBUG - Processing 90-th line out of 96 rows of DP table...
2022-01-01 11:11:09,711 - root - DEBUG - Started computing sf for chromosome 'chr15'...
2022-01-01 11:11:09,712 - root - DEBUG - m=207, n=94
2022-01-01 11:11:09,779 - root - DEBUG - Processing 10-th line out of 207 rows of DP table...
2022-01-01 11:11:09,847 - root - DEBUG - Processing 20-th line out of 207 rows of DP table...
2022-01-01 11:11:09,912 - root - DEBUG - Processing 30-th line out of 207 rows of DP table...
2022-01-01 11:11:09,974 - root - DEBUG - Processing 40-th line out of 207 rows of DP table...
2022-01-01 11:11:10,031 - root - DEBUG - Processing 50-th line out of 207 rows of DP table...
2022-01-01 11:11:10,084 - root - DEBUG - Processing 60-th line out of 207 rows of DP table...
2022-01-01 11:11:10,135 - root - DEBUG - Processing 70-th line out of 207 rows of DP table...
2022-01-01 11:11:10,183 - root - DEBUG - Processing 80-th line out of 207 rows of DP table...
2022-01-01 11:11:10,226 - root - DEBUG - Processing 90-th line out of 207 rows of DP table...
2022-01-01 11:11:10,266 - root - DEBUG - Processing 100-th line out of 207 rows of DP table...
2022-01-01 11:11:10,303 - root - DEBUG - Processing 110-th line out of 207 rows of DP table...
2022-01-01 11:11:10,337 - root - DEBUG - Processing 120-th line out of 207 rows of DP table...
2022-01-01 11:11:10,367 - root - DEBUG - Processing 130-th line out of 207 rows of DP table...
2022-01-01 11:11:10,393 - root - DEBUG - Processing 140-th line out of 207 rows of DP table...
2022-01-01 11:11:10,417 - root - DEBUG - Processing 150-th line out of 207 rows of DP table...
2022-01-01 11:11:10,436 - root - DEBUG - Processing 160-th line out of 207 rows of DP table...
2022-01-01 11:11:10,453 - root - DEBUG - Processing 170-th line out of 207 rows of DP table...
2022-01-01 11:11:10,466 - root - DEBUG - Processing 180-th line out of 207 rows of DP table...
2022-01-01 11:11:10,476 - root - DEBUG - Processing 190-th line out of 207 rows of DP table...
2022-01-01 11:11:10,482 - root - DEBUG - Processing 200-th line out of 207 rows of DP table...
2022-01-01 11:11:10,486 - root - DEBUG - Started computing sf for chromosome 'chr16'...
2022-01-01 11:11:10,487 - root - DEBUG - m=180, n=123
2022-01-01 11:11:10,546 - root - DEBUG - Processing 10-th line out of 180 rows of DP table...
2022-01-01 11:11:10,604 - root - DEBUG - Processing 20-th line out of 180 rows of DP table...
2022-01-01 11:11:10,659 - root - DEBUG - Processing 30-th line out of 180 rows of DP table...
2022-01-01 11:11:10,711 - root - DEBUG - Processing 40-th line out of 180 rows of DP table...
2022-01-01 11:11:10,759 - root - DEBUG - Processing 50-th line out of 180 rows of DP table...
2022-01-01 11:11:10,803 - root - DEBUG - Processing 60-th line out of 180 rows of DP table...
2022-01-01 11:11:10,844 - root - DEBUG - Processing 70-th line out of 180 rows of DP table...
2022-01-01 11:11:10,882 - root - DEBUG - Processing 80-th line out of 180 rows of DP table...
2022-01-01 11:11:10,916 - root - DEBUG - Processing 90-th line out of 180 rows of DP table...
2022-01-01 11:11:10,946 - root - DEBUG - Processing 100-th line out of 180 rows of DP table...
2022-01-01 11:11:10,974 - root - DEBUG - Processing 110-th line out of 180 rows of DP table...
2022-01-01 11:11:10,998 - root - DEBUG - Processing 120-th line out of 180 rows of DP table...
2022-01-01 11:11:11,018 - root - DEBUG - Processing 130-th line out of 180 rows of DP table...
2022-01-01 11:11:11,036 - root - DEBUG - Processing 140-th line out of 180 rows of DP table...
2022-01-01 11:11:11,050 - root - DEBUG - Processing 150-th line out of 180 rows of DP table...
2022-01-01 11:11:11,061 - root - DEBUG - Processing 160-th line out of 180 rows of DP table...
2022-01-01 11:11:11,068 - root - DEBUG - Processing 170-th line out of 180 rows of DP table...
2022-01-01 11:11:11,073 - root - DEBUG - Processing 180-th line out of 180 rows of DP table...
2022-01-01 11:11:11,075 - root - DEBUG - Started computing sf for chromosome 'chr17'...
2022-01-01 11:11:11,077 - root - DEBUG - m=240, n=142
2022-01-01 11:11:11,155 - root - DEBUG - Processing 10-th line out of 240 rows of DP table...
2022-01-01 11:11:11,236 - root - DEBUG - Processing 20-th line out of 240 rows of DP table...
2022-01-01 11:11:11,313 - root - DEBUG - Processing 30-th line out of 240 rows of DP table...
2022-01-01 11:11:11,386 - root - DEBUG - Processing 40-th line out of 240 rows of DP table...
2022-01-01 11:11:11,456 - root - DEBUG - Processing 50-th line out of 240 rows of DP table...
2022-01-01 11:11:11,530 - root - DEBUG - Processing 60-th line out of 240 rows of DP table...
2022-01-01 11:11:11,594 - root - DEBUG - Processing 70-th line out of 240 rows of DP table...
2022-01-01 11:11:11,653 - root - DEBUG - Processing 80-th line out of 240 rows of DP table...
2022-01-01 11:11:11,708 - root - DEBUG - Processing 90-th line out of 240 rows of DP table...
2022-01-01 11:11:11,781 - root - DEBUG - Processing 100-th line out of 240 rows of DP table...
2022-01-01 11:11:11,830 - root - DEBUG - Processing 110-th line out of 240 rows of DP table...
2022-01-01 11:11:11,876 - root - DEBUG - Processing 120-th line out of 240 rows of DP table...
2022-01-01 11:11:11,918 - root - DEBUG - Processing 130-th line out of 240 rows of DP table...
2022-01-01 11:11:11,956 - root - DEBUG - Processing 140-th line out of 240 rows of DP table...
2022-01-01 11:11:11,992 - root - DEBUG - Processing 150-th line out of 240 rows of DP table...
2022-01-01 11:11:12,024 - root - DEBUG - Processing 160-th line out of 240 rows of DP table...
2022-01-01 11:11:12,053 - root - DEBUG - Processing 170-th line out of 240 rows of DP table...
2022-01-01 11:11:12,078 - root - DEBUG - Processing 180-th line out of 240 rows of DP table...
2022-01-01 11:11:12,100 - root - DEBUG - Processing 190-th line out of 240 rows of DP table...
2022-01-01 11:11:12,137 - root - DEBUG - Processing 200-th line out of 240 rows of DP table...
2022-01-01 11:11:12,167 - root - DEBUG - Processing 210-th line out of 240 rows of DP table...
2022-01-01 11:11:12,190 - root - DEBUG - Processing 220-th line out of 240 rows of DP table...
2022-01-01 11:11:12,205 - root - DEBUG - Processing 230-th line out of 240 rows of DP table...
2022-01-01 11:11:12,214 - root - DEBUG - Processing 240-th line out of 240 rows of DP table...
2022-01-01 11:11:12,218 - root - DEBUG - Started computing sf for chromosome 'chr18'...
2022-01-01 11:11:12,221 - root - DEBUG - m=72, n=75
2022-01-01 11:11:12,266 - root - DEBUG - Processing 10-th line out of 72 rows of DP table...
2022-01-01 11:11:12,309 - root - DEBUG - Processing 20-th line out of 72 rows of DP table...
2022-01-01 11:11:12,346 - root - DEBUG - Processing 30-th line out of 72 rows of DP table...
2022-01-01 11:11:12,375 - root - DEBUG - Processing 40-th line out of 72 rows of DP table...
2022-01-01 11:11:12,397 - root - DEBUG - Processing 50-th line out of 72 rows of DP table...
2022-01-01 11:11:12,413 - root - DEBUG - Processing 60-th line out of 72 rows of DP table...
2022-01-01 11:11:12,422 - root - DEBUG - Processing 70-th line out of 72 rows of DP table...
2022-01-01 11:11:12,424 - root - DEBUG - Started computing sf for chromosome 'chr19'...
2022-01-01 11:11:12,427 - root - DEBUG - m=96, n=110
2022-01-01 11:11:12,498 - root - DEBUG - Processing 10-th line out of 96 rows of DP table...
2022-01-01 11:11:12,566 - root - DEBUG - Processing 20-th line out of 96 rows of DP table...
2022-01-01 11:11:12,626 - root - DEBUG - Processing 30-th line out of 96 rows of DP table...
2022-01-01 11:11:12,664 - root - DEBUG - Processing 40-th line out of 96 rows of DP table...
2022-01-01 11:11:12,684 - root - DEBUG - Processing 50-th line out of 96 rows of DP table...
2022-01-01 11:11:12,699 - root - DEBUG - Processing 60-th line out of 96 rows of DP table...
2022-01-01 11:11:12,712 - root - DEBUG - Processing 70-th line out of 96 rows of DP table...
2022-01-01 11:11:12,721 - root - DEBUG - Processing 80-th line out of 96 rows of DP table...
2022-01-01 11:11:12,726 - root - DEBUG - Processing 90-th line out of 96 rows of DP table...
2022-01-01 11:11:12,729 - root - DEBUG - Started computing sf for chromosome 'chr20'...
2022-01-01 11:11:12,730 - root - DEBUG - m=89, n=74
2022-01-01 11:11:12,759 - root - DEBUG - Processing 10-th line out of 89 rows of DP table...
2022-01-01 11:11:12,786 - root - DEBUG - Processing 20-th line out of 89 rows of DP table...
2022-01-01 11:11:12,810 - root - DEBUG - Processing 30-th line out of 89 rows of DP table...
2022-01-01 11:11:12,830 - root - DEBUG - Processing 40-th line out of 89 rows of DP table...
2022-01-01 11:11:12,847 - root - DEBUG - Processing 50-th line out of 89 rows of DP table...
2022-01-01 11:11:12,860 - root - DEBUG - Processing 60-th line out of 89 rows of DP table...
2022-01-01 11:11:12,870 - root - DEBUG - Processing 70-th line out of 89 rows of DP table...
2022-01-01 11:11:12,876 - root - DEBUG - Processing 80-th line out of 89 rows of DP table...
2022-01-01 11:11:12,880 - root - DEBUG - Started computing sf for chromosome 'chr21'...
2022-01-01 11:11:12,881 - root - DEBUG - m=58, n=28
2022-01-01 11:11:12,900 - root - DEBUG - Processing 10-th line out of 58 rows of DP table...
2022-01-01 11:11:12,916 - root - DEBUG - Processing 20-th line out of 58 rows of DP table...
2022-01-01 11:11:12,928 - root - DEBUG - Processing 30-th line out of 58 rows of DP table...
2022-01-01 11:11:12,938 - root - DEBUG - Processing 40-th line out of 58 rows of DP table...
2022-01-01 11:11:12,944 - root - DEBUG - Processing 50-th line out of 58 rows of DP table...
2022-01-01 11:11:12,947 - root - DEBUG - Started computing sf for chromosome 'chr22'...
2022-01-01 11:11:12,948 - root - DEBUG - m=105, n=66
2022-01-01 11:11:12,981 - root - DEBUG - Processing 10-th line out of 105 rows of DP table...
2022-01-01 11:11:13,013 - root - DEBUG - Processing 20-th line out of 105 rows of DP table...
2022-01-01 11:11:13,042 - root - DEBUG - Processing 30-th line out of 105 rows of DP table...
2022-01-01 11:11:13,067 - root - DEBUG - Processing 40-th line out of 105 rows of DP table...
2022-01-01 11:11:13,089 - root - DEBUG - Processing 50-th line out of 105 rows of DP table...
2022-01-01 11:11:13,107 - root - DEBUG - Processing 60-th line out of 105 rows of DP table...
2022-01-01 11:11:13,122 - root - DEBUG - Processing 70-th line out of 105 rows of DP table...
2022-01-01 11:11:13,134 - root - DEBUG - Processing 80-th line out of 105 rows of DP table...
2022-01-01 11:11:13,143 - root - DEBUG - Processing 90-th line out of 105 rows of DP table...
2022-01-01 11:11:13,148 - root - DEBUG - Processing 100-th line out of 105 rows of DP table...
2022-01-01 11:11:13,151 - root - DEBUG - Started computing sf for chromosome 'chrX'...
2022-01-01 11:11:13,152 - root - DEBUG - m=1563, n=129
2022-01-01 11:11:13,668 - root - DEBUG - Processing 10-th line out of 1563 rows of DP table...
2022-01-01 11:11:14,221 - root - DEBUG - Processing 20-th line out of 1563 rows of DP table...
2022-01-01 11:11:14,756 - root - DEBUG - Processing 30-th line out of 1563 rows of DP table...
2022-01-01 11:11:15,286 - root - DEBUG - Processing 40-th line out of 1563 rows of DP table...
2022-01-01 11:11:15,812 - root - DEBUG - Processing 50-th line out of 1563 rows of DP table...
2022-01-01 11:11:16,336 - root - DEBUG - Processing 60-th line out of 1563 rows of DP table...
2022-01-01 11:11:16,854 - root - DEBUG - Processing 70-th line out of 1563 rows of DP table...
2022-01-01 11:11:17,371 - root - DEBUG - Processing 80-th line out of 1563 rows of DP table...
2022-01-01 11:11:17,884 - root - DEBUG - Processing 90-th line out of 1563 rows of DP table...
2022-01-01 11:11:18,396 - root - DEBUG - Processing 100-th line out of 1563 rows of DP table...
2022-01-01 11:11:18,903 - root - DEBUG - Processing 110-th line out of 1563 rows of DP table...
2022-01-01 11:11:19,406 - root - DEBUG - Processing 120-th line out of 1563 rows of DP table...
2022-01-01 11:11:19,906 - root - DEBUG - Processing 130-th line out of 1563 rows of DP table...
2022-01-01 11:11:20,403 - root - DEBUG - Processing 140-th line out of 1563 rows of DP table...
2022-01-01 11:11:20,895 - root - DEBUG - Processing 150-th line out of 1563 rows of DP table...
2022-01-01 11:11:21,383 - root - DEBUG - Processing 160-th line out of 1563 rows of DP table...
2022-01-01 11:11:21,870 - root - DEBUG - Processing 170-th line out of 1563 rows of DP table...
2022-01-01 11:11:22,352 - root - DEBUG - Processing 180-th line out of 1563 rows of DP table...
2022-01-01 11:11:22,832 - root - DEBUG - Processing 190-th line out of 1563 rows of DP table...
2022-01-01 11:11:23,308 - root - DEBUG - Processing 200-th line out of 1563 rows of DP table...
2022-01-01 11:11:23,780 - root - DEBUG - Processing 210-th line out of 1563 rows of DP table...
2022-01-01 11:11:24,250 - root - DEBUG - Processing 220-th line out of 1563 rows of DP table...
2022-01-01 11:11:24,718 - root - DEBUG - Processing 230-th line out of 1563 rows of DP table...
2022-01-01 11:11:25,179 - root - DEBUG - Processing 240-th line out of 1563 rows of DP table...
2022-01-01 11:11:25,638 - root - DEBUG - Processing 250-th line out of 1563 rows of DP table...
2022-01-01 11:11:26,094 - root - DEBUG - Processing 260-th line out of 1563 rows of DP table...
2022-01-01 11:11:26,546 - root - DEBUG - Processing 270-th line out of 1563 rows of DP table...
2022-01-01 11:11:26,994 - root - DEBUG - Processing 280-th line out of 1563 rows of DP table...
2022-01-01 11:11:27,440 - root - DEBUG - Processing 290-th line out of 1563 rows of DP table...
2022-01-01 11:11:27,881 - root - DEBUG - Processing 300-th line out of 1563 rows of DP table...
2022-01-01 11:11:28,320 - root - DEBUG - Processing 310-th line out of 1563 rows of DP table...
2022-01-01 11:11:28,755 - root - DEBUG - Processing 320-th line out of 1563 rows of DP table...
2022-01-01 11:11:29,186 - root - DEBUG - Processing 330-th line out of 1563 rows of DP table...
2022-01-01 11:11:29,616 - root - DEBUG - Processing 340-th line out of 1563 rows of DP table...
2022-01-01 11:11:30,042 - root - DEBUG - Processing 350-th line out of 1563 rows of DP table...
2022-01-01 11:11:30,464 - root - DEBUG - Processing 360-th line out of 1563 rows of DP table...
2022-01-01 11:11:30,883 - root - DEBUG - Processing 370-th line out of 1563 rows of DP table...
2022-01-01 11:11:31,298 - root - DEBUG - Processing 380-th line out of 1563 rows of DP table...
2022-01-01 11:11:31,709 - root - DEBUG - Processing 390-th line out of 1563 rows of DP table...
2022-01-01 11:11:32,118 - root - DEBUG - Processing 400-th line out of 1563 rows of DP table...
2022-01-01 11:11:32,522 - root - DEBUG - Processing 410-th line out of 1563 rows of DP table...
2022-01-01 11:11:32,923 - root - DEBUG - Processing 420-th line out of 1563 rows of DP table...
2022-01-01 11:11:33,321 - root - DEBUG - Processing 430-th line out of 1563 rows of DP table...
2022-01-01 11:11:33,715 - root - DEBUG - Processing 440-th line out of 1563 rows of DP table...
2022-01-01 11:11:34,105 - root - DEBUG - Processing 450-th line out of 1563 rows of DP table...
2022-01-01 11:11:34,492 - root - DEBUG - Processing 460-th line out of 1563 rows of DP table...
2022-01-01 11:11:34,876 - root - DEBUG - Processing 470-th line out of 1563 rows of DP table...
2022-01-01 11:11:35,255 - root - DEBUG - Processing 480-th line out of 1563 rows of DP table...
2022-01-01 11:11:35,633 - root - DEBUG - Processing 490-th line out of 1563 rows of DP table...
2022-01-01 11:11:36,007 - root - DEBUG - Processing 500-th line out of 1563 rows of DP table...
2022-01-01 11:11:36,376 - root - DEBUG - Processing 510-th line out of 1563 rows of DP table...
2022-01-01 11:11:36,743 - root - DEBUG - Processing 520-th line out of 1563 rows of DP table...
2022-01-01 11:11:37,105 - root - DEBUG - Processing 530-th line out of 1563 rows of DP table...
2022-01-01 11:11:37,465 - root - DEBUG - Processing 540-th line out of 1563 rows of DP table...
2022-01-01 11:11:37,822 - root - DEBUG - Processing 550-th line out of 1563 rows of DP table...
2022-01-01 11:11:38,174 - root - DEBUG - Processing 560-th line out of 1563 rows of DP table...
2022-01-01 11:11:38,524 - root - DEBUG - Processing 570-th line out of 1563 rows of DP table...
2022-01-01 11:11:38,869 - root - DEBUG - Processing 580-th line out of 1563 rows of DP table...
2022-01-01 11:11:39,212 - root - DEBUG - Processing 590-th line out of 1563 rows of DP table...
2022-01-01 11:11:39,553 - root - DEBUG - Processing 600-th line out of 1563 rows of DP table...
2022-01-01 11:11:39,888 - root - DEBUG - Processing 610-th line out of 1563 rows of DP table...
2022-01-01 11:11:40,220 - root - DEBUG - Processing 620-th line out of 1563 rows of DP table...
2022-01-01 11:11:40,548 - root - DEBUG - Processing 630-th line out of 1563 rows of DP table...
2022-01-01 11:11:40,874 - root - DEBUG - Processing 640-th line out of 1563 rows of DP table...
2022-01-01 11:11:41,195 - root - DEBUG - Processing 650-th line out of 1563 rows of DP table...
2022-01-01 11:11:41,512 - root - DEBUG - Processing 660-th line out of 1563 rows of DP table...
2022-01-01 11:11:41,827 - root - DEBUG - Processing 670-th line out of 1563 rows of DP table...
2022-01-01 11:11:42,139 - root - DEBUG - Processing 680-th line out of 1563 rows of DP table...
2022-01-01 11:11:42,447 - root - DEBUG - Processing 690-th line out of 1563 rows of DP table...
2022-01-01 11:11:42,752 - root - DEBUG - Processing 700-th line out of 1563 rows of DP table...
2022-01-01 11:11:43,117 - root - DEBUG - Processing 710-th line out of 1563 rows of DP table...
2022-01-01 11:11:43,415 - root - DEBUG - Processing 720-th line out of 1563 rows of DP table...
2022-01-01 11:11:43,710 - root - DEBUG - Processing 730-th line out of 1563 rows of DP table...
2022-01-01 11:11:44,001 - root - DEBUG - Processing 740-th line out of 1563 rows of DP table...
2022-01-01 11:11:44,290 - root - DEBUG - Processing 750-th line out of 1563 rows of DP table...
2022-01-01 11:11:44,575 - root - DEBUG - Processing 760-th line out of 1563 rows of DP table...
2022-01-01 11:11:44,856 - root - DEBUG - Processing 770-th line out of 1563 rows of DP table...
2022-01-01 11:11:45,133 - root - DEBUG - Processing 780-th line out of 1563 rows of DP table...
2022-01-01 11:11:45,408 - root - DEBUG - Processing 790-th line out of 1563 rows of DP table...
2022-01-01 11:11:45,681 - root - DEBUG - Processing 800-th line out of 1563 rows of DP table...
2022-01-01 11:11:45,949 - root - DEBUG - Processing 810-th line out of 1563 rows of DP table...
2022-01-01 11:11:46,214 - root - DEBUG - Processing 820-th line out of 1563 rows of DP table...
2022-01-01 11:11:46,475 - root - DEBUG - Processing 830-th line out of 1563 rows of DP table...
2022-01-01 11:11:46,733 - root - DEBUG - Processing 840-th line out of 1563 rows of DP table...
2022-01-01 11:11:46,987 - root - DEBUG - Processing 850-th line out of 1563 rows of DP table...
2022-01-01 11:11:47,238 - root - DEBUG - Processing 860-th line out of 1563 rows of DP table...
2022-01-01 11:11:47,485 - root - DEBUG - Processing 870-th line out of 1563 rows of DP table...
2022-01-01 11:11:47,730 - root - DEBUG - Processing 880-th line out of 1563 rows of DP table...
2022-01-01 11:11:48,093 - root - DEBUG - Processing 890-th line out of 1563 rows of DP table...
2022-01-01 11:11:48,330 - root - DEBUG - Processing 900-th line out of 1563 rows of DP table...
2022-01-01 11:11:48,563 - root - DEBUG - Processing 910-th line out of 1563 rows of DP table...
2022-01-01 11:11:48,794 - root - DEBUG - Processing 920-th line out of 1563 rows of DP table...
2022-01-01 11:11:49,021 - root - DEBUG - Processing 930-th line out of 1563 rows of DP table...
2022-01-01 11:11:49,245 - root - DEBUG - Processing 940-th line out of 1563 rows of DP table...
2022-01-01 11:11:49,465 - root - DEBUG - Processing 950-th line out of 1563 rows of DP table...
2022-01-01 11:11:49,682 - root - DEBUG - Processing 960-th line out of 1563 rows of DP table...
2022-01-01 11:11:49,896 - root - DEBUG - Processing 970-th line out of 1563 rows of DP table...
2022-01-01 11:11:50,106 - root - DEBUG - Processing 980-th line out of 1563 rows of DP table...
2022-01-01 11:11:50,313 - root - DEBUG - Processing 990-th line out of 1563 rows of DP table...
2022-01-01 11:11:50,517 - root - DEBUG - Processing 1000-th line out of 1563 rows of DP table...
2022-01-01 11:11:50,730 - root - DEBUG - Processing 1010-th line out of 1563 rows of DP table...
2022-01-01 11:11:50,926 - root - DEBUG - Processing 1020-th line out of 1563 rows of DP table...
2022-01-01 11:11:51,119 - root - DEBUG - Processing 1030-th line out of 1563 rows of DP table...
2022-01-01 11:11:51,309 - root - DEBUG - Processing 1040-th line out of 1563 rows of DP table...
2022-01-01 11:11:51,495 - root - DEBUG - Processing 1050-th line out of 1563 rows of DP table...
2022-01-01 11:11:51,677 - root - DEBUG - Processing 1060-th line out of 1563 rows of DP table...
2022-01-01 11:11:51,856 - root - DEBUG - Processing 1070-th line out of 1563 rows of DP table...
2022-01-01 11:11:52,031 - root - DEBUG - Processing 1080-th line out of 1563 rows of DP table...
2022-01-01 11:11:52,203 - root - DEBUG - Processing 1090-th line out of 1563 rows of DP table...
2022-01-01 11:11:52,372 - root - DEBUG - Processing 1100-th line out of 1563 rows of DP table...
2022-01-01 11:11:52,537 - root - DEBUG - Processing 1110-th line out of 1563 rows of DP table...
2022-01-01 11:11:52,698 - root - DEBUG - Processing 1120-th line out of 1563 rows of DP table...
2022-01-01 11:11:52,857 - root - DEBUG - Processing 1130-th line out of 1563 rows of DP table...
2022-01-01 11:11:53,013 - root - DEBUG - Processing 1140-th line out of 1563 rows of DP table...
2022-01-01 11:11:53,165 - root - DEBUG - Processing 1150-th line out of 1563 rows of DP table...
2022-01-01 11:11:53,314 - root - DEBUG - Processing 1160-th line out of 1563 rows of DP table...
2022-01-01 11:11:53,459 - root - DEBUG - Processing 1170-th line out of 1563 rows of DP table...
2022-01-01 11:11:53,601 - root - DEBUG - Processing 1180-th line out of 1563 rows of DP table...
2022-01-01 11:11:53,739 - root - DEBUG - Processing 1190-th line out of 1563 rows of DP table...
2022-01-01 11:11:53,875 - root - DEBUG - Processing 1200-th line out of 1563 rows of DP table...
2022-01-01 11:11:54,007 - root - DEBUG - Processing 1210-th line out of 1563 rows of DP table...
2022-01-01 11:11:54,134 - root - DEBUG - Processing 1220-th line out of 1563 rows of DP table...
2022-01-01 11:11:54,259 - root - DEBUG - Processing 1230-th line out of 1563 rows of DP table...
2022-01-01 11:11:54,380 - root - DEBUG - Processing 1240-th line out of 1563 rows of DP table...
2022-01-01 11:11:54,499 - root - DEBUG - Processing 1250-th line out of 1563 rows of DP table...
2022-01-01 11:11:54,614 - root - DEBUG - Processing 1260-th line out of 1563 rows of DP table...
2022-01-01 11:11:54,726 - root - DEBUG - Processing 1270-th line out of 1563 rows of DP table...
2022-01-01 11:11:54,834 - root - DEBUG - Processing 1280-th line out of 1563 rows of DP table...
2022-01-01 11:11:54,939 - root - DEBUG - Processing 1290-th line out of 1563 rows of DP table...
2022-01-01 11:11:55,040 - root - DEBUG - Processing 1300-th line out of 1563 rows of DP table...
2022-01-01 11:11:55,138 - root - DEBUG - Processing 1310-th line out of 1563 rows of DP table...
2022-01-01 11:11:55,231 - root - DEBUG - Processing 1320-th line out of 1563 rows of DP table...
2022-01-01 11:11:55,322 - root - DEBUG - Processing 1330-th line out of 1563 rows of DP table...
2022-01-01 11:11:55,409 - root - DEBUG - Processing 1340-th line out of 1563 rows of DP table...
2022-01-01 11:11:55,492 - root - DEBUG - Processing 1350-th line out of 1563 rows of DP table...
2022-01-01 11:11:55,572 - root - DEBUG - Processing 1360-th line out of 1563 rows of DP table...
2022-01-01 11:11:55,649 - root - DEBUG - Processing 1370-th line out of 1563 rows of DP table...
2022-01-01 11:11:55,722 - root - DEBUG - Processing 1380-th line out of 1563 rows of DP table...
2022-01-01 11:11:55,792 - root - DEBUG - Processing 1390-th line out of 1563 rows of DP table...
2022-01-01 11:11:55,866 - root - DEBUG - Processing 1400-th line out of 1563 rows of DP table...
2022-01-01 11:11:55,929 - root - DEBUG - Processing 1410-th line out of 1563 rows of DP table...
2022-01-01 11:11:55,989 - root - DEBUG - Processing 1420-th line out of 1563 rows of DP table...
2022-01-01 11:11:56,046 - root - DEBUG - Processing 1430-th line out of 1563 rows of DP table...
2022-01-01 11:11:56,099 - root - DEBUG - Processing 1440-th line out of 1563 rows of DP table...
2022-01-01 11:11:56,149 - root - DEBUG - Processing 1450-th line out of 1563 rows of DP table...
2022-01-01 11:11:56,196 - root - DEBUG - Processing 1460-th line out of 1563 rows of DP table...
2022-01-01 11:11:56,239 - root - DEBUG - Processing 1470-th line out of 1563 rows of DP table...
2022-01-01 11:11:56,278 - root - DEBUG - Processing 1480-th line out of 1563 rows of DP table...
2022-01-01 11:11:56,314 - root - DEBUG - Processing 1490-th line out of 1563 rows of DP table...
2022-01-01 11:11:56,346 - root - DEBUG - Processing 1500-th line out of 1563 rows of DP table...
2022-01-01 11:11:56,375 - root - DEBUG - Processing 1510-th line out of 1563 rows of DP table...
2022-01-01 11:11:56,400 - root - DEBUG - Processing 1520-th line out of 1563 rows of DP table...
2022-01-01 11:11:56,422 - root - DEBUG - Processing 1530-th line out of 1563 rows of DP table...
2022-01-01 11:11:56,440 - root - DEBUG - Processing 1540-th line out of 1563 rows of DP table...
2022-01-01 11:11:56,455 - root - DEBUG - Processing 1550-th line out of 1563 rows of DP table...
2022-01-01 11:11:56,466 - root - DEBUG - Processing 1560-th line out of 1563 rows of DP table...
2022-01-01 11:11:56,478 - root - DEBUG - Started computing sf for chromosome 'chrY'...
2022-01-01 11:11:56,482 - root - DEBUG - m=1, n=17
2022-01-01 11:11:56,483 - root - DEBUG - Started computing joint logprobs...
