2021-12-30 07:36:47,345 - root - INFO - Loading reference interval set from '../resources/zarrei2015-2/intervals/ISCA-gain.lex-smallest.intron.tsv'...
2021-12-30 07:36:47,347 - root - INFO - Loading query interval set from '../resources/zarrei2015-2/cnv_intervals/inclusive.gain.tsv'...
2021-12-30 07:36:47,354 - root - INFO - Loading chromosome sizes from '../resources/experiment_original/iSTAT/data/hg19_chrom_sizes.txt'...
2021-12-30 07:36:47,360 - root - INFO - Number of reference intervals: 499 (499 before merging)
2021-12-30 07:36:47,361 - root - INFO - Number of query intervals: 3132 (3132 before merging)
2021-12-30 07:36:47,362 - root - INFO - Number of chromosomes: 24
2021-12-30 07:36:47,368 - root - INFO - Overlap count: 10
2021-12-30 07:36:47,370 - root - DEBUG - Started computing sf for chromosome 'chr1'...
2021-12-30 07:36:47,371 - root - DEBUG - m=20, n=244
2021-12-30 07:36:47,383 - root - DEBUG - Processing 10-th line out of 20 rows of DP table...
2021-12-30 07:36:47,389 - root - DEBUG - Processing 20-th line out of 20 rows of DP table...
2021-12-30 07:36:47,391 - root - DEBUG - Started computing sf for chromosome 'chr2'...
2021-12-30 07:36:47,392 - root - DEBUG - m=22, n=249
2021-12-30 07:36:47,405 - root - DEBUG - Processing 10-th line out of 22 rows of DP table...
2021-12-30 07:36:47,413 - root - DEBUG - Processing 20-th line out of 22 rows of DP table...
2021-12-30 07:36:47,415 - root - DEBUG - Started computing sf for chromosome 'chr3'...
2021-12-30 07:36:47,416 - root - DEBUG - m=2, n=140
2021-12-30 07:36:47,418 - root - DEBUG - Started computing sf for chromosome 'chr4'...
2021-12-30 07:36:47,419 - root - DEBUG - m=0, n=184
2021-12-30 07:36:47,420 - root - DEBUG - Started computing sf for chromosome 'chr5'...
2021-12-30 07:36:47,422 - root - DEBUG - m=101, n=140
2021-12-30 07:36:47,486 - root - DEBUG - Processing 10-th line out of 101 rows of DP table...
2021-12-30 07:36:47,547 - root - DEBUG - Processing 20-th line out of 101 rows of DP table...
2021-12-30 07:36:47,601 - root - DEBUG - Processing 30-th line out of 101 rows of DP table...
2021-12-30 07:36:47,648 - root - DEBUG - Processing 40-th line out of 101 rows of DP table...
2021-12-30 07:36:47,688 - root - DEBUG - Processing 50-th line out of 101 rows of DP table...
2021-12-30 07:36:47,722 - root - DEBUG - Processing 60-th line out of 101 rows of DP table...
2021-12-30 07:36:47,750 - root - DEBUG - Processing 70-th line out of 101 rows of DP table...
2021-12-30 07:36:47,770 - root - DEBUG - Processing 80-th line out of 101 rows of DP table...
2021-12-30 07:36:47,783 - root - DEBUG - Processing 90-th line out of 101 rows of DP table...
2021-12-30 07:36:47,790 - root - DEBUG - Processing 100-th line out of 101 rows of DP table...
2021-12-30 07:36:47,792 - root - DEBUG - Started computing sf for chromosome 'chr6'...
2021-12-30 07:36:47,793 - root - DEBUG - m=42, n=141
2021-12-30 07:36:47,818 - root - DEBUG - Processing 10-th line out of 42 rows of DP table...
2021-12-30 07:36:47,839 - root - DEBUG - Processing 20-th line out of 42 rows of DP table...
2021-12-30 07:36:47,852 - root - DEBUG - Processing 30-th line out of 42 rows of DP table...
2021-12-30 07:36:47,859 - root - DEBUG - Processing 40-th line out of 42 rows of DP table...
2021-12-30 07:36:47,861 - root - DEBUG - Started computing sf for chromosome 'chr7'...
2021-12-30 07:36:47,862 - root - DEBUG - m=2, n=208
2021-12-30 07:36:47,863 - root - DEBUG - Started computing sf for chromosome 'chr8'...
2021-12-30 07:36:47,864 - root - DEBUG - m=6, n=148
2021-12-30 07:36:47,867 - root - DEBUG - Started computing sf for chromosome 'chr9'...
2021-12-30 07:36:47,868 - root - DEBUG - m=38, n=187
2021-12-30 07:36:47,891 - root - DEBUG - Processing 10-th line out of 38 rows of DP table...
2021-12-30 07:36:47,909 - root - DEBUG - Processing 20-th line out of 38 rows of DP table...
2021-12-30 07:36:47,920 - root - DEBUG - Processing 30-th line out of 38 rows of DP table...
2021-12-30 07:36:47,924 - root - DEBUG - Started computing sf for chromosome 'chr10'...
2021-12-30 07:36:47,925 - root - DEBUG - m=0, n=158
2021-12-30 07:36:47,926 - root - DEBUG - Started computing sf for chromosome 'chr11'...
2021-12-30 07:36:47,927 - root - DEBUG - m=68, n=145
2021-12-30 07:36:47,969 - root - DEBUG - Processing 10-th line out of 68 rows of DP table...
2021-12-30 07:36:48,007 - root - DEBUG - Processing 20-th line out of 68 rows of DP table...
2021-12-30 07:36:48,039 - root - DEBUG - Processing 30-th line out of 68 rows of DP table...
2021-12-30 07:36:48,064 - root - DEBUG - Processing 40-th line out of 68 rows of DP table...
2021-12-30 07:36:48,082 - root - DEBUG - Processing 50-th line out of 68 rows of DP table...
2021-12-30 07:36:48,094 - root - DEBUG - Processing 60-th line out of 68 rows of DP table...
2021-12-30 07:36:48,099 - root - DEBUG - Started computing sf for chromosome 'chr12'...
2021-12-30 07:36:48,100 - root - DEBUG - m=0, n=141
2021-12-30 07:36:48,101 - root - DEBUG - Started computing sf for chromosome 'chr13'...
2021-12-30 07:36:48,102 - root - DEBUG - m=0, n=99
2021-12-30 07:36:48,102 - root - DEBUG - Started computing sf for chromosome 'chr14'...
2021-12-30 07:36:48,103 - root - DEBUG - m=0, n=90
2021-12-30 07:36:48,110 - root - DEBUG - Started computing sf for chromosome 'chr15'...
2021-12-30 07:36:48,112 - root - DEBUG - m=0, n=94
2021-12-30 07:36:48,113 - root - DEBUG - Started computing sf for chromosome 'chr16'...
2021-12-30 07:36:48,115 - root - DEBUG - m=69, n=123
2021-12-30 07:36:48,160 - root - DEBUG - Processing 10-th line out of 69 rows of DP table...
2021-12-30 07:36:48,200 - root - DEBUG - Processing 20-th line out of 69 rows of DP table...
2021-12-30 07:36:48,234 - root - DEBUG - Processing 30-th line out of 69 rows of DP table...
2021-12-30 07:36:48,261 - root - DEBUG - Processing 40-th line out of 69 rows of DP table...
2021-12-30 07:36:48,280 - root - DEBUG - Processing 50-th line out of 69 rows of DP table...
2021-12-30 07:36:48,293 - root - DEBUG - Processing 60-th line out of 69 rows of DP table...
2021-12-30 07:36:48,300 - root - DEBUG - Started computing sf for chromosome 'chr17'...
2021-12-30 07:36:48,301 - root - DEBUG - m=1, n=142
2021-12-30 07:36:48,303 - root - DEBUG - Started computing sf for chromosome 'chr18'...
2021-12-30 07:36:48,304 - root - DEBUG - m=16, n=75
2021-12-30 07:36:48,314 - root - DEBUG - Processing 10-th line out of 16 rows of DP table...
2021-12-30 07:36:48,317 - root - DEBUG - Started computing sf for chromosome 'chr19'...
2021-12-30 07:36:48,319 - root - DEBUG - m=0, n=110
2021-12-30 07:36:48,320 - root - DEBUG - Started computing sf for chromosome 'chr20'...
2021-12-30 07:36:48,322 - root - DEBUG - m=0, n=74
2021-12-30 07:36:48,323 - root - DEBUG - Started computing sf for chromosome 'chr21'...
2021-12-30 07:36:48,325 - root - DEBUG - m=17, n=28
2021-12-30 07:36:48,335 - root - DEBUG - Processing 10-th line out of 17 rows of DP table...
2021-12-30 07:36:48,339 - root - DEBUG - Started computing sf for chromosome 'chr22'...
2021-12-30 07:36:48,340 - root - DEBUG - m=0, n=66
2021-12-30 07:36:48,342 - root - DEBUG - Started computing sf for chromosome 'chrX'...
2021-12-30 07:36:48,343 - root - DEBUG - m=95, n=129
2021-12-30 07:36:48,404 - root - DEBUG - Processing 10-th line out of 95 rows of DP table...
2021-12-30 07:36:48,460 - root - DEBUG - Processing 20-th line out of 95 rows of DP table...
2021-12-30 07:36:48,510 - root - DEBUG - Processing 30-th line out of 95 rows of DP table...
2021-12-30 07:36:48,552 - root - DEBUG - Processing 40-th line out of 95 rows of DP table...
2021-12-30 07:36:48,589 - root - DEBUG - Processing 50-th line out of 95 rows of DP table...
2021-12-30 07:36:48,619 - root - DEBUG - Processing 60-th line out of 95 rows of DP table...
2021-12-30 07:36:48,641 - root - DEBUG - Processing 70-th line out of 95 rows of DP table...
2021-12-30 07:36:48,658 - root - DEBUG - Processing 80-th line out of 95 rows of DP table...
2021-12-30 07:36:48,667 - root - DEBUG - Processing 90-th line out of 95 rows of DP table...
2021-12-30 07:36:48,671 - root - DEBUG - Started computing sf for chromosome 'chrY'...
2021-12-30 07:36:48,672 - root - DEBUG - m=0, n=17
2021-12-30 07:36:48,673 - root - DEBUG - Started computing joint logprobs...
