2022-01-01 08:20:56,957 - root - INFO - Loading reference interval set from '../resources/zarrei2015-2/intervals/ISCA-loss.lex-smallest.cds.tsv'...
2022-01-01 08:20:56,957 - root - INFO - Loading query interval set from '../resources/zarrei2015-2/cnv_intervals/stringent.gain.tsv'...
2022-01-01 08:20:56,960 - root - INFO - Loading chromosome sizes from '../resources/experiment_original/iSTAT/data/hg19_chrom_sizes.txt'...
2022-01-01 08:20:56,961 - root - INFO - Number of reference intervals: 283 (285 before merging)
2022-01-01 08:20:56,962 - root - INFO - Number of query intervals: 1169 (1169 before merging)
2022-01-01 08:20:56,962 - root - INFO - Number of chromosomes: 24
2022-01-01 08:20:56,964 - root - INFO - Overlap count: 11
2022-01-01 08:20:56,965 - root - DEBUG - Started computing sf for chromosome 'chr1'...
2022-01-01 08:20:56,966 - root - DEBUG - m=11, n=92
2022-01-01 08:20:56,969 - root - DEBUG - Processing 10-th line out of 11 rows of DP table...
2022-01-01 08:20:56,970 - root - DEBUG - Started computing sf for chromosome 'chr2'...
2022-01-01 08:20:56,971 - root - DEBUG - m=16, n=96
2022-01-01 08:20:56,976 - root - DEBUG - Processing 10-th line out of 16 rows of DP table...
2022-01-01 08:20:56,978 - root - DEBUG - Started computing sf for chromosome 'chr3'...
2022-01-01 08:20:56,979 - root - DEBUG - m=12, n=49
2022-01-01 08:20:56,983 - root - DEBUG - Processing 10-th line out of 12 rows of DP table...
2022-01-01 08:20:56,984 - root - DEBUG - Started computing sf for chromosome 'chr4'...
2022-01-01 08:20:56,985 - root - DEBUG - m=4, n=68
2022-01-01 08:20:56,987 - root - DEBUG - Started computing sf for chromosome 'chr5'...
2022-01-01 08:20:56,988 - root - DEBUG - m=10, n=61
2022-01-01 08:20:56,991 - root - DEBUG - Processing 10-th line out of 10 rows of DP table...
2022-01-01 08:20:56,993 - root - DEBUG - Started computing sf for chromosome 'chr6'...
2022-01-01 08:20:56,994 - root - DEBUG - m=8, n=46
2022-01-01 08:20:56,996 - root - DEBUG - Started computing sf for chromosome 'chr7'...
2022-01-01 08:20:56,997 - root - DEBUG - m=11, n=89
2022-01-01 08:20:57,001 - root - DEBUG - Processing 10-th line out of 11 rows of DP table...
2022-01-01 08:20:57,002 - root - DEBUG - Started computing sf for chromosome 'chr8'...
2022-01-01 08:20:57,003 - root - DEBUG - m=7, n=59
2022-01-01 08:20:57,006 - root - DEBUG - Started computing sf for chromosome 'chr9'...
2022-01-01 08:20:57,007 - root - DEBUG - m=9, n=62
2022-01-01 08:20:57,010 - root - DEBUG - Started computing sf for chromosome 'chr10'...
2022-01-01 08:20:57,011 - root - DEBUG - m=10, n=45
2022-01-01 08:20:57,014 - root - DEBUG - Processing 10-th line out of 10 rows of DP table...
2022-01-01 08:20:57,015 - root - DEBUG - Started computing sf for chromosome 'chr11'...
2022-01-01 08:20:57,016 - root - DEBUG - m=8, n=63
2022-01-01 08:20:57,019 - root - DEBUG - Started computing sf for chromosome 'chr12'...
2022-01-01 08:20:57,020 - root - DEBUG - m=9, n=38
2022-01-01 08:20:57,023 - root - DEBUG - Started computing sf for chromosome 'chr13'...
2022-01-01 08:20:57,024 - root - DEBUG - m=6, n=32
2022-01-01 08:20:57,026 - root - DEBUG - Started computing sf for chromosome 'chr14'...
2022-01-01 08:20:57,027 - root - DEBUG - m=7, n=31
2022-01-01 08:20:57,030 - root - DEBUG - Started computing sf for chromosome 'chr15'...
2022-01-01 08:20:57,031 - root - DEBUG - m=9, n=50
2022-01-01 08:20:57,034 - root - DEBUG - Started computing sf for chromosome 'chr16'...
2022-01-01 08:20:57,035 - root - DEBUG - m=10, n=46
2022-01-01 08:20:57,038 - root - DEBUG - Processing 10-th line out of 10 rows of DP table...
2022-01-01 08:20:57,039 - root - DEBUG - Started computing sf for chromosome 'chr17'...
2022-01-01 08:20:57,041 - root - DEBUG - m=11, n=59
2022-01-01 08:20:57,044 - root - DEBUG - Processing 10-th line out of 11 rows of DP table...
2022-01-01 08:20:57,045 - root - DEBUG - Started computing sf for chromosome 'chr18'...
2022-01-01 08:20:57,047 - root - DEBUG - m=5, n=29
2022-01-01 08:20:57,049 - root - DEBUG - Started computing sf for chromosome 'chr19'...
2022-01-01 08:20:57,049 - root - DEBUG - m=5, n=47
2022-01-01 08:20:57,051 - root - DEBUG - Started computing sf for chromosome 'chr20'...
2022-01-01 08:20:57,052 - root - DEBUG - m=6, n=22
2022-01-01 08:20:57,053 - root - DEBUG - Started computing sf for chromosome 'chr21'...
2022-01-01 08:20:57,054 - root - DEBUG - m=2, n=11
2022-01-01 08:20:57,055 - root - DEBUG - Started computing sf for chromosome 'chr22'...
2022-01-01 08:20:57,055 - root - DEBUG - m=7, n=28
2022-01-01 08:20:57,057 - root - DEBUG - Started computing sf for chromosome 'chrX'...
2022-01-01 08:20:57,058 - root - DEBUG - m=99, n=46
2022-01-01 08:20:57,089 - root - DEBUG - Processing 10-th line out of 99 rows of DP table...
2022-01-01 08:20:57,119 - root - DEBUG - Processing 20-th line out of 99 rows of DP table...
2022-01-01 08:20:57,145 - root - DEBUG - Processing 30-th line out of 99 rows of DP table...
2022-01-01 08:20:57,168 - root - DEBUG - Processing 40-th line out of 99 rows of DP table...
2022-01-01 08:20:57,188 - root - DEBUG - Processing 50-th line out of 99 rows of DP table...
2022-01-01 08:20:57,204 - root - DEBUG - Processing 60-th line out of 99 rows of DP table...
2022-01-01 08:20:57,217 - root - DEBUG - Processing 70-th line out of 99 rows of DP table...
2022-01-01 08:20:57,227 - root - DEBUG - Processing 80-th line out of 99 rows of DP table...
2022-01-01 08:20:57,234 - root - DEBUG - Processing 90-th line out of 99 rows of DP table...
2022-01-01 08:20:57,237 - root - DEBUG - Started computing sf for chromosome 'chrY'...
2022-01-01 08:20:57,238 - root - DEBUG - m=1, n=0
2022-01-01 08:20:57,239 - root - DEBUG - Started computing joint logprobs...
