2022-01-01 03:45:06,030 - root - INFO - Loading reference interval set from '../resources/zarrei2015-2/intervals/Non-cod.lex-smallest.cds.tsv'...
2022-01-01 03:45:06,031 - root - INFO - Loading query interval set from '../resources/zarrei2015-2/cnv_intervals/stringent.both.tsv'...
2022-01-01 03:45:06,054 - root - INFO - Loading chromosome sizes from '../resources/experiment_original/iSTAT/data/hg19_chrom_sizes.txt'...
2022-01-01 03:45:06,068 - root - INFO - Number of reference intervals: 98 (101 before merging)
2022-01-01 03:45:06,069 - root - INFO - Number of query intervals: 11732 (11732 before merging)
2022-01-01 03:45:06,069 - root - INFO - Number of chromosomes: 24
2022-01-01 03:45:06,091 - root - INFO - Overlap count: 19
2022-01-01 03:45:06,092 - root - DEBUG - Started computing sf for chromosome 'chr1'...
2022-01-01 03:45:06,093 - root - DEBUG - m=5, n=814
2022-01-01 03:45:06,096 - root - DEBUG - Started computing sf for chromosome 'chr2'...
2022-01-01 03:45:06,098 - root - DEBUG - m=7, n=918
2022-01-01 03:45:06,101 - root - DEBUG - Started computing sf for chromosome 'chr3'...
2022-01-01 03:45:06,103 - root - DEBUG - m=4, n=685
2022-01-01 03:45:06,105 - root - DEBUG - Started computing sf for chromosome 'chr4'...
2022-01-01 03:45:06,106 - root - DEBUG - m=2, n=864
2022-01-01 03:45:06,108 - root - DEBUG - Started computing sf for chromosome 'chr5'...
2022-01-01 03:45:06,110 - root - DEBUG - m=3, n=689
2022-01-01 03:45:06,111 - root - DEBUG - Started computing sf for chromosome 'chr6'...
2022-01-01 03:45:06,113 - root - DEBUG - m=4, n=716
2022-01-01 03:45:06,115 - root - DEBUG - Started computing sf for chromosome 'chr7'...
2022-01-01 03:45:06,117 - root - DEBUG - m=5, n=738
2022-01-01 03:45:06,119 - root - DEBUG - Started computing sf for chromosome 'chr8'...
2022-01-01 03:45:06,121 - root - DEBUG - m=7, n=628
2022-01-01 03:45:06,124 - root - DEBUG - Started computing sf for chromosome 'chr9'...
2022-01-01 03:45:06,125 - root - DEBUG - m=7, n=503
2022-01-01 03:45:06,128 - root - DEBUG - Started computing sf for chromosome 'chr10'...
2022-01-01 03:45:06,130 - root - DEBUG - m=5, n=549
2022-01-01 03:45:06,132 - root - DEBUG - Started computing sf for chromosome 'chr11'...
2022-01-01 03:45:06,134 - root - DEBUG - m=4, n=516
2022-01-01 03:45:06,136 - root - DEBUG - Started computing sf for chromosome 'chr12'...
2022-01-01 03:45:06,153 - root - DEBUG - m=2, n=531
2022-01-01 03:45:06,155 - root - DEBUG - Started computing sf for chromosome 'chr13'...
2022-01-01 03:45:06,157 - root - DEBUG - m=2, n=410
2022-01-01 03:45:06,158 - root - DEBUG - Started computing sf for chromosome 'chr14'...
2022-01-01 03:45:06,161 - root - DEBUG - m=5, n=309
2022-01-01 03:45:06,163 - root - DEBUG - Started computing sf for chromosome 'chr15'...
2022-01-01 03:45:06,165 - root - DEBUG - m=3, n=316
2022-01-01 03:45:06,167 - root - DEBUG - Started computing sf for chromosome 'chr16'...
2022-01-01 03:45:06,170 - root - DEBUG - m=1, n=376
2022-01-01 03:45:06,171 - root - DEBUG - Started computing sf for chromosome 'chr17'...
2022-01-01 03:45:06,173 - root - DEBUG - m=8, n=426
2022-01-01 03:45:06,178 - root - DEBUG - Started computing sf for chromosome 'chr18'...
2022-01-01 03:45:06,180 - root - DEBUG - m=0, n=365
2022-01-01 03:45:06,181 - root - DEBUG - Started computing sf for chromosome 'chr19'...
2022-01-01 03:45:06,183 - root - DEBUG - m=8, n=362
2022-01-01 03:45:06,188 - root - DEBUG - Started computing sf for chromosome 'chr20'...
2022-01-01 03:45:06,190 - root - DEBUG - m=3, n=251
2022-01-01 03:45:06,192 - root - DEBUG - Started computing sf for chromosome 'chr21'...
2022-01-01 03:45:06,195 - root - DEBUG - m=1, n=186
2022-01-01 03:45:06,196 - root - DEBUG - Started computing sf for chromosome 'chr22'...
2022-01-01 03:45:06,199 - root - DEBUG - m=1, n=210
2022-01-01 03:45:06,200 - root - DEBUG - Started computing sf for chromosome 'chrX'...
2022-01-01 03:45:06,210 - root - DEBUG - m=11, n=360
2022-01-01 03:45:06,216 - root - DEBUG - Processing 10-th line out of 11 rows of DP table...
2022-01-01 03:45:06,218 - root - DEBUG - Started computing sf for chromosome 'chrY'...
2022-01-01 03:45:06,220 - root - DEBUG - m=0, n=10
2022-01-01 03:45:06,222 - root - DEBUG - Started computing joint logprobs...
