2022-01-01 03:26:34,972 - root - INFO - Loading reference interval set from '../resources/zarrei2015-2/intervals/Non-cod.lex-smallest.trans.tsv'...
2022-01-01 03:26:34,982 - root - INFO - Loading query interval set from '../resources/zarrei2015-2/cnv_intervals/stringent.gain.tsv'...
2022-01-01 03:26:34,986 - root - INFO - Loading chromosome sizes from '../resources/experiment_original/iSTAT/data/hg19_chrom_sizes.txt'...
2022-01-01 03:26:34,993 - root - INFO - Number of reference intervals: 3284 (3473 before merging)
2022-01-01 03:26:34,994 - root - INFO - Number of query intervals: 1169 (1169 before merging)
2022-01-01 03:26:34,995 - root - INFO - Number of chromosomes: 24
2022-01-01 03:26:35,005 - root - INFO - Overlap count: 198
2022-01-01 03:26:35,007 - root - DEBUG - Started computing sf for chromosome 'chr1'...
2022-01-01 03:26:35,008 - root - DEBUG - m=282, n=92
2022-01-01 03:26:35,188 - root - DEBUG - Processing 10-th line out of 282 rows of DP table...
2022-01-01 03:26:35,372 - root - DEBUG - Processing 20-th line out of 282 rows of DP table...
2022-01-01 03:26:35,564 - root - DEBUG - Processing 30-th line out of 282 rows of DP table...
2022-01-01 03:26:35,736 - root - DEBUG - Processing 40-th line out of 282 rows of DP table...
2022-01-01 03:26:35,897 - root - DEBUG - Processing 50-th line out of 282 rows of DP table...
2022-01-01 03:26:36,056 - root - DEBUG - Processing 60-th line out of 282 rows of DP table...
2022-01-01 03:26:36,207 - root - DEBUG - Processing 70-th line out of 282 rows of DP table...
2022-01-01 03:26:36,351 - root - DEBUG - Processing 80-th line out of 282 rows of DP table...
2022-01-01 03:26:36,489 - root - DEBUG - Processing 90-th line out of 282 rows of DP table...
2022-01-01 03:26:36,620 - root - DEBUG - Processing 100-th line out of 282 rows of DP table...
2022-01-01 03:26:36,744 - root - DEBUG - Processing 110-th line out of 282 rows of DP table...
2022-01-01 03:26:36,870 - root - DEBUG - Processing 120-th line out of 282 rows of DP table...
2022-01-01 03:26:36,982 - root - DEBUG - Processing 130-th line out of 282 rows of DP table...
2022-01-01 03:26:37,109 - root - DEBUG - Processing 140-th line out of 282 rows of DP table...
2022-01-01 03:26:37,206 - root - DEBUG - Processing 150-th line out of 282 rows of DP table...
2022-01-01 03:26:37,296 - root - DEBUG - Processing 160-th line out of 282 rows of DP table...
2022-01-01 03:26:37,380 - root - DEBUG - Processing 170-th line out of 282 rows of DP table...
2022-01-01 03:26:37,475 - root - DEBUG - Processing 180-th line out of 282 rows of DP table...
2022-01-01 03:26:37,513 - root - DEBUG - Processing 190-th line out of 282 rows of DP table...
2022-01-01 03:26:37,553 - root - DEBUG - Processing 200-th line out of 282 rows of DP table...
2022-01-01 03:26:37,582 - root - DEBUG - Processing 210-th line out of 282 rows of DP table...
2022-01-01 03:26:37,614 - root - DEBUG - Processing 220-th line out of 282 rows of DP table...
2022-01-01 03:26:37,637 - root - DEBUG - Processing 230-th line out of 282 rows of DP table...
2022-01-01 03:26:37,658 - root - DEBUG - Processing 240-th line out of 282 rows of DP table...
2022-01-01 03:26:37,694 - root - DEBUG - Processing 250-th line out of 282 rows of DP table...
2022-01-01 03:26:37,742 - root - DEBUG - Processing 260-th line out of 282 rows of DP table...
2022-01-01 03:26:37,751 - root - DEBUG - Processing 270-th line out of 282 rows of DP table...
2022-01-01 03:26:37,756 - root - DEBUG - Processing 280-th line out of 282 rows of DP table...
2022-01-01 03:26:37,759 - root - DEBUG - Started computing sf for chromosome 'chr2'...
2022-01-01 03:26:37,760 - root - DEBUG - m=179, n=96
2022-01-01 03:26:37,824 - root - DEBUG - Processing 10-th line out of 179 rows of DP table...
2022-01-01 03:26:37,884 - root - DEBUG - Processing 20-th line out of 179 rows of DP table...
2022-01-01 03:26:37,939 - root - DEBUG - Processing 30-th line out of 179 rows of DP table...
2022-01-01 03:26:38,000 - root - DEBUG - Processing 40-th line out of 179 rows of DP table...
2022-01-01 03:26:38,050 - root - DEBUG - Processing 50-th line out of 179 rows of DP table...
2022-01-01 03:26:38,096 - root - DEBUG - Processing 60-th line out of 179 rows of DP table...
2022-01-01 03:26:38,138 - root - DEBUG - Processing 70-th line out of 179 rows of DP table...
2022-01-01 03:26:38,177 - root - DEBUG - Processing 80-th line out of 179 rows of DP table...
2022-01-01 03:26:38,212 - root - DEBUG - Processing 90-th line out of 179 rows of DP table...
2022-01-01 03:26:38,244 - root - DEBUG - Processing 100-th line out of 179 rows of DP table...
2022-01-01 03:26:38,274 - root - DEBUG - Processing 110-th line out of 179 rows of DP table...
2022-01-01 03:26:38,298 - root - DEBUG - Processing 120-th line out of 179 rows of DP table...
2022-01-01 03:26:38,319 - root - DEBUG - Processing 130-th line out of 179 rows of DP table...
2022-01-01 03:26:38,337 - root - DEBUG - Processing 140-th line out of 179 rows of DP table...
2022-01-01 03:26:38,350 - root - DEBUG - Processing 150-th line out of 179 rows of DP table...
2022-01-01 03:26:38,361 - root - DEBUG - Processing 160-th line out of 179 rows of DP table...
2022-01-01 03:26:38,368 - root - DEBUG - Processing 170-th line out of 179 rows of DP table...
2022-01-01 03:26:38,372 - root - DEBUG - Started computing sf for chromosome 'chr3'...
2022-01-01 03:26:38,374 - root - DEBUG - m=150, n=49
2022-01-01 03:26:38,423 - root - DEBUG - Processing 10-th line out of 150 rows of DP table...
2022-01-01 03:26:38,471 - root - DEBUG - Processing 20-th line out of 150 rows of DP table...
2022-01-01 03:26:38,575 - root - DEBUG - Processing 30-th line out of 150 rows of DP table...
2022-01-01 03:26:38,638 - root - DEBUG - Processing 40-th line out of 150 rows of DP table...
2022-01-01 03:26:38,677 - root - DEBUG - Processing 50-th line out of 150 rows of DP table...
2022-01-01 03:26:38,712 - root - DEBUG - Processing 60-th line out of 150 rows of DP table...
2022-01-01 03:26:38,769 - root - DEBUG - Processing 70-th line out of 150 rows of DP table...
2022-01-01 03:26:38,799 - root - DEBUG - Processing 80-th line out of 150 rows of DP table...
2022-01-01 03:26:38,830 - root - DEBUG - Processing 90-th line out of 150 rows of DP table...
2022-01-01 03:26:38,851 - root - DEBUG - Processing 100-th line out of 150 rows of DP table...
2022-01-01 03:26:38,868 - root - DEBUG - Processing 110-th line out of 150 rows of DP table...
2022-01-01 03:26:38,882 - root - DEBUG - Processing 120-th line out of 150 rows of DP table...
2022-01-01 03:26:38,893 - root - DEBUG - Processing 130-th line out of 150 rows of DP table...
2022-01-01 03:26:38,901 - root - DEBUG - Processing 140-th line out of 150 rows of DP table...
2022-01-01 03:26:38,905 - root - DEBUG - Processing 150-th line out of 150 rows of DP table...
2022-01-01 03:26:38,907 - root - DEBUG - Started computing sf for chromosome 'chr4'...
2022-01-01 03:26:38,908 - root - DEBUG - m=90, n=68
2022-01-01 03:26:38,937 - root - DEBUG - Processing 10-th line out of 90 rows of DP table...
2022-01-01 03:26:38,964 - root - DEBUG - Processing 20-th line out of 90 rows of DP table...
2022-01-01 03:26:38,988 - root - DEBUG - Processing 30-th line out of 90 rows of DP table...
2022-01-01 03:26:39,008 - root - DEBUG - Processing 40-th line out of 90 rows of DP table...
2022-01-01 03:26:39,025 - root - DEBUG - Processing 50-th line out of 90 rows of DP table...
2022-01-01 03:26:39,039 - root - DEBUG - Processing 60-th line out of 90 rows of DP table...
2022-01-01 03:26:39,049 - root - DEBUG - Processing 70-th line out of 90 rows of DP table...
2022-01-01 03:26:39,056 - root - DEBUG - Processing 80-th line out of 90 rows of DP table...
2022-01-01 03:26:39,059 - root - DEBUG - Processing 90-th line out of 90 rows of DP table...
2022-01-01 03:26:39,061 - root - DEBUG - Started computing sf for chromosome 'chr5'...
2022-01-01 03:26:39,062 - root - DEBUG - m=120, n=61
2022-01-01 03:26:39,101 - root - DEBUG - Processing 10-th line out of 120 rows of DP table...
2022-01-01 03:26:39,140 - root - DEBUG - Processing 20-th line out of 120 rows of DP table...
2022-01-01 03:26:39,175 - root - DEBUG - Processing 30-th line out of 120 rows of DP table...
2022-01-01 03:26:39,206 - root - DEBUG - Processing 40-th line out of 120 rows of DP table...
2022-01-01 03:26:39,235 - root - DEBUG - Processing 50-th line out of 120 rows of DP table...
2022-01-01 03:26:39,260 - root - DEBUG - Processing 60-th line out of 120 rows of DP table...
2022-01-01 03:26:39,304 - root - DEBUG - Processing 70-th line out of 120 rows of DP table...
2022-01-01 03:26:39,322 - root - DEBUG - Processing 80-th line out of 120 rows of DP table...
2022-01-01 03:26:39,336 - root - DEBUG - Processing 90-th line out of 120 rows of DP table...
2022-01-01 03:26:39,347 - root - DEBUG - Processing 100-th line out of 120 rows of DP table...
2022-01-01 03:26:39,354 - root - DEBUG - Processing 110-th line out of 120 rows of DP table...
2022-01-01 03:26:39,357 - root - DEBUG - Processing 120-th line out of 120 rows of DP table...
2022-01-01 03:26:39,359 - root - DEBUG - Started computing sf for chromosome 'chr6'...
2022-01-01 03:26:39,361 - root - DEBUG - m=152, n=46
2022-01-01 03:26:39,410 - root - DEBUG - Processing 10-th line out of 152 rows of DP table...
2022-01-01 03:26:39,458 - root - DEBUG - Processing 20-th line out of 152 rows of DP table...
2022-01-01 03:26:39,503 - root - DEBUG - Processing 30-th line out of 152 rows of DP table...
2022-01-01 03:26:39,546 - root - DEBUG - Processing 40-th line out of 152 rows of DP table...
2022-01-01 03:26:39,585 - root - DEBUG - Processing 50-th line out of 152 rows of DP table...
2022-01-01 03:26:39,621 - root - DEBUG - Processing 60-th line out of 152 rows of DP table...
2022-01-01 03:26:39,653 - root - DEBUG - Processing 70-th line out of 152 rows of DP table...
2022-01-01 03:26:39,741 - root - DEBUG - Processing 80-th line out of 152 rows of DP table...
2022-01-01 03:26:39,771 - root - DEBUG - Processing 90-th line out of 152 rows of DP table...
2022-01-01 03:26:39,792 - root - DEBUG - Processing 100-th line out of 152 rows of DP table...
2022-01-01 03:26:39,810 - root - DEBUG - Processing 110-th line out of 152 rows of DP table...
2022-01-01 03:26:39,826 - root - DEBUG - Processing 120-th line out of 152 rows of DP table...
2022-01-01 03:26:39,837 - root - DEBUG - Processing 130-th line out of 152 rows of DP table...
2022-01-01 03:26:39,846 - root - DEBUG - Processing 140-th line out of 152 rows of DP table...
2022-01-01 03:26:39,851 - root - DEBUG - Processing 150-th line out of 152 rows of DP table...
2022-01-01 03:26:39,853 - root - DEBUG - Started computing sf for chromosome 'chr7'...
2022-01-01 03:26:39,854 - root - DEBUG - m=157, n=89
2022-01-01 03:26:39,904 - root - DEBUG - Processing 10-th line out of 157 rows of DP table...
2022-01-01 03:26:39,955 - root - DEBUG - Processing 20-th line out of 157 rows of DP table...
2022-01-01 03:26:40,087 - root - DEBUG - Processing 30-th line out of 157 rows of DP table...
2022-01-01 03:26:40,131 - root - DEBUG - Processing 40-th line out of 157 rows of DP table...
2022-01-01 03:26:40,172 - root - DEBUG - Processing 50-th line out of 157 rows of DP table...
2022-01-01 03:26:40,209 - root - DEBUG - Processing 60-th line out of 157 rows of DP table...
2022-01-01 03:26:40,243 - root - DEBUG - Processing 70-th line out of 157 rows of DP table...
2022-01-01 03:26:40,308 - root - DEBUG - Processing 80-th line out of 157 rows of DP table...
2022-01-01 03:26:40,370 - root - DEBUG - Processing 90-th line out of 157 rows of DP table...
2022-01-01 03:26:40,424 - root - DEBUG - Processing 100-th line out of 157 rows of DP table...
2022-01-01 03:26:40,474 - root - DEBUG - Processing 110-th line out of 157 rows of DP table...
2022-01-01 03:26:40,503 - root - DEBUG - Processing 120-th line out of 157 rows of DP table...
2022-01-01 03:26:40,528 - root - DEBUG - Processing 130-th line out of 157 rows of DP table...
2022-01-01 03:26:40,546 - root - DEBUG - Processing 140-th line out of 157 rows of DP table...
2022-01-01 03:26:40,557 - root - DEBUG - Processing 150-th line out of 157 rows of DP table...
2022-01-01 03:26:40,564 - root - DEBUG - Started computing sf for chromosome 'chr8'...
2022-01-01 03:26:40,566 - root - DEBUG - m=124, n=59
2022-01-01 03:26:40,644 - root - DEBUG - Processing 10-th line out of 124 rows of DP table...
2022-01-01 03:26:40,714 - root - DEBUG - Processing 20-th line out of 124 rows of DP table...
2022-01-01 03:26:40,750 - root - DEBUG - Processing 30-th line out of 124 rows of DP table...
2022-01-01 03:26:40,784 - root - DEBUG - Processing 40-th line out of 124 rows of DP table...
2022-01-01 03:26:40,813 - root - DEBUG - Processing 50-th line out of 124 rows of DP table...
2022-01-01 03:26:40,839 - root - DEBUG - Processing 60-th line out of 124 rows of DP table...
2022-01-01 03:26:40,861 - root - DEBUG - Processing 70-th line out of 124 rows of DP table...
2022-01-01 03:26:40,880 - root - DEBUG - Processing 80-th line out of 124 rows of DP table...
2022-01-01 03:26:40,895 - root - DEBUG - Processing 90-th line out of 124 rows of DP table...
2022-01-01 03:26:40,907 - root - DEBUG - Processing 100-th line out of 124 rows of DP table...
2022-01-01 03:26:40,916 - root - DEBUG - Processing 110-th line out of 124 rows of DP table...
2022-01-01 03:26:40,920 - root - DEBUG - Processing 120-th line out of 124 rows of DP table...
2022-01-01 03:26:40,923 - root - DEBUG - Started computing sf for chromosome 'chr9'...
2022-01-01 03:26:40,924 - root - DEBUG - m=156, n=62
2022-01-01 03:26:40,974 - root - DEBUG - Processing 10-th line out of 156 rows of DP table...
2022-01-01 03:26:41,024 - root - DEBUG - Processing 20-th line out of 156 rows of DP table...
2022-01-01 03:26:41,070 - root - DEBUG - Processing 30-th line out of 156 rows of DP table...
2022-01-01 03:26:41,114 - root - DEBUG - Processing 40-th line out of 156 rows of DP table...
2022-01-01 03:26:41,154 - root - DEBUG - Processing 50-th line out of 156 rows of DP table...
2022-01-01 03:26:41,190 - root - DEBUG - Processing 60-th line out of 156 rows of DP table...
2022-01-01 03:26:41,224 - root - DEBUG - Processing 70-th line out of 156 rows of DP table...
2022-01-01 03:26:41,269 - root - DEBUG - Processing 80-th line out of 156 rows of DP table...
2022-01-01 03:26:41,296 - root - DEBUG - Processing 90-th line out of 156 rows of DP table...
2022-01-01 03:26:41,319 - root - DEBUG - Processing 100-th line out of 156 rows of DP table...
2022-01-01 03:26:41,338 - root - DEBUG - Processing 110-th line out of 156 rows of DP table...
2022-01-01 03:26:41,369 - root - DEBUG - Processing 120-th line out of 156 rows of DP table...
2022-01-01 03:26:41,395 - root - DEBUG - Processing 130-th line out of 156 rows of DP table...
2022-01-01 03:26:41,404 - root - DEBUG - Processing 140-th line out of 156 rows of DP table...
2022-01-01 03:26:41,410 - root - DEBUG - Processing 150-th line out of 156 rows of DP table...
2022-01-01 03:26:41,413 - root - DEBUG - Started computing sf for chromosome 'chr10'...
2022-01-01 03:26:41,414 - root - DEBUG - m=128, n=45
2022-01-01 03:26:41,455 - root - DEBUG - Processing 10-th line out of 128 rows of DP table...
2022-01-01 03:26:41,496 - root - DEBUG - Processing 20-th line out of 128 rows of DP table...
2022-01-01 03:26:41,533 - root - DEBUG - Processing 30-th line out of 128 rows of DP table...
2022-01-01 03:26:41,566 - root - DEBUG - Processing 40-th line out of 128 rows of DP table...
2022-01-01 03:26:41,596 - root - DEBUG - Processing 50-th line out of 128 rows of DP table...
2022-01-01 03:26:41,634 - root - DEBUG - Processing 60-th line out of 128 rows of DP table...
2022-01-01 03:26:41,657 - root - DEBUG - Processing 70-th line out of 128 rows of DP table...
2022-01-01 03:26:41,681 - root - DEBUG - Processing 80-th line out of 128 rows of DP table...
2022-01-01 03:26:41,699 - root - DEBUG - Processing 90-th line out of 128 rows of DP table...
2022-01-01 03:26:41,713 - root - DEBUG - Processing 100-th line out of 128 rows of DP table...
2022-01-01 03:26:41,723 - root - DEBUG - Processing 110-th line out of 128 rows of DP table...
2022-01-01 03:26:41,730 - root - DEBUG - Processing 120-th line out of 128 rows of DP table...
2022-01-01 03:26:41,734 - root - DEBUG - Started computing sf for chromosome 'chr11'...
2022-01-01 03:26:41,755 - root - DEBUG - m=170, n=63
2022-01-01 03:26:41,814 - root - DEBUG - Processing 10-th line out of 170 rows of DP table...
2022-01-01 03:26:41,872 - root - DEBUG - Processing 20-th line out of 170 rows of DP table...
2022-01-01 03:26:41,924 - root - DEBUG - Processing 30-th line out of 170 rows of DP table...
2022-01-01 03:26:41,972 - root - DEBUG - Processing 40-th line out of 170 rows of DP table...
2022-01-01 03:26:42,029 - root - DEBUG - Processing 50-th line out of 170 rows of DP table...
2022-01-01 03:26:42,077 - root - DEBUG - Processing 60-th line out of 170 rows of DP table...
2022-01-01 03:26:42,114 - root - DEBUG - Processing 70-th line out of 170 rows of DP table...
2022-01-01 03:26:42,149 - root - DEBUG - Processing 80-th line out of 170 rows of DP table...
2022-01-01 03:26:42,179 - root - DEBUG - Processing 90-th line out of 170 rows of DP table...
2022-01-01 03:26:42,207 - root - DEBUG - Processing 100-th line out of 170 rows of DP table...
2022-01-01 03:26:42,231 - root - DEBUG - Processing 110-th line out of 170 rows of DP table...
2022-01-01 03:26:42,257 - root - DEBUG - Processing 120-th line out of 170 rows of DP table...
2022-01-01 03:26:42,275 - root - DEBUG - Processing 130-th line out of 170 rows of DP table...
2022-01-01 03:26:42,290 - root - DEBUG - Processing 140-th line out of 170 rows of DP table...
2022-01-01 03:26:42,302 - root - DEBUG - Processing 150-th line out of 170 rows of DP table...
2022-01-01 03:26:42,309 - root - DEBUG - Processing 160-th line out of 170 rows of DP table...
2022-01-01 03:26:42,314 - root - DEBUG - Processing 170-th line out of 170 rows of DP table...
2022-01-01 03:26:42,316 - root - DEBUG - Started computing sf for chromosome 'chr12'...
2022-01-01 03:26:42,318 - root - DEBUG - m=121, n=38
2022-01-01 03:26:42,358 - root - DEBUG - Processing 10-th line out of 121 rows of DP table...
2022-01-01 03:26:42,397 - root - DEBUG - Processing 20-th line out of 121 rows of DP table...
2022-01-01 03:26:42,432 - root - DEBUG - Processing 30-th line out of 121 rows of DP table...
2022-01-01 03:26:42,479 - root - DEBUG - Processing 40-th line out of 121 rows of DP table...
2022-01-01 03:26:42,509 - root - DEBUG - Processing 50-th line out of 121 rows of DP table...
2022-01-01 03:26:42,534 - root - DEBUG - Processing 60-th line out of 121 rows of DP table...
2022-01-01 03:26:42,556 - root - DEBUG - Processing 70-th line out of 121 rows of DP table...
2022-01-01 03:26:42,574 - root - DEBUG - Processing 80-th line out of 121 rows of DP table...
2022-01-01 03:26:42,588 - root - DEBUG - Processing 90-th line out of 121 rows of DP table...
2022-01-01 03:26:42,599 - root - DEBUG - Processing 100-th line out of 121 rows of DP table...
2022-01-01 03:26:42,606 - root - DEBUG - Processing 110-th line out of 121 rows of DP table...
2022-01-01 03:26:42,610 - root - DEBUG - Processing 120-th line out of 121 rows of DP table...
2022-01-01 03:26:42,612 - root - DEBUG - Started computing sf for chromosome 'chr13'...
2022-01-01 03:26:42,613 - root - DEBUG - m=80, n=32
2022-01-01 03:26:42,639 - root - DEBUG - Processing 10-th line out of 80 rows of DP table...
2022-01-01 03:26:42,664 - root - DEBUG - Processing 20-th line out of 80 rows of DP table...
2022-01-01 03:26:42,685 - root - DEBUG - Processing 30-th line out of 80 rows of DP table...
2022-01-01 03:26:42,703 - root - DEBUG - Processing 40-th line out of 80 rows of DP table...
2022-01-01 03:26:42,734 - root - DEBUG - Processing 50-th line out of 80 rows of DP table...
2022-01-01 03:26:42,745 - root - DEBUG - Processing 60-th line out of 80 rows of DP table...
2022-01-01 03:26:42,778 - root - DEBUG - Processing 70-th line out of 80 rows of DP table...
2022-01-01 03:26:42,783 - root - DEBUG - Processing 80-th line out of 80 rows of DP table...
2022-01-01 03:26:42,785 - root - DEBUG - Started computing sf for chromosome 'chr14'...
2022-01-01 03:26:42,787 - root - DEBUG - m=166, n=31
2022-01-01 03:26:42,841 - root - DEBUG - Processing 10-th line out of 166 rows of DP table...
2022-01-01 03:26:42,906 - root - DEBUG - Processing 20-th line out of 166 rows of DP table...
2022-01-01 03:26:42,957 - root - DEBUG - Processing 30-th line out of 166 rows of DP table...
2022-01-01 03:26:43,005 - root - DEBUG - Processing 40-th line out of 166 rows of DP table...
2022-01-01 03:26:43,050 - root - DEBUG - Processing 50-th line out of 166 rows of DP table...
2022-01-01 03:26:43,091 - root - DEBUG - Processing 60-th line out of 166 rows of DP table...
2022-01-01 03:26:43,128 - root - DEBUG - Processing 70-th line out of 166 rows of DP table...
2022-01-01 03:26:43,161 - root - DEBUG - Processing 80-th line out of 166 rows of DP table...
2022-01-01 03:26:43,192 - root - DEBUG - Processing 90-th line out of 166 rows of DP table...
2022-01-01 03:26:43,218 - root - DEBUG - Processing 100-th line out of 166 rows of DP table...
2022-01-01 03:26:43,242 - root - DEBUG - Processing 110-th line out of 166 rows of DP table...
2022-01-01 03:26:43,262 - root - DEBUG - Processing 120-th line out of 166 rows of DP table...
2022-01-01 03:26:43,278 - root - DEBUG - Processing 130-th line out of 166 rows of DP table...
2022-01-01 03:26:43,292 - root - DEBUG - Processing 140-th line out of 166 rows of DP table...
2022-01-01 03:26:43,301 - root - DEBUG - Processing 150-th line out of 166 rows of DP table...
2022-01-01 03:26:43,308 - root - DEBUG - Processing 160-th line out of 166 rows of DP table...
2022-01-01 03:26:43,311 - root - DEBUG - Started computing sf for chromosome 'chr15'...
2022-01-01 03:26:43,313 - root - DEBUG - m=198, n=50
2022-01-01 03:26:43,378 - root - DEBUG - Processing 10-th line out of 198 rows of DP table...
2022-01-01 03:26:43,443 - root - DEBUG - Processing 20-th line out of 198 rows of DP table...
2022-01-01 03:26:43,511 - root - DEBUG - Processing 30-th line out of 198 rows of DP table...
2022-01-01 03:26:43,569 - root - DEBUG - Processing 40-th line out of 198 rows of DP table...
2022-01-01 03:26:43,624 - root - DEBUG - Processing 50-th line out of 198 rows of DP table...
2022-01-01 03:26:43,675 - root - DEBUG - Processing 60-th line out of 198 rows of DP table...
2022-01-01 03:26:43,723 - root - DEBUG - Processing 70-th line out of 198 rows of DP table...
2022-01-01 03:26:43,768 - root - DEBUG - Processing 80-th line out of 198 rows of DP table...
2022-01-01 03:26:43,809 - root - DEBUG - Processing 90-th line out of 198 rows of DP table...
2022-01-01 03:26:43,847 - root - DEBUG - Processing 100-th line out of 198 rows of DP table...
2022-01-01 03:26:43,881 - root - DEBUG - Processing 110-th line out of 198 rows of DP table...
2022-01-01 03:26:43,912 - root - DEBUG - Processing 120-th line out of 198 rows of DP table...
2022-01-01 03:26:43,940 - root - DEBUG - Processing 130-th line out of 198 rows of DP table...
2022-01-01 03:26:43,964 - root - DEBUG - Processing 140-th line out of 198 rows of DP table...
2022-01-01 03:26:43,985 - root - DEBUG - Processing 150-th line out of 198 rows of DP table...
2022-01-01 03:26:44,003 - root - DEBUG - Processing 160-th line out of 198 rows of DP table...
2022-01-01 03:26:44,017 - root - DEBUG - Processing 170-th line out of 198 rows of DP table...
2022-01-01 03:26:44,029 - root - DEBUG - Processing 180-th line out of 198 rows of DP table...
2022-01-01 03:26:44,036 - root - DEBUG - Processing 190-th line out of 198 rows of DP table...
2022-01-01 03:26:44,040 - root - DEBUG - Started computing sf for chromosome 'chr16'...
2022-01-01 03:26:44,042 - root - DEBUG - m=119, n=46
2022-01-01 03:26:44,080 - root - DEBUG - Processing 10-th line out of 119 rows of DP table...
2022-01-01 03:26:44,118 - root - DEBUG - Processing 20-th line out of 119 rows of DP table...
2022-01-01 03:26:44,152 - root - DEBUG - Processing 30-th line out of 119 rows of DP table...
2022-01-01 03:26:44,182 - root - DEBUG - Processing 40-th line out of 119 rows of DP table...
2022-01-01 03:26:44,209 - root - DEBUG - Processing 50-th line out of 119 rows of DP table...
2022-01-01 03:26:44,233 - root - DEBUG - Processing 60-th line out of 119 rows of DP table...
2022-01-01 03:26:44,253 - root - DEBUG - Processing 70-th line out of 119 rows of DP table...
2022-01-01 03:26:44,270 - root - DEBUG - Processing 80-th line out of 119 rows of DP table...
2022-01-01 03:26:44,284 - root - DEBUG - Processing 90-th line out of 119 rows of DP table...
2022-01-01 03:26:44,294 - root - DEBUG - Processing 100-th line out of 119 rows of DP table...
2022-01-01 03:26:44,301 - root - DEBUG - Processing 110-th line out of 119 rows of DP table...
2022-01-01 03:26:44,305 - root - DEBUG - Started computing sf for chromosome 'chr17'...
2022-01-01 03:26:44,306 - root - DEBUG - m=187, n=59
2022-01-01 03:26:44,366 - root - DEBUG - Processing 10-th line out of 187 rows of DP table...
2022-01-01 03:26:44,427 - root - DEBUG - Processing 20-th line out of 187 rows of DP table...
2022-01-01 03:26:44,484 - root - DEBUG - Processing 30-th line out of 187 rows of DP table...
2022-01-01 03:26:44,539 - root - DEBUG - Processing 40-th line out of 187 rows of DP table...
2022-01-01 03:26:44,606 - root - DEBUG - Processing 50-th line out of 187 rows of DP table...
2022-01-01 03:26:44,653 - root - DEBUG - Processing 60-th line out of 187 rows of DP table...
2022-01-01 03:26:44,697 - root - DEBUG - Processing 70-th line out of 187 rows of DP table...
2022-01-01 03:26:44,739 - root - DEBUG - Processing 80-th line out of 187 rows of DP table...
2022-01-01 03:26:44,775 - root - DEBUG - Processing 90-th line out of 187 rows of DP table...
2022-01-01 03:26:44,809 - root - DEBUG - Processing 100-th line out of 187 rows of DP table...
2022-01-01 03:26:44,839 - root - DEBUG - Processing 110-th line out of 187 rows of DP table...
2022-01-01 03:26:44,865 - root - DEBUG - Processing 120-th line out of 187 rows of DP table...
2022-01-01 03:26:44,889 - root - DEBUG - Processing 130-th line out of 187 rows of DP table...
2022-01-01 03:26:44,908 - root - DEBUG - Processing 140-th line out of 187 rows of DP table...
2022-01-01 03:26:44,925 - root - DEBUG - Processing 150-th line out of 187 rows of DP table...
2022-01-01 03:26:44,938 - root - DEBUG - Processing 160-th line out of 187 rows of DP table...
2022-01-01 03:26:44,948 - root - DEBUG - Processing 170-th line out of 187 rows of DP table...
2022-01-01 03:26:44,954 - root - DEBUG - Processing 180-th line out of 187 rows of DP table...
2022-01-01 03:26:44,957 - root - DEBUG - Started computing sf for chromosome 'chr18'...
2022-01-01 03:26:44,959 - root - DEBUG - m=48, n=29
2022-01-01 03:26:44,975 - root - DEBUG - Processing 10-th line out of 48 rows of DP table...
2022-01-01 03:26:45,005 - root - DEBUG - Processing 20-th line out of 48 rows of DP table...
2022-01-01 03:26:45,015 - root - DEBUG - Processing 30-th line out of 48 rows of DP table...
2022-01-01 03:26:45,022 - root - DEBUG - Processing 40-th line out of 48 rows of DP table...
2022-01-01 03:26:45,025 - root - DEBUG - Started computing sf for chromosome 'chr19'...
2022-01-01 03:26:45,026 - root - DEBUG - m=195, n=47
2022-01-01 03:26:45,092 - root - DEBUG - Processing 10-th line out of 195 rows of DP table...
2022-01-01 03:26:45,157 - root - DEBUG - Processing 20-th line out of 195 rows of DP table...
2022-01-01 03:26:45,219 - root - DEBUG - Processing 30-th line out of 195 rows of DP table...
2022-01-01 03:26:45,278 - root - DEBUG - Processing 40-th line out of 195 rows of DP table...
2022-01-01 03:26:45,332 - root - DEBUG - Processing 50-th line out of 195 rows of DP table...
2022-01-01 03:26:45,383 - root - DEBUG - Processing 60-th line out of 195 rows of DP table...
2022-01-01 03:26:45,431 - root - DEBUG - Processing 70-th line out of 195 rows of DP table...
2022-01-01 03:26:45,475 - root - DEBUG - Processing 80-th line out of 195 rows of DP table...
2022-01-01 03:26:45,537 - root - DEBUG - Processing 90-th line out of 195 rows of DP table...
2022-01-01 03:26:45,574 - root - DEBUG - Processing 100-th line out of 195 rows of DP table...
2022-01-01 03:26:45,608 - root - DEBUG - Processing 110-th line out of 195 rows of DP table...
2022-01-01 03:26:45,639 - root - DEBUG - Processing 120-th line out of 195 rows of DP table...
2022-01-01 03:26:45,666 - root - DEBUG - Processing 130-th line out of 195 rows of DP table...
2022-01-01 03:26:45,692 - root - DEBUG - Processing 140-th line out of 195 rows of DP table...
2022-01-01 03:26:45,712 - root - DEBUG - Processing 150-th line out of 195 rows of DP table...
2022-01-01 03:26:45,729 - root - DEBUG - Processing 160-th line out of 195 rows of DP table...
2022-01-01 03:26:45,742 - root - DEBUG - Processing 170-th line out of 195 rows of DP table...
2022-01-01 03:26:45,752 - root - DEBUG - Processing 180-th line out of 195 rows of DP table...
2022-01-01 03:26:45,758 - root - DEBUG - Processing 190-th line out of 195 rows of DP table...
2022-01-01 03:26:45,762 - root - DEBUG - Started computing sf for chromosome 'chr20'...
2022-01-01 03:26:45,769 - root - DEBUG - m=92, n=22
2022-01-01 03:26:45,801 - root - DEBUG - Processing 10-th line out of 92 rows of DP table...
2022-01-01 03:26:45,830 - root - DEBUG - Processing 20-th line out of 92 rows of DP table...
2022-01-01 03:26:45,854 - root - DEBUG - Processing 30-th line out of 92 rows of DP table...
2022-01-01 03:26:45,877 - root - DEBUG - Processing 40-th line out of 92 rows of DP table...
2022-01-01 03:26:45,895 - root - DEBUG - Processing 50-th line out of 92 rows of DP table...
2022-01-01 03:26:45,909 - root - DEBUG - Processing 60-th line out of 92 rows of DP table...
2022-01-01 03:26:45,920 - root - DEBUG - Processing 70-th line out of 92 rows of DP table...
2022-01-01 03:26:45,928 - root - DEBUG - Processing 80-th line out of 92 rows of DP table...
2022-01-01 03:26:45,932 - root - DEBUG - Processing 90-th line out of 92 rows of DP table...
2022-01-01 03:26:45,933 - root - DEBUG - Started computing sf for chromosome 'chr21'...
2022-01-01 03:26:45,935 - root - DEBUG - m=76, n=11
2022-01-01 03:26:45,959 - root - DEBUG - Processing 10-th line out of 76 rows of DP table...
2022-01-01 03:26:45,981 - root - DEBUG - Processing 20-th line out of 76 rows of DP table...
2022-01-01 03:26:46,000 - root - DEBUG - Processing 30-th line out of 76 rows of DP table...
2022-01-01 03:26:46,015 - root - DEBUG - Processing 40-th line out of 76 rows of DP table...
2022-01-01 03:26:46,027 - root - DEBUG - Processing 50-th line out of 76 rows of DP table...
2022-01-01 03:26:46,056 - root - DEBUG - Processing 60-th line out of 76 rows of DP table...
2022-01-01 03:26:46,062 - root - DEBUG - Processing 70-th line out of 76 rows of DP table...
2022-01-01 03:26:46,092 - root - DEBUG - Started computing sf for chromosome 'chr22'...
2022-01-01 03:26:46,094 - root - DEBUG - m=88, n=28
2022-01-01 03:26:46,127 - root - DEBUG - Processing 10-th line out of 88 rows of DP table...
2022-01-01 03:26:46,154 - root - DEBUG - Processing 20-th line out of 88 rows of DP table...
2022-01-01 03:26:46,178 - root - DEBUG - Processing 30-th line out of 88 rows of DP table...
2022-01-01 03:26:46,208 - root - DEBUG - Processing 40-th line out of 88 rows of DP table...
2022-01-01 03:26:46,225 - root - DEBUG - Processing 50-th line out of 88 rows of DP table...
2022-01-01 03:26:46,238 - root - DEBUG - Processing 60-th line out of 88 rows of DP table...
2022-01-01 03:26:46,248 - root - DEBUG - Processing 70-th line out of 88 rows of DP table...
2022-01-01 03:26:46,255 - root - DEBUG - Processing 80-th line out of 88 rows of DP table...
2022-01-01 03:26:46,258 - root - DEBUG - Started computing sf for chromosome 'chrX'...
2022-01-01 03:26:46,259 - root - DEBUG - m=158, n=46
2022-01-01 03:26:46,311 - root - DEBUG - Processing 10-th line out of 158 rows of DP table...
2022-01-01 03:26:46,361 - root - DEBUG - Processing 20-th line out of 158 rows of DP table...
2022-01-01 03:26:46,409 - root - DEBUG - Processing 30-th line out of 158 rows of DP table...
2022-01-01 03:26:46,466 - root - DEBUG - Processing 40-th line out of 158 rows of DP table...
2022-01-01 03:26:46,507 - root - DEBUG - Processing 50-th line out of 158 rows of DP table...
2022-01-01 03:26:46,544 - root - DEBUG - Processing 60-th line out of 158 rows of DP table...
2022-01-01 03:26:46,579 - root - DEBUG - Processing 70-th line out of 158 rows of DP table...
2022-01-01 03:26:46,610 - root - DEBUG - Processing 80-th line out of 158 rows of DP table...
2022-01-01 03:26:46,637 - root - DEBUG - Processing 90-th line out of 158 rows of DP table...
2022-01-01 03:26:46,678 - root - DEBUG - Processing 100-th line out of 158 rows of DP table...
2022-01-01 03:26:46,698 - root - DEBUG - Processing 110-th line out of 158 rows of DP table...
2022-01-01 03:26:46,714 - root - DEBUG - Processing 120-th line out of 158 rows of DP table...
2022-01-01 03:26:46,728 - root - DEBUG - Processing 130-th line out of 158 rows of DP table...
2022-01-01 03:26:46,738 - root - DEBUG - Processing 140-th line out of 158 rows of DP table...
2022-01-01 03:26:46,744 - root - DEBUG - Processing 150-th line out of 158 rows of DP table...
2022-01-01 03:26:46,748 - root - DEBUG - Started computing sf for chromosome 'chrY'...
2022-01-01 03:26:46,749 - root - DEBUG - m=48, n=0
2022-01-01 03:26:46,750 - root - DEBUG - Started computing joint logprobs...
