2021-12-30 10:27:31,530 - root - INFO - Loading reference interval set from '../resources/zarrei2015-2/intervals/phen.lex-smallest.trans.tsv'...
2021-12-30 10:27:31,541 - root - INFO - Loading query interval set from '../resources/zarrei2015-2/cnv_intervals/inclusive.loss.tsv'...
2021-12-30 10:27:31,564 - root - INFO - Loading chromosome sizes from '../resources/experiment_original/iSTAT/data/hg19_chrom_sizes.txt'...
2021-12-30 10:27:31,585 - root - INFO - Number of reference intervals: 7737 (8052 before merging)
2021-12-30 10:27:31,585 - root - INFO - Number of query intervals: 23438 (23438 before merging)
2021-12-30 10:27:31,586 - root - INFO - Number of chromosomes: 24
2021-12-30 10:27:31,617 - root - INFO - Overlap count: 2500
2021-12-30 10:27:31,618 - root - DEBUG - Started computing sf for chromosome 'chr1'...
2021-12-30 10:27:31,620 - root - DEBUG - m=807, n=1612
2021-12-30 10:27:31,883 - root - DEBUG - Processing 10-th line out of 807 rows of DP table...
2021-12-30 10:27:32,157 - root - DEBUG - Processing 20-th line out of 807 rows of DP table...
2021-12-30 10:27:32,428 - root - DEBUG - Processing 30-th line out of 807 rows of DP table...
2021-12-30 10:27:32,695 - root - DEBUG - Processing 40-th line out of 807 rows of DP table...
2021-12-30 10:27:32,961 - root - DEBUG - Processing 50-th line out of 807 rows of DP table...
2021-12-30 10:27:33,221 - root - DEBUG - Processing 60-th line out of 807 rows of DP table...
2021-12-30 10:27:33,477 - root - DEBUG - Processing 70-th line out of 807 rows of DP table...
2021-12-30 10:27:33,731 - root - DEBUG - Processing 80-th line out of 807 rows of DP table...
2021-12-30 10:27:33,982 - root - DEBUG - Processing 90-th line out of 807 rows of DP table...
2021-12-30 10:27:34,229 - root - DEBUG - Processing 100-th line out of 807 rows of DP table...
2021-12-30 10:27:34,472 - root - DEBUG - Processing 110-th line out of 807 rows of DP table...
2021-12-30 10:27:34,712 - root - DEBUG - Processing 120-th line out of 807 rows of DP table...
2021-12-30 10:27:34,949 - root - DEBUG - Processing 130-th line out of 807 rows of DP table...
2021-12-30 10:27:35,183 - root - DEBUG - Processing 140-th line out of 807 rows of DP table...
2021-12-30 10:27:35,413 - root - DEBUG - Processing 150-th line out of 807 rows of DP table...
2021-12-30 10:27:35,641 - root - DEBUG - Processing 160-th line out of 807 rows of DP table...
2021-12-30 10:27:35,865 - root - DEBUG - Processing 170-th line out of 807 rows of DP table...
2021-12-30 10:27:36,086 - root - DEBUG - Processing 180-th line out of 807 rows of DP table...
2021-12-30 10:27:36,302 - root - DEBUG - Processing 190-th line out of 807 rows of DP table...
2021-12-30 10:27:36,514 - root - DEBUG - Processing 200-th line out of 807 rows of DP table...
2021-12-30 10:27:36,723 - root - DEBUG - Processing 210-th line out of 807 rows of DP table...
2021-12-30 10:27:36,929 - root - DEBUG - Processing 220-th line out of 807 rows of DP table...
2021-12-30 10:27:37,132 - root - DEBUG - Processing 230-th line out of 807 rows of DP table...
2021-12-30 10:27:37,332 - root - DEBUG - Processing 240-th line out of 807 rows of DP table...
2021-12-30 10:27:37,529 - root - DEBUG - Processing 250-th line out of 807 rows of DP table...
2021-12-30 10:27:37,721 - root - DEBUG - Processing 260-th line out of 807 rows of DP table...
2021-12-30 10:27:37,910 - root - DEBUG - Processing 270-th line out of 807 rows of DP table...
2021-12-30 10:27:38,097 - root - DEBUG - Processing 280-th line out of 807 rows of DP table...
2021-12-30 10:27:38,279 - root - DEBUG - Processing 290-th line out of 807 rows of DP table...
2021-12-30 10:27:38,457 - root - DEBUG - Processing 300-th line out of 807 rows of DP table...
2021-12-30 10:27:38,632 - root - DEBUG - Processing 310-th line out of 807 rows of DP table...
2021-12-30 10:27:38,805 - root - DEBUG - Processing 320-th line out of 807 rows of DP table...
2021-12-30 10:27:38,976 - root - DEBUG - Processing 330-th line out of 807 rows of DP table...
2021-12-30 10:27:39,142 - root - DEBUG - Processing 340-th line out of 807 rows of DP table...
2021-12-30 10:27:39,305 - root - DEBUG - Processing 350-th line out of 807 rows of DP table...
2021-12-30 10:27:39,464 - root - DEBUG - Processing 360-th line out of 807 rows of DP table...
2021-12-30 10:27:39,619 - root - DEBUG - Processing 370-th line out of 807 rows of DP table...
2021-12-30 10:27:39,771 - root - DEBUG - Processing 380-th line out of 807 rows of DP table...
2021-12-30 10:27:39,919 - root - DEBUG - Processing 390-th line out of 807 rows of DP table...
2021-12-30 10:27:40,065 - root - DEBUG - Processing 400-th line out of 807 rows of DP table...
2021-12-30 10:27:40,205 - root - DEBUG - Processing 410-th line out of 807 rows of DP table...
2021-12-30 10:27:40,343 - root - DEBUG - Processing 420-th line out of 807 rows of DP table...
2021-12-30 10:27:40,478 - root - DEBUG - Processing 430-th line out of 807 rows of DP table...
2021-12-30 10:27:40,609 - root - DEBUG - Processing 440-th line out of 807 rows of DP table...
2021-12-30 10:27:40,737 - root - DEBUG - Processing 450-th line out of 807 rows of DP table...
2021-12-30 10:27:40,862 - root - DEBUG - Processing 460-th line out of 807 rows of DP table...
2021-12-30 10:27:40,985 - root - DEBUG - Processing 470-th line out of 807 rows of DP table...
2021-12-30 10:27:41,102 - root - DEBUG - Processing 480-th line out of 807 rows of DP table...
2021-12-30 10:27:41,217 - root - DEBUG - Processing 490-th line out of 807 rows of DP table...
2021-12-30 10:27:41,328 - root - DEBUG - Processing 500-th line out of 807 rows of DP table...
2021-12-30 10:27:41,436 - root - DEBUG - Processing 510-th line out of 807 rows of DP table...
2021-12-30 10:27:41,540 - root - DEBUG - Processing 520-th line out of 807 rows of DP table...
2021-12-30 10:27:41,641 - root - DEBUG - Processing 530-th line out of 807 rows of DP table...
2021-12-30 10:27:41,738 - root - DEBUG - Processing 540-th line out of 807 rows of DP table...
2021-12-30 10:27:41,832 - root - DEBUG - Processing 550-th line out of 807 rows of DP table...
2021-12-30 10:27:41,922 - root - DEBUG - Processing 560-th line out of 807 rows of DP table...
2021-12-30 10:27:42,011 - root - DEBUG - Processing 570-th line out of 807 rows of DP table...
2021-12-30 10:27:42,095 - root - DEBUG - Processing 580-th line out of 807 rows of DP table...
2021-12-30 10:27:42,176 - root - DEBUG - Processing 590-th line out of 807 rows of DP table...
2021-12-30 10:27:42,253 - root - DEBUG - Processing 600-th line out of 807 rows of DP table...
2021-12-30 10:27:42,327 - root - DEBUG - Processing 610-th line out of 807 rows of DP table...
2021-12-30 10:27:42,397 - root - DEBUG - Processing 620-th line out of 807 rows of DP table...
2021-12-30 10:27:42,464 - root - DEBUG - Processing 630-th line out of 807 rows of DP table...
2021-12-30 10:27:42,528 - root - DEBUG - Processing 640-th line out of 807 rows of DP table...
2021-12-30 10:27:42,588 - root - DEBUG - Processing 650-th line out of 807 rows of DP table...
2021-12-30 10:27:42,645 - root - DEBUG - Processing 660-th line out of 807 rows of DP table...
2021-12-30 10:27:42,699 - root - DEBUG - Processing 670-th line out of 807 rows of DP table...
2021-12-30 10:27:42,749 - root - DEBUG - Processing 680-th line out of 807 rows of DP table...
2021-12-30 10:27:42,796 - root - DEBUG - Processing 690-th line out of 807 rows of DP table...
2021-12-30 10:27:42,840 - root - DEBUG - Processing 700-th line out of 807 rows of DP table...
2021-12-30 10:27:42,880 - root - DEBUG - Processing 710-th line out of 807 rows of DP table...
2021-12-30 10:27:42,917 - root - DEBUG - Processing 720-th line out of 807 rows of DP table...
2021-12-30 10:27:42,951 - root - DEBUG - Processing 730-th line out of 807 rows of DP table...
2021-12-30 10:27:42,981 - root - DEBUG - Processing 740-th line out of 807 rows of DP table...
2021-12-30 10:27:43,008 - root - DEBUG - Processing 750-th line out of 807 rows of DP table...
2021-12-30 10:27:43,031 - root - DEBUG - Processing 760-th line out of 807 rows of DP table...
2021-12-30 10:27:43,051 - root - DEBUG - Processing 770-th line out of 807 rows of DP table...
2021-12-30 10:27:43,068 - root - DEBUG - Processing 780-th line out of 807 rows of DP table...
2021-12-30 10:27:43,081 - root - DEBUG - Processing 790-th line out of 807 rows of DP table...
2021-12-30 10:27:43,090 - root - DEBUG - Processing 800-th line out of 807 rows of DP table...
2021-12-30 10:27:43,100 - root - DEBUG - Started computing sf for chromosome 'chr2'...
2021-12-30 10:27:43,104 - root - DEBUG - m=534, n=1886
2021-12-30 10:27:43,277 - root - DEBUG - Processing 10-th line out of 534 rows of DP table...
2021-12-30 10:27:43,455 - root - DEBUG - Processing 20-th line out of 534 rows of DP table...
2021-12-30 10:27:43,630 - root - DEBUG - Processing 30-th line out of 534 rows of DP table...
2021-12-30 10:27:43,802 - root - DEBUG - Processing 40-th line out of 534 rows of DP table...
2021-12-30 10:27:43,970 - root - DEBUG - Processing 50-th line out of 534 rows of DP table...
2021-12-30 10:27:44,136 - root - DEBUG - Processing 60-th line out of 534 rows of DP table...
2021-12-30 10:27:44,343 - root - DEBUG - Processing 70-th line out of 534 rows of DP table...
2021-12-30 10:27:44,501 - root - DEBUG - Processing 80-th line out of 534 rows of DP table...
2021-12-30 10:27:44,656 - root - DEBUG - Processing 90-th line out of 534 rows of DP table...
2021-12-30 10:27:44,809 - root - DEBUG - Processing 100-th line out of 534 rows of DP table...
2021-12-30 10:27:44,957 - root - DEBUG - Processing 110-th line out of 534 rows of DP table...
2021-12-30 10:27:45,103 - root - DEBUG - Processing 120-th line out of 534 rows of DP table...
2021-12-30 10:27:45,255 - root - DEBUG - Processing 130-th line out of 534 rows of DP table...
2021-12-30 10:27:45,394 - root - DEBUG - Processing 140-th line out of 534 rows of DP table...
2021-12-30 10:27:45,529 - root - DEBUG - Processing 150-th line out of 534 rows of DP table...
2021-12-30 10:27:45,661 - root - DEBUG - Processing 160-th line out of 534 rows of DP table...
2021-12-30 10:27:45,788 - root - DEBUG - Processing 170-th line out of 534 rows of DP table...
2021-12-30 10:27:45,913 - root - DEBUG - Processing 180-th line out of 534 rows of DP table...
2021-12-30 10:27:46,034 - root - DEBUG - Processing 190-th line out of 534 rows of DP table...
2021-12-30 10:27:46,153 - root - DEBUG - Processing 200-th line out of 534 rows of DP table...
2021-12-30 10:27:46,268 - root - DEBUG - Processing 210-th line out of 534 rows of DP table...
2021-12-30 10:27:46,380 - root - DEBUG - Processing 220-th line out of 534 rows of DP table...
2021-12-30 10:27:46,487 - root - DEBUG - Processing 230-th line out of 534 rows of DP table...
2021-12-30 10:27:46,592 - root - DEBUG - Processing 240-th line out of 534 rows of DP table...
2021-12-30 10:27:46,694 - root - DEBUG - Processing 250-th line out of 534 rows of DP table...
2021-12-30 10:27:46,792 - root - DEBUG - Processing 260-th line out of 534 rows of DP table...
2021-12-30 10:27:46,887 - root - DEBUG - Processing 270-th line out of 534 rows of DP table...
2021-12-30 10:27:46,978 - root - DEBUG - Processing 280-th line out of 534 rows of DP table...
2021-12-30 10:27:47,067 - root - DEBUG - Processing 290-th line out of 534 rows of DP table...
2021-12-30 10:27:47,151 - root - DEBUG - Processing 300-th line out of 534 rows of DP table...
2021-12-30 10:27:47,233 - root - DEBUG - Processing 310-th line out of 534 rows of DP table...
2021-12-30 10:27:47,311 - root - DEBUG - Processing 320-th line out of 534 rows of DP table...
2021-12-30 10:27:47,385 - root - DEBUG - Processing 330-th line out of 534 rows of DP table...
2021-12-30 10:27:47,456 - root - DEBUG - Processing 340-th line out of 534 rows of DP table...
2021-12-30 10:27:47,524 - root - DEBUG - Processing 350-th line out of 534 rows of DP table...
2021-12-30 10:27:47,588 - root - DEBUG - Processing 360-th line out of 534 rows of DP table...
2021-12-30 10:27:47,649 - root - DEBUG - Processing 370-th line out of 534 rows of DP table...
2021-12-30 10:27:47,706 - root - DEBUG - Processing 380-th line out of 534 rows of DP table...
2021-12-30 10:27:47,760 - root - DEBUG - Processing 390-th line out of 534 rows of DP table...
2021-12-30 10:27:47,811 - root - DEBUG - Processing 400-th line out of 534 rows of DP table...
2021-12-30 10:27:47,858 - root - DEBUG - Processing 410-th line out of 534 rows of DP table...
2021-12-30 10:27:47,902 - root - DEBUG - Processing 420-th line out of 534 rows of DP table...
2021-12-30 10:27:47,942 - root - DEBUG - Processing 430-th line out of 534 rows of DP table...
2021-12-30 10:27:47,979 - root - DEBUG - Processing 440-th line out of 534 rows of DP table...
2021-12-30 10:27:48,013 - root - DEBUG - Processing 450-th line out of 534 rows of DP table...
2021-12-30 10:27:48,043 - root - DEBUG - Processing 460-th line out of 534 rows of DP table...
2021-12-30 10:27:48,070 - root - DEBUG - Processing 470-th line out of 534 rows of DP table...
2021-12-30 10:27:48,094 - root - DEBUG - Processing 480-th line out of 534 rows of DP table...
2021-12-30 10:27:48,114 - root - DEBUG - Processing 490-th line out of 534 rows of DP table...
2021-12-30 10:27:48,132 - root - DEBUG - Processing 500-th line out of 534 rows of DP table...
2021-12-30 10:27:48,145 - root - DEBUG - Processing 510-th line out of 534 rows of DP table...
2021-12-30 10:27:48,155 - root - DEBUG - Processing 520-th line out of 534 rows of DP table...
2021-12-30 10:27:48,162 - root - DEBUG - Processing 530-th line out of 534 rows of DP table...
2021-12-30 10:27:48,167 - root - DEBUG - Started computing sf for chromosome 'chr3'...
2021-12-30 10:27:48,170 - root - DEBUG - m=452, n=1334
2021-12-30 10:27:48,316 - root - DEBUG - Processing 10-th line out of 452 rows of DP table...
2021-12-30 10:27:48,466 - root - DEBUG - Processing 20-th line out of 452 rows of DP table...
2021-12-30 10:27:48,615 - root - DEBUG - Processing 30-th line out of 452 rows of DP table...
2021-12-30 10:27:48,761 - root - DEBUG - Processing 40-th line out of 452 rows of DP table...
2021-12-30 10:27:48,903 - root - DEBUG - Processing 50-th line out of 452 rows of DP table...
2021-12-30 10:27:49,041 - root - DEBUG - Processing 60-th line out of 452 rows of DP table...
2021-12-30 10:27:49,178 - root - DEBUG - Processing 70-th line out of 452 rows of DP table...
2021-12-30 10:27:49,310 - root - DEBUG - Processing 80-th line out of 452 rows of DP table...
2021-12-30 10:27:49,438 - root - DEBUG - Processing 90-th line out of 452 rows of DP table...
2021-12-30 10:27:49,564 - root - DEBUG - Processing 100-th line out of 452 rows of DP table...
2021-12-30 10:27:49,685 - root - DEBUG - Processing 110-th line out of 452 rows of DP table...
2021-12-30 10:27:49,803 - root - DEBUG - Processing 120-th line out of 452 rows of DP table...
2021-12-30 10:27:49,918 - root - DEBUG - Processing 130-th line out of 452 rows of DP table...
2021-12-30 10:27:50,028 - root - DEBUG - Processing 140-th line out of 452 rows of DP table...
2021-12-30 10:27:50,136 - root - DEBUG - Processing 150-th line out of 452 rows of DP table...
2021-12-30 10:27:50,240 - root - DEBUG - Processing 160-th line out of 452 rows of DP table...
2021-12-30 10:27:50,341 - root - DEBUG - Processing 170-th line out of 452 rows of DP table...
2021-12-30 10:27:50,439 - root - DEBUG - Processing 180-th line out of 452 rows of DP table...
2021-12-30 10:27:50,533 - root - DEBUG - Processing 190-th line out of 452 rows of DP table...
2021-12-30 10:27:50,625 - root - DEBUG - Processing 200-th line out of 452 rows of DP table...
2021-12-30 10:27:50,712 - root - DEBUG - Processing 210-th line out of 452 rows of DP table...
2021-12-30 10:27:50,797 - root - DEBUG - Processing 220-th line out of 452 rows of DP table...
2021-12-30 10:27:50,878 - root - DEBUG - Processing 230-th line out of 452 rows of DP table...
2021-12-30 10:27:50,971 - root - DEBUG - Processing 240-th line out of 452 rows of DP table...
2021-12-30 10:27:51,045 - root - DEBUG - Processing 250-th line out of 452 rows of DP table...
2021-12-30 10:27:51,116 - root - DEBUG - Processing 260-th line out of 452 rows of DP table...
2021-12-30 10:27:51,183 - root - DEBUG - Processing 270-th line out of 452 rows of DP table...
2021-12-30 10:27:51,248 - root - DEBUG - Processing 280-th line out of 452 rows of DP table...
2021-12-30 10:27:51,309 - root - DEBUG - Processing 290-th line out of 452 rows of DP table...
2021-12-30 10:27:51,367 - root - DEBUG - Processing 300-th line out of 452 rows of DP table...
2021-12-30 10:27:51,421 - root - DEBUG - Processing 310-th line out of 452 rows of DP table...
2021-12-30 10:27:51,471 - root - DEBUG - Processing 320-th line out of 452 rows of DP table...
2021-12-30 10:27:51,518 - root - DEBUG - Processing 330-th line out of 452 rows of DP table...
2021-12-30 10:27:51,561 - root - DEBUG - Processing 340-th line out of 452 rows of DP table...
2021-12-30 10:27:51,601 - root - DEBUG - Processing 350-th line out of 452 rows of DP table...
2021-12-30 10:27:51,637 - root - DEBUG - Processing 360-th line out of 452 rows of DP table...
2021-12-30 10:27:51,670 - root - DEBUG - Processing 370-th line out of 452 rows of DP table...
2021-12-30 10:27:51,700 - root - DEBUG - Processing 380-th line out of 452 rows of DP table...
2021-12-30 10:27:51,726 - root - DEBUG - Processing 390-th line out of 452 rows of DP table...
2021-12-30 10:27:51,749 - root - DEBUG - Processing 400-th line out of 452 rows of DP table...
2021-12-30 10:27:51,768 - root - DEBUG - Processing 410-th line out of 452 rows of DP table...
2021-12-30 10:27:51,784 - root - DEBUG - Processing 420-th line out of 452 rows of DP table...
2021-12-30 10:27:51,797 - root - DEBUG - Processing 430-th line out of 452 rows of DP table...
2021-12-30 10:27:51,806 - root - DEBUG - Processing 440-th line out of 452 rows of DP table...
2021-12-30 10:27:51,811 - root - DEBUG - Processing 450-th line out of 452 rows of DP table...
2021-12-30 10:27:51,815 - root - DEBUG - Started computing sf for chromosome 'chr4'...
2021-12-30 10:27:51,818 - root - DEBUG - m=309, n=1662
2021-12-30 10:27:51,918 - root - DEBUG - Processing 10-th line out of 309 rows of DP table...
2021-12-30 10:27:52,020 - root - DEBUG - Processing 20-th line out of 309 rows of DP table...
2021-12-30 10:27:52,118 - root - DEBUG - Processing 30-th line out of 309 rows of DP table...
2021-12-30 10:27:52,214 - root - DEBUG - Processing 40-th line out of 309 rows of DP table...
2021-12-30 10:27:52,305 - root - DEBUG - Processing 50-th line out of 309 rows of DP table...
2021-12-30 10:27:52,394 - root - DEBUG - Processing 60-th line out of 309 rows of DP table...
2021-12-30 10:27:52,479 - root - DEBUG - Processing 70-th line out of 309 rows of DP table...
2021-12-30 10:27:52,561 - root - DEBUG - Processing 80-th line out of 309 rows of DP table...
2021-12-30 10:27:52,639 - root - DEBUG - Processing 90-th line out of 309 rows of DP table...
2021-12-30 10:27:52,714 - root - DEBUG - Processing 100-th line out of 309 rows of DP table...
2021-12-30 10:27:52,785 - root - DEBUG - Processing 110-th line out of 309 rows of DP table...
2021-12-30 10:27:52,854 - root - DEBUG - Processing 120-th line out of 309 rows of DP table...
2021-12-30 10:27:52,918 - root - DEBUG - Processing 130-th line out of 309 rows of DP table...
2021-12-30 10:27:52,980 - root - DEBUG - Processing 140-th line out of 309 rows of DP table...
2021-12-30 10:27:53,038 - root - DEBUG - Processing 150-th line out of 309 rows of DP table...
2021-12-30 10:27:53,093 - root - DEBUG - Processing 160-th line out of 309 rows of DP table...
2021-12-30 10:27:53,144 - root - DEBUG - Processing 170-th line out of 309 rows of DP table...
2021-12-30 10:27:53,192 - root - DEBUG - Processing 180-th line out of 309 rows of DP table...
2021-12-30 10:27:53,238 - root - DEBUG - Processing 190-th line out of 309 rows of DP table...
2021-12-30 10:27:53,279 - root - DEBUG - Processing 200-th line out of 309 rows of DP table...
2021-12-30 10:27:53,317 - root - DEBUG - Processing 210-th line out of 309 rows of DP table...
2021-12-30 10:27:53,351 - root - DEBUG - Processing 220-th line out of 309 rows of DP table...
2021-12-30 10:27:53,382 - root - DEBUG - Processing 230-th line out of 309 rows of DP table...
2021-12-30 10:27:53,410 - root - DEBUG - Processing 240-th line out of 309 rows of DP table...
2021-12-30 10:27:53,435 - root - DEBUG - Processing 250-th line out of 309 rows of DP table...
2021-12-30 10:27:53,456 - root - DEBUG - Processing 260-th line out of 309 rows of DP table...
2021-12-30 10:27:53,473 - root - DEBUG - Processing 270-th line out of 309 rows of DP table...
2021-12-30 10:27:53,487 - root - DEBUG - Processing 280-th line out of 309 rows of DP table...
2021-12-30 10:27:53,498 - root - DEBUG - Processing 290-th line out of 309 rows of DP table...
2021-12-30 10:27:53,506 - root - DEBUG - Processing 300-th line out of 309 rows of DP table...
2021-12-30 10:27:53,511 - root - DEBUG - Started computing sf for chromosome 'chr5'...
2021-12-30 10:27:53,514 - root - DEBUG - m=340, n=1386
2021-12-30 10:27:53,624 - root - DEBUG - Processing 10-th line out of 340 rows of DP table...
2021-12-30 10:27:53,736 - root - DEBUG - Processing 20-th line out of 340 rows of DP table...
2021-12-30 10:27:53,846 - root - DEBUG - Processing 30-th line out of 340 rows of DP table...
2021-12-30 10:27:53,951 - root - DEBUG - Processing 40-th line out of 340 rows of DP table...
2021-12-30 10:27:54,055 - root - DEBUG - Processing 50-th line out of 340 rows of DP table...
2021-12-30 10:27:54,154 - root - DEBUG - Processing 60-th line out of 340 rows of DP table...
2021-12-30 10:27:54,251 - root - DEBUG - Processing 70-th line out of 340 rows of DP table...
2021-12-30 10:27:54,345 - root - DEBUG - Processing 80-th line out of 340 rows of DP table...
2021-12-30 10:27:54,434 - root - DEBUG - Processing 90-th line out of 340 rows of DP table...
2021-12-30 10:27:54,520 - root - DEBUG - Processing 100-th line out of 340 rows of DP table...
2021-12-30 10:27:54,603 - root - DEBUG - Processing 110-th line out of 340 rows of DP table...
2021-12-30 10:27:54,682 - root - DEBUG - Processing 120-th line out of 340 rows of DP table...
2021-12-30 10:27:54,758 - root - DEBUG - Processing 130-th line out of 340 rows of DP table...
2021-12-30 10:27:54,831 - root - DEBUG - Processing 140-th line out of 340 rows of DP table...
2021-12-30 10:27:54,900 - root - DEBUG - Processing 150-th line out of 340 rows of DP table...
2021-12-30 10:27:54,966 - root - DEBUG - Processing 160-th line out of 340 rows of DP table...
2021-12-30 10:27:55,027 - root - DEBUG - Processing 170-th line out of 340 rows of DP table...
2021-12-30 10:27:55,086 - root - DEBUG - Processing 180-th line out of 340 rows of DP table...
2021-12-30 10:27:55,142 - root - DEBUG - Processing 190-th line out of 340 rows of DP table...
2021-12-30 10:27:55,194 - root - DEBUG - Processing 200-th line out of 340 rows of DP table...
2021-12-30 10:27:55,242 - root - DEBUG - Processing 210-th line out of 340 rows of DP table...
2021-12-30 10:27:55,288 - root - DEBUG - Processing 220-th line out of 340 rows of DP table...
2021-12-30 10:27:55,329 - root - DEBUG - Processing 230-th line out of 340 rows of DP table...
2021-12-30 10:27:55,368 - root - DEBUG - Processing 240-th line out of 340 rows of DP table...
2021-12-30 10:27:55,402 - root - DEBUG - Processing 250-th line out of 340 rows of DP table...
2021-12-30 10:27:55,434 - root - DEBUG - Processing 260-th line out of 340 rows of DP table...
2021-12-30 10:27:55,462 - root - DEBUG - Processing 270-th line out of 340 rows of DP table...
2021-12-30 10:27:55,487 - root - DEBUG - Processing 280-th line out of 340 rows of DP table...
2021-12-30 10:27:55,508 - root - DEBUG - Processing 290-th line out of 340 rows of DP table...
2021-12-30 10:27:55,526 - root - DEBUG - Processing 300-th line out of 340 rows of DP table...
2021-12-30 10:27:55,540 - root - DEBUG - Processing 310-th line out of 340 rows of DP table...
2021-12-30 10:27:55,552 - root - DEBUG - Processing 320-th line out of 340 rows of DP table...
2021-12-30 10:27:55,560 - root - DEBUG - Processing 330-th line out of 340 rows of DP table...
2021-12-30 10:27:55,564 - root - DEBUG - Processing 340-th line out of 340 rows of DP table...
2021-12-30 10:27:55,567 - root - DEBUG - Started computing sf for chromosome 'chr6'...
2021-12-30 10:27:55,570 - root - DEBUG - m=399, n=1394
2021-12-30 10:27:55,698 - root - DEBUG - Processing 10-th line out of 399 rows of DP table...
2021-12-30 10:27:55,831 - root - DEBUG - Processing 20-th line out of 399 rows of DP table...
2021-12-30 10:27:55,962 - root - DEBUG - Processing 30-th line out of 399 rows of DP table...
2021-12-30 10:27:56,090 - root - DEBUG - Processing 40-th line out of 399 rows of DP table...
2021-12-30 10:27:56,213 - root - DEBUG - Processing 50-th line out of 399 rows of DP table...
2021-12-30 10:27:56,334 - root - DEBUG - Processing 60-th line out of 399 rows of DP table...
2021-12-30 10:27:56,450 - root - DEBUG - Processing 70-th line out of 399 rows of DP table...
2021-12-30 10:27:56,564 - root - DEBUG - Processing 80-th line out of 399 rows of DP table...
2021-12-30 10:27:56,674 - root - DEBUG - Processing 90-th line out of 399 rows of DP table...
2021-12-30 10:27:56,781 - root - DEBUG - Processing 100-th line out of 399 rows of DP table...
2021-12-30 10:27:56,883 - root - DEBUG - Processing 110-th line out of 399 rows of DP table...
2021-12-30 10:27:56,983 - root - DEBUG - Processing 120-th line out of 399 rows of DP table...
2021-12-30 10:27:57,079 - root - DEBUG - Processing 130-th line out of 399 rows of DP table...
2021-12-30 10:27:57,171 - root - DEBUG - Processing 140-th line out of 399 rows of DP table...
2021-12-30 10:27:57,261 - root - DEBUG - Processing 150-th line out of 399 rows of DP table...
2021-12-30 10:27:57,347 - root - DEBUG - Processing 160-th line out of 399 rows of DP table...
2021-12-30 10:27:57,429 - root - DEBUG - Processing 170-th line out of 399 rows of DP table...
2021-12-30 10:27:57,508 - root - DEBUG - Processing 180-th line out of 399 rows of DP table...
2021-12-30 10:27:57,584 - root - DEBUG - Processing 190-th line out of 399 rows of DP table...
2021-12-30 10:27:57,657 - root - DEBUG - Processing 200-th line out of 399 rows of DP table...
2021-12-30 10:27:57,726 - root - DEBUG - Processing 210-th line out of 399 rows of DP table...
2021-12-30 10:27:57,791 - root - DEBUG - Processing 220-th line out of 399 rows of DP table...
2021-12-30 10:27:57,854 - root - DEBUG - Processing 230-th line out of 399 rows of DP table...
2021-12-30 10:27:57,913 - root - DEBUG - Processing 240-th line out of 399 rows of DP table...
2021-12-30 10:27:57,969 - root - DEBUG - Processing 250-th line out of 399 rows of DP table...
2021-12-30 10:27:58,021 - root - DEBUG - Processing 260-th line out of 399 rows of DP table...
2021-12-30 10:27:58,070 - root - DEBUG - Processing 270-th line out of 399 rows of DP table...
2021-12-30 10:27:58,116 - root - DEBUG - Processing 280-th line out of 399 rows of DP table...
2021-12-30 10:27:58,158 - root - DEBUG - Processing 290-th line out of 399 rows of DP table...
2021-12-30 10:27:58,196 - root - DEBUG - Processing 300-th line out of 399 rows of DP table...
2021-12-30 10:27:58,231 - root - DEBUG - Processing 310-th line out of 399 rows of DP table...
2021-12-30 10:27:58,263 - root - DEBUG - Processing 320-th line out of 399 rows of DP table...
2021-12-30 10:27:58,291 - root - DEBUG - Processing 330-th line out of 399 rows of DP table...
2021-12-30 10:27:58,316 - root - DEBUG - Processing 340-th line out of 399 rows of DP table...
2021-12-30 10:27:58,339 - root - DEBUG - Processing 350-th line out of 399 rows of DP table...
2021-12-30 10:27:58,357 - root - DEBUG - Processing 360-th line out of 399 rows of DP table...
2021-12-30 10:27:58,372 - root - DEBUG - Processing 370-th line out of 399 rows of DP table...
2021-12-30 10:27:58,383 - root - DEBUG - Processing 380-th line out of 399 rows of DP table...
2021-12-30 10:27:58,391 - root - DEBUG - Processing 390-th line out of 399 rows of DP table...
2021-12-30 10:27:58,398 - root - DEBUG - Started computing sf for chromosome 'chr7'...
2021-12-30 10:27:58,400 - root - DEBUG - m=365, n=1404
2021-12-30 10:27:58,518 - root - DEBUG - Processing 10-th line out of 365 rows of DP table...
2021-12-30 10:27:58,640 - root - DEBUG - Processing 20-th line out of 365 rows of DP table...
2021-12-30 10:27:58,757 - root - DEBUG - Processing 30-th line out of 365 rows of DP table...
2021-12-30 10:27:58,871 - root - DEBUG - Processing 40-th line out of 365 rows of DP table...
2021-12-30 10:27:58,982 - root - DEBUG - Processing 50-th line out of 365 rows of DP table...
2021-12-30 10:27:59,090 - root - DEBUG - Processing 60-th line out of 365 rows of DP table...
2021-12-30 10:27:59,195 - root - DEBUG - Processing 70-th line out of 365 rows of DP table...
2021-12-30 10:27:59,296 - root - DEBUG - Processing 80-th line out of 365 rows of DP table...
2021-12-30 10:27:59,395 - root - DEBUG - Processing 90-th line out of 365 rows of DP table...
2021-12-30 10:27:59,489 - root - DEBUG - Processing 100-th line out of 365 rows of DP table...
2021-12-30 10:27:59,580 - root - DEBUG - Processing 110-th line out of 365 rows of DP table...
2021-12-30 10:27:59,668 - root - DEBUG - Processing 120-th line out of 365 rows of DP table...
2021-12-30 10:27:59,752 - root - DEBUG - Processing 130-th line out of 365 rows of DP table...
2021-12-30 10:27:59,833 - root - DEBUG - Processing 140-th line out of 365 rows of DP table...
2021-12-30 10:27:59,911 - root - DEBUG - Processing 150-th line out of 365 rows of DP table...
2021-12-30 10:27:59,985 - root - DEBUG - Processing 160-th line out of 365 rows of DP table...
2021-12-30 10:28:00,060 - root - DEBUG - Processing 170-th line out of 365 rows of DP table...
2021-12-30 10:28:00,127 - root - DEBUG - Processing 180-th line out of 365 rows of DP table...
2021-12-30 10:28:00,191 - root - DEBUG - Processing 190-th line out of 365 rows of DP table...
2021-12-30 10:28:00,251 - root - DEBUG - Processing 200-th line out of 365 rows of DP table...
2021-12-30 10:28:00,308 - root - DEBUG - Processing 210-th line out of 365 rows of DP table...
2021-12-30 10:28:00,362 - root - DEBUG - Processing 220-th line out of 365 rows of DP table...
2021-12-30 10:28:00,413 - root - DEBUG - Processing 230-th line out of 365 rows of DP table...
2021-12-30 10:28:00,460 - root - DEBUG - Processing 240-th line out of 365 rows of DP table...
2021-12-30 10:28:00,504 - root - DEBUG - Processing 250-th line out of 365 rows of DP table...
2021-12-30 10:28:00,544 - root - DEBUG - Processing 260-th line out of 365 rows of DP table...
2021-12-30 10:28:00,581 - root - DEBUG - Processing 270-th line out of 365 rows of DP table...
2021-12-30 10:28:00,616 - root - DEBUG - Processing 280-th line out of 365 rows of DP table...
2021-12-30 10:28:00,646 - root - DEBUG - Processing 290-th line out of 365 rows of DP table...
2021-12-30 10:28:00,673 - root - DEBUG - Processing 300-th line out of 365 rows of DP table...
2021-12-30 10:28:00,697 - root - DEBUG - Processing 310-th line out of 365 rows of DP table...
2021-12-30 10:28:00,717 - root - DEBUG - Processing 320-th line out of 365 rows of DP table...
2021-12-30 10:28:00,734 - root - DEBUG - Processing 330-th line out of 365 rows of DP table...
2021-12-30 10:28:00,748 - root - DEBUG - Processing 340-th line out of 365 rows of DP table...
2021-12-30 10:28:00,758 - root - DEBUG - Processing 350-th line out of 365 rows of DP table...
2021-12-30 10:28:00,765 - root - DEBUG - Processing 360-th line out of 365 rows of DP table...
2021-12-30 10:28:00,769 - root - DEBUG - Started computing sf for chromosome 'chr8'...
2021-12-30 10:28:00,773 - root - DEBUG - m=283, n=1251
2021-12-30 10:28:00,865 - root - DEBUG - Processing 10-th line out of 283 rows of DP table...
2021-12-30 10:28:00,958 - root - DEBUG - Processing 20-th line out of 283 rows of DP table...
2021-12-30 10:28:01,048 - root - DEBUG - Processing 30-th line out of 283 rows of DP table...
2021-12-30 10:28:01,134 - root - DEBUG - Processing 40-th line out of 283 rows of DP table...
2021-12-30 10:28:01,217 - root - DEBUG - Processing 50-th line out of 283 rows of DP table...
2021-12-30 10:28:01,297 - root - DEBUG - Processing 60-th line out of 283 rows of DP table...
2021-12-30 10:28:01,373 - root - DEBUG - Processing 70-th line out of 283 rows of DP table...
2021-12-30 10:28:01,448 - root - DEBUG - Processing 80-th line out of 283 rows of DP table...
2021-12-30 10:28:01,517 - root - DEBUG - Processing 90-th line out of 283 rows of DP table...
2021-12-30 10:28:01,584 - root - DEBUG - Processing 100-th line out of 283 rows of DP table...
2021-12-30 10:28:01,647 - root - DEBUG - Processing 110-th line out of 283 rows of DP table...
2021-12-30 10:28:01,707 - root - DEBUG - Processing 120-th line out of 283 rows of DP table...
2021-12-30 10:28:01,763 - root - DEBUG - Processing 130-th line out of 283 rows of DP table...
2021-12-30 10:28:01,816 - root - DEBUG - Processing 140-th line out of 283 rows of DP table...
2021-12-30 10:28:01,865 - root - DEBUG - Processing 150-th line out of 283 rows of DP table...
2021-12-30 10:28:01,911 - root - DEBUG - Processing 160-th line out of 283 rows of DP table...
2021-12-30 10:28:01,954 - root - DEBUG - Processing 170-th line out of 283 rows of DP table...
2021-12-30 10:28:01,993 - root - DEBUG - Processing 180-th line out of 283 rows of DP table...
2021-12-30 10:28:02,029 - root - DEBUG - Processing 190-th line out of 283 rows of DP table...
2021-12-30 10:28:02,062 - root - DEBUG - Processing 200-th line out of 283 rows of DP table...
2021-12-30 10:28:02,091 - root - DEBUG - Processing 210-th line out of 283 rows of DP table...
2021-12-30 10:28:02,117 - root - DEBUG - Processing 220-th line out of 283 rows of DP table...
2021-12-30 10:28:02,139 - root - DEBUG - Processing 230-th line out of 283 rows of DP table...
2021-12-30 10:28:02,158 - root - DEBUG - Processing 240-th line out of 283 rows of DP table...
2021-12-30 10:28:02,174 - root - DEBUG - Processing 250-th line out of 283 rows of DP table...
2021-12-30 10:28:02,186 - root - DEBUG - Processing 260-th line out of 283 rows of DP table...
2021-12-30 10:28:02,195 - root - DEBUG - Processing 270-th line out of 283 rows of DP table...
2021-12-30 10:28:02,200 - root - DEBUG - Processing 280-th line out of 283 rows of DP table...
2021-12-30 10:28:02,203 - root - DEBUG - Started computing sf for chromosome 'chr9'...
2021-12-30 10:28:02,206 - root - DEBUG - m=273, n=931
2021-12-30 10:28:02,294 - root - DEBUG - Processing 10-th line out of 273 rows of DP table...
2021-12-30 10:28:02,385 - root - DEBUG - Processing 20-th line out of 273 rows of DP table...
2021-12-30 10:28:02,472 - root - DEBUG - Processing 30-th line out of 273 rows of DP table...
2021-12-30 10:28:02,555 - root - DEBUG - Processing 40-th line out of 273 rows of DP table...
2021-12-30 10:28:02,635 - root - DEBUG - Processing 50-th line out of 273 rows of DP table...
2021-12-30 10:28:02,711 - root - DEBUG - Processing 60-th line out of 273 rows of DP table...
2021-12-30 10:28:02,784 - root - DEBUG - Processing 70-th line out of 273 rows of DP table...
2021-12-30 10:28:02,854 - root - DEBUG - Processing 80-th line out of 273 rows of DP table...
2021-12-30 10:28:02,920 - root - DEBUG - Processing 90-th line out of 273 rows of DP table...
2021-12-30 10:28:02,983 - root - DEBUG - Processing 100-th line out of 273 rows of DP table...
2021-12-30 10:28:03,042 - root - DEBUG - Processing 110-th line out of 273 rows of DP table...
2021-12-30 10:28:03,098 - root - DEBUG - Processing 120-th line out of 273 rows of DP table...
2021-12-30 10:28:03,151 - root - DEBUG - Processing 130-th line out of 273 rows of DP table...
2021-12-30 10:28:03,200 - root - DEBUG - Processing 140-th line out of 273 rows of DP table...
2021-12-30 10:28:03,246 - root - DEBUG - Processing 150-th line out of 273 rows of DP table...
2021-12-30 10:28:03,288 - root - DEBUG - Processing 160-th line out of 273 rows of DP table...
2021-12-30 10:28:03,328 - root - DEBUG - Processing 170-th line out of 273 rows of DP table...
2021-12-30 10:28:03,363 - root - DEBUG - Processing 180-th line out of 273 rows of DP table...
2021-12-30 10:28:03,396 - root - DEBUG - Processing 190-th line out of 273 rows of DP table...
2021-12-30 10:28:03,425 - root - DEBUG - Processing 200-th line out of 273 rows of DP table...
2021-12-30 10:28:03,451 - root - DEBUG - Processing 210-th line out of 273 rows of DP table...
2021-12-30 10:28:03,474 - root - DEBUG - Processing 220-th line out of 273 rows of DP table...
2021-12-30 10:28:03,492 - root - DEBUG - Processing 230-th line out of 273 rows of DP table...
2021-12-30 10:28:03,508 - root - DEBUG - Processing 240-th line out of 273 rows of DP table...
2021-12-30 10:28:03,535 - root - DEBUG - Processing 250-th line out of 273 rows of DP table...
2021-12-30 10:28:03,544 - root - DEBUG - Processing 260-th line out of 273 rows of DP table...
2021-12-30 10:28:03,550 - root - DEBUG - Processing 270-th line out of 273 rows of DP table...
2021-12-30 10:28:03,553 - root - DEBUG - Started computing sf for chromosome 'chr10'...
2021-12-30 10:28:03,556 - root - DEBUG - m=310, n=1065
2021-12-30 10:28:03,657 - root - DEBUG - Processing 10-th line out of 310 rows of DP table...
2021-12-30 10:28:03,760 - root - DEBUG - Processing 20-th line out of 310 rows of DP table...
2021-12-30 10:28:03,860 - root - DEBUG - Processing 30-th line out of 310 rows of DP table...
2021-12-30 10:28:03,956 - root - DEBUG - Processing 40-th line out of 310 rows of DP table...
2021-12-30 10:28:04,049 - root - DEBUG - Processing 50-th line out of 310 rows of DP table...
2021-12-30 10:28:04,139 - root - DEBUG - Processing 60-th line out of 310 rows of DP table...
2021-12-30 10:28:04,226 - root - DEBUG - Processing 70-th line out of 310 rows of DP table...
2021-12-30 10:28:04,309 - root - DEBUG - Processing 80-th line out of 310 rows of DP table...
2021-12-30 10:28:04,388 - root - DEBUG - Processing 90-th line out of 310 rows of DP table...
2021-12-30 10:28:04,464 - root - DEBUG - Processing 100-th line out of 310 rows of DP table...
2021-12-30 10:28:04,538 - root - DEBUG - Processing 110-th line out of 310 rows of DP table...
2021-12-30 10:28:04,607 - root - DEBUG - Processing 120-th line out of 310 rows of DP table...
2021-12-30 10:28:04,672 - root - DEBUG - Processing 130-th line out of 310 rows of DP table...
2021-12-30 10:28:04,734 - root - DEBUG - Processing 140-th line out of 310 rows of DP table...
2021-12-30 10:28:04,793 - root - DEBUG - Processing 150-th line out of 310 rows of DP table...
2021-12-30 10:28:04,848 - root - DEBUG - Processing 160-th line out of 310 rows of DP table...
2021-12-30 10:28:04,900 - root - DEBUG - Processing 170-th line out of 310 rows of DP table...
2021-12-30 10:28:04,949 - root - DEBUG - Processing 180-th line out of 310 rows of DP table...
2021-12-30 10:28:04,994 - root - DEBUG - Processing 190-th line out of 310 rows of DP table...
2021-12-30 10:28:05,035 - root - DEBUG - Processing 200-th line out of 310 rows of DP table...
2021-12-30 10:28:05,074 - root - DEBUG - Processing 210-th line out of 310 rows of DP table...
2021-12-30 10:28:05,109 - root - DEBUG - Processing 220-th line out of 310 rows of DP table...
2021-12-30 10:28:05,140 - root - DEBUG - Processing 230-th line out of 310 rows of DP table...
2021-12-30 10:28:05,168 - root - DEBUG - Processing 240-th line out of 310 rows of DP table...
2021-12-30 10:28:05,193 - root - DEBUG - Processing 250-th line out of 310 rows of DP table...
2021-12-30 10:28:05,214 - root - DEBUG - Processing 260-th line out of 310 rows of DP table...
2021-12-30 10:28:05,232 - root - DEBUG - Processing 270-th line out of 310 rows of DP table...
2021-12-30 10:28:05,247 - root - DEBUG - Processing 280-th line out of 310 rows of DP table...
2021-12-30 10:28:05,258 - root - DEBUG - Processing 290-th line out of 310 rows of DP table...
2021-12-30 10:28:05,265 - root - DEBUG - Processing 300-th line out of 310 rows of DP table...
2021-12-30 10:28:05,270 - root - DEBUG - Processing 310-th line out of 310 rows of DP table...
2021-12-30 10:28:05,272 - root - DEBUG - Started computing sf for chromosome 'chr11'...
2021-12-30 10:28:05,286 - root - DEBUG - m=462, n=1033
2021-12-30 10:28:05,436 - root - DEBUG - Processing 10-th line out of 462 rows of DP table...
2021-12-30 10:28:05,599 - root - DEBUG - Processing 20-th line out of 462 rows of DP table...
2021-12-30 10:28:05,751 - root - DEBUG - Processing 30-th line out of 462 rows of DP table...
2021-12-30 10:28:05,898 - root - DEBUG - Processing 40-th line out of 462 rows of DP table...
2021-12-30 10:28:06,042 - root - DEBUG - Processing 50-th line out of 462 rows of DP table...
2021-12-30 10:28:06,184 - root - DEBUG - Processing 60-th line out of 462 rows of DP table...
2021-12-30 10:28:06,322 - root - DEBUG - Processing 70-th line out of 462 rows of DP table...
2021-12-30 10:28:06,456 - root - DEBUG - Processing 80-th line out of 462 rows of DP table...
2021-12-30 10:28:06,588 - root - DEBUG - Processing 90-th line out of 462 rows of DP table...
2021-12-30 10:28:06,715 - root - DEBUG - Processing 100-th line out of 462 rows of DP table...
2021-12-30 10:28:06,839 - root - DEBUG - Processing 110-th line out of 462 rows of DP table...
2021-12-30 10:28:06,959 - root - DEBUG - Processing 120-th line out of 462 rows of DP table...
2021-12-30 10:28:07,076 - root - DEBUG - Processing 130-th line out of 462 rows of DP table...
2021-12-30 10:28:07,189 - root - DEBUG - Processing 140-th line out of 462 rows of DP table...
2021-12-30 10:28:07,300 - root - DEBUG - Processing 150-th line out of 462 rows of DP table...
2021-12-30 10:28:07,407 - root - DEBUG - Processing 160-th line out of 462 rows of DP table...
2021-12-30 10:28:07,511 - root - DEBUG - Processing 170-th line out of 462 rows of DP table...
2021-12-30 10:28:07,612 - root - DEBUG - Processing 180-th line out of 462 rows of DP table...
2021-12-30 10:28:07,709 - root - DEBUG - Processing 190-th line out of 462 rows of DP table...
2021-12-30 10:28:07,803 - root - DEBUG - Processing 200-th line out of 462 rows of DP table...
2021-12-30 10:28:07,894 - root - DEBUG - Processing 210-th line out of 462 rows of DP table...
2021-12-30 10:28:07,981 - root - DEBUG - Processing 220-th line out of 462 rows of DP table...
2021-12-30 10:28:08,064 - root - DEBUG - Processing 230-th line out of 462 rows of DP table...
2021-12-30 10:28:08,144 - root - DEBUG - Processing 240-th line out of 462 rows of DP table...
2021-12-30 10:28:08,221 - root - DEBUG - Processing 250-th line out of 462 rows of DP table...
2021-12-30 10:28:08,295 - root - DEBUG - Processing 260-th line out of 462 rows of DP table...
2021-12-30 10:28:08,365 - root - DEBUG - Processing 270-th line out of 462 rows of DP table...
2021-12-30 10:28:08,431 - root - DEBUG - Processing 280-th line out of 462 rows of DP table...
2021-12-30 10:28:08,495 - root - DEBUG - Processing 290-th line out of 462 rows of DP table...
2021-12-30 10:28:08,555 - root - DEBUG - Processing 300-th line out of 462 rows of DP table...
2021-12-30 10:28:08,612 - root - DEBUG - Processing 310-th line out of 462 rows of DP table...
2021-12-30 10:28:08,665 - root - DEBUG - Processing 320-th line out of 462 rows of DP table...
2021-12-30 10:28:08,715 - root - DEBUG - Processing 330-th line out of 462 rows of DP table...
2021-12-30 10:28:08,761 - root - DEBUG - Processing 340-th line out of 462 rows of DP table...
2021-12-30 10:28:08,804 - root - DEBUG - Processing 350-th line out of 462 rows of DP table...
2021-12-30 10:28:08,844 - root - DEBUG - Processing 360-th line out of 462 rows of DP table...
2021-12-30 10:28:08,880 - root - DEBUG - Processing 370-th line out of 462 rows of DP table...
2021-12-30 10:28:08,913 - root - DEBUG - Processing 380-th line out of 462 rows of DP table...
2021-12-30 10:28:08,943 - root - DEBUG - Processing 390-th line out of 462 rows of DP table...
2021-12-30 10:28:08,969 - root - DEBUG - Processing 400-th line out of 462 rows of DP table...
2021-12-30 10:28:08,991 - root - DEBUG - Processing 410-th line out of 462 rows of DP table...
2021-12-30 10:28:09,011 - root - DEBUG - Processing 420-th line out of 462 rows of DP table...
2021-12-30 10:28:09,027 - root - DEBUG - Processing 430-th line out of 462 rows of DP table...
2021-12-30 10:28:09,039 - root - DEBUG - Processing 440-th line out of 462 rows of DP table...
2021-12-30 10:28:09,048 - root - DEBUG - Processing 450-th line out of 462 rows of DP table...
2021-12-30 10:28:09,054 - root - DEBUG - Processing 460-th line out of 462 rows of DP table...
2021-12-30 10:28:09,058 - root - DEBUG - Started computing sf for chromosome 'chr12'...
2021-12-30 10:28:09,061 - root - DEBUG - m=423, n=1106
2021-12-30 10:28:09,198 - root - DEBUG - Processing 10-th line out of 423 rows of DP table...
2021-12-30 10:28:09,339 - root - DEBUG - Processing 20-th line out of 423 rows of DP table...
2021-12-30 10:28:09,477 - root - DEBUG - Processing 30-th line out of 423 rows of DP table...
2021-12-30 10:28:09,612 - root - DEBUG - Processing 40-th line out of 423 rows of DP table...
2021-12-30 10:28:09,744 - root - DEBUG - Processing 50-th line out of 423 rows of DP table...
2021-12-30 10:28:09,872 - root - DEBUG - Processing 60-th line out of 423 rows of DP table...
2021-12-30 10:28:09,997 - root - DEBUG - Processing 70-th line out of 423 rows of DP table...
2021-12-30 10:28:10,118 - root - DEBUG - Processing 80-th line out of 423 rows of DP table...
2021-12-30 10:28:10,236 - root - DEBUG - Processing 90-th line out of 423 rows of DP table...
2021-12-30 10:28:10,350 - root - DEBUG - Processing 100-th line out of 423 rows of DP table...
2021-12-30 10:28:10,461 - root - DEBUG - Processing 110-th line out of 423 rows of DP table...
2021-12-30 10:28:10,569 - root - DEBUG - Processing 120-th line out of 423 rows of DP table...
2021-12-30 10:28:10,674 - root - DEBUG - Processing 130-th line out of 423 rows of DP table...
2021-12-30 10:28:10,776 - root - DEBUG - Processing 140-th line out of 423 rows of DP table...
2021-12-30 10:28:10,873 - root - DEBUG - Processing 150-th line out of 423 rows of DP table...
2021-12-30 10:28:10,967 - root - DEBUG - Processing 160-th line out of 423 rows of DP table...
2021-12-30 10:28:11,058 - root - DEBUG - Processing 170-th line out of 423 rows of DP table...
2021-12-30 10:28:11,145 - root - DEBUG - Processing 180-th line out of 423 rows of DP table...
2021-12-30 10:28:11,229 - root - DEBUG - Processing 190-th line out of 423 rows of DP table...
2021-12-30 10:28:11,310 - root - DEBUG - Processing 200-th line out of 423 rows of DP table...
2021-12-30 10:28:11,387 - root - DEBUG - Processing 210-th line out of 423 rows of DP table...
2021-12-30 10:28:11,460 - root - DEBUG - Processing 220-th line out of 423 rows of DP table...
2021-12-30 10:28:11,531 - root - DEBUG - Processing 230-th line out of 423 rows of DP table...
2021-12-30 10:28:11,598 - root - DEBUG - Processing 240-th line out of 423 rows of DP table...
2021-12-30 10:28:11,735 - root - DEBUG - Processing 250-th line out of 423 rows of DP table...
2021-12-30 10:28:11,795 - root - DEBUG - Processing 260-th line out of 423 rows of DP table...
2021-12-30 10:28:11,867 - root - DEBUG - Processing 270-th line out of 423 rows of DP table...
2021-12-30 10:28:11,921 - root - DEBUG - Processing 280-th line out of 423 rows of DP table...
2021-12-30 10:28:11,971 - root - DEBUG - Processing 290-th line out of 423 rows of DP table...
2021-12-30 10:28:12,019 - root - DEBUG - Processing 300-th line out of 423 rows of DP table...
2021-12-30 10:28:12,063 - root - DEBUG - Processing 310-th line out of 423 rows of DP table...
2021-12-30 10:28:12,103 - root - DEBUG - Processing 320-th line out of 423 rows of DP table...
2021-12-30 10:28:12,140 - root - DEBUG - Processing 330-th line out of 423 rows of DP table...
2021-12-30 10:28:12,173 - root - DEBUG - Processing 340-th line out of 423 rows of DP table...
2021-12-30 10:28:12,203 - root - DEBUG - Processing 350-th line out of 423 rows of DP table...
2021-12-30 10:28:12,230 - root - DEBUG - Processing 360-th line out of 423 rows of DP table...
2021-12-30 10:28:12,253 - root - DEBUG - Processing 370-th line out of 423 rows of DP table...
2021-12-30 10:28:12,273 - root - DEBUG - Processing 380-th line out of 423 rows of DP table...
2021-12-30 10:28:12,290 - root - DEBUG - Processing 390-th line out of 423 rows of DP table...
2021-12-30 10:28:12,303 - root - DEBUG - Processing 400-th line out of 423 rows of DP table...
2021-12-30 10:28:12,313 - root - DEBUG - Processing 410-th line out of 423 rows of DP table...
2021-12-30 10:28:12,320 - root - DEBUG - Processing 420-th line out of 423 rows of DP table...
2021-12-30 10:28:12,324 - root - DEBUG - Started computing sf for chromosome 'chr13'...
2021-12-30 10:28:12,327 - root - DEBUG - m=138, n=819
2021-12-30 10:28:12,372 - root - DEBUG - Processing 10-th line out of 138 rows of DP table...
2021-12-30 10:28:12,416 - root - DEBUG - Processing 20-th line out of 138 rows of DP table...
2021-12-30 10:28:12,457 - root - DEBUG - Processing 30-th line out of 138 rows of DP table...
2021-12-30 10:28:12,505 - root - DEBUG - Processing 40-th line out of 138 rows of DP table...
2021-12-30 10:28:12,538 - root - DEBUG - Processing 50-th line out of 138 rows of DP table...
2021-12-30 10:28:12,568 - root - DEBUG - Processing 60-th line out of 138 rows of DP table...
2021-12-30 10:28:12,594 - root - DEBUG - Processing 70-th line out of 138 rows of DP table...
2021-12-30 10:28:12,618 - root - DEBUG - Processing 80-th line out of 138 rows of DP table...
2021-12-30 10:28:12,637 - root - DEBUG - Processing 90-th line out of 138 rows of DP table...
2021-12-30 10:28:12,654 - root - DEBUG - Processing 100-th line out of 138 rows of DP table...
2021-12-30 10:28:12,667 - root - DEBUG - Processing 110-th line out of 138 rows of DP table...
2021-12-30 10:28:12,676 - root - DEBUG - Processing 120-th line out of 138 rows of DP table...
2021-12-30 10:28:12,683 - root - DEBUG - Processing 130-th line out of 138 rows of DP table...
2021-12-30 10:28:12,686 - root - DEBUG - Started computing sf for chromosome 'chr14'...
2021-12-30 10:28:12,689 - root - DEBUG - m=224, n=641
2021-12-30 10:28:12,762 - root - DEBUG - Processing 10-th line out of 224 rows of DP table...
2021-12-30 10:28:12,835 - root - DEBUG - Processing 20-th line out of 224 rows of DP table...
2021-12-30 10:28:12,905 - root - DEBUG - Processing 30-th line out of 224 rows of DP table...
2021-12-30 10:28:12,971 - root - DEBUG - Processing 40-th line out of 224 rows of DP table...
2021-12-30 10:28:13,034 - root - DEBUG - Processing 50-th line out of 224 rows of DP table...
2021-12-30 10:28:13,093 - root - DEBUG - Processing 60-th line out of 224 rows of DP table...
2021-12-30 10:28:13,149 - root - DEBUG - Processing 70-th line out of 224 rows of DP table...
2021-12-30 10:28:13,202 - root - DEBUG - Processing 80-th line out of 224 rows of DP table...
2021-12-30 10:28:13,251 - root - DEBUG - Processing 90-th line out of 224 rows of DP table...
2021-12-30 10:28:13,297 - root - DEBUG - Processing 100-th line out of 224 rows of DP table...
2021-12-30 10:28:13,340 - root - DEBUG - Processing 110-th line out of 224 rows of DP table...
2021-12-30 10:28:13,379 - root - DEBUG - Processing 120-th line out of 224 rows of DP table...
2021-12-30 10:28:13,415 - root - DEBUG - Processing 130-th line out of 224 rows of DP table...
2021-12-30 10:28:13,448 - root - DEBUG - Processing 140-th line out of 224 rows of DP table...
2021-12-30 10:28:13,477 - root - DEBUG - Processing 150-th line out of 224 rows of DP table...
2021-12-30 10:28:13,502 - root - DEBUG - Processing 160-th line out of 224 rows of DP table...
2021-12-30 10:28:13,525 - root - DEBUG - Processing 170-th line out of 224 rows of DP table...
2021-12-30 10:28:13,544 - root - DEBUG - Processing 180-th line out of 224 rows of DP table...
2021-12-30 10:28:13,559 - root - DEBUG - Processing 190-th line out of 224 rows of DP table...
2021-12-30 10:28:13,572 - root - DEBUG - Processing 200-th line out of 224 rows of DP table...
2021-12-30 10:28:13,580 - root - DEBUG - Processing 210-th line out of 224 rows of DP table...
2021-12-30 10:28:13,586 - root - DEBUG - Processing 220-th line out of 224 rows of DP table...
2021-12-30 10:28:13,589 - root - DEBUG - Started computing sf for chromosome 'chr15'...
2021-12-30 10:28:13,592 - root - DEBUG - m=239, n=584
2021-12-30 10:28:13,669 - root - DEBUG - Processing 10-th line out of 239 rows of DP table...
2021-12-30 10:28:13,747 - root - DEBUG - Processing 20-th line out of 239 rows of DP table...
2021-12-30 10:28:13,823 - root - DEBUG - Processing 30-th line out of 239 rows of DP table...
2021-12-30 10:28:13,894 - root - DEBUG - Processing 40-th line out of 239 rows of DP table...
2021-12-30 10:28:13,962 - root - DEBUG - Processing 50-th line out of 239 rows of DP table...
2021-12-30 10:28:14,027 - root - DEBUG - Processing 60-th line out of 239 rows of DP table...
2021-12-30 10:28:14,087 - root - DEBUG - Processing 70-th line out of 239 rows of DP table...
2021-12-30 10:28:14,145 - root - DEBUG - Processing 80-th line out of 239 rows of DP table...
2021-12-30 10:28:14,200 - root - DEBUG - Processing 90-th line out of 239 rows of DP table...
2021-12-30 10:28:14,251 - root - DEBUG - Processing 100-th line out of 239 rows of DP table...
2021-12-30 10:28:14,298 - root - DEBUG - Processing 110-th line out of 239 rows of DP table...
2021-12-30 10:28:14,343 - root - DEBUG - Processing 120-th line out of 239 rows of DP table...
2021-12-30 10:28:14,383 - root - DEBUG - Processing 130-th line out of 239 rows of DP table...
2021-12-30 10:28:14,421 - root - DEBUG - Processing 140-th line out of 239 rows of DP table...
2021-12-30 10:28:14,455 - root - DEBUG - Processing 150-th line out of 239 rows of DP table...
2021-12-30 10:28:14,486 - root - DEBUG - Processing 160-th line out of 239 rows of DP table...
2021-12-30 10:28:14,513 - root - DEBUG - Processing 170-th line out of 239 rows of DP table...
2021-12-30 10:28:14,537 - root - DEBUG - Processing 180-th line out of 239 rows of DP table...
2021-12-30 10:28:14,558 - root - DEBUG - Processing 190-th line out of 239 rows of DP table...
2021-12-30 10:28:14,575 - root - DEBUG - Processing 200-th line out of 239 rows of DP table...
2021-12-30 10:28:14,589 - root - DEBUG - Processing 210-th line out of 239 rows of DP table...
2021-12-30 10:28:14,599 - root - DEBUG - Processing 220-th line out of 239 rows of DP table...
2021-12-30 10:28:14,606 - root - DEBUG - Processing 230-th line out of 239 rows of DP table...
2021-12-30 10:28:14,611 - root - DEBUG - Started computing sf for chromosome 'chr16'...
2021-12-30 10:28:14,614 - root - DEBUG - m=315, n=851
2021-12-30 10:28:14,716 - root - DEBUG - Processing 10-th line out of 315 rows of DP table...
2021-12-30 10:28:14,838 - root - DEBUG - Processing 20-th line out of 315 rows of DP table...
2021-12-30 10:28:14,940 - root - DEBUG - Processing 30-th line out of 315 rows of DP table...
2021-12-30 10:28:15,038 - root - DEBUG - Processing 40-th line out of 315 rows of DP table...
2021-12-30 10:28:15,132 - root - DEBUG - Processing 50-th line out of 315 rows of DP table...
2021-12-30 10:28:15,223 - root - DEBUG - Processing 60-th line out of 315 rows of DP table...
2021-12-30 10:28:15,311 - root - DEBUG - Processing 70-th line out of 315 rows of DP table...
2021-12-30 10:28:15,395 - root - DEBUG - Processing 80-th line out of 315 rows of DP table...
2021-12-30 10:28:15,476 - root - DEBUG - Processing 90-th line out of 315 rows of DP table...
2021-12-30 10:28:15,554 - root - DEBUG - Processing 100-th line out of 315 rows of DP table...
2021-12-30 10:28:15,627 - root - DEBUG - Processing 110-th line out of 315 rows of DP table...
2021-12-30 10:28:15,698 - root - DEBUG - Processing 120-th line out of 315 rows of DP table...
2021-12-30 10:28:15,765 - root - DEBUG - Processing 130-th line out of 315 rows of DP table...
2021-12-30 10:28:15,830 - root - DEBUG - Processing 140-th line out of 315 rows of DP table...
2021-12-30 10:28:15,890 - root - DEBUG - Processing 150-th line out of 315 rows of DP table...
2021-12-30 10:28:15,946 - root - DEBUG - Processing 160-th line out of 315 rows of DP table...
2021-12-30 10:28:16,000 - root - DEBUG - Processing 170-th line out of 315 rows of DP table...
2021-12-30 10:28:16,050 - root - DEBUG - Processing 180-th line out of 315 rows of DP table...
2021-12-30 10:28:16,097 - root - DEBUG - Processing 190-th line out of 315 rows of DP table...
2021-12-30 10:28:16,140 - root - DEBUG - Processing 200-th line out of 315 rows of DP table...
2021-12-30 10:28:16,180 - root - DEBUG - Processing 210-th line out of 315 rows of DP table...
2021-12-30 10:28:16,217 - root - DEBUG - Processing 220-th line out of 315 rows of DP table...
2021-12-30 10:28:16,250 - root - DEBUG - Processing 230-th line out of 315 rows of DP table...
2021-12-30 10:28:16,280 - root - DEBUG - Processing 240-th line out of 315 rows of DP table...
2021-12-30 10:28:16,306 - root - DEBUG - Processing 250-th line out of 315 rows of DP table...
2021-12-30 10:28:16,329 - root - DEBUG - Processing 260-th line out of 315 rows of DP table...
2021-12-30 10:28:16,349 - root - DEBUG - Processing 270-th line out of 315 rows of DP table...
2021-12-30 10:28:16,365 - root - DEBUG - Processing 280-th line out of 315 rows of DP table...
2021-12-30 10:28:16,378 - root - DEBUG - Processing 290-th line out of 315 rows of DP table...
2021-12-30 10:28:16,388 - root - DEBUG - Processing 300-th line out of 315 rows of DP table...
2021-12-30 10:28:16,394 - root - DEBUG - Processing 310-th line out of 315 rows of DP table...
2021-12-30 10:28:16,398 - root - DEBUG - Started computing sf for chromosome 'chr17'...
2021-12-30 10:28:16,401 - root - DEBUG - m=486, n=824
2021-12-30 10:28:16,558 - root - DEBUG - Processing 10-th line out of 486 rows of DP table...
2021-12-30 10:28:16,722 - root - DEBUG - Processing 20-th line out of 486 rows of DP table...
2021-12-30 10:28:16,884 - root - DEBUG - Processing 30-th line out of 486 rows of DP table...
2021-12-30 10:28:17,041 - root - DEBUG - Processing 40-th line out of 486 rows of DP table...
2021-12-30 10:28:17,219 - root - DEBUG - Processing 50-th line out of 486 rows of DP table...
2021-12-30 10:28:17,369 - root - DEBUG - Processing 60-th line out of 486 rows of DP table...
2021-12-30 10:28:17,515 - root - DEBUG - Processing 70-th line out of 486 rows of DP table...
2021-12-30 10:28:17,659 - root - DEBUG - Processing 80-th line out of 486 rows of DP table...
2021-12-30 10:28:17,799 - root - DEBUG - Processing 90-th line out of 486 rows of DP table...
2021-12-30 10:28:17,936 - root - DEBUG - Processing 100-th line out of 486 rows of DP table...
2021-12-30 10:28:18,069 - root - DEBUG - Processing 110-th line out of 486 rows of DP table...
2021-12-30 10:28:18,198 - root - DEBUG - Processing 120-th line out of 486 rows of DP table...
2021-12-30 10:28:18,324 - root - DEBUG - Processing 130-th line out of 486 rows of DP table...
2021-12-30 10:28:18,447 - root - DEBUG - Processing 140-th line out of 486 rows of DP table...
2021-12-30 10:28:18,566 - root - DEBUG - Processing 150-th line out of 486 rows of DP table...
2021-12-30 10:28:18,681 - root - DEBUG - Processing 160-th line out of 486 rows of DP table...
2021-12-30 10:28:18,793 - root - DEBUG - Processing 170-th line out of 486 rows of DP table...
2021-12-30 10:28:18,903 - root - DEBUG - Processing 180-th line out of 486 rows of DP table...
2021-12-30 10:28:19,009 - root - DEBUG - Processing 190-th line out of 486 rows of DP table...
2021-12-30 10:28:19,111 - root - DEBUG - Processing 200-th line out of 486 rows of DP table...
2021-12-30 10:28:19,210 - root - DEBUG - Processing 210-th line out of 486 rows of DP table...
2021-12-30 10:28:19,306 - root - DEBUG - Processing 220-th line out of 486 rows of DP table...
2021-12-30 10:28:19,399 - root - DEBUG - Processing 230-th line out of 486 rows of DP table...
2021-12-30 10:28:19,487 - root - DEBUG - Processing 240-th line out of 486 rows of DP table...
2021-12-30 10:28:19,572 - root - DEBUG - Processing 250-th line out of 486 rows of DP table...
2021-12-30 10:28:19,654 - root - DEBUG - Processing 260-th line out of 486 rows of DP table...
2021-12-30 10:28:19,732 - root - DEBUG - Processing 270-th line out of 486 rows of DP table...
2021-12-30 10:28:19,807 - root - DEBUG - Processing 280-th line out of 486 rows of DP table...
2021-12-30 10:28:19,879 - root - DEBUG - Processing 290-th line out of 486 rows of DP table...
2021-12-30 10:28:19,949 - root - DEBUG - Processing 300-th line out of 486 rows of DP table...
2021-12-30 10:28:20,014 - root - DEBUG - Processing 310-th line out of 486 rows of DP table...
2021-12-30 10:28:20,076 - root - DEBUG - Processing 320-th line out of 486 rows of DP table...
2021-12-30 10:28:20,134 - root - DEBUG - Processing 330-th line out of 486 rows of DP table...
2021-12-30 10:28:20,188 - root - DEBUG - Processing 340-th line out of 486 rows of DP table...
2021-12-30 10:28:20,240 - root - DEBUG - Processing 350-th line out of 486 rows of DP table...
2021-12-30 10:28:20,288 - root - DEBUG - Processing 360-th line out of 486 rows of DP table...
2021-12-30 10:28:20,332 - root - DEBUG - Processing 370-th line out of 486 rows of DP table...
2021-12-30 10:28:20,374 - root - DEBUG - Processing 380-th line out of 486 rows of DP table...
2021-12-30 10:28:20,412 - root - DEBUG - Processing 390-th line out of 486 rows of DP table...
2021-12-30 10:28:20,446 - root - DEBUG - Processing 400-th line out of 486 rows of DP table...
2021-12-30 10:28:20,477 - root - DEBUG - Processing 410-th line out of 486 rows of DP table...
2021-12-30 10:28:20,505 - root - DEBUG - Processing 420-th line out of 486 rows of DP table...
2021-12-30 10:28:20,529 - root - DEBUG - Processing 430-th line out of 486 rows of DP table...
2021-12-30 10:28:20,550 - root - DEBUG - Processing 440-th line out of 486 rows of DP table...
2021-12-30 10:28:20,568 - root - DEBUG - Processing 450-th line out of 486 rows of DP table...
2021-12-30 10:28:20,582 - root - DEBUG - Processing 460-th line out of 486 rows of DP table...
2021-12-30 10:28:20,592 - root - DEBUG - Processing 470-th line out of 486 rows of DP table...
2021-12-30 10:28:20,601 - root - DEBUG - Processing 480-th line out of 486 rows of DP table...
2021-12-30 10:28:20,607 - root - DEBUG - Started computing sf for chromosome 'chr18'...
2021-12-30 10:28:20,610 - root - DEBUG - m=112, n=621
2021-12-30 10:28:20,647 - root - DEBUG - Processing 10-th line out of 112 rows of DP table...
2021-12-30 10:28:20,682 - root - DEBUG - Processing 20-th line out of 112 rows of DP table...
2021-12-30 10:28:20,714 - root - DEBUG - Processing 30-th line out of 112 rows of DP table...
2021-12-30 10:28:20,743 - root - DEBUG - Processing 40-th line out of 112 rows of DP table...
2021-12-30 10:28:20,768 - root - DEBUG - Processing 50-th line out of 112 rows of DP table...
2021-12-30 10:28:20,789 - root - DEBUG - Processing 60-th line out of 112 rows of DP table...
2021-12-30 10:28:20,808 - root - DEBUG - Processing 70-th line out of 112 rows of DP table...
2021-12-30 10:28:20,823 - root - DEBUG - Processing 80-th line out of 112 rows of DP table...
2021-12-30 10:28:20,834 - root - DEBUG - Processing 90-th line out of 112 rows of DP table...
2021-12-30 10:28:20,848 - root - DEBUG - Processing 100-th line out of 112 rows of DP table...
2021-12-30 10:28:20,853 - root - DEBUG - Processing 110-th line out of 112 rows of DP table...
2021-12-30 10:28:20,855 - root - DEBUG - Started computing sf for chromosome 'chr19'...
2021-12-30 10:28:20,858 - root - DEBUG - m=458, n=780
2021-12-30 10:28:21,007 - root - DEBUG - Processing 10-th line out of 458 rows of DP table...
2021-12-30 10:28:21,162 - root - DEBUG - Processing 20-th line out of 458 rows of DP table...
2021-12-30 10:28:21,312 - root - DEBUG - Processing 30-th line out of 458 rows of DP table...
2021-12-30 10:28:21,459 - root - DEBUG - Processing 40-th line out of 458 rows of DP table...
2021-12-30 10:28:21,602 - root - DEBUG - Processing 50-th line out of 458 rows of DP table...
2021-12-30 10:28:21,741 - root - DEBUG - Processing 60-th line out of 458 rows of DP table...
2021-12-30 10:28:21,877 - root - DEBUG - Processing 70-th line out of 458 rows of DP table...
2021-12-30 10:28:22,012 - root - DEBUG - Processing 80-th line out of 458 rows of DP table...
2021-12-30 10:28:22,142 - root - DEBUG - Processing 90-th line out of 458 rows of DP table...
2021-12-30 10:28:22,268 - root - DEBUG - Processing 100-th line out of 458 rows of DP table...
2021-12-30 10:28:22,392 - root - DEBUG - Processing 110-th line out of 458 rows of DP table...
2021-12-30 10:28:22,512 - root - DEBUG - Processing 120-th line out of 458 rows of DP table...
2021-12-30 10:28:22,629 - root - DEBUG - Processing 130-th line out of 458 rows of DP table...
2021-12-30 10:28:22,742 - root - DEBUG - Processing 140-th line out of 458 rows of DP table...
2021-12-30 10:28:22,852 - root - DEBUG - Processing 150-th line out of 458 rows of DP table...
2021-12-30 10:28:22,958 - root - DEBUG - Processing 160-th line out of 458 rows of DP table...
2021-12-30 10:28:23,062 - root - DEBUG - Processing 170-th line out of 458 rows of DP table...
2021-12-30 10:28:23,162 - root - DEBUG - Processing 180-th line out of 458 rows of DP table...
2021-12-30 10:28:23,279 - root - DEBUG - Processing 190-th line out of 458 rows of DP table...
2021-12-30 10:28:23,372 - root - DEBUG - Processing 200-th line out of 458 rows of DP table...
2021-12-30 10:28:23,463 - root - DEBUG - Processing 210-th line out of 458 rows of DP table...
2021-12-30 10:28:23,549 - root - DEBUG - Processing 220-th line out of 458 rows of DP table...
2021-12-30 10:28:23,632 - root - DEBUG - Processing 230-th line out of 458 rows of DP table...
2021-12-30 10:28:23,711 - root - DEBUG - Processing 240-th line out of 458 rows of DP table...
2021-12-30 10:28:23,787 - root - DEBUG - Processing 250-th line out of 458 rows of DP table...
2021-12-30 10:28:23,859 - root - DEBUG - Processing 260-th line out of 458 rows of DP table...
2021-12-30 10:28:23,928 - root - DEBUG - Processing 270-th line out of 458 rows of DP table...
2021-12-30 10:28:23,993 - root - DEBUG - Processing 280-th line out of 458 rows of DP table...
2021-12-30 10:28:24,056 - root - DEBUG - Processing 290-th line out of 458 rows of DP table...
2021-12-30 10:28:24,115 - root - DEBUG - Processing 300-th line out of 458 rows of DP table...
2021-12-30 10:28:24,171 - root - DEBUG - Processing 310-th line out of 458 rows of DP table...
2021-12-30 10:28:24,223 - root - DEBUG - Processing 320-th line out of 458 rows of DP table...
2021-12-30 10:28:24,271 - root - DEBUG - Processing 330-th line out of 458 rows of DP table...
2021-12-30 10:28:24,317 - root - DEBUG - Processing 340-th line out of 458 rows of DP table...
2021-12-30 10:28:24,358 - root - DEBUG - Processing 350-th line out of 458 rows of DP table...
2021-12-30 10:28:24,397 - root - DEBUG - Processing 360-th line out of 458 rows of DP table...
2021-12-30 10:28:24,432 - root - DEBUG - Processing 370-th line out of 458 rows of DP table...
2021-12-30 10:28:24,463 - root - DEBUG - Processing 380-th line out of 458 rows of DP table...
2021-12-30 10:28:24,491 - root - DEBUG - Processing 390-th line out of 458 rows of DP table...
2021-12-30 10:28:24,516 - root - DEBUG - Processing 400-th line out of 458 rows of DP table...
2021-12-30 10:28:24,538 - root - DEBUG - Processing 410-th line out of 458 rows of DP table...
2021-12-30 10:28:24,556 - root - DEBUG - Processing 420-th line out of 458 rows of DP table...
2021-12-30 10:28:24,571 - root - DEBUG - Processing 430-th line out of 458 rows of DP table...
2021-12-30 10:28:24,582 - root - DEBUG - Processing 440-th line out of 458 rows of DP table...
2021-12-30 10:28:24,590 - root - DEBUG - Processing 450-th line out of 458 rows of DP table...
2021-12-30 10:28:24,596 - root - DEBUG - Started computing sf for chromosome 'chr20'...
2021-12-30 10:28:24,599 - root - DEBUG - m=203, n=590
2021-12-30 10:28:24,665 - root - DEBUG - Processing 10-th line out of 203 rows of DP table...
2021-12-30 10:28:24,731 - root - DEBUG - Processing 20-th line out of 203 rows of DP table...
2021-12-30 10:28:24,793 - root - DEBUG - Processing 30-th line out of 203 rows of DP table...
2021-12-30 10:28:24,852 - root - DEBUG - Processing 40-th line out of 203 rows of DP table...
2021-12-30 10:28:24,907 - root - DEBUG - Processing 50-th line out of 203 rows of DP table...
2021-12-30 10:28:24,960 - root - DEBUG - Processing 60-th line out of 203 rows of DP table...
2021-12-30 10:28:25,009 - root - DEBUG - Processing 70-th line out of 203 rows of DP table...
2021-12-30 10:28:25,055 - root - DEBUG - Processing 80-th line out of 203 rows of DP table...
2021-12-30 10:28:25,096 - root - DEBUG - Processing 90-th line out of 203 rows of DP table...
2021-12-30 10:28:25,143 - root - DEBUG - Processing 100-th line out of 203 rows of DP table...
2021-12-30 10:28:25,178 - root - DEBUG - Processing 110-th line out of 203 rows of DP table...
2021-12-30 10:28:25,210 - root - DEBUG - Processing 120-th line out of 203 rows of DP table...
2021-12-30 10:28:25,239 - root - DEBUG - Processing 130-th line out of 203 rows of DP table...
2021-12-30 10:28:25,264 - root - DEBUG - Processing 140-th line out of 203 rows of DP table...
2021-12-30 10:28:25,286 - root - DEBUG - Processing 150-th line out of 203 rows of DP table...
2021-12-30 10:28:25,304 - root - DEBUG - Processing 160-th line out of 203 rows of DP table...
2021-12-30 10:28:25,319 - root - DEBUG - Processing 170-th line out of 203 rows of DP table...
2021-12-30 10:28:25,331 - root - DEBUG - Processing 180-th line out of 203 rows of DP table...
2021-12-30 10:28:25,339 - root - DEBUG - Processing 190-th line out of 203 rows of DP table...
2021-12-30 10:28:25,344 - root - DEBUG - Processing 200-th line out of 203 rows of DP table...
2021-12-30 10:28:25,347 - root - DEBUG - Started computing sf for chromosome 'chr21'...
2021-12-30 10:28:25,349 - root - DEBUG - m=96, n=373
2021-12-30 10:28:25,380 - root - DEBUG - Processing 10-th line out of 96 rows of DP table...
2021-12-30 10:28:25,409 - root - DEBUG - Processing 20-th line out of 96 rows of DP table...
2021-12-30 10:28:25,435 - root - DEBUG - Processing 30-th line out of 96 rows of DP table...
2021-12-30 10:28:25,458 - root - DEBUG - Processing 40-th line out of 96 rows of DP table...
2021-12-30 10:28:25,477 - root - DEBUG - Processing 50-th line out of 96 rows of DP table...
2021-12-30 10:28:25,493 - root - DEBUG - Processing 60-th line out of 96 rows of DP table...
2021-12-30 10:28:25,505 - root - DEBUG - Processing 70-th line out of 96 rows of DP table...
2021-12-30 10:28:25,514 - root - DEBUG - Processing 80-th line out of 96 rows of DP table...
2021-12-30 10:28:25,519 - root - DEBUG - Processing 90-th line out of 96 rows of DP table...
2021-12-30 10:28:25,522 - root - DEBUG - Started computing sf for chromosome 'chr22'...
2021-12-30 10:28:25,524 - root - DEBUG - m=191, n=458
2021-12-30 10:28:25,612 - root - DEBUG - Processing 10-th line out of 191 rows of DP table...
2021-12-30 10:28:25,674 - root - DEBUG - Processing 20-th line out of 191 rows of DP table...
2021-12-30 10:28:25,732 - root - DEBUG - Processing 30-th line out of 191 rows of DP table...
2021-12-30 10:28:25,786 - root - DEBUG - Processing 40-th line out of 191 rows of DP table...
2021-12-30 10:28:25,838 - root - DEBUG - Processing 50-th line out of 191 rows of DP table...
2021-12-30 10:28:25,886 - root - DEBUG - Processing 60-th line out of 191 rows of DP table...
2021-12-30 10:28:25,931 - root - DEBUG - Processing 70-th line out of 191 rows of DP table...
2021-12-30 10:28:25,972 - root - DEBUG - Processing 80-th line out of 191 rows of DP table...
2021-12-30 10:28:26,011 - root - DEBUG - Processing 90-th line out of 191 rows of DP table...
2021-12-30 10:28:26,046 - root - DEBUG - Processing 100-th line out of 191 rows of DP table...
2021-12-30 10:28:26,077 - root - DEBUG - Processing 110-th line out of 191 rows of DP table...
2021-12-30 10:28:26,105 - root - DEBUG - Processing 120-th line out of 191 rows of DP table...
2021-12-30 10:28:26,130 - root - DEBUG - Processing 130-th line out of 191 rows of DP table...
2021-12-30 10:28:26,152 - root - DEBUG - Processing 140-th line out of 191 rows of DP table...
2021-12-30 10:28:26,170 - root - DEBUG - Processing 150-th line out of 191 rows of DP table...
2021-12-30 10:28:26,185 - root - DEBUG - Processing 160-th line out of 191 rows of DP table...
2021-12-30 10:28:26,196 - root - DEBUG - Processing 170-th line out of 191 rows of DP table...
2021-12-30 10:28:26,204 - root - DEBUG - Processing 180-th line out of 191 rows of DP table...
2021-12-30 10:28:26,209 - root - DEBUG - Processing 190-th line out of 191 rows of DP table...
2021-12-30 10:28:26,211 - root - DEBUG - Started computing sf for chromosome 'chrX'...
2021-12-30 10:28:26,215 - root - DEBUG - m=309, n=812
2021-12-30 10:28:26,315 - root - DEBUG - Processing 10-th line out of 309 rows of DP table...
2021-12-30 10:28:26,417 - root - DEBUG - Processing 20-th line out of 309 rows of DP table...
2021-12-30 10:28:26,515 - root - DEBUG - Processing 30-th line out of 309 rows of DP table...
2021-12-30 10:28:26,610 - root - DEBUG - Processing 40-th line out of 309 rows of DP table...
2021-12-30 10:28:26,701 - root - DEBUG - Processing 50-th line out of 309 rows of DP table...
2021-12-30 10:28:26,790 - root - DEBUG - Processing 60-th line out of 309 rows of DP table...
2021-12-30 10:28:26,876 - root - DEBUG - Processing 70-th line out of 309 rows of DP table...
2021-12-30 10:28:26,957 - root - DEBUG - Processing 80-th line out of 309 rows of DP table...
2021-12-30 10:28:27,035 - root - DEBUG - Processing 90-th line out of 309 rows of DP table...
2021-12-30 10:28:27,110 - root - DEBUG - Processing 100-th line out of 309 rows of DP table...
2021-12-30 10:28:27,182 - root - DEBUG - Processing 110-th line out of 309 rows of DP table...
2021-12-30 10:28:27,250 - root - DEBUG - Processing 120-th line out of 309 rows of DP table...
2021-12-30 10:28:27,315 - root - DEBUG - Processing 130-th line out of 309 rows of DP table...
2021-12-30 10:28:27,377 - root - DEBUG - Processing 140-th line out of 309 rows of DP table...
2021-12-30 10:28:27,435 - root - DEBUG - Processing 150-th line out of 309 rows of DP table...
2021-12-30 10:28:27,489 - root - DEBUG - Processing 160-th line out of 309 rows of DP table...
2021-12-30 10:28:27,541 - root - DEBUG - Processing 170-th line out of 309 rows of DP table...
2021-12-30 10:28:27,595 - root - DEBUG - Processing 180-th line out of 309 rows of DP table...
2021-12-30 10:28:27,640 - root - DEBUG - Processing 190-th line out of 309 rows of DP table...
2021-12-30 10:28:27,682 - root - DEBUG - Processing 200-th line out of 309 rows of DP table...
2021-12-30 10:28:27,720 - root - DEBUG - Processing 210-th line out of 309 rows of DP table...
2021-12-30 10:28:27,755 - root - DEBUG - Processing 220-th line out of 309 rows of DP table...
2021-12-30 10:28:27,798 - root - DEBUG - Processing 230-th line out of 309 rows of DP table...
2021-12-30 10:28:27,826 - root - DEBUG - Processing 240-th line out of 309 rows of DP table...
2021-12-30 10:28:27,851 - root - DEBUG - Processing 250-th line out of 309 rows of DP table...
2021-12-30 10:28:27,873 - root - DEBUG - Processing 260-th line out of 309 rows of DP table...
2021-12-30 10:28:27,891 - root - DEBUG - Processing 270-th line out of 309 rows of DP table...
2021-12-30 10:28:27,906 - root - DEBUG - Processing 280-th line out of 309 rows of DP table...
2021-12-30 10:28:27,917 - root - DEBUG - Processing 290-th line out of 309 rows of DP table...
2021-12-30 10:28:27,925 - root - DEBUG - Processing 300-th line out of 309 rows of DP table...
2021-12-30 10:28:27,931 - root - DEBUG - Started computing sf for chromosome 'chrY'...
2021-12-30 10:28:27,934 - root - DEBUG - m=9, n=21
2021-12-30 10:28:27,937 - root - DEBUG - Started computing joint logprobs...
