2022-01-04 21:57:34,648 - root - INFO - Loading reference interval set from '211227-2-sim/g10_2.ref.tsv'...
2022-01-04 21:57:34,650 - root - INFO - Loading query interval set from '211227-2-sim/g10_2.query.tsv'...
2022-01-04 21:57:34,699 - root - INFO - Loading chromosome sizes from '211227-2-sim/g10_sizes.tsv'...
2022-01-04 21:57:34,702 - root - INFO - Number of reference intervals: 500 (500 before merging)
2022-01-04 21:57:34,703 - root - INFO - Number of query intervals: 500 (500 before merging)
2022-01-04 21:57:34,703 - root - INFO - Number of chromosomes: 1
2022-01-04 21:57:34,707 - root - INFO - Overlap count: 37
2022-01-04 21:57:34,708 - root - DEBUG - Started computing sf for chromosome 'chr1'...
2022-01-04 21:57:34,709 - root - DEBUG - m=500, n=500
2022-01-04 21:57:34,881 - root - DEBUG - Processing 10-th line out of 500 rows of DP table...
2022-01-04 21:57:35,053 - root - DEBUG - Processing 20-th line out of 500 rows of DP table...
2022-01-04 21:57:35,221 - root - DEBUG - Processing 30-th line out of 500 rows of DP table...
2022-01-04 21:57:35,386 - root - DEBUG - Processing 40-th line out of 500 rows of DP table...
2022-01-04 21:57:35,553 - root - DEBUG - Processing 50-th line out of 500 rows of DP table...
2022-01-04 21:57:35,711 - root - DEBUG - Processing 60-th line out of 500 rows of DP table...
2022-01-04 21:57:35,866 - root - DEBUG - Processing 70-th line out of 500 rows of DP table...
2022-01-04 21:57:36,018 - root - DEBUG - Processing 80-th line out of 500 rows of DP table...
2022-01-04 21:57:36,166 - root - DEBUG - Processing 90-th line out of 500 rows of DP table...
2022-01-04 21:57:36,310 - root - DEBUG - Processing 100-th line out of 500 rows of DP table...
2022-01-04 21:57:36,452 - root - DEBUG - Processing 110-th line out of 500 rows of DP table...
2022-01-04 21:57:36,595 - root - DEBUG - Processing 120-th line out of 500 rows of DP table...
2022-01-04 21:57:36,729 - root - DEBUG - Processing 130-th line out of 500 rows of DP table...
2022-01-04 21:57:36,859 - root - DEBUG - Processing 140-th line out of 500 rows of DP table...
2022-01-04 21:57:36,987 - root - DEBUG - Processing 150-th line out of 500 rows of DP table...
2022-01-04 21:57:37,110 - root - DEBUG - Processing 160-th line out of 500 rows of DP table...
2022-01-04 21:57:37,231 - root - DEBUG - Processing 170-th line out of 500 rows of DP table...
2022-01-04 21:57:37,348 - root - DEBUG - Processing 180-th line out of 500 rows of DP table...
2022-01-04 21:57:37,461 - root - DEBUG - Processing 190-th line out of 500 rows of DP table...
2022-01-04 21:57:37,571 - root - DEBUG - Processing 200-th line out of 500 rows of DP table...
2022-01-04 21:57:37,676 - root - DEBUG - Processing 210-th line out of 500 rows of DP table...
2022-01-04 21:57:37,785 - root - DEBUG - Processing 220-th line out of 500 rows of DP table...
2022-01-04 21:57:37,884 - root - DEBUG - Processing 230-th line out of 500 rows of DP table...
2022-01-04 21:57:37,980 - root - DEBUG - Processing 240-th line out of 500 rows of DP table...
2022-01-04 21:57:38,072 - root - DEBUG - Processing 250-th line out of 500 rows of DP table...
2022-01-04 21:57:38,161 - root - DEBUG - Processing 260-th line out of 500 rows of DP table...
2022-01-04 21:57:38,247 - root - DEBUG - Processing 270-th line out of 500 rows of DP table...
2022-01-04 21:57:38,329 - root - DEBUG - Processing 280-th line out of 500 rows of DP table...
2022-01-04 21:57:38,408 - root - DEBUG - Processing 290-th line out of 500 rows of DP table...
2022-01-04 21:57:38,484 - root - DEBUG - Processing 300-th line out of 500 rows of DP table...
2022-01-04 21:57:38,557 - root - DEBUG - Processing 310-th line out of 500 rows of DP table...
2022-01-04 21:57:38,626 - root - DEBUG - Processing 320-th line out of 500 rows of DP table...
2022-01-04 21:57:38,691 - root - DEBUG - Processing 330-th line out of 500 rows of DP table...
2022-01-04 21:57:38,753 - root - DEBUG - Processing 340-th line out of 500 rows of DP table...
2022-01-04 21:57:38,811 - root - DEBUG - Processing 350-th line out of 500 rows of DP table...
2022-01-04 21:57:38,870 - root - DEBUG - Processing 360-th line out of 500 rows of DP table...
2022-01-04 21:57:38,922 - root - DEBUG - Processing 370-th line out of 500 rows of DP table...
2022-01-04 21:57:38,969 - root - DEBUG - Processing 380-th line out of 500 rows of DP table...
2022-01-04 21:57:39,013 - root - DEBUG - Processing 390-th line out of 500 rows of DP table...
2022-01-04 21:57:39,053 - root - DEBUG - Processing 400-th line out of 500 rows of DP table...
2022-01-04 21:57:39,090 - root - DEBUG - Processing 410-th line out of 500 rows of DP table...
2022-01-04 21:57:39,123 - root - DEBUG - Processing 420-th line out of 500 rows of DP table...
2022-01-04 21:57:39,153 - root - DEBUG - Processing 430-th line out of 500 rows of DP table...
2022-01-04 21:57:39,180 - root - DEBUG - Processing 440-th line out of 500 rows of DP table...
2022-01-04 21:57:39,203 - root - DEBUG - Processing 450-th line out of 500 rows of DP table...
2022-01-04 21:57:39,222 - root - DEBUG - Processing 460-th line out of 500 rows of DP table...
2022-01-04 21:57:39,238 - root - DEBUG - Processing 470-th line out of 500 rows of DP table...
2022-01-04 21:57:39,251 - root - DEBUG - Processing 480-th line out of 500 rows of DP table...
2022-01-04 21:57:39,260 - root - DEBUG - Processing 490-th line out of 500 rows of DP table...
2022-01-04 21:57:39,266 - root - DEBUG - Processing 500-th line out of 500 rows of DP table...
2022-01-04 21:57:39,269 - root - DEBUG - Started computing joint logprobs...
