2022-01-04 00:57:53,378 - root - INFO - Loading reference interval set from '211227-2-sim/g10_6.ref.tsv'...
2022-01-04 00:57:53,380 - root - INFO - Loading query interval set from '211227-2-sim/g10_6.query.tsv'...
2022-01-04 00:57:53,383 - root - INFO - Loading chromosome sizes from '211227-2-sim/g10_sizes.tsv'...
2022-01-04 00:57:53,385 - root - INFO - Number of reference intervals: 500 (500 before merging)
2022-01-04 00:57:53,386 - root - INFO - Number of query intervals: 500 (500 before merging)
2022-01-04 00:57:53,387 - root - INFO - Number of chromosomes: 1
2022-01-04 00:57:53,389 - root - INFO - Overlap count: 21
2022-01-04 00:57:53,391 - root - DEBUG - Started computing sf for chromosome 'chr1'...
2022-01-04 00:57:53,392 - root - DEBUG - m=500, n=500
2022-01-04 00:57:53,560 - root - DEBUG - Processing 10-th line out of 500 rows of DP table...
2022-01-04 00:57:53,733 - root - DEBUG - Processing 20-th line out of 500 rows of DP table...
2022-01-04 00:57:53,903 - root - DEBUG - Processing 30-th line out of 500 rows of DP table...
2022-01-04 00:57:54,089 - root - DEBUG - Processing 40-th line out of 500 rows of DP table...
2022-01-04 00:57:54,252 - root - DEBUG - Processing 50-th line out of 500 rows of DP table...
2022-01-04 00:57:54,411 - root - DEBUG - Processing 60-th line out of 500 rows of DP table...
2022-01-04 00:57:54,577 - root - DEBUG - Processing 70-th line out of 500 rows of DP table...
2022-01-04 00:57:54,726 - root - DEBUG - Processing 80-th line out of 500 rows of DP table...
2022-01-04 00:57:54,873 - root - DEBUG - Processing 90-th line out of 500 rows of DP table...
2022-01-04 00:57:55,020 - root - DEBUG - Processing 100-th line out of 500 rows of DP table...
2022-01-04 00:57:55,159 - root - DEBUG - Processing 110-th line out of 500 rows of DP table...
2022-01-04 00:57:55,296 - root - DEBUG - Processing 120-th line out of 500 rows of DP table...
2022-01-04 00:57:55,429 - root - DEBUG - Processing 130-th line out of 500 rows of DP table...
2022-01-04 00:57:55,559 - root - DEBUG - Processing 140-th line out of 500 rows of DP table...
2022-01-04 00:57:55,686 - root - DEBUG - Processing 150-th line out of 500 rows of DP table...
2022-01-04 00:57:55,809 - root - DEBUG - Processing 160-th line out of 500 rows of DP table...
2022-01-04 00:57:55,928 - root - DEBUG - Processing 170-th line out of 500 rows of DP table...
2022-01-04 00:57:56,045 - root - DEBUG - Processing 180-th line out of 500 rows of DP table...
2022-01-04 00:57:56,158 - root - DEBUG - Processing 190-th line out of 500 rows of DP table...
2022-01-04 00:57:56,267 - root - DEBUG - Processing 200-th line out of 500 rows of DP table...
2022-01-04 00:57:56,373 - root - DEBUG - Processing 210-th line out of 500 rows of DP table...
2022-01-04 00:57:56,475 - root - DEBUG - Processing 220-th line out of 500 rows of DP table...
2022-01-04 00:57:56,574 - root - DEBUG - Processing 230-th line out of 500 rows of DP table...
2022-01-04 00:57:56,673 - root - DEBUG - Processing 240-th line out of 500 rows of DP table...
2022-01-04 00:57:56,777 - root - DEBUG - Processing 250-th line out of 500 rows of DP table...
2022-01-04 00:57:56,867 - root - DEBUG - Processing 260-th line out of 500 rows of DP table...
2022-01-04 00:57:56,957 - root - DEBUG - Processing 270-th line out of 500 rows of DP table...
2022-01-04 00:57:57,039 - root - DEBUG - Processing 280-th line out of 500 rows of DP table...
2022-01-04 00:57:57,117 - root - DEBUG - Processing 290-th line out of 500 rows of DP table...
2022-01-04 00:57:57,192 - root - DEBUG - Processing 300-th line out of 500 rows of DP table...
2022-01-04 00:57:57,264 - root - DEBUG - Processing 310-th line out of 500 rows of DP table...
2022-01-04 00:57:57,331 - root - DEBUG - Processing 320-th line out of 500 rows of DP table...
2022-01-04 00:57:57,396 - root - DEBUG - Processing 330-th line out of 500 rows of DP table...
2022-01-04 00:57:57,457 - root - DEBUG - Processing 340-th line out of 500 rows of DP table...
2022-01-04 00:57:57,515 - root - DEBUG - Processing 350-th line out of 500 rows of DP table...
2022-01-04 00:57:57,569 - root - DEBUG - Processing 360-th line out of 500 rows of DP table...
2022-01-04 00:57:57,619 - root - DEBUG - Processing 370-th line out of 500 rows of DP table...
2022-01-04 00:57:57,666 - root - DEBUG - Processing 380-th line out of 500 rows of DP table...
2022-01-04 00:57:57,710 - root - DEBUG - Processing 390-th line out of 500 rows of DP table...
2022-01-04 00:57:57,749 - root - DEBUG - Processing 400-th line out of 500 rows of DP table...
2022-01-04 00:57:57,787 - root - DEBUG - Processing 410-th line out of 500 rows of DP table...
2022-01-04 00:57:57,820 - root - DEBUG - Processing 420-th line out of 500 rows of DP table...
2022-01-04 00:57:57,850 - root - DEBUG - Processing 430-th line out of 500 rows of DP table...
2022-01-04 00:57:57,876 - root - DEBUG - Processing 440-th line out of 500 rows of DP table...
2022-01-04 00:57:57,899 - root - DEBUG - Processing 450-th line out of 500 rows of DP table...
2022-01-04 00:57:57,918 - root - DEBUG - Processing 460-th line out of 500 rows of DP table...
2022-01-04 00:57:57,934 - root - DEBUG - Processing 470-th line out of 500 rows of DP table...
2022-01-04 00:57:57,947 - root - DEBUG - Processing 480-th line out of 500 rows of DP table...
2022-01-04 00:57:57,963 - root - DEBUG - Processing 490-th line out of 500 rows of DP table...
2022-01-04 00:57:57,987 - root - DEBUG - Processing 500-th line out of 500 rows of DP table...
2022-01-04 00:57:57,997 - root - DEBUG - Started computing joint logprobs...
