2022-01-04 20:47:34,688 - root - INFO - Loading reference interval set from '211227-2-sim/g10_4.ref.tsv'...
2022-01-04 20:47:34,701 - root - INFO - Loading query interval set from '211227-2-sim/g10_4.query.tsv'...
2022-01-04 20:47:34,828 - root - INFO - Loading chromosome sizes from '211227-2-sim/g10_sizes.tsv'...
2022-01-04 20:47:34,843 - root - INFO - Number of reference intervals: 500 (500 before merging)
2022-01-04 20:47:34,848 - root - INFO - Number of query intervals: 500 (500 before merging)
2022-01-04 20:47:34,851 - root - INFO - Number of chromosomes: 1
2022-01-04 20:47:34,857 - root - INFO - Overlap count: 20
2022-01-04 20:47:34,872 - root - DEBUG - Started computing sf for chromosome 'chr1'...
2022-01-04 20:47:34,875 - root - DEBUG - m=500, n=500
2022-01-04 20:47:35,039 - root - DEBUG - Processing 10-th line out of 500 rows of DP table...
2022-01-04 20:47:35,214 - root - DEBUG - Processing 20-th line out of 500 rows of DP table...
2022-01-04 20:47:35,377 - root - DEBUG - Processing 30-th line out of 500 rows of DP table...
2022-01-04 20:47:35,547 - root - DEBUG - Processing 40-th line out of 500 rows of DP table...
2022-01-04 20:47:35,692 - root - DEBUG - Processing 50-th line out of 500 rows of DP table...
2022-01-04 20:47:35,833 - root - DEBUG - Processing 60-th line out of 500 rows of DP table...
2022-01-04 20:47:35,976 - root - DEBUG - Processing 70-th line out of 500 rows of DP table...
2022-01-04 20:47:36,112 - root - DEBUG - Processing 80-th line out of 500 rows of DP table...
2022-01-04 20:47:36,245 - root - DEBUG - Processing 90-th line out of 500 rows of DP table...
2022-01-04 20:47:36,376 - root - DEBUG - Processing 100-th line out of 500 rows of DP table...
2022-01-04 20:47:36,504 - root - DEBUG - Processing 110-th line out of 500 rows of DP table...
2022-01-04 20:47:36,627 - root - DEBUG - Processing 120-th line out of 500 rows of DP table...
2022-01-04 20:47:36,747 - root - DEBUG - Processing 130-th line out of 500 rows of DP table...
2022-01-04 20:47:36,880 - root - DEBUG - Processing 140-th line out of 500 rows of DP table...
2022-01-04 20:47:36,994 - root - DEBUG - Processing 150-th line out of 500 rows of DP table...
2022-01-04 20:47:37,105 - root - DEBUG - Processing 160-th line out of 500 rows of DP table...
2022-01-04 20:47:37,213 - root - DEBUG - Processing 170-th line out of 500 rows of DP table...
2022-01-04 20:47:37,318 - root - DEBUG - Processing 180-th line out of 500 rows of DP table...
2022-01-04 20:47:37,420 - root - DEBUG - Processing 190-th line out of 500 rows of DP table...
2022-01-04 20:47:37,518 - root - DEBUG - Processing 200-th line out of 500 rows of DP table...
2022-01-04 20:47:37,623 - root - DEBUG - Processing 210-th line out of 500 rows of DP table...
2022-01-04 20:47:37,717 - root - DEBUG - Processing 220-th line out of 500 rows of DP table...
2022-01-04 20:47:37,806 - root - DEBUG - Processing 230-th line out of 500 rows of DP table...
2022-01-04 20:47:37,897 - root - DEBUG - Processing 240-th line out of 500 rows of DP table...
2022-01-04 20:47:37,987 - root - DEBUG - Processing 250-th line out of 500 rows of DP table...
2022-01-04 20:47:38,072 - root - DEBUG - Processing 260-th line out of 500 rows of DP table...
2022-01-04 20:47:38,153 - root - DEBUG - Processing 270-th line out of 500 rows of DP table...
2022-01-04 20:47:38,232 - root - DEBUG - Processing 280-th line out of 500 rows of DP table...
2022-01-04 20:47:38,307 - root - DEBUG - Processing 290-th line out of 500 rows of DP table...
2022-01-04 20:47:38,379 - root - DEBUG - Processing 300-th line out of 500 rows of DP table...
2022-01-04 20:47:38,448 - root - DEBUG - Processing 310-th line out of 500 rows of DP table...
2022-01-04 20:47:38,514 - root - DEBUG - Processing 320-th line out of 500 rows of DP table...
2022-01-04 20:47:38,577 - root - DEBUG - Processing 330-th line out of 500 rows of DP table...
2022-01-04 20:47:38,636 - root - DEBUG - Processing 340-th line out of 500 rows of DP table...
2022-01-04 20:47:38,692 - root - DEBUG - Processing 350-th line out of 500 rows of DP table...
2022-01-04 20:47:38,744 - root - DEBUG - Processing 360-th line out of 500 rows of DP table...
2022-01-04 20:47:38,792 - root - DEBUG - Processing 370-th line out of 500 rows of DP table...
2022-01-04 20:47:38,841 - root - DEBUG - Processing 380-th line out of 500 rows of DP table...
2022-01-04 20:47:38,884 - root - DEBUG - Processing 390-th line out of 500 rows of DP table...
2022-01-04 20:47:38,923 - root - DEBUG - Processing 400-th line out of 500 rows of DP table...
2022-01-04 20:47:38,959 - root - DEBUG - Processing 410-th line out of 500 rows of DP table...
2022-01-04 20:47:38,991 - root - DEBUG - Processing 420-th line out of 500 rows of DP table...
2022-01-04 20:47:39,020 - root - DEBUG - Processing 430-th line out of 500 rows of DP table...
2022-01-04 20:47:39,045 - root - DEBUG - Processing 440-th line out of 500 rows of DP table...
2022-01-04 20:47:39,085 - root - DEBUG - Processing 450-th line out of 500 rows of DP table...
2022-01-04 20:47:39,104 - root - DEBUG - Processing 460-th line out of 500 rows of DP table...
2022-01-04 20:47:39,120 - root - DEBUG - Processing 470-th line out of 500 rows of DP table...
2022-01-04 20:47:39,133 - root - DEBUG - Processing 480-th line out of 500 rows of DP table...
2022-01-04 20:47:39,143 - root - DEBUG - Processing 490-th line out of 500 rows of DP table...
2022-01-04 20:47:39,149 - root - DEBUG - Processing 500-th line out of 500 rows of DP table...
2022-01-04 20:47:39,154 - root - DEBUG - Started computing joint logprobs...
