2022-01-04 01:01:22,157 - root - INFO - Loading reference interval set from '211227-2-sim/g10_5.ref.tsv'...
2022-01-04 01:01:22,161 - root - INFO - Loading query interval set from '211227-2-sim/g10_5.query.tsv'...
2022-01-04 01:01:22,218 - root - INFO - Loading chromosome sizes from '211227-2-sim/g10_sizes.tsv'...
2022-01-04 01:01:22,241 - root - INFO - Number of reference intervals: 500 (500 before merging)
2022-01-04 01:01:22,243 - root - INFO - Number of query intervals: 500 (500 before merging)
2022-01-04 01:01:22,244 - root - INFO - Number of chromosomes: 1
2022-01-04 01:01:22,247 - root - INFO - Overlap count: 33
2022-01-04 01:01:22,249 - root - DEBUG - Started computing sf for chromosome 'chr1'...
2022-01-04 01:01:22,250 - root - DEBUG - m=500, n=500
2022-01-04 01:01:22,429 - root - DEBUG - Processing 10-th line out of 500 rows of DP table...
2022-01-04 01:01:22,607 - root - DEBUG - Processing 20-th line out of 500 rows of DP table...
2022-01-04 01:01:22,824 - root - DEBUG - Processing 30-th line out of 500 rows of DP table...
2022-01-04 01:01:23,034 - root - DEBUG - Processing 40-th line out of 500 rows of DP table...
2022-01-04 01:01:23,204 - root - DEBUG - Processing 50-th line out of 500 rows of DP table...
2022-01-04 01:01:23,370 - root - DEBUG - Processing 60-th line out of 500 rows of DP table...
2022-01-04 01:01:23,532 - root - DEBUG - Processing 70-th line out of 500 rows of DP table...
2022-01-04 01:01:23,700 - root - DEBUG - Processing 80-th line out of 500 rows of DP table...
2022-01-04 01:01:23,854 - root - DEBUG - Processing 90-th line out of 500 rows of DP table...
2022-01-04 01:01:24,008 - root - DEBUG - Processing 100-th line out of 500 rows of DP table...
2022-01-04 01:01:24,154 - root - DEBUG - Processing 110-th line out of 500 rows of DP table...
2022-01-04 01:01:24,299 - root - DEBUG - Processing 120-th line out of 500 rows of DP table...
2022-01-04 01:01:24,461 - root - DEBUG - Processing 130-th line out of 500 rows of DP table...
2022-01-04 01:01:24,599 - root - DEBUG - Processing 140-th line out of 500 rows of DP table...
2022-01-04 01:01:24,734 - root - DEBUG - Processing 150-th line out of 500 rows of DP table...
2022-01-04 01:01:24,863 - root - DEBUG - Processing 160-th line out of 500 rows of DP table...
2022-01-04 01:01:24,996 - root - DEBUG - Processing 170-th line out of 500 rows of DP table...
2022-01-04 01:01:25,253 - root - DEBUG - Processing 180-th line out of 500 rows of DP table...
2022-01-04 01:01:25,432 - root - DEBUG - Processing 190-th line out of 500 rows of DP table...
2022-01-04 01:01:25,582 - root - DEBUG - Processing 200-th line out of 500 rows of DP table...
2022-01-04 01:01:25,723 - root - DEBUG - Processing 210-th line out of 500 rows of DP table...
2022-01-04 01:01:25,833 - root - DEBUG - Processing 220-th line out of 500 rows of DP table...
2022-01-04 01:01:25,937 - root - DEBUG - Processing 230-th line out of 500 rows of DP table...
2022-01-04 01:01:26,038 - root - DEBUG - Processing 240-th line out of 500 rows of DP table...
2022-01-04 01:01:26,138 - root - DEBUG - Processing 250-th line out of 500 rows of DP table...
2022-01-04 01:01:26,233 - root - DEBUG - Processing 260-th line out of 500 rows of DP table...
2022-01-04 01:01:26,325 - root - DEBUG - Processing 270-th line out of 500 rows of DP table...
2022-01-04 01:01:26,450 - root - DEBUG - Processing 280-th line out of 500 rows of DP table...
2022-01-04 01:01:26,535 - root - DEBUG - Processing 290-th line out of 500 rows of DP table...
2022-01-04 01:01:26,640 - root - DEBUG - Processing 300-th line out of 500 rows of DP table...
2022-01-04 01:01:26,781 - root - DEBUG - Processing 310-th line out of 500 rows of DP table...
2022-01-04 01:01:26,867 - root - DEBUG - Processing 320-th line out of 500 rows of DP table...
2022-01-04 01:01:26,994 - root - DEBUG - Processing 330-th line out of 500 rows of DP table...
2022-01-04 01:01:27,061 - root - DEBUG - Processing 340-th line out of 500 rows of DP table...
2022-01-04 01:01:27,123 - root - DEBUG - Processing 350-th line out of 500 rows of DP table...
2022-01-04 01:01:27,181 - root - DEBUG - Processing 360-th line out of 500 rows of DP table...
2022-01-04 01:01:27,236 - root - DEBUG - Processing 370-th line out of 500 rows of DP table...
2022-01-04 01:01:27,315 - root - DEBUG - Processing 380-th line out of 500 rows of DP table...
2022-01-04 01:01:27,364 - root - DEBUG - Processing 390-th line out of 500 rows of DP table...
2022-01-04 01:01:27,428 - root - DEBUG - Processing 400-th line out of 500 rows of DP table...
2022-01-04 01:01:27,468 - root - DEBUG - Processing 410-th line out of 500 rows of DP table...
2022-01-04 01:01:27,505 - root - DEBUG - Processing 420-th line out of 500 rows of DP table...
2022-01-04 01:01:27,539 - root - DEBUG - Processing 430-th line out of 500 rows of DP table...
2022-01-04 01:01:27,569 - root - DEBUG - Processing 440-th line out of 500 rows of DP table...
2022-01-04 01:01:27,598 - root - DEBUG - Processing 450-th line out of 500 rows of DP table...
2022-01-04 01:01:27,622 - root - DEBUG - Processing 460-th line out of 500 rows of DP table...
2022-01-04 01:01:27,644 - root - DEBUG - Processing 470-th line out of 500 rows of DP table...
2022-01-04 01:01:27,660 - root - DEBUG - Processing 480-th line out of 500 rows of DP table...
2022-01-04 01:01:27,671 - root - DEBUG - Processing 490-th line out of 500 rows of DP table...
2022-01-04 01:01:27,678 - root - DEBUG - Processing 500-th line out of 500 rows of DP table...
2022-01-04 01:01:27,682 - root - DEBUG - Started computing joint logprobs...
