2022-01-04 00:57:45,170 - root - INFO - Loading reference interval set from '211227-2-sim/g10_3.ref.tsv'...
2022-01-04 00:57:45,171 - root - INFO - Loading query interval set from '211227-2-sim/g10_3.query.tsv'...
2022-01-04 00:57:45,174 - root - INFO - Loading chromosome sizes from '211227-2-sim/g10_sizes.tsv'...
2022-01-04 00:57:45,176 - root - INFO - Number of reference intervals: 500 (500 before merging)
2022-01-04 00:57:45,177 - root - INFO - Number of query intervals: 500 (500 before merging)
2022-01-04 00:57:45,178 - root - INFO - Number of chromosomes: 1
2022-01-04 00:57:45,180 - root - INFO - Overlap count: 21
2022-01-04 00:57:45,181 - root - DEBUG - Started computing sf for chromosome 'chr1'...
2022-01-04 00:57:45,182 - root - DEBUG - m=500, n=500
2022-01-04 00:57:45,364 - root - DEBUG - Processing 10-th line out of 500 rows of DP table...
2022-01-04 00:57:45,690 - root - DEBUG - Processing 20-th line out of 500 rows of DP table...
2022-01-04 00:57:45,983 - root - DEBUG - Processing 30-th line out of 500 rows of DP table...
2022-01-04 00:57:46,185 - root - DEBUG - Processing 40-th line out of 500 rows of DP table...
2022-01-04 00:57:46,346 - root - DEBUG - Processing 50-th line out of 500 rows of DP table...
2022-01-04 00:57:46,499 - root - DEBUG - Processing 60-th line out of 500 rows of DP table...
2022-01-04 00:57:46,648 - root - DEBUG - Processing 70-th line out of 500 rows of DP table...
2022-01-04 00:57:46,793 - root - DEBUG - Processing 80-th line out of 500 rows of DP table...
2022-01-04 00:57:46,936 - root - DEBUG - Processing 90-th line out of 500 rows of DP table...
2022-01-04 00:57:47,073 - root - DEBUG - Processing 100-th line out of 500 rows of DP table...
2022-01-04 00:57:47,208 - root - DEBUG - Processing 110-th line out of 500 rows of DP table...
2022-01-04 00:57:47,340 - root - DEBUG - Processing 120-th line out of 500 rows of DP table...
2022-01-04 00:57:47,468 - root - DEBUG - Processing 130-th line out of 500 rows of DP table...
2022-01-04 00:57:47,594 - root - DEBUG - Processing 140-th line out of 500 rows of DP table...
2022-01-04 00:57:47,716 - root - DEBUG - Processing 150-th line out of 500 rows of DP table...
2022-01-04 00:57:47,834 - root - DEBUG - Processing 160-th line out of 500 rows of DP table...
2022-01-04 00:57:47,950 - root - DEBUG - Processing 170-th line out of 500 rows of DP table...
2022-01-04 00:57:48,064 - root - DEBUG - Processing 180-th line out of 500 rows of DP table...
2022-01-04 00:57:48,173 - root - DEBUG - Processing 190-th line out of 500 rows of DP table...
2022-01-04 00:57:48,283 - root - DEBUG - Processing 200-th line out of 500 rows of DP table...
2022-01-04 00:57:48,387 - root - DEBUG - Processing 210-th line out of 500 rows of DP table...
2022-01-04 00:57:48,486 - root - DEBUG - Processing 220-th line out of 500 rows of DP table...
2022-01-04 00:57:48,583 - root - DEBUG - Processing 230-th line out of 500 rows of DP table...
2022-01-04 00:57:48,676 - root - DEBUG - Processing 240-th line out of 500 rows of DP table...
2022-01-04 00:57:48,765 - root - DEBUG - Processing 250-th line out of 500 rows of DP table...
2022-01-04 00:57:48,851 - root - DEBUG - Processing 260-th line out of 500 rows of DP table...
2022-01-04 00:57:48,934 - root - DEBUG - Processing 270-th line out of 500 rows of DP table...
2022-01-04 00:57:49,014 - root - DEBUG - Processing 280-th line out of 500 rows of DP table...
2022-01-04 00:57:49,090 - root - DEBUG - Processing 290-th line out of 500 rows of DP table...
2022-01-04 00:57:49,162 - root - DEBUG - Processing 300-th line out of 500 rows of DP table...
2022-01-04 00:57:49,231 - root - DEBUG - Processing 310-th line out of 500 rows of DP table...
2022-01-04 00:57:49,296 - root - DEBUG - Processing 320-th line out of 500 rows of DP table...
2022-01-04 00:57:49,375 - root - DEBUG - Processing 330-th line out of 500 rows of DP table...
2022-01-04 00:57:49,487 - root - DEBUG - Processing 340-th line out of 500 rows of DP table...
2022-01-04 00:57:49,594 - root - DEBUG - Processing 350-th line out of 500 rows of DP table...
2022-01-04 00:57:49,699 - root - DEBUG - Processing 360-th line out of 500 rows of DP table...
2022-01-04 00:57:49,798 - root - DEBUG - Processing 370-th line out of 500 rows of DP table...
2022-01-04 00:57:49,889 - root - DEBUG - Processing 380-th line out of 500 rows of DP table...
2022-01-04 00:57:49,974 - root - DEBUG - Processing 390-th line out of 500 rows of DP table...
2022-01-04 00:57:50,052 - root - DEBUG - Processing 400-th line out of 500 rows of DP table...
2022-01-04 00:57:50,122 - root - DEBUG - Processing 410-th line out of 500 rows of DP table...
2022-01-04 00:57:50,187 - root - DEBUG - Processing 420-th line out of 500 rows of DP table...
2022-01-04 00:57:50,245 - root - DEBUG - Processing 430-th line out of 500 rows of DP table...
2022-01-04 00:57:50,296 - root - DEBUG - Processing 440-th line out of 500 rows of DP table...
2022-01-04 00:57:50,343 - root - DEBUG - Processing 450-th line out of 500 rows of DP table...
2022-01-04 00:57:50,381 - root - DEBUG - Processing 460-th line out of 500 rows of DP table...
2022-01-04 00:57:50,412 - root - DEBUG - Processing 470-th line out of 500 rows of DP table...
2022-01-04 00:57:50,436 - root - DEBUG - Processing 480-th line out of 500 rows of DP table...
2022-01-04 00:57:50,454 - root - DEBUG - Processing 490-th line out of 500 rows of DP table...
2022-01-04 00:57:50,465 - root - DEBUG - Processing 500-th line out of 500 rows of DP table...
2022-01-04 00:57:50,473 - root - DEBUG - Started computing joint logprobs...
