2022-01-04 21:06:50,468 - root - INFO - Loading reference interval set from '211227-2-sim/g10_9.ref.tsv'...
2022-01-04 21:06:50,485 - root - INFO - Loading query interval set from '211227-2-sim/g10_9.query.tsv'...
2022-01-04 21:06:50,497 - root - INFO - Loading chromosome sizes from '211227-2-sim/g10_sizes.tsv'...
2022-01-04 21:06:50,500 - root - INFO - Number of reference intervals: 500 (500 before merging)
2022-01-04 21:06:50,501 - root - INFO - Number of query intervals: 500 (500 before merging)
2022-01-04 21:06:50,502 - root - INFO - Number of chromosomes: 1
2022-01-04 21:06:50,506 - root - INFO - Overlap count: 24
2022-01-04 21:06:50,507 - root - DEBUG - Started computing sf for chromosome 'chr1'...
2022-01-04 21:06:50,509 - root - DEBUG - m=500, n=500
2022-01-04 21:06:50,681 - root - DEBUG - Processing 10-th line out of 500 rows of DP table...
2022-01-04 21:06:50,855 - root - DEBUG - Processing 20-th line out of 500 rows of DP table...
2022-01-04 21:06:51,025 - root - DEBUG - Processing 30-th line out of 500 rows of DP table...
2022-01-04 21:06:51,192 - root - DEBUG - Processing 40-th line out of 500 rows of DP table...
2022-01-04 21:06:51,359 - root - DEBUG - Processing 50-th line out of 500 rows of DP table...
2022-01-04 21:06:51,518 - root - DEBUG - Processing 60-th line out of 500 rows of DP table...
2022-01-04 21:06:51,673 - root - DEBUG - Processing 70-th line out of 500 rows of DP table...
2022-01-04 21:06:51,826 - root - DEBUG - Processing 80-th line out of 500 rows of DP table...
2022-01-04 21:06:51,974 - root - DEBUG - Processing 90-th line out of 500 rows of DP table...
2022-01-04 21:06:52,119 - root - DEBUG - Processing 100-th line out of 500 rows of DP table...
2022-01-04 21:06:52,260 - root - DEBUG - Processing 110-th line out of 500 rows of DP table...
2022-01-04 21:06:52,398 - root - DEBUG - Processing 120-th line out of 500 rows of DP table...
2022-01-04 21:06:52,537 - root - DEBUG - Processing 130-th line out of 500 rows of DP table...
2022-01-04 21:06:52,669 - root - DEBUG - Processing 140-th line out of 500 rows of DP table...
2022-01-04 21:06:52,798 - root - DEBUG - Processing 150-th line out of 500 rows of DP table...
2022-01-04 21:06:52,923 - root - DEBUG - Processing 160-th line out of 500 rows of DP table...
2022-01-04 21:06:53,045 - root - DEBUG - Processing 170-th line out of 500 rows of DP table...
2022-01-04 21:06:53,162 - root - DEBUG - Processing 180-th line out of 500 rows of DP table...
2022-01-04 21:06:53,283 - root - DEBUG - Processing 190-th line out of 500 rows of DP table...
2022-01-04 21:06:53,394 - root - DEBUG - Processing 200-th line out of 500 rows of DP table...
2022-01-04 21:06:53,501 - root - DEBUG - Processing 210-th line out of 500 rows of DP table...
2022-01-04 21:06:53,604 - root - DEBUG - Processing 220-th line out of 500 rows of DP table...
2022-01-04 21:06:53,710 - root - DEBUG - Processing 230-th line out of 500 rows of DP table...
2022-01-04 21:06:53,807 - root - DEBUG - Processing 240-th line out of 500 rows of DP table...
2022-01-04 21:06:53,900 - root - DEBUG - Processing 250-th line out of 500 rows of DP table...
2022-01-04 21:06:53,990 - root - DEBUG - Processing 260-th line out of 500 rows of DP table...
2022-01-04 21:06:54,076 - root - DEBUG - Processing 270-th line out of 500 rows of DP table...
2022-01-04 21:06:54,159 - root - DEBUG - Processing 280-th line out of 500 rows of DP table...
2022-01-04 21:06:54,238 - root - DEBUG - Processing 290-th line out of 500 rows of DP table...
2022-01-04 21:06:54,314 - root - DEBUG - Processing 300-th line out of 500 rows of DP table...
2022-01-04 21:06:54,387 - root - DEBUG - Processing 310-th line out of 500 rows of DP table...
2022-01-04 21:06:54,456 - root - DEBUG - Processing 320-th line out of 500 rows of DP table...
2022-01-04 21:06:54,521 - root - DEBUG - Processing 330-th line out of 500 rows of DP table...
2022-01-04 21:06:54,583 - root - DEBUG - Processing 340-th line out of 500 rows of DP table...
2022-01-04 21:06:54,641 - root - DEBUG - Processing 350-th line out of 500 rows of DP table...
2022-01-04 21:06:54,696 - root - DEBUG - Processing 360-th line out of 500 rows of DP table...
2022-01-04 21:06:54,747 - root - DEBUG - Processing 370-th line out of 500 rows of DP table...
2022-01-04 21:06:54,800 - root - DEBUG - Processing 380-th line out of 500 rows of DP table...
2022-01-04 21:06:54,844 - root - DEBUG - Processing 390-th line out of 500 rows of DP table...
2022-01-04 21:06:54,884 - root - DEBUG - Processing 400-th line out of 500 rows of DP table...
2022-01-04 21:06:54,921 - root - DEBUG - Processing 410-th line out of 500 rows of DP table...
2022-01-04 21:06:54,955 - root - DEBUG - Processing 420-th line out of 500 rows of DP table...
2022-01-04 21:06:55,009 - root - DEBUG - Processing 430-th line out of 500 rows of DP table...
2022-01-04 21:06:55,036 - root - DEBUG - Processing 440-th line out of 500 rows of DP table...
2022-01-04 21:06:55,059 - root - DEBUG - Processing 450-th line out of 500 rows of DP table...
2022-01-04 21:06:55,079 - root - DEBUG - Processing 460-th line out of 500 rows of DP table...
2022-01-04 21:06:55,096 - root - DEBUG - Processing 470-th line out of 500 rows of DP table...
2022-01-04 21:06:55,108 - root - DEBUG - Processing 480-th line out of 500 rows of DP table...
2022-01-04 21:06:55,118 - root - DEBUG - Processing 490-th line out of 500 rows of DP table...
2022-01-04 21:06:55,124 - root - DEBUG - Processing 500-th line out of 500 rows of DP table...
2022-01-04 21:06:55,128 - root - DEBUG - Started computing joint logprobs...
