2022-01-04 13:40:16,475 - root - INFO - Loading reference interval set from '211227-2-sim/g10_8.ref.tsv'...
2022-01-04 13:40:16,497 - root - INFO - Loading query interval set from '211227-2-sim/g10_8.query.tsv'...
2022-01-04 13:40:16,502 - root - INFO - Loading chromosome sizes from '211227-2-sim/g10_sizes.tsv'...
2022-01-04 13:40:16,504 - root - INFO - Number of reference intervals: 500 (500 before merging)
2022-01-04 13:40:16,505 - root - INFO - Number of query intervals: 500 (500 before merging)
2022-01-04 13:40:16,506 - root - INFO - Number of chromosomes: 1
2022-01-04 13:40:16,509 - root - INFO - Overlap count: 30
2022-01-04 13:40:16,511 - root - DEBUG - Started computing sf for chromosome 'chr1'...
2022-01-04 13:40:16,512 - root - DEBUG - m=500, n=500
2022-01-04 13:40:16,758 - root - DEBUG - Processing 10-th line out of 500 rows of DP table...
2022-01-04 13:40:16,926 - root - DEBUG - Processing 20-th line out of 500 rows of DP table...
2022-01-04 13:40:17,099 - root - DEBUG - Processing 30-th line out of 500 rows of DP table...
2022-01-04 13:40:17,260 - root - DEBUG - Processing 40-th line out of 500 rows of DP table...
2022-01-04 13:40:17,418 - root - DEBUG - Processing 50-th line out of 500 rows of DP table...
2022-01-04 13:40:17,571 - root - DEBUG - Processing 60-th line out of 500 rows of DP table...
2022-01-04 13:40:17,722 - root - DEBUG - Processing 70-th line out of 500 rows of DP table...
2022-01-04 13:40:17,868 - root - DEBUG - Processing 80-th line out of 500 rows of DP table...
2022-01-04 13:40:18,011 - root - DEBUG - Processing 90-th line out of 500 rows of DP table...
2022-01-04 13:40:18,166 - root - DEBUG - Processing 100-th line out of 500 rows of DP table...
2022-01-04 13:40:18,314 - root - DEBUG - Processing 110-th line out of 500 rows of DP table...
2022-01-04 13:40:18,449 - root - DEBUG - Processing 120-th line out of 500 rows of DP table...
2022-01-04 13:40:18,582 - root - DEBUG - Processing 130-th line out of 500 rows of DP table...
2022-01-04 13:40:18,712 - root - DEBUG - Processing 140-th line out of 500 rows of DP table...
2022-01-04 13:40:18,838 - root - DEBUG - Processing 150-th line out of 500 rows of DP table...
2022-01-04 13:40:18,959 - root - DEBUG - Processing 160-th line out of 500 rows of DP table...
2022-01-04 13:40:19,076 - root - DEBUG - Processing 170-th line out of 500 rows of DP table...
2022-01-04 13:40:19,191 - root - DEBUG - Processing 180-th line out of 500 rows of DP table...
2022-01-04 13:40:19,302 - root - DEBUG - Processing 190-th line out of 500 rows of DP table...
2022-01-04 13:40:19,409 - root - DEBUG - Processing 200-th line out of 500 rows of DP table...
2022-01-04 13:40:19,513 - root - DEBUG - Processing 210-th line out of 500 rows of DP table...
2022-01-04 13:40:19,625 - root - DEBUG - Processing 220-th line out of 500 rows of DP table...
2022-01-04 13:40:19,723 - root - DEBUG - Processing 230-th line out of 500 rows of DP table...
2022-01-04 13:40:19,819 - root - DEBUG - Processing 240-th line out of 500 rows of DP table...
2022-01-04 13:40:19,910 - root - DEBUG - Processing 250-th line out of 500 rows of DP table...
2022-01-04 13:40:19,998 - root - DEBUG - Processing 260-th line out of 500 rows of DP table...
2022-01-04 13:40:20,083 - root - DEBUG - Processing 270-th line out of 500 rows of DP table...
2022-01-04 13:40:20,164 - root - DEBUG - Processing 280-th line out of 500 rows of DP table...
2022-01-04 13:40:20,242 - root - DEBUG - Processing 290-th line out of 500 rows of DP table...
2022-01-04 13:40:20,317 - root - DEBUG - Processing 300-th line out of 500 rows of DP table...
2022-01-04 13:40:20,386 - root - DEBUG - Processing 310-th line out of 500 rows of DP table...
2022-01-04 13:40:20,454 - root - DEBUG - Processing 320-th line out of 500 rows of DP table...
2022-01-04 13:40:20,518 - root - DEBUG - Processing 330-th line out of 500 rows of DP table...
2022-01-04 13:40:20,579 - root - DEBUG - Processing 340-th line out of 500 rows of DP table...
2022-01-04 13:40:20,636 - root - DEBUG - Processing 350-th line out of 500 rows of DP table...
2022-01-04 13:40:20,691 - root - DEBUG - Processing 360-th line out of 500 rows of DP table...
2022-01-04 13:40:20,742 - root - DEBUG - Processing 370-th line out of 500 rows of DP table...
2022-01-04 13:40:20,790 - root - DEBUG - Processing 380-th line out of 500 rows of DP table...
2022-01-04 13:40:20,844 - root - DEBUG - Processing 390-th line out of 500 rows of DP table...
2022-01-04 13:40:20,884 - root - DEBUG - Processing 400-th line out of 500 rows of DP table...
2022-01-04 13:40:20,921 - root - DEBUG - Processing 410-th line out of 500 rows of DP table...
2022-01-04 13:40:20,955 - root - DEBUG - Processing 420-th line out of 500 rows of DP table...
2022-01-04 13:40:20,985 - root - DEBUG - Processing 430-th line out of 500 rows of DP table...
2022-01-04 13:40:21,012 - root - DEBUG - Processing 440-th line out of 500 rows of DP table...
2022-01-04 13:40:21,035 - root - DEBUG - Processing 450-th line out of 500 rows of DP table...
2022-01-04 13:40:21,054 - root - DEBUG - Processing 460-th line out of 500 rows of DP table...
2022-01-04 13:40:21,071 - root - DEBUG - Processing 470-th line out of 500 rows of DP table...
2022-01-04 13:40:21,084 - root - DEBUG - Processing 480-th line out of 500 rows of DP table...
2022-01-04 13:40:21,093 - root - DEBUG - Processing 490-th line out of 500 rows of DP table...
2022-01-04 13:40:21,100 - root - DEBUG - Processing 500-th line out of 500 rows of DP table...
2022-01-04 13:40:21,104 - root - DEBUG - Started computing joint logprobs...
