2022-01-04 21:57:20,546 - root - INFO - Loading reference interval set from '211227-2-sim/g10_0.ref.tsv'...
2022-01-04 21:57:20,549 - root - INFO - Loading query interval set from '211227-2-sim/g10_0.query.tsv'...
2022-01-04 21:57:20,553 - root - INFO - Loading chromosome sizes from '211227-2-sim/g10_sizes.tsv'...
2022-01-04 21:57:20,556 - root - INFO - Number of reference intervals: 500 (500 before merging)
2022-01-04 21:57:20,557 - root - INFO - Number of query intervals: 500 (500 before merging)
2022-01-04 21:57:20,558 - root - INFO - Number of chromosomes: 1
2022-01-04 21:57:20,562 - root - INFO - Overlap count: 42
2022-01-04 21:57:20,564 - root - DEBUG - Started computing sf for chromosome 'chr1'...
2022-01-04 21:57:20,565 - root - DEBUG - m=500, n=500
2022-01-04 21:57:20,733 - root - DEBUG - Processing 10-th line out of 500 rows of DP table...
2022-01-04 21:57:20,899 - root - DEBUG - Processing 20-th line out of 500 rows of DP table...
2022-01-04 21:57:21,070 - root - DEBUG - Processing 30-th line out of 500 rows of DP table...
2022-01-04 21:57:21,231 - root - DEBUG - Processing 40-th line out of 500 rows of DP table...
2022-01-04 21:57:21,388 - root - DEBUG - Processing 50-th line out of 500 rows of DP table...
2022-01-04 21:57:21,542 - root - DEBUG - Processing 60-th line out of 500 rows of DP table...
2022-01-04 21:57:21,694 - root - DEBUG - Processing 70-th line out of 500 rows of DP table...
2022-01-04 21:57:21,842 - root - DEBUG - Processing 80-th line out of 500 rows of DP table...
2022-01-04 21:57:21,986 - root - DEBUG - Processing 90-th line out of 500 rows of DP table...
2022-01-04 21:57:22,127 - root - DEBUG - Processing 100-th line out of 500 rows of DP table...
2022-01-04 21:57:22,270 - root - DEBUG - Processing 110-th line out of 500 rows of DP table...
2022-01-04 21:57:22,404 - root - DEBUG - Processing 120-th line out of 500 rows of DP table...
2022-01-04 21:57:22,535 - root - DEBUG - Processing 130-th line out of 500 rows of DP table...
2022-01-04 21:57:22,663 - root - DEBUG - Processing 140-th line out of 500 rows of DP table...
2022-01-04 21:57:22,787 - root - DEBUG - Processing 150-th line out of 500 rows of DP table...
2022-01-04 21:57:22,908 - root - DEBUG - Processing 160-th line out of 500 rows of DP table...
2022-01-04 21:57:23,025 - root - DEBUG - Processing 170-th line out of 500 rows of DP table...
2022-01-04 21:57:23,139 - root - DEBUG - Processing 180-th line out of 500 rows of DP table...
2022-01-04 21:57:23,249 - root - DEBUG - Processing 190-th line out of 500 rows of DP table...
2022-01-04 21:57:23,362 - root - DEBUG - Processing 200-th line out of 500 rows of DP table...
2022-01-04 21:57:23,466 - root - DEBUG - Processing 210-th line out of 500 rows of DP table...
2022-01-04 21:57:23,566 - root - DEBUG - Processing 220-th line out of 500 rows of DP table...
2022-01-04 21:57:23,663 - root - DEBUG - Processing 230-th line out of 500 rows of DP table...
2022-01-04 21:57:23,757 - root - DEBUG - Processing 240-th line out of 500 rows of DP table...
2022-01-04 21:57:23,848 - root - DEBUG - Processing 250-th line out of 500 rows of DP table...
2022-01-04 21:57:23,934 - root - DEBUG - Processing 260-th line out of 500 rows of DP table...
2022-01-04 21:57:24,018 - root - DEBUG - Processing 270-th line out of 500 rows of DP table...
2022-01-04 21:57:24,098 - root - DEBUG - Processing 280-th line out of 500 rows of DP table...
2022-01-04 21:57:24,174 - root - DEBUG - Processing 290-th line out of 500 rows of DP table...
2022-01-04 21:57:24,246 - root - DEBUG - Processing 300-th line out of 500 rows of DP table...
2022-01-04 21:57:24,315 - root - DEBUG - Processing 310-th line out of 500 rows of DP table...
2022-01-04 21:57:24,381 - root - DEBUG - Processing 320-th line out of 500 rows of DP table...
2022-01-04 21:57:24,444 - root - DEBUG - Processing 330-th line out of 500 rows of DP table...
2022-01-04 21:57:24,509 - root - DEBUG - Processing 340-th line out of 500 rows of DP table...
2022-01-04 21:57:24,565 - root - DEBUG - Processing 350-th line out of 500 rows of DP table...
2022-01-04 21:57:24,617 - root - DEBUG - Processing 360-th line out of 500 rows of DP table...
2022-01-04 21:57:24,666 - root - DEBUG - Processing 370-th line out of 500 rows of DP table...
2022-01-04 21:57:24,725 - root - DEBUG - Processing 380-th line out of 500 rows of DP table...
2022-01-04 21:57:24,767 - root - DEBUG - Processing 390-th line out of 500 rows of DP table...
2022-01-04 21:57:24,805 - root - DEBUG - Processing 400-th line out of 500 rows of DP table...
2022-01-04 21:57:24,841 - root - DEBUG - Processing 410-th line out of 500 rows of DP table...
2022-01-04 21:57:24,873 - root - DEBUG - Processing 420-th line out of 500 rows of DP table...
2022-01-04 21:57:24,902 - root - DEBUG - Processing 430-th line out of 500 rows of DP table...
2022-01-04 21:57:24,928 - root - DEBUG - Processing 440-th line out of 500 rows of DP table...
2022-01-04 21:57:24,950 - root - DEBUG - Processing 450-th line out of 500 rows of DP table...
2022-01-04 21:57:24,969 - root - DEBUG - Processing 460-th line out of 500 rows of DP table...
2022-01-04 21:57:24,984 - root - DEBUG - Processing 470-th line out of 500 rows of DP table...
2022-01-04 21:57:24,997 - root - DEBUG - Processing 480-th line out of 500 rows of DP table...
2022-01-04 21:57:25,005 - root - DEBUG - Processing 490-th line out of 500 rows of DP table...
2022-01-04 21:57:25,011 - root - DEBUG - Processing 500-th line out of 500 rows of DP table...
2022-01-04 21:57:25,015 - root - DEBUG - Started computing joint logprobs...
