2022-01-04 00:57:51,581 - root - INFO - Loading reference interval set from '211227-2-sim/g10_7.ref.tsv'...
2022-01-04 00:57:51,583 - root - INFO - Loading query interval set from '211227-2-sim/g10_7.query.tsv'...
2022-01-04 00:57:51,585 - root - INFO - Loading chromosome sizes from '211227-2-sim/g10_sizes.tsv'...
2022-01-04 00:57:51,586 - root - INFO - Number of reference intervals: 500 (500 before merging)
2022-01-04 00:57:51,587 - root - INFO - Number of query intervals: 500 (500 before merging)
2022-01-04 00:57:51,588 - root - INFO - Number of chromosomes: 1
2022-01-04 00:57:51,590 - root - INFO - Overlap count: 26
2022-01-04 00:57:51,591 - root - DEBUG - Started computing sf for chromosome 'chr1'...
2022-01-04 00:57:51,592 - root - DEBUG - m=500, n=500
2022-01-04 00:57:51,751 - root - DEBUG - Processing 10-th line out of 500 rows of DP table...
2022-01-04 00:57:51,915 - root - DEBUG - Processing 20-th line out of 500 rows of DP table...
2022-01-04 00:57:52,077 - root - DEBUG - Processing 30-th line out of 500 rows of DP table...
2022-01-04 00:57:52,253 - root - DEBUG - Processing 40-th line out of 500 rows of DP table...
2022-01-04 00:57:52,406 - root - DEBUG - Processing 50-th line out of 500 rows of DP table...
2022-01-04 00:57:52,560 - root - DEBUG - Processing 60-th line out of 500 rows of DP table...
2022-01-04 00:57:52,707 - root - DEBUG - Processing 70-th line out of 500 rows of DP table...
2022-01-04 00:57:52,851 - root - DEBUG - Processing 80-th line out of 500 rows of DP table...
2022-01-04 00:57:52,992 - root - DEBUG - Processing 90-th line out of 500 rows of DP table...
2022-01-04 00:57:53,129 - root - DEBUG - Processing 100-th line out of 500 rows of DP table...
2022-01-04 00:57:53,263 - root - DEBUG - Processing 110-th line out of 500 rows of DP table...
2022-01-04 00:57:53,395 - root - DEBUG - Processing 120-th line out of 500 rows of DP table...
2022-01-04 00:57:53,527 - root - DEBUG - Processing 130-th line out of 500 rows of DP table...
2022-01-04 00:57:53,652 - root - DEBUG - Processing 140-th line out of 500 rows of DP table...
2022-01-04 00:57:53,774 - root - DEBUG - Processing 150-th line out of 500 rows of DP table...
2022-01-04 00:57:53,892 - root - DEBUG - Processing 160-th line out of 500 rows of DP table...
2022-01-04 00:57:54,040 - root - DEBUG - Processing 170-th line out of 500 rows of DP table...
2022-01-04 00:57:54,152 - root - DEBUG - Processing 180-th line out of 500 rows of DP table...
2022-01-04 00:57:54,261 - root - DEBUG - Processing 190-th line out of 500 rows of DP table...
2022-01-04 00:57:54,366 - root - DEBUG - Processing 200-th line out of 500 rows of DP table...
2022-01-04 00:57:54,470 - root - DEBUG - Processing 210-th line out of 500 rows of DP table...
2022-01-04 00:57:54,579 - root - DEBUG - Processing 220-th line out of 500 rows of DP table...
2022-01-04 00:57:54,674 - root - DEBUG - Processing 230-th line out of 500 rows of DP table...
2022-01-04 00:57:54,765 - root - DEBUG - Processing 240-th line out of 500 rows of DP table...
2022-01-04 00:57:54,853 - root - DEBUG - Processing 250-th line out of 500 rows of DP table...
2022-01-04 00:57:54,938 - root - DEBUG - Processing 260-th line out of 500 rows of DP table...
2022-01-04 00:57:55,020 - root - DEBUG - Processing 270-th line out of 500 rows of DP table...
2022-01-04 00:57:55,098 - root - DEBUG - Processing 280-th line out of 500 rows of DP table...
2022-01-04 00:57:55,173 - root - DEBUG - Processing 290-th line out of 500 rows of DP table...
2022-01-04 00:57:55,244 - root - DEBUG - Processing 300-th line out of 500 rows of DP table...
2022-01-04 00:57:55,313 - root - DEBUG - Processing 310-th line out of 500 rows of DP table...
2022-01-04 00:57:55,378 - root - DEBUG - Processing 320-th line out of 500 rows of DP table...
2022-01-04 00:57:55,440 - root - DEBUG - Processing 330-th line out of 500 rows of DP table...
2022-01-04 00:57:55,501 - root - DEBUG - Processing 340-th line out of 500 rows of DP table...
2022-01-04 00:57:55,557 - root - DEBUG - Processing 350-th line out of 500 rows of DP table...
2022-01-04 00:57:55,610 - root - DEBUG - Processing 360-th line out of 500 rows of DP table...
2022-01-04 00:57:55,659 - root - DEBUG - Processing 370-th line out of 500 rows of DP table...
2022-01-04 00:57:55,705 - root - DEBUG - Processing 380-th line out of 500 rows of DP table...
2022-01-04 00:57:55,747 - root - DEBUG - Processing 390-th line out of 500 rows of DP table...
2022-01-04 00:57:55,786 - root - DEBUG - Processing 400-th line out of 500 rows of DP table...
2022-01-04 00:57:55,822 - root - DEBUG - Processing 410-th line out of 500 rows of DP table...
2022-01-04 00:57:55,854 - root - DEBUG - Processing 420-th line out of 500 rows of DP table...
2022-01-04 00:57:55,883 - root - DEBUG - Processing 430-th line out of 500 rows of DP table...
2022-01-04 00:57:55,909 - root - DEBUG - Processing 440-th line out of 500 rows of DP table...
2022-01-04 00:57:55,932 - root - DEBUG - Processing 450-th line out of 500 rows of DP table...
2022-01-04 00:57:55,951 - root - DEBUG - Processing 460-th line out of 500 rows of DP table...
2022-01-04 00:57:55,967 - root - DEBUG - Processing 470-th line out of 500 rows of DP table...
2022-01-04 00:57:55,979 - root - DEBUG - Processing 480-th line out of 500 rows of DP table...
2022-01-04 00:57:55,989 - root - DEBUG - Processing 490-th line out of 500 rows of DP table...
2022-01-04 00:57:55,995 - root - DEBUG - Processing 500-th line out of 500 rows of DP table...
2022-01-04 00:57:55,999 - root - DEBUG - Started computing joint logprobs...
