2022-01-04 21:57:27,588 - root - INFO - Loading reference interval set from '211227-2-sim/g10_1.ref.tsv'...
2022-01-04 21:57:27,590 - root - INFO - Loading query interval set from '211227-2-sim/g10_1.query.tsv'...
2022-01-04 21:57:27,594 - root - INFO - Loading chromosome sizes from '211227-2-sim/g10_sizes.tsv'...
2022-01-04 21:57:27,596 - root - INFO - Number of reference intervals: 500 (500 before merging)
2022-01-04 21:57:27,597 - root - INFO - Number of query intervals: 500 (500 before merging)
2022-01-04 21:57:27,598 - root - INFO - Number of chromosomes: 1
2022-01-04 21:57:27,600 - root - INFO - Overlap count: 30
2022-01-04 21:57:27,602 - root - DEBUG - Started computing sf for chromosome 'chr1'...
2022-01-04 21:57:27,603 - root - DEBUG - m=500, n=500
2022-01-04 21:57:27,761 - root - DEBUG - Processing 10-th line out of 500 rows of DP table...
2022-01-04 21:57:27,924 - root - DEBUG - Processing 20-th line out of 500 rows of DP table...
2022-01-04 21:57:28,085 - root - DEBUG - Processing 30-th line out of 500 rows of DP table...
2022-01-04 21:57:28,242 - root - DEBUG - Processing 40-th line out of 500 rows of DP table...
2022-01-04 21:57:28,400 - root - DEBUG - Processing 50-th line out of 500 rows of DP table...
2022-01-04 21:57:28,551 - root - DEBUG - Processing 60-th line out of 500 rows of DP table...
2022-01-04 21:57:28,698 - root - DEBUG - Processing 70-th line out of 500 rows of DP table...
2022-01-04 21:57:28,842 - root - DEBUG - Processing 80-th line out of 500 rows of DP table...
2022-01-04 21:57:28,982 - root - DEBUG - Processing 90-th line out of 500 rows of DP table...
2022-01-04 21:57:29,120 - root - DEBUG - Processing 100-th line out of 500 rows of DP table...
2022-01-04 21:57:29,253 - root - DEBUG - Processing 110-th line out of 500 rows of DP table...
2022-01-04 21:57:29,384 - root - DEBUG - Processing 120-th line out of 500 rows of DP table...
2022-01-04 21:57:29,511 - root - DEBUG - Processing 130-th line out of 500 rows of DP table...
2022-01-04 21:57:29,640 - root - DEBUG - Processing 140-th line out of 500 rows of DP table...
2022-01-04 21:57:29,761 - root - DEBUG - Processing 150-th line out of 500 rows of DP table...
2022-01-04 21:57:29,878 - root - DEBUG - Processing 160-th line out of 500 rows of DP table...
2022-01-04 21:57:29,992 - root - DEBUG - Processing 170-th line out of 500 rows of DP table...
2022-01-04 21:57:30,104 - root - DEBUG - Processing 180-th line out of 500 rows of DP table...
2022-01-04 21:57:30,212 - root - DEBUG - Processing 190-th line out of 500 rows of DP table...
2022-01-04 21:57:30,316 - root - DEBUG - Processing 200-th line out of 500 rows of DP table...
2022-01-04 21:57:30,416 - root - DEBUG - Processing 210-th line out of 500 rows of DP table...
2022-01-04 21:57:30,514 - root - DEBUG - Processing 220-th line out of 500 rows of DP table...
2022-01-04 21:57:30,609 - root - DEBUG - Processing 230-th line out of 500 rows of DP table...
2022-01-04 21:57:30,706 - root - DEBUG - Processing 240-th line out of 500 rows of DP table...
2022-01-04 21:57:30,793 - root - DEBUG - Processing 250-th line out of 500 rows of DP table...
2022-01-04 21:57:30,877 - root - DEBUG - Processing 260-th line out of 500 rows of DP table...
2022-01-04 21:57:30,959 - root - DEBUG - Processing 270-th line out of 500 rows of DP table...
2022-01-04 21:57:31,036 - root - DEBUG - Processing 280-th line out of 500 rows of DP table...
2022-01-04 21:57:31,111 - root - DEBUG - Processing 290-th line out of 500 rows of DP table...
2022-01-04 21:57:31,182 - root - DEBUG - Processing 300-th line out of 500 rows of DP table...
2022-01-04 21:57:31,250 - root - DEBUG - Processing 310-th line out of 500 rows of DP table...
2022-01-04 21:57:31,315 - root - DEBUG - Processing 320-th line out of 500 rows of DP table...
2022-01-04 21:57:31,377 - root - DEBUG - Processing 330-th line out of 500 rows of DP table...
2022-01-04 21:57:31,435 - root - DEBUG - Processing 340-th line out of 500 rows of DP table...
2022-01-04 21:57:31,490 - root - DEBUG - Processing 350-th line out of 500 rows of DP table...
2022-01-04 21:57:31,542 - root - DEBUG - Processing 360-th line out of 500 rows of DP table...
2022-01-04 21:57:31,590 - root - DEBUG - Processing 370-th line out of 500 rows of DP table...
2022-01-04 21:57:31,636 - root - DEBUG - Processing 380-th line out of 500 rows of DP table...
2022-01-04 21:57:31,677 - root - DEBUG - Processing 390-th line out of 500 rows of DP table...
2022-01-04 21:57:31,716 - root - DEBUG - Processing 400-th line out of 500 rows of DP table...
2022-01-04 21:57:31,751 - root - DEBUG - Processing 410-th line out of 500 rows of DP table...
2022-01-04 21:57:31,783 - root - DEBUG - Processing 420-th line out of 500 rows of DP table...
2022-01-04 21:57:31,811 - root - DEBUG - Processing 430-th line out of 500 rows of DP table...
2022-01-04 21:57:31,842 - root - DEBUG - Processing 440-th line out of 500 rows of DP table...
2022-01-04 21:57:31,864 - root - DEBUG - Processing 450-th line out of 500 rows of DP table...
2022-01-04 21:57:31,883 - root - DEBUG - Processing 460-th line out of 500 rows of DP table...
2022-01-04 21:57:31,898 - root - DEBUG - Processing 470-th line out of 500 rows of DP table...
2022-01-04 21:57:31,984 - root - DEBUG - Processing 480-th line out of 500 rows of DP table...
2022-01-04 21:57:31,993 - root - DEBUG - Processing 490-th line out of 500 rows of DP table...
2022-01-04 21:57:31,999 - root - DEBUG - Processing 500-th line out of 500 rows of DP table...
2022-01-04 21:57:32,003 - root - DEBUG - Started computing joint logprobs...
