2022-01-04 20:47:34,437 - root - INFO - Loading reference interval set from '211227-2-sim/g11_0.ref.tsv'...
2022-01-04 20:47:34,456 - root - INFO - Loading query interval set from '211227-2-sim/g11_0.query.tsv'...
2022-01-04 20:47:34,500 - root - INFO - Loading chromosome sizes from '211227-2-sim/g11_sizes.tsv'...
2022-01-04 20:47:34,505 - root - INFO - Number of reference intervals: 500 (500 before merging)
2022-01-04 20:47:34,506 - root - INFO - Number of query intervals: 5000 (5000 before merging)
2022-01-04 20:47:34,507 - root - INFO - Number of chromosomes: 1
2022-01-04 20:47:34,513 - root - INFO - Overlap count: 223
2022-01-04 20:47:34,547 - root - DEBUG - Started computing sf for chromosome 'chr1'...
2022-01-04 20:47:34,616 - root - DEBUG - m=500, n=5000
2022-01-04 20:47:34,837 - root - DEBUG - Processing 10-th line out of 500 rows of DP table...
2022-01-04 20:47:34,998 - root - DEBUG - Processing 20-th line out of 500 rows of DP table...
2022-01-04 20:47:35,155 - root - DEBUG - Processing 30-th line out of 500 rows of DP table...
2022-01-04 20:47:35,311 - root - DEBUG - Processing 40-th line out of 500 rows of DP table...
2022-01-04 20:47:35,462 - root - DEBUG - Processing 50-th line out of 500 rows of DP table...
2022-01-04 20:47:35,605 - root - DEBUG - Processing 60-th line out of 500 rows of DP table...
2022-01-04 20:47:35,743 - root - DEBUG - Processing 70-th line out of 500 rows of DP table...
2022-01-04 20:47:35,878 - root - DEBUG - Processing 80-th line out of 500 rows of DP table...
2022-01-04 20:47:36,011 - root - DEBUG - Processing 90-th line out of 500 rows of DP table...
2022-01-04 20:47:36,160 - root - DEBUG - Processing 100-th line out of 500 rows of DP table...
2022-01-04 20:47:36,285 - root - DEBUG - Processing 110-th line out of 500 rows of DP table...
2022-01-04 20:47:36,408 - root - DEBUG - Processing 120-th line out of 500 rows of DP table...
2022-01-04 20:47:36,527 - root - DEBUG - Processing 130-th line out of 500 rows of DP table...
2022-01-04 20:47:36,643 - root - DEBUG - Processing 140-th line out of 500 rows of DP table...
2022-01-04 20:47:36,756 - root - DEBUG - Processing 150-th line out of 500 rows of DP table...
2022-01-04 20:47:36,872 - root - DEBUG - Processing 160-th line out of 500 rows of DP table...
2022-01-04 20:47:36,979 - root - DEBUG - Processing 170-th line out of 500 rows of DP table...
2022-01-04 20:47:37,083 - root - DEBUG - Processing 180-th line out of 500 rows of DP table...
2022-01-04 20:47:37,184 - root - DEBUG - Processing 190-th line out of 500 rows of DP table...
2022-01-04 20:47:37,282 - root - DEBUG - Processing 200-th line out of 500 rows of DP table...
2022-01-04 20:47:37,377 - root - DEBUG - Processing 210-th line out of 500 rows of DP table...
2022-01-04 20:47:37,468 - root - DEBUG - Processing 220-th line out of 500 rows of DP table...
2022-01-04 20:47:37,560 - root - DEBUG - Processing 230-th line out of 500 rows of DP table...
2022-01-04 20:47:37,650 - root - DEBUG - Processing 240-th line out of 500 rows of DP table...
2022-01-04 20:47:37,732 - root - DEBUG - Processing 250-th line out of 500 rows of DP table...
2022-01-04 20:47:37,812 - root - DEBUG - Processing 260-th line out of 500 rows of DP table...
2022-01-04 20:47:37,894 - root - DEBUG - Processing 270-th line out of 500 rows of DP table...
2022-01-04 20:47:37,973 - root - DEBUG - Processing 280-th line out of 500 rows of DP table...
2022-01-04 20:47:38,048 - root - DEBUG - Processing 290-th line out of 500 rows of DP table...
2022-01-04 20:47:38,119 - root - DEBUG - Processing 300-th line out of 500 rows of DP table...
2022-01-04 20:47:38,188 - root - DEBUG - Processing 310-th line out of 500 rows of DP table...
2022-01-04 20:47:38,252 - root - DEBUG - Processing 320-th line out of 500 rows of DP table...
2022-01-04 20:47:38,314 - root - DEBUG - Processing 330-th line out of 500 rows of DP table...
2022-01-04 20:47:38,372 - root - DEBUG - Processing 340-th line out of 500 rows of DP table...
2022-01-04 20:47:38,428 - root - DEBUG - Processing 350-th line out of 500 rows of DP table...
2022-01-04 20:47:38,480 - root - DEBUG - Processing 360-th line out of 500 rows of DP table...
2022-01-04 20:47:38,529 - root - DEBUG - Processing 370-th line out of 500 rows of DP table...
2022-01-04 20:47:38,575 - root - DEBUG - Processing 380-th line out of 500 rows of DP table...
2022-01-04 20:47:38,617 - root - DEBUG - Processing 390-th line out of 500 rows of DP table...
2022-01-04 20:47:38,655 - root - DEBUG - Processing 400-th line out of 500 rows of DP table...
2022-01-04 20:47:38,690 - root - DEBUG - Processing 410-th line out of 500 rows of DP table...
2022-01-04 20:47:38,722 - root - DEBUG - Processing 420-th line out of 500 rows of DP table...
2022-01-04 20:47:38,751 - root - DEBUG - Processing 430-th line out of 500 rows of DP table...
2022-01-04 20:47:38,776 - root - DEBUG - Processing 440-th line out of 500 rows of DP table...
2022-01-04 20:47:38,798 - root - DEBUG - Processing 450-th line out of 500 rows of DP table...
2022-01-04 20:47:38,817 - root - DEBUG - Processing 460-th line out of 500 rows of DP table...
2022-01-04 20:47:38,833 - root - DEBUG - Processing 470-th line out of 500 rows of DP table...
2022-01-04 20:47:38,846 - root - DEBUG - Processing 480-th line out of 500 rows of DP table...
2022-01-04 20:47:38,855 - root - DEBUG - Processing 490-th line out of 500 rows of DP table...
2022-01-04 20:47:38,862 - root - DEBUG - Processing 500-th line out of 500 rows of DP table...
2022-01-04 20:47:38,867 - root - DEBUG - Started computing joint logprobs...
