2022-01-04 20:49:11,332 - root - INFO - Loading reference interval set from '211227-2-sim/g11_7.ref.tsv'...
2022-01-04 20:49:11,335 - root - INFO - Loading query interval set from '211227-2-sim/g11_7.query.tsv'...
2022-01-04 20:49:11,342 - root - INFO - Loading chromosome sizes from '211227-2-sim/g11_sizes.tsv'...
2022-01-04 20:49:11,348 - root - INFO - Number of reference intervals: 500 (500 before merging)
2022-01-04 20:49:11,349 - root - INFO - Number of query intervals: 5000 (5000 before merging)
2022-01-04 20:49:11,350 - root - INFO - Number of chromosomes: 1
2022-01-04 20:49:11,364 - root - INFO - Overlap count: 205
2022-01-04 20:49:11,366 - root - DEBUG - Started computing sf for chromosome 'chr1'...
2022-01-04 20:49:11,368 - root - DEBUG - m=500, n=5000
2022-01-04 20:49:11,617 - root - DEBUG - Processing 10-th line out of 500 rows of DP table...
2022-01-04 20:49:11,802 - root - DEBUG - Processing 20-th line out of 500 rows of DP table...
2022-01-04 20:49:11,964 - root - DEBUG - Processing 30-th line out of 500 rows of DP table...
2022-01-04 20:49:12,121 - root - DEBUG - Processing 40-th line out of 500 rows of DP table...
2022-01-04 20:49:12,275 - root - DEBUG - Processing 50-th line out of 500 rows of DP table...
2022-01-04 20:49:12,427 - root - DEBUG - Processing 60-th line out of 500 rows of DP table...
2022-01-04 20:49:12,576 - root - DEBUG - Processing 70-th line out of 500 rows of DP table...
2022-01-04 20:49:12,722 - root - DEBUG - Processing 80-th line out of 500 rows of DP table...
2022-01-04 20:49:12,863 - root - DEBUG - Processing 90-th line out of 500 rows of DP table...
2022-01-04 20:49:13,001 - root - DEBUG - Processing 100-th line out of 500 rows of DP table...
2022-01-04 20:49:13,136 - root - DEBUG - Processing 110-th line out of 500 rows of DP table...
2022-01-04 20:49:13,268 - root - DEBUG - Processing 120-th line out of 500 rows of DP table...
2022-01-04 20:49:13,396 - root - DEBUG - Processing 130-th line out of 500 rows of DP table...
2022-01-04 20:49:13,520 - root - DEBUG - Processing 140-th line out of 500 rows of DP table...
2022-01-04 20:49:13,656 - root - DEBUG - Processing 150-th line out of 500 rows of DP table...
2022-01-04 20:49:13,774 - root - DEBUG - Processing 160-th line out of 500 rows of DP table...
2022-01-04 20:49:13,895 - root - DEBUG - Processing 170-th line out of 500 rows of DP table...
2022-01-04 20:49:14,008 - root - DEBUG - Processing 180-th line out of 500 rows of DP table...
2022-01-04 20:49:14,117 - root - DEBUG - Processing 190-th line out of 500 rows of DP table...
2022-01-04 20:49:14,223 - root - DEBUG - Processing 200-th line out of 500 rows of DP table...
2022-01-04 20:49:14,326 - root - DEBUG - Processing 210-th line out of 500 rows of DP table...
2022-01-04 20:49:14,424 - root - DEBUG - Processing 220-th line out of 500 rows of DP table...
2022-01-04 20:49:14,518 - root - DEBUG - Processing 230-th line out of 500 rows of DP table...
2022-01-04 20:49:14,611 - root - DEBUG - Processing 240-th line out of 500 rows of DP table...
2022-01-04 20:49:14,699 - root - DEBUG - Processing 250-th line out of 500 rows of DP table...
2022-01-04 20:49:14,784 - root - DEBUG - Processing 260-th line out of 500 rows of DP table...
2022-01-04 20:49:14,867 - root - DEBUG - Processing 270-th line out of 500 rows of DP table...
2022-01-04 20:49:14,946 - root - DEBUG - Processing 280-th line out of 500 rows of DP table...
2022-01-04 20:49:15,022 - root - DEBUG - Processing 290-th line out of 500 rows of DP table...
2022-01-04 20:49:15,139 - root - DEBUG - Processing 300-th line out of 500 rows of DP table...
2022-01-04 20:49:15,210 - root - DEBUG - Processing 310-th line out of 500 rows of DP table...
2022-01-04 20:49:15,276 - root - DEBUG - Processing 320-th line out of 500 rows of DP table...
2022-01-04 20:49:15,340 - root - DEBUG - Processing 330-th line out of 500 rows of DP table...
2022-01-04 20:49:15,399 - root - DEBUG - Processing 340-th line out of 500 rows of DP table...
2022-01-04 20:49:15,513 - root - DEBUG - Processing 350-th line out of 500 rows of DP table...
2022-01-04 20:49:15,620 - root - DEBUG - Processing 360-th line out of 500 rows of DP table...
2022-01-04 20:49:15,720 - root - DEBUG - Processing 370-th line out of 500 rows of DP table...
2022-01-04 20:49:15,813 - root - DEBUG - Processing 380-th line out of 500 rows of DP table...
2022-01-04 20:49:15,898 - root - DEBUG - Processing 390-th line out of 500 rows of DP table...
2022-01-04 20:49:15,977 - root - DEBUG - Processing 400-th line out of 500 rows of DP table...
2022-01-04 20:49:16,049 - root - DEBUG - Processing 410-th line out of 500 rows of DP table...
2022-01-04 20:49:16,123 - root - DEBUG - Processing 420-th line out of 500 rows of DP table...
2022-01-04 20:49:16,182 - root - DEBUG - Processing 430-th line out of 500 rows of DP table...
2022-01-04 20:49:16,235 - root - DEBUG - Processing 440-th line out of 500 rows of DP table...
2022-01-04 20:49:16,281 - root - DEBUG - Processing 450-th line out of 500 rows of DP table...
2022-01-04 20:49:16,358 - root - DEBUG - Processing 460-th line out of 500 rows of DP table...
2022-01-04 20:49:16,391 - root - DEBUG - Processing 470-th line out of 500 rows of DP table...
2022-01-04 20:49:16,431 - root - DEBUG - Processing 480-th line out of 500 rows of DP table...
2022-01-04 20:49:16,450 - root - DEBUG - Processing 490-th line out of 500 rows of DP table...
2022-01-04 20:49:16,462 - root - DEBUG - Processing 500-th line out of 500 rows of DP table...
2022-01-04 20:49:16,471 - root - DEBUG - Started computing joint logprobs...
