2022-01-04 00:59:38,880 - root - INFO - Loading reference interval set from '211227-2-sim/g11_4.ref.tsv'...
2022-01-04 00:59:38,883 - root - INFO - Loading query interval set from '211227-2-sim/g11_4.query.tsv'...
2022-01-04 00:59:38,893 - root - INFO - Loading chromosome sizes from '211227-2-sim/g11_sizes.tsv'...
2022-01-04 00:59:38,900 - root - INFO - Number of reference intervals: 500 (500 before merging)
2022-01-04 00:59:38,902 - root - INFO - Number of query intervals: 5000 (5000 before merging)
2022-01-04 00:59:38,903 - root - INFO - Number of chromosomes: 1
2022-01-04 00:59:38,917 - root - INFO - Overlap count: 240
2022-01-04 00:59:38,919 - root - DEBUG - Started computing sf for chromosome 'chr1'...
2022-01-04 00:59:38,922 - root - DEBUG - m=500, n=5000
2022-01-04 00:59:39,187 - root - DEBUG - Processing 10-th line out of 500 rows of DP table...
2022-01-04 00:59:39,379 - root - DEBUG - Processing 20-th line out of 500 rows of DP table...
2022-01-04 00:59:39,617 - root - DEBUG - Processing 30-th line out of 500 rows of DP table...
2022-01-04 00:59:39,804 - root - DEBUG - Processing 40-th line out of 500 rows of DP table...
2022-01-04 00:59:39,999 - root - DEBUG - Processing 50-th line out of 500 rows of DP table...
2022-01-04 00:59:40,168 - root - DEBUG - Processing 60-th line out of 500 rows of DP table...
2022-01-04 00:59:40,323 - root - DEBUG - Processing 70-th line out of 500 rows of DP table...
2022-01-04 00:59:40,471 - root - DEBUG - Processing 80-th line out of 500 rows of DP table...
2022-01-04 00:59:40,616 - root - DEBUG - Processing 90-th line out of 500 rows of DP table...
2022-01-04 00:59:40,763 - root - DEBUG - Processing 100-th line out of 500 rows of DP table...
2022-01-04 00:59:40,900 - root - DEBUG - Processing 110-th line out of 500 rows of DP table...
2022-01-04 00:59:41,074 - root - DEBUG - Processing 120-th line out of 500 rows of DP table...
2022-01-04 00:59:41,207 - root - DEBUG - Processing 130-th line out of 500 rows of DP table...
2022-01-04 00:59:41,338 - root - DEBUG - Processing 140-th line out of 500 rows of DP table...
2022-01-04 00:59:41,489 - root - DEBUG - Processing 150-th line out of 500 rows of DP table...
2022-01-04 00:59:41,613 - root - DEBUG - Processing 160-th line out of 500 rows of DP table...
2022-01-04 00:59:41,735 - root - DEBUG - Processing 170-th line out of 500 rows of DP table...
2022-01-04 00:59:41,862 - root - DEBUG - Processing 180-th line out of 500 rows of DP table...
2022-01-04 00:59:41,976 - root - DEBUG - Processing 190-th line out of 500 rows of DP table...
2022-01-04 00:59:42,086 - root - DEBUG - Processing 200-th line out of 500 rows of DP table...
2022-01-04 00:59:42,194 - root - DEBUG - Processing 210-th line out of 500 rows of DP table...
2022-01-04 00:59:42,297 - root - DEBUG - Processing 220-th line out of 500 rows of DP table...
2022-01-04 00:59:42,397 - root - DEBUG - Processing 230-th line out of 500 rows of DP table...
2022-01-04 00:59:42,493 - root - DEBUG - Processing 240-th line out of 500 rows of DP table...
2022-01-04 00:59:42,586 - root - DEBUG - Processing 250-th line out of 500 rows of DP table...
2022-01-04 00:59:42,676 - root - DEBUG - Processing 260-th line out of 500 rows of DP table...
2022-01-04 00:59:42,763 - root - DEBUG - Processing 270-th line out of 500 rows of DP table...
2022-01-04 00:59:42,847 - root - DEBUG - Processing 280-th line out of 500 rows of DP table...
2022-01-04 00:59:42,928 - root - DEBUG - Processing 290-th line out of 500 rows of DP table...
2022-01-04 00:59:43,012 - root - DEBUG - Processing 300-th line out of 500 rows of DP table...
2022-01-04 00:59:43,085 - root - DEBUG - Processing 310-th line out of 500 rows of DP table...
2022-01-04 00:59:43,155 - root - DEBUG - Processing 320-th line out of 500 rows of DP table...
2022-01-04 00:59:43,220 - root - DEBUG - Processing 330-th line out of 500 rows of DP table...
2022-01-04 00:59:43,283 - root - DEBUG - Processing 340-th line out of 500 rows of DP table...
2022-01-04 00:59:43,343 - root - DEBUG - Processing 350-th line out of 500 rows of DP table...
2022-01-04 00:59:43,399 - root - DEBUG - Processing 360-th line out of 500 rows of DP table...
2022-01-04 00:59:43,452 - root - DEBUG - Processing 370-th line out of 500 rows of DP table...
2022-01-04 00:59:43,501 - root - DEBUG - Processing 380-th line out of 500 rows of DP table...
2022-01-04 00:59:43,546 - root - DEBUG - Processing 390-th line out of 500 rows of DP table...
2022-01-04 00:59:43,589 - root - DEBUG - Processing 400-th line out of 500 rows of DP table...
2022-01-04 00:59:43,626 - root - DEBUG - Processing 410-th line out of 500 rows of DP table...
2022-01-04 00:59:43,662 - root - DEBUG - Processing 420-th line out of 500 rows of DP table...
2022-01-04 00:59:43,694 - root - DEBUG - Processing 430-th line out of 500 rows of DP table...
2022-01-04 00:59:43,722 - root - DEBUG - Processing 440-th line out of 500 rows of DP table...
2022-01-04 00:59:43,756 - root - DEBUG - Processing 450-th line out of 500 rows of DP table...
2022-01-04 00:59:43,792 - root - DEBUG - Processing 460-th line out of 500 rows of DP table...
2022-01-04 00:59:43,814 - root - DEBUG - Processing 470-th line out of 500 rows of DP table...
2022-01-04 00:59:43,829 - root - DEBUG - Processing 480-th line out of 500 rows of DP table...
2022-01-04 00:59:43,839 - root - DEBUG - Processing 490-th line out of 500 rows of DP table...
2022-01-04 00:59:43,846 - root - DEBUG - Processing 500-th line out of 500 rows of DP table...
2022-01-04 00:59:43,851 - root - DEBUG - Started computing joint logprobs...
