2022-01-04 00:57:43,598 - root - INFO - Loading reference interval set from '211227-2-sim/g11_9.ref.tsv'...
2022-01-04 00:57:43,601 - root - INFO - Loading query interval set from '211227-2-sim/g11_9.query.tsv'...
2022-01-04 00:57:43,608 - root - INFO - Loading chromosome sizes from '211227-2-sim/g11_sizes.tsv'...
2022-01-04 00:57:43,614 - root - INFO - Number of reference intervals: 500 (500 before merging)
2022-01-04 00:57:43,616 - root - INFO - Number of query intervals: 5000 (5000 before merging)
2022-01-04 00:57:43,617 - root - INFO - Number of chromosomes: 1
2022-01-04 00:57:43,629 - root - INFO - Overlap count: 222
2022-01-04 00:57:43,631 - root - DEBUG - Started computing sf for chromosome 'chr1'...
2022-01-04 00:57:43,633 - root - DEBUG - m=500, n=5000
2022-01-04 00:57:43,800 - root - DEBUG - Processing 10-th line out of 500 rows of DP table...
2022-01-04 00:57:43,960 - root - DEBUG - Processing 20-th line out of 500 rows of DP table...
2022-01-04 00:57:44,157 - root - DEBUG - Processing 30-th line out of 500 rows of DP table...
2022-01-04 00:57:44,312 - root - DEBUG - Processing 40-th line out of 500 rows of DP table...
2022-01-04 00:57:44,477 - root - DEBUG - Processing 50-th line out of 500 rows of DP table...
2022-01-04 00:57:44,628 - root - DEBUG - Processing 60-th line out of 500 rows of DP table...
2022-01-04 00:57:44,775 - root - DEBUG - Processing 70-th line out of 500 rows of DP table...
2022-01-04 00:57:44,917 - root - DEBUG - Processing 80-th line out of 500 rows of DP table...
2022-01-04 00:57:45,057 - root - DEBUG - Processing 90-th line out of 500 rows of DP table...
2022-01-04 00:57:45,193 - root - DEBUG - Processing 100-th line out of 500 rows of DP table...
2022-01-04 00:57:45,336 - root - DEBUG - Processing 110-th line out of 500 rows of DP table...
2022-01-04 00:57:45,466 - root - DEBUG - Processing 120-th line out of 500 rows of DP table...
2022-01-04 00:57:45,594 - root - DEBUG - Processing 130-th line out of 500 rows of DP table...
2022-01-04 00:57:45,717 - root - DEBUG - Processing 140-th line out of 500 rows of DP table...
2022-01-04 00:57:45,837 - root - DEBUG - Processing 150-th line out of 500 rows of DP table...
2022-01-04 00:57:45,955 - root - DEBUG - Processing 160-th line out of 500 rows of DP table...
2022-01-04 00:57:46,070 - root - DEBUG - Processing 170-th line out of 500 rows of DP table...
2022-01-04 00:57:46,180 - root - DEBUG - Processing 180-th line out of 500 rows of DP table...
2022-01-04 00:57:46,287 - root - DEBUG - Processing 190-th line out of 500 rows of DP table...
2022-01-04 00:57:46,393 - root - DEBUG - Processing 200-th line out of 500 rows of DP table...
2022-01-04 00:57:46,510 - root - DEBUG - Processing 210-th line out of 500 rows of DP table...
2022-01-04 00:57:46,630 - root - DEBUG - Processing 220-th line out of 500 rows of DP table...
2022-01-04 00:57:46,725 - root - DEBUG - Processing 230-th line out of 500 rows of DP table...
2022-01-04 00:57:46,817 - root - DEBUG - Processing 240-th line out of 500 rows of DP table...
2022-01-04 00:57:46,905 - root - DEBUG - Processing 250-th line out of 500 rows of DP table...
2022-01-04 00:57:46,990 - root - DEBUG - Processing 260-th line out of 500 rows of DP table...
2022-01-04 00:57:47,071 - root - DEBUG - Processing 270-th line out of 500 rows of DP table...
2022-01-04 00:57:47,149 - root - DEBUG - Processing 280-th line out of 500 rows of DP table...
2022-01-04 00:57:47,224 - root - DEBUG - Processing 290-th line out of 500 rows of DP table...
2022-01-04 00:57:47,300 - root - DEBUG - Processing 300-th line out of 500 rows of DP table...
2022-01-04 00:57:47,369 - root - DEBUG - Processing 310-th line out of 500 rows of DP table...
2022-01-04 00:57:47,435 - root - DEBUG - Processing 320-th line out of 500 rows of DP table...
2022-01-04 00:57:47,497 - root - DEBUG - Processing 330-th line out of 500 rows of DP table...
2022-01-04 00:57:47,557 - root - DEBUG - Processing 340-th line out of 500 rows of DP table...
2022-01-04 00:57:47,612 - root - DEBUG - Processing 350-th line out of 500 rows of DP table...
2022-01-04 00:57:47,666 - root - DEBUG - Processing 360-th line out of 500 rows of DP table...
2022-01-04 00:57:47,715 - root - DEBUG - Processing 370-th line out of 500 rows of DP table...
2022-01-04 00:57:47,761 - root - DEBUG - Processing 380-th line out of 500 rows of DP table...
2022-01-04 00:57:47,803 - root - DEBUG - Processing 390-th line out of 500 rows of DP table...
2022-01-04 00:57:47,842 - root - DEBUG - Processing 400-th line out of 500 rows of DP table...
2022-01-04 00:57:47,878 - root - DEBUG - Processing 410-th line out of 500 rows of DP table...
2022-01-04 00:57:47,911 - root - DEBUG - Processing 420-th line out of 500 rows of DP table...
2022-01-04 00:57:47,939 - root - DEBUG - Processing 430-th line out of 500 rows of DP table...
2022-01-04 00:57:47,965 - root - DEBUG - Processing 440-th line out of 500 rows of DP table...
2022-01-04 00:57:47,987 - root - DEBUG - Processing 450-th line out of 500 rows of DP table...
2022-01-04 00:57:48,006 - root - DEBUG - Processing 460-th line out of 500 rows of DP table...
2022-01-04 00:57:48,021 - root - DEBUG - Processing 470-th line out of 500 rows of DP table...
2022-01-04 00:57:48,033 - root - DEBUG - Processing 480-th line out of 500 rows of DP table...
2022-01-04 00:57:48,041 - root - DEBUG - Processing 490-th line out of 500 rows of DP table...
2022-01-04 00:57:48,047 - root - DEBUG - Processing 500-th line out of 500 rows of DP table...
2022-01-04 00:57:48,050 - root - DEBUG - Started computing joint logprobs...
