2022-01-04 20:47:34,587 - root - INFO - Loading reference interval set from '211227-2-sim/g11_8.ref.tsv'...
2022-01-04 20:47:34,630 - root - INFO - Loading query interval set from '211227-2-sim/g11_8.query.tsv'...
2022-01-04 20:47:34,811 - root - INFO - Loading chromosome sizes from '211227-2-sim/g11_sizes.tsv'...
2022-01-04 20:47:34,845 - root - INFO - Number of reference intervals: 500 (500 before merging)
2022-01-04 20:47:34,848 - root - INFO - Number of query intervals: 5000 (5000 before merging)
2022-01-04 20:47:34,850 - root - INFO - Number of chromosomes: 1
2022-01-04 20:47:34,866 - root - INFO - Overlap count: 196
2022-01-04 20:47:34,872 - root - DEBUG - Started computing sf for chromosome 'chr1'...
2022-01-04 20:47:34,876 - root - DEBUG - m=500, n=5000
2022-01-04 20:47:35,033 - root - DEBUG - Processing 10-th line out of 500 rows of DP table...
2022-01-04 20:47:35,214 - root - DEBUG - Processing 20-th line out of 500 rows of DP table...
2022-01-04 20:47:35,375 - root - DEBUG - Processing 30-th line out of 500 rows of DP table...
2022-01-04 20:47:35,545 - root - DEBUG - Processing 40-th line out of 500 rows of DP table...
2022-01-04 20:47:35,691 - root - DEBUG - Processing 50-th line out of 500 rows of DP table...
2022-01-04 20:47:35,833 - root - DEBUG - Processing 60-th line out of 500 rows of DP table...
2022-01-04 20:47:35,970 - root - DEBUG - Processing 70-th line out of 500 rows of DP table...
2022-01-04 20:47:36,106 - root - DEBUG - Processing 80-th line out of 500 rows of DP table...
2022-01-04 20:47:36,238 - root - DEBUG - Processing 90-th line out of 500 rows of DP table...
2022-01-04 20:47:36,368 - root - DEBUG - Processing 100-th line out of 500 rows of DP table...
2022-01-04 20:47:36,494 - root - DEBUG - Processing 110-th line out of 500 rows of DP table...
2022-01-04 20:47:36,618 - root - DEBUG - Processing 120-th line out of 500 rows of DP table...
2022-01-04 20:47:36,739 - root - DEBUG - Processing 130-th line out of 500 rows of DP table...
2022-01-04 20:47:36,856 - root - DEBUG - Processing 140-th line out of 500 rows of DP table...
2022-01-04 20:47:36,970 - root - DEBUG - Processing 150-th line out of 500 rows of DP table...
2022-01-04 20:47:37,082 - root - DEBUG - Processing 160-th line out of 500 rows of DP table...
2022-01-04 20:47:37,191 - root - DEBUG - Processing 170-th line out of 500 rows of DP table...
2022-01-04 20:47:37,296 - root - DEBUG - Processing 180-th line out of 500 rows of DP table...
2022-01-04 20:47:37,397 - root - DEBUG - Processing 190-th line out of 500 rows of DP table...
2022-01-04 20:47:37,496 - root - DEBUG - Processing 200-th line out of 500 rows of DP table...
2022-01-04 20:47:37,601 - root - DEBUG - Processing 210-th line out of 500 rows of DP table...
2022-01-04 20:47:37,695 - root - DEBUG - Processing 220-th line out of 500 rows of DP table...
2022-01-04 20:47:37,785 - root - DEBUG - Processing 230-th line out of 500 rows of DP table...
2022-01-04 20:47:37,875 - root - DEBUG - Processing 240-th line out of 500 rows of DP table...
2022-01-04 20:47:37,964 - root - DEBUG - Processing 250-th line out of 500 rows of DP table...
2022-01-04 20:47:38,050 - root - DEBUG - Processing 260-th line out of 500 rows of DP table...
2022-01-04 20:47:38,131 - root - DEBUG - Processing 270-th line out of 500 rows of DP table...
2022-01-04 20:47:38,210 - root - DEBUG - Processing 280-th line out of 500 rows of DP table...
2022-01-04 20:47:38,285 - root - DEBUG - Processing 290-th line out of 500 rows of DP table...
2022-01-04 20:47:38,357 - root - DEBUG - Processing 300-th line out of 500 rows of DP table...
2022-01-04 20:47:38,427 - root - DEBUG - Processing 310-th line out of 500 rows of DP table...
2022-01-04 20:47:38,493 - root - DEBUG - Processing 320-th line out of 500 rows of DP table...
2022-01-04 20:47:38,556 - root - DEBUG - Processing 330-th line out of 500 rows of DP table...
2022-01-04 20:47:38,615 - root - DEBUG - Processing 340-th line out of 500 rows of DP table...
2022-01-04 20:47:38,672 - root - DEBUG - Processing 350-th line out of 500 rows of DP table...
2022-01-04 20:47:38,724 - root - DEBUG - Processing 360-th line out of 500 rows of DP table...
2022-01-04 20:47:38,772 - root - DEBUG - Processing 370-th line out of 500 rows of DP table...
2022-01-04 20:47:38,819 - root - DEBUG - Processing 380-th line out of 500 rows of DP table...
2022-01-04 20:47:38,861 - root - DEBUG - Processing 390-th line out of 500 rows of DP table...
2022-01-04 20:47:38,900 - root - DEBUG - Processing 400-th line out of 500 rows of DP table...
2022-01-04 20:47:38,936 - root - DEBUG - Processing 410-th line out of 500 rows of DP table...
2022-01-04 20:47:38,969 - root - DEBUG - Processing 420-th line out of 500 rows of DP table...
2022-01-04 20:47:38,998 - root - DEBUG - Processing 430-th line out of 500 rows of DP table...
2022-01-04 20:47:39,023 - root - DEBUG - Processing 440-th line out of 500 rows of DP table...
2022-01-04 20:47:39,045 - root - DEBUG - Processing 450-th line out of 500 rows of DP table...
2022-01-04 20:47:39,081 - root - DEBUG - Processing 460-th line out of 500 rows of DP table...
2022-01-04 20:47:39,097 - root - DEBUG - Processing 470-th line out of 500 rows of DP table...
2022-01-04 20:47:39,110 - root - DEBUG - Processing 480-th line out of 500 rows of DP table...
2022-01-04 20:47:39,119 - root - DEBUG - Processing 490-th line out of 500 rows of DP table...
2022-01-04 20:47:39,125 - root - DEBUG - Processing 500-th line out of 500 rows of DP table...
2022-01-04 20:47:39,130 - root - DEBUG - Started computing joint logprobs...
