2022-01-04 20:47:34,435 - root - INFO - Loading reference interval set from '211227-2-sim/g11_1.ref.tsv'...
2022-01-04 20:47:34,456 - root - INFO - Loading query interval set from '211227-2-sim/g11_1.query.tsv'...
2022-01-04 20:47:34,466 - root - INFO - Loading chromosome sizes from '211227-2-sim/g11_sizes.tsv'...
2022-01-04 20:47:34,472 - root - INFO - Number of reference intervals: 500 (500 before merging)
2022-01-04 20:47:34,474 - root - INFO - Number of query intervals: 5000 (5000 before merging)
2022-01-04 20:47:34,475 - root - INFO - Number of chromosomes: 1
2022-01-04 20:47:34,487 - root - INFO - Overlap count: 207
2022-01-04 20:47:34,488 - root - DEBUG - Started computing sf for chromosome 'chr1'...
2022-01-04 20:47:34,491 - root - DEBUG - m=500, n=5000
2022-01-04 20:47:34,708 - root - DEBUG - Processing 10-th line out of 500 rows of DP table...
2022-01-04 20:47:34,884 - root - DEBUG - Processing 20-th line out of 500 rows of DP table...
2022-01-04 20:47:35,073 - root - DEBUG - Processing 30-th line out of 500 rows of DP table...
2022-01-04 20:47:35,313 - root - DEBUG - Processing 40-th line out of 500 rows of DP table...
2022-01-04 20:47:35,466 - root - DEBUG - Processing 50-th line out of 500 rows of DP table...
2022-01-04 20:47:35,610 - root - DEBUG - Processing 60-th line out of 500 rows of DP table...
2022-01-04 20:47:35,749 - root - DEBUG - Processing 70-th line out of 500 rows of DP table...
2022-01-04 20:47:35,884 - root - DEBUG - Processing 80-th line out of 500 rows of DP table...
2022-01-04 20:47:36,016 - root - DEBUG - Processing 90-th line out of 500 rows of DP table...
2022-01-04 20:47:36,160 - root - DEBUG - Processing 100-th line out of 500 rows of DP table...
2022-01-04 20:47:36,286 - root - DEBUG - Processing 110-th line out of 500 rows of DP table...
2022-01-04 20:47:36,410 - root - DEBUG - Processing 120-th line out of 500 rows of DP table...
2022-01-04 20:47:36,531 - root - DEBUG - Processing 130-th line out of 500 rows of DP table...
2022-01-04 20:47:36,648 - root - DEBUG - Processing 140-th line out of 500 rows of DP table...
2022-01-04 20:47:36,762 - root - DEBUG - Processing 150-th line out of 500 rows of DP table...
2022-01-04 20:47:36,873 - root - DEBUG - Processing 160-th line out of 500 rows of DP table...
2022-01-04 20:47:36,980 - root - DEBUG - Processing 170-th line out of 500 rows of DP table...
2022-01-04 20:47:37,085 - root - DEBUG - Processing 180-th line out of 500 rows of DP table...
2022-01-04 20:47:37,186 - root - DEBUG - Processing 190-th line out of 500 rows of DP table...
2022-01-04 20:47:37,285 - root - DEBUG - Processing 200-th line out of 500 rows of DP table...
2022-01-04 20:47:37,381 - root - DEBUG - Processing 210-th line out of 500 rows of DP table...
2022-01-04 20:47:37,473 - root - DEBUG - Processing 220-th line out of 500 rows of DP table...
2022-01-04 20:47:37,564 - root - DEBUG - Processing 230-th line out of 500 rows of DP table...
2022-01-04 20:47:37,653 - root - DEBUG - Processing 240-th line out of 500 rows of DP table...
2022-01-04 20:47:37,736 - root - DEBUG - Processing 250-th line out of 500 rows of DP table...
2022-01-04 20:47:37,815 - root - DEBUG - Processing 260-th line out of 500 rows of DP table...
2022-01-04 20:47:37,897 - root - DEBUG - Processing 270-th line out of 500 rows of DP table...
2022-01-04 20:47:37,976 - root - DEBUG - Processing 280-th line out of 500 rows of DP table...
2022-01-04 20:47:38,052 - root - DEBUG - Processing 290-th line out of 500 rows of DP table...
2022-01-04 20:47:38,123 - root - DEBUG - Processing 300-th line out of 500 rows of DP table...
2022-01-04 20:47:38,192 - root - DEBUG - Processing 310-th line out of 500 rows of DP table...
2022-01-04 20:47:38,257 - root - DEBUG - Processing 320-th line out of 500 rows of DP table...
2022-01-04 20:47:38,319 - root - DEBUG - Processing 330-th line out of 500 rows of DP table...
2022-01-04 20:47:38,378 - root - DEBUG - Processing 340-th line out of 500 rows of DP table...
2022-01-04 20:47:38,434 - root - DEBUG - Processing 350-th line out of 500 rows of DP table...
2022-01-04 20:47:38,486 - root - DEBUG - Processing 360-th line out of 500 rows of DP table...
2022-01-04 20:47:38,536 - root - DEBUG - Processing 370-th line out of 500 rows of DP table...
2022-01-04 20:47:38,584 - root - DEBUG - Processing 380-th line out of 500 rows of DP table...
2022-01-04 20:47:38,626 - root - DEBUG - Processing 390-th line out of 500 rows of DP table...
2022-01-04 20:47:38,665 - root - DEBUG - Processing 400-th line out of 500 rows of DP table...
2022-01-04 20:47:38,701 - root - DEBUG - Processing 410-th line out of 500 rows of DP table...
2022-01-04 20:47:38,733 - root - DEBUG - Processing 420-th line out of 500 rows of DP table...
2022-01-04 20:47:38,761 - root - DEBUG - Processing 430-th line out of 500 rows of DP table...
2022-01-04 20:47:38,787 - root - DEBUG - Processing 440-th line out of 500 rows of DP table...
2022-01-04 20:47:38,819 - root - DEBUG - Processing 450-th line out of 500 rows of DP table...
2022-01-04 20:47:38,839 - root - DEBUG - Processing 460-th line out of 500 rows of DP table...
2022-01-04 20:47:38,855 - root - DEBUG - Processing 470-th line out of 500 rows of DP table...
2022-01-04 20:47:38,867 - root - DEBUG - Processing 480-th line out of 500 rows of DP table...
2022-01-04 20:47:38,877 - root - DEBUG - Processing 490-th line out of 500 rows of DP table...
2022-01-04 20:47:38,883 - root - DEBUG - Processing 500-th line out of 500 rows of DP table...
2022-01-04 20:47:38,887 - root - DEBUG - Started computing joint logprobs...
