2022-01-04 00:59:45,849 - root - INFO - Loading reference interval set from '211227-2-sim/g11_6.ref.tsv'...
2022-01-04 00:59:45,854 - root - INFO - Loading query interval set from '211227-2-sim/g11_6.query.tsv'...
2022-01-04 00:59:45,868 - root - INFO - Loading chromosome sizes from '211227-2-sim/g11_sizes.tsv'...
2022-01-04 00:59:45,885 - root - INFO - Number of reference intervals: 500 (500 before merging)
2022-01-04 00:59:45,889 - root - INFO - Number of query intervals: 5000 (5000 before merging)
2022-01-04 00:59:45,891 - root - INFO - Number of chromosomes: 1
2022-01-04 00:59:45,919 - root - INFO - Overlap count: 230
2022-01-04 00:59:45,924 - root - DEBUG - Started computing sf for chromosome 'chr1'...
2022-01-04 00:59:45,931 - root - DEBUG - m=500, n=5000
2022-01-04 00:59:46,302 - root - DEBUG - Processing 10-th line out of 500 rows of DP table...
2022-01-04 00:59:46,727 - root - DEBUG - Processing 20-th line out of 500 rows of DP table...
2022-01-04 00:59:47,133 - root - DEBUG - Processing 30-th line out of 500 rows of DP table...
2022-01-04 00:59:47,530 - root - DEBUG - Processing 40-th line out of 500 rows of DP table...
2022-01-04 00:59:47,757 - root - DEBUG - Processing 50-th line out of 500 rows of DP table...
2022-01-04 00:59:47,963 - root - DEBUG - Processing 60-th line out of 500 rows of DP table...
2022-01-04 00:59:48,165 - root - DEBUG - Processing 70-th line out of 500 rows of DP table...
2022-01-04 00:59:48,378 - root - DEBUG - Processing 80-th line out of 500 rows of DP table...
2022-01-04 00:59:48,594 - root - DEBUG - Processing 90-th line out of 500 rows of DP table...
2022-01-04 00:59:48,746 - root - DEBUG - Processing 100-th line out of 500 rows of DP table...
2022-01-04 00:59:48,915 - root - DEBUG - Processing 110-th line out of 500 rows of DP table...
2022-01-04 00:59:49,063 - root - DEBUG - Processing 120-th line out of 500 rows of DP table...
2022-01-04 00:59:49,205 - root - DEBUG - Processing 130-th line out of 500 rows of DP table...
2022-01-04 00:59:49,345 - root - DEBUG - Processing 140-th line out of 500 rows of DP table...
2022-01-04 00:59:49,479 - root - DEBUG - Processing 150-th line out of 500 rows of DP table...
2022-01-04 00:59:49,610 - root - DEBUG - Processing 160-th line out of 500 rows of DP table...
2022-01-04 00:59:49,736 - root - DEBUG - Processing 170-th line out of 500 rows of DP table...
2022-01-04 00:59:49,859 - root - DEBUG - Processing 180-th line out of 500 rows of DP table...
2022-01-04 00:59:49,978 - root - DEBUG - Processing 190-th line out of 500 rows of DP table...
2022-01-04 00:59:50,094 - root - DEBUG - Processing 200-th line out of 500 rows of DP table...
2022-01-04 00:59:50,207 - root - DEBUG - Processing 210-th line out of 500 rows of DP table...
2022-01-04 00:59:50,316 - root - DEBUG - Processing 220-th line out of 500 rows of DP table...
2022-01-04 00:59:50,421 - root - DEBUG - Processing 230-th line out of 500 rows of DP table...
2022-01-04 00:59:50,522 - root - DEBUG - Processing 240-th line out of 500 rows of DP table...
2022-01-04 00:59:50,618 - root - DEBUG - Processing 250-th line out of 500 rows of DP table...
2022-01-04 00:59:50,712 - root - DEBUG - Processing 260-th line out of 500 rows of DP table...
2022-01-04 00:59:50,802 - root - DEBUG - Processing 270-th line out of 500 rows of DP table...
2022-01-04 00:59:50,890 - root - DEBUG - Processing 280-th line out of 500 rows of DP table...
2022-01-04 00:59:50,974 - root - DEBUG - Processing 290-th line out of 500 rows of DP table...
2022-01-04 00:59:51,055 - root - DEBUG - Processing 300-th line out of 500 rows of DP table...
2022-01-04 00:59:51,132 - root - DEBUG - Processing 310-th line out of 500 rows of DP table...
2022-01-04 00:59:51,205 - root - DEBUG - Processing 320-th line out of 500 rows of DP table...
2022-01-04 00:59:51,274 - root - DEBUG - Processing 330-th line out of 500 rows of DP table...
2022-01-04 00:59:51,359 - root - DEBUG - Processing 340-th line out of 500 rows of DP table...
2022-01-04 00:59:51,426 - root - DEBUG - Processing 350-th line out of 500 rows of DP table...
2022-01-04 00:59:51,486 - root - DEBUG - Processing 360-th line out of 500 rows of DP table...
2022-01-04 00:59:51,542 - root - DEBUG - Processing 370-th line out of 500 rows of DP table...
2022-01-04 00:59:51,594 - root - DEBUG - Processing 380-th line out of 500 rows of DP table...
2022-01-04 00:59:51,643 - root - DEBUG - Processing 390-th line out of 500 rows of DP table...
2022-01-04 00:59:51,689 - root - DEBUG - Processing 400-th line out of 500 rows of DP table...
2022-01-04 00:59:51,732 - root - DEBUG - Processing 410-th line out of 500 rows of DP table...
2022-01-04 00:59:51,769 - root - DEBUG - Processing 420-th line out of 500 rows of DP table...
2022-01-04 00:59:51,803 - root - DEBUG - Processing 430-th line out of 500 rows of DP table...
2022-01-04 00:59:51,834 - root - DEBUG - Processing 440-th line out of 500 rows of DP table...
2022-01-04 00:59:51,861 - root - DEBUG - Processing 450-th line out of 500 rows of DP table...
2022-01-04 00:59:51,885 - root - DEBUG - Processing 460-th line out of 500 rows of DP table...
2022-01-04 00:59:51,904 - root - DEBUG - Processing 470-th line out of 500 rows of DP table...
2022-01-04 00:59:51,920 - root - DEBUG - Processing 480-th line out of 500 rows of DP table...
2022-01-04 00:59:51,933 - root - DEBUG - Processing 490-th line out of 500 rows of DP table...
2022-01-04 00:59:51,942 - root - DEBUG - Processing 500-th line out of 500 rows of DP table...
2022-01-04 00:59:51,950 - root - DEBUG - Started computing joint logprobs...
