2022-01-04 20:47:34,436 - root - INFO - Loading reference interval set from '211227-2-sim/g11_2.ref.tsv'...
2022-01-04 20:47:34,437 - root - INFO - Loading query interval set from '211227-2-sim/g11_2.query.tsv'...
2022-01-04 20:47:34,445 - root - INFO - Loading chromosome sizes from '211227-2-sim/g11_sizes.tsv'...
2022-01-04 20:47:34,450 - root - INFO - Number of reference intervals: 500 (500 before merging)
2022-01-04 20:47:34,452 - root - INFO - Number of query intervals: 5000 (5000 before merging)
2022-01-04 20:47:34,455 - root - INFO - Number of chromosomes: 1
2022-01-04 20:47:34,465 - root - INFO - Overlap count: 227
2022-01-04 20:47:34,466 - root - DEBUG - Started computing sf for chromosome 'chr1'...
2022-01-04 20:47:34,469 - root - DEBUG - m=500, n=5000
2022-01-04 20:47:34,686 - root - DEBUG - Processing 10-th line out of 500 rows of DP table...
2022-01-04 20:47:34,835 - root - DEBUG - Processing 20-th line out of 500 rows of DP table...
2022-01-04 20:47:34,995 - root - DEBUG - Processing 30-th line out of 500 rows of DP table...
2022-01-04 20:47:35,151 - root - DEBUG - Processing 40-th line out of 500 rows of DP table...
2022-01-04 20:47:35,305 - root - DEBUG - Processing 50-th line out of 500 rows of DP table...
2022-01-04 20:47:35,456 - root - DEBUG - Processing 60-th line out of 500 rows of DP table...
2022-01-04 20:47:35,597 - root - DEBUG - Processing 70-th line out of 500 rows of DP table...
2022-01-04 20:47:35,733 - root - DEBUG - Processing 80-th line out of 500 rows of DP table...
2022-01-04 20:47:35,866 - root - DEBUG - Processing 90-th line out of 500 rows of DP table...
2022-01-04 20:47:35,997 - root - DEBUG - Processing 100-th line out of 500 rows of DP table...
2022-01-04 20:47:36,121 - root - DEBUG - Processing 110-th line out of 500 rows of DP table...
2022-01-04 20:47:36,245 - root - DEBUG - Processing 120-th line out of 500 rows of DP table...
2022-01-04 20:47:36,378 - root - DEBUG - Processing 130-th line out of 500 rows of DP table...
2022-01-04 20:47:36,496 - root - DEBUG - Processing 140-th line out of 500 rows of DP table...
2022-01-04 20:47:36,610 - root - DEBUG - Processing 150-th line out of 500 rows of DP table...
2022-01-04 20:47:36,721 - root - DEBUG - Processing 160-th line out of 500 rows of DP table...
2022-01-04 20:47:36,829 - root - DEBUG - Processing 170-th line out of 500 rows of DP table...
2022-01-04 20:47:36,934 - root - DEBUG - Processing 180-th line out of 500 rows of DP table...
2022-01-04 20:47:37,036 - root - DEBUG - Processing 190-th line out of 500 rows of DP table...
2022-01-04 20:47:37,135 - root - DEBUG - Processing 200-th line out of 500 rows of DP table...
2022-01-04 20:47:37,231 - root - DEBUG - Processing 210-th line out of 500 rows of DP table...
2022-01-04 20:47:37,323 - root - DEBUG - Processing 220-th line out of 500 rows of DP table...
2022-01-04 20:47:37,412 - root - DEBUG - Processing 230-th line out of 500 rows of DP table...
2022-01-04 20:47:37,500 - root - DEBUG - Processing 240-th line out of 500 rows of DP table...
2022-01-04 20:47:37,584 - root - DEBUG - Processing 250-th line out of 500 rows of DP table...
2022-01-04 20:47:37,667 - root - DEBUG - Processing 260-th line out of 500 rows of DP table...
2022-01-04 20:47:37,744 - root - DEBUG - Processing 270-th line out of 500 rows of DP table...
2022-01-04 20:47:37,818 - root - DEBUG - Processing 280-th line out of 500 rows of DP table...
2022-01-04 20:47:37,893 - root - DEBUG - Processing 290-th line out of 500 rows of DP table...
2022-01-04 20:47:37,966 - root - DEBUG - Processing 300-th line out of 500 rows of DP table...
2022-01-04 20:47:38,036 - root - DEBUG - Processing 310-th line out of 500 rows of DP table...
2022-01-04 20:47:38,101 - root - DEBUG - Processing 320-th line out of 500 rows of DP table...
2022-01-04 20:47:38,163 - root - DEBUG - Processing 330-th line out of 500 rows of DP table...
2022-01-04 20:47:38,221 - root - DEBUG - Processing 340-th line out of 500 rows of DP table...
2022-01-04 20:47:38,277 - root - DEBUG - Processing 350-th line out of 500 rows of DP table...
2022-01-04 20:47:38,329 - root - DEBUG - Processing 360-th line out of 500 rows of DP table...
2022-01-04 20:47:38,377 - root - DEBUG - Processing 370-th line out of 500 rows of DP table...
2022-01-04 20:47:38,424 - root - DEBUG - Processing 380-th line out of 500 rows of DP table...
2022-01-04 20:47:38,467 - root - DEBUG - Processing 390-th line out of 500 rows of DP table...
2022-01-04 20:47:38,508 - root - DEBUG - Processing 400-th line out of 500 rows of DP table...
2022-01-04 20:47:38,544 - root - DEBUG - Processing 410-th line out of 500 rows of DP table...
2022-01-04 20:47:38,576 - root - DEBUG - Processing 420-th line out of 500 rows of DP table...
2022-01-04 20:47:38,605 - root - DEBUG - Processing 430-th line out of 500 rows of DP table...
2022-01-04 20:47:38,632 - root - DEBUG - Processing 440-th line out of 500 rows of DP table...
2022-01-04 20:47:38,653 - root - DEBUG - Processing 450-th line out of 500 rows of DP table...
2022-01-04 20:47:38,673 - root - DEBUG - Processing 460-th line out of 500 rows of DP table...
2022-01-04 20:47:38,688 - root - DEBUG - Processing 470-th line out of 500 rows of DP table...
2022-01-04 20:47:38,700 - root - DEBUG - Processing 480-th line out of 500 rows of DP table...
2022-01-04 20:47:38,709 - root - DEBUG - Processing 490-th line out of 500 rows of DP table...
2022-01-04 20:47:38,714 - root - DEBUG - Processing 500-th line out of 500 rows of DP table...
2022-01-04 20:47:38,718 - root - DEBUG - Started computing joint logprobs...
