2022-01-04 21:20:15,508 - root - INFO - Loading reference interval set from '211227-2-sim/g11_5.ref.tsv'...
2022-01-04 21:20:15,510 - root - INFO - Loading query interval set from '211227-2-sim/g11_5.query.tsv'...
2022-01-04 21:20:15,517 - root - INFO - Loading chromosome sizes from '211227-2-sim/g11_sizes.tsv'...
2022-01-04 21:20:15,523 - root - INFO - Number of reference intervals: 500 (500 before merging)
2022-01-04 21:20:15,525 - root - INFO - Number of query intervals: 5000 (5000 before merging)
2022-01-04 21:20:15,526 - root - INFO - Number of chromosomes: 1
2022-01-04 21:20:15,533 - root - INFO - Overlap count: 227
2022-01-04 21:20:15,535 - root - DEBUG - Started computing sf for chromosome 'chr1'...
2022-01-04 21:20:15,537 - root - DEBUG - m=500, n=5000
2022-01-04 21:20:15,694 - root - DEBUG - Processing 10-th line out of 500 rows of DP table...
2022-01-04 21:20:15,857 - root - DEBUG - Processing 20-th line out of 500 rows of DP table...
2022-01-04 21:20:16,018 - root - DEBUG - Processing 30-th line out of 500 rows of DP table...
2022-01-04 21:20:16,175 - root - DEBUG - Processing 40-th line out of 500 rows of DP table...
2022-01-04 21:20:16,329 - root - DEBUG - Processing 50-th line out of 500 rows of DP table...
2022-01-04 21:20:16,492 - root - DEBUG - Processing 60-th line out of 500 rows of DP table...
2022-01-04 21:20:16,641 - root - DEBUG - Processing 70-th line out of 500 rows of DP table...
2022-01-04 21:20:16,785 - root - DEBUG - Processing 80-th line out of 500 rows of DP table...
2022-01-04 21:20:16,924 - root - DEBUG - Processing 90-th line out of 500 rows of DP table...
2022-01-04 21:20:17,061 - root - DEBUG - Processing 100-th line out of 500 rows of DP table...
2022-01-04 21:20:17,194 - root - DEBUG - Processing 110-th line out of 500 rows of DP table...
2022-01-04 21:20:17,324 - root - DEBUG - Processing 120-th line out of 500 rows of DP table...
2022-01-04 21:20:17,451 - root - DEBUG - Processing 130-th line out of 500 rows of DP table...
2022-01-04 21:20:17,573 - root - DEBUG - Processing 140-th line out of 500 rows of DP table...
2022-01-04 21:20:17,693 - root - DEBUG - Processing 150-th line out of 500 rows of DP table...
2022-01-04 21:20:17,809 - root - DEBUG - Processing 160-th line out of 500 rows of DP table...
2022-01-04 21:20:17,923 - root - DEBUG - Processing 170-th line out of 500 rows of DP table...
2022-01-04 21:20:18,033 - root - DEBUG - Processing 180-th line out of 500 rows of DP table...
2022-01-04 21:20:18,140 - root - DEBUG - Processing 190-th line out of 500 rows of DP table...
2022-01-04 21:20:18,244 - root - DEBUG - Processing 200-th line out of 500 rows of DP table...
2022-01-04 21:20:18,344 - root - DEBUG - Processing 210-th line out of 500 rows of DP table...
2022-01-04 21:20:18,467 - root - DEBUG - Processing 220-th line out of 500 rows of DP table...
2022-01-04 21:20:18,562 - root - DEBUG - Processing 230-th line out of 500 rows of DP table...
2022-01-04 21:20:18,654 - root - DEBUG - Processing 240-th line out of 500 rows of DP table...
2022-01-04 21:20:18,749 - root - DEBUG - Processing 250-th line out of 500 rows of DP table...
2022-01-04 21:20:18,834 - root - DEBUG - Processing 260-th line out of 500 rows of DP table...
2022-01-04 21:20:18,917 - root - DEBUG - Processing 270-th line out of 500 rows of DP table...
2022-01-04 21:20:18,996 - root - DEBUG - Processing 280-th line out of 500 rows of DP table...
2022-01-04 21:20:19,071 - root - DEBUG - Processing 290-th line out of 500 rows of DP table...
2022-01-04 21:20:19,143 - root - DEBUG - Processing 300-th line out of 500 rows of DP table...
2022-01-04 21:20:19,211 - root - DEBUG - Processing 310-th line out of 500 rows of DP table...
2022-01-04 21:20:19,277 - root - DEBUG - Processing 320-th line out of 500 rows of DP table...
2022-01-04 21:20:19,351 - root - DEBUG - Processing 330-th line out of 500 rows of DP table...
2022-01-04 21:20:19,410 - root - DEBUG - Processing 340-th line out of 500 rows of DP table...
2022-01-04 21:20:19,464 - root - DEBUG - Processing 350-th line out of 500 rows of DP table...
2022-01-04 21:20:19,515 - root - DEBUG - Processing 360-th line out of 500 rows of DP table...
2022-01-04 21:20:19,563 - root - DEBUG - Processing 370-th line out of 500 rows of DP table...
2022-01-04 21:20:19,608 - root - DEBUG - Processing 380-th line out of 500 rows of DP table...
2022-01-04 21:20:19,649 - root - DEBUG - Processing 390-th line out of 500 rows of DP table...
2022-01-04 21:20:19,687 - root - DEBUG - Processing 400-th line out of 500 rows of DP table...
2022-01-04 21:20:19,721 - root - DEBUG - Processing 410-th line out of 500 rows of DP table...
2022-01-04 21:20:19,753 - root - DEBUG - Processing 420-th line out of 500 rows of DP table...
2022-01-04 21:20:19,781 - root - DEBUG - Processing 430-th line out of 500 rows of DP table...
2022-01-04 21:20:19,806 - root - DEBUG - Processing 440-th line out of 500 rows of DP table...
2022-01-04 21:20:19,827 - root - DEBUG - Processing 450-th line out of 500 rows of DP table...
2022-01-04 21:20:19,846 - root - DEBUG - Processing 460-th line out of 500 rows of DP table...
2022-01-04 21:20:19,861 - root - DEBUG - Processing 470-th line out of 500 rows of DP table...
2022-01-04 21:20:19,873 - root - DEBUG - Processing 480-th line out of 500 rows of DP table...
2022-01-04 21:20:19,881 - root - DEBUG - Processing 490-th line out of 500 rows of DP table...
2022-01-04 21:20:19,886 - root - DEBUG - Processing 500-th line out of 500 rows of DP table...
2022-01-04 21:20:19,891 - root - DEBUG - Started computing joint logprobs...
