2022-01-04 21:16:37,321 - root - INFO - Loading reference interval set from '211227-2-sim/g11_3.ref.tsv'...
2022-01-04 21:16:37,324 - root - INFO - Loading query interval set from '211227-2-sim/g11_3.query.tsv'...
2022-01-04 21:16:37,337 - root - INFO - Loading chromosome sizes from '211227-2-sim/g11_sizes.tsv'...
2022-01-04 21:16:37,353 - root - INFO - Number of reference intervals: 500 (500 before merging)
2022-01-04 21:16:37,355 - root - INFO - Number of query intervals: 5000 (5000 before merging)
2022-01-04 21:16:37,356 - root - INFO - Number of chromosomes: 1
2022-01-04 21:16:37,370 - root - INFO - Overlap count: 221
2022-01-04 21:16:37,372 - root - DEBUG - Started computing sf for chromosome 'chr1'...
2022-01-04 21:16:37,374 - root - DEBUG - m=500, n=5000
2022-01-04 21:16:37,699 - root - DEBUG - Processing 10-th line out of 500 rows of DP table...
2022-01-04 21:16:38,037 - root - DEBUG - Processing 20-th line out of 500 rows of DP table...
2022-01-04 21:16:38,368 - root - DEBUG - Processing 30-th line out of 500 rows of DP table...
2022-01-04 21:16:38,699 - root - DEBUG - Processing 40-th line out of 500 rows of DP table...
2022-01-04 21:16:38,873 - root - DEBUG - Processing 50-th line out of 500 rows of DP table...
2022-01-04 21:16:39,029 - root - DEBUG - Processing 60-th line out of 500 rows of DP table...
2022-01-04 21:16:39,180 - root - DEBUG - Processing 70-th line out of 500 rows of DP table...
2022-01-04 21:16:39,328 - root - DEBUG - Processing 80-th line out of 500 rows of DP table...
2022-01-04 21:16:39,473 - root - DEBUG - Processing 90-th line out of 500 rows of DP table...
2022-01-04 21:16:39,616 - root - DEBUG - Processing 100-th line out of 500 rows of DP table...
2022-01-04 21:16:39,764 - root - DEBUG - Processing 110-th line out of 500 rows of DP table...
2022-01-04 21:16:39,900 - root - DEBUG - Processing 120-th line out of 500 rows of DP table...
2022-01-04 21:16:40,031 - root - DEBUG - Processing 130-th line out of 500 rows of DP table...
2022-01-04 21:16:40,158 - root - DEBUG - Processing 140-th line out of 500 rows of DP table...
2022-01-04 21:16:40,283 - root - DEBUG - Processing 150-th line out of 500 rows of DP table...
2022-01-04 21:16:40,404 - root - DEBUG - Processing 160-th line out of 500 rows of DP table...
2022-01-04 21:16:40,522 - root - DEBUG - Processing 170-th line out of 500 rows of DP table...
2022-01-04 21:16:40,636 - root - DEBUG - Processing 180-th line out of 500 rows of DP table...
2022-01-04 21:16:40,746 - root - DEBUG - Processing 190-th line out of 500 rows of DP table...
2022-01-04 21:16:40,859 - root - DEBUG - Processing 200-th line out of 500 rows of DP table...
2022-01-04 21:16:40,963 - root - DEBUG - Processing 210-th line out of 500 rows of DP table...
2022-01-04 21:16:41,064 - root - DEBUG - Processing 220-th line out of 500 rows of DP table...
2022-01-04 21:16:41,162 - root - DEBUG - Processing 230-th line out of 500 rows of DP table...
2022-01-04 21:16:41,256 - root - DEBUG - Processing 240-th line out of 500 rows of DP table...
2022-01-04 21:16:41,346 - root - DEBUG - Processing 250-th line out of 500 rows of DP table...
2022-01-04 21:16:41,434 - root - DEBUG - Processing 260-th line out of 500 rows of DP table...
2022-01-04 21:16:41,518 - root - DEBUG - Processing 270-th line out of 500 rows of DP table...
2022-01-04 21:16:41,599 - root - DEBUG - Processing 280-th line out of 500 rows of DP table...
2022-01-04 21:16:41,676 - root - DEBUG - Processing 290-th line out of 500 rows of DP table...
2022-01-04 21:16:41,751 - root - DEBUG - Processing 300-th line out of 500 rows of DP table...
2022-01-04 21:16:41,823 - root - DEBUG - Processing 310-th line out of 500 rows of DP table...
2022-01-04 21:16:41,890 - root - DEBUG - Processing 320-th line out of 500 rows of DP table...
2022-01-04 21:16:41,959 - root - DEBUG - Processing 330-th line out of 500 rows of DP table...
2022-01-04 21:16:42,019 - root - DEBUG - Processing 340-th line out of 500 rows of DP table...
2022-01-04 21:16:42,076 - root - DEBUG - Processing 350-th line out of 500 rows of DP table...
2022-01-04 21:16:42,129 - root - DEBUG - Processing 360-th line out of 500 rows of DP table...
2022-01-04 21:16:42,179 - root - DEBUG - Processing 370-th line out of 500 rows of DP table...
2022-01-04 21:16:42,226 - root - DEBUG - Processing 380-th line out of 500 rows of DP table...
2022-01-04 21:16:42,269 - root - DEBUG - Processing 390-th line out of 500 rows of DP table...
2022-01-04 21:16:42,309 - root - DEBUG - Processing 400-th line out of 500 rows of DP table...
2022-01-04 21:16:42,354 - root - DEBUG - Processing 410-th line out of 500 rows of DP table...
2022-01-04 21:16:42,387 - root - DEBUG - Processing 420-th line out of 500 rows of DP table...
2022-01-04 21:16:42,417 - root - DEBUG - Processing 430-th line out of 500 rows of DP table...
2022-01-04 21:16:42,455 - root - DEBUG - Processing 440-th line out of 500 rows of DP table...
2022-01-04 21:16:42,478 - root - DEBUG - Processing 450-th line out of 500 rows of DP table...
2022-01-04 21:16:42,498 - root - DEBUG - Processing 460-th line out of 500 rows of DP table...
2022-01-04 21:16:42,515 - root - DEBUG - Processing 470-th line out of 500 rows of DP table...
2022-01-04 21:16:42,527 - root - DEBUG - Processing 480-th line out of 500 rows of DP table...
2022-01-04 21:16:42,536 - root - DEBUG - Processing 490-th line out of 500 rows of DP table...
2022-01-04 21:16:42,542 - root - DEBUG - Processing 500-th line out of 500 rows of DP table...
2022-01-04 21:16:42,546 - root - DEBUG - Started computing joint logprobs...
