2022-01-04 21:18:22,435 - root - INFO - Loading reference interval set from '211227-2-sim/g12_9.ref.tsv'...
2022-01-04 21:18:22,460 - root - INFO - Loading query interval set from '211227-2-sim/g12_9.query.tsv'...
2022-01-04 21:18:22,590 - root - INFO - Loading chromosome sizes from '211227-2-sim/g12_sizes.tsv'...
2022-01-04 21:18:22,726 - root - INFO - Number of reference intervals: 500 (500 before merging)
2022-01-04 21:18:22,729 - root - INFO - Number of query intervals: 50000 (50000 before merging)
2022-01-04 21:18:22,730 - root - INFO - Number of chromosomes: 1
2022-01-04 21:18:22,854 - root - INFO - Overlap count: 500
2022-01-04 21:18:22,857 - root - DEBUG - Started computing sf for chromosome 'chr1'...
2022-01-04 21:18:22,874 - root - DEBUG - m=500, n=50000
2022-01-04 21:18:23,041 - root - DEBUG - Processing 10-th line out of 500 rows of DP table...
2022-01-04 21:18:23,206 - root - DEBUG - Processing 20-th line out of 500 rows of DP table...
2022-01-04 21:18:23,368 - root - DEBUG - Processing 30-th line out of 500 rows of DP table...
2022-01-04 21:18:23,539 - root - DEBUG - Processing 40-th line out of 500 rows of DP table...
2022-01-04 21:18:23,696 - root - DEBUG - Processing 50-th line out of 500 rows of DP table...
2022-01-04 21:18:23,846 - root - DEBUG - Processing 60-th line out of 500 rows of DP table...
2022-01-04 21:18:23,994 - root - DEBUG - Processing 70-th line out of 500 rows of DP table...
2022-01-04 21:18:24,139 - root - DEBUG - Processing 80-th line out of 500 rows of DP table...
2022-01-04 21:18:24,280 - root - DEBUG - Processing 90-th line out of 500 rows of DP table...
2022-01-04 21:18:24,417 - root - DEBUG - Processing 100-th line out of 500 rows of DP table...
2022-01-04 21:18:24,551 - root - DEBUG - Processing 110-th line out of 500 rows of DP table...
2022-01-04 21:18:24,683 - root - DEBUG - Processing 120-th line out of 500 rows of DP table...
2022-01-04 21:18:24,812 - root - DEBUG - Processing 130-th line out of 500 rows of DP table...
2022-01-04 21:18:24,938 - root - DEBUG - Processing 140-th line out of 500 rows of DP table...
2022-01-04 21:18:25,060 - root - DEBUG - Processing 150-th line out of 500 rows of DP table...
2022-01-04 21:18:25,179 - root - DEBUG - Processing 160-th line out of 500 rows of DP table...
2022-01-04 21:18:25,295 - root - DEBUG - Processing 170-th line out of 500 rows of DP table...
2022-01-04 21:18:25,406 - root - DEBUG - Processing 180-th line out of 500 rows of DP table...
2022-01-04 21:18:25,525 - root - DEBUG - Processing 190-th line out of 500 rows of DP table...
2022-01-04 21:18:25,632 - root - DEBUG - Processing 200-th line out of 500 rows of DP table...
2022-01-04 21:18:25,735 - root - DEBUG - Processing 210-th line out of 500 rows of DP table...
2022-01-04 21:18:25,841 - root - DEBUG - Processing 220-th line out of 500 rows of DP table...
2022-01-04 21:18:25,939 - root - DEBUG - Processing 230-th line out of 500 rows of DP table...
2022-01-04 21:18:26,035 - root - DEBUG - Processing 240-th line out of 500 rows of DP table...
2022-01-04 21:18:26,125 - root - DEBUG - Processing 250-th line out of 500 rows of DP table...
2022-01-04 21:18:26,211 - root - DEBUG - Processing 260-th line out of 500 rows of DP table...
2022-01-04 21:18:26,296 - root - DEBUG - Processing 270-th line out of 500 rows of DP table...
2022-01-04 21:18:26,376 - root - DEBUG - Processing 280-th line out of 500 rows of DP table...
2022-01-04 21:18:26,452 - root - DEBUG - Processing 290-th line out of 500 rows of DP table...
2022-01-04 21:18:26,526 - root - DEBUG - Processing 300-th line out of 500 rows of DP table...
2022-01-04 21:18:26,597 - root - DEBUG - Processing 310-th line out of 500 rows of DP table...
2022-01-04 21:18:26,665 - root - DEBUG - Processing 320-th line out of 500 rows of DP table...
2022-01-04 21:18:26,728 - root - DEBUG - Processing 330-th line out of 500 rows of DP table...
2022-01-04 21:18:26,788 - root - DEBUG - Processing 340-th line out of 500 rows of DP table...
2022-01-04 21:18:26,844 - root - DEBUG - Processing 350-th line out of 500 rows of DP table...
2022-01-04 21:18:26,897 - root - DEBUG - Processing 360-th line out of 500 rows of DP table...
2022-01-04 21:18:26,947 - root - DEBUG - Processing 370-th line out of 500 rows of DP table...
2022-01-04 21:18:26,992 - root - DEBUG - Processing 380-th line out of 500 rows of DP table...
2022-01-04 21:18:27,035 - root - DEBUG - Processing 390-th line out of 500 rows of DP table...
2022-01-04 21:18:27,074 - root - DEBUG - Processing 400-th line out of 500 rows of DP table...
2022-01-04 21:18:27,111 - root - DEBUG - Processing 410-th line out of 500 rows of DP table...
2022-01-04 21:18:27,143 - root - DEBUG - Processing 420-th line out of 500 rows of DP table...
2022-01-04 21:18:27,172 - root - DEBUG - Processing 430-th line out of 500 rows of DP table...
2022-01-04 21:18:27,198 - root - DEBUG - Processing 440-th line out of 500 rows of DP table...
2022-01-04 21:18:27,220 - root - DEBUG - Processing 450-th line out of 500 rows of DP table...
2022-01-04 21:18:27,239 - root - DEBUG - Processing 460-th line out of 500 rows of DP table...
2022-01-04 21:18:27,254 - root - DEBUG - Processing 470-th line out of 500 rows of DP table...
2022-01-04 21:18:27,266 - root - DEBUG - Processing 480-th line out of 500 rows of DP table...
2022-01-04 21:18:27,274 - root - DEBUG - Processing 490-th line out of 500 rows of DP table...
2022-01-04 21:18:27,280 - root - DEBUG - Processing 500-th line out of 500 rows of DP table...
2022-01-04 21:18:27,285 - root - DEBUG - Started computing joint logprobs...
