2022-01-04 21:06:42,958 - root - INFO - Loading reference interval set from '211227-2-sim/g12_4.ref.tsv'...
2022-01-04 21:06:42,971 - root - INFO - Loading query interval set from '211227-2-sim/g12_4.query.tsv'...
2022-01-04 21:06:43,097 - root - INFO - Loading chromosome sizes from '211227-2-sim/g12_sizes.tsv'...
2022-01-04 21:06:43,147 - root - INFO - Number of reference intervals: 500 (500 before merging)
2022-01-04 21:06:43,149 - root - INFO - Number of query intervals: 50000 (50000 before merging)
2022-01-04 21:06:43,149 - root - INFO - Number of chromosomes: 1
2022-01-04 21:06:43,229 - root - INFO - Overlap count: 500
2022-01-04 21:06:43,231 - root - DEBUG - Started computing sf for chromosome 'chr1'...
2022-01-04 21:06:43,241 - root - DEBUG - m=500, n=50000
2022-01-04 21:06:43,405 - root - DEBUG - Processing 10-th line out of 500 rows of DP table...
2022-01-04 21:06:43,571 - root - DEBUG - Processing 20-th line out of 500 rows of DP table...
2022-01-04 21:06:43,732 - root - DEBUG - Processing 30-th line out of 500 rows of DP table...
2022-01-04 21:06:43,896 - root - DEBUG - Processing 40-th line out of 500 rows of DP table...
2022-01-04 21:06:44,052 - root - DEBUG - Processing 50-th line out of 500 rows of DP table...
2022-01-04 21:06:44,231 - root - DEBUG - Processing 60-th line out of 500 rows of DP table...
2022-01-04 21:06:44,380 - root - DEBUG - Processing 70-th line out of 500 rows of DP table...
2022-01-04 21:06:44,526 - root - DEBUG - Processing 80-th line out of 500 rows of DP table...
2022-01-04 21:06:44,749 - root - DEBUG - Processing 90-th line out of 500 rows of DP table...
2022-01-04 21:06:44,904 - root - DEBUG - Processing 100-th line out of 500 rows of DP table...
2022-01-04 21:06:45,046 - root - DEBUG - Processing 110-th line out of 500 rows of DP table...
2022-01-04 21:06:45,179 - root - DEBUG - Processing 120-th line out of 500 rows of DP table...
2022-01-04 21:06:45,309 - root - DEBUG - Processing 130-th line out of 500 rows of DP table...
2022-01-04 21:06:45,435 - root - DEBUG - Processing 140-th line out of 500 rows of DP table...
2022-01-04 21:06:45,560 - root - DEBUG - Processing 150-th line out of 500 rows of DP table...
2022-01-04 21:06:45,680 - root - DEBUG - Processing 160-th line out of 500 rows of DP table...
2022-01-04 21:06:45,796 - root - DEBUG - Processing 170-th line out of 500 rows of DP table...
2022-01-04 21:06:45,908 - root - DEBUG - Processing 180-th line out of 500 rows of DP table...
2022-01-04 21:06:46,018 - root - DEBUG - Processing 190-th line out of 500 rows of DP table...
2022-01-04 21:06:46,124 - root - DEBUG - Processing 200-th line out of 500 rows of DP table...
2022-01-04 21:06:46,232 - root - DEBUG - Processing 210-th line out of 500 rows of DP table...
2022-01-04 21:06:46,331 - root - DEBUG - Processing 220-th line out of 500 rows of DP table...
2022-01-04 21:06:46,428 - root - DEBUG - Processing 230-th line out of 500 rows of DP table...
2022-01-04 21:06:46,522 - root - DEBUG - Processing 240-th line out of 500 rows of DP table...
2022-01-04 21:06:46,611 - root - DEBUG - Processing 250-th line out of 500 rows of DP table...
2022-01-04 21:06:46,698 - root - DEBUG - Processing 260-th line out of 500 rows of DP table...
2022-01-04 21:06:46,782 - root - DEBUG - Processing 270-th line out of 500 rows of DP table...
2022-01-04 21:06:46,862 - root - DEBUG - Processing 280-th line out of 500 rows of DP table...
2022-01-04 21:06:46,939 - root - DEBUG - Processing 290-th line out of 500 rows of DP table...
2022-01-04 21:06:47,012 - root - DEBUG - Processing 300-th line out of 500 rows of DP table...
2022-01-04 21:06:47,082 - root - DEBUG - Processing 310-th line out of 500 rows of DP table...
2022-01-04 21:06:47,149 - root - DEBUG - Processing 320-th line out of 500 rows of DP table...
2022-01-04 21:06:47,213 - root - DEBUG - Processing 330-th line out of 500 rows of DP table...
2022-01-04 21:06:47,274 - root - DEBUG - Processing 340-th line out of 500 rows of DP table...
2022-01-04 21:06:47,336 - root - DEBUG - Processing 350-th line out of 500 rows of DP table...
2022-01-04 21:06:47,390 - root - DEBUG - Processing 360-th line out of 500 rows of DP table...
2022-01-04 21:06:47,445 - root - DEBUG - Processing 370-th line out of 500 rows of DP table...
2022-01-04 21:06:47,498 - root - DEBUG - Processing 380-th line out of 500 rows of DP table...
2022-01-04 21:06:47,550 - root - DEBUG - Processing 390-th line out of 500 rows of DP table...
2022-01-04 21:06:47,612 - root - DEBUG - Processing 400-th line out of 500 rows of DP table...
2022-01-04 21:06:47,652 - root - DEBUG - Processing 410-th line out of 500 rows of DP table...
2022-01-04 21:06:47,685 - root - DEBUG - Processing 420-th line out of 500 rows of DP table...
2022-01-04 21:06:47,744 - root - DEBUG - Processing 430-th line out of 500 rows of DP table...
2022-01-04 21:06:47,796 - root - DEBUG - Processing 440-th line out of 500 rows of DP table...
2022-01-04 21:06:47,842 - root - DEBUG - Processing 450-th line out of 500 rows of DP table...
2022-01-04 21:06:47,879 - root - DEBUG - Processing 460-th line out of 500 rows of DP table...
2022-01-04 21:06:47,895 - root - DEBUG - Processing 470-th line out of 500 rows of DP table...
2022-01-04 21:06:47,908 - root - DEBUG - Processing 480-th line out of 500 rows of DP table...
2022-01-04 21:06:47,917 - root - DEBUG - Processing 490-th line out of 500 rows of DP table...
2022-01-04 21:06:47,922 - root - DEBUG - Processing 500-th line out of 500 rows of DP table...
2022-01-04 21:06:47,926 - root - DEBUG - Started computing joint logprobs...
