2022-01-04 20:47:34,435 - root - INFO - Loading reference interval set from '211227-2-sim/g12_5.ref.tsv'...
2022-01-04 20:47:34,478 - root - INFO - Loading query interval set from '211227-2-sim/g12_5.query.tsv'...
2022-01-04 20:47:34,549 - root - INFO - Loading chromosome sizes from '211227-2-sim/g12_sizes.tsv'...
2022-01-04 20:47:34,651 - root - INFO - Number of reference intervals: 500 (500 before merging)
2022-01-04 20:47:34,689 - root - INFO - Number of query intervals: 50000 (50000 before merging)
2022-01-04 20:47:34,692 - root - INFO - Number of chromosomes: 1
2022-01-04 20:47:34,761 - root - INFO - Overlap count: 500
2022-01-04 20:47:34,835 - root - DEBUG - Started computing sf for chromosome 'chr1'...
2022-01-04 20:47:34,856 - root - DEBUG - m=500, n=50000
2022-01-04 20:47:35,014 - root - DEBUG - Processing 10-th line out of 500 rows of DP table...
2022-01-04 20:47:35,176 - root - DEBUG - Processing 20-th line out of 500 rows of DP table...
2022-01-04 20:47:35,338 - root - DEBUG - Processing 30-th line out of 500 rows of DP table...
2022-01-04 20:47:35,592 - root - DEBUG - Processing 40-th line out of 500 rows of DP table...
2022-01-04 20:47:35,738 - root - DEBUG - Processing 50-th line out of 500 rows of DP table...
2022-01-04 20:47:35,881 - root - DEBUG - Processing 60-th line out of 500 rows of DP table...
2022-01-04 20:47:36,020 - root - DEBUG - Processing 70-th line out of 500 rows of DP table...
2022-01-04 20:47:36,167 - root - DEBUG - Processing 80-th line out of 500 rows of DP table...
2022-01-04 20:47:36,300 - root - DEBUG - Processing 90-th line out of 500 rows of DP table...
2022-01-04 20:47:36,429 - root - DEBUG - Processing 100-th line out of 500 rows of DP table...
2022-01-04 20:47:36,557 - root - DEBUG - Processing 110-th line out of 500 rows of DP table...
2022-01-04 20:47:36,681 - root - DEBUG - Processing 120-th line out of 500 rows of DP table...
2022-01-04 20:47:36,802 - root - DEBUG - Processing 130-th line out of 500 rows of DP table...
2022-01-04 20:47:36,922 - root - DEBUG - Processing 140-th line out of 500 rows of DP table...
2022-01-04 20:47:37,037 - root - DEBUG - Processing 150-th line out of 500 rows of DP table...
2022-01-04 20:47:37,148 - root - DEBUG - Processing 160-th line out of 500 rows of DP table...
2022-01-04 20:47:37,257 - root - DEBUG - Processing 170-th line out of 500 rows of DP table...
2022-01-04 20:47:37,362 - root - DEBUG - Processing 180-th line out of 500 rows of DP table...
2022-01-04 20:47:37,464 - root - DEBUG - Processing 190-th line out of 500 rows of DP table...
2022-01-04 20:47:37,571 - root - DEBUG - Processing 200-th line out of 500 rows of DP table...
2022-01-04 20:47:37,671 - root - DEBUG - Processing 210-th line out of 500 rows of DP table...
2022-01-04 20:47:37,764 - root - DEBUG - Processing 220-th line out of 500 rows of DP table...
2022-01-04 20:47:37,857 - root - DEBUG - Processing 230-th line out of 500 rows of DP table...
2022-01-04 20:47:37,949 - root - DEBUG - Processing 240-th line out of 500 rows of DP table...
2022-01-04 20:47:38,038 - root - DEBUG - Processing 250-th line out of 500 rows of DP table...
2022-01-04 20:47:38,124 - root - DEBUG - Processing 260-th line out of 500 rows of DP table...
2022-01-04 20:47:38,206 - root - DEBUG - Processing 270-th line out of 500 rows of DP table...
2022-01-04 20:47:38,285 - root - DEBUG - Processing 280-th line out of 500 rows of DP table...
2022-01-04 20:47:38,360 - root - DEBUG - Processing 290-th line out of 500 rows of DP table...
2022-01-04 20:47:38,434 - root - DEBUG - Processing 300-th line out of 500 rows of DP table...
2022-01-04 20:47:38,503 - root - DEBUG - Processing 310-th line out of 500 rows of DP table...
2022-01-04 20:47:38,569 - root - DEBUG - Processing 320-th line out of 500 rows of DP table...
2022-01-04 20:47:38,632 - root - DEBUG - Processing 330-th line out of 500 rows of DP table...
2022-01-04 20:47:38,691 - root - DEBUG - Processing 340-th line out of 500 rows of DP table...
2022-01-04 20:47:38,746 - root - DEBUG - Processing 350-th line out of 500 rows of DP table...
2022-01-04 20:47:38,798 - root - DEBUG - Processing 360-th line out of 500 rows of DP table...
2022-01-04 20:47:38,848 - root - DEBUG - Processing 370-th line out of 500 rows of DP table...
2022-01-04 20:47:38,896 - root - DEBUG - Processing 380-th line out of 500 rows of DP table...
2022-01-04 20:47:38,938 - root - DEBUG - Processing 390-th line out of 500 rows of DP table...
2022-01-04 20:47:38,977 - root - DEBUG - Processing 400-th line out of 500 rows of DP table...
2022-01-04 20:47:39,013 - root - DEBUG - Processing 410-th line out of 500 rows of DP table...
2022-01-04 20:47:39,045 - root - DEBUG - Processing 420-th line out of 500 rows of DP table...
2022-01-04 20:47:39,090 - root - DEBUG - Processing 430-th line out of 500 rows of DP table...
2022-01-04 20:47:39,116 - root - DEBUG - Processing 440-th line out of 500 rows of DP table...
2022-01-04 20:47:39,139 - root - DEBUG - Processing 450-th line out of 500 rows of DP table...
2022-01-04 20:47:39,158 - root - DEBUG - Processing 460-th line out of 500 rows of DP table...
2022-01-04 20:47:39,190 - root - DEBUG - Processing 470-th line out of 500 rows of DP table...
2022-01-04 20:47:39,214 - root - DEBUG - Processing 480-th line out of 500 rows of DP table...
2022-01-04 20:47:39,231 - root - DEBUG - Processing 490-th line out of 500 rows of DP table...
2022-01-04 20:47:39,241 - root - DEBUG - Processing 500-th line out of 500 rows of DP table...
2022-01-04 20:47:39,248 - root - DEBUG - Started computing joint logprobs...
