2022-01-04 21:14:27,312 - root - INFO - Loading reference interval set from '211227-2-sim/g12_7.ref.tsv'...
2022-01-04 21:14:27,315 - root - INFO - Loading query interval set from '211227-2-sim/g12_7.query.tsv'...
2022-01-04 21:14:27,380 - root - INFO - Loading chromosome sizes from '211227-2-sim/g12_sizes.tsv'...
2022-01-04 21:14:27,443 - root - INFO - Number of reference intervals: 500 (500 before merging)
2022-01-04 21:14:27,446 - root - INFO - Number of query intervals: 50000 (50000 before merging)
2022-01-04 21:14:27,448 - root - INFO - Number of chromosomes: 1
2022-01-04 21:14:27,554 - root - INFO - Overlap count: 500
2022-01-04 21:14:27,557 - root - DEBUG - Started computing sf for chromosome 'chr1'...
2022-01-04 21:14:27,570 - root - DEBUG - m=500, n=50000
2022-01-04 21:14:27,736 - root - DEBUG - Processing 10-th line out of 500 rows of DP table...
2022-01-04 21:14:27,915 - root - DEBUG - Processing 20-th line out of 500 rows of DP table...
2022-01-04 21:14:28,080 - root - DEBUG - Processing 30-th line out of 500 rows of DP table...
2022-01-04 21:14:28,242 - root - DEBUG - Processing 40-th line out of 500 rows of DP table...
2022-01-04 21:14:28,399 - root - DEBUG - Processing 50-th line out of 500 rows of DP table...
2022-01-04 21:14:28,554 - root - DEBUG - Processing 60-th line out of 500 rows of DP table...
2022-01-04 21:14:28,705 - root - DEBUG - Processing 70-th line out of 500 rows of DP table...
2022-01-04 21:14:28,853 - root - DEBUG - Processing 80-th line out of 500 rows of DP table...
2022-01-04 21:14:28,998 - root - DEBUG - Processing 90-th line out of 500 rows of DP table...
2022-01-04 21:14:29,139 - root - DEBUG - Processing 100-th line out of 500 rows of DP table...
2022-01-04 21:14:29,277 - root - DEBUG - Processing 110-th line out of 500 rows of DP table...
2022-01-04 21:14:29,411 - root - DEBUG - Processing 120-th line out of 500 rows of DP table...
2022-01-04 21:14:29,542 - root - DEBUG - Processing 130-th line out of 500 rows of DP table...
2022-01-04 21:14:29,669 - root - DEBUG - Processing 140-th line out of 500 rows of DP table...
2022-01-04 21:14:29,793 - root - DEBUG - Processing 150-th line out of 500 rows of DP table...
2022-01-04 21:14:29,920 - root - DEBUG - Processing 160-th line out of 500 rows of DP table...
2022-01-04 21:14:30,037 - root - DEBUG - Processing 170-th line out of 500 rows of DP table...
2022-01-04 21:14:30,151 - root - DEBUG - Processing 180-th line out of 500 rows of DP table...
2022-01-04 21:14:30,261 - root - DEBUG - Processing 190-th line out of 500 rows of DP table...
2022-01-04 21:14:30,368 - root - DEBUG - Processing 200-th line out of 500 rows of DP table...
2022-01-04 21:14:30,472 - root - DEBUG - Processing 210-th line out of 500 rows of DP table...
2022-01-04 21:14:30,571 - root - DEBUG - Processing 220-th line out of 500 rows of DP table...
2022-01-04 21:14:30,668 - root - DEBUG - Processing 230-th line out of 500 rows of DP table...
2022-01-04 21:14:30,761 - root - DEBUG - Processing 240-th line out of 500 rows of DP table...
2022-01-04 21:14:30,851 - root - DEBUG - Processing 250-th line out of 500 rows of DP table...
2022-01-04 21:14:30,938 - root - DEBUG - Processing 260-th line out of 500 rows of DP table...
2022-01-04 21:14:31,021 - root - DEBUG - Processing 270-th line out of 500 rows of DP table...
2022-01-04 21:14:31,101 - root - DEBUG - Processing 280-th line out of 500 rows of DP table...
2022-01-04 21:14:31,177 - root - DEBUG - Processing 290-th line out of 500 rows of DP table...
2022-01-04 21:14:31,251 - root - DEBUG - Processing 300-th line out of 500 rows of DP table...
2022-01-04 21:14:31,320 - root - DEBUG - Processing 310-th line out of 500 rows of DP table...
2022-01-04 21:14:31,386 - root - DEBUG - Processing 320-th line out of 500 rows of DP table...
2022-01-04 21:14:31,450 - root - DEBUG - Processing 330-th line out of 500 rows of DP table...
2022-01-04 21:14:31,509 - root - DEBUG - Processing 340-th line out of 500 rows of DP table...
2022-01-04 21:14:31,566 - root - DEBUG - Processing 350-th line out of 500 rows of DP table...
2022-01-04 21:14:31,618 - root - DEBUG - Processing 360-th line out of 500 rows of DP table...
2022-01-04 21:14:31,668 - root - DEBUG - Processing 370-th line out of 500 rows of DP table...
2022-01-04 21:14:31,738 - root - DEBUG - Processing 380-th line out of 500 rows of DP table...
2022-01-04 21:14:31,782 - root - DEBUG - Processing 390-th line out of 500 rows of DP table...
2022-01-04 21:14:31,822 - root - DEBUG - Processing 400-th line out of 500 rows of DP table...
2022-01-04 21:14:31,858 - root - DEBUG - Processing 410-th line out of 500 rows of DP table...
2022-01-04 21:14:31,892 - root - DEBUG - Processing 420-th line out of 500 rows of DP table...
2022-01-04 21:14:31,921 - root - DEBUG - Processing 430-th line out of 500 rows of DP table...
2022-01-04 21:14:31,948 - root - DEBUG - Processing 440-th line out of 500 rows of DP table...
2022-01-04 21:14:31,970 - root - DEBUG - Processing 450-th line out of 500 rows of DP table...
2022-01-04 21:14:31,990 - root - DEBUG - Processing 460-th line out of 500 rows of DP table...
2022-01-04 21:14:32,006 - root - DEBUG - Processing 470-th line out of 500 rows of DP table...
2022-01-04 21:14:32,019 - root - DEBUG - Processing 480-th line out of 500 rows of DP table...
2022-01-04 21:14:32,028 - root - DEBUG - Processing 490-th line out of 500 rows of DP table...
2022-01-04 21:14:32,034 - root - DEBUG - Processing 500-th line out of 500 rows of DP table...
2022-01-04 21:14:32,039 - root - DEBUG - Started computing joint logprobs...
