2022-01-04 20:47:34,616 - root - INFO - Loading reference interval set from '211227-2-sim/g12_2.ref.tsv'...
2022-01-04 20:47:34,688 - root - INFO - Loading query interval set from '211227-2-sim/g12_2.query.tsv'...
2022-01-04 20:47:34,872 - root - INFO - Loading chromosome sizes from '211227-2-sim/g12_sizes.tsv'...
2022-01-04 20:47:34,934 - root - INFO - Number of reference intervals: 500 (500 before merging)
2022-01-04 20:47:34,936 - root - INFO - Number of query intervals: 50000 (50000 before merging)
2022-01-04 20:47:34,938 - root - INFO - Number of chromosomes: 1
2022-01-04 20:47:35,087 - root - INFO - Overlap count: 500
2022-01-04 20:47:35,090 - root - DEBUG - Started computing sf for chromosome 'chr1'...
2022-01-04 20:47:35,106 - root - DEBUG - m=500, n=50000
2022-01-04 20:47:35,288 - root - DEBUG - Processing 10-th line out of 500 rows of DP table...
2022-01-04 20:47:35,450 - root - DEBUG - Processing 20-th line out of 500 rows of DP table...
2022-01-04 20:47:35,603 - root - DEBUG - Processing 30-th line out of 500 rows of DP table...
2022-01-04 20:47:35,752 - root - DEBUG - Processing 40-th line out of 500 rows of DP table...
2022-01-04 20:47:35,896 - root - DEBUG - Processing 50-th line out of 500 rows of DP table...
2022-01-04 20:47:36,035 - root - DEBUG - Processing 60-th line out of 500 rows of DP table...
2022-01-04 20:47:36,172 - root - DEBUG - Processing 70-th line out of 500 rows of DP table...
2022-01-04 20:47:36,305 - root - DEBUG - Processing 80-th line out of 500 rows of DP table...
2022-01-04 20:47:36,436 - root - DEBUG - Processing 90-th line out of 500 rows of DP table...
2022-01-04 20:47:36,564 - root - DEBUG - Processing 100-th line out of 500 rows of DP table...
2022-01-04 20:47:36,689 - root - DEBUG - Processing 110-th line out of 500 rows of DP table...
2022-01-04 20:47:36,811 - root - DEBUG - Processing 120-th line out of 500 rows of DP table...
2022-01-04 20:47:36,934 - root - DEBUG - Processing 130-th line out of 500 rows of DP table...
2022-01-04 20:47:37,050 - root - DEBUG - Processing 140-th line out of 500 rows of DP table...
2022-01-04 20:47:37,164 - root - DEBUG - Processing 150-th line out of 500 rows of DP table...
2022-01-04 20:47:37,275 - root - DEBUG - Processing 160-th line out of 500 rows of DP table...
2022-01-04 20:47:37,382 - root - DEBUG - Processing 170-th line out of 500 rows of DP table...
2022-01-04 20:47:37,485 - root - DEBUG - Processing 180-th line out of 500 rows of DP table...
2022-01-04 20:47:37,588 - root - DEBUG - Processing 190-th line out of 500 rows of DP table...
2022-01-04 20:47:37,696 - root - DEBUG - Processing 200-th line out of 500 rows of DP table...
2022-01-04 20:47:37,791 - root - DEBUG - Processing 210-th line out of 500 rows of DP table...
2022-01-04 20:47:37,886 - root - DEBUG - Processing 220-th line out of 500 rows of DP table...
2022-01-04 20:47:37,980 - root - DEBUG - Processing 230-th line out of 500 rows of DP table...
2022-01-04 20:47:38,071 - root - DEBUG - Processing 240-th line out of 500 rows of DP table...
2022-01-04 20:47:38,159 - root - DEBUG - Processing 250-th line out of 500 rows of DP table...
2022-01-04 20:47:38,243 - root - DEBUG - Processing 260-th line out of 500 rows of DP table...
2022-01-04 20:47:38,323 - root - DEBUG - Processing 270-th line out of 500 rows of DP table...
2022-01-04 20:47:38,401 - root - DEBUG - Processing 280-th line out of 500 rows of DP table...
2022-01-04 20:47:38,476 - root - DEBUG - Processing 290-th line out of 500 rows of DP table...
2022-01-04 20:47:38,548 - root - DEBUG - Processing 300-th line out of 500 rows of DP table...
2022-01-04 20:47:38,617 - root - DEBUG - Processing 310-th line out of 500 rows of DP table...
2022-01-04 20:47:38,681 - root - DEBUG - Processing 320-th line out of 500 rows of DP table...
2022-01-04 20:47:38,743 - root - DEBUG - Processing 330-th line out of 500 rows of DP table...
2022-01-04 20:47:38,801 - root - DEBUG - Processing 340-th line out of 500 rows of DP table...
2022-01-04 20:47:38,857 - root - DEBUG - Processing 350-th line out of 500 rows of DP table...
2022-01-04 20:47:38,909 - root - DEBUG - Processing 360-th line out of 500 rows of DP table...
2022-01-04 20:47:38,958 - root - DEBUG - Processing 370-th line out of 500 rows of DP table...
2022-01-04 20:47:39,004 - root - DEBUG - Processing 380-th line out of 500 rows of DP table...
2022-01-04 20:47:39,046 - root - DEBUG - Processing 390-th line out of 500 rows of DP table...
2022-01-04 20:47:39,101 - root - DEBUG - Processing 400-th line out of 500 rows of DP table...
2022-01-04 20:47:39,136 - root - DEBUG - Processing 410-th line out of 500 rows of DP table...
2022-01-04 20:47:39,177 - root - DEBUG - Processing 420-th line out of 500 rows of DP table...
2022-01-04 20:47:39,213 - root - DEBUG - Processing 430-th line out of 500 rows of DP table...
2022-01-04 20:47:39,238 - root - DEBUG - Processing 440-th line out of 500 rows of DP table...
2022-01-04 20:47:39,260 - root - DEBUG - Processing 450-th line out of 500 rows of DP table...
2022-01-04 20:47:39,278 - root - DEBUG - Processing 460-th line out of 500 rows of DP table...
2022-01-04 20:47:39,294 - root - DEBUG - Processing 470-th line out of 500 rows of DP table...
2022-01-04 20:47:39,307 - root - DEBUG - Processing 480-th line out of 500 rows of DP table...
2022-01-04 20:47:39,316 - root - DEBUG - Processing 490-th line out of 500 rows of DP table...
2022-01-04 20:47:39,322 - root - DEBUG - Processing 500-th line out of 500 rows of DP table...
2022-01-04 20:47:39,328 - root - DEBUG - Started computing joint logprobs...
