2022-01-04 20:47:34,560 - root - INFO - Loading reference interval set from '211227-2-sim/g12_6.ref.tsv'...
2022-01-04 20:47:34,562 - root - INFO - Loading query interval set from '211227-2-sim/g12_6.query.tsv'...
2022-01-04 20:47:34,828 - root - INFO - Loading chromosome sizes from '211227-2-sim/g12_sizes.tsv'...
2022-01-04 20:47:34,877 - root - INFO - Number of reference intervals: 500 (500 before merging)
2022-01-04 20:47:34,879 - root - INFO - Number of query intervals: 50000 (50000 before merging)
2022-01-04 20:47:34,880 - root - INFO - Number of chromosomes: 1
2022-01-04 20:47:34,934 - root - INFO - Overlap count: 500
2022-01-04 20:47:34,936 - root - DEBUG - Started computing sf for chromosome 'chr1'...
2022-01-04 20:47:34,944 - root - DEBUG - m=500, n=50000
2022-01-04 20:47:35,105 - root - DEBUG - Processing 10-th line out of 500 rows of DP table...
2022-01-04 20:47:35,269 - root - DEBUG - Processing 20-th line out of 500 rows of DP table...
2022-01-04 20:47:35,429 - root - DEBUG - Processing 30-th line out of 500 rows of DP table...
2022-01-04 20:47:35,590 - root - DEBUG - Processing 40-th line out of 500 rows of DP table...
2022-01-04 20:47:35,736 - root - DEBUG - Processing 50-th line out of 500 rows of DP table...
2022-01-04 20:47:35,877 - root - DEBUG - Processing 60-th line out of 500 rows of DP table...
2022-01-04 20:47:36,016 - root - DEBUG - Processing 70-th line out of 500 rows of DP table...
2022-01-04 20:47:36,165 - root - DEBUG - Processing 80-th line out of 500 rows of DP table...
2022-01-04 20:47:36,297 - root - DEBUG - Processing 90-th line out of 500 rows of DP table...
2022-01-04 20:47:36,425 - root - DEBUG - Processing 100-th line out of 500 rows of DP table...
2022-01-04 20:47:36,551 - root - DEBUG - Processing 110-th line out of 500 rows of DP table...
2022-01-04 20:47:36,673 - root - DEBUG - Processing 120-th line out of 500 rows of DP table...
2022-01-04 20:47:36,793 - root - DEBUG - Processing 130-th line out of 500 rows of DP table...
2022-01-04 20:47:36,911 - root - DEBUG - Processing 140-th line out of 500 rows of DP table...
2022-01-04 20:47:37,025 - root - DEBUG - Processing 150-th line out of 500 rows of DP table...
2022-01-04 20:47:37,136 - root - DEBUG - Processing 160-th line out of 500 rows of DP table...
2022-01-04 20:47:37,243 - root - DEBUG - Processing 170-th line out of 500 rows of DP table...
2022-01-04 20:47:37,347 - root - DEBUG - Processing 180-th line out of 500 rows of DP table...
2022-01-04 20:47:37,449 - root - DEBUG - Processing 190-th line out of 500 rows of DP table...
2022-01-04 20:47:37,553 - root - DEBUG - Processing 200-th line out of 500 rows of DP table...
2022-01-04 20:47:37,652 - root - DEBUG - Processing 210-th line out of 500 rows of DP table...
2022-01-04 20:47:37,744 - root - DEBUG - Processing 220-th line out of 500 rows of DP table...
2022-01-04 20:47:37,834 - root - DEBUG - Processing 230-th line out of 500 rows of DP table...
2022-01-04 20:47:37,926 - root - DEBUG - Processing 240-th line out of 500 rows of DP table...
2022-01-04 20:47:38,014 - root - DEBUG - Processing 250-th line out of 500 rows of DP table...
2022-01-04 20:47:38,100 - root - DEBUG - Processing 260-th line out of 500 rows of DP table...
2022-01-04 20:47:38,182 - root - DEBUG - Processing 270-th line out of 500 rows of DP table...
2022-01-04 20:47:38,261 - root - DEBUG - Processing 280-th line out of 500 rows of DP table...
2022-01-04 20:47:38,336 - root - DEBUG - Processing 290-th line out of 500 rows of DP table...
2022-01-04 20:47:38,408 - root - DEBUG - Processing 300-th line out of 500 rows of DP table...
2022-01-04 20:47:38,476 - root - DEBUG - Processing 310-th line out of 500 rows of DP table...
2022-01-04 20:47:38,542 - root - DEBUG - Processing 320-th line out of 500 rows of DP table...
2022-01-04 20:47:38,605 - root - DEBUG - Processing 330-th line out of 500 rows of DP table...
2022-01-04 20:47:38,665 - root - DEBUG - Processing 340-th line out of 500 rows of DP table...
2022-01-04 20:47:38,721 - root - DEBUG - Processing 350-th line out of 500 rows of DP table...
2022-01-04 20:47:38,773 - root - DEBUG - Processing 360-th line out of 500 rows of DP table...
2022-01-04 20:47:38,822 - root - DEBUG - Processing 370-th line out of 500 rows of DP table...
2022-01-04 20:47:38,868 - root - DEBUG - Processing 380-th line out of 500 rows of DP table...
2022-01-04 20:47:38,911 - root - DEBUG - Processing 390-th line out of 500 rows of DP table...
2022-01-04 20:47:38,949 - root - DEBUG - Processing 400-th line out of 500 rows of DP table...
2022-01-04 20:47:38,984 - root - DEBUG - Processing 410-th line out of 500 rows of DP table...
2022-01-04 20:47:39,016 - root - DEBUG - Processing 420-th line out of 500 rows of DP table...
2022-01-04 20:47:39,045 - root - DEBUG - Processing 430-th line out of 500 rows of DP table...
2022-01-04 20:47:39,069 - root - DEBUG - Processing 440-th line out of 500 rows of DP table...
2022-01-04 20:47:39,092 - root - DEBUG - Processing 450-th line out of 500 rows of DP table...
2022-01-04 20:47:39,111 - root - DEBUG - Processing 460-th line out of 500 rows of DP table...
2022-01-04 20:47:39,127 - root - DEBUG - Processing 470-th line out of 500 rows of DP table...
2022-01-04 20:47:39,139 - root - DEBUG - Processing 480-th line out of 500 rows of DP table...
2022-01-04 20:47:39,148 - root - DEBUG - Processing 490-th line out of 500 rows of DP table...
2022-01-04 20:47:39,154 - root - DEBUG - Processing 500-th line out of 500 rows of DP table...
2022-01-04 20:47:39,159 - root - DEBUG - Started computing joint logprobs...
