2022-01-04 21:18:13,851 - root - INFO - Loading reference interval set from '211227-2-sim/g12_8.ref.tsv'...
2022-01-04 21:18:13,854 - root - INFO - Loading query interval set from '211227-2-sim/g12_8.query.tsv'...
2022-01-04 21:18:13,935 - root - INFO - Loading chromosome sizes from '211227-2-sim/g12_sizes.tsv'...
2022-01-04 21:18:14,079 - root - INFO - Number of reference intervals: 500 (500 before merging)
2022-01-04 21:18:14,082 - root - INFO - Number of query intervals: 50000 (50000 before merging)
2022-01-04 21:18:14,083 - root - INFO - Number of chromosomes: 1
2022-01-04 21:18:14,259 - root - INFO - Overlap count: 500
2022-01-04 21:18:14,262 - root - DEBUG - Started computing sf for chromosome 'chr1'...
2022-01-04 21:18:14,282 - root - DEBUG - m=500, n=50000
2022-01-04 21:18:14,456 - root - DEBUG - Processing 10-th line out of 500 rows of DP table...
2022-01-04 21:18:14,625 - root - DEBUG - Processing 20-th line out of 500 rows of DP table...
2022-01-04 21:18:14,790 - root - DEBUG - Processing 30-th line out of 500 rows of DP table...
2022-01-04 21:18:14,950 - root - DEBUG - Processing 40-th line out of 500 rows of DP table...
2022-01-04 21:18:15,107 - root - DEBUG - Processing 50-th line out of 500 rows of DP table...
2022-01-04 21:18:15,261 - root - DEBUG - Processing 60-th line out of 500 rows of DP table...
2022-01-04 21:18:15,423 - root - DEBUG - Processing 70-th line out of 500 rows of DP table...
2022-01-04 21:18:15,570 - root - DEBUG - Processing 80-th line out of 500 rows of DP table...
2022-01-04 21:18:15,712 - root - DEBUG - Processing 90-th line out of 500 rows of DP table...
2022-01-04 21:18:15,852 - root - DEBUG - Processing 100-th line out of 500 rows of DP table...
2022-01-04 21:18:15,988 - root - DEBUG - Processing 110-th line out of 500 rows of DP table...
2022-01-04 21:18:16,121 - root - DEBUG - Processing 120-th line out of 500 rows of DP table...
2022-01-04 21:18:16,251 - root - DEBUG - Processing 130-th line out of 500 rows of DP table...
2022-01-04 21:18:16,378 - root - DEBUG - Processing 140-th line out of 500 rows of DP table...
2022-01-04 21:18:16,501 - root - DEBUG - Processing 150-th line out of 500 rows of DP table...
2022-01-04 21:18:16,619 - root - DEBUG - Processing 160-th line out of 500 rows of DP table...
2022-01-04 21:18:16,735 - root - DEBUG - Processing 170-th line out of 500 rows of DP table...
2022-01-04 21:18:16,848 - root - DEBUG - Processing 180-th line out of 500 rows of DP table...
2022-01-04 21:18:16,957 - root - DEBUG - Processing 190-th line out of 500 rows of DP table...
2022-01-04 21:18:17,063 - root - DEBUG - Processing 200-th line out of 500 rows of DP table...
2022-01-04 21:18:17,167 - root - DEBUG - Processing 210-th line out of 500 rows of DP table...
2022-01-04 21:18:17,267 - root - DEBUG - Processing 220-th line out of 500 rows of DP table...
2022-01-04 21:18:17,363 - root - DEBUG - Processing 230-th line out of 500 rows of DP table...
2022-01-04 21:18:17,456 - root - DEBUG - Processing 240-th line out of 500 rows of DP table...
2022-01-04 21:18:17,545 - root - DEBUG - Processing 250-th line out of 500 rows of DP table...
2022-01-04 21:18:17,639 - root - DEBUG - Processing 260-th line out of 500 rows of DP table...
2022-01-04 21:18:17,723 - root - DEBUG - Processing 270-th line out of 500 rows of DP table...
2022-01-04 21:18:17,803 - root - DEBUG - Processing 280-th line out of 500 rows of DP table...
2022-01-04 21:18:17,879 - root - DEBUG - Processing 290-th line out of 500 rows of DP table...
2022-01-04 21:18:17,952 - root - DEBUG - Processing 300-th line out of 500 rows of DP table...
2022-01-04 21:18:18,022 - root - DEBUG - Processing 310-th line out of 500 rows of DP table...
2022-01-04 21:18:18,089 - root - DEBUG - Processing 320-th line out of 500 rows of DP table...
2022-01-04 21:18:18,152 - root - DEBUG - Processing 330-th line out of 500 rows of DP table...
2022-01-04 21:18:18,212 - root - DEBUG - Processing 340-th line out of 500 rows of DP table...
2022-01-04 21:18:18,268 - root - DEBUG - Processing 350-th line out of 500 rows of DP table...
2022-01-04 21:18:18,321 - root - DEBUG - Processing 360-th line out of 500 rows of DP table...
2022-01-04 21:18:18,370 - root - DEBUG - Processing 370-th line out of 500 rows of DP table...
2022-01-04 21:18:18,418 - root - DEBUG - Processing 380-th line out of 500 rows of DP table...
2022-01-04 21:18:18,461 - root - DEBUG - Processing 390-th line out of 500 rows of DP table...
2022-01-04 21:18:18,500 - root - DEBUG - Processing 400-th line out of 500 rows of DP table...
2022-01-04 21:18:18,536 - root - DEBUG - Processing 410-th line out of 500 rows of DP table...
2022-01-04 21:18:18,569 - root - DEBUG - Processing 420-th line out of 500 rows of DP table...
2022-01-04 21:18:18,599 - root - DEBUG - Processing 430-th line out of 500 rows of DP table...
2022-01-04 21:18:18,625 - root - DEBUG - Processing 440-th line out of 500 rows of DP table...
2022-01-04 21:18:18,647 - root - DEBUG - Processing 450-th line out of 500 rows of DP table...
2022-01-04 21:18:18,666 - root - DEBUG - Processing 460-th line out of 500 rows of DP table...
2022-01-04 21:18:18,682 - root - DEBUG - Processing 470-th line out of 500 rows of DP table...
2022-01-04 21:18:18,694 - root - DEBUG - Processing 480-th line out of 500 rows of DP table...
2022-01-04 21:18:18,702 - root - DEBUG - Processing 490-th line out of 500 rows of DP table...
2022-01-04 21:18:18,708 - root - DEBUG - Processing 500-th line out of 500 rows of DP table...
2022-01-04 21:18:18,713 - root - DEBUG - Started computing joint logprobs...
