2022-01-04 01:26:55,719 - root - INFO - Loading reference interval set from '211227-2-sim/g12_1.ref.tsv'...
2022-01-04 01:26:55,722 - root - INFO - Loading query interval set from '211227-2-sim/g12_1.query.tsv'...
2022-01-04 01:26:55,891 - root - INFO - Loading chromosome sizes from '211227-2-sim/g12_sizes.tsv'...
2022-01-04 01:26:56,039 - root - INFO - Number of reference intervals: 500 (500 before merging)
2022-01-04 01:26:56,085 - root - INFO - Number of query intervals: 50000 (50000 before merging)
2022-01-04 01:26:56,107 - root - INFO - Number of chromosomes: 1
2022-01-04 01:26:56,362 - root - INFO - Overlap count: 500
2022-01-04 01:26:56,377 - root - DEBUG - Started computing sf for chromosome 'chr1'...
2022-01-04 01:26:56,401 - root - DEBUG - m=500, n=50000
2022-01-04 01:26:56,577 - root - DEBUG - Processing 10-th line out of 500 rows of DP table...
2022-01-04 01:26:56,747 - root - DEBUG - Processing 20-th line out of 500 rows of DP table...
2022-01-04 01:26:56,914 - root - DEBUG - Processing 30-th line out of 500 rows of DP table...
2022-01-04 01:26:57,099 - root - DEBUG - Processing 40-th line out of 500 rows of DP table...
2022-01-04 01:26:57,271 - root - DEBUG - Processing 50-th line out of 500 rows of DP table...
2022-01-04 01:26:57,447 - root - DEBUG - Processing 60-th line out of 500 rows of DP table...
2022-01-04 01:26:57,600 - root - DEBUG - Processing 70-th line out of 500 rows of DP table...
2022-01-04 01:26:57,750 - root - DEBUG - Processing 80-th line out of 500 rows of DP table...
2022-01-04 01:26:57,899 - root - DEBUG - Processing 90-th line out of 500 rows of DP table...
2022-01-04 01:26:58,042 - root - DEBUG - Processing 100-th line out of 500 rows of DP table...
2022-01-04 01:26:58,199 - root - DEBUG - Processing 110-th line out of 500 rows of DP table...
2022-01-04 01:26:58,335 - root - DEBUG - Processing 120-th line out of 500 rows of DP table...
2022-01-04 01:26:58,468 - root - DEBUG - Processing 130-th line out of 500 rows of DP table...
2022-01-04 01:26:58,618 - root - DEBUG - Processing 140-th line out of 500 rows of DP table...
2022-01-04 01:26:58,744 - root - DEBUG - Processing 150-th line out of 500 rows of DP table...
2022-01-04 01:26:58,874 - root - DEBUG - Processing 160-th line out of 500 rows of DP table...
2022-01-04 01:26:58,993 - root - DEBUG - Processing 170-th line out of 500 rows of DP table...
2022-01-04 01:26:59,109 - root - DEBUG - Processing 180-th line out of 500 rows of DP table...
2022-01-04 01:26:59,290 - root - DEBUG - Processing 190-th line out of 500 rows of DP table...
2022-01-04 01:26:59,402 - root - DEBUG - Processing 200-th line out of 500 rows of DP table...
2022-01-04 01:26:59,509 - root - DEBUG - Processing 210-th line out of 500 rows of DP table...
2022-01-04 01:26:59,640 - root - DEBUG - Processing 220-th line out of 500 rows of DP table...
2022-01-04 01:26:59,779 - root - DEBUG - Processing 230-th line out of 500 rows of DP table...
2022-01-04 01:26:59,875 - root - DEBUG - Processing 240-th line out of 500 rows of DP table...
2022-01-04 01:26:59,968 - root - DEBUG - Processing 250-th line out of 500 rows of DP table...
2022-01-04 01:27:00,059 - root - DEBUG - Processing 260-th line out of 500 rows of DP table...
2022-01-04 01:27:00,152 - root - DEBUG - Processing 270-th line out of 500 rows of DP table...
2022-01-04 01:27:00,235 - root - DEBUG - Processing 280-th line out of 500 rows of DP table...
2022-01-04 01:27:00,314 - root - DEBUG - Processing 290-th line out of 500 rows of DP table...
2022-01-04 01:27:00,392 - root - DEBUG - Processing 300-th line out of 500 rows of DP table...
2022-01-04 01:27:00,468 - root - DEBUG - Processing 310-th line out of 500 rows of DP table...
2022-01-04 01:27:00,537 - root - DEBUG - Processing 320-th line out of 500 rows of DP table...
2022-01-04 01:27:00,603 - root - DEBUG - Processing 330-th line out of 500 rows of DP table...
2022-01-04 01:27:00,665 - root - DEBUG - Processing 340-th line out of 500 rows of DP table...
2022-01-04 01:27:00,723 - root - DEBUG - Processing 350-th line out of 500 rows of DP table...
2022-01-04 01:27:00,793 - root - DEBUG - Processing 360-th line out of 500 rows of DP table...
2022-01-04 01:27:00,843 - root - DEBUG - Processing 370-th line out of 500 rows of DP table...
2022-01-04 01:27:00,915 - root - DEBUG - Processing 380-th line out of 500 rows of DP table...
2022-01-04 01:27:00,973 - root - DEBUG - Processing 390-th line out of 500 rows of DP table...
2022-01-04 01:27:01,027 - root - DEBUG - Processing 400-th line out of 500 rows of DP table...
2022-01-04 01:27:01,065 - root - DEBUG - Processing 410-th line out of 500 rows of DP table...
2022-01-04 01:27:01,099 - root - DEBUG - Processing 420-th line out of 500 rows of DP table...
2022-01-04 01:27:01,129 - root - DEBUG - Processing 430-th line out of 500 rows of DP table...
2022-01-04 01:27:01,191 - root - DEBUG - Processing 440-th line out of 500 rows of DP table...
2022-01-04 01:27:01,225 - root - DEBUG - Processing 450-th line out of 500 rows of DP table...
2022-01-04 01:27:01,291 - root - DEBUG - Processing 460-th line out of 500 rows of DP table...
2022-01-04 01:27:01,318 - root - DEBUG - Processing 470-th line out of 500 rows of DP table...
2022-01-04 01:27:01,331 - root - DEBUG - Processing 480-th line out of 500 rows of DP table...
2022-01-04 01:27:01,340 - root - DEBUG - Processing 490-th line out of 500 rows of DP table...
2022-01-04 01:27:01,346 - root - DEBUG - Processing 500-th line out of 500 rows of DP table...
2022-01-04 01:27:01,351 - root - DEBUG - Started computing joint logprobs...
