2022-01-04 20:47:42,417 - root - INFO - Loading reference interval set from '211227-2-sim/g12_3.ref.tsv'...
2022-01-04 20:47:42,434 - root - INFO - Loading query interval set from '211227-2-sim/g12_3.query.tsv'...
2022-01-04 20:47:42,529 - root - INFO - Loading chromosome sizes from '211227-2-sim/g12_sizes.tsv'...
2022-01-04 20:47:42,677 - root - INFO - Number of reference intervals: 500 (500 before merging)
2022-01-04 20:47:42,682 - root - INFO - Number of query intervals: 50000 (50000 before merging)
2022-01-04 20:47:42,683 - root - INFO - Number of chromosomes: 1
2022-01-04 20:47:42,865 - root - INFO - Overlap count: 500
2022-01-04 20:47:42,868 - root - DEBUG - Started computing sf for chromosome 'chr1'...
2022-01-04 20:47:42,889 - root - DEBUG - m=500, n=50000
2022-01-04 20:47:43,068 - root - DEBUG - Processing 10-th line out of 500 rows of DP table...
2022-01-04 20:47:43,237 - root - DEBUG - Processing 20-th line out of 500 rows of DP table...
2022-01-04 20:47:43,404 - root - DEBUG - Processing 30-th line out of 500 rows of DP table...
2022-01-04 20:47:43,567 - root - DEBUG - Processing 40-th line out of 500 rows of DP table...
2022-01-04 20:47:43,739 - root - DEBUG - Processing 50-th line out of 500 rows of DP table...
2022-01-04 20:47:43,912 - root - DEBUG - Processing 60-th line out of 500 rows of DP table...
2022-01-04 20:47:44,066 - root - DEBUG - Processing 70-th line out of 500 rows of DP table...
2022-01-04 20:47:44,236 - root - DEBUG - Processing 80-th line out of 500 rows of DP table...
2022-01-04 20:47:44,381 - root - DEBUG - Processing 90-th line out of 500 rows of DP table...
2022-01-04 20:47:44,525 - root - DEBUG - Processing 100-th line out of 500 rows of DP table...
2022-01-04 20:47:44,664 - root - DEBUG - Processing 110-th line out of 500 rows of DP table...
2022-01-04 20:47:44,808 - root - DEBUG - Processing 120-th line out of 500 rows of DP table...
2022-01-04 20:47:44,971 - root - DEBUG - Processing 130-th line out of 500 rows of DP table...
2022-01-04 20:47:45,098 - root - DEBUG - Processing 140-th line out of 500 rows of DP table...
2022-01-04 20:47:45,222 - root - DEBUG - Processing 150-th line out of 500 rows of DP table...
2022-01-04 20:47:45,341 - root - DEBUG - Processing 160-th line out of 500 rows of DP table...
2022-01-04 20:47:45,478 - root - DEBUG - Processing 170-th line out of 500 rows of DP table...
2022-01-04 20:47:45,591 - root - DEBUG - Processing 180-th line out of 500 rows of DP table...
2022-01-04 20:47:45,700 - root - DEBUG - Processing 190-th line out of 500 rows of DP table...
2022-01-04 20:47:45,807 - root - DEBUG - Processing 200-th line out of 500 rows of DP table...
2022-01-04 20:47:45,922 - root - DEBUG - Processing 210-th line out of 500 rows of DP table...
2022-01-04 20:47:46,023 - root - DEBUG - Processing 220-th line out of 500 rows of DP table...
2022-01-04 20:47:46,119 - root - DEBUG - Processing 230-th line out of 500 rows of DP table...
2022-01-04 20:47:46,211 - root - DEBUG - Processing 240-th line out of 500 rows of DP table...
2022-01-04 20:47:46,299 - root - DEBUG - Processing 250-th line out of 500 rows of DP table...
2022-01-04 20:47:46,385 - root - DEBUG - Processing 260-th line out of 500 rows of DP table...
2022-01-04 20:47:46,468 - root - DEBUG - Processing 270-th line out of 500 rows of DP table...
2022-01-04 20:47:46,547 - root - DEBUG - Processing 280-th line out of 500 rows of DP table...
2022-01-04 20:47:46,622 - root - DEBUG - Processing 290-th line out of 500 rows of DP table...
2022-01-04 20:47:46,694 - root - DEBUG - Processing 300-th line out of 500 rows of DP table...
2022-01-04 20:47:46,763 - root - DEBUG - Processing 310-th line out of 500 rows of DP table...
2022-01-04 20:47:46,829 - root - DEBUG - Processing 320-th line out of 500 rows of DP table...
2022-01-04 20:47:46,892 - root - DEBUG - Processing 330-th line out of 500 rows of DP table...
2022-01-04 20:47:46,951 - root - DEBUG - Processing 340-th line out of 500 rows of DP table...
2022-01-04 20:47:47,007 - root - DEBUG - Processing 350-th line out of 500 rows of DP table...
2022-01-04 20:47:47,061 - root - DEBUG - Processing 360-th line out of 500 rows of DP table...
2022-01-04 20:47:47,111 - root - DEBUG - Processing 370-th line out of 500 rows of DP table...
2022-01-04 20:47:47,158 - root - DEBUG - Processing 380-th line out of 500 rows of DP table...
2022-01-04 20:47:47,202 - root - DEBUG - Processing 390-th line out of 500 rows of DP table...
2022-01-04 20:47:47,241 - root - DEBUG - Processing 400-th line out of 500 rows of DP table...
2022-01-04 20:47:47,277 - root - DEBUG - Processing 410-th line out of 500 rows of DP table...
2022-01-04 20:47:47,310 - root - DEBUG - Processing 420-th line out of 500 rows of DP table...
2022-01-04 20:47:47,340 - root - DEBUG - Processing 430-th line out of 500 rows of DP table...
2022-01-04 20:47:47,366 - root - DEBUG - Processing 440-th line out of 500 rows of DP table...
2022-01-04 20:47:47,389 - root - DEBUG - Processing 450-th line out of 500 rows of DP table...
2022-01-04 20:47:47,409 - root - DEBUG - Processing 460-th line out of 500 rows of DP table...
2022-01-04 20:47:47,425 - root - DEBUG - Processing 470-th line out of 500 rows of DP table...
2022-01-04 20:47:47,438 - root - DEBUG - Processing 480-th line out of 500 rows of DP table...
2022-01-04 20:47:47,446 - root - DEBUG - Processing 490-th line out of 500 rows of DP table...
2022-01-04 20:47:47,452 - root - DEBUG - Processing 500-th line out of 500 rows of DP table...
2022-01-04 20:47:47,458 - root - DEBUG - Started computing joint logprobs...
