2022-01-04 20:47:34,437 - root - INFO - Loading reference interval set from '211227-2-sim/g12_0.ref.tsv'...
2022-01-04 20:47:34,465 - root - INFO - Loading query interval set from '211227-2-sim/g12_0.query.tsv'...
2022-01-04 20:47:34,587 - root - INFO - Loading chromosome sizes from '211227-2-sim/g12_sizes.tsv'...
2022-01-04 20:47:34,651 - root - INFO - Number of reference intervals: 500 (500 before merging)
2022-01-04 20:47:34,689 - root - INFO - Number of query intervals: 50000 (50000 before merging)
2022-01-04 20:47:34,692 - root - INFO - Number of chromosomes: 1
2022-01-04 20:47:34,757 - root - INFO - Overlap count: 500
2022-01-04 20:47:34,835 - root - DEBUG - Started computing sf for chromosome 'chr1'...
2022-01-04 20:47:34,857 - root - DEBUG - m=500, n=50000
2022-01-04 20:47:35,030 - root - DEBUG - Processing 10-th line out of 500 rows of DP table...
2022-01-04 20:47:35,213 - root - DEBUG - Processing 20-th line out of 500 rows of DP table...
2022-01-04 20:47:35,373 - root - DEBUG - Processing 30-th line out of 500 rows of DP table...
2022-01-04 20:47:35,543 - root - DEBUG - Processing 40-th line out of 500 rows of DP table...
2022-01-04 20:47:35,695 - root - DEBUG - Processing 50-th line out of 500 rows of DP table...
2022-01-04 20:47:35,837 - root - DEBUG - Processing 60-th line out of 500 rows of DP table...
2022-01-04 20:47:35,976 - root - DEBUG - Processing 70-th line out of 500 rows of DP table...
2022-01-04 20:47:36,111 - root - DEBUG - Processing 80-th line out of 500 rows of DP table...
2022-01-04 20:47:36,243 - root - DEBUG - Processing 90-th line out of 500 rows of DP table...
2022-01-04 20:47:36,373 - root - DEBUG - Processing 100-th line out of 500 rows of DP table...
2022-01-04 20:47:36,500 - root - DEBUG - Processing 110-th line out of 500 rows of DP table...
2022-01-04 20:47:36,623 - root - DEBUG - Processing 120-th line out of 500 rows of DP table...
2022-01-04 20:47:36,743 - root - DEBUG - Processing 130-th line out of 500 rows of DP table...
2022-01-04 20:47:36,879 - root - DEBUG - Processing 140-th line out of 500 rows of DP table...
2022-01-04 20:47:36,993 - root - DEBUG - Processing 150-th line out of 500 rows of DP table...
2022-01-04 20:47:37,105 - root - DEBUG - Processing 160-th line out of 500 rows of DP table...
2022-01-04 20:47:37,212 - root - DEBUG - Processing 170-th line out of 500 rows of DP table...
2022-01-04 20:47:37,317 - root - DEBUG - Processing 180-th line out of 500 rows of DP table...
2022-01-04 20:47:37,418 - root - DEBUG - Processing 190-th line out of 500 rows of DP table...
2022-01-04 20:47:37,517 - root - DEBUG - Processing 200-th line out of 500 rows of DP table...
2022-01-04 20:47:37,615 - root - DEBUG - Processing 210-th line out of 500 rows of DP table...
2022-01-04 20:47:37,709 - root - DEBUG - Processing 220-th line out of 500 rows of DP table...
2022-01-04 20:47:37,798 - root - DEBUG - Processing 230-th line out of 500 rows of DP table...
2022-01-04 20:47:37,890 - root - DEBUG - Processing 240-th line out of 500 rows of DP table...
2022-01-04 20:47:37,978 - root - DEBUG - Processing 250-th line out of 500 rows of DP table...
2022-01-04 20:47:38,064 - root - DEBUG - Processing 260-th line out of 500 rows of DP table...
2022-01-04 20:47:38,145 - root - DEBUG - Processing 270-th line out of 500 rows of DP table...
2022-01-04 20:47:38,224 - root - DEBUG - Processing 280-th line out of 500 rows of DP table...
2022-01-04 20:47:38,298 - root - DEBUG - Processing 290-th line out of 500 rows of DP table...
2022-01-04 20:47:38,370 - root - DEBUG - Processing 300-th line out of 500 rows of DP table...
2022-01-04 20:47:38,439 - root - DEBUG - Processing 310-th line out of 500 rows of DP table...
2022-01-04 20:47:38,505 - root - DEBUG - Processing 320-th line out of 500 rows of DP table...
2022-01-04 20:47:38,567 - root - DEBUG - Processing 330-th line out of 500 rows of DP table...
2022-01-04 20:47:38,627 - root - DEBUG - Processing 340-th line out of 500 rows of DP table...
2022-01-04 20:47:38,682 - root - DEBUG - Processing 350-th line out of 500 rows of DP table...
2022-01-04 20:47:38,734 - root - DEBUG - Processing 360-th line out of 500 rows of DP table...
2022-01-04 20:47:38,782 - root - DEBUG - Processing 370-th line out of 500 rows of DP table...
2022-01-04 20:47:38,830 - root - DEBUG - Processing 380-th line out of 500 rows of DP table...
2022-01-04 20:47:38,872 - root - DEBUG - Processing 390-th line out of 500 rows of DP table...
2022-01-04 20:47:38,911 - root - DEBUG - Processing 400-th line out of 500 rows of DP table...
2022-01-04 20:47:38,947 - root - DEBUG - Processing 410-th line out of 500 rows of DP table...
2022-01-04 20:47:38,979 - root - DEBUG - Processing 420-th line out of 500 rows of DP table...
2022-01-04 20:47:39,008 - root - DEBUG - Processing 430-th line out of 500 rows of DP table...
2022-01-04 20:47:39,034 - root - DEBUG - Processing 440-th line out of 500 rows of DP table...
2022-01-04 20:47:39,055 - root - DEBUG - Processing 450-th line out of 500 rows of DP table...
2022-01-04 20:47:39,080 - root - DEBUG - Processing 460-th line out of 500 rows of DP table...
2022-01-04 20:47:39,096 - root - DEBUG - Processing 470-th line out of 500 rows of DP table...
2022-01-04 20:47:39,108 - root - DEBUG - Processing 480-th line out of 500 rows of DP table...
2022-01-04 20:47:39,118 - root - DEBUG - Processing 490-th line out of 500 rows of DP table...
2022-01-04 20:47:39,123 - root - DEBUG - Processing 500-th line out of 500 rows of DP table...
2022-01-04 20:47:39,127 - root - DEBUG - Started computing joint logprobs...
