2022-01-04 01:01:33,209 - root - INFO - Loading reference interval set from '211227-2-sim/g13_5.ref.tsv'...
2022-01-04 01:01:33,213 - root - INFO - Loading query interval set from '211227-2-sim/g13_5.query.tsv'...
2022-01-04 01:01:33,276 - root - INFO - Loading chromosome sizes from '211227-2-sim/g13_sizes.tsv'...
2022-01-04 01:01:33,280 - root - INFO - Number of reference intervals: 500 (500 before merging)
2022-01-04 01:01:33,281 - root - INFO - Number of query intervals: 50 (50 before merging)
2022-01-04 01:01:33,282 - root - INFO - Number of chromosomes: 1
2022-01-04 01:01:33,285 - root - INFO - Overlap count: 5
2022-01-04 01:01:33,308 - root - DEBUG - Started computing sf for chromosome 'chr1'...
2022-01-04 01:01:33,313 - root - DEBUG - m=500, n=50
2022-01-04 01:01:33,527 - root - DEBUG - Processing 10-th line out of 500 rows of DP table...
2022-01-04 01:01:33,703 - root - DEBUG - Processing 20-th line out of 500 rows of DP table...
2022-01-04 01:01:33,885 - root - DEBUG - Processing 30-th line out of 500 rows of DP table...
2022-01-04 01:01:34,055 - root - DEBUG - Processing 40-th line out of 500 rows of DP table...
2022-01-04 01:01:34,221 - root - DEBUG - Processing 50-th line out of 500 rows of DP table...
2022-01-04 01:01:34,409 - root - DEBUG - Processing 60-th line out of 500 rows of DP table...
2022-01-04 01:01:34,569 - root - DEBUG - Processing 70-th line out of 500 rows of DP table...
2022-01-04 01:01:34,724 - root - DEBUG - Processing 80-th line out of 500 rows of DP table...
2022-01-04 01:01:34,910 - root - DEBUG - Processing 90-th line out of 500 rows of DP table...
2022-01-04 01:01:35,059 - root - DEBUG - Processing 100-th line out of 500 rows of DP table...
2022-01-04 01:01:35,198 - root - DEBUG - Processing 110-th line out of 500 rows of DP table...
2022-01-04 01:01:35,345 - root - DEBUG - Processing 120-th line out of 500 rows of DP table...
2022-01-04 01:01:35,478 - root - DEBUG - Processing 130-th line out of 500 rows of DP table...
2022-01-04 01:01:35,607 - root - DEBUG - Processing 140-th line out of 500 rows of DP table...
2022-01-04 01:01:35,743 - root - DEBUG - Processing 150-th line out of 500 rows of DP table...
2022-01-04 01:01:35,907 - root - DEBUG - Processing 160-th line out of 500 rows of DP table...
2022-01-04 01:01:36,026 - root - DEBUG - Processing 170-th line out of 500 rows of DP table...
2022-01-04 01:01:36,144 - root - DEBUG - Processing 180-th line out of 500 rows of DP table...
2022-01-04 01:01:36,287 - root - DEBUG - Processing 190-th line out of 500 rows of DP table...
2022-01-04 01:01:36,402 - root - DEBUG - Processing 200-th line out of 500 rows of DP table...
2022-01-04 01:01:36,510 - root - DEBUG - Processing 210-th line out of 500 rows of DP table...
2022-01-04 01:01:36,624 - root - DEBUG - Processing 220-th line out of 500 rows of DP table...
2022-01-04 01:01:36,726 - root - DEBUG - Processing 230-th line out of 500 rows of DP table...
2022-01-04 01:01:36,824 - root - DEBUG - Processing 240-th line out of 500 rows of DP table...
2022-01-04 01:01:36,918 - root - DEBUG - Processing 250-th line out of 500 rows of DP table...
2022-01-04 01:01:37,009 - root - DEBUG - Processing 260-th line out of 500 rows of DP table...
2022-01-04 01:01:37,096 - root - DEBUG - Processing 270-th line out of 500 rows of DP table...
2022-01-04 01:01:37,180 - root - DEBUG - Processing 280-th line out of 500 rows of DP table...
2022-01-04 01:01:37,262 - root - DEBUG - Processing 290-th line out of 500 rows of DP table...
2022-01-04 01:01:37,341 - root - DEBUG - Processing 300-th line out of 500 rows of DP table...
2022-01-04 01:01:37,415 - root - DEBUG - Processing 310-th line out of 500 rows of DP table...
2022-01-04 01:01:37,484 - root - DEBUG - Processing 320-th line out of 500 rows of DP table...
2022-01-04 01:01:37,550 - root - DEBUG - Processing 330-th line out of 500 rows of DP table...
2022-01-04 01:01:37,612 - root - DEBUG - Processing 340-th line out of 500 rows of DP table...
2022-01-04 01:01:37,695 - root - DEBUG - Processing 350-th line out of 500 rows of DP table...
2022-01-04 01:01:37,752 - root - DEBUG - Processing 360-th line out of 500 rows of DP table...
2022-01-04 01:01:37,806 - root - DEBUG - Processing 370-th line out of 500 rows of DP table...
2022-01-04 01:01:37,859 - root - DEBUG - Processing 380-th line out of 500 rows of DP table...
2022-01-04 01:01:37,913 - root - DEBUG - Processing 390-th line out of 500 rows of DP table...
2022-01-04 01:01:37,956 - root - DEBUG - Processing 400-th line out of 500 rows of DP table...
2022-01-04 01:01:37,995 - root - DEBUG - Processing 410-th line out of 500 rows of DP table...
2022-01-04 01:01:38,030 - root - DEBUG - Processing 420-th line out of 500 rows of DP table...
2022-01-04 01:01:38,062 - root - DEBUG - Processing 430-th line out of 500 rows of DP table...
2022-01-04 01:01:38,090 - root - DEBUG - Processing 440-th line out of 500 rows of DP table...
2022-01-04 01:01:38,114 - root - DEBUG - Processing 450-th line out of 500 rows of DP table...
2022-01-04 01:01:38,134 - root - DEBUG - Processing 460-th line out of 500 rows of DP table...
2022-01-04 01:01:38,152 - root - DEBUG - Processing 470-th line out of 500 rows of DP table...
2022-01-04 01:01:38,165 - root - DEBUG - Processing 480-th line out of 500 rows of DP table...
2022-01-04 01:01:38,175 - root - DEBUG - Processing 490-th line out of 500 rows of DP table...
2022-01-04 01:01:38,181 - root - DEBUG - Processing 500-th line out of 500 rows of DP table...
2022-01-04 01:01:38,185 - root - DEBUG - Started computing joint logprobs...
