2022-01-04 21:26:18,915 - root - INFO - Loading reference interval set from '211227-2-sim/g13_1.ref.tsv'...
2022-01-04 21:26:18,919 - root - INFO - Loading query interval set from '211227-2-sim/g13_1.query.tsv'...
2022-01-04 21:26:18,939 - root - INFO - Loading chromosome sizes from '211227-2-sim/g13_sizes.tsv'...
2022-01-04 21:26:18,942 - root - INFO - Number of reference intervals: 500 (500 before merging)
2022-01-04 21:26:18,944 - root - INFO - Number of query intervals: 50 (50 before merging)
2022-01-04 21:26:18,946 - root - INFO - Number of chromosomes: 1
2022-01-04 21:26:18,948 - root - INFO - Overlap count: 4
2022-01-04 21:26:18,950 - root - DEBUG - Started computing sf for chromosome 'chr1'...
2022-01-04 21:26:18,952 - root - DEBUG - m=500, n=50
2022-01-04 21:26:19,186 - root - DEBUG - Processing 10-th line out of 500 rows of DP table...
2022-01-04 21:26:19,373 - root - DEBUG - Processing 20-th line out of 500 rows of DP table...
2022-01-04 21:26:19,534 - root - DEBUG - Processing 30-th line out of 500 rows of DP table...
2022-01-04 21:26:19,708 - root - DEBUG - Processing 40-th line out of 500 rows of DP table...
2022-01-04 21:26:19,866 - root - DEBUG - Processing 50-th line out of 500 rows of DP table...
2022-01-04 21:26:20,018 - root - DEBUG - Processing 60-th line out of 500 rows of DP table...
2022-01-04 21:26:20,166 - root - DEBUG - Processing 70-th line out of 500 rows of DP table...
2022-01-04 21:26:20,331 - root - DEBUG - Processing 80-th line out of 500 rows of DP table...
2022-01-04 21:26:20,473 - root - DEBUG - Processing 90-th line out of 500 rows of DP table...
2022-01-04 21:26:20,613 - root - DEBUG - Processing 100-th line out of 500 rows of DP table...
2022-01-04 21:26:20,748 - root - DEBUG - Processing 110-th line out of 500 rows of DP table...
2022-01-04 21:26:20,880 - root - DEBUG - Processing 120-th line out of 500 rows of DP table...
2022-01-04 21:26:21,009 - root - DEBUG - Processing 130-th line out of 500 rows of DP table...
2022-01-04 21:26:21,134 - root - DEBUG - Processing 140-th line out of 500 rows of DP table...
2022-01-04 21:26:21,257 - root - DEBUG - Processing 150-th line out of 500 rows of DP table...
2022-01-04 21:26:21,396 - root - DEBUG - Processing 160-th line out of 500 rows of DP table...
2022-01-04 21:26:21,511 - root - DEBUG - Processing 170-th line out of 500 rows of DP table...
2022-01-04 21:26:21,624 - root - DEBUG - Processing 180-th line out of 500 rows of DP table...
2022-01-04 21:26:21,733 - root - DEBUG - Processing 190-th line out of 500 rows of DP table...
2022-01-04 21:26:21,839 - root - DEBUG - Processing 200-th line out of 500 rows of DP table...
2022-01-04 21:26:21,949 - root - DEBUG - Processing 210-th line out of 500 rows of DP table...
2022-01-04 21:26:22,047 - root - DEBUG - Processing 220-th line out of 500 rows of DP table...
2022-01-04 21:26:22,142 - root - DEBUG - Processing 230-th line out of 500 rows of DP table...
2022-01-04 21:26:22,235 - root - DEBUG - Processing 240-th line out of 500 rows of DP table...
2022-01-04 21:26:22,324 - root - DEBUG - Processing 250-th line out of 500 rows of DP table...
2022-01-04 21:26:22,431 - root - DEBUG - Processing 260-th line out of 500 rows of DP table...
2022-01-04 21:26:22,513 - root - DEBUG - Processing 270-th line out of 500 rows of DP table...
2022-01-04 21:26:22,592 - root - DEBUG - Processing 280-th line out of 500 rows of DP table...
2022-01-04 21:26:22,673 - root - DEBUG - Processing 290-th line out of 500 rows of DP table...
2022-01-04 21:26:22,747 - root - DEBUG - Processing 300-th line out of 500 rows of DP table...
2022-01-04 21:26:22,816 - root - DEBUG - Processing 310-th line out of 500 rows of DP table...
2022-01-04 21:26:22,881 - root - DEBUG - Processing 320-th line out of 500 rows of DP table...
2022-01-04 21:26:22,943 - root - DEBUG - Processing 330-th line out of 500 rows of DP table...
2022-01-04 21:26:23,002 - root - DEBUG - Processing 340-th line out of 500 rows of DP table...
2022-01-04 21:26:23,057 - root - DEBUG - Processing 350-th line out of 500 rows of DP table...
2022-01-04 21:26:23,108 - root - DEBUG - Processing 360-th line out of 500 rows of DP table...
2022-01-04 21:26:23,157 - root - DEBUG - Processing 370-th line out of 500 rows of DP table...
2022-01-04 21:26:23,202 - root - DEBUG - Processing 380-th line out of 500 rows of DP table...
2022-01-04 21:26:23,243 - root - DEBUG - Processing 390-th line out of 500 rows of DP table...
2022-01-04 21:26:23,282 - root - DEBUG - Processing 400-th line out of 500 rows of DP table...
2022-01-04 21:26:23,317 - root - DEBUG - Processing 410-th line out of 500 rows of DP table...
2022-01-04 21:26:23,348 - root - DEBUG - Processing 420-th line out of 500 rows of DP table...
2022-01-04 21:26:23,377 - root - DEBUG - Processing 430-th line out of 500 rows of DP table...
2022-01-04 21:26:23,406 - root - DEBUG - Processing 440-th line out of 500 rows of DP table...
2022-01-04 21:26:23,444 - root - DEBUG - Processing 450-th line out of 500 rows of DP table...
2022-01-04 21:26:23,463 - root - DEBUG - Processing 460-th line out of 500 rows of DP table...
2022-01-04 21:26:23,478 - root - DEBUG - Processing 470-th line out of 500 rows of DP table...
2022-01-04 21:26:23,490 - root - DEBUG - Processing 480-th line out of 500 rows of DP table...
2022-01-04 21:26:23,499 - root - DEBUG - Processing 490-th line out of 500 rows of DP table...
2022-01-04 21:26:23,504 - root - DEBUG - Processing 500-th line out of 500 rows of DP table...
2022-01-04 21:26:23,509 - root - DEBUG - Started computing joint logprobs...
