2022-01-04 13:40:26,960 - root - INFO - Loading reference interval set from '211227-2-sim/g13_8.ref.tsv'...
2022-01-04 13:40:26,979 - root - INFO - Loading query interval set from '211227-2-sim/g13_8.query.tsv'...
2022-01-04 13:40:26,988 - root - INFO - Loading chromosome sizes from '211227-2-sim/g13_sizes.tsv'...
2022-01-04 13:40:26,990 - root - INFO - Number of reference intervals: 500 (500 before merging)
2022-01-04 13:40:26,991 - root - INFO - Number of query intervals: 50 (50 before merging)
2022-01-04 13:40:26,992 - root - INFO - Number of chromosomes: 1
2022-01-04 13:40:26,994 - root - INFO - Overlap count: 6
2022-01-04 13:40:26,995 - root - DEBUG - Started computing sf for chromosome 'chr1'...
2022-01-04 13:40:26,996 - root - DEBUG - m=500, n=50
2022-01-04 13:40:27,195 - root - DEBUG - Processing 10-th line out of 500 rows of DP table...
2022-01-04 13:40:27,368 - root - DEBUG - Processing 20-th line out of 500 rows of DP table...
2022-01-04 13:40:27,537 - root - DEBUG - Processing 30-th line out of 500 rows of DP table...
2022-01-04 13:40:27,702 - root - DEBUG - Processing 40-th line out of 500 rows of DP table...
2022-01-04 13:40:27,867 - root - DEBUG - Processing 50-th line out of 500 rows of DP table...
2022-01-04 13:40:28,029 - root - DEBUG - Processing 60-th line out of 500 rows of DP table...
2022-01-04 13:40:28,184 - root - DEBUG - Processing 70-th line out of 500 rows of DP table...
2022-01-04 13:40:28,337 - root - DEBUG - Processing 80-th line out of 500 rows of DP table...
2022-01-04 13:40:28,496 - root - DEBUG - Processing 90-th line out of 500 rows of DP table...
2022-01-04 13:40:28,642 - root - DEBUG - Processing 100-th line out of 500 rows of DP table...
2022-01-04 13:40:28,785 - root - DEBUG - Processing 110-th line out of 500 rows of DP table...
2022-01-04 13:40:28,924 - root - DEBUG - Processing 120-th line out of 500 rows of DP table...
2022-01-04 13:40:29,060 - root - DEBUG - Processing 130-th line out of 500 rows of DP table...
2022-01-04 13:40:29,192 - root - DEBUG - Processing 140-th line out of 500 rows of DP table...
2022-01-04 13:40:29,322 - root - DEBUG - Processing 150-th line out of 500 rows of DP table...
2022-01-04 13:40:29,447 - root - DEBUG - Processing 160-th line out of 500 rows of DP table...
2022-01-04 13:40:29,570 - root - DEBUG - Processing 170-th line out of 500 rows of DP table...
2022-01-04 13:40:29,699 - root - DEBUG - Processing 180-th line out of 500 rows of DP table...
2022-01-04 13:40:29,814 - root - DEBUG - Processing 190-th line out of 500 rows of DP table...
2022-01-04 13:40:29,926 - root - DEBUG - Processing 200-th line out of 500 rows of DP table...
2022-01-04 13:40:30,035 - root - DEBUG - Processing 210-th line out of 500 rows of DP table...
2022-01-04 13:40:30,140 - root - DEBUG - Processing 220-th line out of 500 rows of DP table...
2022-01-04 13:40:30,242 - root - DEBUG - Processing 230-th line out of 500 rows of DP table...
2022-01-04 13:40:30,339 - root - DEBUG - Processing 240-th line out of 500 rows of DP table...
2022-01-04 13:40:30,433 - root - DEBUG - Processing 250-th line out of 500 rows of DP table...
2022-01-04 13:40:30,524 - root - DEBUG - Processing 260-th line out of 500 rows of DP table...
2022-01-04 13:40:30,611 - root - DEBUG - Processing 270-th line out of 500 rows of DP table...
2022-01-04 13:40:30,767 - root - DEBUG - Processing 280-th line out of 500 rows of DP table...
2022-01-04 13:40:30,894 - root - DEBUG - Processing 290-th line out of 500 rows of DP table...
2022-01-04 13:40:30,982 - root - DEBUG - Processing 300-th line out of 500 rows of DP table...
2022-01-04 13:40:31,056 - root - DEBUG - Processing 310-th line out of 500 rows of DP table...
2022-01-04 13:40:31,126 - root - DEBUG - Processing 320-th line out of 500 rows of DP table...
2022-01-04 13:40:31,192 - root - DEBUG - Processing 330-th line out of 500 rows of DP table...
2022-01-04 13:40:31,256 - root - DEBUG - Processing 340-th line out of 500 rows of DP table...
2022-01-04 13:40:31,315 - root - DEBUG - Processing 350-th line out of 500 rows of DP table...
2022-01-04 13:40:31,371 - root - DEBUG - Processing 360-th line out of 500 rows of DP table...
2022-01-04 13:40:31,424 - root - DEBUG - Processing 370-th line out of 500 rows of DP table...
2022-01-04 13:40:31,474 - root - DEBUG - Processing 380-th line out of 500 rows of DP table...
2022-01-04 13:40:31,519 - root - DEBUG - Processing 390-th line out of 500 rows of DP table...
2022-01-04 13:40:31,562 - root - DEBUG - Processing 400-th line out of 500 rows of DP table...
2022-01-04 13:40:31,600 - root - DEBUG - Processing 410-th line out of 500 rows of DP table...
2022-01-04 13:40:31,635 - root - DEBUG - Processing 420-th line out of 500 rows of DP table...
2022-01-04 13:40:31,666 - root - DEBUG - Processing 430-th line out of 500 rows of DP table...
2022-01-04 13:40:31,693 - root - DEBUG - Processing 440-th line out of 500 rows of DP table...
2022-01-04 13:40:31,717 - root - DEBUG - Processing 450-th line out of 500 rows of DP table...
2022-01-04 13:40:31,737 - root - DEBUG - Processing 460-th line out of 500 rows of DP table...
2022-01-04 13:40:31,754 - root - DEBUG - Processing 470-th line out of 500 rows of DP table...
2022-01-04 13:40:31,767 - root - DEBUG - Processing 480-th line out of 500 rows of DP table...
2022-01-04 13:40:31,777 - root - DEBUG - Processing 490-th line out of 500 rows of DP table...
2022-01-04 13:40:31,783 - root - DEBUG - Processing 500-th line out of 500 rows of DP table...
2022-01-04 13:40:31,787 - root - DEBUG - Started computing joint logprobs...
