2022-01-04 00:57:45,723 - root - INFO - Loading reference interval set from '211227-2-sim/g13_3.ref.tsv'...
2022-01-04 00:57:45,724 - root - INFO - Loading query interval set from '211227-2-sim/g13_3.query.tsv'...
2022-01-04 00:57:45,726 - root - INFO - Loading chromosome sizes from '211227-2-sim/g13_sizes.tsv'...
2022-01-04 00:57:45,727 - root - INFO - Number of reference intervals: 500 (500 before merging)
2022-01-04 00:57:45,728 - root - INFO - Number of query intervals: 50 (50 before merging)
2022-01-04 00:57:45,730 - root - INFO - Number of chromosomes: 1
2022-01-04 00:57:45,731 - root - INFO - Overlap count: 6
2022-01-04 00:57:45,732 - root - DEBUG - Started computing sf for chromosome 'chr1'...
2022-01-04 00:57:45,734 - root - DEBUG - m=500, n=50
2022-01-04 00:57:45,893 - root - DEBUG - Processing 10-th line out of 500 rows of DP table...
2022-01-04 00:57:46,056 - root - DEBUG - Processing 20-th line out of 500 rows of DP table...
2022-01-04 00:57:46,214 - root - DEBUG - Processing 30-th line out of 500 rows of DP table...
2022-01-04 00:57:46,370 - root - DEBUG - Processing 40-th line out of 500 rows of DP table...
2022-01-04 00:57:46,553 - root - DEBUG - Processing 50-th line out of 500 rows of DP table...
2022-01-04 00:57:46,702 - root - DEBUG - Processing 60-th line out of 500 rows of DP table...
2022-01-04 00:57:46,850 - root - DEBUG - Processing 70-th line out of 500 rows of DP table...
2022-01-04 00:57:46,992 - root - DEBUG - Processing 80-th line out of 500 rows of DP table...
2022-01-04 00:57:47,132 - root - DEBUG - Processing 90-th line out of 500 rows of DP table...
2022-01-04 00:57:47,268 - root - DEBUG - Processing 100-th line out of 500 rows of DP table...
2022-01-04 00:57:47,401 - root - DEBUG - Processing 110-th line out of 500 rows of DP table...
2022-01-04 00:57:47,532 - root - DEBUG - Processing 120-th line out of 500 rows of DP table...
2022-01-04 00:57:47,659 - root - DEBUG - Processing 130-th line out of 500 rows of DP table...
2022-01-04 00:57:47,785 - root - DEBUG - Processing 140-th line out of 500 rows of DP table...
2022-01-04 00:57:47,906 - root - DEBUG - Processing 150-th line out of 500 rows of DP table...
2022-01-04 00:57:48,025 - root - DEBUG - Processing 160-th line out of 500 rows of DP table...
2022-01-04 00:57:48,138 - root - DEBUG - Processing 170-th line out of 500 rows of DP table...
2022-01-04 00:57:48,249 - root - DEBUG - Processing 180-th line out of 500 rows of DP table...
2022-01-04 00:57:48,357 - root - DEBUG - Processing 190-th line out of 500 rows of DP table...
2022-01-04 00:57:48,477 - root - DEBUG - Processing 200-th line out of 500 rows of DP table...
2022-01-04 00:57:48,586 - root - DEBUG - Processing 210-th line out of 500 rows of DP table...
2022-01-04 00:57:48,683 - root - DEBUG - Processing 220-th line out of 500 rows of DP table...
2022-01-04 00:57:48,778 - root - DEBUG - Processing 230-th line out of 500 rows of DP table...
2022-01-04 00:57:48,869 - root - DEBUG - Processing 240-th line out of 500 rows of DP table...
2022-01-04 00:57:48,956 - root - DEBUG - Processing 250-th line out of 500 rows of DP table...
2022-01-04 00:57:49,041 - root - DEBUG - Processing 260-th line out of 500 rows of DP table...
2022-01-04 00:57:49,123 - root - DEBUG - Processing 270-th line out of 500 rows of DP table...
2022-01-04 00:57:49,203 - root - DEBUG - Processing 280-th line out of 500 rows of DP table...
2022-01-04 00:57:49,279 - root - DEBUG - Processing 290-th line out of 500 rows of DP table...
2022-01-04 00:57:49,360 - root - DEBUG - Processing 300-th line out of 500 rows of DP table...
2022-01-04 00:57:49,444 - root - DEBUG - Processing 310-th line out of 500 rows of DP table...
2022-01-04 00:57:49,510 - root - DEBUG - Processing 320-th line out of 500 rows of DP table...
2022-01-04 00:57:49,572 - root - DEBUG - Processing 330-th line out of 500 rows of DP table...
2022-01-04 00:57:49,662 - root - DEBUG - Processing 340-th line out of 500 rows of DP table...
2022-01-04 00:57:49,718 - root - DEBUG - Processing 350-th line out of 500 rows of DP table...
2022-01-04 00:57:49,772 - root - DEBUG - Processing 360-th line out of 500 rows of DP table...
2022-01-04 00:57:49,835 - root - DEBUG - Processing 370-th line out of 500 rows of DP table...
2022-01-04 00:57:49,929 - root - DEBUG - Processing 380-th line out of 500 rows of DP table...
2022-01-04 00:57:50,003 - root - DEBUG - Processing 390-th line out of 500 rows of DP table...
2022-01-04 00:57:50,047 - root - DEBUG - Processing 400-th line out of 500 rows of DP table...
2022-01-04 00:57:50,083 - root - DEBUG - Processing 410-th line out of 500 rows of DP table...
2022-01-04 00:57:50,115 - root - DEBUG - Processing 420-th line out of 500 rows of DP table...
2022-01-04 00:57:50,144 - root - DEBUG - Processing 430-th line out of 500 rows of DP table...
2022-01-04 00:57:50,170 - root - DEBUG - Processing 440-th line out of 500 rows of DP table...
2022-01-04 00:57:50,193 - root - DEBUG - Processing 450-th line out of 500 rows of DP table...
2022-01-04 00:57:50,219 - root - DEBUG - Processing 460-th line out of 500 rows of DP table...
2022-01-04 00:57:50,237 - root - DEBUG - Processing 470-th line out of 500 rows of DP table...
2022-01-04 00:57:50,250 - root - DEBUG - Processing 480-th line out of 500 rows of DP table...
2022-01-04 00:57:50,259 - root - DEBUG - Processing 490-th line out of 500 rows of DP table...
2022-01-04 00:57:50,264 - root - DEBUG - Processing 500-th line out of 500 rows of DP table...
2022-01-04 00:57:50,268 - root - DEBUG - Started computing joint logprobs...
