2022-01-04 20:47:45,203 - root - INFO - Loading reference interval set from '211227-2-sim/g13_4.ref.tsv'...
2022-01-04 20:47:45,212 - root - INFO - Loading query interval set from '211227-2-sim/g13_4.query.tsv'...
2022-01-04 20:47:45,215 - root - INFO - Loading chromosome sizes from '211227-2-sim/g13_sizes.tsv'...
2022-01-04 20:47:45,217 - root - INFO - Number of reference intervals: 500 (500 before merging)
2022-01-04 20:47:45,218 - root - INFO - Number of query intervals: 50 (50 before merging)
2022-01-04 20:47:45,219 - root - INFO - Number of chromosomes: 1
2022-01-04 20:47:45,221 - root - INFO - Overlap count: 6
2022-01-04 20:47:45,223 - root - DEBUG - Started computing sf for chromosome 'chr1'...
2022-01-04 20:47:45,224 - root - DEBUG - m=500, n=50
2022-01-04 20:47:45,395 - root - DEBUG - Processing 10-th line out of 500 rows of DP table...
2022-01-04 20:47:45,569 - root - DEBUG - Processing 20-th line out of 500 rows of DP table...
2022-01-04 20:47:45,742 - root - DEBUG - Processing 30-th line out of 500 rows of DP table...
2022-01-04 20:47:45,910 - root - DEBUG - Processing 40-th line out of 500 rows of DP table...
2022-01-04 20:47:46,074 - root - DEBUG - Processing 50-th line out of 500 rows of DP table...
2022-01-04 20:47:46,234 - root - DEBUG - Processing 60-th line out of 500 rows of DP table...
2022-01-04 20:47:46,392 - root - DEBUG - Processing 70-th line out of 500 rows of DP table...
2022-01-04 20:47:46,546 - root - DEBUG - Processing 80-th line out of 500 rows of DP table...
2022-01-04 20:47:46,698 - root - DEBUG - Processing 90-th line out of 500 rows of DP table...
2022-01-04 20:47:46,846 - root - DEBUG - Processing 100-th line out of 500 rows of DP table...
2022-01-04 20:47:47,017 - root - DEBUG - Processing 110-th line out of 500 rows of DP table...
2022-01-04 20:47:47,159 - root - DEBUG - Processing 120-th line out of 500 rows of DP table...
2022-01-04 20:47:47,296 - root - DEBUG - Processing 130-th line out of 500 rows of DP table...
2022-01-04 20:47:47,433 - root - DEBUG - Processing 140-th line out of 500 rows of DP table...
2022-01-04 20:47:47,563 - root - DEBUG - Processing 150-th line out of 500 rows of DP table...
2022-01-04 20:47:47,692 - root - DEBUG - Processing 160-th line out of 500 rows of DP table...
2022-01-04 20:47:47,813 - root - DEBUG - Processing 170-th line out of 500 rows of DP table...
2022-01-04 20:47:47,933 - root - DEBUG - Processing 180-th line out of 500 rows of DP table...
2022-01-04 20:47:48,050 - root - DEBUG - Processing 190-th line out of 500 rows of DP table...
2022-01-04 20:47:48,163 - root - DEBUG - Processing 200-th line out of 500 rows of DP table...
2022-01-04 20:47:48,272 - root - DEBUG - Processing 210-th line out of 500 rows of DP table...
2022-01-04 20:47:48,376 - root - DEBUG - Processing 220-th line out of 500 rows of DP table...
2022-01-04 20:47:48,477 - root - DEBUG - Processing 230-th line out of 500 rows of DP table...
2022-01-04 20:47:48,575 - root - DEBUG - Processing 240-th line out of 500 rows of DP table...
2022-01-04 20:47:48,691 - root - DEBUG - Processing 250-th line out of 500 rows of DP table...
2022-01-04 20:47:48,782 - root - DEBUG - Processing 260-th line out of 500 rows of DP table...
2022-01-04 20:47:48,870 - root - DEBUG - Processing 270-th line out of 500 rows of DP table...
2022-01-04 20:47:48,953 - root - DEBUG - Processing 280-th line out of 500 rows of DP table...
2022-01-04 20:47:49,032 - root - DEBUG - Processing 290-th line out of 500 rows of DP table...
2022-01-04 20:47:49,109 - root - DEBUG - Processing 300-th line out of 500 rows of DP table...
2022-01-04 20:47:49,183 - root - DEBUG - Processing 310-th line out of 500 rows of DP table...
2022-01-04 20:47:49,310 - root - DEBUG - Processing 320-th line out of 500 rows of DP table...
2022-01-04 20:47:49,400 - root - DEBUG - Processing 330-th line out of 500 rows of DP table...
2022-01-04 20:47:49,462 - root - DEBUG - Processing 340-th line out of 500 rows of DP table...
2022-01-04 20:47:49,524 - root - DEBUG - Processing 350-th line out of 500 rows of DP table...
2022-01-04 20:47:49,579 - root - DEBUG - Processing 360-th line out of 500 rows of DP table...
2022-01-04 20:47:49,630 - root - DEBUG - Processing 370-th line out of 500 rows of DP table...
2022-01-04 20:47:49,679 - root - DEBUG - Processing 380-th line out of 500 rows of DP table...
2022-01-04 20:47:49,723 - root - DEBUG - Processing 390-th line out of 500 rows of DP table...
2022-01-04 20:47:49,764 - root - DEBUG - Processing 400-th line out of 500 rows of DP table...
2022-01-04 20:47:49,802 - root - DEBUG - Processing 410-th line out of 500 rows of DP table...
2022-01-04 20:47:49,836 - root - DEBUG - Processing 420-th line out of 500 rows of DP table...
2022-01-04 20:47:49,867 - root - DEBUG - Processing 430-th line out of 500 rows of DP table...
2022-01-04 20:47:49,894 - root - DEBUG - Processing 440-th line out of 500 rows of DP table...
2022-01-04 20:47:49,918 - root - DEBUG - Processing 450-th line out of 500 rows of DP table...
2022-01-04 20:47:49,938 - root - DEBUG - Processing 460-th line out of 500 rows of DP table...
2022-01-04 20:47:49,953 - root - DEBUG - Processing 470-th line out of 500 rows of DP table...
2022-01-04 20:47:49,967 - root - DEBUG - Processing 480-th line out of 500 rows of DP table...
2022-01-04 20:47:49,976 - root - DEBUG - Processing 490-th line out of 500 rows of DP table...
2022-01-04 20:47:49,983 - root - DEBUG - Processing 500-th line out of 500 rows of DP table...
2022-01-04 20:47:49,988 - root - DEBUG - Started computing joint logprobs...
