2022-01-04 20:49:26,693 - root - INFO - Loading reference interval set from '211227-2-sim/g13_6.ref.tsv'...
2022-01-04 20:49:26,695 - root - INFO - Loading query interval set from '211227-2-sim/g13_6.query.tsv'...
2022-01-04 20:49:26,697 - root - INFO - Loading chromosome sizes from '211227-2-sim/g13_sizes.tsv'...
2022-01-04 20:49:26,698 - root - INFO - Number of reference intervals: 500 (500 before merging)
2022-01-04 20:49:26,699 - root - INFO - Number of query intervals: 50 (50 before merging)
2022-01-04 20:49:26,699 - root - INFO - Number of chromosomes: 1
2022-01-04 20:49:26,701 - root - INFO - Overlap count: 2
2022-01-04 20:49:26,701 - root - DEBUG - Started computing sf for chromosome 'chr1'...
2022-01-04 20:49:26,702 - root - DEBUG - m=500, n=50
2022-01-04 20:49:26,863 - root - DEBUG - Processing 10-th line out of 500 rows of DP table...
2022-01-04 20:49:27,036 - root - DEBUG - Processing 20-th line out of 500 rows of DP table...
2022-01-04 20:49:27,201 - root - DEBUG - Processing 30-th line out of 500 rows of DP table...
2022-01-04 20:49:27,378 - root - DEBUG - Processing 40-th line out of 500 rows of DP table...
2022-01-04 20:49:27,537 - root - DEBUG - Processing 50-th line out of 500 rows of DP table...
2022-01-04 20:49:27,691 - root - DEBUG - Processing 60-th line out of 500 rows of DP table...
2022-01-04 20:49:27,843 - root - DEBUG - Processing 70-th line out of 500 rows of DP table...
2022-01-04 20:49:27,991 - root - DEBUG - Processing 80-th line out of 500 rows of DP table...
2022-01-04 20:49:28,141 - root - DEBUG - Processing 90-th line out of 500 rows of DP table...
2022-01-04 20:49:28,283 - root - DEBUG - Processing 100-th line out of 500 rows of DP table...
2022-01-04 20:49:28,420 - root - DEBUG - Processing 110-th line out of 500 rows of DP table...
2022-01-04 20:49:28,554 - root - DEBUG - Processing 120-th line out of 500 rows of DP table...
2022-01-04 20:49:28,685 - root - DEBUG - Processing 130-th line out of 500 rows of DP table...
2022-01-04 20:49:28,811 - root - DEBUG - Processing 140-th line out of 500 rows of DP table...
2022-01-04 20:49:28,936 - root - DEBUG - Processing 150-th line out of 500 rows of DP table...
2022-01-04 20:49:29,058 - root - DEBUG - Processing 160-th line out of 500 rows of DP table...
2022-01-04 20:49:29,176 - root - DEBUG - Processing 170-th line out of 500 rows of DP table...
2022-01-04 20:49:29,297 - root - DEBUG - Processing 180-th line out of 500 rows of DP table...
2022-01-04 20:49:29,407 - root - DEBUG - Processing 190-th line out of 500 rows of DP table...
2022-01-04 20:49:29,515 - root - DEBUG - Processing 200-th line out of 500 rows of DP table...
2022-01-04 20:49:29,620 - root - DEBUG - Processing 210-th line out of 500 rows of DP table...
2022-01-04 20:49:29,726 - root - DEBUG - Processing 220-th line out of 500 rows of DP table...
2022-01-04 20:49:29,824 - root - DEBUG - Processing 230-th line out of 500 rows of DP table...
2022-01-04 20:49:29,919 - root - DEBUG - Processing 240-th line out of 500 rows of DP table...
2022-01-04 20:49:30,010 - root - DEBUG - Processing 250-th line out of 500 rows of DP table...
2022-01-04 20:49:30,099 - root - DEBUG - Processing 260-th line out of 500 rows of DP table...
2022-01-04 20:49:30,183 - root - DEBUG - Processing 270-th line out of 500 rows of DP table...
2022-01-04 20:49:30,263 - root - DEBUG - Processing 280-th line out of 500 rows of DP table...
2022-01-04 20:49:30,342 - root - DEBUG - Processing 290-th line out of 500 rows of DP table...
2022-01-04 20:49:30,421 - root - DEBUG - Processing 300-th line out of 500 rows of DP table...
2022-01-04 20:49:30,491 - root - DEBUG - Processing 310-th line out of 500 rows of DP table...
2022-01-04 20:49:30,558 - root - DEBUG - Processing 320-th line out of 500 rows of DP table...
2022-01-04 20:49:30,622 - root - DEBUG - Processing 330-th line out of 500 rows of DP table...
2022-01-04 20:49:30,685 - root - DEBUG - Processing 340-th line out of 500 rows of DP table...
2022-01-04 20:49:30,742 - root - DEBUG - Processing 350-th line out of 500 rows of DP table...
2022-01-04 20:49:30,797 - root - DEBUG - Processing 360-th line out of 500 rows of DP table...
2022-01-04 20:49:30,848 - root - DEBUG - Processing 370-th line out of 500 rows of DP table...
2022-01-04 20:49:30,895 - root - DEBUG - Processing 380-th line out of 500 rows of DP table...
2022-01-04 20:49:30,940 - root - DEBUG - Processing 390-th line out of 500 rows of DP table...
2022-01-04 20:49:30,980 - root - DEBUG - Processing 400-th line out of 500 rows of DP table...
2022-01-04 20:49:31,017 - root - DEBUG - Processing 410-th line out of 500 rows of DP table...
2022-01-04 20:49:31,051 - root - DEBUG - Processing 420-th line out of 500 rows of DP table...
2022-01-04 20:49:31,081 - root - DEBUG - Processing 430-th line out of 500 rows of DP table...
2022-01-04 20:49:31,108 - root - DEBUG - Processing 440-th line out of 500 rows of DP table...
2022-01-04 20:49:31,131 - root - DEBUG - Processing 450-th line out of 500 rows of DP table...
2022-01-04 20:49:31,151 - root - DEBUG - Processing 460-th line out of 500 rows of DP table...
2022-01-04 20:49:31,167 - root - DEBUG - Processing 470-th line out of 500 rows of DP table...
2022-01-04 20:49:31,180 - root - DEBUG - Processing 480-th line out of 500 rows of DP table...
2022-01-04 20:49:31,190 - root - DEBUG - Processing 490-th line out of 500 rows of DP table...
2022-01-04 20:49:31,196 - root - DEBUG - Processing 500-th line out of 500 rows of DP table...
2022-01-04 20:49:31,200 - root - DEBUG - Started computing joint logprobs...
