2022-01-04 21:31:45,165 - root - INFO - Loading reference interval set from '211227-2-sim/g13_2.ref.tsv'...
2022-01-04 21:31:45,167 - root - INFO - Loading query interval set from '211227-2-sim/g13_2.query.tsv'...
2022-01-04 21:31:45,169 - root - INFO - Loading chromosome sizes from '211227-2-sim/g13_sizes.tsv'...
2022-01-04 21:31:45,170 - root - INFO - Number of reference intervals: 500 (500 before merging)
2022-01-04 21:31:45,171 - root - INFO - Number of query intervals: 50 (50 before merging)
2022-01-04 21:31:45,197 - root - INFO - Number of chromosomes: 1
2022-01-04 21:31:45,199 - root - INFO - Overlap count: 4
2022-01-04 21:31:45,200 - root - DEBUG - Started computing sf for chromosome 'chr1'...
2022-01-04 21:31:45,202 - root - DEBUG - m=500, n=50
2022-01-04 21:31:45,365 - root - DEBUG - Processing 10-th line out of 500 rows of DP table...
2022-01-04 21:31:45,530 - root - DEBUG - Processing 20-th line out of 500 rows of DP table...
2022-01-04 21:31:45,692 - root - DEBUG - Processing 30-th line out of 500 rows of DP table...
2022-01-04 21:31:45,855 - root - DEBUG - Processing 40-th line out of 500 rows of DP table...
2022-01-04 21:31:46,010 - root - DEBUG - Processing 50-th line out of 500 rows of DP table...
2022-01-04 21:31:46,161 - root - DEBUG - Processing 60-th line out of 500 rows of DP table...
2022-01-04 21:31:46,311 - root - DEBUG - Processing 70-th line out of 500 rows of DP table...
2022-01-04 21:31:46,456 - root - DEBUG - Processing 80-th line out of 500 rows of DP table...
2022-01-04 21:31:46,599 - root - DEBUG - Processing 90-th line out of 500 rows of DP table...
2022-01-04 21:31:46,738 - root - DEBUG - Processing 100-th line out of 500 rows of DP table...
2022-01-04 21:31:46,874 - root - DEBUG - Processing 110-th line out of 500 rows of DP table...
2022-01-04 21:31:47,011 - root - DEBUG - Processing 120-th line out of 500 rows of DP table...
2022-01-04 21:31:47,140 - root - DEBUG - Processing 130-th line out of 500 rows of DP table...
2022-01-04 21:31:47,268 - root - DEBUG - Processing 140-th line out of 500 rows of DP table...
2022-01-04 21:31:47,390 - root - DEBUG - Processing 150-th line out of 500 rows of DP table...
2022-01-04 21:31:47,509 - root - DEBUG - Processing 160-th line out of 500 rows of DP table...
2022-01-04 21:31:47,623 - root - DEBUG - Processing 170-th line out of 500 rows of DP table...
2022-01-04 21:31:47,736 - root - DEBUG - Processing 180-th line out of 500 rows of DP table...
2022-01-04 21:31:47,846 - root - DEBUG - Processing 190-th line out of 500 rows of DP table...
2022-01-04 21:31:47,951 - root - DEBUG - Processing 200-th line out of 500 rows of DP table...
2022-01-04 21:31:48,058 - root - DEBUG - Processing 210-th line out of 500 rows of DP table...
2022-01-04 21:31:48,157 - root - DEBUG - Processing 220-th line out of 500 rows of DP table...
2022-01-04 21:31:48,254 - root - DEBUG - Processing 230-th line out of 500 rows of DP table...
2022-01-04 21:31:48,346 - root - DEBUG - Processing 240-th line out of 500 rows of DP table...
2022-01-04 21:31:48,435 - root - DEBUG - Processing 250-th line out of 500 rows of DP table...
2022-01-04 21:31:48,521 - root - DEBUG - Processing 260-th line out of 500 rows of DP table...
2022-01-04 21:31:48,603 - root - DEBUG - Processing 270-th line out of 500 rows of DP table...
2022-01-04 21:31:48,682 - root - DEBUG - Processing 280-th line out of 500 rows of DP table...
2022-01-04 21:31:48,758 - root - DEBUG - Processing 290-th line out of 500 rows of DP table...
2022-01-04 21:31:48,831 - root - DEBUG - Processing 300-th line out of 500 rows of DP table...
2022-01-04 21:31:48,900 - root - DEBUG - Processing 310-th line out of 500 rows of DP table...
2022-01-04 21:31:48,966 - root - DEBUG - Processing 320-th line out of 500 rows of DP table...
2022-01-04 21:31:49,029 - root - DEBUG - Processing 330-th line out of 500 rows of DP table...
2022-01-04 21:31:49,088 - root - DEBUG - Processing 340-th line out of 500 rows of DP table...
2022-01-04 21:31:49,143 - root - DEBUG - Processing 350-th line out of 500 rows of DP table...
2022-01-04 21:31:49,196 - root - DEBUG - Processing 360-th line out of 500 rows of DP table...
2022-01-04 21:31:49,250 - root - DEBUG - Processing 370-th line out of 500 rows of DP table...
2022-01-04 21:31:49,296 - root - DEBUG - Processing 380-th line out of 500 rows of DP table...
2022-01-04 21:31:49,338 - root - DEBUG - Processing 390-th line out of 500 rows of DP table...
2022-01-04 21:31:49,377 - root - DEBUG - Processing 400-th line out of 500 rows of DP table...
2022-01-04 21:31:49,412 - root - DEBUG - Processing 410-th line out of 500 rows of DP table...
2022-01-04 21:31:49,444 - root - DEBUG - Processing 420-th line out of 500 rows of DP table...
2022-01-04 21:31:49,473 - root - DEBUG - Processing 430-th line out of 500 rows of DP table...
2022-01-04 21:31:49,498 - root - DEBUG - Processing 440-th line out of 500 rows of DP table...
2022-01-04 21:31:49,520 - root - DEBUG - Processing 450-th line out of 500 rows of DP table...
2022-01-04 21:31:49,539 - root - DEBUG - Processing 460-th line out of 500 rows of DP table...
2022-01-04 21:31:49,554 - root - DEBUG - Processing 470-th line out of 500 rows of DP table...
2022-01-04 21:31:49,566 - root - DEBUG - Processing 480-th line out of 500 rows of DP table...
2022-01-04 21:31:49,574 - root - DEBUG - Processing 490-th line out of 500 rows of DP table...
2022-01-04 21:31:49,580 - root - DEBUG - Processing 500-th line out of 500 rows of DP table...
2022-01-04 21:31:49,583 - root - DEBUG - Started computing joint logprobs...
