2022-01-04 20:48:58,989 - root - INFO - Loading reference interval set from '211227-2-sim/g13_0.ref.tsv'...
2022-01-04 20:48:58,991 - root - INFO - Loading query interval set from '211227-2-sim/g13_0.query.tsv'...
2022-01-04 20:48:58,993 - root - INFO - Loading chromosome sizes from '211227-2-sim/g13_sizes.tsv'...
2022-01-04 20:48:58,996 - root - INFO - Number of reference intervals: 500 (500 before merging)
2022-01-04 20:48:58,997 - root - INFO - Number of query intervals: 50 (50 before merging)
2022-01-04 20:48:58,999 - root - INFO - Number of chromosomes: 1
2022-01-04 20:48:59,001 - root - INFO - Overlap count: 1
2022-01-04 20:48:59,002 - root - DEBUG - Started computing sf for chromosome 'chr1'...
2022-01-04 20:48:59,003 - root - DEBUG - m=500, n=50
2022-01-04 20:48:59,163 - root - DEBUG - Processing 10-th line out of 500 rows of DP table...
2022-01-04 20:48:59,338 - root - DEBUG - Processing 20-th line out of 500 rows of DP table...
2022-01-04 20:48:59,500 - root - DEBUG - Processing 30-th line out of 500 rows of DP table...
2022-01-04 20:48:59,658 - root - DEBUG - Processing 40-th line out of 500 rows of DP table...
2022-01-04 20:48:59,812 - root - DEBUG - Processing 50-th line out of 500 rows of DP table...
2022-01-04 20:48:59,963 - root - DEBUG - Processing 60-th line out of 500 rows of DP table...
2022-01-04 20:49:00,112 - root - DEBUG - Processing 70-th line out of 500 rows of DP table...
2022-01-04 20:49:00,258 - root - DEBUG - Processing 80-th line out of 500 rows of DP table...
2022-01-04 20:49:00,400 - root - DEBUG - Processing 90-th line out of 500 rows of DP table...
2022-01-04 20:49:00,539 - root - DEBUG - Processing 100-th line out of 500 rows of DP table...
2022-01-04 20:49:00,674 - root - DEBUG - Processing 110-th line out of 500 rows of DP table...
2022-01-04 20:49:00,881 - root - DEBUG - Processing 120-th line out of 500 rows of DP table...
2022-01-04 20:49:01,034 - root - DEBUG - Processing 130-th line out of 500 rows of DP table...
2022-01-04 20:49:01,161 - root - DEBUG - Processing 140-th line out of 500 rows of DP table...
2022-01-04 20:49:01,286 - root - DEBUG - Processing 150-th line out of 500 rows of DP table...
2022-01-04 20:49:01,413 - root - DEBUG - Processing 160-th line out of 500 rows of DP table...
2022-01-04 20:49:01,529 - root - DEBUG - Processing 170-th line out of 500 rows of DP table...
2022-01-04 20:49:01,643 - root - DEBUG - Processing 180-th line out of 500 rows of DP table...
2022-01-04 20:49:01,752 - root - DEBUG - Processing 190-th line out of 500 rows of DP table...
2022-01-04 20:49:01,858 - root - DEBUG - Processing 200-th line out of 500 rows of DP table...
2022-01-04 20:49:01,960 - root - DEBUG - Processing 210-th line out of 500 rows of DP table...
2022-01-04 20:49:02,061 - root - DEBUG - Processing 220-th line out of 500 rows of DP table...
2022-01-04 20:49:02,158 - root - DEBUG - Processing 230-th line out of 500 rows of DP table...
2022-01-04 20:49:02,251 - root - DEBUG - Processing 240-th line out of 500 rows of DP table...
2022-01-04 20:49:02,340 - root - DEBUG - Processing 250-th line out of 500 rows of DP table...
2022-01-04 20:49:02,425 - root - DEBUG - Processing 260-th line out of 500 rows of DP table...
2022-01-04 20:49:02,508 - root - DEBUG - Processing 270-th line out of 500 rows of DP table...
2022-01-04 20:49:02,587 - root - DEBUG - Processing 280-th line out of 500 rows of DP table...
2022-01-04 20:49:02,663 - root - DEBUG - Processing 290-th line out of 500 rows of DP table...
2022-01-04 20:49:02,735 - root - DEBUG - Processing 300-th line out of 500 rows of DP table...
2022-01-04 20:49:02,804 - root - DEBUG - Processing 310-th line out of 500 rows of DP table...
2022-01-04 20:49:02,870 - root - DEBUG - Processing 320-th line out of 500 rows of DP table...
2022-01-04 20:49:02,991 - root - DEBUG - Processing 330-th line out of 500 rows of DP table...
2022-01-04 20:49:03,051 - root - DEBUG - Processing 340-th line out of 500 rows of DP table...
2022-01-04 20:49:03,108 - root - DEBUG - Processing 350-th line out of 500 rows of DP table...
2022-01-04 20:49:03,161 - root - DEBUG - Processing 360-th line out of 500 rows of DP table...
2022-01-04 20:49:03,211 - root - DEBUG - Processing 370-th line out of 500 rows of DP table...
2022-01-04 20:49:03,268 - root - DEBUG - Processing 380-th line out of 500 rows of DP table...
2022-01-04 20:49:03,312 - root - DEBUG - Processing 390-th line out of 500 rows of DP table...
2022-01-04 20:49:03,352 - root - DEBUG - Processing 400-th line out of 500 rows of DP table...
2022-01-04 20:49:03,389 - root - DEBUG - Processing 410-th line out of 500 rows of DP table...
2022-01-04 20:49:03,422 - root - DEBUG - Processing 420-th line out of 500 rows of DP table...
2022-01-04 20:49:03,451 - root - DEBUG - Processing 430-th line out of 500 rows of DP table...
2022-01-04 20:49:03,477 - root - DEBUG - Processing 440-th line out of 500 rows of DP table...
2022-01-04 20:49:03,500 - root - DEBUG - Processing 450-th line out of 500 rows of DP table...
2022-01-04 20:49:03,519 - root - DEBUG - Processing 460-th line out of 500 rows of DP table...
2022-01-04 20:49:03,535 - root - DEBUG - Processing 470-th line out of 500 rows of DP table...
2022-01-04 20:49:03,548 - root - DEBUG - Processing 480-th line out of 500 rows of DP table...
2022-01-04 20:49:03,557 - root - DEBUG - Processing 490-th line out of 500 rows of DP table...
2022-01-04 20:49:03,563 - root - DEBUG - Processing 500-th line out of 500 rows of DP table...
2022-01-04 20:49:03,567 - root - DEBUG - Started computing joint logprobs...
