2022-01-04 20:51:21,814 - root - INFO - Loading reference interval set from '211227-2-sim/g13_9.ref.tsv'...
2022-01-04 20:51:21,816 - root - INFO - Loading query interval set from '211227-2-sim/g13_9.query.tsv'...
2022-01-04 20:51:21,819 - root - INFO - Loading chromosome sizes from '211227-2-sim/g13_sizes.tsv'...
2022-01-04 20:51:21,821 - root - INFO - Number of reference intervals: 500 (500 before merging)
2022-01-04 20:51:21,822 - root - INFO - Number of query intervals: 50 (50 before merging)
2022-01-04 20:51:21,823 - root - INFO - Number of chromosomes: 1
2022-01-04 20:51:21,825 - root - INFO - Overlap count: 8
2022-01-04 20:51:21,827 - root - DEBUG - Started computing sf for chromosome 'chr1'...
2022-01-04 20:51:21,828 - root - DEBUG - m=500, n=50
2022-01-04 20:51:21,986 - root - DEBUG - Processing 10-th line out of 500 rows of DP table...
2022-01-04 20:51:22,151 - root - DEBUG - Processing 20-th line out of 500 rows of DP table...
2022-01-04 20:51:22,319 - root - DEBUG - Processing 30-th line out of 500 rows of DP table...
2022-01-04 20:51:22,477 - root - DEBUG - Processing 40-th line out of 500 rows of DP table...
2022-01-04 20:51:22,633 - root - DEBUG - Processing 50-th line out of 500 rows of DP table...
2022-01-04 20:51:22,785 - root - DEBUG - Processing 60-th line out of 500 rows of DP table...
2022-01-04 20:51:22,933 - root - DEBUG - Processing 70-th line out of 500 rows of DP table...
2022-01-04 20:51:23,078 - root - DEBUG - Processing 80-th line out of 500 rows of DP table...
2022-01-04 20:51:23,220 - root - DEBUG - Processing 90-th line out of 500 rows of DP table...
2022-01-04 20:51:23,359 - root - DEBUG - Processing 100-th line out of 500 rows of DP table...
2022-01-04 20:51:23,499 - root - DEBUG - Processing 110-th line out of 500 rows of DP table...
2022-01-04 20:51:23,630 - root - DEBUG - Processing 120-th line out of 500 rows of DP table...
2022-01-04 20:51:23,758 - root - DEBUG - Processing 130-th line out of 500 rows of DP table...
2022-01-04 20:51:23,882 - root - DEBUG - Processing 140-th line out of 500 rows of DP table...
2022-01-04 20:51:24,003 - root - DEBUG - Processing 150-th line out of 500 rows of DP table...
2022-01-04 20:51:24,122 - root - DEBUG - Processing 160-th line out of 500 rows of DP table...
2022-01-04 20:51:24,237 - root - DEBUG - Processing 170-th line out of 500 rows of DP table...
2022-01-04 20:51:24,348 - root - DEBUG - Processing 180-th line out of 500 rows of DP table...
2022-01-04 20:51:24,456 - root - DEBUG - Processing 190-th line out of 500 rows of DP table...
2022-01-04 20:51:24,565 - root - DEBUG - Processing 200-th line out of 500 rows of DP table...
2022-01-04 20:51:24,685 - root - DEBUG - Processing 210-th line out of 500 rows of DP table...
2022-01-04 20:51:24,784 - root - DEBUG - Processing 220-th line out of 500 rows of DP table...
2022-01-04 20:51:24,963 - root - DEBUG - Processing 230-th line out of 500 rows of DP table...
2022-01-04 20:51:25,053 - root - DEBUG - Processing 240-th line out of 500 rows of DP table...
2022-01-04 20:51:25,140 - root - DEBUG - Processing 250-th line out of 500 rows of DP table...
2022-01-04 20:51:25,224 - root - DEBUG - Processing 260-th line out of 500 rows of DP table...
2022-01-04 20:51:25,305 - root - DEBUG - Processing 270-th line out of 500 rows of DP table...
2022-01-04 20:51:25,384 - root - DEBUG - Processing 280-th line out of 500 rows of DP table...
2022-01-04 20:51:25,458 - root - DEBUG - Processing 290-th line out of 500 rows of DP table...
2022-01-04 20:51:25,530 - root - DEBUG - Processing 300-th line out of 500 rows of DP table...
2022-01-04 20:51:25,599 - root - DEBUG - Processing 310-th line out of 500 rows of DP table...
2022-01-04 20:51:25,664 - root - DEBUG - Processing 320-th line out of 500 rows of DP table...
2022-01-04 20:51:25,737 - root - DEBUG - Processing 330-th line out of 500 rows of DP table...
2022-01-04 20:51:25,798 - root - DEBUG - Processing 340-th line out of 500 rows of DP table...
2022-01-04 20:51:25,853 - root - DEBUG - Processing 350-th line out of 500 rows of DP table...
2022-01-04 20:51:25,906 - root - DEBUG - Processing 360-th line out of 500 rows of DP table...
2022-01-04 20:51:25,955 - root - DEBUG - Processing 370-th line out of 500 rows of DP table...
2022-01-04 20:51:26,002 - root - DEBUG - Processing 380-th line out of 500 rows of DP table...
2022-01-04 20:51:26,045 - root - DEBUG - Processing 390-th line out of 500 rows of DP table...
2022-01-04 20:51:26,083 - root - DEBUG - Processing 400-th line out of 500 rows of DP table...
2022-01-04 20:51:26,119 - root - DEBUG - Processing 410-th line out of 500 rows of DP table...
2022-01-04 20:51:26,151 - root - DEBUG - Processing 420-th line out of 500 rows of DP table...
2022-01-04 20:51:26,180 - root - DEBUG - Processing 430-th line out of 500 rows of DP table...
2022-01-04 20:51:26,206 - root - DEBUG - Processing 440-th line out of 500 rows of DP table...
2022-01-04 20:51:26,229 - root - DEBUG - Processing 450-th line out of 500 rows of DP table...
2022-01-04 20:51:26,248 - root - DEBUG - Processing 460-th line out of 500 rows of DP table...
2022-01-04 20:51:26,264 - root - DEBUG - Processing 470-th line out of 500 rows of DP table...
2022-01-04 20:51:26,276 - root - DEBUG - Processing 480-th line out of 500 rows of DP table...
2022-01-04 20:51:26,286 - root - DEBUG - Processing 490-th line out of 500 rows of DP table...
2022-01-04 20:51:26,292 - root - DEBUG - Processing 500-th line out of 500 rows of DP table...
2022-01-04 20:51:26,298 - root - DEBUG - Started computing joint logprobs...
