2022-01-04 03:50:17,236 - root - INFO - Loading reference interval set from '211227-2-sim/g13_7.ref.tsv'...
2022-01-04 03:50:17,241 - root - INFO - Loading query interval set from '211227-2-sim/g13_7.query.tsv'...
2022-01-04 03:50:17,245 - root - INFO - Loading chromosome sizes from '211227-2-sim/g13_sizes.tsv'...
2022-01-04 03:50:17,248 - root - INFO - Number of reference intervals: 500 (500 before merging)
2022-01-04 03:50:17,250 - root - INFO - Number of query intervals: 50 (50 before merging)
2022-01-04 03:50:17,252 - root - INFO - Number of chromosomes: 1
2022-01-04 03:50:17,254 - root - INFO - Overlap count: 8
2022-01-04 03:50:17,256 - root - DEBUG - Started computing sf for chromosome 'chr1'...
2022-01-04 03:50:17,258 - root - DEBUG - m=500, n=50
2022-01-04 03:50:17,417 - root - DEBUG - Processing 10-th line out of 500 rows of DP table...
2022-01-04 03:50:17,583 - root - DEBUG - Processing 20-th line out of 500 rows of DP table...
2022-01-04 03:50:17,758 - root - DEBUG - Processing 30-th line out of 500 rows of DP table...
2022-01-04 03:50:17,918 - root - DEBUG - Processing 40-th line out of 500 rows of DP table...
2022-01-04 03:50:18,076 - root - DEBUG - Processing 50-th line out of 500 rows of DP table...
2022-01-04 03:50:18,230 - root - DEBUG - Processing 60-th line out of 500 rows of DP table...
2022-01-04 03:50:18,381 - root - DEBUG - Processing 70-th line out of 500 rows of DP table...
2022-01-04 03:50:18,528 - root - DEBUG - Processing 80-th line out of 500 rows of DP table...
2022-01-04 03:50:18,674 - root - DEBUG - Processing 90-th line out of 500 rows of DP table...
2022-01-04 03:50:18,816 - root - DEBUG - Processing 100-th line out of 500 rows of DP table...
2022-01-04 03:50:18,954 - root - DEBUG - Processing 110-th line out of 500 rows of DP table...
2022-01-04 03:50:19,089 - root - DEBUG - Processing 120-th line out of 500 rows of DP table...
2022-01-04 03:50:19,219 - root - DEBUG - Processing 130-th line out of 500 rows of DP table...
2022-01-04 03:50:19,349 - root - DEBUG - Processing 140-th line out of 500 rows of DP table...
2022-01-04 03:50:19,480 - root - DEBUG - Processing 150-th line out of 500 rows of DP table...
2022-01-04 03:50:19,602 - root - DEBUG - Processing 160-th line out of 500 rows of DP table...
2022-01-04 03:50:19,719 - root - DEBUG - Processing 170-th line out of 500 rows of DP table...
2022-01-04 03:50:19,832 - root - DEBUG - Processing 180-th line out of 500 rows of DP table...
2022-01-04 03:50:19,943 - root - DEBUG - Processing 190-th line out of 500 rows of DP table...
2022-01-04 03:50:20,060 - root - DEBUG - Processing 200-th line out of 500 rows of DP table...
2022-01-04 03:50:20,164 - root - DEBUG - Processing 210-th line out of 500 rows of DP table...
2022-01-04 03:50:20,266 - root - DEBUG - Processing 220-th line out of 500 rows of DP table...
2022-01-04 03:50:20,363 - root - DEBUG - Processing 230-th line out of 500 rows of DP table...
2022-01-04 03:50:20,457 - root - DEBUG - Processing 240-th line out of 500 rows of DP table...
2022-01-04 03:50:20,548 - root - DEBUG - Processing 250-th line out of 500 rows of DP table...
2022-01-04 03:50:20,635 - root - DEBUG - Processing 260-th line out of 500 rows of DP table...
2022-01-04 03:50:20,719 - root - DEBUG - Processing 270-th line out of 500 rows of DP table...
2022-01-04 03:50:20,801 - root - DEBUG - Processing 280-th line out of 500 rows of DP table...
2022-01-04 03:50:20,879 - root - DEBUG - Processing 290-th line out of 500 rows of DP table...
2022-01-04 03:50:20,953 - root - DEBUG - Processing 300-th line out of 500 rows of DP table...
2022-01-04 03:50:21,023 - root - DEBUG - Processing 310-th line out of 500 rows of DP table...
2022-01-04 03:50:21,090 - root - DEBUG - Processing 320-th line out of 500 rows of DP table...
2022-01-04 03:50:21,154 - root - DEBUG - Processing 330-th line out of 500 rows of DP table...
2022-01-04 03:50:21,214 - root - DEBUG - Processing 340-th line out of 500 rows of DP table...
2022-01-04 03:50:21,271 - root - DEBUG - Processing 350-th line out of 500 rows of DP table...
2022-01-04 03:50:21,324 - root - DEBUG - Processing 360-th line out of 500 rows of DP table...
2022-01-04 03:50:21,374 - root - DEBUG - Processing 370-th line out of 500 rows of DP table...
2022-01-04 03:50:21,436 - root - DEBUG - Processing 380-th line out of 500 rows of DP table...
2022-01-04 03:50:21,481 - root - DEBUG - Processing 390-th line out of 500 rows of DP table...
2022-01-04 03:50:21,522 - root - DEBUG - Processing 400-th line out of 500 rows of DP table...
2022-01-04 03:50:21,558 - root - DEBUG - Processing 410-th line out of 500 rows of DP table...
2022-01-04 03:50:21,591 - root - DEBUG - Processing 420-th line out of 500 rows of DP table...
2022-01-04 03:50:21,620 - root - DEBUG - Processing 430-th line out of 500 rows of DP table...
2022-01-04 03:50:21,648 - root - DEBUG - Processing 440-th line out of 500 rows of DP table...
2022-01-04 03:50:21,671 - root - DEBUG - Processing 450-th line out of 500 rows of DP table...
2022-01-04 03:50:21,691 - root - DEBUG - Processing 460-th line out of 500 rows of DP table...
2022-01-04 03:50:21,707 - root - DEBUG - Processing 470-th line out of 500 rows of DP table...
2022-01-04 03:50:21,720 - root - DEBUG - Processing 480-th line out of 500 rows of DP table...
2022-01-04 03:50:21,729 - root - DEBUG - Processing 490-th line out of 500 rows of DP table...
2022-01-04 03:50:21,735 - root - DEBUG - Processing 500-th line out of 500 rows of DP table...
2022-01-04 03:50:21,739 - root - DEBUG - Started computing joint logprobs...
