2022-01-04 21:04:09,780 - root - INFO - Loading reference interval set from '211227-2-sim/g14_5.ref.tsv'...
2022-01-04 21:04:09,800 - root - INFO - Loading query interval set from '211227-2-sim/g14_5.query.tsv'...
2022-01-04 21:04:09,824 - root - INFO - Loading chromosome sizes from '211227-2-sim/g14_sizes.tsv'...
2022-01-04 21:04:09,827 - root - INFO - Number of reference intervals: 500 (500 before merging)
2022-01-04 21:04:09,827 - root - INFO - Number of query intervals: 500 (500 before merging)
2022-01-04 21:04:09,828 - root - INFO - Number of chromosomes: 1
2022-01-04 21:04:09,832 - root - INFO - Overlap count: 43
2022-01-04 21:04:09,833 - root - DEBUG - Started computing sf for chromosome 'chr1'...
2022-01-04 21:04:09,834 - root - DEBUG - m=500, n=500
2022-01-04 21:04:09,997 - root - DEBUG - Processing 10-th line out of 500 rows of DP table...
2022-01-04 21:04:10,182 - root - DEBUG - Processing 20-th line out of 500 rows of DP table...
2022-01-04 21:04:10,346 - root - DEBUG - Processing 30-th line out of 500 rows of DP table...
2022-01-04 21:04:10,510 - root - DEBUG - Processing 40-th line out of 500 rows of DP table...
2022-01-04 21:04:10,666 - root - DEBUG - Processing 50-th line out of 500 rows of DP table...
2022-01-04 21:04:10,818 - root - DEBUG - Processing 60-th line out of 500 rows of DP table...
2022-01-04 21:04:10,967 - root - DEBUG - Processing 70-th line out of 500 rows of DP table...
2022-01-04 21:04:11,113 - root - DEBUG - Processing 80-th line out of 500 rows of DP table...
2022-01-04 21:04:11,255 - root - DEBUG - Processing 90-th line out of 500 rows of DP table...
2022-01-04 21:04:11,394 - root - DEBUG - Processing 100-th line out of 500 rows of DP table...
2022-01-04 21:04:11,530 - root - DEBUG - Processing 110-th line out of 500 rows of DP table...
2022-01-04 21:04:11,666 - root - DEBUG - Processing 120-th line out of 500 rows of DP table...
2022-01-04 21:04:11,796 - root - DEBUG - Processing 130-th line out of 500 rows of DP table...
2022-01-04 21:04:11,921 - root - DEBUG - Processing 140-th line out of 500 rows of DP table...
2022-01-04 21:04:12,044 - root - DEBUG - Processing 150-th line out of 500 rows of DP table...
2022-01-04 21:04:12,163 - root - DEBUG - Processing 160-th line out of 500 rows of DP table...
2022-01-04 21:04:12,279 - root - DEBUG - Processing 170-th line out of 500 rows of DP table...
2022-01-04 21:04:12,392 - root - DEBUG - Processing 180-th line out of 500 rows of DP table...
2022-01-04 21:04:12,501 - root - DEBUG - Processing 190-th line out of 500 rows of DP table...
2022-01-04 21:04:12,607 - root - DEBUG - Processing 200-th line out of 500 rows of DP table...
2022-01-04 21:04:12,710 - root - DEBUG - Processing 210-th line out of 500 rows of DP table...
2022-01-04 21:04:12,816 - root - DEBUG - Processing 220-th line out of 500 rows of DP table...
2022-01-04 21:04:12,912 - root - DEBUG - Processing 230-th line out of 500 rows of DP table...
2022-01-04 21:04:13,016 - root - DEBUG - Processing 240-th line out of 500 rows of DP table...
2022-01-04 21:04:13,104 - root - DEBUG - Processing 250-th line out of 500 rows of DP table...
2022-01-04 21:04:13,189 - root - DEBUG - Processing 260-th line out of 500 rows of DP table...
2022-01-04 21:04:13,271 - root - DEBUG - Processing 270-th line out of 500 rows of DP table...
2022-01-04 21:04:13,350 - root - DEBUG - Processing 280-th line out of 500 rows of DP table...
2022-01-04 21:04:13,426 - root - DEBUG - Processing 290-th line out of 500 rows of DP table...
2022-01-04 21:04:13,497 - root - DEBUG - Processing 300-th line out of 500 rows of DP table...
2022-01-04 21:04:13,566 - root - DEBUG - Processing 310-th line out of 500 rows of DP table...
2022-01-04 21:04:13,632 - root - DEBUG - Processing 320-th line out of 500 rows of DP table...
2022-01-04 21:04:13,694 - root - DEBUG - Processing 330-th line out of 500 rows of DP table...
2022-01-04 21:04:13,753 - root - DEBUG - Processing 340-th line out of 500 rows of DP table...
2022-01-04 21:04:13,808 - root - DEBUG - Processing 350-th line out of 500 rows of DP table...
2022-01-04 21:04:13,860 - root - DEBUG - Processing 360-th line out of 500 rows of DP table...
2022-01-04 21:04:13,915 - root - DEBUG - Processing 370-th line out of 500 rows of DP table...
2022-01-04 21:04:13,961 - root - DEBUG - Processing 380-th line out of 500 rows of DP table...
2022-01-04 21:04:14,003 - root - DEBUG - Processing 390-th line out of 500 rows of DP table...
2022-01-04 21:04:14,042 - root - DEBUG - Processing 400-th line out of 500 rows of DP table...
2022-01-04 21:04:14,077 - root - DEBUG - Processing 410-th line out of 500 rows of DP table...
2022-01-04 21:04:14,110 - root - DEBUG - Processing 420-th line out of 500 rows of DP table...
2022-01-04 21:04:14,138 - root - DEBUG - Processing 430-th line out of 500 rows of DP table...
2022-01-04 21:04:14,164 - root - DEBUG - Processing 440-th line out of 500 rows of DP table...
2022-01-04 21:04:14,186 - root - DEBUG - Processing 450-th line out of 500 rows of DP table...
2022-01-04 21:04:14,204 - root - DEBUG - Processing 460-th line out of 500 rows of DP table...
2022-01-04 21:04:14,220 - root - DEBUG - Processing 470-th line out of 500 rows of DP table...
2022-01-04 21:04:14,232 - root - DEBUG - Processing 480-th line out of 500 rows of DP table...
2022-01-04 21:04:14,240 - root - DEBUG - Processing 490-th line out of 500 rows of DP table...
2022-01-04 21:04:14,276 - root - DEBUG - Processing 500-th line out of 500 rows of DP table...
2022-01-04 21:04:14,281 - root - DEBUG - Started computing joint logprobs...
