2022-01-04 21:01:48,954 - root - INFO - Loading reference interval set from '211227-2-sim/g14_2.ref.tsv'...
2022-01-04 21:01:48,956 - root - INFO - Loading query interval set from '211227-2-sim/g14_2.query.tsv'...
2022-01-04 21:01:48,959 - root - INFO - Loading chromosome sizes from '211227-2-sim/g14_sizes.tsv'...
2022-01-04 21:01:48,961 - root - INFO - Number of reference intervals: 500 (500 before merging)
2022-01-04 21:01:48,962 - root - INFO - Number of query intervals: 500 (500 before merging)
2022-01-04 21:01:48,963 - root - INFO - Number of chromosomes: 1
2022-01-04 21:01:48,965 - root - INFO - Overlap count: 53
2022-01-04 21:01:48,967 - root - DEBUG - Started computing sf for chromosome 'chr1'...
2022-01-04 21:01:48,968 - root - DEBUG - m=500, n=500
2022-01-04 21:01:49,128 - root - DEBUG - Processing 10-th line out of 500 rows of DP table...
2022-01-04 21:01:49,293 - root - DEBUG - Processing 20-th line out of 500 rows of DP table...
2022-01-04 21:01:49,456 - root - DEBUG - Processing 30-th line out of 500 rows of DP table...
2022-01-04 21:01:49,622 - root - DEBUG - Processing 40-th line out of 500 rows of DP table...
2022-01-04 21:01:49,778 - root - DEBUG - Processing 50-th line out of 500 rows of DP table...
2022-01-04 21:01:49,931 - root - DEBUG - Processing 60-th line out of 500 rows of DP table...
2022-01-04 21:01:50,080 - root - DEBUG - Processing 70-th line out of 500 rows of DP table...
2022-01-04 21:01:50,226 - root - DEBUG - Processing 80-th line out of 500 rows of DP table...
2022-01-04 21:01:50,368 - root - DEBUG - Processing 90-th line out of 500 rows of DP table...
2022-01-04 21:01:50,507 - root - DEBUG - Processing 100-th line out of 500 rows of DP table...
2022-01-04 21:01:50,643 - root - DEBUG - Processing 110-th line out of 500 rows of DP table...
2022-01-04 21:01:50,781 - root - DEBUG - Processing 120-th line out of 500 rows of DP table...
2022-01-04 21:01:50,910 - root - DEBUG - Processing 130-th line out of 500 rows of DP table...
2022-01-04 21:01:51,036 - root - DEBUG - Processing 140-th line out of 500 rows of DP table...
2022-01-04 21:01:51,159 - root - DEBUG - Processing 150-th line out of 500 rows of DP table...
2022-01-04 21:01:51,276 - root - DEBUG - Processing 160-th line out of 500 rows of DP table...
2022-01-04 21:01:51,392 - root - DEBUG - Processing 170-th line out of 500 rows of DP table...
2022-01-04 21:01:51,504 - root - DEBUG - Processing 180-th line out of 500 rows of DP table...
2022-01-04 21:01:51,614 - root - DEBUG - Processing 190-th line out of 500 rows of DP table...
2022-01-04 21:01:51,720 - root - DEBUG - Processing 200-th line out of 500 rows of DP table...
2022-01-04 21:01:51,822 - root - DEBUG - Processing 210-th line out of 500 rows of DP table...
2022-01-04 21:01:51,927 - root - DEBUG - Processing 220-th line out of 500 rows of DP table...
2022-01-04 21:01:52,023 - root - DEBUG - Processing 230-th line out of 500 rows of DP table...
2022-01-04 21:01:52,116 - root - DEBUG - Processing 240-th line out of 500 rows of DP table...
2022-01-04 21:01:52,205 - root - DEBUG - Processing 250-th line out of 500 rows of DP table...
2022-01-04 21:01:52,291 - root - DEBUG - Processing 260-th line out of 500 rows of DP table...
2022-01-04 21:01:52,374 - root - DEBUG - Processing 270-th line out of 500 rows of DP table...
2022-01-04 21:01:52,453 - root - DEBUG - Processing 280-th line out of 500 rows of DP table...
2022-01-04 21:01:52,529 - root - DEBUG - Processing 290-th line out of 500 rows of DP table...
2022-01-04 21:01:52,601 - root - DEBUG - Processing 300-th line out of 500 rows of DP table...
2022-01-04 21:01:52,670 - root - DEBUG - Processing 310-th line out of 500 rows of DP table...
2022-01-04 21:01:52,736 - root - DEBUG - Processing 320-th line out of 500 rows of DP table...
2022-01-04 21:01:52,799 - root - DEBUG - Processing 330-th line out of 500 rows of DP table...
2022-01-04 21:01:52,859 - root - DEBUG - Processing 340-th line out of 500 rows of DP table...
2022-01-04 21:01:52,914 - root - DEBUG - Processing 350-th line out of 500 rows of DP table...
2022-01-04 21:01:52,967 - root - DEBUG - Processing 360-th line out of 500 rows of DP table...
2022-01-04 21:01:53,016 - root - DEBUG - Processing 370-th line out of 500 rows of DP table...
2022-01-04 21:01:53,067 - root - DEBUG - Processing 380-th line out of 500 rows of DP table...
2022-01-04 21:01:53,109 - root - DEBUG - Processing 390-th line out of 500 rows of DP table...
2022-01-04 21:01:53,148 - root - DEBUG - Processing 400-th line out of 500 rows of DP table...
2022-01-04 21:01:53,184 - root - DEBUG - Processing 410-th line out of 500 rows of DP table...
2022-01-04 21:01:53,216 - root - DEBUG - Processing 420-th line out of 500 rows of DP table...
2022-01-04 21:01:53,245 - root - DEBUG - Processing 430-th line out of 500 rows of DP table...
2022-01-04 21:01:53,270 - root - DEBUG - Processing 440-th line out of 500 rows of DP table...
2022-01-04 21:01:53,292 - root - DEBUG - Processing 450-th line out of 500 rows of DP table...
2022-01-04 21:01:53,311 - root - DEBUG - Processing 460-th line out of 500 rows of DP table...
2022-01-04 21:01:53,326 - root - DEBUG - Processing 470-th line out of 500 rows of DP table...
2022-01-04 21:01:53,338 - root - DEBUG - Processing 480-th line out of 500 rows of DP table...
2022-01-04 21:01:53,361 - root - DEBUG - Processing 490-th line out of 500 rows of DP table...
2022-01-04 21:01:53,367 - root - DEBUG - Processing 500-th line out of 500 rows of DP table...
2022-01-04 21:01:53,371 - root - DEBUG - Started computing joint logprobs...
