2022-01-04 20:49:03,014 - root - INFO - Loading reference interval set from '211227-2-sim/g14_8.ref.tsv'...
2022-01-04 20:49:03,017 - root - INFO - Loading query interval set from '211227-2-sim/g14_8.query.tsv'...
2022-01-04 20:49:03,021 - root - INFO - Loading chromosome sizes from '211227-2-sim/g14_sizes.tsv'...
2022-01-04 20:49:03,023 - root - INFO - Number of reference intervals: 500 (500 before merging)
2022-01-04 20:49:03,025 - root - INFO - Number of query intervals: 500 (500 before merging)
2022-01-04 20:49:03,026 - root - INFO - Number of chromosomes: 1
2022-01-04 20:49:03,028 - root - INFO - Overlap count: 49
2022-01-04 20:49:03,030 - root - DEBUG - Started computing sf for chromosome 'chr1'...
2022-01-04 20:49:03,031 - root - DEBUG - m=500, n=500
2022-01-04 20:49:03,191 - root - DEBUG - Processing 10-th line out of 500 rows of DP table...
2022-01-04 20:49:03,362 - root - DEBUG - Processing 20-th line out of 500 rows of DP table...
2022-01-04 20:49:03,524 - root - DEBUG - Processing 30-th line out of 500 rows of DP table...
2022-01-04 20:49:03,682 - root - DEBUG - Processing 40-th line out of 500 rows of DP table...
2022-01-04 20:49:03,837 - root - DEBUG - Processing 50-th line out of 500 rows of DP table...
2022-01-04 20:49:03,989 - root - DEBUG - Processing 60-th line out of 500 rows of DP table...
2022-01-04 20:49:04,138 - root - DEBUG - Processing 70-th line out of 500 rows of DP table...
2022-01-04 20:49:04,282 - root - DEBUG - Processing 80-th line out of 500 rows of DP table...
2022-01-04 20:49:04,429 - root - DEBUG - Processing 90-th line out of 500 rows of DP table...
2022-01-04 20:49:04,583 - root - DEBUG - Processing 100-th line out of 500 rows of DP table...
2022-01-04 20:49:04,717 - root - DEBUG - Processing 110-th line out of 500 rows of DP table...
2022-01-04 20:49:04,850 - root - DEBUG - Processing 120-th line out of 500 rows of DP table...
2022-01-04 20:49:04,979 - root - DEBUG - Processing 130-th line out of 500 rows of DP table...
2022-01-04 20:49:05,130 - root - DEBUG - Processing 140-th line out of 500 rows of DP table...
2022-01-04 20:49:05,253 - root - DEBUG - Processing 150-th line out of 500 rows of DP table...
2022-01-04 20:49:05,372 - root - DEBUG - Processing 160-th line out of 500 rows of DP table...
2022-01-04 20:49:05,488 - root - DEBUG - Processing 170-th line out of 500 rows of DP table...
2022-01-04 20:49:05,606 - root - DEBUG - Processing 180-th line out of 500 rows of DP table...
2022-01-04 20:49:05,716 - root - DEBUG - Processing 190-th line out of 500 rows of DP table...
2022-01-04 20:49:05,822 - root - DEBUG - Processing 200-th line out of 500 rows of DP table...
2022-01-04 20:49:05,924 - root - DEBUG - Processing 210-th line out of 500 rows of DP table...
2022-01-04 20:49:06,023 - root - DEBUG - Processing 220-th line out of 500 rows of DP table...
2022-01-04 20:49:06,118 - root - DEBUG - Processing 230-th line out of 500 rows of DP table...
2022-01-04 20:49:06,230 - root - DEBUG - Processing 240-th line out of 500 rows of DP table...
2022-01-04 20:49:06,320 - root - DEBUG - Processing 250-th line out of 500 rows of DP table...
2022-01-04 20:49:06,405 - root - DEBUG - Processing 260-th line out of 500 rows of DP table...
2022-01-04 20:49:06,487 - root - DEBUG - Processing 270-th line out of 500 rows of DP table...
2022-01-04 20:49:06,566 - root - DEBUG - Processing 280-th line out of 500 rows of DP table...
2022-01-04 20:49:06,641 - root - DEBUG - Processing 290-th line out of 500 rows of DP table...
2022-01-04 20:49:06,719 - root - DEBUG - Processing 300-th line out of 500 rows of DP table...
2022-01-04 20:49:06,788 - root - DEBUG - Processing 310-th line out of 500 rows of DP table...
2022-01-04 20:49:06,854 - root - DEBUG - Processing 320-th line out of 500 rows of DP table...
2022-01-04 20:49:06,917 - root - DEBUG - Processing 330-th line out of 500 rows of DP table...
2022-01-04 20:49:06,977 - root - DEBUG - Processing 340-th line out of 500 rows of DP table...
2022-01-04 20:49:07,034 - root - DEBUG - Processing 350-th line out of 500 rows of DP table...
2022-01-04 20:49:07,088 - root - DEBUG - Processing 360-th line out of 500 rows of DP table...
2022-01-04 20:49:07,138 - root - DEBUG - Processing 370-th line out of 500 rows of DP table...
2022-01-04 20:49:07,184 - root - DEBUG - Processing 380-th line out of 500 rows of DP table...
2022-01-04 20:49:07,227 - root - DEBUG - Processing 390-th line out of 500 rows of DP table...
2022-01-04 20:49:07,266 - root - DEBUG - Processing 400-th line out of 500 rows of DP table...
2022-01-04 20:49:07,301 - root - DEBUG - Processing 410-th line out of 500 rows of DP table...
2022-01-04 20:49:07,333 - root - DEBUG - Processing 420-th line out of 500 rows of DP table...
2022-01-04 20:49:07,362 - root - DEBUG - Processing 430-th line out of 500 rows of DP table...
2022-01-04 20:49:07,388 - root - DEBUG - Processing 440-th line out of 500 rows of DP table...
2022-01-04 20:49:07,419 - root - DEBUG - Processing 450-th line out of 500 rows of DP table...
2022-01-04 20:49:07,438 - root - DEBUG - Processing 460-th line out of 500 rows of DP table...
2022-01-04 20:49:07,454 - root - DEBUG - Processing 470-th line out of 500 rows of DP table...
2022-01-04 20:49:07,467 - root - DEBUG - Processing 480-th line out of 500 rows of DP table...
2022-01-04 20:49:07,475 - root - DEBUG - Processing 490-th line out of 500 rows of DP table...
2022-01-04 20:49:07,481 - root - DEBUG - Processing 500-th line out of 500 rows of DP table...
2022-01-04 20:49:07,485 - root - DEBUG - Started computing joint logprobs...
