2022-01-04 20:47:46,076 - root - INFO - Loading reference interval set from '211227-2-sim/g14_9.ref.tsv'...
2022-01-04 20:47:46,094 - root - INFO - Loading query interval set from '211227-2-sim/g14_9.query.tsv'...
2022-01-04 20:47:46,098 - root - INFO - Loading chromosome sizes from '211227-2-sim/g14_sizes.tsv'...
2022-01-04 20:47:46,099 - root - INFO - Number of reference intervals: 500 (500 before merging)
2022-01-04 20:47:46,100 - root - INFO - Number of query intervals: 500 (500 before merging)
2022-01-04 20:47:46,101 - root - INFO - Number of chromosomes: 1
2022-01-04 20:47:46,104 - root - INFO - Overlap count: 45
2022-01-04 20:47:46,105 - root - DEBUG - Started computing sf for chromosome 'chr1'...
2022-01-04 20:47:46,106 - root - DEBUG - m=500, n=500
2022-01-04 20:47:46,276 - root - DEBUG - Processing 10-th line out of 500 rows of DP table...
2022-01-04 20:47:46,447 - root - DEBUG - Processing 20-th line out of 500 rows of DP table...
2022-01-04 20:47:46,615 - root - DEBUG - Processing 30-th line out of 500 rows of DP table...
2022-01-04 20:47:46,777 - root - DEBUG - Processing 40-th line out of 500 rows of DP table...
2022-01-04 20:47:46,937 - root - DEBUG - Processing 50-th line out of 500 rows of DP table...
2022-01-04 20:47:47,095 - root - DEBUG - Processing 60-th line out of 500 rows of DP table...
2022-01-04 20:47:47,248 - root - DEBUG - Processing 70-th line out of 500 rows of DP table...
2022-01-04 20:47:47,404 - root - DEBUG - Processing 80-th line out of 500 rows of DP table...
2022-01-04 20:47:47,552 - root - DEBUG - Processing 90-th line out of 500 rows of DP table...
2022-01-04 20:47:47,696 - root - DEBUG - Processing 100-th line out of 500 rows of DP table...
2022-01-04 20:47:47,836 - root - DEBUG - Processing 110-th line out of 500 rows of DP table...
2022-01-04 20:47:47,971 - root - DEBUG - Processing 120-th line out of 500 rows of DP table...
2022-01-04 20:47:48,122 - root - DEBUG - Processing 130-th line out of 500 rows of DP table...
2022-01-04 20:47:48,250 - root - DEBUG - Processing 140-th line out of 500 rows of DP table...
2022-01-04 20:47:48,377 - root - DEBUG - Processing 150-th line out of 500 rows of DP table...
2022-01-04 20:47:48,506 - root - DEBUG - Processing 160-th line out of 500 rows of DP table...
2022-01-04 20:47:48,660 - root - DEBUG - Processing 170-th line out of 500 rows of DP table...
2022-01-04 20:47:48,777 - root - DEBUG - Processing 180-th line out of 500 rows of DP table...
2022-01-04 20:47:48,892 - root - DEBUG - Processing 190-th line out of 500 rows of DP table...
2022-01-04 20:47:49,016 - root - DEBUG - Processing 200-th line out of 500 rows of DP table...
2022-01-04 20:47:49,120 - root - DEBUG - Processing 210-th line out of 500 rows of DP table...
2022-01-04 20:47:49,238 - root - DEBUG - Processing 220-th line out of 500 rows of DP table...
2022-01-04 20:47:49,337 - root - DEBUG - Processing 230-th line out of 500 rows of DP table...
2022-01-04 20:47:49,431 - root - DEBUG - Processing 240-th line out of 500 rows of DP table...
2022-01-04 20:47:49,520 - root - DEBUG - Processing 250-th line out of 500 rows of DP table...
2022-01-04 20:47:49,612 - root - DEBUG - Processing 260-th line out of 500 rows of DP table...
2022-01-04 20:47:49,695 - root - DEBUG - Processing 270-th line out of 500 rows of DP table...
2022-01-04 20:47:49,775 - root - DEBUG - Processing 280-th line out of 500 rows of DP table...
2022-01-04 20:47:49,852 - root - DEBUG - Processing 290-th line out of 500 rows of DP table...
2022-01-04 20:47:49,926 - root - DEBUG - Processing 300-th line out of 500 rows of DP table...
2022-01-04 20:47:49,997 - root - DEBUG - Processing 310-th line out of 500 rows of DP table...
2022-01-04 20:47:50,064 - root - DEBUG - Processing 320-th line out of 500 rows of DP table...
2022-01-04 20:47:50,128 - root - DEBUG - Processing 330-th line out of 500 rows of DP table...
2022-01-04 20:47:50,189 - root - DEBUG - Processing 340-th line out of 500 rows of DP table...
2022-01-04 20:47:50,246 - root - DEBUG - Processing 350-th line out of 500 rows of DP table...
2022-01-04 20:47:50,299 - root - DEBUG - Processing 360-th line out of 500 rows of DP table...
2022-01-04 20:47:50,351 - root - DEBUG - Processing 370-th line out of 500 rows of DP table...
2022-01-04 20:47:50,398 - root - DEBUG - Processing 380-th line out of 500 rows of DP table...
2022-01-04 20:47:50,442 - root - DEBUG - Processing 390-th line out of 500 rows of DP table...
2022-01-04 20:47:50,482 - root - DEBUG - Processing 400-th line out of 500 rows of DP table...
2022-01-04 20:47:50,519 - root - DEBUG - Processing 410-th line out of 500 rows of DP table...
2022-01-04 20:47:50,552 - root - DEBUG - Processing 420-th line out of 500 rows of DP table...
2022-01-04 20:47:50,582 - root - DEBUG - Processing 430-th line out of 500 rows of DP table...
2022-01-04 20:47:50,609 - root - DEBUG - Processing 440-th line out of 500 rows of DP table...
2022-01-04 20:47:50,632 - root - DEBUG - Processing 450-th line out of 500 rows of DP table...
2022-01-04 20:47:50,652 - root - DEBUG - Processing 460-th line out of 500 rows of DP table...
2022-01-04 20:47:50,668 - root - DEBUG - Processing 470-th line out of 500 rows of DP table...
2022-01-04 20:47:50,681 - root - DEBUG - Processing 480-th line out of 500 rows of DP table...
2022-01-04 20:47:50,691 - root - DEBUG - Processing 490-th line out of 500 rows of DP table...
2022-01-04 20:47:50,697 - root - DEBUG - Processing 500-th line out of 500 rows of DP table...
2022-01-04 20:47:50,702 - root - DEBUG - Started computing joint logprobs...
