2022-01-04 21:04:17,061 - root - INFO - Loading reference interval set from '211227-2-sim/g14_0.ref.tsv'...
2022-01-04 21:04:17,063 - root - INFO - Loading query interval set from '211227-2-sim/g14_0.query.tsv'...
2022-01-04 21:04:17,065 - root - INFO - Loading chromosome sizes from '211227-2-sim/g14_sizes.tsv'...
2022-01-04 21:04:17,066 - root - INFO - Number of reference intervals: 500 (500 before merging)
2022-01-04 21:04:17,067 - root - INFO - Number of query intervals: 500 (500 before merging)
2022-01-04 21:04:17,068 - root - INFO - Number of chromosomes: 1
2022-01-04 21:04:17,070 - root - INFO - Overlap count: 49
2022-01-04 21:04:17,070 - root - DEBUG - Started computing sf for chromosome 'chr1'...
2022-01-04 21:04:17,071 - root - DEBUG - m=500, n=500
2022-01-04 21:04:17,231 - root - DEBUG - Processing 10-th line out of 500 rows of DP table...
2022-01-04 21:04:17,397 - root - DEBUG - Processing 20-th line out of 500 rows of DP table...
2022-01-04 21:04:17,560 - root - DEBUG - Processing 30-th line out of 500 rows of DP table...
2022-01-04 21:04:17,727 - root - DEBUG - Processing 40-th line out of 500 rows of DP table...
2022-01-04 21:04:17,884 - root - DEBUG - Processing 50-th line out of 500 rows of DP table...
2022-01-04 21:04:18,038 - root - DEBUG - Processing 60-th line out of 500 rows of DP table...
2022-01-04 21:04:18,188 - root - DEBUG - Processing 70-th line out of 500 rows of DP table...
2022-01-04 21:04:18,336 - root - DEBUG - Processing 80-th line out of 500 rows of DP table...
2022-01-04 21:04:18,480 - root - DEBUG - Processing 90-th line out of 500 rows of DP table...
2022-01-04 21:04:18,621 - root - DEBUG - Processing 100-th line out of 500 rows of DP table...
2022-01-04 21:04:18,758 - root - DEBUG - Processing 110-th line out of 500 rows of DP table...
2022-01-04 21:04:18,896 - root - DEBUG - Processing 120-th line out of 500 rows of DP table...
2022-01-04 21:04:19,026 - root - DEBUG - Processing 130-th line out of 500 rows of DP table...
2022-01-04 21:04:19,153 - root - DEBUG - Processing 140-th line out of 500 rows of DP table...
2022-01-04 21:04:19,277 - root - DEBUG - Processing 150-th line out of 500 rows of DP table...
2022-01-04 21:04:19,398 - root - DEBUG - Processing 160-th line out of 500 rows of DP table...
2022-01-04 21:04:19,515 - root - DEBUG - Processing 170-th line out of 500 rows of DP table...
2022-01-04 21:04:19,628 - root - DEBUG - Processing 180-th line out of 500 rows of DP table...
2022-01-04 21:04:19,739 - root - DEBUG - Processing 190-th line out of 500 rows of DP table...
2022-01-04 21:04:19,847 - root - DEBUG - Processing 200-th line out of 500 rows of DP table...
2022-01-04 21:04:19,950 - root - DEBUG - Processing 210-th line out of 500 rows of DP table...
2022-01-04 21:04:20,057 - root - DEBUG - Processing 220-th line out of 500 rows of DP table...
2022-01-04 21:04:20,154 - root - DEBUG - Processing 230-th line out of 500 rows of DP table...
2022-01-04 21:04:20,248 - root - DEBUG - Processing 240-th line out of 500 rows of DP table...
2022-01-04 21:04:20,339 - root - DEBUG - Processing 250-th line out of 500 rows of DP table...
2022-01-04 21:04:20,427 - root - DEBUG - Processing 260-th line out of 500 rows of DP table...
2022-01-04 21:04:20,511 - root - DEBUG - Processing 270-th line out of 500 rows of DP table...
2022-01-04 21:04:20,592 - root - DEBUG - Processing 280-th line out of 500 rows of DP table...
2022-01-04 21:04:20,669 - root - DEBUG - Processing 290-th line out of 500 rows of DP table...
2022-01-04 21:04:20,744 - root - DEBUG - Processing 300-th line out of 500 rows of DP table...
2022-01-04 21:04:20,815 - root - DEBUG - Processing 310-th line out of 500 rows of DP table...
2022-01-04 21:04:20,882 - root - DEBUG - Processing 320-th line out of 500 rows of DP table...
2022-01-04 21:04:20,945 - root - DEBUG - Processing 330-th line out of 500 rows of DP table...
2022-01-04 21:04:21,006 - root - DEBUG - Processing 340-th line out of 500 rows of DP table...
2022-01-04 21:04:21,068 - root - DEBUG - Processing 350-th line out of 500 rows of DP table...
2022-01-04 21:04:21,122 - root - DEBUG - Processing 360-th line out of 500 rows of DP table...
2022-01-04 21:04:21,177 - root - DEBUG - Processing 370-th line out of 500 rows of DP table...
2022-01-04 21:04:21,224 - root - DEBUG - Processing 380-th line out of 500 rows of DP table...
2022-01-04 21:04:21,267 - root - DEBUG - Processing 390-th line out of 500 rows of DP table...
2022-01-04 21:04:21,307 - root - DEBUG - Processing 400-th line out of 500 rows of DP table...
2022-01-04 21:04:21,344 - root - DEBUG - Processing 410-th line out of 500 rows of DP table...
2022-01-04 21:04:21,377 - root - DEBUG - Processing 420-th line out of 500 rows of DP table...
2022-01-04 21:04:21,406 - root - DEBUG - Processing 430-th line out of 500 rows of DP table...
2022-01-04 21:04:21,432 - root - DEBUG - Processing 440-th line out of 500 rows of DP table...
2022-01-04 21:04:21,455 - root - DEBUG - Processing 450-th line out of 500 rows of DP table...
2022-01-04 21:04:21,474 - root - DEBUG - Processing 460-th line out of 500 rows of DP table...
2022-01-04 21:04:21,490 - root - DEBUG - Processing 470-th line out of 500 rows of DP table...
2022-01-04 21:04:21,503 - root - DEBUG - Processing 480-th line out of 500 rows of DP table...
2022-01-04 21:04:21,512 - root - DEBUG - Processing 490-th line out of 500 rows of DP table...
2022-01-04 21:04:21,518 - root - DEBUG - Processing 500-th line out of 500 rows of DP table...
2022-01-04 21:04:21,522 - root - DEBUG - Started computing joint logprobs...
