2022-01-04 21:03:02,204 - root - INFO - Loading reference interval set from '211227-2-sim/g14_1.ref.tsv'...
2022-01-04 21:03:02,206 - root - INFO - Loading query interval set from '211227-2-sim/g14_1.query.tsv'...
2022-01-04 21:03:02,209 - root - INFO - Loading chromosome sizes from '211227-2-sim/g14_sizes.tsv'...
2022-01-04 21:03:02,211 - root - INFO - Number of reference intervals: 500 (500 before merging)
2022-01-04 21:03:02,211 - root - INFO - Number of query intervals: 500 (500 before merging)
2022-01-04 21:03:02,212 - root - INFO - Number of chromosomes: 1
2022-01-04 21:03:02,214 - root - INFO - Overlap count: 49
2022-01-04 21:03:02,214 - root - DEBUG - Started computing sf for chromosome 'chr1'...
2022-01-04 21:03:02,215 - root - DEBUG - m=500, n=500
2022-01-04 21:03:02,385 - root - DEBUG - Processing 10-th line out of 500 rows of DP table...
2022-01-04 21:03:02,552 - root - DEBUG - Processing 20-th line out of 500 rows of DP table...
2022-01-04 21:03:02,715 - root - DEBUG - Processing 30-th line out of 500 rows of DP table...
2022-01-04 21:03:02,876 - root - DEBUG - Processing 40-th line out of 500 rows of DP table...
2022-01-04 21:03:03,032 - root - DEBUG - Processing 50-th line out of 500 rows of DP table...
2022-01-04 21:03:03,185 - root - DEBUG - Processing 60-th line out of 500 rows of DP table...
2022-01-04 21:03:03,336 - root - DEBUG - Processing 70-th line out of 500 rows of DP table...
2022-01-04 21:03:03,483 - root - DEBUG - Processing 80-th line out of 500 rows of DP table...
2022-01-04 21:03:03,627 - root - DEBUG - Processing 90-th line out of 500 rows of DP table...
2022-01-04 21:03:03,767 - root - DEBUG - Processing 100-th line out of 500 rows of DP table...
2022-01-04 21:03:03,905 - root - DEBUG - Processing 110-th line out of 500 rows of DP table...
2022-01-04 21:03:04,037 - root - DEBUG - Processing 120-th line out of 500 rows of DP table...
2022-01-04 21:03:04,167 - root - DEBUG - Processing 130-th line out of 500 rows of DP table...
2022-01-04 21:03:04,295 - root - DEBUG - Processing 140-th line out of 500 rows of DP table...
2022-01-04 21:03:04,419 - root - DEBUG - Processing 150-th line out of 500 rows of DP table...
2022-01-04 21:03:04,545 - root - DEBUG - Processing 160-th line out of 500 rows of DP table...
2022-01-04 21:03:04,662 - root - DEBUG - Processing 170-th line out of 500 rows of DP table...
2022-01-04 21:03:04,776 - root - DEBUG - Processing 180-th line out of 500 rows of DP table...
2022-01-04 21:03:04,886 - root - DEBUG - Processing 190-th line out of 500 rows of DP table...
2022-01-04 21:03:04,994 - root - DEBUG - Processing 200-th line out of 500 rows of DP table...
2022-01-04 21:03:05,098 - root - DEBUG - Processing 210-th line out of 500 rows of DP table...
2022-01-04 21:03:05,199 - root - DEBUG - Processing 220-th line out of 500 rows of DP table...
2022-01-04 21:03:05,297 - root - DEBUG - Processing 230-th line out of 500 rows of DP table...
2022-01-04 21:03:05,391 - root - DEBUG - Processing 240-th line out of 500 rows of DP table...
2022-01-04 21:03:05,481 - root - DEBUG - Processing 250-th line out of 500 rows of DP table...
2022-01-04 21:03:05,568 - root - DEBUG - Processing 260-th line out of 500 rows of DP table...
2022-01-04 21:03:05,651 - root - DEBUG - Processing 270-th line out of 500 rows of DP table...
2022-01-04 21:03:05,731 - root - DEBUG - Processing 280-th line out of 500 rows of DP table...
2022-01-04 21:03:05,807 - root - DEBUG - Processing 290-th line out of 500 rows of DP table...
2022-01-04 21:03:05,881 - root - DEBUG - Processing 300-th line out of 500 rows of DP table...
2022-01-04 21:03:05,951 - root - DEBUG - Processing 310-th line out of 500 rows of DP table...
2022-01-04 21:03:06,018 - root - DEBUG - Processing 320-th line out of 500 rows of DP table...
2022-01-04 21:03:06,081 - root - DEBUG - Processing 330-th line out of 500 rows of DP table...
2022-01-04 21:03:06,142 - root - DEBUG - Processing 340-th line out of 500 rows of DP table...
2022-01-04 21:03:06,198 - root - DEBUG - Processing 350-th line out of 500 rows of DP table...
2022-01-04 21:03:06,252 - root - DEBUG - Processing 360-th line out of 500 rows of DP table...
2022-01-04 21:03:06,302 - root - DEBUG - Processing 370-th line out of 500 rows of DP table...
2022-01-04 21:03:06,348 - root - DEBUG - Processing 380-th line out of 500 rows of DP table...
2022-01-04 21:03:06,391 - root - DEBUG - Processing 390-th line out of 500 rows of DP table...
2022-01-04 21:03:06,431 - root - DEBUG - Processing 400-th line out of 500 rows of DP table...
2022-01-04 21:03:06,467 - root - DEBUG - Processing 410-th line out of 500 rows of DP table...
2022-01-04 21:03:06,500 - root - DEBUG - Processing 420-th line out of 500 rows of DP table...
2022-01-04 21:03:06,529 - root - DEBUG - Processing 430-th line out of 500 rows of DP table...
2022-01-04 21:03:06,555 - root - DEBUG - Processing 440-th line out of 500 rows of DP table...
2022-01-04 21:03:06,578 - root - DEBUG - Processing 450-th line out of 500 rows of DP table...
2022-01-04 21:03:06,597 - root - DEBUG - Processing 460-th line out of 500 rows of DP table...
2022-01-04 21:03:06,613 - root - DEBUG - Processing 470-th line out of 500 rows of DP table...
2022-01-04 21:03:06,626 - root - DEBUG - Processing 480-th line out of 500 rows of DP table...
2022-01-04 21:03:06,635 - root - DEBUG - Processing 490-th line out of 500 rows of DP table...
2022-01-04 21:03:06,640 - root - DEBUG - Processing 500-th line out of 500 rows of DP table...
2022-01-04 21:03:06,645 - root - DEBUG - Started computing joint logprobs...
