2022-01-04 21:04:51,509 - root - INFO - Loading reference interval set from '211227-2-sim/g14_6.ref.tsv'...
2022-01-04 21:04:51,512 - root - INFO - Loading query interval set from '211227-2-sim/g14_6.query.tsv'...
2022-01-04 21:04:51,514 - root - INFO - Loading chromosome sizes from '211227-2-sim/g14_sizes.tsv'...
2022-01-04 21:04:51,516 - root - INFO - Number of reference intervals: 500 (500 before merging)
2022-01-04 21:04:51,516 - root - INFO - Number of query intervals: 500 (500 before merging)
2022-01-04 21:04:51,517 - root - INFO - Number of chromosomes: 1
2022-01-04 21:04:51,519 - root - INFO - Overlap count: 46
2022-01-04 21:04:51,520 - root - DEBUG - Started computing sf for chromosome 'chr1'...
2022-01-04 21:04:51,521 - root - DEBUG - m=500, n=500
2022-01-04 21:04:51,681 - root - DEBUG - Processing 10-th line out of 500 rows of DP table...
2022-01-04 21:04:51,847 - root - DEBUG - Processing 20-th line out of 500 rows of DP table...
2022-01-04 21:04:52,010 - root - DEBUG - Processing 30-th line out of 500 rows of DP table...
2022-01-04 21:04:52,176 - root - DEBUG - Processing 40-th line out of 500 rows of DP table...
2022-01-04 21:04:52,335 - root - DEBUG - Processing 50-th line out of 500 rows of DP table...
2022-01-04 21:04:52,489 - root - DEBUG - Processing 60-th line out of 500 rows of DP table...
2022-01-04 21:04:52,639 - root - DEBUG - Processing 70-th line out of 500 rows of DP table...
2022-01-04 21:04:52,785 - root - DEBUG - Processing 80-th line out of 500 rows of DP table...
2022-01-04 21:04:52,928 - root - DEBUG - Processing 90-th line out of 500 rows of DP table...
2022-01-04 21:04:53,070 - root - DEBUG - Processing 100-th line out of 500 rows of DP table...
2022-01-04 21:04:53,212 - root - DEBUG - Processing 110-th line out of 500 rows of DP table...
2022-01-04 21:04:53,345 - root - DEBUG - Processing 120-th line out of 500 rows of DP table...
2022-01-04 21:04:53,474 - root - DEBUG - Processing 130-th line out of 500 rows of DP table...
2022-01-04 21:04:53,600 - root - DEBUG - Processing 140-th line out of 500 rows of DP table...
2022-01-04 21:04:53,724 - root - DEBUG - Processing 150-th line out of 500 rows of DP table...
2022-01-04 21:04:53,844 - root - DEBUG - Processing 160-th line out of 500 rows of DP table...
2022-01-04 21:04:53,961 - root - DEBUG - Processing 170-th line out of 500 rows of DP table...
2022-01-04 21:04:54,075 - root - DEBUG - Processing 180-th line out of 500 rows of DP table...
2022-01-04 21:04:54,184 - root - DEBUG - Processing 190-th line out of 500 rows of DP table...
2022-01-04 21:04:54,291 - root - DEBUG - Processing 200-th line out of 500 rows of DP table...
2022-01-04 21:04:54,399 - root - DEBUG - Processing 210-th line out of 500 rows of DP table...
2022-01-04 21:04:54,500 - root - DEBUG - Processing 220-th line out of 500 rows of DP table...
2022-01-04 21:04:54,596 - root - DEBUG - Processing 230-th line out of 500 rows of DP table...
2022-01-04 21:04:54,709 - root - DEBUG - Processing 240-th line out of 500 rows of DP table...
2022-01-04 21:04:54,800 - root - DEBUG - Processing 250-th line out of 500 rows of DP table...
2022-01-04 21:04:54,888 - root - DEBUG - Processing 260-th line out of 500 rows of DP table...
2022-01-04 21:04:54,972 - root - DEBUG - Processing 270-th line out of 500 rows of DP table...
2022-01-04 21:04:55,053 - root - DEBUG - Processing 280-th line out of 500 rows of DP table...
2022-01-04 21:04:55,130 - root - DEBUG - Processing 290-th line out of 500 rows of DP table...
2022-01-04 21:04:55,204 - root - DEBUG - Processing 300-th line out of 500 rows of DP table...
2022-01-04 21:04:55,275 - root - DEBUG - Processing 310-th line out of 500 rows of DP table...
2022-01-04 21:04:55,343 - root - DEBUG - Processing 320-th line out of 500 rows of DP table...
2022-01-04 21:04:55,407 - root - DEBUG - Processing 330-th line out of 500 rows of DP table...
2022-01-04 21:04:55,467 - root - DEBUG - Processing 340-th line out of 500 rows of DP table...
2022-01-04 21:04:55,530 - root - DEBUG - Processing 350-th line out of 500 rows of DP table...
2022-01-04 21:04:55,583 - root - DEBUG - Processing 360-th line out of 500 rows of DP table...
2022-01-04 21:04:55,634 - root - DEBUG - Processing 370-th line out of 500 rows of DP table...
2022-01-04 21:04:55,680 - root - DEBUG - Processing 380-th line out of 500 rows of DP table...
2022-01-04 21:04:55,723 - root - DEBUG - Processing 390-th line out of 500 rows of DP table...
2022-01-04 21:04:55,764 - root - DEBUG - Processing 400-th line out of 500 rows of DP table...
2022-01-04 21:04:55,800 - root - DEBUG - Processing 410-th line out of 500 rows of DP table...
2022-01-04 21:04:55,833 - root - DEBUG - Processing 420-th line out of 500 rows of DP table...
2022-01-04 21:04:55,862 - root - DEBUG - Processing 430-th line out of 500 rows of DP table...
2022-01-04 21:04:55,888 - root - DEBUG - Processing 440-th line out of 500 rows of DP table...
2022-01-04 21:04:55,911 - root - DEBUG - Processing 450-th line out of 500 rows of DP table...
2022-01-04 21:04:55,930 - root - DEBUG - Processing 460-th line out of 500 rows of DP table...
2022-01-04 21:04:55,946 - root - DEBUG - Processing 470-th line out of 500 rows of DP table...
2022-01-04 21:04:55,958 - root - DEBUG - Processing 480-th line out of 500 rows of DP table...
2022-01-04 21:04:55,967 - root - DEBUG - Processing 490-th line out of 500 rows of DP table...
2022-01-04 21:04:55,973 - root - DEBUG - Processing 500-th line out of 500 rows of DP table...
2022-01-04 21:04:55,977 - root - DEBUG - Started computing joint logprobs...
