2022-01-04 00:59:38,995 - root - INFO - Loading reference interval set from '211227-2-sim/g14_4.ref.tsv'...
2022-01-04 00:59:38,998 - root - INFO - Loading query interval set from '211227-2-sim/g14_4.query.tsv'...
2022-01-04 00:59:39,002 - root - INFO - Loading chromosome sizes from '211227-2-sim/g14_sizes.tsv'...
2022-01-04 00:59:39,003 - root - INFO - Number of reference intervals: 500 (500 before merging)
2022-01-04 00:59:39,005 - root - INFO - Number of query intervals: 500 (500 before merging)
2022-01-04 00:59:39,006 - root - INFO - Number of chromosomes: 1
2022-01-04 00:59:39,009 - root - INFO - Overlap count: 56
2022-01-04 00:59:39,010 - root - DEBUG - Started computing sf for chromosome 'chr1'...
2022-01-04 00:59:39,012 - root - DEBUG - m=500, n=500
2022-01-04 00:59:39,190 - root - DEBUG - Processing 10-th line out of 500 rows of DP table...
2022-01-04 00:59:39,492 - root - DEBUG - Processing 20-th line out of 500 rows of DP table...
2022-01-04 00:59:39,678 - root - DEBUG - Processing 30-th line out of 500 rows of DP table...
2022-01-04 00:59:39,946 - root - DEBUG - Processing 40-th line out of 500 rows of DP table...
2022-01-04 00:59:40,281 - root - DEBUG - Processing 50-th line out of 500 rows of DP table...
2022-01-04 00:59:40,465 - root - DEBUG - Processing 60-th line out of 500 rows of DP table...
2022-01-04 00:59:40,621 - root - DEBUG - Processing 70-th line out of 500 rows of DP table...
2022-01-04 00:59:40,791 - root - DEBUG - Processing 80-th line out of 500 rows of DP table...
2022-01-04 00:59:40,947 - root - DEBUG - Processing 90-th line out of 500 rows of DP table...
2022-01-04 00:59:41,283 - root - DEBUG - Processing 100-th line out of 500 rows of DP table...
2022-01-04 00:59:41,612 - root - DEBUG - Processing 110-th line out of 500 rows of DP table...
2022-01-04 00:59:41,938 - root - DEBUG - Processing 120-th line out of 500 rows of DP table...
2022-01-04 00:59:42,257 - root - DEBUG - Processing 130-th line out of 500 rows of DP table...
2022-01-04 00:59:42,559 - root - DEBUG - Processing 140-th line out of 500 rows of DP table...
2022-01-04 00:59:42,857 - root - DEBUG - Processing 150-th line out of 500 rows of DP table...
2022-01-04 00:59:43,162 - root - DEBUG - Processing 160-th line out of 500 rows of DP table...
2022-01-04 00:59:43,380 - root - DEBUG - Processing 170-th line out of 500 rows of DP table...
2022-01-04 00:59:43,501 - root - DEBUG - Processing 180-th line out of 500 rows of DP table...
2022-01-04 00:59:43,618 - root - DEBUG - Processing 190-th line out of 500 rows of DP table...
2022-01-04 00:59:43,732 - root - DEBUG - Processing 200-th line out of 500 rows of DP table...
2022-01-04 00:59:43,842 - root - DEBUG - Processing 210-th line out of 500 rows of DP table...
2022-01-04 00:59:43,949 - root - DEBUG - Processing 220-th line out of 500 rows of DP table...
2022-01-04 00:59:44,051 - root - DEBUG - Processing 230-th line out of 500 rows of DP table...
2022-01-04 00:59:44,150 - root - DEBUG - Processing 240-th line out of 500 rows of DP table...
2022-01-04 00:59:44,245 - root - DEBUG - Processing 250-th line out of 500 rows of DP table...
2022-01-04 00:59:44,336 - root - DEBUG - Processing 260-th line out of 500 rows of DP table...
2022-01-04 00:59:44,426 - root - DEBUG - Processing 270-th line out of 500 rows of DP table...
2022-01-04 00:59:44,528 - root - DEBUG - Processing 280-th line out of 500 rows of DP table...
2022-01-04 00:59:44,721 - root - DEBUG - Processing 290-th line out of 500 rows of DP table...
2022-01-04 00:59:44,909 - root - DEBUG - Processing 300-th line out of 500 rows of DP table...
2022-01-04 00:59:45,084 - root - DEBUG - Processing 310-th line out of 500 rows of DP table...
2022-01-04 00:59:45,256 - root - DEBUG - Processing 320-th line out of 500 rows of DP table...
2022-01-04 00:59:45,415 - root - DEBUG - Processing 330-th line out of 500 rows of DP table...
2022-01-04 00:59:45,566 - root - DEBUG - Processing 340-th line out of 500 rows of DP table...
2022-01-04 00:59:45,706 - root - DEBUG - Processing 350-th line out of 500 rows of DP table...
2022-01-04 00:59:45,777 - root - DEBUG - Processing 360-th line out of 500 rows of DP table...
2022-01-04 00:59:45,833 - root - DEBUG - Processing 370-th line out of 500 rows of DP table...
2022-01-04 00:59:45,886 - root - DEBUG - Processing 380-th line out of 500 rows of DP table...
2022-01-04 00:59:45,989 - root - DEBUG - Processing 390-th line out of 500 rows of DP table...
2022-01-04 00:59:46,089 - root - DEBUG - Processing 400-th line out of 500 rows of DP table...
2022-01-04 00:59:46,181 - root - DEBUG - Processing 410-th line out of 500 rows of DP table...
2022-01-04 00:59:46,264 - root - DEBUG - Processing 420-th line out of 500 rows of DP table...
2022-01-04 00:59:46,340 - root - DEBUG - Processing 430-th line out of 500 rows of DP table...
2022-01-04 00:59:46,412 - root - DEBUG - Processing 440-th line out of 500 rows of DP table...
2022-01-04 00:59:46,476 - root - DEBUG - Processing 450-th line out of 500 rows of DP table...
2022-01-04 00:59:46,529 - root - DEBUG - Processing 460-th line out of 500 rows of DP table...
2022-01-04 00:59:46,574 - root - DEBUG - Processing 470-th line out of 500 rows of DP table...
2022-01-04 00:59:46,610 - root - DEBUG - Processing 480-th line out of 500 rows of DP table...
2022-01-04 00:59:46,637 - root - DEBUG - Processing 490-th line out of 500 rows of DP table...
2022-01-04 00:59:46,653 - root - DEBUG - Processing 500-th line out of 500 rows of DP table...
2022-01-04 00:59:46,681 - root - DEBUG - Started computing joint logprobs...
