2022-01-04 21:02:06,635 - root - INFO - Loading reference interval set from '211227-2-sim/g14_3.ref.tsv'...
2022-01-04 21:02:06,638 - root - INFO - Loading query interval set from '211227-2-sim/g14_3.query.tsv'...
2022-01-04 21:02:06,651 - root - INFO - Loading chromosome sizes from '211227-2-sim/g14_sizes.tsv'...
2022-01-04 21:02:06,653 - root - INFO - Number of reference intervals: 500 (500 before merging)
2022-01-04 21:02:06,654 - root - INFO - Number of query intervals: 500 (500 before merging)
2022-01-04 21:02:06,654 - root - INFO - Number of chromosomes: 1
2022-01-04 21:02:06,657 - root - INFO - Overlap count: 43
2022-01-04 21:02:06,657 - root - DEBUG - Started computing sf for chromosome 'chr1'...
2022-01-04 21:02:06,658 - root - DEBUG - m=500, n=500
2022-01-04 21:02:06,820 - root - DEBUG - Processing 10-th line out of 500 rows of DP table...
2022-01-04 21:02:06,985 - root - DEBUG - Processing 20-th line out of 500 rows of DP table...
2022-01-04 21:02:07,259 - root - DEBUG - Processing 30-th line out of 500 rows of DP table...
2022-01-04 21:02:07,480 - root - DEBUG - Processing 40-th line out of 500 rows of DP table...
2022-01-04 21:02:07,637 - root - DEBUG - Processing 50-th line out of 500 rows of DP table...
2022-01-04 21:02:07,790 - root - DEBUG - Processing 60-th line out of 500 rows of DP table...
2022-01-04 21:02:07,940 - root - DEBUG - Processing 70-th line out of 500 rows of DP table...
2022-01-04 21:02:08,087 - root - DEBUG - Processing 80-th line out of 500 rows of DP table...
2022-01-04 21:02:08,230 - root - DEBUG - Processing 90-th line out of 500 rows of DP table...
2022-01-04 21:02:08,371 - root - DEBUG - Processing 100-th line out of 500 rows of DP table...
2022-01-04 21:02:08,508 - root - DEBUG - Processing 110-th line out of 500 rows of DP table...
2022-01-04 21:02:08,642 - root - DEBUG - Processing 120-th line out of 500 rows of DP table...
2022-01-04 21:02:08,773 - root - DEBUG - Processing 130-th line out of 500 rows of DP table...
2022-01-04 21:02:08,900 - root - DEBUG - Processing 140-th line out of 500 rows of DP table...
2022-01-04 21:02:09,023 - root - DEBUG - Processing 150-th line out of 500 rows of DP table...
2022-01-04 21:02:09,144 - root - DEBUG - Processing 160-th line out of 500 rows of DP table...
2022-01-04 21:02:09,261 - root - DEBUG - Processing 170-th line out of 500 rows of DP table...
2022-01-04 21:02:09,375 - root - DEBUG - Processing 180-th line out of 500 rows of DP table...
2022-01-04 21:02:09,485 - root - DEBUG - Processing 190-th line out of 500 rows of DP table...
2022-01-04 21:02:09,598 - root - DEBUG - Processing 200-th line out of 500 rows of DP table...
2022-01-04 21:02:09,701 - root - DEBUG - Processing 210-th line out of 500 rows of DP table...
2022-01-04 21:02:09,802 - root - DEBUG - Processing 220-th line out of 500 rows of DP table...
2022-01-04 21:02:09,899 - root - DEBUG - Processing 230-th line out of 500 rows of DP table...
2022-01-04 21:02:09,994 - root - DEBUG - Processing 240-th line out of 500 rows of DP table...
2022-01-04 21:02:10,084 - root - DEBUG - Processing 250-th line out of 500 rows of DP table...
2022-01-04 21:02:10,172 - root - DEBUG - Processing 260-th line out of 500 rows of DP table...
2022-01-04 21:02:10,257 - root - DEBUG - Processing 270-th line out of 500 rows of DP table...
2022-01-04 21:02:10,338 - root - DEBUG - Processing 280-th line out of 500 rows of DP table...
2022-01-04 21:02:10,416 - root - DEBUG - Processing 290-th line out of 500 rows of DP table...
2022-01-04 21:02:10,490 - root - DEBUG - Processing 300-th line out of 500 rows of DP table...
2022-01-04 21:02:10,561 - root - DEBUG - Processing 310-th line out of 500 rows of DP table...
2022-01-04 21:02:10,628 - root - DEBUG - Processing 320-th line out of 500 rows of DP table...
2022-01-04 21:02:10,693 - root - DEBUG - Processing 330-th line out of 500 rows of DP table...
2022-01-04 21:02:10,754 - root - DEBUG - Processing 340-th line out of 500 rows of DP table...
2022-01-04 21:02:10,811 - root - DEBUG - Processing 350-th line out of 500 rows of DP table...
2022-01-04 21:02:10,865 - root - DEBUG - Processing 360-th line out of 500 rows of DP table...
2022-01-04 21:02:10,916 - root - DEBUG - Processing 370-th line out of 500 rows of DP table...
2022-01-04 21:02:10,988 - root - DEBUG - Processing 380-th line out of 500 rows of DP table...
2022-01-04 21:02:11,032 - root - DEBUG - Processing 390-th line out of 500 rows of DP table...
2022-01-04 21:02:11,072 - root - DEBUG - Processing 400-th line out of 500 rows of DP table...
2022-01-04 21:02:11,109 - root - DEBUG - Processing 410-th line out of 500 rows of DP table...
2022-01-04 21:02:11,143 - root - DEBUG - Processing 420-th line out of 500 rows of DP table...
2022-01-04 21:02:11,173 - root - DEBUG - Processing 430-th line out of 500 rows of DP table...
2022-01-04 21:02:11,200 - root - DEBUG - Processing 440-th line out of 500 rows of DP table...
2022-01-04 21:02:11,223 - root - DEBUG - Processing 450-th line out of 500 rows of DP table...
2022-01-04 21:02:11,242 - root - DEBUG - Processing 460-th line out of 500 rows of DP table...
2022-01-04 21:02:11,259 - root - DEBUG - Processing 470-th line out of 500 rows of DP table...
2022-01-04 21:02:11,272 - root - DEBUG - Processing 480-th line out of 500 rows of DP table...
2022-01-04 21:02:11,281 - root - DEBUG - Processing 490-th line out of 500 rows of DP table...
2022-01-04 21:02:11,287 - root - DEBUG - Processing 500-th line out of 500 rows of DP table...
2022-01-04 21:02:11,293 - root - DEBUG - Started computing joint logprobs...
