2022-01-04 20:47:34,609 - root - INFO - Loading reference interval set from '211227-2-sim/g14_7.ref.tsv'...
2022-01-04 20:47:34,625 - root - INFO - Loading query interval set from '211227-2-sim/g14_7.query.tsv'...
2022-01-04 20:47:34,693 - root - INFO - Loading chromosome sizes from '211227-2-sim/g14_sizes.tsv'...
2022-01-04 20:47:34,733 - root - INFO - Number of reference intervals: 500 (500 before merging)
2022-01-04 20:47:34,835 - root - INFO - Number of query intervals: 500 (500 before merging)
2022-01-04 20:47:34,842 - root - INFO - Number of chromosomes: 1
2022-01-04 20:47:34,849 - root - INFO - Overlap count: 48
2022-01-04 20:47:34,852 - root - DEBUG - Started computing sf for chromosome 'chr1'...
2022-01-04 20:47:34,856 - root - DEBUG - m=500, n=500
2022-01-04 20:47:35,044 - root - DEBUG - Processing 10-th line out of 500 rows of DP table...
2022-01-04 20:47:35,226 - root - DEBUG - Processing 20-th line out of 500 rows of DP table...
2022-01-04 20:47:35,399 - root - DEBUG - Processing 30-th line out of 500 rows of DP table...
2022-01-04 20:47:35,564 - root - DEBUG - Processing 40-th line out of 500 rows of DP table...
2022-01-04 20:47:35,739 - root - DEBUG - Processing 50-th line out of 500 rows of DP table...
2022-01-04 20:47:35,895 - root - DEBUG - Processing 60-th line out of 500 rows of DP table...
2022-01-04 20:47:36,153 - root - DEBUG - Processing 70-th line out of 500 rows of DP table...
2022-01-04 20:47:36,430 - root - DEBUG - Processing 80-th line out of 500 rows of DP table...
2022-01-04 20:47:36,729 - root - DEBUG - Processing 90-th line out of 500 rows of DP table...
2022-01-04 20:47:37,009 - root - DEBUG - Processing 100-th line out of 500 rows of DP table...
2022-01-04 20:47:37,289 - root - DEBUG - Processing 110-th line out of 500 rows of DP table...
2022-01-04 20:47:37,563 - root - DEBUG - Processing 120-th line out of 500 rows of DP table...
2022-01-04 20:47:37,830 - root - DEBUG - Processing 130-th line out of 500 rows of DP table...
2022-01-04 20:47:37,979 - root - DEBUG - Processing 140-th line out of 500 rows of DP table...
2022-01-04 20:47:38,112 - root - DEBUG - Processing 150-th line out of 500 rows of DP table...
2022-01-04 20:47:38,234 - root - DEBUG - Processing 160-th line out of 500 rows of DP table...
2022-01-04 20:47:38,352 - root - DEBUG - Processing 170-th line out of 500 rows of DP table...
2022-01-04 20:47:38,467 - root - DEBUG - Processing 180-th line out of 500 rows of DP table...
2022-01-04 20:47:38,580 - root - DEBUG - Processing 190-th line out of 500 rows of DP table...
2022-01-04 20:47:38,689 - root - DEBUG - Processing 200-th line out of 500 rows of DP table...
2022-01-04 20:47:38,795 - root - DEBUG - Processing 210-th line out of 500 rows of DP table...
2022-01-04 20:47:38,899 - root - DEBUG - Processing 220-th line out of 500 rows of DP table...
2022-01-04 20:47:38,997 - root - DEBUG - Processing 230-th line out of 500 rows of DP table...
2022-01-04 20:47:39,093 - root - DEBUG - Processing 240-th line out of 500 rows of DP table...
2022-01-04 20:47:39,216 - root - DEBUG - Processing 250-th line out of 500 rows of DP table...
2022-01-04 20:47:39,304 - root - DEBUG - Processing 260-th line out of 500 rows of DP table...
2022-01-04 20:47:39,445 - root - DEBUG - Processing 270-th line out of 500 rows of DP table...
2022-01-04 20:47:39,527 - root - DEBUG - Processing 280-th line out of 500 rows of DP table...
2022-01-04 20:47:39,620 - root - DEBUG - Processing 290-th line out of 500 rows of DP table...
2022-01-04 20:47:39,695 - root - DEBUG - Processing 300-th line out of 500 rows of DP table...
2022-01-04 20:47:39,818 - root - DEBUG - Processing 310-th line out of 500 rows of DP table...
2022-01-04 20:47:39,939 - root - DEBUG - Processing 320-th line out of 500 rows of DP table...
2022-01-04 20:47:40,056 - root - DEBUG - Processing 330-th line out of 500 rows of DP table...
2022-01-04 20:47:40,165 - root - DEBUG - Processing 340-th line out of 500 rows of DP table...
2022-01-04 20:47:40,267 - root - DEBUG - Processing 350-th line out of 500 rows of DP table...
2022-01-04 20:47:40,380 - root - DEBUG - Processing 360-th line out of 500 rows of DP table...
2022-01-04 20:47:40,476 - root - DEBUG - Processing 370-th line out of 500 rows of DP table...
2022-01-04 20:47:40,552 - root - DEBUG - Processing 380-th line out of 500 rows of DP table...
2022-01-04 20:47:40,622 - root - DEBUG - Processing 390-th line out of 500 rows of DP table...
2022-01-04 20:47:40,662 - root - DEBUG - Processing 400-th line out of 500 rows of DP table...
2022-01-04 20:47:40,715 - root - DEBUG - Processing 410-th line out of 500 rows of DP table...
2022-01-04 20:47:40,752 - root - DEBUG - Processing 420-th line out of 500 rows of DP table...
2022-01-04 20:47:40,782 - root - DEBUG - Processing 430-th line out of 500 rows of DP table...
2022-01-04 20:47:40,808 - root - DEBUG - Processing 440-th line out of 500 rows of DP table...
2022-01-04 20:47:40,831 - root - DEBUG - Processing 450-th line out of 500 rows of DP table...
2022-01-04 20:47:40,851 - root - DEBUG - Processing 460-th line out of 500 rows of DP table...
2022-01-04 20:47:40,867 - root - DEBUG - Processing 470-th line out of 500 rows of DP table...
2022-01-04 20:47:40,879 - root - DEBUG - Processing 480-th line out of 500 rows of DP table...
2022-01-04 20:47:40,888 - root - DEBUG - Processing 490-th line out of 500 rows of DP table...
2022-01-04 20:47:40,894 - root - DEBUG - Processing 500-th line out of 500 rows of DP table...
2022-01-04 20:47:40,898 - root - DEBUG - Started computing joint logprobs...
