2022-01-04 01:03:20,106 - root - INFO - Loading reference interval set from '211227-2-sim/g15_7.ref.tsv'...
2022-01-04 01:03:20,109 - root - INFO - Loading query interval set from '211227-2-sim/g15_7.query.tsv'...
2022-01-04 01:03:20,170 - root - INFO - Loading chromosome sizes from '211227-2-sim/g15_sizes.tsv'...
2022-01-04 01:03:20,179 - root - INFO - Number of reference intervals: 500 (500 before merging)
2022-01-04 01:03:20,181 - root - INFO - Number of query intervals: 5000 (5000 before merging)
2022-01-04 01:03:20,182 - root - INFO - Number of chromosomes: 1
2022-01-04 01:03:20,198 - root - INFO - Overlap count: 390
2022-01-04 01:03:20,200 - root - DEBUG - Started computing sf for chromosome 'chr1'...
2022-01-04 01:03:20,202 - root - DEBUG - m=500, n=5000
2022-01-04 01:03:20,364 - root - DEBUG - Processing 10-th line out of 500 rows of DP table...
2022-01-04 01:03:20,535 - root - DEBUG - Processing 20-th line out of 500 rows of DP table...
2022-01-04 01:03:20,724 - root - DEBUG - Processing 30-th line out of 500 rows of DP table...
2022-01-04 01:03:20,888 - root - DEBUG - Processing 40-th line out of 500 rows of DP table...
2022-01-04 01:03:21,054 - root - DEBUG - Processing 50-th line out of 500 rows of DP table...
2022-01-04 01:03:21,214 - root - DEBUG - Processing 60-th line out of 500 rows of DP table...
2022-01-04 01:03:21,370 - root - DEBUG - Processing 70-th line out of 500 rows of DP table...
2022-01-04 01:03:21,529 - root - DEBUG - Processing 80-th line out of 500 rows of DP table...
2022-01-04 01:03:21,676 - root - DEBUG - Processing 90-th line out of 500 rows of DP table...
2022-01-04 01:03:21,819 - root - DEBUG - Processing 100-th line out of 500 rows of DP table...
2022-01-04 01:03:21,959 - root - DEBUG - Processing 110-th line out of 500 rows of DP table...
2022-01-04 01:03:22,096 - root - DEBUG - Processing 120-th line out of 500 rows of DP table...
2022-01-04 01:03:22,228 - root - DEBUG - Processing 130-th line out of 500 rows of DP table...
2022-01-04 01:03:22,392 - root - DEBUG - Processing 140-th line out of 500 rows of DP table...
2022-01-04 01:03:22,603 - root - DEBUG - Processing 150-th line out of 500 rows of DP table...
2022-01-04 01:03:22,752 - root - DEBUG - Processing 160-th line out of 500 rows of DP table...
2022-01-04 01:03:22,921 - root - DEBUG - Processing 170-th line out of 500 rows of DP table...
2022-01-04 01:03:23,046 - root - DEBUG - Processing 180-th line out of 500 rows of DP table...
2022-01-04 01:03:23,159 - root - DEBUG - Processing 190-th line out of 500 rows of DP table...
2022-01-04 01:03:23,268 - root - DEBUG - Processing 200-th line out of 500 rows of DP table...
2022-01-04 01:03:23,374 - root - DEBUG - Processing 210-th line out of 500 rows of DP table...
2022-01-04 01:03:23,476 - root - DEBUG - Processing 220-th line out of 500 rows of DP table...
2022-01-04 01:03:23,595 - root - DEBUG - Processing 230-th line out of 500 rows of DP table...
2022-01-04 01:03:23,696 - root - DEBUG - Processing 240-th line out of 500 rows of DP table...
2022-01-04 01:03:23,790 - root - DEBUG - Processing 250-th line out of 500 rows of DP table...
2022-01-04 01:03:23,879 - root - DEBUG - Processing 260-th line out of 500 rows of DP table...
2022-01-04 01:03:23,965 - root - DEBUG - Processing 270-th line out of 500 rows of DP table...
2022-01-04 01:03:24,048 - root - DEBUG - Processing 280-th line out of 500 rows of DP table...
2022-01-04 01:03:24,129 - root - DEBUG - Processing 290-th line out of 500 rows of DP table...
2022-01-04 01:03:24,205 - root - DEBUG - Processing 300-th line out of 500 rows of DP table...
2022-01-04 01:03:24,285 - root - DEBUG - Processing 310-th line out of 500 rows of DP table...
2022-01-04 01:03:24,355 - root - DEBUG - Processing 320-th line out of 500 rows of DP table...
2022-01-04 01:03:24,421 - root - DEBUG - Processing 330-th line out of 500 rows of DP table...
2022-01-04 01:03:24,483 - root - DEBUG - Processing 340-th line out of 500 rows of DP table...
2022-01-04 01:03:24,541 - root - DEBUG - Processing 350-th line out of 500 rows of DP table...
2022-01-04 01:03:24,597 - root - DEBUG - Processing 360-th line out of 500 rows of DP table...
2022-01-04 01:03:24,649 - root - DEBUG - Processing 370-th line out of 500 rows of DP table...
2022-01-04 01:03:24,718 - root - DEBUG - Processing 380-th line out of 500 rows of DP table...
2022-01-04 01:03:24,781 - root - DEBUG - Processing 390-th line out of 500 rows of DP table...
2022-01-04 01:03:24,823 - root - DEBUG - Processing 400-th line out of 500 rows of DP table...
2022-01-04 01:03:24,862 - root - DEBUG - Processing 410-th line out of 500 rows of DP table...
2022-01-04 01:03:24,898 - root - DEBUG - Processing 420-th line out of 500 rows of DP table...
2022-01-04 01:03:24,931 - root - DEBUG - Processing 430-th line out of 500 rows of DP table...
2022-01-04 01:03:24,959 - root - DEBUG - Processing 440-th line out of 500 rows of DP table...
2022-01-04 01:03:24,984 - root - DEBUG - Processing 450-th line out of 500 rows of DP table...
2022-01-04 01:03:25,020 - root - DEBUG - Processing 460-th line out of 500 rows of DP table...
2022-01-04 01:03:25,058 - root - DEBUG - Processing 470-th line out of 500 rows of DP table...
2022-01-04 01:03:25,073 - root - DEBUG - Processing 480-th line out of 500 rows of DP table...
2022-01-04 01:03:25,085 - root - DEBUG - Processing 490-th line out of 500 rows of DP table...
2022-01-04 01:03:25,095 - root - DEBUG - Processing 500-th line out of 500 rows of DP table...
2022-01-04 01:03:25,100 - root - DEBUG - Started computing joint logprobs...
