2022-01-04 01:00:35,863 - root - INFO - Loading reference interval set from '211227-2-sim/g15_6.ref.tsv'...
2022-01-04 01:00:35,868 - root - INFO - Loading query interval set from '211227-2-sim/g15_6.query.tsv'...
2022-01-04 01:00:35,882 - root - INFO - Loading chromosome sizes from '211227-2-sim/g15_sizes.tsv'...
2022-01-04 01:00:35,896 - root - INFO - Number of reference intervals: 500 (500 before merging)
2022-01-04 01:00:35,899 - root - INFO - Number of query intervals: 5000 (5000 before merging)
2022-01-04 01:00:35,901 - root - INFO - Number of chromosomes: 1
2022-01-04 01:00:35,916 - root - INFO - Overlap count: 407
2022-01-04 01:00:35,919 - root - DEBUG - Started computing sf for chromosome 'chr1'...
2022-01-04 01:00:35,923 - root - DEBUG - m=500, n=5000
2022-01-04 01:00:36,085 - root - DEBUG - Processing 10-th line out of 500 rows of DP table...
2022-01-04 01:00:36,269 - root - DEBUG - Processing 20-th line out of 500 rows of DP table...
2022-01-04 01:00:36,437 - root - DEBUG - Processing 30-th line out of 500 rows of DP table...
2022-01-04 01:00:36,604 - root - DEBUG - Processing 40-th line out of 500 rows of DP table...
2022-01-04 01:00:36,766 - root - DEBUG - Processing 50-th line out of 500 rows of DP table...
2022-01-04 01:00:36,926 - root - DEBUG - Processing 60-th line out of 500 rows of DP table...
2022-01-04 01:00:37,081 - root - DEBUG - Processing 70-th line out of 500 rows of DP table...
2022-01-04 01:00:37,233 - root - DEBUG - Processing 80-th line out of 500 rows of DP table...
2022-01-04 01:00:37,380 - root - DEBUG - Processing 90-th line out of 500 rows of DP table...
2022-01-04 01:00:37,526 - root - DEBUG - Processing 100-th line out of 500 rows of DP table...
2022-01-04 01:00:37,667 - root - DEBUG - Processing 110-th line out of 500 rows of DP table...
2022-01-04 01:00:37,805 - root - DEBUG - Processing 120-th line out of 500 rows of DP table...
2022-01-04 01:00:37,940 - root - DEBUG - Processing 130-th line out of 500 rows of DP table...
2022-01-04 01:00:38,072 - root - DEBUG - Processing 140-th line out of 500 rows of DP table...
2022-01-04 01:00:38,200 - root - DEBUG - Processing 150-th line out of 500 rows of DP table...
2022-01-04 01:00:38,324 - root - DEBUG - Processing 160-th line out of 500 rows of DP table...
2022-01-04 01:00:38,445 - root - DEBUG - Processing 170-th line out of 500 rows of DP table...
2022-01-04 01:00:38,563 - root - DEBUG - Processing 180-th line out of 500 rows of DP table...
2022-01-04 01:00:38,687 - root - DEBUG - Processing 190-th line out of 500 rows of DP table...
2022-01-04 01:00:38,796 - root - DEBUG - Processing 200-th line out of 500 rows of DP table...
2022-01-04 01:00:38,903 - root - DEBUG - Processing 210-th line out of 500 rows of DP table...
2022-01-04 01:00:39,131 - root - DEBUG - Processing 220-th line out of 500 rows of DP table...
2022-01-04 01:00:39,274 - root - DEBUG - Processing 230-th line out of 500 rows of DP table...
2022-01-04 01:00:39,371 - root - DEBUG - Processing 240-th line out of 500 rows of DP table...
2022-01-04 01:00:39,463 - root - DEBUG - Processing 250-th line out of 500 rows of DP table...
2022-01-04 01:00:39,550 - root - DEBUG - Processing 260-th line out of 500 rows of DP table...
2022-01-04 01:00:39,635 - root - DEBUG - Processing 270-th line out of 500 rows of DP table...
2022-01-04 01:00:39,726 - root - DEBUG - Processing 280-th line out of 500 rows of DP table...
2022-01-04 01:00:39,805 - root - DEBUG - Processing 290-th line out of 500 rows of DP table...
2022-01-04 01:00:39,881 - root - DEBUG - Processing 300-th line out of 500 rows of DP table...
2022-01-04 01:00:39,953 - root - DEBUG - Processing 310-th line out of 500 rows of DP table...
2022-01-04 01:00:40,022 - root - DEBUG - Processing 320-th line out of 500 rows of DP table...
2022-01-04 01:00:40,088 - root - DEBUG - Processing 330-th line out of 500 rows of DP table...
2022-01-04 01:00:40,150 - root - DEBUG - Processing 340-th line out of 500 rows of DP table...
2022-01-04 01:00:40,208 - root - DEBUG - Processing 350-th line out of 500 rows of DP table...
2022-01-04 01:00:40,264 - root - DEBUG - Processing 360-th line out of 500 rows of DP table...
2022-01-04 01:00:40,316 - root - DEBUG - Processing 370-th line out of 500 rows of DP table...
2022-01-04 01:00:40,365 - root - DEBUG - Processing 380-th line out of 500 rows of DP table...
2022-01-04 01:00:40,410 - root - DEBUG - Processing 390-th line out of 500 rows of DP table...
2022-01-04 01:00:40,451 - root - DEBUG - Processing 400-th line out of 500 rows of DP table...
2022-01-04 01:00:40,489 - root - DEBUG - Processing 410-th line out of 500 rows of DP table...
2022-01-04 01:00:40,524 - root - DEBUG - Processing 420-th line out of 500 rows of DP table...
2022-01-04 01:00:40,554 - root - DEBUG - Processing 430-th line out of 500 rows of DP table...
2022-01-04 01:00:40,581 - root - DEBUG - Processing 440-th line out of 500 rows of DP table...
2022-01-04 01:00:40,605 - root - DEBUG - Processing 450-th line out of 500 rows of DP table...
2022-01-04 01:00:40,626 - root - DEBUG - Processing 460-th line out of 500 rows of DP table...
2022-01-04 01:00:40,643 - root - DEBUG - Processing 470-th line out of 500 rows of DP table...
2022-01-04 01:00:40,658 - root - DEBUG - Processing 480-th line out of 500 rows of DP table...
2022-01-04 01:00:40,668 - root - DEBUG - Processing 490-th line out of 500 rows of DP table...
2022-01-04 01:00:40,675 - root - DEBUG - Processing 500-th line out of 500 rows of DP table...
2022-01-04 01:00:40,681 - root - DEBUG - Started computing joint logprobs...
