2022-01-04 20:51:13,937 - root - INFO - Loading reference interval set from '211227-2-sim/g15_4.ref.tsv'...
2022-01-04 20:51:13,940 - root - INFO - Loading query interval set from '211227-2-sim/g15_4.query.tsv'...
2022-01-04 20:51:13,948 - root - INFO - Loading chromosome sizes from '211227-2-sim/g15_sizes.tsv'...
2022-01-04 20:51:13,953 - root - INFO - Number of reference intervals: 500 (500 before merging)
2022-01-04 20:51:13,955 - root - INFO - Number of query intervals: 5000 (5000 before merging)
2022-01-04 20:51:13,955 - root - INFO - Number of chromosomes: 1
2022-01-04 20:51:13,962 - root - INFO - Overlap count: 415
2022-01-04 20:51:13,963 - root - DEBUG - Started computing sf for chromosome 'chr1'...
2022-01-04 20:51:13,965 - root - DEBUG - m=500, n=5000
2022-01-04 20:51:14,130 - root - DEBUG - Processing 10-th line out of 500 rows of DP table...
2022-01-04 20:51:14,303 - root - DEBUG - Processing 20-th line out of 500 rows of DP table...
2022-01-04 20:51:14,479 - root - DEBUG - Processing 30-th line out of 500 rows of DP table...
2022-01-04 20:51:14,646 - root - DEBUG - Processing 40-th line out of 500 rows of DP table...
2022-01-04 20:51:14,808 - root - DEBUG - Processing 50-th line out of 500 rows of DP table...
2022-01-04 20:51:14,966 - root - DEBUG - Processing 60-th line out of 500 rows of DP table...
2022-01-04 20:51:15,122 - root - DEBUG - Processing 70-th line out of 500 rows of DP table...
2022-01-04 20:51:15,275 - root - DEBUG - Processing 80-th line out of 500 rows of DP table...
2022-01-04 20:51:15,424 - root - DEBUG - Processing 90-th line out of 500 rows of DP table...
2022-01-04 20:51:15,571 - root - DEBUG - Processing 100-th line out of 500 rows of DP table...
2022-01-04 20:51:15,719 - root - DEBUG - Processing 110-th line out of 500 rows of DP table...
2022-01-04 20:51:15,857 - root - DEBUG - Processing 120-th line out of 500 rows of DP table...
2022-01-04 20:51:15,991 - root - DEBUG - Processing 130-th line out of 500 rows of DP table...
2022-01-04 20:51:16,123 - root - DEBUG - Processing 140-th line out of 500 rows of DP table...
2022-01-04 20:51:16,252 - root - DEBUG - Processing 150-th line out of 500 rows of DP table...
2022-01-04 20:51:16,377 - root - DEBUG - Processing 160-th line out of 500 rows of DP table...
2022-01-04 20:51:16,498 - root - DEBUG - Processing 170-th line out of 500 rows of DP table...
2022-01-04 20:51:16,617 - root - DEBUG - Processing 180-th line out of 500 rows of DP table...
2022-01-04 20:51:16,736 - root - DEBUG - Processing 190-th line out of 500 rows of DP table...
2022-01-04 20:51:16,847 - root - DEBUG - Processing 200-th line out of 500 rows of DP table...
2022-01-04 20:51:16,981 - root - DEBUG - Processing 210-th line out of 500 rows of DP table...
2022-01-04 20:51:17,086 - root - DEBUG - Processing 220-th line out of 500 rows of DP table...
2022-01-04 20:51:17,187 - root - DEBUG - Processing 230-th line out of 500 rows of DP table...
2022-01-04 20:51:17,285 - root - DEBUG - Processing 240-th line out of 500 rows of DP table...
2022-01-04 20:51:17,379 - root - DEBUG - Processing 250-th line out of 500 rows of DP table...
2022-01-04 20:51:17,471 - root - DEBUG - Processing 260-th line out of 500 rows of DP table...
2022-01-04 20:51:17,558 - root - DEBUG - Processing 270-th line out of 500 rows of DP table...
2022-01-04 20:51:17,643 - root - DEBUG - Processing 280-th line out of 500 rows of DP table...
2022-01-04 20:51:17,723 - root - DEBUG - Processing 290-th line out of 500 rows of DP table...
2022-01-04 20:51:17,800 - root - DEBUG - Processing 300-th line out of 500 rows of DP table...
2022-01-04 20:51:17,873 - root - DEBUG - Processing 310-th line out of 500 rows of DP table...
2022-01-04 20:51:17,948 - root - DEBUG - Processing 320-th line out of 500 rows of DP table...
2022-01-04 20:51:18,015 - root - DEBUG - Processing 330-th line out of 500 rows of DP table...
2022-01-04 20:51:18,078 - root - DEBUG - Processing 340-th line out of 500 rows of DP table...
2022-01-04 20:51:18,138 - root - DEBUG - Processing 350-th line out of 500 rows of DP table...
2022-01-04 20:51:18,194 - root - DEBUG - Processing 360-th line out of 500 rows of DP table...
2022-01-04 20:51:18,247 - root - DEBUG - Processing 370-th line out of 500 rows of DP table...
2022-01-04 20:51:18,297 - root - DEBUG - Processing 380-th line out of 500 rows of DP table...
2022-01-04 20:51:18,342 - root - DEBUG - Processing 390-th line out of 500 rows of DP table...
2022-01-04 20:51:18,384 - root - DEBUG - Processing 400-th line out of 500 rows of DP table...
2022-01-04 20:51:18,423 - root - DEBUG - Processing 410-th line out of 500 rows of DP table...
2022-01-04 20:51:18,458 - root - DEBUG - Processing 420-th line out of 500 rows of DP table...
2022-01-04 20:51:18,489 - root - DEBUG - Processing 430-th line out of 500 rows of DP table...
2022-01-04 20:51:18,517 - root - DEBUG - Processing 440-th line out of 500 rows of DP table...
2022-01-04 20:51:18,541 - root - DEBUG - Processing 450-th line out of 500 rows of DP table...
2022-01-04 20:51:18,562 - root - DEBUG - Processing 460-th line out of 500 rows of DP table...
2022-01-04 20:51:18,579 - root - DEBUG - Processing 470-th line out of 500 rows of DP table...
2022-01-04 20:51:18,593 - root - DEBUG - Processing 480-th line out of 500 rows of DP table...
2022-01-04 20:51:18,603 - root - DEBUG - Processing 490-th line out of 500 rows of DP table...
2022-01-04 20:51:18,609 - root - DEBUG - Processing 500-th line out of 500 rows of DP table...
2022-01-04 20:51:18,614 - root - DEBUG - Started computing joint logprobs...
