2022-01-04 20:50:00,225 - root - INFO - Loading reference interval set from '211227-2-sim/g15_3.ref.tsv'...
2022-01-04 20:50:00,228 - root - INFO - Loading query interval set from '211227-2-sim/g15_3.query.tsv'...
2022-01-04 20:50:00,237 - root - INFO - Loading chromosome sizes from '211227-2-sim/g15_sizes.tsv'...
2022-01-04 20:50:00,243 - root - INFO - Number of reference intervals: 500 (500 before merging)
2022-01-04 20:50:00,244 - root - INFO - Number of query intervals: 5000 (5000 before merging)
2022-01-04 20:50:00,246 - root - INFO - Number of chromosomes: 1
2022-01-04 20:50:00,253 - root - INFO - Overlap count: 414
2022-01-04 20:50:00,255 - root - DEBUG - Started computing sf for chromosome 'chr1'...
2022-01-04 20:50:00,257 - root - DEBUG - m=500, n=5000
2022-01-04 20:50:00,450 - root - DEBUG - Processing 10-th line out of 500 rows of DP table...
2022-01-04 20:50:00,650 - root - DEBUG - Processing 20-th line out of 500 rows of DP table...
2022-01-04 20:50:00,853 - root - DEBUG - Processing 30-th line out of 500 rows of DP table...
2022-01-04 20:50:01,047 - root - DEBUG - Processing 40-th line out of 500 rows of DP table...
2022-01-04 20:50:01,235 - root - DEBUG - Processing 50-th line out of 500 rows of DP table...
2022-01-04 20:50:01,471 - root - DEBUG - Processing 60-th line out of 500 rows of DP table...
2022-01-04 20:50:01,652 - root - DEBUG - Processing 70-th line out of 500 rows of DP table...
2022-01-04 20:50:01,835 - root - DEBUG - Processing 80-th line out of 500 rows of DP table...
2022-01-04 20:50:02,008 - root - DEBUG - Processing 90-th line out of 500 rows of DP table...
2022-01-04 20:50:02,175 - root - DEBUG - Processing 100-th line out of 500 rows of DP table...
2022-01-04 20:50:02,339 - root - DEBUG - Processing 110-th line out of 500 rows of DP table...
2022-01-04 20:50:02,499 - root - DEBUG - Processing 120-th line out of 500 rows of DP table...
2022-01-04 20:50:02,656 - root - DEBUG - Processing 130-th line out of 500 rows of DP table...
2022-01-04 20:50:02,808 - root - DEBUG - Processing 140-th line out of 500 rows of DP table...
2022-01-04 20:50:02,963 - root - DEBUG - Processing 150-th line out of 500 rows of DP table...
2022-01-04 20:50:03,108 - root - DEBUG - Processing 160-th line out of 500 rows of DP table...
2022-01-04 20:50:03,246 - root - DEBUG - Processing 170-th line out of 500 rows of DP table...
2022-01-04 20:50:03,383 - root - DEBUG - Processing 180-th line out of 500 rows of DP table...
2022-01-04 20:50:03,516 - root - DEBUG - Processing 190-th line out of 500 rows of DP table...
2022-01-04 20:50:03,643 - root - DEBUG - Processing 200-th line out of 500 rows of DP table...
2022-01-04 20:50:03,766 - root - DEBUG - Processing 210-th line out of 500 rows of DP table...
2022-01-04 20:50:03,887 - root - DEBUG - Processing 220-th line out of 500 rows of DP table...
2022-01-04 20:50:04,005 - root - DEBUG - Processing 230-th line out of 500 rows of DP table...
2022-01-04 20:50:04,125 - root - DEBUG - Processing 240-th line out of 500 rows of DP table...
2022-01-04 20:50:04,235 - root - DEBUG - Processing 250-th line out of 500 rows of DP table...
2022-01-04 20:50:04,340 - root - DEBUG - Processing 260-th line out of 500 rows of DP table...
2022-01-04 20:50:04,441 - root - DEBUG - Processing 270-th line out of 500 rows of DP table...
2022-01-04 20:50:04,538 - root - DEBUG - Processing 280-th line out of 500 rows of DP table...
2022-01-04 20:50:04,631 - root - DEBUG - Processing 290-th line out of 500 rows of DP table...
2022-01-04 20:50:04,721 - root - DEBUG - Processing 300-th line out of 500 rows of DP table...
2022-01-04 20:50:04,805 - root - DEBUG - Processing 310-th line out of 500 rows of DP table...
2022-01-04 20:50:04,887 - root - DEBUG - Processing 320-th line out of 500 rows of DP table...
2022-01-04 20:50:04,964 - root - DEBUG - Processing 330-th line out of 500 rows of DP table...
2022-01-04 20:50:05,037 - root - DEBUG - Processing 340-th line out of 500 rows of DP table...
2022-01-04 20:50:05,106 - root - DEBUG - Processing 350-th line out of 500 rows of DP table...
2022-01-04 20:50:05,171 - root - DEBUG - Processing 360-th line out of 500 rows of DP table...
2022-01-04 20:50:05,232 - root - DEBUG - Processing 370-th line out of 500 rows of DP table...
2022-01-04 20:50:05,295 - root - DEBUG - Processing 380-th line out of 500 rows of DP table...
2022-01-04 20:50:05,348 - root - DEBUG - Processing 390-th line out of 500 rows of DP table...
2022-01-04 20:50:05,397 - root - DEBUG - Processing 400-th line out of 500 rows of DP table...
2022-01-04 20:50:05,442 - root - DEBUG - Processing 410-th line out of 500 rows of DP table...
2022-01-04 20:50:05,482 - root - DEBUG - Processing 420-th line out of 500 rows of DP table...
2022-01-04 20:50:05,518 - root - DEBUG - Processing 430-th line out of 500 rows of DP table...
2022-01-04 20:50:05,551 - root - DEBUG - Processing 440-th line out of 500 rows of DP table...
2022-01-04 20:50:05,578 - root - DEBUG - Processing 450-th line out of 500 rows of DP table...
2022-01-04 20:50:05,602 - root - DEBUG - Processing 460-th line out of 500 rows of DP table...
2022-01-04 20:50:05,621 - root - DEBUG - Processing 470-th line out of 500 rows of DP table...
2022-01-04 20:50:05,637 - root - DEBUG - Processing 480-th line out of 500 rows of DP table...
2022-01-04 20:50:05,648 - root - DEBUG - Processing 490-th line out of 500 rows of DP table...
2022-01-04 20:50:05,655 - root - DEBUG - Processing 500-th line out of 500 rows of DP table...
2022-01-04 20:50:05,660 - root - DEBUG - Started computing joint logprobs...
