2022-01-04 21:03:16,872 - root - INFO - Loading reference interval set from '211227-2-sim/g15_9.ref.tsv'...
2022-01-04 21:03:16,874 - root - INFO - Loading query interval set from '211227-2-sim/g15_9.query.tsv'...
2022-01-04 21:03:16,882 - root - INFO - Loading chromosome sizes from '211227-2-sim/g15_sizes.tsv'...
2022-01-04 21:03:16,887 - root - INFO - Number of reference intervals: 500 (500 before merging)
2022-01-04 21:03:16,889 - root - INFO - Number of query intervals: 5000 (5000 before merging)
2022-01-04 21:03:16,890 - root - INFO - Number of chromosomes: 1
2022-01-04 21:03:16,897 - root - INFO - Overlap count: 403
2022-01-04 21:03:16,898 - root - DEBUG - Started computing sf for chromosome 'chr1'...
2022-01-04 21:03:16,900 - root - DEBUG - m=500, n=5000
2022-01-04 21:03:17,062 - root - DEBUG - Processing 10-th line out of 500 rows of DP table...
2022-01-04 21:03:17,232 - root - DEBUG - Processing 20-th line out of 500 rows of DP table...
2022-01-04 21:03:17,406 - root - DEBUG - Processing 30-th line out of 500 rows of DP table...
2022-01-04 21:03:17,570 - root - DEBUG - Processing 40-th line out of 500 rows of DP table...
2022-01-04 21:03:17,728 - root - DEBUG - Processing 50-th line out of 500 rows of DP table...
2022-01-04 21:03:17,883 - root - DEBUG - Processing 60-th line out of 500 rows of DP table...
2022-01-04 21:03:18,034 - root - DEBUG - Processing 70-th line out of 500 rows of DP table...
2022-01-04 21:03:18,183 - root - DEBUG - Processing 80-th line out of 500 rows of DP table...
2022-01-04 21:03:18,329 - root - DEBUG - Processing 90-th line out of 500 rows of DP table...
2022-01-04 21:03:18,470 - root - DEBUG - Processing 100-th line out of 500 rows of DP table...
2022-01-04 21:03:18,610 - root - DEBUG - Processing 110-th line out of 500 rows of DP table...
2022-01-04 21:03:18,745 - root - DEBUG - Processing 120-th line out of 500 rows of DP table...
2022-01-04 21:03:18,876 - root - DEBUG - Processing 130-th line out of 500 rows of DP table...
2022-01-04 21:03:19,004 - root - DEBUG - Processing 140-th line out of 500 rows of DP table...
2022-01-04 21:03:19,129 - root - DEBUG - Processing 150-th line out of 500 rows of DP table...
2022-01-04 21:03:19,252 - root - DEBUG - Processing 160-th line out of 500 rows of DP table...
2022-01-04 21:03:19,369 - root - DEBUG - Processing 170-th line out of 500 rows of DP table...
2022-01-04 21:03:19,490 - root - DEBUG - Processing 180-th line out of 500 rows of DP table...
2022-01-04 21:03:19,602 - root - DEBUG - Processing 190-th line out of 500 rows of DP table...
2022-01-04 21:03:19,710 - root - DEBUG - Processing 200-th line out of 500 rows of DP table...
2022-01-04 21:03:19,815 - root - DEBUG - Processing 210-th line out of 500 rows of DP table...
2022-01-04 21:03:19,917 - root - DEBUG - Processing 220-th line out of 500 rows of DP table...
2022-01-04 21:03:20,015 - root - DEBUG - Processing 230-th line out of 500 rows of DP table...
2022-01-04 21:03:20,109 - root - DEBUG - Processing 240-th line out of 500 rows of DP table...
2022-01-04 21:03:20,256 - root - DEBUG - Processing 250-th line out of 500 rows of DP table...
2022-01-04 21:03:20,344 - root - DEBUG - Processing 260-th line out of 500 rows of DP table...
2022-01-04 21:03:20,429 - root - DEBUG - Processing 270-th line out of 500 rows of DP table...
2022-01-04 21:03:20,509 - root - DEBUG - Processing 280-th line out of 500 rows of DP table...
2022-01-04 21:03:20,586 - root - DEBUG - Processing 290-th line out of 500 rows of DP table...
2022-01-04 21:03:20,660 - root - DEBUG - Processing 300-th line out of 500 rows of DP table...
2022-01-04 21:03:20,730 - root - DEBUG - Processing 310-th line out of 500 rows of DP table...
2022-01-04 21:03:20,797 - root - DEBUG - Processing 320-th line out of 500 rows of DP table...
2022-01-04 21:03:20,860 - root - DEBUG - Processing 330-th line out of 500 rows of DP table...
2022-01-04 21:03:20,920 - root - DEBUG - Processing 340-th line out of 500 rows of DP table...
2022-01-04 21:03:20,976 - root - DEBUG - Processing 350-th line out of 500 rows of DP table...
2022-01-04 21:03:21,029 - root - DEBUG - Processing 360-th line out of 500 rows of DP table...
2022-01-04 21:03:21,079 - root - DEBUG - Processing 370-th line out of 500 rows of DP table...
2022-01-04 21:03:21,126 - root - DEBUG - Processing 380-th line out of 500 rows of DP table...
2022-01-04 21:03:21,170 - root - DEBUG - Processing 390-th line out of 500 rows of DP table...
2022-01-04 21:03:21,209 - root - DEBUG - Processing 400-th line out of 500 rows of DP table...
2022-01-04 21:03:21,245 - root - DEBUG - Processing 410-th line out of 500 rows of DP table...
2022-01-04 21:03:21,278 - root - DEBUG - Processing 420-th line out of 500 rows of DP table...
2022-01-04 21:03:21,308 - root - DEBUG - Processing 430-th line out of 500 rows of DP table...
2022-01-04 21:03:21,334 - root - DEBUG - Processing 440-th line out of 500 rows of DP table...
2022-01-04 21:03:21,356 - root - DEBUG - Processing 450-th line out of 500 rows of DP table...
2022-01-04 21:03:21,375 - root - DEBUG - Processing 460-th line out of 500 rows of DP table...
2022-01-04 21:03:21,391 - root - DEBUG - Processing 470-th line out of 500 rows of DP table...
2022-01-04 21:03:21,403 - root - DEBUG - Processing 480-th line out of 500 rows of DP table...
2022-01-04 21:03:21,412 - root - DEBUG - Processing 490-th line out of 500 rows of DP table...
2022-01-04 21:03:21,417 - root - DEBUG - Processing 500-th line out of 500 rows of DP table...
2022-01-04 21:03:21,422 - root - DEBUG - Started computing joint logprobs...
