2022-01-04 21:04:41,255 - root - INFO - Loading reference interval set from '211227-2-sim/g15_5.ref.tsv'...
2022-01-04 21:04:41,257 - root - INFO - Loading query interval set from '211227-2-sim/g15_5.query.tsv'...
2022-01-04 21:04:41,263 - root - INFO - Loading chromosome sizes from '211227-2-sim/g15_sizes.tsv'...
2022-01-04 21:04:41,268 - root - INFO - Number of reference intervals: 500 (500 before merging)
2022-01-04 21:04:41,269 - root - INFO - Number of query intervals: 5000 (5000 before merging)
2022-01-04 21:04:41,270 - root - INFO - Number of chromosomes: 1
2022-01-04 21:04:41,277 - root - INFO - Overlap count: 413
2022-01-04 21:04:41,278 - root - DEBUG - Started computing sf for chromosome 'chr1'...
2022-01-04 21:04:41,279 - root - DEBUG - m=500, n=5000
2022-01-04 21:04:41,440 - root - DEBUG - Processing 10-th line out of 500 rows of DP table...
2022-01-04 21:04:41,606 - root - DEBUG - Processing 20-th line out of 500 rows of DP table...
2022-01-04 21:04:41,769 - root - DEBUG - Processing 30-th line out of 500 rows of DP table...
2022-01-04 21:04:41,934 - root - DEBUG - Processing 40-th line out of 500 rows of DP table...
2022-01-04 21:04:42,091 - root - DEBUG - Processing 50-th line out of 500 rows of DP table...
2022-01-04 21:04:42,244 - root - DEBUG - Processing 60-th line out of 500 rows of DP table...
2022-01-04 21:04:42,393 - root - DEBUG - Processing 70-th line out of 500 rows of DP table...
2022-01-04 21:04:42,539 - root - DEBUG - Processing 80-th line out of 500 rows of DP table...
2022-01-04 21:04:42,682 - root - DEBUG - Processing 90-th line out of 500 rows of DP table...
2022-01-04 21:04:42,821 - root - DEBUG - Processing 100-th line out of 500 rows of DP table...
2022-01-04 21:04:42,957 - root - DEBUG - Processing 110-th line out of 500 rows of DP table...
2022-01-04 21:04:43,095 - root - DEBUG - Processing 120-th line out of 500 rows of DP table...
2022-01-04 21:04:43,225 - root - DEBUG - Processing 130-th line out of 500 rows of DP table...
2022-01-04 21:04:43,364 - root - DEBUG - Processing 140-th line out of 500 rows of DP table...
2022-01-04 21:04:43,487 - root - DEBUG - Processing 150-th line out of 500 rows of DP table...
2022-01-04 21:04:43,607 - root - DEBUG - Processing 160-th line out of 500 rows of DP table...
2022-01-04 21:04:43,723 - root - DEBUG - Processing 170-th line out of 500 rows of DP table...
2022-01-04 21:04:43,836 - root - DEBUG - Processing 180-th line out of 500 rows of DP table...
2022-01-04 21:04:43,944 - root - DEBUG - Processing 190-th line out of 500 rows of DP table...
2022-01-04 21:04:44,051 - root - DEBUG - Processing 200-th line out of 500 rows of DP table...
2022-01-04 21:04:44,154 - root - DEBUG - Processing 210-th line out of 500 rows of DP table...
2022-01-04 21:04:44,259 - root - DEBUG - Processing 220-th line out of 500 rows of DP table...
2022-01-04 21:04:44,356 - root - DEBUG - Processing 230-th line out of 500 rows of DP table...
2022-01-04 21:04:44,449 - root - DEBUG - Processing 240-th line out of 500 rows of DP table...
2022-01-04 21:04:44,539 - root - DEBUG - Processing 250-th line out of 500 rows of DP table...
2022-01-04 21:04:44,626 - root - DEBUG - Processing 260-th line out of 500 rows of DP table...
2022-01-04 21:04:44,709 - root - DEBUG - Processing 270-th line out of 500 rows of DP table...
2022-01-04 21:04:44,788 - root - DEBUG - Processing 280-th line out of 500 rows of DP table...
2022-01-04 21:04:44,865 - root - DEBUG - Processing 290-th line out of 500 rows of DP table...
2022-01-04 21:04:44,938 - root - DEBUG - Processing 300-th line out of 500 rows of DP table...
2022-01-04 21:04:45,008 - root - DEBUG - Processing 310-th line out of 500 rows of DP table...
2022-01-04 21:04:45,074 - root - DEBUG - Processing 320-th line out of 500 rows of DP table...
2022-01-04 21:04:45,138 - root - DEBUG - Processing 330-th line out of 500 rows of DP table...
2022-01-04 21:04:45,197 - root - DEBUG - Processing 340-th line out of 500 rows of DP table...
2022-01-04 21:04:45,254 - root - DEBUG - Processing 350-th line out of 500 rows of DP table...
2022-01-04 21:04:45,307 - root - DEBUG - Processing 360-th line out of 500 rows of DP table...
2022-01-04 21:04:45,357 - root - DEBUG - Processing 370-th line out of 500 rows of DP table...
2022-01-04 21:04:45,409 - root - DEBUG - Processing 380-th line out of 500 rows of DP table...
2022-01-04 21:04:45,451 - root - DEBUG - Processing 390-th line out of 500 rows of DP table...
2022-01-04 21:04:45,491 - root - DEBUG - Processing 400-th line out of 500 rows of DP table...
2022-01-04 21:04:45,527 - root - DEBUG - Processing 410-th line out of 500 rows of DP table...
2022-01-04 21:04:45,560 - root - DEBUG - Processing 420-th line out of 500 rows of DP table...
2022-01-04 21:04:45,590 - root - DEBUG - Processing 430-th line out of 500 rows of DP table...
2022-01-04 21:04:45,615 - root - DEBUG - Processing 440-th line out of 500 rows of DP table...
2022-01-04 21:04:45,638 - root - DEBUG - Processing 450-th line out of 500 rows of DP table...
2022-01-04 21:04:45,657 - root - DEBUG - Processing 460-th line out of 500 rows of DP table...
2022-01-04 21:04:45,673 - root - DEBUG - Processing 470-th line out of 500 rows of DP table...
2022-01-04 21:04:45,685 - root - DEBUG - Processing 480-th line out of 500 rows of DP table...
2022-01-04 21:04:45,695 - root - DEBUG - Processing 490-th line out of 500 rows of DP table...
2022-01-04 21:04:45,700 - root - DEBUG - Processing 500-th line out of 500 rows of DP table...
2022-01-04 21:04:45,705 - root - DEBUG - Started computing joint logprobs...
