2022-01-04 20:49:11,136 - root - INFO - Loading reference interval set from '211227-2-sim/g15_0.ref.tsv'...
2022-01-04 20:49:11,139 - root - INFO - Loading query interval set from '211227-2-sim/g15_0.query.tsv'...
2022-01-04 20:49:11,171 - root - INFO - Loading chromosome sizes from '211227-2-sim/g15_sizes.tsv'...
2022-01-04 20:49:11,178 - root - INFO - Number of reference intervals: 500 (500 before merging)
2022-01-04 20:49:11,179 - root - INFO - Number of query intervals: 5000 (5000 before merging)
2022-01-04 20:49:11,180 - root - INFO - Number of chromosomes: 1
2022-01-04 20:49:11,187 - root - INFO - Overlap count: 414
2022-01-04 20:49:11,189 - root - DEBUG - Started computing sf for chromosome 'chr1'...
2022-01-04 20:49:11,190 - root - DEBUG - m=500, n=5000
2022-01-04 20:49:11,350 - root - DEBUG - Processing 10-th line out of 500 rows of DP table...
2022-01-04 20:49:11,520 - root - DEBUG - Processing 20-th line out of 500 rows of DP table...
2022-01-04 20:49:11,682 - root - DEBUG - Processing 30-th line out of 500 rows of DP table...
2022-01-04 20:49:11,841 - root - DEBUG - Processing 40-th line out of 500 rows of DP table...
2022-01-04 20:49:12,002 - root - DEBUG - Processing 50-th line out of 500 rows of DP table...
2022-01-04 20:49:12,156 - root - DEBUG - Processing 60-th line out of 500 rows of DP table...
2022-01-04 20:49:12,307 - root - DEBUG - Processing 70-th line out of 500 rows of DP table...
2022-01-04 20:49:12,455 - root - DEBUG - Processing 80-th line out of 500 rows of DP table...
2022-01-04 20:49:12,598 - root - DEBUG - Processing 90-th line out of 500 rows of DP table...
2022-01-04 20:49:12,743 - root - DEBUG - Processing 100-th line out of 500 rows of DP table...
2022-01-04 20:49:12,880 - root - DEBUG - Processing 110-th line out of 500 rows of DP table...
2022-01-04 20:49:13,013 - root - DEBUG - Processing 120-th line out of 500 rows of DP table...
2022-01-04 20:49:13,142 - root - DEBUG - Processing 130-th line out of 500 rows of DP table...
2022-01-04 20:49:13,268 - root - DEBUG - Processing 140-th line out of 500 rows of DP table...
2022-01-04 20:49:13,390 - root - DEBUG - Processing 150-th line out of 500 rows of DP table...
2022-01-04 20:49:13,509 - root - DEBUG - Processing 160-th line out of 500 rows of DP table...
2022-01-04 20:49:13,650 - root - DEBUG - Processing 170-th line out of 500 rows of DP table...
2022-01-04 20:49:13,764 - root - DEBUG - Processing 180-th line out of 500 rows of DP table...
2022-01-04 20:49:13,881 - root - DEBUG - Processing 190-th line out of 500 rows of DP table...
2022-01-04 20:49:13,988 - root - DEBUG - Processing 200-th line out of 500 rows of DP table...
2022-01-04 20:49:14,092 - root - DEBUG - Processing 210-th line out of 500 rows of DP table...
2022-01-04 20:49:14,192 - root - DEBUG - Processing 220-th line out of 500 rows of DP table...
2022-01-04 20:49:14,290 - root - DEBUG - Processing 230-th line out of 500 rows of DP table...
2022-01-04 20:49:14,384 - root - DEBUG - Processing 240-th line out of 500 rows of DP table...
2022-01-04 20:49:14,474 - root - DEBUG - Processing 250-th line out of 500 rows of DP table...
2022-01-04 20:49:14,561 - root - DEBUG - Processing 260-th line out of 500 rows of DP table...
2022-01-04 20:49:14,644 - root - DEBUG - Processing 270-th line out of 500 rows of DP table...
2022-01-04 20:49:14,724 - root - DEBUG - Processing 280-th line out of 500 rows of DP table...
2022-01-04 20:49:14,800 - root - DEBUG - Processing 290-th line out of 500 rows of DP table...
2022-01-04 20:49:14,873 - root - DEBUG - Processing 300-th line out of 500 rows of DP table...
2022-01-04 20:49:14,942 - root - DEBUG - Processing 310-th line out of 500 rows of DP table...
2022-01-04 20:49:15,014 - root - DEBUG - Processing 320-th line out of 500 rows of DP table...
2022-01-04 20:49:15,107 - root - DEBUG - Processing 330-th line out of 500 rows of DP table...
2022-01-04 20:49:15,221 - root - DEBUG - Processing 340-th line out of 500 rows of DP table...
2022-01-04 20:49:15,327 - root - DEBUG - Processing 350-th line out of 500 rows of DP table...
2022-01-04 20:49:15,415 - root - DEBUG - Processing 360-th line out of 500 rows of DP table...
2022-01-04 20:49:15,465 - root - DEBUG - Processing 370-th line out of 500 rows of DP table...
2022-01-04 20:49:15,513 - root - DEBUG - Processing 380-th line out of 500 rows of DP table...
2022-01-04 20:49:15,558 - root - DEBUG - Processing 390-th line out of 500 rows of DP table...
2022-01-04 20:49:15,597 - root - DEBUG - Processing 400-th line out of 500 rows of DP table...
2022-01-04 20:49:15,634 - root - DEBUG - Processing 410-th line out of 500 rows of DP table...
2022-01-04 20:49:15,667 - root - DEBUG - Processing 420-th line out of 500 rows of DP table...
2022-01-04 20:49:15,696 - root - DEBUG - Processing 430-th line out of 500 rows of DP table...
2022-01-04 20:49:15,722 - root - DEBUG - Processing 440-th line out of 500 rows of DP table...
2022-01-04 20:49:15,744 - root - DEBUG - Processing 450-th line out of 500 rows of DP table...
2022-01-04 20:49:15,764 - root - DEBUG - Processing 460-th line out of 500 rows of DP table...
2022-01-04 20:49:15,780 - root - DEBUG - Processing 470-th line out of 500 rows of DP table...
2022-01-04 20:49:15,793 - root - DEBUG - Processing 480-th line out of 500 rows of DP table...
2022-01-04 20:49:15,802 - root - DEBUG - Processing 490-th line out of 500 rows of DP table...
2022-01-04 20:49:15,808 - root - DEBUG - Processing 500-th line out of 500 rows of DP table...
2022-01-04 20:49:15,812 - root - DEBUG - Started computing joint logprobs...
