2022-01-04 20:49:44,220 - root - INFO - Loading reference interval set from '211227-2-sim/g15_1.ref.tsv'...
2022-01-04 20:49:44,223 - root - INFO - Loading query interval set from '211227-2-sim/g15_1.query.tsv'...
2022-01-04 20:49:44,250 - root - INFO - Loading chromosome sizes from '211227-2-sim/g15_sizes.tsv'...
2022-01-04 20:49:44,258 - root - INFO - Number of reference intervals: 500 (500 before merging)
2022-01-04 20:49:44,259 - root - INFO - Number of query intervals: 5000 (5000 before merging)
2022-01-04 20:49:44,261 - root - INFO - Number of chromosomes: 1
2022-01-04 20:49:44,269 - root - INFO - Overlap count: 399
2022-01-04 20:49:44,271 - root - DEBUG - Started computing sf for chromosome 'chr1'...
2022-01-04 20:49:44,273 - root - DEBUG - m=500, n=5000
2022-01-04 20:49:44,448 - root - DEBUG - Processing 10-th line out of 500 rows of DP table...
2022-01-04 20:49:44,623 - root - DEBUG - Processing 20-th line out of 500 rows of DP table...
2022-01-04 20:49:44,796 - root - DEBUG - Processing 30-th line out of 500 rows of DP table...
2022-01-04 20:49:44,965 - root - DEBUG - Processing 40-th line out of 500 rows of DP table...
2022-01-04 20:49:45,131 - root - DEBUG - Processing 50-th line out of 500 rows of DP table...
2022-01-04 20:49:45,292 - root - DEBUG - Processing 60-th line out of 500 rows of DP table...
2022-01-04 20:49:45,455 - root - DEBUG - Processing 70-th line out of 500 rows of DP table...
2022-01-04 20:49:45,609 - root - DEBUG - Processing 80-th line out of 500 rows of DP table...
2022-01-04 20:49:45,759 - root - DEBUG - Processing 90-th line out of 500 rows of DP table...
2022-01-04 20:49:45,906 - root - DEBUG - Processing 100-th line out of 500 rows of DP table...
2022-01-04 20:49:46,049 - root - DEBUG - Processing 110-th line out of 500 rows of DP table...
2022-01-04 20:49:46,189 - root - DEBUG - Processing 120-th line out of 500 rows of DP table...
2022-01-04 20:49:46,326 - root - DEBUG - Processing 130-th line out of 500 rows of DP table...
2022-01-04 20:49:46,459 - root - DEBUG - Processing 140-th line out of 500 rows of DP table...
2022-01-04 20:49:46,588 - root - DEBUG - Processing 150-th line out of 500 rows of DP table...
2022-01-04 20:49:46,719 - root - DEBUG - Processing 160-th line out of 500 rows of DP table...
2022-01-04 20:49:46,846 - root - DEBUG - Processing 170-th line out of 500 rows of DP table...
2022-01-04 20:49:46,965 - root - DEBUG - Processing 180-th line out of 500 rows of DP table...
2022-01-04 20:49:47,081 - root - DEBUG - Processing 190-th line out of 500 rows of DP table...
2022-01-04 20:49:47,194 - root - DEBUG - Processing 200-th line out of 500 rows of DP table...
2022-01-04 20:49:47,303 - root - DEBUG - Processing 210-th line out of 500 rows of DP table...
2022-01-04 20:49:47,408 - root - DEBUG - Processing 220-th line out of 500 rows of DP table...
2022-01-04 20:49:47,510 - root - DEBUG - Processing 230-th line out of 500 rows of DP table...
2022-01-04 20:49:47,609 - root - DEBUG - Processing 240-th line out of 500 rows of DP table...
2022-01-04 20:49:47,704 - root - DEBUG - Processing 250-th line out of 500 rows of DP table...
2022-01-04 20:49:47,800 - root - DEBUG - Processing 260-th line out of 500 rows of DP table...
2022-01-04 20:49:47,888 - root - DEBUG - Processing 270-th line out of 500 rows of DP table...
2022-01-04 20:49:47,972 - root - DEBUG - Processing 280-th line out of 500 rows of DP table...
2022-01-04 20:49:48,052 - root - DEBUG - Processing 290-th line out of 500 rows of DP table...
2022-01-04 20:49:48,129 - root - DEBUG - Processing 300-th line out of 500 rows of DP table...
2022-01-04 20:49:48,201 - root - DEBUG - Processing 310-th line out of 500 rows of DP table...
2022-01-04 20:49:48,271 - root - DEBUG - Processing 320-th line out of 500 rows of DP table...
2022-01-04 20:49:48,337 - root - DEBUG - Processing 330-th line out of 500 rows of DP table...
2022-01-04 20:49:48,400 - root - DEBUG - Processing 340-th line out of 500 rows of DP table...
2022-01-04 20:49:48,459 - root - DEBUG - Processing 350-th line out of 500 rows of DP table...
2022-01-04 20:49:48,514 - root - DEBUG - Processing 360-th line out of 500 rows of DP table...
2022-01-04 20:49:48,567 - root - DEBUG - Processing 370-th line out of 500 rows of DP table...
2022-01-04 20:49:48,616 - root - DEBUG - Processing 380-th line out of 500 rows of DP table...
2022-01-04 20:49:48,662 - root - DEBUG - Processing 390-th line out of 500 rows of DP table...
2022-01-04 20:49:48,703 - root - DEBUG - Processing 400-th line out of 500 rows of DP table...
2022-01-04 20:49:48,741 - root - DEBUG - Processing 410-th line out of 500 rows of DP table...
2022-01-04 20:49:48,776 - root - DEBUG - Processing 420-th line out of 500 rows of DP table...
2022-01-04 20:49:48,807 - root - DEBUG - Processing 430-th line out of 500 rows of DP table...
2022-01-04 20:49:48,835 - root - DEBUG - Processing 440-th line out of 500 rows of DP table...
2022-01-04 20:49:48,860 - root - DEBUG - Processing 450-th line out of 500 rows of DP table...
2022-01-04 20:49:48,881 - root - DEBUG - Processing 460-th line out of 500 rows of DP table...
2022-01-04 20:49:48,898 - root - DEBUG - Processing 470-th line out of 500 rows of DP table...
2022-01-04 20:49:48,918 - root - DEBUG - Processing 480-th line out of 500 rows of DP table...
2022-01-04 20:49:48,928 - root - DEBUG - Processing 490-th line out of 500 rows of DP table...
2022-01-04 20:49:48,934 - root - DEBUG - Processing 500-th line out of 500 rows of DP table...
2022-01-04 20:49:48,939 - root - DEBUG - Started computing joint logprobs...
