2022-01-04 01:11:28,111 - root - INFO - Loading reference interval set from '211227-2-sim/g15_8.ref.tsv'...
2022-01-04 01:11:28,116 - root - INFO - Loading query interval set from '211227-2-sim/g15_8.query.tsv'...
2022-01-04 01:11:28,138 - root - INFO - Loading chromosome sizes from '211227-2-sim/g15_sizes.tsv'...
2022-01-04 01:11:28,150 - root - INFO - Number of reference intervals: 500 (500 before merging)
2022-01-04 01:11:28,152 - root - INFO - Number of query intervals: 5000 (5000 before merging)
2022-01-04 01:11:28,153 - root - INFO - Number of chromosomes: 1
2022-01-04 01:11:28,168 - root - INFO - Overlap count: 411
2022-01-04 01:11:28,170 - root - DEBUG - Started computing sf for chromosome 'chr1'...
2022-01-04 01:11:28,173 - root - DEBUG - m=500, n=5000
2022-01-04 01:11:28,410 - root - DEBUG - Processing 10-th line out of 500 rows of DP table...
2022-01-04 01:11:28,580 - root - DEBUG - Processing 20-th line out of 500 rows of DP table...
2022-01-04 01:11:28,747 - root - DEBUG - Processing 30-th line out of 500 rows of DP table...
2022-01-04 01:11:28,922 - root - DEBUG - Processing 40-th line out of 500 rows of DP table...
2022-01-04 01:11:29,079 - root - DEBUG - Processing 50-th line out of 500 rows of DP table...
2022-01-04 01:11:29,233 - root - DEBUG - Processing 60-th line out of 500 rows of DP table...
2022-01-04 01:11:29,397 - root - DEBUG - Processing 70-th line out of 500 rows of DP table...
2022-01-04 01:11:29,561 - root - DEBUG - Processing 80-th line out of 500 rows of DP table...
2022-01-04 01:11:29,704 - root - DEBUG - Processing 90-th line out of 500 rows of DP table...
2022-01-04 01:11:29,863 - root - DEBUG - Processing 100-th line out of 500 rows of DP table...
2022-01-04 01:11:30,023 - root - DEBUG - Processing 110-th line out of 500 rows of DP table...
2022-01-04 01:11:30,159 - root - DEBUG - Processing 120-th line out of 500 rows of DP table...
2022-01-04 01:11:30,290 - root - DEBUG - Processing 130-th line out of 500 rows of DP table...
2022-01-04 01:11:30,418 - root - DEBUG - Processing 140-th line out of 500 rows of DP table...
2022-01-04 01:11:30,588 - root - DEBUG - Processing 150-th line out of 500 rows of DP table...
2022-01-04 01:11:30,712 - root - DEBUG - Processing 160-th line out of 500 rows of DP table...
2022-01-04 01:11:30,894 - root - DEBUG - Processing 170-th line out of 500 rows of DP table...
2022-01-04 01:11:31,010 - root - DEBUG - Processing 180-th line out of 500 rows of DP table...
2022-01-04 01:11:31,122 - root - DEBUG - Processing 190-th line out of 500 rows of DP table...
2022-01-04 01:11:31,230 - root - DEBUG - Processing 200-th line out of 500 rows of DP table...
2022-01-04 01:11:31,335 - root - DEBUG - Processing 210-th line out of 500 rows of DP table...
2022-01-04 01:11:31,441 - root - DEBUG - Processing 220-th line out of 500 rows of DP table...
2022-01-04 01:11:31,540 - root - DEBUG - Processing 230-th line out of 500 rows of DP table...
2022-01-04 01:11:31,635 - root - DEBUG - Processing 240-th line out of 500 rows of DP table...
2022-01-04 01:11:31,724 - root - DEBUG - Processing 250-th line out of 500 rows of DP table...
2022-01-04 01:11:31,835 - root - DEBUG - Processing 260-th line out of 500 rows of DP table...
2022-01-04 01:11:31,920 - root - DEBUG - Processing 270-th line out of 500 rows of DP table...
2022-01-04 01:11:32,120 - root - DEBUG - Processing 280-th line out of 500 rows of DP table...
2022-01-04 01:11:32,290 - root - DEBUG - Processing 290-th line out of 500 rows of DP table...
2022-01-04 01:11:32,495 - root - DEBUG - Processing 300-th line out of 500 rows of DP table...
2022-01-04 01:11:32,648 - root - DEBUG - Processing 310-th line out of 500 rows of DP table...
2022-01-04 01:11:32,785 - root - DEBUG - Processing 320-th line out of 500 rows of DP table...
2022-01-04 01:11:32,936 - root - DEBUG - Processing 330-th line out of 500 rows of DP table...
2022-01-04 01:11:33,062 - root - DEBUG - Processing 340-th line out of 500 rows of DP table...
2022-01-04 01:11:33,183 - root - DEBUG - Processing 350-th line out of 500 rows of DP table...
2022-01-04 01:11:33,244 - root - DEBUG - Processing 360-th line out of 500 rows of DP table...
2022-01-04 01:11:33,296 - root - DEBUG - Processing 370-th line out of 500 rows of DP table...
2022-01-04 01:11:33,342 - root - DEBUG - Processing 380-th line out of 500 rows of DP table...
2022-01-04 01:11:33,385 - root - DEBUG - Processing 390-th line out of 500 rows of DP table...
2022-01-04 01:11:33,425 - root - DEBUG - Processing 400-th line out of 500 rows of DP table...
2022-01-04 01:11:33,461 - root - DEBUG - Processing 410-th line out of 500 rows of DP table...
2022-01-04 01:11:33,494 - root - DEBUG - Processing 420-th line out of 500 rows of DP table...
2022-01-04 01:11:33,524 - root - DEBUG - Processing 430-th line out of 500 rows of DP table...
2022-01-04 01:11:33,550 - root - DEBUG - Processing 440-th line out of 500 rows of DP table...
2022-01-04 01:11:33,573 - root - DEBUG - Processing 450-th line out of 500 rows of DP table...
2022-01-04 01:11:33,593 - root - DEBUG - Processing 460-th line out of 500 rows of DP table...
2022-01-04 01:11:33,609 - root - DEBUG - Processing 470-th line out of 500 rows of DP table...
2022-01-04 01:11:33,621 - root - DEBUG - Processing 480-th line out of 500 rows of DP table...
2022-01-04 01:11:33,631 - root - DEBUG - Processing 490-th line out of 500 rows of DP table...
2022-01-04 01:11:33,636 - root - DEBUG - Processing 500-th line out of 500 rows of DP table...
2022-01-04 01:11:33,641 - root - DEBUG - Started computing joint logprobs...
