2022-01-04 20:49:27,719 - root - INFO - Loading reference interval set from '211227-2-sim/g15_2.ref.tsv'...
2022-01-04 20:49:27,721 - root - INFO - Loading query interval set from '211227-2-sim/g15_2.query.tsv'...
2022-01-04 20:49:27,729 - root - INFO - Loading chromosome sizes from '211227-2-sim/g15_sizes.tsv'...
2022-01-04 20:49:27,736 - root - INFO - Number of reference intervals: 500 (500 before merging)
2022-01-04 20:49:27,737 - root - INFO - Number of query intervals: 5000 (5000 before merging)
2022-01-04 20:49:27,738 - root - INFO - Number of chromosomes: 1
2022-01-04 20:49:27,746 - root - INFO - Overlap count: 418
2022-01-04 20:49:27,748 - root - DEBUG - Started computing sf for chromosome 'chr1'...
2022-01-04 20:49:27,750 - root - DEBUG - m=500, n=5000
2022-01-04 20:49:27,908 - root - DEBUG - Processing 10-th line out of 500 rows of DP table...
2022-01-04 20:49:28,077 - root - DEBUG - Processing 20-th line out of 500 rows of DP table...
2022-01-04 20:49:28,237 - root - DEBUG - Processing 30-th line out of 500 rows of DP table...
2022-01-04 20:49:28,393 - root - DEBUG - Processing 40-th line out of 500 rows of DP table...
2022-01-04 20:49:28,547 - root - DEBUG - Processing 50-th line out of 500 rows of DP table...
2022-01-04 20:49:28,697 - root - DEBUG - Processing 60-th line out of 500 rows of DP table...
2022-01-04 20:49:28,843 - root - DEBUG - Processing 70-th line out of 500 rows of DP table...
2022-01-04 20:49:28,988 - root - DEBUG - Processing 80-th line out of 500 rows of DP table...
2022-01-04 20:49:29,136 - root - DEBUG - Processing 90-th line out of 500 rows of DP table...
2022-01-04 20:49:29,273 - root - DEBUG - Processing 100-th line out of 500 rows of DP table...
2022-01-04 20:49:29,408 - root - DEBUG - Processing 110-th line out of 500 rows of DP table...
2022-01-04 20:49:29,539 - root - DEBUG - Processing 120-th line out of 500 rows of DP table...
2022-01-04 20:49:29,667 - root - DEBUG - Processing 130-th line out of 500 rows of DP table...
2022-01-04 20:49:29,792 - root - DEBUG - Processing 140-th line out of 500 rows of DP table...
2022-01-04 20:49:29,913 - root - DEBUG - Processing 150-th line out of 500 rows of DP table...
2022-01-04 20:49:30,031 - root - DEBUG - Processing 160-th line out of 500 rows of DP table...
2022-01-04 20:49:30,146 - root - DEBUG - Processing 170-th line out of 500 rows of DP table...
2022-01-04 20:49:30,264 - root - DEBUG - Processing 180-th line out of 500 rows of DP table...
2022-01-04 20:49:30,372 - root - DEBUG - Processing 190-th line out of 500 rows of DP table...
2022-01-04 20:49:30,477 - root - DEBUG - Processing 200-th line out of 500 rows of DP table...
2022-01-04 20:49:30,579 - root - DEBUG - Processing 210-th line out of 500 rows of DP table...
2022-01-04 20:49:30,678 - root - DEBUG - Processing 220-th line out of 500 rows of DP table...
2022-01-04 20:49:30,781 - root - DEBUG - Processing 230-th line out of 500 rows of DP table...
2022-01-04 20:49:30,872 - root - DEBUG - Processing 240-th line out of 500 rows of DP table...
2022-01-04 20:49:30,961 - root - DEBUG - Processing 250-th line out of 500 rows of DP table...
2022-01-04 20:49:31,047 - root - DEBUG - Processing 260-th line out of 500 rows of DP table...
2022-01-04 20:49:31,130 - root - DEBUG - Processing 270-th line out of 500 rows of DP table...
2022-01-04 20:49:31,209 - root - DEBUG - Processing 280-th line out of 500 rows of DP table...
2022-01-04 20:49:31,284 - root - DEBUG - Processing 290-th line out of 500 rows of DP table...
2022-01-04 20:49:31,356 - root - DEBUG - Processing 300-th line out of 500 rows of DP table...
2022-01-04 20:49:31,431 - root - DEBUG - Processing 310-th line out of 500 rows of DP table...
2022-01-04 20:49:31,496 - root - DEBUG - Processing 320-th line out of 500 rows of DP table...
2022-01-04 20:49:31,559 - root - DEBUG - Processing 330-th line out of 500 rows of DP table...
2022-01-04 20:49:31,618 - root - DEBUG - Processing 340-th line out of 500 rows of DP table...
2022-01-04 20:49:31,674 - root - DEBUG - Processing 350-th line out of 500 rows of DP table...
2022-01-04 20:49:31,726 - root - DEBUG - Processing 360-th line out of 500 rows of DP table...
2022-01-04 20:49:31,775 - root - DEBUG - Processing 370-th line out of 500 rows of DP table...
2022-01-04 20:49:31,821 - root - DEBUG - Processing 380-th line out of 500 rows of DP table...
2022-01-04 20:49:31,863 - root - DEBUG - Processing 390-th line out of 500 rows of DP table...
2022-01-04 20:49:31,903 - root - DEBUG - Processing 400-th line out of 500 rows of DP table...
2022-01-04 20:49:31,939 - root - DEBUG - Processing 410-th line out of 500 rows of DP table...
2022-01-04 20:49:31,971 - root - DEBUG - Processing 420-th line out of 500 rows of DP table...
2022-01-04 20:49:32,000 - root - DEBUG - Processing 430-th line out of 500 rows of DP table...
2022-01-04 20:49:32,026 - root - DEBUG - Processing 440-th line out of 500 rows of DP table...
2022-01-04 20:49:32,049 - root - DEBUG - Processing 450-th line out of 500 rows of DP table...
2022-01-04 20:49:32,068 - root - DEBUG - Processing 460-th line out of 500 rows of DP table...
2022-01-04 20:49:32,095 - root - DEBUG - Processing 470-th line out of 500 rows of DP table...
2022-01-04 20:49:32,109 - root - DEBUG - Processing 480-th line out of 500 rows of DP table...
2022-01-04 20:49:32,118 - root - DEBUG - Processing 490-th line out of 500 rows of DP table...
2022-01-04 20:49:32,124 - root - DEBUG - Processing 500-th line out of 500 rows of DP table...
2022-01-04 20:49:32,128 - root - DEBUG - Started computing joint logprobs...
