2022-01-04 02:59:18,353 - root - INFO - Loading reference interval set from '211227-2-sim/g16_1.ref.tsv'...
2022-01-04 02:59:18,357 - root - INFO - Loading query interval set from '211227-2-sim/g16_1.query.tsv'...
2022-01-04 02:59:18,380 - root - INFO - Loading chromosome sizes from '211227-2-sim/g16_sizes.tsv'...
2022-01-04 02:59:18,383 - root - INFO - Number of reference intervals: 500 (500 before merging)
2022-01-04 02:59:18,384 - root - INFO - Number of query intervals: 5 (5 before merging)
2022-01-04 02:59:18,386 - root - INFO - Number of chromosomes: 1
2022-01-04 02:59:18,388 - root - INFO - Overlap count: 3
2022-01-04 02:59:18,390 - root - DEBUG - Started computing sf for chromosome 'chr1'...
2022-01-04 02:59:18,392 - root - DEBUG - m=500, n=5
2022-01-04 02:59:18,564 - root - DEBUG - Processing 10-th line out of 500 rows of DP table...
2022-01-04 02:59:18,729 - root - DEBUG - Processing 20-th line out of 500 rows of DP table...
2022-01-04 02:59:18,892 - root - DEBUG - Processing 30-th line out of 500 rows of DP table...
2022-01-04 02:59:19,050 - root - DEBUG - Processing 40-th line out of 500 rows of DP table...
2022-01-04 02:59:19,206 - root - DEBUG - Processing 50-th line out of 500 rows of DP table...
2022-01-04 02:59:19,359 - root - DEBUG - Processing 60-th line out of 500 rows of DP table...
2022-01-04 02:59:19,508 - root - DEBUG - Processing 70-th line out of 500 rows of DP table...
2022-01-04 02:59:19,654 - root - DEBUG - Processing 80-th line out of 500 rows of DP table...
2022-01-04 02:59:19,796 - root - DEBUG - Processing 90-th line out of 500 rows of DP table...
2022-01-04 02:59:19,945 - root - DEBUG - Processing 100-th line out of 500 rows of DP table...
2022-01-04 02:59:20,083 - root - DEBUG - Processing 110-th line out of 500 rows of DP table...
2022-01-04 02:59:20,247 - root - DEBUG - Processing 120-th line out of 500 rows of DP table...
2022-01-04 02:59:20,377 - root - DEBUG - Processing 130-th line out of 500 rows of DP table...
2022-01-04 02:59:20,526 - root - DEBUG - Processing 140-th line out of 500 rows of DP table...
2022-01-04 02:59:20,650 - root - DEBUG - Processing 150-th line out of 500 rows of DP table...
2022-01-04 02:59:20,769 - root - DEBUG - Processing 160-th line out of 500 rows of DP table...
2022-01-04 02:59:20,885 - root - DEBUG - Processing 170-th line out of 500 rows of DP table...
2022-01-04 02:59:20,997 - root - DEBUG - Processing 180-th line out of 500 rows of DP table...
2022-01-04 02:59:21,105 - root - DEBUG - Processing 190-th line out of 500 rows of DP table...
2022-01-04 02:59:21,221 - root - DEBUG - Processing 200-th line out of 500 rows of DP table...
2022-01-04 02:59:21,324 - root - DEBUG - Processing 210-th line out of 500 rows of DP table...
2022-01-04 02:59:21,423 - root - DEBUG - Processing 220-th line out of 500 rows of DP table...
2022-01-04 02:59:21,519 - root - DEBUG - Processing 230-th line out of 500 rows of DP table...
2022-01-04 02:59:21,655 - root - DEBUG - Processing 240-th line out of 500 rows of DP table...
2022-01-04 02:59:21,766 - root - DEBUG - Processing 250-th line out of 500 rows of DP table...
2022-01-04 02:59:21,852 - root - DEBUG - Processing 260-th line out of 500 rows of DP table...
2022-01-04 02:59:21,939 - root - DEBUG - Processing 270-th line out of 500 rows of DP table...
2022-01-04 02:59:22,019 - root - DEBUG - Processing 280-th line out of 500 rows of DP table...
2022-01-04 02:59:22,116 - root - DEBUG - Processing 290-th line out of 500 rows of DP table...
2022-01-04 02:59:22,190 - root - DEBUG - Processing 300-th line out of 500 rows of DP table...
2022-01-04 02:59:22,299 - root - DEBUG - Processing 310-th line out of 500 rows of DP table...
2022-01-04 02:59:22,394 - root - DEBUG - Processing 320-th line out of 500 rows of DP table...
2022-01-04 02:59:22,457 - root - DEBUG - Processing 330-th line out of 500 rows of DP table...
2022-01-04 02:59:22,526 - root - DEBUG - Processing 340-th line out of 500 rows of DP table...
2022-01-04 02:59:22,582 - root - DEBUG - Processing 350-th line out of 500 rows of DP table...
2022-01-04 02:59:22,647 - root - DEBUG - Processing 360-th line out of 500 rows of DP table...
2022-01-04 02:59:22,696 - root - DEBUG - Processing 370-th line out of 500 rows of DP table...
2022-01-04 02:59:22,755 - root - DEBUG - Processing 380-th line out of 500 rows of DP table...
2022-01-04 02:59:22,798 - root - DEBUG - Processing 390-th line out of 500 rows of DP table...
2022-01-04 02:59:22,838 - root - DEBUG - Processing 400-th line out of 500 rows of DP table...
2022-01-04 02:59:22,875 - root - DEBUG - Processing 410-th line out of 500 rows of DP table...
2022-01-04 02:59:22,907 - root - DEBUG - Processing 420-th line out of 500 rows of DP table...
2022-01-04 02:59:22,936 - root - DEBUG - Processing 430-th line out of 500 rows of DP table...
2022-01-04 02:59:22,962 - root - DEBUG - Processing 440-th line out of 500 rows of DP table...
2022-01-04 02:59:22,984 - root - DEBUG - Processing 450-th line out of 500 rows of DP table...
2022-01-04 02:59:23,003 - root - DEBUG - Processing 460-th line out of 500 rows of DP table...
2022-01-04 02:59:23,019 - root - DEBUG - Processing 470-th line out of 500 rows of DP table...
2022-01-04 02:59:23,032 - root - DEBUG - Processing 480-th line out of 500 rows of DP table...
2022-01-04 02:59:23,041 - root - DEBUG - Processing 490-th line out of 500 rows of DP table...
2022-01-04 02:59:23,047 - root - DEBUG - Processing 500-th line out of 500 rows of DP table...
2022-01-04 02:59:23,051 - root - DEBUG - Started computing joint logprobs...
