2022-01-04 00:57:44,092 - root - INFO - Loading reference interval set from '211227-2-sim/g16_5.ref.tsv'...
2022-01-04 00:57:44,094 - root - INFO - Loading query interval set from '211227-2-sim/g16_5.query.tsv'...
2022-01-04 00:57:44,097 - root - INFO - Loading chromosome sizes from '211227-2-sim/g16_sizes.tsv'...
2022-01-04 00:57:44,103 - root - INFO - Number of reference intervals: 500 (500 before merging)
2022-01-04 00:57:44,104 - root - INFO - Number of query intervals: 5 (5 before merging)
2022-01-04 00:57:44,105 - root - INFO - Number of chromosomes: 1
2022-01-04 00:57:44,106 - root - INFO - Overlap count: 3
2022-01-04 00:57:44,107 - root - DEBUG - Started computing sf for chromosome 'chr1'...
2022-01-04 00:57:44,109 - root - DEBUG - m=500, n=5
2022-01-04 00:57:44,269 - root - DEBUG - Processing 10-th line out of 500 rows of DP table...
2022-01-04 00:57:44,445 - root - DEBUG - Processing 20-th line out of 500 rows of DP table...
2022-01-04 00:57:44,604 - root - DEBUG - Processing 30-th line out of 500 rows of DP table...
2022-01-04 00:57:44,760 - root - DEBUG - Processing 40-th line out of 500 rows of DP table...
2022-01-04 00:57:44,917 - root - DEBUG - Processing 50-th line out of 500 rows of DP table...
2022-01-04 00:57:45,068 - root - DEBUG - Processing 60-th line out of 500 rows of DP table...
2022-01-04 00:57:45,214 - root - DEBUG - Processing 70-th line out of 500 rows of DP table...
2022-01-04 00:57:45,357 - root - DEBUG - Processing 80-th line out of 500 rows of DP table...
2022-01-04 00:57:45,499 - root - DEBUG - Processing 90-th line out of 500 rows of DP table...
2022-01-04 00:57:45,635 - root - DEBUG - Processing 100-th line out of 500 rows of DP table...
2022-01-04 00:57:45,768 - root - DEBUG - Processing 110-th line out of 500 rows of DP table...
2022-01-04 00:57:45,899 - root - DEBUG - Processing 120-th line out of 500 rows of DP table...
2022-01-04 00:57:46,026 - root - DEBUG - Processing 130-th line out of 500 rows of DP table...
2022-01-04 00:57:46,149 - root - DEBUG - Processing 140-th line out of 500 rows of DP table...
2022-01-04 00:57:46,270 - root - DEBUG - Processing 150-th line out of 500 rows of DP table...
2022-01-04 00:57:46,388 - root - DEBUG - Processing 160-th line out of 500 rows of DP table...
2022-01-04 00:57:46,502 - root - DEBUG - Processing 170-th line out of 500 rows of DP table...
2022-01-04 00:57:46,612 - root - DEBUG - Processing 180-th line out of 500 rows of DP table...
2022-01-04 00:57:46,720 - root - DEBUG - Processing 190-th line out of 500 rows of DP table...
2022-01-04 00:57:46,825 - root - DEBUG - Processing 200-th line out of 500 rows of DP table...
2022-01-04 00:57:46,929 - root - DEBUG - Processing 210-th line out of 500 rows of DP table...
2022-01-04 00:57:47,026 - root - DEBUG - Processing 220-th line out of 500 rows of DP table...
2022-01-04 00:57:47,120 - root - DEBUG - Processing 230-th line out of 500 rows of DP table...
2022-01-04 00:57:47,211 - root - DEBUG - Processing 240-th line out of 500 rows of DP table...
2022-01-04 00:57:47,320 - root - DEBUG - Processing 250-th line out of 500 rows of DP table...
2022-01-04 00:57:47,405 - root - DEBUG - Processing 260-th line out of 500 rows of DP table...
2022-01-04 00:57:47,488 - root - DEBUG - Processing 270-th line out of 500 rows of DP table...
2022-01-04 00:57:47,566 - root - DEBUG - Processing 280-th line out of 500 rows of DP table...
2022-01-04 00:57:47,641 - root - DEBUG - Processing 290-th line out of 500 rows of DP table...
2022-01-04 00:57:47,713 - root - DEBUG - Processing 300-th line out of 500 rows of DP table...
2022-01-04 00:57:47,781 - root - DEBUG - Processing 310-th line out of 500 rows of DP table...
2022-01-04 00:57:47,847 - root - DEBUG - Processing 320-th line out of 500 rows of DP table...
2022-01-04 00:57:47,909 - root - DEBUG - Processing 330-th line out of 500 rows of DP table...
2022-01-04 00:57:47,967 - root - DEBUG - Processing 340-th line out of 500 rows of DP table...
2022-01-04 00:57:48,023 - root - DEBUG - Processing 350-th line out of 500 rows of DP table...
2022-01-04 00:57:48,075 - root - DEBUG - Processing 360-th line out of 500 rows of DP table...
2022-01-04 00:57:48,124 - root - DEBUG - Processing 370-th line out of 500 rows of DP table...
2022-01-04 00:57:48,170 - root - DEBUG - Processing 380-th line out of 500 rows of DP table...
2022-01-04 00:57:48,212 - root - DEBUG - Processing 390-th line out of 500 rows of DP table...
2022-01-04 00:57:48,252 - root - DEBUG - Processing 400-th line out of 500 rows of DP table...
2022-01-04 00:57:48,288 - root - DEBUG - Processing 410-th line out of 500 rows of DP table...
2022-01-04 00:57:48,321 - root - DEBUG - Processing 420-th line out of 500 rows of DP table...
2022-01-04 00:57:48,350 - root - DEBUG - Processing 430-th line out of 500 rows of DP table...
2022-01-04 00:57:48,376 - root - DEBUG - Processing 440-th line out of 500 rows of DP table...
2022-01-04 00:57:48,398 - root - DEBUG - Processing 450-th line out of 500 rows of DP table...
2022-01-04 00:57:48,417 - root - DEBUG - Processing 460-th line out of 500 rows of DP table...
2022-01-04 00:57:48,433 - root - DEBUG - Processing 470-th line out of 500 rows of DP table...
2022-01-04 00:57:48,447 - root - DEBUG - Processing 480-th line out of 500 rows of DP table...
2022-01-04 00:57:48,463 - root - DEBUG - Processing 490-th line out of 500 rows of DP table...
2022-01-04 00:57:48,474 - root - DEBUG - Processing 500-th line out of 500 rows of DP table...
2022-01-04 00:57:48,493 - root - DEBUG - Started computing joint logprobs...
