2022-01-04 00:57:43,609 - root - INFO - Loading reference interval set from '211227-2-sim/g16_3.ref.tsv'...
2022-01-04 00:57:43,611 - root - INFO - Loading query interval set from '211227-2-sim/g16_3.query.tsv'...
2022-01-04 00:57:43,614 - root - INFO - Loading chromosome sizes from '211227-2-sim/g16_sizes.tsv'...
2022-01-04 00:57:43,616 - root - INFO - Number of reference intervals: 500 (500 before merging)
2022-01-04 00:57:43,617 - root - INFO - Number of query intervals: 5 (5 before merging)
2022-01-04 00:57:43,619 - root - INFO - Number of chromosomes: 1
2022-01-04 00:57:43,621 - root - INFO - Overlap count: 2
2022-01-04 00:57:43,623 - root - DEBUG - Started computing sf for chromosome 'chr1'...
2022-01-04 00:57:43,625 - root - DEBUG - m=500, n=5
2022-01-04 00:57:43,802 - root - DEBUG - Processing 10-th line out of 500 rows of DP table...
2022-01-04 00:57:43,969 - root - DEBUG - Processing 20-th line out of 500 rows of DP table...
2022-01-04 00:57:44,160 - root - DEBUG - Processing 30-th line out of 500 rows of DP table...
2022-01-04 00:57:44,317 - root - DEBUG - Processing 40-th line out of 500 rows of DP table...
2022-01-04 00:57:44,510 - root - DEBUG - Processing 50-th line out of 500 rows of DP table...
2022-01-04 00:57:44,666 - root - DEBUG - Processing 60-th line out of 500 rows of DP table...
2022-01-04 00:57:44,819 - root - DEBUG - Processing 70-th line out of 500 rows of DP table...
2022-01-04 00:57:44,964 - root - DEBUG - Processing 80-th line out of 500 rows of DP table...
2022-01-04 00:57:45,105 - root - DEBUG - Processing 90-th line out of 500 rows of DP table...
2022-01-04 00:57:45,243 - root - DEBUG - Processing 100-th line out of 500 rows of DP table...
2022-01-04 00:57:45,378 - root - DEBUG - Processing 110-th line out of 500 rows of DP table...
2022-01-04 00:57:45,510 - root - DEBUG - Processing 120-th line out of 500 rows of DP table...
2022-01-04 00:57:45,638 - root - DEBUG - Processing 130-th line out of 500 rows of DP table...
2022-01-04 00:57:45,762 - root - DEBUG - Processing 140-th line out of 500 rows of DP table...
2022-01-04 00:57:45,884 - root - DEBUG - Processing 150-th line out of 500 rows of DP table...
2022-01-04 00:57:46,002 - root - DEBUG - Processing 160-th line out of 500 rows of DP table...
2022-01-04 00:57:46,117 - root - DEBUG - Processing 170-th line out of 500 rows of DP table...
2022-01-04 00:57:46,229 - root - DEBUG - Processing 180-th line out of 500 rows of DP table...
2022-01-04 00:57:46,338 - root - DEBUG - Processing 190-th line out of 500 rows of DP table...
2022-01-04 00:57:46,444 - root - DEBUG - Processing 200-th line out of 500 rows of DP table...
2022-01-04 00:57:46,547 - root - DEBUG - Processing 210-th line out of 500 rows of DP table...
2022-01-04 00:57:46,646 - root - DEBUG - Processing 220-th line out of 500 rows of DP table...
2022-01-04 00:57:46,742 - root - DEBUG - Processing 230-th line out of 500 rows of DP table...
2022-01-04 00:57:46,834 - root - DEBUG - Processing 240-th line out of 500 rows of DP table...
2022-01-04 00:57:46,923 - root - DEBUG - Processing 250-th line out of 500 rows of DP table...
2022-01-04 00:57:47,008 - root - DEBUG - Processing 260-th line out of 500 rows of DP table...
2022-01-04 00:57:47,090 - root - DEBUG - Processing 270-th line out of 500 rows of DP table...
2022-01-04 00:57:47,169 - root - DEBUG - Processing 280-th line out of 500 rows of DP table...
2022-01-04 00:57:47,244 - root - DEBUG - Processing 290-th line out of 500 rows of DP table...
2022-01-04 00:57:47,316 - root - DEBUG - Processing 300-th line out of 500 rows of DP table...
2022-01-04 00:57:47,385 - root - DEBUG - Processing 310-th line out of 500 rows of DP table...
2022-01-04 00:57:47,451 - root - DEBUG - Processing 320-th line out of 500 rows of DP table...
2022-01-04 00:57:47,514 - root - DEBUG - Processing 330-th line out of 500 rows of DP table...
2022-01-04 00:57:47,573 - root - DEBUG - Processing 340-th line out of 500 rows of DP table...
2022-01-04 00:57:47,628 - root - DEBUG - Processing 350-th line out of 500 rows of DP table...
2022-01-04 00:57:47,681 - root - DEBUG - Processing 360-th line out of 500 rows of DP table...
2022-01-04 00:57:47,729 - root - DEBUG - Processing 370-th line out of 500 rows of DP table...
2022-01-04 00:57:47,775 - root - DEBUG - Processing 380-th line out of 500 rows of DP table...
2022-01-04 00:57:47,823 - root - DEBUG - Processing 390-th line out of 500 rows of DP table...
2022-01-04 00:57:47,862 - root - DEBUG - Processing 400-th line out of 500 rows of DP table...
2022-01-04 00:57:47,898 - root - DEBUG - Processing 410-th line out of 500 rows of DP table...
2022-01-04 00:57:47,931 - root - DEBUG - Processing 420-th line out of 500 rows of DP table...
2022-01-04 00:57:47,960 - root - DEBUG - Processing 430-th line out of 500 rows of DP table...
2022-01-04 00:57:47,986 - root - DEBUG - Processing 440-th line out of 500 rows of DP table...
2022-01-04 00:57:48,009 - root - DEBUG - Processing 450-th line out of 500 rows of DP table...
2022-01-04 00:57:48,028 - root - DEBUG - Processing 460-th line out of 500 rows of DP table...
2022-01-04 00:57:48,043 - root - DEBUG - Processing 470-th line out of 500 rows of DP table...
2022-01-04 00:57:48,056 - root - DEBUG - Processing 480-th line out of 500 rows of DP table...
2022-01-04 00:57:48,065 - root - DEBUG - Processing 490-th line out of 500 rows of DP table...
2022-01-04 00:57:48,070 - root - DEBUG - Processing 500-th line out of 500 rows of DP table...
2022-01-04 00:57:48,075 - root - DEBUG - Started computing joint logprobs...
