2022-01-04 00:57:44,497 - root - INFO - Loading reference interval set from '211227-2-sim/g16_8.ref.tsv'...
2022-01-04 00:57:44,500 - root - INFO - Loading query interval set from '211227-2-sim/g16_8.query.tsv'...
2022-01-04 00:57:44,502 - root - INFO - Loading chromosome sizes from '211227-2-sim/g16_sizes.tsv'...
2022-01-04 00:57:44,504 - root - INFO - Number of reference intervals: 500 (500 before merging)
2022-01-04 00:57:44,504 - root - INFO - Number of query intervals: 5 (5 before merging)
2022-01-04 00:57:44,505 - root - INFO - Number of chromosomes: 1
2022-01-04 00:57:44,507 - root - INFO - Overlap count: 2
2022-01-04 00:57:44,508 - root - DEBUG - Started computing sf for chromosome 'chr1'...
2022-01-04 00:57:44,509 - root - DEBUG - m=500, n=5
2022-01-04 00:57:44,714 - root - DEBUG - Processing 10-th line out of 500 rows of DP table...
2022-01-04 00:57:44,881 - root - DEBUG - Processing 20-th line out of 500 rows of DP table...
2022-01-04 00:57:45,044 - root - DEBUG - Processing 30-th line out of 500 rows of DP table...
2022-01-04 00:57:45,205 - root - DEBUG - Processing 40-th line out of 500 rows of DP table...
2022-01-04 00:57:45,365 - root - DEBUG - Processing 50-th line out of 500 rows of DP table...
2022-01-04 00:57:45,521 - root - DEBUG - Processing 60-th line out of 500 rows of DP table...
2022-01-04 00:57:45,670 - root - DEBUG - Processing 70-th line out of 500 rows of DP table...
2022-01-04 00:57:45,831 - root - DEBUG - Processing 80-th line out of 500 rows of DP table...
2022-01-04 00:57:45,976 - root - DEBUG - Processing 90-th line out of 500 rows of DP table...
2022-01-04 00:57:46,116 - root - DEBUG - Processing 100-th line out of 500 rows of DP table...
2022-01-04 00:57:46,252 - root - DEBUG - Processing 110-th line out of 500 rows of DP table...
2022-01-04 00:57:46,390 - root - DEBUG - Processing 120-th line out of 500 rows of DP table...
2022-01-04 00:57:46,520 - root - DEBUG - Processing 130-th line out of 500 rows of DP table...
2022-01-04 00:57:46,658 - root - DEBUG - Processing 140-th line out of 500 rows of DP table...
2022-01-04 00:57:46,782 - root - DEBUG - Processing 150-th line out of 500 rows of DP table...
2022-01-04 00:57:46,903 - root - DEBUG - Processing 160-th line out of 500 rows of DP table...
2022-01-04 00:57:47,019 - root - DEBUG - Processing 170-th line out of 500 rows of DP table...
2022-01-04 00:57:47,132 - root - DEBUG - Processing 180-th line out of 500 rows of DP table...
2022-01-04 00:57:47,242 - root - DEBUG - Processing 190-th line out of 500 rows of DP table...
2022-01-04 00:57:47,349 - root - DEBUG - Processing 200-th line out of 500 rows of DP table...
2022-01-04 00:57:47,456 - root - DEBUG - Processing 210-th line out of 500 rows of DP table...
2022-01-04 00:57:47,557 - root - DEBUG - Processing 220-th line out of 500 rows of DP table...
2022-01-04 00:57:47,653 - root - DEBUG - Processing 230-th line out of 500 rows of DP table...
2022-01-04 00:57:47,746 - root - DEBUG - Processing 240-th line out of 500 rows of DP table...
2022-01-04 00:57:47,836 - root - DEBUG - Processing 250-th line out of 500 rows of DP table...
2022-01-04 00:57:47,923 - root - DEBUG - Processing 260-th line out of 500 rows of DP table...
2022-01-04 00:57:48,007 - root - DEBUG - Processing 270-th line out of 500 rows of DP table...
2022-01-04 00:57:48,087 - root - DEBUG - Processing 280-th line out of 500 rows of DP table...
2022-01-04 00:57:48,164 - root - DEBUG - Processing 290-th line out of 500 rows of DP table...
2022-01-04 00:57:48,238 - root - DEBUG - Processing 300-th line out of 500 rows of DP table...
2022-01-04 00:57:48,309 - root - DEBUG - Processing 310-th line out of 500 rows of DP table...
2022-01-04 00:57:48,376 - root - DEBUG - Processing 320-th line out of 500 rows of DP table...
2022-01-04 00:57:48,443 - root - DEBUG - Processing 330-th line out of 500 rows of DP table...
2022-01-04 00:57:48,503 - root - DEBUG - Processing 340-th line out of 500 rows of DP table...
2022-01-04 00:57:48,560 - root - DEBUG - Processing 350-th line out of 500 rows of DP table...
2022-01-04 00:57:48,613 - root - DEBUG - Processing 360-th line out of 500 rows of DP table...
2022-01-04 00:57:48,664 - root - DEBUG - Processing 370-th line out of 500 rows of DP table...
2022-01-04 00:57:48,710 - root - DEBUG - Processing 380-th line out of 500 rows of DP table...
2022-01-04 00:57:48,754 - root - DEBUG - Processing 390-th line out of 500 rows of DP table...
2022-01-04 00:57:48,793 - root - DEBUG - Processing 400-th line out of 500 rows of DP table...
2022-01-04 00:57:48,830 - root - DEBUG - Processing 410-th line out of 500 rows of DP table...
2022-01-04 00:57:48,863 - root - DEBUG - Processing 420-th line out of 500 rows of DP table...
2022-01-04 00:57:48,893 - root - DEBUG - Processing 430-th line out of 500 rows of DP table...
2022-01-04 00:57:48,920 - root - DEBUG - Processing 440-th line out of 500 rows of DP table...
2022-01-04 00:57:48,943 - root - DEBUG - Processing 450-th line out of 500 rows of DP table...
2022-01-04 00:57:48,963 - root - DEBUG - Processing 460-th line out of 500 rows of DP table...
2022-01-04 00:57:48,979 - root - DEBUG - Processing 470-th line out of 500 rows of DP table...
2022-01-04 00:57:48,992 - root - DEBUG - Processing 480-th line out of 500 rows of DP table...
2022-01-04 00:57:49,001 - root - DEBUG - Processing 490-th line out of 500 rows of DP table...
2022-01-04 00:57:49,008 - root - DEBUG - Processing 500-th line out of 500 rows of DP table...
2022-01-04 00:57:49,012 - root - DEBUG - Started computing joint logprobs...
