2022-01-04 00:57:44,196 - root - INFO - Loading reference interval set from '211227-2-sim/g16_6.ref.tsv'...
2022-01-04 00:57:44,198 - root - INFO - Loading query interval set from '211227-2-sim/g16_6.query.tsv'...
2022-01-04 00:57:44,201 - root - INFO - Loading chromosome sizes from '211227-2-sim/g16_sizes.tsv'...
2022-01-04 00:57:44,202 - root - INFO - Number of reference intervals: 500 (500 before merging)
2022-01-04 00:57:44,203 - root - INFO - Number of query intervals: 5 (5 before merging)
2022-01-04 00:57:44,204 - root - INFO - Number of chromosomes: 1
2022-01-04 00:57:44,206 - root - INFO - Overlap count: 4
2022-01-04 00:57:44,208 - root - DEBUG - Started computing sf for chromosome 'chr1'...
2022-01-04 00:57:44,209 - root - DEBUG - m=500, n=5
2022-01-04 00:57:44,395 - root - DEBUG - Processing 10-th line out of 500 rows of DP table...
2022-01-04 00:57:44,644 - root - DEBUG - Processing 20-th line out of 500 rows of DP table...
2022-01-04 00:57:44,939 - root - DEBUG - Processing 30-th line out of 500 rows of DP table...
2022-01-04 00:57:45,195 - root - DEBUG - Processing 40-th line out of 500 rows of DP table...
2022-01-04 00:57:45,378 - root - DEBUG - Processing 50-th line out of 500 rows of DP table...
2022-01-04 00:57:45,689 - root - DEBUG - Processing 60-th line out of 500 rows of DP table...
2022-01-04 00:57:45,850 - root - DEBUG - Processing 70-th line out of 500 rows of DP table...
2022-01-04 00:57:45,997 - root - DEBUG - Processing 80-th line out of 500 rows of DP table...
2022-01-04 00:57:46,142 - root - DEBUG - Processing 90-th line out of 500 rows of DP table...
2022-01-04 00:57:46,282 - root - DEBUG - Processing 100-th line out of 500 rows of DP table...
2022-01-04 00:57:46,439 - root - DEBUG - Processing 110-th line out of 500 rows of DP table...
2022-01-04 00:57:46,572 - root - DEBUG - Processing 120-th line out of 500 rows of DP table...
2022-01-04 00:57:46,702 - root - DEBUG - Processing 130-th line out of 500 rows of DP table...
2022-01-04 00:57:46,828 - root - DEBUG - Processing 140-th line out of 500 rows of DP table...
2022-01-04 00:57:46,951 - root - DEBUG - Processing 150-th line out of 500 rows of DP table...
2022-01-04 00:57:47,070 - root - DEBUG - Processing 160-th line out of 500 rows of DP table...
2022-01-04 00:57:47,188 - root - DEBUG - Processing 170-th line out of 500 rows of DP table...
2022-01-04 00:57:47,301 - root - DEBUG - Processing 180-th line out of 500 rows of DP table...
2022-01-04 00:57:47,411 - root - DEBUG - Processing 190-th line out of 500 rows of DP table...
2022-01-04 00:57:47,518 - root - DEBUG - Processing 200-th line out of 500 rows of DP table...
2022-01-04 00:57:47,622 - root - DEBUG - Processing 210-th line out of 500 rows of DP table...
2022-01-04 00:57:47,722 - root - DEBUG - Processing 220-th line out of 500 rows of DP table...
2022-01-04 00:57:47,818 - root - DEBUG - Processing 230-th line out of 500 rows of DP table...
2022-01-04 00:57:47,912 - root - DEBUG - Processing 240-th line out of 500 rows of DP table...
2022-01-04 00:57:48,002 - root - DEBUG - Processing 250-th line out of 500 rows of DP table...
2022-01-04 00:57:48,088 - root - DEBUG - Processing 260-th line out of 500 rows of DP table...
2022-01-04 00:57:48,173 - root - DEBUG - Processing 270-th line out of 500 rows of DP table...
2022-01-04 00:57:48,253 - root - DEBUG - Processing 280-th line out of 500 rows of DP table...
2022-01-04 00:57:48,329 - root - DEBUG - Processing 290-th line out of 500 rows of DP table...
2022-01-04 00:57:48,402 - root - DEBUG - Processing 300-th line out of 500 rows of DP table...
2022-01-04 00:57:48,490 - root - DEBUG - Processing 310-th line out of 500 rows of DP table...
2022-01-04 00:57:48,557 - root - DEBUG - Processing 320-th line out of 500 rows of DP table...
2022-01-04 00:57:48,620 - root - DEBUG - Processing 330-th line out of 500 rows of DP table...
2022-01-04 00:57:48,679 - root - DEBUG - Processing 340-th line out of 500 rows of DP table...
2022-01-04 00:57:48,735 - root - DEBUG - Processing 350-th line out of 500 rows of DP table...
2022-01-04 00:57:48,788 - root - DEBUG - Processing 360-th line out of 500 rows of DP table...
2022-01-04 00:57:48,837 - root - DEBUG - Processing 370-th line out of 500 rows of DP table...
2022-01-04 00:57:48,883 - root - DEBUG - Processing 380-th line out of 500 rows of DP table...
2022-01-04 00:57:48,926 - root - DEBUG - Processing 390-th line out of 500 rows of DP table...
2022-01-04 00:57:48,965 - root - DEBUG - Processing 400-th line out of 500 rows of DP table...
2022-01-04 00:57:49,001 - root - DEBUG - Processing 410-th line out of 500 rows of DP table...
2022-01-04 00:57:49,034 - root - DEBUG - Processing 420-th line out of 500 rows of DP table...
2022-01-04 00:57:49,063 - root - DEBUG - Processing 430-th line out of 500 rows of DP table...
2022-01-04 00:57:49,090 - root - DEBUG - Processing 440-th line out of 500 rows of DP table...
2022-01-04 00:57:49,112 - root - DEBUG - Processing 450-th line out of 500 rows of DP table...
2022-01-04 00:57:49,134 - root - DEBUG - Processing 460-th line out of 500 rows of DP table...
2022-01-04 00:57:49,151 - root - DEBUG - Processing 470-th line out of 500 rows of DP table...
2022-01-04 00:57:49,163 - root - DEBUG - Processing 480-th line out of 500 rows of DP table...
2022-01-04 00:57:49,172 - root - DEBUG - Processing 490-th line out of 500 rows of DP table...
2022-01-04 00:57:49,177 - root - DEBUG - Processing 500-th line out of 500 rows of DP table...
2022-01-04 00:57:49,181 - root - DEBUG - Started computing joint logprobs...
