2022-01-04 00:57:43,846 - root - INFO - Loading reference interval set from '211227-2-sim/g16_4.ref.tsv'...
2022-01-04 00:57:43,848 - root - INFO - Loading query interval set from '211227-2-sim/g16_4.query.tsv'...
2022-01-04 00:57:43,851 - root - INFO - Loading chromosome sizes from '211227-2-sim/g16_sizes.tsv'...
2022-01-04 00:57:43,853 - root - INFO - Number of reference intervals: 500 (500 before merging)
2022-01-04 00:57:43,854 - root - INFO - Number of query intervals: 5 (5 before merging)
2022-01-04 00:57:43,855 - root - INFO - Number of chromosomes: 1
2022-01-04 00:57:43,856 - root - INFO - Overlap count: 3
2022-01-04 00:57:43,858 - root - DEBUG - Started computing sf for chromosome 'chr1'...
2022-01-04 00:57:43,859 - root - DEBUG - m=500, n=5
2022-01-04 00:57:44,019 - root - DEBUG - Processing 10-th line out of 500 rows of DP table...
2022-01-04 00:57:44,201 - root - DEBUG - Processing 20-th line out of 500 rows of DP table...
2022-01-04 00:57:44,375 - root - DEBUG - Processing 30-th line out of 500 rows of DP table...
2022-01-04 00:57:44,552 - root - DEBUG - Processing 40-th line out of 500 rows of DP table...
2022-01-04 00:57:44,711 - root - DEBUG - Processing 50-th line out of 500 rows of DP table...
2022-01-04 00:57:44,864 - root - DEBUG - Processing 60-th line out of 500 rows of DP table...
2022-01-04 00:57:45,012 - root - DEBUG - Processing 70-th line out of 500 rows of DP table...
2022-01-04 00:57:45,156 - root - DEBUG - Processing 80-th line out of 500 rows of DP table...
2022-01-04 00:57:45,298 - root - DEBUG - Processing 90-th line out of 500 rows of DP table...
2022-01-04 00:57:45,437 - root - DEBUG - Processing 100-th line out of 500 rows of DP table...
2022-01-04 00:57:45,571 - root - DEBUG - Processing 110-th line out of 500 rows of DP table...
2022-01-04 00:57:45,702 - root - DEBUG - Processing 120-th line out of 500 rows of DP table...
2022-01-04 00:57:45,831 - root - DEBUG - Processing 130-th line out of 500 rows of DP table...
2022-01-04 00:57:45,956 - root - DEBUG - Processing 140-th line out of 500 rows of DP table...
2022-01-04 00:57:46,077 - root - DEBUG - Processing 150-th line out of 500 rows of DP table...
2022-01-04 00:57:46,195 - root - DEBUG - Processing 160-th line out of 500 rows of DP table...
2022-01-04 00:57:46,310 - root - DEBUG - Processing 170-th line out of 500 rows of DP table...
2022-01-04 00:57:46,422 - root - DEBUG - Processing 180-th line out of 500 rows of DP table...
2022-01-04 00:57:46,530 - root - DEBUG - Processing 190-th line out of 500 rows of DP table...
2022-01-04 00:57:46,636 - root - DEBUG - Processing 200-th line out of 500 rows of DP table...
2022-01-04 00:57:46,740 - root - DEBUG - Processing 210-th line out of 500 rows of DP table...
2022-01-04 00:57:46,839 - root - DEBUG - Processing 220-th line out of 500 rows of DP table...
2022-01-04 00:57:46,935 - root - DEBUG - Processing 230-th line out of 500 rows of DP table...
2022-01-04 00:57:47,026 - root - DEBUG - Processing 240-th line out of 500 rows of DP table...
2022-01-04 00:57:47,114 - root - DEBUG - Processing 250-th line out of 500 rows of DP table...
2022-01-04 00:57:47,199 - root - DEBUG - Processing 260-th line out of 500 rows of DP table...
2022-01-04 00:57:47,281 - root - DEBUG - Processing 270-th line out of 500 rows of DP table...
2022-01-04 00:57:47,360 - root - DEBUG - Processing 280-th line out of 500 rows of DP table...
2022-01-04 00:57:47,436 - root - DEBUG - Processing 290-th line out of 500 rows of DP table...
2022-01-04 00:57:47,508 - root - DEBUG - Processing 300-th line out of 500 rows of DP table...
2022-01-04 00:57:47,578 - root - DEBUG - Processing 310-th line out of 500 rows of DP table...
2022-01-04 00:57:47,643 - root - DEBUG - Processing 320-th line out of 500 rows of DP table...
2022-01-04 00:57:47,705 - root - DEBUG - Processing 330-th line out of 500 rows of DP table...
2022-01-04 00:57:47,763 - root - DEBUG - Processing 340-th line out of 500 rows of DP table...
2022-01-04 00:57:47,818 - root - DEBUG - Processing 350-th line out of 500 rows of DP table...
2022-01-04 00:57:47,871 - root - DEBUG - Processing 360-th line out of 500 rows of DP table...
2022-01-04 00:57:47,920 - root - DEBUG - Processing 370-th line out of 500 rows of DP table...
2022-01-04 00:57:47,967 - root - DEBUG - Processing 380-th line out of 500 rows of DP table...
2022-01-04 00:57:48,009 - root - DEBUG - Processing 390-th line out of 500 rows of DP table...
2022-01-04 00:57:48,048 - root - DEBUG - Processing 400-th line out of 500 rows of DP table...
2022-01-04 00:57:48,084 - root - DEBUG - Processing 410-th line out of 500 rows of DP table...
2022-01-04 00:57:48,116 - root - DEBUG - Processing 420-th line out of 500 rows of DP table...
2022-01-04 00:57:48,145 - root - DEBUG - Processing 430-th line out of 500 rows of DP table...
2022-01-04 00:57:48,172 - root - DEBUG - Processing 440-th line out of 500 rows of DP table...
2022-01-04 00:57:48,195 - root - DEBUG - Processing 450-th line out of 500 rows of DP table...
2022-01-04 00:57:48,214 - root - DEBUG - Processing 460-th line out of 500 rows of DP table...
2022-01-04 00:57:48,231 - root - DEBUG - Processing 470-th line out of 500 rows of DP table...
2022-01-04 00:57:48,243 - root - DEBUG - Processing 480-th line out of 500 rows of DP table...
2022-01-04 00:57:48,253 - root - DEBUG - Processing 490-th line out of 500 rows of DP table...
2022-01-04 00:57:48,259 - root - DEBUG - Processing 500-th line out of 500 rows of DP table...
2022-01-04 00:57:48,264 - root - DEBUG - Started computing joint logprobs...
