2022-01-04 00:57:44,115 - root - INFO - Loading reference interval set from '211227-2-sim/g16_7.ref.tsv'...
2022-01-04 00:57:44,118 - root - INFO - Loading query interval set from '211227-2-sim/g16_7.query.tsv'...
2022-01-04 00:57:44,138 - root - INFO - Loading chromosome sizes from '211227-2-sim/g16_sizes.tsv'...
2022-01-04 00:57:44,140 - root - INFO - Number of reference intervals: 500 (500 before merging)
2022-01-04 00:57:44,143 - root - INFO - Number of query intervals: 5 (5 before merging)
2022-01-04 00:57:44,145 - root - INFO - Number of chromosomes: 1
2022-01-04 00:57:44,148 - root - INFO - Overlap count: 8
2022-01-04 00:57:44,149 - root - DEBUG - Started computing sf for chromosome 'chr1'...
2022-01-04 00:57:44,151 - root - DEBUG - m=500, n=5
2022-01-04 00:57:44,447 - root - DEBUG - Processing 10-th line out of 500 rows of DP table...
2022-01-04 00:57:44,654 - root - DEBUG - Processing 20-th line out of 500 rows of DP table...
2022-01-04 00:57:44,834 - root - DEBUG - Processing 30-th line out of 500 rows of DP table...
2022-01-04 00:57:44,993 - root - DEBUG - Processing 40-th line out of 500 rows of DP table...
2022-01-04 00:57:45,150 - root - DEBUG - Processing 50-th line out of 500 rows of DP table...
2022-01-04 00:57:45,306 - root - DEBUG - Processing 60-th line out of 500 rows of DP table...
2022-01-04 00:57:45,456 - root - DEBUG - Processing 70-th line out of 500 rows of DP table...
2022-01-04 00:57:45,602 - root - DEBUG - Processing 80-th line out of 500 rows of DP table...
2022-01-04 00:57:45,745 - root - DEBUG - Processing 90-th line out of 500 rows of DP table...
2022-01-04 00:57:45,885 - root - DEBUG - Processing 100-th line out of 500 rows of DP table...
2022-01-04 00:57:46,021 - root - DEBUG - Processing 110-th line out of 500 rows of DP table...
2022-01-04 00:57:46,154 - root - DEBUG - Processing 120-th line out of 500 rows of DP table...
2022-01-04 00:57:46,286 - root - DEBUG - Processing 130-th line out of 500 rows of DP table...
2022-01-04 00:57:46,414 - root - DEBUG - Processing 140-th line out of 500 rows of DP table...
2022-01-04 00:57:46,537 - root - DEBUG - Processing 150-th line out of 500 rows of DP table...
2022-01-04 00:57:46,657 - root - DEBUG - Processing 160-th line out of 500 rows of DP table...
2022-01-04 00:57:46,774 - root - DEBUG - Processing 170-th line out of 500 rows of DP table...
2022-01-04 00:57:46,888 - root - DEBUG - Processing 180-th line out of 500 rows of DP table...
2022-01-04 00:57:46,998 - root - DEBUG - Processing 190-th line out of 500 rows of DP table...
2022-01-04 00:57:47,103 - root - DEBUG - Processing 200-th line out of 500 rows of DP table...
2022-01-04 00:57:47,206 - root - DEBUG - Processing 210-th line out of 500 rows of DP table...
2022-01-04 00:57:47,309 - root - DEBUG - Processing 220-th line out of 500 rows of DP table...
2022-01-04 00:57:47,406 - root - DEBUG - Processing 230-th line out of 500 rows of DP table...
2022-01-04 00:57:47,499 - root - DEBUG - Processing 240-th line out of 500 rows of DP table...
2022-01-04 00:57:47,589 - root - DEBUG - Processing 250-th line out of 500 rows of DP table...
2022-01-04 00:57:47,675 - root - DEBUG - Processing 260-th line out of 500 rows of DP table...
2022-01-04 00:57:47,758 - root - DEBUG - Processing 270-th line out of 500 rows of DP table...
2022-01-04 00:57:47,837 - root - DEBUG - Processing 280-th line out of 500 rows of DP table...
2022-01-04 00:57:47,914 - root - DEBUG - Processing 290-th line out of 500 rows of DP table...
2022-01-04 00:57:47,987 - root - DEBUG - Processing 300-th line out of 500 rows of DP table...
2022-01-04 00:57:48,057 - root - DEBUG - Processing 310-th line out of 500 rows of DP table...
2022-01-04 00:57:48,124 - root - DEBUG - Processing 320-th line out of 500 rows of DP table...
2022-01-04 00:57:48,187 - root - DEBUG - Processing 330-th line out of 500 rows of DP table...
2022-01-04 00:57:48,252 - root - DEBUG - Processing 340-th line out of 500 rows of DP table...
2022-01-04 00:57:48,309 - root - DEBUG - Processing 350-th line out of 500 rows of DP table...
2022-01-04 00:57:48,363 - root - DEBUG - Processing 360-th line out of 500 rows of DP table...
2022-01-04 00:57:48,413 - root - DEBUG - Processing 370-th line out of 500 rows of DP table...
2022-01-04 00:57:48,469 - root - DEBUG - Processing 380-th line out of 500 rows of DP table...
2022-01-04 00:57:48,513 - root - DEBUG - Processing 390-th line out of 500 rows of DP table...
2022-01-04 00:57:48,553 - root - DEBUG - Processing 400-th line out of 500 rows of DP table...
2022-01-04 00:57:48,590 - root - DEBUG - Processing 410-th line out of 500 rows of DP table...
2022-01-04 00:57:48,624 - root - DEBUG - Processing 420-th line out of 500 rows of DP table...
2022-01-04 00:57:48,653 - root - DEBUG - Processing 430-th line out of 500 rows of DP table...
2022-01-04 00:57:48,679 - root - DEBUG - Processing 440-th line out of 500 rows of DP table...
2022-01-04 00:57:48,702 - root - DEBUG - Processing 450-th line out of 500 rows of DP table...
2022-01-04 00:57:48,721 - root - DEBUG - Processing 460-th line out of 500 rows of DP table...
2022-01-04 00:57:48,738 - root - DEBUG - Processing 470-th line out of 500 rows of DP table...
2022-01-04 00:57:48,751 - root - DEBUG - Processing 480-th line out of 500 rows of DP table...
2022-01-04 00:57:48,760 - root - DEBUG - Processing 490-th line out of 500 rows of DP table...
2022-01-04 00:57:48,766 - root - DEBUG - Processing 500-th line out of 500 rows of DP table...
2022-01-04 00:57:48,770 - root - DEBUG - Started computing joint logprobs...
