2022-01-04 00:57:44,696 - root - INFO - Loading reference interval set from '211227-2-sim/g16_9.ref.tsv'...
2022-01-04 00:57:44,697 - root - INFO - Loading query interval set from '211227-2-sim/g16_9.query.tsv'...
2022-01-04 00:57:44,699 - root - INFO - Loading chromosome sizes from '211227-2-sim/g16_sizes.tsv'...
2022-01-04 00:57:44,701 - root - INFO - Number of reference intervals: 500 (500 before merging)
2022-01-04 00:57:44,702 - root - INFO - Number of query intervals: 5 (5 before merging)
2022-01-04 00:57:44,703 - root - INFO - Number of chromosomes: 1
2022-01-04 00:57:44,705 - root - INFO - Overlap count: 2
2022-01-04 00:57:44,706 - root - DEBUG - Started computing sf for chromosome 'chr1'...
2022-01-04 00:57:44,708 - root - DEBUG - m=500, n=5
2022-01-04 00:57:44,969 - root - DEBUG - Processing 10-th line out of 500 rows of DP table...
2022-01-04 00:57:45,138 - root - DEBUG - Processing 20-th line out of 500 rows of DP table...
2022-01-04 00:57:45,303 - root - DEBUG - Processing 30-th line out of 500 rows of DP table...
2022-01-04 00:57:45,471 - root - DEBUG - Processing 40-th line out of 500 rows of DP table...
2022-01-04 00:57:45,625 - root - DEBUG - Processing 50-th line out of 500 rows of DP table...
2022-01-04 00:57:45,778 - root - DEBUG - Processing 60-th line out of 500 rows of DP table...
2022-01-04 00:57:45,925 - root - DEBUG - Processing 70-th line out of 500 rows of DP table...
2022-01-04 00:57:46,070 - root - DEBUG - Processing 80-th line out of 500 rows of DP table...
2022-01-04 00:57:46,212 - root - DEBUG - Processing 90-th line out of 500 rows of DP table...
2022-01-04 00:57:46,350 - root - DEBUG - Processing 100-th line out of 500 rows of DP table...
2022-01-04 00:57:46,504 - root - DEBUG - Processing 110-th line out of 500 rows of DP table...
2022-01-04 00:57:46,635 - root - DEBUG - Processing 120-th line out of 500 rows of DP table...
2022-01-04 00:57:46,765 - root - DEBUG - Processing 130-th line out of 500 rows of DP table...
2022-01-04 00:57:46,890 - root - DEBUG - Processing 140-th line out of 500 rows of DP table...
2022-01-04 00:57:47,013 - root - DEBUG - Processing 150-th line out of 500 rows of DP table...
2022-01-04 00:57:47,132 - root - DEBUG - Processing 160-th line out of 500 rows of DP table...
2022-01-04 00:57:47,247 - root - DEBUG - Processing 170-th line out of 500 rows of DP table...
2022-01-04 00:57:47,360 - root - DEBUG - Processing 180-th line out of 500 rows of DP table...
2022-01-04 00:57:47,470 - root - DEBUG - Processing 190-th line out of 500 rows of DP table...
2022-01-04 00:57:47,576 - root - DEBUG - Processing 200-th line out of 500 rows of DP table...
2022-01-04 00:57:47,679 - root - DEBUG - Processing 210-th line out of 500 rows of DP table...
2022-01-04 00:57:47,781 - root - DEBUG - Processing 220-th line out of 500 rows of DP table...
2022-01-04 00:57:47,877 - root - DEBUG - Processing 230-th line out of 500 rows of DP table...
2022-01-04 00:57:47,970 - root - DEBUG - Processing 240-th line out of 500 rows of DP table...
2022-01-04 00:57:48,059 - root - DEBUG - Processing 250-th line out of 500 rows of DP table...
2022-01-04 00:57:48,144 - root - DEBUG - Processing 260-th line out of 500 rows of DP table...
2022-01-04 00:57:48,226 - root - DEBUG - Processing 270-th line out of 500 rows of DP table...
2022-01-04 00:57:48,306 - root - DEBUG - Processing 280-th line out of 500 rows of DP table...
2022-01-04 00:57:48,382 - root - DEBUG - Processing 290-th line out of 500 rows of DP table...
2022-01-04 00:57:48,474 - root - DEBUG - Processing 300-th line out of 500 rows of DP table...
2022-01-04 00:57:48,592 - root - DEBUG - Processing 310-th line out of 500 rows of DP table...
2022-01-04 00:57:48,697 - root - DEBUG - Processing 320-th line out of 500 rows of DP table...
2022-01-04 00:57:48,761 - root - DEBUG - Processing 330-th line out of 500 rows of DP table...
2022-01-04 00:57:48,819 - root - DEBUG - Processing 340-th line out of 500 rows of DP table...
2022-01-04 00:57:48,875 - root - DEBUG - Processing 350-th line out of 500 rows of DP table...
2022-01-04 00:57:48,927 - root - DEBUG - Processing 360-th line out of 500 rows of DP table...
2022-01-04 00:57:48,976 - root - DEBUG - Processing 370-th line out of 500 rows of DP table...
2022-01-04 00:57:49,022 - root - DEBUG - Processing 380-th line out of 500 rows of DP table...
2022-01-04 00:57:49,064 - root - DEBUG - Processing 390-th line out of 500 rows of DP table...
2022-01-04 00:57:49,103 - root - DEBUG - Processing 400-th line out of 500 rows of DP table...
2022-01-04 00:57:49,139 - root - DEBUG - Processing 410-th line out of 500 rows of DP table...
2022-01-04 00:57:49,170 - root - DEBUG - Processing 420-th line out of 500 rows of DP table...
2022-01-04 00:57:49,202 - root - DEBUG - Processing 430-th line out of 500 rows of DP table...
2022-01-04 00:57:49,247 - root - DEBUG - Processing 440-th line out of 500 rows of DP table...
2022-01-04 00:57:49,286 - root - DEBUG - Processing 450-th line out of 500 rows of DP table...
2022-01-04 00:57:49,314 - root - DEBUG - Processing 460-th line out of 500 rows of DP table...
2022-01-04 00:57:49,331 - root - DEBUG - Processing 470-th line out of 500 rows of DP table...
2022-01-04 00:57:49,346 - root - DEBUG - Processing 480-th line out of 500 rows of DP table...
2022-01-04 00:57:49,363 - root - DEBUG - Processing 490-th line out of 500 rows of DP table...
2022-01-04 00:57:49,369 - root - DEBUG - Processing 500-th line out of 500 rows of DP table...
2022-01-04 00:57:49,373 - root - DEBUG - Started computing joint logprobs...
