2022-01-04 21:06:11,937 - root - INFO - Loading reference interval set from '211227-2-sim/g16_2.ref.tsv'...
2022-01-04 21:06:11,939 - root - INFO - Loading query interval set from '211227-2-sim/g16_2.query.tsv'...
2022-01-04 21:06:11,941 - root - INFO - Loading chromosome sizes from '211227-2-sim/g16_sizes.tsv'...
2022-01-04 21:06:11,942 - root - INFO - Number of reference intervals: 500 (500 before merging)
2022-01-04 21:06:11,942 - root - INFO - Number of query intervals: 5 (5 before merging)
2022-01-04 21:06:11,943 - root - INFO - Number of chromosomes: 1
2022-01-04 21:06:11,944 - root - INFO - Overlap count: 0
2022-01-04 21:06:11,945 - root - DEBUG - Started computing sf for chromosome 'chr1'...
2022-01-04 21:06:11,946 - root - DEBUG - m=500, n=5
2022-01-04 21:06:12,104 - root - DEBUG - Processing 10-th line out of 500 rows of DP table...
2022-01-04 21:06:12,270 - root - DEBUG - Processing 20-th line out of 500 rows of DP table...
2022-01-04 21:06:12,441 - root - DEBUG - Processing 30-th line out of 500 rows of DP table...
2022-01-04 21:06:12,602 - root - DEBUG - Processing 40-th line out of 500 rows of DP table...
2022-01-04 21:06:12,758 - root - DEBUG - Processing 50-th line out of 500 rows of DP table...
2022-01-04 21:06:12,911 - root - DEBUG - Processing 60-th line out of 500 rows of DP table...
2022-01-04 21:06:13,060 - root - DEBUG - Processing 70-th line out of 500 rows of DP table...
2022-01-04 21:06:13,206 - root - DEBUG - Processing 80-th line out of 500 rows of DP table...
2022-01-04 21:06:13,349 - root - DEBUG - Processing 90-th line out of 500 rows of DP table...
2022-01-04 21:06:13,489 - root - DEBUG - Processing 100-th line out of 500 rows of DP table...
2022-01-04 21:06:13,625 - root - DEBUG - Processing 110-th line out of 500 rows of DP table...
2022-01-04 21:06:13,758 - root - DEBUG - Processing 120-th line out of 500 rows of DP table...
2022-01-04 21:06:13,888 - root - DEBUG - Processing 130-th line out of 500 rows of DP table...
2022-01-04 21:06:14,014 - root - DEBUG - Processing 140-th line out of 500 rows of DP table...
2022-01-04 21:06:14,136 - root - DEBUG - Processing 150-th line out of 500 rows of DP table...
2022-01-04 21:06:14,255 - root - DEBUG - Processing 160-th line out of 500 rows of DP table...
2022-01-04 21:06:14,371 - root - DEBUG - Processing 170-th line out of 500 rows of DP table...
2022-01-04 21:06:14,488 - root - DEBUG - Processing 180-th line out of 500 rows of DP table...
2022-01-04 21:06:14,618 - root - DEBUG - Processing 190-th line out of 500 rows of DP table...
2022-01-04 21:06:14,724 - root - DEBUG - Processing 200-th line out of 500 rows of DP table...
2022-01-04 21:06:14,827 - root - DEBUG - Processing 210-th line out of 500 rows of DP table...
2022-01-04 21:06:14,927 - root - DEBUG - Processing 220-th line out of 500 rows of DP table...
2022-01-04 21:06:15,023 - root - DEBUG - Processing 230-th line out of 500 rows of DP table...
2022-01-04 21:06:15,117 - root - DEBUG - Processing 240-th line out of 500 rows of DP table...
2022-01-04 21:06:15,206 - root - DEBUG - Processing 250-th line out of 500 rows of DP table...
2022-01-04 21:06:15,292 - root - DEBUG - Processing 260-th line out of 500 rows of DP table...
2022-01-04 21:06:15,375 - root - DEBUG - Processing 270-th line out of 500 rows of DP table...
2022-01-04 21:06:15,455 - root - DEBUG - Processing 280-th line out of 500 rows of DP table...
2022-01-04 21:06:15,532 - root - DEBUG - Processing 290-th line out of 500 rows of DP table...
2022-01-04 21:06:15,605 - root - DEBUG - Processing 300-th line out of 500 rows of DP table...
2022-01-04 21:06:15,676 - root - DEBUG - Processing 310-th line out of 500 rows of DP table...
2022-01-04 21:06:15,743 - root - DEBUG - Processing 320-th line out of 500 rows of DP table...
2022-01-04 21:06:15,805 - root - DEBUG - Processing 330-th line out of 500 rows of DP table...
2022-01-04 21:06:15,865 - root - DEBUG - Processing 340-th line out of 500 rows of DP table...
2022-01-04 21:06:15,921 - root - DEBUG - Processing 350-th line out of 500 rows of DP table...
2022-01-04 21:06:15,974 - root - DEBUG - Processing 360-th line out of 500 rows of DP table...
2022-01-04 21:06:16,023 - root - DEBUG - Processing 370-th line out of 500 rows of DP table...
2022-01-04 21:06:16,070 - root - DEBUG - Processing 380-th line out of 500 rows of DP table...
2022-01-04 21:06:16,113 - root - DEBUG - Processing 390-th line out of 500 rows of DP table...
2022-01-04 21:06:16,152 - root - DEBUG - Processing 400-th line out of 500 rows of DP table...
2022-01-04 21:06:16,188 - root - DEBUG - Processing 410-th line out of 500 rows of DP table...
2022-01-04 21:06:16,250 - root - DEBUG - Processing 420-th line out of 500 rows of DP table...
2022-01-04 21:06:16,306 - root - DEBUG - Processing 430-th line out of 500 rows of DP table...
2022-01-04 21:06:16,355 - root - DEBUG - Processing 440-th line out of 500 rows of DP table...
2022-01-04 21:06:16,399 - root - DEBUG - Processing 450-th line out of 500 rows of DP table...
2022-01-04 21:06:16,423 - root - DEBUG - Processing 460-th line out of 500 rows of DP table...
2022-01-04 21:06:16,439 - root - DEBUG - Processing 470-th line out of 500 rows of DP table...
2022-01-04 21:06:16,451 - root - DEBUG - Processing 480-th line out of 500 rows of DP table...
2022-01-04 21:06:16,461 - root - DEBUG - Processing 490-th line out of 500 rows of DP table...
2022-01-04 21:06:16,466 - root - DEBUG - Processing 500-th line out of 500 rows of DP table...
2022-01-04 21:06:16,471 - root - DEBUG - Started computing joint logprobs...
