2022-01-04 02:10:24,794 - root - INFO - Loading reference interval set from '211227-2-sim/g16_0.ref.tsv'...
2022-01-04 02:10:24,821 - root - INFO - Loading query interval set from '211227-2-sim/g16_0.query.tsv'...
2022-01-04 02:10:24,850 - root - INFO - Loading chromosome sizes from '211227-2-sim/g16_sizes.tsv'...
2022-01-04 02:10:24,853 - root - INFO - Number of reference intervals: 500 (500 before merging)
2022-01-04 02:10:24,856 - root - INFO - Number of query intervals: 5 (5 before merging)
2022-01-04 02:10:24,857 - root - INFO - Number of chromosomes: 1
2022-01-04 02:10:24,860 - root - INFO - Overlap count: 3
2022-01-04 02:10:24,862 - root - DEBUG - Started computing sf for chromosome 'chr1'...
2022-01-04 02:10:24,864 - root - DEBUG - m=500, n=5
2022-01-04 02:10:25,179 - root - DEBUG - Processing 10-th line out of 500 rows of DP table...
2022-01-04 02:10:25,529 - root - DEBUG - Processing 20-th line out of 500 rows of DP table...
2022-01-04 02:10:25,879 - root - DEBUG - Processing 30-th line out of 500 rows of DP table...
2022-01-04 02:10:26,231 - root - DEBUG - Processing 40-th line out of 500 rows of DP table...
2022-01-04 02:10:26,540 - root - DEBUG - Processing 50-th line out of 500 rows of DP table...
2022-01-04 02:10:26,840 - root - DEBUG - Processing 60-th line out of 500 rows of DP table...
2022-01-04 02:10:27,170 - root - DEBUG - Processing 70-th line out of 500 rows of DP table...
2022-01-04 02:10:27,471 - root - DEBUG - Processing 80-th line out of 500 rows of DP table...
2022-01-04 02:10:27,761 - root - DEBUG - Processing 90-th line out of 500 rows of DP table...
2022-01-04 02:10:28,039 - root - DEBUG - Processing 100-th line out of 500 rows of DP table...
2022-01-04 02:10:28,330 - root - DEBUG - Processing 110-th line out of 500 rows of DP table...
2022-01-04 02:10:28,595 - root - DEBUG - Processing 120-th line out of 500 rows of DP table...
2022-01-04 02:10:28,854 - root - DEBUG - Processing 130-th line out of 500 rows of DP table...
2022-01-04 02:10:29,116 - root - DEBUG - Processing 140-th line out of 500 rows of DP table...
2022-01-04 02:10:29,393 - root - DEBUG - Processing 150-th line out of 500 rows of DP table...
2022-01-04 02:10:29,632 - root - DEBUG - Processing 160-th line out of 500 rows of DP table...
2022-01-04 02:10:29,871 - root - DEBUG - Processing 170-th line out of 500 rows of DP table...
2022-01-04 02:10:30,097 - root - DEBUG - Processing 180-th line out of 500 rows of DP table...
2022-01-04 02:10:30,309 - root - DEBUG - Processing 190-th line out of 500 rows of DP table...
2022-01-04 02:10:30,521 - root - DEBUG - Processing 200-th line out of 500 rows of DP table...
2022-01-04 02:10:30,759 - root - DEBUG - Processing 210-th line out of 500 rows of DP table...
2022-01-04 02:10:30,957 - root - DEBUG - Processing 220-th line out of 500 rows of DP table...
2022-01-04 02:10:31,155 - root - DEBUG - Processing 230-th line out of 500 rows of DP table...
2022-01-04 02:10:31,350 - root - DEBUG - Processing 240-th line out of 500 rows of DP table...
2022-01-04 02:10:31,530 - root - DEBUG - Processing 250-th line out of 500 rows of DP table...
2022-01-04 02:10:31,698 - root - DEBUG - Processing 260-th line out of 500 rows of DP table...
2022-01-04 02:10:31,871 - root - DEBUG - Processing 270-th line out of 500 rows of DP table...
2022-01-04 02:10:32,030 - root - DEBUG - Processing 280-th line out of 500 rows of DP table...
2022-01-04 02:10:32,206 - root - DEBUG - Processing 290-th line out of 500 rows of DP table...
2022-01-04 02:10:32,372 - root - DEBUG - Processing 300-th line out of 500 rows of DP table...
2022-01-04 02:10:32,509 - root - DEBUG - Processing 310-th line out of 500 rows of DP table...
2022-01-04 02:10:32,641 - root - DEBUG - Processing 320-th line out of 500 rows of DP table...
2022-01-04 02:10:32,765 - root - DEBUG - Processing 330-th line out of 500 rows of DP table...
2022-01-04 02:10:32,881 - root - DEBUG - Processing 340-th line out of 500 rows of DP table...
2022-01-04 02:10:33,020 - root - DEBUG - Processing 350-th line out of 500 rows of DP table...
2022-01-04 02:10:33,149 - root - DEBUG - Processing 360-th line out of 500 rows of DP table...
2022-01-04 02:10:33,261 - root - DEBUG - Processing 370-th line out of 500 rows of DP table...
2022-01-04 02:10:33,377 - root - DEBUG - Processing 380-th line out of 500 rows of DP table...
2022-01-04 02:10:33,560 - root - DEBUG - Processing 390-th line out of 500 rows of DP table...
2022-01-04 02:10:33,640 - root - DEBUG - Processing 400-th line out of 500 rows of DP table...
2022-01-04 02:10:33,714 - root - DEBUG - Processing 410-th line out of 500 rows of DP table...
2022-01-04 02:10:33,779 - root - DEBUG - Processing 420-th line out of 500 rows of DP table...
2022-01-04 02:10:33,839 - root - DEBUG - Processing 430-th line out of 500 rows of DP table...
2022-01-04 02:10:33,894 - root - DEBUG - Processing 440-th line out of 500 rows of DP table...
2022-01-04 02:10:33,941 - root - DEBUG - Processing 450-th line out of 500 rows of DP table...
2022-01-04 02:10:33,979 - root - DEBUG - Processing 460-th line out of 500 rows of DP table...
2022-01-04 02:10:34,011 - root - DEBUG - Processing 470-th line out of 500 rows of DP table...
2022-01-04 02:10:34,036 - root - DEBUG - Processing 480-th line out of 500 rows of DP table...
2022-01-04 02:10:34,055 - root - DEBUG - Processing 490-th line out of 500 rows of DP table...
2022-01-04 02:10:34,066 - root - DEBUG - Processing 500-th line out of 500 rows of DP table...
2022-01-04 02:10:34,076 - root - DEBUG - Started computing joint logprobs...
