2022-01-04 21:06:57,616 - root - INFO - Loading reference interval set from '211227-2-sim/g17_5.ref.tsv'...
2022-01-04 21:06:57,618 - root - INFO - Loading query interval set from '211227-2-sim/g17_5.query.tsv'...
2022-01-04 21:06:57,620 - root - INFO - Loading chromosome sizes from '211227-2-sim/g17_sizes.tsv'...
2022-01-04 21:06:57,621 - root - INFO - Number of reference intervals: 500 (500 before merging)
2022-01-04 21:06:57,622 - root - INFO - Number of query intervals: 50 (50 before merging)
2022-01-04 21:06:57,623 - root - INFO - Number of chromosomes: 1
2022-01-04 21:06:57,624 - root - INFO - Overlap count: 25
2022-01-04 21:06:57,625 - root - DEBUG - Started computing sf for chromosome 'chr1'...
2022-01-04 21:06:57,625 - root - DEBUG - m=500, n=50
2022-01-04 21:06:57,792 - root - DEBUG - Processing 10-th line out of 500 rows of DP table...
2022-01-04 21:06:57,965 - root - DEBUG - Processing 20-th line out of 500 rows of DP table...
2022-01-04 21:06:58,136 - root - DEBUG - Processing 30-th line out of 500 rows of DP table...
2022-01-04 21:06:58,304 - root - DEBUG - Processing 40-th line out of 500 rows of DP table...
2022-01-04 21:06:58,473 - root - DEBUG - Processing 50-th line out of 500 rows of DP table...
2022-01-04 21:06:58,634 - root - DEBUG - Processing 60-th line out of 500 rows of DP table...
2022-01-04 21:06:58,790 - root - DEBUG - Processing 70-th line out of 500 rows of DP table...
2022-01-04 21:06:58,944 - root - DEBUG - Processing 80-th line out of 500 rows of DP table...
2022-01-04 21:06:59,094 - root - DEBUG - Processing 90-th line out of 500 rows of DP table...
2022-01-04 21:06:59,240 - root - DEBUG - Processing 100-th line out of 500 rows of DP table...
2022-01-04 21:06:59,383 - root - DEBUG - Processing 110-th line out of 500 rows of DP table...
2022-01-04 21:06:59,526 - root - DEBUG - Processing 120-th line out of 500 rows of DP table...
2022-01-04 21:06:59,662 - root - DEBUG - Processing 130-th line out of 500 rows of DP table...
2022-01-04 21:06:59,794 - root - DEBUG - Processing 140-th line out of 500 rows of DP table...
2022-01-04 21:06:59,923 - root - DEBUG - Processing 150-th line out of 500 rows of DP table...
2022-01-04 21:07:00,049 - root - DEBUG - Processing 160-th line out of 500 rows of DP table...
2022-01-04 21:07:00,172 - root - DEBUG - Processing 170-th line out of 500 rows of DP table...
2022-01-04 21:07:00,291 - root - DEBUG - Processing 180-th line out of 500 rows of DP table...
2022-01-04 21:07:00,406 - root - DEBUG - Processing 190-th line out of 500 rows of DP table...
2022-01-04 21:07:00,517 - root - DEBUG - Processing 200-th line out of 500 rows of DP table...
2022-01-04 21:07:00,625 - root - DEBUG - Processing 210-th line out of 500 rows of DP table...
2022-01-04 21:07:00,733 - root - DEBUG - Processing 220-th line out of 500 rows of DP table...
2022-01-04 21:07:00,834 - root - DEBUG - Processing 230-th line out of 500 rows of DP table...
2022-01-04 21:07:00,933 - root - DEBUG - Processing 240-th line out of 500 rows of DP table...
2022-01-04 21:07:01,027 - root - DEBUG - Processing 250-th line out of 500 rows of DP table...
2022-01-04 21:07:01,117 - root - DEBUG - Processing 260-th line out of 500 rows of DP table...
2022-01-04 21:07:01,204 - root - DEBUG - Processing 270-th line out of 500 rows of DP table...
2022-01-04 21:07:01,287 - root - DEBUG - Processing 280-th line out of 500 rows of DP table...
2022-01-04 21:07:01,367 - root - DEBUG - Processing 290-th line out of 500 rows of DP table...
2022-01-04 21:07:01,443 - root - DEBUG - Processing 300-th line out of 500 rows of DP table...
2022-01-04 21:07:01,515 - root - DEBUG - Processing 310-th line out of 500 rows of DP table...
2022-01-04 21:07:01,584 - root - DEBUG - Processing 320-th line out of 500 rows of DP table...
2022-01-04 21:07:01,650 - root - DEBUG - Processing 330-th line out of 500 rows of DP table...
2022-01-04 21:07:01,712 - root - DEBUG - Processing 340-th line out of 500 rows of DP table...
2022-01-04 21:07:01,771 - root - DEBUG - Processing 350-th line out of 500 rows of DP table...
2022-01-04 21:07:01,831 - root - DEBUG - Processing 360-th line out of 500 rows of DP table...
2022-01-04 21:07:01,883 - root - DEBUG - Processing 370-th line out of 500 rows of DP table...
2022-01-04 21:07:01,932 - root - DEBUG - Processing 380-th line out of 500 rows of DP table...
2022-01-04 21:07:01,976 - root - DEBUG - Processing 390-th line out of 500 rows of DP table...
2022-01-04 21:07:02,017 - root - DEBUG - Processing 400-th line out of 500 rows of DP table...
2022-01-04 21:07:02,055 - root - DEBUG - Processing 410-th line out of 500 rows of DP table...
2022-01-04 21:07:02,089 - root - DEBUG - Processing 420-th line out of 500 rows of DP table...
2022-01-04 21:07:02,120 - root - DEBUG - Processing 430-th line out of 500 rows of DP table...
2022-01-04 21:07:02,147 - root - DEBUG - Processing 440-th line out of 500 rows of DP table...
2022-01-04 21:07:02,170 - root - DEBUG - Processing 450-th line out of 500 rows of DP table...
2022-01-04 21:07:02,190 - root - DEBUG - Processing 460-th line out of 500 rows of DP table...
2022-01-04 21:07:02,207 - root - DEBUG - Processing 470-th line out of 500 rows of DP table...
2022-01-04 21:07:02,220 - root - DEBUG - Processing 480-th line out of 500 rows of DP table...
2022-01-04 21:07:02,229 - root - DEBUG - Processing 490-th line out of 500 rows of DP table...
2022-01-04 21:07:02,235 - root - DEBUG - Processing 500-th line out of 500 rows of DP table...
2022-01-04 21:07:02,239 - root - DEBUG - Started computing joint logprobs...
