2022-01-04 21:20:21,138 - root - INFO - Loading reference interval set from '211227-2-sim/g17_3.ref.tsv'...
2022-01-04 21:20:21,157 - root - INFO - Loading query interval set from '211227-2-sim/g17_3.query.tsv'...
2022-01-04 21:20:21,173 - root - INFO - Loading chromosome sizes from '211227-2-sim/g17_sizes.tsv'...
2022-01-04 21:20:21,175 - root - INFO - Number of reference intervals: 500 (500 before merging)
2022-01-04 21:20:21,177 - root - INFO - Number of query intervals: 50 (50 before merging)
2022-01-04 21:20:21,178 - root - INFO - Number of chromosomes: 1
2022-01-04 21:20:21,180 - root - INFO - Overlap count: 29
2022-01-04 21:20:21,181 - root - DEBUG - Started computing sf for chromosome 'chr1'...
2022-01-04 21:20:21,183 - root - DEBUG - m=500, n=50
2022-01-04 21:20:21,350 - root - DEBUG - Processing 10-th line out of 500 rows of DP table...
2022-01-04 21:20:21,516 - root - DEBUG - Processing 20-th line out of 500 rows of DP table...
2022-01-04 21:20:21,680 - root - DEBUG - Processing 30-th line out of 500 rows of DP table...
2022-01-04 21:20:21,845 - root - DEBUG - Processing 40-th line out of 500 rows of DP table...
2022-01-04 21:20:22,004 - root - DEBUG - Processing 50-th line out of 500 rows of DP table...
2022-01-04 21:20:22,159 - root - DEBUG - Processing 60-th line out of 500 rows of DP table...
2022-01-04 21:20:22,309 - root - DEBUG - Processing 70-th line out of 500 rows of DP table...
2022-01-04 21:20:22,457 - root - DEBUG - Processing 80-th line out of 500 rows of DP table...
2022-01-04 21:20:22,602 - root - DEBUG - Processing 90-th line out of 500 rows of DP table...
2022-01-04 21:20:22,742 - root - DEBUG - Processing 100-th line out of 500 rows of DP table...
2022-01-04 21:20:22,885 - root - DEBUG - Processing 110-th line out of 500 rows of DP table...
2022-01-04 21:20:23,020 - root - DEBUG - Processing 120-th line out of 500 rows of DP table...
2022-01-04 21:20:23,155 - root - DEBUG - Processing 130-th line out of 500 rows of DP table...
2022-01-04 21:20:23,312 - root - DEBUG - Processing 140-th line out of 500 rows of DP table...
2022-01-04 21:20:23,536 - root - DEBUG - Processing 150-th line out of 500 rows of DP table...
2022-01-04 21:20:23,673 - root - DEBUG - Processing 160-th line out of 500 rows of DP table...
2022-01-04 21:20:23,792 - root - DEBUG - Processing 170-th line out of 500 rows of DP table...
2022-01-04 21:20:23,907 - root - DEBUG - Processing 180-th line out of 500 rows of DP table...
2022-01-04 21:20:24,040 - root - DEBUG - Processing 190-th line out of 500 rows of DP table...
2022-01-04 21:20:24,150 - root - DEBUG - Processing 200-th line out of 500 rows of DP table...
2022-01-04 21:20:24,255 - root - DEBUG - Processing 210-th line out of 500 rows of DP table...
2022-01-04 21:20:24,356 - root - DEBUG - Processing 220-th line out of 500 rows of DP table...
2022-01-04 21:20:24,454 - root - DEBUG - Processing 230-th line out of 500 rows of DP table...
2022-01-04 21:20:24,548 - root - DEBUG - Processing 240-th line out of 500 rows of DP table...
2022-01-04 21:20:24,638 - root - DEBUG - Processing 250-th line out of 500 rows of DP table...
2022-01-04 21:20:24,726 - root - DEBUG - Processing 260-th line out of 500 rows of DP table...
2022-01-04 21:20:24,821 - root - DEBUG - Processing 270-th line out of 500 rows of DP table...
2022-01-04 21:20:24,903 - root - DEBUG - Processing 280-th line out of 500 rows of DP table...
2022-01-04 21:20:24,980 - root - DEBUG - Processing 290-th line out of 500 rows of DP table...
2022-01-04 21:20:25,053 - root - DEBUG - Processing 300-th line out of 500 rows of DP table...
2022-01-04 21:20:25,124 - root - DEBUG - Processing 310-th line out of 500 rows of DP table...
2022-01-04 21:20:25,193 - root - DEBUG - Processing 320-th line out of 500 rows of DP table...
2022-01-04 21:20:25,257 - root - DEBUG - Processing 330-th line out of 500 rows of DP table...
2022-01-04 21:20:25,317 - root - DEBUG - Processing 340-th line out of 500 rows of DP table...
2022-01-04 21:20:25,373 - root - DEBUG - Processing 350-th line out of 500 rows of DP table...
2022-01-04 21:20:25,426 - root - DEBUG - Processing 360-th line out of 500 rows of DP table...
2022-01-04 21:20:25,476 - root - DEBUG - Processing 370-th line out of 500 rows of DP table...
2022-01-04 21:20:25,522 - root - DEBUG - Processing 380-th line out of 500 rows of DP table...
2022-01-04 21:20:25,565 - root - DEBUG - Processing 390-th line out of 500 rows of DP table...
2022-01-04 21:20:25,604 - root - DEBUG - Processing 400-th line out of 500 rows of DP table...
2022-01-04 21:20:25,640 - root - DEBUG - Processing 410-th line out of 500 rows of DP table...
2022-01-04 21:20:25,672 - root - DEBUG - Processing 420-th line out of 500 rows of DP table...
2022-01-04 21:20:25,701 - root - DEBUG - Processing 430-th line out of 500 rows of DP table...
2022-01-04 21:20:25,727 - root - DEBUG - Processing 440-th line out of 500 rows of DP table...
2022-01-04 21:20:25,749 - root - DEBUG - Processing 450-th line out of 500 rows of DP table...
2022-01-04 21:20:25,768 - root - DEBUG - Processing 460-th line out of 500 rows of DP table...
2022-01-04 21:20:25,784 - root - DEBUG - Processing 470-th line out of 500 rows of DP table...
2022-01-04 21:20:25,796 - root - DEBUG - Processing 480-th line out of 500 rows of DP table...
2022-01-04 21:20:25,804 - root - DEBUG - Processing 490-th line out of 500 rows of DP table...
2022-01-04 21:20:25,810 - root - DEBUG - Processing 500-th line out of 500 rows of DP table...
2022-01-04 21:20:25,814 - root - DEBUG - Started computing joint logprobs...
