2022-01-04 00:57:45,049 - root - INFO - Loading reference interval set from '211227-2-sim/g17_7.ref.tsv'...
2022-01-04 00:57:45,050 - root - INFO - Loading query interval set from '211227-2-sim/g17_7.query.tsv'...
2022-01-04 00:57:45,052 - root - INFO - Loading chromosome sizes from '211227-2-sim/g17_sizes.tsv'...
2022-01-04 00:57:45,053 - root - INFO - Number of reference intervals: 500 (500 before merging)
2022-01-04 00:57:45,054 - root - INFO - Number of query intervals: 50 (50 before merging)
2022-01-04 00:57:45,055 - root - INFO - Number of chromosomes: 1
2022-01-04 00:57:45,056 - root - INFO - Overlap count: 23
2022-01-04 00:57:45,057 - root - DEBUG - Started computing sf for chromosome 'chr1'...
2022-01-04 00:57:45,057 - root - DEBUG - m=500, n=50
2022-01-04 00:57:45,221 - root - DEBUG - Processing 10-th line out of 500 rows of DP table...
2022-01-04 00:57:45,396 - root - DEBUG - Processing 20-th line out of 500 rows of DP table...
2022-01-04 00:57:45,559 - root - DEBUG - Processing 30-th line out of 500 rows of DP table...
2022-01-04 00:57:45,717 - root - DEBUG - Processing 40-th line out of 500 rows of DP table...
2022-01-04 00:57:45,873 - root - DEBUG - Processing 50-th line out of 500 rows of DP table...
2022-01-04 00:57:46,024 - root - DEBUG - Processing 60-th line out of 500 rows of DP table...
2022-01-04 00:57:46,175 - root - DEBUG - Processing 70-th line out of 500 rows of DP table...
2022-01-04 00:57:46,320 - root - DEBUG - Processing 80-th line out of 500 rows of DP table...
2022-01-04 00:57:46,481 - root - DEBUG - Processing 90-th line out of 500 rows of DP table...
2022-01-04 00:57:46,619 - root - DEBUG - Processing 100-th line out of 500 rows of DP table...
2022-01-04 00:57:46,754 - root - DEBUG - Processing 110-th line out of 500 rows of DP table...
2022-01-04 00:57:46,887 - root - DEBUG - Processing 120-th line out of 500 rows of DP table...
2022-01-04 00:57:47,099 - root - DEBUG - Processing 130-th line out of 500 rows of DP table...
2022-01-04 00:57:47,298 - root - DEBUG - Processing 140-th line out of 500 rows of DP table...
2022-01-04 00:57:47,421 - root - DEBUG - Processing 150-th line out of 500 rows of DP table...
2022-01-04 00:57:47,540 - root - DEBUG - Processing 160-th line out of 500 rows of DP table...
2022-01-04 00:57:47,657 - root - DEBUG - Processing 170-th line out of 500 rows of DP table...
2022-01-04 00:57:47,769 - root - DEBUG - Processing 180-th line out of 500 rows of DP table...
2022-01-04 00:57:47,878 - root - DEBUG - Processing 190-th line out of 500 rows of DP table...
2022-01-04 00:57:47,984 - root - DEBUG - Processing 200-th line out of 500 rows of DP table...
2022-01-04 00:57:48,087 - root - DEBUG - Processing 210-th line out of 500 rows of DP table...
2022-01-04 00:57:48,187 - root - DEBUG - Processing 220-th line out of 500 rows of DP table...
2022-01-04 00:57:48,283 - root - DEBUG - Processing 230-th line out of 500 rows of DP table...
2022-01-04 00:57:48,375 - root - DEBUG - Processing 240-th line out of 500 rows of DP table...
2022-01-04 00:57:48,478 - root - DEBUG - Processing 250-th line out of 500 rows of DP table...
2022-01-04 00:57:48,571 - root - DEBUG - Processing 260-th line out of 500 rows of DP table...
2022-01-04 00:57:48,652 - root - DEBUG - Processing 270-th line out of 500 rows of DP table...
2022-01-04 00:57:48,730 - root - DEBUG - Processing 280-th line out of 500 rows of DP table...
2022-01-04 00:57:48,806 - root - DEBUG - Processing 290-th line out of 500 rows of DP table...
2022-01-04 00:57:48,877 - root - DEBUG - Processing 300-th line out of 500 rows of DP table...
2022-01-04 00:57:48,945 - root - DEBUG - Processing 310-th line out of 500 rows of DP table...
2022-01-04 00:57:49,010 - root - DEBUG - Processing 320-th line out of 500 rows of DP table...
2022-01-04 00:57:49,073 - root - DEBUG - Processing 330-th line out of 500 rows of DP table...
2022-01-04 00:57:49,132 - root - DEBUG - Processing 340-th line out of 500 rows of DP table...
2022-01-04 00:57:49,190 - root - DEBUG - Processing 350-th line out of 500 rows of DP table...
2022-01-04 00:57:49,249 - root - DEBUG - Processing 360-th line out of 500 rows of DP table...
2022-01-04 00:57:49,298 - root - DEBUG - Processing 370-th line out of 500 rows of DP table...
2022-01-04 00:57:49,349 - root - DEBUG - Processing 380-th line out of 500 rows of DP table...
2022-01-04 00:57:49,411 - root - DEBUG - Processing 390-th line out of 500 rows of DP table...
2022-01-04 00:57:49,450 - root - DEBUG - Processing 400-th line out of 500 rows of DP table...
2022-01-04 00:57:49,487 - root - DEBUG - Processing 410-th line out of 500 rows of DP table...
2022-01-04 00:57:49,519 - root - DEBUG - Processing 420-th line out of 500 rows of DP table...
2022-01-04 00:57:49,548 - root - DEBUG - Processing 430-th line out of 500 rows of DP table...
2022-01-04 00:57:49,574 - root - DEBUG - Processing 440-th line out of 500 rows of DP table...
2022-01-04 00:57:49,598 - root - DEBUG - Processing 450-th line out of 500 rows of DP table...
2022-01-04 00:57:49,630 - root - DEBUG - Processing 460-th line out of 500 rows of DP table...
2022-01-04 00:57:49,651 - root - DEBUG - Processing 470-th line out of 500 rows of DP table...
2022-01-04 00:57:49,663 - root - DEBUG - Processing 480-th line out of 500 rows of DP table...
2022-01-04 00:57:49,671 - root - DEBUG - Processing 490-th line out of 500 rows of DP table...
2022-01-04 00:57:49,677 - root - DEBUG - Processing 500-th line out of 500 rows of DP table...
2022-01-04 00:57:49,680 - root - DEBUG - Started computing joint logprobs...
