2022-01-04 21:36:46,120 - root - INFO - Loading reference interval set from '211227-2-sim/g17_1.ref.tsv'...
2022-01-04 21:36:46,123 - root - INFO - Loading query interval set from '211227-2-sim/g17_1.query.tsv'...
2022-01-04 21:36:46,141 - root - INFO - Loading chromosome sizes from '211227-2-sim/g17_sizes.tsv'...
2022-01-04 21:36:46,143 - root - INFO - Number of reference intervals: 500 (500 before merging)
2022-01-04 21:36:46,143 - root - INFO - Number of query intervals: 50 (50 before merging)
2022-01-04 21:36:46,144 - root - INFO - Number of chromosomes: 1
2022-01-04 21:36:46,145 - root - INFO - Overlap count: 28
2022-01-04 21:36:46,146 - root - DEBUG - Started computing sf for chromosome 'chr1'...
2022-01-04 21:36:46,147 - root - DEBUG - m=500, n=50
2022-01-04 21:36:46,310 - root - DEBUG - Processing 10-th line out of 500 rows of DP table...
2022-01-04 21:36:46,475 - root - DEBUG - Processing 20-th line out of 500 rows of DP table...
2022-01-04 21:36:46,639 - root - DEBUG - Processing 30-th line out of 500 rows of DP table...
2022-01-04 21:36:46,799 - root - DEBUG - Processing 40-th line out of 500 rows of DP table...
2022-01-04 21:36:46,956 - root - DEBUG - Processing 50-th line out of 500 rows of DP table...
2022-01-04 21:36:47,110 - root - DEBUG - Processing 60-th line out of 500 rows of DP table...
2022-01-04 21:36:47,259 - root - DEBUG - Processing 70-th line out of 500 rows of DP table...
2022-01-04 21:36:47,407 - root - DEBUG - Processing 80-th line out of 500 rows of DP table...
2022-01-04 21:36:47,550 - root - DEBUG - Processing 90-th line out of 500 rows of DP table...
2022-01-04 21:36:47,690 - root - DEBUG - Processing 100-th line out of 500 rows of DP table...
2022-01-04 21:36:47,827 - root - DEBUG - Processing 110-th line out of 500 rows of DP table...
2022-01-04 21:36:47,960 - root - DEBUG - Processing 120-th line out of 500 rows of DP table...
2022-01-04 21:36:48,091 - root - DEBUG - Processing 130-th line out of 500 rows of DP table...
2022-01-04 21:36:48,225 - root - DEBUG - Processing 140-th line out of 500 rows of DP table...
2022-01-04 21:36:48,348 - root - DEBUG - Processing 150-th line out of 500 rows of DP table...
2022-01-04 21:36:48,468 - root - DEBUG - Processing 160-th line out of 500 rows of DP table...
2022-01-04 21:36:48,585 - root - DEBUG - Processing 170-th line out of 500 rows of DP table...
2022-01-04 21:36:48,697 - root - DEBUG - Processing 180-th line out of 500 rows of DP table...
2022-01-04 21:36:48,808 - root - DEBUG - Processing 190-th line out of 500 rows of DP table...
2022-01-04 21:36:48,915 - root - DEBUG - Processing 200-th line out of 500 rows of DP table...
2022-01-04 21:36:49,018 - root - DEBUG - Processing 210-th line out of 500 rows of DP table...
2022-01-04 21:36:49,118 - root - DEBUG - Processing 220-th line out of 500 rows of DP table...
2022-01-04 21:36:49,214 - root - DEBUG - Processing 230-th line out of 500 rows of DP table...
2022-01-04 21:36:49,307 - root - DEBUG - Processing 240-th line out of 500 rows of DP table...
2022-01-04 21:36:49,408 - root - DEBUG - Processing 250-th line out of 500 rows of DP table...
2022-01-04 21:36:49,496 - root - DEBUG - Processing 260-th line out of 500 rows of DP table...
2022-01-04 21:36:49,579 - root - DEBUG - Processing 270-th line out of 500 rows of DP table...
2022-01-04 21:36:49,659 - root - DEBUG - Processing 280-th line out of 500 rows of DP table...
2022-01-04 21:36:49,735 - root - DEBUG - Processing 290-th line out of 500 rows of DP table...
2022-01-04 21:36:49,809 - root - DEBUG - Processing 300-th line out of 500 rows of DP table...
2022-01-04 21:36:49,879 - root - DEBUG - Processing 310-th line out of 500 rows of DP table...
2022-01-04 21:36:49,945 - root - DEBUG - Processing 320-th line out of 500 rows of DP table...
2022-01-04 21:36:50,008 - root - DEBUG - Processing 330-th line out of 500 rows of DP table...
2022-01-04 21:36:50,068 - root - DEBUG - Processing 340-th line out of 500 rows of DP table...
2022-01-04 21:36:50,125 - root - DEBUG - Processing 350-th line out of 500 rows of DP table...
2022-01-04 21:36:50,178 - root - DEBUG - Processing 360-th line out of 500 rows of DP table...
2022-01-04 21:36:50,228 - root - DEBUG - Processing 370-th line out of 500 rows of DP table...
2022-01-04 21:36:50,275 - root - DEBUG - Processing 380-th line out of 500 rows of DP table...
2022-01-04 21:36:50,318 - root - DEBUG - Processing 390-th line out of 500 rows of DP table...
2022-01-04 21:36:50,358 - root - DEBUG - Processing 400-th line out of 500 rows of DP table...
2022-01-04 21:36:50,394 - root - DEBUG - Processing 410-th line out of 500 rows of DP table...
2022-01-04 21:36:50,427 - root - DEBUG - Processing 420-th line out of 500 rows of DP table...
2022-01-04 21:36:50,456 - root - DEBUG - Processing 430-th line out of 500 rows of DP table...
2022-01-04 21:36:50,482 - root - DEBUG - Processing 440-th line out of 500 rows of DP table...
2022-01-04 21:36:50,505 - root - DEBUG - Processing 450-th line out of 500 rows of DP table...
2022-01-04 21:36:50,524 - root - DEBUG - Processing 460-th line out of 500 rows of DP table...
2022-01-04 21:36:50,540 - root - DEBUG - Processing 470-th line out of 500 rows of DP table...
2022-01-04 21:36:50,553 - root - DEBUG - Processing 480-th line out of 500 rows of DP table...
2022-01-04 21:36:50,562 - root - DEBUG - Processing 490-th line out of 500 rows of DP table...
2022-01-04 21:36:50,567 - root - DEBUG - Processing 500-th line out of 500 rows of DP table...
2022-01-04 21:36:50,572 - root - DEBUG - Started computing joint logprobs...
