2022-01-04 21:26:10,181 - root - INFO - Loading reference interval set from '211227-2-sim/g17_2.ref.tsv'...
2022-01-04 21:26:10,202 - root - INFO - Loading query interval set from '211227-2-sim/g17_2.query.tsv'...
2022-01-04 21:26:10,236 - root - INFO - Loading chromosome sizes from '211227-2-sim/g17_sizes.tsv'...
2022-01-04 21:26:10,239 - root - INFO - Number of reference intervals: 500 (500 before merging)
2022-01-04 21:26:10,240 - root - INFO - Number of query intervals: 50 (50 before merging)
2022-01-04 21:26:10,241 - root - INFO - Number of chromosomes: 1
2022-01-04 21:26:10,243 - root - INFO - Overlap count: 25
2022-01-04 21:26:10,244 - root - DEBUG - Started computing sf for chromosome 'chr1'...
2022-01-04 21:26:10,245 - root - DEBUG - m=500, n=50
2022-01-04 21:26:10,506 - root - DEBUG - Processing 10-th line out of 500 rows of DP table...
2022-01-04 21:26:10,675 - root - DEBUG - Processing 20-th line out of 500 rows of DP table...
2022-01-04 21:26:10,856 - root - DEBUG - Processing 30-th line out of 500 rows of DP table...
2022-01-04 21:26:11,042 - root - DEBUG - Processing 40-th line out of 500 rows of DP table...
2022-01-04 21:26:11,200 - root - DEBUG - Processing 50-th line out of 500 rows of DP table...
2022-01-04 21:26:11,354 - root - DEBUG - Processing 60-th line out of 500 rows of DP table...
2022-01-04 21:26:11,559 - root - DEBUG - Processing 70-th line out of 500 rows of DP table...
2022-01-04 21:26:11,708 - root - DEBUG - Processing 80-th line out of 500 rows of DP table...
2022-01-04 21:26:11,853 - root - DEBUG - Processing 90-th line out of 500 rows of DP table...
2022-01-04 21:26:12,016 - root - DEBUG - Processing 100-th line out of 500 rows of DP table...
2022-01-04 21:26:12,155 - root - DEBUG - Processing 110-th line out of 500 rows of DP table...
2022-01-04 21:26:12,290 - root - DEBUG - Processing 120-th line out of 500 rows of DP table...
2022-01-04 21:26:12,421 - root - DEBUG - Processing 130-th line out of 500 rows of DP table...
2022-01-04 21:26:12,550 - root - DEBUG - Processing 140-th line out of 500 rows of DP table...
2022-01-04 21:26:12,676 - root - DEBUG - Processing 150-th line out of 500 rows of DP table...
2022-01-04 21:26:12,797 - root - DEBUG - Processing 160-th line out of 500 rows of DP table...
2022-01-04 21:26:12,915 - root - DEBUG - Processing 170-th line out of 500 rows of DP table...
2022-01-04 21:26:13,060 - root - DEBUG - Processing 180-th line out of 500 rows of DP table...
2022-01-04 21:26:13,172 - root - DEBUG - Processing 190-th line out of 500 rows of DP table...
2022-01-04 21:26:13,279 - root - DEBUG - Processing 200-th line out of 500 rows of DP table...
2022-01-04 21:26:13,383 - root - DEBUG - Processing 210-th line out of 500 rows of DP table...
2022-01-04 21:26:13,485 - root - DEBUG - Processing 220-th line out of 500 rows of DP table...
2022-01-04 21:26:13,587 - root - DEBUG - Processing 230-th line out of 500 rows of DP table...
2022-01-04 21:26:13,681 - root - DEBUG - Processing 240-th line out of 500 rows of DP table...
2022-01-04 21:26:13,771 - root - DEBUG - Processing 250-th line out of 500 rows of DP table...
2022-01-04 21:26:13,858 - root - DEBUG - Processing 260-th line out of 500 rows of DP table...
2022-01-04 21:26:13,942 - root - DEBUG - Processing 270-th line out of 500 rows of DP table...
2022-01-04 21:26:14,023 - root - DEBUG - Processing 280-th line out of 500 rows of DP table...
2022-01-04 21:26:14,120 - root - DEBUG - Processing 290-th line out of 500 rows of DP table...
2022-01-04 21:26:14,194 - root - DEBUG - Processing 300-th line out of 500 rows of DP table...
2022-01-04 21:26:14,265 - root - DEBUG - Processing 310-th line out of 500 rows of DP table...
2022-01-04 21:26:14,335 - root - DEBUG - Processing 320-th line out of 500 rows of DP table...
2022-01-04 21:26:14,398 - root - DEBUG - Processing 330-th line out of 500 rows of DP table...
2022-01-04 21:26:14,458 - root - DEBUG - Processing 340-th line out of 500 rows of DP table...
2022-01-04 21:26:14,515 - root - DEBUG - Processing 350-th line out of 500 rows of DP table...
2022-01-04 21:26:14,568 - root - DEBUG - Processing 360-th line out of 500 rows of DP table...
2022-01-04 21:26:14,618 - root - DEBUG - Processing 370-th line out of 500 rows of DP table...
2022-01-04 21:26:14,665 - root - DEBUG - Processing 380-th line out of 500 rows of DP table...
2022-01-04 21:26:14,707 - root - DEBUG - Processing 390-th line out of 500 rows of DP table...
2022-01-04 21:26:14,747 - root - DEBUG - Processing 400-th line out of 500 rows of DP table...
2022-01-04 21:26:14,783 - root - DEBUG - Processing 410-th line out of 500 rows of DP table...
2022-01-04 21:26:14,815 - root - DEBUG - Processing 420-th line out of 500 rows of DP table...
2022-01-04 21:26:14,844 - root - DEBUG - Processing 430-th line out of 500 rows of DP table...
2022-01-04 21:26:14,869 - root - DEBUG - Processing 440-th line out of 500 rows of DP table...
2022-01-04 21:26:14,891 - root - DEBUG - Processing 450-th line out of 500 rows of DP table...
2022-01-04 21:26:14,910 - root - DEBUG - Processing 460-th line out of 500 rows of DP table...
2022-01-04 21:26:14,925 - root - DEBUG - Processing 470-th line out of 500 rows of DP table...
2022-01-04 21:26:14,937 - root - DEBUG - Processing 480-th line out of 500 rows of DP table...
2022-01-04 21:26:14,946 - root - DEBUG - Processing 490-th line out of 500 rows of DP table...
2022-01-04 21:26:14,951 - root - DEBUG - Processing 500-th line out of 500 rows of DP table...
2022-01-04 21:26:14,956 - root - DEBUG - Started computing joint logprobs...
