2022-01-04 20:49:00,291 - root - INFO - Loading reference interval set from '211227-2-sim/g17_8.ref.tsv'...
2022-01-04 20:49:00,308 - root - INFO - Loading query interval set from '211227-2-sim/g17_8.query.tsv'...
2022-01-04 20:49:00,323 - root - INFO - Loading chromosome sizes from '211227-2-sim/g17_sizes.tsv'...
2022-01-04 20:49:00,326 - root - INFO - Number of reference intervals: 500 (500 before merging)
2022-01-04 20:49:00,327 - root - INFO - Number of query intervals: 50 (50 before merging)
2022-01-04 20:49:00,328 - root - INFO - Number of chromosomes: 1
2022-01-04 20:49:00,331 - root - INFO - Overlap count: 29
2022-01-04 20:49:00,332 - root - DEBUG - Started computing sf for chromosome 'chr1'...
2022-01-04 20:49:00,334 - root - DEBUG - m=500, n=50
2022-01-04 20:49:00,500 - root - DEBUG - Processing 10-th line out of 500 rows of DP table...
2022-01-04 20:49:00,673 - root - DEBUG - Processing 20-th line out of 500 rows of DP table...
2022-01-04 20:49:00,841 - root - DEBUG - Processing 30-th line out of 500 rows of DP table...
2022-01-04 20:49:01,002 - root - DEBUG - Processing 40-th line out of 500 rows of DP table...
2022-01-04 20:49:01,164 - root - DEBUG - Processing 50-th line out of 500 rows of DP table...
2022-01-04 20:49:01,319 - root - DEBUG - Processing 60-th line out of 500 rows of DP table...
2022-01-04 20:49:01,471 - root - DEBUG - Processing 70-th line out of 500 rows of DP table...
2022-01-04 20:49:01,619 - root - DEBUG - Processing 80-th line out of 500 rows of DP table...
2022-01-04 20:49:01,767 - root - DEBUG - Processing 90-th line out of 500 rows of DP table...
2022-01-04 20:49:01,909 - root - DEBUG - Processing 100-th line out of 500 rows of DP table...
2022-01-04 20:49:02,047 - root - DEBUG - Processing 110-th line out of 500 rows of DP table...
2022-01-04 20:49:02,180 - root - DEBUG - Processing 120-th line out of 500 rows of DP table...
2022-01-04 20:49:02,310 - root - DEBUG - Processing 130-th line out of 500 rows of DP table...
2022-01-04 20:49:02,437 - root - DEBUG - Processing 140-th line out of 500 rows of DP table...
2022-01-04 20:49:02,561 - root - DEBUG - Processing 150-th line out of 500 rows of DP table...
2022-01-04 20:49:02,683 - root - DEBUG - Processing 160-th line out of 500 rows of DP table...
2022-01-04 20:49:02,801 - root - DEBUG - Processing 170-th line out of 500 rows of DP table...
2022-01-04 20:49:02,919 - root - DEBUG - Processing 180-th line out of 500 rows of DP table...
2022-01-04 20:49:03,033 - root - DEBUG - Processing 190-th line out of 500 rows of DP table...
2022-01-04 20:49:03,141 - root - DEBUG - Processing 200-th line out of 500 rows of DP table...
2022-01-04 20:49:03,245 - root - DEBUG - Processing 210-th line out of 500 rows of DP table...
2022-01-04 20:49:03,345 - root - DEBUG - Processing 220-th line out of 500 rows of DP table...
2022-01-04 20:49:03,443 - root - DEBUG - Processing 230-th line out of 500 rows of DP table...
2022-01-04 20:49:03,537 - root - DEBUG - Processing 240-th line out of 500 rows of DP table...
2022-01-04 20:49:03,627 - root - DEBUG - Processing 250-th line out of 500 rows of DP table...
2022-01-04 20:49:03,714 - root - DEBUG - Processing 260-th line out of 500 rows of DP table...
2022-01-04 20:49:03,797 - root - DEBUG - Processing 270-th line out of 500 rows of DP table...
2022-01-04 20:49:03,878 - root - DEBUG - Processing 280-th line out of 500 rows of DP table...
2022-01-04 20:49:03,955 - root - DEBUG - Processing 290-th line out of 500 rows of DP table...
2022-01-04 20:49:04,029 - root - DEBUG - Processing 300-th line out of 500 rows of DP table...
2022-01-04 20:49:04,104 - root - DEBUG - Processing 310-th line out of 500 rows of DP table...
2022-01-04 20:49:04,172 - root - DEBUG - Processing 320-th line out of 500 rows of DP table...
2022-01-04 20:49:04,237 - root - DEBUG - Processing 330-th line out of 500 rows of DP table...
2022-01-04 20:49:04,297 - root - DEBUG - Processing 340-th line out of 500 rows of DP table...
2022-01-04 20:49:04,354 - root - DEBUG - Processing 350-th line out of 500 rows of DP table...
2022-01-04 20:49:04,407 - root - DEBUG - Processing 360-th line out of 500 rows of DP table...
2022-01-04 20:49:04,457 - root - DEBUG - Processing 370-th line out of 500 rows of DP table...
2022-01-04 20:49:04,503 - root - DEBUG - Processing 380-th line out of 500 rows of DP table...
2022-01-04 20:49:04,551 - root - DEBUG - Processing 390-th line out of 500 rows of DP table...
2022-01-04 20:49:04,594 - root - DEBUG - Processing 400-th line out of 500 rows of DP table...
2022-01-04 20:49:04,634 - root - DEBUG - Processing 410-th line out of 500 rows of DP table...
2022-01-04 20:49:04,669 - root - DEBUG - Processing 420-th line out of 500 rows of DP table...
2022-01-04 20:49:04,701 - root - DEBUG - Processing 430-th line out of 500 rows of DP table...
2022-01-04 20:49:04,728 - root - DEBUG - Processing 440-th line out of 500 rows of DP table...
2022-01-04 20:49:04,750 - root - DEBUG - Processing 450-th line out of 500 rows of DP table...
2022-01-04 20:49:04,769 - root - DEBUG - Processing 460-th line out of 500 rows of DP table...
2022-01-04 20:49:04,800 - root - DEBUG - Processing 470-th line out of 500 rows of DP table...
2022-01-04 20:49:04,823 - root - DEBUG - Processing 480-th line out of 500 rows of DP table...
2022-01-04 20:49:04,840 - root - DEBUG - Processing 490-th line out of 500 rows of DP table...
2022-01-04 20:49:04,851 - root - DEBUG - Processing 500-th line out of 500 rows of DP table...
2022-01-04 20:49:04,858 - root - DEBUG - Started computing joint logprobs...
