2022-01-04 21:49:50,543 - root - INFO - Loading reference interval set from '211227-2-sim/g17_0.ref.tsv'...
2022-01-04 21:49:50,545 - root - INFO - Loading query interval set from '211227-2-sim/g17_0.query.tsv'...
2022-01-04 21:49:50,552 - root - INFO - Loading chromosome sizes from '211227-2-sim/g17_sizes.tsv'...
2022-01-04 21:49:50,553 - root - INFO - Number of reference intervals: 500 (500 before merging)
2022-01-04 21:49:50,554 - root - INFO - Number of query intervals: 50 (50 before merging)
2022-01-04 21:49:50,555 - root - INFO - Number of chromosomes: 1
2022-01-04 21:49:50,556 - root - INFO - Overlap count: 26
2022-01-04 21:49:50,557 - root - DEBUG - Started computing sf for chromosome 'chr1'...
2022-01-04 21:49:50,557 - root - DEBUG - m=500, n=50
2022-01-04 21:49:50,717 - root - DEBUG - Processing 10-th line out of 500 rows of DP table...
2022-01-04 21:49:50,883 - root - DEBUG - Processing 20-th line out of 500 rows of DP table...
2022-01-04 21:49:51,041 - root - DEBUG - Processing 30-th line out of 500 rows of DP table...
2022-01-04 21:49:51,199 - root - DEBUG - Processing 40-th line out of 500 rows of DP table...
2022-01-04 21:49:51,352 - root - DEBUG - Processing 50-th line out of 500 rows of DP table...
2022-01-04 21:49:51,502 - root - DEBUG - Processing 60-th line out of 500 rows of DP table...
2022-01-04 21:49:51,650 - root - DEBUG - Processing 70-th line out of 500 rows of DP table...
2022-01-04 21:49:51,794 - root - DEBUG - Processing 80-th line out of 500 rows of DP table...
2022-01-04 21:49:51,934 - root - DEBUG - Processing 90-th line out of 500 rows of DP table...
2022-01-04 21:49:52,072 - root - DEBUG - Processing 100-th line out of 500 rows of DP table...
2022-01-04 21:49:52,207 - root - DEBUG - Processing 110-th line out of 500 rows of DP table...
2022-01-04 21:49:52,338 - root - DEBUG - Processing 120-th line out of 500 rows of DP table...
2022-01-04 21:49:52,464 - root - DEBUG - Processing 130-th line out of 500 rows of DP table...
2022-01-04 21:49:52,589 - root - DEBUG - Processing 140-th line out of 500 rows of DP table...
2022-01-04 21:49:52,716 - root - DEBUG - Processing 150-th line out of 500 rows of DP table...
2022-01-04 21:49:52,833 - root - DEBUG - Processing 160-th line out of 500 rows of DP table...
2022-01-04 21:49:52,949 - root - DEBUG - Processing 170-th line out of 500 rows of DP table...
2022-01-04 21:49:53,060 - root - DEBUG - Processing 180-th line out of 500 rows of DP table...
2022-01-04 21:49:53,168 - root - DEBUG - Processing 190-th line out of 500 rows of DP table...
2022-01-04 21:49:53,273 - root - DEBUG - Processing 200-th line out of 500 rows of DP table...
2022-01-04 21:49:53,374 - root - DEBUG - Processing 210-th line out of 500 rows of DP table...
2022-01-04 21:49:53,473 - root - DEBUG - Processing 220-th line out of 500 rows of DP table...
2022-01-04 21:49:53,574 - root - DEBUG - Processing 230-th line out of 500 rows of DP table...
2022-01-04 21:49:53,667 - root - DEBUG - Processing 240-th line out of 500 rows of DP table...
2022-01-04 21:49:53,756 - root - DEBUG - Processing 250-th line out of 500 rows of DP table...
2022-01-04 21:49:53,843 - root - DEBUG - Processing 260-th line out of 500 rows of DP table...
2022-01-04 21:49:53,925 - root - DEBUG - Processing 270-th line out of 500 rows of DP table...
2022-01-04 21:49:54,003 - root - DEBUG - Processing 280-th line out of 500 rows of DP table...
2022-01-04 21:49:54,078 - root - DEBUG - Processing 290-th line out of 500 rows of DP table...
2022-01-04 21:49:54,150 - root - DEBUG - Processing 300-th line out of 500 rows of DP table...
2022-01-04 21:49:54,220 - root - DEBUG - Processing 310-th line out of 500 rows of DP table...
2022-01-04 21:49:54,286 - root - DEBUG - Processing 320-th line out of 500 rows of DP table...
2022-01-04 21:49:54,348 - root - DEBUG - Processing 330-th line out of 500 rows of DP table...
2022-01-04 21:49:54,407 - root - DEBUG - Processing 340-th line out of 500 rows of DP table...
2022-01-04 21:49:54,463 - root - DEBUG - Processing 350-th line out of 500 rows of DP table...
2022-01-04 21:49:54,516 - root - DEBUG - Processing 360-th line out of 500 rows of DP table...
2022-01-04 21:49:54,565 - root - DEBUG - Processing 370-th line out of 500 rows of DP table...
2022-01-04 21:49:54,611 - root - DEBUG - Processing 380-th line out of 500 rows of DP table...
2022-01-04 21:49:54,654 - root - DEBUG - Processing 390-th line out of 500 rows of DP table...
2022-01-04 21:49:54,694 - root - DEBUG - Processing 400-th line out of 500 rows of DP table...
2022-01-04 21:49:54,730 - root - DEBUG - Processing 410-th line out of 500 rows of DP table...
2022-01-04 21:49:54,762 - root - DEBUG - Processing 420-th line out of 500 rows of DP table...
2022-01-04 21:49:54,791 - root - DEBUG - Processing 430-th line out of 500 rows of DP table...
2022-01-04 21:49:54,818 - root - DEBUG - Processing 440-th line out of 500 rows of DP table...
2022-01-04 21:49:54,840 - root - DEBUG - Processing 450-th line out of 500 rows of DP table...
2022-01-04 21:49:54,866 - root - DEBUG - Processing 460-th line out of 500 rows of DP table...
2022-01-04 21:49:54,882 - root - DEBUG - Processing 470-th line out of 500 rows of DP table...
2022-01-04 21:49:54,894 - root - DEBUG - Processing 480-th line out of 500 rows of DP table...
2022-01-04 21:49:54,903 - root - DEBUG - Processing 490-th line out of 500 rows of DP table...
2022-01-04 21:49:54,909 - root - DEBUG - Processing 500-th line out of 500 rows of DP table...
2022-01-04 21:49:54,913 - root - DEBUG - Started computing joint logprobs...
