2022-01-04 21:17:06,642 - root - INFO - Loading reference interval set from '211227-2-sim/g17_4.ref.tsv'...
2022-01-04 21:17:06,694 - root - INFO - Loading query interval set from '211227-2-sim/g17_4.query.tsv'...
2022-01-04 21:17:06,725 - root - INFO - Loading chromosome sizes from '211227-2-sim/g17_sizes.tsv'...
2022-01-04 21:17:06,727 - root - INFO - Number of reference intervals: 500 (500 before merging)
2022-01-04 21:17:06,728 - root - INFO - Number of query intervals: 50 (50 before merging)
2022-01-04 21:17:06,729 - root - INFO - Number of chromosomes: 1
2022-01-04 21:17:06,732 - root - INFO - Overlap count: 27
2022-01-04 21:17:06,733 - root - DEBUG - Started computing sf for chromosome 'chr1'...
2022-01-04 21:17:06,734 - root - DEBUG - m=500, n=50
2022-01-04 21:17:07,001 - root - DEBUG - Processing 10-th line out of 500 rows of DP table...
2022-01-04 21:17:07,287 - root - DEBUG - Processing 20-th line out of 500 rows of DP table...
2022-01-04 21:17:07,450 - root - DEBUG - Processing 30-th line out of 500 rows of DP table...
2022-01-04 21:17:07,610 - root - DEBUG - Processing 40-th line out of 500 rows of DP table...
2022-01-04 21:17:07,767 - root - DEBUG - Processing 50-th line out of 500 rows of DP table...
2022-01-04 21:17:07,920 - root - DEBUG - Processing 60-th line out of 500 rows of DP table...
2022-01-04 21:17:08,070 - root - DEBUG - Processing 70-th line out of 500 rows of DP table...
2022-01-04 21:17:08,218 - root - DEBUG - Processing 80-th line out of 500 rows of DP table...
2022-01-04 21:17:08,374 - root - DEBUG - Processing 90-th line out of 500 rows of DP table...
2022-01-04 21:17:08,516 - root - DEBUG - Processing 100-th line out of 500 rows of DP table...
2022-01-04 21:17:08,653 - root - DEBUG - Processing 110-th line out of 500 rows of DP table...
2022-01-04 21:17:08,785 - root - DEBUG - Processing 120-th line out of 500 rows of DP table...
2022-01-04 21:17:08,914 - root - DEBUG - Processing 130-th line out of 500 rows of DP table...
2022-01-04 21:17:09,041 - root - DEBUG - Processing 140-th line out of 500 rows of DP table...
2022-01-04 21:17:09,164 - root - DEBUG - Processing 150-th line out of 500 rows of DP table...
2022-01-04 21:17:09,284 - root - DEBUG - Processing 160-th line out of 500 rows of DP table...
2022-01-04 21:17:09,400 - root - DEBUG - Processing 170-th line out of 500 rows of DP table...
2022-01-04 21:17:09,513 - root - DEBUG - Processing 180-th line out of 500 rows of DP table...
2022-01-04 21:17:09,623 - root - DEBUG - Processing 190-th line out of 500 rows of DP table...
2022-01-04 21:17:09,730 - root - DEBUG - Processing 200-th line out of 500 rows of DP table...
2022-01-04 21:17:09,832 - root - DEBUG - Processing 210-th line out of 500 rows of DP table...
2022-01-04 21:17:09,932 - root - DEBUG - Processing 220-th line out of 500 rows of DP table...
2022-01-04 21:17:10,028 - root - DEBUG - Processing 230-th line out of 500 rows of DP table...
2022-01-04 21:17:10,121 - root - DEBUG - Processing 240-th line out of 500 rows of DP table...
2022-01-04 21:17:10,211 - root - DEBUG - Processing 250-th line out of 500 rows of DP table...
2022-01-04 21:17:10,297 - root - DEBUG - Processing 260-th line out of 500 rows of DP table...
2022-01-04 21:17:10,379 - root - DEBUG - Processing 270-th line out of 500 rows of DP table...
2022-01-04 21:17:10,458 - root - DEBUG - Processing 280-th line out of 500 rows of DP table...
2022-01-04 21:17:10,534 - root - DEBUG - Processing 290-th line out of 500 rows of DP table...
2022-01-04 21:17:10,612 - root - DEBUG - Processing 300-th line out of 500 rows of DP table...
2022-01-04 21:17:10,681 - root - DEBUG - Processing 310-th line out of 500 rows of DP table...
2022-01-04 21:17:10,747 - root - DEBUG - Processing 320-th line out of 500 rows of DP table...
2022-01-04 21:17:10,809 - root - DEBUG - Processing 330-th line out of 500 rows of DP table...
2022-01-04 21:17:10,867 - root - DEBUG - Processing 340-th line out of 500 rows of DP table...
2022-01-04 21:17:10,923 - root - DEBUG - Processing 350-th line out of 500 rows of DP table...
2022-01-04 21:17:10,976 - root - DEBUG - Processing 360-th line out of 500 rows of DP table...
2022-01-04 21:17:11,025 - root - DEBUG - Processing 370-th line out of 500 rows of DP table...
2022-01-04 21:17:11,071 - root - DEBUG - Processing 380-th line out of 500 rows of DP table...
2022-01-04 21:17:11,113 - root - DEBUG - Processing 390-th line out of 500 rows of DP table...
2022-01-04 21:17:11,152 - root - DEBUG - Processing 400-th line out of 500 rows of DP table...
2022-01-04 21:17:11,188 - root - DEBUG - Processing 410-th line out of 500 rows of DP table...
2022-01-04 21:17:11,220 - root - DEBUG - Processing 420-th line out of 500 rows of DP table...
2022-01-04 21:17:11,249 - root - DEBUG - Processing 430-th line out of 500 rows of DP table...
2022-01-04 21:17:11,274 - root - DEBUG - Processing 440-th line out of 500 rows of DP table...
2022-01-04 21:17:11,297 - root - DEBUG - Processing 450-th line out of 500 rows of DP table...
2022-01-04 21:17:11,316 - root - DEBUG - Processing 460-th line out of 500 rows of DP table...
2022-01-04 21:17:11,331 - root - DEBUG - Processing 470-th line out of 500 rows of DP table...
2022-01-04 21:17:11,343 - root - DEBUG - Processing 480-th line out of 500 rows of DP table...
2022-01-04 21:17:11,352 - root - DEBUG - Processing 490-th line out of 500 rows of DP table...
2022-01-04 21:17:11,357 - root - DEBUG - Processing 500-th line out of 500 rows of DP table...
2022-01-04 21:17:11,363 - root - DEBUG - Started computing joint logprobs...
