2022-01-04 20:47:53,156 - root - INFO - Loading reference interval set from '211227-2-sim/g17_9.ref.tsv'...
2022-01-04 20:47:53,159 - root - INFO - Loading query interval set from '211227-2-sim/g17_9.query.tsv'...
2022-01-04 20:47:53,161 - root - INFO - Loading chromosome sizes from '211227-2-sim/g17_sizes.tsv'...
2022-01-04 20:47:53,162 - root - INFO - Number of reference intervals: 500 (500 before merging)
2022-01-04 20:47:53,163 - root - INFO - Number of query intervals: 50 (50 before merging)
2022-01-04 20:47:53,164 - root - INFO - Number of chromosomes: 1
2022-01-04 20:47:53,165 - root - INFO - Overlap count: 26
2022-01-04 20:47:53,166 - root - DEBUG - Started computing sf for chromosome 'chr1'...
2022-01-04 20:47:53,167 - root - DEBUG - m=500, n=50
2022-01-04 20:47:53,332 - root - DEBUG - Processing 10-th line out of 500 rows of DP table...
2022-01-04 20:47:53,502 - root - DEBUG - Processing 20-th line out of 500 rows of DP table...
2022-01-04 20:47:53,734 - root - DEBUG - Processing 30-th line out of 500 rows of DP table...
2022-01-04 20:47:54,000 - root - DEBUG - Processing 40-th line out of 500 rows of DP table...
2022-01-04 20:47:54,157 - root - DEBUG - Processing 50-th line out of 500 rows of DP table...
2022-01-04 20:47:54,309 - root - DEBUG - Processing 60-th line out of 500 rows of DP table...
2022-01-04 20:47:54,459 - root - DEBUG - Processing 70-th line out of 500 rows of DP table...
2022-01-04 20:47:54,606 - root - DEBUG - Processing 80-th line out of 500 rows of DP table...
2022-01-04 20:47:54,761 - root - DEBUG - Processing 90-th line out of 500 rows of DP table...
2022-01-04 20:47:54,903 - root - DEBUG - Processing 100-th line out of 500 rows of DP table...
2022-01-04 20:47:55,040 - root - DEBUG - Processing 110-th line out of 500 rows of DP table...
2022-01-04 20:47:55,175 - root - DEBUG - Processing 120-th line out of 500 rows of DP table...
2022-01-04 20:47:55,396 - root - DEBUG - Processing 130-th line out of 500 rows of DP table...
2022-01-04 20:47:55,547 - root - DEBUG - Processing 140-th line out of 500 rows of DP table...
2022-01-04 20:47:55,680 - root - DEBUG - Processing 150-th line out of 500 rows of DP table...
2022-01-04 20:47:55,807 - root - DEBUG - Processing 160-th line out of 500 rows of DP table...
2022-01-04 20:47:55,924 - root - DEBUG - Processing 170-th line out of 500 rows of DP table...
2022-01-04 20:47:56,037 - root - DEBUG - Processing 180-th line out of 500 rows of DP table...
2022-01-04 20:47:56,147 - root - DEBUG - Processing 190-th line out of 500 rows of DP table...
2022-01-04 20:47:56,254 - root - DEBUG - Processing 200-th line out of 500 rows of DP table...
2022-01-04 20:47:56,357 - root - DEBUG - Processing 210-th line out of 500 rows of DP table...
2022-01-04 20:47:56,457 - root - DEBUG - Processing 220-th line out of 500 rows of DP table...
2022-01-04 20:47:56,555 - root - DEBUG - Processing 230-th line out of 500 rows of DP table...
2022-01-04 20:47:56,649 - root - DEBUG - Processing 240-th line out of 500 rows of DP table...
2022-01-04 20:47:56,740 - root - DEBUG - Processing 250-th line out of 500 rows of DP table...
2022-01-04 20:47:56,840 - root - DEBUG - Processing 260-th line out of 500 rows of DP table...
2022-01-04 20:47:56,925 - root - DEBUG - Processing 270-th line out of 500 rows of DP table...
2022-01-04 20:47:57,007 - root - DEBUG - Processing 280-th line out of 500 rows of DP table...
2022-01-04 20:47:57,093 - root - DEBUG - Processing 290-th line out of 500 rows of DP table...
2022-01-04 20:47:57,168 - root - DEBUG - Processing 300-th line out of 500 rows of DP table...
2022-01-04 20:47:57,239 - root - DEBUG - Processing 310-th line out of 500 rows of DP table...
2022-01-04 20:47:57,307 - root - DEBUG - Processing 320-th line out of 500 rows of DP table...
2022-01-04 20:47:57,371 - root - DEBUG - Processing 330-th line out of 500 rows of DP table...
2022-01-04 20:47:57,431 - root - DEBUG - Processing 340-th line out of 500 rows of DP table...
2022-01-04 20:47:57,488 - root - DEBUG - Processing 350-th line out of 500 rows of DP table...
2022-01-04 20:47:57,542 - root - DEBUG - Processing 360-th line out of 500 rows of DP table...
2022-01-04 20:47:57,593 - root - DEBUG - Processing 370-th line out of 500 rows of DP table...
2022-01-04 20:47:57,641 - root - DEBUG - Processing 380-th line out of 500 rows of DP table...
2022-01-04 20:47:57,686 - root - DEBUG - Processing 390-th line out of 500 rows of DP table...
2022-01-04 20:47:57,727 - root - DEBUG - Processing 400-th line out of 500 rows of DP table...
2022-01-04 20:47:57,765 - root - DEBUG - Processing 410-th line out of 500 rows of DP table...
2022-01-04 20:47:57,799 - root - DEBUG - Processing 420-th line out of 500 rows of DP table...
2022-01-04 20:47:57,828 - root - DEBUG - Processing 430-th line out of 500 rows of DP table...
2022-01-04 20:47:57,856 - root - DEBUG - Processing 440-th line out of 500 rows of DP table...
2022-01-04 20:47:57,880 - root - DEBUG - Processing 450-th line out of 500 rows of DP table...
2022-01-04 20:47:57,899 - root - DEBUG - Processing 460-th line out of 500 rows of DP table...
2022-01-04 20:47:57,915 - root - DEBUG - Processing 470-th line out of 500 rows of DP table...
2022-01-04 20:47:57,928 - root - DEBUG - Processing 480-th line out of 500 rows of DP table...
2022-01-04 20:47:57,938 - root - DEBUG - Processing 490-th line out of 500 rows of DP table...
2022-01-04 20:47:57,943 - root - DEBUG - Processing 500-th line out of 500 rows of DP table...
2022-01-04 20:47:57,949 - root - DEBUG - Started computing joint logprobs...
