2022-01-04 00:57:45,292 - root - INFO - Loading reference interval set from '211227-2-sim/g17_6.ref.tsv'...
2022-01-04 00:57:45,294 - root - INFO - Loading query interval set from '211227-2-sim/g17_6.query.tsv'...
2022-01-04 00:57:45,296 - root - INFO - Loading chromosome sizes from '211227-2-sim/g17_sizes.tsv'...
2022-01-04 00:57:45,298 - root - INFO - Number of reference intervals: 500 (500 before merging)
2022-01-04 00:57:45,299 - root - INFO - Number of query intervals: 50 (50 before merging)
2022-01-04 00:57:45,301 - root - INFO - Number of chromosomes: 1
2022-01-04 00:57:45,302 - root - INFO - Overlap count: 27
2022-01-04 00:57:45,304 - root - DEBUG - Started computing sf for chromosome 'chr1'...
2022-01-04 00:57:45,305 - root - DEBUG - m=500, n=50
2022-01-04 00:57:45,478 - root - DEBUG - Processing 10-th line out of 500 rows of DP table...
2022-01-04 00:57:45,651 - root - DEBUG - Processing 20-th line out of 500 rows of DP table...
2022-01-04 00:57:45,809 - root - DEBUG - Processing 30-th line out of 500 rows of DP table...
2022-01-04 00:57:45,965 - root - DEBUG - Processing 40-th line out of 500 rows of DP table...
2022-01-04 00:57:46,117 - root - DEBUG - Processing 50-th line out of 500 rows of DP table...
2022-01-04 00:57:46,270 - root - DEBUG - Processing 60-th line out of 500 rows of DP table...
2022-01-04 00:57:46,437 - root - DEBUG - Processing 70-th line out of 500 rows of DP table...
2022-01-04 00:57:46,579 - root - DEBUG - Processing 80-th line out of 500 rows of DP table...
2022-01-04 00:57:46,718 - root - DEBUG - Processing 90-th line out of 500 rows of DP table...
2022-01-04 00:57:46,853 - root - DEBUG - Processing 100-th line out of 500 rows of DP table...
2022-01-04 00:57:46,986 - root - DEBUG - Processing 110-th line out of 500 rows of DP table...
2022-01-04 00:57:47,115 - root - DEBUG - Processing 120-th line out of 500 rows of DP table...
2022-01-04 00:57:47,241 - root - DEBUG - Processing 130-th line out of 500 rows of DP table...
2022-01-04 00:57:47,365 - root - DEBUG - Processing 140-th line out of 500 rows of DP table...
2022-01-04 00:57:47,486 - root - DEBUG - Processing 150-th line out of 500 rows of DP table...
2022-01-04 00:57:47,604 - root - DEBUG - Processing 160-th line out of 500 rows of DP table...
2022-01-04 00:57:47,717 - root - DEBUG - Processing 170-th line out of 500 rows of DP table...
2022-01-04 00:57:47,827 - root - DEBUG - Processing 180-th line out of 500 rows of DP table...
2022-01-04 00:57:47,935 - root - DEBUG - Processing 190-th line out of 500 rows of DP table...
2022-01-04 00:57:48,038 - root - DEBUG - Processing 200-th line out of 500 rows of DP table...
2022-01-04 00:57:48,138 - root - DEBUG - Processing 210-th line out of 500 rows of DP table...
2022-01-04 00:57:48,234 - root - DEBUG - Processing 220-th line out of 500 rows of DP table...
2022-01-04 00:57:48,331 - root - DEBUG - Processing 230-th line out of 500 rows of DP table...
2022-01-04 00:57:48,421 - root - DEBUG - Processing 240-th line out of 500 rows of DP table...
2022-01-04 00:57:48,526 - root - DEBUG - Processing 250-th line out of 500 rows of DP table...
2022-01-04 00:57:48,611 - root - DEBUG - Processing 260-th line out of 500 rows of DP table...
2022-01-04 00:57:48,692 - root - DEBUG - Processing 270-th line out of 500 rows of DP table...
2022-01-04 00:57:48,769 - root - DEBUG - Processing 280-th line out of 500 rows of DP table...
2022-01-04 00:57:48,843 - root - DEBUG - Processing 290-th line out of 500 rows of DP table...
2022-01-04 00:57:48,914 - root - DEBUG - Processing 300-th line out of 500 rows of DP table...
2022-01-04 00:57:48,982 - root - DEBUG - Processing 310-th line out of 500 rows of DP table...
2022-01-04 00:57:49,046 - root - DEBUG - Processing 320-th line out of 500 rows of DP table...
2022-01-04 00:57:49,107 - root - DEBUG - Processing 330-th line out of 500 rows of DP table...
2022-01-04 00:57:49,164 - root - DEBUG - Processing 340-th line out of 500 rows of DP table...
2022-01-04 00:57:49,218 - root - DEBUG - Processing 350-th line out of 500 rows of DP table...
2022-01-04 00:57:49,274 - root - DEBUG - Processing 360-th line out of 500 rows of DP table...
2022-01-04 00:57:49,323 - root - DEBUG - Processing 370-th line out of 500 rows of DP table...
2022-01-04 00:57:49,396 - root - DEBUG - Processing 380-th line out of 500 rows of DP table...
2022-01-04 00:57:49,438 - root - DEBUG - Processing 390-th line out of 500 rows of DP table...
2022-01-04 00:57:49,484 - root - DEBUG - Processing 400-th line out of 500 rows of DP table...
2022-01-04 00:57:49,520 - root - DEBUG - Processing 410-th line out of 500 rows of DP table...
2022-01-04 00:57:49,553 - root - DEBUG - Processing 420-th line out of 500 rows of DP table...
2022-01-04 00:57:49,582 - root - DEBUG - Processing 430-th line out of 500 rows of DP table...
2022-01-04 00:57:49,617 - root - DEBUG - Processing 440-th line out of 500 rows of DP table...
2022-01-04 00:57:49,650 - root - DEBUG - Processing 450-th line out of 500 rows of DP table...
2022-01-04 00:57:49,669 - root - DEBUG - Processing 460-th line out of 500 rows of DP table...
2022-01-04 00:57:49,684 - root - DEBUG - Processing 470-th line out of 500 rows of DP table...
2022-01-04 00:57:49,696 - root - DEBUG - Processing 480-th line out of 500 rows of DP table...
2022-01-04 00:57:49,706 - root - DEBUG - Processing 490-th line out of 500 rows of DP table...
2022-01-04 00:57:49,712 - root - DEBUG - Processing 500-th line out of 500 rows of DP table...
2022-01-04 00:57:49,716 - root - DEBUG - Started computing joint logprobs...
