2022-01-04 20:48:59,818 - root - INFO - Loading reference interval set from '211227-2-sim/g18_0.ref.tsv'...
2022-01-04 20:48:59,821 - root - INFO - Loading query interval set from '211227-2-sim/g18_0.query.tsv'...
2022-01-04 20:48:59,839 - root - INFO - Loading chromosome sizes from '211227-2-sim/g18_sizes.tsv'...
2022-01-04 20:48:59,842 - root - INFO - Number of reference intervals: 500 (500 before merging)
2022-01-04 20:48:59,843 - root - INFO - Number of query intervals: 500 (500 before merging)
2022-01-04 20:48:59,844 - root - INFO - Number of chromosomes: 1
2022-01-04 20:48:59,846 - root - INFO - Overlap count: 302
2022-01-04 20:48:59,847 - root - DEBUG - Started computing sf for chromosome 'chr1'...
2022-01-04 20:48:59,848 - root - DEBUG - m=500, n=500
2022-01-04 20:49:00,042 - root - DEBUG - Processing 10-th line out of 500 rows of DP table...
2022-01-04 20:49:00,244 - root - DEBUG - Processing 20-th line out of 500 rows of DP table...
2022-01-04 20:49:00,442 - root - DEBUG - Processing 30-th line out of 500 rows of DP table...
2022-01-04 20:49:00,636 - root - DEBUG - Processing 40-th line out of 500 rows of DP table...
2022-01-04 20:49:00,876 - root - DEBUG - Processing 50-th line out of 500 rows of DP table...
2022-01-04 20:49:01,074 - root - DEBUG - Processing 60-th line out of 500 rows of DP table...
2022-01-04 20:49:01,255 - root - DEBUG - Processing 70-th line out of 500 rows of DP table...
2022-01-04 20:49:01,422 - root - DEBUG - Processing 80-th line out of 500 rows of DP table...
2022-01-04 20:49:01,565 - root - DEBUG - Processing 90-th line out of 500 rows of DP table...
2022-01-04 20:49:01,706 - root - DEBUG - Processing 100-th line out of 500 rows of DP table...
2022-01-04 20:49:01,842 - root - DEBUG - Processing 110-th line out of 500 rows of DP table...
2022-01-04 20:49:01,987 - root - DEBUG - Processing 120-th line out of 500 rows of DP table...
2022-01-04 20:49:02,117 - root - DEBUG - Processing 130-th line out of 500 rows of DP table...
2022-01-04 20:49:02,243 - root - DEBUG - Processing 140-th line out of 500 rows of DP table...
2022-01-04 20:49:02,365 - root - DEBUG - Processing 150-th line out of 500 rows of DP table...
2022-01-04 20:49:02,485 - root - DEBUG - Processing 160-th line out of 500 rows of DP table...
2022-01-04 20:49:02,601 - root - DEBUG - Processing 170-th line out of 500 rows of DP table...
2022-01-04 20:49:02,713 - root - DEBUG - Processing 180-th line out of 500 rows of DP table...
2022-01-04 20:49:02,823 - root - DEBUG - Processing 190-th line out of 500 rows of DP table...
2022-01-04 20:49:03,038 - root - DEBUG - Processing 200-th line out of 500 rows of DP table...
2022-01-04 20:49:03,140 - root - DEBUG - Processing 210-th line out of 500 rows of DP table...
2022-01-04 20:49:03,240 - root - DEBUG - Processing 220-th line out of 500 rows of DP table...
2022-01-04 20:49:03,337 - root - DEBUG - Processing 230-th line out of 500 rows of DP table...
2022-01-04 20:49:03,432 - root - DEBUG - Processing 240-th line out of 500 rows of DP table...
2022-01-04 20:49:03,521 - root - DEBUG - Processing 250-th line out of 500 rows of DP table...
2022-01-04 20:49:03,607 - root - DEBUG - Processing 260-th line out of 500 rows of DP table...
2022-01-04 20:49:03,690 - root - DEBUG - Processing 270-th line out of 500 rows of DP table...
2022-01-04 20:49:03,769 - root - DEBUG - Processing 280-th line out of 500 rows of DP table...
2022-01-04 20:49:03,845 - root - DEBUG - Processing 290-th line out of 500 rows of DP table...
2022-01-04 20:49:03,917 - root - DEBUG - Processing 300-th line out of 500 rows of DP table...
2022-01-04 20:49:03,986 - root - DEBUG - Processing 310-th line out of 500 rows of DP table...
2022-01-04 20:49:04,053 - root - DEBUG - Processing 320-th line out of 500 rows of DP table...
2022-01-04 20:49:04,116 - root - DEBUG - Processing 330-th line out of 500 rows of DP table...
2022-01-04 20:49:04,181 - root - DEBUG - Processing 340-th line out of 500 rows of DP table...
2022-01-04 20:49:04,252 - root - DEBUG - Processing 350-th line out of 500 rows of DP table...
2022-01-04 20:49:04,325 - root - DEBUG - Processing 360-th line out of 500 rows of DP table...
2022-01-04 20:49:04,375 - root - DEBUG - Processing 370-th line out of 500 rows of DP table...
2022-01-04 20:49:04,421 - root - DEBUG - Processing 380-th line out of 500 rows of DP table...
2022-01-04 20:49:04,464 - root - DEBUG - Processing 390-th line out of 500 rows of DP table...
2022-01-04 20:49:04,504 - root - DEBUG - Processing 400-th line out of 500 rows of DP table...
2022-01-04 20:49:04,541 - root - DEBUG - Processing 410-th line out of 500 rows of DP table...
2022-01-04 20:49:04,594 - root - DEBUG - Processing 420-th line out of 500 rows of DP table...
2022-01-04 20:49:04,644 - root - DEBUG - Processing 430-th line out of 500 rows of DP table...
2022-01-04 20:49:04,686 - root - DEBUG - Processing 440-th line out of 500 rows of DP table...
2022-01-04 20:49:04,722 - root - DEBUG - Processing 450-th line out of 500 rows of DP table...
2022-01-04 20:49:04,752 - root - DEBUG - Processing 460-th line out of 500 rows of DP table...
2022-01-04 20:49:04,780 - root - DEBUG - Processing 470-th line out of 500 rows of DP table...
2022-01-04 20:49:04,794 - root - DEBUG - Processing 480-th line out of 500 rows of DP table...
2022-01-04 20:49:04,804 - root - DEBUG - Processing 490-th line out of 500 rows of DP table...
2022-01-04 20:49:04,809 - root - DEBUG - Processing 500-th line out of 500 rows of DP table...
2022-01-04 20:49:04,815 - root - DEBUG - Started computing joint logprobs...
