2022-01-04 21:02:43,353 - root - INFO - Loading reference interval set from '211227-2-sim/g18_6.ref.tsv'...
2022-01-04 21:02:43,356 - root - INFO - Loading query interval set from '211227-2-sim/g18_6.query.tsv'...
2022-01-04 21:02:43,373 - root - INFO - Loading chromosome sizes from '211227-2-sim/g18_sizes.tsv'...
2022-01-04 21:02:43,375 - root - INFO - Number of reference intervals: 500 (500 before merging)
2022-01-04 21:02:43,376 - root - INFO - Number of query intervals: 500 (500 before merging)
2022-01-04 21:02:43,376 - root - INFO - Number of chromosomes: 1
2022-01-04 21:02:43,379 - root - INFO - Overlap count: 283
2022-01-04 21:02:43,380 - root - DEBUG - Started computing sf for chromosome 'chr1'...
2022-01-04 21:02:43,381 - root - DEBUG - m=500, n=500
2022-01-04 21:02:43,547 - root - DEBUG - Processing 10-th line out of 500 rows of DP table...
2022-01-04 21:02:43,711 - root - DEBUG - Processing 20-th line out of 500 rows of DP table...
2022-01-04 21:02:43,872 - root - DEBUG - Processing 30-th line out of 500 rows of DP table...
2022-01-04 21:02:44,028 - root - DEBUG - Processing 40-th line out of 500 rows of DP table...
2022-01-04 21:02:44,187 - root - DEBUG - Processing 50-th line out of 500 rows of DP table...
2022-01-04 21:02:44,338 - root - DEBUG - Processing 60-th line out of 500 rows of DP table...
2022-01-04 21:02:44,486 - root - DEBUG - Processing 70-th line out of 500 rows of DP table...
2022-01-04 21:02:44,630 - root - DEBUG - Processing 80-th line out of 500 rows of DP table...
2022-01-04 21:02:44,772 - root - DEBUG - Processing 90-th line out of 500 rows of DP table...
2022-01-04 21:02:44,910 - root - DEBUG - Processing 100-th line out of 500 rows of DP table...
2022-01-04 21:02:45,045 - root - DEBUG - Processing 110-th line out of 500 rows of DP table...
2022-01-04 21:02:45,178 - root - DEBUG - Processing 120-th line out of 500 rows of DP table...
2022-01-04 21:02:45,313 - root - DEBUG - Processing 130-th line out of 500 rows of DP table...
2022-01-04 21:02:45,439 - root - DEBUG - Processing 140-th line out of 500 rows of DP table...
2022-01-04 21:02:45,561 - root - DEBUG - Processing 150-th line out of 500 rows of DP table...
2022-01-04 21:02:45,681 - root - DEBUG - Processing 160-th line out of 500 rows of DP table...
2022-01-04 21:02:45,797 - root - DEBUG - Processing 170-th line out of 500 rows of DP table...
2022-01-04 21:02:45,910 - root - DEBUG - Processing 180-th line out of 500 rows of DP table...
2022-01-04 21:02:46,019 - root - DEBUG - Processing 190-th line out of 500 rows of DP table...
2022-01-04 21:02:46,125 - root - DEBUG - Processing 200-th line out of 500 rows of DP table...
2022-01-04 21:02:46,242 - root - DEBUG - Processing 210-th line out of 500 rows of DP table...
2022-01-04 21:02:46,348 - root - DEBUG - Processing 220-th line out of 500 rows of DP table...
2022-01-04 21:02:46,443 - root - DEBUG - Processing 230-th line out of 500 rows of DP table...
2022-01-04 21:02:46,534 - root - DEBUG - Processing 240-th line out of 500 rows of DP table...
2022-01-04 21:02:46,622 - root - DEBUG - Processing 250-th line out of 500 rows of DP table...
2022-01-04 21:02:46,707 - root - DEBUG - Processing 260-th line out of 500 rows of DP table...
2022-01-04 21:02:46,789 - root - DEBUG - Processing 270-th line out of 500 rows of DP table...
2022-01-04 21:02:46,867 - root - DEBUG - Processing 280-th line out of 500 rows of DP table...
2022-01-04 21:02:46,942 - root - DEBUG - Processing 290-th line out of 500 rows of DP table...
2022-01-04 21:02:47,015 - root - DEBUG - Processing 300-th line out of 500 rows of DP table...
2022-01-04 21:02:47,084 - root - DEBUG - Processing 310-th line out of 500 rows of DP table...
2022-01-04 21:02:47,149 - root - DEBUG - Processing 320-th line out of 500 rows of DP table...
2022-01-04 21:02:47,212 - root - DEBUG - Processing 330-th line out of 500 rows of DP table...
2022-01-04 21:02:47,271 - root - DEBUG - Processing 340-th line out of 500 rows of DP table...
2022-01-04 21:02:47,327 - root - DEBUG - Processing 350-th line out of 500 rows of DP table...
2022-01-04 21:02:47,378 - root - DEBUG - Processing 360-th line out of 500 rows of DP table...
2022-01-04 21:02:47,427 - root - DEBUG - Processing 370-th line out of 500 rows of DP table...
2022-01-04 21:02:47,473 - root - DEBUG - Processing 380-th line out of 500 rows of DP table...
2022-01-04 21:02:47,521 - root - DEBUG - Processing 390-th line out of 500 rows of DP table...
2022-01-04 21:02:47,560 - root - DEBUG - Processing 400-th line out of 500 rows of DP table...
2022-01-04 21:02:47,595 - root - DEBUG - Processing 410-th line out of 500 rows of DP table...
2022-01-04 21:02:47,627 - root - DEBUG - Processing 420-th line out of 500 rows of DP table...
2022-01-04 21:02:47,656 - root - DEBUG - Processing 430-th line out of 500 rows of DP table...
2022-01-04 21:02:47,681 - root - DEBUG - Processing 440-th line out of 500 rows of DP table...
2022-01-04 21:02:47,703 - root - DEBUG - Processing 450-th line out of 500 rows of DP table...
2022-01-04 21:02:47,721 - root - DEBUG - Processing 460-th line out of 500 rows of DP table...
2022-01-04 21:02:47,737 - root - DEBUG - Processing 470-th line out of 500 rows of DP table...
2022-01-04 21:02:47,748 - root - DEBUG - Processing 480-th line out of 500 rows of DP table...
2022-01-04 21:02:47,757 - root - DEBUG - Processing 490-th line out of 500 rows of DP table...
2022-01-04 21:02:47,762 - root - DEBUG - Processing 500-th line out of 500 rows of DP table...
2022-01-04 21:02:47,766 - root - DEBUG - Started computing joint logprobs...
