2022-01-04 21:01:56,283 - root - INFO - Loading reference interval set from '211227-2-sim/g18_7.ref.tsv'...
2022-01-04 21:01:56,285 - root - INFO - Loading query interval set from '211227-2-sim/g18_7.query.tsv'...
2022-01-04 21:01:56,288 - root - INFO - Loading chromosome sizes from '211227-2-sim/g18_sizes.tsv'...
2022-01-04 21:01:56,290 - root - INFO - Number of reference intervals: 500 (500 before merging)
2022-01-04 21:01:56,291 - root - INFO - Number of query intervals: 500 (500 before merging)
2022-01-04 21:01:56,292 - root - INFO - Number of chromosomes: 1
2022-01-04 21:01:56,295 - root - INFO - Overlap count: 261
2022-01-04 21:01:56,296 - root - DEBUG - Started computing sf for chromosome 'chr1'...
2022-01-04 21:01:56,297 - root - DEBUG - m=500, n=500
2022-01-04 21:01:56,455 - root - DEBUG - Processing 10-th line out of 500 rows of DP table...
2022-01-04 21:01:56,618 - root - DEBUG - Processing 20-th line out of 500 rows of DP table...
2022-01-04 21:01:56,779 - root - DEBUG - Processing 30-th line out of 500 rows of DP table...
2022-01-04 21:01:56,937 - root - DEBUG - Processing 40-th line out of 500 rows of DP table...
2022-01-04 21:01:57,099 - root - DEBUG - Processing 50-th line out of 500 rows of DP table...
2022-01-04 21:01:57,252 - root - DEBUG - Processing 60-th line out of 500 rows of DP table...
2022-01-04 21:01:57,400 - root - DEBUG - Processing 70-th line out of 500 rows of DP table...
2022-01-04 21:01:57,545 - root - DEBUG - Processing 80-th line out of 500 rows of DP table...
2022-01-04 21:01:57,687 - root - DEBUG - Processing 90-th line out of 500 rows of DP table...
2022-01-04 21:01:57,826 - root - DEBUG - Processing 100-th line out of 500 rows of DP table...
2022-01-04 21:01:57,960 - root - DEBUG - Processing 110-th line out of 500 rows of DP table...
2022-01-04 21:01:58,091 - root - DEBUG - Processing 120-th line out of 500 rows of DP table...
2022-01-04 21:01:58,225 - root - DEBUG - Processing 130-th line out of 500 rows of DP table...
2022-01-04 21:01:58,351 - root - DEBUG - Processing 140-th line out of 500 rows of DP table...
2022-01-04 21:01:58,473 - root - DEBUG - Processing 150-th line out of 500 rows of DP table...
2022-01-04 21:01:58,593 - root - DEBUG - Processing 160-th line out of 500 rows of DP table...
2022-01-04 21:01:58,708 - root - DEBUG - Processing 170-th line out of 500 rows of DP table...
2022-01-04 21:01:58,820 - root - DEBUG - Processing 180-th line out of 500 rows of DP table...
2022-01-04 21:01:58,928 - root - DEBUG - Processing 190-th line out of 500 rows of DP table...
2022-01-04 21:01:59,033 - root - DEBUG - Processing 200-th line out of 500 rows of DP table...
2022-01-04 21:01:59,135 - root - DEBUG - Processing 210-th line out of 500 rows of DP table...
2022-01-04 21:01:59,234 - root - DEBUG - Processing 220-th line out of 500 rows of DP table...
2022-01-04 21:01:59,336 - root - DEBUG - Processing 230-th line out of 500 rows of DP table...
2022-01-04 21:01:59,429 - root - DEBUG - Processing 240-th line out of 500 rows of DP table...
2022-01-04 21:01:59,517 - root - DEBUG - Processing 250-th line out of 500 rows of DP table...
2022-01-04 21:01:59,603 - root - DEBUG - Processing 260-th line out of 500 rows of DP table...
2022-01-04 21:01:59,684 - root - DEBUG - Processing 270-th line out of 500 rows of DP table...
2022-01-04 21:01:59,762 - root - DEBUG - Processing 280-th line out of 500 rows of DP table...
2022-01-04 21:01:59,838 - root - DEBUG - Processing 290-th line out of 500 rows of DP table...
2022-01-04 21:01:59,910 - root - DEBUG - Processing 300-th line out of 500 rows of DP table...
2022-01-04 21:01:59,979 - root - DEBUG - Processing 310-th line out of 500 rows of DP table...
2022-01-04 21:02:00,045 - root - DEBUG - Processing 320-th line out of 500 rows of DP table...
2022-01-04 21:02:00,107 - root - DEBUG - Processing 330-th line out of 500 rows of DP table...
2022-01-04 21:02:00,166 - root - DEBUG - Processing 340-th line out of 500 rows of DP table...
2022-01-04 21:02:00,221 - root - DEBUG - Processing 350-th line out of 500 rows of DP table...
2022-01-04 21:02:00,274 - root - DEBUG - Processing 360-th line out of 500 rows of DP table...
2022-01-04 21:02:00,323 - root - DEBUG - Processing 370-th line out of 500 rows of DP table...
2022-01-04 21:02:00,369 - root - DEBUG - Processing 380-th line out of 500 rows of DP table...
2022-01-04 21:02:00,411 - root - DEBUG - Processing 390-th line out of 500 rows of DP table...
2022-01-04 21:02:00,482 - root - DEBUG - Processing 400-th line out of 500 rows of DP table...
2022-01-04 21:02:00,518 - root - DEBUG - Processing 410-th line out of 500 rows of DP table...
2022-01-04 21:02:00,551 - root - DEBUG - Processing 420-th line out of 500 rows of DP table...
2022-01-04 21:02:00,580 - root - DEBUG - Processing 430-th line out of 500 rows of DP table...
2022-01-04 21:02:00,606 - root - DEBUG - Processing 440-th line out of 500 rows of DP table...
2022-01-04 21:02:00,629 - root - DEBUG - Processing 450-th line out of 500 rows of DP table...
2022-01-04 21:02:00,649 - root - DEBUG - Processing 460-th line out of 500 rows of DP table...
2022-01-04 21:02:00,664 - root - DEBUG - Processing 470-th line out of 500 rows of DP table...
2022-01-04 21:02:00,677 - root - DEBUG - Processing 480-th line out of 500 rows of DP table...
2022-01-04 21:02:00,686 - root - DEBUG - Processing 490-th line out of 500 rows of DP table...
2022-01-04 21:02:00,692 - root - DEBUG - Processing 500-th line out of 500 rows of DP table...
2022-01-04 21:02:00,696 - root - DEBUG - Started computing joint logprobs...
