2022-01-04 21:00:43,267 - root - INFO - Loading reference interval set from '211227-2-sim/g18_4.ref.tsv'...
2022-01-04 21:00:43,269 - root - INFO - Loading query interval set from '211227-2-sim/g18_4.query.tsv'...
2022-01-04 21:00:43,284 - root - INFO - Loading chromosome sizes from '211227-2-sim/g18_sizes.tsv'...
2022-01-04 21:00:43,286 - root - INFO - Number of reference intervals: 500 (500 before merging)
2022-01-04 21:00:43,287 - root - INFO - Number of query intervals: 500 (500 before merging)
2022-01-04 21:00:43,288 - root - INFO - Number of chromosomes: 1
2022-01-04 21:00:43,291 - root - INFO - Overlap count: 276
2022-01-04 21:00:43,292 - root - DEBUG - Started computing sf for chromosome 'chr1'...
2022-01-04 21:00:43,293 - root - DEBUG - m=500, n=500
2022-01-04 21:00:43,455 - root - DEBUG - Processing 10-th line out of 500 rows of DP table...
2022-01-04 21:00:43,621 - root - DEBUG - Processing 20-th line out of 500 rows of DP table...
2022-01-04 21:00:43,783 - root - DEBUG - Processing 30-th line out of 500 rows of DP table...
2022-01-04 21:00:43,948 - root - DEBUG - Processing 40-th line out of 500 rows of DP table...
2022-01-04 21:00:44,104 - root - DEBUG - Processing 50-th line out of 500 rows of DP table...
2022-01-04 21:00:44,258 - root - DEBUG - Processing 60-th line out of 500 rows of DP table...
2022-01-04 21:00:44,409 - root - DEBUG - Processing 70-th line out of 500 rows of DP table...
2022-01-04 21:00:44,555 - root - DEBUG - Processing 80-th line out of 500 rows of DP table...
2022-01-04 21:00:44,699 - root - DEBUG - Processing 90-th line out of 500 rows of DP table...
2022-01-04 21:00:44,839 - root - DEBUG - Processing 100-th line out of 500 rows of DP table...
2022-01-04 21:00:44,975 - root - DEBUG - Processing 110-th line out of 500 rows of DP table...
2022-01-04 21:00:45,113 - root - DEBUG - Processing 120-th line out of 500 rows of DP table...
2022-01-04 21:00:45,243 - root - DEBUG - Processing 130-th line out of 500 rows of DP table...
2022-01-04 21:00:45,370 - root - DEBUG - Processing 140-th line out of 500 rows of DP table...
2022-01-04 21:00:45,493 - root - DEBUG - Processing 150-th line out of 500 rows of DP table...
2022-01-04 21:00:45,613 - root - DEBUG - Processing 160-th line out of 500 rows of DP table...
2022-01-04 21:00:45,730 - root - DEBUG - Processing 170-th line out of 500 rows of DP table...
2022-01-04 21:00:45,844 - root - DEBUG - Processing 180-th line out of 500 rows of DP table...
2022-01-04 21:00:45,954 - root - DEBUG - Processing 190-th line out of 500 rows of DP table...
2022-01-04 21:00:46,060 - root - DEBUG - Processing 200-th line out of 500 rows of DP table...
2022-01-04 21:00:46,164 - root - DEBUG - Processing 210-th line out of 500 rows of DP table...
2022-01-04 21:00:46,269 - root - DEBUG - Processing 220-th line out of 500 rows of DP table...
2022-01-04 21:00:46,366 - root - DEBUG - Processing 230-th line out of 500 rows of DP table...
2022-01-04 21:00:46,459 - root - DEBUG - Processing 240-th line out of 500 rows of DP table...
2022-01-04 21:00:46,550 - root - DEBUG - Processing 250-th line out of 500 rows of DP table...
2022-01-04 21:00:46,637 - root - DEBUG - Processing 260-th line out of 500 rows of DP table...
2022-01-04 21:00:46,721 - root - DEBUG - Processing 270-th line out of 500 rows of DP table...
2022-01-04 21:00:46,801 - root - DEBUG - Processing 280-th line out of 500 rows of DP table...
2022-01-04 21:00:46,877 - root - DEBUG - Processing 290-th line out of 500 rows of DP table...
2022-01-04 21:00:46,951 - root - DEBUG - Processing 300-th line out of 500 rows of DP table...
2022-01-04 21:00:47,021 - root - DEBUG - Processing 310-th line out of 500 rows of DP table...
2022-01-04 21:00:47,088 - root - DEBUG - Processing 320-th line out of 500 rows of DP table...
2022-01-04 21:00:47,151 - root - DEBUG - Processing 330-th line out of 500 rows of DP table...
2022-01-04 21:00:47,210 - root - DEBUG - Processing 340-th line out of 500 rows of DP table...
2022-01-04 21:00:47,267 - root - DEBUG - Processing 350-th line out of 500 rows of DP table...
2022-01-04 21:00:47,320 - root - DEBUG - Processing 360-th line out of 500 rows of DP table...
2022-01-04 21:00:47,374 - root - DEBUG - Processing 370-th line out of 500 rows of DP table...
2022-01-04 21:00:47,420 - root - DEBUG - Processing 380-th line out of 500 rows of DP table...
2022-01-04 21:00:47,462 - root - DEBUG - Processing 390-th line out of 500 rows of DP table...
2022-01-04 21:00:47,501 - root - DEBUG - Processing 400-th line out of 500 rows of DP table...
2022-01-04 21:00:47,537 - root - DEBUG - Processing 410-th line out of 500 rows of DP table...
2022-01-04 21:00:47,570 - root - DEBUG - Processing 420-th line out of 500 rows of DP table...
2022-01-04 21:00:47,599 - root - DEBUG - Processing 430-th line out of 500 rows of DP table...
2022-01-04 21:00:47,624 - root - DEBUG - Processing 440-th line out of 500 rows of DP table...
2022-01-04 21:00:47,646 - root - DEBUG - Processing 450-th line out of 500 rows of DP table...
2022-01-04 21:00:47,665 - root - DEBUG - Processing 460-th line out of 500 rows of DP table...
2022-01-04 21:00:47,681 - root - DEBUG - Processing 470-th line out of 500 rows of DP table...
2022-01-04 21:00:47,693 - root - DEBUG - Processing 480-th line out of 500 rows of DP table...
2022-01-04 21:00:47,702 - root - DEBUG - Processing 490-th line out of 500 rows of DP table...
2022-01-04 21:00:47,708 - root - DEBUG - Processing 500-th line out of 500 rows of DP table...
2022-01-04 21:00:47,711 - root - DEBUG - Started computing joint logprobs...
