2022-01-04 20:49:36,132 - root - INFO - Loading reference interval set from '211227-2-sim/g18_5.ref.tsv'...
2022-01-04 20:49:36,153 - root - INFO - Loading query interval set from '211227-2-sim/g18_5.query.tsv'...
2022-01-04 20:49:36,173 - root - INFO - Loading chromosome sizes from '211227-2-sim/g18_sizes.tsv'...
2022-01-04 20:49:36,176 - root - INFO - Number of reference intervals: 500 (500 before merging)
2022-01-04 20:49:36,177 - root - INFO - Number of query intervals: 500 (500 before merging)
2022-01-04 20:49:36,178 - root - INFO - Number of chromosomes: 1
2022-01-04 20:49:36,181 - root - INFO - Overlap count: 273
2022-01-04 20:49:36,183 - root - DEBUG - Started computing sf for chromosome 'chr1'...
2022-01-04 20:49:36,184 - root - DEBUG - m=500, n=500
2022-01-04 20:49:36,349 - root - DEBUG - Processing 10-th line out of 500 rows of DP table...
2022-01-04 20:49:36,520 - root - DEBUG - Processing 20-th line out of 500 rows of DP table...
2022-01-04 20:49:36,686 - root - DEBUG - Processing 30-th line out of 500 rows of DP table...
2022-01-04 20:49:36,946 - root - DEBUG - Processing 40-th line out of 500 rows of DP table...
2022-01-04 20:49:37,121 - root - DEBUG - Processing 50-th line out of 500 rows of DP table...
2022-01-04 20:49:37,279 - root - DEBUG - Processing 60-th line out of 500 rows of DP table...
2022-01-04 20:49:37,433 - root - DEBUG - Processing 70-th line out of 500 rows of DP table...
2022-01-04 20:49:37,583 - root - DEBUG - Processing 80-th line out of 500 rows of DP table...
2022-01-04 20:49:37,728 - root - DEBUG - Processing 90-th line out of 500 rows of DP table...
2022-01-04 20:49:37,871 - root - DEBUG - Processing 100-th line out of 500 rows of DP table...
2022-01-04 20:49:38,010 - root - DEBUG - Processing 110-th line out of 500 rows of DP table...
2022-01-04 20:49:38,146 - root - DEBUG - Processing 120-th line out of 500 rows of DP table...
2022-01-04 20:49:38,278 - root - DEBUG - Processing 130-th line out of 500 rows of DP table...
2022-01-04 20:49:38,407 - root - DEBUG - Processing 140-th line out of 500 rows of DP table...
2022-01-04 20:49:38,532 - root - DEBUG - Processing 150-th line out of 500 rows of DP table...
2022-01-04 20:49:38,654 - root - DEBUG - Processing 160-th line out of 500 rows of DP table...
2022-01-04 20:49:38,772 - root - DEBUG - Processing 170-th line out of 500 rows of DP table...
2022-01-04 20:49:38,887 - root - DEBUG - Processing 180-th line out of 500 rows of DP table...
2022-01-04 20:49:38,998 - root - DEBUG - Processing 190-th line out of 500 rows of DP table...
2022-01-04 20:49:39,107 - root - DEBUG - Processing 200-th line out of 500 rows of DP table...
2022-01-04 20:49:39,216 - root - DEBUG - Processing 210-th line out of 500 rows of DP table...
2022-01-04 20:49:39,318 - root - DEBUG - Processing 220-th line out of 500 rows of DP table...
2022-01-04 20:49:39,417 - root - DEBUG - Processing 230-th line out of 500 rows of DP table...
2022-01-04 20:49:39,543 - root - DEBUG - Processing 240-th line out of 500 rows of DP table...
2022-01-04 20:49:39,635 - root - DEBUG - Processing 250-th line out of 500 rows of DP table...
2022-01-04 20:49:39,724 - root - DEBUG - Processing 260-th line out of 500 rows of DP table...
2022-01-04 20:49:39,810 - root - DEBUG - Processing 270-th line out of 500 rows of DP table...
2022-01-04 20:49:39,892 - root - DEBUG - Processing 280-th line out of 500 rows of DP table...
2022-01-04 20:49:39,980 - root - DEBUG - Processing 290-th line out of 500 rows of DP table...
2022-01-04 20:49:40,059 - root - DEBUG - Processing 300-th line out of 500 rows of DP table...
2022-01-04 20:49:40,132 - root - DEBUG - Processing 310-th line out of 500 rows of DP table...
2022-01-04 20:49:40,199 - root - DEBUG - Processing 320-th line out of 500 rows of DP table...
2022-01-04 20:49:40,264 - root - DEBUG - Processing 330-th line out of 500 rows of DP table...
2022-01-04 20:49:40,325 - root - DEBUG - Processing 340-th line out of 500 rows of DP table...
2022-01-04 20:49:40,383 - root - DEBUG - Processing 350-th line out of 500 rows of DP table...
2022-01-04 20:49:40,437 - root - DEBUG - Processing 360-th line out of 500 rows of DP table...
2022-01-04 20:49:40,488 - root - DEBUG - Processing 370-th line out of 500 rows of DP table...
2022-01-04 20:49:40,536 - root - DEBUG - Processing 380-th line out of 500 rows of DP table...
2022-01-04 20:49:40,579 - root - DEBUG - Processing 390-th line out of 500 rows of DP table...
2022-01-04 20:49:40,619 - root - DEBUG - Processing 400-th line out of 500 rows of DP table...
2022-01-04 20:49:40,656 - root - DEBUG - Processing 410-th line out of 500 rows of DP table...
2022-01-04 20:49:40,689 - root - DEBUG - Processing 420-th line out of 500 rows of DP table...
2022-01-04 20:49:40,720 - root - DEBUG - Processing 430-th line out of 500 rows of DP table...
2022-01-04 20:49:40,746 - root - DEBUG - Processing 440-th line out of 500 rows of DP table...
2022-01-04 20:49:40,769 - root - DEBUG - Processing 450-th line out of 500 rows of DP table...
2022-01-04 20:49:40,789 - root - DEBUG - Processing 460-th line out of 500 rows of DP table...
2022-01-04 20:49:40,805 - root - DEBUG - Processing 470-th line out of 500 rows of DP table...
2022-01-04 20:49:40,818 - root - DEBUG - Processing 480-th line out of 500 rows of DP table...
2022-01-04 20:49:40,827 - root - DEBUG - Processing 490-th line out of 500 rows of DP table...
2022-01-04 20:49:40,832 - root - DEBUG - Processing 500-th line out of 500 rows of DP table...
2022-01-04 20:49:40,838 - root - DEBUG - Started computing joint logprobs...
