2022-01-04 20:51:29,818 - root - INFO - Loading reference interval set from '211227-2-sim/g18_3.ref.tsv'...
2022-01-04 20:51:29,821 - root - INFO - Loading query interval set from '211227-2-sim/g18_3.query.tsv'...
2022-01-04 20:51:29,850 - root - INFO - Loading chromosome sizes from '211227-2-sim/g18_sizes.tsv'...
2022-01-04 20:51:29,853 - root - INFO - Number of reference intervals: 500 (500 before merging)
2022-01-04 20:51:29,854 - root - INFO - Number of query intervals: 500 (500 before merging)
2022-01-04 20:51:29,855 - root - INFO - Number of chromosomes: 1
2022-01-04 20:51:29,858 - root - INFO - Overlap count: 270
2022-01-04 20:51:29,859 - root - DEBUG - Started computing sf for chromosome 'chr1'...
2022-01-04 20:51:29,860 - root - DEBUG - m=500, n=500
2022-01-04 20:51:30,075 - root - DEBUG - Processing 10-th line out of 500 rows of DP table...
2022-01-04 20:51:30,293 - root - DEBUG - Processing 20-th line out of 500 rows of DP table...
2022-01-04 20:51:30,506 - root - DEBUG - Processing 30-th line out of 500 rows of DP table...
2022-01-04 20:51:30,715 - root - DEBUG - Processing 40-th line out of 500 rows of DP table...
2022-01-04 20:51:30,922 - root - DEBUG - Processing 50-th line out of 500 rows of DP table...
2022-01-04 20:51:31,127 - root - DEBUG - Processing 60-th line out of 500 rows of DP table...
2022-01-04 20:51:31,324 - root - DEBUG - Processing 70-th line out of 500 rows of DP table...
2022-01-04 20:51:31,516 - root - DEBUG - Processing 80-th line out of 500 rows of DP table...
2022-01-04 20:51:31,703 - root - DEBUG - Processing 90-th line out of 500 rows of DP table...
2022-01-04 20:51:31,886 - root - DEBUG - Processing 100-th line out of 500 rows of DP table...
2022-01-04 20:51:32,064 - root - DEBUG - Processing 110-th line out of 500 rows of DP table...
2022-01-04 20:51:32,243 - root - DEBUG - Processing 120-th line out of 500 rows of DP table...
2022-01-04 20:51:32,413 - root - DEBUG - Processing 130-th line out of 500 rows of DP table...
2022-01-04 20:51:32,578 - root - DEBUG - Processing 140-th line out of 500 rows of DP table...
2022-01-04 20:51:32,738 - root - DEBUG - Processing 150-th line out of 500 rows of DP table...
2022-01-04 20:51:32,895 - root - DEBUG - Processing 160-th line out of 500 rows of DP table...
2022-01-04 20:51:33,047 - root - DEBUG - Processing 170-th line out of 500 rows of DP table...
2022-01-04 20:51:33,195 - root - DEBUG - Processing 180-th line out of 500 rows of DP table...
2022-01-04 20:51:33,362 - root - DEBUG - Processing 190-th line out of 500 rows of DP table...
2022-01-04 20:51:33,507 - root - DEBUG - Processing 200-th line out of 500 rows of DP table...
2022-01-04 20:51:33,642 - root - DEBUG - Processing 210-th line out of 500 rows of DP table...
2022-01-04 20:51:33,774 - root - DEBUG - Processing 220-th line out of 500 rows of DP table...
2022-01-04 20:51:33,900 - root - DEBUG - Processing 230-th line out of 500 rows of DP table...
2022-01-04 20:51:34,022 - root - DEBUG - Processing 240-th line out of 500 rows of DP table...
2022-01-04 20:51:34,140 - root - DEBUG - Processing 250-th line out of 500 rows of DP table...
2022-01-04 20:51:34,254 - root - DEBUG - Processing 260-th line out of 500 rows of DP table...
2022-01-04 20:51:34,363 - root - DEBUG - Processing 270-th line out of 500 rows of DP table...
2022-01-04 20:51:34,468 - root - DEBUG - Processing 280-th line out of 500 rows of DP table...
2022-01-04 20:51:34,571 - root - DEBUG - Processing 290-th line out of 500 rows of DP table...
2022-01-04 20:51:34,667 - root - DEBUG - Processing 300-th line out of 500 rows of DP table...
2022-01-04 20:51:34,758 - root - DEBUG - Processing 310-th line out of 500 rows of DP table...
2022-01-04 20:51:34,844 - root - DEBUG - Processing 320-th line out of 500 rows of DP table...
2022-01-04 20:51:34,926 - root - DEBUG - Processing 330-th line out of 500 rows of DP table...
2022-01-04 20:51:35,004 - root - DEBUG - Processing 340-th line out of 500 rows of DP table...
2022-01-04 20:51:35,078 - root - DEBUG - Processing 350-th line out of 500 rows of DP table...
2022-01-04 20:51:35,148 - root - DEBUG - Processing 360-th line out of 500 rows of DP table...
2022-01-04 20:51:35,213 - root - DEBUG - Processing 370-th line out of 500 rows of DP table...
2022-01-04 20:51:35,272 - root - DEBUG - Processing 380-th line out of 500 rows of DP table...
2022-01-04 20:51:35,328 - root - DEBUG - Processing 390-th line out of 500 rows of DP table...
2022-01-04 20:51:35,380 - root - DEBUG - Processing 400-th line out of 500 rows of DP table...
2022-01-04 20:51:35,427 - root - DEBUG - Processing 410-th line out of 500 rows of DP table...
2022-01-04 20:51:35,470 - root - DEBUG - Processing 420-th line out of 500 rows of DP table...
2022-01-04 20:51:35,508 - root - DEBUG - Processing 430-th line out of 500 rows of DP table...
2022-01-04 20:51:35,542 - root - DEBUG - Processing 440-th line out of 500 rows of DP table...
2022-01-04 20:51:35,572 - root - DEBUG - Processing 450-th line out of 500 rows of DP table...
2022-01-04 20:51:35,597 - root - DEBUG - Processing 460-th line out of 500 rows of DP table...
2022-01-04 20:51:35,617 - root - DEBUG - Processing 470-th line out of 500 rows of DP table...
2022-01-04 20:51:35,633 - root - DEBUG - Processing 480-th line out of 500 rows of DP table...
2022-01-04 20:51:35,645 - root - DEBUG - Processing 490-th line out of 500 rows of DP table...
2022-01-04 20:51:35,652 - root - DEBUG - Processing 500-th line out of 500 rows of DP table...
2022-01-04 20:51:35,656 - root - DEBUG - Started computing joint logprobs...
