2022-01-04 01:05:16,973 - root - INFO - Loading reference interval set from '211227-2-sim/g18_8.ref.tsv'...
2022-01-04 01:05:16,976 - root - INFO - Loading query interval set from '211227-2-sim/g18_8.query.tsv'...
2022-01-04 01:05:17,025 - root - INFO - Loading chromosome sizes from '211227-2-sim/g18_sizes.tsv'...
2022-01-04 01:05:17,030 - root - INFO - Number of reference intervals: 500 (500 before merging)
2022-01-04 01:05:17,032 - root - INFO - Number of query intervals: 500 (500 before merging)
2022-01-04 01:05:17,032 - root - INFO - Number of chromosomes: 1
2022-01-04 01:05:17,035 - root - INFO - Overlap count: 266
2022-01-04 01:05:17,036 - root - DEBUG - Started computing sf for chromosome 'chr1'...
2022-01-04 01:05:17,037 - root - DEBUG - m=500, n=500
2022-01-04 01:05:17,199 - root - DEBUG - Processing 10-th line out of 500 rows of DP table...
2022-01-04 01:05:17,370 - root - DEBUG - Processing 20-th line out of 500 rows of DP table...
2022-01-04 01:05:17,539 - root - DEBUG - Processing 30-th line out of 500 rows of DP table...
2022-01-04 01:05:17,730 - root - DEBUG - Processing 40-th line out of 500 rows of DP table...
2022-01-04 01:05:17,891 - root - DEBUG - Processing 50-th line out of 500 rows of DP table...
2022-01-04 01:05:18,078 - root - DEBUG - Processing 60-th line out of 500 rows of DP table...
2022-01-04 01:05:18,232 - root - DEBUG - Processing 70-th line out of 500 rows of DP table...
2022-01-04 01:05:18,391 - root - DEBUG - Processing 80-th line out of 500 rows of DP table...
2022-01-04 01:05:18,539 - root - DEBUG - Processing 90-th line out of 500 rows of DP table...
2022-01-04 01:05:18,680 - root - DEBUG - Processing 100-th line out of 500 rows of DP table...
2022-01-04 01:05:18,851 - root - DEBUG - Processing 110-th line out of 500 rows of DP table...
2022-01-04 01:05:19,040 - root - DEBUG - Processing 120-th line out of 500 rows of DP table...
2022-01-04 01:05:19,239 - root - DEBUG - Processing 130-th line out of 500 rows of DP table...
2022-01-04 01:05:19,372 - root - DEBUG - Processing 140-th line out of 500 rows of DP table...
2022-01-04 01:05:19,496 - root - DEBUG - Processing 150-th line out of 500 rows of DP table...
2022-01-04 01:05:19,622 - root - DEBUG - Processing 160-th line out of 500 rows of DP table...
2022-01-04 01:05:19,751 - root - DEBUG - Processing 170-th line out of 500 rows of DP table...
2022-01-04 01:05:19,868 - root - DEBUG - Processing 180-th line out of 500 rows of DP table...
2022-01-04 01:05:20,002 - root - DEBUG - Processing 190-th line out of 500 rows of DP table...
2022-01-04 01:05:20,113 - root - DEBUG - Processing 200-th line out of 500 rows of DP table...
2022-01-04 01:05:20,220 - root - DEBUG - Processing 210-th line out of 500 rows of DP table...
2022-01-04 01:05:20,325 - root - DEBUG - Processing 220-th line out of 500 rows of DP table...
2022-01-04 01:05:20,425 - root - DEBUG - Processing 230-th line out of 500 rows of DP table...
2022-01-04 01:05:20,522 - root - DEBUG - Processing 240-th line out of 500 rows of DP table...
2022-01-04 01:05:20,614 - root - DEBUG - Processing 250-th line out of 500 rows of DP table...
2022-01-04 01:05:20,704 - root - DEBUG - Processing 260-th line out of 500 rows of DP table...
2022-01-04 01:05:20,790 - root - DEBUG - Processing 270-th line out of 500 rows of DP table...
2022-01-04 01:05:20,881 - root - DEBUG - Processing 280-th line out of 500 rows of DP table...
2022-01-04 01:05:20,973 - root - DEBUG - Processing 290-th line out of 500 rows of DP table...
2022-01-04 01:05:21,049 - root - DEBUG - Processing 300-th line out of 500 rows of DP table...
2022-01-04 01:05:21,122 - root - DEBUG - Processing 310-th line out of 500 rows of DP table...
2022-01-04 01:05:21,192 - root - DEBUG - Processing 320-th line out of 500 rows of DP table...
2022-01-04 01:05:21,258 - root - DEBUG - Processing 330-th line out of 500 rows of DP table...
2022-01-04 01:05:21,322 - root - DEBUG - Processing 340-th line out of 500 rows of DP table...
2022-01-04 01:05:21,382 - root - DEBUG - Processing 350-th line out of 500 rows of DP table...
2022-01-04 01:05:21,437 - root - DEBUG - Processing 360-th line out of 500 rows of DP table...
2022-01-04 01:05:21,488 - root - DEBUG - Processing 370-th line out of 500 rows of DP table...
2022-01-04 01:05:21,546 - root - DEBUG - Processing 380-th line out of 500 rows of DP table...
2022-01-04 01:05:21,590 - root - DEBUG - Processing 390-th line out of 500 rows of DP table...
2022-01-04 01:05:21,631 - root - DEBUG - Processing 400-th line out of 500 rows of DP table...
2022-01-04 01:05:21,669 - root - DEBUG - Processing 410-th line out of 500 rows of DP table...
2022-01-04 01:05:21,703 - root - DEBUG - Processing 420-th line out of 500 rows of DP table...
2022-01-04 01:05:21,734 - root - DEBUG - Processing 430-th line out of 500 rows of DP table...
2022-01-04 01:05:21,761 - root - DEBUG - Processing 440-th line out of 500 rows of DP table...
2022-01-04 01:05:21,819 - root - DEBUG - Processing 450-th line out of 500 rows of DP table...
2022-01-04 01:05:21,840 - root - DEBUG - Processing 460-th line out of 500 rows of DP table...
2022-01-04 01:05:21,857 - root - DEBUG - Processing 470-th line out of 500 rows of DP table...
2022-01-04 01:05:21,871 - root - DEBUG - Processing 480-th line out of 500 rows of DP table...
2022-01-04 01:05:21,916 - root - DEBUG - Processing 490-th line out of 500 rows of DP table...
2022-01-04 01:05:21,955 - root - DEBUG - Processing 500-th line out of 500 rows of DP table...
2022-01-04 01:05:22,001 - root - DEBUG - Started computing joint logprobs...
