2022-01-04 21:03:26,572 - root - INFO - Loading reference interval set from '211227-2-sim/g18_9.ref.tsv'...
2022-01-04 21:03:26,582 - root - INFO - Loading query interval set from '211227-2-sim/g18_9.query.tsv'...
2022-01-04 21:03:26,608 - root - INFO - Loading chromosome sizes from '211227-2-sim/g18_sizes.tsv'...
2022-01-04 21:03:26,611 - root - INFO - Number of reference intervals: 500 (500 before merging)
2022-01-04 21:03:26,612 - root - INFO - Number of query intervals: 500 (500 before merging)
2022-01-04 21:03:26,613 - root - INFO - Number of chromosomes: 1
2022-01-04 21:03:26,616 - root - INFO - Overlap count: 278
2022-01-04 21:03:26,617 - root - DEBUG - Started computing sf for chromosome 'chr1'...
2022-01-04 21:03:26,618 - root - DEBUG - m=500, n=500
2022-01-04 21:03:26,780 - root - DEBUG - Processing 10-th line out of 500 rows of DP table...
2022-01-04 21:03:26,952 - root - DEBUG - Processing 20-th line out of 500 rows of DP table...
2022-01-04 21:03:27,114 - root - DEBUG - Processing 30-th line out of 500 rows of DP table...
2022-01-04 21:03:27,274 - root - DEBUG - Processing 40-th line out of 500 rows of DP table...
2022-01-04 21:03:27,429 - root - DEBUG - Processing 50-th line out of 500 rows of DP table...
2022-01-04 21:03:27,581 - root - DEBUG - Processing 60-th line out of 500 rows of DP table...
2022-01-04 21:03:27,730 - root - DEBUG - Processing 70-th line out of 500 rows of DP table...
2022-01-04 21:03:27,877 - root - DEBUG - Processing 80-th line out of 500 rows of DP table...
2022-01-04 21:03:28,019 - root - DEBUG - Processing 90-th line out of 500 rows of DP table...
2022-01-04 21:03:28,164 - root - DEBUG - Processing 100-th line out of 500 rows of DP table...
2022-01-04 21:03:28,300 - root - DEBUG - Processing 110-th line out of 500 rows of DP table...
2022-01-04 21:03:28,432 - root - DEBUG - Processing 120-th line out of 500 rows of DP table...
2022-01-04 21:03:28,560 - root - DEBUG - Processing 130-th line out of 500 rows of DP table...
2022-01-04 21:03:28,686 - root - DEBUG - Processing 140-th line out of 500 rows of DP table...
2022-01-04 21:03:28,808 - root - DEBUG - Processing 150-th line out of 500 rows of DP table...
2022-01-04 21:03:28,928 - root - DEBUG - Processing 160-th line out of 500 rows of DP table...
2022-01-04 21:03:29,043 - root - DEBUG - Processing 170-th line out of 500 rows of DP table...
2022-01-04 21:03:29,156 - root - DEBUG - Processing 180-th line out of 500 rows of DP table...
2022-01-04 21:03:29,294 - root - DEBUG - Processing 190-th line out of 500 rows of DP table...
2022-01-04 21:03:29,401 - root - DEBUG - Processing 200-th line out of 500 rows of DP table...
2022-01-04 21:03:29,504 - root - DEBUG - Processing 210-th line out of 500 rows of DP table...
2022-01-04 21:03:29,604 - root - DEBUG - Processing 220-th line out of 500 rows of DP table...
2022-01-04 21:03:29,700 - root - DEBUG - Processing 230-th line out of 500 rows of DP table...
2022-01-04 21:03:29,795 - root - DEBUG - Processing 240-th line out of 500 rows of DP table...
2022-01-04 21:03:29,885 - root - DEBUG - Processing 250-th line out of 500 rows of DP table...
2022-01-04 21:03:29,972 - root - DEBUG - Processing 260-th line out of 500 rows of DP table...
2022-01-04 21:03:30,055 - root - DEBUG - Processing 270-th line out of 500 rows of DP table...
2022-01-04 21:03:30,135 - root - DEBUG - Processing 280-th line out of 500 rows of DP table...
2022-01-04 21:03:30,212 - root - DEBUG - Processing 290-th line out of 500 rows of DP table...
2022-01-04 21:03:30,286 - root - DEBUG - Processing 300-th line out of 500 rows of DP table...
2022-01-04 21:03:30,356 - root - DEBUG - Processing 310-th line out of 500 rows of DP table...
2022-01-04 21:03:30,429 - root - DEBUG - Processing 320-th line out of 500 rows of DP table...
2022-01-04 21:03:30,492 - root - DEBUG - Processing 330-th line out of 500 rows of DP table...
2022-01-04 21:03:30,552 - root - DEBUG - Processing 340-th line out of 500 rows of DP table...
2022-01-04 21:03:30,609 - root - DEBUG - Processing 350-th line out of 500 rows of DP table...
2022-01-04 21:03:30,662 - root - DEBUG - Processing 360-th line out of 500 rows of DP table...
2022-01-04 21:03:30,712 - root - DEBUG - Processing 370-th line out of 500 rows of DP table...
2022-01-04 21:03:30,759 - root - DEBUG - Processing 380-th line out of 500 rows of DP table...
2022-01-04 21:03:30,803 - root - DEBUG - Processing 390-th line out of 500 rows of DP table...
2022-01-04 21:03:30,843 - root - DEBUG - Processing 400-th line out of 500 rows of DP table...
2022-01-04 21:03:30,879 - root - DEBUG - Processing 410-th line out of 500 rows of DP table...
2022-01-04 21:03:30,912 - root - DEBUG - Processing 420-th line out of 500 rows of DP table...
2022-01-04 21:03:30,942 - root - DEBUG - Processing 430-th line out of 500 rows of DP table...
2022-01-04 21:03:30,969 - root - DEBUG - Processing 440-th line out of 500 rows of DP table...
2022-01-04 21:03:30,992 - root - DEBUG - Processing 450-th line out of 500 rows of DP table...
2022-01-04 21:03:31,012 - root - DEBUG - Processing 460-th line out of 500 rows of DP table...
2022-01-04 21:03:31,028 - root - DEBUG - Processing 470-th line out of 500 rows of DP table...
2022-01-04 21:03:31,041 - root - DEBUG - Processing 480-th line out of 500 rows of DP table...
2022-01-04 21:03:31,051 - root - DEBUG - Processing 490-th line out of 500 rows of DP table...
2022-01-04 21:03:31,057 - root - DEBUG - Processing 500-th line out of 500 rows of DP table...
2022-01-04 21:03:31,062 - root - DEBUG - Started computing joint logprobs...
