2022-01-04 20:49:52,819 - root - INFO - Loading reference interval set from '211227-2-sim/g18_2.ref.tsv'...
2022-01-04 20:49:52,821 - root - INFO - Loading query interval set from '211227-2-sim/g18_2.query.tsv'...
2022-01-04 20:49:52,824 - root - INFO - Loading chromosome sizes from '211227-2-sim/g18_sizes.tsv'...
2022-01-04 20:49:52,826 - root - INFO - Number of reference intervals: 500 (500 before merging)
2022-01-04 20:49:52,827 - root - INFO - Number of query intervals: 500 (500 before merging)
2022-01-04 20:49:52,827 - root - INFO - Number of chromosomes: 1
2022-01-04 20:49:52,829 - root - INFO - Overlap count: 282
2022-01-04 20:49:52,830 - root - DEBUG - Started computing sf for chromosome 'chr1'...
2022-01-04 20:49:52,831 - root - DEBUG - m=500, n=500
2022-01-04 20:49:52,993 - root - DEBUG - Processing 10-th line out of 500 rows of DP table...
2022-01-04 20:49:53,168 - root - DEBUG - Processing 20-th line out of 500 rows of DP table...
2022-01-04 20:49:53,333 - root - DEBUG - Processing 30-th line out of 500 rows of DP table...
2022-01-04 20:49:53,494 - root - DEBUG - Processing 40-th line out of 500 rows of DP table...
2022-01-04 20:49:53,733 - root - DEBUG - Processing 50-th line out of 500 rows of DP table...
2022-01-04 20:49:53,890 - root - DEBUG - Processing 60-th line out of 500 rows of DP table...
2022-01-04 20:49:54,050 - root - DEBUG - Processing 70-th line out of 500 rows of DP table...
2022-01-04 20:49:54,211 - root - DEBUG - Processing 80-th line out of 500 rows of DP table...
2022-01-04 20:49:54,357 - root - DEBUG - Processing 90-th line out of 500 rows of DP table...
2022-01-04 20:49:54,499 - root - DEBUG - Processing 100-th line out of 500 rows of DP table...
2022-01-04 20:49:54,637 - root - DEBUG - Processing 110-th line out of 500 rows of DP table...
2022-01-04 20:49:54,772 - root - DEBUG - Processing 120-th line out of 500 rows of DP table...
2022-01-04 20:49:54,904 - root - DEBUG - Processing 130-th line out of 500 rows of DP table...
2022-01-04 20:49:55,032 - root - DEBUG - Processing 140-th line out of 500 rows of DP table...
2022-01-04 20:49:55,156 - root - DEBUG - Processing 150-th line out of 500 rows of DP table...
2022-01-04 20:49:55,276 - root - DEBUG - Processing 160-th line out of 500 rows of DP table...
2022-01-04 20:49:55,393 - root - DEBUG - Processing 170-th line out of 500 rows of DP table...
2022-01-04 20:49:55,507 - root - DEBUG - Processing 180-th line out of 500 rows of DP table...
2022-01-04 20:49:55,618 - root - DEBUG - Processing 190-th line out of 500 rows of DP table...
2022-01-04 20:49:55,724 - root - DEBUG - Processing 200-th line out of 500 rows of DP table...
2022-01-04 20:49:55,829 - root - DEBUG - Processing 210-th line out of 500 rows of DP table...
2022-01-04 20:49:55,929 - root - DEBUG - Processing 220-th line out of 500 rows of DP table...
2022-01-04 20:49:56,027 - root - DEBUG - Processing 230-th line out of 500 rows of DP table...
2022-01-04 20:49:56,121 - root - DEBUG - Processing 240-th line out of 500 rows of DP table...
2022-01-04 20:49:56,212 - root - DEBUG - Processing 250-th line out of 500 rows of DP table...
2022-01-04 20:49:56,299 - root - DEBUG - Processing 260-th line out of 500 rows of DP table...
2022-01-04 20:49:56,383 - root - DEBUG - Processing 270-th line out of 500 rows of DP table...
2022-01-04 20:49:56,472 - root - DEBUG - Processing 280-th line out of 500 rows of DP table...
2022-01-04 20:49:56,549 - root - DEBUG - Processing 290-th line out of 500 rows of DP table...
2022-01-04 20:49:56,624 - root - DEBUG - Processing 300-th line out of 500 rows of DP table...
2022-01-04 20:49:56,694 - root - DEBUG - Processing 310-th line out of 500 rows of DP table...
2022-01-04 20:49:56,762 - root - DEBUG - Processing 320-th line out of 500 rows of DP table...
2022-01-04 20:49:56,825 - root - DEBUG - Processing 330-th line out of 500 rows of DP table...
2022-01-04 20:49:56,886 - root - DEBUG - Processing 340-th line out of 500 rows of DP table...
2022-01-04 20:49:56,943 - root - DEBUG - Processing 350-th line out of 500 rows of DP table...
2022-01-04 20:49:56,997 - root - DEBUG - Processing 360-th line out of 500 rows of DP table...
2022-01-04 20:49:57,047 - root - DEBUG - Processing 370-th line out of 500 rows of DP table...
2022-01-04 20:49:57,094 - root - DEBUG - Processing 380-th line out of 500 rows of DP table...
2022-01-04 20:49:57,137 - root - DEBUG - Processing 390-th line out of 500 rows of DP table...
2022-01-04 20:49:57,177 - root - DEBUG - Processing 400-th line out of 500 rows of DP table...
2022-01-04 20:49:57,213 - root - DEBUG - Processing 410-th line out of 500 rows of DP table...
2022-01-04 20:49:57,246 - root - DEBUG - Processing 420-th line out of 500 rows of DP table...
2022-01-04 20:49:57,275 - root - DEBUG - Processing 430-th line out of 500 rows of DP table...
2022-01-04 20:49:57,301 - root - DEBUG - Processing 440-th line out of 500 rows of DP table...
2022-01-04 20:49:57,324 - root - DEBUG - Processing 450-th line out of 500 rows of DP table...
2022-01-04 20:49:57,343 - root - DEBUG - Processing 460-th line out of 500 rows of DP table...
2022-01-04 20:49:57,359 - root - DEBUG - Processing 470-th line out of 500 rows of DP table...
2022-01-04 20:49:57,372 - root - DEBUG - Processing 480-th line out of 500 rows of DP table...
2022-01-04 20:49:57,381 - root - DEBUG - Processing 490-th line out of 500 rows of DP table...
2022-01-04 20:49:57,387 - root - DEBUG - Processing 500-th line out of 500 rows of DP table...
2022-01-04 20:49:57,393 - root - DEBUG - Started computing joint logprobs...
