2022-01-04 20:49:43,916 - root - INFO - Loading reference interval set from '211227-2-sim/g18_1.ref.tsv'...
2022-01-04 20:49:43,937 - root - INFO - Loading query interval set from '211227-2-sim/g18_1.query.tsv'...
2022-01-04 20:49:43,962 - root - INFO - Loading chromosome sizes from '211227-2-sim/g18_sizes.tsv'...
2022-01-04 20:49:43,964 - root - INFO - Number of reference intervals: 500 (500 before merging)
2022-01-04 20:49:43,965 - root - INFO - Number of query intervals: 500 (500 before merging)
2022-01-04 20:49:43,966 - root - INFO - Number of chromosomes: 1
2022-01-04 20:49:43,982 - root - INFO - Overlap count: 259
2022-01-04 20:49:43,983 - root - DEBUG - Started computing sf for chromosome 'chr1'...
2022-01-04 20:49:43,985 - root - DEBUG - m=500, n=500
2022-01-04 20:49:44,215 - root - DEBUG - Processing 10-th line out of 500 rows of DP table...
2022-01-04 20:49:44,382 - root - DEBUG - Processing 20-th line out of 500 rows of DP table...
2022-01-04 20:49:44,546 - root - DEBUG - Processing 30-th line out of 500 rows of DP table...
2022-01-04 20:49:44,709 - root - DEBUG - Processing 40-th line out of 500 rows of DP table...
2022-01-04 20:49:44,865 - root - DEBUG - Processing 50-th line out of 500 rows of DP table...
2022-01-04 20:49:45,018 - root - DEBUG - Processing 60-th line out of 500 rows of DP table...
2022-01-04 20:49:45,168 - root - DEBUG - Processing 70-th line out of 500 rows of DP table...
2022-01-04 20:49:45,314 - root - DEBUG - Processing 80-th line out of 500 rows of DP table...
2022-01-04 20:49:45,457 - root - DEBUG - Processing 90-th line out of 500 rows of DP table...
2022-01-04 20:49:45,596 - root - DEBUG - Processing 100-th line out of 500 rows of DP table...
2022-01-04 20:49:45,736 - root - DEBUG - Processing 110-th line out of 500 rows of DP table...
2022-01-04 20:49:45,870 - root - DEBUG - Processing 120-th line out of 500 rows of DP table...
2022-01-04 20:49:45,998 - root - DEBUG - Processing 130-th line out of 500 rows of DP table...
2022-01-04 20:49:46,124 - root - DEBUG - Processing 140-th line out of 500 rows of DP table...
2022-01-04 20:49:46,246 - root - DEBUG - Processing 150-th line out of 500 rows of DP table...
2022-01-04 20:49:46,366 - root - DEBUG - Processing 160-th line out of 500 rows of DP table...
2022-01-04 20:49:46,481 - root - DEBUG - Processing 170-th line out of 500 rows of DP table...
2022-01-04 20:49:46,595 - root - DEBUG - Processing 180-th line out of 500 rows of DP table...
2022-01-04 20:49:46,704 - root - DEBUG - Processing 190-th line out of 500 rows of DP table...
2022-01-04 20:49:46,831 - root - DEBUG - Processing 200-th line out of 500 rows of DP table...
2022-01-04 20:49:46,938 - root - DEBUG - Processing 210-th line out of 500 rows of DP table...
2022-01-04 20:49:47,038 - root - DEBUG - Processing 220-th line out of 500 rows of DP table...
2022-01-04 20:49:47,135 - root - DEBUG - Processing 230-th line out of 500 rows of DP table...
2022-01-04 20:49:47,229 - root - DEBUG - Processing 240-th line out of 500 rows of DP table...
2022-01-04 20:49:47,319 - root - DEBUG - Processing 250-th line out of 500 rows of DP table...
2022-01-04 20:49:47,406 - root - DEBUG - Processing 260-th line out of 500 rows of DP table...
2022-01-04 20:49:47,489 - root - DEBUG - Processing 270-th line out of 500 rows of DP table...
2022-01-04 20:49:47,569 - root - DEBUG - Processing 280-th line out of 500 rows of DP table...
2022-01-04 20:49:47,646 - root - DEBUG - Processing 290-th line out of 500 rows of DP table...
2022-01-04 20:49:47,719 - root - DEBUG - Processing 300-th line out of 500 rows of DP table...
2022-01-04 20:49:47,788 - root - DEBUG - Processing 310-th line out of 500 rows of DP table...
2022-01-04 20:49:47,854 - root - DEBUG - Processing 320-th line out of 500 rows of DP table...
2022-01-04 20:49:47,917 - root - DEBUG - Processing 330-th line out of 500 rows of DP table...
2022-01-04 20:49:47,977 - root - DEBUG - Processing 340-th line out of 500 rows of DP table...
2022-01-04 20:49:48,032 - root - DEBUG - Processing 350-th line out of 500 rows of DP table...
2022-01-04 20:49:48,089 - root - DEBUG - Processing 360-th line out of 500 rows of DP table...
2022-01-04 20:49:48,138 - root - DEBUG - Processing 370-th line out of 500 rows of DP table...
2022-01-04 20:49:48,184 - root - DEBUG - Processing 380-th line out of 500 rows of DP table...
2022-01-04 20:49:48,227 - root - DEBUG - Processing 390-th line out of 500 rows of DP table...
2022-01-04 20:49:48,267 - root - DEBUG - Processing 400-th line out of 500 rows of DP table...
2022-01-04 20:49:48,303 - root - DEBUG - Processing 410-th line out of 500 rows of DP table...
2022-01-04 20:49:48,335 - root - DEBUG - Processing 420-th line out of 500 rows of DP table...
2022-01-04 20:49:48,364 - root - DEBUG - Processing 430-th line out of 500 rows of DP table...
2022-01-04 20:49:48,390 - root - DEBUG - Processing 440-th line out of 500 rows of DP table...
2022-01-04 20:49:48,412 - root - DEBUG - Processing 450-th line out of 500 rows of DP table...
2022-01-04 20:49:48,431 - root - DEBUG - Processing 460-th line out of 500 rows of DP table...
2022-01-04 20:49:48,447 - root - DEBUG - Processing 470-th line out of 500 rows of DP table...
2022-01-04 20:49:48,459 - root - DEBUG - Processing 480-th line out of 500 rows of DP table...
2022-01-04 20:49:48,468 - root - DEBUG - Processing 490-th line out of 500 rows of DP table...
2022-01-04 20:49:48,474 - root - DEBUG - Processing 500-th line out of 500 rows of DP table...
2022-01-04 20:49:48,478 - root - DEBUG - Started computing joint logprobs...
