2022-01-04 00:57:43,845 - root - INFO - Loading reference interval set from '211227-2-sim/g19_4.ref.tsv'...
2022-01-04 00:57:43,849 - root - INFO - Loading query interval set from '211227-2-sim/g19_4.query.tsv'...
2022-01-04 00:57:43,852 - root - INFO - Loading chromosome sizes from '211227-2-sim/g19_sizes.tsv'...
2022-01-04 00:57:43,855 - root - INFO - Number of reference intervals: 2500 (2500 before merging)
2022-01-04 00:57:43,857 - root - INFO - Number of query intervals: 500 (500 before merging)
2022-01-04 00:57:43,858 - root - INFO - Number of chromosomes: 1
2022-01-04 00:57:43,862 - root - INFO - Overlap count: 117
2022-01-04 00:57:43,864 - root - DEBUG - Started computing sf for chromosome 'chr1'...
2022-01-04 00:57:43,866 - root - DEBUG - m=2500, n=500
2022-01-04 00:57:44,705 - root - DEBUG - Processing 10-th line out of 2500 rows of DP table...
2022-01-04 00:57:45,580 - root - DEBUG - Processing 20-th line out of 2500 rows of DP table...
2022-01-04 00:57:46,460 - root - DEBUG - Processing 30-th line out of 2500 rows of DP table...
2022-01-04 00:57:47,319 - root - DEBUG - Processing 40-th line out of 2500 rows of DP table...
2022-01-04 00:57:48,182 - root - DEBUG - Processing 50-th line out of 2500 rows of DP table...
2022-01-04 00:57:49,052 - root - DEBUG - Processing 60-th line out of 2500 rows of DP table...
2022-01-04 00:57:50,053 - root - DEBUG - Processing 70-th line out of 2500 rows of DP table...
2022-01-04 00:57:50,973 - root - DEBUG - Processing 80-th line out of 2500 rows of DP table...
2022-01-04 00:57:51,831 - root - DEBUG - Processing 90-th line out of 2500 rows of DP table...
2022-01-04 00:57:52,704 - root - DEBUG - Processing 100-th line out of 2500 rows of DP table...
2022-01-04 00:57:53,551 - root - DEBUG - Processing 110-th line out of 2500 rows of DP table...
2022-01-04 00:57:54,436 - root - DEBUG - Processing 120-th line out of 2500 rows of DP table...
2022-01-04 00:57:55,287 - root - DEBUG - Processing 130-th line out of 2500 rows of DP table...
2022-01-04 00:57:56,126 - root - DEBUG - Processing 140-th line out of 2500 rows of DP table...
2022-01-04 00:57:56,977 - root - DEBUG - Processing 150-th line out of 2500 rows of DP table...
2022-01-04 00:57:57,806 - root - DEBUG - Processing 160-th line out of 2500 rows of DP table...
2022-01-04 00:57:58,713 - root - DEBUG - Processing 170-th line out of 2500 rows of DP table...
2022-01-04 00:57:59,562 - root - DEBUG - Processing 180-th line out of 2500 rows of DP table...
2022-01-04 00:58:00,383 - root - DEBUG - Processing 190-th line out of 2500 rows of DP table...
2022-01-04 00:58:01,202 - root - DEBUG - Processing 200-th line out of 2500 rows of DP table...
2022-01-04 00:58:02,025 - root - DEBUG - Processing 210-th line out of 2500 rows of DP table...
2022-01-04 00:58:02,842 - root - DEBUG - Processing 220-th line out of 2500 rows of DP table...
2022-01-04 00:58:03,659 - root - DEBUG - Processing 230-th line out of 2500 rows of DP table...
2022-01-04 00:58:04,465 - root - DEBUG - Processing 240-th line out of 2500 rows of DP table...
2022-01-04 00:58:05,274 - root - DEBUG - Processing 250-th line out of 2500 rows of DP table...
2022-01-04 00:58:06,082 - root - DEBUG - Processing 260-th line out of 2500 rows of DP table...
2022-01-04 00:58:06,875 - root - DEBUG - Processing 270-th line out of 2500 rows of DP table...
2022-01-04 00:58:07,671 - root - DEBUG - Processing 280-th line out of 2500 rows of DP table...
2022-01-04 00:58:08,466 - root - DEBUG - Processing 290-th line out of 2500 rows of DP table...
2022-01-04 00:58:09,258 - root - DEBUG - Processing 300-th line out of 2500 rows of DP table...
2022-01-04 00:58:10,063 - root - DEBUG - Processing 310-th line out of 2500 rows of DP table...
2022-01-04 00:58:10,832 - root - DEBUG - Processing 320-th line out of 2500 rows of DP table...
2022-01-04 00:58:11,843 - root - DEBUG - Processing 330-th line out of 2500 rows of DP table...
2022-01-04 00:58:12,609 - root - DEBUG - Processing 340-th line out of 2500 rows of DP table...
2022-01-04 00:58:13,396 - root - DEBUG - Processing 350-th line out of 2500 rows of DP table...
2022-01-04 00:58:14,157 - root - DEBUG - Processing 360-th line out of 2500 rows of DP table...
2022-01-04 00:58:14,912 - root - DEBUG - Processing 370-th line out of 2500 rows of DP table...
2022-01-04 00:58:15,666 - root - DEBUG - Processing 380-th line out of 2500 rows of DP table...
2022-01-04 00:58:16,418 - root - DEBUG - Processing 390-th line out of 2500 rows of DP table...
2022-01-04 00:58:17,161 - root - DEBUG - Processing 400-th line out of 2500 rows of DP table...
2022-01-04 00:58:17,908 - root - DEBUG - Processing 410-th line out of 2500 rows of DP table...
2022-01-04 00:58:18,653 - root - DEBUG - Processing 420-th line out of 2500 rows of DP table...
2022-01-04 00:58:19,387 - root - DEBUG - Processing 430-th line out of 2500 rows of DP table...
2022-01-04 00:58:20,122 - root - DEBUG - Processing 440-th line out of 2500 rows of DP table...
2022-01-04 00:58:20,856 - root - DEBUG - Processing 450-th line out of 2500 rows of DP table...
2022-01-04 00:58:21,577 - root - DEBUG - Processing 460-th line out of 2500 rows of DP table...
2022-01-04 00:58:22,302 - root - DEBUG - Processing 470-th line out of 2500 rows of DP table...
2022-01-04 00:58:23,016 - root - DEBUG - Processing 480-th line out of 2500 rows of DP table...
2022-01-04 00:58:23,738 - root - DEBUG - Processing 490-th line out of 2500 rows of DP table...
2022-01-04 00:58:24,450 - root - DEBUG - Processing 500-th line out of 2500 rows of DP table...
2022-01-04 00:58:25,154 - root - DEBUG - Processing 510-th line out of 2500 rows of DP table...
2022-01-04 00:58:25,861 - root - DEBUG - Processing 520-th line out of 2500 rows of DP table...
2022-01-04 00:58:26,564 - root - DEBUG - Processing 530-th line out of 2500 rows of DP table...
2022-01-04 00:58:27,258 - root - DEBUG - Processing 540-th line out of 2500 rows of DP table...
2022-01-04 00:58:27,957 - root - DEBUG - Processing 550-th line out of 2500 rows of DP table...
2022-01-04 00:58:28,659 - root - DEBUG - Processing 560-th line out of 2500 rows of DP table...
2022-01-04 00:58:29,351 - root - DEBUG - Processing 570-th line out of 2500 rows of DP table...
2022-01-04 00:58:30,039 - root - DEBUG - Processing 580-th line out of 2500 rows of DP table...
2022-01-04 00:58:30,716 - root - DEBUG - Processing 590-th line out of 2500 rows of DP table...
2022-01-04 00:58:31,402 - root - DEBUG - Processing 600-th line out of 2500 rows of DP table...
2022-01-04 00:58:32,080 - root - DEBUG - Processing 610-th line out of 2500 rows of DP table...
2022-01-04 00:58:32,755 - root - DEBUG - Processing 620-th line out of 2500 rows of DP table...
2022-01-04 00:58:33,423 - root - DEBUG - Processing 630-th line out of 2500 rows of DP table...
2022-01-04 00:58:34,082 - root - DEBUG - Processing 640-th line out of 2500 rows of DP table...
2022-01-04 00:58:34,735 - root - DEBUG - Processing 650-th line out of 2500 rows of DP table...
2022-01-04 00:58:35,385 - root - DEBUG - Processing 660-th line out of 2500 rows of DP table...
2022-01-04 00:58:36,032 - root - DEBUG - Processing 670-th line out of 2500 rows of DP table...
2022-01-04 00:58:36,674 - root - DEBUG - Processing 680-th line out of 2500 rows of DP table...
2022-01-04 00:58:37,315 - root - DEBUG - Processing 690-th line out of 2500 rows of DP table...
2022-01-04 00:58:37,954 - root - DEBUG - Processing 700-th line out of 2500 rows of DP table...
2022-01-04 00:58:38,584 - root - DEBUG - Processing 710-th line out of 2500 rows of DP table...
2022-01-04 00:58:39,217 - root - DEBUG - Processing 720-th line out of 2500 rows of DP table...
2022-01-04 00:58:39,841 - root - DEBUG - Processing 730-th line out of 2500 rows of DP table...
2022-01-04 00:58:40,464 - root - DEBUG - Processing 740-th line out of 2500 rows of DP table...
2022-01-04 00:58:41,079 - root - DEBUG - Processing 750-th line out of 2500 rows of DP table...
2022-01-04 00:58:41,699 - root - DEBUG - Processing 760-th line out of 2500 rows of DP table...
2022-01-04 00:58:42,307 - root - DEBUG - Processing 770-th line out of 2500 rows of DP table...
2022-01-04 00:58:42,917 - root - DEBUG - Processing 780-th line out of 2500 rows of DP table...
2022-01-04 00:58:43,519 - root - DEBUG - Processing 790-th line out of 2500 rows of DP table...
2022-01-04 00:58:44,124 - root - DEBUG - Processing 800-th line out of 2500 rows of DP table...
2022-01-04 00:58:44,723 - root - DEBUG - Processing 810-th line out of 2500 rows of DP table...
2022-01-04 00:58:45,314 - root - DEBUG - Processing 820-th line out of 2500 rows of DP table...
2022-01-04 00:58:45,907 - root - DEBUG - Processing 830-th line out of 2500 rows of DP table...
2022-01-04 00:58:46,491 - root - DEBUG - Processing 840-th line out of 2500 rows of DP table...
2022-01-04 00:58:47,079 - root - DEBUG - Processing 850-th line out of 2500 rows of DP table...
2022-01-04 00:58:47,655 - root - DEBUG - Processing 860-th line out of 2500 rows of DP table...
2022-01-04 00:58:48,233 - root - DEBUG - Processing 870-th line out of 2500 rows of DP table...
2022-01-04 00:58:48,806 - root - DEBUG - Processing 880-th line out of 2500 rows of DP table...
2022-01-04 00:58:49,376 - root - DEBUG - Processing 890-th line out of 2500 rows of DP table...
2022-01-04 00:58:49,941 - root - DEBUG - Processing 900-th line out of 2500 rows of DP table...
2022-01-04 00:58:50,508 - root - DEBUG - Processing 910-th line out of 2500 rows of DP table...
2022-01-04 00:58:51,069 - root - DEBUG - Processing 920-th line out of 2500 rows of DP table...
2022-01-04 00:58:51,628 - root - DEBUG - Processing 930-th line out of 2500 rows of DP table...
2022-01-04 00:58:52,180 - root - DEBUG - Processing 940-th line out of 2500 rows of DP table...
2022-01-04 00:58:52,732 - root - DEBUG - Processing 950-th line out of 2500 rows of DP table...
2022-01-04 00:58:53,277 - root - DEBUG - Processing 960-th line out of 2500 rows of DP table...
2022-01-04 00:58:53,822 - root - DEBUG - Processing 970-th line out of 2500 rows of DP table...
2022-01-04 00:58:54,361 - root - DEBUG - Processing 980-th line out of 2500 rows of DP table...
2022-01-04 00:58:54,898 - root - DEBUG - Processing 990-th line out of 2500 rows of DP table...
2022-01-04 00:58:55,428 - root - DEBUG - Processing 1000-th line out of 2500 rows of DP table...
2022-01-04 00:58:55,958 - root - DEBUG - Processing 1010-th line out of 2500 rows of DP table...
2022-01-04 00:58:56,481 - root - DEBUG - Processing 1020-th line out of 2500 rows of DP table...
2022-01-04 00:58:57,008 - root - DEBUG - Processing 1030-th line out of 2500 rows of DP table...
2022-01-04 00:58:57,526 - root - DEBUG - Processing 1040-th line out of 2500 rows of DP table...
2022-01-04 00:58:58,038 - root - DEBUG - Processing 1050-th line out of 2500 rows of DP table...
2022-01-04 00:58:58,552 - root - DEBUG - Processing 1060-th line out of 2500 rows of DP table...
2022-01-04 00:58:59,058 - root - DEBUG - Processing 1070-th line out of 2500 rows of DP table...
2022-01-04 00:58:59,564 - root - DEBUG - Processing 1080-th line out of 2500 rows of DP table...
2022-01-04 00:59:00,063 - root - DEBUG - Processing 1090-th line out of 2500 rows of DP table...
2022-01-04 00:59:00,566 - root - DEBUG - Processing 1100-th line out of 2500 rows of DP table...
2022-01-04 00:59:01,058 - root - DEBUG - Processing 1110-th line out of 2500 rows of DP table...
2022-01-04 00:59:01,551 - root - DEBUG - Processing 1120-th line out of 2500 rows of DP table...
2022-01-04 00:59:02,038 - root - DEBUG - Processing 1130-th line out of 2500 rows of DP table...
2022-01-04 00:59:02,525 - root - DEBUG - Processing 1140-th line out of 2500 rows of DP table...
2022-01-04 00:59:03,011 - root - DEBUG - Processing 1150-th line out of 2500 rows of DP table...
2022-01-04 00:59:03,485 - root - DEBUG - Processing 1160-th line out of 2500 rows of DP table...
2022-01-04 00:59:03,961 - root - DEBUG - Processing 1170-th line out of 2500 rows of DP table...
2022-01-04 00:59:04,430 - root - DEBUG - Processing 1180-th line out of 2500 rows of DP table...
2022-01-04 00:59:04,893 - root - DEBUG - Processing 1190-th line out of 2500 rows of DP table...
2022-01-04 00:59:05,358 - root - DEBUG - Processing 1200-th line out of 2500 rows of DP table...
2022-01-04 00:59:05,817 - root - DEBUG - Processing 1210-th line out of 2500 rows of DP table...
2022-01-04 00:59:06,278 - root - DEBUG - Processing 1220-th line out of 2500 rows of DP table...
2022-01-04 00:59:06,726 - root - DEBUG - Processing 1230-th line out of 2500 rows of DP table...
2022-01-04 00:59:07,175 - root - DEBUG - Processing 1240-th line out of 2500 rows of DP table...
2022-01-04 00:59:07,675 - root - DEBUG - Processing 1250-th line out of 2500 rows of DP table...
2022-01-04 00:59:08,118 - root - DEBUG - Processing 1260-th line out of 2500 rows of DP table...
2022-01-04 00:59:08,560 - root - DEBUG - Processing 1270-th line out of 2500 rows of DP table...
2022-01-04 00:59:08,993 - root - DEBUG - Processing 1280-th line out of 2500 rows of DP table...
2022-01-04 00:59:09,422 - root - DEBUG - Processing 1290-th line out of 2500 rows of DP table...
2022-01-04 00:59:09,855 - root - DEBUG - Processing 1300-th line out of 2500 rows of DP table...
2022-01-04 00:59:10,279 - root - DEBUG - Processing 1310-th line out of 2500 rows of DP table...
2022-01-04 00:59:10,704 - root - DEBUG - Processing 1320-th line out of 2500 rows of DP table...
2022-01-04 00:59:11,120 - root - DEBUG - Processing 1330-th line out of 2500 rows of DP table...
2022-01-04 00:59:11,545 - root - DEBUG - Processing 1340-th line out of 2500 rows of DP table...
2022-01-04 00:59:11,992 - root - DEBUG - Processing 1350-th line out of 2500 rows of DP table...
2022-01-04 00:59:12,399 - root - DEBUG - Processing 1360-th line out of 2500 rows of DP table...
2022-01-04 00:59:12,802 - root - DEBUG - Processing 1370-th line out of 2500 rows of DP table...
2022-01-04 00:59:13,208 - root - DEBUG - Processing 1380-th line out of 2500 rows of DP table...
2022-01-04 00:59:13,606 - root - DEBUG - Processing 1390-th line out of 2500 rows of DP table...
2022-01-04 00:59:14,001 - root - DEBUG - Processing 1400-th line out of 2500 rows of DP table...
2022-01-04 00:59:14,396 - root - DEBUG - Processing 1410-th line out of 2500 rows of DP table...
2022-01-04 00:59:14,783 - root - DEBUG - Processing 1420-th line out of 2500 rows of DP table...
2022-01-04 00:59:15,167 - root - DEBUG - Processing 1430-th line out of 2500 rows of DP table...
2022-01-04 00:59:15,552 - root - DEBUG - Processing 1440-th line out of 2500 rows of DP table...
2022-01-04 00:59:15,929 - root - DEBUG - Processing 1450-th line out of 2500 rows of DP table...
2022-01-04 00:59:16,337 - root - DEBUG - Processing 1460-th line out of 2500 rows of DP table...
2022-01-04 00:59:16,709 - root - DEBUG - Processing 1470-th line out of 2500 rows of DP table...
2022-01-04 00:59:17,075 - root - DEBUG - Processing 1480-th line out of 2500 rows of DP table...
2022-01-04 00:59:17,436 - root - DEBUG - Processing 1490-th line out of 2500 rows of DP table...
2022-01-04 00:59:17,799 - root - DEBUG - Processing 1500-th line out of 2500 rows of DP table...
2022-01-04 00:59:18,173 - root - DEBUG - Processing 1510-th line out of 2500 rows of DP table...
2022-01-04 00:59:18,524 - root - DEBUG - Processing 1520-th line out of 2500 rows of DP table...
2022-01-04 00:59:18,876 - root - DEBUG - Processing 1530-th line out of 2500 rows of DP table...
2022-01-04 00:59:19,222 - root - DEBUG - Processing 1540-th line out of 2500 rows of DP table...
2022-01-04 00:59:19,563 - root - DEBUG - Processing 1550-th line out of 2500 rows of DP table...
2022-01-04 00:59:19,905 - root - DEBUG - Processing 1560-th line out of 2500 rows of DP table...
2022-01-04 00:59:20,267 - root - DEBUG - Processing 1570-th line out of 2500 rows of DP table...
2022-01-04 00:59:20,605 - root - DEBUG - Processing 1580-th line out of 2500 rows of DP table...
2022-01-04 00:59:20,939 - root - DEBUG - Processing 1590-th line out of 2500 rows of DP table...
2022-01-04 00:59:21,302 - root - DEBUG - Processing 1600-th line out of 2500 rows of DP table...
2022-01-04 00:59:21,625 - root - DEBUG - Processing 1610-th line out of 2500 rows of DP table...
2022-01-04 00:59:21,947 - root - DEBUG - Processing 1620-th line out of 2500 rows of DP table...
2022-01-04 00:59:22,261 - root - DEBUG - Processing 1630-th line out of 2500 rows of DP table...
2022-01-04 00:59:22,593 - root - DEBUG - Processing 1640-th line out of 2500 rows of DP table...
2022-01-04 00:59:22,912 - root - DEBUG - Processing 1650-th line out of 2500 rows of DP table...
2022-01-04 00:59:23,217 - root - DEBUG - Processing 1660-th line out of 2500 rows of DP table...
2022-01-04 00:59:23,520 - root - DEBUG - Processing 1670-th line out of 2500 rows of DP table...
2022-01-04 00:59:23,825 - root - DEBUG - Processing 1680-th line out of 2500 rows of DP table...
2022-01-04 00:59:24,121 - root - DEBUG - Processing 1690-th line out of 2500 rows of DP table...
2022-01-04 00:59:24,415 - root - DEBUG - Processing 1700-th line out of 2500 rows of DP table...
2022-01-04 00:59:24,706 - root - DEBUG - Processing 1710-th line out of 2500 rows of DP table...
2022-01-04 00:59:24,997 - root - DEBUG - Processing 1720-th line out of 2500 rows of DP table...
2022-01-04 00:59:25,279 - root - DEBUG - Processing 1730-th line out of 2500 rows of DP table...
2022-01-04 00:59:25,558 - root - DEBUG - Processing 1740-th line out of 2500 rows of DP table...
2022-01-04 00:59:25,835 - root - DEBUG - Processing 1750-th line out of 2500 rows of DP table...
2022-01-04 00:59:26,111 - root - DEBUG - Processing 1760-th line out of 2500 rows of DP table...
2022-01-04 00:59:26,378 - root - DEBUG - Processing 1770-th line out of 2500 rows of DP table...
2022-01-04 00:59:26,643 - root - DEBUG - Processing 1780-th line out of 2500 rows of DP table...
2022-01-04 00:59:26,904 - root - DEBUG - Processing 1790-th line out of 2500 rows of DP table...
2022-01-04 00:59:27,162 - root - DEBUG - Processing 1800-th line out of 2500 rows of DP table...
2022-01-04 00:59:27,419 - root - DEBUG - Processing 1810-th line out of 2500 rows of DP table...
2022-01-04 00:59:27,671 - root - DEBUG - Processing 1820-th line out of 2500 rows of DP table...
2022-01-04 00:59:27,918 - root - DEBUG - Processing 1830-th line out of 2500 rows of DP table...
2022-01-04 00:59:28,163 - root - DEBUG - Processing 1840-th line out of 2500 rows of DP table...
2022-01-04 00:59:28,410 - root - DEBUG - Processing 1850-th line out of 2500 rows of DP table...
2022-01-04 00:59:28,648 - root - DEBUG - Processing 1860-th line out of 2500 rows of DP table...
2022-01-04 00:59:28,881 - root - DEBUG - Processing 1870-th line out of 2500 rows of DP table...
2022-01-04 00:59:29,111 - root - DEBUG - Processing 1880-th line out of 2500 rows of DP table...
2022-01-04 00:59:29,339 - root - DEBUG - Processing 1890-th line out of 2500 rows of DP table...
2022-01-04 00:59:29,565 - root - DEBUG - Processing 1900-th line out of 2500 rows of DP table...
2022-01-04 00:59:29,784 - root - DEBUG - Processing 1910-th line out of 2500 rows of DP table...
2022-01-04 00:59:30,000 - root - DEBUG - Processing 1920-th line out of 2500 rows of DP table...
2022-01-04 00:59:30,212 - root - DEBUG - Processing 1930-th line out of 2500 rows of DP table...
2022-01-04 00:59:30,422 - root - DEBUG - Processing 1940-th line out of 2500 rows of DP table...
2022-01-04 00:59:30,632 - root - DEBUG - Processing 1950-th line out of 2500 rows of DP table...
2022-01-04 00:59:30,836 - root - DEBUG - Processing 1960-th line out of 2500 rows of DP table...
2022-01-04 00:59:31,035 - root - DEBUG - Processing 1970-th line out of 2500 rows of DP table...
2022-01-04 00:59:31,230 - root - DEBUG - Processing 1980-th line out of 2500 rows of DP table...
2022-01-04 00:59:31,423 - root - DEBUG - Processing 1990-th line out of 2500 rows of DP table...
2022-01-04 00:59:31,611 - root - DEBUG - Processing 2000-th line out of 2500 rows of DP table...
2022-01-04 00:59:31,801 - root - DEBUG - Processing 2010-th line out of 2500 rows of DP table...
2022-01-04 00:59:31,982 - root - DEBUG - Processing 2020-th line out of 2500 rows of DP table...
2022-01-04 00:59:32,160 - root - DEBUG - Processing 2030-th line out of 2500 rows of DP table...
2022-01-04 00:59:32,335 - root - DEBUG - Processing 2040-th line out of 2500 rows of DP table...
2022-01-04 00:59:32,529 - root - DEBUG - Processing 2050-th line out of 2500 rows of DP table...
2022-01-04 00:59:32,714 - root - DEBUG - Processing 2060-th line out of 2500 rows of DP table...
2022-01-04 00:59:32,885 - root - DEBUG - Processing 2070-th line out of 2500 rows of DP table...
2022-01-04 00:59:33,049 - root - DEBUG - Processing 2080-th line out of 2500 rows of DP table...
2022-01-04 00:59:33,208 - root - DEBUG - Processing 2090-th line out of 2500 rows of DP table...
2022-01-04 00:59:33,363 - root - DEBUG - Processing 2100-th line out of 2500 rows of DP table...
2022-01-04 00:59:33,531 - root - DEBUG - Processing 2110-th line out of 2500 rows of DP table...
2022-01-04 00:59:33,769 - root - DEBUG - Processing 2120-th line out of 2500 rows of DP table...
2022-01-04 00:59:33,959 - root - DEBUG - Processing 2130-th line out of 2500 rows of DP table...
2022-01-04 00:59:34,102 - root - DEBUG - Processing 2140-th line out of 2500 rows of DP table...
2022-01-04 00:59:34,283 - root - DEBUG - Processing 2150-th line out of 2500 rows of DP table...
2022-01-04 00:59:34,422 - root - DEBUG - Processing 2160-th line out of 2500 rows of DP table...
2022-01-04 00:59:34,556 - root - DEBUG - Processing 2170-th line out of 2500 rows of DP table...
2022-01-04 00:59:34,687 - root - DEBUG - Processing 2180-th line out of 2500 rows of DP table...
2022-01-04 00:59:34,819 - root - DEBUG - Processing 2190-th line out of 2500 rows of DP table...
2022-01-04 00:59:34,948 - root - DEBUG - Processing 2200-th line out of 2500 rows of DP table...
2022-01-04 00:59:35,083 - root - DEBUG - Processing 2210-th line out of 2500 rows of DP table...
2022-01-04 00:59:35,208 - root - DEBUG - Processing 2220-th line out of 2500 rows of DP table...
2022-01-04 00:59:35,327 - root - DEBUG - Processing 2230-th line out of 2500 rows of DP table...
2022-01-04 00:59:35,441 - root - DEBUG - Processing 2240-th line out of 2500 rows of DP table...
2022-01-04 00:59:35,551 - root - DEBUG - Processing 2250-th line out of 2500 rows of DP table...
2022-01-04 00:59:35,654 - root - DEBUG - Processing 2260-th line out of 2500 rows of DP table...
2022-01-04 00:59:35,781 - root - DEBUG - Processing 2270-th line out of 2500 rows of DP table...
2022-01-04 00:59:35,876 - root - DEBUG - Processing 2280-th line out of 2500 rows of DP table...
2022-01-04 00:59:35,967 - root - DEBUG - Processing 2290-th line out of 2500 rows of DP table...
2022-01-04 00:59:36,054 - root - DEBUG - Processing 2300-th line out of 2500 rows of DP table...
2022-01-04 00:59:36,145 - root - DEBUG - Processing 2310-th line out of 2500 rows of DP table...
2022-01-04 00:59:36,263 - root - DEBUG - Processing 2320-th line out of 2500 rows of DP table...
2022-01-04 00:59:36,340 - root - DEBUG - Processing 2330-th line out of 2500 rows of DP table...
2022-01-04 00:59:36,413 - root - DEBUG - Processing 2340-th line out of 2500 rows of DP table...
2022-01-04 00:59:36,482 - root - DEBUG - Processing 2350-th line out of 2500 rows of DP table...
2022-01-04 00:59:36,547 - root - DEBUG - Processing 2360-th line out of 2500 rows of DP table...
2022-01-04 00:59:36,610 - root - DEBUG - Processing 2370-th line out of 2500 rows of DP table...
2022-01-04 00:59:36,670 - root - DEBUG - Processing 2380-th line out of 2500 rows of DP table...
2022-01-04 00:59:36,727 - root - DEBUG - Processing 2390-th line out of 2500 rows of DP table...
2022-01-04 00:59:36,780 - root - DEBUG - Processing 2400-th line out of 2500 rows of DP table...
2022-01-04 00:59:36,828 - root - DEBUG - Processing 2410-th line out of 2500 rows of DP table...
2022-01-04 00:59:36,874 - root - DEBUG - Processing 2420-th line out of 2500 rows of DP table...
2022-01-04 00:59:36,916 - root - DEBUG - Processing 2430-th line out of 2500 rows of DP table...
2022-01-04 00:59:36,954 - root - DEBUG - Processing 2440-th line out of 2500 rows of DP table...
2022-01-04 00:59:36,988 - root - DEBUG - Processing 2450-th line out of 2500 rows of DP table...
2022-01-04 00:59:37,019 - root - DEBUG - Processing 2460-th line out of 2500 rows of DP table...
2022-01-04 00:59:37,046 - root - DEBUG - Processing 2470-th line out of 2500 rows of DP table...
2022-01-04 00:59:37,069 - root - DEBUG - Processing 2480-th line out of 2500 rows of DP table...
2022-01-04 00:59:37,088 - root - DEBUG - Processing 2490-th line out of 2500 rows of DP table...
2022-01-04 00:59:37,103 - root - DEBUG - Processing 2500-th line out of 2500 rows of DP table...
2022-01-04 00:59:37,120 - root - DEBUG - Started computing joint logprobs...
