2022-01-04 00:57:44,227 - root - INFO - Loading reference interval set from '211227-2-sim/g19_7.ref.tsv'...
2022-01-04 00:57:44,234 - root - INFO - Loading query interval set from '211227-2-sim/g19_7.query.tsv'...
2022-01-04 00:57:44,237 - root - INFO - Loading chromosome sizes from '211227-2-sim/g19_sizes.tsv'...
2022-01-04 00:57:44,241 - root - INFO - Number of reference intervals: 2500 (2500 before merging)
2022-01-04 00:57:44,242 - root - INFO - Number of query intervals: 500 (500 before merging)
2022-01-04 00:57:44,242 - root - INFO - Number of chromosomes: 1
2022-01-04 00:57:44,250 - root - INFO - Overlap count: 154
2022-01-04 00:57:44,252 - root - DEBUG - Started computing sf for chromosome 'chr1'...
2022-01-04 00:57:44,253 - root - DEBUG - m=2500, n=500
2022-01-04 00:57:45,187 - root - DEBUG - Processing 10-th line out of 2500 rows of DP table...
2022-01-04 00:57:46,053 - root - DEBUG - Processing 20-th line out of 2500 rows of DP table...
2022-01-04 00:57:46,920 - root - DEBUG - Processing 30-th line out of 2500 rows of DP table...
2022-01-04 00:57:47,779 - root - DEBUG - Processing 40-th line out of 2500 rows of DP table...
2022-01-04 00:57:48,639 - root - DEBUG - Processing 50-th line out of 2500 rows of DP table...
2022-01-04 00:57:49,494 - root - DEBUG - Processing 60-th line out of 2500 rows of DP table...
2022-01-04 00:57:50,376 - root - DEBUG - Processing 70-th line out of 2500 rows of DP table...
2022-01-04 00:57:51,234 - root - DEBUG - Processing 80-th line out of 2500 rows of DP table...
2022-01-04 00:57:52,086 - root - DEBUG - Processing 90-th line out of 2500 rows of DP table...
2022-01-04 00:57:52,944 - root - DEBUG - Processing 100-th line out of 2500 rows of DP table...
2022-01-04 00:57:53,790 - root - DEBUG - Processing 110-th line out of 2500 rows of DP table...
2022-01-04 00:57:54,631 - root - DEBUG - Processing 120-th line out of 2500 rows of DP table...
2022-01-04 00:57:55,470 - root - DEBUG - Processing 130-th line out of 2500 rows of DP table...
2022-01-04 00:57:56,309 - root - DEBUG - Processing 140-th line out of 2500 rows of DP table...
2022-01-04 00:57:57,142 - root - DEBUG - Processing 150-th line out of 2500 rows of DP table...
2022-01-04 00:57:57,967 - root - DEBUG - Processing 160-th line out of 2500 rows of DP table...
2022-01-04 00:57:58,803 - root - DEBUG - Processing 170-th line out of 2500 rows of DP table...
2022-01-04 00:57:59,643 - root - DEBUG - Processing 180-th line out of 2500 rows of DP table...
2022-01-04 00:58:00,453 - root - DEBUG - Processing 190-th line out of 2500 rows of DP table...
2022-01-04 00:58:01,270 - root - DEBUG - Processing 200-th line out of 2500 rows of DP table...
2022-01-04 00:58:02,084 - root - DEBUG - Processing 210-th line out of 2500 rows of DP table...
2022-01-04 00:58:02,891 - root - DEBUG - Processing 220-th line out of 2500 rows of DP table...
2022-01-04 00:58:03,686 - root - DEBUG - Processing 230-th line out of 2500 rows of DP table...
2022-01-04 00:58:04,486 - root - DEBUG - Processing 240-th line out of 2500 rows of DP table...
2022-01-04 00:58:05,283 - root - DEBUG - Processing 250-th line out of 2500 rows of DP table...
2022-01-04 00:58:06,073 - root - DEBUG - Processing 260-th line out of 2500 rows of DP table...
2022-01-04 00:58:06,865 - root - DEBUG - Processing 270-th line out of 2500 rows of DP table...
2022-01-04 00:58:07,654 - root - DEBUG - Processing 280-th line out of 2500 rows of DP table...
2022-01-04 00:58:08,432 - root - DEBUG - Processing 290-th line out of 2500 rows of DP table...
2022-01-04 00:58:09,213 - root - DEBUG - Processing 300-th line out of 2500 rows of DP table...
2022-01-04 00:58:09,989 - root - DEBUG - Processing 310-th line out of 2500 rows of DP table...
2022-01-04 00:58:10,758 - root - DEBUG - Processing 320-th line out of 2500 rows of DP table...
2022-01-04 00:58:11,521 - root - DEBUG - Processing 330-th line out of 2500 rows of DP table...
2022-01-04 00:58:12,288 - root - DEBUG - Processing 340-th line out of 2500 rows of DP table...
2022-01-04 00:58:13,051 - root - DEBUG - Processing 350-th line out of 2500 rows of DP table...
2022-01-04 00:58:13,829 - root - DEBUG - Processing 360-th line out of 2500 rows of DP table...
2022-01-04 00:58:14,587 - root - DEBUG - Processing 370-th line out of 2500 rows of DP table...
2022-01-04 00:58:15,344 - root - DEBUG - Processing 380-th line out of 2500 rows of DP table...
2022-01-04 00:58:16,087 - root - DEBUG - Processing 390-th line out of 2500 rows of DP table...
2022-01-04 00:58:16,831 - root - DEBUG - Processing 400-th line out of 2500 rows of DP table...
2022-01-04 00:58:17,574 - root - DEBUG - Processing 410-th line out of 2500 rows of DP table...
2022-01-04 00:58:18,312 - root - DEBUG - Processing 420-th line out of 2500 rows of DP table...
2022-01-04 00:58:19,044 - root - DEBUG - Processing 430-th line out of 2500 rows of DP table...
2022-01-04 00:58:19,771 - root - DEBUG - Processing 440-th line out of 2500 rows of DP table...
2022-01-04 00:58:20,499 - root - DEBUG - Processing 450-th line out of 2500 rows of DP table...
2022-01-04 00:58:21,224 - root - DEBUG - Processing 460-th line out of 2500 rows of DP table...
2022-01-04 00:58:21,941 - root - DEBUG - Processing 470-th line out of 2500 rows of DP table...
2022-01-04 00:58:22,661 - root - DEBUG - Processing 480-th line out of 2500 rows of DP table...
2022-01-04 00:58:23,377 - root - DEBUG - Processing 490-th line out of 2500 rows of DP table...
2022-01-04 00:58:24,087 - root - DEBUG - Processing 500-th line out of 2500 rows of DP table...
2022-01-04 00:58:24,824 - root - DEBUG - Processing 510-th line out of 2500 rows of DP table...
2022-01-04 00:58:25,527 - root - DEBUG - Processing 520-th line out of 2500 rows of DP table...
2022-01-04 00:58:26,227 - root - DEBUG - Processing 530-th line out of 2500 rows of DP table...
2022-01-04 00:58:26,925 - root - DEBUG - Processing 540-th line out of 2500 rows of DP table...
2022-01-04 00:58:27,615 - root - DEBUG - Processing 550-th line out of 2500 rows of DP table...
2022-01-04 00:58:28,306 - root - DEBUG - Processing 560-th line out of 2500 rows of DP table...
2022-01-04 00:58:28,994 - root - DEBUG - Processing 570-th line out of 2500 rows of DP table...
2022-01-04 00:58:29,672 - root - DEBUG - Processing 580-th line out of 2500 rows of DP table...
2022-01-04 00:58:30,352 - root - DEBUG - Processing 590-th line out of 2500 rows of DP table...
2022-01-04 00:58:31,020 - root - DEBUG - Processing 600-th line out of 2500 rows of DP table...
2022-01-04 00:58:31,694 - root - DEBUG - Processing 610-th line out of 2500 rows of DP table...
2022-01-04 00:58:32,357 - root - DEBUG - Processing 620-th line out of 2500 rows of DP table...
2022-01-04 00:58:33,025 - root - DEBUG - Processing 630-th line out of 2500 rows of DP table...
2022-01-04 00:58:33,689 - root - DEBUG - Processing 640-th line out of 2500 rows of DP table...
2022-01-04 00:58:34,339 - root - DEBUG - Processing 650-th line out of 2500 rows of DP table...
2022-01-04 00:58:35,038 - root - DEBUG - Processing 660-th line out of 2500 rows of DP table...
2022-01-04 00:58:35,688 - root - DEBUG - Processing 670-th line out of 2500 rows of DP table...
2022-01-04 00:58:36,337 - root - DEBUG - Processing 680-th line out of 2500 rows of DP table...
2022-01-04 00:58:36,986 - root - DEBUG - Processing 690-th line out of 2500 rows of DP table...
2022-01-04 00:58:37,624 - root - DEBUG - Processing 700-th line out of 2500 rows of DP table...
2022-01-04 00:58:38,268 - root - DEBUG - Processing 710-th line out of 2500 rows of DP table...
2022-01-04 00:58:38,899 - root - DEBUG - Processing 720-th line out of 2500 rows of DP table...
2022-01-04 00:58:39,536 - root - DEBUG - Processing 730-th line out of 2500 rows of DP table...
2022-01-04 00:58:40,162 - root - DEBUG - Processing 740-th line out of 2500 rows of DP table...
2022-01-04 00:58:40,790 - root - DEBUG - Processing 750-th line out of 2500 rows of DP table...
2022-01-04 00:58:41,409 - root - DEBUG - Processing 760-th line out of 2500 rows of DP table...
2022-01-04 00:58:42,030 - root - DEBUG - Processing 770-th line out of 2500 rows of DP table...
2022-01-04 00:58:42,644 - root - DEBUG - Processing 780-th line out of 2500 rows of DP table...
2022-01-04 00:58:43,255 - root - DEBUG - Processing 790-th line out of 2500 rows of DP table...
2022-01-04 00:58:43,868 - root - DEBUG - Processing 800-th line out of 2500 rows of DP table...
2022-01-04 00:58:44,468 - root - DEBUG - Processing 810-th line out of 2500 rows of DP table...
2022-01-04 00:58:45,071 - root - DEBUG - Processing 820-th line out of 2500 rows of DP table...
2022-01-04 00:58:45,666 - root - DEBUG - Processing 830-th line out of 2500 rows of DP table...
2022-01-04 00:58:46,263 - root - DEBUG - Processing 840-th line out of 2500 rows of DP table...
2022-01-04 00:58:46,849 - root - DEBUG - Processing 850-th line out of 2500 rows of DP table...
2022-01-04 00:58:47,436 - root - DEBUG - Processing 860-th line out of 2500 rows of DP table...
2022-01-04 00:58:48,015 - root - DEBUG - Processing 870-th line out of 2500 rows of DP table...
2022-01-04 00:58:48,598 - root - DEBUG - Processing 880-th line out of 2500 rows of DP table...
2022-01-04 00:58:49,170 - root - DEBUG - Processing 890-th line out of 2500 rows of DP table...
2022-01-04 00:58:49,744 - root - DEBUG - Processing 900-th line out of 2500 rows of DP table...
2022-01-04 00:58:50,309 - root - DEBUG - Processing 910-th line out of 2500 rows of DP table...
2022-01-04 00:58:50,878 - root - DEBUG - Processing 920-th line out of 2500 rows of DP table...
2022-01-04 00:58:51,438 - root - DEBUG - Processing 930-th line out of 2500 rows of DP table...
2022-01-04 00:58:51,999 - root - DEBUG - Processing 940-th line out of 2500 rows of DP table...
2022-01-04 00:58:52,552 - root - DEBUG - Processing 950-th line out of 2500 rows of DP table...
2022-01-04 00:58:53,110 - root - DEBUG - Processing 960-th line out of 2500 rows of DP table...
2022-01-04 00:58:53,656 - root - DEBUG - Processing 970-th line out of 2500 rows of DP table...
2022-01-04 00:58:54,225 - root - DEBUG - Processing 980-th line out of 2500 rows of DP table...
2022-01-04 00:58:54,765 - root - DEBUG - Processing 990-th line out of 2500 rows of DP table...
2022-01-04 00:58:55,309 - root - DEBUG - Processing 1000-th line out of 2500 rows of DP table...
2022-01-04 00:58:55,842 - root - DEBUG - Processing 1010-th line out of 2500 rows of DP table...
2022-01-04 00:58:56,377 - root - DEBUG - Processing 1020-th line out of 2500 rows of DP table...
2022-01-04 00:58:56,904 - root - DEBUG - Processing 1030-th line out of 2500 rows of DP table...
2022-01-04 00:58:57,426 - root - DEBUG - Processing 1040-th line out of 2500 rows of DP table...
2022-01-04 00:58:57,952 - root - DEBUG - Processing 1050-th line out of 2500 rows of DP table...
2022-01-04 00:58:58,469 - root - DEBUG - Processing 1060-th line out of 2500 rows of DP table...
2022-01-04 00:58:58,984 - root - DEBUG - Processing 1070-th line out of 2500 rows of DP table...
2022-01-04 00:58:59,559 - root - DEBUG - Processing 1080-th line out of 2500 rows of DP table...
2022-01-04 00:59:00,070 - root - DEBUG - Processing 1090-th line out of 2500 rows of DP table...
2022-01-04 00:59:00,571 - root - DEBUG - Processing 1100-th line out of 2500 rows of DP table...
2022-01-04 00:59:01,076 - root - DEBUG - Processing 1110-th line out of 2500 rows of DP table...
2022-01-04 00:59:01,569 - root - DEBUG - Processing 1120-th line out of 2500 rows of DP table...
2022-01-04 00:59:02,057 - root - DEBUG - Processing 1130-th line out of 2500 rows of DP table...
2022-01-04 00:59:02,549 - root - DEBUG - Processing 1140-th line out of 2500 rows of DP table...
2022-01-04 00:59:03,034 - root - DEBUG - Processing 1150-th line out of 2500 rows of DP table...
2022-01-04 00:59:03,524 - root - DEBUG - Processing 1160-th line out of 2500 rows of DP table...
2022-01-04 00:59:04,000 - root - DEBUG - Processing 1170-th line out of 2500 rows of DP table...
2022-01-04 00:59:04,532 - root - DEBUG - Processing 1180-th line out of 2500 rows of DP table...
2022-01-04 00:59:05,000 - root - DEBUG - Processing 1190-th line out of 2500 rows of DP table...
2022-01-04 00:59:05,488 - root - DEBUG - Processing 1200-th line out of 2500 rows of DP table...
2022-01-04 00:59:05,956 - root - DEBUG - Processing 1210-th line out of 2500 rows of DP table...
2022-01-04 00:59:06,416 - root - DEBUG - Processing 1220-th line out of 2500 rows of DP table...
2022-01-04 00:59:06,879 - root - DEBUG - Processing 1230-th line out of 2500 rows of DP table...
2022-01-04 00:59:07,331 - root - DEBUG - Processing 1240-th line out of 2500 rows of DP table...
2022-01-04 00:59:07,778 - root - DEBUG - Processing 1250-th line out of 2500 rows of DP table...
2022-01-04 00:59:08,229 - root - DEBUG - Processing 1260-th line out of 2500 rows of DP table...
2022-01-04 00:59:08,668 - root - DEBUG - Processing 1270-th line out of 2500 rows of DP table...
2022-01-04 00:59:09,111 - root - DEBUG - Processing 1280-th line out of 2500 rows of DP table...
2022-01-04 00:59:09,547 - root - DEBUG - Processing 1290-th line out of 2500 rows of DP table...
2022-01-04 00:59:09,979 - root - DEBUG - Processing 1300-th line out of 2500 rows of DP table...
2022-01-04 00:59:10,415 - root - DEBUG - Processing 1310-th line out of 2500 rows of DP table...
2022-01-04 00:59:10,841 - root - DEBUG - Processing 1320-th line out of 2500 rows of DP table...
2022-01-04 00:59:11,268 - root - DEBUG - Processing 1330-th line out of 2500 rows of DP table...
2022-01-04 00:59:11,684 - root - DEBUG - Processing 1340-th line out of 2500 rows of DP table...
2022-01-04 00:59:12,103 - root - DEBUG - Processing 1350-th line out of 2500 rows of DP table...
2022-01-04 00:59:12,521 - root - DEBUG - Processing 1360-th line out of 2500 rows of DP table...
2022-01-04 00:59:12,927 - root - DEBUG - Processing 1370-th line out of 2500 rows of DP table...
2022-01-04 00:59:13,330 - root - DEBUG - Processing 1380-th line out of 2500 rows of DP table...
2022-01-04 00:59:13,736 - root - DEBUG - Processing 1390-th line out of 2500 rows of DP table...
2022-01-04 00:59:14,132 - root - DEBUG - Processing 1400-th line out of 2500 rows of DP table...
2022-01-04 00:59:14,523 - root - DEBUG - Processing 1410-th line out of 2500 rows of DP table...
2022-01-04 00:59:14,918 - root - DEBUG - Processing 1420-th line out of 2500 rows of DP table...
2022-01-04 00:59:15,305 - root - DEBUG - Processing 1430-th line out of 2500 rows of DP table...
2022-01-04 00:59:15,688 - root - DEBUG - Processing 1440-th line out of 2500 rows of DP table...
2022-01-04 00:59:16,093 - root - DEBUG - Processing 1450-th line out of 2500 rows of DP table...
2022-01-04 00:59:16,470 - root - DEBUG - Processing 1460-th line out of 2500 rows of DP table...
2022-01-04 00:59:16,843 - root - DEBUG - Processing 1470-th line out of 2500 rows of DP table...
2022-01-04 00:59:17,220 - root - DEBUG - Processing 1480-th line out of 2500 rows of DP table...
2022-01-04 00:59:17,587 - root - DEBUG - Processing 1490-th line out of 2500 rows of DP table...
2022-01-04 00:59:17,951 - root - DEBUG - Processing 1500-th line out of 2500 rows of DP table...
2022-01-04 00:59:18,316 - root - DEBUG - Processing 1510-th line out of 2500 rows of DP table...
2022-01-04 00:59:18,672 - root - DEBUG - Processing 1520-th line out of 2500 rows of DP table...
2022-01-04 00:59:19,028 - root - DEBUG - Processing 1530-th line out of 2500 rows of DP table...
2022-01-04 00:59:19,387 - root - DEBUG - Processing 1540-th line out of 2500 rows of DP table...
2022-01-04 00:59:19,734 - root - DEBUG - Processing 1550-th line out of 2500 rows of DP table...
2022-01-04 00:59:20,078 - root - DEBUG - Processing 1560-th line out of 2500 rows of DP table...
2022-01-04 00:59:20,425 - root - DEBUG - Processing 1570-th line out of 2500 rows of DP table...
2022-01-04 00:59:20,760 - root - DEBUG - Processing 1580-th line out of 2500 rows of DP table...
2022-01-04 00:59:21,095 - root - DEBUG - Processing 1590-th line out of 2500 rows of DP table...
2022-01-04 00:59:21,424 - root - DEBUG - Processing 1600-th line out of 2500 rows of DP table...
2022-01-04 00:59:21,756 - root - DEBUG - Processing 1610-th line out of 2500 rows of DP table...
2022-01-04 00:59:22,078 - root - DEBUG - Processing 1620-th line out of 2500 rows of DP table...
2022-01-04 00:59:22,396 - root - DEBUG - Processing 1630-th line out of 2500 rows of DP table...
2022-01-04 00:59:22,719 - root - DEBUG - Processing 1640-th line out of 2500 rows of DP table...
2022-01-04 00:59:23,031 - root - DEBUG - Processing 1650-th line out of 2500 rows of DP table...
2022-01-04 00:59:23,339 - root - DEBUG - Processing 1660-th line out of 2500 rows of DP table...
2022-01-04 00:59:23,642 - root - DEBUG - Processing 1670-th line out of 2500 rows of DP table...
2022-01-04 00:59:23,952 - root - DEBUG - Processing 1680-th line out of 2500 rows of DP table...
2022-01-04 00:59:24,249 - root - DEBUG - Processing 1690-th line out of 2500 rows of DP table...
2022-01-04 00:59:24,542 - root - DEBUG - Processing 1700-th line out of 2500 rows of DP table...
2022-01-04 00:59:24,830 - root - DEBUG - Processing 1710-th line out of 2500 rows of DP table...
2022-01-04 00:59:25,124 - root - DEBUG - Processing 1720-th line out of 2500 rows of DP table...
2022-01-04 00:59:25,406 - root - DEBUG - Processing 1730-th line out of 2500 rows of DP table...
2022-01-04 00:59:25,685 - root - DEBUG - Processing 1740-th line out of 2500 rows of DP table...
2022-01-04 00:59:25,963 - root - DEBUG - Processing 1750-th line out of 2500 rows of DP table...
2022-01-04 00:59:26,243 - root - DEBUG - Processing 1760-th line out of 2500 rows of DP table...
2022-01-04 00:59:26,511 - root - DEBUG - Processing 1770-th line out of 2500 rows of DP table...
2022-01-04 00:59:26,775 - root - DEBUG - Processing 1780-th line out of 2500 rows of DP table...
2022-01-04 00:59:27,040 - root - DEBUG - Processing 1790-th line out of 2500 rows of DP table...
2022-01-04 00:59:27,306 - root - DEBUG - Processing 1800-th line out of 2500 rows of DP table...
2022-01-04 00:59:27,560 - root - DEBUG - Processing 1810-th line out of 2500 rows of DP table...
2022-01-04 00:59:27,811 - root - DEBUG - Processing 1820-th line out of 2500 rows of DP table...
2022-01-04 00:59:28,059 - root - DEBUG - Processing 1830-th line out of 2500 rows of DP table...
2022-01-04 00:59:28,303 - root - DEBUG - Processing 1840-th line out of 2500 rows of DP table...
2022-01-04 00:59:28,550 - root - DEBUG - Processing 1850-th line out of 2500 rows of DP table...
2022-01-04 00:59:28,788 - root - DEBUG - Processing 1860-th line out of 2500 rows of DP table...
2022-01-04 00:59:29,021 - root - DEBUG - Processing 1870-th line out of 2500 rows of DP table...
2022-01-04 00:59:29,252 - root - DEBUG - Processing 1880-th line out of 2500 rows of DP table...
2022-01-04 00:59:29,478 - root - DEBUG - Processing 1890-th line out of 2500 rows of DP table...
2022-01-04 00:59:29,721 - root - DEBUG - Processing 1900-th line out of 2500 rows of DP table...
2022-01-04 00:59:29,943 - root - DEBUG - Processing 1910-th line out of 2500 rows of DP table...
2022-01-04 00:59:30,160 - root - DEBUG - Processing 1920-th line out of 2500 rows of DP table...
2022-01-04 00:59:30,373 - root - DEBUG - Processing 1930-th line out of 2500 rows of DP table...
2022-01-04 00:59:30,583 - root - DEBUG - Processing 1940-th line out of 2500 rows of DP table...
2022-01-04 00:59:30,796 - root - DEBUG - Processing 1950-th line out of 2500 rows of DP table...
2022-01-04 00:59:30,999 - root - DEBUG - Processing 1960-th line out of 2500 rows of DP table...
2022-01-04 00:59:31,199 - root - DEBUG - Processing 1970-th line out of 2500 rows of DP table...
2022-01-04 00:59:31,396 - root - DEBUG - Processing 1980-th line out of 2500 rows of DP table...
2022-01-04 00:59:31,588 - root - DEBUG - Processing 1990-th line out of 2500 rows of DP table...
2022-01-04 00:59:31,785 - root - DEBUG - Processing 2000-th line out of 2500 rows of DP table...
2022-01-04 00:59:31,970 - root - DEBUG - Processing 2010-th line out of 2500 rows of DP table...
2022-01-04 00:59:32,152 - root - DEBUG - Processing 2020-th line out of 2500 rows of DP table...
2022-01-04 00:59:32,331 - root - DEBUG - Processing 2030-th line out of 2500 rows of DP table...
2022-01-04 00:59:32,507 - root - DEBUG - Processing 2040-th line out of 2500 rows of DP table...
2022-01-04 00:59:32,678 - root - DEBUG - Processing 2050-th line out of 2500 rows of DP table...
2022-01-04 00:59:32,847 - root - DEBUG - Processing 2060-th line out of 2500 rows of DP table...
2022-01-04 00:59:33,019 - root - DEBUG - Processing 2070-th line out of 2500 rows of DP table...
2022-01-04 00:59:33,181 - root - DEBUG - Processing 2080-th line out of 2500 rows of DP table...
2022-01-04 00:59:33,339 - root - DEBUG - Processing 2090-th line out of 2500 rows of DP table...
2022-01-04 00:59:33,495 - root - DEBUG - Processing 2100-th line out of 2500 rows of DP table...
2022-01-04 00:59:33,646 - root - DEBUG - Processing 2110-th line out of 2500 rows of DP table...
2022-01-04 00:59:33,792 - root - DEBUG - Processing 2120-th line out of 2500 rows of DP table...
2022-01-04 00:59:33,937 - root - DEBUG - Processing 2130-th line out of 2500 rows of DP table...
2022-01-04 00:59:34,086 - root - DEBUG - Processing 2140-th line out of 2500 rows of DP table...
2022-01-04 00:59:34,222 - root - DEBUG - Processing 2150-th line out of 2500 rows of DP table...
2022-01-04 00:59:34,357 - root - DEBUG - Processing 2160-th line out of 2500 rows of DP table...
2022-01-04 00:59:34,488 - root - DEBUG - Processing 2170-th line out of 2500 rows of DP table...
2022-01-04 00:59:34,616 - root - DEBUG - Processing 2180-th line out of 2500 rows of DP table...
2022-01-04 00:59:34,803 - root - DEBUG - Processing 2190-th line out of 2500 rows of DP table...
2022-01-04 00:59:34,923 - root - DEBUG - Processing 2200-th line out of 2500 rows of DP table...
2022-01-04 00:59:35,041 - root - DEBUG - Processing 2210-th line out of 2500 rows of DP table...
2022-01-04 00:59:35,178 - root - DEBUG - Processing 2220-th line out of 2500 rows of DP table...
2022-01-04 00:59:35,304 - root - DEBUG - Processing 2230-th line out of 2500 rows of DP table...
2022-01-04 00:59:35,411 - root - DEBUG - Processing 2240-th line out of 2500 rows of DP table...
2022-01-04 00:59:35,514 - root - DEBUG - Processing 2250-th line out of 2500 rows of DP table...
2022-01-04 00:59:35,613 - root - DEBUG - Processing 2260-th line out of 2500 rows of DP table...
2022-01-04 00:59:35,709 - root - DEBUG - Processing 2270-th line out of 2500 rows of DP table...
2022-01-04 00:59:35,801 - root - DEBUG - Processing 2280-th line out of 2500 rows of DP table...
2022-01-04 00:59:35,891 - root - DEBUG - Processing 2290-th line out of 2500 rows of DP table...
2022-01-04 00:59:35,977 - root - DEBUG - Processing 2300-th line out of 2500 rows of DP table...
2022-01-04 00:59:36,060 - root - DEBUG - Processing 2310-th line out of 2500 rows of DP table...
2022-01-04 00:59:36,138 - root - DEBUG - Processing 2320-th line out of 2500 rows of DP table...
2022-01-04 00:59:36,232 - root - DEBUG - Processing 2330-th line out of 2500 rows of DP table...
2022-01-04 00:59:36,306 - root - DEBUG - Processing 2340-th line out of 2500 rows of DP table...
2022-01-04 00:59:36,374 - root - DEBUG - Processing 2350-th line out of 2500 rows of DP table...
2022-01-04 00:59:36,447 - root - DEBUG - Processing 2360-th line out of 2500 rows of DP table...
2022-01-04 00:59:36,508 - root - DEBUG - Processing 2370-th line out of 2500 rows of DP table...
2022-01-04 00:59:36,566 - root - DEBUG - Processing 2380-th line out of 2500 rows of DP table...
2022-01-04 00:59:36,621 - root - DEBUG - Processing 2390-th line out of 2500 rows of DP table...
2022-01-04 00:59:36,671 - root - DEBUG - Processing 2400-th line out of 2500 rows of DP table...
2022-01-04 00:59:36,718 - root - DEBUG - Processing 2410-th line out of 2500 rows of DP table...
2022-01-04 00:59:36,766 - root - DEBUG - Processing 2420-th line out of 2500 rows of DP table...
2022-01-04 00:59:36,805 - root - DEBUG - Processing 2430-th line out of 2500 rows of DP table...
2022-01-04 00:59:36,843 - root - DEBUG - Processing 2440-th line out of 2500 rows of DP table...
2022-01-04 00:59:36,876 - root - DEBUG - Processing 2450-th line out of 2500 rows of DP table...
2022-01-04 00:59:36,907 - root - DEBUG - Processing 2460-th line out of 2500 rows of DP table...
2022-01-04 00:59:36,934 - root - DEBUG - Processing 2470-th line out of 2500 rows of DP table...
2022-01-04 00:59:36,957 - root - DEBUG - Processing 2480-th line out of 2500 rows of DP table...
2022-01-04 00:59:36,978 - root - DEBUG - Processing 2490-th line out of 2500 rows of DP table...
2022-01-04 00:59:36,994 - root - DEBUG - Processing 2500-th line out of 2500 rows of DP table...
2022-01-04 00:59:37,011 - root - DEBUG - Started computing joint logprobs...
