2022-01-04 00:57:43,729 - root - INFO - Loading reference interval set from '211227-2-sim/g19_5.ref.tsv'...
2022-01-04 00:57:43,733 - root - INFO - Loading query interval set from '211227-2-sim/g19_5.query.tsv'...
2022-01-04 00:57:43,737 - root - INFO - Loading chromosome sizes from '211227-2-sim/g19_sizes.tsv'...
2022-01-04 00:57:43,740 - root - INFO - Number of reference intervals: 2500 (2500 before merging)
2022-01-04 00:57:43,741 - root - INFO - Number of query intervals: 500 (500 before merging)
2022-01-04 00:57:43,741 - root - INFO - Number of chromosomes: 1
2022-01-04 00:57:43,746 - root - INFO - Overlap count: 117
2022-01-04 00:57:43,768 - root - DEBUG - Started computing sf for chromosome 'chr1'...
2022-01-04 00:57:43,770 - root - DEBUG - m=2500, n=500
2022-01-04 00:57:44,620 - root - DEBUG - Processing 10-th line out of 2500 rows of DP table...
2022-01-04 00:57:45,471 - root - DEBUG - Processing 20-th line out of 2500 rows of DP table...
2022-01-04 00:57:46,320 - root - DEBUG - Processing 30-th line out of 2500 rows of DP table...
2022-01-04 00:57:47,167 - root - DEBUG - Processing 40-th line out of 2500 rows of DP table...
2022-01-04 00:57:48,002 - root - DEBUG - Processing 50-th line out of 2500 rows of DP table...
2022-01-04 00:57:48,845 - root - DEBUG - Processing 60-th line out of 2500 rows of DP table...
2022-01-04 00:57:49,705 - root - DEBUG - Processing 70-th line out of 2500 rows of DP table...
2022-01-04 00:57:50,562 - root - DEBUG - Processing 80-th line out of 2500 rows of DP table...
2022-01-04 00:57:51,398 - root - DEBUG - Processing 90-th line out of 2500 rows of DP table...
2022-01-04 00:57:52,228 - root - DEBUG - Processing 100-th line out of 2500 rows of DP table...
2022-01-04 00:57:53,055 - root - DEBUG - Processing 110-th line out of 2500 rows of DP table...
2022-01-04 00:57:53,875 - root - DEBUG - Processing 120-th line out of 2500 rows of DP table...
2022-01-04 00:57:54,708 - root - DEBUG - Processing 130-th line out of 2500 rows of DP table...
2022-01-04 00:57:55,525 - root - DEBUG - Processing 140-th line out of 2500 rows of DP table...
2022-01-04 00:57:56,341 - root - DEBUG - Processing 150-th line out of 2500 rows of DP table...
2022-01-04 00:57:57,148 - root - DEBUG - Processing 160-th line out of 2500 rows of DP table...
2022-01-04 00:57:57,959 - root - DEBUG - Processing 170-th line out of 2500 rows of DP table...
2022-01-04 00:57:58,765 - root - DEBUG - Processing 180-th line out of 2500 rows of DP table...
2022-01-04 00:57:59,563 - root - DEBUG - Processing 190-th line out of 2500 rows of DP table...
2022-01-04 00:58:00,360 - root - DEBUG - Processing 200-th line out of 2500 rows of DP table...
2022-01-04 00:58:01,156 - root - DEBUG - Processing 210-th line out of 2500 rows of DP table...
2022-01-04 00:58:01,949 - root - DEBUG - Processing 220-th line out of 2500 rows of DP table...
2022-01-04 00:58:02,732 - root - DEBUG - Processing 230-th line out of 2500 rows of DP table...
2022-01-04 00:58:03,518 - root - DEBUG - Processing 240-th line out of 2500 rows of DP table...
2022-01-04 00:58:04,301 - root - DEBUG - Processing 250-th line out of 2500 rows of DP table...
2022-01-04 00:58:05,072 - root - DEBUG - Processing 260-th line out of 2500 rows of DP table...
2022-01-04 00:58:05,844 - root - DEBUG - Processing 270-th line out of 2500 rows of DP table...
2022-01-04 00:58:06,616 - root - DEBUG - Processing 280-th line out of 2500 rows of DP table...
2022-01-04 00:58:07,379 - root - DEBUG - Processing 290-th line out of 2500 rows of DP table...
2022-01-04 00:58:08,141 - root - DEBUG - Processing 300-th line out of 2500 rows of DP table...
2022-01-04 00:58:08,904 - root - DEBUG - Processing 310-th line out of 2500 rows of DP table...
2022-01-04 00:58:09,658 - root - DEBUG - Processing 320-th line out of 2500 rows of DP table...
2022-01-04 00:58:10,414 - root - DEBUG - Processing 330-th line out of 2500 rows of DP table...
2022-01-04 00:58:11,165 - root - DEBUG - Processing 340-th line out of 2500 rows of DP table...
2022-01-04 00:58:11,906 - root - DEBUG - Processing 350-th line out of 2500 rows of DP table...
2022-01-04 00:58:12,652 - root - DEBUG - Processing 360-th line out of 2500 rows of DP table...
2022-01-04 00:58:13,394 - root - DEBUG - Processing 370-th line out of 2500 rows of DP table...
2022-01-04 00:58:14,125 - root - DEBUG - Processing 380-th line out of 2500 rows of DP table...
2022-01-04 00:58:14,860 - root - DEBUG - Processing 390-th line out of 2500 rows of DP table...
2022-01-04 00:58:15,591 - root - DEBUG - Processing 400-th line out of 2500 rows of DP table...
2022-01-04 00:58:16,313 - root - DEBUG - Processing 410-th line out of 2500 rows of DP table...
2022-01-04 00:58:17,039 - root - DEBUG - Processing 420-th line out of 2500 rows of DP table...
2022-01-04 00:58:17,754 - root - DEBUG - Processing 430-th line out of 2500 rows of DP table...
2022-01-04 00:58:18,470 - root - DEBUG - Processing 440-th line out of 2500 rows of DP table...
2022-01-04 00:58:19,185 - root - DEBUG - Processing 450-th line out of 2500 rows of DP table...
2022-01-04 00:58:19,888 - root - DEBUG - Processing 460-th line out of 2500 rows of DP table...
2022-01-04 00:58:20,596 - root - DEBUG - Processing 470-th line out of 2500 rows of DP table...
2022-01-04 00:58:21,299 - root - DEBUG - Processing 480-th line out of 2500 rows of DP table...
2022-01-04 00:58:21,995 - root - DEBUG - Processing 490-th line out of 2500 rows of DP table...
2022-01-04 00:58:22,694 - root - DEBUG - Processing 500-th line out of 2500 rows of DP table...
2022-01-04 00:58:23,384 - root - DEBUG - Processing 510-th line out of 2500 rows of DP table...
2022-01-04 00:58:24,076 - root - DEBUG - Processing 520-th line out of 2500 rows of DP table...
2022-01-04 00:58:24,764 - root - DEBUG - Processing 530-th line out of 2500 rows of DP table...
2022-01-04 00:58:25,443 - root - DEBUG - Processing 540-th line out of 2500 rows of DP table...
2022-01-04 00:58:26,438 - root - DEBUG - Processing 550-th line out of 2500 rows of DP table...
2022-01-04 00:58:27,119 - root - DEBUG - Processing 560-th line out of 2500 rows of DP table...
2022-01-04 00:58:27,790 - root - DEBUG - Processing 570-th line out of 2500 rows of DP table...
2022-01-04 00:58:28,463 - root - DEBUG - Processing 580-th line out of 2500 rows of DP table...
2022-01-04 00:58:29,127 - root - DEBUG - Processing 590-th line out of 2500 rows of DP table...
2022-01-04 00:58:29,794 - root - DEBUG - Processing 600-th line out of 2500 rows of DP table...
2022-01-04 00:58:30,457 - root - DEBUG - Processing 610-th line out of 2500 rows of DP table...
2022-01-04 00:58:31,110 - root - DEBUG - Processing 620-th line out of 2500 rows of DP table...
2022-01-04 00:58:31,766 - root - DEBUG - Processing 630-th line out of 2500 rows of DP table...
2022-01-04 00:58:32,413 - root - DEBUG - Processing 640-th line out of 2500 rows of DP table...
2022-01-04 00:58:33,064 - root - DEBUG - Processing 650-th line out of 2500 rows of DP table...
2022-01-04 00:58:33,705 - root - DEBUG - Processing 660-th line out of 2500 rows of DP table...
2022-01-04 00:58:34,347 - root - DEBUG - Processing 670-th line out of 2500 rows of DP table...
2022-01-04 00:58:35,028 - root - DEBUG - Processing 680-th line out of 2500 rows of DP table...
2022-01-04 00:58:35,660 - root - DEBUG - Processing 690-th line out of 2500 rows of DP table...
2022-01-04 00:58:36,299 - root - DEBUG - Processing 700-th line out of 2500 rows of DP table...
2022-01-04 00:58:36,916 - root - DEBUG - Processing 710-th line out of 2500 rows of DP table...
2022-01-04 00:58:37,530 - root - DEBUG - Processing 720-th line out of 2500 rows of DP table...
2022-01-04 00:58:38,139 - root - DEBUG - Processing 730-th line out of 2500 rows of DP table...
2022-01-04 00:58:38,751 - root - DEBUG - Processing 740-th line out of 2500 rows of DP table...
2022-01-04 00:58:39,354 - root - DEBUG - Processing 750-th line out of 2500 rows of DP table...
2022-01-04 00:58:39,953 - root - DEBUG - Processing 760-th line out of 2500 rows of DP table...
2022-01-04 00:58:40,556 - root - DEBUG - Processing 770-th line out of 2500 rows of DP table...
2022-01-04 00:58:41,146 - root - DEBUG - Processing 780-th line out of 2500 rows of DP table...
2022-01-04 00:58:41,733 - root - DEBUG - Processing 790-th line out of 2500 rows of DP table...
2022-01-04 00:58:42,317 - root - DEBUG - Processing 800-th line out of 2500 rows of DP table...
2022-01-04 00:58:42,898 - root - DEBUG - Processing 810-th line out of 2500 rows of DP table...
2022-01-04 00:58:43,477 - root - DEBUG - Processing 820-th line out of 2500 rows of DP table...
2022-01-04 00:58:44,052 - root - DEBUG - Processing 830-th line out of 2500 rows of DP table...
2022-01-04 00:58:44,623 - root - DEBUG - Processing 840-th line out of 2500 rows of DP table...
2022-01-04 00:58:45,198 - root - DEBUG - Processing 850-th line out of 2500 rows of DP table...
2022-01-04 00:58:45,760 - root - DEBUG - Processing 860-th line out of 2500 rows of DP table...
2022-01-04 00:58:46,320 - root - DEBUG - Processing 870-th line out of 2500 rows of DP table...
2022-01-04 00:58:46,878 - root - DEBUG - Processing 880-th line out of 2500 rows of DP table...
2022-01-04 00:58:47,434 - root - DEBUG - Processing 890-th line out of 2500 rows of DP table...
2022-01-04 00:58:47,985 - root - DEBUG - Processing 900-th line out of 2500 rows of DP table...
2022-01-04 00:58:48,532 - root - DEBUG - Processing 910-th line out of 2500 rows of DP table...
2022-01-04 00:58:49,078 - root - DEBUG - Processing 920-th line out of 2500 rows of DP table...
2022-01-04 00:58:49,619 - root - DEBUG - Processing 930-th line out of 2500 rows of DP table...
2022-01-04 00:58:50,157 - root - DEBUG - Processing 940-th line out of 2500 rows of DP table...
2022-01-04 00:58:50,691 - root - DEBUG - Processing 950-th line out of 2500 rows of DP table...
2022-01-04 00:58:51,223 - root - DEBUG - Processing 960-th line out of 2500 rows of DP table...
2022-01-04 00:58:51,753 - root - DEBUG - Processing 970-th line out of 2500 rows of DP table...
2022-01-04 00:58:52,278 - root - DEBUG - Processing 980-th line out of 2500 rows of DP table...
2022-01-04 00:58:52,801 - root - DEBUG - Processing 990-th line out of 2500 rows of DP table...
2022-01-04 00:58:53,319 - root - DEBUG - Processing 1000-th line out of 2500 rows of DP table...
2022-01-04 00:58:53,835 - root - DEBUG - Processing 1010-th line out of 2500 rows of DP table...
2022-01-04 00:58:54,346 - root - DEBUG - Processing 1020-th line out of 2500 rows of DP table...
2022-01-04 00:58:54,856 - root - DEBUG - Processing 1030-th line out of 2500 rows of DP table...
2022-01-04 00:58:55,363 - root - DEBUG - Processing 1040-th line out of 2500 rows of DP table...
2022-01-04 00:58:55,864 - root - DEBUG - Processing 1050-th line out of 2500 rows of DP table...
2022-01-04 00:58:56,361 - root - DEBUG - Processing 1060-th line out of 2500 rows of DP table...
2022-01-04 00:58:56,858 - root - DEBUG - Processing 1070-th line out of 2500 rows of DP table...
2022-01-04 00:58:57,351 - root - DEBUG - Processing 1080-th line out of 2500 rows of DP table...
2022-01-04 00:58:57,839 - root - DEBUG - Processing 1090-th line out of 2500 rows of DP table...
2022-01-04 00:58:58,322 - root - DEBUG - Processing 1100-th line out of 2500 rows of DP table...
2022-01-04 00:58:58,802 - root - DEBUG - Processing 1110-th line out of 2500 rows of DP table...
2022-01-04 00:58:59,281 - root - DEBUG - Processing 1120-th line out of 2500 rows of DP table...
2022-01-04 00:58:59,756 - root - DEBUG - Processing 1130-th line out of 2500 rows of DP table...
2022-01-04 00:59:00,229 - root - DEBUG - Processing 1140-th line out of 2500 rows of DP table...
2022-01-04 00:59:00,697 - root - DEBUG - Processing 1150-th line out of 2500 rows of DP table...
2022-01-04 00:59:01,168 - root - DEBUG - Processing 1160-th line out of 2500 rows of DP table...
2022-01-04 00:59:01,629 - root - DEBUG - Processing 1170-th line out of 2500 rows of DP table...
2022-01-04 00:59:02,087 - root - DEBUG - Processing 1180-th line out of 2500 rows of DP table...
2022-01-04 00:59:02,544 - root - DEBUG - Processing 1190-th line out of 2500 rows of DP table...
2022-01-04 00:59:02,994 - root - DEBUG - Processing 1200-th line out of 2500 rows of DP table...
2022-01-04 00:59:03,442 - root - DEBUG - Processing 1210-th line out of 2500 rows of DP table...
2022-01-04 00:59:03,888 - root - DEBUG - Processing 1220-th line out of 2500 rows of DP table...
2022-01-04 00:59:04,347 - root - DEBUG - Processing 1230-th line out of 2500 rows of DP table...
2022-01-04 00:59:04,792 - root - DEBUG - Processing 1240-th line out of 2500 rows of DP table...
2022-01-04 00:59:05,238 - root - DEBUG - Processing 1250-th line out of 2500 rows of DP table...
2022-01-04 00:59:05,671 - root - DEBUG - Processing 1260-th line out of 2500 rows of DP table...
2022-01-04 00:59:06,100 - root - DEBUG - Processing 1270-th line out of 2500 rows of DP table...
2022-01-04 00:59:06,523 - root - DEBUG - Processing 1280-th line out of 2500 rows of DP table...
2022-01-04 00:59:06,944 - root - DEBUG - Processing 1290-th line out of 2500 rows of DP table...
2022-01-04 00:59:07,363 - root - DEBUG - Processing 1300-th line out of 2500 rows of DP table...
2022-01-04 00:59:08,004 - root - DEBUG - Processing 1310-th line out of 2500 rows of DP table...
2022-01-04 00:59:08,632 - root - DEBUG - Processing 1320-th line out of 2500 rows of DP table...
2022-01-04 00:59:09,039 - root - DEBUG - Processing 1330-th line out of 2500 rows of DP table...
2022-01-04 00:59:09,444 - root - DEBUG - Processing 1340-th line out of 2500 rows of DP table...
2022-01-04 00:59:09,844 - root - DEBUG - Processing 1350-th line out of 2500 rows of DP table...
2022-01-04 00:59:10,242 - root - DEBUG - Processing 1360-th line out of 2500 rows of DP table...
2022-01-04 00:59:10,634 - root - DEBUG - Processing 1370-th line out of 2500 rows of DP table...
2022-01-04 00:59:11,024 - root - DEBUG - Processing 1380-th line out of 2500 rows of DP table...
2022-01-04 00:59:11,412 - root - DEBUG - Processing 1390-th line out of 2500 rows of DP table...
2022-01-04 00:59:11,797 - root - DEBUG - Processing 1400-th line out of 2500 rows of DP table...
2022-01-04 00:59:12,197 - root - DEBUG - Processing 1410-th line out of 2500 rows of DP table...
2022-01-04 00:59:12,578 - root - DEBUG - Processing 1420-th line out of 2500 rows of DP table...
2022-01-04 00:59:12,955 - root - DEBUG - Processing 1430-th line out of 2500 rows of DP table...
2022-01-04 00:59:13,327 - root - DEBUG - Processing 1440-th line out of 2500 rows of DP table...
2022-01-04 00:59:13,696 - root - DEBUG - Processing 1450-th line out of 2500 rows of DP table...
2022-01-04 00:59:14,060 - root - DEBUG - Processing 1460-th line out of 2500 rows of DP table...
2022-01-04 00:59:14,421 - root - DEBUG - Processing 1470-th line out of 2500 rows of DP table...
2022-01-04 00:59:14,779 - root - DEBUG - Processing 1480-th line out of 2500 rows of DP table...
2022-01-04 00:59:15,134 - root - DEBUG - Processing 1490-th line out of 2500 rows of DP table...
2022-01-04 00:59:15,484 - root - DEBUG - Processing 1500-th line out of 2500 rows of DP table...
2022-01-04 00:59:15,831 - root - DEBUG - Processing 1510-th line out of 2500 rows of DP table...
2022-01-04 00:59:16,205 - root - DEBUG - Processing 1520-th line out of 2500 rows of DP table...
2022-01-04 00:59:16,544 - root - DEBUG - Processing 1530-th line out of 2500 rows of DP table...
2022-01-04 00:59:16,878 - root - DEBUG - Processing 1540-th line out of 2500 rows of DP table...
2022-01-04 00:59:17,220 - root - DEBUG - Processing 1550-th line out of 2500 rows of DP table...
2022-01-04 00:59:17,549 - root - DEBUG - Processing 1560-th line out of 2500 rows of DP table...
2022-01-04 00:59:17,876 - root - DEBUG - Processing 1570-th line out of 2500 rows of DP table...
2022-01-04 00:59:18,216 - root - DEBUG - Processing 1580-th line out of 2500 rows of DP table...
2022-01-04 00:59:18,535 - root - DEBUG - Processing 1590-th line out of 2500 rows of DP table...
2022-01-04 00:59:18,851 - root - DEBUG - Processing 1600-th line out of 2500 rows of DP table...
2022-01-04 00:59:19,164 - root - DEBUG - Processing 1610-th line out of 2500 rows of DP table...
2022-01-04 00:59:19,474 - root - DEBUG - Processing 1620-th line out of 2500 rows of DP table...
2022-01-04 00:59:19,780 - root - DEBUG - Processing 1630-th line out of 2500 rows of DP table...
2022-01-04 00:59:20,085 - root - DEBUG - Processing 1640-th line out of 2500 rows of DP table...
2022-01-04 00:59:20,411 - root - DEBUG - Processing 1650-th line out of 2500 rows of DP table...
2022-01-04 00:59:20,709 - root - DEBUG - Processing 1660-th line out of 2500 rows of DP table...
2022-01-04 00:59:21,003 - root - DEBUG - Processing 1670-th line out of 2500 rows of DP table...
2022-01-04 00:59:21,336 - root - DEBUG - Processing 1680-th line out of 2500 rows of DP table...
2022-01-04 00:59:21,624 - root - DEBUG - Processing 1690-th line out of 2500 rows of DP table...
2022-01-04 00:59:21,908 - root - DEBUG - Processing 1700-th line out of 2500 rows of DP table...
2022-01-04 00:59:22,189 - root - DEBUG - Processing 1710-th line out of 2500 rows of DP table...
2022-01-04 00:59:22,466 - root - DEBUG - Processing 1720-th line out of 2500 rows of DP table...
2022-01-04 00:59:22,855 - root - DEBUG - Processing 1730-th line out of 2500 rows of DP table...
2022-01-04 00:59:23,125 - root - DEBUG - Processing 1740-th line out of 2500 rows of DP table...
2022-01-04 00:59:23,394 - root - DEBUG - Processing 1750-th line out of 2500 rows of DP table...
2022-01-04 00:59:23,659 - root - DEBUG - Processing 1760-th line out of 2500 rows of DP table...
2022-01-04 00:59:23,923 - root - DEBUG - Processing 1770-th line out of 2500 rows of DP table...
2022-01-04 00:59:24,182 - root - DEBUG - Processing 1780-th line out of 2500 rows of DP table...
2022-01-04 00:59:24,438 - root - DEBUG - Processing 1790-th line out of 2500 rows of DP table...
2022-01-04 00:59:24,691 - root - DEBUG - Processing 1800-th line out of 2500 rows of DP table...
2022-01-04 00:59:24,939 - root - DEBUG - Processing 1810-th line out of 2500 rows of DP table...
2022-01-04 00:59:25,186 - root - DEBUG - Processing 1820-th line out of 2500 rows of DP table...
2022-01-04 00:59:25,428 - root - DEBUG - Processing 1830-th line out of 2500 rows of DP table...
2022-01-04 00:59:25,701 - root - DEBUG - Processing 1840-th line out of 2500 rows of DP table...
2022-01-04 00:59:25,936 - root - DEBUG - Processing 1850-th line out of 2500 rows of DP table...
2022-01-04 00:59:26,168 - root - DEBUG - Processing 1860-th line out of 2500 rows of DP table...
2022-01-04 00:59:26,396 - root - DEBUG - Processing 1870-th line out of 2500 rows of DP table...
2022-01-04 00:59:26,622 - root - DEBUG - Processing 1880-th line out of 2500 rows of DP table...
2022-01-04 00:59:26,844 - root - DEBUG - Processing 1890-th line out of 2500 rows of DP table...
2022-01-04 00:59:27,065 - root - DEBUG - Processing 1900-th line out of 2500 rows of DP table...
2022-01-04 00:59:27,281 - root - DEBUG - Processing 1910-th line out of 2500 rows of DP table...
2022-01-04 00:59:27,494 - root - DEBUG - Processing 1920-th line out of 2500 rows of DP table...
2022-01-04 00:59:27,703 - root - DEBUG - Processing 1930-th line out of 2500 rows of DP table...
2022-01-04 00:59:27,908 - root - DEBUG - Processing 1940-th line out of 2500 rows of DP table...
2022-01-04 00:59:28,111 - root - DEBUG - Processing 1950-th line out of 2500 rows of DP table...
2022-01-04 00:59:28,309 - root - DEBUG - Processing 1960-th line out of 2500 rows of DP table...
2022-01-04 00:59:28,504 - root - DEBUG - Processing 1970-th line out of 2500 rows of DP table...
2022-01-04 00:59:28,695 - root - DEBUG - Processing 1980-th line out of 2500 rows of DP table...
2022-01-04 00:59:28,883 - root - DEBUG - Processing 1990-th line out of 2500 rows of DP table...
2022-01-04 00:59:29,068 - root - DEBUG - Processing 2000-th line out of 2500 rows of DP table...
2022-01-04 00:59:29,248 - root - DEBUG - Processing 2010-th line out of 2500 rows of DP table...
2022-01-04 00:59:29,426 - root - DEBUG - Processing 2020-th line out of 2500 rows of DP table...
2022-01-04 00:59:29,600 - root - DEBUG - Processing 2030-th line out of 2500 rows of DP table...
2022-01-04 00:59:29,772 - root - DEBUG - Processing 2040-th line out of 2500 rows of DP table...
2022-01-04 00:59:29,940 - root - DEBUG - Processing 2050-th line out of 2500 rows of DP table...
2022-01-04 00:59:30,105 - root - DEBUG - Processing 2060-th line out of 2500 rows of DP table...
2022-01-04 00:59:30,267 - root - DEBUG - Processing 2070-th line out of 2500 rows of DP table...
2022-01-04 00:59:30,423 - root - DEBUG - Processing 2080-th line out of 2500 rows of DP table...
2022-01-04 00:59:30,577 - root - DEBUG - Processing 2090-th line out of 2500 rows of DP table...
2022-01-04 00:59:30,729 - root - DEBUG - Processing 2100-th line out of 2500 rows of DP table...
2022-01-04 00:59:30,877 - root - DEBUG - Processing 2110-th line out of 2500 rows of DP table...
2022-01-04 00:59:31,021 - root - DEBUG - Processing 2120-th line out of 2500 rows of DP table...
2022-01-04 00:59:31,161 - root - DEBUG - Processing 2130-th line out of 2500 rows of DP table...
2022-01-04 00:59:31,300 - root - DEBUG - Processing 2140-th line out of 2500 rows of DP table...
2022-01-04 00:59:31,448 - root - DEBUG - Processing 2150-th line out of 2500 rows of DP table...
2022-01-04 00:59:31,579 - root - DEBUG - Processing 2160-th line out of 2500 rows of DP table...
2022-01-04 00:59:31,706 - root - DEBUG - Processing 2170-th line out of 2500 rows of DP table...
2022-01-04 00:59:31,829 - root - DEBUG - Processing 2180-th line out of 2500 rows of DP table...
2022-01-04 00:59:31,951 - root - DEBUG - Processing 2190-th line out of 2500 rows of DP table...
2022-01-04 00:59:32,069 - root - DEBUG - Processing 2200-th line out of 2500 rows of DP table...
2022-01-04 00:59:32,182 - root - DEBUG - Processing 2210-th line out of 2500 rows of DP table...
2022-01-04 00:59:32,293 - root - DEBUG - Processing 2220-th line out of 2500 rows of DP table...
2022-01-04 00:59:32,429 - root - DEBUG - Processing 2230-th line out of 2500 rows of DP table...
2022-01-04 00:59:32,532 - root - DEBUG - Processing 2240-th line out of 2500 rows of DP table...
2022-01-04 00:59:32,632 - root - DEBUG - Processing 2250-th line out of 2500 rows of DP table...
2022-01-04 00:59:32,730 - root - DEBUG - Processing 2260-th line out of 2500 rows of DP table...
2022-01-04 00:59:32,823 - root - DEBUG - Processing 2270-th line out of 2500 rows of DP table...
2022-01-04 00:59:32,914 - root - DEBUG - Processing 2280-th line out of 2500 rows of DP table...
2022-01-04 00:59:33,002 - root - DEBUG - Processing 2290-th line out of 2500 rows of DP table...
2022-01-04 00:59:33,085 - root - DEBUG - Processing 2300-th line out of 2500 rows of DP table...
2022-01-04 00:59:33,165 - root - DEBUG - Processing 2310-th line out of 2500 rows of DP table...
2022-01-04 00:59:33,242 - root - DEBUG - Processing 2320-th line out of 2500 rows of DP table...
2022-01-04 00:59:33,315 - root - DEBUG - Processing 2330-th line out of 2500 rows of DP table...
2022-01-04 00:59:33,385 - root - DEBUG - Processing 2340-th line out of 2500 rows of DP table...
2022-01-04 00:59:33,461 - root - DEBUG - Processing 2350-th line out of 2500 rows of DP table...
2022-01-04 00:59:33,532 - root - DEBUG - Processing 2360-th line out of 2500 rows of DP table...
2022-01-04 00:59:33,591 - root - DEBUG - Processing 2370-th line out of 2500 rows of DP table...
2022-01-04 00:59:33,647 - root - DEBUG - Processing 2380-th line out of 2500 rows of DP table...
2022-01-04 00:59:33,700 - root - DEBUG - Processing 2390-th line out of 2500 rows of DP table...
2022-01-04 00:59:33,761 - root - DEBUG - Processing 2400-th line out of 2500 rows of DP table...
2022-01-04 00:59:33,808 - root - DEBUG - Processing 2410-th line out of 2500 rows of DP table...
2022-01-04 00:59:33,860 - root - DEBUG - Processing 2420-th line out of 2500 rows of DP table...
2022-01-04 00:59:33,910 - root - DEBUG - Processing 2430-th line out of 2500 rows of DP table...
2022-01-04 00:59:33,961 - root - DEBUG - Processing 2440-th line out of 2500 rows of DP table...
2022-01-04 00:59:33,994 - root - DEBUG - Processing 2450-th line out of 2500 rows of DP table...
2022-01-04 00:59:34,023 - root - DEBUG - Processing 2460-th line out of 2500 rows of DP table...
2022-01-04 00:59:34,049 - root - DEBUG - Processing 2470-th line out of 2500 rows of DP table...
2022-01-04 00:59:34,071 - root - DEBUG - Processing 2480-th line out of 2500 rows of DP table...
2022-01-04 00:59:34,090 - root - DEBUG - Processing 2490-th line out of 2500 rows of DP table...
2022-01-04 00:59:34,105 - root - DEBUG - Processing 2500-th line out of 2500 rows of DP table...
2022-01-04 00:59:34,126 - root - DEBUG - Started computing joint logprobs...
