2022-01-04 20:47:41,420 - root - INFO - Loading reference interval set from '211227-2-sim/g19_2.ref.tsv'...
2022-01-04 20:47:41,425 - root - INFO - Loading query interval set from '211227-2-sim/g19_2.query.tsv'...
2022-01-04 20:47:41,428 - root - INFO - Loading chromosome sizes from '211227-2-sim/g19_sizes.tsv'...
2022-01-04 20:47:41,431 - root - INFO - Number of reference intervals: 2500 (2500 before merging)
2022-01-04 20:47:41,432 - root - INFO - Number of query intervals: 500 (500 before merging)
2022-01-04 20:47:41,434 - root - INFO - Number of chromosomes: 1
2022-01-04 20:47:41,438 - root - INFO - Overlap count: 139
2022-01-04 20:47:41,440 - root - DEBUG - Started computing sf for chromosome 'chr1'...
2022-01-04 20:47:41,442 - root - DEBUG - m=2500, n=500
2022-01-04 20:47:42,245 - root - DEBUG - Processing 10-th line out of 2500 rows of DP table...
2022-01-04 20:47:43,103 - root - DEBUG - Processing 20-th line out of 2500 rows of DP table...
2022-01-04 20:47:43,940 - root - DEBUG - Processing 30-th line out of 2500 rows of DP table...
2022-01-04 20:47:44,769 - root - DEBUG - Processing 40-th line out of 2500 rows of DP table...
2022-01-04 20:47:45,610 - root - DEBUG - Processing 50-th line out of 2500 rows of DP table...
2022-01-04 20:47:46,434 - root - DEBUG - Processing 60-th line out of 2500 rows of DP table...
2022-01-04 20:47:47,257 - root - DEBUG - Processing 70-th line out of 2500 rows of DP table...
2022-01-04 20:47:48,077 - root - DEBUG - Processing 80-th line out of 2500 rows of DP table...
2022-01-04 20:47:48,894 - root - DEBUG - Processing 90-th line out of 2500 rows of DP table...
2022-01-04 20:47:50,458 - root - DEBUG - Processing 100-th line out of 2500 rows of DP table...
2022-01-04 20:47:51,546 - root - DEBUG - Processing 110-th line out of 2500 rows of DP table...
2022-01-04 20:47:52,480 - root - DEBUG - Processing 120-th line out of 2500 rows of DP table...
2022-01-04 20:47:53,283 - root - DEBUG - Processing 130-th line out of 2500 rows of DP table...
2022-01-04 20:47:54,234 - root - DEBUG - Processing 140-th line out of 2500 rows of DP table...
2022-01-04 20:47:55,053 - root - DEBUG - Processing 150-th line out of 2500 rows of DP table...
2022-01-04 20:47:55,875 - root - DEBUG - Processing 160-th line out of 2500 rows of DP table...
2022-01-04 20:47:56,685 - root - DEBUG - Processing 170-th line out of 2500 rows of DP table...
2022-01-04 20:47:57,481 - root - DEBUG - Processing 180-th line out of 2500 rows of DP table...
2022-01-04 20:47:58,303 - root - DEBUG - Processing 190-th line out of 2500 rows of DP table...
2022-01-04 20:47:59,129 - root - DEBUG - Processing 200-th line out of 2500 rows of DP table...
2022-01-04 20:47:59,942 - root - DEBUG - Processing 210-th line out of 2500 rows of DP table...
2022-01-04 20:48:00,733 - root - DEBUG - Processing 220-th line out of 2500 rows of DP table...
2022-01-04 20:48:01,510 - root - DEBUG - Processing 230-th line out of 2500 rows of DP table...
2022-01-04 20:48:02,287 - root - DEBUG - Processing 240-th line out of 2500 rows of DP table...
2022-01-04 20:48:03,056 - root - DEBUG - Processing 250-th line out of 2500 rows of DP table...
2022-01-04 20:48:03,820 - root - DEBUG - Processing 260-th line out of 2500 rows of DP table...
2022-01-04 20:48:04,581 - root - DEBUG - Processing 270-th line out of 2500 rows of DP table...
2022-01-04 20:48:05,340 - root - DEBUG - Processing 280-th line out of 2500 rows of DP table...
2022-01-04 20:48:06,094 - root - DEBUG - Processing 290-th line out of 2500 rows of DP table...
2022-01-04 20:48:06,851 - root - DEBUG - Processing 300-th line out of 2500 rows of DP table...
2022-01-04 20:48:07,603 - root - DEBUG - Processing 310-th line out of 2500 rows of DP table...
2022-01-04 20:48:08,354 - root - DEBUG - Processing 320-th line out of 2500 rows of DP table...
2022-01-04 20:48:09,098 - root - DEBUG - Processing 330-th line out of 2500 rows of DP table...
2022-01-04 20:48:09,837 - root - DEBUG - Processing 340-th line out of 2500 rows of DP table...
2022-01-04 20:48:10,577 - root - DEBUG - Processing 350-th line out of 2500 rows of DP table...
2022-01-04 20:48:11,306 - root - DEBUG - Processing 360-th line out of 2500 rows of DP table...
2022-01-04 20:48:12,036 - root - DEBUG - Processing 370-th line out of 2500 rows of DP table...
2022-01-04 20:48:12,764 - root - DEBUG - Processing 380-th line out of 2500 rows of DP table...
2022-01-04 20:48:13,485 - root - DEBUG - Processing 390-th line out of 2500 rows of DP table...
2022-01-04 20:48:14,204 - root - DEBUG - Processing 400-th line out of 2500 rows of DP table...
2022-01-04 20:48:14,921 - root - DEBUG - Processing 410-th line out of 2500 rows of DP table...
2022-01-04 20:48:15,633 - root - DEBUG - Processing 420-th line out of 2500 rows of DP table...
2022-01-04 20:48:16,343 - root - DEBUG - Processing 430-th line out of 2500 rows of DP table...
2022-01-04 20:48:17,049 - root - DEBUG - Processing 440-th line out of 2500 rows of DP table...
2022-01-04 20:48:17,751 - root - DEBUG - Processing 450-th line out of 2500 rows of DP table...
2022-01-04 20:48:18,450 - root - DEBUG - Processing 460-th line out of 2500 rows of DP table...
2022-01-04 20:48:19,145 - root - DEBUG - Processing 470-th line out of 2500 rows of DP table...
2022-01-04 20:48:19,836 - root - DEBUG - Processing 480-th line out of 2500 rows of DP table...
2022-01-04 20:48:20,552 - root - DEBUG - Processing 490-th line out of 2500 rows of DP table...
2022-01-04 20:48:21,238 - root - DEBUG - Processing 500-th line out of 2500 rows of DP table...
2022-01-04 20:48:21,919 - root - DEBUG - Processing 510-th line out of 2500 rows of DP table...
2022-01-04 20:48:22,601 - root - DEBUG - Processing 520-th line out of 2500 rows of DP table...
2022-01-04 20:48:23,277 - root - DEBUG - Processing 530-th line out of 2500 rows of DP table...
2022-01-04 20:48:23,949 - root - DEBUG - Processing 540-th line out of 2500 rows of DP table...
2022-01-04 20:48:24,618 - root - DEBUG - Processing 550-th line out of 2500 rows of DP table...
2022-01-04 20:48:25,285 - root - DEBUG - Processing 560-th line out of 2500 rows of DP table...
2022-01-04 20:48:25,947 - root - DEBUG - Processing 570-th line out of 2500 rows of DP table...
2022-01-04 20:48:26,606 - root - DEBUG - Processing 580-th line out of 2500 rows of DP table...
2022-01-04 20:48:27,264 - root - DEBUG - Processing 590-th line out of 2500 rows of DP table...
2022-01-04 20:48:27,916 - root - DEBUG - Processing 600-th line out of 2500 rows of DP table...
2022-01-04 20:48:28,567 - root - DEBUG - Processing 610-th line out of 2500 rows of DP table...
2022-01-04 20:48:29,216 - root - DEBUG - Processing 620-th line out of 2500 rows of DP table...
2022-01-04 20:48:29,861 - root - DEBUG - Processing 630-th line out of 2500 rows of DP table...
2022-01-04 20:48:30,500 - root - DEBUG - Processing 640-th line out of 2500 rows of DP table...
2022-01-04 20:48:31,136 - root - DEBUG - Processing 650-th line out of 2500 rows of DP table...
2022-01-04 20:48:31,768 - root - DEBUG - Processing 660-th line out of 2500 rows of DP table...
2022-01-04 20:48:32,399 - root - DEBUG - Processing 670-th line out of 2500 rows of DP table...
2022-01-04 20:48:33,024 - root - DEBUG - Processing 680-th line out of 2500 rows of DP table...
2022-01-04 20:48:33,646 - root - DEBUG - Processing 690-th line out of 2500 rows of DP table...
2022-01-04 20:48:34,265 - root - DEBUG - Processing 700-th line out of 2500 rows of DP table...
2022-01-04 20:48:34,880 - root - DEBUG - Processing 710-th line out of 2500 rows of DP table...
2022-01-04 20:48:35,491 - root - DEBUG - Processing 720-th line out of 2500 rows of DP table...
2022-01-04 20:48:36,100 - root - DEBUG - Processing 730-th line out of 2500 rows of DP table...
2022-01-04 20:48:36,707 - root - DEBUG - Processing 740-th line out of 2500 rows of DP table...
2022-01-04 20:48:37,309 - root - DEBUG - Processing 750-th line out of 2500 rows of DP table...
2022-01-04 20:48:37,906 - root - DEBUG - Processing 760-th line out of 2500 rows of DP table...
2022-01-04 20:48:38,499 - root - DEBUG - Processing 770-th line out of 2500 rows of DP table...
2022-01-04 20:48:39,090 - root - DEBUG - Processing 780-th line out of 2500 rows of DP table...
2022-01-04 20:48:39,680 - root - DEBUG - Processing 790-th line out of 2500 rows of DP table...
2022-01-04 20:48:40,264 - root - DEBUG - Processing 800-th line out of 2500 rows of DP table...
2022-01-04 20:48:40,843 - root - DEBUG - Processing 810-th line out of 2500 rows of DP table...
2022-01-04 20:48:41,421 - root - DEBUG - Processing 820-th line out of 2500 rows of DP table...
2022-01-04 20:48:41,994 - root - DEBUG - Processing 830-th line out of 2500 rows of DP table...
2022-01-04 20:48:42,565 - root - DEBUG - Processing 840-th line out of 2500 rows of DP table...
2022-01-04 20:48:43,137 - root - DEBUG - Processing 850-th line out of 2500 rows of DP table...
2022-01-04 20:48:43,702 - root - DEBUG - Processing 860-th line out of 2500 rows of DP table...
2022-01-04 20:48:44,262 - root - DEBUG - Processing 870-th line out of 2500 rows of DP table...
2022-01-04 20:48:44,822 - root - DEBUG - Processing 880-th line out of 2500 rows of DP table...
2022-01-04 20:48:45,381 - root - DEBUG - Processing 890-th line out of 2500 rows of DP table...
2022-01-04 20:48:45,933 - root - DEBUG - Processing 900-th line out of 2500 rows of DP table...
2022-01-04 20:48:46,484 - root - DEBUG - Processing 910-th line out of 2500 rows of DP table...
2022-01-04 20:48:47,029 - root - DEBUG - Processing 920-th line out of 2500 rows of DP table...
2022-01-04 20:48:47,571 - root - DEBUG - Processing 930-th line out of 2500 rows of DP table...
2022-01-04 20:48:48,113 - root - DEBUG - Processing 940-th line out of 2500 rows of DP table...
2022-01-04 20:48:48,651 - root - DEBUG - Processing 950-th line out of 2500 rows of DP table...
2022-01-04 20:48:49,185 - root - DEBUG - Processing 960-th line out of 2500 rows of DP table...
2022-01-04 20:48:49,714 - root - DEBUG - Processing 970-th line out of 2500 rows of DP table...
2022-01-04 20:48:50,242 - root - DEBUG - Processing 980-th line out of 2500 rows of DP table...
2022-01-04 20:48:50,763 - root - DEBUG - Processing 990-th line out of 2500 rows of DP table...
2022-01-04 20:48:51,283 - root - DEBUG - Processing 1000-th line out of 2500 rows of DP table...
2022-01-04 20:48:51,800 - root - DEBUG - Processing 1010-th line out of 2500 rows of DP table...
2022-01-04 20:48:52,314 - root - DEBUG - Processing 1020-th line out of 2500 rows of DP table...
2022-01-04 20:48:52,825 - root - DEBUG - Processing 1030-th line out of 2500 rows of DP table...
2022-01-04 20:48:53,332 - root - DEBUG - Processing 1040-th line out of 2500 rows of DP table...
2022-01-04 20:48:53,836 - root - DEBUG - Processing 1050-th line out of 2500 rows of DP table...
2022-01-04 20:48:54,335 - root - DEBUG - Processing 1060-th line out of 2500 rows of DP table...
2022-01-04 20:48:54,830 - root - DEBUG - Processing 1070-th line out of 2500 rows of DP table...
2022-01-04 20:48:55,322 - root - DEBUG - Processing 1080-th line out of 2500 rows of DP table...
2022-01-04 20:48:55,860 - root - DEBUG - Processing 1090-th line out of 2500 rows of DP table...
2022-01-04 20:48:56,346 - root - DEBUG - Processing 1100-th line out of 2500 rows of DP table...
2022-01-04 20:48:56,985 - root - DEBUG - Processing 1110-th line out of 2500 rows of DP table...
2022-01-04 20:48:57,558 - root - DEBUG - Processing 1120-th line out of 2500 rows of DP table...
2022-01-04 20:48:58,035 - root - DEBUG - Processing 1130-th line out of 2500 rows of DP table...
2022-01-04 20:48:58,527 - root - DEBUG - Processing 1140-th line out of 2500 rows of DP table...
2022-01-04 20:48:59,013 - root - DEBUG - Processing 1150-th line out of 2500 rows of DP table...
2022-01-04 20:48:59,480 - root - DEBUG - Processing 1160-th line out of 2500 rows of DP table...
2022-01-04 20:48:59,940 - root - DEBUG - Processing 1170-th line out of 2500 rows of DP table...
2022-01-04 20:49:00,398 - root - DEBUG - Processing 1180-th line out of 2500 rows of DP table...
2022-01-04 20:49:00,854 - root - DEBUG - Processing 1190-th line out of 2500 rows of DP table...
2022-01-04 20:49:01,309 - root - DEBUG - Processing 1200-th line out of 2500 rows of DP table...
2022-01-04 20:49:01,763 - root - DEBUG - Processing 1210-th line out of 2500 rows of DP table...
2022-01-04 20:49:02,208 - root - DEBUG - Processing 1220-th line out of 2500 rows of DP table...
2022-01-04 20:49:02,652 - root - DEBUG - Processing 1230-th line out of 2500 rows of DP table...
2022-01-04 20:49:03,088 - root - DEBUG - Processing 1240-th line out of 2500 rows of DP table...
2022-01-04 20:49:03,524 - root - DEBUG - Processing 1250-th line out of 2500 rows of DP table...
2022-01-04 20:49:03,955 - root - DEBUG - Processing 1260-th line out of 2500 rows of DP table...
2022-01-04 20:49:04,386 - root - DEBUG - Processing 1270-th line out of 2500 rows of DP table...
2022-01-04 20:49:04,828 - root - DEBUG - Processing 1280-th line out of 2500 rows of DP table...
2022-01-04 20:49:05,254 - root - DEBUG - Processing 1290-th line out of 2500 rows of DP table...
2022-01-04 20:49:05,676 - root - DEBUG - Processing 1300-th line out of 2500 rows of DP table...
2022-01-04 20:49:06,101 - root - DEBUG - Processing 1310-th line out of 2500 rows of DP table...
2022-01-04 20:49:06,557 - root - DEBUG - Processing 1320-th line out of 2500 rows of DP table...
2022-01-04 20:49:06,976 - root - DEBUG - Processing 1330-th line out of 2500 rows of DP table...
2022-01-04 20:49:07,388 - root - DEBUG - Processing 1340-th line out of 2500 rows of DP table...
2022-01-04 20:49:07,803 - root - DEBUG - Processing 1350-th line out of 2500 rows of DP table...
2022-01-04 20:49:08,222 - root - DEBUG - Processing 1360-th line out of 2500 rows of DP table...
2022-01-04 20:49:08,622 - root - DEBUG - Processing 1370-th line out of 2500 rows of DP table...
2022-01-04 20:49:09,033 - root - DEBUG - Processing 1380-th line out of 2500 rows of DP table...
2022-01-04 20:49:09,466 - root - DEBUG - Processing 1390-th line out of 2500 rows of DP table...
2022-01-04 20:49:09,934 - root - DEBUG - Processing 1400-th line out of 2500 rows of DP table...
2022-01-04 20:49:10,317 - root - DEBUG - Processing 1410-th line out of 2500 rows of DP table...
2022-01-04 20:49:10,694 - root - DEBUG - Processing 1420-th line out of 2500 rows of DP table...
2022-01-04 20:49:11,099 - root - DEBUG - Processing 1430-th line out of 2500 rows of DP table...
2022-01-04 20:49:11,469 - root - DEBUG - Processing 1440-th line out of 2500 rows of DP table...
2022-01-04 20:49:11,836 - root - DEBUG - Processing 1450-th line out of 2500 rows of DP table...
2022-01-04 20:49:12,227 - root - DEBUG - Processing 1460-th line out of 2500 rows of DP table...
2022-01-04 20:49:12,586 - root - DEBUG - Processing 1470-th line out of 2500 rows of DP table...
2022-01-04 20:49:12,944 - root - DEBUG - Processing 1480-th line out of 2500 rows of DP table...
2022-01-04 20:49:13,300 - root - DEBUG - Processing 1490-th line out of 2500 rows of DP table...
2022-01-04 20:49:13,650 - root - DEBUG - Processing 1500-th line out of 2500 rows of DP table...
2022-01-04 20:49:13,998 - root - DEBUG - Processing 1510-th line out of 2500 rows of DP table...
2022-01-04 20:49:14,355 - root - DEBUG - Processing 1520-th line out of 2500 rows of DP table...
2022-01-04 20:49:14,696 - root - DEBUG - Processing 1530-th line out of 2500 rows of DP table...
2022-01-04 20:49:15,033 - root - DEBUG - Processing 1540-th line out of 2500 rows of DP table...
2022-01-04 20:49:15,401 - root - DEBUG - Processing 1550-th line out of 2500 rows of DP table...
2022-01-04 20:49:15,733 - root - DEBUG - Processing 1560-th line out of 2500 rows of DP table...
2022-01-04 20:49:16,059 - root - DEBUG - Processing 1570-th line out of 2500 rows of DP table...
2022-01-04 20:49:16,381 - root - DEBUG - Processing 1580-th line out of 2500 rows of DP table...
2022-01-04 20:49:16,701 - root - DEBUG - Processing 1590-th line out of 2500 rows of DP table...
2022-01-04 20:49:17,017 - root - DEBUG - Processing 1600-th line out of 2500 rows of DP table...
2022-01-04 20:49:17,400 - root - DEBUG - Processing 1610-th line out of 2500 rows of DP table...
2022-01-04 20:49:17,711 - root - DEBUG - Processing 1620-th line out of 2500 rows of DP table...
2022-01-04 20:49:18,030 - root - DEBUG - Processing 1630-th line out of 2500 rows of DP table...
2022-01-04 20:49:18,341 - root - DEBUG - Processing 1640-th line out of 2500 rows of DP table...
2022-01-04 20:49:18,645 - root - DEBUG - Processing 1650-th line out of 2500 rows of DP table...
2022-01-04 20:49:18,941 - root - DEBUG - Processing 1660-th line out of 2500 rows of DP table...
2022-01-04 20:49:19,248 - root - DEBUG - Processing 1670-th line out of 2500 rows of DP table...
2022-01-04 20:49:19,546 - root - DEBUG - Processing 1680-th line out of 2500 rows of DP table...
2022-01-04 20:49:19,836 - root - DEBUG - Processing 1690-th line out of 2500 rows of DP table...
2022-01-04 20:49:20,118 - root - DEBUG - Processing 1700-th line out of 2500 rows of DP table...
2022-01-04 20:49:20,399 - root - DEBUG - Processing 1710-th line out of 2500 rows of DP table...
2022-01-04 20:49:20,676 - root - DEBUG - Processing 1720-th line out of 2500 rows of DP table...
2022-01-04 20:49:20,949 - root - DEBUG - Processing 1730-th line out of 2500 rows of DP table...
2022-01-04 20:49:21,219 - root - DEBUG - Processing 1740-th line out of 2500 rows of DP table...
2022-01-04 20:49:21,486 - root - DEBUG - Processing 1750-th line out of 2500 rows of DP table...
2022-01-04 20:49:21,750 - root - DEBUG - Processing 1760-th line out of 2500 rows of DP table...
2022-01-04 20:49:22,012 - root - DEBUG - Processing 1770-th line out of 2500 rows of DP table...
2022-01-04 20:49:22,268 - root - DEBUG - Processing 1780-th line out of 2500 rows of DP table...
2022-01-04 20:49:22,518 - root - DEBUG - Processing 1790-th line out of 2500 rows of DP table...
2022-01-04 20:49:22,768 - root - DEBUG - Processing 1800-th line out of 2500 rows of DP table...
2022-01-04 20:49:23,016 - root - DEBUG - Processing 1810-th line out of 2500 rows of DP table...
2022-01-04 20:49:23,259 - root - DEBUG - Processing 1820-th line out of 2500 rows of DP table...
2022-01-04 20:49:23,500 - root - DEBUG - Processing 1830-th line out of 2500 rows of DP table...
2022-01-04 20:49:23,737 - root - DEBUG - Processing 1840-th line out of 2500 rows of DP table...
2022-01-04 20:49:23,971 - root - DEBUG - Processing 1850-th line out of 2500 rows of DP table...
2022-01-04 20:49:24,202 - root - DEBUG - Processing 1860-th line out of 2500 rows of DP table...
2022-01-04 20:49:24,430 - root - DEBUG - Processing 1870-th line out of 2500 rows of DP table...
2022-01-04 20:49:24,674 - root - DEBUG - Processing 1880-th line out of 2500 rows of DP table...
2022-01-04 20:49:24,895 - root - DEBUG - Processing 1890-th line out of 2500 rows of DP table...
2022-01-04 20:49:25,111 - root - DEBUG - Processing 1900-th line out of 2500 rows of DP table...
2022-01-04 20:49:25,326 - root - DEBUG - Processing 1910-th line out of 2500 rows of DP table...
2022-01-04 20:49:25,537 - root - DEBUG - Processing 1920-th line out of 2500 rows of DP table...
2022-01-04 20:49:25,756 - root - DEBUG - Processing 1930-th line out of 2500 rows of DP table...
2022-01-04 20:49:25,966 - root - DEBUG - Processing 1940-th line out of 2500 rows of DP table...
2022-01-04 20:49:26,280 - root - DEBUG - Processing 1950-th line out of 2500 rows of DP table...
2022-01-04 20:49:26,505 - root - DEBUG - Processing 1960-th line out of 2500 rows of DP table...
2022-01-04 20:49:26,698 - root - DEBUG - Processing 1970-th line out of 2500 rows of DP table...
2022-01-04 20:49:26,887 - root - DEBUG - Processing 1980-th line out of 2500 rows of DP table...
2022-01-04 20:49:27,096 - root - DEBUG - Processing 1990-th line out of 2500 rows of DP table...
2022-01-04 20:49:27,342 - root - DEBUG - Processing 2000-th line out of 2500 rows of DP table...
2022-01-04 20:49:27,519 - root - DEBUG - Processing 2010-th line out of 2500 rows of DP table...
2022-01-04 20:49:27,695 - root - DEBUG - Processing 2020-th line out of 2500 rows of DP table...
2022-01-04 20:49:27,867 - root - DEBUG - Processing 2030-th line out of 2500 rows of DP table...
2022-01-04 20:49:28,036 - root - DEBUG - Processing 2040-th line out of 2500 rows of DP table...
2022-01-04 20:49:28,201 - root - DEBUG - Processing 2050-th line out of 2500 rows of DP table...
2022-01-04 20:49:28,363 - root - DEBUG - Processing 2060-th line out of 2500 rows of DP table...
2022-01-04 20:49:28,523 - root - DEBUG - Processing 2070-th line out of 2500 rows of DP table...
2022-01-04 20:49:28,679 - root - DEBUG - Processing 2080-th line out of 2500 rows of DP table...
2022-01-04 20:49:28,831 - root - DEBUG - Processing 2090-th line out of 2500 rows of DP table...
2022-01-04 20:49:28,980 - root - DEBUG - Processing 2100-th line out of 2500 rows of DP table...
2022-01-04 20:49:29,126 - root - DEBUG - Processing 2110-th line out of 2500 rows of DP table...
2022-01-04 20:49:29,270 - root - DEBUG - Processing 2120-th line out of 2500 rows of DP table...
2022-01-04 20:49:29,410 - root - DEBUG - Processing 2130-th line out of 2500 rows of DP table...
2022-01-04 20:49:29,546 - root - DEBUG - Processing 2140-th line out of 2500 rows of DP table...
2022-01-04 20:49:29,678 - root - DEBUG - Processing 2150-th line out of 2500 rows of DP table...
2022-01-04 20:49:29,809 - root - DEBUG - Processing 2160-th line out of 2500 rows of DP table...
2022-01-04 20:49:29,937 - root - DEBUG - Processing 2170-th line out of 2500 rows of DP table...
2022-01-04 20:49:30,060 - root - DEBUG - Processing 2180-th line out of 2500 rows of DP table...
2022-01-04 20:49:30,180 - root - DEBUG - Processing 2190-th line out of 2500 rows of DP table...
2022-01-04 20:49:30,296 - root - DEBUG - Processing 2200-th line out of 2500 rows of DP table...
2022-01-04 20:49:30,410 - root - DEBUG - Processing 2210-th line out of 2500 rows of DP table...
2022-01-04 20:49:30,520 - root - DEBUG - Processing 2220-th line out of 2500 rows of DP table...
2022-01-04 20:49:30,626 - root - DEBUG - Processing 2230-th line out of 2500 rows of DP table...
2022-01-04 20:49:30,729 - root - DEBUG - Processing 2240-th line out of 2500 rows of DP table...
2022-01-04 20:49:30,829 - root - DEBUG - Processing 2250-th line out of 2500 rows of DP table...
2022-01-04 20:49:30,925 - root - DEBUG - Processing 2260-th line out of 2500 rows of DP table...
2022-01-04 20:49:31,018 - root - DEBUG - Processing 2270-th line out of 2500 rows of DP table...
2022-01-04 20:49:31,107 - root - DEBUG - Processing 2280-th line out of 2500 rows of DP table...
2022-01-04 20:49:31,193 - root - DEBUG - Processing 2290-th line out of 2500 rows of DP table...
2022-01-04 20:49:31,275 - root - DEBUG - Processing 2300-th line out of 2500 rows of DP table...
2022-01-04 20:49:31,355 - root - DEBUG - Processing 2310-th line out of 2500 rows of DP table...
2022-01-04 20:49:31,430 - root - DEBUG - Processing 2320-th line out of 2500 rows of DP table...
2022-01-04 20:49:31,503 - root - DEBUG - Processing 2330-th line out of 2500 rows of DP table...
2022-01-04 20:49:31,573 - root - DEBUG - Processing 2340-th line out of 2500 rows of DP table...
2022-01-04 20:49:31,639 - root - DEBUG - Processing 2350-th line out of 2500 rows of DP table...
2022-01-04 20:49:31,702 - root - DEBUG - Processing 2360-th line out of 2500 rows of DP table...
2022-01-04 20:49:31,760 - root - DEBUG - Processing 2370-th line out of 2500 rows of DP table...
2022-01-04 20:49:31,816 - root - DEBUG - Processing 2380-th line out of 2500 rows of DP table...
2022-01-04 20:49:31,868 - root - DEBUG - Processing 2390-th line out of 2500 rows of DP table...
2022-01-04 20:49:31,917 - root - DEBUG - Processing 2400-th line out of 2500 rows of DP table...
2022-01-04 20:49:31,962 - root - DEBUG - Processing 2410-th line out of 2500 rows of DP table...
2022-01-04 20:49:32,005 - root - DEBUG - Processing 2420-th line out of 2500 rows of DP table...
2022-01-04 20:49:32,043 - root - DEBUG - Processing 2430-th line out of 2500 rows of DP table...
2022-01-04 20:49:32,079 - root - DEBUG - Processing 2440-th line out of 2500 rows of DP table...
2022-01-04 20:49:32,111 - root - DEBUG - Processing 2450-th line out of 2500 rows of DP table...
2022-01-04 20:49:32,140 - root - DEBUG - Processing 2460-th line out of 2500 rows of DP table...
2022-01-04 20:49:32,168 - root - DEBUG - Processing 2470-th line out of 2500 rows of DP table...
2022-01-04 20:49:32,190 - root - DEBUG - Processing 2480-th line out of 2500 rows of DP table...
2022-01-04 20:49:32,210 - root - DEBUG - Processing 2490-th line out of 2500 rows of DP table...
2022-01-04 20:49:32,225 - root - DEBUG - Processing 2500-th line out of 2500 rows of DP table...
2022-01-04 20:49:32,241 - root - DEBUG - Started computing joint logprobs...
