2022-01-04 00:57:44,403 - root - INFO - Loading reference interval set from '211227-2-sim/g19_8.ref.tsv'...
2022-01-04 00:57:44,409 - root - INFO - Loading query interval set from '211227-2-sim/g19_8.query.tsv'...
2022-01-04 00:57:44,412 - root - INFO - Loading chromosome sizes from '211227-2-sim/g19_sizes.tsv'...
2022-01-04 00:57:44,416 - root - INFO - Number of reference intervals: 2500 (2500 before merging)
2022-01-04 00:57:44,418 - root - INFO - Number of query intervals: 500 (500 before merging)
2022-01-04 00:57:44,420 - root - INFO - Number of chromosomes: 1
2022-01-04 00:57:44,426 - root - INFO - Overlap count: 131
2022-01-04 00:57:44,428 - root - DEBUG - Started computing sf for chromosome 'chr1'...
2022-01-04 00:57:44,430 - root - DEBUG - m=2500, n=500
2022-01-04 00:57:45,499 - root - DEBUG - Processing 10-th line out of 2500 rows of DP table...
2022-01-04 00:57:46,364 - root - DEBUG - Processing 20-th line out of 2500 rows of DP table...
2022-01-04 00:57:47,238 - root - DEBUG - Processing 30-th line out of 2500 rows of DP table...
2022-01-04 00:57:48,101 - root - DEBUG - Processing 40-th line out of 2500 rows of DP table...
2022-01-04 00:57:48,970 - root - DEBUG - Processing 50-th line out of 2500 rows of DP table...
2022-01-04 00:57:50,027 - root - DEBUG - Processing 60-th line out of 2500 rows of DP table...
2022-01-04 00:57:50,881 - root - DEBUG - Processing 70-th line out of 2500 rows of DP table...
2022-01-04 00:57:51,753 - root - DEBUG - Processing 80-th line out of 2500 rows of DP table...
2022-01-04 00:57:52,624 - root - DEBUG - Processing 90-th line out of 2500 rows of DP table...
2022-01-04 00:57:53,470 - root - DEBUG - Processing 100-th line out of 2500 rows of DP table...
2022-01-04 00:57:54,344 - root - DEBUG - Processing 110-th line out of 2500 rows of DP table...
2022-01-04 00:57:55,287 - root - DEBUG - Processing 120-th line out of 2500 rows of DP table...
2022-01-04 00:57:56,122 - root - DEBUG - Processing 130-th line out of 2500 rows of DP table...
2022-01-04 00:57:56,961 - root - DEBUG - Processing 140-th line out of 2500 rows of DP table...
2022-01-04 00:57:57,815 - root - DEBUG - Processing 150-th line out of 2500 rows of DP table...
2022-01-04 00:57:58,714 - root - DEBUG - Processing 160-th line out of 2500 rows of DP table...
2022-01-04 00:57:59,549 - root - DEBUG - Processing 170-th line out of 2500 rows of DP table...
2022-01-04 00:58:00,370 - root - DEBUG - Processing 180-th line out of 2500 rows of DP table...
2022-01-04 00:58:01,182 - root - DEBUG - Processing 190-th line out of 2500 rows of DP table...
2022-01-04 00:58:01,993 - root - DEBUG - Processing 200-th line out of 2500 rows of DP table...
2022-01-04 00:58:02,806 - root - DEBUG - Processing 210-th line out of 2500 rows of DP table...
2022-01-04 00:58:03,612 - root - DEBUG - Processing 220-th line out of 2500 rows of DP table...
2022-01-04 00:58:04,413 - root - DEBUG - Processing 230-th line out of 2500 rows of DP table...
2022-01-04 00:58:05,216 - root - DEBUG - Processing 240-th line out of 2500 rows of DP table...
2022-01-04 00:58:06,010 - root - DEBUG - Processing 250-th line out of 2500 rows of DP table...
2022-01-04 00:58:06,805 - root - DEBUG - Processing 260-th line out of 2500 rows of DP table...
2022-01-04 00:58:07,594 - root - DEBUG - Processing 270-th line out of 2500 rows of DP table...
2022-01-04 00:58:08,379 - root - DEBUG - Processing 280-th line out of 2500 rows of DP table...
2022-01-04 00:58:09,168 - root - DEBUG - Processing 290-th line out of 2500 rows of DP table...
2022-01-04 00:58:09,969 - root - DEBUG - Processing 300-th line out of 2500 rows of DP table...
2022-01-04 00:58:10,728 - root - DEBUG - Processing 310-th line out of 2500 rows of DP table...
2022-01-04 00:58:11,494 - root - DEBUG - Processing 320-th line out of 2500 rows of DP table...
2022-01-04 00:58:12,253 - root - DEBUG - Processing 330-th line out of 2500 rows of DP table...
2022-01-04 00:58:13,028 - root - DEBUG - Processing 340-th line out of 2500 rows of DP table...
2022-01-04 00:58:13,783 - root - DEBUG - Processing 350-th line out of 2500 rows of DP table...
2022-01-04 00:58:14,534 - root - DEBUG - Processing 360-th line out of 2500 rows of DP table...
2022-01-04 00:58:15,287 - root - DEBUG - Processing 370-th line out of 2500 rows of DP table...
2022-01-04 00:58:16,030 - root - DEBUG - Processing 380-th line out of 2500 rows of DP table...
2022-01-04 00:58:16,769 - root - DEBUG - Processing 390-th line out of 2500 rows of DP table...
2022-01-04 00:58:17,510 - root - DEBUG - Processing 400-th line out of 2500 rows of DP table...
2022-01-04 00:58:18,242 - root - DEBUG - Processing 410-th line out of 2500 rows of DP table...
2022-01-04 00:58:18,972 - root - DEBUG - Processing 420-th line out of 2500 rows of DP table...
2022-01-04 00:58:19,701 - root - DEBUG - Processing 430-th line out of 2500 rows of DP table...
2022-01-04 00:58:20,420 - root - DEBUG - Processing 440-th line out of 2500 rows of DP table...
2022-01-04 00:58:21,137 - root - DEBUG - Processing 450-th line out of 2500 rows of DP table...
2022-01-04 00:58:21,860 - root - DEBUG - Processing 460-th line out of 2500 rows of DP table...
2022-01-04 00:58:22,569 - root - DEBUG - Processing 470-th line out of 2500 rows of DP table...
2022-01-04 00:58:23,277 - root - DEBUG - Processing 480-th line out of 2500 rows of DP table...
2022-01-04 00:58:23,984 - root - DEBUG - Processing 490-th line out of 2500 rows of DP table...
2022-01-04 00:58:24,683 - root - DEBUG - Processing 500-th line out of 2500 rows of DP table...
2022-01-04 00:58:25,381 - root - DEBUG - Processing 510-th line out of 2500 rows of DP table...
2022-01-04 00:58:26,084 - root - DEBUG - Processing 520-th line out of 2500 rows of DP table...
2022-01-04 00:58:26,775 - root - DEBUG - Processing 530-th line out of 2500 rows of DP table...
2022-01-04 00:58:27,460 - root - DEBUG - Processing 540-th line out of 2500 rows of DP table...
2022-01-04 00:58:28,150 - root - DEBUG - Processing 550-th line out of 2500 rows of DP table...
2022-01-04 00:58:28,833 - root - DEBUG - Processing 560-th line out of 2500 rows of DP table...
2022-01-04 00:58:29,512 - root - DEBUG - Processing 570-th line out of 2500 rows of DP table...
2022-01-04 00:58:30,186 - root - DEBUG - Processing 580-th line out of 2500 rows of DP table...
2022-01-04 00:58:30,861 - root - DEBUG - Processing 590-th line out of 2500 rows of DP table...
2022-01-04 00:58:31,530 - root - DEBUG - Processing 600-th line out of 2500 rows of DP table...
2022-01-04 00:58:32,196 - root - DEBUG - Processing 610-th line out of 2500 rows of DP table...
2022-01-04 00:58:32,857 - root - DEBUG - Processing 620-th line out of 2500 rows of DP table...
2022-01-04 00:58:33,514 - root - DEBUG - Processing 630-th line out of 2500 rows of DP table...
2022-01-04 00:58:34,163 - root - DEBUG - Processing 640-th line out of 2500 rows of DP table...
2022-01-04 00:58:34,821 - root - DEBUG - Processing 650-th line out of 2500 rows of DP table...
2022-01-04 00:58:35,466 - root - DEBUG - Processing 660-th line out of 2500 rows of DP table...
2022-01-04 00:58:36,101 - root - DEBUG - Processing 670-th line out of 2500 rows of DP table...
2022-01-04 00:58:36,744 - root - DEBUG - Processing 680-th line out of 2500 rows of DP table...
2022-01-04 00:58:37,378 - root - DEBUG - Processing 690-th line out of 2500 rows of DP table...
2022-01-04 00:58:38,006 - root - DEBUG - Processing 700-th line out of 2500 rows of DP table...
2022-01-04 00:58:38,632 - root - DEBUG - Processing 710-th line out of 2500 rows of DP table...
2022-01-04 00:58:39,255 - root - DEBUG - Processing 720-th line out of 2500 rows of DP table...
2022-01-04 00:58:39,872 - root - DEBUG - Processing 730-th line out of 2500 rows of DP table...
2022-01-04 00:58:40,487 - root - DEBUG - Processing 740-th line out of 2500 rows of DP table...
2022-01-04 00:58:41,097 - root - DEBUG - Processing 750-th line out of 2500 rows of DP table...
2022-01-04 00:58:41,710 - root - DEBUG - Processing 760-th line out of 2500 rows of DP table...
2022-01-04 00:58:42,313 - root - DEBUG - Processing 770-th line out of 2500 rows of DP table...
2022-01-04 00:58:42,913 - root - DEBUG - Processing 780-th line out of 2500 rows of DP table...
2022-01-04 00:58:43,508 - root - DEBUG - Processing 790-th line out of 2500 rows of DP table...
2022-01-04 00:58:44,100 - root - DEBUG - Processing 800-th line out of 2500 rows of DP table...
2022-01-04 00:58:44,691 - root - DEBUG - Processing 810-th line out of 2500 rows of DP table...
2022-01-04 00:58:45,277 - root - DEBUG - Processing 820-th line out of 2500 rows of DP table...
2022-01-04 00:58:45,859 - root - DEBUG - Processing 830-th line out of 2500 rows of DP table...
2022-01-04 00:58:46,437 - root - DEBUG - Processing 840-th line out of 2500 rows of DP table...
2022-01-04 00:58:47,013 - root - DEBUG - Processing 850-th line out of 2500 rows of DP table...
2022-01-04 00:58:47,585 - root - DEBUG - Processing 860-th line out of 2500 rows of DP table...
2022-01-04 00:58:48,156 - root - DEBUG - Processing 870-th line out of 2500 rows of DP table...
2022-01-04 00:58:48,727 - root - DEBUG - Processing 880-th line out of 2500 rows of DP table...
2022-01-04 00:58:49,289 - root - DEBUG - Processing 890-th line out of 2500 rows of DP table...
2022-01-04 00:58:49,847 - root - DEBUG - Processing 900-th line out of 2500 rows of DP table...
2022-01-04 00:58:50,404 - root - DEBUG - Processing 910-th line out of 2500 rows of DP table...
2022-01-04 00:58:51,019 - root - DEBUG - Processing 920-th line out of 2500 rows of DP table...
2022-01-04 00:58:51,569 - root - DEBUG - Processing 930-th line out of 2500 rows of DP table...
2022-01-04 00:58:52,115 - root - DEBUG - Processing 940-th line out of 2500 rows of DP table...
2022-01-04 00:58:52,658 - root - DEBUG - Processing 950-th line out of 2500 rows of DP table...
2022-01-04 00:58:53,199 - root - DEBUG - Processing 960-th line out of 2500 rows of DP table...
2022-01-04 00:58:53,735 - root - DEBUG - Processing 970-th line out of 2500 rows of DP table...
2022-01-04 00:58:54,268 - root - DEBUG - Processing 980-th line out of 2500 rows of DP table...
2022-01-04 00:58:54,798 - root - DEBUG - Processing 990-th line out of 2500 rows of DP table...
2022-01-04 00:58:55,324 - root - DEBUG - Processing 1000-th line out of 2500 rows of DP table...
2022-01-04 00:58:55,845 - root - DEBUG - Processing 1010-th line out of 2500 rows of DP table...
2022-01-04 00:58:56,362 - root - DEBUG - Processing 1020-th line out of 2500 rows of DP table...
2022-01-04 00:58:56,877 - root - DEBUG - Processing 1030-th line out of 2500 rows of DP table...
2022-01-04 00:58:57,389 - root - DEBUG - Processing 1040-th line out of 2500 rows of DP table...
2022-01-04 00:58:57,904 - root - DEBUG - Processing 1050-th line out of 2500 rows of DP table...
2022-01-04 00:58:58,410 - root - DEBUG - Processing 1060-th line out of 2500 rows of DP table...
2022-01-04 00:58:58,911 - root - DEBUG - Processing 1070-th line out of 2500 rows of DP table...
2022-01-04 00:58:59,407 - root - DEBUG - Processing 1080-th line out of 2500 rows of DP table...
2022-01-04 00:58:59,901 - root - DEBUG - Processing 1090-th line out of 2500 rows of DP table...
2022-01-04 00:59:00,394 - root - DEBUG - Processing 1100-th line out of 2500 rows of DP table...
2022-01-04 00:59:00,883 - root - DEBUG - Processing 1110-th line out of 2500 rows of DP table...
2022-01-04 00:59:01,367 - root - DEBUG - Processing 1120-th line out of 2500 rows of DP table...
2022-01-04 00:59:01,848 - root - DEBUG - Processing 1130-th line out of 2500 rows of DP table...
2022-01-04 00:59:02,324 - root - DEBUG - Processing 1140-th line out of 2500 rows of DP table...
2022-01-04 00:59:02,800 - root - DEBUG - Processing 1150-th line out of 2500 rows of DP table...
2022-01-04 00:59:03,270 - root - DEBUG - Processing 1160-th line out of 2500 rows of DP table...
2022-01-04 00:59:03,739 - root - DEBUG - Processing 1170-th line out of 2500 rows of DP table...
2022-01-04 00:59:04,204 - root - DEBUG - Processing 1180-th line out of 2500 rows of DP table...
2022-01-04 00:59:04,739 - root - DEBUG - Processing 1190-th line out of 2500 rows of DP table...
2022-01-04 00:59:05,291 - root - DEBUG - Processing 1200-th line out of 2500 rows of DP table...
2022-01-04 00:59:05,748 - root - DEBUG - Processing 1210-th line out of 2500 rows of DP table...
2022-01-04 00:59:06,199 - root - DEBUG - Processing 1220-th line out of 2500 rows of DP table...
2022-01-04 00:59:06,645 - root - DEBUG - Processing 1230-th line out of 2500 rows of DP table...
2022-01-04 00:59:07,089 - root - DEBUG - Processing 1240-th line out of 2500 rows of DP table...
2022-01-04 00:59:07,556 - root - DEBUG - Processing 1250-th line out of 2500 rows of DP table...
2022-01-04 00:59:07,992 - root - DEBUG - Processing 1260-th line out of 2500 rows of DP table...
2022-01-04 00:59:08,425 - root - DEBUG - Processing 1270-th line out of 2500 rows of DP table...
2022-01-04 00:59:08,853 - root - DEBUG - Processing 1280-th line out of 2500 rows of DP table...
2022-01-04 00:59:09,287 - root - DEBUG - Processing 1290-th line out of 2500 rows of DP table...
2022-01-04 00:59:09,711 - root - DEBUG - Processing 1300-th line out of 2500 rows of DP table...
2022-01-04 00:59:10,129 - root - DEBUG - Processing 1310-th line out of 2500 rows of DP table...
2022-01-04 00:59:10,545 - root - DEBUG - Processing 1320-th line out of 2500 rows of DP table...
2022-01-04 00:59:10,959 - root - DEBUG - Processing 1330-th line out of 2500 rows of DP table...
2022-01-04 00:59:11,369 - root - DEBUG - Processing 1340-th line out of 2500 rows of DP table...
2022-01-04 00:59:11,775 - root - DEBUG - Processing 1350-th line out of 2500 rows of DP table...
2022-01-04 00:59:12,214 - root - DEBUG - Processing 1360-th line out of 2500 rows of DP table...
2022-01-04 00:59:12,613 - root - DEBUG - Processing 1370-th line out of 2500 rows of DP table...
2022-01-04 00:59:13,010 - root - DEBUG - Processing 1380-th line out of 2500 rows of DP table...
2022-01-04 00:59:13,404 - root - DEBUG - Processing 1390-th line out of 2500 rows of DP table...
2022-01-04 00:59:13,793 - root - DEBUG - Processing 1400-th line out of 2500 rows of DP table...
2022-01-04 00:59:14,181 - root - DEBUG - Processing 1410-th line out of 2500 rows of DP table...
2022-01-04 00:59:14,564 - root - DEBUG - Processing 1420-th line out of 2500 rows of DP table...
2022-01-04 00:59:14,942 - root - DEBUG - Processing 1430-th line out of 2500 rows of DP table...
2022-01-04 00:59:15,318 - root - DEBUG - Processing 1440-th line out of 2500 rows of DP table...
2022-01-04 00:59:15,691 - root - DEBUG - Processing 1450-th line out of 2500 rows of DP table...
2022-01-04 00:59:16,094 - root - DEBUG - Processing 1460-th line out of 2500 rows of DP table...
2022-01-04 00:59:16,460 - root - DEBUG - Processing 1470-th line out of 2500 rows of DP table...
2022-01-04 00:59:16,820 - root - DEBUG - Processing 1480-th line out of 2500 rows of DP table...
2022-01-04 00:59:17,177 - root - DEBUG - Processing 1490-th line out of 2500 rows of DP table...
2022-01-04 00:59:17,533 - root - DEBUG - Processing 1500-th line out of 2500 rows of DP table...
2022-01-04 00:59:17,895 - root - DEBUG - Processing 1510-th line out of 2500 rows of DP table...
2022-01-04 00:59:18,260 - root - DEBUG - Processing 1520-th line out of 2500 rows of DP table...
2022-01-04 00:59:18,604 - root - DEBUG - Processing 1530-th line out of 2500 rows of DP table...
2022-01-04 00:59:18,945 - root - DEBUG - Processing 1540-th line out of 2500 rows of DP table...
2022-01-04 00:59:19,283 - root - DEBUG - Processing 1550-th line out of 2500 rows of DP table...
2022-01-04 00:59:19,618 - root - DEBUG - Processing 1560-th line out of 2500 rows of DP table...
2022-01-04 00:59:19,956 - root - DEBUG - Processing 1570-th line out of 2500 rows of DP table...
2022-01-04 00:59:20,379 - root - DEBUG - Processing 1580-th line out of 2500 rows of DP table...
2022-01-04 00:59:20,705 - root - DEBUG - Processing 1590-th line out of 2500 rows of DP table...
2022-01-04 00:59:21,028 - root - DEBUG - Processing 1600-th line out of 2500 rows of DP table...
2022-01-04 00:59:21,419 - root - DEBUG - Processing 1610-th line out of 2500 rows of DP table...
2022-01-04 00:59:21,733 - root - DEBUG - Processing 1620-th line out of 2500 rows of DP table...
2022-01-04 00:59:22,044 - root - DEBUG - Processing 1630-th line out of 2500 rows of DP table...
2022-01-04 00:59:22,353 - root - DEBUG - Processing 1640-th line out of 2500 rows of DP table...
2022-01-04 00:59:22,683 - root - DEBUG - Processing 1650-th line out of 2500 rows of DP table...
2022-01-04 00:59:22,983 - root - DEBUG - Processing 1660-th line out of 2500 rows of DP table...
2022-01-04 00:59:23,281 - root - DEBUG - Processing 1670-th line out of 2500 rows of DP table...
2022-01-04 00:59:23,575 - root - DEBUG - Processing 1680-th line out of 2500 rows of DP table...
2022-01-04 00:59:23,868 - root - DEBUG - Processing 1690-th line out of 2500 rows of DP table...
2022-01-04 00:59:24,163 - root - DEBUG - Processing 1700-th line out of 2500 rows of DP table...
2022-01-04 00:59:24,450 - root - DEBUG - Processing 1710-th line out of 2500 rows of DP table...
2022-01-04 00:59:24,732 - root - DEBUG - Processing 1720-th line out of 2500 rows of DP table...
2022-01-04 00:59:25,011 - root - DEBUG - Processing 1730-th line out of 2500 rows of DP table...
2022-01-04 00:59:25,287 - root - DEBUG - Processing 1740-th line out of 2500 rows of DP table...
2022-01-04 00:59:25,559 - root - DEBUG - Processing 1750-th line out of 2500 rows of DP table...
2022-01-04 00:59:25,828 - root - DEBUG - Processing 1760-th line out of 2500 rows of DP table...
2022-01-04 00:59:26,094 - root - DEBUG - Processing 1770-th line out of 2500 rows of DP table...
2022-01-04 00:59:26,356 - root - DEBUG - Processing 1780-th line out of 2500 rows of DP table...
2022-01-04 00:59:26,615 - root - DEBUG - Processing 1790-th line out of 2500 rows of DP table...
2022-01-04 00:59:26,869 - root - DEBUG - Processing 1800-th line out of 2500 rows of DP table...
2022-01-04 00:59:27,122 - root - DEBUG - Processing 1810-th line out of 2500 rows of DP table...
2022-01-04 00:59:27,371 - root - DEBUG - Processing 1820-th line out of 2500 rows of DP table...
2022-01-04 00:59:27,615 - root - DEBUG - Processing 1830-th line out of 2500 rows of DP table...
2022-01-04 00:59:27,857 - root - DEBUG - Processing 1840-th line out of 2500 rows of DP table...
2022-01-04 00:59:28,095 - root - DEBUG - Processing 1850-th line out of 2500 rows of DP table...
2022-01-04 00:59:28,330 - root - DEBUG - Processing 1860-th line out of 2500 rows of DP table...
2022-01-04 00:59:28,561 - root - DEBUG - Processing 1870-th line out of 2500 rows of DP table...
2022-01-04 00:59:28,789 - root - DEBUG - Processing 1880-th line out of 2500 rows of DP table...
2022-01-04 00:59:29,014 - root - DEBUG - Processing 1890-th line out of 2500 rows of DP table...
2022-01-04 00:59:29,235 - root - DEBUG - Processing 1900-th line out of 2500 rows of DP table...
2022-01-04 00:59:29,452 - root - DEBUG - Processing 1910-th line out of 2500 rows of DP table...
2022-01-04 00:59:29,664 - root - DEBUG - Processing 1920-th line out of 2500 rows of DP table...
2022-01-04 00:59:29,876 - root - DEBUG - Processing 1930-th line out of 2500 rows of DP table...
2022-01-04 00:59:30,083 - root - DEBUG - Processing 1940-th line out of 2500 rows of DP table...
2022-01-04 00:59:30,286 - root - DEBUG - Processing 1950-th line out of 2500 rows of DP table...
2022-01-04 00:59:30,485 - root - DEBUG - Processing 1960-th line out of 2500 rows of DP table...
2022-01-04 00:59:30,683 - root - DEBUG - Processing 1970-th line out of 2500 rows of DP table...
2022-01-04 00:59:30,877 - root - DEBUG - Processing 1980-th line out of 2500 rows of DP table...
2022-01-04 00:59:31,067 - root - DEBUG - Processing 1990-th line out of 2500 rows of DP table...
2022-01-04 00:59:31,254 - root - DEBUG - Processing 2000-th line out of 2500 rows of DP table...
2022-01-04 00:59:31,438 - root - DEBUG - Processing 2010-th line out of 2500 rows of DP table...
2022-01-04 00:59:31,618 - root - DEBUG - Processing 2020-th line out of 2500 rows of DP table...
2022-01-04 00:59:31,793 - root - DEBUG - Processing 2030-th line out of 2500 rows of DP table...
2022-01-04 00:59:31,965 - root - DEBUG - Processing 2040-th line out of 2500 rows of DP table...
2022-01-04 00:59:32,136 - root - DEBUG - Processing 2050-th line out of 2500 rows of DP table...
2022-01-04 00:59:32,301 - root - DEBUG - Processing 2060-th line out of 2500 rows of DP table...
2022-01-04 00:59:32,492 - root - DEBUG - Processing 2070-th line out of 2500 rows of DP table...
2022-01-04 00:59:32,652 - root - DEBUG - Processing 2080-th line out of 2500 rows of DP table...
2022-01-04 00:59:32,808 - root - DEBUG - Processing 2090-th line out of 2500 rows of DP table...
2022-01-04 00:59:32,962 - root - DEBUG - Processing 2100-th line out of 2500 rows of DP table...
2022-01-04 00:59:33,111 - root - DEBUG - Processing 2110-th line out of 2500 rows of DP table...
2022-01-04 00:59:33,256 - root - DEBUG - Processing 2120-th line out of 2500 rows of DP table...
2022-01-04 00:59:33,400 - root - DEBUG - Processing 2130-th line out of 2500 rows of DP table...
2022-01-04 00:59:33,552 - root - DEBUG - Processing 2140-th line out of 2500 rows of DP table...
2022-01-04 00:59:33,688 - root - DEBUG - Processing 2150-th line out of 2500 rows of DP table...
2022-01-04 00:59:33,821 - root - DEBUG - Processing 2160-th line out of 2500 rows of DP table...
2022-01-04 00:59:33,972 - root - DEBUG - Processing 2170-th line out of 2500 rows of DP table...
2022-01-04 00:59:34,098 - root - DEBUG - Processing 2180-th line out of 2500 rows of DP table...
2022-01-04 00:59:34,256 - root - DEBUG - Processing 2190-th line out of 2500 rows of DP table...
2022-01-04 00:59:34,390 - root - DEBUG - Processing 2200-th line out of 2500 rows of DP table...
2022-01-04 00:59:34,509 - root - DEBUG - Processing 2210-th line out of 2500 rows of DP table...
2022-01-04 00:59:34,625 - root - DEBUG - Processing 2220-th line out of 2500 rows of DP table...
2022-01-04 00:59:34,751 - root - DEBUG - Processing 2230-th line out of 2500 rows of DP table...
2022-01-04 00:59:34,864 - root - DEBUG - Processing 2240-th line out of 2500 rows of DP table...
2022-01-04 00:59:34,975 - root - DEBUG - Processing 2250-th line out of 2500 rows of DP table...
2022-01-04 00:59:35,083 - root - DEBUG - Processing 2260-th line out of 2500 rows of DP table...
2022-01-04 00:59:35,207 - root - DEBUG - Processing 2270-th line out of 2500 rows of DP table...
2022-01-04 00:59:35,308 - root - DEBUG - Processing 2280-th line out of 2500 rows of DP table...
2022-01-04 00:59:35,403 - root - DEBUG - Processing 2290-th line out of 2500 rows of DP table...
2022-01-04 00:59:35,495 - root - DEBUG - Processing 2300-th line out of 2500 rows of DP table...
2022-01-04 00:59:35,581 - root - DEBUG - Processing 2310-th line out of 2500 rows of DP table...
2022-01-04 00:59:35,660 - root - DEBUG - Processing 2320-th line out of 2500 rows of DP table...
2022-01-04 00:59:35,745 - root - DEBUG - Processing 2330-th line out of 2500 rows of DP table...
2022-01-04 00:59:35,837 - root - DEBUG - Processing 2340-th line out of 2500 rows of DP table...
2022-01-04 00:59:35,907 - root - DEBUG - Processing 2350-th line out of 2500 rows of DP table...
2022-01-04 00:59:35,972 - root - DEBUG - Processing 2360-th line out of 2500 rows of DP table...
2022-01-04 00:59:36,034 - root - DEBUG - Processing 2370-th line out of 2500 rows of DP table...
2022-01-04 00:59:36,091 - root - DEBUG - Processing 2380-th line out of 2500 rows of DP table...
2022-01-04 00:59:36,146 - root - DEBUG - Processing 2390-th line out of 2500 rows of DP table...
2022-01-04 00:59:36,209 - root - DEBUG - Processing 2400-th line out of 2500 rows of DP table...
2022-01-04 00:59:36,278 - root - DEBUG - Processing 2410-th line out of 2500 rows of DP table...
2022-01-04 00:59:36,322 - root - DEBUG - Processing 2420-th line out of 2500 rows of DP table...
2022-01-04 00:59:36,363 - root - DEBUG - Processing 2430-th line out of 2500 rows of DP table...
2022-01-04 00:59:36,400 - root - DEBUG - Processing 2440-th line out of 2500 rows of DP table...
2022-01-04 00:59:36,433 - root - DEBUG - Processing 2450-th line out of 2500 rows of DP table...
2022-01-04 00:59:36,463 - root - DEBUG - Processing 2460-th line out of 2500 rows of DP table...
2022-01-04 00:59:36,488 - root - DEBUG - Processing 2470-th line out of 2500 rows of DP table...
2022-01-04 00:59:36,510 - root - DEBUG - Processing 2480-th line out of 2500 rows of DP table...
2022-01-04 00:59:36,529 - root - DEBUG - Processing 2490-th line out of 2500 rows of DP table...
2022-01-04 00:59:36,544 - root - DEBUG - Processing 2500-th line out of 2500 rows of DP table...
2022-01-04 00:59:36,561 - root - DEBUG - Started computing joint logprobs...
