2022-01-04 21:04:58,694 - root - INFO - Loading reference interval set from '211227-2-sim/g19_1.ref.tsv'...
2022-01-04 21:04:58,699 - root - INFO - Loading query interval set from '211227-2-sim/g19_1.query.tsv'...
2022-01-04 21:04:58,701 - root - INFO - Loading chromosome sizes from '211227-2-sim/g19_sizes.tsv'...
2022-01-04 21:04:58,704 - root - INFO - Number of reference intervals: 2500 (2500 before merging)
2022-01-04 21:04:58,705 - root - INFO - Number of query intervals: 500 (500 before merging)
2022-01-04 21:04:58,705 - root - INFO - Number of chromosomes: 1
2022-01-04 21:04:58,710 - root - INFO - Overlap count: 130
2022-01-04 21:04:58,711 - root - DEBUG - Started computing sf for chromosome 'chr1'...
2022-01-04 21:04:58,712 - root - DEBUG - m=2500, n=500
2022-01-04 21:04:59,503 - root - DEBUG - Processing 10-th line out of 2500 rows of DP table...
2022-01-04 21:05:00,343 - root - DEBUG - Processing 20-th line out of 2500 rows of DP table...
2022-01-04 21:05:01,184 - root - DEBUG - Processing 30-th line out of 2500 rows of DP table...
2022-01-04 21:05:02,022 - root - DEBUG - Processing 40-th line out of 2500 rows of DP table...
2022-01-04 21:05:02,853 - root - DEBUG - Processing 50-th line out of 2500 rows of DP table...
2022-01-04 21:05:03,668 - root - DEBUG - Processing 60-th line out of 2500 rows of DP table...
2022-01-04 21:05:04,510 - root - DEBUG - Processing 70-th line out of 2500 rows of DP table...
2022-01-04 21:05:05,441 - root - DEBUG - Processing 80-th line out of 2500 rows of DP table...
2022-01-04 21:05:06,249 - root - DEBUG - Processing 90-th line out of 2500 rows of DP table...
2022-01-04 21:05:07,062 - root - DEBUG - Processing 100-th line out of 2500 rows of DP table...
2022-01-04 21:05:07,878 - root - DEBUG - Processing 110-th line out of 2500 rows of DP table...
2022-01-04 21:05:08,679 - root - DEBUG - Processing 120-th line out of 2500 rows of DP table...
2022-01-04 21:05:09,473 - root - DEBUG - Processing 130-th line out of 2500 rows of DP table...
2022-01-04 21:05:10,270 - root - DEBUG - Processing 140-th line out of 2500 rows of DP table...
2022-01-04 21:05:11,065 - root - DEBUG - Processing 150-th line out of 2500 rows of DP table...
2022-01-04 21:05:11,855 - root - DEBUG - Processing 160-th line out of 2500 rows of DP table...
2022-01-04 21:05:12,645 - root - DEBUG - Processing 170-th line out of 2500 rows of DP table...
2022-01-04 21:05:13,432 - root - DEBUG - Processing 180-th line out of 2500 rows of DP table...
2022-01-04 21:05:14,208 - root - DEBUG - Processing 190-th line out of 2500 rows of DP table...
2022-01-04 21:05:14,986 - root - DEBUG - Processing 200-th line out of 2500 rows of DP table...
2022-01-04 21:05:15,780 - root - DEBUG - Processing 210-th line out of 2500 rows of DP table...
2022-01-04 21:05:16,548 - root - DEBUG - Processing 220-th line out of 2500 rows of DP table...
2022-01-04 21:05:17,317 - root - DEBUG - Processing 230-th line out of 2500 rows of DP table...
2022-01-04 21:05:18,083 - root - DEBUG - Processing 240-th line out of 2500 rows of DP table...
2022-01-04 21:05:18,842 - root - DEBUG - Processing 250-th line out of 2500 rows of DP table...
2022-01-04 21:05:19,603 - root - DEBUG - Processing 260-th line out of 2500 rows of DP table...
2022-01-04 21:05:20,361 - root - DEBUG - Processing 270-th line out of 2500 rows of DP table...
2022-01-04 21:05:21,110 - root - DEBUG - Processing 280-th line out of 2500 rows of DP table...
2022-01-04 21:05:21,859 - root - DEBUG - Processing 290-th line out of 2500 rows of DP table...
2022-01-04 21:05:22,603 - root - DEBUG - Processing 300-th line out of 2500 rows of DP table...
2022-01-04 21:05:23,342 - root - DEBUG - Processing 310-th line out of 2500 rows of DP table...
2022-01-04 21:05:24,100 - root - DEBUG - Processing 320-th line out of 2500 rows of DP table...
2022-01-04 21:05:24,834 - root - DEBUG - Processing 330-th line out of 2500 rows of DP table...
2022-01-04 21:05:25,561 - root - DEBUG - Processing 340-th line out of 2500 rows of DP table...
2022-01-04 21:05:26,311 - root - DEBUG - Processing 350-th line out of 2500 rows of DP table...
2022-01-04 21:05:27,059 - root - DEBUG - Processing 360-th line out of 2500 rows of DP table...
2022-01-04 21:05:27,828 - root - DEBUG - Processing 370-th line out of 2500 rows of DP table...
2022-01-04 21:05:28,566 - root - DEBUG - Processing 380-th line out of 2500 rows of DP table...
2022-01-04 21:05:29,305 - root - DEBUG - Processing 390-th line out of 2500 rows of DP table...
2022-01-04 21:05:30,039 - root - DEBUG - Processing 400-th line out of 2500 rows of DP table...
2022-01-04 21:05:30,748 - root - DEBUG - Processing 410-th line out of 2500 rows of DP table...
2022-01-04 21:05:31,477 - root - DEBUG - Processing 420-th line out of 2500 rows of DP table...
2022-01-04 21:05:32,199 - root - DEBUG - Processing 430-th line out of 2500 rows of DP table...
2022-01-04 21:05:32,901 - root - DEBUG - Processing 440-th line out of 2500 rows of DP table...
2022-01-04 21:05:33,619 - root - DEBUG - Processing 450-th line out of 2500 rows of DP table...
2022-01-04 21:05:34,335 - root - DEBUG - Processing 460-th line out of 2500 rows of DP table...
2022-01-04 21:05:35,028 - root - DEBUG - Processing 470-th line out of 2500 rows of DP table...
2022-01-04 21:05:35,733 - root - DEBUG - Processing 480-th line out of 2500 rows of DP table...
2022-01-04 21:05:36,437 - root - DEBUG - Processing 490-th line out of 2500 rows of DP table...
2022-01-04 21:05:37,118 - root - DEBUG - Processing 500-th line out of 2500 rows of DP table...
2022-01-04 21:05:37,829 - root - DEBUG - Processing 510-th line out of 2500 rows of DP table...
2022-01-04 21:05:38,497 - root - DEBUG - Processing 520-th line out of 2500 rows of DP table...
2022-01-04 21:05:39,159 - root - DEBUG - Processing 530-th line out of 2500 rows of DP table...
2022-01-04 21:05:39,837 - root - DEBUG - Processing 540-th line out of 2500 rows of DP table...
2022-01-04 21:05:40,499 - root - DEBUG - Processing 550-th line out of 2500 rows of DP table...
2022-01-04 21:05:41,158 - root - DEBUG - Processing 560-th line out of 2500 rows of DP table...
2022-01-04 21:05:41,815 - root - DEBUG - Processing 570-th line out of 2500 rows of DP table...
2022-01-04 21:05:42,461 - root - DEBUG - Processing 580-th line out of 2500 rows of DP table...
2022-01-04 21:05:43,112 - root - DEBUG - Processing 590-th line out of 2500 rows of DP table...
2022-01-04 21:05:43,753 - root - DEBUG - Processing 600-th line out of 2500 rows of DP table...
2022-01-04 21:05:44,396 - root - DEBUG - Processing 610-th line out of 2500 rows of DP table...
2022-01-04 21:05:45,034 - root - DEBUG - Processing 620-th line out of 2500 rows of DP table...
2022-01-04 21:05:45,671 - root - DEBUG - Processing 630-th line out of 2500 rows of DP table...
2022-01-04 21:05:46,304 - root - DEBUG - Processing 640-th line out of 2500 rows of DP table...
2022-01-04 21:05:46,928 - root - DEBUG - Processing 650-th line out of 2500 rows of DP table...
2022-01-04 21:05:47,552 - root - DEBUG - Processing 660-th line out of 2500 rows of DP table...
2022-01-04 21:05:48,169 - root - DEBUG - Processing 670-th line out of 2500 rows of DP table...
2022-01-04 21:05:48,787 - root - DEBUG - Processing 680-th line out of 2500 rows of DP table...
2022-01-04 21:05:49,397 - root - DEBUG - Processing 690-th line out of 2500 rows of DP table...
2022-01-04 21:05:50,007 - root - DEBUG - Processing 700-th line out of 2500 rows of DP table...
2022-01-04 21:05:50,613 - root - DEBUG - Processing 710-th line out of 2500 rows of DP table...
2022-01-04 21:05:51,220 - root - DEBUG - Processing 720-th line out of 2500 rows of DP table...
2022-01-04 21:05:51,820 - root - DEBUG - Processing 730-th line out of 2500 rows of DP table...
2022-01-04 21:05:52,419 - root - DEBUG - Processing 740-th line out of 2500 rows of DP table...
2022-01-04 21:05:53,011 - root - DEBUG - Processing 750-th line out of 2500 rows of DP table...
2022-01-04 21:05:53,604 - root - DEBUG - Processing 760-th line out of 2500 rows of DP table...
2022-01-04 21:05:54,198 - root - DEBUG - Processing 770-th line out of 2500 rows of DP table...
2022-01-04 21:05:54,781 - root - DEBUG - Processing 780-th line out of 2500 rows of DP table...
2022-01-04 21:05:55,364 - root - DEBUG - Processing 790-th line out of 2500 rows of DP table...
2022-01-04 21:05:55,940 - root - DEBUG - Processing 800-th line out of 2500 rows of DP table...
2022-01-04 21:05:56,518 - root - DEBUG - Processing 810-th line out of 2500 rows of DP table...
2022-01-04 21:05:57,087 - root - DEBUG - Processing 820-th line out of 2500 rows of DP table...
2022-01-04 21:05:57,659 - root - DEBUG - Processing 830-th line out of 2500 rows of DP table...
2022-01-04 21:05:58,222 - root - DEBUG - Processing 840-th line out of 2500 rows of DP table...
2022-01-04 21:05:58,787 - root - DEBUG - Processing 850-th line out of 2500 rows of DP table...
2022-01-04 21:05:59,344 - root - DEBUG - Processing 860-th line out of 2500 rows of DP table...
2022-01-04 21:05:59,902 - root - DEBUG - Processing 870-th line out of 2500 rows of DP table...
2022-01-04 21:06:00,451 - root - DEBUG - Processing 880-th line out of 2500 rows of DP table...
2022-01-04 21:06:00,996 - root - DEBUG - Processing 890-th line out of 2500 rows of DP table...
2022-01-04 21:06:01,544 - root - DEBUG - Processing 900-th line out of 2500 rows of DP table...
2022-01-04 21:06:02,083 - root - DEBUG - Processing 910-th line out of 2500 rows of DP table...
2022-01-04 21:06:02,623 - root - DEBUG - Processing 920-th line out of 2500 rows of DP table...
2022-01-04 21:06:03,155 - root - DEBUG - Processing 930-th line out of 2500 rows of DP table...
2022-01-04 21:06:03,687 - root - DEBUG - Processing 940-th line out of 2500 rows of DP table...
2022-01-04 21:06:04,213 - root - DEBUG - Processing 950-th line out of 2500 rows of DP table...
2022-01-04 21:06:04,739 - root - DEBUG - Processing 960-th line out of 2500 rows of DP table...
2022-01-04 21:06:05,259 - root - DEBUG - Processing 970-th line out of 2500 rows of DP table...
2022-01-04 21:06:05,796 - root - DEBUG - Processing 980-th line out of 2500 rows of DP table...
2022-01-04 21:06:06,314 - root - DEBUG - Processing 990-th line out of 2500 rows of DP table...
2022-01-04 21:06:06,830 - root - DEBUG - Processing 1000-th line out of 2500 rows of DP table...
2022-01-04 21:06:07,340 - root - DEBUG - Processing 1010-th line out of 2500 rows of DP table...
2022-01-04 21:06:07,851 - root - DEBUG - Processing 1020-th line out of 2500 rows of DP table...
2022-01-04 21:06:08,350 - root - DEBUG - Processing 1030-th line out of 2500 rows of DP table...
2022-01-04 21:06:08,846 - root - DEBUG - Processing 1040-th line out of 2500 rows of DP table...
2022-01-04 21:06:09,343 - root - DEBUG - Processing 1050-th line out of 2500 rows of DP table...
2022-01-04 21:06:09,833 - root - DEBUG - Processing 1060-th line out of 2500 rows of DP table...
2022-01-04 21:06:10,337 - root - DEBUG - Processing 1070-th line out of 2500 rows of DP table...
2022-01-04 21:06:10,823 - root - DEBUG - Processing 1080-th line out of 2500 rows of DP table...
2022-01-04 21:06:11,309 - root - DEBUG - Processing 1090-th line out of 2500 rows of DP table...
2022-01-04 21:06:11,788 - root - DEBUG - Processing 1100-th line out of 2500 rows of DP table...
2022-01-04 21:06:12,260 - root - DEBUG - Processing 1110-th line out of 2500 rows of DP table...
2022-01-04 21:06:12,732 - root - DEBUG - Processing 1120-th line out of 2500 rows of DP table...
2022-01-04 21:06:13,199 - root - DEBUG - Processing 1130-th line out of 2500 rows of DP table...
2022-01-04 21:06:13,667 - root - DEBUG - Processing 1140-th line out of 2500 rows of DP table...
2022-01-04 21:06:14,129 - root - DEBUG - Processing 1150-th line out of 2500 rows of DP table...
2022-01-04 21:06:14,584 - root - DEBUG - Processing 1160-th line out of 2500 rows of DP table...
2022-01-04 21:06:15,043 - root - DEBUG - Processing 1170-th line out of 2500 rows of DP table...
2022-01-04 21:06:15,493 - root - DEBUG - Processing 1180-th line out of 2500 rows of DP table...
2022-01-04 21:06:15,945 - root - DEBUG - Processing 1190-th line out of 2500 rows of DP table...
2022-01-04 21:06:16,388 - root - DEBUG - Processing 1200-th line out of 2500 rows of DP table...
2022-01-04 21:06:16,827 - root - DEBUG - Processing 1210-th line out of 2500 rows of DP table...
2022-01-04 21:06:17,269 - root - DEBUG - Processing 1220-th line out of 2500 rows of DP table...
2022-01-04 21:06:17,709 - root - DEBUG - Processing 1230-th line out of 2500 rows of DP table...
2022-01-04 21:06:18,146 - root - DEBUG - Processing 1240-th line out of 2500 rows of DP table...
2022-01-04 21:06:18,572 - root - DEBUG - Processing 1250-th line out of 2500 rows of DP table...
2022-01-04 21:06:18,999 - root - DEBUG - Processing 1260-th line out of 2500 rows of DP table...
2022-01-04 21:06:19,427 - root - DEBUG - Processing 1270-th line out of 2500 rows of DP table...
2022-01-04 21:06:19,843 - root - DEBUG - Processing 1280-th line out of 2500 rows of DP table...
2022-01-04 21:06:20,256 - root - DEBUG - Processing 1290-th line out of 2500 rows of DP table...
2022-01-04 21:06:20,672 - root - DEBUG - Processing 1300-th line out of 2500 rows of DP table...
2022-01-04 21:06:21,079 - root - DEBUG - Processing 1310-th line out of 2500 rows of DP table...
2022-01-04 21:06:21,483 - root - DEBUG - Processing 1320-th line out of 2500 rows of DP table...
2022-01-04 21:06:21,889 - root - DEBUG - Processing 1330-th line out of 2500 rows of DP table...
2022-01-04 21:06:22,288 - root - DEBUG - Processing 1340-th line out of 2500 rows of DP table...
2022-01-04 21:06:22,687 - root - DEBUG - Processing 1350-th line out of 2500 rows of DP table...
2022-01-04 21:06:23,078 - root - DEBUG - Processing 1360-th line out of 2500 rows of DP table...
2022-01-04 21:06:23,466 - root - DEBUG - Processing 1370-th line out of 2500 rows of DP table...
2022-01-04 21:06:23,855 - root - DEBUG - Processing 1380-th line out of 2500 rows of DP table...
2022-01-04 21:06:24,237 - root - DEBUG - Processing 1390-th line out of 2500 rows of DP table...
2022-01-04 21:06:24,616 - root - DEBUG - Processing 1400-th line out of 2500 rows of DP table...
2022-01-04 21:06:24,993 - root - DEBUG - Processing 1410-th line out of 2500 rows of DP table...
2022-01-04 21:06:25,363 - root - DEBUG - Processing 1420-th line out of 2500 rows of DP table...
2022-01-04 21:06:25,730 - root - DEBUG - Processing 1430-th line out of 2500 rows of DP table...
2022-01-04 21:06:26,101 - root - DEBUG - Processing 1440-th line out of 2500 rows of DP table...
2022-01-04 21:06:26,464 - root - DEBUG - Processing 1450-th line out of 2500 rows of DP table...
2022-01-04 21:06:26,824 - root - DEBUG - Processing 1460-th line out of 2500 rows of DP table...
2022-01-04 21:06:27,179 - root - DEBUG - Processing 1470-th line out of 2500 rows of DP table...
2022-01-04 21:06:27,538 - root - DEBUG - Processing 1480-th line out of 2500 rows of DP table...
2022-01-04 21:06:27,886 - root - DEBUG - Processing 1490-th line out of 2500 rows of DP table...
2022-01-04 21:06:28,231 - root - DEBUG - Processing 1500-th line out of 2500 rows of DP table...
2022-01-04 21:06:28,577 - root - DEBUG - Processing 1510-th line out of 2500 rows of DP table...
2022-01-04 21:06:28,916 - root - DEBUG - Processing 1520-th line out of 2500 rows of DP table...
2022-01-04 21:06:29,249 - root - DEBUG - Processing 1530-th line out of 2500 rows of DP table...
2022-01-04 21:06:29,584 - root - DEBUG - Processing 1540-th line out of 2500 rows of DP table...
2022-01-04 21:06:29,912 - root - DEBUG - Processing 1550-th line out of 2500 rows of DP table...
2022-01-04 21:06:30,236 - root - DEBUG - Processing 1560-th line out of 2500 rows of DP table...
2022-01-04 21:06:30,557 - root - DEBUG - Processing 1570-th line out of 2500 rows of DP table...
2022-01-04 21:06:30,879 - root - DEBUG - Processing 1580-th line out of 2500 rows of DP table...
2022-01-04 21:06:31,193 - root - DEBUG - Processing 1590-th line out of 2500 rows of DP table...
2022-01-04 21:06:31,504 - root - DEBUG - Processing 1600-th line out of 2500 rows of DP table...
2022-01-04 21:06:31,815 - root - DEBUG - Processing 1610-th line out of 2500 rows of DP table...
2022-01-04 21:06:32,120 - root - DEBUG - Processing 1620-th line out of 2500 rows of DP table...
2022-01-04 21:06:32,422 - root - DEBUG - Processing 1630-th line out of 2500 rows of DP table...
2022-01-04 21:06:32,722 - root - DEBUG - Processing 1640-th line out of 2500 rows of DP table...
2022-01-04 21:06:33,021 - root - DEBUG - Processing 1650-th line out of 2500 rows of DP table...
2022-01-04 21:06:33,314 - root - DEBUG - Processing 1660-th line out of 2500 rows of DP table...
2022-01-04 21:06:33,602 - root - DEBUG - Processing 1670-th line out of 2500 rows of DP table...
2022-01-04 21:06:33,890 - root - DEBUG - Processing 1680-th line out of 2500 rows of DP table...
2022-01-04 21:06:34,177 - root - DEBUG - Processing 1690-th line out of 2500 rows of DP table...
2022-01-04 21:06:34,457 - root - DEBUG - Processing 1700-th line out of 2500 rows of DP table...
2022-01-04 21:06:34,734 - root - DEBUG - Processing 1710-th line out of 2500 rows of DP table...
2022-01-04 21:06:35,006 - root - DEBUG - Processing 1720-th line out of 2500 rows of DP table...
2022-01-04 21:06:35,279 - root - DEBUG - Processing 1730-th line out of 2500 rows of DP table...
2022-01-04 21:06:35,546 - root - DEBUG - Processing 1740-th line out of 2500 rows of DP table...
2022-01-04 21:06:35,808 - root - DEBUG - Processing 1750-th line out of 2500 rows of DP table...
2022-01-04 21:06:36,067 - root - DEBUG - Processing 1760-th line out of 2500 rows of DP table...
2022-01-04 21:06:36,328 - root - DEBUG - Processing 1770-th line out of 2500 rows of DP table...
2022-01-04 21:06:36,580 - root - DEBUG - Processing 1780-th line out of 2500 rows of DP table...
2022-01-04 21:06:36,830 - root - DEBUG - Processing 1790-th line out of 2500 rows of DP table...
2022-01-04 21:06:37,076 - root - DEBUG - Processing 1800-th line out of 2500 rows of DP table...
2022-01-04 21:06:37,318 - root - DEBUG - Processing 1810-th line out of 2500 rows of DP table...
2022-01-04 21:06:37,563 - root - DEBUG - Processing 1820-th line out of 2500 rows of DP table...
2022-01-04 21:06:37,800 - root - DEBUG - Processing 1830-th line out of 2500 rows of DP table...
2022-01-04 21:06:38,032 - root - DEBUG - Processing 1840-th line out of 2500 rows of DP table...
2022-01-04 21:06:38,263 - root - DEBUG - Processing 1850-th line out of 2500 rows of DP table...
2022-01-04 21:06:38,489 - root - DEBUG - Processing 1860-th line out of 2500 rows of DP table...
2022-01-04 21:06:38,719 - root - DEBUG - Processing 1870-th line out of 2500 rows of DP table...
2022-01-04 21:06:38,940 - root - DEBUG - Processing 1880-th line out of 2500 rows of DP table...
2022-01-04 21:06:39,158 - root - DEBUG - Processing 1890-th line out of 2500 rows of DP table...
2022-01-04 21:06:39,372 - root - DEBUG - Processing 1900-th line out of 2500 rows of DP table...
2022-01-04 21:06:39,583 - root - DEBUG - Processing 1910-th line out of 2500 rows of DP table...
2022-01-04 21:06:39,794 - root - DEBUG - Processing 1920-th line out of 2500 rows of DP table...
2022-01-04 21:06:39,998 - root - DEBUG - Processing 1930-th line out of 2500 rows of DP table...
2022-01-04 21:06:40,196 - root - DEBUG - Processing 1940-th line out of 2500 rows of DP table...
2022-01-04 21:06:40,394 - root - DEBUG - Processing 1950-th line out of 2500 rows of DP table...
2022-01-04 21:06:40,589 - root - DEBUG - Processing 1960-th line out of 2500 rows of DP table...
2022-01-04 21:06:40,780 - root - DEBUG - Processing 1970-th line out of 2500 rows of DP table...
2022-01-04 21:06:40,973 - root - DEBUG - Processing 1980-th line out of 2500 rows of DP table...
2022-01-04 21:06:41,159 - root - DEBUG - Processing 1990-th line out of 2500 rows of DP table...
2022-01-04 21:06:41,341 - root - DEBUG - Processing 2000-th line out of 2500 rows of DP table...
2022-01-04 21:06:41,528 - root - DEBUG - Processing 2010-th line out of 2500 rows of DP table...
2022-01-04 21:06:41,701 - root - DEBUG - Processing 2020-th line out of 2500 rows of DP table...
2022-01-04 21:06:41,870 - root - DEBUG - Processing 2030-th line out of 2500 rows of DP table...
2022-01-04 21:06:42,036 - root - DEBUG - Processing 2040-th line out of 2500 rows of DP table...
2022-01-04 21:06:42,204 - root - DEBUG - Processing 2050-th line out of 2500 rows of DP table...
2022-01-04 21:06:42,364 - root - DEBUG - Processing 2060-th line out of 2500 rows of DP table...
2022-01-04 21:06:42,521 - root - DEBUG - Processing 2070-th line out of 2500 rows of DP table...
2022-01-04 21:06:42,675 - root - DEBUG - Processing 2080-th line out of 2500 rows of DP table...
2022-01-04 21:06:42,825 - root - DEBUG - Processing 2090-th line out of 2500 rows of DP table...
2022-01-04 21:06:42,971 - root - DEBUG - Processing 2100-th line out of 2500 rows of DP table...
2022-01-04 21:06:43,114 - root - DEBUG - Processing 2110-th line out of 2500 rows of DP table...
2022-01-04 21:06:43,260 - root - DEBUG - Processing 2120-th line out of 2500 rows of DP table...
2022-01-04 21:06:43,397 - root - DEBUG - Processing 2130-th line out of 2500 rows of DP table...
2022-01-04 21:06:43,530 - root - DEBUG - Processing 2140-th line out of 2500 rows of DP table...
2022-01-04 21:06:43,661 - root - DEBUG - Processing 2150-th line out of 2500 rows of DP table...
2022-01-04 21:06:43,787 - root - DEBUG - Processing 2160-th line out of 2500 rows of DP table...
2022-01-04 21:06:43,911 - root - DEBUG - Processing 2170-th line out of 2500 rows of DP table...
2022-01-04 21:06:44,031 - root - DEBUG - Processing 2180-th line out of 2500 rows of DP table...
2022-01-04 21:06:44,147 - root - DEBUG - Processing 2190-th line out of 2500 rows of DP table...
2022-01-04 21:06:44,261 - root - DEBUG - Processing 2200-th line out of 2500 rows of DP table...
2022-01-04 21:06:44,376 - root - DEBUG - Processing 2210-th line out of 2500 rows of DP table...
2022-01-04 21:06:44,484 - root - DEBUG - Processing 2220-th line out of 2500 rows of DP table...
2022-01-04 21:06:44,589 - root - DEBUG - Processing 2230-th line out of 2500 rows of DP table...
2022-01-04 21:06:44,689 - root - DEBUG - Processing 2240-th line out of 2500 rows of DP table...
2022-01-04 21:06:44,787 - root - DEBUG - Processing 2250-th line out of 2500 rows of DP table...
2022-01-04 21:06:44,880 - root - DEBUG - Processing 2260-th line out of 2500 rows of DP table...
2022-01-04 21:06:44,971 - root - DEBUG - Processing 2270-th line out of 2500 rows of DP table...
2022-01-04 21:06:45,059 - root - DEBUG - Processing 2280-th line out of 2500 rows of DP table...
2022-01-04 21:06:45,141 - root - DEBUG - Processing 2290-th line out of 2500 rows of DP table...
2022-01-04 21:06:45,222 - root - DEBUG - Processing 2300-th line out of 2500 rows of DP table...
2022-01-04 21:06:45,300 - root - DEBUG - Processing 2310-th line out of 2500 rows of DP table...
2022-01-04 21:06:45,374 - root - DEBUG - Processing 2320-th line out of 2500 rows of DP table...
2022-01-04 21:06:45,446 - root - DEBUG - Processing 2330-th line out of 2500 rows of DP table...
2022-01-04 21:06:45,518 - root - DEBUG - Processing 2340-th line out of 2500 rows of DP table...
2022-01-04 21:06:45,583 - root - DEBUG - Processing 2350-th line out of 2500 rows of DP table...
2022-01-04 21:06:45,644 - root - DEBUG - Processing 2360-th line out of 2500 rows of DP table...
2022-01-04 21:06:45,702 - root - DEBUG - Processing 2370-th line out of 2500 rows of DP table...
2022-01-04 21:06:45,757 - root - DEBUG - Processing 2380-th line out of 2500 rows of DP table...
2022-01-04 21:06:45,808 - root - DEBUG - Processing 2390-th line out of 2500 rows of DP table...
2022-01-04 21:06:45,856 - root - DEBUG - Processing 2400-th line out of 2500 rows of DP table...
2022-01-04 21:06:45,901 - root - DEBUG - Processing 2410-th line out of 2500 rows of DP table...
2022-01-04 21:06:45,941 - root - DEBUG - Processing 2420-th line out of 2500 rows of DP table...
2022-01-04 21:06:45,979 - root - DEBUG - Processing 2430-th line out of 2500 rows of DP table...
2022-01-04 21:06:46,013 - root - DEBUG - Processing 2440-th line out of 2500 rows of DP table...
2022-01-04 21:06:46,045 - root - DEBUG - Processing 2450-th line out of 2500 rows of DP table...
2022-01-04 21:06:46,073 - root - DEBUG - Processing 2460-th line out of 2500 rows of DP table...
2022-01-04 21:06:46,097 - root - DEBUG - Processing 2470-th line out of 2500 rows of DP table...
2022-01-04 21:06:46,118 - root - DEBUG - Processing 2480-th line out of 2500 rows of DP table...
2022-01-04 21:06:46,136 - root - DEBUG - Processing 2490-th line out of 2500 rows of DP table...
2022-01-04 21:06:46,151 - root - DEBUG - Processing 2500-th line out of 2500 rows of DP table...
2022-01-04 21:06:46,164 - root - DEBUG - Started computing joint logprobs...
