2022-01-04 00:57:44,212 - root - INFO - Loading reference interval set from '211227-2-sim/g19_6.ref.tsv'...
2022-01-04 00:57:44,216 - root - INFO - Loading query interval set from '211227-2-sim/g19_6.query.tsv'...
2022-01-04 00:57:44,219 - root - INFO - Loading chromosome sizes from '211227-2-sim/g19_sizes.tsv'...
2022-01-04 00:57:44,222 - root - INFO - Number of reference intervals: 2500 (2500 before merging)
2022-01-04 00:57:44,223 - root - INFO - Number of query intervals: 500 (500 before merging)
2022-01-04 00:57:44,225 - root - INFO - Number of chromosomes: 1
2022-01-04 00:57:44,230 - root - INFO - Overlap count: 128
2022-01-04 00:57:44,233 - root - DEBUG - Started computing sf for chromosome 'chr1'...
2022-01-04 00:57:44,234 - root - DEBUG - m=2500, n=500
2022-01-04 00:57:45,086 - root - DEBUG - Processing 10-th line out of 2500 rows of DP table...
2022-01-04 00:57:45,985 - root - DEBUG - Processing 20-th line out of 2500 rows of DP table...
2022-01-04 00:57:46,861 - root - DEBUG - Processing 30-th line out of 2500 rows of DP table...
2022-01-04 00:57:47,735 - root - DEBUG - Processing 40-th line out of 2500 rows of DP table...
2022-01-04 00:57:48,606 - root - DEBUG - Processing 50-th line out of 2500 rows of DP table...
2022-01-04 00:57:49,475 - root - DEBUG - Processing 60-th line out of 2500 rows of DP table...
2022-01-04 00:57:51,008 - root - DEBUG - Processing 70-th line out of 2500 rows of DP table...
2022-01-04 00:57:51,876 - root - DEBUG - Processing 80-th line out of 2500 rows of DP table...
2022-01-04 00:57:52,750 - root - DEBUG - Processing 90-th line out of 2500 rows of DP table...
2022-01-04 00:57:53,610 - root - DEBUG - Processing 100-th line out of 2500 rows of DP table...
2022-01-04 00:57:54,465 - root - DEBUG - Processing 110-th line out of 2500 rows of DP table...
2022-01-04 00:57:55,324 - root - DEBUG - Processing 120-th line out of 2500 rows of DP table...
2022-01-04 00:57:56,171 - root - DEBUG - Processing 130-th line out of 2500 rows of DP table...
2022-01-04 00:57:57,014 - root - DEBUG - Processing 140-th line out of 2500 rows of DP table...
2022-01-04 00:57:57,857 - root - DEBUG - Processing 150-th line out of 2500 rows of DP table...
2022-01-04 00:57:58,693 - root - DEBUG - Processing 160-th line out of 2500 rows of DP table...
2022-01-04 00:57:59,748 - root - DEBUG - Processing 170-th line out of 2500 rows of DP table...
2022-01-04 00:58:00,581 - root - DEBUG - Processing 180-th line out of 2500 rows of DP table...
2022-01-04 00:58:01,414 - root - DEBUG - Processing 190-th line out of 2500 rows of DP table...
2022-01-04 00:58:02,238 - root - DEBUG - Processing 200-th line out of 2500 rows of DP table...
2022-01-04 00:58:03,059 - root - DEBUG - Processing 210-th line out of 2500 rows of DP table...
2022-01-04 00:58:03,883 - root - DEBUG - Processing 220-th line out of 2500 rows of DP table...
2022-01-04 00:58:04,699 - root - DEBUG - Processing 230-th line out of 2500 rows of DP table...
2022-01-04 00:58:05,506 - root - DEBUG - Processing 240-th line out of 2500 rows of DP table...
2022-01-04 00:58:06,317 - root - DEBUG - Processing 250-th line out of 2500 rows of DP table...
2022-01-04 00:58:07,119 - root - DEBUG - Processing 260-th line out of 2500 rows of DP table...
2022-01-04 00:58:07,921 - root - DEBUG - Processing 270-th line out of 2500 rows of DP table...
2022-01-04 00:58:08,716 - root - DEBUG - Processing 280-th line out of 2500 rows of DP table...
2022-01-04 00:58:09,504 - root - DEBUG - Processing 290-th line out of 2500 rows of DP table...
2022-01-04 00:58:10,296 - root - DEBUG - Processing 300-th line out of 2500 rows of DP table...
2022-01-04 00:58:11,079 - root - DEBUG - Processing 310-th line out of 2500 rows of DP table...
2022-01-04 00:58:11,857 - root - DEBUG - Processing 320-th line out of 2500 rows of DP table...
2022-01-04 00:58:12,641 - root - DEBUG - Processing 330-th line out of 2500 rows of DP table...
2022-01-04 00:58:13,416 - root - DEBUG - Processing 340-th line out of 2500 rows of DP table...
2022-01-04 00:58:14,189 - root - DEBUG - Processing 350-th line out of 2500 rows of DP table...
2022-01-04 00:58:14,963 - root - DEBUG - Processing 360-th line out of 2500 rows of DP table...
2022-01-04 00:58:15,725 - root - DEBUG - Processing 370-th line out of 2500 rows of DP table...
2022-01-04 00:58:16,491 - root - DEBUG - Processing 380-th line out of 2500 rows of DP table...
2022-01-04 00:58:17,245 - root - DEBUG - Processing 390-th line out of 2500 rows of DP table...
2022-01-04 00:58:17,997 - root - DEBUG - Processing 400-th line out of 2500 rows of DP table...
2022-01-04 00:58:18,754 - root - DEBUG - Processing 410-th line out of 2500 rows of DP table...
2022-01-04 00:58:19,500 - root - DEBUG - Processing 420-th line out of 2500 rows of DP table...
2022-01-04 00:58:20,240 - root - DEBUG - Processing 430-th line out of 2500 rows of DP table...
2022-01-04 00:58:20,983 - root - DEBUG - Processing 440-th line out of 2500 rows of DP table...
2022-01-04 00:58:21,718 - root - DEBUG - Processing 450-th line out of 2500 rows of DP table...
2022-01-04 00:58:22,451 - root - DEBUG - Processing 460-th line out of 2500 rows of DP table...
2022-01-04 00:58:23,187 - root - DEBUG - Processing 470-th line out of 2500 rows of DP table...
2022-01-04 00:58:23,911 - root - DEBUG - Processing 480-th line out of 2500 rows of DP table...
2022-01-04 00:58:24,634 - root - DEBUG - Processing 490-th line out of 2500 rows of DP table...
2022-01-04 00:58:25,358 - root - DEBUG - Processing 500-th line out of 2500 rows of DP table...
2022-01-04 00:58:26,069 - root - DEBUG - Processing 510-th line out of 2500 rows of DP table...
2022-01-04 00:58:26,782 - root - DEBUG - Processing 520-th line out of 2500 rows of DP table...
2022-01-04 00:58:27,495 - root - DEBUG - Processing 530-th line out of 2500 rows of DP table...
2022-01-04 00:58:28,198 - root - DEBUG - Processing 540-th line out of 2500 rows of DP table...
2022-01-04 00:58:28,897 - root - DEBUG - Processing 550-th line out of 2500 rows of DP table...
2022-01-04 00:58:29,602 - root - DEBUG - Processing 560-th line out of 2500 rows of DP table...
2022-01-04 00:58:30,296 - root - DEBUG - Processing 570-th line out of 2500 rows of DP table...
2022-01-04 00:58:30,984 - root - DEBUG - Processing 580-th line out of 2500 rows of DP table...
2022-01-04 00:58:31,675 - root - DEBUG - Processing 590-th line out of 2500 rows of DP table...
2022-01-04 00:58:32,375 - root - DEBUG - Processing 600-th line out of 2500 rows of DP table...
2022-01-04 00:58:33,055 - root - DEBUG - Processing 610-th line out of 2500 rows of DP table...
2022-01-04 00:58:33,737 - root - DEBUG - Processing 620-th line out of 2500 rows of DP table...
2022-01-04 00:58:34,408 - root - DEBUG - Processing 630-th line out of 2500 rows of DP table...
2022-01-04 00:58:35,122 - root - DEBUG - Processing 640-th line out of 2500 rows of DP table...
2022-01-04 00:58:35,791 - root - DEBUG - Processing 650-th line out of 2500 rows of DP table...
2022-01-04 00:58:36,453 - root - DEBUG - Processing 660-th line out of 2500 rows of DP table...
2022-01-04 00:58:37,112 - root - DEBUG - Processing 670-th line out of 2500 rows of DP table...
2022-01-04 00:58:37,768 - root - DEBUG - Processing 680-th line out of 2500 rows of DP table...
2022-01-04 00:58:38,423 - root - DEBUG - Processing 690-th line out of 2500 rows of DP table...
2022-01-04 00:58:39,071 - root - DEBUG - Processing 700-th line out of 2500 rows of DP table...
2022-01-04 00:58:39,719 - root - DEBUG - Processing 710-th line out of 2500 rows of DP table...
2022-01-04 00:58:40,368 - root - DEBUG - Processing 720-th line out of 2500 rows of DP table...
2022-01-04 00:58:41,007 - root - DEBUG - Processing 730-th line out of 2500 rows of DP table...
2022-01-04 00:58:41,641 - root - DEBUG - Processing 740-th line out of 2500 rows of DP table...
2022-01-04 00:58:42,278 - root - DEBUG - Processing 750-th line out of 2500 rows of DP table...
2022-01-04 00:58:42,907 - root - DEBUG - Processing 760-th line out of 2500 rows of DP table...
2022-01-04 00:58:43,533 - root - DEBUG - Processing 770-th line out of 2500 rows of DP table...
2022-01-04 00:58:44,152 - root - DEBUG - Processing 780-th line out of 2500 rows of DP table...
2022-01-04 00:58:44,772 - root - DEBUG - Processing 790-th line out of 2500 rows of DP table...
2022-01-04 00:58:45,387 - root - DEBUG - Processing 800-th line out of 2500 rows of DP table...
2022-01-04 00:58:45,997 - root - DEBUG - Processing 810-th line out of 2500 rows of DP table...
2022-01-04 00:58:46,605 - root - DEBUG - Processing 820-th line out of 2500 rows of DP table...
2022-01-04 00:58:47,212 - root - DEBUG - Processing 830-th line out of 2500 rows of DP table...
2022-01-04 00:58:47,809 - root - DEBUG - Processing 840-th line out of 2500 rows of DP table...
2022-01-04 00:58:48,423 - root - DEBUG - Processing 850-th line out of 2500 rows of DP table...
2022-01-04 00:58:49,020 - root - DEBUG - Processing 860-th line out of 2500 rows of DP table...
2022-01-04 00:58:49,609 - root - DEBUG - Processing 870-th line out of 2500 rows of DP table...
2022-01-04 00:58:50,194 - root - DEBUG - Processing 880-th line out of 2500 rows of DP table...
2022-01-04 00:58:50,780 - root - DEBUG - Processing 890-th line out of 2500 rows of DP table...
2022-01-04 00:58:51,355 - root - DEBUG - Processing 900-th line out of 2500 rows of DP table...
2022-01-04 00:58:51,933 - root - DEBUG - Processing 910-th line out of 2500 rows of DP table...
2022-01-04 00:58:52,505 - root - DEBUG - Processing 920-th line out of 2500 rows of DP table...
2022-01-04 00:58:53,079 - root - DEBUG - Processing 930-th line out of 2500 rows of DP table...
2022-01-04 00:58:53,645 - root - DEBUG - Processing 940-th line out of 2500 rows of DP table...
2022-01-04 00:58:54,206 - root - DEBUG - Processing 950-th line out of 2500 rows of DP table...
2022-01-04 00:58:54,763 - root - DEBUG - Processing 960-th line out of 2500 rows of DP table...
2022-01-04 00:58:55,321 - root - DEBUG - Processing 970-th line out of 2500 rows of DP table...
2022-01-04 00:58:55,872 - root - DEBUG - Processing 980-th line out of 2500 rows of DP table...
2022-01-04 00:58:56,419 - root - DEBUG - Processing 990-th line out of 2500 rows of DP table...
2022-01-04 00:58:56,963 - root - DEBUG - Processing 1000-th line out of 2500 rows of DP table...
2022-01-04 00:58:57,509 - root - DEBUG - Processing 1010-th line out of 2500 rows of DP table...
2022-01-04 00:58:58,048 - root - DEBUG - Processing 1020-th line out of 2500 rows of DP table...
2022-01-04 00:58:58,580 - root - DEBUG - Processing 1030-th line out of 2500 rows of DP table...
2022-01-04 00:58:59,108 - root - DEBUG - Processing 1040-th line out of 2500 rows of DP table...
2022-01-04 00:58:59,638 - root - DEBUG - Processing 1050-th line out of 2500 rows of DP table...
2022-01-04 00:59:00,158 - root - DEBUG - Processing 1060-th line out of 2500 rows of DP table...
2022-01-04 00:59:00,677 - root - DEBUG - Processing 1070-th line out of 2500 rows of DP table...
2022-01-04 00:59:01,191 - root - DEBUG - Processing 1080-th line out of 2500 rows of DP table...
2022-01-04 00:59:01,705 - root - DEBUG - Processing 1090-th line out of 2500 rows of DP table...
2022-01-04 00:59:02,211 - root - DEBUG - Processing 1100-th line out of 2500 rows of DP table...
2022-01-04 00:59:02,714 - root - DEBUG - Processing 1110-th line out of 2500 rows of DP table...
2022-01-04 00:59:03,215 - root - DEBUG - Processing 1120-th line out of 2500 rows of DP table...
2022-01-04 00:59:03,715 - root - DEBUG - Processing 1130-th line out of 2500 rows of DP table...
2022-01-04 00:59:04,209 - root - DEBUG - Processing 1140-th line out of 2500 rows of DP table...
2022-01-04 00:59:04,738 - root - DEBUG - Processing 1150-th line out of 2500 rows of DP table...
2022-01-04 00:59:05,249 - root - DEBUG - Processing 1160-th line out of 2500 rows of DP table...
2022-01-04 00:59:05,740 - root - DEBUG - Processing 1170-th line out of 2500 rows of DP table...
2022-01-04 00:59:06,220 - root - DEBUG - Processing 1180-th line out of 2500 rows of DP table...
2022-01-04 00:59:06,696 - root - DEBUG - Processing 1190-th line out of 2500 rows of DP table...
2022-01-04 00:59:07,168 - root - DEBUG - Processing 1200-th line out of 2500 rows of DP table...
2022-01-04 00:59:07,638 - root - DEBUG - Processing 1210-th line out of 2500 rows of DP table...
2022-01-04 00:59:08,111 - root - DEBUG - Processing 1220-th line out of 2500 rows of DP table...
2022-01-04 00:59:08,573 - root - DEBUG - Processing 1230-th line out of 2500 rows of DP table...
2022-01-04 00:59:09,032 - root - DEBUG - Processing 1240-th line out of 2500 rows of DP table...
2022-01-04 00:59:09,487 - root - DEBUG - Processing 1250-th line out of 2500 rows of DP table...
2022-01-04 00:59:09,938 - root - DEBUG - Processing 1260-th line out of 2500 rows of DP table...
2022-01-04 00:59:10,391 - root - DEBUG - Processing 1270-th line out of 2500 rows of DP table...
2022-01-04 00:59:10,836 - root - DEBUG - Processing 1280-th line out of 2500 rows of DP table...
2022-01-04 00:59:11,277 - root - DEBUG - Processing 1290-th line out of 2500 rows of DP table...
2022-01-04 00:59:11,714 - root - DEBUG - Processing 1300-th line out of 2500 rows of DP table...
2022-01-04 00:59:12,156 - root - DEBUG - Processing 1310-th line out of 2500 rows of DP table...
2022-01-04 00:59:12,585 - root - DEBUG - Processing 1320-th line out of 2500 rows of DP table...
2022-01-04 00:59:13,012 - root - DEBUG - Processing 1330-th line out of 2500 rows of DP table...
2022-01-04 00:59:13,435 - root - DEBUG - Processing 1340-th line out of 2500 rows of DP table...
2022-01-04 00:59:13,855 - root - DEBUG - Processing 1350-th line out of 2500 rows of DP table...
2022-01-04 00:59:14,275 - root - DEBUG - Processing 1360-th line out of 2500 rows of DP table...
2022-01-04 00:59:14,687 - root - DEBUG - Processing 1370-th line out of 2500 rows of DP table...
2022-01-04 00:59:15,098 - root - DEBUG - Processing 1380-th line out of 2500 rows of DP table...
2022-01-04 00:59:15,511 - root - DEBUG - Processing 1390-th line out of 2500 rows of DP table...
2022-01-04 00:59:15,915 - root - DEBUG - Processing 1400-th line out of 2500 rows of DP table...
2022-01-04 00:59:16,315 - root - DEBUG - Processing 1410-th line out of 2500 rows of DP table...
2022-01-04 00:59:16,715 - root - DEBUG - Processing 1420-th line out of 2500 rows of DP table...
2022-01-04 00:59:17,107 - root - DEBUG - Processing 1430-th line out of 2500 rows of DP table...
2022-01-04 00:59:17,496 - root - DEBUG - Processing 1440-th line out of 2500 rows of DP table...
2022-01-04 00:59:17,880 - root - DEBUG - Processing 1450-th line out of 2500 rows of DP table...
2022-01-04 00:59:18,262 - root - DEBUG - Processing 1460-th line out of 2500 rows of DP table...
2022-01-04 00:59:18,918 - root - DEBUG - Processing 1470-th line out of 2500 rows of DP table...
2022-01-04 00:59:19,296 - root - DEBUG - Processing 1480-th line out of 2500 rows of DP table...
2022-01-04 00:59:19,663 - root - DEBUG - Processing 1490-th line out of 2500 rows of DP table...
2022-01-04 00:59:20,026 - root - DEBUG - Processing 1500-th line out of 2500 rows of DP table...
2022-01-04 00:59:20,404 - root - DEBUG - Processing 1510-th line out of 2500 rows of DP table...
2022-01-04 00:59:20,770 - root - DEBUG - Processing 1520-th line out of 2500 rows of DP table...
2022-01-04 00:59:21,130 - root - DEBUG - Processing 1530-th line out of 2500 rows of DP table...
2022-01-04 00:59:21,596 - root - DEBUG - Processing 1540-th line out of 2500 rows of DP table...
2022-01-04 00:59:21,949 - root - DEBUG - Processing 1550-th line out of 2500 rows of DP table...
2022-01-04 00:59:22,297 - root - DEBUG - Processing 1560-th line out of 2500 rows of DP table...
2022-01-04 00:59:22,644 - root - DEBUG - Processing 1570-th line out of 2500 rows of DP table...
2022-01-04 00:59:22,993 - root - DEBUG - Processing 1580-th line out of 2500 rows of DP table...
2022-01-04 00:59:23,330 - root - DEBUG - Processing 1590-th line out of 2500 rows of DP table...
2022-01-04 00:59:23,664 - root - DEBUG - Processing 1600-th line out of 2500 rows of DP table...
2022-01-04 00:59:23,994 - root - DEBUG - Processing 1610-th line out of 2500 rows of DP table...
2022-01-04 00:59:24,321 - root - DEBUG - Processing 1620-th line out of 2500 rows of DP table...
2022-01-04 00:59:24,643 - root - DEBUG - Processing 1630-th line out of 2500 rows of DP table...
2022-01-04 00:59:24,962 - root - DEBUG - Processing 1640-th line out of 2500 rows of DP table...
2022-01-04 00:59:25,279 - root - DEBUG - Processing 1650-th line out of 2500 rows of DP table...
2022-01-04 00:59:25,598 - root - DEBUG - Processing 1660-th line out of 2500 rows of DP table...
2022-01-04 00:59:25,907 - root - DEBUG - Processing 1670-th line out of 2500 rows of DP table...
2022-01-04 00:59:26,213 - root - DEBUG - Processing 1680-th line out of 2500 rows of DP table...
2022-01-04 00:59:26,524 - root - DEBUG - Processing 1690-th line out of 2500 rows of DP table...
2022-01-04 00:59:26,822 - root - DEBUG - Processing 1700-th line out of 2500 rows of DP table...
2022-01-04 00:59:27,116 - root - DEBUG - Processing 1710-th line out of 2500 rows of DP table...
2022-01-04 00:59:27,406 - root - DEBUG - Processing 1720-th line out of 2500 rows of DP table...
2022-01-04 00:59:27,694 - root - DEBUG - Processing 1730-th line out of 2500 rows of DP table...
2022-01-04 00:59:27,978 - root - DEBUG - Processing 1740-th line out of 2500 rows of DP table...
2022-01-04 00:59:28,259 - root - DEBUG - Processing 1750-th line out of 2500 rows of DP table...
2022-01-04 00:59:28,535 - root - DEBUG - Processing 1760-th line out of 2500 rows of DP table...
2022-01-04 00:59:28,808 - root - DEBUG - Processing 1770-th line out of 2500 rows of DP table...
2022-01-04 00:59:29,079 - root - DEBUG - Processing 1780-th line out of 2500 rows of DP table...
2022-01-04 00:59:29,351 - root - DEBUG - Processing 1790-th line out of 2500 rows of DP table...
2022-01-04 00:59:29,614 - root - DEBUG - Processing 1800-th line out of 2500 rows of DP table...
2022-01-04 00:59:29,874 - root - DEBUG - Processing 1810-th line out of 2500 rows of DP table...
2022-01-04 00:59:30,131 - root - DEBUG - Processing 1820-th line out of 2500 rows of DP table...
2022-01-04 00:59:30,383 - root - DEBUG - Processing 1830-th line out of 2500 rows of DP table...
2022-01-04 00:59:30,632 - root - DEBUG - Processing 1840-th line out of 2500 rows of DP table...
2022-01-04 00:59:30,878 - root - DEBUG - Processing 1850-th line out of 2500 rows of DP table...
2022-01-04 00:59:31,119 - root - DEBUG - Processing 1860-th line out of 2500 rows of DP table...
2022-01-04 00:59:31,357 - root - DEBUG - Processing 1870-th line out of 2500 rows of DP table...
2022-01-04 00:59:31,591 - root - DEBUG - Processing 1880-th line out of 2500 rows of DP table...
2022-01-04 00:59:31,821 - root - DEBUG - Processing 1890-th line out of 2500 rows of DP table...
2022-01-04 00:59:32,047 - root - DEBUG - Processing 1900-th line out of 2500 rows of DP table...
2022-01-04 00:59:32,277 - root - DEBUG - Processing 1910-th line out of 2500 rows of DP table...
2022-01-04 00:59:32,497 - root - DEBUG - Processing 1920-th line out of 2500 rows of DP table...
2022-01-04 00:59:32,714 - root - DEBUG - Processing 1930-th line out of 2500 rows of DP table...
2022-01-04 00:59:32,929 - root - DEBUG - Processing 1940-th line out of 2500 rows of DP table...
2022-01-04 00:59:33,140 - root - DEBUG - Processing 1950-th line out of 2500 rows of DP table...
2022-01-04 00:59:33,347 - root - DEBUG - Processing 1960-th line out of 2500 rows of DP table...
2022-01-04 00:59:33,564 - root - DEBUG - Processing 1970-th line out of 2500 rows of DP table...
2022-01-04 00:59:33,770 - root - DEBUG - Processing 1980-th line out of 2500 rows of DP table...
2022-01-04 00:59:33,969 - root - DEBUG - Processing 1990-th line out of 2500 rows of DP table...
2022-01-04 00:59:34,162 - root - DEBUG - Processing 2000-th line out of 2500 rows of DP table...
2022-01-04 00:59:34,514 - root - DEBUG - Processing 2010-th line out of 2500 rows of DP table...
2022-01-04 00:59:34,889 - root - DEBUG - Processing 2020-th line out of 2500 rows of DP table...
2022-01-04 00:59:35,141 - root - DEBUG - Processing 2030-th line out of 2500 rows of DP table...
2022-01-04 00:59:35,349 - root - DEBUG - Processing 2040-th line out of 2500 rows of DP table...
2022-01-04 00:59:35,524 - root - DEBUG - Processing 2050-th line out of 2500 rows of DP table...
2022-01-04 00:59:35,696 - root - DEBUG - Processing 2060-th line out of 2500 rows of DP table...
2022-01-04 00:59:35,864 - root - DEBUG - Processing 2070-th line out of 2500 rows of DP table...
2022-01-04 00:59:36,029 - root - DEBUG - Processing 2080-th line out of 2500 rows of DP table...
2022-01-04 00:59:36,190 - root - DEBUG - Processing 2090-th line out of 2500 rows of DP table...
2022-01-04 00:59:36,416 - root - DEBUG - Processing 2100-th line out of 2500 rows of DP table...
2022-01-04 00:59:36,570 - root - DEBUG - Processing 2110-th line out of 2500 rows of DP table...
2022-01-04 00:59:36,720 - root - DEBUG - Processing 2120-th line out of 2500 rows of DP table...
2022-01-04 00:59:36,871 - root - DEBUG - Processing 2130-th line out of 2500 rows of DP table...
2022-01-04 00:59:37,013 - root - DEBUG - Processing 2140-th line out of 2500 rows of DP table...
2022-01-04 00:59:37,155 - root - DEBUG - Processing 2150-th line out of 2500 rows of DP table...
2022-01-04 00:59:37,293 - root - DEBUG - Processing 2160-th line out of 2500 rows of DP table...
2022-01-04 00:59:37,428 - root - DEBUG - Processing 2170-th line out of 2500 rows of DP table...
2022-01-04 00:59:37,560 - root - DEBUG - Processing 2180-th line out of 2500 rows of DP table...
2022-01-04 00:59:37,687 - root - DEBUG - Processing 2190-th line out of 2500 rows of DP table...
2022-01-04 00:59:37,811 - root - DEBUG - Processing 2200-th line out of 2500 rows of DP table...
2022-01-04 00:59:37,932 - root - DEBUG - Processing 2210-th line out of 2500 rows of DP table...
2022-01-04 00:59:38,053 - root - DEBUG - Processing 2220-th line out of 2500 rows of DP table...
2022-01-04 00:59:38,177 - root - DEBUG - Processing 2230-th line out of 2500 rows of DP table...
2022-01-04 00:59:38,296 - root - DEBUG - Processing 2240-th line out of 2500 rows of DP table...
2022-01-04 00:59:38,412 - root - DEBUG - Processing 2250-th line out of 2500 rows of DP table...
2022-01-04 00:59:38,521 - root - DEBUG - Processing 2260-th line out of 2500 rows of DP table...
2022-01-04 00:59:38,628 - root - DEBUG - Processing 2270-th line out of 2500 rows of DP table...
2022-01-04 00:59:38,732 - root - DEBUG - Processing 2280-th line out of 2500 rows of DP table...
2022-01-04 00:59:38,887 - root - DEBUG - Processing 2290-th line out of 2500 rows of DP table...
2022-01-04 00:59:39,026 - root - DEBUG - Processing 2300-th line out of 2500 rows of DP table...
2022-01-04 00:59:39,120 - root - DEBUG - Processing 2310-th line out of 2500 rows of DP table...
2022-01-04 00:59:39,232 - root - DEBUG - Processing 2320-th line out of 2500 rows of DP table...
2022-01-04 00:59:39,312 - root - DEBUG - Processing 2330-th line out of 2500 rows of DP table...
2022-01-04 00:59:39,387 - root - DEBUG - Processing 2340-th line out of 2500 rows of DP table...
2022-01-04 00:59:39,523 - root - DEBUG - Processing 2350-th line out of 2500 rows of DP table...
2022-01-04 00:59:39,666 - root - DEBUG - Processing 2360-th line out of 2500 rows of DP table...
2022-01-04 00:59:39,789 - root - DEBUG - Processing 2370-th line out of 2500 rows of DP table...
2022-01-04 00:59:39,907 - root - DEBUG - Processing 2380-th line out of 2500 rows of DP table...
2022-01-04 00:59:39,983 - root - DEBUG - Processing 2390-th line out of 2500 rows of DP table...
2022-01-04 00:59:40,046 - root - DEBUG - Processing 2400-th line out of 2500 rows of DP table...
2022-01-04 00:59:40,103 - root - DEBUG - Processing 2410-th line out of 2500 rows of DP table...
2022-01-04 00:59:40,157 - root - DEBUG - Processing 2420-th line out of 2500 rows of DP table...
2022-01-04 00:59:40,206 - root - DEBUG - Processing 2430-th line out of 2500 rows of DP table...
2022-01-04 00:59:40,251 - root - DEBUG - Processing 2440-th line out of 2500 rows of DP table...
2022-01-04 00:59:40,290 - root - DEBUG - Processing 2450-th line out of 2500 rows of DP table...
2022-01-04 00:59:40,324 - root - DEBUG - Processing 2460-th line out of 2500 rows of DP table...
2022-01-04 00:59:40,354 - root - DEBUG - Processing 2470-th line out of 2500 rows of DP table...
2022-01-04 00:59:40,397 - root - DEBUG - Processing 2480-th line out of 2500 rows of DP table...
2022-01-04 00:59:40,433 - root - DEBUG - Processing 2490-th line out of 2500 rows of DP table...
2022-01-04 00:59:40,462 - root - DEBUG - Processing 2500-th line out of 2500 rows of DP table...
2022-01-04 00:59:40,501 - root - DEBUG - Started computing joint logprobs...
