2022-01-04 21:04:15,140 - root - INFO - Loading reference interval set from '211227-2-sim/g19_0.ref.tsv'...
2022-01-04 21:04:15,144 - root - INFO - Loading query interval set from '211227-2-sim/g19_0.query.tsv'...
2022-01-04 21:04:15,148 - root - INFO - Loading chromosome sizes from '211227-2-sim/g19_sizes.tsv'...
2022-01-04 21:04:15,151 - root - INFO - Number of reference intervals: 2500 (2500 before merging)
2022-01-04 21:04:15,152 - root - INFO - Number of query intervals: 500 (500 before merging)
2022-01-04 21:04:15,154 - root - INFO - Number of chromosomes: 1
2022-01-04 21:04:15,159 - root - INFO - Overlap count: 128
2022-01-04 21:04:15,161 - root - DEBUG - Started computing sf for chromosome 'chr1'...
2022-01-04 21:04:15,162 - root - DEBUG - m=2500, n=500
2022-01-04 21:04:15,977 - root - DEBUG - Processing 10-th line out of 2500 rows of DP table...
2022-01-04 21:04:16,834 - root - DEBUG - Processing 20-th line out of 2500 rows of DP table...
2022-01-04 21:04:17,680 - root - DEBUG - Processing 30-th line out of 2500 rows of DP table...
2022-01-04 21:04:18,530 - root - DEBUG - Processing 40-th line out of 2500 rows of DP table...
2022-01-04 21:04:19,372 - root - DEBUG - Processing 50-th line out of 2500 rows of DP table...
2022-01-04 21:04:20,213 - root - DEBUG - Processing 60-th line out of 2500 rows of DP table...
2022-01-04 21:04:21,043 - root - DEBUG - Processing 70-th line out of 2500 rows of DP table...
2022-01-04 21:04:21,879 - root - DEBUG - Processing 80-th line out of 2500 rows of DP table...
2022-01-04 21:04:22,714 - root - DEBUG - Processing 90-th line out of 2500 rows of DP table...
2022-01-04 21:04:23,543 - root - DEBUG - Processing 100-th line out of 2500 rows of DP table...
2022-01-04 21:04:24,363 - root - DEBUG - Processing 110-th line out of 2500 rows of DP table...
2022-01-04 21:04:25,183 - root - DEBUG - Processing 120-th line out of 2500 rows of DP table...
2022-01-04 21:04:26,000 - root - DEBUG - Processing 130-th line out of 2500 rows of DP table...
2022-01-04 21:04:26,809 - root - DEBUG - Processing 140-th line out of 2500 rows of DP table...
2022-01-04 21:04:27,618 - root - DEBUG - Processing 150-th line out of 2500 rows of DP table...
2022-01-04 21:04:28,424 - root - DEBUG - Processing 160-th line out of 2500 rows of DP table...
2022-01-04 21:04:29,226 - root - DEBUG - Processing 170-th line out of 2500 rows of DP table...
2022-01-04 21:04:30,020 - root - DEBUG - Processing 180-th line out of 2500 rows of DP table...
2022-01-04 21:04:30,817 - root - DEBUG - Processing 190-th line out of 2500 rows of DP table...
2022-01-04 21:04:31,610 - root - DEBUG - Processing 200-th line out of 2500 rows of DP table...
2022-01-04 21:04:32,396 - root - DEBUG - Processing 210-th line out of 2500 rows of DP table...
2022-01-04 21:04:33,180 - root - DEBUG - Processing 220-th line out of 2500 rows of DP table...
2022-01-04 21:04:33,964 - root - DEBUG - Processing 230-th line out of 2500 rows of DP table...
2022-01-04 21:04:34,736 - root - DEBUG - Processing 240-th line out of 2500 rows of DP table...
2022-01-04 21:04:35,511 - root - DEBUG - Processing 250-th line out of 2500 rows of DP table...
2022-01-04 21:04:36,283 - root - DEBUG - Processing 260-th line out of 2500 rows of DP table...
2022-01-04 21:04:37,054 - root - DEBUG - Processing 270-th line out of 2500 rows of DP table...
2022-01-04 21:04:37,907 - root - DEBUG - Processing 280-th line out of 2500 rows of DP table...
2022-01-04 21:04:38,678 - root - DEBUG - Processing 290-th line out of 2500 rows of DP table...
2022-01-04 21:04:39,434 - root - DEBUG - Processing 300-th line out of 2500 rows of DP table...
2022-01-04 21:04:40,226 - root - DEBUG - Processing 310-th line out of 2500 rows of DP table...
2022-01-04 21:04:40,979 - root - DEBUG - Processing 320-th line out of 2500 rows of DP table...
2022-01-04 21:04:41,724 - root - DEBUG - Processing 330-th line out of 2500 rows of DP table...
2022-01-04 21:04:42,466 - root - DEBUG - Processing 340-th line out of 2500 rows of DP table...
2022-01-04 21:04:43,210 - root - DEBUG - Processing 350-th line out of 2500 rows of DP table...
2022-01-04 21:04:43,945 - root - DEBUG - Processing 360-th line out of 2500 rows of DP table...
2022-01-04 21:04:44,676 - root - DEBUG - Processing 370-th line out of 2500 rows of DP table...
2022-01-04 21:04:45,410 - root - DEBUG - Processing 380-th line out of 2500 rows of DP table...
2022-01-04 21:04:46,132 - root - DEBUG - Processing 390-th line out of 2500 rows of DP table...
2022-01-04 21:04:46,869 - root - DEBUG - Processing 400-th line out of 2500 rows of DP table...
2022-01-04 21:04:47,581 - root - DEBUG - Processing 410-th line out of 2500 rows of DP table...
2022-01-04 21:04:48,288 - root - DEBUG - Processing 420-th line out of 2500 rows of DP table...
2022-01-04 21:04:48,997 - root - DEBUG - Processing 430-th line out of 2500 rows of DP table...
2022-01-04 21:04:49,718 - root - DEBUG - Processing 440-th line out of 2500 rows of DP table...
2022-01-04 21:04:50,424 - root - DEBUG - Processing 450-th line out of 2500 rows of DP table...
2022-01-04 21:04:51,123 - root - DEBUG - Processing 460-th line out of 2500 rows of DP table...
2022-01-04 21:04:51,821 - root - DEBUG - Processing 470-th line out of 2500 rows of DP table...
2022-01-04 21:04:52,516 - root - DEBUG - Processing 480-th line out of 2500 rows of DP table...
2022-01-04 21:04:53,210 - root - DEBUG - Processing 490-th line out of 2500 rows of DP table...
2022-01-04 21:04:53,899 - root - DEBUG - Processing 500-th line out of 2500 rows of DP table...
2022-01-04 21:04:54,583 - root - DEBUG - Processing 510-th line out of 2500 rows of DP table...
2022-01-04 21:04:55,263 - root - DEBUG - Processing 520-th line out of 2500 rows of DP table...
2022-01-04 21:04:55,941 - root - DEBUG - Processing 530-th line out of 2500 rows of DP table...
2022-01-04 21:04:56,610 - root - DEBUG - Processing 540-th line out of 2500 rows of DP table...
2022-01-04 21:04:57,297 - root - DEBUG - Processing 550-th line out of 2500 rows of DP table...
2022-01-04 21:04:57,964 - root - DEBUG - Processing 560-th line out of 2500 rows of DP table...
2022-01-04 21:04:58,624 - root - DEBUG - Processing 570-th line out of 2500 rows of DP table...
2022-01-04 21:04:59,281 - root - DEBUG - Processing 580-th line out of 2500 rows of DP table...
2022-01-04 21:04:59,963 - root - DEBUG - Processing 590-th line out of 2500 rows of DP table...
2022-01-04 21:05:00,666 - root - DEBUG - Processing 600-th line out of 2500 rows of DP table...
2022-01-04 21:05:01,315 - root - DEBUG - Processing 610-th line out of 2500 rows of DP table...
2022-01-04 21:05:01,965 - root - DEBUG - Processing 620-th line out of 2500 rows of DP table...
2022-01-04 21:05:02,612 - root - DEBUG - Processing 630-th line out of 2500 rows of DP table...
2022-01-04 21:05:03,255 - root - DEBUG - Processing 640-th line out of 2500 rows of DP table...
2022-01-04 21:05:03,964 - root - DEBUG - Processing 650-th line out of 2500 rows of DP table...
2022-01-04 21:05:04,594 - root - DEBUG - Processing 660-th line out of 2500 rows of DP table...
2022-01-04 21:05:05,250 - root - DEBUG - Processing 670-th line out of 2500 rows of DP table...
2022-01-04 21:05:05,878 - root - DEBUG - Processing 680-th line out of 2500 rows of DP table...
2022-01-04 21:05:06,507 - root - DEBUG - Processing 690-th line out of 2500 rows of DP table...
2022-01-04 21:05:07,130 - root - DEBUG - Processing 700-th line out of 2500 rows of DP table...
2022-01-04 21:05:07,751 - root - DEBUG - Processing 710-th line out of 2500 rows of DP table...
2022-01-04 21:05:08,365 - root - DEBUG - Processing 720-th line out of 2500 rows of DP table...
2022-01-04 21:05:08,977 - root - DEBUG - Processing 730-th line out of 2500 rows of DP table...
2022-01-04 21:05:09,590 - root - DEBUG - Processing 740-th line out of 2500 rows of DP table...
2022-01-04 21:05:10,196 - root - DEBUG - Processing 750-th line out of 2500 rows of DP table...
2022-01-04 21:05:10,800 - root - DEBUG - Processing 760-th line out of 2500 rows of DP table...
2022-01-04 21:05:11,402 - root - DEBUG - Processing 770-th line out of 2500 rows of DP table...
2022-01-04 21:05:11,997 - root - DEBUG - Processing 780-th line out of 2500 rows of DP table...
2022-01-04 21:05:12,591 - root - DEBUG - Processing 790-th line out of 2500 rows of DP table...
2022-01-04 21:05:13,180 - root - DEBUG - Processing 800-th line out of 2500 rows of DP table...
2022-01-04 21:05:13,765 - root - DEBUG - Processing 810-th line out of 2500 rows of DP table...
2022-01-04 21:05:14,348 - root - DEBUG - Processing 820-th line out of 2500 rows of DP table...
2022-01-04 21:05:14,926 - root - DEBUG - Processing 830-th line out of 2500 rows of DP table...
2022-01-04 21:05:15,511 - root - DEBUG - Processing 840-th line out of 2500 rows of DP table...
2022-01-04 21:05:16,089 - root - DEBUG - Processing 850-th line out of 2500 rows of DP table...
2022-01-04 21:05:16,656 - root - DEBUG - Processing 860-th line out of 2500 rows of DP table...
2022-01-04 21:05:17,219 - root - DEBUG - Processing 870-th line out of 2500 rows of DP table...
2022-01-04 21:05:17,782 - root - DEBUG - Processing 880-th line out of 2500 rows of DP table...
2022-01-04 21:05:18,342 - root - DEBUG - Processing 890-th line out of 2500 rows of DP table...
2022-01-04 21:05:18,896 - root - DEBUG - Processing 900-th line out of 2500 rows of DP table...
2022-01-04 21:05:19,450 - root - DEBUG - Processing 910-th line out of 2500 rows of DP table...
2022-01-04 21:05:19,996 - root - DEBUG - Processing 920-th line out of 2500 rows of DP table...
2022-01-04 21:05:20,540 - root - DEBUG - Processing 930-th line out of 2500 rows of DP table...
2022-01-04 21:05:21,083 - root - DEBUG - Processing 940-th line out of 2500 rows of DP table...
2022-01-04 21:05:21,623 - root - DEBUG - Processing 950-th line out of 2500 rows of DP table...
2022-01-04 21:05:22,156 - root - DEBUG - Processing 960-th line out of 2500 rows of DP table...
2022-01-04 21:05:22,687 - root - DEBUG - Processing 970-th line out of 2500 rows of DP table...
2022-01-04 21:05:23,216 - root - DEBUG - Processing 980-th line out of 2500 rows of DP table...
2022-01-04 21:05:23,739 - root - DEBUG - Processing 990-th line out of 2500 rows of DP table...
2022-01-04 21:05:24,277 - root - DEBUG - Processing 1000-th line out of 2500 rows of DP table...
2022-01-04 21:05:24,798 - root - DEBUG - Processing 1010-th line out of 2500 rows of DP table...
2022-01-04 21:05:25,313 - root - DEBUG - Processing 1020-th line out of 2500 rows of DP table...
2022-01-04 21:05:25,829 - root - DEBUG - Processing 1030-th line out of 2500 rows of DP table...
2022-01-04 21:05:26,335 - root - DEBUG - Processing 1040-th line out of 2500 rows of DP table...
2022-01-04 21:05:26,839 - root - DEBUG - Processing 1050-th line out of 2500 rows of DP table...
2022-01-04 21:05:27,341 - root - DEBUG - Processing 1060-th line out of 2500 rows of DP table...
2022-01-04 21:05:27,838 - root - DEBUG - Processing 1070-th line out of 2500 rows of DP table...
2022-01-04 21:05:28,330 - root - DEBUG - Processing 1080-th line out of 2500 rows of DP table...
2022-01-04 21:05:28,821 - root - DEBUG - Processing 1090-th line out of 2500 rows of DP table...
2022-01-04 21:05:29,309 - root - DEBUG - Processing 1100-th line out of 2500 rows of DP table...
2022-01-04 21:05:29,794 - root - DEBUG - Processing 1110-th line out of 2500 rows of DP table...
2022-01-04 21:05:30,275 - root - DEBUG - Processing 1120-th line out of 2500 rows of DP table...
2022-01-04 21:05:30,753 - root - DEBUG - Processing 1130-th line out of 2500 rows of DP table...
2022-01-04 21:05:31,226 - root - DEBUG - Processing 1140-th line out of 2500 rows of DP table...
2022-01-04 21:05:31,695 - root - DEBUG - Processing 1150-th line out of 2500 rows of DP table...
2022-01-04 21:05:32,162 - root - DEBUG - Processing 1160-th line out of 2500 rows of DP table...
2022-01-04 21:05:32,627 - root - DEBUG - Processing 1170-th line out of 2500 rows of DP table...
2022-01-04 21:05:33,087 - root - DEBUG - Processing 1180-th line out of 2500 rows of DP table...
2022-01-04 21:05:33,545 - root - DEBUG - Processing 1190-th line out of 2500 rows of DP table...
2022-01-04 21:05:33,997 - root - DEBUG - Processing 1200-th line out of 2500 rows of DP table...
2022-01-04 21:05:34,449 - root - DEBUG - Processing 1210-th line out of 2500 rows of DP table...
2022-01-04 21:05:34,897 - root - DEBUG - Processing 1220-th line out of 2500 rows of DP table...
2022-01-04 21:05:35,341 - root - DEBUG - Processing 1230-th line out of 2500 rows of DP table...
2022-01-04 21:05:35,782 - root - DEBUG - Processing 1240-th line out of 2500 rows of DP table...
2022-01-04 21:05:36,215 - root - DEBUG - Processing 1250-th line out of 2500 rows of DP table...
2022-01-04 21:05:36,648 - root - DEBUG - Processing 1260-th line out of 2500 rows of DP table...
2022-01-04 21:05:37,079 - root - DEBUG - Processing 1270-th line out of 2500 rows of DP table...
2022-01-04 21:05:37,599 - root - DEBUG - Processing 1280-th line out of 2500 rows of DP table...
2022-01-04 21:05:38,021 - root - DEBUG - Processing 1290-th line out of 2500 rows of DP table...
2022-01-04 21:05:38,438 - root - DEBUG - Processing 1300-th line out of 2500 rows of DP table...
2022-01-04 21:05:38,853 - root - DEBUG - Processing 1310-th line out of 2500 rows of DP table...
2022-01-04 21:05:39,266 - root - DEBUG - Processing 1320-th line out of 2500 rows of DP table...
2022-01-04 21:05:39,746 - root - DEBUG - Processing 1330-th line out of 2500 rows of DP table...
2022-01-04 21:05:40,154 - root - DEBUG - Processing 1340-th line out of 2500 rows of DP table...
2022-01-04 21:05:40,556 - root - DEBUG - Processing 1350-th line out of 2500 rows of DP table...
2022-01-04 21:05:40,956 - root - DEBUG - Processing 1360-th line out of 2500 rows of DP table...
2022-01-04 21:05:41,359 - root - DEBUG - Processing 1370-th line out of 2500 rows of DP table...
2022-01-04 21:05:41,751 - root - DEBUG - Processing 1380-th line out of 2500 rows of DP table...
2022-01-04 21:05:42,142 - root - DEBUG - Processing 1390-th line out of 2500 rows of DP table...
2022-01-04 21:05:42,525 - root - DEBUG - Processing 1400-th line out of 2500 rows of DP table...
2022-01-04 21:05:42,907 - root - DEBUG - Processing 1410-th line out of 2500 rows of DP table...
2022-01-04 21:05:43,285 - root - DEBUG - Processing 1420-th line out of 2500 rows of DP table...
2022-01-04 21:05:43,662 - root - DEBUG - Processing 1430-th line out of 2500 rows of DP table...
2022-01-04 21:05:44,036 - root - DEBUG - Processing 1440-th line out of 2500 rows of DP table...
2022-01-04 21:05:44,406 - root - DEBUG - Processing 1450-th line out of 2500 rows of DP table...
2022-01-04 21:05:44,772 - root - DEBUG - Processing 1460-th line out of 2500 rows of DP table...
2022-01-04 21:05:45,136 - root - DEBUG - Processing 1470-th line out of 2500 rows of DP table...
2022-01-04 21:05:45,494 - root - DEBUG - Processing 1480-th line out of 2500 rows of DP table...
2022-01-04 21:05:45,849 - root - DEBUG - Processing 1490-th line out of 2500 rows of DP table...
2022-01-04 21:05:46,202 - root - DEBUG - Processing 1500-th line out of 2500 rows of DP table...
2022-01-04 21:05:46,550 - root - DEBUG - Processing 1510-th line out of 2500 rows of DP table...
2022-01-04 21:05:46,895 - root - DEBUG - Processing 1520-th line out of 2500 rows of DP table...
2022-01-04 21:05:47,238 - root - DEBUG - Processing 1530-th line out of 2500 rows of DP table...
2022-01-04 21:05:47,577 - root - DEBUG - Processing 1540-th line out of 2500 rows of DP table...
2022-01-04 21:05:47,911 - root - DEBUG - Processing 1550-th line out of 2500 rows of DP table...
2022-01-04 21:05:48,242 - root - DEBUG - Processing 1560-th line out of 2500 rows of DP table...
2022-01-04 21:05:48,569 - root - DEBUG - Processing 1570-th line out of 2500 rows of DP table...
2022-01-04 21:05:48,896 - root - DEBUG - Processing 1580-th line out of 2500 rows of DP table...
2022-01-04 21:05:49,218 - root - DEBUG - Processing 1590-th line out of 2500 rows of DP table...
2022-01-04 21:05:49,537 - root - DEBUG - Processing 1600-th line out of 2500 rows of DP table...
2022-01-04 21:05:49,851 - root - DEBUG - Processing 1610-th line out of 2500 rows of DP table...
2022-01-04 21:05:50,161 - root - DEBUG - Processing 1620-th line out of 2500 rows of DP table...
2022-01-04 21:05:50,467 - root - DEBUG - Processing 1630-th line out of 2500 rows of DP table...
2022-01-04 21:05:50,772 - root - DEBUG - Processing 1640-th line out of 2500 rows of DP table...
2022-01-04 21:05:51,096 - root - DEBUG - Processing 1650-th line out of 2500 rows of DP table...
2022-01-04 21:05:51,396 - root - DEBUG - Processing 1660-th line out of 2500 rows of DP table...
2022-01-04 21:05:51,690 - root - DEBUG - Processing 1670-th line out of 2500 rows of DP table...
2022-01-04 21:05:51,983 - root - DEBUG - Processing 1680-th line out of 2500 rows of DP table...
2022-01-04 21:05:52,272 - root - DEBUG - Processing 1690-th line out of 2500 rows of DP table...
2022-01-04 21:05:52,557 - root - DEBUG - Processing 1700-th line out of 2500 rows of DP table...
2022-01-04 21:05:52,839 - root - DEBUG - Processing 1710-th line out of 2500 rows of DP table...
2022-01-04 21:05:53,119 - root - DEBUG - Processing 1720-th line out of 2500 rows of DP table...
2022-01-04 21:05:53,397 - root - DEBUG - Processing 1730-th line out of 2500 rows of DP table...
2022-01-04 21:05:53,668 - root - DEBUG - Processing 1740-th line out of 2500 rows of DP table...
2022-01-04 21:05:53,936 - root - DEBUG - Processing 1750-th line out of 2500 rows of DP table...
2022-01-04 21:05:54,202 - root - DEBUG - Processing 1760-th line out of 2500 rows of DP table...
2022-01-04 21:05:54,464 - root - DEBUG - Processing 1770-th line out of 2500 rows of DP table...
2022-01-04 21:05:54,722 - root - DEBUG - Processing 1780-th line out of 2500 rows of DP table...
2022-01-04 21:05:54,977 - root - DEBUG - Processing 1790-th line out of 2500 rows of DP table...
2022-01-04 21:05:55,227 - root - DEBUG - Processing 1800-th line out of 2500 rows of DP table...
2022-01-04 21:05:55,475 - root - DEBUG - Processing 1810-th line out of 2500 rows of DP table...
2022-01-04 21:05:55,721 - root - DEBUG - Processing 1820-th line out of 2500 rows of DP table...
2022-01-04 21:05:55,960 - root - DEBUG - Processing 1830-th line out of 2500 rows of DP table...
2022-01-04 21:05:56,198 - root - DEBUG - Processing 1840-th line out of 2500 rows of DP table...
2022-01-04 21:05:56,433 - root - DEBUG - Processing 1850-th line out of 2500 rows of DP table...
2022-01-04 21:05:56,662 - root - DEBUG - Processing 1860-th line out of 2500 rows of DP table...
2022-01-04 21:05:56,890 - root - DEBUG - Processing 1870-th line out of 2500 rows of DP table...
2022-01-04 21:05:57,114 - root - DEBUG - Processing 1880-th line out of 2500 rows of DP table...
2022-01-04 21:05:57,336 - root - DEBUG - Processing 1890-th line out of 2500 rows of DP table...
2022-01-04 21:05:57,553 - root - DEBUG - Processing 1900-th line out of 2500 rows of DP table...
2022-01-04 21:05:57,767 - root - DEBUG - Processing 1910-th line out of 2500 rows of DP table...
2022-01-04 21:05:57,976 - root - DEBUG - Processing 1920-th line out of 2500 rows of DP table...
2022-01-04 21:05:58,183 - root - DEBUG - Processing 1930-th line out of 2500 rows of DP table...
2022-01-04 21:05:58,386 - root - DEBUG - Processing 1940-th line out of 2500 rows of DP table...
2022-01-04 21:05:58,586 - root - DEBUG - Processing 1950-th line out of 2500 rows of DP table...
2022-01-04 21:05:58,783 - root - DEBUG - Processing 1960-th line out of 2500 rows of DP table...
2022-01-04 21:05:58,976 - root - DEBUG - Processing 1970-th line out of 2500 rows of DP table...
2022-01-04 21:05:59,165 - root - DEBUG - Processing 1980-th line out of 2500 rows of DP table...
2022-01-04 21:05:59,352 - root - DEBUG - Processing 1990-th line out of 2500 rows of DP table...
2022-01-04 21:05:59,536 - root - DEBUG - Processing 2000-th line out of 2500 rows of DP table...
2022-01-04 21:05:59,716 - root - DEBUG - Processing 2010-th line out of 2500 rows of DP table...
2022-01-04 21:05:59,893 - root - DEBUG - Processing 2020-th line out of 2500 rows of DP table...
2022-01-04 21:06:00,067 - root - DEBUG - Processing 2030-th line out of 2500 rows of DP table...
2022-01-04 21:06:00,237 - root - DEBUG - Processing 2040-th line out of 2500 rows of DP table...
2022-01-04 21:06:00,404 - root - DEBUG - Processing 2050-th line out of 2500 rows of DP table...
2022-01-04 21:06:00,568 - root - DEBUG - Processing 2060-th line out of 2500 rows of DP table...
2022-01-04 21:06:00,729 - root - DEBUG - Processing 2070-th line out of 2500 rows of DP table...
2022-01-04 21:06:00,886 - root - DEBUG - Processing 2080-th line out of 2500 rows of DP table...
2022-01-04 21:06:01,039 - root - DEBUG - Processing 2090-th line out of 2500 rows of DP table...
2022-01-04 21:06:01,189 - root - DEBUG - Processing 2100-th line out of 2500 rows of DP table...
2022-01-04 21:06:01,335 - root - DEBUG - Processing 2110-th line out of 2500 rows of DP table...
2022-01-04 21:06:01,479 - root - DEBUG - Processing 2120-th line out of 2500 rows of DP table...
2022-01-04 21:06:01,618 - root - DEBUG - Processing 2130-th line out of 2500 rows of DP table...
2022-01-04 21:06:01,754 - root - DEBUG - Processing 2140-th line out of 2500 rows of DP table...
2022-01-04 21:06:01,888 - root - DEBUG - Processing 2150-th line out of 2500 rows of DP table...
2022-01-04 21:06:02,017 - root - DEBUG - Processing 2160-th line out of 2500 rows of DP table...
2022-01-04 21:06:02,144 - root - DEBUG - Processing 2170-th line out of 2500 rows of DP table...
2022-01-04 21:06:02,266 - root - DEBUG - Processing 2180-th line out of 2500 rows of DP table...
2022-01-04 21:06:02,386 - root - DEBUG - Processing 2190-th line out of 2500 rows of DP table...
2022-01-04 21:06:02,502 - root - DEBUG - Processing 2200-th line out of 2500 rows of DP table...
2022-01-04 21:06:02,615 - root - DEBUG - Processing 2210-th line out of 2500 rows of DP table...
2022-01-04 21:06:02,724 - root - DEBUG - Processing 2220-th line out of 2500 rows of DP table...
2022-01-04 21:06:02,831 - root - DEBUG - Processing 2230-th line out of 2500 rows of DP table...
2022-01-04 21:06:02,949 - root - DEBUG - Processing 2240-th line out of 2500 rows of DP table...
2022-01-04 21:06:03,049 - root - DEBUG - Processing 2250-th line out of 2500 rows of DP table...
2022-01-04 21:06:03,147 - root - DEBUG - Processing 2260-th line out of 2500 rows of DP table...
2022-01-04 21:06:03,240 - root - DEBUG - Processing 2270-th line out of 2500 rows of DP table...
2022-01-04 21:06:03,329 - root - DEBUG - Processing 2280-th line out of 2500 rows of DP table...
2022-01-04 21:06:03,416 - root - DEBUG - Processing 2290-th line out of 2500 rows of DP table...
2022-01-04 21:06:03,499 - root - DEBUG - Processing 2300-th line out of 2500 rows of DP table...
2022-01-04 21:06:03,578 - root - DEBUG - Processing 2310-th line out of 2500 rows of DP table...
2022-01-04 21:06:03,654 - root - DEBUG - Processing 2320-th line out of 2500 rows of DP table...
2022-01-04 21:06:03,726 - root - DEBUG - Processing 2330-th line out of 2500 rows of DP table...
2022-01-04 21:06:03,795 - root - DEBUG - Processing 2340-th line out of 2500 rows of DP table...
2022-01-04 21:06:03,860 - root - DEBUG - Processing 2350-th line out of 2500 rows of DP table...
2022-01-04 21:06:03,922 - root - DEBUG - Processing 2360-th line out of 2500 rows of DP table...
2022-01-04 21:06:03,980 - root - DEBUG - Processing 2370-th line out of 2500 rows of DP table...
2022-01-04 21:06:04,035 - root - DEBUG - Processing 2380-th line out of 2500 rows of DP table...
2022-01-04 21:06:04,087 - root - DEBUG - Processing 2390-th line out of 2500 rows of DP table...
2022-01-04 21:06:04,136 - root - DEBUG - Processing 2400-th line out of 2500 rows of DP table...
2022-01-04 21:06:04,181 - root - DEBUG - Processing 2410-th line out of 2500 rows of DP table...
2022-01-04 21:06:04,223 - root - DEBUG - Processing 2420-th line out of 2500 rows of DP table...
2022-01-04 21:06:04,261 - root - DEBUG - Processing 2430-th line out of 2500 rows of DP table...
2022-01-04 21:06:04,296 - root - DEBUG - Processing 2440-th line out of 2500 rows of DP table...
2022-01-04 21:06:04,327 - root - DEBUG - Processing 2450-th line out of 2500 rows of DP table...
2022-01-04 21:06:04,355 - root - DEBUG - Processing 2460-th line out of 2500 rows of DP table...
2022-01-04 21:06:04,380 - root - DEBUG - Processing 2470-th line out of 2500 rows of DP table...
2022-01-04 21:06:04,402 - root - DEBUG - Processing 2480-th line out of 2500 rows of DP table...
2022-01-04 21:06:04,420 - root - DEBUG - Processing 2490-th line out of 2500 rows of DP table...
2022-01-04 21:06:04,434 - root - DEBUG - Processing 2500-th line out of 2500 rows of DP table...
2022-01-04 21:06:04,451 - root - DEBUG - Started computing joint logprobs...
