2022-01-04 00:57:45,101 - root - INFO - Loading reference interval set from '211227-2-sim/g19_9.ref.tsv'...
2022-01-04 00:57:45,105 - root - INFO - Loading query interval set from '211227-2-sim/g19_9.query.tsv'...
2022-01-04 00:57:45,108 - root - INFO - Loading chromosome sizes from '211227-2-sim/g19_sizes.tsv'...
2022-01-04 00:57:45,110 - root - INFO - Number of reference intervals: 2500 (2500 before merging)
2022-01-04 00:57:45,111 - root - INFO - Number of query intervals: 500 (500 before merging)
2022-01-04 00:57:45,112 - root - INFO - Number of chromosomes: 1
2022-01-04 00:57:45,116 - root - INFO - Overlap count: 141
2022-01-04 00:57:45,117 - root - DEBUG - Started computing sf for chromosome 'chr1'...
2022-01-04 00:57:45,119 - root - DEBUG - m=2500, n=500
2022-01-04 00:57:45,955 - root - DEBUG - Processing 10-th line out of 2500 rows of DP table...
2022-01-04 00:57:46,856 - root - DEBUG - Processing 20-th line out of 2500 rows of DP table...
2022-01-04 00:57:47,734 - root - DEBUG - Processing 30-th line out of 2500 rows of DP table...
2022-01-04 00:57:48,607 - root - DEBUG - Processing 40-th line out of 2500 rows of DP table...
2022-01-04 00:57:49,479 - root - DEBUG - Processing 50-th line out of 2500 rows of DP table...
2022-01-04 00:57:50,406 - root - DEBUG - Processing 60-th line out of 2500 rows of DP table...
2022-01-04 00:57:51,293 - root - DEBUG - Processing 70-th line out of 2500 rows of DP table...
2022-01-04 00:57:52,161 - root - DEBUG - Processing 80-th line out of 2500 rows of DP table...
2022-01-04 00:57:53,038 - root - DEBUG - Processing 90-th line out of 2500 rows of DP table...
2022-01-04 00:57:53,893 - root - DEBUG - Processing 100-th line out of 2500 rows of DP table...
2022-01-04 00:57:54,752 - root - DEBUG - Processing 110-th line out of 2500 rows of DP table...
2022-01-04 00:57:55,606 - root - DEBUG - Processing 120-th line out of 2500 rows of DP table...
2022-01-04 00:57:56,457 - root - DEBUG - Processing 130-th line out of 2500 rows of DP table...
2022-01-04 00:57:57,299 - root - DEBUG - Processing 140-th line out of 2500 rows of DP table...
2022-01-04 00:57:58,144 - root - DEBUG - Processing 150-th line out of 2500 rows of DP table...
2022-01-04 00:57:58,991 - root - DEBUG - Processing 160-th line out of 2500 rows of DP table...
2022-01-04 00:57:59,829 - root - DEBUG - Processing 170-th line out of 2500 rows of DP table...
2022-01-04 00:58:00,654 - root - DEBUG - Processing 180-th line out of 2500 rows of DP table...
2022-01-04 00:58:01,484 - root - DEBUG - Processing 190-th line out of 2500 rows of DP table...
2022-01-04 00:58:02,313 - root - DEBUG - Processing 200-th line out of 2500 rows of DP table...
2022-01-04 00:58:03,137 - root - DEBUG - Processing 210-th line out of 2500 rows of DP table...
2022-01-04 00:58:03,955 - root - DEBUG - Processing 220-th line out of 2500 rows of DP table...
2022-01-04 00:58:04,772 - root - DEBUG - Processing 230-th line out of 2500 rows of DP table...
2022-01-04 00:58:05,584 - root - DEBUG - Processing 240-th line out of 2500 rows of DP table...
2022-01-04 00:58:06,390 - root - DEBUG - Processing 250-th line out of 2500 rows of DP table...
2022-01-04 00:58:07,193 - root - DEBUG - Processing 260-th line out of 2500 rows of DP table...
2022-01-04 00:58:07,997 - root - DEBUG - Processing 270-th line out of 2500 rows of DP table...
2022-01-04 00:58:08,797 - root - DEBUG - Processing 280-th line out of 2500 rows of DP table...
2022-01-04 00:58:09,593 - root - DEBUG - Processing 290-th line out of 2500 rows of DP table...
2022-01-04 00:58:10,384 - root - DEBUG - Processing 300-th line out of 2500 rows of DP table...
2022-01-04 00:58:11,172 - root - DEBUG - Processing 310-th line out of 2500 rows of DP table...
2022-01-04 00:58:11,949 - root - DEBUG - Processing 320-th line out of 2500 rows of DP table...
2022-01-04 00:58:12,730 - root - DEBUG - Processing 330-th line out of 2500 rows of DP table...
2022-01-04 00:58:13,509 - root - DEBUG - Processing 340-th line out of 2500 rows of DP table...
2022-01-04 00:58:14,283 - root - DEBUG - Processing 350-th line out of 2500 rows of DP table...
2022-01-04 00:58:15,054 - root - DEBUG - Processing 360-th line out of 2500 rows of DP table...
2022-01-04 00:58:15,820 - root - DEBUG - Processing 370-th line out of 2500 rows of DP table...
2022-01-04 00:58:16,578 - root - DEBUG - Processing 380-th line out of 2500 rows of DP table...
2022-01-04 00:58:17,339 - root - DEBUG - Processing 390-th line out of 2500 rows of DP table...
2022-01-04 00:58:18,094 - root - DEBUG - Processing 400-th line out of 2500 rows of DP table...
2022-01-04 00:58:18,843 - root - DEBUG - Processing 410-th line out of 2500 rows of DP table...
2022-01-04 00:58:19,593 - root - DEBUG - Processing 420-th line out of 2500 rows of DP table...
2022-01-04 00:58:20,338 - root - DEBUG - Processing 430-th line out of 2500 rows of DP table...
2022-01-04 00:58:21,072 - root - DEBUG - Processing 440-th line out of 2500 rows of DP table...
2022-01-04 00:58:21,814 - root - DEBUG - Processing 450-th line out of 2500 rows of DP table...
2022-01-04 00:58:22,548 - root - DEBUG - Processing 460-th line out of 2500 rows of DP table...
2022-01-04 00:58:23,276 - root - DEBUG - Processing 470-th line out of 2500 rows of DP table...
2022-01-04 00:58:24,008 - root - DEBUG - Processing 480-th line out of 2500 rows of DP table...
2022-01-04 00:58:24,730 - root - DEBUG - Processing 490-th line out of 2500 rows of DP table...
2022-01-04 00:58:25,446 - root - DEBUG - Processing 500-th line out of 2500 rows of DP table...
2022-01-04 00:58:26,167 - root - DEBUG - Processing 510-th line out of 2500 rows of DP table...
2022-01-04 00:58:26,877 - root - DEBUG - Processing 520-th line out of 2500 rows of DP table...
2022-01-04 00:58:27,588 - root - DEBUG - Processing 530-th line out of 2500 rows of DP table...
2022-01-04 00:58:28,290 - root - DEBUG - Processing 540-th line out of 2500 rows of DP table...
2022-01-04 00:58:28,994 - root - DEBUG - Processing 550-th line out of 2500 rows of DP table...
2022-01-04 00:58:29,691 - root - DEBUG - Processing 560-th line out of 2500 rows of DP table...
2022-01-04 00:58:30,385 - root - DEBUG - Processing 570-th line out of 2500 rows of DP table...
2022-01-04 00:58:31,079 - root - DEBUG - Processing 580-th line out of 2500 rows of DP table...
2022-01-04 00:58:31,769 - root - DEBUG - Processing 590-th line out of 2500 rows of DP table...
2022-01-04 00:58:32,452 - root - DEBUG - Processing 600-th line out of 2500 rows of DP table...
2022-01-04 00:58:33,131 - root - DEBUG - Processing 610-th line out of 2500 rows of DP table...
2022-01-04 00:58:33,814 - root - DEBUG - Processing 620-th line out of 2500 rows of DP table...
2022-01-04 00:58:34,490 - root - DEBUG - Processing 630-th line out of 2500 rows of DP table...
2022-01-04 00:58:35,201 - root - DEBUG - Processing 640-th line out of 2500 rows of DP table...
2022-01-04 00:58:35,871 - root - DEBUG - Processing 650-th line out of 2500 rows of DP table...
2022-01-04 00:58:36,530 - root - DEBUG - Processing 660-th line out of 2500 rows of DP table...
2022-01-04 00:58:37,196 - root - DEBUG - Processing 670-th line out of 2500 rows of DP table...
2022-01-04 00:58:37,850 - root - DEBUG - Processing 680-th line out of 2500 rows of DP table...
2022-01-04 00:58:38,500 - root - DEBUG - Processing 690-th line out of 2500 rows of DP table...
2022-01-04 00:58:39,154 - root - DEBUG - Processing 700-th line out of 2500 rows of DP table...
2022-01-04 00:58:39,799 - root - DEBUG - Processing 710-th line out of 2500 rows of DP table...
2022-01-04 00:58:40,437 - root - DEBUG - Processing 720-th line out of 2500 rows of DP table...
2022-01-04 00:58:41,075 - root - DEBUG - Processing 730-th line out of 2500 rows of DP table...
2022-01-04 00:58:41,708 - root - DEBUG - Processing 740-th line out of 2500 rows of DP table...
2022-01-04 00:58:42,341 - root - DEBUG - Processing 750-th line out of 2500 rows of DP table...
2022-01-04 00:58:42,971 - root - DEBUG - Processing 760-th line out of 2500 rows of DP table...
2022-01-04 00:58:43,594 - root - DEBUG - Processing 770-th line out of 2500 rows of DP table...
2022-01-04 00:58:44,214 - root - DEBUG - Processing 780-th line out of 2500 rows of DP table...
2022-01-04 00:58:44,831 - root - DEBUG - Processing 790-th line out of 2500 rows of DP table...
2022-01-04 00:58:45,445 - root - DEBUG - Processing 800-th line out of 2500 rows of DP table...
2022-01-04 00:58:46,064 - root - DEBUG - Processing 810-th line out of 2500 rows of DP table...
2022-01-04 00:58:46,668 - root - DEBUG - Processing 820-th line out of 2500 rows of DP table...
2022-01-04 00:58:47,270 - root - DEBUG - Processing 830-th line out of 2500 rows of DP table...
2022-01-04 00:58:47,869 - root - DEBUG - Processing 840-th line out of 2500 rows of DP table...
2022-01-04 00:58:48,467 - root - DEBUG - Processing 850-th line out of 2500 rows of DP table...
2022-01-04 00:58:49,059 - root - DEBUG - Processing 860-th line out of 2500 rows of DP table...
2022-01-04 00:58:49,646 - root - DEBUG - Processing 870-th line out of 2500 rows of DP table...
2022-01-04 00:58:50,235 - root - DEBUG - Processing 880-th line out of 2500 rows of DP table...
2022-01-04 00:58:50,816 - root - DEBUG - Processing 890-th line out of 2500 rows of DP table...
2022-01-04 00:58:51,392 - root - DEBUG - Processing 900-th line out of 2500 rows of DP table...
2022-01-04 00:58:51,966 - root - DEBUG - Processing 910-th line out of 2500 rows of DP table...
2022-01-04 00:58:52,538 - root - DEBUG - Processing 920-th line out of 2500 rows of DP table...
2022-01-04 00:58:53,105 - root - DEBUG - Processing 930-th line out of 2500 rows of DP table...
2022-01-04 00:58:53,669 - root - DEBUG - Processing 940-th line out of 2500 rows of DP table...
2022-01-04 00:58:54,234 - root - DEBUG - Processing 950-th line out of 2500 rows of DP table...
2022-01-04 00:58:54,796 - root - DEBUG - Processing 960-th line out of 2500 rows of DP table...
2022-01-04 00:58:55,351 - root - DEBUG - Processing 970-th line out of 2500 rows of DP table...
2022-01-04 00:58:55,903 - root - DEBUG - Processing 980-th line out of 2500 rows of DP table...
2022-01-04 00:58:56,449 - root - DEBUG - Processing 990-th line out of 2500 rows of DP table...
2022-01-04 00:58:56,991 - root - DEBUG - Processing 1000-th line out of 2500 rows of DP table...
2022-01-04 00:58:57,534 - root - DEBUG - Processing 1010-th line out of 2500 rows of DP table...
2022-01-04 00:58:58,072 - root - DEBUG - Processing 1020-th line out of 2500 rows of DP table...
2022-01-04 00:58:58,606 - root - DEBUG - Processing 1030-th line out of 2500 rows of DP table...
2022-01-04 00:58:59,135 - root - DEBUG - Processing 1040-th line out of 2500 rows of DP table...
2022-01-04 00:58:59,660 - root - DEBUG - Processing 1050-th line out of 2500 rows of DP table...
2022-01-04 00:59:00,183 - root - DEBUG - Processing 1060-th line out of 2500 rows of DP table...
2022-01-04 00:59:00,710 - root - DEBUG - Processing 1070-th line out of 2500 rows of DP table...
2022-01-04 00:59:01,226 - root - DEBUG - Processing 1080-th line out of 2500 rows of DP table...
2022-01-04 00:59:01,740 - root - DEBUG - Processing 1090-th line out of 2500 rows of DP table...
2022-01-04 00:59:02,246 - root - DEBUG - Processing 1100-th line out of 2500 rows of DP table...
2022-01-04 00:59:02,753 - root - DEBUG - Processing 1110-th line out of 2500 rows of DP table...
2022-01-04 00:59:03,254 - root - DEBUG - Processing 1120-th line out of 2500 rows of DP table...
2022-01-04 00:59:03,753 - root - DEBUG - Processing 1130-th line out of 2500 rows of DP table...
2022-01-04 00:59:04,248 - root - DEBUG - Processing 1140-th line out of 2500 rows of DP table...
2022-01-04 00:59:04,785 - root - DEBUG - Processing 1150-th line out of 2500 rows of DP table...
2022-01-04 00:59:05,289 - root - DEBUG - Processing 1160-th line out of 2500 rows of DP table...
2022-01-04 00:59:05,773 - root - DEBUG - Processing 1170-th line out of 2500 rows of DP table...
2022-01-04 00:59:06,254 - root - DEBUG - Processing 1180-th line out of 2500 rows of DP table...
2022-01-04 00:59:06,728 - root - DEBUG - Processing 1190-th line out of 2500 rows of DP table...
2022-01-04 00:59:07,200 - root - DEBUG - Processing 1200-th line out of 2500 rows of DP table...
2022-01-04 00:59:07,666 - root - DEBUG - Processing 1210-th line out of 2500 rows of DP table...
2022-01-04 00:59:08,134 - root - DEBUG - Processing 1220-th line out of 2500 rows of DP table...
2022-01-04 00:59:08,600 - root - DEBUG - Processing 1230-th line out of 2500 rows of DP table...
2022-01-04 00:59:09,058 - root - DEBUG - Processing 1240-th line out of 2500 rows of DP table...
2022-01-04 00:59:09,512 - root - DEBUG - Processing 1250-th line out of 2500 rows of DP table...
2022-01-04 00:59:09,962 - root - DEBUG - Processing 1260-th line out of 2500 rows of DP table...
2022-01-04 00:59:10,413 - root - DEBUG - Processing 1270-th line out of 2500 rows of DP table...
2022-01-04 00:59:10,858 - root - DEBUG - Processing 1280-th line out of 2500 rows of DP table...
2022-01-04 00:59:11,298 - root - DEBUG - Processing 1290-th line out of 2500 rows of DP table...
2022-01-04 00:59:11,734 - root - DEBUG - Processing 1300-th line out of 2500 rows of DP table...
2022-01-04 00:59:12,169 - root - DEBUG - Processing 1310-th line out of 2500 rows of DP table...
2022-01-04 00:59:12,598 - root - DEBUG - Processing 1320-th line out of 2500 rows of DP table...
2022-01-04 00:59:13,023 - root - DEBUG - Processing 1330-th line out of 2500 rows of DP table...
2022-01-04 00:59:13,447 - root - DEBUG - Processing 1340-th line out of 2500 rows of DP table...
2022-01-04 00:59:13,867 - root - DEBUG - Processing 1350-th line out of 2500 rows of DP table...
2022-01-04 00:59:14,282 - root - DEBUG - Processing 1360-th line out of 2500 rows of DP table...
2022-01-04 00:59:14,696 - root - DEBUG - Processing 1370-th line out of 2500 rows of DP table...
2022-01-04 00:59:15,104 - root - DEBUG - Processing 1380-th line out of 2500 rows of DP table...
2022-01-04 00:59:15,512 - root - DEBUG - Processing 1390-th line out of 2500 rows of DP table...
2022-01-04 00:59:15,916 - root - DEBUG - Processing 1400-th line out of 2500 rows of DP table...
2022-01-04 00:59:16,317 - root - DEBUG - Processing 1410-th line out of 2500 rows of DP table...
2022-01-04 00:59:16,709 - root - DEBUG - Processing 1420-th line out of 2500 rows of DP table...
2022-01-04 00:59:17,099 - root - DEBUG - Processing 1430-th line out of 2500 rows of DP table...
2022-01-04 00:59:17,493 - root - DEBUG - Processing 1440-th line out of 2500 rows of DP table...
2022-01-04 00:59:17,879 - root - DEBUG - Processing 1450-th line out of 2500 rows of DP table...
2022-01-04 00:59:18,269 - root - DEBUG - Processing 1460-th line out of 2500 rows of DP table...
2022-01-04 00:59:18,654 - root - DEBUG - Processing 1470-th line out of 2500 rows of DP table...
2022-01-04 00:59:19,037 - root - DEBUG - Processing 1480-th line out of 2500 rows of DP table...
2022-01-04 00:59:19,412 - root - DEBUG - Processing 1490-th line out of 2500 rows of DP table...
2022-01-04 00:59:19,785 - root - DEBUG - Processing 1500-th line out of 2500 rows of DP table...
2022-01-04 00:59:20,154 - root - DEBUG - Processing 1510-th line out of 2500 rows of DP table...
2022-01-04 00:59:20,517 - root - DEBUG - Processing 1520-th line out of 2500 rows of DP table...
2022-01-04 00:59:20,877 - root - DEBUG - Processing 1530-th line out of 2500 rows of DP table...
2022-01-04 00:59:21,233 - root - DEBUG - Processing 1540-th line out of 2500 rows of DP table...
2022-01-04 00:59:21,586 - root - DEBUG - Processing 1550-th line out of 2500 rows of DP table...
2022-01-04 00:59:21,936 - root - DEBUG - Processing 1560-th line out of 2500 rows of DP table...
2022-01-04 00:59:22,279 - root - DEBUG - Processing 1570-th line out of 2500 rows of DP table...
2022-01-04 00:59:22,621 - root - DEBUG - Processing 1580-th line out of 2500 rows of DP table...
2022-01-04 00:59:22,965 - root - DEBUG - Processing 1590-th line out of 2500 rows of DP table...
2022-01-04 00:59:23,300 - root - DEBUG - Processing 1600-th line out of 2500 rows of DP table...
2022-01-04 00:59:23,629 - root - DEBUG - Processing 1610-th line out of 2500 rows of DP table...
2022-01-04 00:59:23,958 - root - DEBUG - Processing 1620-th line out of 2500 rows of DP table...
2022-01-04 00:59:24,285 - root - DEBUG - Processing 1630-th line out of 2500 rows of DP table...
2022-01-04 00:59:24,604 - root - DEBUG - Processing 1640-th line out of 2500 rows of DP table...
2022-01-04 00:59:24,922 - root - DEBUG - Processing 1650-th line out of 2500 rows of DP table...
2022-01-04 00:59:25,233 - root - DEBUG - Processing 1660-th line out of 2500 rows of DP table...
2022-01-04 00:59:25,544 - root - DEBUG - Processing 1670-th line out of 2500 rows of DP table...
2022-01-04 00:59:25,853 - root - DEBUG - Processing 1680-th line out of 2500 rows of DP table...
2022-01-04 00:59:26,156 - root - DEBUG - Processing 1690-th line out of 2500 rows of DP table...
2022-01-04 00:59:26,453 - root - DEBUG - Processing 1700-th line out of 2500 rows of DP table...
2022-01-04 00:59:26,748 - root - DEBUG - Processing 1710-th line out of 2500 rows of DP table...
2022-01-04 00:59:27,041 - root - DEBUG - Processing 1720-th line out of 2500 rows of DP table...
2022-01-04 00:59:27,328 - root - DEBUG - Processing 1730-th line out of 2500 rows of DP table...
2022-01-04 00:59:27,612 - root - DEBUG - Processing 1740-th line out of 2500 rows of DP table...
2022-01-04 00:59:27,893 - root - DEBUG - Processing 1750-th line out of 2500 rows of DP table...
2022-01-04 00:59:28,172 - root - DEBUG - Processing 1760-th line out of 2500 rows of DP table...
2022-01-04 00:59:28,445 - root - DEBUG - Processing 1770-th line out of 2500 rows of DP table...
2022-01-04 00:59:28,716 - root - DEBUG - Processing 1780-th line out of 2500 rows of DP table...
2022-01-04 00:59:28,990 - root - DEBUG - Processing 1790-th line out of 2500 rows of DP table...
2022-01-04 00:59:29,255 - root - DEBUG - Processing 1800-th line out of 2500 rows of DP table...
2022-01-04 00:59:29,515 - root - DEBUG - Processing 1810-th line out of 2500 rows of DP table...
2022-01-04 00:59:29,772 - root - DEBUG - Processing 1820-th line out of 2500 rows of DP table...
2022-01-04 00:59:30,027 - root - DEBUG - Processing 1830-th line out of 2500 rows of DP table...
2022-01-04 00:59:30,276 - root - DEBUG - Processing 1840-th line out of 2500 rows of DP table...
2022-01-04 00:59:30,520 - root - DEBUG - Processing 1850-th line out of 2500 rows of DP table...
2022-01-04 00:59:30,761 - root - DEBUG - Processing 1860-th line out of 2500 rows of DP table...
2022-01-04 00:59:31,007 - root - DEBUG - Processing 1870-th line out of 2500 rows of DP table...
2022-01-04 00:59:31,241 - root - DEBUG - Processing 1880-th line out of 2500 rows of DP table...
2022-01-04 00:59:31,474 - root - DEBUG - Processing 1890-th line out of 2500 rows of DP table...
2022-01-04 00:59:31,702 - root - DEBUG - Processing 1900-th line out of 2500 rows of DP table...
2022-01-04 00:59:31,927 - root - DEBUG - Processing 1910-th line out of 2500 rows of DP table...
2022-01-04 00:59:32,149 - root - DEBUG - Processing 1920-th line out of 2500 rows of DP table...
2022-01-04 00:59:32,368 - root - DEBUG - Processing 1930-th line out of 2500 rows of DP table...
2022-01-04 00:59:32,582 - root - DEBUG - Processing 1940-th line out of 2500 rows of DP table...
2022-01-04 00:59:32,791 - root - DEBUG - Processing 1950-th line out of 2500 rows of DP table...
2022-01-04 00:59:32,998 - root - DEBUG - Processing 1960-th line out of 2500 rows of DP table...
2022-01-04 00:59:33,202 - root - DEBUG - Processing 1970-th line out of 2500 rows of DP table...
2022-01-04 00:59:33,402 - root - DEBUG - Processing 1980-th line out of 2500 rows of DP table...
2022-01-04 00:59:33,597 - root - DEBUG - Processing 1990-th line out of 2500 rows of DP table...
2022-01-04 00:59:33,791 - root - DEBUG - Processing 2000-th line out of 2500 rows of DP table...
2022-01-04 00:59:33,984 - root - DEBUG - Processing 2010-th line out of 2500 rows of DP table...
2022-01-04 00:59:34,170 - root - DEBUG - Processing 2020-th line out of 2500 rows of DP table...
2022-01-04 00:59:34,522 - root - DEBUG - Processing 2030-th line out of 2500 rows of DP table...
2022-01-04 00:59:34,828 - root - DEBUG - Processing 2040-th line out of 2500 rows of DP table...
2022-01-04 00:59:35,002 - root - DEBUG - Processing 2050-th line out of 2500 rows of DP table...
2022-01-04 00:59:35,235 - root - DEBUG - Processing 2060-th line out of 2500 rows of DP table...
2022-01-04 00:59:35,434 - root - DEBUG - Processing 2070-th line out of 2500 rows of DP table...
2022-01-04 00:59:35,629 - root - DEBUG - Processing 2080-th line out of 2500 rows of DP table...
2022-01-04 00:59:35,819 - root - DEBUG - Processing 2090-th line out of 2500 rows of DP table...
2022-01-04 00:59:36,006 - root - DEBUG - Processing 2100-th line out of 2500 rows of DP table...
2022-01-04 00:59:36,188 - root - DEBUG - Processing 2110-th line out of 2500 rows of DP table...
2022-01-04 00:59:36,446 - root - DEBUG - Processing 2120-th line out of 2500 rows of DP table...
2022-01-04 00:59:36,618 - root - DEBUG - Processing 2130-th line out of 2500 rows of DP table...
2022-01-04 00:59:36,787 - root - DEBUG - Processing 2140-th line out of 2500 rows of DP table...
2022-01-04 00:59:36,950 - root - DEBUG - Processing 2150-th line out of 2500 rows of DP table...
2022-01-04 00:59:37,112 - root - DEBUG - Processing 2160-th line out of 2500 rows of DP table...
2022-01-04 00:59:37,270 - root - DEBUG - Processing 2170-th line out of 2500 rows of DP table...
2022-01-04 00:59:37,424 - root - DEBUG - Processing 2180-th line out of 2500 rows of DP table...
2022-01-04 00:59:37,574 - root - DEBUG - Processing 2190-th line out of 2500 rows of DP table...
2022-01-04 00:59:37,718 - root - DEBUG - Processing 2200-th line out of 2500 rows of DP table...
2022-01-04 00:59:37,860 - root - DEBUG - Processing 2210-th line out of 2500 rows of DP table...
2022-01-04 00:59:37,998 - root - DEBUG - Processing 2220-th line out of 2500 rows of DP table...
2022-01-04 00:59:38,139 - root - DEBUG - Processing 2230-th line out of 2500 rows of DP table...
2022-01-04 00:59:38,278 - root - DEBUG - Processing 2240-th line out of 2500 rows of DP table...
2022-01-04 00:59:38,411 - root - DEBUG - Processing 2250-th line out of 2500 rows of DP table...
2022-01-04 00:59:38,540 - root - DEBUG - Processing 2260-th line out of 2500 rows of DP table...
2022-01-04 00:59:38,664 - root - DEBUG - Processing 2270-th line out of 2500 rows of DP table...
2022-01-04 00:59:38,785 - root - DEBUG - Processing 2280-th line out of 2500 rows of DP table...
2022-01-04 00:59:38,912 - root - DEBUG - Processing 2290-th line out of 2500 rows of DP table...
2022-01-04 00:59:39,043 - root - DEBUG - Processing 2300-th line out of 2500 rows of DP table...
2022-01-04 00:59:39,144 - root - DEBUG - Processing 2310-th line out of 2500 rows of DP table...
2022-01-04 00:59:39,241 - root - DEBUG - Processing 2320-th line out of 2500 rows of DP table...
2022-01-04 00:59:39,334 - root - DEBUG - Processing 2330-th line out of 2500 rows of DP table...
2022-01-04 00:59:39,421 - root - DEBUG - Processing 2340-th line out of 2500 rows of DP table...
2022-01-04 00:59:39,504 - root - DEBUG - Processing 2350-th line out of 2500 rows of DP table...
2022-01-04 00:59:39,582 - root - DEBUG - Processing 2360-th line out of 2500 rows of DP table...
2022-01-04 00:59:39,657 - root - DEBUG - Processing 2370-th line out of 2500 rows of DP table...
2022-01-04 00:59:39,728 - root - DEBUG - Processing 2380-th line out of 2500 rows of DP table...
2022-01-04 00:59:39,794 - root - DEBUG - Processing 2390-th line out of 2500 rows of DP table...
2022-01-04 00:59:39,899 - root - DEBUG - Processing 2400-th line out of 2500 rows of DP table...
2022-01-04 00:59:39,999 - root - DEBUG - Processing 2410-th line out of 2500 rows of DP table...
2022-01-04 00:59:40,103 - root - DEBUG - Processing 2420-th line out of 2500 rows of DP table...
2022-01-04 00:59:40,189 - root - DEBUG - Processing 2430-th line out of 2500 rows of DP table...
2022-01-04 00:59:40,266 - root - DEBUG - Processing 2440-th line out of 2500 rows of DP table...
2022-01-04 00:59:40,335 - root - DEBUG - Processing 2450-th line out of 2500 rows of DP table...
2022-01-04 00:59:40,396 - root - DEBUG - Processing 2460-th line out of 2500 rows of DP table...
2022-01-04 00:59:40,451 - root - DEBUG - Processing 2470-th line out of 2500 rows of DP table...
2022-01-04 00:59:40,498 - root - DEBUG - Processing 2480-th line out of 2500 rows of DP table...
2022-01-04 00:59:40,537 - root - DEBUG - Processing 2490-th line out of 2500 rows of DP table...
2022-01-04 00:59:40,566 - root - DEBUG - Processing 2500-th line out of 2500 rows of DP table...
2022-01-04 00:59:40,608 - root - DEBUG - Started computing joint logprobs...
