2022-01-04 00:57:43,478 - root - INFO - Loading reference interval set from '211227-2-sim/g19_3.ref.tsv'...
2022-01-04 00:57:43,483 - root - INFO - Loading query interval set from '211227-2-sim/g19_3.query.tsv'...
2022-01-04 00:57:43,486 - root - INFO - Loading chromosome sizes from '211227-2-sim/g19_sizes.tsv'...
2022-01-04 00:57:43,489 - root - INFO - Number of reference intervals: 2500 (2500 before merging)
2022-01-04 00:57:43,491 - root - INFO - Number of query intervals: 500 (500 before merging)
2022-01-04 00:57:43,491 - root - INFO - Number of chromosomes: 1
2022-01-04 00:57:43,496 - root - INFO - Overlap count: 129
2022-01-04 00:57:43,498 - root - DEBUG - Started computing sf for chromosome 'chr1'...
2022-01-04 00:57:43,499 - root - DEBUG - m=2500, n=500
2022-01-04 00:57:44,348 - root - DEBUG - Processing 10-th line out of 2500 rows of DP table...
2022-01-04 00:57:45,201 - root - DEBUG - Processing 20-th line out of 2500 rows of DP table...
2022-01-04 00:57:46,057 - root - DEBUG - Processing 30-th line out of 2500 rows of DP table...
2022-01-04 00:57:46,917 - root - DEBUG - Processing 40-th line out of 2500 rows of DP table...
2022-01-04 00:57:47,763 - root - DEBUG - Processing 50-th line out of 2500 rows of DP table...
2022-01-04 00:57:48,619 - root - DEBUG - Processing 60-th line out of 2500 rows of DP table...
2022-01-04 00:57:49,466 - root - DEBUG - Processing 70-th line out of 2500 rows of DP table...
2022-01-04 00:57:50,353 - root - DEBUG - Processing 80-th line out of 2500 rows of DP table...
2022-01-04 00:57:51,197 - root - DEBUG - Processing 90-th line out of 2500 rows of DP table...
2022-01-04 00:57:52,037 - root - DEBUG - Processing 100-th line out of 2500 rows of DP table...
2022-01-04 00:57:52,892 - root - DEBUG - Processing 110-th line out of 2500 rows of DP table...
2022-01-04 00:57:53,720 - root - DEBUG - Processing 120-th line out of 2500 rows of DP table...
2022-01-04 00:57:54,668 - root - DEBUG - Processing 130-th line out of 2500 rows of DP table...
2022-01-04 00:57:55,484 - root - DEBUG - Processing 140-th line out of 2500 rows of DP table...
2022-01-04 00:57:56,318 - root - DEBUG - Processing 150-th line out of 2500 rows of DP table...
2022-01-04 00:57:57,154 - root - DEBUG - Processing 160-th line out of 2500 rows of DP table...
2022-01-04 00:57:57,991 - root - DEBUG - Processing 170-th line out of 2500 rows of DP table...
2022-01-04 00:57:58,848 - root - DEBUG - Processing 180-th line out of 2500 rows of DP table...
2022-01-04 00:57:59,674 - root - DEBUG - Processing 190-th line out of 2500 rows of DP table...
2022-01-04 00:58:00,480 - root - DEBUG - Processing 200-th line out of 2500 rows of DP table...
2022-01-04 00:58:01,280 - root - DEBUG - Processing 210-th line out of 2500 rows of DP table...
2022-01-04 00:58:02,082 - root - DEBUG - Processing 220-th line out of 2500 rows of DP table...
2022-01-04 00:58:02,880 - root - DEBUG - Processing 230-th line out of 2500 rows of DP table...
2022-01-04 00:58:03,678 - root - DEBUG - Processing 240-th line out of 2500 rows of DP table...
2022-01-04 00:58:04,470 - root - DEBUG - Processing 250-th line out of 2500 rows of DP table...
2022-01-04 00:58:05,261 - root - DEBUG - Processing 260-th line out of 2500 rows of DP table...
2022-01-04 00:58:06,046 - root - DEBUG - Processing 270-th line out of 2500 rows of DP table...
2022-01-04 00:58:06,823 - root - DEBUG - Processing 280-th line out of 2500 rows of DP table...
2022-01-04 00:58:07,601 - root - DEBUG - Processing 290-th line out of 2500 rows of DP table...
2022-01-04 00:58:08,381 - root - DEBUG - Processing 300-th line out of 2500 rows of DP table...
2022-01-04 00:58:09,150 - root - DEBUG - Processing 310-th line out of 2500 rows of DP table...
2022-01-04 00:58:09,944 - root - DEBUG - Processing 320-th line out of 2500 rows of DP table...
2022-01-04 00:58:10,695 - root - DEBUG - Processing 330-th line out of 2500 rows of DP table...
2022-01-04 00:58:11,442 - root - DEBUG - Processing 340-th line out of 2500 rows of DP table...
2022-01-04 00:58:12,192 - root - DEBUG - Processing 350-th line out of 2500 rows of DP table...
2022-01-04 00:58:12,960 - root - DEBUG - Processing 360-th line out of 2500 rows of DP table...
2022-01-04 00:58:13,700 - root - DEBUG - Processing 370-th line out of 2500 rows of DP table...
2022-01-04 00:58:14,443 - root - DEBUG - Processing 380-th line out of 2500 rows of DP table...
2022-01-04 00:58:15,187 - root - DEBUG - Processing 390-th line out of 2500 rows of DP table...
2022-01-04 00:58:15,918 - root - DEBUG - Processing 400-th line out of 2500 rows of DP table...
2022-01-04 00:58:16,654 - root - DEBUG - Processing 410-th line out of 2500 rows of DP table...
2022-01-04 00:58:17,380 - root - DEBUG - Processing 420-th line out of 2500 rows of DP table...
2022-01-04 00:58:18,096 - root - DEBUG - Processing 430-th line out of 2500 rows of DP table...
2022-01-04 00:58:18,822 - root - DEBUG - Processing 440-th line out of 2500 rows of DP table...
2022-01-04 00:58:19,535 - root - DEBUG - Processing 450-th line out of 2500 rows of DP table...
2022-01-04 00:58:20,240 - root - DEBUG - Processing 460-th line out of 2500 rows of DP table...
2022-01-04 00:58:20,948 - root - DEBUG - Processing 470-th line out of 2500 rows of DP table...
2022-01-04 00:58:21,651 - root - DEBUG - Processing 480-th line out of 2500 rows of DP table...
2022-01-04 00:58:22,355 - root - DEBUG - Processing 490-th line out of 2500 rows of DP table...
2022-01-04 00:58:23,056 - root - DEBUG - Processing 500-th line out of 2500 rows of DP table...
2022-01-04 00:58:23,747 - root - DEBUG - Processing 510-th line out of 2500 rows of DP table...
2022-01-04 00:58:24,439 - root - DEBUG - Processing 520-th line out of 2500 rows of DP table...
2022-01-04 00:58:25,122 - root - DEBUG - Processing 530-th line out of 2500 rows of DP table...
2022-01-04 00:58:25,808 - root - DEBUG - Processing 540-th line out of 2500 rows of DP table...
2022-01-04 00:58:26,489 - root - DEBUG - Processing 550-th line out of 2500 rows of DP table...
2022-01-04 00:58:27,162 - root - DEBUG - Processing 560-th line out of 2500 rows of DP table...
2022-01-04 00:58:27,837 - root - DEBUG - Processing 570-th line out of 2500 rows of DP table...
2022-01-04 00:58:28,505 - root - DEBUG - Processing 580-th line out of 2500 rows of DP table...
2022-01-04 00:58:29,175 - root - DEBUG - Processing 590-th line out of 2500 rows of DP table...
2022-01-04 00:58:29,842 - root - DEBUG - Processing 600-th line out of 2500 rows of DP table...
2022-01-04 00:58:30,500 - root - DEBUG - Processing 610-th line out of 2500 rows of DP table...
2022-01-04 00:58:31,157 - root - DEBUG - Processing 620-th line out of 2500 rows of DP table...
2022-01-04 00:58:31,808 - root - DEBUG - Processing 630-th line out of 2500 rows of DP table...
2022-01-04 00:58:32,462 - root - DEBUG - Processing 640-th line out of 2500 rows of DP table...
2022-01-04 00:58:33,104 - root - DEBUG - Processing 650-th line out of 2500 rows of DP table...
2022-01-04 00:58:33,750 - root - DEBUG - Processing 660-th line out of 2500 rows of DP table...
2022-01-04 00:58:34,383 - root - DEBUG - Processing 670-th line out of 2500 rows of DP table...
2022-01-04 00:58:35,012 - root - DEBUG - Processing 680-th line out of 2500 rows of DP table...
2022-01-04 00:58:35,640 - root - DEBUG - Processing 690-th line out of 2500 rows of DP table...
2022-01-04 00:58:36,259 - root - DEBUG - Processing 700-th line out of 2500 rows of DP table...
2022-01-04 00:58:36,882 - root - DEBUG - Processing 710-th line out of 2500 rows of DP table...
2022-01-04 00:58:37,496 - root - DEBUG - Processing 720-th line out of 2500 rows of DP table...
2022-01-04 00:58:38,111 - root - DEBUG - Processing 730-th line out of 2500 rows of DP table...
2022-01-04 00:58:38,719 - root - DEBUG - Processing 740-th line out of 2500 rows of DP table...
2022-01-04 00:58:39,328 - root - DEBUG - Processing 750-th line out of 2500 rows of DP table...
2022-01-04 00:58:39,932 - root - DEBUG - Processing 760-th line out of 2500 rows of DP table...
2022-01-04 00:58:40,539 - root - DEBUG - Processing 770-th line out of 2500 rows of DP table...
2022-01-04 00:58:41,137 - root - DEBUG - Processing 780-th line out of 2500 rows of DP table...
2022-01-04 00:58:41,726 - root - DEBUG - Processing 790-th line out of 2500 rows of DP table...
2022-01-04 00:58:42,318 - root - DEBUG - Processing 800-th line out of 2500 rows of DP table...
2022-01-04 00:58:42,902 - root - DEBUG - Processing 810-th line out of 2500 rows of DP table...
2022-01-04 00:58:43,487 - root - DEBUG - Processing 820-th line out of 2500 rows of DP table...
2022-01-04 00:58:44,067 - root - DEBUG - Processing 830-th line out of 2500 rows of DP table...
2022-01-04 00:58:44,645 - root - DEBUG - Processing 840-th line out of 2500 rows of DP table...
2022-01-04 00:58:45,213 - root - DEBUG - Processing 850-th line out of 2500 rows of DP table...
2022-01-04 00:58:45,785 - root - DEBUG - Processing 860-th line out of 2500 rows of DP table...
2022-01-04 00:58:46,346 - root - DEBUG - Processing 870-th line out of 2500 rows of DP table...
2022-01-04 00:58:46,909 - root - DEBUG - Processing 880-th line out of 2500 rows of DP table...
2022-01-04 00:58:47,464 - root - DEBUG - Processing 890-th line out of 2500 rows of DP table...
2022-01-04 00:58:48,018 - root - DEBUG - Processing 900-th line out of 2500 rows of DP table...
2022-01-04 00:58:48,567 - root - DEBUG - Processing 910-th line out of 2500 rows of DP table...
2022-01-04 00:58:49,120 - root - DEBUG - Processing 920-th line out of 2500 rows of DP table...
2022-01-04 00:58:49,666 - root - DEBUG - Processing 930-th line out of 2500 rows of DP table...
2022-01-04 00:58:50,207 - root - DEBUG - Processing 940-th line out of 2500 rows of DP table...
2022-01-04 00:58:50,747 - root - DEBUG - Processing 950-th line out of 2500 rows of DP table...
2022-01-04 00:58:51,280 - root - DEBUG - Processing 960-th line out of 2500 rows of DP table...
2022-01-04 00:58:51,815 - root - DEBUG - Processing 970-th line out of 2500 rows of DP table...
2022-01-04 00:58:52,344 - root - DEBUG - Processing 980-th line out of 2500 rows of DP table...
2022-01-04 00:58:52,871 - root - DEBUG - Processing 990-th line out of 2500 rows of DP table...
2022-01-04 00:58:53,390 - root - DEBUG - Processing 1000-th line out of 2500 rows of DP table...
2022-01-04 00:58:53,911 - root - DEBUG - Processing 1010-th line out of 2500 rows of DP table...
2022-01-04 00:58:54,423 - root - DEBUG - Processing 1020-th line out of 2500 rows of DP table...
2022-01-04 00:58:54,937 - root - DEBUG - Processing 1030-th line out of 2500 rows of DP table...
2022-01-04 00:58:55,441 - root - DEBUG - Processing 1040-th line out of 2500 rows of DP table...
2022-01-04 00:58:55,946 - root - DEBUG - Processing 1050-th line out of 2500 rows of DP table...
2022-01-04 00:58:56,443 - root - DEBUG - Processing 1060-th line out of 2500 rows of DP table...
2022-01-04 00:58:56,937 - root - DEBUG - Processing 1070-th line out of 2500 rows of DP table...
2022-01-04 00:58:57,436 - root - DEBUG - Processing 1080-th line out of 2500 rows of DP table...
2022-01-04 00:58:57,925 - root - DEBUG - Processing 1090-th line out of 2500 rows of DP table...
2022-01-04 00:58:58,415 - root - DEBUG - Processing 1100-th line out of 2500 rows of DP table...
2022-01-04 00:58:58,900 - root - DEBUG - Processing 1110-th line out of 2500 rows of DP table...
2022-01-04 00:58:59,384 - root - DEBUG - Processing 1120-th line out of 2500 rows of DP table...
2022-01-04 00:58:59,859 - root - DEBUG - Processing 1130-th line out of 2500 rows of DP table...
2022-01-04 00:59:00,336 - root - DEBUG - Processing 1140-th line out of 2500 rows of DP table...
2022-01-04 00:59:00,804 - root - DEBUG - Processing 1150-th line out of 2500 rows of DP table...
2022-01-04 00:59:01,268 - root - DEBUG - Processing 1160-th line out of 2500 rows of DP table...
2022-01-04 00:59:01,734 - root - DEBUG - Processing 1170-th line out of 2500 rows of DP table...
2022-01-04 00:59:02,193 - root - DEBUG - Processing 1180-th line out of 2500 rows of DP table...
2022-01-04 00:59:02,653 - root - DEBUG - Processing 1190-th line out of 2500 rows of DP table...
2022-01-04 00:59:03,106 - root - DEBUG - Processing 1200-th line out of 2500 rows of DP table...
2022-01-04 00:59:03,554 - root - DEBUG - Processing 1210-th line out of 2500 rows of DP table...
2022-01-04 00:59:04,006 - root - DEBUG - Processing 1220-th line out of 2500 rows of DP table...
2022-01-04 00:59:04,445 - root - DEBUG - Processing 1230-th line out of 2500 rows of DP table...
2022-01-04 00:59:04,889 - root - DEBUG - Processing 1240-th line out of 2500 rows of DP table...
2022-01-04 00:59:05,340 - root - DEBUG - Processing 1250-th line out of 2500 rows of DP table...
2022-01-04 00:59:05,774 - root - DEBUG - Processing 1260-th line out of 2500 rows of DP table...
2022-01-04 00:59:06,210 - root - DEBUG - Processing 1270-th line out of 2500 rows of DP table...
2022-01-04 00:59:06,632 - root - DEBUG - Processing 1280-th line out of 2500 rows of DP table...
2022-01-04 00:59:07,052 - root - DEBUG - Processing 1290-th line out of 2500 rows of DP table...
2022-01-04 00:59:07,499 - root - DEBUG - Processing 1300-th line out of 2500 rows of DP table...
2022-01-04 00:59:07,914 - root - DEBUG - Processing 1310-th line out of 2500 rows of DP table...
2022-01-04 00:59:08,329 - root - DEBUG - Processing 1320-th line out of 2500 rows of DP table...
2022-01-04 00:59:08,736 - root - DEBUG - Processing 1330-th line out of 2500 rows of DP table...
2022-01-04 00:59:09,140 - root - DEBUG - Processing 1340-th line out of 2500 rows of DP table...
2022-01-04 00:59:09,546 - root - DEBUG - Processing 1350-th line out of 2500 rows of DP table...
2022-01-04 00:59:09,944 - root - DEBUG - Processing 1360-th line out of 2500 rows of DP table...
2022-01-04 00:59:10,337 - root - DEBUG - Processing 1370-th line out of 2500 rows of DP table...
2022-01-04 00:59:10,733 - root - DEBUG - Processing 1380-th line out of 2500 rows of DP table...
2022-01-04 00:59:11,120 - root - DEBUG - Processing 1390-th line out of 2500 rows of DP table...
2022-01-04 00:59:11,518 - root - DEBUG - Processing 1400-th line out of 2500 rows of DP table...
2022-01-04 00:59:11,906 - root - DEBUG - Processing 1410-th line out of 2500 rows of DP table...
2022-01-04 00:59:12,321 - root - DEBUG - Processing 1420-th line out of 2500 rows of DP table...
2022-01-04 00:59:12,696 - root - DEBUG - Processing 1430-th line out of 2500 rows of DP table...
2022-01-04 00:59:13,073 - root - DEBUG - Processing 1440-th line out of 2500 rows of DP table...
2022-01-04 00:59:13,441 - root - DEBUG - Processing 1450-th line out of 2500 rows of DP table...
2022-01-04 00:59:13,808 - root - DEBUG - Processing 1460-th line out of 2500 rows of DP table...
2022-01-04 00:59:14,176 - root - DEBUG - Processing 1470-th line out of 2500 rows of DP table...
2022-01-04 00:59:14,536 - root - DEBUG - Processing 1480-th line out of 2500 rows of DP table...
2022-01-04 00:59:14,891 - root - DEBUG - Processing 1490-th line out of 2500 rows of DP table...
2022-01-04 00:59:15,248 - root - DEBUG - Processing 1500-th line out of 2500 rows of DP table...
2022-01-04 00:59:15,597 - root - DEBUG - Processing 1510-th line out of 2500 rows of DP table...
2022-01-04 00:59:15,941 - root - DEBUG - Processing 1520-th line out of 2500 rows of DP table...
2022-01-04 00:59:16,316 - root - DEBUG - Processing 1530-th line out of 2500 rows of DP table...
2022-01-04 00:59:16,657 - root - DEBUG - Processing 1540-th line out of 2500 rows of DP table...
2022-01-04 00:59:16,989 - root - DEBUG - Processing 1550-th line out of 2500 rows of DP table...
2022-01-04 00:59:17,318 - root - DEBUG - Processing 1560-th line out of 2500 rows of DP table...
2022-01-04 00:59:17,650 - root - DEBUG - Processing 1570-th line out of 2500 rows of DP table...
2022-01-04 00:59:17,992 - root - DEBUG - Processing 1580-th line out of 2500 rows of DP table...
2022-01-04 00:59:18,312 - root - DEBUG - Processing 1590-th line out of 2500 rows of DP table...
2022-01-04 00:59:18,632 - root - DEBUG - Processing 1600-th line out of 2500 rows of DP table...
2022-01-04 00:59:18,945 - root - DEBUG - Processing 1610-th line out of 2500 rows of DP table...
2022-01-04 00:59:19,254 - root - DEBUG - Processing 1620-th line out of 2500 rows of DP table...
2022-01-04 00:59:19,561 - root - DEBUG - Processing 1630-th line out of 2500 rows of DP table...
2022-01-04 00:59:19,868 - root - DEBUG - Processing 1640-th line out of 2500 rows of DP table...
2022-01-04 00:59:20,180 - root - DEBUG - Processing 1650-th line out of 2500 rows of DP table...
2022-01-04 00:59:20,492 - root - DEBUG - Processing 1660-th line out of 2500 rows of DP table...
2022-01-04 00:59:20,791 - root - DEBUG - Processing 1670-th line out of 2500 rows of DP table...
2022-01-04 00:59:21,081 - root - DEBUG - Processing 1680-th line out of 2500 rows of DP table...
2022-01-04 00:59:21,425 - root - DEBUG - Processing 1690-th line out of 2500 rows of DP table...
2022-01-04 00:59:21,709 - root - DEBUG - Processing 1700-th line out of 2500 rows of DP table...
2022-01-04 00:59:21,994 - root - DEBUG - Processing 1710-th line out of 2500 rows of DP table...
2022-01-04 00:59:22,274 - root - DEBUG - Processing 1720-th line out of 2500 rows of DP table...
2022-01-04 00:59:22,549 - root - DEBUG - Processing 1730-th line out of 2500 rows of DP table...
2022-01-04 00:59:22,866 - root - DEBUG - Processing 1740-th line out of 2500 rows of DP table...
2022-01-04 00:59:23,133 - root - DEBUG - Processing 1750-th line out of 2500 rows of DP table...
2022-01-04 00:59:23,399 - root - DEBUG - Processing 1760-th line out of 2500 rows of DP table...
2022-01-04 00:59:23,661 - root - DEBUG - Processing 1770-th line out of 2500 rows of DP table...
2022-01-04 00:59:23,920 - root - DEBUG - Processing 1780-th line out of 2500 rows of DP table...
2022-01-04 00:59:24,183 - root - DEBUG - Processing 1790-th line out of 2500 rows of DP table...
2022-01-04 00:59:24,436 - root - DEBUG - Processing 1800-th line out of 2500 rows of DP table...
2022-01-04 00:59:24,686 - root - DEBUG - Processing 1810-th line out of 2500 rows of DP table...
2022-01-04 00:59:24,932 - root - DEBUG - Processing 1820-th line out of 2500 rows of DP table...
2022-01-04 00:59:25,180 - root - DEBUG - Processing 1830-th line out of 2500 rows of DP table...
2022-01-04 00:59:25,420 - root - DEBUG - Processing 1840-th line out of 2500 rows of DP table...
2022-01-04 00:59:25,702 - root - DEBUG - Processing 1850-th line out of 2500 rows of DP table...
2022-01-04 00:59:25,934 - root - DEBUG - Processing 1860-th line out of 2500 rows of DP table...
2022-01-04 00:59:26,164 - root - DEBUG - Processing 1870-th line out of 2500 rows of DP table...
2022-01-04 00:59:26,394 - root - DEBUG - Processing 1880-th line out of 2500 rows of DP table...
2022-01-04 00:59:26,618 - root - DEBUG - Processing 1890-th line out of 2500 rows of DP table...
2022-01-04 00:59:26,835 - root - DEBUG - Processing 1900-th line out of 2500 rows of DP table...
2022-01-04 00:59:27,052 - root - DEBUG - Processing 1910-th line out of 2500 rows of DP table...
2022-01-04 00:59:27,264 - root - DEBUG - Processing 1920-th line out of 2500 rows of DP table...
2022-01-04 00:59:27,478 - root - DEBUG - Processing 1930-th line out of 2500 rows of DP table...
2022-01-04 00:59:27,683 - root - DEBUG - Processing 1940-th line out of 2500 rows of DP table...
2022-01-04 00:59:27,885 - root - DEBUG - Processing 1950-th line out of 2500 rows of DP table...
2022-01-04 00:59:28,084 - root - DEBUG - Processing 1960-th line out of 2500 rows of DP table...
2022-01-04 00:59:28,279 - root - DEBUG - Processing 1970-th line out of 2500 rows of DP table...
2022-01-04 00:59:28,471 - root - DEBUG - Processing 1980-th line out of 2500 rows of DP table...
2022-01-04 00:59:28,664 - root - DEBUG - Processing 1990-th line out of 2500 rows of DP table...
2022-01-04 00:59:28,849 - root - DEBUG - Processing 2000-th line out of 2500 rows of DP table...
2022-01-04 00:59:29,032 - root - DEBUG - Processing 2010-th line out of 2500 rows of DP table...
2022-01-04 00:59:29,211 - root - DEBUG - Processing 2020-th line out of 2500 rows of DP table...
2022-01-04 00:59:29,386 - root - DEBUG - Processing 2030-th line out of 2500 rows of DP table...
2022-01-04 00:59:29,558 - root - DEBUG - Processing 2040-th line out of 2500 rows of DP table...
2022-01-04 00:59:29,732 - root - DEBUG - Processing 2050-th line out of 2500 rows of DP table...
2022-01-04 00:59:29,897 - root - DEBUG - Processing 2060-th line out of 2500 rows of DP table...
2022-01-04 00:59:30,058 - root - DEBUG - Processing 2070-th line out of 2500 rows of DP table...
2022-01-04 00:59:30,217 - root - DEBUG - Processing 2080-th line out of 2500 rows of DP table...
2022-01-04 00:59:30,370 - root - DEBUG - Processing 2090-th line out of 2500 rows of DP table...
2022-01-04 00:59:30,522 - root - DEBUG - Processing 2100-th line out of 2500 rows of DP table...
2022-01-04 00:59:30,670 - root - DEBUG - Processing 2110-th line out of 2500 rows of DP table...
2022-01-04 00:59:30,816 - root - DEBUG - Processing 2120-th line out of 2500 rows of DP table...
2022-01-04 00:59:30,961 - root - DEBUG - Processing 2130-th line out of 2500 rows of DP table...
2022-01-04 00:59:31,098 - root - DEBUG - Processing 2140-th line out of 2500 rows of DP table...
2022-01-04 00:59:31,232 - root - DEBUG - Processing 2150-th line out of 2500 rows of DP table...
2022-01-04 00:59:31,363 - root - DEBUG - Processing 2160-th line out of 2500 rows of DP table...
2022-01-04 00:59:31,491 - root - DEBUG - Processing 2170-th line out of 2500 rows of DP table...
2022-01-04 00:59:31,615 - root - DEBUG - Processing 2180-th line out of 2500 rows of DP table...
2022-01-04 00:59:31,735 - root - DEBUG - Processing 2190-th line out of 2500 rows of DP table...
2022-01-04 00:59:31,851 - root - DEBUG - Processing 2200-th line out of 2500 rows of DP table...
2022-01-04 00:59:31,965 - root - DEBUG - Processing 2210-th line out of 2500 rows of DP table...
2022-01-04 00:59:32,080 - root - DEBUG - Processing 2220-th line out of 2500 rows of DP table...
2022-01-04 00:59:32,188 - root - DEBUG - Processing 2230-th line out of 2500 rows of DP table...
2022-01-04 00:59:32,292 - root - DEBUG - Processing 2240-th line out of 2500 rows of DP table...
2022-01-04 00:59:32,400 - root - DEBUG - Processing 2250-th line out of 2500 rows of DP table...
2022-01-04 00:59:32,518 - root - DEBUG - Processing 2260-th line out of 2500 rows of DP table...
2022-01-04 00:59:32,612 - root - DEBUG - Processing 2270-th line out of 2500 rows of DP table...
2022-01-04 00:59:32,703 - root - DEBUG - Processing 2280-th line out of 2500 rows of DP table...
2022-01-04 00:59:32,790 - root - DEBUG - Processing 2290-th line out of 2500 rows of DP table...
2022-01-04 00:59:32,875 - root - DEBUG - Processing 2300-th line out of 2500 rows of DP table...
2022-01-04 00:59:32,956 - root - DEBUG - Processing 2310-th line out of 2500 rows of DP table...
2022-01-04 00:59:33,033 - root - DEBUG - Processing 2320-th line out of 2500 rows of DP table...
2022-01-04 00:59:33,107 - root - DEBUG - Processing 2330-th line out of 2500 rows of DP table...
2022-01-04 00:59:33,183 - root - DEBUG - Processing 2340-th line out of 2500 rows of DP table...
2022-01-04 00:59:33,249 - root - DEBUG - Processing 2350-th line out of 2500 rows of DP table...
2022-01-04 00:59:33,312 - root - DEBUG - Processing 2360-th line out of 2500 rows of DP table...
2022-01-04 00:59:33,373 - root - DEBUG - Processing 2370-th line out of 2500 rows of DP table...
2022-01-04 00:59:33,430 - root - DEBUG - Processing 2380-th line out of 2500 rows of DP table...
2022-01-04 00:59:33,501 - root - DEBUG - Processing 2390-th line out of 2500 rows of DP table...
2022-01-04 00:59:33,550 - root - DEBUG - Processing 2400-th line out of 2500 rows of DP table...
2022-01-04 00:59:33,596 - root - DEBUG - Processing 2410-th line out of 2500 rows of DP table...
2022-01-04 00:59:33,638 - root - DEBUG - Processing 2420-th line out of 2500 rows of DP table...
2022-01-04 00:59:33,676 - root - DEBUG - Processing 2430-th line out of 2500 rows of DP table...
2022-01-04 00:59:33,712 - root - DEBUG - Processing 2440-th line out of 2500 rows of DP table...
2022-01-04 00:59:33,744 - root - DEBUG - Processing 2450-th line out of 2500 rows of DP table...
2022-01-04 00:59:33,775 - root - DEBUG - Processing 2460-th line out of 2500 rows of DP table...
2022-01-04 00:59:33,801 - root - DEBUG - Processing 2470-th line out of 2500 rows of DP table...
2022-01-04 00:59:33,824 - root - DEBUG - Processing 2480-th line out of 2500 rows of DP table...
2022-01-04 00:59:33,851 - root - DEBUG - Processing 2490-th line out of 2500 rows of DP table...
2022-01-04 00:59:33,874 - root - DEBUG - Processing 2500-th line out of 2500 rows of DP table...
2022-01-04 00:59:33,901 - root - DEBUG - Started computing joint logprobs...
