2022-01-04 21:06:49,077 - root - INFO - Loading reference interval set from '211227-2-sim/g20_5.ref.tsv'...
2022-01-04 21:06:49,081 - root - INFO - Loading query interval set from '211227-2-sim/g20_5.query.tsv'...
2022-01-04 21:06:49,089 - root - INFO - Loading chromosome sizes from '211227-2-sim/g20_sizes.tsv'...
2022-01-04 21:06:49,095 - root - INFO - Number of reference intervals: 2500 (2500 before merging)
2022-01-04 21:06:49,096 - root - INFO - Number of query intervals: 5000 (5000 before merging)
2022-01-04 21:06:49,097 - root - INFO - Number of chromosomes: 1
2022-01-04 21:06:49,107 - root - INFO - Overlap count: 1107
2022-01-04 21:06:49,109 - root - DEBUG - Started computing sf for chromosome 'chr1'...
2022-01-04 21:06:49,111 - root - DEBUG - m=2500, n=5000
2022-01-04 21:06:49,920 - root - DEBUG - Processing 10-th line out of 2500 rows of DP table...
2022-01-04 21:06:50,766 - root - DEBUG - Processing 20-th line out of 2500 rows of DP table...
2022-01-04 21:06:51,609 - root - DEBUG - Processing 30-th line out of 2500 rows of DP table...
2022-01-04 21:06:52,446 - root - DEBUG - Processing 40-th line out of 2500 rows of DP table...
2022-01-04 21:06:53,282 - root - DEBUG - Processing 50-th line out of 2500 rows of DP table...
2022-01-04 21:06:54,106 - root - DEBUG - Processing 60-th line out of 2500 rows of DP table...
2022-01-04 21:06:54,934 - root - DEBUG - Processing 70-th line out of 2500 rows of DP table...
2022-01-04 21:06:55,760 - root - DEBUG - Processing 80-th line out of 2500 rows of DP table...
2022-01-04 21:06:56,596 - root - DEBUG - Processing 90-th line out of 2500 rows of DP table...
2022-01-04 21:06:57,417 - root - DEBUG - Processing 100-th line out of 2500 rows of DP table...
2022-01-04 21:06:58,232 - root - DEBUG - Processing 110-th line out of 2500 rows of DP table...
2022-01-04 21:06:59,045 - root - DEBUG - Processing 120-th line out of 2500 rows of DP table...
2022-01-04 21:06:59,848 - root - DEBUG - Processing 130-th line out of 2500 rows of DP table...
2022-01-04 21:07:00,655 - root - DEBUG - Processing 140-th line out of 2500 rows of DP table...
2022-01-04 21:07:01,457 - root - DEBUG - Processing 150-th line out of 2500 rows of DP table...
2022-01-04 21:07:02,249 - root - DEBUG - Processing 160-th line out of 2500 rows of DP table...
2022-01-04 21:07:03,049 - root - DEBUG - Processing 170-th line out of 2500 rows of DP table...
2022-01-04 21:07:03,858 - root - DEBUG - Processing 180-th line out of 2500 rows of DP table...
2022-01-04 21:07:04,654 - root - DEBUG - Processing 190-th line out of 2500 rows of DP table...
2022-01-04 21:07:05,440 - root - DEBUG - Processing 200-th line out of 2500 rows of DP table...
2022-01-04 21:07:06,248 - root - DEBUG - Processing 210-th line out of 2500 rows of DP table...
2022-01-04 21:07:07,026 - root - DEBUG - Processing 220-th line out of 2500 rows of DP table...
2022-01-04 21:07:07,796 - root - DEBUG - Processing 230-th line out of 2500 rows of DP table...
2022-01-04 21:07:08,566 - root - DEBUG - Processing 240-th line out of 2500 rows of DP table...
2022-01-04 21:07:09,336 - root - DEBUG - Processing 250-th line out of 2500 rows of DP table...
2022-01-04 21:07:10,097 - root - DEBUG - Processing 260-th line out of 2500 rows of DP table...
2022-01-04 21:07:10,857 - root - DEBUG - Processing 270-th line out of 2500 rows of DP table...
2022-01-04 21:07:11,612 - root - DEBUG - Processing 280-th line out of 2500 rows of DP table...
2022-01-04 21:07:12,359 - root - DEBUG - Processing 290-th line out of 2500 rows of DP table...
2022-01-04 21:07:13,108 - root - DEBUG - Processing 300-th line out of 2500 rows of DP table...
2022-01-04 21:07:13,855 - root - DEBUG - Processing 310-th line out of 2500 rows of DP table...
2022-01-04 21:07:14,596 - root - DEBUG - Processing 320-th line out of 2500 rows of DP table...
2022-01-04 21:07:15,352 - root - DEBUG - Processing 330-th line out of 2500 rows of DP table...
2022-01-04 21:07:16,091 - root - DEBUG - Processing 340-th line out of 2500 rows of DP table...
2022-01-04 21:07:16,823 - root - DEBUG - Processing 350-th line out of 2500 rows of DP table...
2022-01-04 21:07:17,556 - root - DEBUG - Processing 360-th line out of 2500 rows of DP table...
2022-01-04 21:07:18,288 - root - DEBUG - Processing 370-th line out of 2500 rows of DP table...
2022-01-04 21:07:19,011 - root - DEBUG - Processing 380-th line out of 2500 rows of DP table...
2022-01-04 21:07:19,737 - root - DEBUG - Processing 390-th line out of 2500 rows of DP table...
2022-01-04 21:07:20,451 - root - DEBUG - Processing 400-th line out of 2500 rows of DP table...
2022-01-04 21:07:21,169 - root - DEBUG - Processing 410-th line out of 2500 rows of DP table...
2022-01-04 21:07:21,883 - root - DEBUG - Processing 420-th line out of 2500 rows of DP table...
2022-01-04 21:07:22,584 - root - DEBUG - Processing 430-th line out of 2500 rows of DP table...
2022-01-04 21:07:23,290 - root - DEBUG - Processing 440-th line out of 2500 rows of DP table...
2022-01-04 21:07:23,995 - root - DEBUG - Processing 450-th line out of 2500 rows of DP table...
2022-01-04 21:07:24,690 - root - DEBUG - Processing 460-th line out of 2500 rows of DP table...
2022-01-04 21:07:25,386 - root - DEBUG - Processing 470-th line out of 2500 rows of DP table...
2022-01-04 21:07:26,072 - root - DEBUG - Processing 480-th line out of 2500 rows of DP table...
2022-01-04 21:07:26,762 - root - DEBUG - Processing 490-th line out of 2500 rows of DP table...
2022-01-04 21:07:27,452 - root - DEBUG - Processing 500-th line out of 2500 rows of DP table...
2022-01-04 21:07:28,134 - root - DEBUG - Processing 510-th line out of 2500 rows of DP table...
2022-01-04 21:07:28,814 - root - DEBUG - Processing 520-th line out of 2500 rows of DP table...
2022-01-04 21:07:29,488 - root - DEBUG - Processing 530-th line out of 2500 rows of DP table...
2022-01-04 21:07:30,162 - root - DEBUG - Processing 540-th line out of 2500 rows of DP table...
2022-01-04 21:07:30,833 - root - DEBUG - Processing 550-th line out of 2500 rows of DP table...
2022-01-04 21:07:31,500 - root - DEBUG - Processing 560-th line out of 2500 rows of DP table...
2022-01-04 21:07:32,165 - root - DEBUG - Processing 570-th line out of 2500 rows of DP table...
2022-01-04 21:07:32,817 - root - DEBUG - Processing 580-th line out of 2500 rows of DP table...
2022-01-04 21:07:33,474 - root - DEBUG - Processing 590-th line out of 2500 rows of DP table...
2022-01-04 21:07:34,123 - root - DEBUG - Processing 600-th line out of 2500 rows of DP table...
2022-01-04 21:07:34,777 - root - DEBUG - Processing 610-th line out of 2500 rows of DP table...
2022-01-04 21:07:35,429 - root - DEBUG - Processing 620-th line out of 2500 rows of DP table...
2022-01-04 21:07:36,073 - root - DEBUG - Processing 630-th line out of 2500 rows of DP table...
2022-01-04 21:07:36,711 - root - DEBUG - Processing 640-th line out of 2500 rows of DP table...
2022-01-04 21:07:37,341 - root - DEBUG - Processing 650-th line out of 2500 rows of DP table...
2022-01-04 21:07:37,976 - root - DEBUG - Processing 660-th line out of 2500 rows of DP table...
2022-01-04 21:07:38,604 - root - DEBUG - Processing 670-th line out of 2500 rows of DP table...
2022-01-04 21:07:39,232 - root - DEBUG - Processing 680-th line out of 2500 rows of DP table...
2022-01-04 21:07:39,852 - root - DEBUG - Processing 690-th line out of 2500 rows of DP table...
2022-01-04 21:07:40,476 - root - DEBUG - Processing 700-th line out of 2500 rows of DP table...
2022-01-04 21:07:41,096 - root - DEBUG - Processing 710-th line out of 2500 rows of DP table...
2022-01-04 21:07:41,706 - root - DEBUG - Processing 720-th line out of 2500 rows of DP table...
2022-01-04 21:07:42,317 - root - DEBUG - Processing 730-th line out of 2500 rows of DP table...
2022-01-04 21:07:42,918 - root - DEBUG - Processing 740-th line out of 2500 rows of DP table...
2022-01-04 21:07:43,526 - root - DEBUG - Processing 750-th line out of 2500 rows of DP table...
2022-01-04 21:07:44,122 - root - DEBUG - Processing 760-th line out of 2500 rows of DP table...
2022-01-04 21:07:44,721 - root - DEBUG - Processing 770-th line out of 2500 rows of DP table...
2022-01-04 21:07:45,310 - root - DEBUG - Processing 780-th line out of 2500 rows of DP table...
2022-01-04 21:07:45,900 - root - DEBUG - Processing 790-th line out of 2500 rows of DP table...
2022-01-04 21:07:46,481 - root - DEBUG - Processing 800-th line out of 2500 rows of DP table...
2022-01-04 21:07:47,065 - root - DEBUG - Processing 810-th line out of 2500 rows of DP table...
2022-01-04 21:07:47,640 - root - DEBUG - Processing 820-th line out of 2500 rows of DP table...
2022-01-04 21:07:48,217 - root - DEBUG - Processing 830-th line out of 2500 rows of DP table...
2022-01-04 21:07:48,786 - root - DEBUG - Processing 840-th line out of 2500 rows of DP table...
2022-01-04 21:07:49,357 - root - DEBUG - Processing 850-th line out of 2500 rows of DP table...
2022-01-04 21:07:49,924 - root - DEBUG - Processing 860-th line out of 2500 rows of DP table...
2022-01-04 21:07:50,486 - root - DEBUG - Processing 870-th line out of 2500 rows of DP table...
2022-01-04 21:07:51,041 - root - DEBUG - Processing 880-th line out of 2500 rows of DP table...
2022-01-04 21:07:51,598 - root - DEBUG - Processing 890-th line out of 2500 rows of DP table...
2022-01-04 21:07:52,149 - root - DEBUG - Processing 900-th line out of 2500 rows of DP table...
2022-01-04 21:07:52,700 - root - DEBUG - Processing 910-th line out of 2500 rows of DP table...
2022-01-04 21:07:53,243 - root - DEBUG - Processing 920-th line out of 2500 rows of DP table...
2022-01-04 21:07:53,787 - root - DEBUG - Processing 930-th line out of 2500 rows of DP table...
2022-01-04 21:07:54,325 - root - DEBUG - Processing 940-th line out of 2500 rows of DP table...
2022-01-04 21:07:54,862 - root - DEBUG - Processing 950-th line out of 2500 rows of DP table...
2022-01-04 21:07:55,388 - root - DEBUG - Processing 960-th line out of 2500 rows of DP table...
2022-01-04 21:07:55,922 - root - DEBUG - Processing 970-th line out of 2500 rows of DP table...
2022-01-04 21:07:56,446 - root - DEBUG - Processing 980-th line out of 2500 rows of DP table...
2022-01-04 21:07:56,965 - root - DEBUG - Processing 990-th line out of 2500 rows of DP table...
2022-01-04 21:07:57,489 - root - DEBUG - Processing 1000-th line out of 2500 rows of DP table...
2022-01-04 21:07:58,001 - root - DEBUG - Processing 1010-th line out of 2500 rows of DP table...
2022-01-04 21:07:58,515 - root - DEBUG - Processing 1020-th line out of 2500 rows of DP table...
2022-01-04 21:07:59,020 - root - DEBUG - Processing 1030-th line out of 2500 rows of DP table...
2022-01-04 21:07:59,528 - root - DEBUG - Processing 1040-th line out of 2500 rows of DP table...
2022-01-04 21:08:00,027 - root - DEBUG - Processing 1050-th line out of 2500 rows of DP table...
2022-01-04 21:08:00,529 - root - DEBUG - Processing 1060-th line out of 2500 rows of DP table...
2022-01-04 21:08:01,021 - root - DEBUG - Processing 1070-th line out of 2500 rows of DP table...
2022-01-04 21:08:01,512 - root - DEBUG - Processing 1080-th line out of 2500 rows of DP table...
2022-01-04 21:08:02,005 - root - DEBUG - Processing 1090-th line out of 2500 rows of DP table...
2022-01-04 21:08:02,490 - root - DEBUG - Processing 1100-th line out of 2500 rows of DP table...
2022-01-04 21:08:02,977 - root - DEBUG - Processing 1110-th line out of 2500 rows of DP table...
2022-01-04 21:08:03,477 - root - DEBUG - Processing 1120-th line out of 2500 rows of DP table...
2022-01-04 21:08:03,954 - root - DEBUG - Processing 1130-th line out of 2500 rows of DP table...
2022-01-04 21:08:04,424 - root - DEBUG - Processing 1140-th line out of 2500 rows of DP table...
2022-01-04 21:08:04,891 - root - DEBUG - Processing 1150-th line out of 2500 rows of DP table...
2022-01-04 21:08:05,361 - root - DEBUG - Processing 1160-th line out of 2500 rows of DP table...
2022-01-04 21:08:05,823 - root - DEBUG - Processing 1170-th line out of 2500 rows of DP table...
2022-01-04 21:08:06,286 - root - DEBUG - Processing 1180-th line out of 2500 rows of DP table...
2022-01-04 21:08:06,739 - root - DEBUG - Processing 1190-th line out of 2500 rows of DP table...
2022-01-04 21:08:07,189 - root - DEBUG - Processing 1200-th line out of 2500 rows of DP table...
2022-01-04 21:08:07,638 - root - DEBUG - Processing 1210-th line out of 2500 rows of DP table...
2022-01-04 21:08:08,081 - root - DEBUG - Processing 1220-th line out of 2500 rows of DP table...
2022-01-04 21:08:08,524 - root - DEBUG - Processing 1230-th line out of 2500 rows of DP table...
2022-01-04 21:08:08,958 - root - DEBUG - Processing 1240-th line out of 2500 rows of DP table...
2022-01-04 21:08:09,389 - root - DEBUG - Processing 1250-th line out of 2500 rows of DP table...
2022-01-04 21:08:09,823 - root - DEBUG - Processing 1260-th line out of 2500 rows of DP table...
2022-01-04 21:08:10,249 - root - DEBUG - Processing 1270-th line out of 2500 rows of DP table...
2022-01-04 21:08:10,674 - root - DEBUG - Processing 1280-th line out of 2500 rows of DP table...
2022-01-04 21:08:11,091 - root - DEBUG - Processing 1290-th line out of 2500 rows of DP table...
2022-01-04 21:08:11,507 - root - DEBUG - Processing 1300-th line out of 2500 rows of DP table...
2022-01-04 21:08:11,945 - root - DEBUG - Processing 1310-th line out of 2500 rows of DP table...
2022-01-04 21:08:12,353 - root - DEBUG - Processing 1320-th line out of 2500 rows of DP table...
2022-01-04 21:08:12,757 - root - DEBUG - Processing 1330-th line out of 2500 rows of DP table...
2022-01-04 21:08:13,164 - root - DEBUG - Processing 1340-th line out of 2500 rows of DP table...
2022-01-04 21:08:13,561 - root - DEBUG - Processing 1350-th line out of 2500 rows of DP table...
2022-01-04 21:08:13,957 - root - DEBUG - Processing 1360-th line out of 2500 rows of DP table...
2022-01-04 21:08:14,355 - root - DEBUG - Processing 1370-th line out of 2500 rows of DP table...
2022-01-04 21:08:14,744 - root - DEBUG - Processing 1380-th line out of 2500 rows of DP table...
2022-01-04 21:08:15,130 - root - DEBUG - Processing 1390-th line out of 2500 rows of DP table...
2022-01-04 21:08:15,596 - root - DEBUG - Processing 1400-th line out of 2500 rows of DP table...
2022-01-04 21:08:15,975 - root - DEBUG - Processing 1410-th line out of 2500 rows of DP table...
2022-01-04 21:08:16,350 - root - DEBUG - Processing 1420-th line out of 2500 rows of DP table...
2022-01-04 21:08:16,727 - root - DEBUG - Processing 1430-th line out of 2500 rows of DP table...
2022-01-04 21:08:17,097 - root - DEBUG - Processing 1440-th line out of 2500 rows of DP table...
2022-01-04 21:08:17,462 - root - DEBUG - Processing 1450-th line out of 2500 rows of DP table...
2022-01-04 21:08:17,828 - root - DEBUG - Processing 1460-th line out of 2500 rows of DP table...
2022-01-04 21:08:18,188 - root - DEBUG - Processing 1470-th line out of 2500 rows of DP table...
2022-01-04 21:08:18,543 - root - DEBUG - Processing 1480-th line out of 2500 rows of DP table...
2022-01-04 21:08:18,900 - root - DEBUG - Processing 1490-th line out of 2500 rows of DP table...
2022-01-04 21:08:19,250 - root - DEBUG - Processing 1500-th line out of 2500 rows of DP table...
2022-01-04 21:08:19,594 - root - DEBUG - Processing 1510-th line out of 2500 rows of DP table...
2022-01-04 21:08:19,941 - root - DEBUG - Processing 1520-th line out of 2500 rows of DP table...
2022-01-04 21:08:20,281 - root - DEBUG - Processing 1530-th line out of 2500 rows of DP table...
2022-01-04 21:08:20,617 - root - DEBUG - Processing 1540-th line out of 2500 rows of DP table...
2022-01-04 21:08:20,953 - root - DEBUG - Processing 1550-th line out of 2500 rows of DP table...
2022-01-04 21:08:21,282 - root - DEBUG - Processing 1560-th line out of 2500 rows of DP table...
2022-01-04 21:08:21,607 - root - DEBUG - Processing 1570-th line out of 2500 rows of DP table...
2022-01-04 21:08:21,929 - root - DEBUG - Processing 1580-th line out of 2500 rows of DP table...
2022-01-04 21:08:22,253 - root - DEBUG - Processing 1590-th line out of 2500 rows of DP table...
2022-01-04 21:08:22,570 - root - DEBUG - Processing 1600-th line out of 2500 rows of DP table...
2022-01-04 21:08:22,882 - root - DEBUG - Processing 1610-th line out of 2500 rows of DP table...
2022-01-04 21:08:23,190 - root - DEBUG - Processing 1620-th line out of 2500 rows of DP table...
2022-01-04 21:08:23,499 - root - DEBUG - Processing 1630-th line out of 2500 rows of DP table...
2022-01-04 21:08:23,799 - root - DEBUG - Processing 1640-th line out of 2500 rows of DP table...
2022-01-04 21:08:24,097 - root - DEBUG - Processing 1650-th line out of 2500 rows of DP table...
2022-01-04 21:08:24,397 - root - DEBUG - Processing 1660-th line out of 2500 rows of DP table...
2022-01-04 21:08:24,687 - root - DEBUG - Processing 1670-th line out of 2500 rows of DP table...
2022-01-04 21:08:24,975 - root - DEBUG - Processing 1680-th line out of 2500 rows of DP table...
2022-01-04 21:08:25,259 - root - DEBUG - Processing 1690-th line out of 2500 rows of DP table...
2022-01-04 21:08:25,545 - root - DEBUG - Processing 1700-th line out of 2500 rows of DP table...
2022-01-04 21:08:25,850 - root - DEBUG - Processing 1710-th line out of 2500 rows of DP table...
2022-01-04 21:08:26,126 - root - DEBUG - Processing 1720-th line out of 2500 rows of DP table...
2022-01-04 21:08:26,398 - root - DEBUG - Processing 1730-th line out of 2500 rows of DP table...
2022-01-04 21:08:26,674 - root - DEBUG - Processing 1740-th line out of 2500 rows of DP table...
2022-01-04 21:08:26,952 - root - DEBUG - Processing 1750-th line out of 2500 rows of DP table...
2022-01-04 21:08:27,347 - root - DEBUG - Processing 1760-th line out of 2500 rows of DP table...
2022-01-04 21:08:27,755 - root - DEBUG - Processing 1770-th line out of 2500 rows of DP table...
2022-01-04 21:08:28,014 - root - DEBUG - Processing 1780-th line out of 2500 rows of DP table...
2022-01-04 21:08:28,269 - root - DEBUG - Processing 1790-th line out of 2500 rows of DP table...
2022-01-04 21:08:28,519 - root - DEBUG - Processing 1800-th line out of 2500 rows of DP table...
2022-01-04 21:08:28,763 - root - DEBUG - Processing 1810-th line out of 2500 rows of DP table...
2022-01-04 21:08:29,008 - root - DEBUG - Processing 1820-th line out of 2500 rows of DP table...
2022-01-04 21:08:29,247 - root - DEBUG - Processing 1830-th line out of 2500 rows of DP table...
2022-01-04 21:08:29,483 - root - DEBUG - Processing 1840-th line out of 2500 rows of DP table...
2022-01-04 21:08:29,747 - root - DEBUG - Processing 1850-th line out of 2500 rows of DP table...
2022-01-04 21:08:29,976 - root - DEBUG - Processing 1860-th line out of 2500 rows of DP table...
2022-01-04 21:08:30,243 - root - DEBUG - Processing 1870-th line out of 2500 rows of DP table...
2022-01-04 21:08:30,465 - root - DEBUG - Processing 1880-th line out of 2500 rows of DP table...
2022-01-04 21:08:30,684 - root - DEBUG - Processing 1890-th line out of 2500 rows of DP table...
2022-01-04 21:08:30,901 - root - DEBUG - Processing 1900-th line out of 2500 rows of DP table...
2022-01-04 21:08:31,113 - root - DEBUG - Processing 1910-th line out of 2500 rows of DP table...
2022-01-04 21:08:31,328 - root - DEBUG - Processing 1920-th line out of 2500 rows of DP table...
2022-01-04 21:08:31,534 - root - DEBUG - Processing 1930-th line out of 2500 rows of DP table...
2022-01-04 21:08:31,736 - root - DEBUG - Processing 1940-th line out of 2500 rows of DP table...
2022-01-04 21:08:31,934 - root - DEBUG - Processing 1950-th line out of 2500 rows of DP table...
2022-01-04 21:08:32,131 - root - DEBUG - Processing 1960-th line out of 2500 rows of DP table...
2022-01-04 21:08:32,323 - root - DEBUG - Processing 1970-th line out of 2500 rows of DP table...
2022-01-04 21:08:32,517 - root - DEBUG - Processing 1980-th line out of 2500 rows of DP table...
2022-01-04 21:08:32,703 - root - DEBUG - Processing 1990-th line out of 2500 rows of DP table...
2022-01-04 21:08:32,883 - root - DEBUG - Processing 2000-th line out of 2500 rows of DP table...
2022-01-04 21:08:33,062 - root - DEBUG - Processing 2010-th line out of 2500 rows of DP table...
2022-01-04 21:08:33,238 - root - DEBUG - Processing 2020-th line out of 2500 rows of DP table...
2022-01-04 21:08:33,411 - root - DEBUG - Processing 2030-th line out of 2500 rows of DP table...
2022-01-04 21:08:33,584 - root - DEBUG - Processing 2040-th line out of 2500 rows of DP table...
2022-01-04 21:08:33,750 - root - DEBUG - Processing 2050-th line out of 2500 rows of DP table...
2022-01-04 21:08:33,912 - root - DEBUG - Processing 2060-th line out of 2500 rows of DP table...
2022-01-04 21:08:34,071 - root - DEBUG - Processing 2070-th line out of 2500 rows of DP table...
2022-01-04 21:08:34,226 - root - DEBUG - Processing 2080-th line out of 2500 rows of DP table...
2022-01-04 21:08:34,377 - root - DEBUG - Processing 2090-th line out of 2500 rows of DP table...
2022-01-04 21:08:34,525 - root - DEBUG - Processing 2100-th line out of 2500 rows of DP table...
2022-01-04 21:08:34,674 - root - DEBUG - Processing 2110-th line out of 2500 rows of DP table...
2022-01-04 21:08:34,815 - root - DEBUG - Processing 2120-th line out of 2500 rows of DP table...
2022-01-04 21:08:34,952 - root - DEBUG - Processing 2130-th line out of 2500 rows of DP table...
2022-01-04 21:08:35,087 - root - DEBUG - Processing 2140-th line out of 2500 rows of DP table...
2022-01-04 21:08:35,220 - root - DEBUG - Processing 2150-th line out of 2500 rows of DP table...
2022-01-04 21:08:35,347 - root - DEBUG - Processing 2160-th line out of 2500 rows of DP table...
2022-01-04 21:08:35,471 - root - DEBUG - Processing 2170-th line out of 2500 rows of DP table...
2022-01-04 21:08:35,593 - root - DEBUG - Processing 2180-th line out of 2500 rows of DP table...
2022-01-04 21:08:35,710 - root - DEBUG - Processing 2190-th line out of 2500 rows of DP table...
2022-01-04 21:08:35,830 - root - DEBUG - Processing 2200-th line out of 2500 rows of DP table...
2022-01-04 21:08:35,941 - root - DEBUG - Processing 2210-th line out of 2500 rows of DP table...
2022-01-04 21:08:36,049 - root - DEBUG - Processing 2220-th line out of 2500 rows of DP table...
2022-01-04 21:08:36,154 - root - DEBUG - Processing 2230-th line out of 2500 rows of DP table...
2022-01-04 21:08:36,256 - root - DEBUG - Processing 2240-th line out of 2500 rows of DP table...
2022-01-04 21:08:36,354 - root - DEBUG - Processing 2250-th line out of 2500 rows of DP table...
2022-01-04 21:08:36,449 - root - DEBUG - Processing 2260-th line out of 2500 rows of DP table...
2022-01-04 21:08:36,540 - root - DEBUG - Processing 2270-th line out of 2500 rows of DP table...
2022-01-04 21:08:36,628 - root - DEBUG - Processing 2280-th line out of 2500 rows of DP table...
2022-01-04 21:08:36,712 - root - DEBUG - Processing 2290-th line out of 2500 rows of DP table...
2022-01-04 21:08:36,793 - root - DEBUG - Processing 2300-th line out of 2500 rows of DP table...
2022-01-04 21:08:36,872 - root - DEBUG - Processing 2310-th line out of 2500 rows of DP table...
2022-01-04 21:08:36,951 - root - DEBUG - Processing 2320-th line out of 2500 rows of DP table...
2022-01-04 21:08:37,023 - root - DEBUG - Processing 2330-th line out of 2500 rows of DP table...
2022-01-04 21:08:37,091 - root - DEBUG - Processing 2340-th line out of 2500 rows of DP table...
2022-01-04 21:08:37,155 - root - DEBUG - Processing 2350-th line out of 2500 rows of DP table...
2022-01-04 21:08:37,216 - root - DEBUG - Processing 2360-th line out of 2500 rows of DP table...
2022-01-04 21:08:37,274 - root - DEBUG - Processing 2370-th line out of 2500 rows of DP table...
2022-01-04 21:08:37,328 - root - DEBUG - Processing 2380-th line out of 2500 rows of DP table...
2022-01-04 21:08:37,379 - root - DEBUG - Processing 2390-th line out of 2500 rows of DP table...
2022-01-04 21:08:37,427 - root - DEBUG - Processing 2400-th line out of 2500 rows of DP table...
2022-01-04 21:08:37,471 - root - DEBUG - Processing 2410-th line out of 2500 rows of DP table...
2022-01-04 21:08:37,512 - root - DEBUG - Processing 2420-th line out of 2500 rows of DP table...
2022-01-04 21:08:37,549 - root - DEBUG - Processing 2430-th line out of 2500 rows of DP table...
2022-01-04 21:08:37,583 - root - DEBUG - Processing 2440-th line out of 2500 rows of DP table...
2022-01-04 21:08:37,614 - root - DEBUG - Processing 2450-th line out of 2500 rows of DP table...
2022-01-04 21:08:37,642 - root - DEBUG - Processing 2460-th line out of 2500 rows of DP table...
2022-01-04 21:08:37,666 - root - DEBUG - Processing 2470-th line out of 2500 rows of DP table...
2022-01-04 21:08:37,686 - root - DEBUG - Processing 2480-th line out of 2500 rows of DP table...
2022-01-04 21:08:37,705 - root - DEBUG - Processing 2490-th line out of 2500 rows of DP table...
2022-01-04 21:08:37,719 - root - DEBUG - Processing 2500-th line out of 2500 rows of DP table...
2022-01-04 21:08:37,733 - root - DEBUG - Started computing joint logprobs...
