2022-01-04 20:49:52,362 - root - INFO - Loading reference interval set from '211227-2-sim/g20_6.ref.tsv'...
2022-01-04 20:49:52,365 - root - INFO - Loading query interval set from '211227-2-sim/g20_6.query.tsv'...
2022-01-04 20:49:52,373 - root - INFO - Loading chromosome sizes from '211227-2-sim/g20_sizes.tsv'...
2022-01-04 20:49:52,379 - root - INFO - Number of reference intervals: 2500 (2500 before merging)
2022-01-04 20:49:52,380 - root - INFO - Number of query intervals: 5000 (5000 before merging)
2022-01-04 20:49:52,382 - root - INFO - Number of chromosomes: 1
2022-01-04 20:49:52,392 - root - INFO - Overlap count: 1082
2022-01-04 20:49:52,393 - root - DEBUG - Started computing sf for chromosome 'chr1'...
2022-01-04 20:49:52,395 - root - DEBUG - m=2500, n=5000
2022-01-04 20:49:53,233 - root - DEBUG - Processing 10-th line out of 2500 rows of DP table...
2022-01-04 20:49:54,262 - root - DEBUG - Processing 20-th line out of 2500 rows of DP table...
2022-01-04 20:49:55,225 - root - DEBUG - Processing 30-th line out of 2500 rows of DP table...
2022-01-04 20:49:56,074 - root - DEBUG - Processing 40-th line out of 2500 rows of DP table...
2022-01-04 20:49:56,947 - root - DEBUG - Processing 50-th line out of 2500 rows of DP table...
2022-01-04 20:49:57,806 - root - DEBUG - Processing 60-th line out of 2500 rows of DP table...
2022-01-04 20:49:58,687 - root - DEBUG - Processing 70-th line out of 2500 rows of DP table...
2022-01-04 20:49:59,678 - root - DEBUG - Processing 80-th line out of 2500 rows of DP table...
2022-01-04 20:50:00,637 - root - DEBUG - Processing 90-th line out of 2500 rows of DP table...
2022-01-04 20:50:01,523 - root - DEBUG - Processing 100-th line out of 2500 rows of DP table...
2022-01-04 20:50:02,384 - root - DEBUG - Processing 110-th line out of 2500 rows of DP table...
2022-01-04 20:50:03,272 - root - DEBUG - Processing 120-th line out of 2500 rows of DP table...
2022-01-04 20:50:04,132 - root - DEBUG - Processing 130-th line out of 2500 rows of DP table...
2022-01-04 20:50:04,990 - root - DEBUG - Processing 140-th line out of 2500 rows of DP table...
2022-01-04 20:50:05,847 - root - DEBUG - Processing 150-th line out of 2500 rows of DP table...
2022-01-04 20:50:06,752 - root - DEBUG - Processing 160-th line out of 2500 rows of DP table...
2022-01-04 20:50:07,622 - root - DEBUG - Processing 170-th line out of 2500 rows of DP table...
2022-01-04 20:50:08,465 - root - DEBUG - Processing 180-th line out of 2500 rows of DP table...
2022-01-04 20:50:09,307 - root - DEBUG - Processing 190-th line out of 2500 rows of DP table...
2022-01-04 20:50:10,147 - root - DEBUG - Processing 200-th line out of 2500 rows of DP table...
2022-01-04 20:50:10,982 - root - DEBUG - Processing 210-th line out of 2500 rows of DP table...
2022-01-04 20:50:11,810 - root - DEBUG - Processing 220-th line out of 2500 rows of DP table...
2022-01-04 20:50:12,618 - root - DEBUG - Processing 230-th line out of 2500 rows of DP table...
2022-01-04 20:50:13,424 - root - DEBUG - Processing 240-th line out of 2500 rows of DP table...
2022-01-04 20:50:14,219 - root - DEBUG - Processing 250-th line out of 2500 rows of DP table...
2022-01-04 20:50:15,020 - root - DEBUG - Processing 260-th line out of 2500 rows of DP table...
2022-01-04 20:50:15,816 - root - DEBUG - Processing 270-th line out of 2500 rows of DP table...
2022-01-04 20:50:16,608 - root - DEBUG - Processing 280-th line out of 2500 rows of DP table...
2022-01-04 20:50:17,392 - root - DEBUG - Processing 290-th line out of 2500 rows of DP table...
2022-01-04 20:50:18,179 - root - DEBUG - Processing 300-th line out of 2500 rows of DP table...
2022-01-04 20:50:18,953 - root - DEBUG - Processing 310-th line out of 2500 rows of DP table...
2022-01-04 20:50:19,718 - root - DEBUG - Processing 320-th line out of 2500 rows of DP table...
2022-01-04 20:50:20,491 - root - DEBUG - Processing 330-th line out of 2500 rows of DP table...
2022-01-04 20:50:21,255 - root - DEBUG - Processing 340-th line out of 2500 rows of DP table...
2022-01-04 20:50:22,006 - root - DEBUG - Processing 350-th line out of 2500 rows of DP table...
2022-01-04 20:50:22,763 - root - DEBUG - Processing 360-th line out of 2500 rows of DP table...
2022-01-04 20:50:23,521 - root - DEBUG - Processing 370-th line out of 2500 rows of DP table...
2022-01-04 20:50:24,386 - root - DEBUG - Processing 380-th line out of 2500 rows of DP table...
2022-01-04 20:50:25,141 - root - DEBUG - Processing 390-th line out of 2500 rows of DP table...
2022-01-04 20:50:25,876 - root - DEBUG - Processing 400-th line out of 2500 rows of DP table...
2022-01-04 20:50:26,609 - root - DEBUG - Processing 410-th line out of 2500 rows of DP table...
2022-01-04 20:50:27,346 - root - DEBUG - Processing 420-th line out of 2500 rows of DP table...
2022-01-04 20:50:28,068 - root - DEBUG - Processing 430-th line out of 2500 rows of DP table...
2022-01-04 20:50:28,788 - root - DEBUG - Processing 440-th line out of 2500 rows of DP table...
2022-01-04 20:50:29,506 - root - DEBUG - Processing 450-th line out of 2500 rows of DP table...
2022-01-04 20:50:30,220 - root - DEBUG - Processing 460-th line out of 2500 rows of DP table...
2022-01-04 20:50:30,937 - root - DEBUG - Processing 470-th line out of 2500 rows of DP table...
2022-01-04 20:50:31,640 - root - DEBUG - Processing 480-th line out of 2500 rows of DP table...
2022-01-04 20:50:32,344 - root - DEBUG - Processing 490-th line out of 2500 rows of DP table...
2022-01-04 20:50:33,043 - root - DEBUG - Processing 500-th line out of 2500 rows of DP table...
2022-01-04 20:50:33,740 - root - DEBUG - Processing 510-th line out of 2500 rows of DP table...
2022-01-04 20:50:34,431 - root - DEBUG - Processing 520-th line out of 2500 rows of DP table...
2022-01-04 20:50:35,124 - root - DEBUG - Processing 530-th line out of 2500 rows of DP table...
2022-01-04 20:50:35,808 - root - DEBUG - Processing 540-th line out of 2500 rows of DP table...
2022-01-04 20:50:36,488 - root - DEBUG - Processing 550-th line out of 2500 rows of DP table...
2022-01-04 20:50:37,166 - root - DEBUG - Processing 560-th line out of 2500 rows of DP table...
2022-01-04 20:50:37,841 - root - DEBUG - Processing 570-th line out of 2500 rows of DP table...
2022-01-04 20:50:38,509 - root - DEBUG - Processing 580-th line out of 2500 rows of DP table...
2022-01-04 20:50:39,180 - root - DEBUG - Processing 590-th line out of 2500 rows of DP table...
2022-01-04 20:50:39,847 - root - DEBUG - Processing 600-th line out of 2500 rows of DP table...
2022-01-04 20:50:40,506 - root - DEBUG - Processing 610-th line out of 2500 rows of DP table...
2022-01-04 20:50:41,164 - root - DEBUG - Processing 620-th line out of 2500 rows of DP table...
2022-01-04 20:50:41,821 - root - DEBUG - Processing 630-th line out of 2500 rows of DP table...
2022-01-04 20:50:42,473 - root - DEBUG - Processing 640-th line out of 2500 rows of DP table...
2022-01-04 20:50:43,120 - root - DEBUG - Processing 650-th line out of 2500 rows of DP table...
2022-01-04 20:50:43,763 - root - DEBUG - Processing 660-th line out of 2500 rows of DP table...
2022-01-04 20:50:44,404 - root - DEBUG - Processing 670-th line out of 2500 rows of DP table...
2022-01-04 20:50:45,039 - root - DEBUG - Processing 680-th line out of 2500 rows of DP table...
2022-01-04 20:50:45,674 - root - DEBUG - Processing 690-th line out of 2500 rows of DP table...
2022-01-04 20:50:46,302 - root - DEBUG - Processing 700-th line out of 2500 rows of DP table...
2022-01-04 20:50:46,929 - root - DEBUG - Processing 710-th line out of 2500 rows of DP table...
2022-01-04 20:50:47,550 - root - DEBUG - Processing 720-th line out of 2500 rows of DP table...
2022-01-04 20:50:48,171 - root - DEBUG - Processing 730-th line out of 2500 rows of DP table...
2022-01-04 20:50:48,787 - root - DEBUG - Processing 740-th line out of 2500 rows of DP table...
2022-01-04 20:50:49,400 - root - DEBUG - Processing 750-th line out of 2500 rows of DP table...
2022-01-04 20:50:50,005 - root - DEBUG - Processing 760-th line out of 2500 rows of DP table...
2022-01-04 20:50:50,610 - root - DEBUG - Processing 770-th line out of 2500 rows of DP table...
2022-01-04 20:50:51,223 - root - DEBUG - Processing 780-th line out of 2500 rows of DP table...
2022-01-04 20:50:51,822 - root - DEBUG - Processing 790-th line out of 2500 rows of DP table...
2022-01-04 20:50:52,415 - root - DEBUG - Processing 800-th line out of 2500 rows of DP table...
2022-01-04 20:50:53,005 - root - DEBUG - Processing 810-th line out of 2500 rows of DP table...
2022-01-04 20:50:53,596 - root - DEBUG - Processing 820-th line out of 2500 rows of DP table...
2022-01-04 20:50:54,180 - root - DEBUG - Processing 830-th line out of 2500 rows of DP table...
2022-01-04 20:50:54,760 - root - DEBUG - Processing 840-th line out of 2500 rows of DP table...
2022-01-04 20:50:55,335 - root - DEBUG - Processing 850-th line out of 2500 rows of DP table...
2022-01-04 20:50:55,911 - root - DEBUG - Processing 860-th line out of 2500 rows of DP table...
2022-01-04 20:50:56,483 - root - DEBUG - Processing 870-th line out of 2500 rows of DP table...
2022-01-04 20:50:57,055 - root - DEBUG - Processing 880-th line out of 2500 rows of DP table...
2022-01-04 20:50:57,620 - root - DEBUG - Processing 890-th line out of 2500 rows of DP table...
2022-01-04 20:50:58,185 - root - DEBUG - Processing 900-th line out of 2500 rows of DP table...
2022-01-04 20:50:58,744 - root - DEBUG - Processing 910-th line out of 2500 rows of DP table...
2022-01-04 20:50:59,297 - root - DEBUG - Processing 920-th line out of 2500 rows of DP table...
2022-01-04 20:50:59,850 - root - DEBUG - Processing 930-th line out of 2500 rows of DP table...
2022-01-04 20:51:00,397 - root - DEBUG - Processing 940-th line out of 2500 rows of DP table...
2022-01-04 20:51:00,942 - root - DEBUG - Processing 950-th line out of 2500 rows of DP table...
2022-01-04 20:51:01,481 - root - DEBUG - Processing 960-th line out of 2500 rows of DP table...
2022-01-04 20:51:02,023 - root - DEBUG - Processing 970-th line out of 2500 rows of DP table...
2022-01-04 20:51:02,559 - root - DEBUG - Processing 980-th line out of 2500 rows of DP table...
2022-01-04 20:51:03,089 - root - DEBUG - Processing 990-th line out of 2500 rows of DP table...
2022-01-04 20:51:03,619 - root - DEBUG - Processing 1000-th line out of 2500 rows of DP table...
2022-01-04 20:51:04,146 - root - DEBUG - Processing 1010-th line out of 2500 rows of DP table...
2022-01-04 20:51:04,665 - root - DEBUG - Processing 1020-th line out of 2500 rows of DP table...
2022-01-04 20:51:05,179 - root - DEBUG - Processing 1030-th line out of 2500 rows of DP table...
2022-01-04 20:51:05,696 - root - DEBUG - Processing 1040-th line out of 2500 rows of DP table...
2022-01-04 20:51:06,205 - root - DEBUG - Processing 1050-th line out of 2500 rows of DP table...
2022-01-04 20:51:06,711 - root - DEBUG - Processing 1060-th line out of 2500 rows of DP table...
2022-01-04 20:51:07,215 - root - DEBUG - Processing 1070-th line out of 2500 rows of DP table...
2022-01-04 20:51:07,714 - root - DEBUG - Processing 1080-th line out of 2500 rows of DP table...
2022-01-04 20:51:08,211 - root - DEBUG - Processing 1090-th line out of 2500 rows of DP table...
2022-01-04 20:51:08,706 - root - DEBUG - Processing 1100-th line out of 2500 rows of DP table...
2022-01-04 20:51:09,196 - root - DEBUG - Processing 1110-th line out of 2500 rows of DP table...
2022-01-04 20:51:09,683 - root - DEBUG - Processing 1120-th line out of 2500 rows of DP table...
2022-01-04 20:51:10,167 - root - DEBUG - Processing 1130-th line out of 2500 rows of DP table...
2022-01-04 20:51:10,647 - root - DEBUG - Processing 1140-th line out of 2500 rows of DP table...
2022-01-04 20:51:11,125 - root - DEBUG - Processing 1150-th line out of 2500 rows of DP table...
2022-01-04 20:51:11,599 - root - DEBUG - Processing 1160-th line out of 2500 rows of DP table...
2022-01-04 20:51:12,068 - root - DEBUG - Processing 1170-th line out of 2500 rows of DP table...
2022-01-04 20:51:12,533 - root - DEBUG - Processing 1180-th line out of 2500 rows of DP table...
2022-01-04 20:51:12,995 - root - DEBUG - Processing 1190-th line out of 2500 rows of DP table...
2022-01-04 20:51:13,455 - root - DEBUG - Processing 1200-th line out of 2500 rows of DP table...
2022-01-04 20:51:13,910 - root - DEBUG - Processing 1210-th line out of 2500 rows of DP table...
2022-01-04 20:51:14,364 - root - DEBUG - Processing 1220-th line out of 2500 rows of DP table...
2022-01-04 20:51:14,812 - root - DEBUG - Processing 1230-th line out of 2500 rows of DP table...
2022-01-04 20:51:15,256 - root - DEBUG - Processing 1240-th line out of 2500 rows of DP table...
2022-01-04 20:51:15,699 - root - DEBUG - Processing 1250-th line out of 2500 rows of DP table...
2022-01-04 20:51:16,139 - root - DEBUG - Processing 1260-th line out of 2500 rows of DP table...
2022-01-04 20:51:16,575 - root - DEBUG - Processing 1270-th line out of 2500 rows of DP table...
2022-01-04 20:51:17,008 - root - DEBUG - Processing 1280-th line out of 2500 rows of DP table...
2022-01-04 20:51:17,438 - root - DEBUG - Processing 1290-th line out of 2500 rows of DP table...
2022-01-04 20:51:17,864 - root - DEBUG - Processing 1300-th line out of 2500 rows of DP table...
2022-01-04 20:51:18,287 - root - DEBUG - Processing 1310-th line out of 2500 rows of DP table...
2022-01-04 20:51:18,706 - root - DEBUG - Processing 1320-th line out of 2500 rows of DP table...
2022-01-04 20:51:19,122 - root - DEBUG - Processing 1330-th line out of 2500 rows of DP table...
2022-01-04 20:51:19,533 - root - DEBUG - Processing 1340-th line out of 2500 rows of DP table...
2022-01-04 20:51:19,940 - root - DEBUG - Processing 1350-th line out of 2500 rows of DP table...
2022-01-04 20:51:20,343 - root - DEBUG - Processing 1360-th line out of 2500 rows of DP table...
2022-01-04 20:51:20,744 - root - DEBUG - Processing 1370-th line out of 2500 rows of DP table...
2022-01-04 20:51:21,142 - root - DEBUG - Processing 1380-th line out of 2500 rows of DP table...
2022-01-04 20:51:21,536 - root - DEBUG - Processing 1390-th line out of 2500 rows of DP table...
2022-01-04 20:51:21,927 - root - DEBUG - Processing 1400-th line out of 2500 rows of DP table...
2022-01-04 20:51:22,315 - root - DEBUG - Processing 1410-th line out of 2500 rows of DP table...
2022-01-04 20:51:22,699 - root - DEBUG - Processing 1420-th line out of 2500 rows of DP table...
2022-01-04 20:51:23,082 - root - DEBUG - Processing 1430-th line out of 2500 rows of DP table...
2022-01-04 20:51:23,467 - root - DEBUG - Processing 1440-th line out of 2500 rows of DP table...
2022-01-04 20:51:23,841 - root - DEBUG - Processing 1450-th line out of 2500 rows of DP table...
2022-01-04 20:51:24,212 - root - DEBUG - Processing 1460-th line out of 2500 rows of DP table...
2022-01-04 20:51:24,578 - root - DEBUG - Processing 1470-th line out of 2500 rows of DP table...
2022-01-04 20:51:24,943 - root - DEBUG - Processing 1480-th line out of 2500 rows of DP table...
2022-01-04 20:51:25,304 - root - DEBUG - Processing 1490-th line out of 2500 rows of DP table...
2022-01-04 20:51:25,661 - root - DEBUG - Processing 1500-th line out of 2500 rows of DP table...
2022-01-04 20:51:26,013 - root - DEBUG - Processing 1510-th line out of 2500 rows of DP table...
2022-01-04 20:51:26,362 - root - DEBUG - Processing 1520-th line out of 2500 rows of DP table...
2022-01-04 20:51:26,707 - root - DEBUG - Processing 1530-th line out of 2500 rows of DP table...
2022-01-04 20:51:27,051 - root - DEBUG - Processing 1540-th line out of 2500 rows of DP table...
2022-01-04 20:51:27,390 - root - DEBUG - Processing 1550-th line out of 2500 rows of DP table...
2022-01-04 20:51:27,726 - root - DEBUG - Processing 1560-th line out of 2500 rows of DP table...
2022-01-04 20:51:28,057 - root - DEBUG - Processing 1570-th line out of 2500 rows of DP table...
2022-01-04 20:51:28,384 - root - DEBUG - Processing 1580-th line out of 2500 rows of DP table...
2022-01-04 20:51:28,719 - root - DEBUG - Processing 1590-th line out of 2500 rows of DP table...
2022-01-04 20:51:29,042 - root - DEBUG - Processing 1600-th line out of 2500 rows of DP table...
2022-01-04 20:51:29,360 - root - DEBUG - Processing 1610-th line out of 2500 rows of DP table...
2022-01-04 20:51:29,675 - root - DEBUG - Processing 1620-th line out of 2500 rows of DP table...
2022-01-04 20:51:29,987 - root - DEBUG - Processing 1630-th line out of 2500 rows of DP table...
2022-01-04 20:51:30,300 - root - DEBUG - Processing 1640-th line out of 2500 rows of DP table...
2022-01-04 20:51:30,608 - root - DEBUG - Processing 1650-th line out of 2500 rows of DP table...
2022-01-04 20:51:30,914 - root - DEBUG - Processing 1660-th line out of 2500 rows of DP table...
2022-01-04 20:51:31,217 - root - DEBUG - Processing 1670-th line out of 2500 rows of DP table...
2022-01-04 20:51:31,515 - root - DEBUG - Processing 1680-th line out of 2500 rows of DP table...
2022-01-04 20:51:31,812 - root - DEBUG - Processing 1690-th line out of 2500 rows of DP table...
2022-01-04 20:51:32,104 - root - DEBUG - Processing 1700-th line out of 2500 rows of DP table...
2022-01-04 20:51:32,392 - root - DEBUG - Processing 1710-th line out of 2500 rows of DP table...
2022-01-04 20:51:32,677 - root - DEBUG - Processing 1720-th line out of 2500 rows of DP table...
2022-01-04 20:51:32,958 - root - DEBUG - Processing 1730-th line out of 2500 rows of DP table...
2022-01-04 20:51:33,238 - root - DEBUG - Processing 1740-th line out of 2500 rows of DP table...
2022-01-04 20:51:33,512 - root - DEBUG - Processing 1750-th line out of 2500 rows of DP table...
2022-01-04 20:51:33,782 - root - DEBUG - Processing 1760-th line out of 2500 rows of DP table...
2022-01-04 20:51:34,050 - root - DEBUG - Processing 1770-th line out of 2500 rows of DP table...
2022-01-04 20:51:34,314 - root - DEBUG - Processing 1780-th line out of 2500 rows of DP table...
2022-01-04 20:51:34,574 - root - DEBUG - Processing 1790-th line out of 2500 rows of DP table...
2022-01-04 20:51:34,831 - root - DEBUG - Processing 1800-th line out of 2500 rows of DP table...
2022-01-04 20:51:35,085 - root - DEBUG - Processing 1810-th line out of 2500 rows of DP table...
2022-01-04 20:51:35,335 - root - DEBUG - Processing 1820-th line out of 2500 rows of DP table...
2022-01-04 20:51:35,579 - root - DEBUG - Processing 1830-th line out of 2500 rows of DP table...
2022-01-04 20:51:35,820 - root - DEBUG - Processing 1840-th line out of 2500 rows of DP table...
2022-01-04 20:51:36,058 - root - DEBUG - Processing 1850-th line out of 2500 rows of DP table...
2022-01-04 20:51:36,292 - root - DEBUG - Processing 1860-th line out of 2500 rows of DP table...
2022-01-04 20:51:36,523 - root - DEBUG - Processing 1870-th line out of 2500 rows of DP table...
2022-01-04 20:51:36,750 - root - DEBUG - Processing 1880-th line out of 2500 rows of DP table...
2022-01-04 20:51:36,974 - root - DEBUG - Processing 1890-th line out of 2500 rows of DP table...
2022-01-04 20:51:37,194 - root - DEBUG - Processing 1900-th line out of 2500 rows of DP table...
2022-01-04 20:51:37,410 - root - DEBUG - Processing 1910-th line out of 2500 rows of DP table...
2022-01-04 20:51:37,623 - root - DEBUG - Processing 1920-th line out of 2500 rows of DP table...
2022-01-04 20:51:37,832 - root - DEBUG - Processing 1930-th line out of 2500 rows of DP table...
2022-01-04 20:51:38,038 - root - DEBUG - Processing 1940-th line out of 2500 rows of DP table...
2022-01-04 20:51:38,240 - root - DEBUG - Processing 1950-th line out of 2500 rows of DP table...
2022-01-04 20:51:38,440 - root - DEBUG - Processing 1960-th line out of 2500 rows of DP table...
2022-01-04 20:51:38,647 - root - DEBUG - Processing 1970-th line out of 2500 rows of DP table...
2022-01-04 20:51:38,840 - root - DEBUG - Processing 1980-th line out of 2500 rows of DP table...
2022-01-04 20:51:39,029 - root - DEBUG - Processing 1990-th line out of 2500 rows of DP table...
2022-01-04 20:51:39,216 - root - DEBUG - Processing 2000-th line out of 2500 rows of DP table...
2022-01-04 20:51:39,398 - root - DEBUG - Processing 2010-th line out of 2500 rows of DP table...
2022-01-04 20:51:39,578 - root - DEBUG - Processing 2020-th line out of 2500 rows of DP table...
2022-01-04 20:51:39,756 - root - DEBUG - Processing 2030-th line out of 2500 rows of DP table...
2022-01-04 20:51:39,929 - root - DEBUG - Processing 2040-th line out of 2500 rows of DP table...
2022-01-04 20:51:40,098 - root - DEBUG - Processing 2050-th line out of 2500 rows of DP table...
2022-01-04 20:51:40,265 - root - DEBUG - Processing 2060-th line out of 2500 rows of DP table...
2022-01-04 20:51:40,428 - root - DEBUG - Processing 2070-th line out of 2500 rows of DP table...
2022-01-04 20:51:40,586 - root - DEBUG - Processing 2080-th line out of 2500 rows of DP table...
2022-01-04 20:51:40,741 - root - DEBUG - Processing 2090-th line out of 2500 rows of DP table...
2022-01-04 20:51:40,893 - root - DEBUG - Processing 2100-th line out of 2500 rows of DP table...
2022-01-04 20:51:41,043 - root - DEBUG - Processing 2110-th line out of 2500 rows of DP table...
2022-01-04 20:51:41,189 - root - DEBUG - Processing 2120-th line out of 2500 rows of DP table...
2022-01-04 20:51:41,332 - root - DEBUG - Processing 2130-th line out of 2500 rows of DP table...
2022-01-04 20:51:41,471 - root - DEBUG - Processing 2140-th line out of 2500 rows of DP table...
2022-01-04 20:51:41,607 - root - DEBUG - Processing 2150-th line out of 2500 rows of DP table...
2022-01-04 20:51:41,740 - root - DEBUG - Processing 2160-th line out of 2500 rows of DP table...
2022-01-04 20:51:41,869 - root - DEBUG - Processing 2170-th line out of 2500 rows of DP table...
2022-01-04 20:51:41,995 - root - DEBUG - Processing 2180-th line out of 2500 rows of DP table...
2022-01-04 20:51:42,117 - root - DEBUG - Processing 2190-th line out of 2500 rows of DP table...
2022-01-04 20:51:42,235 - root - DEBUG - Processing 2200-th line out of 2500 rows of DP table...
2022-01-04 20:51:42,356 - root - DEBUG - Processing 2210-th line out of 2500 rows of DP table...
2022-01-04 20:51:42,468 - root - DEBUG - Processing 2220-th line out of 2500 rows of DP table...
2022-01-04 20:51:42,576 - root - DEBUG - Processing 2230-th line out of 2500 rows of DP table...
2022-01-04 20:51:42,682 - root - DEBUG - Processing 2240-th line out of 2500 rows of DP table...
2022-01-04 20:51:42,784 - root - DEBUG - Processing 2250-th line out of 2500 rows of DP table...
2022-01-04 20:51:42,882 - root - DEBUG - Processing 2260-th line out of 2500 rows of DP table...
2022-01-04 20:51:42,977 - root - DEBUG - Processing 2270-th line out of 2500 rows of DP table...
2022-01-04 20:51:43,068 - root - DEBUG - Processing 2280-th line out of 2500 rows of DP table...
2022-01-04 20:51:43,156 - root - DEBUG - Processing 2290-th line out of 2500 rows of DP table...
2022-01-04 20:51:43,241 - root - DEBUG - Processing 2300-th line out of 2500 rows of DP table...
2022-01-04 20:51:43,322 - root - DEBUG - Processing 2310-th line out of 2500 rows of DP table...
2022-01-04 20:51:43,400 - root - DEBUG - Processing 2320-th line out of 2500 rows of DP table...
2022-01-04 20:51:43,474 - root - DEBUG - Processing 2330-th line out of 2500 rows of DP table...
2022-01-04 20:51:43,545 - root - DEBUG - Processing 2340-th line out of 2500 rows of DP table...
2022-01-04 20:51:43,613 - root - DEBUG - Processing 2350-th line out of 2500 rows of DP table...
2022-01-04 20:51:43,677 - root - DEBUG - Processing 2360-th line out of 2500 rows of DP table...
2022-01-04 20:51:43,738 - root - DEBUG - Processing 2370-th line out of 2500 rows of DP table...
2022-01-04 20:51:43,795 - root - DEBUG - Processing 2380-th line out of 2500 rows of DP table...
2022-01-04 20:51:43,849 - root - DEBUG - Processing 2390-th line out of 2500 rows of DP table...
2022-01-04 20:51:43,899 - root - DEBUG - Processing 2400-th line out of 2500 rows of DP table...
2022-01-04 20:51:43,946 - root - DEBUG - Processing 2410-th line out of 2500 rows of DP table...
2022-01-04 20:51:43,990 - root - DEBUG - Processing 2420-th line out of 2500 rows of DP table...
2022-01-04 20:51:44,030 - root - DEBUG - Processing 2430-th line out of 2500 rows of DP table...
2022-01-04 20:51:44,066 - root - DEBUG - Processing 2440-th line out of 2500 rows of DP table...
2022-01-04 20:51:44,099 - root - DEBUG - Processing 2450-th line out of 2500 rows of DP table...
2022-01-04 20:51:44,129 - root - DEBUG - Processing 2460-th line out of 2500 rows of DP table...
2022-01-04 20:51:44,155 - root - DEBUG - Processing 2470-th line out of 2500 rows of DP table...
2022-01-04 20:51:44,177 - root - DEBUG - Processing 2480-th line out of 2500 rows of DP table...
2022-01-04 20:51:44,196 - root - DEBUG - Processing 2490-th line out of 2500 rows of DP table...
2022-01-04 20:51:44,211 - root - DEBUG - Processing 2500-th line out of 2500 rows of DP table...
2022-01-04 20:51:44,227 - root - DEBUG - Started computing joint logprobs...
