2022-01-04 20:47:34,811 - root - INFO - Loading reference interval set from '211227-2-sim/g20_9.ref.tsv'...
2022-01-04 20:47:34,845 - root - INFO - Loading query interval set from '211227-2-sim/g20_9.query.tsv'...
2022-01-04 20:47:34,872 - root - INFO - Loading chromosome sizes from '211227-2-sim/g20_sizes.tsv'...
2022-01-04 20:47:34,886 - root - INFO - Number of reference intervals: 2500 (2500 before merging)
2022-01-04 20:47:34,888 - root - INFO - Number of query intervals: 5000 (5000 before merging)
2022-01-04 20:47:34,889 - root - INFO - Number of chromosomes: 1
2022-01-04 20:47:34,911 - root - INFO - Overlap count: 1073
2022-01-04 20:47:34,913 - root - DEBUG - Started computing sf for chromosome 'chr1'...
2022-01-04 20:47:34,916 - root - DEBUG - m=2500, n=5000
2022-01-04 20:47:35,870 - root - DEBUG - Processing 10-th line out of 2500 rows of DP table...
2022-01-04 20:47:36,795 - root - DEBUG - Processing 20-th line out of 2500 rows of DP table...
2022-01-04 20:47:37,667 - root - DEBUG - Processing 30-th line out of 2500 rows of DP table...
2022-01-04 20:47:38,555 - root - DEBUG - Processing 40-th line out of 2500 rows of DP table...
2022-01-04 20:47:39,487 - root - DEBUG - Processing 50-th line out of 2500 rows of DP table...
2022-01-04 20:47:40,296 - root - DEBUG - Processing 60-th line out of 2500 rows of DP table...
2022-01-04 20:47:41,152 - root - DEBUG - Processing 70-th line out of 2500 rows of DP table...
2022-01-04 20:47:41,971 - root - DEBUG - Processing 80-th line out of 2500 rows of DP table...
2022-01-04 20:47:42,806 - root - DEBUG - Processing 90-th line out of 2500 rows of DP table...
2022-01-04 20:47:43,621 - root - DEBUG - Processing 100-th line out of 2500 rows of DP table...
2022-01-04 20:47:44,427 - root - DEBUG - Processing 110-th line out of 2500 rows of DP table...
2022-01-04 20:47:45,241 - root - DEBUG - Processing 120-th line out of 2500 rows of DP table...
2022-01-04 20:47:46,063 - root - DEBUG - Processing 130-th line out of 2500 rows of DP table...
2022-01-04 20:47:46,857 - root - DEBUG - Processing 140-th line out of 2500 rows of DP table...
2022-01-04 20:47:47,669 - root - DEBUG - Processing 150-th line out of 2500 rows of DP table...
2022-01-04 20:47:48,484 - root - DEBUG - Processing 160-th line out of 2500 rows of DP table...
2022-01-04 20:47:49,343 - root - DEBUG - Processing 170-th line out of 2500 rows of DP table...
2022-01-04 20:47:50,138 - root - DEBUG - Processing 180-th line out of 2500 rows of DP table...
2022-01-04 20:47:50,914 - root - DEBUG - Processing 190-th line out of 2500 rows of DP table...
2022-01-04 20:47:51,688 - root - DEBUG - Processing 200-th line out of 2500 rows of DP table...
2022-01-04 20:47:52,469 - root - DEBUG - Processing 210-th line out of 2500 rows of DP table...
2022-01-04 20:47:53,238 - root - DEBUG - Processing 220-th line out of 2500 rows of DP table...
2022-01-04 20:47:54,007 - root - DEBUG - Processing 230-th line out of 2500 rows of DP table...
2022-01-04 20:47:54,773 - root - DEBUG - Processing 240-th line out of 2500 rows of DP table...
2022-01-04 20:47:55,530 - root - DEBUG - Processing 250-th line out of 2500 rows of DP table...
2022-01-04 20:47:56,282 - root - DEBUG - Processing 260-th line out of 2500 rows of DP table...
2022-01-04 20:47:57,048 - root - DEBUG - Processing 270-th line out of 2500 rows of DP table...
2022-01-04 20:47:57,796 - root - DEBUG - Processing 280-th line out of 2500 rows of DP table...
2022-01-04 20:47:58,543 - root - DEBUG - Processing 290-th line out of 2500 rows of DP table...
2022-01-04 20:47:59,610 - root - DEBUG - Processing 300-th line out of 2500 rows of DP table...
2022-01-04 20:48:00,359 - root - DEBUG - Processing 310-th line out of 2500 rows of DP table...
2022-01-04 20:48:01,096 - root - DEBUG - Processing 320-th line out of 2500 rows of DP table...
2022-01-04 20:48:01,828 - root - DEBUG - Processing 330-th line out of 2500 rows of DP table...
2022-01-04 20:48:02,563 - root - DEBUG - Processing 340-th line out of 2500 rows of DP table...
2022-01-04 20:48:03,287 - root - DEBUG - Processing 350-th line out of 2500 rows of DP table...
2022-01-04 20:48:04,011 - root - DEBUG - Processing 360-th line out of 2500 rows of DP table...
2022-01-04 20:48:04,732 - root - DEBUG - Processing 370-th line out of 2500 rows of DP table...
2022-01-04 20:48:05,447 - root - DEBUG - Processing 380-th line out of 2500 rows of DP table...
2022-01-04 20:48:06,155 - root - DEBUG - Processing 390-th line out of 2500 rows of DP table...
2022-01-04 20:48:06,864 - root - DEBUG - Processing 400-th line out of 2500 rows of DP table...
2022-01-04 20:48:07,569 - root - DEBUG - Processing 410-th line out of 2500 rows of DP table...
2022-01-04 20:48:08,272 - root - DEBUG - Processing 420-th line out of 2500 rows of DP table...
2022-01-04 20:48:08,972 - root - DEBUG - Processing 430-th line out of 2500 rows of DP table...
2022-01-04 20:48:09,665 - root - DEBUG - Processing 440-th line out of 2500 rows of DP table...
2022-01-04 20:48:10,354 - root - DEBUG - Processing 450-th line out of 2500 rows of DP table...
2022-01-04 20:48:11,042 - root - DEBUG - Processing 460-th line out of 2500 rows of DP table...
2022-01-04 20:48:11,724 - root - DEBUG - Processing 470-th line out of 2500 rows of DP table...
2022-01-04 20:48:12,406 - root - DEBUG - Processing 480-th line out of 2500 rows of DP table...
2022-01-04 20:48:13,083 - root - DEBUG - Processing 490-th line out of 2500 rows of DP table...
2022-01-04 20:48:13,760 - root - DEBUG - Processing 500-th line out of 2500 rows of DP table...
2022-01-04 20:48:14,439 - root - DEBUG - Processing 510-th line out of 2500 rows of DP table...
2022-01-04 20:48:15,110 - root - DEBUG - Processing 520-th line out of 2500 rows of DP table...
2022-01-04 20:48:15,776 - root - DEBUG - Processing 530-th line out of 2500 rows of DP table...
2022-01-04 20:48:16,439 - root - DEBUG - Processing 540-th line out of 2500 rows of DP table...
2022-01-04 20:48:17,101 - root - DEBUG - Processing 550-th line out of 2500 rows of DP table...
2022-01-04 20:48:17,756 - root - DEBUG - Processing 560-th line out of 2500 rows of DP table...
2022-01-04 20:48:18,408 - root - DEBUG - Processing 570-th line out of 2500 rows of DP table...
2022-01-04 20:48:19,057 - root - DEBUG - Processing 580-th line out of 2500 rows of DP table...
2022-01-04 20:48:19,703 - root - DEBUG - Processing 590-th line out of 2500 rows of DP table...
2022-01-04 20:48:20,344 - root - DEBUG - Processing 600-th line out of 2500 rows of DP table...
2022-01-04 20:48:20,990 - root - DEBUG - Processing 610-th line out of 2500 rows of DP table...
2022-01-04 20:48:21,627 - root - DEBUG - Processing 620-th line out of 2500 rows of DP table...
2022-01-04 20:48:22,260 - root - DEBUG - Processing 630-th line out of 2500 rows of DP table...
2022-01-04 20:48:22,888 - root - DEBUG - Processing 640-th line out of 2500 rows of DP table...
2022-01-04 20:48:23,523 - root - DEBUG - Processing 650-th line out of 2500 rows of DP table...
2022-01-04 20:48:24,154 - root - DEBUG - Processing 660-th line out of 2500 rows of DP table...
2022-01-04 20:48:24,772 - root - DEBUG - Processing 670-th line out of 2500 rows of DP table...
2022-01-04 20:48:25,387 - root - DEBUG - Processing 680-th line out of 2500 rows of DP table...
2022-01-04 20:48:25,998 - root - DEBUG - Processing 690-th line out of 2500 rows of DP table...
2022-01-04 20:48:26,605 - root - DEBUG - Processing 700-th line out of 2500 rows of DP table...
2022-01-04 20:48:27,214 - root - DEBUG - Processing 710-th line out of 2500 rows of DP table...
2022-01-04 20:48:27,818 - root - DEBUG - Processing 720-th line out of 2500 rows of DP table...
2022-01-04 20:48:28,422 - root - DEBUG - Processing 730-th line out of 2500 rows of DP table...
2022-01-04 20:48:29,019 - root - DEBUG - Processing 740-th line out of 2500 rows of DP table...
2022-01-04 20:48:29,613 - root - DEBUG - Processing 750-th line out of 2500 rows of DP table...
2022-01-04 20:48:30,203 - root - DEBUG - Processing 760-th line out of 2500 rows of DP table...
2022-01-04 20:48:30,785 - root - DEBUG - Processing 770-th line out of 2500 rows of DP table...
2022-01-04 20:48:31,373 - root - DEBUG - Processing 780-th line out of 2500 rows of DP table...
2022-01-04 20:48:31,951 - root - DEBUG - Processing 790-th line out of 2500 rows of DP table...
2022-01-04 20:48:32,534 - root - DEBUG - Processing 800-th line out of 2500 rows of DP table...
2022-01-04 20:48:33,107 - root - DEBUG - Processing 810-th line out of 2500 rows of DP table...
2022-01-04 20:48:33,677 - root - DEBUG - Processing 820-th line out of 2500 rows of DP table...
2022-01-04 20:48:34,244 - root - DEBUG - Processing 830-th line out of 2500 rows of DP table...
2022-01-04 20:48:34,810 - root - DEBUG - Processing 840-th line out of 2500 rows of DP table...
2022-01-04 20:48:35,370 - root - DEBUG - Processing 850-th line out of 2500 rows of DP table...
2022-01-04 20:48:35,932 - root - DEBUG - Processing 860-th line out of 2500 rows of DP table...
2022-01-04 20:48:36,487 - root - DEBUG - Processing 870-th line out of 2500 rows of DP table...
2022-01-04 20:48:37,042 - root - DEBUG - Processing 880-th line out of 2500 rows of DP table...
2022-01-04 20:48:37,594 - root - DEBUG - Processing 890-th line out of 2500 rows of DP table...
2022-01-04 20:48:38,134 - root - DEBUG - Processing 900-th line out of 2500 rows of DP table...
2022-01-04 20:48:38,674 - root - DEBUG - Processing 910-th line out of 2500 rows of DP table...
2022-01-04 20:48:39,210 - root - DEBUG - Processing 920-th line out of 2500 rows of DP table...
2022-01-04 20:48:39,745 - root - DEBUG - Processing 930-th line out of 2500 rows of DP table...
2022-01-04 20:48:40,275 - root - DEBUG - Processing 940-th line out of 2500 rows of DP table...
2022-01-04 20:48:40,802 - root - DEBUG - Processing 950-th line out of 2500 rows of DP table...
2022-01-04 20:48:41,326 - root - DEBUG - Processing 960-th line out of 2500 rows of DP table...
2022-01-04 20:48:41,846 - root - DEBUG - Processing 970-th line out of 2500 rows of DP table...
2022-01-04 20:48:42,364 - root - DEBUG - Processing 980-th line out of 2500 rows of DP table...
2022-01-04 20:48:42,878 - root - DEBUG - Processing 990-th line out of 2500 rows of DP table...
2022-01-04 20:48:43,388 - root - DEBUG - Processing 1000-th line out of 2500 rows of DP table...
2022-01-04 20:48:43,894 - root - DEBUG - Processing 1010-th line out of 2500 rows of DP table...
2022-01-04 20:48:44,397 - root - DEBUG - Processing 1020-th line out of 2500 rows of DP table...
2022-01-04 20:48:44,897 - root - DEBUG - Processing 1030-th line out of 2500 rows of DP table...
2022-01-04 20:48:45,393 - root - DEBUG - Processing 1040-th line out of 2500 rows of DP table...
2022-01-04 20:48:45,887 - root - DEBUG - Processing 1050-th line out of 2500 rows of DP table...
2022-01-04 20:48:46,377 - root - DEBUG - Processing 1060-th line out of 2500 rows of DP table...
2022-01-04 20:48:46,863 - root - DEBUG - Processing 1070-th line out of 2500 rows of DP table...
2022-01-04 20:48:47,347 - root - DEBUG - Processing 1080-th line out of 2500 rows of DP table...
2022-01-04 20:48:47,829 - root - DEBUG - Processing 1090-th line out of 2500 rows of DP table...
2022-01-04 20:48:48,307 - root - DEBUG - Processing 1100-th line out of 2500 rows of DP table...
2022-01-04 20:48:48,779 - root - DEBUG - Processing 1110-th line out of 2500 rows of DP table...
2022-01-04 20:48:49,249 - root - DEBUG - Processing 1120-th line out of 2500 rows of DP table...
2022-01-04 20:48:49,716 - root - DEBUG - Processing 1130-th line out of 2500 rows of DP table...
2022-01-04 20:48:50,178 - root - DEBUG - Processing 1140-th line out of 2500 rows of DP table...
2022-01-04 20:48:50,638 - root - DEBUG - Processing 1150-th line out of 2500 rows of DP table...
2022-01-04 20:48:51,094 - root - DEBUG - Processing 1160-th line out of 2500 rows of DP table...
2022-01-04 20:48:51,548 - root - DEBUG - Processing 1170-th line out of 2500 rows of DP table...
2022-01-04 20:48:51,997 - root - DEBUG - Processing 1180-th line out of 2500 rows of DP table...
2022-01-04 20:48:52,445 - root - DEBUG - Processing 1190-th line out of 2500 rows of DP table...
2022-01-04 20:48:52,889 - root - DEBUG - Processing 1200-th line out of 2500 rows of DP table...
2022-01-04 20:48:53,330 - root - DEBUG - Processing 1210-th line out of 2500 rows of DP table...
2022-01-04 20:48:53,771 - root - DEBUG - Processing 1220-th line out of 2500 rows of DP table...
2022-01-04 20:48:54,207 - root - DEBUG - Processing 1230-th line out of 2500 rows of DP table...
2022-01-04 20:48:54,639 - root - DEBUG - Processing 1240-th line out of 2500 rows of DP table...
2022-01-04 20:48:55,067 - root - DEBUG - Processing 1250-th line out of 2500 rows of DP table...
2022-01-04 20:48:55,494 - root - DEBUG - Processing 1260-th line out of 2500 rows of DP table...
2022-01-04 20:48:55,917 - root - DEBUG - Processing 1270-th line out of 2500 rows of DP table...
2022-01-04 20:48:56,339 - root - DEBUG - Processing 1280-th line out of 2500 rows of DP table...
2022-01-04 20:48:56,777 - root - DEBUG - Processing 1290-th line out of 2500 rows of DP table...
2022-01-04 20:48:57,189 - root - DEBUG - Processing 1300-th line out of 2500 rows of DP table...
2022-01-04 20:48:57,604 - root - DEBUG - Processing 1310-th line out of 2500 rows of DP table...
2022-01-04 20:48:58,009 - root - DEBUG - Processing 1320-th line out of 2500 rows of DP table...
2022-01-04 20:48:58,421 - root - DEBUG - Processing 1330-th line out of 2500 rows of DP table...
2022-01-04 20:48:58,819 - root - DEBUG - Processing 1340-th line out of 2500 rows of DP table...
2022-01-04 20:48:59,214 - root - DEBUG - Processing 1350-th line out of 2500 rows of DP table...
2022-01-04 20:48:59,607 - root - DEBUG - Processing 1360-th line out of 2500 rows of DP table...
2022-01-04 20:48:59,995 - root - DEBUG - Processing 1370-th line out of 2500 rows of DP table...
2022-01-04 20:49:00,380 - root - DEBUG - Processing 1380-th line out of 2500 rows of DP table...
2022-01-04 20:49:00,766 - root - DEBUG - Processing 1390-th line out of 2500 rows of DP table...
2022-01-04 20:49:01,166 - root - DEBUG - Processing 1400-th line out of 2500 rows of DP table...
2022-01-04 20:49:01,544 - root - DEBUG - Processing 1410-th line out of 2500 rows of DP table...
2022-01-04 20:49:01,916 - root - DEBUG - Processing 1420-th line out of 2500 rows of DP table...
2022-01-04 20:49:02,283 - root - DEBUG - Processing 1430-th line out of 2500 rows of DP table...
2022-01-04 20:49:02,647 - root - DEBUG - Processing 1440-th line out of 2500 rows of DP table...
2022-01-04 20:49:03,014 - root - DEBUG - Processing 1450-th line out of 2500 rows of DP table...
2022-01-04 20:49:03,373 - root - DEBUG - Processing 1460-th line out of 2500 rows of DP table...
2022-01-04 20:49:03,729 - root - DEBUG - Processing 1470-th line out of 2500 rows of DP table...
2022-01-04 20:49:04,081 - root - DEBUG - Processing 1480-th line out of 2500 rows of DP table...
2022-01-04 20:49:04,429 - root - DEBUG - Processing 1490-th line out of 2500 rows of DP table...
2022-01-04 20:49:04,790 - root - DEBUG - Processing 1500-th line out of 2500 rows of DP table...
2022-01-04 20:49:05,156 - root - DEBUG - Processing 1510-th line out of 2500 rows of DP table...
2022-01-04 20:49:05,494 - root - DEBUG - Processing 1520-th line out of 2500 rows of DP table...
2022-01-04 20:49:05,828 - root - DEBUG - Processing 1530-th line out of 2500 rows of DP table...
2022-01-04 20:49:06,159 - root - DEBUG - Processing 1540-th line out of 2500 rows of DP table...
2022-01-04 20:49:06,584 - root - DEBUG - Processing 1550-th line out of 2500 rows of DP table...
2022-01-04 20:49:06,912 - root - DEBUG - Processing 1560-th line out of 2500 rows of DP table...
2022-01-04 20:49:07,234 - root - DEBUG - Processing 1570-th line out of 2500 rows of DP table...
2022-01-04 20:49:07,560 - root - DEBUG - Processing 1580-th line out of 2500 rows of DP table...
2022-01-04 20:49:07,884 - root - DEBUG - Processing 1590-th line out of 2500 rows of DP table...
2022-01-04 20:49:08,196 - root - DEBUG - Processing 1600-th line out of 2500 rows of DP table...
2022-01-04 20:49:08,504 - root - DEBUG - Processing 1610-th line out of 2500 rows of DP table...
2022-01-04 20:49:08,810 - root - DEBUG - Processing 1620-th line out of 2500 rows of DP table...
2022-01-04 20:49:09,122 - root - DEBUG - Processing 1630-th line out of 2500 rows of DP table...
2022-01-04 20:49:09,430 - root - DEBUG - Processing 1640-th line out of 2500 rows of DP table...
2022-01-04 20:49:09,734 - root - DEBUG - Processing 1650-th line out of 2500 rows of DP table...
2022-01-04 20:49:10,043 - root - DEBUG - Processing 1660-th line out of 2500 rows of DP table...
2022-01-04 20:49:10,331 - root - DEBUG - Processing 1670-th line out of 2500 rows of DP table...
2022-01-04 20:49:10,616 - root - DEBUG - Processing 1680-th line out of 2500 rows of DP table...
2022-01-04 20:49:10,897 - root - DEBUG - Processing 1690-th line out of 2500 rows of DP table...
2022-01-04 20:49:11,191 - root - DEBUG - Processing 1700-th line out of 2500 rows of DP table...
2022-01-04 20:49:11,465 - root - DEBUG - Processing 1710-th line out of 2500 rows of DP table...
2022-01-04 20:49:11,737 - root - DEBUG - Processing 1720-th line out of 2500 rows of DP table...
2022-01-04 20:49:12,008 - root - DEBUG - Processing 1730-th line out of 2500 rows of DP table...
2022-01-04 20:49:12,275 - root - DEBUG - Processing 1740-th line out of 2500 rows of DP table...
2022-01-04 20:49:12,540 - root - DEBUG - Processing 1750-th line out of 2500 rows of DP table...
2022-01-04 20:49:12,800 - root - DEBUG - Processing 1760-th line out of 2500 rows of DP table...
2022-01-04 20:49:13,059 - root - DEBUG - Processing 1770-th line out of 2500 rows of DP table...
2022-01-04 20:49:13,312 - root - DEBUG - Processing 1780-th line out of 2500 rows of DP table...
2022-01-04 20:49:13,559 - root - DEBUG - Processing 1790-th line out of 2500 rows of DP table...
2022-01-04 20:49:13,808 - root - DEBUG - Processing 1800-th line out of 2500 rows of DP table...
2022-01-04 20:49:14,050 - root - DEBUG - Processing 1810-th line out of 2500 rows of DP table...
2022-01-04 20:49:14,291 - root - DEBUG - Processing 1820-th line out of 2500 rows of DP table...
2022-01-04 20:49:14,527 - root - DEBUG - Processing 1830-th line out of 2500 rows of DP table...
2022-01-04 20:49:14,758 - root - DEBUG - Processing 1840-th line out of 2500 rows of DP table...
2022-01-04 20:49:14,988 - root - DEBUG - Processing 1850-th line out of 2500 rows of DP table...
2022-01-04 20:49:15,213 - root - DEBUG - Processing 1860-th line out of 2500 rows of DP table...
2022-01-04 20:49:15,436 - root - DEBUG - Processing 1870-th line out of 2500 rows of DP table...
2022-01-04 20:49:15,655 - root - DEBUG - Processing 1880-th line out of 2500 rows of DP table...
2022-01-04 20:49:15,872 - root - DEBUG - Processing 1890-th line out of 2500 rows of DP table...
2022-01-04 20:49:16,085 - root - DEBUG - Processing 1900-th line out of 2500 rows of DP table...
2022-01-04 20:49:16,295 - root - DEBUG - Processing 1910-th line out of 2500 rows of DP table...
2022-01-04 20:49:16,530 - root - DEBUG - Processing 1920-th line out of 2500 rows of DP table...
2022-01-04 20:49:16,734 - root - DEBUG - Processing 1930-th line out of 2500 rows of DP table...
2022-01-04 20:49:16,935 - root - DEBUG - Processing 1940-th line out of 2500 rows of DP table...
2022-01-04 20:49:17,132 - root - DEBUG - Processing 1950-th line out of 2500 rows of DP table...
2022-01-04 20:49:17,326 - root - DEBUG - Processing 1960-th line out of 2500 rows of DP table...
2022-01-04 20:49:17,516 - root - DEBUG - Processing 1970-th line out of 2500 rows of DP table...
2022-01-04 20:49:17,702 - root - DEBUG - Processing 1980-th line out of 2500 rows of DP table...
2022-01-04 20:49:17,887 - root - DEBUG - Processing 1990-th line out of 2500 rows of DP table...
2022-01-04 20:49:18,069 - root - DEBUG - Processing 2000-th line out of 2500 rows of DP table...
2022-01-04 20:49:18,246 - root - DEBUG - Processing 2010-th line out of 2500 rows of DP table...
2022-01-04 20:49:18,422 - root - DEBUG - Processing 2020-th line out of 2500 rows of DP table...
2022-01-04 20:49:18,592 - root - DEBUG - Processing 2030-th line out of 2500 rows of DP table...
2022-01-04 20:49:18,759 - root - DEBUG - Processing 2040-th line out of 2500 rows of DP table...
2022-01-04 20:49:18,923 - root - DEBUG - Processing 2050-th line out of 2500 rows of DP table...
2022-01-04 20:49:19,095 - root - DEBUG - Processing 2060-th line out of 2500 rows of DP table...
2022-01-04 20:49:19,253 - root - DEBUG - Processing 2070-th line out of 2500 rows of DP table...
2022-01-04 20:49:19,407 - root - DEBUG - Processing 2080-th line out of 2500 rows of DP table...
2022-01-04 20:49:19,559 - root - DEBUG - Processing 2090-th line out of 2500 rows of DP table...
2022-01-04 20:49:19,707 - root - DEBUG - Processing 2100-th line out of 2500 rows of DP table...
2022-01-04 20:49:19,851 - root - DEBUG - Processing 2110-th line out of 2500 rows of DP table...
2022-01-04 20:49:19,991 - root - DEBUG - Processing 2120-th line out of 2500 rows of DP table...
2022-01-04 20:49:20,129 - root - DEBUG - Processing 2130-th line out of 2500 rows of DP table...
2022-01-04 20:49:20,262 - root - DEBUG - Processing 2140-th line out of 2500 rows of DP table...
2022-01-04 20:49:20,393 - root - DEBUG - Processing 2150-th line out of 2500 rows of DP table...
2022-01-04 20:49:20,520 - root - DEBUG - Processing 2160-th line out of 2500 rows of DP table...
2022-01-04 20:49:20,646 - root - DEBUG - Processing 2170-th line out of 2500 rows of DP table...
2022-01-04 20:49:20,767 - root - DEBUG - Processing 2180-th line out of 2500 rows of DP table...
2022-01-04 20:49:20,885 - root - DEBUG - Processing 2190-th line out of 2500 rows of DP table...
2022-01-04 20:49:21,002 - root - DEBUG - Processing 2200-th line out of 2500 rows of DP table...
2022-01-04 20:49:21,113 - root - DEBUG - Processing 2210-th line out of 2500 rows of DP table...
2022-01-04 20:49:21,221 - root - DEBUG - Processing 2220-th line out of 2500 rows of DP table...
2022-01-04 20:49:21,325 - root - DEBUG - Processing 2230-th line out of 2500 rows of DP table...
2022-01-04 20:49:21,426 - root - DEBUG - Processing 2240-th line out of 2500 rows of DP table...
2022-01-04 20:49:21,523 - root - DEBUG - Processing 2250-th line out of 2500 rows of DP table...
2022-01-04 20:49:21,617 - root - DEBUG - Processing 2260-th line out of 2500 rows of DP table...
2022-01-04 20:49:21,708 - root - DEBUG - Processing 2270-th line out of 2500 rows of DP table...
2022-01-04 20:49:21,795 - root - DEBUG - Processing 2280-th line out of 2500 rows of DP table...
2022-01-04 20:49:21,880 - root - DEBUG - Processing 2290-th line out of 2500 rows of DP table...
2022-01-04 20:49:21,960 - root - DEBUG - Processing 2300-th line out of 2500 rows of DP table...
2022-01-04 20:49:22,037 - root - DEBUG - Processing 2310-th line out of 2500 rows of DP table...
2022-01-04 20:49:22,111 - root - DEBUG - Processing 2320-th line out of 2500 rows of DP table...
2022-01-04 20:49:22,182 - root - DEBUG - Processing 2330-th line out of 2500 rows of DP table...
2022-01-04 20:49:22,250 - root - DEBUG - Processing 2340-th line out of 2500 rows of DP table...
2022-01-04 20:49:22,315 - root - DEBUG - Processing 2350-th line out of 2500 rows of DP table...
2022-01-04 20:49:22,386 - root - DEBUG - Processing 2360-th line out of 2500 rows of DP table...
2022-01-04 20:49:22,446 - root - DEBUG - Processing 2370-th line out of 2500 rows of DP table...
2022-01-04 20:49:22,502 - root - DEBUG - Processing 2380-th line out of 2500 rows of DP table...
2022-01-04 20:49:22,554 - root - DEBUG - Processing 2390-th line out of 2500 rows of DP table...
2022-01-04 20:49:22,603 - root - DEBUG - Processing 2400-th line out of 2500 rows of DP table...
2022-01-04 20:49:22,648 - root - DEBUG - Processing 2410-th line out of 2500 rows of DP table...
2022-01-04 20:49:22,690 - root - DEBUG - Processing 2420-th line out of 2500 rows of DP table...
2022-01-04 20:49:22,728 - root - DEBUG - Processing 2430-th line out of 2500 rows of DP table...
2022-01-04 20:49:22,764 - root - DEBUG - Processing 2440-th line out of 2500 rows of DP table...
2022-01-04 20:49:22,796 - root - DEBUG - Processing 2450-th line out of 2500 rows of DP table...
2022-01-04 20:49:22,825 - root - DEBUG - Processing 2460-th line out of 2500 rows of DP table...
2022-01-04 20:49:22,850 - root - DEBUG - Processing 2470-th line out of 2500 rows of DP table...
2022-01-04 20:49:22,872 - root - DEBUG - Processing 2480-th line out of 2500 rows of DP table...
2022-01-04 20:49:22,890 - root - DEBUG - Processing 2490-th line out of 2500 rows of DP table...
2022-01-04 20:49:22,905 - root - DEBUG - Processing 2500-th line out of 2500 rows of DP table...
2022-01-04 20:49:22,920 - root - DEBUG - Started computing joint logprobs...
