2022-01-04 21:18:29,449 - root - INFO - Loading reference interval set from '211227-2-sim/g20_3.ref.tsv'...
2022-01-04 21:18:29,452 - root - INFO - Loading query interval set from '211227-2-sim/g20_3.query.tsv'...
2022-01-04 21:18:29,460 - root - INFO - Loading chromosome sizes from '211227-2-sim/g20_sizes.tsv'...
2022-01-04 21:18:29,466 - root - INFO - Number of reference intervals: 2500 (2500 before merging)
2022-01-04 21:18:29,467 - root - INFO - Number of query intervals: 5000 (5000 before merging)
2022-01-04 21:18:29,468 - root - INFO - Number of chromosomes: 1
2022-01-04 21:18:29,477 - root - INFO - Overlap count: 1111
2022-01-04 21:18:29,478 - root - DEBUG - Started computing sf for chromosome 'chr1'...
2022-01-04 21:18:29,479 - root - DEBUG - m=2500, n=5000
2022-01-04 21:18:30,283 - root - DEBUG - Processing 10-th line out of 2500 rows of DP table...
2022-01-04 21:18:31,137 - root - DEBUG - Processing 20-th line out of 2500 rows of DP table...
2022-01-04 21:18:31,986 - root - DEBUG - Processing 30-th line out of 2500 rows of DP table...
2022-01-04 21:18:32,827 - root - DEBUG - Processing 40-th line out of 2500 rows of DP table...
2022-01-04 21:18:33,669 - root - DEBUG - Processing 50-th line out of 2500 rows of DP table...
2022-01-04 21:18:34,504 - root - DEBUG - Processing 60-th line out of 2500 rows of DP table...
2022-01-04 21:18:35,338 - root - DEBUG - Processing 70-th line out of 2500 rows of DP table...
2022-01-04 21:18:36,186 - root - DEBUG - Processing 80-th line out of 2500 rows of DP table...
2022-01-04 21:18:37,009 - root - DEBUG - Processing 90-th line out of 2500 rows of DP table...
2022-01-04 21:18:37,836 - root - DEBUG - Processing 100-th line out of 2500 rows of DP table...
2022-01-04 21:18:38,653 - root - DEBUG - Processing 110-th line out of 2500 rows of DP table...
2022-01-04 21:18:39,492 - root - DEBUG - Processing 120-th line out of 2500 rows of DP table...
2022-01-04 21:18:40,311 - root - DEBUG - Processing 130-th line out of 2500 rows of DP table...
2022-01-04 21:18:41,128 - root - DEBUG - Processing 140-th line out of 2500 rows of DP table...
2022-01-04 21:18:41,949 - root - DEBUG - Processing 150-th line out of 2500 rows of DP table...
2022-01-04 21:18:42,759 - root - DEBUG - Processing 160-th line out of 2500 rows of DP table...
2022-01-04 21:18:43,559 - root - DEBUG - Processing 170-th line out of 2500 rows of DP table...
2022-01-04 21:18:44,368 - root - DEBUG - Processing 180-th line out of 2500 rows of DP table...
2022-01-04 21:18:45,168 - root - DEBUG - Processing 190-th line out of 2500 rows of DP table...
2022-01-04 21:18:45,965 - root - DEBUG - Processing 200-th line out of 2500 rows of DP table...
2022-01-04 21:18:46,757 - root - DEBUG - Processing 210-th line out of 2500 rows of DP table...
2022-01-04 21:18:47,548 - root - DEBUG - Processing 220-th line out of 2500 rows of DP table...
2022-01-04 21:18:48,340 - root - DEBUG - Processing 230-th line out of 2500 rows of DP table...
2022-01-04 21:18:49,127 - root - DEBUG - Processing 240-th line out of 2500 rows of DP table...
2022-01-04 21:18:49,917 - root - DEBUG - Processing 250-th line out of 2500 rows of DP table...
2022-01-04 21:18:50,699 - root - DEBUG - Processing 260-th line out of 2500 rows of DP table...
2022-01-04 21:18:51,470 - root - DEBUG - Processing 270-th line out of 2500 rows of DP table...
2022-01-04 21:18:52,239 - root - DEBUG - Processing 280-th line out of 2500 rows of DP table...
2022-01-04 21:18:53,006 - root - DEBUG - Processing 290-th line out of 2500 rows of DP table...
2022-01-04 21:18:53,757 - root - DEBUG - Processing 300-th line out of 2500 rows of DP table...
2022-01-04 21:18:54,507 - root - DEBUG - Processing 310-th line out of 2500 rows of DP table...
2022-01-04 21:18:55,259 - root - DEBUG - Processing 320-th line out of 2500 rows of DP table...
2022-01-04 21:18:56,000 - root - DEBUG - Processing 330-th line out of 2500 rows of DP table...
2022-01-04 21:18:56,745 - root - DEBUG - Processing 340-th line out of 2500 rows of DP table...
2022-01-04 21:18:57,484 - root - DEBUG - Processing 350-th line out of 2500 rows of DP table...
2022-01-04 21:18:58,216 - root - DEBUG - Processing 360-th line out of 2500 rows of DP table...
2022-01-04 21:18:58,953 - root - DEBUG - Processing 370-th line out of 2500 rows of DP table...
2022-01-04 21:18:59,682 - root - DEBUG - Processing 380-th line out of 2500 rows of DP table...
2022-01-04 21:19:00,403 - root - DEBUG - Processing 390-th line out of 2500 rows of DP table...
2022-01-04 21:19:01,131 - root - DEBUG - Processing 400-th line out of 2500 rows of DP table...
2022-01-04 21:19:01,844 - root - DEBUG - Processing 410-th line out of 2500 rows of DP table...
2022-01-04 21:19:02,558 - root - DEBUG - Processing 420-th line out of 2500 rows of DP table...
2022-01-04 21:19:03,272 - root - DEBUG - Processing 430-th line out of 2500 rows of DP table...
2022-01-04 21:19:03,976 - root - DEBUG - Processing 440-th line out of 2500 rows of DP table...
2022-01-04 21:19:04,685 - root - DEBUG - Processing 450-th line out of 2500 rows of DP table...
2022-01-04 21:19:05,388 - root - DEBUG - Processing 460-th line out of 2500 rows of DP table...
2022-01-04 21:19:06,081 - root - DEBUG - Processing 470-th line out of 2500 rows of DP table...
2022-01-04 21:19:06,776 - root - DEBUG - Processing 480-th line out of 2500 rows of DP table...
2022-01-04 21:19:07,465 - root - DEBUG - Processing 490-th line out of 2500 rows of DP table...
2022-01-04 21:19:08,153 - root - DEBUG - Processing 500-th line out of 2500 rows of DP table...
2022-01-04 21:19:08,834 - root - DEBUG - Processing 510-th line out of 2500 rows of DP table...
2022-01-04 21:19:09,540 - root - DEBUG - Processing 520-th line out of 2500 rows of DP table...
2022-01-04 21:19:10,229 - root - DEBUG - Processing 530-th line out of 2500 rows of DP table...
2022-01-04 21:19:10,894 - root - DEBUG - Processing 540-th line out of 2500 rows of DP table...
2022-01-04 21:19:11,557 - root - DEBUG - Processing 550-th line out of 2500 rows of DP table...
2022-01-04 21:19:12,220 - root - DEBUG - Processing 560-th line out of 2500 rows of DP table...
2022-01-04 21:19:12,876 - root - DEBUG - Processing 570-th line out of 2500 rows of DP table...
2022-01-04 21:19:13,528 - root - DEBUG - Processing 580-th line out of 2500 rows of DP table...
2022-01-04 21:19:14,179 - root - DEBUG - Processing 590-th line out of 2500 rows of DP table...
2022-01-04 21:19:14,828 - root - DEBUG - Processing 600-th line out of 2500 rows of DP table...
2022-01-04 21:19:15,469 - root - DEBUG - Processing 610-th line out of 2500 rows of DP table...
2022-01-04 21:19:16,109 - root - DEBUG - Processing 620-th line out of 2500 rows of DP table...
2022-01-04 21:19:16,747 - root - DEBUG - Processing 630-th line out of 2500 rows of DP table...
2022-01-04 21:19:17,381 - root - DEBUG - Processing 640-th line out of 2500 rows of DP table...
2022-01-04 21:19:18,010 - root - DEBUG - Processing 650-th line out of 2500 rows of DP table...
2022-01-04 21:19:18,637 - root - DEBUG - Processing 660-th line out of 2500 rows of DP table...
2022-01-04 21:19:19,261 - root - DEBUG - Processing 670-th line out of 2500 rows of DP table...
2022-01-04 21:19:19,881 - root - DEBUG - Processing 680-th line out of 2500 rows of DP table...
2022-01-04 21:19:20,503 - root - DEBUG - Processing 690-th line out of 2500 rows of DP table...
2022-01-04 21:19:21,116 - root - DEBUG - Processing 700-th line out of 2500 rows of DP table...
2022-01-04 21:19:21,725 - root - DEBUG - Processing 710-th line out of 2500 rows of DP table...
2022-01-04 21:19:22,333 - root - DEBUG - Processing 720-th line out of 2500 rows of DP table...
2022-01-04 21:19:22,938 - root - DEBUG - Processing 730-th line out of 2500 rows of DP table...
2022-01-04 21:19:23,537 - root - DEBUG - Processing 740-th line out of 2500 rows of DP table...
2022-01-04 21:19:24,132 - root - DEBUG - Processing 750-th line out of 2500 rows of DP table...
2022-01-04 21:19:24,723 - root - DEBUG - Processing 760-th line out of 2500 rows of DP table...
2022-01-04 21:19:25,311 - root - DEBUG - Processing 770-th line out of 2500 rows of DP table...
2022-01-04 21:19:25,898 - root - DEBUG - Processing 780-th line out of 2500 rows of DP table...
2022-01-04 21:19:26,483 - root - DEBUG - Processing 790-th line out of 2500 rows of DP table...
2022-01-04 21:19:27,061 - root - DEBUG - Processing 800-th line out of 2500 rows of DP table...
2022-01-04 21:19:27,639 - root - DEBUG - Processing 810-th line out of 2500 rows of DP table...
2022-01-04 21:19:28,215 - root - DEBUG - Processing 820-th line out of 2500 rows of DP table...
2022-01-04 21:19:28,784 - root - DEBUG - Processing 830-th line out of 2500 rows of DP table...
2022-01-04 21:19:29,351 - root - DEBUG - Processing 840-th line out of 2500 rows of DP table...
2022-01-04 21:19:29,916 - root - DEBUG - Processing 850-th line out of 2500 rows of DP table...
2022-01-04 21:19:30,475 - root - DEBUG - Processing 860-th line out of 2500 rows of DP table...
2022-01-04 21:19:31,032 - root - DEBUG - Processing 870-th line out of 2500 rows of DP table...
2022-01-04 21:19:31,587 - root - DEBUG - Processing 880-th line out of 2500 rows of DP table...
2022-01-04 21:19:32,136 - root - DEBUG - Processing 890-th line out of 2500 rows of DP table...
2022-01-04 21:19:32,685 - root - DEBUG - Processing 900-th line out of 2500 rows of DP table...
2022-01-04 21:19:33,228 - root - DEBUG - Processing 910-th line out of 2500 rows of DP table...
2022-01-04 21:19:33,768 - root - DEBUG - Processing 920-th line out of 2500 rows of DP table...
2022-01-04 21:19:34,305 - root - DEBUG - Processing 930-th line out of 2500 rows of DP table...
2022-01-04 21:19:34,839 - root - DEBUG - Processing 940-th line out of 2500 rows of DP table...
2022-01-04 21:19:35,370 - root - DEBUG - Processing 950-th line out of 2500 rows of DP table...
2022-01-04 21:19:35,897 - root - DEBUG - Processing 960-th line out of 2500 rows of DP table...
2022-01-04 21:19:36,427 - root - DEBUG - Processing 970-th line out of 2500 rows of DP table...
2022-01-04 21:19:36,959 - root - DEBUG - Processing 980-th line out of 2500 rows of DP table...
2022-01-04 21:19:37,477 - root - DEBUG - Processing 990-th line out of 2500 rows of DP table...
2022-01-04 21:19:37,991 - root - DEBUG - Processing 1000-th line out of 2500 rows of DP table...
2022-01-04 21:19:38,500 - root - DEBUG - Processing 1010-th line out of 2500 rows of DP table...
2022-01-04 21:19:39,008 - root - DEBUG - Processing 1020-th line out of 2500 rows of DP table...
2022-01-04 21:19:39,512 - root - DEBUG - Processing 1030-th line out of 2500 rows of DP table...
2022-01-04 21:19:40,013 - root - DEBUG - Processing 1040-th line out of 2500 rows of DP table...
2022-01-04 21:19:40,509 - root - DEBUG - Processing 1050-th line out of 2500 rows of DP table...
2022-01-04 21:19:41,002 - root - DEBUG - Processing 1060-th line out of 2500 rows of DP table...
2022-01-04 21:19:41,495 - root - DEBUG - Processing 1070-th line out of 2500 rows of DP table...
2022-01-04 21:19:41,986 - root - DEBUG - Processing 1080-th line out of 2500 rows of DP table...
2022-01-04 21:19:42,470 - root - DEBUG - Processing 1090-th line out of 2500 rows of DP table...
2022-01-04 21:19:42,951 - root - DEBUG - Processing 1100-th line out of 2500 rows of DP table...
2022-01-04 21:19:43,429 - root - DEBUG - Processing 1110-th line out of 2500 rows of DP table...
2022-01-04 21:19:43,903 - root - DEBUG - Processing 1120-th line out of 2500 rows of DP table...
2022-01-04 21:19:44,372 - root - DEBUG - Processing 1130-th line out of 2500 rows of DP table...
2022-01-04 21:19:44,840 - root - DEBUG - Processing 1140-th line out of 2500 rows of DP table...
2022-01-04 21:19:45,305 - root - DEBUG - Processing 1150-th line out of 2500 rows of DP table...
2022-01-04 21:19:45,764 - root - DEBUG - Processing 1160-th line out of 2500 rows of DP table...
2022-01-04 21:19:46,221 - root - DEBUG - Processing 1170-th line out of 2500 rows of DP table...
2022-01-04 21:19:46,675 - root - DEBUG - Processing 1180-th line out of 2500 rows of DP table...
2022-01-04 21:19:47,125 - root - DEBUG - Processing 1190-th line out of 2500 rows of DP table...
2022-01-04 21:19:47,571 - root - DEBUG - Processing 1200-th line out of 2500 rows of DP table...
2022-01-04 21:19:48,015 - root - DEBUG - Processing 1210-th line out of 2500 rows of DP table...
2022-01-04 21:19:48,457 - root - DEBUG - Processing 1220-th line out of 2500 rows of DP table...
2022-01-04 21:19:48,895 - root - DEBUG - Processing 1230-th line out of 2500 rows of DP table...
2022-01-04 21:19:49,327 - root - DEBUG - Processing 1240-th line out of 2500 rows of DP table...
2022-01-04 21:19:49,759 - root - DEBUG - Processing 1250-th line out of 2500 rows of DP table...
2022-01-04 21:19:50,187 - root - DEBUG - Processing 1260-th line out of 2500 rows of DP table...
2022-01-04 21:19:50,612 - root - DEBUG - Processing 1270-th line out of 2500 rows of DP table...
2022-01-04 21:19:51,031 - root - DEBUG - Processing 1280-th line out of 2500 rows of DP table...
2022-01-04 21:19:51,449 - root - DEBUG - Processing 1290-th line out of 2500 rows of DP table...
2022-01-04 21:19:51,862 - root - DEBUG - Processing 1300-th line out of 2500 rows of DP table...
2022-01-04 21:19:52,274 - root - DEBUG - Processing 1310-th line out of 2500 rows of DP table...
2022-01-04 21:19:52,684 - root - DEBUG - Processing 1320-th line out of 2500 rows of DP table...
2022-01-04 21:19:53,089 - root - DEBUG - Processing 1330-th line out of 2500 rows of DP table...
2022-01-04 21:19:53,489 - root - DEBUG - Processing 1340-th line out of 2500 rows of DP table...
2022-01-04 21:19:53,890 - root - DEBUG - Processing 1350-th line out of 2500 rows of DP table...
2022-01-04 21:19:54,282 - root - DEBUG - Processing 1360-th line out of 2500 rows of DP table...
2022-01-04 21:19:54,673 - root - DEBUG - Processing 1370-th line out of 2500 rows of DP table...
2022-01-04 21:19:55,061 - root - DEBUG - Processing 1380-th line out of 2500 rows of DP table...
2022-01-04 21:19:55,444 - root - DEBUG - Processing 1390-th line out of 2500 rows of DP table...
2022-01-04 21:19:55,838 - root - DEBUG - Processing 1400-th line out of 2500 rows of DP table...
2022-01-04 21:19:56,217 - root - DEBUG - Processing 1410-th line out of 2500 rows of DP table...
2022-01-04 21:19:56,593 - root - DEBUG - Processing 1420-th line out of 2500 rows of DP table...
2022-01-04 21:19:56,966 - root - DEBUG - Processing 1430-th line out of 2500 rows of DP table...
2022-01-04 21:19:57,334 - root - DEBUG - Processing 1440-th line out of 2500 rows of DP table...
2022-01-04 21:19:57,700 - root - DEBUG - Processing 1450-th line out of 2500 rows of DP table...
2022-01-04 21:19:58,061 - root - DEBUG - Processing 1460-th line out of 2500 rows of DP table...
2022-01-04 21:19:58,419 - root - DEBUG - Processing 1470-th line out of 2500 rows of DP table...
2022-01-04 21:19:58,772 - root - DEBUG - Processing 1480-th line out of 2500 rows of DP table...
2022-01-04 21:19:59,123 - root - DEBUG - Processing 1490-th line out of 2500 rows of DP table...
2022-01-04 21:19:59,470 - root - DEBUG - Processing 1500-th line out of 2500 rows of DP table...
2022-01-04 21:19:59,813 - root - DEBUG - Processing 1510-th line out of 2500 rows of DP table...
2022-01-04 21:20:00,156 - root - DEBUG - Processing 1520-th line out of 2500 rows of DP table...
2022-01-04 21:20:00,492 - root - DEBUG - Processing 1530-th line out of 2500 rows of DP table...
2022-01-04 21:20:00,826 - root - DEBUG - Processing 1540-th line out of 2500 rows of DP table...
2022-01-04 21:20:01,159 - root - DEBUG - Processing 1550-th line out of 2500 rows of DP table...
2022-01-04 21:20:01,487 - root - DEBUG - Processing 1560-th line out of 2500 rows of DP table...
2022-01-04 21:20:01,812 - root - DEBUG - Processing 1570-th line out of 2500 rows of DP table...
2022-01-04 21:20:02,133 - root - DEBUG - Processing 1580-th line out of 2500 rows of DP table...
2022-01-04 21:20:02,451 - root - DEBUG - Processing 1590-th line out of 2500 rows of DP table...
2022-01-04 21:20:02,768 - root - DEBUG - Processing 1600-th line out of 2500 rows of DP table...
2022-01-04 21:20:03,078 - root - DEBUG - Processing 1610-th line out of 2500 rows of DP table...
2022-01-04 21:20:03,386 - root - DEBUG - Processing 1620-th line out of 2500 rows of DP table...
2022-01-04 21:20:03,692 - root - DEBUG - Processing 1630-th line out of 2500 rows of DP table...
2022-01-04 21:20:03,994 - root - DEBUG - Processing 1640-th line out of 2500 rows of DP table...
2022-01-04 21:20:04,294 - root - DEBUG - Processing 1650-th line out of 2500 rows of DP table...
2022-01-04 21:20:04,586 - root - DEBUG - Processing 1660-th line out of 2500 rows of DP table...
2022-01-04 21:20:04,876 - root - DEBUG - Processing 1670-th line out of 2500 rows of DP table...
2022-01-04 21:20:05,163 - root - DEBUG - Processing 1680-th line out of 2500 rows of DP table...
2022-01-04 21:20:05,448 - root - DEBUG - Processing 1690-th line out of 2500 rows of DP table...
2022-01-04 21:20:05,729 - root - DEBUG - Processing 1700-th line out of 2500 rows of DP table...
2022-01-04 21:20:06,009 - root - DEBUG - Processing 1710-th line out of 2500 rows of DP table...
2022-01-04 21:20:06,284 - root - DEBUG - Processing 1720-th line out of 2500 rows of DP table...
2022-01-04 21:20:06,556 - root - DEBUG - Processing 1730-th line out of 2500 rows of DP table...
2022-01-04 21:20:06,824 - root - DEBUG - Processing 1740-th line out of 2500 rows of DP table...
2022-01-04 21:20:07,091 - root - DEBUG - Processing 1750-th line out of 2500 rows of DP table...
2022-01-04 21:20:07,353 - root - DEBUG - Processing 1760-th line out of 2500 rows of DP table...
2022-01-04 21:20:07,612 - root - DEBUG - Processing 1770-th line out of 2500 rows of DP table...
2022-01-04 21:20:07,866 - root - DEBUG - Processing 1780-th line out of 2500 rows of DP table...
2022-01-04 21:20:08,117 - root - DEBUG - Processing 1790-th line out of 2500 rows of DP table...
2022-01-04 21:20:08,366 - root - DEBUG - Processing 1800-th line out of 2500 rows of DP table...
2022-01-04 21:20:08,612 - root - DEBUG - Processing 1810-th line out of 2500 rows of DP table...
2022-01-04 21:20:08,860 - root - DEBUG - Processing 1820-th line out of 2500 rows of DP table...
2022-01-04 21:20:09,099 - root - DEBUG - Processing 1830-th line out of 2500 rows of DP table...
2022-01-04 21:20:09,335 - root - DEBUG - Processing 1840-th line out of 2500 rows of DP table...
2022-01-04 21:20:09,565 - root - DEBUG - Processing 1850-th line out of 2500 rows of DP table...
2022-01-04 21:20:09,794 - root - DEBUG - Processing 1860-th line out of 2500 rows of DP table...
2022-01-04 21:20:10,020 - root - DEBUG - Processing 1870-th line out of 2500 rows of DP table...
2022-01-04 21:20:10,244 - root - DEBUG - Processing 1880-th line out of 2500 rows of DP table...
2022-01-04 21:20:10,464 - root - DEBUG - Processing 1890-th line out of 2500 rows of DP table...
2022-01-04 21:20:10,680 - root - DEBUG - Processing 1900-th line out of 2500 rows of DP table...
2022-01-04 21:20:10,893 - root - DEBUG - Processing 1910-th line out of 2500 rows of DP table...
2022-01-04 21:20:11,103 - root - DEBUG - Processing 1920-th line out of 2500 rows of DP table...
2022-01-04 21:20:11,308 - root - DEBUG - Processing 1930-th line out of 2500 rows of DP table...
2022-01-04 21:20:11,512 - root - DEBUG - Processing 1940-th line out of 2500 rows of DP table...
2022-01-04 21:20:11,710 - root - DEBUG - Processing 1950-th line out of 2500 rows of DP table...
2022-01-04 21:20:11,904 - root - DEBUG - Processing 1960-th line out of 2500 rows of DP table...
2022-01-04 21:20:12,096 - root - DEBUG - Processing 1970-th line out of 2500 rows of DP table...
2022-01-04 21:20:12,286 - root - DEBUG - Processing 1980-th line out of 2500 rows of DP table...
2022-01-04 21:20:12,472 - root - DEBUG - Processing 1990-th line out of 2500 rows of DP table...
2022-01-04 21:20:12,653 - root - DEBUG - Processing 2000-th line out of 2500 rows of DP table...
2022-01-04 21:20:12,831 - root - DEBUG - Processing 2010-th line out of 2500 rows of DP table...
2022-01-04 21:20:13,008 - root - DEBUG - Processing 2020-th line out of 2500 rows of DP table...
2022-01-04 21:20:13,179 - root - DEBUG - Processing 2030-th line out of 2500 rows of DP table...
2022-01-04 21:20:13,351 - root - DEBUG - Processing 2040-th line out of 2500 rows of DP table...
2022-01-04 21:20:13,643 - root - DEBUG - Processing 2050-th line out of 2500 rows of DP table...
2022-01-04 21:20:13,813 - root - DEBUG - Processing 2060-th line out of 2500 rows of DP table...
2022-01-04 21:20:13,973 - root - DEBUG - Processing 2070-th line out of 2500 rows of DP table...
2022-01-04 21:20:14,130 - root - DEBUG - Processing 2080-th line out of 2500 rows of DP table...
2022-01-04 21:20:14,283 - root - DEBUG - Processing 2090-th line out of 2500 rows of DP table...
2022-01-04 21:20:14,430 - root - DEBUG - Processing 2100-th line out of 2500 rows of DP table...
2022-01-04 21:20:14,577 - root - DEBUG - Processing 2110-th line out of 2500 rows of DP table...
2022-01-04 21:20:14,720 - root - DEBUG - Processing 2120-th line out of 2500 rows of DP table...
2022-01-04 21:20:14,858 - root - DEBUG - Processing 2130-th line out of 2500 rows of DP table...
2022-01-04 21:20:14,995 - root - DEBUG - Processing 2140-th line out of 2500 rows of DP table...
2022-01-04 21:20:15,128 - root - DEBUG - Processing 2150-th line out of 2500 rows of DP table...
2022-01-04 21:20:15,258 - root - DEBUG - Processing 2160-th line out of 2500 rows of DP table...
2022-01-04 21:20:15,385 - root - DEBUG - Processing 2170-th line out of 2500 rows of DP table...
2022-01-04 21:20:15,509 - root - DEBUG - Processing 2180-th line out of 2500 rows of DP table...
2022-01-04 21:20:15,628 - root - DEBUG - Processing 2190-th line out of 2500 rows of DP table...
2022-01-04 21:20:15,744 - root - DEBUG - Processing 2200-th line out of 2500 rows of DP table...
2022-01-04 21:20:15,859 - root - DEBUG - Processing 2210-th line out of 2500 rows of DP table...
2022-01-04 21:20:15,968 - root - DEBUG - Processing 2220-th line out of 2500 rows of DP table...
2022-01-04 21:20:16,075 - root - DEBUG - Processing 2230-th line out of 2500 rows of DP table...
2022-01-04 21:20:16,178 - root - DEBUG - Processing 2240-th line out of 2500 rows of DP table...
2022-01-04 21:20:16,278 - root - DEBUG - Processing 2250-th line out of 2500 rows of DP table...
2022-01-04 21:20:16,375 - root - DEBUG - Processing 2260-th line out of 2500 rows of DP table...
2022-01-04 21:20:16,468 - root - DEBUG - Processing 2270-th line out of 2500 rows of DP table...
2022-01-04 21:20:16,558 - root - DEBUG - Processing 2280-th line out of 2500 rows of DP table...
2022-01-04 21:20:16,644 - root - DEBUG - Processing 2290-th line out of 2500 rows of DP table...
2022-01-04 21:20:16,726 - root - DEBUG - Processing 2300-th line out of 2500 rows of DP table...
2022-01-04 21:20:16,805 - root - DEBUG - Processing 2310-th line out of 2500 rows of DP table...
2022-01-04 21:20:16,880 - root - DEBUG - Processing 2320-th line out of 2500 rows of DP table...
2022-01-04 21:20:16,952 - root - DEBUG - Processing 2330-th line out of 2500 rows of DP table...
2022-01-04 21:20:17,021 - root - DEBUG - Processing 2340-th line out of 2500 rows of DP table...
2022-01-04 21:20:17,087 - root - DEBUG - Processing 2350-th line out of 2500 rows of DP table...
2022-01-04 21:20:17,149 - root - DEBUG - Processing 2360-th line out of 2500 rows of DP table...
2022-01-04 21:20:17,208 - root - DEBUG - Processing 2370-th line out of 2500 rows of DP table...
2022-01-04 21:20:17,263 - root - DEBUG - Processing 2380-th line out of 2500 rows of DP table...
2022-01-04 21:20:17,316 - root - DEBUG - Processing 2390-th line out of 2500 rows of DP table...
2022-01-04 21:20:17,364 - root - DEBUG - Processing 2400-th line out of 2500 rows of DP table...
2022-01-04 21:20:17,409 - root - DEBUG - Processing 2410-th line out of 2500 rows of DP table...
2022-01-04 21:20:17,451 - root - DEBUG - Processing 2420-th line out of 2500 rows of DP table...
2022-01-04 21:20:17,490 - root - DEBUG - Processing 2430-th line out of 2500 rows of DP table...
2022-01-04 21:20:17,526 - root - DEBUG - Processing 2440-th line out of 2500 rows of DP table...
2022-01-04 21:20:17,558 - root - DEBUG - Processing 2450-th line out of 2500 rows of DP table...
2022-01-04 21:20:17,587 - root - DEBUG - Processing 2460-th line out of 2500 rows of DP table...
2022-01-04 21:20:17,613 - root - DEBUG - Processing 2470-th line out of 2500 rows of DP table...
2022-01-04 21:20:17,636 - root - DEBUG - Processing 2480-th line out of 2500 rows of DP table...
2022-01-04 21:20:17,655 - root - DEBUG - Processing 2490-th line out of 2500 rows of DP table...
2022-01-04 21:20:17,671 - root - DEBUG - Processing 2500-th line out of 2500 rows of DP table...
2022-01-04 21:20:17,686 - root - DEBUG - Started computing joint logprobs...
