2022-01-04 21:54:39,305 - root - INFO - Loading reference interval set from '211227-2-sim/g20_0.ref.tsv'...
2022-01-04 21:54:39,308 - root - INFO - Loading query interval set from '211227-2-sim/g20_0.query.tsv'...
2022-01-04 21:54:39,315 - root - INFO - Loading chromosome sizes from '211227-2-sim/g20_sizes.tsv'...
2022-01-04 21:54:39,321 - root - INFO - Number of reference intervals: 2500 (2500 before merging)
2022-01-04 21:54:39,322 - root - INFO - Number of query intervals: 5000 (5000 before merging)
2022-01-04 21:54:39,323 - root - INFO - Number of chromosomes: 1
2022-01-04 21:54:39,333 - root - INFO - Overlap count: 1076
2022-01-04 21:54:39,334 - root - DEBUG - Started computing sf for chromosome 'chr1'...
2022-01-04 21:54:39,335 - root - DEBUG - m=2500, n=5000
2022-01-04 21:54:40,191 - root - DEBUG - Processing 10-th line out of 2500 rows of DP table...
2022-01-04 21:54:41,093 - root - DEBUG - Processing 20-th line out of 2500 rows of DP table...
2022-01-04 21:54:41,981 - root - DEBUG - Processing 30-th line out of 2500 rows of DP table...
2022-01-04 21:54:42,871 - root - DEBUG - Processing 40-th line out of 2500 rows of DP table...
2022-01-04 21:54:43,763 - root - DEBUG - Processing 50-th line out of 2500 rows of DP table...
2022-01-04 21:54:44,630 - root - DEBUG - Processing 60-th line out of 2500 rows of DP table...
2022-01-04 21:54:45,534 - root - DEBUG - Processing 70-th line out of 2500 rows of DP table...
2022-01-04 21:54:46,426 - root - DEBUG - Processing 80-th line out of 2500 rows of DP table...
2022-01-04 21:54:47,312 - root - DEBUG - Processing 90-th line out of 2500 rows of DP table...
2022-01-04 21:54:48,194 - root - DEBUG - Processing 100-th line out of 2500 rows of DP table...
2022-01-04 21:54:49,064 - root - DEBUG - Processing 110-th line out of 2500 rows of DP table...
2022-01-04 21:54:49,901 - root - DEBUG - Processing 120-th line out of 2500 rows of DP table...
2022-01-04 21:54:50,761 - root - DEBUG - Processing 130-th line out of 2500 rows of DP table...
2022-01-04 21:54:51,618 - root - DEBUG - Processing 140-th line out of 2500 rows of DP table...
2022-01-04 21:54:52,475 - root - DEBUG - Processing 150-th line out of 2500 rows of DP table...
2022-01-04 21:54:53,320 - root - DEBUG - Processing 160-th line out of 2500 rows of DP table...
2022-01-04 21:54:54,157 - root - DEBUG - Processing 170-th line out of 2500 rows of DP table...
2022-01-04 21:54:54,988 - root - DEBUG - Processing 180-th line out of 2500 rows of DP table...
2022-01-04 21:54:55,820 - root - DEBUG - Processing 190-th line out of 2500 rows of DP table...
2022-01-04 21:54:56,660 - root - DEBUG - Processing 200-th line out of 2500 rows of DP table...
2022-01-04 21:54:57,495 - root - DEBUG - Processing 210-th line out of 2500 rows of DP table...
2022-01-04 21:54:58,301 - root - DEBUG - Processing 220-th line out of 2500 rows of DP table...
2022-01-04 21:54:59,124 - root - DEBUG - Processing 230-th line out of 2500 rows of DP table...
2022-01-04 21:54:59,947 - root - DEBUG - Processing 240-th line out of 2500 rows of DP table...
2022-01-04 21:55:00,763 - root - DEBUG - Processing 250-th line out of 2500 rows of DP table...
2022-01-04 21:55:01,574 - root - DEBUG - Processing 260-th line out of 2500 rows of DP table...
2022-01-04 21:55:02,363 - root - DEBUG - Processing 270-th line out of 2500 rows of DP table...
2022-01-04 21:55:03,170 - root - DEBUG - Processing 280-th line out of 2500 rows of DP table...
2022-01-04 21:55:03,975 - root - DEBUG - Processing 290-th line out of 2500 rows of DP table...
2022-01-04 21:55:04,772 - root - DEBUG - Processing 300-th line out of 2500 rows of DP table...
2022-01-04 21:55:05,549 - root - DEBUG - Processing 310-th line out of 2500 rows of DP table...
2022-01-04 21:55:06,343 - root - DEBUG - Processing 320-th line out of 2500 rows of DP table...
2022-01-04 21:55:07,130 - root - DEBUG - Processing 330-th line out of 2500 rows of DP table...
2022-01-04 21:55:07,917 - root - DEBUG - Processing 340-th line out of 2500 rows of DP table...
2022-01-04 21:55:08,679 - root - DEBUG - Processing 350-th line out of 2500 rows of DP table...
2022-01-04 21:55:09,456 - root - DEBUG - Processing 360-th line out of 2500 rows of DP table...
2022-01-04 21:55:10,233 - root - DEBUG - Processing 370-th line out of 2500 rows of DP table...
2022-01-04 21:55:11,015 - root - DEBUG - Processing 380-th line out of 2500 rows of DP table...
2022-01-04 21:55:11,758 - root - DEBUG - Processing 390-th line out of 2500 rows of DP table...
2022-01-04 21:55:12,527 - root - DEBUG - Processing 400-th line out of 2500 rows of DP table...
2022-01-04 21:55:13,296 - root - DEBUG - Processing 410-th line out of 2500 rows of DP table...
2022-01-04 21:55:14,029 - root - DEBUG - Processing 420-th line out of 2500 rows of DP table...
2022-01-04 21:55:14,790 - root - DEBUG - Processing 430-th line out of 2500 rows of DP table...
2022-01-04 21:55:15,553 - root - DEBUG - Processing 440-th line out of 2500 rows of DP table...
2022-01-04 21:55:16,299 - root - DEBUG - Processing 450-th line out of 2500 rows of DP table...
2022-01-04 21:55:17,023 - root - DEBUG - Processing 460-th line out of 2500 rows of DP table...
2022-01-04 21:55:17,766 - root - DEBUG - Processing 470-th line out of 2500 rows of DP table...
2022-01-04 21:55:18,502 - root - DEBUG - Processing 480-th line out of 2500 rows of DP table...
2022-01-04 21:55:19,215 - root - DEBUG - Processing 490-th line out of 2500 rows of DP table...
2022-01-04 21:55:19,952 - root - DEBUG - Processing 500-th line out of 2500 rows of DP table...
2022-01-04 21:55:20,676 - root - DEBUG - Processing 510-th line out of 2500 rows of DP table...
2022-01-04 21:55:21,380 - root - DEBUG - Processing 520-th line out of 2500 rows of DP table...
2022-01-04 21:55:22,096 - root - DEBUG - Processing 530-th line out of 2500 rows of DP table...
2022-01-04 21:55:22,817 - root - DEBUG - Processing 540-th line out of 2500 rows of DP table...
2022-01-04 21:55:23,536 - root - DEBUG - Processing 550-th line out of 2500 rows of DP table...
2022-01-04 21:55:24,221 - root - DEBUG - Processing 560-th line out of 2500 rows of DP table...
2022-01-04 21:55:24,931 - root - DEBUG - Processing 570-th line out of 2500 rows of DP table...
2022-01-04 21:55:25,636 - root - DEBUG - Processing 580-th line out of 2500 rows of DP table...
2022-01-04 21:55:26,333 - root - DEBUG - Processing 590-th line out of 2500 rows of DP table...
2022-01-04 21:55:27,031 - root - DEBUG - Processing 600-th line out of 2500 rows of DP table...
2022-01-04 21:55:27,719 - root - DEBUG - Processing 610-th line out of 2500 rows of DP table...
2022-01-04 21:55:28,388 - root - DEBUG - Processing 620-th line out of 2500 rows of DP table...
2022-01-04 21:55:29,071 - root - DEBUG - Processing 630-th line out of 2500 rows of DP table...
2022-01-04 21:55:29,764 - root - DEBUG - Processing 640-th line out of 2500 rows of DP table...
2022-01-04 21:55:30,447 - root - DEBUG - Processing 650-th line out of 2500 rows of DP table...
2022-01-04 21:55:31,119 - root - DEBUG - Processing 660-th line out of 2500 rows of DP table...
2022-01-04 21:55:31,772 - root - DEBUG - Processing 670-th line out of 2500 rows of DP table...
2022-01-04 21:55:32,440 - root - DEBUG - Processing 680-th line out of 2500 rows of DP table...
2022-01-04 21:55:33,107 - root - DEBUG - Processing 690-th line out of 2500 rows of DP table...
2022-01-04 21:55:33,752 - root - DEBUG - Processing 700-th line out of 2500 rows of DP table...
2022-01-04 21:55:34,408 - root - DEBUG - Processing 710-th line out of 2500 rows of DP table...
2022-01-04 21:55:35,067 - root - DEBUG - Processing 720-th line out of 2500 rows of DP table...
2022-01-04 21:55:35,695 - root - DEBUG - Processing 730-th line out of 2500 rows of DP table...
2022-01-04 21:55:36,347 - root - DEBUG - Processing 740-th line out of 2500 rows of DP table...
2022-01-04 21:55:36,966 - root - DEBUG - Processing 750-th line out of 2500 rows of DP table...
2022-01-04 21:55:37,609 - root - DEBUG - Processing 760-th line out of 2500 rows of DP table...
2022-01-04 21:55:38,245 - root - DEBUG - Processing 770-th line out of 2500 rows of DP table...
2022-01-04 21:55:38,859 - root - DEBUG - Processing 780-th line out of 2500 rows of DP table...
2022-01-04 21:55:39,487 - root - DEBUG - Processing 790-th line out of 2500 rows of DP table...
2022-01-04 21:55:40,094 - root - DEBUG - Processing 800-th line out of 2500 rows of DP table...
2022-01-04 21:55:40,723 - root - DEBUG - Processing 810-th line out of 2500 rows of DP table...
2022-01-04 21:55:41,331 - root - DEBUG - Processing 820-th line out of 2500 rows of DP table...
2022-01-04 21:55:41,935 - root - DEBUG - Processing 830-th line out of 2500 rows of DP table...
2022-01-04 21:55:42,546 - root - DEBUG - Processing 840-th line out of 2500 rows of DP table...
2022-01-04 21:55:43,136 - root - DEBUG - Processing 850-th line out of 2500 rows of DP table...
2022-01-04 21:55:43,740 - root - DEBUG - Processing 860-th line out of 2500 rows of DP table...
2022-01-04 21:55:44,323 - root - DEBUG - Processing 870-th line out of 2500 rows of DP table...
2022-01-04 21:55:44,924 - root - DEBUG - Processing 880-th line out of 2500 rows of DP table...
2022-01-04 21:55:45,504 - root - DEBUG - Processing 890-th line out of 2500 rows of DP table...
2022-01-04 21:55:46,088 - root - DEBUG - Processing 900-th line out of 2500 rows of DP table...
2022-01-04 21:55:46,680 - root - DEBUG - Processing 910-th line out of 2500 rows of DP table...
2022-01-04 21:55:47,244 - root - DEBUG - Processing 920-th line out of 2500 rows of DP table...
2022-01-04 21:55:47,831 - root - DEBUG - Processing 930-th line out of 2500 rows of DP table...
2022-01-04 21:55:48,383 - root - DEBUG - Processing 940-th line out of 2500 rows of DP table...
2022-01-04 21:55:48,963 - root - DEBUG - Processing 950-th line out of 2500 rows of DP table...
2022-01-04 21:55:49,509 - root - DEBUG - Processing 960-th line out of 2500 rows of DP table...
2022-01-04 21:55:50,079 - root - DEBUG - Processing 970-th line out of 2500 rows of DP table...
2022-01-04 21:55:50,619 - root - DEBUG - Processing 980-th line out of 2500 rows of DP table...
2022-01-04 21:55:51,187 - root - DEBUG - Processing 990-th line out of 2500 rows of DP table...
2022-01-04 21:55:51,720 - root - DEBUG - Processing 1000-th line out of 2500 rows of DP table...
2022-01-04 21:55:52,279 - root - DEBUG - Processing 1010-th line out of 2500 rows of DP table...
2022-01-04 21:55:52,805 - root - DEBUG - Processing 1020-th line out of 2500 rows of DP table...
2022-01-04 21:55:53,359 - root - DEBUG - Processing 1030-th line out of 2500 rows of DP table...
2022-01-04 21:55:53,876 - root - DEBUG - Processing 1040-th line out of 2500 rows of DP table...
2022-01-04 21:55:54,415 - root - DEBUG - Processing 1050-th line out of 2500 rows of DP table...
2022-01-04 21:55:54,939 - root - DEBUG - Processing 1060-th line out of 2500 rows of DP table...
2022-01-04 21:55:55,476 - root - DEBUG - Processing 1070-th line out of 2500 rows of DP table...
2022-01-04 21:55:56,002 - root - DEBUG - Processing 1080-th line out of 2500 rows of DP table...
2022-01-04 21:55:56,513 - root - DEBUG - Processing 1090-th line out of 2500 rows of DP table...
2022-01-04 21:55:57,015 - root - DEBUG - Processing 1100-th line out of 2500 rows of DP table...
2022-01-04 21:55:57,540 - root - DEBUG - Processing 1110-th line out of 2500 rows of DP table...
2022-01-04 21:55:58,036 - root - DEBUG - Processing 1120-th line out of 2500 rows of DP table...
2022-01-04 21:55:58,553 - root - DEBUG - Processing 1130-th line out of 2500 rows of DP table...
2022-01-04 21:55:59,044 - root - DEBUG - Processing 1140-th line out of 2500 rows of DP table...
2022-01-04 21:55:59,553 - root - DEBUG - Processing 1150-th line out of 2500 rows of DP table...
2022-01-04 21:56:00,033 - root - DEBUG - Processing 1160-th line out of 2500 rows of DP table...
2022-01-04 21:56:00,534 - root - DEBUG - Processing 1170-th line out of 2500 rows of DP table...
2022-01-04 21:56:01,104 - root - DEBUG - Processing 1180-th line out of 2500 rows of DP table...
2022-01-04 21:56:01,579 - root - DEBUG - Processing 1190-th line out of 2500 rows of DP table...
2022-01-04 21:56:02,044 - root - DEBUG - Processing 1200-th line out of 2500 rows of DP table...
2022-01-04 21:56:02,513 - root - DEBUG - Processing 1210-th line out of 2500 rows of DP table...
2022-01-04 21:56:02,981 - root - DEBUG - Processing 1220-th line out of 2500 rows of DP table...
2022-01-04 21:56:03,437 - root - DEBUG - Processing 1230-th line out of 2500 rows of DP table...
2022-01-04 21:56:03,895 - root - DEBUG - Processing 1240-th line out of 2500 rows of DP table...
2022-01-04 21:56:04,339 - root - DEBUG - Processing 1250-th line out of 2500 rows of DP table...
2022-01-04 21:56:04,788 - root - DEBUG - Processing 1260-th line out of 2500 rows of DP table...
2022-01-04 21:56:05,229 - root - DEBUG - Processing 1270-th line out of 2500 rows of DP table...
2022-01-04 21:56:05,670 - root - DEBUG - Processing 1280-th line out of 2500 rows of DP table...
2022-01-04 21:56:06,123 - root - DEBUG - Processing 1290-th line out of 2500 rows of DP table...
2022-01-04 21:56:06,556 - root - DEBUG - Processing 1300-th line out of 2500 rows of DP table...
2022-01-04 21:56:06,982 - root - DEBUG - Processing 1310-th line out of 2500 rows of DP table...
2022-01-04 21:56:07,416 - root - DEBUG - Processing 1320-th line out of 2500 rows of DP table...
2022-01-04 21:56:07,837 - root - DEBUG - Processing 1330-th line out of 2500 rows of DP table...
2022-01-04 21:56:08,261 - root - DEBUG - Processing 1340-th line out of 2500 rows of DP table...
2022-01-04 21:56:08,672 - root - DEBUG - Processing 1350-th line out of 2500 rows of DP table...
2022-01-04 21:56:09,081 - root - DEBUG - Processing 1360-th line out of 2500 rows of DP table...
2022-01-04 21:56:09,492 - root - DEBUG - Processing 1370-th line out of 2500 rows of DP table...
2022-01-04 21:56:09,896 - root - DEBUG - Processing 1380-th line out of 2500 rows of DP table...
2022-01-04 21:56:10,296 - root - DEBUG - Processing 1390-th line out of 2500 rows of DP table...
2022-01-04 21:56:10,696 - root - DEBUG - Processing 1400-th line out of 2500 rows of DP table...
2022-01-04 21:56:11,086 - root - DEBUG - Processing 1410-th line out of 2500 rows of DP table...
2022-01-04 21:56:11,474 - root - DEBUG - Processing 1420-th line out of 2500 rows of DP table...
2022-01-04 21:56:11,864 - root - DEBUG - Processing 1430-th line out of 2500 rows of DP table...
2022-01-04 21:56:12,250 - root - DEBUG - Processing 1440-th line out of 2500 rows of DP table...
2022-01-04 21:56:12,629 - root - DEBUG - Processing 1450-th line out of 2500 rows of DP table...
2022-01-04 21:56:13,009 - root - DEBUG - Processing 1460-th line out of 2500 rows of DP table...
2022-01-04 21:56:13,383 - root - DEBUG - Processing 1470-th line out of 2500 rows of DP table...
2022-01-04 21:56:13,752 - root - DEBUG - Processing 1480-th line out of 2500 rows of DP table...
2022-01-04 21:56:14,124 - root - DEBUG - Processing 1490-th line out of 2500 rows of DP table...
2022-01-04 21:56:14,484 - root - DEBUG - Processing 1500-th line out of 2500 rows of DP table...
2022-01-04 21:56:14,840 - root - DEBUG - Processing 1510-th line out of 2500 rows of DP table...
2022-01-04 21:56:15,199 - root - DEBUG - Processing 1520-th line out of 2500 rows of DP table...
2022-01-04 21:56:15,550 - root - DEBUG - Processing 1530-th line out of 2500 rows of DP table...
2022-01-04 21:56:15,897 - root - DEBUG - Processing 1540-th line out of 2500 rows of DP table...
2022-01-04 21:56:16,247 - root - DEBUG - Processing 1550-th line out of 2500 rows of DP table...
2022-01-04 21:56:16,589 - root - DEBUG - Processing 1560-th line out of 2500 rows of DP table...
2022-01-04 21:56:16,926 - root - DEBUG - Processing 1570-th line out of 2500 rows of DP table...
2022-01-04 21:56:17,258 - root - DEBUG - Processing 1580-th line out of 2500 rows of DP table...
2022-01-04 21:56:17,594 - root - DEBUG - Processing 1590-th line out of 2500 rows of DP table...
2022-01-04 21:56:17,919 - root - DEBUG - Processing 1600-th line out of 2500 rows of DP table...
2022-01-04 21:56:18,244 - root - DEBUG - Processing 1610-th line out of 2500 rows of DP table...
2022-01-04 21:56:18,568 - root - DEBUG - Processing 1620-th line out of 2500 rows of DP table...
2022-01-04 21:56:18,884 - root - DEBUG - Processing 1630-th line out of 2500 rows of DP table...
2022-01-04 21:56:19,196 - root - DEBUG - Processing 1640-th line out of 2500 rows of DP table...
2022-01-04 21:56:19,533 - root - DEBUG - Processing 1650-th line out of 2500 rows of DP table...
2022-01-04 21:56:19,843 - root - DEBUG - Processing 1660-th line out of 2500 rows of DP table...
2022-01-04 21:56:20,145 - root - DEBUG - Processing 1670-th line out of 2500 rows of DP table...
2022-01-04 21:56:20,445 - root - DEBUG - Processing 1680-th line out of 2500 rows of DP table...
2022-01-04 21:56:20,746 - root - DEBUG - Processing 1690-th line out of 2500 rows of DP table...
2022-01-04 21:56:21,038 - root - DEBUG - Processing 1700-th line out of 2500 rows of DP table...
2022-01-04 21:56:21,326 - root - DEBUG - Processing 1710-th line out of 2500 rows of DP table...
2022-01-04 21:56:21,613 - root - DEBUG - Processing 1720-th line out of 2500 rows of DP table...
2022-01-04 21:56:21,899 - root - DEBUG - Processing 1730-th line out of 2500 rows of DP table...
2022-01-04 21:56:22,178 - root - DEBUG - Processing 1740-th line out of 2500 rows of DP table...
2022-01-04 21:56:22,453 - root - DEBUG - Processing 1750-th line out of 2500 rows of DP table...
2022-01-04 21:56:22,727 - root - DEBUG - Processing 1760-th line out of 2500 rows of DP table...
2022-01-04 21:56:22,993 - root - DEBUG - Processing 1770-th line out of 2500 rows of DP table...
2022-01-04 21:56:23,263 - root - DEBUG - Processing 1780-th line out of 2500 rows of DP table...
2022-01-04 21:56:23,523 - root - DEBUG - Processing 1790-th line out of 2500 rows of DP table...
2022-01-04 21:56:23,780 - root - DEBUG - Processing 1800-th line out of 2500 rows of DP table...
2022-01-04 21:56:24,034 - root - DEBUG - Processing 1810-th line out of 2500 rows of DP table...
2022-01-04 21:56:24,291 - root - DEBUG - Processing 1820-th line out of 2500 rows of DP table...
2022-01-04 21:56:24,538 - root - DEBUG - Processing 1830-th line out of 2500 rows of DP table...
2022-01-04 21:56:24,780 - root - DEBUG - Processing 1840-th line out of 2500 rows of DP table...
2022-01-04 21:56:25,021 - root - DEBUG - Processing 1850-th line out of 2500 rows of DP table...
2022-01-04 21:56:25,257 - root - DEBUG - Processing 1860-th line out of 2500 rows of DP table...
2022-01-04 21:56:25,494 - root - DEBUG - Processing 1870-th line out of 2500 rows of DP table...
2022-01-04 21:56:25,724 - root - DEBUG - Processing 1880-th line out of 2500 rows of DP table...
2022-01-04 21:56:25,949 - root - DEBUG - Processing 1890-th line out of 2500 rows of DP table...
2022-01-04 21:56:26,172 - root - DEBUG - Processing 1900-th line out of 2500 rows of DP table...
2022-01-04 21:56:26,392 - root - DEBUG - Processing 1910-th line out of 2500 rows of DP table...
2022-01-04 21:56:26,612 - root - DEBUG - Processing 1920-th line out of 2500 rows of DP table...
2022-01-04 21:56:26,825 - root - DEBUG - Processing 1930-th line out of 2500 rows of DP table...
2022-01-04 21:56:27,113 - root - DEBUG - Processing 1940-th line out of 2500 rows of DP table...
2022-01-04 21:56:27,319 - root - DEBUG - Processing 1950-th line out of 2500 rows of DP table...
2022-01-04 21:56:27,521 - root - DEBUG - Processing 1960-th line out of 2500 rows of DP table...
2022-01-04 21:56:27,725 - root - DEBUG - Processing 1970-th line out of 2500 rows of DP table...
2022-01-04 21:56:27,920 - root - DEBUG - Processing 1980-th line out of 2500 rows of DP table...
2022-01-04 21:56:28,111 - root - DEBUG - Processing 1990-th line out of 2500 rows of DP table...
2022-01-04 21:56:28,299 - root - DEBUG - Processing 2000-th line out of 2500 rows of DP table...
2022-01-04 21:56:28,485 - root - DEBUG - Processing 2010-th line out of 2500 rows of DP table...
2022-01-04 21:56:28,666 - root - DEBUG - Processing 2020-th line out of 2500 rows of DP table...
2022-01-04 21:56:28,849 - root - DEBUG - Processing 2030-th line out of 2500 rows of DP table...
2022-01-04 21:56:29,023 - root - DEBUG - Processing 2040-th line out of 2500 rows of DP table...
2022-01-04 21:56:29,194 - root - DEBUG - Processing 2050-th line out of 2500 rows of DP table...
2022-01-04 21:56:29,362 - root - DEBUG - Processing 2060-th line out of 2500 rows of DP table...
2022-01-04 21:56:29,526 - root - DEBUG - Processing 2070-th line out of 2500 rows of DP table...
2022-01-04 21:56:29,685 - root - DEBUG - Processing 2080-th line out of 2500 rows of DP table...
2022-01-04 21:56:29,842 - root - DEBUG - Processing 2090-th line out of 2500 rows of DP table...
2022-01-04 21:56:30,000 - root - DEBUG - Processing 2100-th line out of 2500 rows of DP table...
2022-01-04 21:56:30,150 - root - DEBUG - Processing 2110-th line out of 2500 rows of DP table...
2022-01-04 21:56:30,296 - root - DEBUG - Processing 2120-th line out of 2500 rows of DP table...
2022-01-04 21:56:30,439 - root - DEBUG - Processing 2130-th line out of 2500 rows of DP table...
2022-01-04 21:56:30,577 - root - DEBUG - Processing 2140-th line out of 2500 rows of DP table...
2022-01-04 21:56:30,713 - root - DEBUG - Processing 2150-th line out of 2500 rows of DP table...
2022-01-04 21:56:30,845 - root - DEBUG - Processing 2160-th line out of 2500 rows of DP table...
2022-01-04 21:56:30,973 - root - DEBUG - Processing 2170-th line out of 2500 rows of DP table...
2022-01-04 21:56:31,105 - root - DEBUG - Processing 2180-th line out of 2500 rows of DP table...
2022-01-04 21:56:31,227 - root - DEBUG - Processing 2190-th line out of 2500 rows of DP table...
2022-01-04 21:56:31,346 - root - DEBUG - Processing 2200-th line out of 2500 rows of DP table...
2022-01-04 21:56:31,461 - root - DEBUG - Processing 2210-th line out of 2500 rows of DP table...
2022-01-04 21:56:31,572 - root - DEBUG - Processing 2220-th line out of 2500 rows of DP table...
2022-01-04 21:56:31,680 - root - DEBUG - Processing 2230-th line out of 2500 rows of DP table...
2022-01-04 21:56:31,784 - root - DEBUG - Processing 2240-th line out of 2500 rows of DP table...
2022-01-04 21:56:31,885 - root - DEBUG - Processing 2250-th line out of 2500 rows of DP table...
2022-01-04 21:56:31,982 - root - DEBUG - Processing 2260-th line out of 2500 rows of DP table...
2022-01-04 21:56:32,076 - root - DEBUG - Processing 2270-th line out of 2500 rows of DP table...
2022-01-04 21:56:32,229 - root - DEBUG - Processing 2280-th line out of 2500 rows of DP table...
2022-01-04 21:56:32,316 - root - DEBUG - Processing 2290-th line out of 2500 rows of DP table...
2022-01-04 21:56:32,399 - root - DEBUG - Processing 2300-th line out of 2500 rows of DP table...
2022-01-04 21:56:32,480 - root - DEBUG - Processing 2310-th line out of 2500 rows of DP table...
2022-01-04 21:56:32,556 - root - DEBUG - Processing 2320-th line out of 2500 rows of DP table...
2022-01-04 21:56:32,630 - root - DEBUG - Processing 2330-th line out of 2500 rows of DP table...
2022-01-04 21:56:32,700 - root - DEBUG - Processing 2340-th line out of 2500 rows of DP table...
2022-01-04 21:56:32,766 - root - DEBUG - Processing 2350-th line out of 2500 rows of DP table...
2022-01-04 21:56:32,830 - root - DEBUG - Processing 2360-th line out of 2500 rows of DP table...
2022-01-04 21:56:32,890 - root - DEBUG - Processing 2370-th line out of 2500 rows of DP table...
2022-01-04 21:56:32,946 - root - DEBUG - Processing 2380-th line out of 2500 rows of DP table...
2022-01-04 21:56:32,999 - root - DEBUG - Processing 2390-th line out of 2500 rows of DP table...
2022-01-04 21:56:33,048 - root - DEBUG - Processing 2400-th line out of 2500 rows of DP table...
2022-01-04 21:56:33,094 - root - DEBUG - Processing 2410-th line out of 2500 rows of DP table...
2022-01-04 21:56:33,139 - root - DEBUG - Processing 2420-th line out of 2500 rows of DP table...
2022-01-04 21:56:33,179 - root - DEBUG - Processing 2430-th line out of 2500 rows of DP table...
2022-01-04 21:56:33,215 - root - DEBUG - Processing 2440-th line out of 2500 rows of DP table...
2022-01-04 21:56:33,247 - root - DEBUG - Processing 2450-th line out of 2500 rows of DP table...
2022-01-04 21:56:33,276 - root - DEBUG - Processing 2460-th line out of 2500 rows of DP table...
2022-01-04 21:56:33,301 - root - DEBUG - Processing 2470-th line out of 2500 rows of DP table...
2022-01-04 21:56:33,323 - root - DEBUG - Processing 2480-th line out of 2500 rows of DP table...
2022-01-04 21:56:33,341 - root - DEBUG - Processing 2490-th line out of 2500 rows of DP table...
2022-01-04 21:56:33,356 - root - DEBUG - Processing 2500-th line out of 2500 rows of DP table...
2022-01-04 21:56:33,370 - root - DEBUG - Started computing joint logprobs...
