2022-01-04 21:35:47,583 - root - INFO - Loading reference interval set from '211227-2-sim/g20_1.ref.tsv'...
2022-01-04 21:35:47,587 - root - INFO - Loading query interval set from '211227-2-sim/g20_1.query.tsv'...
2022-01-04 21:35:47,593 - root - INFO - Loading chromosome sizes from '211227-2-sim/g20_sizes.tsv'...
2022-01-04 21:35:47,599 - root - INFO - Number of reference intervals: 2500 (2500 before merging)
2022-01-04 21:35:47,600 - root - INFO - Number of query intervals: 5000 (5000 before merging)
2022-01-04 21:35:47,600 - root - INFO - Number of chromosomes: 1
2022-01-04 21:35:47,610 - root - INFO - Overlap count: 1099
2022-01-04 21:35:47,611 - root - DEBUG - Started computing sf for chromosome 'chr1'...
2022-01-04 21:35:47,613 - root - DEBUG - m=2500, n=5000
2022-01-04 21:35:48,407 - root - DEBUG - Processing 10-th line out of 2500 rows of DP table...
2022-01-04 21:35:49,243 - root - DEBUG - Processing 20-th line out of 2500 rows of DP table...
2022-01-04 21:35:50,075 - root - DEBUG - Processing 30-th line out of 2500 rows of DP table...
2022-01-04 21:35:50,911 - root - DEBUG - Processing 40-th line out of 2500 rows of DP table...
2022-01-04 21:35:51,740 - root - DEBUG - Processing 50-th line out of 2500 rows of DP table...
2022-01-04 21:35:52,560 - root - DEBUG - Processing 60-th line out of 2500 rows of DP table...
2022-01-04 21:35:53,379 - root - DEBUG - Processing 70-th line out of 2500 rows of DP table...
2022-01-04 21:35:54,196 - root - DEBUG - Processing 80-th line out of 2500 rows of DP table...
2022-01-04 21:35:55,013 - root - DEBUG - Processing 90-th line out of 2500 rows of DP table...
2022-01-04 21:35:55,822 - root - DEBUG - Processing 100-th line out of 2500 rows of DP table...
2022-01-04 21:35:56,631 - root - DEBUG - Processing 110-th line out of 2500 rows of DP table...
2022-01-04 21:35:57,438 - root - DEBUG - Processing 120-th line out of 2500 rows of DP table...
2022-01-04 21:35:58,238 - root - DEBUG - Processing 130-th line out of 2500 rows of DP table...
2022-01-04 21:35:59,037 - root - DEBUG - Processing 140-th line out of 2500 rows of DP table...
2022-01-04 21:35:59,832 - root - DEBUG - Processing 150-th line out of 2500 rows of DP table...
2022-01-04 21:36:00,626 - root - DEBUG - Processing 160-th line out of 2500 rows of DP table...
2022-01-04 21:36:01,411 - root - DEBUG - Processing 170-th line out of 2500 rows of DP table...
2022-01-04 21:36:02,196 - root - DEBUG - Processing 180-th line out of 2500 rows of DP table...
2022-01-04 21:36:02,999 - root - DEBUG - Processing 190-th line out of 2500 rows of DP table...
2022-01-04 21:36:03,772 - root - DEBUG - Processing 200-th line out of 2500 rows of DP table...
2022-01-04 21:36:04,552 - root - DEBUG - Processing 210-th line out of 2500 rows of DP table...
2022-01-04 21:36:05,338 - root - DEBUG - Processing 220-th line out of 2500 rows of DP table...
2022-01-04 21:36:06,102 - root - DEBUG - Processing 230-th line out of 2500 rows of DP table...
2022-01-04 21:36:06,868 - root - DEBUG - Processing 240-th line out of 2500 rows of DP table...
2022-01-04 21:36:07,630 - root - DEBUG - Processing 250-th line out of 2500 rows of DP table...
2022-01-04 21:36:08,384 - root - DEBUG - Processing 260-th line out of 2500 rows of DP table...
2022-01-04 21:36:09,138 - root - DEBUG - Processing 270-th line out of 2500 rows of DP table...
2022-01-04 21:36:09,890 - root - DEBUG - Processing 280-th line out of 2500 rows of DP table...
2022-01-04 21:36:10,633 - root - DEBUG - Processing 290-th line out of 2500 rows of DP table...
2022-01-04 21:36:11,380 - root - DEBUG - Processing 300-th line out of 2500 rows of DP table...
2022-01-04 21:36:12,124 - root - DEBUG - Processing 310-th line out of 2500 rows of DP table...
2022-01-04 21:36:12,859 - root - DEBUG - Processing 320-th line out of 2500 rows of DP table...
2022-01-04 21:36:13,595 - root - DEBUG - Processing 330-th line out of 2500 rows of DP table...
2022-01-04 21:36:14,328 - root - DEBUG - Processing 340-th line out of 2500 rows of DP table...
2022-01-04 21:36:15,050 - root - DEBUG - Processing 350-th line out of 2500 rows of DP table...
2022-01-04 21:36:15,777 - root - DEBUG - Processing 360-th line out of 2500 rows of DP table...
2022-01-04 21:36:16,503 - root - DEBUG - Processing 370-th line out of 2500 rows of DP table...
2022-01-04 21:36:17,219 - root - DEBUG - Processing 380-th line out of 2500 rows of DP table...
2022-01-04 21:36:17,938 - root - DEBUG - Processing 390-th line out of 2500 rows of DP table...
2022-01-04 21:36:18,643 - root - DEBUG - Processing 400-th line out of 2500 rows of DP table...
2022-01-04 21:36:19,353 - root - DEBUG - Processing 410-th line out of 2500 rows of DP table...
2022-01-04 21:36:20,057 - root - DEBUG - Processing 420-th line out of 2500 rows of DP table...
2022-01-04 21:36:20,755 - root - DEBUG - Processing 430-th line out of 2500 rows of DP table...
2022-01-04 21:36:21,454 - root - DEBUG - Processing 440-th line out of 2500 rows of DP table...
2022-01-04 21:36:22,144 - root - DEBUG - Processing 450-th line out of 2500 rows of DP table...
2022-01-04 21:36:22,833 - root - DEBUG - Processing 460-th line out of 2500 rows of DP table...
2022-01-04 21:36:23,524 - root - DEBUG - Processing 470-th line out of 2500 rows of DP table...
2022-01-04 21:36:24,206 - root - DEBUG - Processing 480-th line out of 2500 rows of DP table...
2022-01-04 21:36:24,888 - root - DEBUG - Processing 490-th line out of 2500 rows of DP table...
2022-01-04 21:36:25,564 - root - DEBUG - Processing 500-th line out of 2500 rows of DP table...
2022-01-04 21:36:26,240 - root - DEBUG - Processing 510-th line out of 2500 rows of DP table...
2022-01-04 21:36:26,916 - root - DEBUG - Processing 520-th line out of 2500 rows of DP table...
2022-01-04 21:36:27,582 - root - DEBUG - Processing 530-th line out of 2500 rows of DP table...
2022-01-04 21:36:28,250 - root - DEBUG - Processing 540-th line out of 2500 rows of DP table...
2022-01-04 21:36:28,908 - root - DEBUG - Processing 550-th line out of 2500 rows of DP table...
2022-01-04 21:36:29,570 - root - DEBUG - Processing 560-th line out of 2500 rows of DP table...
2022-01-04 21:36:30,228 - root - DEBUG - Processing 570-th line out of 2500 rows of DP table...
2022-01-04 21:36:30,878 - root - DEBUG - Processing 580-th line out of 2500 rows of DP table...
2022-01-04 21:36:31,531 - root - DEBUG - Processing 590-th line out of 2500 rows of DP table...
2022-01-04 21:36:32,176 - root - DEBUG - Processing 600-th line out of 2500 rows of DP table...
2022-01-04 21:36:32,832 - root - DEBUG - Processing 610-th line out of 2500 rows of DP table...
2022-01-04 21:36:33,471 - root - DEBUG - Processing 620-th line out of 2500 rows of DP table...
2022-01-04 21:36:34,106 - root - DEBUG - Processing 630-th line out of 2500 rows of DP table...
2022-01-04 21:36:34,742 - root - DEBUG - Processing 640-th line out of 2500 rows of DP table...
2022-01-04 21:36:35,363 - root - DEBUG - Processing 650-th line out of 2500 rows of DP table...
2022-01-04 21:36:36,258 - root - DEBUG - Processing 660-th line out of 2500 rows of DP table...
2022-01-04 21:36:36,951 - root - DEBUG - Processing 670-th line out of 2500 rows of DP table...
2022-01-04 21:36:37,562 - root - DEBUG - Processing 680-th line out of 2500 rows of DP table...
2022-01-04 21:36:38,169 - root - DEBUG - Processing 690-th line out of 2500 rows of DP table...
2022-01-04 21:36:38,889 - root - DEBUG - Processing 700-th line out of 2500 rows of DP table...
2022-01-04 21:36:39,495 - root - DEBUG - Processing 710-th line out of 2500 rows of DP table...
2022-01-04 21:36:40,115 - root - DEBUG - Processing 720-th line out of 2500 rows of DP table...
2022-01-04 21:36:40,757 - root - DEBUG - Processing 730-th line out of 2500 rows of DP table...
2022-01-04 21:36:41,349 - root - DEBUG - Processing 740-th line out of 2500 rows of DP table...
2022-01-04 21:36:41,936 - root - DEBUG - Processing 750-th line out of 2500 rows of DP table...
2022-01-04 21:36:42,526 - root - DEBUG - Processing 760-th line out of 2500 rows of DP table...
2022-01-04 21:36:43,108 - root - DEBUG - Processing 770-th line out of 2500 rows of DP table...
2022-01-04 21:36:43,686 - root - DEBUG - Processing 780-th line out of 2500 rows of DP table...
2022-01-04 21:36:44,262 - root - DEBUG - Processing 790-th line out of 2500 rows of DP table...
2022-01-04 21:36:44,834 - root - DEBUG - Processing 800-th line out of 2500 rows of DP table...
2022-01-04 21:36:45,407 - root - DEBUG - Processing 810-th line out of 2500 rows of DP table...
2022-01-04 21:36:45,970 - root - DEBUG - Processing 820-th line out of 2500 rows of DP table...
2022-01-04 21:36:46,532 - root - DEBUG - Processing 830-th line out of 2500 rows of DP table...
2022-01-04 21:36:47,093 - root - DEBUG - Processing 840-th line out of 2500 rows of DP table...
2022-01-04 21:36:47,648 - root - DEBUG - Processing 850-th line out of 2500 rows of DP table...
2022-01-04 21:36:48,202 - root - DEBUG - Processing 860-th line out of 2500 rows of DP table...
2022-01-04 21:36:48,751 - root - DEBUG - Processing 870-th line out of 2500 rows of DP table...
2022-01-04 21:36:49,297 - root - DEBUG - Processing 880-th line out of 2500 rows of DP table...
2022-01-04 21:36:49,863 - root - DEBUG - Processing 890-th line out of 2500 rows of DP table...
2022-01-04 21:36:50,400 - root - DEBUG - Processing 900-th line out of 2500 rows of DP table...
2022-01-04 21:36:50,943 - root - DEBUG - Processing 910-th line out of 2500 rows of DP table...
2022-01-04 21:36:51,475 - root - DEBUG - Processing 920-th line out of 2500 rows of DP table...
2022-01-04 21:36:52,250 - root - DEBUG - Processing 930-th line out of 2500 rows of DP table...
2022-01-04 21:36:53,199 - root - DEBUG - Processing 940-th line out of 2500 rows of DP table...
2022-01-04 21:36:54,114 - root - DEBUG - Processing 950-th line out of 2500 rows of DP table...
2022-01-04 21:36:55,144 - root - DEBUG - Processing 960-th line out of 2500 rows of DP table...
2022-01-04 21:36:56,207 - root - DEBUG - Processing 970-th line out of 2500 rows of DP table...
2022-01-04 21:36:57,264 - root - DEBUG - Processing 980-th line out of 2500 rows of DP table...
2022-01-04 21:36:58,314 - root - DEBUG - Processing 990-th line out of 2500 rows of DP table...
2022-01-04 21:36:59,357 - root - DEBUG - Processing 1000-th line out of 2500 rows of DP table...
2022-01-04 21:37:00,393 - root - DEBUG - Processing 1010-th line out of 2500 rows of DP table...
2022-01-04 21:37:01,420 - root - DEBUG - Processing 1020-th line out of 2500 rows of DP table...
2022-01-04 21:37:02,442 - root - DEBUG - Processing 1030-th line out of 2500 rows of DP table...
2022-01-04 21:37:03,458 - root - DEBUG - Processing 1040-th line out of 2500 rows of DP table...
2022-01-04 21:37:04,465 - root - DEBUG - Processing 1050-th line out of 2500 rows of DP table...
2022-01-04 21:37:05,467 - root - DEBUG - Processing 1060-th line out of 2500 rows of DP table...
2022-01-04 21:37:06,461 - root - DEBUG - Processing 1070-th line out of 2500 rows of DP table...
2022-01-04 21:37:07,448 - root - DEBUG - Processing 1080-th line out of 2500 rows of DP table...
2022-01-04 21:37:08,431 - root - DEBUG - Processing 1090-th line out of 2500 rows of DP table...
2022-01-04 21:37:09,407 - root - DEBUG - Processing 1100-th line out of 2500 rows of DP table...
2022-01-04 21:37:10,377 - root - DEBUG - Processing 1110-th line out of 2500 rows of DP table...
2022-01-04 21:37:11,336 - root - DEBUG - Processing 1120-th line out of 2500 rows of DP table...
2022-01-04 21:37:12,299 - root - DEBUG - Processing 1130-th line out of 2500 rows of DP table...
2022-01-04 21:37:13,167 - root - DEBUG - Processing 1140-th line out of 2500 rows of DP table...
2022-01-04 21:37:13,626 - root - DEBUG - Processing 1150-th line out of 2500 rows of DP table...
2022-01-04 21:37:14,080 - root - DEBUG - Processing 1160-th line out of 2500 rows of DP table...
2022-01-04 21:37:14,530 - root - DEBUG - Processing 1170-th line out of 2500 rows of DP table...
2022-01-04 21:37:14,978 - root - DEBUG - Processing 1180-th line out of 2500 rows of DP table...
2022-01-04 21:37:15,421 - root - DEBUG - Processing 1190-th line out of 2500 rows of DP table...
2022-01-04 21:37:15,861 - root - DEBUG - Processing 1200-th line out of 2500 rows of DP table...
2022-01-04 21:37:16,299 - root - DEBUG - Processing 1210-th line out of 2500 rows of DP table...
2022-01-04 21:37:16,733 - root - DEBUG - Processing 1220-th line out of 2500 rows of DP table...
2022-01-04 21:37:17,166 - root - DEBUG - Processing 1230-th line out of 2500 rows of DP table...
2022-01-04 21:37:17,596 - root - DEBUG - Processing 1240-th line out of 2500 rows of DP table...
2022-01-04 21:37:18,023 - root - DEBUG - Processing 1250-th line out of 2500 rows of DP table...
2022-01-04 21:37:18,444 - root - DEBUG - Processing 1260-th line out of 2500 rows of DP table...
2022-01-04 21:37:18,863 - root - DEBUG - Processing 1270-th line out of 2500 rows of DP table...
2022-01-04 21:37:19,278 - root - DEBUG - Processing 1280-th line out of 2500 rows of DP table...
2022-01-04 21:37:19,693 - root - DEBUG - Processing 1290-th line out of 2500 rows of DP table...
2022-01-04 21:37:20,103 - root - DEBUG - Processing 1300-th line out of 2500 rows of DP table...
2022-01-04 21:37:20,507 - root - DEBUG - Processing 1310-th line out of 2500 rows of DP table...
2022-01-04 21:37:20,908 - root - DEBUG - Processing 1320-th line out of 2500 rows of DP table...
2022-01-04 21:37:21,307 - root - DEBUG - Processing 1330-th line out of 2500 rows of DP table...
2022-01-04 21:37:21,718 - root - DEBUG - Processing 1340-th line out of 2500 rows of DP table...
2022-01-04 21:37:22,111 - root - DEBUG - Processing 1350-th line out of 2500 rows of DP table...
2022-01-04 21:37:22,500 - root - DEBUG - Processing 1360-th line out of 2500 rows of DP table...
2022-01-04 21:37:22,887 - root - DEBUG - Processing 1370-th line out of 2500 rows of DP table...
2022-01-04 21:37:23,271 - root - DEBUG - Processing 1380-th line out of 2500 rows of DP table...
2022-01-04 21:37:23,650 - root - DEBUG - Processing 1390-th line out of 2500 rows of DP table...
2022-01-04 21:37:24,026 - root - DEBUG - Processing 1400-th line out of 2500 rows of DP table...
2022-01-04 21:37:24,400 - root - DEBUG - Processing 1410-th line out of 2500 rows of DP table...
2022-01-04 21:37:24,770 - root - DEBUG - Processing 1420-th line out of 2500 rows of DP table...
2022-01-04 21:37:25,139 - root - DEBUG - Processing 1430-th line out of 2500 rows of DP table...
2022-01-04 21:37:25,502 - root - DEBUG - Processing 1440-th line out of 2500 rows of DP table...
2022-01-04 21:37:25,861 - root - DEBUG - Processing 1450-th line out of 2500 rows of DP table...
2022-01-04 21:37:26,219 - root - DEBUG - Processing 1460-th line out of 2500 rows of DP table...
2022-01-04 21:37:26,574 - root - DEBUG - Processing 1470-th line out of 2500 rows of DP table...
2022-01-04 21:37:26,924 - root - DEBUG - Processing 1480-th line out of 2500 rows of DP table...
2022-01-04 21:37:27,271 - root - DEBUG - Processing 1490-th line out of 2500 rows of DP table...
2022-01-04 21:37:27,613 - root - DEBUG - Processing 1500-th line out of 2500 rows of DP table...
2022-01-04 21:37:27,954 - root - DEBUG - Processing 1510-th line out of 2500 rows of DP table...
2022-01-04 21:37:28,293 - root - DEBUG - Processing 1520-th line out of 2500 rows of DP table...
2022-01-04 21:37:28,629 - root - DEBUG - Processing 1530-th line out of 2500 rows of DP table...
2022-01-04 21:37:28,960 - root - DEBUG - Processing 1540-th line out of 2500 rows of DP table...
2022-01-04 21:37:29,290 - root - DEBUG - Processing 1550-th line out of 2500 rows of DP table...
2022-01-04 21:37:29,614 - root - DEBUG - Processing 1560-th line out of 2500 rows of DP table...
2022-01-04 21:37:29,934 - root - DEBUG - Processing 1570-th line out of 2500 rows of DP table...
2022-01-04 21:37:30,251 - root - DEBUG - Processing 1580-th line out of 2500 rows of DP table...
2022-01-04 21:37:30,564 - root - DEBUG - Processing 1590-th line out of 2500 rows of DP table...
2022-01-04 21:37:30,875 - root - DEBUG - Processing 1600-th line out of 2500 rows of DP table...
2022-01-04 21:37:31,183 - root - DEBUG - Processing 1610-th line out of 2500 rows of DP table...
2022-01-04 21:37:31,487 - root - DEBUG - Processing 1620-th line out of 2500 rows of DP table...
2022-01-04 21:37:31,788 - root - DEBUG - Processing 1630-th line out of 2500 rows of DP table...
2022-01-04 21:37:32,086 - root - DEBUG - Processing 1640-th line out of 2500 rows of DP table...
2022-01-04 21:37:32,382 - root - DEBUG - Processing 1650-th line out of 2500 rows of DP table...
2022-01-04 21:37:32,672 - root - DEBUG - Processing 1660-th line out of 2500 rows of DP table...
2022-01-04 21:37:32,960 - root - DEBUG - Processing 1670-th line out of 2500 rows of DP table...
2022-01-04 21:37:33,246 - root - DEBUG - Processing 1680-th line out of 2500 rows of DP table...
2022-01-04 21:37:33,527 - root - DEBUG - Processing 1690-th line out of 2500 rows of DP table...
2022-01-04 21:37:33,806 - root - DEBUG - Processing 1700-th line out of 2500 rows of DP table...
2022-01-04 21:37:34,081 - root - DEBUG - Processing 1710-th line out of 2500 rows of DP table...
2022-01-04 21:37:34,353 - root - DEBUG - Processing 1720-th line out of 2500 rows of DP table...
2022-01-04 21:37:34,619 - root - DEBUG - Processing 1730-th line out of 2500 rows of DP table...
2022-01-04 21:37:34,884 - root - DEBUG - Processing 1740-th line out of 2500 rows of DP table...
2022-01-04 21:37:35,146 - root - DEBUG - Processing 1750-th line out of 2500 rows of DP table...
2022-01-04 21:37:35,404 - root - DEBUG - Processing 1760-th line out of 2500 rows of DP table...
2022-01-04 21:37:35,658 - root - DEBUG - Processing 1770-th line out of 2500 rows of DP table...
2022-01-04 21:37:35,909 - root - DEBUG - Processing 1780-th line out of 2500 rows of DP table...
2022-01-04 21:37:36,158 - root - DEBUG - Processing 1790-th line out of 2500 rows of DP table...
2022-01-04 21:37:36,403 - root - DEBUG - Processing 1800-th line out of 2500 rows of DP table...
2022-01-04 21:37:36,646 - root - DEBUG - Processing 1810-th line out of 2500 rows of DP table...
2022-01-04 21:37:36,886 - root - DEBUG - Processing 1820-th line out of 2500 rows of DP table...
2022-01-04 21:37:37,122 - root - DEBUG - Processing 1830-th line out of 2500 rows of DP table...
2022-01-04 21:37:37,356 - root - DEBUG - Processing 1840-th line out of 2500 rows of DP table...
2022-01-04 21:37:37,586 - root - DEBUG - Processing 1850-th line out of 2500 rows of DP table...
2022-01-04 21:37:37,812 - root - DEBUG - Processing 1860-th line out of 2500 rows of DP table...
2022-01-04 21:37:38,035 - root - DEBUG - Processing 1870-th line out of 2500 rows of DP table...
2022-01-04 21:37:38,253 - root - DEBUG - Processing 1880-th line out of 2500 rows of DP table...
2022-01-04 21:37:38,469 - root - DEBUG - Processing 1890-th line out of 2500 rows of DP table...
2022-01-04 21:37:38,683 - root - DEBUG - Processing 1900-th line out of 2500 rows of DP table...
2022-01-04 21:37:38,894 - root - DEBUG - Processing 1910-th line out of 2500 rows of DP table...
2022-01-04 21:37:39,100 - root - DEBUG - Processing 1920-th line out of 2500 rows of DP table...
2022-01-04 21:37:39,302 - root - DEBUG - Processing 1930-th line out of 2500 rows of DP table...
2022-01-04 21:37:39,502 - root - DEBUG - Processing 1940-th line out of 2500 rows of DP table...
2022-01-04 21:37:39,700 - root - DEBUG - Processing 1950-th line out of 2500 rows of DP table...
2022-01-04 21:37:39,894 - root - DEBUG - Processing 1960-th line out of 2500 rows of DP table...
2022-01-04 21:37:40,084 - root - DEBUG - Processing 1970-th line out of 2500 rows of DP table...
2022-01-04 21:37:40,271 - root - DEBUG - Processing 1980-th line out of 2500 rows of DP table...
2022-01-04 21:37:40,455 - root - DEBUG - Processing 1990-th line out of 2500 rows of DP table...
2022-01-04 21:37:40,636 - root - DEBUG - Processing 2000-th line out of 2500 rows of DP table...
2022-01-04 21:37:40,813 - root - DEBUG - Processing 2010-th line out of 2500 rows of DP table...
2022-01-04 21:37:40,985 - root - DEBUG - Processing 2020-th line out of 2500 rows of DP table...
2022-01-04 21:37:41,155 - root - DEBUG - Processing 2030-th line out of 2500 rows of DP table...
2022-01-04 21:37:41,322 - root - DEBUG - Processing 2040-th line out of 2500 rows of DP table...
2022-01-04 21:37:41,486 - root - DEBUG - Processing 2050-th line out of 2500 rows of DP table...
2022-01-04 21:37:41,646 - root - DEBUG - Processing 2060-th line out of 2500 rows of DP table...
2022-01-04 21:37:41,804 - root - DEBUG - Processing 2070-th line out of 2500 rows of DP table...
2022-01-04 21:37:41,957 - root - DEBUG - Processing 2080-th line out of 2500 rows of DP table...
2022-01-04 21:37:42,108 - root - DEBUG - Processing 2090-th line out of 2500 rows of DP table...
2022-01-04 21:37:42,255 - root - DEBUG - Processing 2100-th line out of 2500 rows of DP table...
2022-01-04 21:37:42,399 - root - DEBUG - Processing 2110-th line out of 2500 rows of DP table...
2022-01-04 21:37:42,539 - root - DEBUG - Processing 2120-th line out of 2500 rows of DP table...
2022-01-04 21:37:42,675 - root - DEBUG - Processing 2130-th line out of 2500 rows of DP table...
2022-01-04 21:37:42,808 - root - DEBUG - Processing 2140-th line out of 2500 rows of DP table...
2022-01-04 21:37:42,938 - root - DEBUG - Processing 2150-th line out of 2500 rows of DP table...
2022-01-04 21:37:43,065 - root - DEBUG - Processing 2160-th line out of 2500 rows of DP table...
2022-01-04 21:37:43,188 - root - DEBUG - Processing 2170-th line out of 2500 rows of DP table...
2022-01-04 21:37:43,308 - root - DEBUG - Processing 2180-th line out of 2500 rows of DP table...
2022-01-04 21:37:43,424 - root - DEBUG - Processing 2190-th line out of 2500 rows of DP table...
2022-01-04 21:37:43,538 - root - DEBUG - Processing 2200-th line out of 2500 rows of DP table...
2022-01-04 21:37:43,649 - root - DEBUG - Processing 2210-th line out of 2500 rows of DP table...
2022-01-04 21:37:43,756 - root - DEBUG - Processing 2220-th line out of 2500 rows of DP table...
2022-01-04 21:37:43,860 - root - DEBUG - Processing 2230-th line out of 2500 rows of DP table...
2022-01-04 21:37:43,960 - root - DEBUG - Processing 2240-th line out of 2500 rows of DP table...
2022-01-04 21:37:44,057 - root - DEBUG - Processing 2250-th line out of 2500 rows of DP table...
2022-01-04 21:37:44,151 - root - DEBUG - Processing 2260-th line out of 2500 rows of DP table...
2022-01-04 21:37:44,242 - root - DEBUG - Processing 2270-th line out of 2500 rows of DP table...
2022-01-04 21:37:44,330 - root - DEBUG - Processing 2280-th line out of 2500 rows of DP table...
2022-01-04 21:37:44,414 - root - DEBUG - Processing 2290-th line out of 2500 rows of DP table...
2022-01-04 21:37:44,495 - root - DEBUG - Processing 2300-th line out of 2500 rows of DP table...
2022-01-04 21:37:44,573 - root - DEBUG - Processing 2310-th line out of 2500 rows of DP table...
2022-01-04 21:37:44,647 - root - DEBUG - Processing 2320-th line out of 2500 rows of DP table...
2022-01-04 21:37:44,718 - root - DEBUG - Processing 2330-th line out of 2500 rows of DP table...
2022-01-04 21:37:44,785 - root - DEBUG - Processing 2340-th line out of 2500 rows of DP table...
2022-01-04 21:37:44,849 - root - DEBUG - Processing 2350-th line out of 2500 rows of DP table...
2022-01-04 21:37:44,910 - root - DEBUG - Processing 2360-th line out of 2500 rows of DP table...
2022-01-04 21:37:44,967 - root - DEBUG - Processing 2370-th line out of 2500 rows of DP table...
2022-01-04 21:37:45,021 - root - DEBUG - Processing 2380-th line out of 2500 rows of DP table...
2022-01-04 21:37:45,072 - root - DEBUG - Processing 2390-th line out of 2500 rows of DP table...
2022-01-04 21:37:45,161 - root - DEBUG - Processing 2400-th line out of 2500 rows of DP table...
2022-01-04 21:37:45,206 - root - DEBUG - Processing 2410-th line out of 2500 rows of DP table...
2022-01-04 21:37:45,247 - root - DEBUG - Processing 2420-th line out of 2500 rows of DP table...
2022-01-04 21:37:45,285 - root - DEBUG - Processing 2430-th line out of 2500 rows of DP table...
2022-01-04 21:37:45,320 - root - DEBUG - Processing 2440-th line out of 2500 rows of DP table...
2022-01-04 21:37:45,352 - root - DEBUG - Processing 2450-th line out of 2500 rows of DP table...
2022-01-04 21:37:45,380 - root - DEBUG - Processing 2460-th line out of 2500 rows of DP table...
2022-01-04 21:37:45,428 - root - DEBUG - Processing 2470-th line out of 2500 rows of DP table...
2022-01-04 21:37:45,471 - root - DEBUG - Processing 2480-th line out of 2500 rows of DP table...
2022-01-04 21:37:45,507 - root - DEBUG - Processing 2490-th line out of 2500 rows of DP table...
2022-01-04 21:37:45,536 - root - DEBUG - Processing 2500-th line out of 2500 rows of DP table...
2022-01-04 21:37:45,561 - root - DEBUG - Started computing joint logprobs...
