2022-01-04 00:57:45,640 - root - INFO - Loading reference interval set from '211227-2-sim/g20_7.ref.tsv'...
2022-01-04 00:57:45,644 - root - INFO - Loading query interval set from '211227-2-sim/g20_7.query.tsv'...
2022-01-04 00:57:45,652 - root - INFO - Loading chromosome sizes from '211227-2-sim/g20_sizes.tsv'...
2022-01-04 00:57:45,658 - root - INFO - Number of reference intervals: 2500 (2500 before merging)
2022-01-04 00:57:45,659 - root - INFO - Number of query intervals: 5000 (5000 before merging)
2022-01-04 00:57:45,660 - root - INFO - Number of chromosomes: 1
2022-01-04 00:57:45,697 - root - INFO - Overlap count: 1076
2022-01-04 00:57:45,699 - root - DEBUG - Started computing sf for chromosome 'chr1'...
2022-01-04 00:57:45,702 - root - DEBUG - m=2500, n=5000
2022-01-04 00:57:46,751 - root - DEBUG - Processing 10-th line out of 2500 rows of DP table...
2022-01-04 00:57:47,756 - root - DEBUG - Processing 20-th line out of 2500 rows of DP table...
2022-01-04 00:57:48,622 - root - DEBUG - Processing 30-th line out of 2500 rows of DP table...
2022-01-04 00:57:49,484 - root - DEBUG - Processing 40-th line out of 2500 rows of DP table...
2022-01-04 00:57:50,384 - root - DEBUG - Processing 50-th line out of 2500 rows of DP table...
2022-01-04 00:57:51,479 - root - DEBUG - Processing 60-th line out of 2500 rows of DP table...
2022-01-04 00:57:52,577 - root - DEBUG - Processing 70-th line out of 2500 rows of DP table...
2022-01-04 00:57:53,411 - root - DEBUG - Processing 80-th line out of 2500 rows of DP table...
2022-01-04 00:57:54,247 - root - DEBUG - Processing 90-th line out of 2500 rows of DP table...
2022-01-04 00:57:55,090 - root - DEBUG - Processing 100-th line out of 2500 rows of DP table...
2022-01-04 00:57:55,918 - root - DEBUG - Processing 110-th line out of 2500 rows of DP table...
2022-01-04 00:57:56,743 - root - DEBUG - Processing 120-th line out of 2500 rows of DP table...
2022-01-04 00:57:57,567 - root - DEBUG - Processing 130-th line out of 2500 rows of DP table...
2022-01-04 00:57:58,380 - root - DEBUG - Processing 140-th line out of 2500 rows of DP table...
2022-01-04 00:57:59,197 - root - DEBUG - Processing 150-th line out of 2500 rows of DP table...
2022-01-04 00:58:00,010 - root - DEBUG - Processing 160-th line out of 2500 rows of DP table...
2022-01-04 00:58:00,818 - root - DEBUG - Processing 170-th line out of 2500 rows of DP table...
2022-01-04 00:58:01,622 - root - DEBUG - Processing 180-th line out of 2500 rows of DP table...
2022-01-04 00:58:02,423 - root - DEBUG - Processing 190-th line out of 2500 rows of DP table...
2022-01-04 00:58:03,223 - root - DEBUG - Processing 200-th line out of 2500 rows of DP table...
2022-01-04 00:58:04,022 - root - DEBUG - Processing 210-th line out of 2500 rows of DP table...
2022-01-04 00:58:04,811 - root - DEBUG - Processing 220-th line out of 2500 rows of DP table...
2022-01-04 00:58:05,600 - root - DEBUG - Processing 230-th line out of 2500 rows of DP table...
2022-01-04 00:58:06,385 - root - DEBUG - Processing 240-th line out of 2500 rows of DP table...
2022-01-04 00:58:07,165 - root - DEBUG - Processing 250-th line out of 2500 rows of DP table...
2022-01-04 00:58:07,943 - root - DEBUG - Processing 260-th line out of 2500 rows of DP table...
2022-01-04 00:58:08,717 - root - DEBUG - Processing 270-th line out of 2500 rows of DP table...
2022-01-04 00:58:09,490 - root - DEBUG - Processing 280-th line out of 2500 rows of DP table...
2022-01-04 00:58:10,258 - root - DEBUG - Processing 290-th line out of 2500 rows of DP table...
2022-01-04 00:58:11,020 - root - DEBUG - Processing 300-th line out of 2500 rows of DP table...
2022-01-04 00:58:11,780 - root - DEBUG - Processing 310-th line out of 2500 rows of DP table...
2022-01-04 00:58:12,538 - root - DEBUG - Processing 320-th line out of 2500 rows of DP table...
2022-01-04 00:58:13,294 - root - DEBUG - Processing 330-th line out of 2500 rows of DP table...
2022-01-04 00:58:14,047 - root - DEBUG - Processing 340-th line out of 2500 rows of DP table...
2022-01-04 00:58:14,792 - root - DEBUG - Processing 350-th line out of 2500 rows of DP table...
2022-01-04 00:58:15,538 - root - DEBUG - Processing 360-th line out of 2500 rows of DP table...
2022-01-04 00:58:16,281 - root - DEBUG - Processing 370-th line out of 2500 rows of DP table...
2022-01-04 00:58:17,016 - root - DEBUG - Processing 380-th line out of 2500 rows of DP table...
2022-01-04 00:58:17,751 - root - DEBUG - Processing 390-th line out of 2500 rows of DP table...
2022-01-04 00:58:18,482 - root - DEBUG - Processing 400-th line out of 2500 rows of DP table...
2022-01-04 00:58:19,211 - root - DEBUG - Processing 410-th line out of 2500 rows of DP table...
2022-01-04 00:58:19,931 - root - DEBUG - Processing 420-th line out of 2500 rows of DP table...
2022-01-04 00:58:20,653 - root - DEBUG - Processing 430-th line out of 2500 rows of DP table...
2022-01-04 00:58:21,370 - root - DEBUG - Processing 440-th line out of 2500 rows of DP table...
2022-01-04 00:58:22,083 - root - DEBUG - Processing 450-th line out of 2500 rows of DP table...
2022-01-04 00:58:22,795 - root - DEBUG - Processing 460-th line out of 2500 rows of DP table...
2022-01-04 00:58:23,504 - root - DEBUG - Processing 470-th line out of 2500 rows of DP table...
2022-01-04 00:58:24,205 - root - DEBUG - Processing 480-th line out of 2500 rows of DP table...
2022-01-04 00:58:24,904 - root - DEBUG - Processing 490-th line out of 2500 rows of DP table...
2022-01-04 00:58:25,761 - root - DEBUG - Processing 500-th line out of 2500 rows of DP table...
2022-01-04 00:58:26,604 - root - DEBUG - Processing 510-th line out of 2500 rows of DP table...
2022-01-04 00:58:27,291 - root - DEBUG - Processing 520-th line out of 2500 rows of DP table...
2022-01-04 00:58:27,980 - root - DEBUG - Processing 530-th line out of 2500 rows of DP table...
2022-01-04 00:58:28,667 - root - DEBUG - Processing 540-th line out of 2500 rows of DP table...
2022-01-04 00:58:29,347 - root - DEBUG - Processing 550-th line out of 2500 rows of DP table...
2022-01-04 00:58:30,028 - root - DEBUG - Processing 560-th line out of 2500 rows of DP table...
2022-01-04 00:58:30,699 - root - DEBUG - Processing 570-th line out of 2500 rows of DP table...
2022-01-04 00:58:31,373 - root - DEBUG - Processing 580-th line out of 2500 rows of DP table...
2022-01-04 00:58:32,043 - root - DEBUG - Processing 590-th line out of 2500 rows of DP table...
2022-01-04 00:58:32,704 - root - DEBUG - Processing 600-th line out of 2500 rows of DP table...
2022-01-04 00:58:33,366 - root - DEBUG - Processing 610-th line out of 2500 rows of DP table...
2022-01-04 00:58:34,021 - root - DEBUG - Processing 620-th line out of 2500 rows of DP table...
2022-01-04 00:58:34,844 - root - DEBUG - Processing 630-th line out of 2500 rows of DP table...
2022-01-04 00:58:35,498 - root - DEBUG - Processing 640-th line out of 2500 rows of DP table...
2022-01-04 00:58:36,143 - root - DEBUG - Processing 650-th line out of 2500 rows of DP table...
2022-01-04 00:58:36,790 - root - DEBUG - Processing 660-th line out of 2500 rows of DP table...
2022-01-04 00:58:37,428 - root - DEBUG - Processing 670-th line out of 2500 rows of DP table...
2022-01-04 00:58:38,067 - root - DEBUG - Processing 680-th line out of 2500 rows of DP table...
2022-01-04 00:58:38,699 - root - DEBUG - Processing 690-th line out of 2500 rows of DP table...
2022-01-04 00:58:39,333 - root - DEBUG - Processing 700-th line out of 2500 rows of DP table...
2022-01-04 00:58:39,964 - root - DEBUG - Processing 710-th line out of 2500 rows of DP table...
2022-01-04 00:58:40,585 - root - DEBUG - Processing 720-th line out of 2500 rows of DP table...
2022-01-04 00:58:41,207 - root - DEBUG - Processing 730-th line out of 2500 rows of DP table...
2022-01-04 00:58:41,821 - root - DEBUG - Processing 740-th line out of 2500 rows of DP table...
2022-01-04 00:58:42,436 - root - DEBUG - Processing 750-th line out of 2500 rows of DP table...
2022-01-04 00:58:43,044 - root - DEBUG - Processing 760-th line out of 2500 rows of DP table...
2022-01-04 00:58:43,653 - root - DEBUG - Processing 770-th line out of 2500 rows of DP table...
2022-01-04 00:58:44,255 - root - DEBUG - Processing 780-th line out of 2500 rows of DP table...
2022-01-04 00:58:44,856 - root - DEBUG - Processing 790-th line out of 2500 rows of DP table...
2022-01-04 00:58:45,452 - root - DEBUG - Processing 800-th line out of 2500 rows of DP table...
2022-01-04 00:58:46,046 - root - DEBUG - Processing 810-th line out of 2500 rows of DP table...
2022-01-04 00:58:46,633 - root - DEBUG - Processing 820-th line out of 2500 rows of DP table...
2022-01-04 00:58:47,223 - root - DEBUG - Processing 830-th line out of 2500 rows of DP table...
2022-01-04 00:58:47,805 - root - DEBUG - Processing 840-th line out of 2500 rows of DP table...
2022-01-04 00:58:48,390 - root - DEBUG - Processing 850-th line out of 2500 rows of DP table...
2022-01-04 00:58:48,964 - root - DEBUG - Processing 860-th line out of 2500 rows of DP table...
2022-01-04 00:58:49,540 - root - DEBUG - Processing 870-th line out of 2500 rows of DP table...
2022-01-04 00:58:50,106 - root - DEBUG - Processing 880-th line out of 2500 rows of DP table...
2022-01-04 00:58:50,674 - root - DEBUG - Processing 890-th line out of 2500 rows of DP table...
2022-01-04 00:58:51,236 - root - DEBUG - Processing 900-th line out of 2500 rows of DP table...
2022-01-04 00:58:51,797 - root - DEBUG - Processing 910-th line out of 2500 rows of DP table...
2022-01-04 00:58:52,352 - root - DEBUG - Processing 920-th line out of 2500 rows of DP table...
2022-01-04 00:58:52,906 - root - DEBUG - Processing 930-th line out of 2500 rows of DP table...
2022-01-04 00:58:53,452 - root - DEBUG - Processing 940-th line out of 2500 rows of DP table...
2022-01-04 00:58:54,001 - root - DEBUG - Processing 950-th line out of 2500 rows of DP table...
2022-01-04 00:58:54,540 - root - DEBUG - Processing 960-th line out of 2500 rows of DP table...
2022-01-04 00:58:55,082 - root - DEBUG - Processing 970-th line out of 2500 rows of DP table...
2022-01-04 00:58:55,617 - root - DEBUG - Processing 980-th line out of 2500 rows of DP table...
2022-01-04 00:58:56,152 - root - DEBUG - Processing 990-th line out of 2500 rows of DP table...
2022-01-04 00:58:56,676 - root - DEBUG - Processing 1000-th line out of 2500 rows of DP table...
2022-01-04 00:58:57,203 - root - DEBUG - Processing 1010-th line out of 2500 rows of DP table...
2022-01-04 00:58:57,721 - root - DEBUG - Processing 1020-th line out of 2500 rows of DP table...
2022-01-04 00:58:58,241 - root - DEBUG - Processing 1030-th line out of 2500 rows of DP table...
2022-01-04 00:58:58,753 - root - DEBUG - Processing 1040-th line out of 2500 rows of DP table...
2022-01-04 00:58:59,262 - root - DEBUG - Processing 1050-th line out of 2500 rows of DP table...
2022-01-04 00:58:59,773 - root - DEBUG - Processing 1060-th line out of 2500 rows of DP table...
2022-01-04 00:59:00,275 - root - DEBUG - Processing 1070-th line out of 2500 rows of DP table...
2022-01-04 00:59:00,777 - root - DEBUG - Processing 1080-th line out of 2500 rows of DP table...
2022-01-04 00:59:01,271 - root - DEBUG - Processing 1090-th line out of 2500 rows of DP table...
2022-01-04 00:59:01,767 - root - DEBUG - Processing 1100-th line out of 2500 rows of DP table...
2022-01-04 00:59:02,255 - root - DEBUG - Processing 1110-th line out of 2500 rows of DP table...
2022-01-04 00:59:02,745 - root - DEBUG - Processing 1120-th line out of 2500 rows of DP table...
2022-01-04 00:59:03,227 - root - DEBUG - Processing 1130-th line out of 2500 rows of DP table...
2022-01-04 00:59:03,705 - root - DEBUG - Processing 1140-th line out of 2500 rows of DP table...
2022-01-04 00:59:04,289 - root - DEBUG - Processing 1150-th line out of 2500 rows of DP table...
2022-01-04 00:59:04,810 - root - DEBUG - Processing 1160-th line out of 2500 rows of DP table...
2022-01-04 00:59:05,480 - root - DEBUG - Processing 1170-th line out of 2500 rows of DP table...
2022-01-04 00:59:05,944 - root - DEBUG - Processing 1180-th line out of 2500 rows of DP table...
2022-01-04 00:59:06,410 - root - DEBUG - Processing 1190-th line out of 2500 rows of DP table...
2022-01-04 00:59:06,868 - root - DEBUG - Processing 1200-th line out of 2500 rows of DP table...
2022-01-04 00:59:07,327 - root - DEBUG - Processing 1210-th line out of 2500 rows of DP table...
2022-01-04 00:59:07,776 - root - DEBUG - Processing 1220-th line out of 2500 rows of DP table...
2022-01-04 00:59:08,223 - root - DEBUG - Processing 1230-th line out of 2500 rows of DP table...
2022-01-04 00:59:08,672 - root - DEBUG - Processing 1240-th line out of 2500 rows of DP table...
2022-01-04 00:59:09,113 - root - DEBUG - Processing 1250-th line out of 2500 rows of DP table...
2022-01-04 00:59:09,550 - root - DEBUG - Processing 1260-th line out of 2500 rows of DP table...
2022-01-04 00:59:09,988 - root - DEBUG - Processing 1270-th line out of 2500 rows of DP table...
2022-01-04 00:59:10,419 - root - DEBUG - Processing 1280-th line out of 2500 rows of DP table...
2022-01-04 00:59:10,852 - root - DEBUG - Processing 1290-th line out of 2500 rows of DP table...
2022-01-04 00:59:11,276 - root - DEBUG - Processing 1300-th line out of 2500 rows of DP table...
2022-01-04 00:59:11,698 - root - DEBUG - Processing 1310-th line out of 2500 rows of DP table...
2022-01-04 00:59:12,124 - root - DEBUG - Processing 1320-th line out of 2500 rows of DP table...
2022-01-04 00:59:12,538 - root - DEBUG - Processing 1330-th line out of 2500 rows of DP table...
2022-01-04 00:59:12,949 - root - DEBUG - Processing 1340-th line out of 2500 rows of DP table...
2022-01-04 00:59:13,363 - root - DEBUG - Processing 1350-th line out of 2500 rows of DP table...
2022-01-04 00:59:13,767 - root - DEBUG - Processing 1360-th line out of 2500 rows of DP table...
2022-01-04 00:59:14,172 - root - DEBUG - Processing 1370-th line out of 2500 rows of DP table...
2022-01-04 00:59:14,568 - root - DEBUG - Processing 1380-th line out of 2500 rows of DP table...
2022-01-04 00:59:14,962 - root - DEBUG - Processing 1390-th line out of 2500 rows of DP table...
2022-01-04 00:59:15,357 - root - DEBUG - Processing 1400-th line out of 2500 rows of DP table...
2022-01-04 00:59:15,745 - root - DEBUG - Processing 1410-th line out of 2500 rows of DP table...
2022-01-04 00:59:16,127 - root - DEBUG - Processing 1420-th line out of 2500 rows of DP table...
2022-01-04 00:59:16,513 - root - DEBUG - Processing 1430-th line out of 2500 rows of DP table...
2022-01-04 00:59:16,889 - root - DEBUG - Processing 1440-th line out of 2500 rows of DP table...
2022-01-04 00:59:17,262 - root - DEBUG - Processing 1450-th line out of 2500 rows of DP table...
2022-01-04 00:59:17,637 - root - DEBUG - Processing 1460-th line out of 2500 rows of DP table...
2022-01-04 00:59:18,004 - root - DEBUG - Processing 1470-th line out of 2500 rows of DP table...
2022-01-04 00:59:18,367 - root - DEBUG - Processing 1480-th line out of 2500 rows of DP table...
2022-01-04 00:59:18,734 - root - DEBUG - Processing 1490-th line out of 2500 rows of DP table...
2022-01-04 00:59:19,093 - root - DEBUG - Processing 1500-th line out of 2500 rows of DP table...
2022-01-04 00:59:19,448 - root - DEBUG - Processing 1510-th line out of 2500 rows of DP table...
2022-01-04 00:59:19,798 - root - DEBUG - Processing 1520-th line out of 2500 rows of DP table...
2022-01-04 00:59:20,151 - root - DEBUG - Processing 1530-th line out of 2500 rows of DP table...
2022-01-04 00:59:20,498 - root - DEBUG - Processing 1540-th line out of 2500 rows of DP table...
2022-01-04 00:59:20,841 - root - DEBUG - Processing 1550-th line out of 2500 rows of DP table...
2022-01-04 00:59:21,211 - root - DEBUG - Processing 1560-th line out of 2500 rows of DP table...
2022-01-04 00:59:21,545 - root - DEBUG - Processing 1570-th line out of 2500 rows of DP table...
2022-01-04 00:59:21,873 - root - DEBUG - Processing 1580-th line out of 2500 rows of DP table...
2022-01-04 00:59:22,208 - root - DEBUG - Processing 1590-th line out of 2500 rows of DP table...
2022-01-04 00:59:22,533 - root - DEBUG - Processing 1600-th line out of 2500 rows of DP table...
2022-01-04 00:59:22,852 - root - DEBUG - Processing 1610-th line out of 2500 rows of DP table...
2022-01-04 00:59:23,170 - root - DEBUG - Processing 1620-th line out of 2500 rows of DP table...
2022-01-04 00:59:23,489 - root - DEBUG - Processing 1630-th line out of 2500 rows of DP table...
2022-01-04 00:59:23,799 - root - DEBUG - Processing 1640-th line out of 2500 rows of DP table...
2022-01-04 00:59:24,107 - root - DEBUG - Processing 1650-th line out of 2500 rows of DP table...
2022-01-04 00:59:24,416 - root - DEBUG - Processing 1660-th line out of 2500 rows of DP table...
2022-01-04 00:59:24,714 - root - DEBUG - Processing 1670-th line out of 2500 rows of DP table...
2022-01-04 00:59:25,009 - root - DEBUG - Processing 1680-th line out of 2500 rows of DP table...
2022-01-04 00:59:25,302 - root - DEBUG - Processing 1690-th line out of 2500 rows of DP table...
2022-01-04 00:59:25,597 - root - DEBUG - Processing 1700-th line out of 2500 rows of DP table...
2022-01-04 00:59:25,883 - root - DEBUG - Processing 1710-th line out of 2500 rows of DP table...
2022-01-04 00:59:26,165 - root - DEBUG - Processing 1720-th line out of 2500 rows of DP table...
2022-01-04 00:59:26,444 - root - DEBUG - Processing 1730-th line out of 2500 rows of DP table...
2022-01-04 00:59:26,726 - root - DEBUG - Processing 1740-th line out of 2500 rows of DP table...
2022-01-04 00:59:26,997 - root - DEBUG - Processing 1750-th line out of 2500 rows of DP table...
2022-01-04 00:59:27,265 - root - DEBUG - Processing 1760-th line out of 2500 rows of DP table...
2022-01-04 00:59:27,529 - root - DEBUG - Processing 1770-th line out of 2500 rows of DP table...
2022-01-04 00:59:27,792 - root - DEBUG - Processing 1780-th line out of 2500 rows of DP table...
2022-01-04 00:59:28,056 - root - DEBUG - Processing 1790-th line out of 2500 rows of DP table...
2022-01-04 00:59:28,311 - root - DEBUG - Processing 1800-th line out of 2500 rows of DP table...
2022-01-04 00:59:28,563 - root - DEBUG - Processing 1810-th line out of 2500 rows of DP table...
2022-01-04 00:59:28,812 - root - DEBUG - Processing 1820-th line out of 2500 rows of DP table...
2022-01-04 00:59:29,062 - root - DEBUG - Processing 1830-th line out of 2500 rows of DP table...
2022-01-04 00:59:29,303 - root - DEBUG - Processing 1840-th line out of 2500 rows of DP table...
2022-01-04 00:59:29,541 - root - DEBUG - Processing 1850-th line out of 2500 rows of DP table...
2022-01-04 00:59:29,776 - root - DEBUG - Processing 1860-th line out of 2500 rows of DP table...
2022-01-04 00:59:30,007 - root - DEBUG - Processing 1870-th line out of 2500 rows of DP table...
2022-01-04 00:59:30,240 - root - DEBUG - Processing 1880-th line out of 2500 rows of DP table...
2022-01-04 00:59:30,464 - root - DEBUG - Processing 1890-th line out of 2500 rows of DP table...
2022-01-04 00:59:30,686 - root - DEBUG - Processing 1900-th line out of 2500 rows of DP table...
2022-01-04 00:59:30,904 - root - DEBUG - Processing 1910-th line out of 2500 rows of DP table...
2022-01-04 00:59:31,118 - root - DEBUG - Processing 1920-th line out of 2500 rows of DP table...
2022-01-04 00:59:31,334 - root - DEBUG - Processing 1930-th line out of 2500 rows of DP table...
2022-01-04 00:59:31,541 - root - DEBUG - Processing 1940-th line out of 2500 rows of DP table...
2022-01-04 00:59:31,744 - root - DEBUG - Processing 1950-th line out of 2500 rows of DP table...
2022-01-04 00:59:31,943 - root - DEBUG - Processing 1960-th line out of 2500 rows of DP table...
2022-01-04 00:59:32,141 - root - DEBUG - Processing 1970-th line out of 2500 rows of DP table...
2022-01-04 00:59:32,334 - root - DEBUG - Processing 1980-th line out of 2500 rows of DP table...
2022-01-04 00:59:32,529 - root - DEBUG - Processing 1990-th line out of 2500 rows of DP table...
2022-01-04 00:59:32,715 - root - DEBUG - Processing 2000-th line out of 2500 rows of DP table...
2022-01-04 00:59:32,898 - root - DEBUG - Processing 2010-th line out of 2500 rows of DP table...
2022-01-04 00:59:33,078 - root - DEBUG - Processing 2020-th line out of 2500 rows of DP table...
2022-01-04 00:59:33,255 - root - DEBUG - Processing 2030-th line out of 2500 rows of DP table...
2022-01-04 00:59:33,429 - root - DEBUG - Processing 2040-th line out of 2500 rows of DP table...
2022-01-04 00:59:33,604 - root - DEBUG - Processing 2050-th line out of 2500 rows of DP table...
2022-01-04 00:59:33,770 - root - DEBUG - Processing 2060-th line out of 2500 rows of DP table...
2022-01-04 00:59:33,934 - root - DEBUG - Processing 2070-th line out of 2500 rows of DP table...
2022-01-04 00:59:34,094 - root - DEBUG - Processing 2080-th line out of 2500 rows of DP table...
2022-01-04 00:59:34,265 - root - DEBUG - Processing 2090-th line out of 2500 rows of DP table...
2022-01-04 00:59:34,418 - root - DEBUG - Processing 2100-th line out of 2500 rows of DP table...
2022-01-04 00:59:34,566 - root - DEBUG - Processing 2110-th line out of 2500 rows of DP table...
2022-01-04 00:59:34,781 - root - DEBUG - Processing 2120-th line out of 2500 rows of DP table...
2022-01-04 00:59:34,924 - root - DEBUG - Processing 2130-th line out of 2500 rows of DP table...
2022-01-04 00:59:35,063 - root - DEBUG - Processing 2140-th line out of 2500 rows of DP table...
2022-01-04 00:59:35,237 - root - DEBUG - Processing 2150-th line out of 2500 rows of DP table...
2022-01-04 00:59:35,369 - root - DEBUG - Processing 2160-th line out of 2500 rows of DP table...
2022-01-04 00:59:35,499 - root - DEBUG - Processing 2170-th line out of 2500 rows of DP table...
2022-01-04 00:59:35,626 - root - DEBUG - Processing 2180-th line out of 2500 rows of DP table...
2022-01-04 00:59:35,781 - root - DEBUG - Processing 2190-th line out of 2500 rows of DP table...
2022-01-04 00:59:35,916 - root - DEBUG - Processing 2200-th line out of 2500 rows of DP table...
2022-01-04 00:59:36,035 - root - DEBUG - Processing 2210-th line out of 2500 rows of DP table...
2022-01-04 00:59:36,149 - root - DEBUG - Processing 2220-th line out of 2500 rows of DP table...
2022-01-04 00:59:36,296 - root - DEBUG - Processing 2230-th line out of 2500 rows of DP table...
2022-01-04 00:59:36,403 - root - DEBUG - Processing 2240-th line out of 2500 rows of DP table...
2022-01-04 00:59:36,506 - root - DEBUG - Processing 2250-th line out of 2500 rows of DP table...
2022-01-04 00:59:36,609 - root - DEBUG - Processing 2260-th line out of 2500 rows of DP table...
2022-01-04 00:59:36,710 - root - DEBUG - Processing 2270-th line out of 2500 rows of DP table...
2022-01-04 00:59:36,808 - root - DEBUG - Processing 2280-th line out of 2500 rows of DP table...
2022-01-04 00:59:36,900 - root - DEBUG - Processing 2290-th line out of 2500 rows of DP table...
2022-01-04 00:59:36,990 - root - DEBUG - Processing 2300-th line out of 2500 rows of DP table...
2022-01-04 00:59:37,075 - root - DEBUG - Processing 2310-th line out of 2500 rows of DP table...
2022-01-04 00:59:37,156 - root - DEBUG - Processing 2320-th line out of 2500 rows of DP table...
2022-01-04 00:59:37,234 - root - DEBUG - Processing 2330-th line out of 2500 rows of DP table...
2022-01-04 00:59:37,310 - root - DEBUG - Processing 2340-th line out of 2500 rows of DP table...
2022-01-04 00:59:37,382 - root - DEBUG - Processing 2350-th line out of 2500 rows of DP table...
2022-01-04 00:59:37,450 - root - DEBUG - Processing 2360-th line out of 2500 rows of DP table...
2022-01-04 00:59:37,514 - root - DEBUG - Processing 2370-th line out of 2500 rows of DP table...
2022-01-04 00:59:37,574 - root - DEBUG - Processing 2380-th line out of 2500 rows of DP table...
2022-01-04 00:59:37,630 - root - DEBUG - Processing 2390-th line out of 2500 rows of DP table...
2022-01-04 00:59:37,683 - root - DEBUG - Processing 2400-th line out of 2500 rows of DP table...
2022-01-04 00:59:37,733 - root - DEBUG - Processing 2410-th line out of 2500 rows of DP table...
2022-01-04 00:59:37,780 - root - DEBUG - Processing 2420-th line out of 2500 rows of DP table...
2022-01-04 00:59:37,823 - root - DEBUG - Processing 2430-th line out of 2500 rows of DP table...
2022-01-04 00:59:37,862 - root - DEBUG - Processing 2440-th line out of 2500 rows of DP table...
2022-01-04 00:59:37,897 - root - DEBUG - Processing 2450-th line out of 2500 rows of DP table...
2022-01-04 00:59:37,929 - root - DEBUG - Processing 2460-th line out of 2500 rows of DP table...
2022-01-04 00:59:37,957 - root - DEBUG - Processing 2470-th line out of 2500 rows of DP table...
2022-01-04 00:59:37,982 - root - DEBUG - Processing 2480-th line out of 2500 rows of DP table...
2022-01-04 00:59:38,009 - root - DEBUG - Processing 2490-th line out of 2500 rows of DP table...
2022-01-04 00:59:38,026 - root - DEBUG - Processing 2500-th line out of 2500 rows of DP table...
2022-01-04 00:59:38,046 - root - DEBUG - Started computing joint logprobs...
