2022-01-04 20:47:34,709 - root - INFO - Loading reference interval set from '211227-2-sim/g20_8.ref.tsv'...
2022-01-04 20:47:34,828 - root - INFO - Loading query interval set from '211227-2-sim/g20_8.query.tsv'...
2022-01-04 20:47:34,856 - root - INFO - Loading chromosome sizes from '211227-2-sim/g20_sizes.tsv'...
2022-01-04 20:47:34,884 - root - INFO - Number of reference intervals: 2500 (2500 before merging)
2022-01-04 20:47:34,886 - root - INFO - Number of query intervals: 5000 (5000 before merging)
2022-01-04 20:47:34,888 - root - INFO - Number of chromosomes: 1
2022-01-04 20:47:34,909 - root - INFO - Overlap count: 1103
2022-01-04 20:47:34,910 - root - DEBUG - Started computing sf for chromosome 'chr1'...
2022-01-04 20:47:34,914 - root - DEBUG - m=2500, n=5000
2022-01-04 20:47:35,862 - root - DEBUG - Processing 10-th line out of 2500 rows of DP table...
2022-01-04 20:47:36,752 - root - DEBUG - Processing 20-th line out of 2500 rows of DP table...
2022-01-04 20:47:37,957 - root - DEBUG - Processing 30-th line out of 2500 rows of DP table...
2022-01-04 20:47:38,967 - root - DEBUG - Processing 40-th line out of 2500 rows of DP table...
2022-01-04 20:47:39,973 - root - DEBUG - Processing 50-th line out of 2500 rows of DP table...
2022-01-04 20:47:40,984 - root - DEBUG - Processing 60-th line out of 2500 rows of DP table...
2022-01-04 20:47:41,974 - root - DEBUG - Processing 70-th line out of 2500 rows of DP table...
2022-01-04 20:47:43,042 - root - DEBUG - Processing 80-th line out of 2500 rows of DP table...
2022-01-04 20:47:43,869 - root - DEBUG - Processing 90-th line out of 2500 rows of DP table...
2022-01-04 20:47:44,679 - root - DEBUG - Processing 100-th line out of 2500 rows of DP table...
2022-01-04 20:47:45,556 - root - DEBUG - Processing 110-th line out of 2500 rows of DP table...
2022-01-04 20:47:46,359 - root - DEBUG - Processing 120-th line out of 2500 rows of DP table...
2022-01-04 20:47:47,160 - root - DEBUG - Processing 130-th line out of 2500 rows of DP table...
2022-01-04 20:47:47,957 - root - DEBUG - Processing 140-th line out of 2500 rows of DP table...
2022-01-04 20:47:48,753 - root - DEBUG - Processing 150-th line out of 2500 rows of DP table...
2022-01-04 20:47:49,544 - root - DEBUG - Processing 160-th line out of 2500 rows of DP table...
2022-01-04 20:47:50,330 - root - DEBUG - Processing 170-th line out of 2500 rows of DP table...
2022-01-04 20:47:51,111 - root - DEBUG - Processing 180-th line out of 2500 rows of DP table...
2022-01-04 20:47:51,891 - root - DEBUG - Processing 190-th line out of 2500 rows of DP table...
2022-01-04 20:47:52,671 - root - DEBUG - Processing 200-th line out of 2500 rows of DP table...
2022-01-04 20:47:53,445 - root - DEBUG - Processing 210-th line out of 2500 rows of DP table...
2022-01-04 20:47:54,226 - root - DEBUG - Processing 220-th line out of 2500 rows of DP table...
2022-01-04 20:47:55,003 - root - DEBUG - Processing 230-th line out of 2500 rows of DP table...
2022-01-04 20:47:55,774 - root - DEBUG - Processing 240-th line out of 2500 rows of DP table...
2022-01-04 20:47:56,535 - root - DEBUG - Processing 250-th line out of 2500 rows of DP table...
2022-01-04 20:47:57,294 - root - DEBUG - Processing 260-th line out of 2500 rows of DP table...
2022-01-04 20:47:58,050 - root - DEBUG - Processing 270-th line out of 2500 rows of DP table...
2022-01-04 20:47:58,801 - root - DEBUG - Processing 280-th line out of 2500 rows of DP table...
2022-01-04 20:47:59,576 - root - DEBUG - Processing 290-th line out of 2500 rows of DP table...
2022-01-04 20:48:00,321 - root - DEBUG - Processing 300-th line out of 2500 rows of DP table...
2022-01-04 20:48:01,061 - root - DEBUG - Processing 310-th line out of 2500 rows of DP table...
2022-01-04 20:48:01,797 - root - DEBUG - Processing 320-th line out of 2500 rows of DP table...
2022-01-04 20:48:02,533 - root - DEBUG - Processing 330-th line out of 2500 rows of DP table...
2022-01-04 20:48:03,264 - root - DEBUG - Processing 340-th line out of 2500 rows of DP table...
2022-01-04 20:48:03,992 - root - DEBUG - Processing 350-th line out of 2500 rows of DP table...
2022-01-04 20:48:04,720 - root - DEBUG - Processing 360-th line out of 2500 rows of DP table...
2022-01-04 20:48:05,443 - root - DEBUG - Processing 370-th line out of 2500 rows of DP table...
2022-01-04 20:48:06,167 - root - DEBUG - Processing 380-th line out of 2500 rows of DP table...
2022-01-04 20:48:06,881 - root - DEBUG - Processing 390-th line out of 2500 rows of DP table...
2022-01-04 20:48:07,591 - root - DEBUG - Processing 400-th line out of 2500 rows of DP table...
2022-01-04 20:48:08,300 - root - DEBUG - Processing 410-th line out of 2500 rows of DP table...
2022-01-04 20:48:09,005 - root - DEBUG - Processing 420-th line out of 2500 rows of DP table...
2022-01-04 20:48:09,715 - root - DEBUG - Processing 430-th line out of 2500 rows of DP table...
2022-01-04 20:48:10,412 - root - DEBUG - Processing 440-th line out of 2500 rows of DP table...
2022-01-04 20:48:11,109 - root - DEBUG - Processing 450-th line out of 2500 rows of DP table...
2022-01-04 20:48:11,802 - root - DEBUG - Processing 460-th line out of 2500 rows of DP table...
2022-01-04 20:48:12,494 - root - DEBUG - Processing 470-th line out of 2500 rows of DP table...
2022-01-04 20:48:13,180 - root - DEBUG - Processing 480-th line out of 2500 rows of DP table...
2022-01-04 20:48:13,861 - root - DEBUG - Processing 490-th line out of 2500 rows of DP table...
2022-01-04 20:48:14,539 - root - DEBUG - Processing 500-th line out of 2500 rows of DP table...
2022-01-04 20:48:15,215 - root - DEBUG - Processing 510-th line out of 2500 rows of DP table...
2022-01-04 20:48:15,888 - root - DEBUG - Processing 520-th line out of 2500 rows of DP table...
2022-01-04 20:48:16,558 - root - DEBUG - Processing 530-th line out of 2500 rows of DP table...
2022-01-04 20:48:17,225 - root - DEBUG - Processing 540-th line out of 2500 rows of DP table...
2022-01-04 20:48:17,888 - root - DEBUG - Processing 550-th line out of 2500 rows of DP table...
2022-01-04 20:48:18,546 - root - DEBUG - Processing 560-th line out of 2500 rows of DP table...
2022-01-04 20:48:19,205 - root - DEBUG - Processing 570-th line out of 2500 rows of DP table...
2022-01-04 20:48:19,858 - root - DEBUG - Processing 580-th line out of 2500 rows of DP table...
2022-01-04 20:48:20,508 - root - DEBUG - Processing 590-th line out of 2500 rows of DP table...
2022-01-04 20:48:21,156 - root - DEBUG - Processing 600-th line out of 2500 rows of DP table...
2022-01-04 20:48:21,797 - root - DEBUG - Processing 610-th line out of 2500 rows of DP table...
2022-01-04 20:48:22,437 - root - DEBUG - Processing 620-th line out of 2500 rows of DP table...
2022-01-04 20:48:23,075 - root - DEBUG - Processing 630-th line out of 2500 rows of DP table...
2022-01-04 20:48:23,710 - root - DEBUG - Processing 640-th line out of 2500 rows of DP table...
2022-01-04 20:48:24,339 - root - DEBUG - Processing 650-th line out of 2500 rows of DP table...
2022-01-04 20:48:24,963 - root - DEBUG - Processing 660-th line out of 2500 rows of DP table...
2022-01-04 20:48:25,586 - root - DEBUG - Processing 670-th line out of 2500 rows of DP table...
2022-01-04 20:48:26,205 - root - DEBUG - Processing 680-th line out of 2500 rows of DP table...
2022-01-04 20:48:26,821 - root - DEBUG - Processing 690-th line out of 2500 rows of DP table...
2022-01-04 20:48:27,433 - root - DEBUG - Processing 700-th line out of 2500 rows of DP table...
2022-01-04 20:48:28,042 - root - DEBUG - Processing 710-th line out of 2500 rows of DP table...
2022-01-04 20:48:28,648 - root - DEBUG - Processing 720-th line out of 2500 rows of DP table...
2022-01-04 20:48:29,250 - root - DEBUG - Processing 730-th line out of 2500 rows of DP table...
2022-01-04 20:48:29,851 - root - DEBUG - Processing 740-th line out of 2500 rows of DP table...
2022-01-04 20:48:30,449 - root - DEBUG - Processing 750-th line out of 2500 rows of DP table...
2022-01-04 20:48:31,041 - root - DEBUG - Processing 760-th line out of 2500 rows of DP table...
2022-01-04 20:48:31,630 - root - DEBUG - Processing 770-th line out of 2500 rows of DP table...
2022-01-04 20:48:32,216 - root - DEBUG - Processing 780-th line out of 2500 rows of DP table...
2022-01-04 20:48:32,800 - root - DEBUG - Processing 790-th line out of 2500 rows of DP table...
2022-01-04 20:48:33,380 - root - DEBUG - Processing 800-th line out of 2500 rows of DP table...
2022-01-04 20:48:33,959 - root - DEBUG - Processing 810-th line out of 2500 rows of DP table...
2022-01-04 20:48:34,531 - root - DEBUG - Processing 820-th line out of 2500 rows of DP table...
2022-01-04 20:48:35,100 - root - DEBUG - Processing 830-th line out of 2500 rows of DP table...
2022-01-04 20:48:35,667 - root - DEBUG - Processing 840-th line out of 2500 rows of DP table...
2022-01-04 20:48:36,228 - root - DEBUG - Processing 850-th line out of 2500 rows of DP table...
2022-01-04 20:48:36,788 - root - DEBUG - Processing 860-th line out of 2500 rows of DP table...
2022-01-04 20:48:37,346 - root - DEBUG - Processing 870-th line out of 2500 rows of DP table...
2022-01-04 20:48:37,899 - root - DEBUG - Processing 880-th line out of 2500 rows of DP table...
2022-01-04 20:48:38,452 - root - DEBUG - Processing 890-th line out of 2500 rows of DP table...
2022-01-04 20:48:39,001 - root - DEBUG - Processing 900-th line out of 2500 rows of DP table...
2022-01-04 20:48:39,547 - root - DEBUG - Processing 910-th line out of 2500 rows of DP table...
2022-01-04 20:48:40,089 - root - DEBUG - Processing 920-th line out of 2500 rows of DP table...
2022-01-04 20:48:40,627 - root - DEBUG - Processing 930-th line out of 2500 rows of DP table...
2022-01-04 20:48:41,161 - root - DEBUG - Processing 940-th line out of 2500 rows of DP table...
2022-01-04 20:48:41,691 - root - DEBUG - Processing 950-th line out of 2500 rows of DP table...
2022-01-04 20:48:42,224 - root - DEBUG - Processing 960-th line out of 2500 rows of DP table...
2022-01-04 20:48:42,750 - root - DEBUG - Processing 970-th line out of 2500 rows of DP table...
2022-01-04 20:48:43,270 - root - DEBUG - Processing 980-th line out of 2500 rows of DP table...
2022-01-04 20:48:43,786 - root - DEBUG - Processing 990-th line out of 2500 rows of DP table...
2022-01-04 20:48:44,298 - root - DEBUG - Processing 1000-th line out of 2500 rows of DP table...
2022-01-04 20:48:44,807 - root - DEBUG - Processing 1010-th line out of 2500 rows of DP table...
2022-01-04 20:48:45,313 - root - DEBUG - Processing 1020-th line out of 2500 rows of DP table...
2022-01-04 20:48:45,817 - root - DEBUG - Processing 1030-th line out of 2500 rows of DP table...
2022-01-04 20:48:46,339 - root - DEBUG - Processing 1040-th line out of 2500 rows of DP table...
2022-01-04 20:48:46,836 - root - DEBUG - Processing 1050-th line out of 2500 rows of DP table...
2022-01-04 20:48:47,329 - root - DEBUG - Processing 1060-th line out of 2500 rows of DP table...
2022-01-04 20:48:47,818 - root - DEBUG - Processing 1070-th line out of 2500 rows of DP table...
2022-01-04 20:48:48,305 - root - DEBUG - Processing 1080-th line out of 2500 rows of DP table...
2022-01-04 20:48:48,788 - root - DEBUG - Processing 1090-th line out of 2500 rows of DP table...
2022-01-04 20:48:49,269 - root - DEBUG - Processing 1100-th line out of 2500 rows of DP table...
2022-01-04 20:48:49,747 - root - DEBUG - Processing 1110-th line out of 2500 rows of DP table...
2022-01-04 20:48:50,221 - root - DEBUG - Processing 1120-th line out of 2500 rows of DP table...
2022-01-04 20:48:50,691 - root - DEBUG - Processing 1130-th line out of 2500 rows of DP table...
2022-01-04 20:48:51,157 - root - DEBUG - Processing 1140-th line out of 2500 rows of DP table...
2022-01-04 20:48:51,621 - root - DEBUG - Processing 1150-th line out of 2500 rows of DP table...
2022-01-04 20:48:52,080 - root - DEBUG - Processing 1160-th line out of 2500 rows of DP table...
2022-01-04 20:48:52,537 - root - DEBUG - Processing 1170-th line out of 2500 rows of DP table...
2022-01-04 20:48:52,992 - root - DEBUG - Processing 1180-th line out of 2500 rows of DP table...
2022-01-04 20:48:53,442 - root - DEBUG - Processing 1190-th line out of 2500 rows of DP table...
2022-01-04 20:48:53,889 - root - DEBUG - Processing 1200-th line out of 2500 rows of DP table...
2022-01-04 20:48:54,334 - root - DEBUG - Processing 1210-th line out of 2500 rows of DP table...
2022-01-04 20:48:54,775 - root - DEBUG - Processing 1220-th line out of 2500 rows of DP table...
2022-01-04 20:48:55,212 - root - DEBUG - Processing 1230-th line out of 2500 rows of DP table...
2022-01-04 20:48:55,645 - root - DEBUG - Processing 1240-th line out of 2500 rows of DP table...
2022-01-04 20:48:56,076 - root - DEBUG - Processing 1250-th line out of 2500 rows of DP table...
2022-01-04 20:48:56,504 - root - DEBUG - Processing 1260-th line out of 2500 rows of DP table...
2022-01-04 20:48:56,951 - root - DEBUG - Processing 1270-th line out of 2500 rows of DP table...
2022-01-04 20:48:57,394 - root - DEBUG - Processing 1280-th line out of 2500 rows of DP table...
2022-01-04 20:48:57,812 - root - DEBUG - Processing 1290-th line out of 2500 rows of DP table...
2022-01-04 20:48:58,227 - root - DEBUG - Processing 1300-th line out of 2500 rows of DP table...
2022-01-04 20:48:58,648 - root - DEBUG - Processing 1310-th line out of 2500 rows of DP table...
2022-01-04 20:48:59,056 - root - DEBUG - Processing 1320-th line out of 2500 rows of DP table...
2022-01-04 20:48:59,460 - root - DEBUG - Processing 1330-th line out of 2500 rows of DP table...
2022-01-04 20:48:59,859 - root - DEBUG - Processing 1340-th line out of 2500 rows of DP table...
2022-01-04 20:49:00,255 - root - DEBUG - Processing 1350-th line out of 2500 rows of DP table...
2022-01-04 20:49:00,648 - root - DEBUG - Processing 1360-th line out of 2500 rows of DP table...
2022-01-04 20:49:01,085 - root - DEBUG - Processing 1370-th line out of 2500 rows of DP table...
2022-01-04 20:49:01,472 - root - DEBUG - Processing 1380-th line out of 2500 rows of DP table...
2022-01-04 20:49:01,854 - root - DEBUG - Processing 1390-th line out of 2500 rows of DP table...
2022-01-04 20:49:02,233 - root - DEBUG - Processing 1400-th line out of 2500 rows of DP table...
2022-01-04 20:49:02,611 - root - DEBUG - Processing 1410-th line out of 2500 rows of DP table...
2022-01-04 20:49:02,984 - root - DEBUG - Processing 1420-th line out of 2500 rows of DP table...
2022-01-04 20:49:03,355 - root - DEBUG - Processing 1430-th line out of 2500 rows of DP table...
2022-01-04 20:49:03,722 - root - DEBUG - Processing 1440-th line out of 2500 rows of DP table...
2022-01-04 20:49:04,087 - root - DEBUG - Processing 1450-th line out of 2500 rows of DP table...
2022-01-04 20:49:04,447 - root - DEBUG - Processing 1460-th line out of 2500 rows of DP table...
2022-01-04 20:49:04,820 - root - DEBUG - Processing 1470-th line out of 2500 rows of DP table...
2022-01-04 20:49:05,199 - root - DEBUG - Processing 1480-th line out of 2500 rows of DP table...
2022-01-04 20:49:05,549 - root - DEBUG - Processing 1490-th line out of 2500 rows of DP table...
2022-01-04 20:49:05,896 - root - DEBUG - Processing 1500-th line out of 2500 rows of DP table...
2022-01-04 20:49:06,262 - root - DEBUG - Processing 1510-th line out of 2500 rows of DP table...
2022-01-04 20:49:06,615 - root - DEBUG - Processing 1520-th line out of 2500 rows of DP table...
2022-01-04 20:49:06,953 - root - DEBUG - Processing 1530-th line out of 2500 rows of DP table...
2022-01-04 20:49:07,285 - root - DEBUG - Processing 1540-th line out of 2500 rows of DP table...
2022-01-04 20:49:07,616 - root - DEBUG - Processing 1550-th line out of 2500 rows of DP table...
2022-01-04 20:49:07,943 - root - DEBUG - Processing 1560-th line out of 2500 rows of DP table...
2022-01-04 20:49:08,294 - root - DEBUG - Processing 1570-th line out of 2500 rows of DP table...
2022-01-04 20:49:08,614 - root - DEBUG - Processing 1580-th line out of 2500 rows of DP table...
2022-01-04 20:49:08,930 - root - DEBUG - Processing 1590-th line out of 2500 rows of DP table...
2022-01-04 20:49:09,249 - root - DEBUG - Processing 1600-th line out of 2500 rows of DP table...
2022-01-04 20:49:09,577 - root - DEBUG - Processing 1610-th line out of 2500 rows of DP table...
2022-01-04 20:49:09,885 - root - DEBUG - Processing 1620-th line out of 2500 rows of DP table...
2022-01-04 20:49:10,190 - root - DEBUG - Processing 1630-th line out of 2500 rows of DP table...
2022-01-04 20:49:10,491 - root - DEBUG - Processing 1640-th line out of 2500 rows of DP table...
2022-01-04 20:49:10,788 - root - DEBUG - Processing 1650-th line out of 2500 rows of DP table...
2022-01-04 20:49:11,285 - root - DEBUG - Processing 1660-th line out of 2500 rows of DP table...
2022-01-04 20:49:11,576 - root - DEBUG - Processing 1670-th line out of 2500 rows of DP table...
2022-01-04 20:49:11,862 - root - DEBUG - Processing 1680-th line out of 2500 rows of DP table...
2022-01-04 20:49:12,146 - root - DEBUG - Processing 1690-th line out of 2500 rows of DP table...
2022-01-04 20:49:12,427 - root - DEBUG - Processing 1700-th line out of 2500 rows of DP table...
2022-01-04 20:49:12,705 - root - DEBUG - Processing 1710-th line out of 2500 rows of DP table...
2022-01-04 20:49:12,978 - root - DEBUG - Processing 1720-th line out of 2500 rows of DP table...
2022-01-04 20:49:13,248 - root - DEBUG - Processing 1730-th line out of 2500 rows of DP table...
2022-01-04 20:49:13,516 - root - DEBUG - Processing 1740-th line out of 2500 rows of DP table...
2022-01-04 20:49:13,798 - root - DEBUG - Processing 1750-th line out of 2500 rows of DP table...
2022-01-04 20:49:14,060 - root - DEBUG - Processing 1760-th line out of 2500 rows of DP table...
2022-01-04 20:49:14,317 - root - DEBUG - Processing 1770-th line out of 2500 rows of DP table...
2022-01-04 20:49:14,571 - root - DEBUG - Processing 1780-th line out of 2500 rows of DP table...
2022-01-04 20:49:14,821 - root - DEBUG - Processing 1790-th line out of 2500 rows of DP table...
2022-01-04 20:49:15,069 - root - DEBUG - Processing 1800-th line out of 2500 rows of DP table...
2022-01-04 20:49:15,314 - root - DEBUG - Processing 1810-th line out of 2500 rows of DP table...
2022-01-04 20:49:15,555 - root - DEBUG - Processing 1820-th line out of 2500 rows of DP table...
2022-01-04 20:49:15,793 - root - DEBUG - Processing 1830-th line out of 2500 rows of DP table...
2022-01-04 20:49:16,028 - root - DEBUG - Processing 1840-th line out of 2500 rows of DP table...
2022-01-04 20:49:16,259 - root - DEBUG - Processing 1850-th line out of 2500 rows of DP table...
2022-01-04 20:49:16,548 - root - DEBUG - Processing 1860-th line out of 2500 rows of DP table...
2022-01-04 20:49:16,772 - root - DEBUG - Processing 1870-th line out of 2500 rows of DP table...
2022-01-04 20:49:16,994 - root - DEBUG - Processing 1880-th line out of 2500 rows of DP table...
2022-01-04 20:49:17,212 - root - DEBUG - Processing 1890-th line out of 2500 rows of DP table...
2022-01-04 20:49:17,427 - root - DEBUG - Processing 1900-th line out of 2500 rows of DP table...
2022-01-04 20:49:17,637 - root - DEBUG - Processing 1910-th line out of 2500 rows of DP table...
2022-01-04 20:49:17,845 - root - DEBUG - Processing 1920-th line out of 2500 rows of DP table...
2022-01-04 20:49:18,050 - root - DEBUG - Processing 1930-th line out of 2500 rows of DP table...
2022-01-04 20:49:18,252 - root - DEBUG - Processing 1940-th line out of 2500 rows of DP table...
2022-01-04 20:49:18,450 - root - DEBUG - Processing 1950-th line out of 2500 rows of DP table...
2022-01-04 20:49:18,644 - root - DEBUG - Processing 1960-th line out of 2500 rows of DP table...
2022-01-04 20:49:18,835 - root - DEBUG - Processing 1970-th line out of 2500 rows of DP table...
2022-01-04 20:49:19,023 - root - DEBUG - Processing 1980-th line out of 2500 rows of DP table...
2022-01-04 20:49:19,289 - root - DEBUG - Processing 1990-th line out of 2500 rows of DP table...
2022-01-04 20:49:19,473 - root - DEBUG - Processing 2000-th line out of 2500 rows of DP table...
2022-01-04 20:49:19,653 - root - DEBUG - Processing 2010-th line out of 2500 rows of DP table...
2022-01-04 20:49:19,831 - root - DEBUG - Processing 2020-th line out of 2500 rows of DP table...
2022-01-04 20:49:20,004 - root - DEBUG - Processing 2030-th line out of 2500 rows of DP table...
2022-01-04 20:49:20,173 - root - DEBUG - Processing 2040-th line out of 2500 rows of DP table...
2022-01-04 20:49:20,339 - root - DEBUG - Processing 2050-th line out of 2500 rows of DP table...
2022-01-04 20:49:20,502 - root - DEBUG - Processing 2060-th line out of 2500 rows of DP table...
2022-01-04 20:49:20,663 - root - DEBUG - Processing 2070-th line out of 2500 rows of DP table...
2022-01-04 20:49:20,820 - root - DEBUG - Processing 2080-th line out of 2500 rows of DP table...
2022-01-04 20:49:20,974 - root - DEBUG - Processing 2090-th line out of 2500 rows of DP table...
2022-01-04 20:49:21,124 - root - DEBUG - Processing 2100-th line out of 2500 rows of DP table...
2022-01-04 20:49:21,271 - root - DEBUG - Processing 2110-th line out of 2500 rows of DP table...
2022-01-04 20:49:21,414 - root - DEBUG - Processing 2120-th line out of 2500 rows of DP table...
2022-01-04 20:49:21,554 - root - DEBUG - Processing 2130-th line out of 2500 rows of DP table...
2022-01-04 20:49:21,691 - root - DEBUG - Processing 2140-th line out of 2500 rows of DP table...
2022-01-04 20:49:21,824 - root - DEBUG - Processing 2150-th line out of 2500 rows of DP table...
2022-01-04 20:49:21,954 - root - DEBUG - Processing 2160-th line out of 2500 rows of DP table...
2022-01-04 20:49:22,080 - root - DEBUG - Processing 2170-th line out of 2500 rows of DP table...
2022-01-04 20:49:22,228 - root - DEBUG - Processing 2180-th line out of 2500 rows of DP table...
2022-01-04 20:49:22,348 - root - DEBUG - Processing 2190-th line out of 2500 rows of DP table...
2022-01-04 20:49:22,465 - root - DEBUG - Processing 2200-th line out of 2500 rows of DP table...
2022-01-04 20:49:22,578 - root - DEBUG - Processing 2210-th line out of 2500 rows of DP table...
2022-01-04 20:49:22,688 - root - DEBUG - Processing 2220-th line out of 2500 rows of DP table...
2022-01-04 20:49:22,794 - root - DEBUG - Processing 2230-th line out of 2500 rows of DP table...
2022-01-04 20:49:22,898 - root - DEBUG - Processing 2240-th line out of 2500 rows of DP table...
2022-01-04 20:49:22,997 - root - DEBUG - Processing 2250-th line out of 2500 rows of DP table...
2022-01-04 20:49:23,092 - root - DEBUG - Processing 2260-th line out of 2500 rows of DP table...
2022-01-04 20:49:23,184 - root - DEBUG - Processing 2270-th line out of 2500 rows of DP table...
2022-01-04 20:49:23,274 - root - DEBUG - Processing 2280-th line out of 2500 rows of DP table...
2022-01-04 20:49:23,359 - root - DEBUG - Processing 2290-th line out of 2500 rows of DP table...
2022-01-04 20:49:23,442 - root - DEBUG - Processing 2300-th line out of 2500 rows of DP table...
2022-01-04 20:49:23,522 - root - DEBUG - Processing 2310-th line out of 2500 rows of DP table...
2022-01-04 20:49:23,597 - root - DEBUG - Processing 2320-th line out of 2500 rows of DP table...
2022-01-04 20:49:23,670 - root - DEBUG - Processing 2330-th line out of 2500 rows of DP table...
2022-01-04 20:49:23,740 - root - DEBUG - Processing 2340-th line out of 2500 rows of DP table...
2022-01-04 20:49:23,806 - root - DEBUG - Processing 2350-th line out of 2500 rows of DP table...
2022-01-04 20:49:23,868 - root - DEBUG - Processing 2360-th line out of 2500 rows of DP table...
2022-01-04 20:49:23,928 - root - DEBUG - Processing 2370-th line out of 2500 rows of DP table...
2022-01-04 20:49:23,984 - root - DEBUG - Processing 2380-th line out of 2500 rows of DP table...
2022-01-04 20:49:24,036 - root - DEBUG - Processing 2390-th line out of 2500 rows of DP table...
2022-01-04 20:49:24,086 - root - DEBUG - Processing 2400-th line out of 2500 rows of DP table...
2022-01-04 20:49:24,132 - root - DEBUG - Processing 2410-th line out of 2500 rows of DP table...
2022-01-04 20:49:24,175 - root - DEBUG - Processing 2420-th line out of 2500 rows of DP table...
2022-01-04 20:49:24,214 - root - DEBUG - Processing 2430-th line out of 2500 rows of DP table...
2022-01-04 20:49:24,249 - root - DEBUG - Processing 2440-th line out of 2500 rows of DP table...
2022-01-04 20:49:24,281 - root - DEBUG - Processing 2450-th line out of 2500 rows of DP table...
2022-01-04 20:49:24,310 - root - DEBUG - Processing 2460-th line out of 2500 rows of DP table...
2022-01-04 20:49:24,335 - root - DEBUG - Processing 2470-th line out of 2500 rows of DP table...
2022-01-04 20:49:24,356 - root - DEBUG - Processing 2480-th line out of 2500 rows of DP table...
2022-01-04 20:49:24,375 - root - DEBUG - Processing 2490-th line out of 2500 rows of DP table...
2022-01-04 20:49:24,390 - root - DEBUG - Processing 2500-th line out of 2500 rows of DP table...
2022-01-04 20:49:24,406 - root - DEBUG - Started computing joint logprobs...
