2022-01-04 21:22:22,066 - root - INFO - Loading reference interval set from '211227-2-sim/g20_2.ref.tsv'...
2022-01-04 21:22:22,084 - root - INFO - Loading query interval set from '211227-2-sim/g20_2.query.tsv'...
2022-01-04 21:22:22,115 - root - INFO - Loading chromosome sizes from '211227-2-sim/g20_sizes.tsv'...
2022-01-04 21:22:22,122 - root - INFO - Number of reference intervals: 2500 (2500 before merging)
2022-01-04 21:22:22,123 - root - INFO - Number of query intervals: 5000 (5000 before merging)
2022-01-04 21:22:22,125 - root - INFO - Number of chromosomes: 1
2022-01-04 21:22:22,135 - root - INFO - Overlap count: 1096
2022-01-04 21:22:22,136 - root - DEBUG - Started computing sf for chromosome 'chr1'...
2022-01-04 21:22:22,138 - root - DEBUG - m=2500, n=5000
2022-01-04 21:22:22,993 - root - DEBUG - Processing 10-th line out of 2500 rows of DP table...
2022-01-04 21:22:23,890 - root - DEBUG - Processing 20-th line out of 2500 rows of DP table...
2022-01-04 21:22:24,782 - root - DEBUG - Processing 30-th line out of 2500 rows of DP table...
2022-01-04 21:22:25,676 - root - DEBUG - Processing 40-th line out of 2500 rows of DP table...
2022-01-04 21:22:26,567 - root - DEBUG - Processing 50-th line out of 2500 rows of DP table...
2022-01-04 21:22:27,454 - root - DEBUG - Processing 60-th line out of 2500 rows of DP table...
2022-01-04 21:22:28,335 - root - DEBUG - Processing 70-th line out of 2500 rows of DP table...
2022-01-04 21:22:29,213 - root - DEBUG - Processing 80-th line out of 2500 rows of DP table...
2022-01-04 21:22:30,089 - root - DEBUG - Processing 90-th line out of 2500 rows of DP table...
2022-01-04 21:22:30,960 - root - DEBUG - Processing 100-th line out of 2500 rows of DP table...
2022-01-04 21:22:31,823 - root - DEBUG - Processing 110-th line out of 2500 rows of DP table...
2022-01-04 21:22:32,686 - root - DEBUG - Processing 120-th line out of 2500 rows of DP table...
2022-01-04 21:22:33,547 - root - DEBUG - Processing 130-th line out of 2500 rows of DP table...
2022-01-04 21:22:34,403 - root - DEBUG - Processing 140-th line out of 2500 rows of DP table...
2022-01-04 21:22:35,251 - root - DEBUG - Processing 150-th line out of 2500 rows of DP table...
2022-01-04 21:22:36,104 - root - DEBUG - Processing 160-th line out of 2500 rows of DP table...
2022-01-04 21:22:36,951 - root - DEBUG - Processing 170-th line out of 2500 rows of DP table...
2022-01-04 21:22:37,791 - root - DEBUG - Processing 180-th line out of 2500 rows of DP table...
2022-01-04 21:22:38,631 - root - DEBUG - Processing 190-th line out of 2500 rows of DP table...
2022-01-04 21:22:39,463 - root - DEBUG - Processing 200-th line out of 2500 rows of DP table...
2022-01-04 21:22:40,296 - root - DEBUG - Processing 210-th line out of 2500 rows of DP table...
2022-01-04 21:22:41,127 - root - DEBUG - Processing 220-th line out of 2500 rows of DP table...
2022-01-04 21:22:41,959 - root - DEBUG - Processing 230-th line out of 2500 rows of DP table...
2022-01-04 21:22:42,775 - root - DEBUG - Processing 240-th line out of 2500 rows of DP table...
2022-01-04 21:22:43,592 - root - DEBUG - Processing 250-th line out of 2500 rows of DP table...
2022-01-04 21:22:44,407 - root - DEBUG - Processing 260-th line out of 2500 rows of DP table...
2022-01-04 21:22:45,214 - root - DEBUG - Processing 270-th line out of 2500 rows of DP table...
2022-01-04 21:22:46,022 - root - DEBUG - Processing 280-th line out of 2500 rows of DP table...
2022-01-04 21:22:46,826 - root - DEBUG - Processing 290-th line out of 2500 rows of DP table...
2022-01-04 21:22:47,625 - root - DEBUG - Processing 300-th line out of 2500 rows of DP table...
2022-01-04 21:22:48,424 - root - DEBUG - Processing 310-th line out of 2500 rows of DP table...
2022-01-04 21:22:49,215 - root - DEBUG - Processing 320-th line out of 2500 rows of DP table...
2022-01-04 21:22:50,003 - root - DEBUG - Processing 330-th line out of 2500 rows of DP table...
2022-01-04 21:22:50,785 - root - DEBUG - Processing 340-th line out of 2500 rows of DP table...
2022-01-04 21:22:51,568 - root - DEBUG - Processing 350-th line out of 2500 rows of DP table...
2022-01-04 21:22:52,347 - root - DEBUG - Processing 360-th line out of 2500 rows of DP table...
2022-01-04 21:22:53,124 - root - DEBUG - Processing 370-th line out of 2500 rows of DP table...
2022-01-04 21:22:53,894 - root - DEBUG - Processing 380-th line out of 2500 rows of DP table...
2022-01-04 21:22:54,664 - root - DEBUG - Processing 390-th line out of 2500 rows of DP table...
2022-01-04 21:22:55,430 - root - DEBUG - Processing 400-th line out of 2500 rows of DP table...
2022-01-04 21:22:56,186 - root - DEBUG - Processing 410-th line out of 2500 rows of DP table...
2022-01-04 21:22:56,971 - root - DEBUG - Processing 420-th line out of 2500 rows of DP table...
2022-01-04 21:22:57,724 - root - DEBUG - Processing 430-th line out of 2500 rows of DP table...
2022-01-04 21:22:58,472 - root - DEBUG - Processing 440-th line out of 2500 rows of DP table...
2022-01-04 21:22:59,219 - root - DEBUG - Processing 450-th line out of 2500 rows of DP table...
2022-01-04 21:22:59,963 - root - DEBUG - Processing 460-th line out of 2500 rows of DP table...
2022-01-04 21:23:00,699 - root - DEBUG - Processing 470-th line out of 2500 rows of DP table...
2022-01-04 21:23:01,434 - root - DEBUG - Processing 480-th line out of 2500 rows of DP table...
2022-01-04 21:23:02,165 - root - DEBUG - Processing 490-th line out of 2500 rows of DP table...
2022-01-04 21:23:02,891 - root - DEBUG - Processing 500-th line out of 2500 rows of DP table...
2022-01-04 21:23:03,619 - root - DEBUG - Processing 510-th line out of 2500 rows of DP table...
2022-01-04 21:23:04,339 - root - DEBUG - Processing 520-th line out of 2500 rows of DP table...
2022-01-04 21:23:05,055 - root - DEBUG - Processing 530-th line out of 2500 rows of DP table...
2022-01-04 21:23:05,768 - root - DEBUG - Processing 540-th line out of 2500 rows of DP table...
2022-01-04 21:23:06,480 - root - DEBUG - Processing 550-th line out of 2500 rows of DP table...
2022-01-04 21:23:07,184 - root - DEBUG - Processing 560-th line out of 2500 rows of DP table...
2022-01-04 21:23:07,888 - root - DEBUG - Processing 570-th line out of 2500 rows of DP table...
2022-01-04 21:23:08,588 - root - DEBUG - Processing 580-th line out of 2500 rows of DP table...
2022-01-04 21:23:09,280 - root - DEBUG - Processing 590-th line out of 2500 rows of DP table...
2022-01-04 21:23:09,974 - root - DEBUG - Processing 600-th line out of 2500 rows of DP table...
2022-01-04 21:23:10,656 - root - DEBUG - Processing 610-th line out of 2500 rows of DP table...
2022-01-04 21:23:11,343 - root - DEBUG - Processing 620-th line out of 2500 rows of DP table...
2022-01-04 21:23:12,028 - root - DEBUG - Processing 630-th line out of 2500 rows of DP table...
2022-01-04 21:23:12,703 - root - DEBUG - Processing 640-th line out of 2500 rows of DP table...
2022-01-04 21:23:13,404 - root - DEBUG - Processing 650-th line out of 2500 rows of DP table...
2022-01-04 21:23:14,072 - root - DEBUG - Processing 660-th line out of 2500 rows of DP table...
2022-01-04 21:23:14,739 - root - DEBUG - Processing 670-th line out of 2500 rows of DP table...
2022-01-04 21:23:15,403 - root - DEBUG - Processing 680-th line out of 2500 rows of DP table...
2022-01-04 21:23:16,061 - root - DEBUG - Processing 690-th line out of 2500 rows of DP table...
2022-01-04 21:23:16,719 - root - DEBUG - Processing 700-th line out of 2500 rows of DP table...
2022-01-04 21:23:17,371 - root - DEBUG - Processing 710-th line out of 2500 rows of DP table...
2022-01-04 21:23:18,024 - root - DEBUG - Processing 720-th line out of 2500 rows of DP table...
2022-01-04 21:23:18,665 - root - DEBUG - Processing 730-th line out of 2500 rows of DP table...
2022-01-04 21:23:19,305 - root - DEBUG - Processing 740-th line out of 2500 rows of DP table...
2022-01-04 21:23:19,952 - root - DEBUG - Processing 750-th line out of 2500 rows of DP table...
2022-01-04 21:23:20,583 - root - DEBUG - Processing 760-th line out of 2500 rows of DP table...
2022-01-04 21:23:21,216 - root - DEBUG - Processing 770-th line out of 2500 rows of DP table...
2022-01-04 21:23:21,840 - root - DEBUG - Processing 780-th line out of 2500 rows of DP table...
2022-01-04 21:23:22,464 - root - DEBUG - Processing 790-th line out of 2500 rows of DP table...
2022-01-04 21:23:23,088 - root - DEBUG - Processing 800-th line out of 2500 rows of DP table...
2022-01-04 21:23:23,703 - root - DEBUG - Processing 810-th line out of 2500 rows of DP table...
2022-01-04 21:23:24,322 - root - DEBUG - Processing 820-th line out of 2500 rows of DP table...
2022-01-04 21:23:24,926 - root - DEBUG - Processing 830-th line out of 2500 rows of DP table...
2022-01-04 21:23:25,536 - root - DEBUG - Processing 840-th line out of 2500 rows of DP table...
2022-01-04 21:23:26,137 - root - DEBUG - Processing 850-th line out of 2500 rows of DP table...
2022-01-04 21:23:26,737 - root - DEBUG - Processing 860-th line out of 2500 rows of DP table...
2022-01-04 21:23:27,329 - root - DEBUG - Processing 870-th line out of 2500 rows of DP table...
2022-01-04 21:23:27,924 - root - DEBUG - Processing 880-th line out of 2500 rows of DP table...
2022-01-04 21:23:28,510 - root - DEBUG - Processing 890-th line out of 2500 rows of DP table...
2022-01-04 21:23:29,097 - root - DEBUG - Processing 900-th line out of 2500 rows of DP table...
2022-01-04 21:23:29,676 - root - DEBUG - Processing 910-th line out of 2500 rows of DP table...
2022-01-04 21:23:30,258 - root - DEBUG - Processing 920-th line out of 2500 rows of DP table...
2022-01-04 21:23:30,835 - root - DEBUG - Processing 930-th line out of 2500 rows of DP table...
2022-01-04 21:23:31,403 - root - DEBUG - Processing 940-th line out of 2500 rows of DP table...
2022-01-04 21:23:31,972 - root - DEBUG - Processing 950-th line out of 2500 rows of DP table...
2022-01-04 21:23:32,535 - root - DEBUG - Processing 960-th line out of 2500 rows of DP table...
2022-01-04 21:23:33,097 - root - DEBUG - Processing 970-th line out of 2500 rows of DP table...
2022-01-04 21:23:33,651 - root - DEBUG - Processing 980-th line out of 2500 rows of DP table...
2022-01-04 21:23:34,204 - root - DEBUG - Processing 990-th line out of 2500 rows of DP table...
2022-01-04 21:23:34,755 - root - DEBUG - Processing 1000-th line out of 2500 rows of DP table...
2022-01-04 21:23:35,305 - root - DEBUG - Processing 1010-th line out of 2500 rows of DP table...
2022-01-04 21:23:35,844 - root - DEBUG - Processing 1020-th line out of 2500 rows of DP table...
2022-01-04 21:23:36,385 - root - DEBUG - Processing 1030-th line out of 2500 rows of DP table...
2022-01-04 21:23:36,919 - root - DEBUG - Processing 1040-th line out of 2500 rows of DP table...
2022-01-04 21:23:37,451 - root - DEBUG - Processing 1050-th line out of 2500 rows of DP table...
2022-01-04 21:23:37,976 - root - DEBUG - Processing 1060-th line out of 2500 rows of DP table...
2022-01-04 21:23:38,503 - root - DEBUG - Processing 1070-th line out of 2500 rows of DP table...
2022-01-04 21:23:39,026 - root - DEBUG - Processing 1080-th line out of 2500 rows of DP table...
2022-01-04 21:23:39,581 - root - DEBUG - Processing 1090-th line out of 2500 rows of DP table...
2022-01-04 21:23:40,092 - root - DEBUG - Processing 1100-th line out of 2500 rows of DP table...
2022-01-04 21:23:40,606 - root - DEBUG - Processing 1110-th line out of 2500 rows of DP table...
2022-01-04 21:23:41,114 - root - DEBUG - Processing 1120-th line out of 2500 rows of DP table...
2022-01-04 21:23:41,617 - root - DEBUG - Processing 1130-th line out of 2500 rows of DP table...
2022-01-04 21:23:42,110 - root - DEBUG - Processing 1140-th line out of 2500 rows of DP table...
2022-01-04 21:23:42,602 - root - DEBUG - Processing 1150-th line out of 2500 rows of DP table...
2022-01-04 21:23:43,098 - root - DEBUG - Processing 1160-th line out of 2500 rows of DP table...
2022-01-04 21:23:43,584 - root - DEBUG - Processing 1170-th line out of 2500 rows of DP table...
2022-01-04 21:23:44,073 - root - DEBUG - Processing 1180-th line out of 2500 rows of DP table...
2022-01-04 21:23:44,555 - root - DEBUG - Processing 1190-th line out of 2500 rows of DP table...
2022-01-04 21:23:45,034 - root - DEBUG - Processing 1200-th line out of 2500 rows of DP table...
2022-01-04 21:23:45,508 - root - DEBUG - Processing 1210-th line out of 2500 rows of DP table...
2022-01-04 21:23:45,977 - root - DEBUG - Processing 1220-th line out of 2500 rows of DP table...
2022-01-04 21:23:46,447 - root - DEBUG - Processing 1230-th line out of 2500 rows of DP table...
2022-01-04 21:23:46,908 - root - DEBUG - Processing 1240-th line out of 2500 rows of DP table...
2022-01-04 21:23:47,380 - root - DEBUG - Processing 1250-th line out of 2500 rows of DP table...
2022-01-04 21:23:47,835 - root - DEBUG - Processing 1260-th line out of 2500 rows of DP table...
2022-01-04 21:23:48,285 - root - DEBUG - Processing 1270-th line out of 2500 rows of DP table...
2022-01-04 21:23:48,737 - root - DEBUG - Processing 1280-th line out of 2500 rows of DP table...
2022-01-04 21:23:49,183 - root - DEBUG - Processing 1290-th line out of 2500 rows of DP table...
2022-01-04 21:23:49,630 - root - DEBUG - Processing 1300-th line out of 2500 rows of DP table...
2022-01-04 21:23:50,067 - root - DEBUG - Processing 1310-th line out of 2500 rows of DP table...
2022-01-04 21:23:50,502 - root - DEBUG - Processing 1320-th line out of 2500 rows of DP table...
2022-01-04 21:23:50,935 - root - DEBUG - Processing 1330-th line out of 2500 rows of DP table...
2022-01-04 21:23:51,362 - root - DEBUG - Processing 1340-th line out of 2500 rows of DP table...
2022-01-04 21:23:51,790 - root - DEBUG - Processing 1350-th line out of 2500 rows of DP table...
2022-01-04 21:23:52,208 - root - DEBUG - Processing 1360-th line out of 2500 rows of DP table...
2022-01-04 21:23:52,623 - root - DEBUG - Processing 1370-th line out of 2500 rows of DP table...
2022-01-04 21:23:53,039 - root - DEBUG - Processing 1380-th line out of 2500 rows of DP table...
2022-01-04 21:23:53,450 - root - DEBUG - Processing 1390-th line out of 2500 rows of DP table...
2022-01-04 21:23:53,856 - root - DEBUG - Processing 1400-th line out of 2500 rows of DP table...
2022-01-04 21:23:54,263 - root - DEBUG - Processing 1410-th line out of 2500 rows of DP table...
2022-01-04 21:23:54,662 - root - DEBUG - Processing 1420-th line out of 2500 rows of DP table...
2022-01-04 21:23:55,056 - root - DEBUG - Processing 1430-th line out of 2500 rows of DP table...
2022-01-04 21:23:55,451 - root - DEBUG - Processing 1440-th line out of 2500 rows of DP table...
2022-01-04 21:23:55,840 - root - DEBUG - Processing 1450-th line out of 2500 rows of DP table...
2022-01-04 21:23:56,230 - root - DEBUG - Processing 1460-th line out of 2500 rows of DP table...
2022-01-04 21:23:56,611 - root - DEBUG - Processing 1470-th line out of 2500 rows of DP table...
2022-01-04 21:23:56,987 - root - DEBUG - Processing 1480-th line out of 2500 rows of DP table...
2022-01-04 21:23:57,363 - root - DEBUG - Processing 1490-th line out of 2500 rows of DP table...
2022-01-04 21:23:57,741 - root - DEBUG - Processing 1500-th line out of 2500 rows of DP table...
2022-01-04 21:23:58,108 - root - DEBUG - Processing 1510-th line out of 2500 rows of DP table...
2022-01-04 21:23:58,475 - root - DEBUG - Processing 1520-th line out of 2500 rows of DP table...
2022-01-04 21:23:58,836 - root - DEBUG - Processing 1530-th line out of 2500 rows of DP table...
2022-01-04 21:23:59,193 - root - DEBUG - Processing 1540-th line out of 2500 rows of DP table...
2022-01-04 21:23:59,550 - root - DEBUG - Processing 1550-th line out of 2500 rows of DP table...
2022-01-04 21:23:59,899 - root - DEBUG - Processing 1560-th line out of 2500 rows of DP table...
2022-01-04 21:24:00,244 - root - DEBUG - Processing 1570-th line out of 2500 rows of DP table...
2022-01-04 21:24:00,591 - root - DEBUG - Processing 1580-th line out of 2500 rows of DP table...
2022-01-04 21:24:00,930 - root - DEBUG - Processing 1590-th line out of 2500 rows of DP table...
2022-01-04 21:24:01,265 - root - DEBUG - Processing 1600-th line out of 2500 rows of DP table...
2022-01-04 21:24:01,601 - root - DEBUG - Processing 1610-th line out of 2500 rows of DP table...
2022-01-04 21:24:01,931 - root - DEBUG - Processing 1620-th line out of 2500 rows of DP table...
2022-01-04 21:24:02,256 - root - DEBUG - Processing 1630-th line out of 2500 rows of DP table...
2022-01-04 21:24:02,576 - root - DEBUG - Processing 1640-th line out of 2500 rows of DP table...
2022-01-04 21:24:02,896 - root - DEBUG - Processing 1650-th line out of 2500 rows of DP table...
2022-01-04 21:24:03,206 - root - DEBUG - Processing 1660-th line out of 2500 rows of DP table...
2022-01-04 21:24:03,514 - root - DEBUG - Processing 1670-th line out of 2500 rows of DP table...
2022-01-04 21:24:03,819 - root - DEBUG - Processing 1680-th line out of 2500 rows of DP table...
2022-01-04 21:24:04,128 - root - DEBUG - Processing 1690-th line out of 2500 rows of DP table...
2022-01-04 21:24:04,426 - root - DEBUG - Processing 1700-th line out of 2500 rows of DP table...
2022-01-04 21:24:04,721 - root - DEBUG - Processing 1710-th line out of 2500 rows of DP table...
2022-01-04 21:24:05,012 - root - DEBUG - Processing 1720-th line out of 2500 rows of DP table...
2022-01-04 21:24:05,305 - root - DEBUG - Processing 1730-th line out of 2500 rows of DP table...
2022-01-04 21:24:05,591 - root - DEBUG - Processing 1740-th line out of 2500 rows of DP table...
2022-01-04 21:24:05,873 - root - DEBUG - Processing 1750-th line out of 2500 rows of DP table...
2022-01-04 21:24:06,155 - root - DEBUG - Processing 1760-th line out of 2500 rows of DP table...
2022-01-04 21:24:06,433 - root - DEBUG - Processing 1770-th line out of 2500 rows of DP table...
2022-01-04 21:24:06,704 - root - DEBUG - Processing 1780-th line out of 2500 rows of DP table...
2022-01-04 21:24:06,972 - root - DEBUG - Processing 1790-th line out of 2500 rows of DP table...
2022-01-04 21:24:07,239 - root - DEBUG - Processing 1800-th line out of 2500 rows of DP table...
2022-01-04 21:24:07,500 - root - DEBUG - Processing 1810-th line out of 2500 rows of DP table...
2022-01-04 21:24:07,756 - root - DEBUG - Processing 1820-th line out of 2500 rows of DP table...
2022-01-04 21:24:08,009 - root - DEBUG - Processing 1830-th line out of 2500 rows of DP table...
2022-01-04 21:24:08,261 - root - DEBUG - Processing 1840-th line out of 2500 rows of DP table...
2022-01-04 21:24:08,511 - root - DEBUG - Processing 1850-th line out of 2500 rows of DP table...
2022-01-04 21:24:08,753 - root - DEBUG - Processing 1860-th line out of 2500 rows of DP table...
2022-01-04 21:24:08,993 - root - DEBUG - Processing 1870-th line out of 2500 rows of DP table...
2022-01-04 21:24:09,229 - root - DEBUG - Processing 1880-th line out of 2500 rows of DP table...
2022-01-04 21:24:09,480 - root - DEBUG - Processing 1890-th line out of 2500 rows of DP table...
2022-01-04 21:24:09,707 - root - DEBUG - Processing 1900-th line out of 2500 rows of DP table...
2022-01-04 21:24:09,932 - root - DEBUG - Processing 1910-th line out of 2500 rows of DP table...
2022-01-04 21:24:10,152 - root - DEBUG - Processing 1920-th line out of 2500 rows of DP table...
2022-01-04 21:24:10,370 - root - DEBUG - Processing 1930-th line out of 2500 rows of DP table...
2022-01-04 21:24:10,587 - root - DEBUG - Processing 1940-th line out of 2500 rows of DP table...
2022-01-04 21:24:10,797 - root - DEBUG - Processing 1950-th line out of 2500 rows of DP table...
2022-01-04 21:24:11,004 - root - DEBUG - Processing 1960-th line out of 2500 rows of DP table...
2022-01-04 21:24:11,208 - root - DEBUG - Processing 1970-th line out of 2500 rows of DP table...
2022-01-04 21:24:11,408 - root - DEBUG - Processing 1980-th line out of 2500 rows of DP table...
2022-01-04 21:24:11,608 - root - DEBUG - Processing 1990-th line out of 2500 rows of DP table...
2022-01-04 21:24:11,800 - root - DEBUG - Processing 2000-th line out of 2500 rows of DP table...
2022-01-04 21:24:11,990 - root - DEBUG - Processing 2010-th line out of 2500 rows of DP table...
2022-01-04 21:24:12,176 - root - DEBUG - Processing 2020-th line out of 2500 rows of DP table...
2022-01-04 21:24:12,358 - root - DEBUG - Processing 2030-th line out of 2500 rows of DP table...
2022-01-04 21:24:12,537 - root - DEBUG - Processing 2040-th line out of 2500 rows of DP table...
2022-01-04 21:24:12,717 - root - DEBUG - Processing 2050-th line out of 2500 rows of DP table...
2022-01-04 21:24:12,889 - root - DEBUG - Processing 2060-th line out of 2500 rows of DP table...
2022-01-04 21:24:13,057 - root - DEBUG - Processing 2070-th line out of 2500 rows of DP table...
2022-01-04 21:24:13,222 - root - DEBUG - Processing 2080-th line out of 2500 rows of DP table...
2022-01-04 21:24:13,384 - root - DEBUG - Processing 2090-th line out of 2500 rows of DP table...
2022-01-04 21:24:13,541 - root - DEBUG - Processing 2100-th line out of 2500 rows of DP table...
2022-01-04 21:24:13,695 - root - DEBUG - Processing 2110-th line out of 2500 rows of DP table...
2022-01-04 21:24:13,849 - root - DEBUG - Processing 2120-th line out of 2500 rows of DP table...
2022-01-04 21:24:13,996 - root - DEBUG - Processing 2130-th line out of 2500 rows of DP table...
2022-01-04 21:24:14,139 - root - DEBUG - Processing 2140-th line out of 2500 rows of DP table...
2022-01-04 21:24:14,279 - root - DEBUG - Processing 2150-th line out of 2500 rows of DP table...
2022-01-04 21:24:14,416 - root - DEBUG - Processing 2160-th line out of 2500 rows of DP table...
2022-01-04 21:24:14,549 - root - DEBUG - Processing 2170-th line out of 2500 rows of DP table...
2022-01-04 21:24:14,678 - root - DEBUG - Processing 2180-th line out of 2500 rows of DP table...
2022-01-04 21:24:14,802 - root - DEBUG - Processing 2190-th line out of 2500 rows of DP table...
2022-01-04 21:24:14,924 - root - DEBUG - Processing 2200-th line out of 2500 rows of DP table...
2022-01-04 21:24:15,045 - root - DEBUG - Processing 2210-th line out of 2500 rows of DP table...
2022-01-04 21:24:15,160 - root - DEBUG - Processing 2220-th line out of 2500 rows of DP table...
2022-01-04 21:24:15,271 - root - DEBUG - Processing 2230-th line out of 2500 rows of DP table...
2022-01-04 21:24:15,379 - root - DEBUG - Processing 2240-th line out of 2500 rows of DP table...
2022-01-04 21:24:15,483 - root - DEBUG - Processing 2250-th line out of 2500 rows of DP table...
2022-01-04 21:24:15,584 - root - DEBUG - Processing 2260-th line out of 2500 rows of DP table...
2022-01-04 21:24:15,681 - root - DEBUG - Processing 2270-th line out of 2500 rows of DP table...
2022-01-04 21:24:15,774 - root - DEBUG - Processing 2280-th line out of 2500 rows of DP table...
2022-01-04 21:24:15,864 - root - DEBUG - Processing 2290-th line out of 2500 rows of DP table...
2022-01-04 21:24:15,950 - root - DEBUG - Processing 2300-th line out of 2500 rows of DP table...
2022-01-04 21:24:16,032 - root - DEBUG - Processing 2310-th line out of 2500 rows of DP table...
2022-01-04 21:24:16,115 - root - DEBUG - Processing 2320-th line out of 2500 rows of DP table...
2022-01-04 21:24:16,190 - root - DEBUG - Processing 2330-th line out of 2500 rows of DP table...
2022-01-04 21:24:16,262 - root - DEBUG - Processing 2340-th line out of 2500 rows of DP table...
2022-01-04 21:24:16,330 - root - DEBUG - Processing 2350-th line out of 2500 rows of DP table...
2022-01-04 21:24:16,395 - root - DEBUG - Processing 2360-th line out of 2500 rows of DP table...
2022-01-04 21:24:16,455 - root - DEBUG - Processing 2370-th line out of 2500 rows of DP table...
2022-01-04 21:24:16,513 - root - DEBUG - Processing 2380-th line out of 2500 rows of DP table...
2022-01-04 21:24:16,573 - root - DEBUG - Processing 2390-th line out of 2500 rows of DP table...
2022-01-04 21:24:16,624 - root - DEBUG - Processing 2400-th line out of 2500 rows of DP table...
2022-01-04 21:24:16,670 - root - DEBUG - Processing 2410-th line out of 2500 rows of DP table...
2022-01-04 21:24:16,713 - root - DEBUG - Processing 2420-th line out of 2500 rows of DP table...
2022-01-04 21:24:16,752 - root - DEBUG - Processing 2430-th line out of 2500 rows of DP table...
2022-01-04 21:24:16,788 - root - DEBUG - Processing 2440-th line out of 2500 rows of DP table...
2022-01-04 21:24:16,820 - root - DEBUG - Processing 2450-th line out of 2500 rows of DP table...
2022-01-04 21:24:16,849 - root - DEBUG - Processing 2460-th line out of 2500 rows of DP table...
2022-01-04 21:24:16,873 - root - DEBUG - Processing 2470-th line out of 2500 rows of DP table...
2022-01-04 21:24:16,895 - root - DEBUG - Processing 2480-th line out of 2500 rows of DP table...
2022-01-04 21:24:16,913 - root - DEBUG - Processing 2490-th line out of 2500 rows of DP table...
2022-01-04 21:24:16,927 - root - DEBUG - Processing 2500-th line out of 2500 rows of DP table...
2022-01-04 21:24:16,942 - root - DEBUG - Started computing joint logprobs...
