2022-01-04 21:14:20,688 - root - INFO - Loading reference interval set from '211227-2-sim/g20_4.ref.tsv'...
2022-01-04 21:14:20,693 - root - INFO - Loading query interval set from '211227-2-sim/g20_4.query.tsv'...
2022-01-04 21:14:20,700 - root - INFO - Loading chromosome sizes from '211227-2-sim/g20_sizes.tsv'...
2022-01-04 21:14:20,706 - root - INFO - Number of reference intervals: 2500 (2500 before merging)
2022-01-04 21:14:20,707 - root - INFO - Number of query intervals: 5000 (5000 before merging)
2022-01-04 21:14:20,708 - root - INFO - Number of chromosomes: 1
2022-01-04 21:14:20,718 - root - INFO - Overlap count: 1074
2022-01-04 21:14:20,719 - root - DEBUG - Started computing sf for chromosome 'chr1'...
2022-01-04 21:14:20,721 - root - DEBUG - m=2500, n=5000
2022-01-04 21:14:21,591 - root - DEBUG - Processing 10-th line out of 2500 rows of DP table...
2022-01-04 21:14:22,530 - root - DEBUG - Processing 20-th line out of 2500 rows of DP table...
2022-01-04 21:14:23,422 - root - DEBUG - Processing 30-th line out of 2500 rows of DP table...
2022-01-04 21:14:24,293 - root - DEBUG - Processing 40-th line out of 2500 rows of DP table...
2022-01-04 21:14:25,318 - root - DEBUG - Processing 50-th line out of 2500 rows of DP table...
2022-01-04 21:14:26,174 - root - DEBUG - Processing 60-th line out of 2500 rows of DP table...
2022-01-04 21:14:27,033 - root - DEBUG - Processing 70-th line out of 2500 rows of DP table...
2022-01-04 21:14:27,876 - root - DEBUG - Processing 80-th line out of 2500 rows of DP table...
2022-01-04 21:14:28,719 - root - DEBUG - Processing 90-th line out of 2500 rows of DP table...
2022-01-04 21:14:29,559 - root - DEBUG - Processing 100-th line out of 2500 rows of DP table...
2022-01-04 21:14:30,390 - root - DEBUG - Processing 110-th line out of 2500 rows of DP table...
2022-01-04 21:14:31,218 - root - DEBUG - Processing 120-th line out of 2500 rows of DP table...
2022-01-04 21:14:32,044 - root - DEBUG - Processing 130-th line out of 2500 rows of DP table...
2022-01-04 21:14:32,871 - root - DEBUG - Processing 140-th line out of 2500 rows of DP table...
2022-01-04 21:14:33,707 - root - DEBUG - Processing 150-th line out of 2500 rows of DP table...
2022-01-04 21:14:34,521 - root - DEBUG - Processing 160-th line out of 2500 rows of DP table...
2022-01-04 21:14:35,342 - root - DEBUG - Processing 170-th line out of 2500 rows of DP table...
2022-01-04 21:14:36,153 - root - DEBUG - Processing 180-th line out of 2500 rows of DP table...
2022-01-04 21:14:36,956 - root - DEBUG - Processing 190-th line out of 2500 rows of DP table...
2022-01-04 21:14:37,764 - root - DEBUG - Processing 200-th line out of 2500 rows of DP table...
2022-01-04 21:14:38,566 - root - DEBUG - Processing 210-th line out of 2500 rows of DP table...
2022-01-04 21:14:39,372 - root - DEBUG - Processing 220-th line out of 2500 rows of DP table...
2022-01-04 21:14:40,160 - root - DEBUG - Processing 230-th line out of 2500 rows of DP table...
2022-01-04 21:14:40,954 - root - DEBUG - Processing 240-th line out of 2500 rows of DP table...
2022-01-04 21:14:41,742 - root - DEBUG - Processing 250-th line out of 2500 rows of DP table...
2022-01-04 21:14:42,524 - root - DEBUG - Processing 260-th line out of 2500 rows of DP table...
2022-01-04 21:14:43,308 - root - DEBUG - Processing 270-th line out of 2500 rows of DP table...
2022-01-04 21:14:44,089 - root - DEBUG - Processing 280-th line out of 2500 rows of DP table...
2022-01-04 21:14:44,863 - root - DEBUG - Processing 290-th line out of 2500 rows of DP table...
2022-01-04 21:14:45,637 - root - DEBUG - Processing 300-th line out of 2500 rows of DP table...
2022-01-04 21:14:46,405 - root - DEBUG - Processing 310-th line out of 2500 rows of DP table...
2022-01-04 21:14:47,162 - root - DEBUG - Processing 320-th line out of 2500 rows of DP table...
2022-01-04 21:14:47,924 - root - DEBUG - Processing 330-th line out of 2500 rows of DP table...
2022-01-04 21:14:48,684 - root - DEBUG - Processing 340-th line out of 2500 rows of DP table...
2022-01-04 21:14:49,448 - root - DEBUG - Processing 350-th line out of 2500 rows of DP table...
2022-01-04 21:14:50,202 - root - DEBUG - Processing 360-th line out of 2500 rows of DP table...
2022-01-04 21:14:50,971 - root - DEBUG - Processing 370-th line out of 2500 rows of DP table...
2022-01-04 21:14:51,721 - root - DEBUG - Processing 380-th line out of 2500 rows of DP table...
2022-01-04 21:14:52,486 - root - DEBUG - Processing 390-th line out of 2500 rows of DP table...
2022-01-04 21:14:53,227 - root - DEBUG - Processing 400-th line out of 2500 rows of DP table...
2022-01-04 21:14:53,959 - root - DEBUG - Processing 410-th line out of 2500 rows of DP table...
2022-01-04 21:14:54,694 - root - DEBUG - Processing 420-th line out of 2500 rows of DP table...
2022-01-04 21:14:55,423 - root - DEBUG - Processing 430-th line out of 2500 rows of DP table...
2022-01-04 21:14:56,143 - root - DEBUG - Processing 440-th line out of 2500 rows of DP table...
2022-01-04 21:14:56,867 - root - DEBUG - Processing 450-th line out of 2500 rows of DP table...
2022-01-04 21:14:57,592 - root - DEBUG - Processing 460-th line out of 2500 rows of DP table...
2022-01-04 21:14:58,305 - root - DEBUG - Processing 470-th line out of 2500 rows of DP table...
2022-01-04 21:14:59,019 - root - DEBUG - Processing 480-th line out of 2500 rows of DP table...
2022-01-04 21:14:59,720 - root - DEBUG - Processing 490-th line out of 2500 rows of DP table...
2022-01-04 21:15:00,433 - root - DEBUG - Processing 500-th line out of 2500 rows of DP table...
2022-01-04 21:15:01,136 - root - DEBUG - Processing 510-th line out of 2500 rows of DP table...
2022-01-04 21:15:01,829 - root - DEBUG - Processing 520-th line out of 2500 rows of DP table...
2022-01-04 21:15:02,527 - root - DEBUG - Processing 530-th line out of 2500 rows of DP table...
2022-01-04 21:15:03,212 - root - DEBUG - Processing 540-th line out of 2500 rows of DP table...
2022-01-04 21:15:03,901 - root - DEBUG - Processing 550-th line out of 2500 rows of DP table...
2022-01-04 21:15:04,589 - root - DEBUG - Processing 560-th line out of 2500 rows of DP table...
2022-01-04 21:15:05,268 - root - DEBUG - Processing 570-th line out of 2500 rows of DP table...
2022-01-04 21:15:05,944 - root - DEBUG - Processing 580-th line out of 2500 rows of DP table...
2022-01-04 21:15:06,611 - root - DEBUG - Processing 590-th line out of 2500 rows of DP table...
2022-01-04 21:15:07,287 - root - DEBUG - Processing 600-th line out of 2500 rows of DP table...
2022-01-04 21:15:07,956 - root - DEBUG - Processing 610-th line out of 2500 rows of DP table...
2022-01-04 21:15:08,617 - root - DEBUG - Processing 620-th line out of 2500 rows of DP table...
2022-01-04 21:15:09,295 - root - DEBUG - Processing 630-th line out of 2500 rows of DP table...
2022-01-04 21:15:09,946 - root - DEBUG - Processing 640-th line out of 2500 rows of DP table...
2022-01-04 21:15:10,600 - root - DEBUG - Processing 650-th line out of 2500 rows of DP table...
2022-01-04 21:15:11,249 - root - DEBUG - Processing 660-th line out of 2500 rows of DP table...
2022-01-04 21:15:11,892 - root - DEBUG - Processing 670-th line out of 2500 rows of DP table...
2022-01-04 21:15:12,538 - root - DEBUG - Processing 680-th line out of 2500 rows of DP table...
2022-01-04 21:15:13,173 - root - DEBUG - Processing 690-th line out of 2500 rows of DP table...
2022-01-04 21:15:13,810 - root - DEBUG - Processing 700-th line out of 2500 rows of DP table...
2022-01-04 21:15:14,437 - root - DEBUG - Processing 710-th line out of 2500 rows of DP table...
2022-01-04 21:15:15,063 - root - DEBUG - Processing 720-th line out of 2500 rows of DP table...
2022-01-04 21:15:15,683 - root - DEBUG - Processing 730-th line out of 2500 rows of DP table...
2022-01-04 21:15:16,304 - root - DEBUG - Processing 740-th line out of 2500 rows of DP table...
2022-01-04 21:15:16,926 - root - DEBUG - Processing 750-th line out of 2500 rows of DP table...
2022-01-04 21:15:17,533 - root - DEBUG - Processing 760-th line out of 2500 rows of DP table...
2022-01-04 21:15:18,146 - root - DEBUG - Processing 770-th line out of 2500 rows of DP table...
2022-01-04 21:15:18,750 - root - DEBUG - Processing 780-th line out of 2500 rows of DP table...
2022-01-04 21:15:19,355 - root - DEBUG - Processing 790-th line out of 2500 rows of DP table...
2022-01-04 21:15:19,965 - root - DEBUG - Processing 800-th line out of 2500 rows of DP table...
2022-01-04 21:15:20,580 - root - DEBUG - Processing 810-th line out of 2500 rows of DP table...
2022-01-04 21:15:21,172 - root - DEBUG - Processing 820-th line out of 2500 rows of DP table...
2022-01-04 21:15:21,767 - root - DEBUG - Processing 830-th line out of 2500 rows of DP table...
2022-01-04 21:15:22,350 - root - DEBUG - Processing 840-th line out of 2500 rows of DP table...
2022-01-04 21:15:22,937 - root - DEBUG - Processing 850-th line out of 2500 rows of DP table...
2022-01-04 21:15:23,538 - root - DEBUG - Processing 860-th line out of 2500 rows of DP table...
2022-01-04 21:15:24,146 - root - DEBUG - Processing 870-th line out of 2500 rows of DP table...
2022-01-04 21:15:24,722 - root - DEBUG - Processing 880-th line out of 2500 rows of DP table...
2022-01-04 21:15:25,320 - root - DEBUG - Processing 890-th line out of 2500 rows of DP table...
2022-01-04 21:15:25,884 - root - DEBUG - Processing 900-th line out of 2500 rows of DP table...
2022-01-04 21:15:26,448 - root - DEBUG - Processing 910-th line out of 2500 rows of DP table...
2022-01-04 21:15:27,006 - root - DEBUG - Processing 920-th line out of 2500 rows of DP table...
2022-01-04 21:15:27,563 - root - DEBUG - Processing 930-th line out of 2500 rows of DP table...
2022-01-04 21:15:28,118 - root - DEBUG - Processing 940-th line out of 2500 rows of DP table...
2022-01-04 21:15:28,672 - root - DEBUG - Processing 950-th line out of 2500 rows of DP table...
2022-01-04 21:15:29,213 - root - DEBUG - Processing 960-th line out of 2500 rows of DP table...
2022-01-04 21:15:29,756 - root - DEBUG - Processing 970-th line out of 2500 rows of DP table...
2022-01-04 21:15:30,311 - root - DEBUG - Processing 980-th line out of 2500 rows of DP table...
2022-01-04 21:15:30,850 - root - DEBUG - Processing 990-th line out of 2500 rows of DP table...
2022-01-04 21:15:31,379 - root - DEBUG - Processing 1000-th line out of 2500 rows of DP table...
2022-01-04 21:15:31,911 - root - DEBUG - Processing 1010-th line out of 2500 rows of DP table...
2022-01-04 21:15:32,431 - root - DEBUG - Processing 1020-th line out of 2500 rows of DP table...
2022-01-04 21:15:32,961 - root - DEBUG - Processing 1030-th line out of 2500 rows of DP table...
2022-01-04 21:15:33,481 - root - DEBUG - Processing 1040-th line out of 2500 rows of DP table...
2022-01-04 21:15:34,002 - root - DEBUG - Processing 1050-th line out of 2500 rows of DP table...
2022-01-04 21:15:34,522 - root - DEBUG - Processing 1060-th line out of 2500 rows of DP table...
2022-01-04 21:15:35,031 - root - DEBUG - Processing 1070-th line out of 2500 rows of DP table...
2022-01-04 21:15:35,541 - root - DEBUG - Processing 1080-th line out of 2500 rows of DP table...
2022-01-04 21:15:36,043 - root - DEBUG - Processing 1090-th line out of 2500 rows of DP table...
2022-01-04 21:15:36,550 - root - DEBUG - Processing 1100-th line out of 2500 rows of DP table...
2022-01-04 21:15:37,045 - root - DEBUG - Processing 1110-th line out of 2500 rows of DP table...
2022-01-04 21:15:37,540 - root - DEBUG - Processing 1120-th line out of 2500 rows of DP table...
2022-01-04 21:15:38,031 - root - DEBUG - Processing 1130-th line out of 2500 rows of DP table...
2022-01-04 21:15:38,514 - root - DEBUG - Processing 1140-th line out of 2500 rows of DP table...
2022-01-04 21:15:39,003 - root - DEBUG - Processing 1150-th line out of 2500 rows of DP table...
2022-01-04 21:15:39,480 - root - DEBUG - Processing 1160-th line out of 2500 rows of DP table...
2022-01-04 21:15:39,962 - root - DEBUG - Processing 1170-th line out of 2500 rows of DP table...
2022-01-04 21:15:40,431 - root - DEBUG - Processing 1180-th line out of 2500 rows of DP table...
2022-01-04 21:15:40,907 - root - DEBUG - Processing 1190-th line out of 2500 rows of DP table...
2022-01-04 21:15:41,369 - root - DEBUG - Processing 1200-th line out of 2500 rows of DP table...
2022-01-04 21:15:41,830 - root - DEBUG - Processing 1210-th line out of 2500 rows of DP table...
2022-01-04 21:15:42,294 - root - DEBUG - Processing 1220-th line out of 2500 rows of DP table...
2022-01-04 21:15:42,749 - root - DEBUG - Processing 1230-th line out of 2500 rows of DP table...
2022-01-04 21:15:43,203 - root - DEBUG - Processing 1240-th line out of 2500 rows of DP table...
2022-01-04 21:15:43,649 - root - DEBUG - Processing 1250-th line out of 2500 rows of DP table...
2022-01-04 21:15:44,092 - root - DEBUG - Processing 1260-th line out of 2500 rows of DP table...
2022-01-04 21:15:44,538 - root - DEBUG - Processing 1270-th line out of 2500 rows of DP table...
2022-01-04 21:15:44,976 - root - DEBUG - Processing 1280-th line out of 2500 rows of DP table...
2022-01-04 21:15:45,416 - root - DEBUG - Processing 1290-th line out of 2500 rows of DP table...
2022-01-04 21:15:45,845 - root - DEBUG - Processing 1300-th line out of 2500 rows of DP table...
2022-01-04 21:15:46,272 - root - DEBUG - Processing 1310-th line out of 2500 rows of DP table...
2022-01-04 21:15:46,699 - root - DEBUG - Processing 1320-th line out of 2500 rows of DP table...
2022-01-04 21:15:47,122 - root - DEBUG - Processing 1330-th line out of 2500 rows of DP table...
2022-01-04 21:15:47,536 - root - DEBUG - Processing 1340-th line out of 2500 rows of DP table...
2022-01-04 21:15:47,952 - root - DEBUG - Processing 1350-th line out of 2500 rows of DP table...
2022-01-04 21:15:48,361 - root - DEBUG - Processing 1360-th line out of 2500 rows of DP table...
2022-01-04 21:15:48,764 - root - DEBUG - Processing 1370-th line out of 2500 rows of DP table...
2022-01-04 21:15:49,185 - root - DEBUG - Processing 1380-th line out of 2500 rows of DP table...
2022-01-04 21:15:49,583 - root - DEBUG - Processing 1390-th line out of 2500 rows of DP table...
2022-01-04 21:15:49,980 - root - DEBUG - Processing 1400-th line out of 2500 rows of DP table...
2022-01-04 21:15:50,367 - root - DEBUG - Processing 1410-th line out of 2500 rows of DP table...
2022-01-04 21:15:50,754 - root - DEBUG - Processing 1420-th line out of 2500 rows of DP table...
2022-01-04 21:15:51,144 - root - DEBUG - Processing 1430-th line out of 2500 rows of DP table...
2022-01-04 21:15:51,523 - root - DEBUG - Processing 1440-th line out of 2500 rows of DP table...
2022-01-04 21:15:51,899 - root - DEBUG - Processing 1450-th line out of 2500 rows of DP table...
2022-01-04 21:15:52,276 - root - DEBUG - Processing 1460-th line out of 2500 rows of DP table...
2022-01-04 21:15:52,646 - root - DEBUG - Processing 1470-th line out of 2500 rows of DP table...
2022-01-04 21:15:53,010 - root - DEBUG - Processing 1480-th line out of 2500 rows of DP table...
2022-01-04 21:15:53,378 - root - DEBUG - Processing 1490-th line out of 2500 rows of DP table...
2022-01-04 21:15:53,737 - root - DEBUG - Processing 1500-th line out of 2500 rows of DP table...
2022-01-04 21:15:54,093 - root - DEBUG - Processing 1510-th line out of 2500 rows of DP table...
2022-01-04 21:15:54,445 - root - DEBUG - Processing 1520-th line out of 2500 rows of DP table...
2022-01-04 21:15:54,800 - root - DEBUG - Processing 1530-th line out of 2500 rows of DP table...
2022-01-04 21:15:55,146 - root - DEBUG - Processing 1540-th line out of 2500 rows of DP table...
2022-01-04 21:15:55,490 - root - DEBUG - Processing 1550-th line out of 2500 rows of DP table...
2022-01-04 21:15:55,840 - root - DEBUG - Processing 1560-th line out of 2500 rows of DP table...
2022-01-04 21:15:56,291 - root - DEBUG - Processing 1570-th line out of 2500 rows of DP table...
2022-01-04 21:15:56,628 - root - DEBUG - Processing 1580-th line out of 2500 rows of DP table...
2022-01-04 21:15:56,964 - root - DEBUG - Processing 1590-th line out of 2500 rows of DP table...
2022-01-04 21:15:57,287 - root - DEBUG - Processing 1600-th line out of 2500 rows of DP table...
2022-01-04 21:15:57,610 - root - DEBUG - Processing 1610-th line out of 2500 rows of DP table...
2022-01-04 21:15:57,925 - root - DEBUG - Processing 1620-th line out of 2500 rows of DP table...
2022-01-04 21:15:58,245 - root - DEBUG - Processing 1630-th line out of 2500 rows of DP table...
2022-01-04 21:15:58,556 - root - DEBUG - Processing 1640-th line out of 2500 rows of DP table...
2022-01-04 21:15:58,863 - root - DEBUG - Processing 1650-th line out of 2500 rows of DP table...
2022-01-04 21:15:59,170 - root - DEBUG - Processing 1660-th line out of 2500 rows of DP table...
2022-01-04 21:15:59,473 - root - DEBUG - Processing 1670-th line out of 2500 rows of DP table...
2022-01-04 21:15:59,773 - root - DEBUG - Processing 1680-th line out of 2500 rows of DP table...
2022-01-04 21:16:00,064 - root - DEBUG - Processing 1690-th line out of 2500 rows of DP table...
2022-01-04 21:16:00,358 - root - DEBUG - Processing 1700-th line out of 2500 rows of DP table...
2022-01-04 21:16:00,649 - root - DEBUG - Processing 1710-th line out of 2500 rows of DP table...
2022-01-04 21:16:00,933 - root - DEBUG - Processing 1720-th line out of 2500 rows of DP table...
2022-01-04 21:16:01,215 - root - DEBUG - Processing 1730-th line out of 2500 rows of DP table...
2022-01-04 21:16:01,497 - root - DEBUG - Processing 1740-th line out of 2500 rows of DP table...
2022-01-04 21:16:01,772 - root - DEBUG - Processing 1750-th line out of 2500 rows of DP table...
2022-01-04 21:16:02,042 - root - DEBUG - Processing 1760-th line out of 2500 rows of DP table...
2022-01-04 21:16:02,308 - root - DEBUG - Processing 1770-th line out of 2500 rows of DP table...
2022-01-04 21:16:02,574 - root - DEBUG - Processing 1780-th line out of 2500 rows of DP table...
2022-01-04 21:16:02,834 - root - DEBUG - Processing 1790-th line out of 2500 rows of DP table...
2022-01-04 21:16:03,089 - root - DEBUG - Processing 1800-th line out of 2500 rows of DP table...
2022-01-04 21:16:03,341 - root - DEBUG - Processing 1810-th line out of 2500 rows of DP table...
2022-01-04 21:16:03,588 - root - DEBUG - Processing 1820-th line out of 2500 rows of DP table...
2022-01-04 21:16:03,843 - root - DEBUG - Processing 1830-th line out of 2500 rows of DP table...
2022-01-04 21:16:04,083 - root - DEBUG - Processing 1840-th line out of 2500 rows of DP table...
2022-01-04 21:16:04,320 - root - DEBUG - Processing 1850-th line out of 2500 rows of DP table...
2022-01-04 21:16:04,556 - root - DEBUG - Processing 1860-th line out of 2500 rows of DP table...
2022-01-04 21:16:04,788 - root - DEBUG - Processing 1870-th line out of 2500 rows of DP table...
2022-01-04 21:16:05,023 - root - DEBUG - Processing 1880-th line out of 2500 rows of DP table...
2022-01-04 21:16:05,248 - root - DEBUG - Processing 1890-th line out of 2500 rows of DP table...
2022-01-04 21:16:05,469 - root - DEBUG - Processing 1900-th line out of 2500 rows of DP table...
2022-01-04 21:16:05,686 - root - DEBUG - Processing 1910-th line out of 2500 rows of DP table...
2022-01-04 21:16:05,900 - root - DEBUG - Processing 1920-th line out of 2500 rows of DP table...
2022-01-04 21:16:06,116 - root - DEBUG - Processing 1930-th line out of 2500 rows of DP table...
2022-01-04 21:16:06,323 - root - DEBUG - Processing 1940-th line out of 2500 rows of DP table...
2022-01-04 21:16:06,526 - root - DEBUG - Processing 1950-th line out of 2500 rows of DP table...
2022-01-04 21:16:06,727 - root - DEBUG - Processing 1960-th line out of 2500 rows of DP table...
2022-01-04 21:16:06,923 - root - DEBUG - Processing 1970-th line out of 2500 rows of DP table...
2022-01-04 21:16:07,124 - root - DEBUG - Processing 1980-th line out of 2500 rows of DP table...
2022-01-04 21:16:07,314 - root - DEBUG - Processing 1990-th line out of 2500 rows of DP table...
2022-01-04 21:16:07,500 - root - DEBUG - Processing 2000-th line out of 2500 rows of DP table...
2022-01-04 21:16:07,684 - root - DEBUG - Processing 2010-th line out of 2500 rows of DP table...
2022-01-04 21:16:07,864 - root - DEBUG - Processing 2020-th line out of 2500 rows of DP table...
2022-01-04 21:16:08,040 - root - DEBUG - Processing 2030-th line out of 2500 rows of DP table...
2022-01-04 21:16:08,213 - root - DEBUG - Processing 2040-th line out of 2500 rows of DP table...
2022-01-04 21:16:08,388 - root - DEBUG - Processing 2050-th line out of 2500 rows of DP table...
2022-01-04 21:16:08,554 - root - DEBUG - Processing 2060-th line out of 2500 rows of DP table...
2022-01-04 21:16:08,717 - root - DEBUG - Processing 2070-th line out of 2500 rows of DP table...
2022-01-04 21:16:08,876 - root - DEBUG - Processing 2080-th line out of 2500 rows of DP table...
2022-01-04 21:16:09,031 - root - DEBUG - Processing 2090-th line out of 2500 rows of DP table...
2022-01-04 21:16:09,183 - root - DEBUG - Processing 2100-th line out of 2500 rows of DP table...
2022-01-04 21:16:09,332 - root - DEBUG - Processing 2110-th line out of 2500 rows of DP table...
2022-01-04 21:16:09,485 - root - DEBUG - Processing 2120-th line out of 2500 rows of DP table...
2022-01-04 21:16:09,628 - root - DEBUG - Processing 2130-th line out of 2500 rows of DP table...
2022-01-04 21:16:09,766 - root - DEBUG - Processing 2140-th line out of 2500 rows of DP table...
2022-01-04 21:16:09,902 - root - DEBUG - Processing 2150-th line out of 2500 rows of DP table...
2022-01-04 21:16:10,034 - root - DEBUG - Processing 2160-th line out of 2500 rows of DP table...
2022-01-04 21:16:10,164 - root - DEBUG - Processing 2170-th line out of 2500 rows of DP table...
2022-01-04 21:16:10,289 - root - DEBUG - Processing 2180-th line out of 2500 rows of DP table...
2022-01-04 21:16:10,410 - root - DEBUG - Processing 2190-th line out of 2500 rows of DP table...
2022-01-04 21:16:10,535 - root - DEBUG - Processing 2200-th line out of 2500 rows of DP table...
2022-01-04 21:16:10,650 - root - DEBUG - Processing 2210-th line out of 2500 rows of DP table...
2022-01-04 21:16:10,762 - root - DEBUG - Processing 2220-th line out of 2500 rows of DP table...
2022-01-04 21:16:10,870 - root - DEBUG - Processing 2230-th line out of 2500 rows of DP table...
2022-01-04 21:16:10,975 - root - DEBUG - Processing 2240-th line out of 2500 rows of DP table...
2022-01-04 21:16:11,076 - root - DEBUG - Processing 2250-th line out of 2500 rows of DP table...
2022-01-04 21:16:11,173 - root - DEBUG - Processing 2260-th line out of 2500 rows of DP table...
2022-01-04 21:16:11,268 - root - DEBUG - Processing 2270-th line out of 2500 rows of DP table...
2022-01-04 21:16:11,360 - root - DEBUG - Processing 2280-th line out of 2500 rows of DP table...
2022-01-04 21:16:11,448 - root - DEBUG - Processing 2290-th line out of 2500 rows of DP table...
2022-01-04 21:16:11,533 - root - DEBUG - Processing 2300-th line out of 2500 rows of DP table...
2022-01-04 21:16:11,614 - root - DEBUG - Processing 2310-th line out of 2500 rows of DP table...
2022-01-04 21:16:11,697 - root - DEBUG - Processing 2320-th line out of 2500 rows of DP table...
2022-01-04 21:16:11,771 - root - DEBUG - Processing 2330-th line out of 2500 rows of DP table...
2022-01-04 21:16:11,841 - root - DEBUG - Processing 2340-th line out of 2500 rows of DP table...
2022-01-04 21:16:11,908 - root - DEBUG - Processing 2350-th line out of 2500 rows of DP table...
2022-01-04 21:16:11,972 - root - DEBUG - Processing 2360-th line out of 2500 rows of DP table...
2022-01-04 21:16:12,032 - root - DEBUG - Processing 2370-th line out of 2500 rows of DP table...
2022-01-04 21:16:12,089 - root - DEBUG - Processing 2380-th line out of 2500 rows of DP table...
2022-01-04 21:16:12,141 - root - DEBUG - Processing 2390-th line out of 2500 rows of DP table...
2022-01-04 21:16:12,192 - root - DEBUG - Processing 2400-th line out of 2500 rows of DP table...
2022-01-04 21:16:12,244 - root - DEBUG - Processing 2410-th line out of 2500 rows of DP table...
2022-01-04 21:16:12,287 - root - DEBUG - Processing 2420-th line out of 2500 rows of DP table...
2022-01-04 21:16:12,326 - root - DEBUG - Processing 2430-th line out of 2500 rows of DP table...
2022-01-04 21:16:12,361 - root - DEBUG - Processing 2440-th line out of 2500 rows of DP table...
2022-01-04 21:16:12,393 - root - DEBUG - Processing 2450-th line out of 2500 rows of DP table...
2022-01-04 21:16:12,422 - root - DEBUG - Processing 2460-th line out of 2500 rows of DP table...
2022-01-04 21:16:12,446 - root - DEBUG - Processing 2470-th line out of 2500 rows of DP table...
2022-01-04 21:16:12,468 - root - DEBUG - Processing 2480-th line out of 2500 rows of DP table...
2022-01-04 21:16:12,486 - root - DEBUG - Processing 2490-th line out of 2500 rows of DP table...
2022-01-04 21:16:12,501 - root - DEBUG - Processing 2500-th line out of 2500 rows of DP table...
2022-01-04 21:16:12,515 - root - DEBUG - Started computing joint logprobs...
