2022-01-04 21:09:50,987 - root - INFO - Loading reference interval set from '211227-2-sim/g21_4.ref.tsv'...
2022-01-04 21:09:50,992 - root - INFO - Loading query interval set from '211227-2-sim/g21_4.query.tsv'...
2022-01-04 21:09:51,066 - root - INFO - Loading chromosome sizes from '211227-2-sim/g21_sizes.tsv'...
2022-01-04 21:09:51,129 - root - INFO - Number of reference intervals: 2500 (2500 before merging)
2022-01-04 21:09:51,132 - root - INFO - Number of query intervals: 50000 (50000 before merging)
2022-01-04 21:09:51,133 - root - INFO - Number of chromosomes: 1
2022-01-04 21:09:51,234 - root - INFO - Overlap count: 2500
2022-01-04 21:09:51,238 - root - DEBUG - Started computing sf for chromosome 'chr1'...
2022-01-04 21:09:51,250 - root - DEBUG - m=2500, n=50000
2022-01-04 21:09:52,076 - root - DEBUG - Processing 10-th line out of 2500 rows of DP table...
2022-01-04 21:09:52,919 - root - DEBUG - Processing 20-th line out of 2500 rows of DP table...
2022-01-04 21:09:53,789 - root - DEBUG - Processing 30-th line out of 2500 rows of DP table...
2022-01-04 21:09:54,649 - root - DEBUG - Processing 40-th line out of 2500 rows of DP table...
2022-01-04 21:09:55,535 - root - DEBUG - Processing 50-th line out of 2500 rows of DP table...
2022-01-04 21:09:56,383 - root - DEBUG - Processing 60-th line out of 2500 rows of DP table...
2022-01-04 21:09:57,212 - root - DEBUG - Processing 70-th line out of 2500 rows of DP table...
2022-01-04 21:09:58,066 - root - DEBUG - Processing 80-th line out of 2500 rows of DP table...
2022-01-04 21:09:58,908 - root - DEBUG - Processing 90-th line out of 2500 rows of DP table...
2022-01-04 21:09:59,750 - root - DEBUG - Processing 100-th line out of 2500 rows of DP table...
2022-01-04 21:10:00,592 - root - DEBUG - Processing 110-th line out of 2500 rows of DP table...
2022-01-04 21:10:01,398 - root - DEBUG - Processing 120-th line out of 2500 rows of DP table...
2022-01-04 21:10:02,234 - root - DEBUG - Processing 130-th line out of 2500 rows of DP table...
2022-01-04 21:10:03,060 - root - DEBUG - Processing 140-th line out of 2500 rows of DP table...
2022-01-04 21:10:03,883 - root - DEBUG - Processing 150-th line out of 2500 rows of DP table...
2022-01-04 21:10:04,707 - root - DEBUG - Processing 160-th line out of 2500 rows of DP table...
2022-01-04 21:10:05,507 - root - DEBUG - Processing 170-th line out of 2500 rows of DP table...
2022-01-04 21:10:06,326 - root - DEBUG - Processing 180-th line out of 2500 rows of DP table...
2022-01-04 21:10:07,136 - root - DEBUG - Processing 190-th line out of 2500 rows of DP table...
2022-01-04 21:10:07,948 - root - DEBUG - Processing 200-th line out of 2500 rows of DP table...
2022-01-04 21:10:08,733 - root - DEBUG - Processing 210-th line out of 2500 rows of DP table...
2022-01-04 21:10:09,535 - root - DEBUG - Processing 220-th line out of 2500 rows of DP table...
2022-01-04 21:10:10,336 - root - DEBUG - Processing 230-th line out of 2500 rows of DP table...
2022-01-04 21:10:11,141 - root - DEBUG - Processing 240-th line out of 2500 rows of DP table...
2022-01-04 21:10:11,932 - root - DEBUG - Processing 250-th line out of 2500 rows of DP table...
2022-01-04 21:10:12,706 - root - DEBUG - Processing 260-th line out of 2500 rows of DP table...
2022-01-04 21:10:13,492 - root - DEBUG - Processing 270-th line out of 2500 rows of DP table...
2022-01-04 21:10:14,292 - root - DEBUG - Processing 280-th line out of 2500 rows of DP table...
2022-01-04 21:10:15,057 - root - DEBUG - Processing 290-th line out of 2500 rows of DP table...
2022-01-04 21:10:15,823 - root - DEBUG - Processing 300-th line out of 2500 rows of DP table...
2022-01-04 21:10:16,594 - root - DEBUG - Processing 310-th line out of 2500 rows of DP table...
2022-01-04 21:10:17,371 - root - DEBUG - Processing 320-th line out of 2500 rows of DP table...
2022-01-04 21:10:18,111 - root - DEBUG - Processing 330-th line out of 2500 rows of DP table...
2022-01-04 21:10:18,873 - root - DEBUG - Processing 340-th line out of 2500 rows of DP table...
2022-01-04 21:10:19,634 - root - DEBUG - Processing 350-th line out of 2500 rows of DP table...
2022-01-04 21:10:20,390 - root - DEBUG - Processing 360-th line out of 2500 rows of DP table...
2022-01-04 21:10:21,121 - root - DEBUG - Processing 370-th line out of 2500 rows of DP table...
2022-01-04 21:10:21,872 - root - DEBUG - Processing 380-th line out of 2500 rows of DP table...
2022-01-04 21:10:22,616 - root - DEBUG - Processing 390-th line out of 2500 rows of DP table...
2022-01-04 21:10:23,340 - root - DEBUG - Processing 400-th line out of 2500 rows of DP table...
2022-01-04 21:10:24,075 - root - DEBUG - Processing 410-th line out of 2500 rows of DP table...
2022-01-04 21:10:24,811 - root - DEBUG - Processing 420-th line out of 2500 rows of DP table...
2022-01-04 21:10:25,551 - root - DEBUG - Processing 430-th line out of 2500 rows of DP table...
2022-01-04 21:10:26,254 - root - DEBUG - Processing 440-th line out of 2500 rows of DP table...
2022-01-04 21:10:26,980 - root - DEBUG - Processing 450-th line out of 2500 rows of DP table...
2022-01-04 21:10:27,704 - root - DEBUG - Processing 460-th line out of 2500 rows of DP table...
2022-01-04 21:10:28,399 - root - DEBUG - Processing 470-th line out of 2500 rows of DP table...
2022-01-04 21:10:29,115 - root - DEBUG - Processing 480-th line out of 2500 rows of DP table...
2022-01-04 21:10:29,826 - root - DEBUG - Processing 490-th line out of 2500 rows of DP table...
2022-01-04 21:10:30,514 - root - DEBUG - Processing 500-th line out of 2500 rows of DP table...
2022-01-04 21:10:31,219 - root - DEBUG - Processing 510-th line out of 2500 rows of DP table...
2022-01-04 21:10:31,921 - root - DEBUG - Processing 520-th line out of 2500 rows of DP table...
2022-01-04 21:10:32,602 - root - DEBUG - Processing 530-th line out of 2500 rows of DP table...
2022-01-04 21:10:33,299 - root - DEBUG - Processing 540-th line out of 2500 rows of DP table...
2022-01-04 21:10:33,987 - root - DEBUG - Processing 550-th line out of 2500 rows of DP table...
2022-01-04 21:10:34,659 - root - DEBUG - Processing 560-th line out of 2500 rows of DP table...
2022-01-04 21:10:35,346 - root - DEBUG - Processing 570-th line out of 2500 rows of DP table...
2022-01-04 21:10:36,025 - root - DEBUG - Processing 580-th line out of 2500 rows of DP table...
2022-01-04 21:10:36,690 - root - DEBUG - Processing 590-th line out of 2500 rows of DP table...
2022-01-04 21:10:37,367 - root - DEBUG - Processing 600-th line out of 2500 rows of DP table...
2022-01-04 21:10:38,015 - root - DEBUG - Processing 610-th line out of 2500 rows of DP table...
2022-01-04 21:10:38,692 - root - DEBUG - Processing 620-th line out of 2500 rows of DP table...
2022-01-04 21:10:39,360 - root - DEBUG - Processing 630-th line out of 2500 rows of DP table...
2022-01-04 21:10:40,004 - root - DEBUG - Processing 640-th line out of 2500 rows of DP table...
2022-01-04 21:10:40,669 - root - DEBUG - Processing 650-th line out of 2500 rows of DP table...
2022-01-04 21:10:41,327 - root - DEBUG - Processing 660-th line out of 2500 rows of DP table...
2022-01-04 21:10:41,962 - root - DEBUG - Processing 670-th line out of 2500 rows of DP table...
2022-01-04 21:10:42,605 - root - DEBUG - Processing 680-th line out of 2500 rows of DP table...
2022-01-04 21:10:43,235 - root - DEBUG - Processing 690-th line out of 2500 rows of DP table...
2022-01-04 21:10:43,883 - root - DEBUG - Processing 700-th line out of 2500 rows of DP table...
2022-01-04 21:10:44,519 - root - DEBUG - Processing 710-th line out of 2500 rows of DP table...
2022-01-04 21:10:45,133 - root - DEBUG - Processing 720-th line out of 2500 rows of DP table...
2022-01-04 21:10:45,766 - root - DEBUG - Processing 730-th line out of 2500 rows of DP table...
2022-01-04 21:10:46,370 - root - DEBUG - Processing 740-th line out of 2500 rows of DP table...
2022-01-04 21:10:47,001 - root - DEBUG - Processing 750-th line out of 2500 rows of DP table...
2022-01-04 21:10:47,623 - root - DEBUG - Processing 760-th line out of 2500 rows of DP table...
2022-01-04 21:10:48,221 - root - DEBUG - Processing 770-th line out of 2500 rows of DP table...
2022-01-04 21:10:48,836 - root - DEBUG - Processing 780-th line out of 2500 rows of DP table...
2022-01-04 21:10:49,433 - root - DEBUG - Processing 790-th line out of 2500 rows of DP table...
2022-01-04 21:10:50,044 - root - DEBUG - Processing 800-th line out of 2500 rows of DP table...
2022-01-04 21:10:50,645 - root - DEBUG - Processing 810-th line out of 2500 rows of DP table...
2022-01-04 21:10:51,223 - root - DEBUG - Processing 820-th line out of 2500 rows of DP table...
2022-01-04 21:10:51,826 - root - DEBUG - Processing 830-th line out of 2500 rows of DP table...
2022-01-04 21:10:52,401 - root - DEBUG - Processing 840-th line out of 2500 rows of DP table...
2022-01-04 21:10:52,993 - root - DEBUG - Processing 850-th line out of 2500 rows of DP table...
2022-01-04 21:10:53,564 - root - DEBUG - Processing 860-th line out of 2500 rows of DP table...
2022-01-04 21:10:54,150 - root - DEBUG - Processing 870-th line out of 2500 rows of DP table...
2022-01-04 21:10:54,710 - root - DEBUG - Processing 880-th line out of 2500 rows of DP table...
2022-01-04 21:10:55,287 - root - DEBUG - Processing 890-th line out of 2500 rows of DP table...
2022-01-04 21:10:55,867 - root - DEBUG - Processing 900-th line out of 2500 rows of DP table...
2022-01-04 21:10:56,416 - root - DEBUG - Processing 910-th line out of 2500 rows of DP table...
2022-01-04 21:10:56,985 - root - DEBUG - Processing 920-th line out of 2500 rows of DP table...
2022-01-04 21:10:57,527 - root - DEBUG - Processing 930-th line out of 2500 rows of DP table...
2022-01-04 21:10:58,095 - root - DEBUG - Processing 940-th line out of 2500 rows of DP table...
2022-01-04 21:10:58,631 - root - DEBUG - Processing 950-th line out of 2500 rows of DP table...
2022-01-04 21:10:59,185 - root - DEBUG - Processing 960-th line out of 2500 rows of DP table...
2022-01-04 21:10:59,711 - root - DEBUG - Processing 970-th line out of 2500 rows of DP table...
2022-01-04 21:11:00,263 - root - DEBUG - Processing 980-th line out of 2500 rows of DP table...
2022-01-04 21:11:00,788 - root - DEBUG - Processing 990-th line out of 2500 rows of DP table...
2022-01-04 21:11:01,327 - root - DEBUG - Processing 1000-th line out of 2500 rows of DP table...
2022-01-04 21:11:01,842 - root - DEBUG - Processing 1010-th line out of 2500 rows of DP table...
2022-01-04 21:11:02,382 - root - DEBUG - Processing 1020-th line out of 2500 rows of DP table...
2022-01-04 21:11:02,890 - root - DEBUG - Processing 1030-th line out of 2500 rows of DP table...
2022-01-04 21:11:03,416 - root - DEBUG - Processing 1040-th line out of 2500 rows of DP table...
2022-01-04 21:11:03,917 - root - DEBUG - Processing 1050-th line out of 2500 rows of DP table...
2022-01-04 21:11:04,442 - root - DEBUG - Processing 1060-th line out of 2500 rows of DP table...
2022-01-04 21:11:04,941 - root - DEBUG - Processing 1070-th line out of 2500 rows of DP table...
2022-01-04 21:11:05,451 - root - DEBUG - Processing 1080-th line out of 2500 rows of DP table...
2022-01-04 21:11:05,940 - root - DEBUG - Processing 1090-th line out of 2500 rows of DP table...
2022-01-04 21:11:06,451 - root - DEBUG - Processing 1100-th line out of 2500 rows of DP table...
2022-01-04 21:11:06,934 - root - DEBUG - Processing 1110-th line out of 2500 rows of DP table...
2022-01-04 21:11:07,433 - root - DEBUG - Processing 1120-th line out of 2500 rows of DP table...
2022-01-04 21:11:07,908 - root - DEBUG - Processing 1130-th line out of 2500 rows of DP table...
2022-01-04 21:11:08,398 - root - DEBUG - Processing 1140-th line out of 2500 rows of DP table...
2022-01-04 21:11:08,869 - root - DEBUG - Processing 1150-th line out of 2500 rows of DP table...
2022-01-04 21:11:09,332 - root - DEBUG - Processing 1160-th line out of 2500 rows of DP table...
2022-01-04 21:11:09,812 - root - DEBUG - Processing 1170-th line out of 2500 rows of DP table...
2022-01-04 21:11:10,268 - root - DEBUG - Processing 1180-th line out of 2500 rows of DP table...
2022-01-04 21:11:10,749 - root - DEBUG - Processing 1190-th line out of 2500 rows of DP table...
2022-01-04 21:11:11,200 - root - DEBUG - Processing 1200-th line out of 2500 rows of DP table...
2022-01-04 21:11:11,670 - root - DEBUG - Processing 1210-th line out of 2500 rows of DP table...
2022-01-04 21:11:12,114 - root - DEBUG - Processing 1220-th line out of 2500 rows of DP table...
2022-01-04 21:11:12,577 - root - DEBUG - Processing 1230-th line out of 2500 rows of DP table...
2022-01-04 21:11:13,021 - root - DEBUG - Processing 1240-th line out of 2500 rows of DP table...
2022-01-04 21:11:13,455 - root - DEBUG - Processing 1250-th line out of 2500 rows of DP table...
2022-01-04 21:11:13,905 - root - DEBUG - Processing 1260-th line out of 2500 rows of DP table...
2022-01-04 21:11:14,332 - root - DEBUG - Processing 1270-th line out of 2500 rows of DP table...
2022-01-04 21:11:14,777 - root - DEBUG - Processing 1280-th line out of 2500 rows of DP table...
2022-01-04 21:11:15,204 - root - DEBUG - Processing 1290-th line out of 2500 rows of DP table...
2022-01-04 21:11:15,625 - root - DEBUG - Processing 1300-th line out of 2500 rows of DP table...
2022-01-04 21:11:16,052 - root - DEBUG - Processing 1310-th line out of 2500 rows of DP table...
2022-01-04 21:11:16,462 - root - DEBUG - Processing 1320-th line out of 2500 rows of DP table...
2022-01-04 21:11:16,891 - root - DEBUG - Processing 1330-th line out of 2500 rows of DP table...
2022-01-04 21:11:17,301 - root - DEBUG - Processing 1340-th line out of 2500 rows of DP table...
2022-01-04 21:11:17,708 - root - DEBUG - Processing 1350-th line out of 2500 rows of DP table...
2022-01-04 21:11:18,119 - root - DEBUG - Processing 1360-th line out of 2500 rows of DP table...
2022-01-04 21:11:18,510 - root - DEBUG - Processing 1370-th line out of 2500 rows of DP table...
2022-01-04 21:11:18,920 - root - DEBUG - Processing 1380-th line out of 2500 rows of DP table...
2022-01-04 21:11:19,312 - root - DEBUG - Processing 1390-th line out of 2500 rows of DP table...
2022-01-04 21:11:19,704 - root - DEBUG - Processing 1400-th line out of 2500 rows of DP table...
2022-01-04 21:11:20,105 - root - DEBUG - Processing 1410-th line out of 2500 rows of DP table...
2022-01-04 21:11:20,480 - root - DEBUG - Processing 1420-th line out of 2500 rows of DP table...
2022-01-04 21:11:20,878 - root - DEBUG - Processing 1430-th line out of 2500 rows of DP table...
2022-01-04 21:11:21,247 - root - DEBUG - Processing 1440-th line out of 2500 rows of DP table...
2022-01-04 21:11:21,628 - root - DEBUG - Processing 1450-th line out of 2500 rows of DP table...
2022-01-04 21:11:22,011 - root - DEBUG - Processing 1460-th line out of 2500 rows of DP table...
2022-01-04 21:11:22,369 - root - DEBUG - Processing 1470-th line out of 2500 rows of DP table...
2022-01-04 21:11:22,724 - root - DEBUG - Processing 1480-th line out of 2500 rows of DP table...
2022-01-04 21:11:23,097 - root - DEBUG - Processing 1490-th line out of 2500 rows of DP table...
2022-01-04 21:11:23,445 - root - DEBUG - Processing 1500-th line out of 2500 rows of DP table...
2022-01-04 21:11:23,805 - root - DEBUG - Processing 1510-th line out of 2500 rows of DP table...
2022-01-04 21:11:24,169 - root - DEBUG - Processing 1520-th line out of 2500 rows of DP table...
2022-01-04 21:11:24,507 - root - DEBUG - Processing 1530-th line out of 2500 rows of DP table...
2022-01-04 21:11:24,843 - root - DEBUG - Processing 1540-th line out of 2500 rows of DP table...
2022-01-04 21:11:25,196 - root - DEBUG - Processing 1550-th line out of 2500 rows of DP table...
2022-01-04 21:11:25,524 - root - DEBUG - Processing 1560-th line out of 2500 rows of DP table...
2022-01-04 21:11:25,860 - root - DEBUG - Processing 1570-th line out of 2500 rows of DP table...
2022-01-04 21:11:26,202 - root - DEBUG - Processing 1580-th line out of 2500 rows of DP table...
2022-01-04 21:11:26,521 - root - DEBUG - Processing 1590-th line out of 2500 rows of DP table...
2022-01-04 21:11:26,836 - root - DEBUG - Processing 1600-th line out of 2500 rows of DP table...
2022-01-04 21:11:27,168 - root - DEBUG - Processing 1610-th line out of 2500 rows of DP table...
2022-01-04 21:11:27,475 - root - DEBUG - Processing 1620-th line out of 2500 rows of DP table...
2022-01-04 21:11:27,782 - root - DEBUG - Processing 1630-th line out of 2500 rows of DP table...
2022-01-04 21:11:28,116 - root - DEBUG - Processing 1640-th line out of 2500 rows of DP table...
2022-01-04 21:11:28,436 - root - DEBUG - Processing 1650-th line out of 2500 rows of DP table...
2022-01-04 21:11:28,731 - root - DEBUG - Processing 1660-th line out of 2500 rows of DP table...
2022-01-04 21:11:29,024 - root - DEBUG - Processing 1670-th line out of 2500 rows of DP table...
2022-01-04 21:11:29,336 - root - DEBUG - Processing 1680-th line out of 2500 rows of DP table...
2022-01-04 21:11:29,623 - root - DEBUG - Processing 1690-th line out of 2500 rows of DP table...
2022-01-04 21:11:29,912 - root - DEBUG - Processing 1700-th line out of 2500 rows of DP table...
2022-01-04 21:11:30,197 - root - DEBUG - Processing 1710-th line out of 2500 rows of DP table...
2022-01-04 21:11:30,494 - root - DEBUG - Processing 1720-th line out of 2500 rows of DP table...
2022-01-04 21:11:30,764 - root - DEBUG - Processing 1730-th line out of 2500 rows of DP table...
2022-01-04 21:11:31,032 - root - DEBUG - Processing 1740-th line out of 2500 rows of DP table...
2022-01-04 21:11:31,319 - root - DEBUG - Processing 1750-th line out of 2500 rows of DP table...
2022-01-04 21:11:31,579 - root - DEBUG - Processing 1760-th line out of 2500 rows of DP table...
2022-01-04 21:11:31,837 - root - DEBUG - Processing 1770-th line out of 2500 rows of DP table...
2022-01-04 21:11:32,094 - root - DEBUG - Processing 1780-th line out of 2500 rows of DP table...
2022-01-04 21:11:32,375 - root - DEBUG - Processing 1790-th line out of 2500 rows of DP table...
2022-01-04 21:11:32,624 - root - DEBUG - Processing 1800-th line out of 2500 rows of DP table...
2022-01-04 21:11:32,868 - root - DEBUG - Processing 1810-th line out of 2500 rows of DP table...
2022-01-04 21:11:33,110 - root - DEBUG - Processing 1820-th line out of 2500 rows of DP table...
2022-01-04 21:11:33,349 - root - DEBUG - Processing 1830-th line out of 2500 rows of DP table...
2022-01-04 21:11:33,606 - root - DEBUG - Processing 1840-th line out of 2500 rows of DP table...
2022-01-04 21:11:33,838 - root - DEBUG - Processing 1850-th line out of 2500 rows of DP table...
2022-01-04 21:11:34,067 - root - DEBUG - Processing 1860-th line out of 2500 rows of DP table...
2022-01-04 21:11:34,305 - root - DEBUG - Processing 1870-th line out of 2500 rows of DP table...
2022-01-04 21:11:34,549 - root - DEBUG - Processing 1880-th line out of 2500 rows of DP table...
2022-01-04 21:11:34,768 - root - DEBUG - Processing 1890-th line out of 2500 rows of DP table...
2022-01-04 21:11:34,984 - root - DEBUG - Processing 1900-th line out of 2500 rows of DP table...
2022-01-04 21:11:35,196 - root - DEBUG - Processing 1910-th line out of 2500 rows of DP table...
2022-01-04 21:11:35,405 - root - DEBUG - Processing 1920-th line out of 2500 rows of DP table...
2022-01-04 21:11:35,631 - root - DEBUG - Processing 1930-th line out of 2500 rows of DP table...
2022-01-04 21:11:35,834 - root - DEBUG - Processing 1940-th line out of 2500 rows of DP table...
2022-01-04 21:11:36,032 - root - DEBUG - Processing 1950-th line out of 2500 rows of DP table...
2022-01-04 21:11:36,229 - root - DEBUG - Processing 1960-th line out of 2500 rows of DP table...
2022-01-04 21:11:36,426 - root - DEBUG - Processing 1970-th line out of 2500 rows of DP table...
2022-01-04 21:11:36,636 - root - DEBUG - Processing 1980-th line out of 2500 rows of DP table...
2022-01-04 21:11:36,821 - root - DEBUG - Processing 1990-th line out of 2500 rows of DP table...
2022-01-04 21:11:37,003 - root - DEBUG - Processing 2000-th line out of 2500 rows of DP table...
2022-01-04 21:11:37,181 - root - DEBUG - Processing 2010-th line out of 2500 rows of DP table...
2022-01-04 21:11:37,356 - root - DEBUG - Processing 2020-th line out of 2500 rows of DP table...
2022-01-04 21:11:37,527 - root - DEBUG - Processing 2030-th line out of 2500 rows of DP table...
2022-01-04 21:11:37,717 - root - DEBUG - Processing 2040-th line out of 2500 rows of DP table...
2022-01-04 21:11:37,962 - root - DEBUG - Processing 2050-th line out of 2500 rows of DP table...
2022-01-04 21:11:38,124 - root - DEBUG - Processing 2060-th line out of 2500 rows of DP table...
2022-01-04 21:11:38,285 - root - DEBUG - Processing 2070-th line out of 2500 rows of DP table...
2022-01-04 21:11:38,519 - root - DEBUG - Processing 2080-th line out of 2500 rows of DP table...
2022-01-04 21:11:38,700 - root - DEBUG - Processing 2090-th line out of 2500 rows of DP table...
2022-01-04 21:11:38,951 - root - DEBUG - Processing 2100-th line out of 2500 rows of DP table...
2022-01-04 21:11:39,096 - root - DEBUG - Processing 2110-th line out of 2500 rows of DP table...
2022-01-04 21:11:39,240 - root - DEBUG - Processing 2120-th line out of 2500 rows of DP table...
2022-01-04 21:11:39,379 - root - DEBUG - Processing 2130-th line out of 2500 rows of DP table...
2022-01-04 21:11:39,515 - root - DEBUG - Processing 2140-th line out of 2500 rows of DP table...
2022-01-04 21:11:39,669 - root - DEBUG - Processing 2150-th line out of 2500 rows of DP table...
2022-01-04 21:11:39,799 - root - DEBUG - Processing 2160-th line out of 2500 rows of DP table...
2022-01-04 21:11:39,924 - root - DEBUG - Processing 2170-th line out of 2500 rows of DP table...
2022-01-04 21:11:40,046 - root - DEBUG - Processing 2180-th line out of 2500 rows of DP table...
2022-01-04 21:11:40,165 - root - DEBUG - Processing 2190-th line out of 2500 rows of DP table...
2022-01-04 21:11:40,281 - root - DEBUG - Processing 2200-th line out of 2500 rows of DP table...
2022-01-04 21:11:40,394 - root - DEBUG - Processing 2210-th line out of 2500 rows of DP table...
2022-01-04 21:11:40,504 - root - DEBUG - Processing 2220-th line out of 2500 rows of DP table...
2022-01-04 21:11:40,609 - root - DEBUG - Processing 2230-th line out of 2500 rows of DP table...
2022-01-04 21:11:40,736 - root - DEBUG - Processing 2240-th line out of 2500 rows of DP table...
2022-01-04 21:11:40,834 - root - DEBUG - Processing 2250-th line out of 2500 rows of DP table...
2022-01-04 21:11:40,929 - root - DEBUG - Processing 2260-th line out of 2500 rows of DP table...
2022-01-04 21:11:41,020 - root - DEBUG - Processing 2270-th line out of 2500 rows of DP table...
2022-01-04 21:11:41,107 - root - DEBUG - Processing 2280-th line out of 2500 rows of DP table...
2022-01-04 21:11:41,192 - root - DEBUG - Processing 2290-th line out of 2500 rows of DP table...
2022-01-04 21:11:41,273 - root - DEBUG - Processing 2300-th line out of 2500 rows of DP table...
2022-01-04 21:11:41,350 - root - DEBUG - Processing 2310-th line out of 2500 rows of DP table...
2022-01-04 21:11:41,425 - root - DEBUG - Processing 2320-th line out of 2500 rows of DP table...
2022-01-04 21:11:41,495 - root - DEBUG - Processing 2330-th line out of 2500 rows of DP table...
2022-01-04 21:11:41,563 - root - DEBUG - Processing 2340-th line out of 2500 rows of DP table...
2022-01-04 21:11:41,628 - root - DEBUG - Processing 2350-th line out of 2500 rows of DP table...
2022-01-04 21:11:41,689 - root - DEBUG - Processing 2360-th line out of 2500 rows of DP table...
2022-01-04 21:11:41,767 - root - DEBUG - Processing 2370-th line out of 2500 rows of DP table...
2022-01-04 21:11:41,822 - root - DEBUG - Processing 2380-th line out of 2500 rows of DP table...
2022-01-04 21:11:41,873 - root - DEBUG - Processing 2390-th line out of 2500 rows of DP table...
2022-01-04 21:11:41,921 - root - DEBUG - Processing 2400-th line out of 2500 rows of DP table...
2022-01-04 21:11:41,965 - root - DEBUG - Processing 2410-th line out of 2500 rows of DP table...
2022-01-04 21:11:42,006 - root - DEBUG - Processing 2420-th line out of 2500 rows of DP table...
2022-01-04 21:11:42,044 - root - DEBUG - Processing 2430-th line out of 2500 rows of DP table...
2022-01-04 21:11:42,078 - root - DEBUG - Processing 2440-th line out of 2500 rows of DP table...
2022-01-04 21:11:42,109 - root - DEBUG - Processing 2450-th line out of 2500 rows of DP table...
2022-01-04 21:11:42,136 - root - DEBUG - Processing 2460-th line out of 2500 rows of DP table...
2022-01-04 21:11:42,160 - root - DEBUG - Processing 2470-th line out of 2500 rows of DP table...
2022-01-04 21:11:42,181 - root - DEBUG - Processing 2480-th line out of 2500 rows of DP table...
2022-01-04 21:11:42,199 - root - DEBUG - Processing 2490-th line out of 2500 rows of DP table...
2022-01-04 21:11:42,213 - root - DEBUG - Processing 2500-th line out of 2500 rows of DP table...
2022-01-04 21:11:42,233 - root - DEBUG - Started computing joint logprobs...
