2022-01-04 10:21:47,145 - root - INFO - Loading reference interval set from '211227-2-sim/g21_7.ref.tsv'...
2022-01-04 10:21:47,165 - root - INFO - Loading query interval set from '211227-2-sim/g21_7.query.tsv'...
2022-01-04 10:21:47,293 - root - INFO - Loading chromosome sizes from '211227-2-sim/g21_sizes.tsv'...
2022-01-04 10:21:47,506 - root - INFO - Number of reference intervals: 2500 (2500 before merging)
2022-01-04 10:21:47,511 - root - INFO - Number of query intervals: 50000 (50000 before merging)
2022-01-04 10:21:47,513 - root - INFO - Number of chromosomes: 1
2022-01-04 10:21:47,779 - root - INFO - Overlap count: 2500
2022-01-04 10:21:47,784 - root - DEBUG - Started computing sf for chromosome 'chr1'...
2022-01-04 10:21:47,829 - root - DEBUG - m=2500, n=50000
2022-01-04 10:21:48,654 - root - DEBUG - Processing 10-th line out of 2500 rows of DP table...
2022-01-04 10:21:49,523 - root - DEBUG - Processing 20-th line out of 2500 rows of DP table...
2022-01-04 10:21:50,376 - root - DEBUG - Processing 30-th line out of 2500 rows of DP table...
2022-01-04 10:21:51,243 - root - DEBUG - Processing 40-th line out of 2500 rows of DP table...
2022-01-04 10:21:52,101 - root - DEBUG - Processing 50-th line out of 2500 rows of DP table...
2022-01-04 10:21:52,947 - root - DEBUG - Processing 60-th line out of 2500 rows of DP table...
2022-01-04 10:21:53,796 - root - DEBUG - Processing 70-th line out of 2500 rows of DP table...
2022-01-04 10:21:54,632 - root - DEBUG - Processing 80-th line out of 2500 rows of DP table...
2022-01-04 10:21:55,476 - root - DEBUG - Processing 90-th line out of 2500 rows of DP table...
2022-01-04 10:21:56,316 - root - DEBUG - Processing 100-th line out of 2500 rows of DP table...
2022-01-04 10:21:57,143 - root - DEBUG - Processing 110-th line out of 2500 rows of DP table...
2022-01-04 10:21:57,976 - root - DEBUG - Processing 120-th line out of 2500 rows of DP table...
2022-01-04 10:21:58,797 - root - DEBUG - Processing 130-th line out of 2500 rows of DP table...
2022-01-04 10:21:59,627 - root - DEBUG - Processing 140-th line out of 2500 rows of DP table...
2022-01-04 10:22:00,452 - root - DEBUG - Processing 150-th line out of 2500 rows of DP table...
2022-01-04 10:22:01,262 - root - DEBUG - Processing 160-th line out of 2500 rows of DP table...
2022-01-04 10:22:02,083 - root - DEBUG - Processing 170-th line out of 2500 rows of DP table...
2022-01-04 10:22:02,882 - root - DEBUG - Processing 180-th line out of 2500 rows of DP table...
2022-01-04 10:22:03,693 - root - DEBUG - Processing 190-th line out of 2500 rows of DP table...
2022-01-04 10:22:04,491 - root - DEBUG - Processing 200-th line out of 2500 rows of DP table...
2022-01-04 10:22:05,297 - root - DEBUG - Processing 210-th line out of 2500 rows of DP table...
2022-01-04 10:22:06,122 - root - DEBUG - Processing 220-th line out of 2500 rows of DP table...
2022-01-04 10:22:06,906 - root - DEBUG - Processing 230-th line out of 2500 rows of DP table...
2022-01-04 10:22:07,704 - root - DEBUG - Processing 240-th line out of 2500 rows of DP table...
2022-01-04 10:22:08,480 - root - DEBUG - Processing 250-th line out of 2500 rows of DP table...
2022-01-04 10:22:09,268 - root - DEBUG - Processing 260-th line out of 2500 rows of DP table...
2022-01-04 10:22:10,041 - root - DEBUG - Processing 270-th line out of 2500 rows of DP table...
2022-01-04 10:22:10,823 - root - DEBUG - Processing 280-th line out of 2500 rows of DP table...
2022-01-04 10:22:11,600 - root - DEBUG - Processing 290-th line out of 2500 rows of DP table...
2022-01-04 10:22:12,361 - root - DEBUG - Processing 300-th line out of 2500 rows of DP table...
2022-01-04 10:22:13,132 - root - DEBUG - Processing 310-th line out of 2500 rows of DP table...
2022-01-04 10:22:13,889 - root - DEBUG - Processing 320-th line out of 2500 rows of DP table...
2022-01-04 10:22:14,653 - root - DEBUG - Processing 330-th line out of 2500 rows of DP table...
2022-01-04 10:22:15,402 - root - DEBUG - Processing 340-th line out of 2500 rows of DP table...
2022-01-04 10:22:16,160 - root - DEBUG - Processing 350-th line out of 2500 rows of DP table...
2022-01-04 10:22:16,901 - root - DEBUG - Processing 360-th line out of 2500 rows of DP table...
2022-01-04 10:22:17,649 - root - DEBUG - Processing 370-th line out of 2500 rows of DP table...
2022-01-04 10:22:18,386 - root - DEBUG - Processing 380-th line out of 2500 rows of DP table...
2022-01-04 10:22:19,130 - root - DEBUG - Processing 390-th line out of 2500 rows of DP table...
2022-01-04 10:22:19,860 - root - DEBUG - Processing 400-th line out of 2500 rows of DP table...
2022-01-04 10:22:20,598 - root - DEBUG - Processing 410-th line out of 2500 rows of DP table...
2022-01-04 10:22:21,331 - root - DEBUG - Processing 420-th line out of 2500 rows of DP table...
2022-01-04 10:22:22,050 - root - DEBUG - Processing 430-th line out of 2500 rows of DP table...
2022-01-04 10:22:22,778 - root - DEBUG - Processing 440-th line out of 2500 rows of DP table...
2022-01-04 10:22:23,490 - root - DEBUG - Processing 450-th line out of 2500 rows of DP table...
2022-01-04 10:22:24,210 - root - DEBUG - Processing 460-th line out of 2500 rows of DP table...
2022-01-04 10:22:24,917 - root - DEBUG - Processing 470-th line out of 2500 rows of DP table...
2022-01-04 10:22:25,632 - root - DEBUG - Processing 480-th line out of 2500 rows of DP table...
2022-01-04 10:22:26,332 - root - DEBUG - Processing 490-th line out of 2500 rows of DP table...
2022-01-04 10:22:27,040 - root - DEBUG - Processing 500-th line out of 2500 rows of DP table...
2022-01-04 10:22:27,733 - root - DEBUG - Processing 510-th line out of 2500 rows of DP table...
2022-01-04 10:22:28,437 - root - DEBUG - Processing 520-th line out of 2500 rows of DP table...
2022-01-04 10:22:29,121 - root - DEBUG - Processing 530-th line out of 2500 rows of DP table...
2022-01-04 10:22:29,816 - root - DEBUG - Processing 540-th line out of 2500 rows of DP table...
2022-01-04 10:22:30,497 - root - DEBUG - Processing 550-th line out of 2500 rows of DP table...
2022-01-04 10:22:31,186 - root - DEBUG - Processing 560-th line out of 2500 rows of DP table...
2022-01-04 10:22:31,860 - root - DEBUG - Processing 570-th line out of 2500 rows of DP table...
2022-01-04 10:22:32,541 - root - DEBUG - Processing 580-th line out of 2500 rows of DP table...
2022-01-04 10:22:33,207 - root - DEBUG - Processing 590-th line out of 2500 rows of DP table...
2022-01-04 10:22:33,867 - root - DEBUG - Processing 600-th line out of 2500 rows of DP table...
2022-01-04 10:22:34,538 - root - DEBUG - Processing 610-th line out of 2500 rows of DP table...
2022-01-04 10:22:35,194 - root - DEBUG - Processing 620-th line out of 2500 rows of DP table...
2022-01-04 10:22:35,858 - root - DEBUG - Processing 630-th line out of 2500 rows of DP table...
2022-01-04 10:22:36,505 - root - DEBUG - Processing 640-th line out of 2500 rows of DP table...
2022-01-04 10:22:37,165 - root - DEBUG - Processing 650-th line out of 2500 rows of DP table...
2022-01-04 10:22:37,806 - root - DEBUG - Processing 660-th line out of 2500 rows of DP table...
2022-01-04 10:22:38,456 - root - DEBUG - Processing 670-th line out of 2500 rows of DP table...
2022-01-04 10:22:39,088 - root - DEBUG - Processing 680-th line out of 2500 rows of DP table...
2022-01-04 10:22:39,735 - root - DEBUG - Processing 690-th line out of 2500 rows of DP table...
2022-01-04 10:22:40,362 - root - DEBUG - Processing 700-th line out of 2500 rows of DP table...
2022-01-04 10:22:41,000 - root - DEBUG - Processing 710-th line out of 2500 rows of DP table...
2022-01-04 10:22:41,621 - root - DEBUG - Processing 720-th line out of 2500 rows of DP table...
2022-01-04 10:22:42,241 - root - DEBUG - Processing 730-th line out of 2500 rows of DP table...
2022-01-04 10:22:42,868 - root - DEBUG - Processing 740-th line out of 2500 rows of DP table...
2022-01-04 10:22:43,480 - root - DEBUG - Processing 750-th line out of 2500 rows of DP table...
2022-01-04 10:22:44,098 - root - DEBUG - Processing 760-th line out of 2500 rows of DP table...
2022-01-04 10:22:44,702 - root - DEBUG - Processing 770-th line out of 2500 rows of DP table...
2022-01-04 10:22:45,315 - root - DEBUG - Processing 780-th line out of 2500 rows of DP table...
2022-01-04 10:22:45,912 - root - DEBUG - Processing 790-th line out of 2500 rows of DP table...
2022-01-04 10:22:46,520 - root - DEBUG - Processing 800-th line out of 2500 rows of DP table...
2022-01-04 10:22:47,111 - root - DEBUG - Processing 810-th line out of 2500 rows of DP table...
2022-01-04 10:22:47,697 - root - DEBUG - Processing 820-th line out of 2500 rows of DP table...
2022-01-04 10:22:48,294 - root - DEBUG - Processing 830-th line out of 2500 rows of DP table...
2022-01-04 10:22:48,876 - root - DEBUG - Processing 840-th line out of 2500 rows of DP table...
2022-01-04 10:22:49,465 - root - DEBUG - Processing 850-th line out of 2500 rows of DP table...
2022-01-04 10:22:50,038 - root - DEBUG - Processing 860-th line out of 2500 rows of DP table...
2022-01-04 10:22:50,609 - root - DEBUG - Processing 870-th line out of 2500 rows of DP table...
2022-01-04 10:22:51,190 - root - DEBUG - Processing 880-th line out of 2500 rows of DP table...
2022-01-04 10:22:51,751 - root - DEBUG - Processing 890-th line out of 2500 rows of DP table...
2022-01-04 10:22:52,328 - root - DEBUG - Processing 900-th line out of 2500 rows of DP table...
2022-01-04 10:22:52,885 - root - DEBUG - Processing 910-th line out of 2500 rows of DP table...
2022-01-04 10:22:53,453 - root - DEBUG - Processing 920-th line out of 2500 rows of DP table...
2022-01-04 10:22:54,001 - root - DEBUG - Processing 930-th line out of 2500 rows of DP table...
2022-01-04 10:22:54,548 - root - DEBUG - Processing 940-th line out of 2500 rows of DP table...
2022-01-04 10:22:55,104 - root - DEBUG - Processing 950-th line out of 2500 rows of DP table...
2022-01-04 10:22:55,689 - root - DEBUG - Processing 960-th line out of 2500 rows of DP table...
2022-01-04 10:22:56,226 - root - DEBUG - Processing 970-th line out of 2500 rows of DP table...
2022-01-04 10:22:56,774 - root - DEBUG - Processing 980-th line out of 2500 rows of DP table...
2022-01-04 10:22:57,305 - root - DEBUG - Processing 990-th line out of 2500 rows of DP table...
2022-01-04 10:22:57,848 - root - DEBUG - Processing 1000-th line out of 2500 rows of DP table...
2022-01-04 10:22:58,370 - root - DEBUG - Processing 1010-th line out of 2500 rows of DP table...
2022-01-04 10:22:58,891 - root - DEBUG - Processing 1020-th line out of 2500 rows of DP table...
2022-01-04 10:22:59,420 - root - DEBUG - Processing 1030-th line out of 2500 rows of DP table...
2022-01-04 10:22:59,934 - root - DEBUG - Processing 1040-th line out of 2500 rows of DP table...
2022-01-04 10:23:00,444 - root - DEBUG - Processing 1050-th line out of 2500 rows of DP table...
2022-01-04 10:23:00,964 - root - DEBUG - Processing 1060-th line out of 2500 rows of DP table...
2022-01-04 10:23:01,467 - root - DEBUG - Processing 1070-th line out of 2500 rows of DP table...
2022-01-04 10:23:01,982 - root - DEBUG - Processing 1080-th line out of 2500 rows of DP table...
2022-01-04 10:23:02,477 - root - DEBUG - Processing 1090-th line out of 2500 rows of DP table...
2022-01-04 10:23:02,969 - root - DEBUG - Processing 1100-th line out of 2500 rows of DP table...
2022-01-04 10:23:03,471 - root - DEBUG - Processing 1110-th line out of 2500 rows of DP table...
2022-01-04 10:23:03,958 - root - DEBUG - Processing 1120-th line out of 2500 rows of DP table...
2022-01-04 10:23:04,441 - root - DEBUG - Processing 1130-th line out of 2500 rows of DP table...
2022-01-04 10:23:04,932 - root - DEBUG - Processing 1140-th line out of 2500 rows of DP table...
2022-01-04 10:23:05,409 - root - DEBUG - Processing 1150-th line out of 2500 rows of DP table...
2022-01-04 10:23:05,881 - root - DEBUG - Processing 1160-th line out of 2500 rows of DP table...
2022-01-04 10:23:06,364 - root - DEBUG - Processing 1170-th line out of 2500 rows of DP table...
2022-01-04 10:23:06,829 - root - DEBUG - Processing 1180-th line out of 2500 rows of DP table...
2022-01-04 10:23:07,292 - root - DEBUG - Processing 1190-th line out of 2500 rows of DP table...
2022-01-04 10:23:07,763 - root - DEBUG - Processing 1200-th line out of 2500 rows of DP table...
2022-01-04 10:23:08,217 - root - DEBUG - Processing 1210-th line out of 2500 rows of DP table...
2022-01-04 10:23:08,671 - root - DEBUG - Processing 1220-th line out of 2500 rows of DP table...
2022-01-04 10:23:09,134 - root - DEBUG - Processing 1230-th line out of 2500 rows of DP table...
2022-01-04 10:23:09,579 - root - DEBUG - Processing 1240-th line out of 2500 rows of DP table...
2022-01-04 10:23:10,020 - root - DEBUG - Processing 1250-th line out of 2500 rows of DP table...
2022-01-04 10:23:10,472 - root - DEBUG - Processing 1260-th line out of 2500 rows of DP table...
2022-01-04 10:23:10,907 - root - DEBUG - Processing 1270-th line out of 2500 rows of DP table...
2022-01-04 10:23:11,341 - root - DEBUG - Processing 1280-th line out of 2500 rows of DP table...
2022-01-04 10:23:11,784 - root - DEBUG - Processing 1290-th line out of 2500 rows of DP table...
2022-01-04 10:23:12,208 - root - DEBUG - Processing 1300-th line out of 2500 rows of DP table...
2022-01-04 10:23:12,630 - root - DEBUG - Processing 1310-th line out of 2500 rows of DP table...
2022-01-04 10:23:13,062 - root - DEBUG - Processing 1320-th line out of 2500 rows of DP table...
2022-01-04 10:23:13,477 - root - DEBUG - Processing 1330-th line out of 2500 rows of DP table...
2022-01-04 10:23:13,887 - root - DEBUG - Processing 1340-th line out of 2500 rows of DP table...
2022-01-04 10:23:14,294 - root - DEBUG - Processing 1350-th line out of 2500 rows of DP table...
2022-01-04 10:23:14,709 - root - DEBUG - Processing 1360-th line out of 2500 rows of DP table...
2022-01-04 10:23:15,111 - root - DEBUG - Processing 1370-th line out of 2500 rows of DP table...
2022-01-04 10:23:15,507 - root - DEBUG - Processing 1380-th line out of 2500 rows of DP table...
2022-01-04 10:23:15,912 - root - DEBUG - Processing 1390-th line out of 2500 rows of DP table...
2022-01-04 10:23:16,301 - root - DEBUG - Processing 1400-th line out of 2500 rows of DP table...
2022-01-04 10:23:16,687 - root - DEBUG - Processing 1410-th line out of 2500 rows of DP table...
2022-01-04 10:23:17,072 - root - DEBUG - Processing 1420-th line out of 2500 rows of DP table...
2022-01-04 10:23:17,465 - root - DEBUG - Processing 1430-th line out of 2500 rows of DP table...
2022-01-04 10:23:17,845 - root - DEBUG - Processing 1440-th line out of 2500 rows of DP table...
2022-01-04 10:23:18,219 - root - DEBUG - Processing 1450-th line out of 2500 rows of DP table...
2022-01-04 10:23:18,589 - root - DEBUG - Processing 1460-th line out of 2500 rows of DP table...
2022-01-04 10:23:18,969 - root - DEBUG - Processing 1470-th line out of 2500 rows of DP table...
2022-01-04 10:23:19,332 - root - DEBUG - Processing 1480-th line out of 2500 rows of DP table...
2022-01-04 10:23:19,689 - root - DEBUG - Processing 1490-th line out of 2500 rows of DP table...
2022-01-04 10:23:20,064 - root - DEBUG - Processing 1500-th line out of 2500 rows of DP table...
2022-01-04 10:23:20,417 - root - DEBUG - Processing 1510-th line out of 2500 rows of DP table...
2022-01-04 10:23:20,767 - root - DEBUG - Processing 1520-th line out of 2500 rows of DP table...
2022-01-04 10:23:21,113 - root - DEBUG - Processing 1530-th line out of 2500 rows of DP table...
2022-01-04 10:23:21,468 - root - DEBUG - Processing 1540-th line out of 2500 rows of DP table...
2022-01-04 10:23:21,807 - root - DEBUG - Processing 1550-th line out of 2500 rows of DP table...
2022-01-04 10:23:22,144 - root - DEBUG - Processing 1560-th line out of 2500 rows of DP table...
2022-01-04 10:23:22,477 - root - DEBUG - Processing 1570-th line out of 2500 rows of DP table...
2022-01-04 10:23:22,805 - root - DEBUG - Processing 1580-th line out of 2500 rows of DP table...
2022-01-04 10:23:23,144 - root - DEBUG - Processing 1590-th line out of 2500 rows of DP table...
2022-01-04 10:23:23,467 - root - DEBUG - Processing 1600-th line out of 2500 rows of DP table...
2022-01-04 10:23:23,787 - root - DEBUG - Processing 1610-th line out of 2500 rows of DP table...
2022-01-04 10:23:24,101 - root - DEBUG - Processing 1620-th line out of 2500 rows of DP table...
2022-01-04 10:23:24,428 - root - DEBUG - Processing 1630-th line out of 2500 rows of DP table...
2022-01-04 10:23:24,736 - root - DEBUG - Processing 1640-th line out of 2500 rows of DP table...
2022-01-04 10:23:25,040 - root - DEBUG - Processing 1650-th line out of 2500 rows of DP table...
2022-01-04 10:23:25,342 - root - DEBUG - Processing 1660-th line out of 2500 rows of DP table...
2022-01-04 10:23:25,640 - root - DEBUG - Processing 1670-th line out of 2500 rows of DP table...
2022-01-04 10:23:25,949 - root - DEBUG - Processing 1680-th line out of 2500 rows of DP table...
2022-01-04 10:23:26,242 - root - DEBUG - Processing 1690-th line out of 2500 rows of DP table...
2022-01-04 10:23:26,530 - root - DEBUG - Processing 1700-th line out of 2500 rows of DP table...
2022-01-04 10:23:26,834 - root - DEBUG - Processing 1710-th line out of 2500 rows of DP table...
2022-01-04 10:23:27,131 - root - DEBUG - Processing 1720-th line out of 2500 rows of DP table...
2022-01-04 10:23:27,410 - root - DEBUG - Processing 1730-th line out of 2500 rows of DP table...
2022-01-04 10:23:27,703 - root - DEBUG - Processing 1740-th line out of 2500 rows of DP table...
2022-01-04 10:23:27,975 - root - DEBUG - Processing 1750-th line out of 2500 rows of DP table...
2022-01-04 10:23:28,244 - root - DEBUG - Processing 1760-th line out of 2500 rows of DP table...
2022-01-04 10:23:28,522 - root - DEBUG - Processing 1770-th line out of 2500 rows of DP table...
2022-01-04 10:23:28,783 - root - DEBUG - Processing 1780-th line out of 2500 rows of DP table...
2022-01-04 10:23:29,043 - root - DEBUG - Processing 1790-th line out of 2500 rows of DP table...
2022-01-04 10:23:29,298 - root - DEBUG - Processing 1800-th line out of 2500 rows of DP table...
2022-01-04 10:23:29,550 - root - DEBUG - Processing 1810-th line out of 2500 rows of DP table...
2022-01-04 10:23:29,796 - root - DEBUG - Processing 1820-th line out of 2500 rows of DP table...
2022-01-04 10:23:30,055 - root - DEBUG - Processing 1830-th line out of 2500 rows of DP table...
2022-01-04 10:23:30,296 - root - DEBUG - Processing 1840-th line out of 2500 rows of DP table...
2022-01-04 10:23:30,536 - root - DEBUG - Processing 1850-th line out of 2500 rows of DP table...
2022-01-04 10:23:30,770 - root - DEBUG - Processing 1860-th line out of 2500 rows of DP table...
2022-01-04 10:23:31,001 - root - DEBUG - Processing 1870-th line out of 2500 rows of DP table...
2022-01-04 10:23:31,231 - root - DEBUG - Processing 1880-th line out of 2500 rows of DP table...
2022-01-04 10:23:31,468 - root - DEBUG - Processing 1890-th line out of 2500 rows of DP table...
2022-01-04 10:23:31,769 - root - DEBUG - Processing 1900-th line out of 2500 rows of DP table...
2022-01-04 10:23:31,987 - root - DEBUG - Processing 1910-th line out of 2500 rows of DP table...
2022-01-04 10:23:32,202 - root - DEBUG - Processing 1920-th line out of 2500 rows of DP table...
2022-01-04 10:23:32,414 - root - DEBUG - Processing 1930-th line out of 2500 rows of DP table...
2022-01-04 10:23:32,622 - root - DEBUG - Processing 1940-th line out of 2500 rows of DP table...
2022-01-04 10:23:32,842 - root - DEBUG - Processing 1950-th line out of 2500 rows of DP table...
2022-01-04 10:23:33,044 - root - DEBUG - Processing 1960-th line out of 2500 rows of DP table...
2022-01-04 10:23:33,241 - root - DEBUG - Processing 1970-th line out of 2500 rows of DP table...
2022-01-04 10:23:33,434 - root - DEBUG - Processing 1980-th line out of 2500 rows of DP table...
2022-01-04 10:23:33,625 - root - DEBUG - Processing 1990-th line out of 2500 rows of DP table...
2022-01-04 10:23:33,811 - root - DEBUG - Processing 2000-th line out of 2500 rows of DP table...
2022-01-04 10:23:33,995 - root - DEBUG - Processing 2010-th line out of 2500 rows of DP table...
2022-01-04 10:23:34,187 - root - DEBUG - Processing 2020-th line out of 2500 rows of DP table...
2022-01-04 10:23:34,364 - root - DEBUG - Processing 2030-th line out of 2500 rows of DP table...
2022-01-04 10:23:34,537 - root - DEBUG - Processing 2040-th line out of 2500 rows of DP table...
2022-01-04 10:23:34,707 - root - DEBUG - Processing 2050-th line out of 2500 rows of DP table...
2022-01-04 10:23:34,872 - root - DEBUG - Processing 2060-th line out of 2500 rows of DP table...
2022-01-04 10:23:35,036 - root - DEBUG - Processing 2070-th line out of 2500 rows of DP table...
2022-01-04 10:23:35,197 - root - DEBUG - Processing 2080-th line out of 2500 rows of DP table...
2022-01-04 10:23:35,353 - root - DEBUG - Processing 2090-th line out of 2500 rows of DP table...
2022-01-04 10:23:35,520 - root - DEBUG - Processing 2100-th line out of 2500 rows of DP table...
2022-01-04 10:23:35,670 - root - DEBUG - Processing 2110-th line out of 2500 rows of DP table...
2022-01-04 10:23:35,818 - root - DEBUG - Processing 2120-th line out of 2500 rows of DP table...
2022-01-04 10:23:35,961 - root - DEBUG - Processing 2130-th line out of 2500 rows of DP table...
2022-01-04 10:23:36,100 - root - DEBUG - Processing 2140-th line out of 2500 rows of DP table...
2022-01-04 10:23:36,236 - root - DEBUG - Processing 2150-th line out of 2500 rows of DP table...
2022-01-04 10:23:36,368 - root - DEBUG - Processing 2160-th line out of 2500 rows of DP table...
2022-01-04 10:23:36,497 - root - DEBUG - Processing 2170-th line out of 2500 rows of DP table...
2022-01-04 10:23:36,623 - root - DEBUG - Processing 2180-th line out of 2500 rows of DP table...
2022-01-04 10:23:36,744 - root - DEBUG - Processing 2190-th line out of 2500 rows of DP table...
2022-01-04 10:23:36,862 - root - DEBUG - Processing 2200-th line out of 2500 rows of DP table...
2022-01-04 10:23:36,990 - root - DEBUG - Processing 2210-th line out of 2500 rows of DP table...
2022-01-04 10:23:37,103 - root - DEBUG - Processing 2220-th line out of 2500 rows of DP table...
2022-01-04 10:23:37,211 - root - DEBUG - Processing 2230-th line out of 2500 rows of DP table...
2022-01-04 10:23:37,316 - root - DEBUG - Processing 2240-th line out of 2500 rows of DP table...
2022-01-04 10:23:37,417 - root - DEBUG - Processing 2250-th line out of 2500 rows of DP table...
2022-01-04 10:23:37,515 - root - DEBUG - Processing 2260-th line out of 2500 rows of DP table...
2022-01-04 10:23:37,610 - root - DEBUG - Processing 2270-th line out of 2500 rows of DP table...
2022-01-04 10:23:37,701 - root - DEBUG - Processing 2280-th line out of 2500 rows of DP table...
2022-01-04 10:23:37,789 - root - DEBUG - Processing 2290-th line out of 2500 rows of DP table...
2022-01-04 10:23:37,875 - root - DEBUG - Processing 2300-th line out of 2500 rows of DP table...
2022-01-04 10:23:37,956 - root - DEBUG - Processing 2310-th line out of 2500 rows of DP table...
2022-01-04 10:23:38,034 - root - DEBUG - Processing 2320-th line out of 2500 rows of DP table...
2022-01-04 10:23:38,108 - root - DEBUG - Processing 2330-th line out of 2500 rows of DP table...
2022-01-04 10:23:38,179 - root - DEBUG - Processing 2340-th line out of 2500 rows of DP table...
2022-01-04 10:23:38,246 - root - DEBUG - Processing 2350-th line out of 2500 rows of DP table...
2022-01-04 10:23:38,310 - root - DEBUG - Processing 2360-th line out of 2500 rows of DP table...
2022-01-04 10:23:38,384 - root - DEBUG - Processing 2370-th line out of 2500 rows of DP table...
2022-01-04 10:23:38,440 - root - DEBUG - Processing 2380-th line out of 2500 rows of DP table...
2022-01-04 10:23:38,494 - root - DEBUG - Processing 2390-th line out of 2500 rows of DP table...
2022-01-04 10:23:38,544 - root - DEBUG - Processing 2400-th line out of 2500 rows of DP table...
2022-01-04 10:23:38,591 - root - DEBUG - Processing 2410-th line out of 2500 rows of DP table...
2022-01-04 10:23:38,634 - root - DEBUG - Processing 2420-th line out of 2500 rows of DP table...
2022-01-04 10:23:38,674 - root - DEBUG - Processing 2430-th line out of 2500 rows of DP table...
2022-01-04 10:23:38,710 - root - DEBUG - Processing 2440-th line out of 2500 rows of DP table...
2022-01-04 10:23:38,743 - root - DEBUG - Processing 2450-th line out of 2500 rows of DP table...
2022-01-04 10:23:38,772 - root - DEBUG - Processing 2460-th line out of 2500 rows of DP table...
2022-01-04 10:23:38,798 - root - DEBUG - Processing 2470-th line out of 2500 rows of DP table...
2022-01-04 10:23:38,820 - root - DEBUG - Processing 2480-th line out of 2500 rows of DP table...
2022-01-04 10:23:38,839 - root - DEBUG - Processing 2490-th line out of 2500 rows of DP table...
2022-01-04 10:23:38,854 - root - DEBUG - Processing 2500-th line out of 2500 rows of DP table...
2022-01-04 10:23:38,876 - root - DEBUG - Started computing joint logprobs...
