2022-01-04 01:04:11,290 - root - INFO - Loading reference interval set from '211227-2-sim/g21_1.ref.tsv'...
2022-01-04 01:04:11,296 - root - INFO - Loading query interval set from '211227-2-sim/g21_1.query.tsv'...
2022-01-04 01:04:11,420 - root - INFO - Loading chromosome sizes from '211227-2-sim/g21_sizes.tsv'...
2022-01-04 01:04:11,559 - root - INFO - Number of reference intervals: 2500 (2500 before merging)
2022-01-04 01:04:11,578 - root - INFO - Number of query intervals: 50000 (50000 before merging)
2022-01-04 01:04:11,580 - root - INFO - Number of chromosomes: 1
2022-01-04 01:04:11,749 - root - INFO - Overlap count: 2500
2022-01-04 01:04:11,755 - root - DEBUG - Started computing sf for chromosome 'chr1'...
2022-01-04 01:04:11,775 - root - DEBUG - m=2500, n=50000
2022-01-04 01:04:12,590 - root - DEBUG - Processing 10-th line out of 2500 rows of DP table...
2022-01-04 01:04:13,446 - root - DEBUG - Processing 20-th line out of 2500 rows of DP table...
2022-01-04 01:04:14,332 - root - DEBUG - Processing 30-th line out of 2500 rows of DP table...
2022-01-04 01:04:15,220 - root - DEBUG - Processing 40-th line out of 2500 rows of DP table...
2022-01-04 01:04:16,068 - root - DEBUG - Processing 50-th line out of 2500 rows of DP table...
2022-01-04 01:04:16,932 - root - DEBUG - Processing 60-th line out of 2500 rows of DP table...
2022-01-04 01:04:17,837 - root - DEBUG - Processing 70-th line out of 2500 rows of DP table...
2022-01-04 01:04:18,674 - root - DEBUG - Processing 80-th line out of 2500 rows of DP table...
2022-01-04 01:04:19,528 - root - DEBUG - Processing 90-th line out of 2500 rows of DP table...
2022-01-04 01:04:20,615 - root - DEBUG - Processing 100-th line out of 2500 rows of DP table...
2022-01-04 01:04:21,460 - root - DEBUG - Processing 110-th line out of 2500 rows of DP table...
2022-01-04 01:04:22,317 - root - DEBUG - Processing 120-th line out of 2500 rows of DP table...
2022-01-04 01:04:23,129 - root - DEBUG - Processing 130-th line out of 2500 rows of DP table...
2022-01-04 01:04:23,971 - root - DEBUG - Processing 140-th line out of 2500 rows of DP table...
2022-01-04 01:04:24,791 - root - DEBUG - Processing 150-th line out of 2500 rows of DP table...
2022-01-04 01:04:25,676 - root - DEBUG - Processing 160-th line out of 2500 rows of DP table...
2022-01-04 01:04:26,486 - root - DEBUG - Processing 170-th line out of 2500 rows of DP table...
2022-01-04 01:04:27,321 - root - DEBUG - Processing 180-th line out of 2500 rows of DP table...
2022-01-04 01:04:28,115 - root - DEBUG - Processing 190-th line out of 2500 rows of DP table...
2022-01-04 01:04:28,920 - root - DEBUG - Processing 200-th line out of 2500 rows of DP table...
2022-01-04 01:04:29,720 - root - DEBUG - Processing 210-th line out of 2500 rows of DP table...
2022-01-04 01:04:30,532 - root - DEBUG - Processing 220-th line out of 2500 rows of DP table...
2022-01-04 01:04:31,325 - root - DEBUG - Processing 230-th line out of 2500 rows of DP table...
2022-01-04 01:04:32,103 - root - DEBUG - Processing 240-th line out of 2500 rows of DP table...
2022-01-04 01:04:32,936 - root - DEBUG - Processing 250-th line out of 2500 rows of DP table...
2022-01-04 01:04:33,713 - root - DEBUG - Processing 260-th line out of 2500 rows of DP table...
2022-01-04 01:04:34,509 - root - DEBUG - Processing 270-th line out of 2500 rows of DP table...
2022-01-04 01:04:35,287 - root - DEBUG - Processing 280-th line out of 2500 rows of DP table...
2022-01-04 01:04:36,065 - root - DEBUG - Processing 290-th line out of 2500 rows of DP table...
2022-01-04 01:04:36,853 - root - DEBUG - Processing 300-th line out of 2500 rows of DP table...
2022-01-04 01:04:37,662 - root - DEBUG - Processing 310-th line out of 2500 rows of DP table...
2022-01-04 01:04:38,406 - root - DEBUG - Processing 320-th line out of 2500 rows of DP table...
2022-01-04 01:04:39,227 - root - DEBUG - Processing 330-th line out of 2500 rows of DP table...
2022-01-04 01:04:40,012 - root - DEBUG - Processing 340-th line out of 2500 rows of DP table...
2022-01-04 01:04:40,793 - root - DEBUG - Processing 350-th line out of 2500 rows of DP table...
2022-01-04 01:04:41,569 - root - DEBUG - Processing 360-th line out of 2500 rows of DP table...
2022-01-04 01:04:42,341 - root - DEBUG - Processing 370-th line out of 2500 rows of DP table...
2022-01-04 01:04:43,084 - root - DEBUG - Processing 380-th line out of 2500 rows of DP table...
2022-01-04 01:04:43,803 - root - DEBUG - Processing 390-th line out of 2500 rows of DP table...
2022-01-04 01:04:44,530 - root - DEBUG - Processing 400-th line out of 2500 rows of DP table...
2022-01-04 01:04:45,311 - root - DEBUG - Processing 410-th line out of 2500 rows of DP table...
2022-01-04 01:04:46,061 - root - DEBUG - Processing 420-th line out of 2500 rows of DP table...
2022-01-04 01:04:46,795 - root - DEBUG - Processing 430-th line out of 2500 rows of DP table...
2022-01-04 01:04:47,520 - root - DEBUG - Processing 440-th line out of 2500 rows of DP table...
2022-01-04 01:04:48,225 - root - DEBUG - Processing 450-th line out of 2500 rows of DP table...
2022-01-04 01:04:48,924 - root - DEBUG - Processing 460-th line out of 2500 rows of DP table...
2022-01-04 01:04:49,643 - root - DEBUG - Processing 470-th line out of 2500 rows of DP table...
2022-01-04 01:04:50,364 - root - DEBUG - Processing 480-th line out of 2500 rows of DP table...
2022-01-04 01:04:51,057 - root - DEBUG - Processing 490-th line out of 2500 rows of DP table...
2022-01-04 01:04:52,002 - root - DEBUG - Processing 500-th line out of 2500 rows of DP table...
2022-01-04 01:04:52,748 - root - DEBUG - Processing 510-th line out of 2500 rows of DP table...
2022-01-04 01:04:53,526 - root - DEBUG - Processing 520-th line out of 2500 rows of DP table...
2022-01-04 01:04:54,211 - root - DEBUG - Processing 530-th line out of 2500 rows of DP table...
2022-01-04 01:04:55,272 - root - DEBUG - Processing 540-th line out of 2500 rows of DP table...
2022-01-04 01:04:56,044 - root - DEBUG - Processing 550-th line out of 2500 rows of DP table...
2022-01-04 01:04:57,096 - root - DEBUG - Processing 560-th line out of 2500 rows of DP table...
2022-01-04 01:04:57,769 - root - DEBUG - Processing 570-th line out of 2500 rows of DP table...
2022-01-04 01:04:58,483 - root - DEBUG - Processing 580-th line out of 2500 rows of DP table...
2022-01-04 01:04:59,137 - root - DEBUG - Processing 590-th line out of 2500 rows of DP table...
2022-01-04 01:04:59,896 - root - DEBUG - Processing 600-th line out of 2500 rows of DP table...
2022-01-04 01:05:00,558 - root - DEBUG - Processing 610-th line out of 2500 rows of DP table...
2022-01-04 01:05:01,236 - root - DEBUG - Processing 620-th line out of 2500 rows of DP table...
2022-01-04 01:05:01,974 - root - DEBUG - Processing 630-th line out of 2500 rows of DP table...
2022-01-04 01:05:02,632 - root - DEBUG - Processing 640-th line out of 2500 rows of DP table...
2022-01-04 01:05:03,299 - root - DEBUG - Processing 650-th line out of 2500 rows of DP table...
2022-01-04 01:05:03,933 - root - DEBUG - Processing 660-th line out of 2500 rows of DP table...
2022-01-04 01:05:04,581 - root - DEBUG - Processing 670-th line out of 2500 rows of DP table...
2022-01-04 01:05:05,243 - root - DEBUG - Processing 680-th line out of 2500 rows of DP table...
2022-01-04 01:05:05,867 - root - DEBUG - Processing 690-th line out of 2500 rows of DP table...
2022-01-04 01:05:06,610 - root - DEBUG - Processing 700-th line out of 2500 rows of DP table...
2022-01-04 01:05:07,238 - root - DEBUG - Processing 710-th line out of 2500 rows of DP table...
2022-01-04 01:05:07,860 - root - DEBUG - Processing 720-th line out of 2500 rows of DP table...
2022-01-04 01:05:08,472 - root - DEBUG - Processing 730-th line out of 2500 rows of DP table...
2022-01-04 01:05:09,095 - root - DEBUG - Processing 740-th line out of 2500 rows of DP table...
2022-01-04 01:05:09,723 - root - DEBUG - Processing 750-th line out of 2500 rows of DP table...
2022-01-04 01:05:10,370 - root - DEBUG - Processing 760-th line out of 2500 rows of DP table...
2022-01-04 01:05:11,014 - root - DEBUG - Processing 770-th line out of 2500 rows of DP table...
2022-01-04 01:05:11,624 - root - DEBUG - Processing 780-th line out of 2500 rows of DP table...
2022-01-04 01:05:12,219 - root - DEBUG - Processing 790-th line out of 2500 rows of DP table...
2022-01-04 01:05:12,860 - root - DEBUG - Processing 800-th line out of 2500 rows of DP table...
2022-01-04 01:05:13,453 - root - DEBUG - Processing 810-th line out of 2500 rows of DP table...
2022-01-04 01:05:14,036 - root - DEBUG - Processing 820-th line out of 2500 rows of DP table...
2022-01-04 01:05:14,651 - root - DEBUG - Processing 830-th line out of 2500 rows of DP table...
2022-01-04 01:05:15,247 - root - DEBUG - Processing 840-th line out of 2500 rows of DP table...
2022-01-04 01:05:15,873 - root - DEBUG - Processing 850-th line out of 2500 rows of DP table...
2022-01-04 01:05:16,512 - root - DEBUG - Processing 860-th line out of 2500 rows of DP table...
2022-01-04 01:05:17,094 - root - DEBUG - Processing 870-th line out of 2500 rows of DP table...
2022-01-04 01:05:17,676 - root - DEBUG - Processing 880-th line out of 2500 rows of DP table...
2022-01-04 01:05:18,250 - root - DEBUG - Processing 890-th line out of 2500 rows of DP table...
2022-01-04 01:05:18,809 - root - DEBUG - Processing 900-th line out of 2500 rows of DP table...
2022-01-04 01:05:19,366 - root - DEBUG - Processing 910-th line out of 2500 rows of DP table...
2022-01-04 01:05:19,921 - root - DEBUG - Processing 920-th line out of 2500 rows of DP table...
2022-01-04 01:05:20,481 - root - DEBUG - Processing 930-th line out of 2500 rows of DP table...
2022-01-04 01:05:21,025 - root - DEBUG - Processing 940-th line out of 2500 rows of DP table...
2022-01-04 01:05:21,567 - root - DEBUG - Processing 950-th line out of 2500 rows of DP table...
2022-01-04 01:05:22,102 - root - DEBUG - Processing 960-th line out of 2500 rows of DP table...
2022-01-04 01:05:22,676 - root - DEBUG - Processing 970-th line out of 2500 rows of DP table...
2022-01-04 01:05:23,204 - root - DEBUG - Processing 980-th line out of 2500 rows of DP table...
2022-01-04 01:05:23,830 - root - DEBUG - Processing 990-th line out of 2500 rows of DP table...
2022-01-04 01:05:24,351 - root - DEBUG - Processing 1000-th line out of 2500 rows of DP table...
2022-01-04 01:05:24,984 - root - DEBUG - Processing 1010-th line out of 2500 rows of DP table...
2022-01-04 01:05:25,569 - root - DEBUG - Processing 1020-th line out of 2500 rows of DP table...
2022-01-04 01:05:26,088 - root - DEBUG - Processing 1030-th line out of 2500 rows of DP table...
2022-01-04 01:05:26,600 - root - DEBUG - Processing 1040-th line out of 2500 rows of DP table...
2022-01-04 01:05:27,254 - root - DEBUG - Processing 1050-th line out of 2500 rows of DP table...
2022-01-04 01:05:27,930 - root - DEBUG - Processing 1060-th line out of 2500 rows of DP table...
2022-01-04 01:05:28,576 - root - DEBUG - Processing 1070-th line out of 2500 rows of DP table...
2022-01-04 01:05:29,197 - root - DEBUG - Processing 1080-th line out of 2500 rows of DP table...
2022-01-04 01:05:29,697 - root - DEBUG - Processing 1090-th line out of 2500 rows of DP table...
2022-01-04 01:05:30,424 - root - DEBUG - Processing 1100-th line out of 2500 rows of DP table...
2022-01-04 01:05:31,081 - root - DEBUG - Processing 1110-th line out of 2500 rows of DP table...
2022-01-04 01:05:32,116 - root - DEBUG - Processing 1120-th line out of 2500 rows of DP table...
2022-01-04 01:05:33,345 - root - DEBUG - Processing 1130-th line out of 2500 rows of DP table...
2022-01-04 01:05:33,900 - root - DEBUG - Processing 1140-th line out of 2500 rows of DP table...
2022-01-04 01:05:34,371 - root - DEBUG - Processing 1150-th line out of 2500 rows of DP table...
2022-01-04 01:05:34,875 - root - DEBUG - Processing 1160-th line out of 2500 rows of DP table...
2022-01-04 01:05:35,832 - root - DEBUG - Processing 1170-th line out of 2500 rows of DP table...
2022-01-04 01:05:36,341 - root - DEBUG - Processing 1180-th line out of 2500 rows of DP table...
2022-01-04 01:05:36,801 - root - DEBUG - Processing 1190-th line out of 2500 rows of DP table...
2022-01-04 01:05:37,256 - root - DEBUG - Processing 1200-th line out of 2500 rows of DP table...
2022-01-04 01:05:37,748 - root - DEBUG - Processing 1210-th line out of 2500 rows of DP table...
2022-01-04 01:05:38,914 - root - DEBUG - Processing 1220-th line out of 2500 rows of DP table...
2022-01-04 01:05:39,994 - root - DEBUG - Processing 1230-th line out of 2500 rows of DP table...
2022-01-04 01:05:40,438 - root - DEBUG - Processing 1240-th line out of 2500 rows of DP table...
2022-01-04 01:05:41,206 - root - DEBUG - Processing 1250-th line out of 2500 rows of DP table...
2022-01-04 01:05:42,158 - root - DEBUG - Processing 1260-th line out of 2500 rows of DP table...
2022-01-04 01:05:43,107 - root - DEBUG - Processing 1270-th line out of 2500 rows of DP table...
2022-01-04 01:05:44,049 - root - DEBUG - Processing 1280-th line out of 2500 rows of DP table...
2022-01-04 01:05:45,050 - root - DEBUG - Processing 1290-th line out of 2500 rows of DP table...
2022-01-04 01:05:45,977 - root - DEBUG - Processing 1300-th line out of 2500 rows of DP table...
2022-01-04 01:05:46,902 - root - DEBUG - Processing 1310-th line out of 2500 rows of DP table...
2022-01-04 01:05:47,846 - root - DEBUG - Processing 1320-th line out of 2500 rows of DP table...
2022-01-04 01:05:48,748 - root - DEBUG - Processing 1330-th line out of 2500 rows of DP table...
2022-01-04 01:05:49,641 - root - DEBUG - Processing 1340-th line out of 2500 rows of DP table...
2022-01-04 01:05:50,536 - root - DEBUG - Processing 1350-th line out of 2500 rows of DP table...
2022-01-04 01:05:51,416 - root - DEBUG - Processing 1360-th line out of 2500 rows of DP table...
2022-01-04 01:05:52,291 - root - DEBUG - Processing 1370-th line out of 2500 rows of DP table...
2022-01-04 01:05:53,079 - root - DEBUG - Processing 1380-th line out of 2500 rows of DP table...
2022-01-04 01:05:53,472 - root - DEBUG - Processing 1390-th line out of 2500 rows of DP table...
2022-01-04 01:05:53,885 - root - DEBUG - Processing 1400-th line out of 2500 rows of DP table...
2022-01-04 01:05:54,295 - root - DEBUG - Processing 1410-th line out of 2500 rows of DP table...
2022-01-04 01:05:54,684 - root - DEBUG - Processing 1420-th line out of 2500 rows of DP table...
2022-01-04 01:05:55,061 - root - DEBUG - Processing 1430-th line out of 2500 rows of DP table...
2022-01-04 01:05:55,494 - root - DEBUG - Processing 1440-th line out of 2500 rows of DP table...
2022-01-04 01:05:55,868 - root - DEBUG - Processing 1450-th line out of 2500 rows of DP table...
2022-01-04 01:05:56,241 - root - DEBUG - Processing 1460-th line out of 2500 rows of DP table...
2022-01-04 01:05:56,616 - root - DEBUG - Processing 1470-th line out of 2500 rows of DP table...
2022-01-04 01:05:56,994 - root - DEBUG - Processing 1480-th line out of 2500 rows of DP table...
2022-01-04 01:05:57,365 - root - DEBUG - Processing 1490-th line out of 2500 rows of DP table...
2022-01-04 01:05:58,387 - root - DEBUG - Processing 1500-th line out of 2500 rows of DP table...
2022-01-04 01:05:58,971 - root - DEBUG - Processing 1510-th line out of 2500 rows of DP table...
2022-01-04 01:05:59,550 - root - DEBUG - Processing 1520-th line out of 2500 rows of DP table...
2022-01-04 01:05:59,956 - root - DEBUG - Processing 1530-th line out of 2500 rows of DP table...
2022-01-04 01:06:00,519 - root - DEBUG - Processing 1540-th line out of 2500 rows of DP table...
2022-01-04 01:06:01,427 - root - DEBUG - Processing 1550-th line out of 2500 rows of DP table...
2022-01-04 01:06:01,896 - root - DEBUG - Processing 1560-th line out of 2500 rows of DP table...
2022-01-04 01:06:02,295 - root - DEBUG - Processing 1570-th line out of 2500 rows of DP table...
2022-01-04 01:06:02,627 - root - DEBUG - Processing 1580-th line out of 2500 rows of DP table...
2022-01-04 01:06:02,953 - root - DEBUG - Processing 1590-th line out of 2500 rows of DP table...
2022-01-04 01:06:03,317 - root - DEBUG - Processing 1600-th line out of 2500 rows of DP table...
2022-01-04 01:06:03,744 - root - DEBUG - Processing 1610-th line out of 2500 rows of DP table...
2022-01-04 01:06:04,359 - root - DEBUG - Processing 1620-th line out of 2500 rows of DP table...
2022-01-04 01:06:04,975 - root - DEBUG - Processing 1630-th line out of 2500 rows of DP table...
2022-01-04 01:06:05,440 - root - DEBUG - Processing 1640-th line out of 2500 rows of DP table...
2022-01-04 01:06:05,807 - root - DEBUG - Processing 1650-th line out of 2500 rows of DP table...
2022-01-04 01:06:06,170 - root - DEBUG - Processing 1660-th line out of 2500 rows of DP table...
2022-01-04 01:06:06,527 - root - DEBUG - Processing 1670-th line out of 2500 rows of DP table...
2022-01-04 01:06:06,909 - root - DEBUG - Processing 1680-th line out of 2500 rows of DP table...
2022-01-04 01:06:07,273 - root - DEBUG - Processing 1690-th line out of 2500 rows of DP table...
2022-01-04 01:06:07,615 - root - DEBUG - Processing 1700-th line out of 2500 rows of DP table...
2022-01-04 01:06:07,974 - root - DEBUG - Processing 1710-th line out of 2500 rows of DP table...
2022-01-04 01:06:08,308 - root - DEBUG - Processing 1720-th line out of 2500 rows of DP table...
2022-01-04 01:06:08,642 - root - DEBUG - Processing 1730-th line out of 2500 rows of DP table...
2022-01-04 01:06:09,006 - root - DEBUG - Processing 1740-th line out of 2500 rows of DP table...
2022-01-04 01:06:09,360 - root - DEBUG - Processing 1750-th line out of 2500 rows of DP table...
2022-01-04 01:06:09,677 - root - DEBUG - Processing 1760-th line out of 2500 rows of DP table...
2022-01-04 01:06:10,018 - root - DEBUG - Processing 1770-th line out of 2500 rows of DP table...
2022-01-04 01:06:10,331 - root - DEBUG - Processing 1780-th line out of 2500 rows of DP table...
2022-01-04 01:06:10,658 - root - DEBUG - Processing 1790-th line out of 2500 rows of DP table...
2022-01-04 01:06:10,979 - root - DEBUG - Processing 1800-th line out of 2500 rows of DP table...
2022-01-04 01:06:11,275 - root - DEBUG - Processing 1810-th line out of 2500 rows of DP table...
2022-01-04 01:06:11,568 - root - DEBUG - Processing 1820-th line out of 2500 rows of DP table...
2022-01-04 01:06:11,856 - root - DEBUG - Processing 1830-th line out of 2500 rows of DP table...
2022-01-04 01:06:12,157 - root - DEBUG - Processing 1840-th line out of 2500 rows of DP table...
2022-01-04 01:06:12,438 - root - DEBUG - Processing 1850-th line out of 2500 rows of DP table...
2022-01-04 01:06:12,716 - root - DEBUG - Processing 1860-th line out of 2500 rows of DP table...
2022-01-04 01:06:12,989 - root - DEBUG - Processing 1870-th line out of 2500 rows of DP table...
2022-01-04 01:06:13,283 - root - DEBUG - Processing 1880-th line out of 2500 rows of DP table...
2022-01-04 01:06:13,582 - root - DEBUG - Processing 1890-th line out of 2500 rows of DP table...
2022-01-04 01:06:13,865 - root - DEBUG - Processing 1900-th line out of 2500 rows of DP table...
2022-01-04 01:06:14,126 - root - DEBUG - Processing 1910-th line out of 2500 rows of DP table...
2022-01-04 01:06:14,382 - root - DEBUG - Processing 1920-th line out of 2500 rows of DP table...
2022-01-04 01:06:14,686 - root - DEBUG - Processing 1930-th line out of 2500 rows of DP table...
2022-01-04 01:06:14,937 - root - DEBUG - Processing 1940-th line out of 2500 rows of DP table...
2022-01-04 01:06:15,176 - root - DEBUG - Processing 1950-th line out of 2500 rows of DP table...
2022-01-04 01:06:15,417 - root - DEBUG - Processing 1960-th line out of 2500 rows of DP table...
2022-01-04 01:06:15,674 - root - DEBUG - Processing 1970-th line out of 2500 rows of DP table...
2022-01-04 01:06:15,907 - root - DEBUG - Processing 1980-th line out of 2500 rows of DP table...
2022-01-04 01:06:16,157 - root - DEBUG - Processing 1990-th line out of 2500 rows of DP table...
2022-01-04 01:06:16,377 - root - DEBUG - Processing 2000-th line out of 2500 rows of DP table...
2022-01-04 01:06:16,594 - root - DEBUG - Processing 2010-th line out of 2500 rows of DP table...
2022-01-04 01:06:16,808 - root - DEBUG - Processing 2020-th line out of 2500 rows of DP table...
2022-01-04 01:06:17,017 - root - DEBUG - Processing 2030-th line out of 2500 rows of DP table...
2022-01-04 01:06:17,241 - root - DEBUG - Processing 2040-th line out of 2500 rows of DP table...
2022-01-04 01:06:17,441 - root - DEBUG - Processing 2050-th line out of 2500 rows of DP table...
2022-01-04 01:06:17,639 - root - DEBUG - Processing 2060-th line out of 2500 rows of DP table...
2022-01-04 01:06:17,887 - root - DEBUG - Processing 2070-th line out of 2500 rows of DP table...
2022-01-04 01:06:18,077 - root - DEBUG - Processing 2080-th line out of 2500 rows of DP table...
2022-01-04 01:06:18,264 - root - DEBUG - Processing 2090-th line out of 2500 rows of DP table...
2022-01-04 01:06:18,446 - root - DEBUG - Processing 2100-th line out of 2500 rows of DP table...
2022-01-04 01:06:18,624 - root - DEBUG - Processing 2110-th line out of 2500 rows of DP table...
2022-01-04 01:06:18,796 - root - DEBUG - Processing 2120-th line out of 2500 rows of DP table...
2022-01-04 01:06:18,967 - root - DEBUG - Processing 2130-th line out of 2500 rows of DP table...
2022-01-04 01:06:19,136 - root - DEBUG - Processing 2140-th line out of 2500 rows of DP table...
2022-01-04 01:06:19,298 - root - DEBUG - Processing 2150-th line out of 2500 rows of DP table...
2022-01-04 01:06:19,452 - root - DEBUG - Processing 2160-th line out of 2500 rows of DP table...
2022-01-04 01:06:19,604 - root - DEBUG - Processing 2170-th line out of 2500 rows of DP table...
2022-01-04 01:06:19,753 - root - DEBUG - Processing 2180-th line out of 2500 rows of DP table...
2022-01-04 01:06:19,897 - root - DEBUG - Processing 2190-th line out of 2500 rows of DP table...
2022-01-04 01:06:20,042 - root - DEBUG - Processing 2200-th line out of 2500 rows of DP table...
2022-01-04 01:06:20,176 - root - DEBUG - Processing 2210-th line out of 2500 rows of DP table...
2022-01-04 01:06:20,308 - root - DEBUG - Processing 2220-th line out of 2500 rows of DP table...
2022-01-04 01:06:20,454 - root - DEBUG - Processing 2230-th line out of 2500 rows of DP table...
2022-01-04 01:06:20,583 - root - DEBUG - Processing 2240-th line out of 2500 rows of DP table...
2022-01-04 01:06:20,704 - root - DEBUG - Processing 2250-th line out of 2500 rows of DP table...
2022-01-04 01:06:20,819 - root - DEBUG - Processing 2260-th line out of 2500 rows of DP table...
2022-01-04 01:06:20,931 - root - DEBUG - Processing 2270-th line out of 2500 rows of DP table...
2022-01-04 01:06:21,039 - root - DEBUG - Processing 2280-th line out of 2500 rows of DP table...
2022-01-04 01:06:21,143 - root - DEBUG - Processing 2290-th line out of 2500 rows of DP table...
2022-01-04 01:06:21,243 - root - DEBUG - Processing 2300-th line out of 2500 rows of DP table...
2022-01-04 01:06:21,339 - root - DEBUG - Processing 2310-th line out of 2500 rows of DP table...
2022-01-04 01:06:21,430 - root - DEBUG - Processing 2320-th line out of 2500 rows of DP table...
2022-01-04 01:06:21,518 - root - DEBUG - Processing 2330-th line out of 2500 rows of DP table...
2022-01-04 01:06:21,602 - root - DEBUG - Processing 2340-th line out of 2500 rows of DP table...
2022-01-04 01:06:21,682 - root - DEBUG - Processing 2350-th line out of 2500 rows of DP table...
2022-01-04 01:06:21,759 - root - DEBUG - Processing 2360-th line out of 2500 rows of DP table...
2022-01-04 01:06:21,830 - root - DEBUG - Processing 2370-th line out of 2500 rows of DP table...
2022-01-04 01:06:21,897 - root - DEBUG - Processing 2380-th line out of 2500 rows of DP table...
2022-01-04 01:06:22,005 - root - DEBUG - Processing 2390-th line out of 2500 rows of DP table...
2022-01-04 01:06:22,063 - root - DEBUG - Processing 2400-th line out of 2500 rows of DP table...
2022-01-04 01:06:22,140 - root - DEBUG - Processing 2410-th line out of 2500 rows of DP table...
2022-01-04 01:06:22,191 - root - DEBUG - Processing 2420-th line out of 2500 rows of DP table...
2022-01-04 01:06:22,238 - root - DEBUG - Processing 2430-th line out of 2500 rows of DP table...
2022-01-04 01:06:22,309 - root - DEBUG - Processing 2440-th line out of 2500 rows of DP table...
2022-01-04 01:06:22,348 - root - DEBUG - Processing 2450-th line out of 2500 rows of DP table...
2022-01-04 01:06:22,420 - root - DEBUG - Processing 2460-th line out of 2500 rows of DP table...
2022-01-04 01:06:22,451 - root - DEBUG - Processing 2470-th line out of 2500 rows of DP table...
2022-01-04 01:06:22,476 - root - DEBUG - Processing 2480-th line out of 2500 rows of DP table...
2022-01-04 01:06:22,544 - root - DEBUG - Processing 2490-th line out of 2500 rows of DP table...
2022-01-04 01:06:22,562 - root - DEBUG - Processing 2500-th line out of 2500 rows of DP table...
2022-01-04 01:06:22,596 - root - DEBUG - Started computing joint logprobs...
