2022-01-04 01:56:56,699 - root - INFO - Loading reference interval set from '211227-2-sim/g21_3.ref.tsv'...
2022-01-04 01:56:56,731 - root - INFO - Loading query interval set from '211227-2-sim/g21_3.query.tsv'...
2022-01-04 01:56:56,889 - root - INFO - Loading chromosome sizes from '211227-2-sim/g21_sizes.tsv'...
2022-01-04 01:56:57,077 - root - INFO - Number of reference intervals: 2500 (2500 before merging)
2022-01-04 01:56:57,083 - root - INFO - Number of query intervals: 50000 (50000 before merging)
2022-01-04 01:56:57,084 - root - INFO - Number of chromosomes: 1
2022-01-04 01:56:57,299 - root - INFO - Overlap count: 2499
2022-01-04 01:56:57,304 - root - DEBUG - Started computing sf for chromosome 'chr1'...
2022-01-04 01:56:57,329 - root - DEBUG - m=2500, n=50000
2022-01-04 01:56:58,175 - root - DEBUG - Processing 10-th line out of 2500 rows of DP table...
2022-01-04 01:56:59,040 - root - DEBUG - Processing 20-th line out of 2500 rows of DP table...
2022-01-04 01:56:59,909 - root - DEBUG - Processing 30-th line out of 2500 rows of DP table...
2022-01-04 01:57:00,886 - root - DEBUG - Processing 40-th line out of 2500 rows of DP table...
2022-01-04 01:57:01,735 - root - DEBUG - Processing 50-th line out of 2500 rows of DP table...
2022-01-04 01:57:02,631 - root - DEBUG - Processing 60-th line out of 2500 rows of DP table...
2022-01-04 01:57:03,490 - root - DEBUG - Processing 70-th line out of 2500 rows of DP table...
2022-01-04 01:57:04,335 - root - DEBUG - Processing 80-th line out of 2500 rows of DP table...
2022-01-04 01:57:05,213 - root - DEBUG - Processing 90-th line out of 2500 rows of DP table...
2022-01-04 01:57:06,058 - root - DEBUG - Processing 100-th line out of 2500 rows of DP table...
2022-01-04 01:57:06,889 - root - DEBUG - Processing 110-th line out of 2500 rows of DP table...
2022-01-04 01:57:07,734 - root - DEBUG - Processing 120-th line out of 2500 rows of DP table...
2022-01-04 01:57:08,572 - root - DEBUG - Processing 130-th line out of 2500 rows of DP table...
2022-01-04 01:57:09,396 - root - DEBUG - Processing 140-th line out of 2500 rows of DP table...
2022-01-04 01:57:10,229 - root - DEBUG - Processing 150-th line out of 2500 rows of DP table...
2022-01-04 01:57:11,060 - root - DEBUG - Processing 160-th line out of 2500 rows of DP table...
2022-01-04 01:57:11,877 - root - DEBUG - Processing 170-th line out of 2500 rows of DP table...
2022-01-04 01:57:12,694 - root - DEBUG - Processing 180-th line out of 2500 rows of DP table...
2022-01-04 01:57:13,494 - root - DEBUG - Processing 190-th line out of 2500 rows of DP table...
2022-01-04 01:57:14,308 - root - DEBUG - Processing 200-th line out of 2500 rows of DP table...
2022-01-04 01:57:15,116 - root - DEBUG - Processing 210-th line out of 2500 rows of DP table...
2022-01-04 01:57:15,915 - root - DEBUG - Processing 220-th line out of 2500 rows of DP table...
2022-01-04 01:57:16,716 - root - DEBUG - Processing 230-th line out of 2500 rows of DP table...
2022-01-04 01:57:17,517 - root - DEBUG - Processing 240-th line out of 2500 rows of DP table...
2022-01-04 01:57:18,302 - root - DEBUG - Processing 250-th line out of 2500 rows of DP table...
2022-01-04 01:57:19,090 - root - DEBUG - Processing 260-th line out of 2500 rows of DP table...
2022-01-04 01:57:19,866 - root - DEBUG - Processing 270-th line out of 2500 rows of DP table...
2022-01-04 01:57:20,656 - root - DEBUG - Processing 280-th line out of 2500 rows of DP table...
2022-01-04 01:57:21,440 - root - DEBUG - Processing 290-th line out of 2500 rows of DP table...
2022-01-04 01:57:22,208 - root - DEBUG - Processing 300-th line out of 2500 rows of DP table...
2022-01-04 01:57:23,006 - root - DEBUG - Processing 310-th line out of 2500 rows of DP table...
2022-01-04 01:57:23,990 - root - DEBUG - Processing 320-th line out of 2500 rows of DP table...
2022-01-04 01:57:24,754 - root - DEBUG - Processing 330-th line out of 2500 rows of DP table...
2022-01-04 01:57:25,513 - root - DEBUG - Processing 340-th line out of 2500 rows of DP table...
2022-01-04 01:57:26,306 - root - DEBUG - Processing 350-th line out of 2500 rows of DP table...
2022-01-04 01:57:27,066 - root - DEBUG - Processing 360-th line out of 2500 rows of DP table...
2022-01-04 01:57:27,850 - root - DEBUG - Processing 370-th line out of 2500 rows of DP table...
2022-01-04 01:57:28,588 - root - DEBUG - Processing 380-th line out of 2500 rows of DP table...
2022-01-04 01:57:29,337 - root - DEBUG - Processing 390-th line out of 2500 rows of DP table...
2022-01-04 01:57:30,071 - root - DEBUG - Processing 400-th line out of 2500 rows of DP table...
2022-01-04 01:57:30,813 - root - DEBUG - Processing 410-th line out of 2500 rows of DP table...
2022-01-04 01:57:31,564 - root - DEBUG - Processing 420-th line out of 2500 rows of DP table...
2022-01-04 01:57:32,289 - root - DEBUG - Processing 430-th line out of 2500 rows of DP table...
2022-01-04 01:57:33,047 - root - DEBUG - Processing 440-th line out of 2500 rows of DP table...
2022-01-04 01:57:33,819 - root - DEBUG - Processing 450-th line out of 2500 rows of DP table...
2022-01-04 01:57:34,540 - root - DEBUG - Processing 460-th line out of 2500 rows of DP table...
2022-01-04 01:57:35,251 - root - DEBUG - Processing 470-th line out of 2500 rows of DP table...
2022-01-04 01:57:35,968 - root - DEBUG - Processing 480-th line out of 2500 rows of DP table...
2022-01-04 01:57:36,684 - root - DEBUG - Processing 490-th line out of 2500 rows of DP table...
2022-01-04 01:57:37,410 - root - DEBUG - Processing 500-th line out of 2500 rows of DP table...
2022-01-04 01:57:38,142 - root - DEBUG - Processing 510-th line out of 2500 rows of DP table...
2022-01-04 01:57:38,834 - root - DEBUG - Processing 520-th line out of 2500 rows of DP table...
2022-01-04 01:57:39,555 - root - DEBUG - Processing 530-th line out of 2500 rows of DP table...
2022-01-04 01:57:40,265 - root - DEBUG - Processing 540-th line out of 2500 rows of DP table...
2022-01-04 01:57:40,975 - root - DEBUG - Processing 550-th line out of 2500 rows of DP table...
2022-01-04 01:57:41,660 - root - DEBUG - Processing 560-th line out of 2500 rows of DP table...
2022-01-04 01:57:42,352 - root - DEBUG - Processing 570-th line out of 2500 rows of DP table...
2022-01-04 01:57:43,038 - root - DEBUG - Processing 580-th line out of 2500 rows of DP table...
2022-01-04 01:57:43,718 - root - DEBUG - Processing 590-th line out of 2500 rows of DP table...
2022-01-04 01:57:44,424 - root - DEBUG - Processing 600-th line out of 2500 rows of DP table...
2022-01-04 01:57:45,091 - root - DEBUG - Processing 610-th line out of 2500 rows of DP table...
2022-01-04 01:57:45,766 - root - DEBUG - Processing 620-th line out of 2500 rows of DP table...
2022-01-04 01:57:46,423 - root - DEBUG - Processing 630-th line out of 2500 rows of DP table...
2022-01-04 01:57:47,091 - root - DEBUG - Processing 640-th line out of 2500 rows of DP table...
2022-01-04 01:57:47,741 - root - DEBUG - Processing 650-th line out of 2500 rows of DP table...
2022-01-04 01:57:48,401 - root - DEBUG - Processing 660-th line out of 2500 rows of DP table...
2022-01-04 01:57:49,043 - root - DEBUG - Processing 670-th line out of 2500 rows of DP table...
2022-01-04 01:57:49,703 - root - DEBUG - Processing 680-th line out of 2500 rows of DP table...
2022-01-04 01:57:50,340 - root - DEBUG - Processing 690-th line out of 2500 rows of DP table...
2022-01-04 01:57:51,002 - root - DEBUG - Processing 700-th line out of 2500 rows of DP table...
2022-01-04 01:57:51,640 - root - DEBUG - Processing 710-th line out of 2500 rows of DP table...
2022-01-04 01:57:52,273 - root - DEBUG - Processing 720-th line out of 2500 rows of DP table...
2022-01-04 01:57:52,894 - root - DEBUG - Processing 730-th line out of 2500 rows of DP table...
2022-01-04 01:57:53,524 - root - DEBUG - Processing 740-th line out of 2500 rows of DP table...
2022-01-04 01:57:54,166 - root - DEBUG - Processing 750-th line out of 2500 rows of DP table...
2022-01-04 01:57:54,900 - root - DEBUG - Processing 760-th line out of 2500 rows of DP table...
2022-01-04 01:57:55,505 - root - DEBUG - Processing 770-th line out of 2500 rows of DP table...
2022-01-04 01:57:56,122 - root - DEBUG - Processing 780-th line out of 2500 rows of DP table...
2022-01-04 01:57:56,726 - root - DEBUG - Processing 790-th line out of 2500 rows of DP table...
2022-01-04 01:57:57,337 - root - DEBUG - Processing 800-th line out of 2500 rows of DP table...
2022-01-04 01:57:57,931 - root - DEBUG - Processing 810-th line out of 2500 rows of DP table...
2022-01-04 01:57:58,532 - root - DEBUG - Processing 820-th line out of 2500 rows of DP table...
2022-01-04 01:57:59,116 - root - DEBUG - Processing 830-th line out of 2500 rows of DP table...
2022-01-04 01:57:59,715 - root - DEBUG - Processing 840-th line out of 2500 rows of DP table...
2022-01-04 01:58:00,296 - root - DEBUG - Processing 850-th line out of 2500 rows of DP table...
2022-01-04 01:58:00,875 - root - DEBUG - Processing 860-th line out of 2500 rows of DP table...
2022-01-04 01:58:01,479 - root - DEBUG - Processing 870-th line out of 2500 rows of DP table...
2022-01-04 01:58:02,048 - root - DEBUG - Processing 880-th line out of 2500 rows of DP table...
2022-01-04 01:58:02,627 - root - DEBUG - Processing 890-th line out of 2500 rows of DP table...
2022-01-04 01:58:03,205 - root - DEBUG - Processing 900-th line out of 2500 rows of DP table...
2022-01-04 01:58:03,774 - root - DEBUG - Processing 910-th line out of 2500 rows of DP table...
2022-01-04 01:58:04,336 - root - DEBUG - Processing 920-th line out of 2500 rows of DP table...
2022-01-04 01:58:04,903 - root - DEBUG - Processing 930-th line out of 2500 rows of DP table...
2022-01-04 01:58:05,454 - root - DEBUG - Processing 940-th line out of 2500 rows of DP table...
2022-01-04 01:58:06,003 - root - DEBUG - Processing 950-th line out of 2500 rows of DP table...
2022-01-04 01:58:06,558 - root - DEBUG - Processing 960-th line out of 2500 rows of DP table...
2022-01-04 01:58:07,109 - root - DEBUG - Processing 970-th line out of 2500 rows of DP table...
2022-01-04 01:58:07,693 - root - DEBUG - Processing 980-th line out of 2500 rows of DP table...
2022-01-04 01:58:08,228 - root - DEBUG - Processing 990-th line out of 2500 rows of DP table...
2022-01-04 01:58:08,770 - root - DEBUG - Processing 1000-th line out of 2500 rows of DP table...
2022-01-04 01:58:09,295 - root - DEBUG - Processing 1010-th line out of 2500 rows of DP table...
2022-01-04 01:58:09,832 - root - DEBUG - Processing 1020-th line out of 2500 rows of DP table...
2022-01-04 01:58:10,424 - root - DEBUG - Processing 1030-th line out of 2500 rows of DP table...
2022-01-04 01:58:10,941 - root - DEBUG - Processing 1040-th line out of 2500 rows of DP table...
2022-01-04 01:58:11,465 - root - DEBUG - Processing 1050-th line out of 2500 rows of DP table...
2022-01-04 01:58:11,996 - root - DEBUG - Processing 1060-th line out of 2500 rows of DP table...
2022-01-04 01:58:12,502 - root - DEBUG - Processing 1070-th line out of 2500 rows of DP table...
2022-01-04 01:58:13,017 - root - DEBUG - Processing 1080-th line out of 2500 rows of DP table...
2022-01-04 01:58:13,518 - root - DEBUG - Processing 1090-th line out of 2500 rows of DP table...
2022-01-04 01:58:14,022 - root - DEBUG - Processing 1100-th line out of 2500 rows of DP table...
2022-01-04 01:58:14,514 - root - DEBUG - Processing 1110-th line out of 2500 rows of DP table...
2022-01-04 01:58:15,004 - root - DEBUG - Processing 1120-th line out of 2500 rows of DP table...
2022-01-04 01:58:15,504 - root - DEBUG - Processing 1130-th line out of 2500 rows of DP table...
2022-01-04 01:58:15,988 - root - DEBUG - Processing 1140-th line out of 2500 rows of DP table...
2022-01-04 01:58:16,479 - root - DEBUG - Processing 1150-th line out of 2500 rows of DP table...
2022-01-04 01:58:16,957 - root - DEBUG - Processing 1160-th line out of 2500 rows of DP table...
2022-01-04 01:58:17,477 - root - DEBUG - Processing 1170-th line out of 2500 rows of DP table...
2022-01-04 01:58:17,959 - root - DEBUG - Processing 1180-th line out of 2500 rows of DP table...
2022-01-04 01:58:18,426 - root - DEBUG - Processing 1190-th line out of 2500 rows of DP table...
2022-01-04 01:58:18,891 - root - DEBUG - Processing 1200-th line out of 2500 rows of DP table...
2022-01-04 01:58:19,361 - root - DEBUG - Processing 1210-th line out of 2500 rows of DP table...
2022-01-04 01:58:19,833 - root - DEBUG - Processing 1220-th line out of 2500 rows of DP table...
2022-01-04 01:58:20,296 - root - DEBUG - Processing 1230-th line out of 2500 rows of DP table...
2022-01-04 01:58:20,744 - root - DEBUG - Processing 1240-th line out of 2500 rows of DP table...
2022-01-04 01:58:21,228 - root - DEBUG - Processing 1250-th line out of 2500 rows of DP table...
2022-01-04 01:58:21,681 - root - DEBUG - Processing 1260-th line out of 2500 rows of DP table...
2022-01-04 01:58:22,141 - root - DEBUG - Processing 1270-th line out of 2500 rows of DP table...
2022-01-04 01:58:22,575 - root - DEBUG - Processing 1280-th line out of 2500 rows of DP table...
2022-01-04 01:58:23,016 - root - DEBUG - Processing 1290-th line out of 2500 rows of DP table...
2022-01-04 01:58:23,442 - root - DEBUG - Processing 1300-th line out of 2500 rows of DP table...
2022-01-04 01:58:23,913 - root - DEBUG - Processing 1310-th line out of 2500 rows of DP table...
2022-01-04 01:58:24,341 - root - DEBUG - Processing 1320-th line out of 2500 rows of DP table...
2022-01-04 01:58:24,758 - root - DEBUG - Processing 1330-th line out of 2500 rows of DP table...
2022-01-04 01:58:25,209 - root - DEBUG - Processing 1340-th line out of 2500 rows of DP table...
2022-01-04 01:58:25,653 - root - DEBUG - Processing 1350-th line out of 2500 rows of DP table...
2022-01-04 01:58:26,106 - root - DEBUG - Processing 1360-th line out of 2500 rows of DP table...
2022-01-04 01:58:26,523 - root - DEBUG - Processing 1370-th line out of 2500 rows of DP table...
2022-01-04 01:58:26,969 - root - DEBUG - Processing 1380-th line out of 2500 rows of DP table...
2022-01-04 01:58:27,384 - root - DEBUG - Processing 1390-th line out of 2500 rows of DP table...
2022-01-04 01:58:27,813 - root - DEBUG - Processing 1400-th line out of 2500 rows of DP table...
2022-01-04 01:58:28,258 - root - DEBUG - Processing 1410-th line out of 2500 rows of DP table...
2022-01-04 01:58:28,647 - root - DEBUG - Processing 1420-th line out of 2500 rows of DP table...
2022-01-04 01:58:29,047 - root - DEBUG - Processing 1430-th line out of 2500 rows of DP table...
2022-01-04 01:58:29,439 - root - DEBUG - Processing 1440-th line out of 2500 rows of DP table...
2022-01-04 01:58:29,835 - root - DEBUG - Processing 1450-th line out of 2500 rows of DP table...
2022-01-04 01:58:30,211 - root - DEBUG - Processing 1460-th line out of 2500 rows of DP table...
2022-01-04 01:58:30,611 - root - DEBUG - Processing 1470-th line out of 2500 rows of DP table...
2022-01-04 01:58:31,026 - root - DEBUG - Processing 1480-th line out of 2500 rows of DP table...
2022-01-04 01:58:31,397 - root - DEBUG - Processing 1490-th line out of 2500 rows of DP table...
2022-01-04 01:58:31,785 - root - DEBUG - Processing 1500-th line out of 2500 rows of DP table...
2022-01-04 01:58:32,158 - root - DEBUG - Processing 1510-th line out of 2500 rows of DP table...
2022-01-04 01:58:32,538 - root - DEBUG - Processing 1520-th line out of 2500 rows of DP table...
2022-01-04 01:58:32,918 - root - DEBUG - Processing 1530-th line out of 2500 rows of DP table...
2022-01-04 01:58:33,298 - root - DEBUG - Processing 1540-th line out of 2500 rows of DP table...
2022-01-04 01:58:33,661 - root - DEBUG - Processing 1550-th line out of 2500 rows of DP table...
2022-01-04 01:58:34,022 - root - DEBUG - Processing 1560-th line out of 2500 rows of DP table...
2022-01-04 01:58:34,357 - root - DEBUG - Processing 1570-th line out of 2500 rows of DP table...
2022-01-04 01:58:34,735 - root - DEBUG - Processing 1580-th line out of 2500 rows of DP table...
2022-01-04 01:58:35,066 - root - DEBUG - Processing 1590-th line out of 2500 rows of DP table...
2022-01-04 01:58:35,406 - root - DEBUG - Processing 1600-th line out of 2500 rows of DP table...
2022-01-04 01:58:35,735 - root - DEBUG - Processing 1610-th line out of 2500 rows of DP table...
2022-01-04 01:58:36,160 - root - DEBUG - Processing 1620-th line out of 2500 rows of DP table...
2022-01-04 01:58:36,567 - root - DEBUG - Processing 1630-th line out of 2500 rows of DP table...
2022-01-04 01:58:36,878 - root - DEBUG - Processing 1640-th line out of 2500 rows of DP table...
2022-01-04 01:58:37,220 - root - DEBUG - Processing 1650-th line out of 2500 rows of DP table...
2022-01-04 01:58:37,539 - root - DEBUG - Processing 1660-th line out of 2500 rows of DP table...
2022-01-04 01:58:37,844 - root - DEBUG - Processing 1670-th line out of 2500 rows of DP table...
2022-01-04 01:58:38,143 - root - DEBUG - Processing 1680-th line out of 2500 rows of DP table...
2022-01-04 01:58:38,440 - root - DEBUG - Processing 1690-th line out of 2500 rows of DP table...
2022-01-04 01:58:38,745 - root - DEBUG - Processing 1700-th line out of 2500 rows of DP table...
2022-01-04 01:58:39,033 - root - DEBUG - Processing 1710-th line out of 2500 rows of DP table...
2022-01-04 01:58:39,318 - root - DEBUG - Processing 1720-th line out of 2500 rows of DP table...
2022-01-04 01:58:39,601 - root - DEBUG - Processing 1730-th line out of 2500 rows of DP table...
2022-01-04 01:58:39,879 - root - DEBUG - Processing 1740-th line out of 2500 rows of DP table...
2022-01-04 01:58:40,166 - root - DEBUG - Processing 1750-th line out of 2500 rows of DP table...
2022-01-04 01:58:40,436 - root - DEBUG - Processing 1760-th line out of 2500 rows of DP table...
2022-01-04 01:58:40,703 - root - DEBUG - Processing 1770-th line out of 2500 rows of DP table...
2022-01-04 01:58:40,968 - root - DEBUG - Processing 1780-th line out of 2500 rows of DP table...
2022-01-04 01:58:41,241 - root - DEBUG - Processing 1790-th line out of 2500 rows of DP table...
2022-01-04 01:58:41,499 - root - DEBUG - Processing 1800-th line out of 2500 rows of DP table...
2022-01-04 01:58:41,752 - root - DEBUG - Processing 1810-th line out of 2500 rows of DP table...
2022-01-04 01:58:42,004 - root - DEBUG - Processing 1820-th line out of 2500 rows of DP table...
2022-01-04 01:58:42,251 - root - DEBUG - Processing 1830-th line out of 2500 rows of DP table...
2022-01-04 01:58:42,507 - root - DEBUG - Processing 1840-th line out of 2500 rows of DP table...
2022-01-04 01:58:42,746 - root - DEBUG - Processing 1850-th line out of 2500 rows of DP table...
2022-01-04 01:58:42,984 - root - DEBUG - Processing 1860-th line out of 2500 rows of DP table...
2022-01-04 01:58:43,218 - root - DEBUG - Processing 1870-th line out of 2500 rows of DP table...
2022-01-04 01:58:43,448 - root - DEBUG - Processing 1880-th line out of 2500 rows of DP table...
2022-01-04 01:58:43,675 - root - DEBUG - Processing 1890-th line out of 2500 rows of DP table...
2022-01-04 01:58:43,910 - root - DEBUG - Processing 1900-th line out of 2500 rows of DP table...
2022-01-04 01:58:44,130 - root - DEBUG - Processing 1910-th line out of 2500 rows of DP table...
2022-01-04 01:58:44,345 - root - DEBUG - Processing 1920-th line out of 2500 rows of DP table...
2022-01-04 01:58:44,607 - root - DEBUG - Processing 1930-th line out of 2500 rows of DP table...
2022-01-04 01:58:44,817 - root - DEBUG - Processing 1940-th line out of 2500 rows of DP table...
2022-01-04 01:58:45,024 - root - DEBUG - Processing 1950-th line out of 2500 rows of DP table...
2022-01-04 01:58:45,248 - root - DEBUG - Processing 1960-th line out of 2500 rows of DP table...
2022-01-04 01:58:45,451 - root - DEBUG - Processing 1970-th line out of 2500 rows of DP table...
2022-01-04 01:58:45,647 - root - DEBUG - Processing 1980-th line out of 2500 rows of DP table...
2022-01-04 01:58:45,840 - root - DEBUG - Processing 1990-th line out of 2500 rows of DP table...
2022-01-04 01:58:46,030 - root - DEBUG - Processing 2000-th line out of 2500 rows of DP table...
2022-01-04 01:58:46,292 - root - DEBUG - Processing 2010-th line out of 2500 rows of DP table...
2022-01-04 01:58:46,487 - root - DEBUG - Processing 2020-th line out of 2500 rows of DP table...
2022-01-04 01:58:46,666 - root - DEBUG - Processing 2030-th line out of 2500 rows of DP table...
2022-01-04 01:58:46,843 - root - DEBUG - Processing 2040-th line out of 2500 rows of DP table...
2022-01-04 01:58:47,017 - root - DEBUG - Processing 2050-th line out of 2500 rows of DP table...
2022-01-04 01:58:47,191 - root - DEBUG - Processing 2060-th line out of 2500 rows of DP table...
2022-01-04 01:58:47,455 - root - DEBUG - Processing 2070-th line out of 2500 rows of DP table...
2022-01-04 01:58:47,618 - root - DEBUG - Processing 2080-th line out of 2500 rows of DP table...
2022-01-04 01:58:47,789 - root - DEBUG - Processing 2090-th line out of 2500 rows of DP table...
2022-01-04 01:58:47,944 - root - DEBUG - Processing 2100-th line out of 2500 rows of DP table...
2022-01-04 01:58:48,097 - root - DEBUG - Processing 2110-th line out of 2500 rows of DP table...
2022-01-04 01:58:48,246 - root - DEBUG - Processing 2120-th line out of 2500 rows of DP table...
2022-01-04 01:58:48,391 - root - DEBUG - Processing 2130-th line out of 2500 rows of DP table...
2022-01-04 01:58:48,534 - root - DEBUG - Processing 2140-th line out of 2500 rows of DP table...
2022-01-04 01:58:48,672 - root - DEBUG - Processing 2150-th line out of 2500 rows of DP table...
2022-01-04 01:58:48,807 - root - DEBUG - Processing 2160-th line out of 2500 rows of DP table...
2022-01-04 01:58:48,939 - root - DEBUG - Processing 2170-th line out of 2500 rows of DP table...
2022-01-04 01:58:49,078 - root - DEBUG - Processing 2180-th line out of 2500 rows of DP table...
2022-01-04 01:58:49,204 - root - DEBUG - Processing 2190-th line out of 2500 rows of DP table...
2022-01-04 01:58:49,326 - root - DEBUG - Processing 2200-th line out of 2500 rows of DP table...
2022-01-04 01:58:49,441 - root - DEBUG - Processing 2210-th line out of 2500 rows of DP table...
2022-01-04 01:58:49,556 - root - DEBUG - Processing 2220-th line out of 2500 rows of DP table...
2022-01-04 01:58:49,667 - root - DEBUG - Processing 2230-th line out of 2500 rows of DP table...
2022-01-04 01:58:49,774 - root - DEBUG - Processing 2240-th line out of 2500 rows of DP table...
2022-01-04 01:58:49,878 - root - DEBUG - Processing 2250-th line out of 2500 rows of DP table...
2022-01-04 01:58:49,979 - root - DEBUG - Processing 2260-th line out of 2500 rows of DP table...
2022-01-04 01:58:50,076 - root - DEBUG - Processing 2270-th line out of 2500 rows of DP table...
2022-01-04 01:58:50,170 - root - DEBUG - Processing 2280-th line out of 2500 rows of DP table...
2022-01-04 01:58:50,261 - root - DEBUG - Processing 2290-th line out of 2500 rows of DP table...
2022-01-04 01:58:50,360 - root - DEBUG - Processing 2300-th line out of 2500 rows of DP table...
2022-01-04 01:58:50,444 - root - DEBUG - Processing 2310-th line out of 2500 rows of DP table...
2022-01-04 01:58:50,523 - root - DEBUG - Processing 2320-th line out of 2500 rows of DP table...
2022-01-04 01:58:50,599 - root - DEBUG - Processing 2330-th line out of 2500 rows of DP table...
2022-01-04 01:58:50,670 - root - DEBUG - Processing 2340-th line out of 2500 rows of DP table...
2022-01-04 01:58:50,738 - root - DEBUG - Processing 2350-th line out of 2500 rows of DP table...
2022-01-04 01:58:50,804 - root - DEBUG - Processing 2360-th line out of 2500 rows of DP table...
2022-01-04 01:58:50,865 - root - DEBUG - Processing 2370-th line out of 2500 rows of DP table...
2022-01-04 01:58:50,924 - root - DEBUG - Processing 2380-th line out of 2500 rows of DP table...
2022-01-04 01:58:50,979 - root - DEBUG - Processing 2390-th line out of 2500 rows of DP table...
2022-01-04 01:58:51,030 - root - DEBUG - Processing 2400-th line out of 2500 rows of DP table...
2022-01-04 01:58:51,077 - root - DEBUG - Processing 2410-th line out of 2500 rows of DP table...
2022-01-04 01:58:51,121 - root - DEBUG - Processing 2420-th line out of 2500 rows of DP table...
2022-01-04 01:58:51,161 - root - DEBUG - Processing 2430-th line out of 2500 rows of DP table...
2022-01-04 01:58:51,198 - root - DEBUG - Processing 2440-th line out of 2500 rows of DP table...
2022-01-04 01:58:51,231 - root - DEBUG - Processing 2450-th line out of 2500 rows of DP table...
2022-01-04 01:58:51,260 - root - DEBUG - Processing 2460-th line out of 2500 rows of DP table...
2022-01-04 01:58:51,286 - root - DEBUG - Processing 2470-th line out of 2500 rows of DP table...
2022-01-04 01:58:51,308 - root - DEBUG - Processing 2480-th line out of 2500 rows of DP table...
2022-01-04 01:58:51,327 - root - DEBUG - Processing 2490-th line out of 2500 rows of DP table...
2022-01-04 01:58:51,343 - root - DEBUG - Processing 2500-th line out of 2500 rows of DP table...
2022-01-04 01:58:51,363 - root - DEBUG - Started computing joint logprobs...
