2022-01-04 16:43:04,240 - root - INFO - Loading reference interval set from '211227-2-sim/g21_9.ref.tsv'...
2022-01-04 16:43:04,248 - root - INFO - Loading query interval set from '211227-2-sim/g21_9.query.tsv'...
2022-01-04 16:43:04,360 - root - INFO - Loading chromosome sizes from '211227-2-sim/g21_sizes.tsv'...
2022-01-04 16:43:04,532 - root - INFO - Number of reference intervals: 2500 (2500 before merging)
2022-01-04 16:43:04,537 - root - INFO - Number of query intervals: 50000 (50000 before merging)
2022-01-04 16:43:04,538 - root - INFO - Number of chromosomes: 1
2022-01-04 16:43:04,751 - root - INFO - Overlap count: 2500
2022-01-04 16:43:04,755 - root - DEBUG - Started computing sf for chromosome 'chr1'...
2022-01-04 16:43:04,781 - root - DEBUG - m=2500, n=50000
2022-01-04 16:43:05,739 - root - DEBUG - Processing 10-th line out of 2500 rows of DP table...
2022-01-04 16:43:06,732 - root - DEBUG - Processing 20-th line out of 2500 rows of DP table...
2022-01-04 16:43:07,720 - root - DEBUG - Processing 30-th line out of 2500 rows of DP table...
2022-01-04 16:43:08,707 - root - DEBUG - Processing 40-th line out of 2500 rows of DP table...
2022-01-04 16:43:09,696 - root - DEBUG - Processing 50-th line out of 2500 rows of DP table...
2022-01-04 16:43:10,678 - root - DEBUG - Processing 60-th line out of 2500 rows of DP table...
2022-01-04 16:43:11,656 - root - DEBUG - Processing 70-th line out of 2500 rows of DP table...
2022-01-04 16:43:12,632 - root - DEBUG - Processing 80-th line out of 2500 rows of DP table...
2022-01-04 16:43:13,613 - root - DEBUG - Processing 90-th line out of 2500 rows of DP table...
2022-01-04 16:43:14,578 - root - DEBUG - Processing 100-th line out of 2500 rows of DP table...
2022-01-04 16:43:15,537 - root - DEBUG - Processing 110-th line out of 2500 rows of DP table...
2022-01-04 16:43:16,478 - root - DEBUG - Processing 120-th line out of 2500 rows of DP table...
2022-01-04 16:43:17,410 - root - DEBUG - Processing 130-th line out of 2500 rows of DP table...
2022-01-04 16:43:18,356 - root - DEBUG - Processing 140-th line out of 2500 rows of DP table...
2022-01-04 16:43:19,288 - root - DEBUG - Processing 150-th line out of 2500 rows of DP table...
2022-01-04 16:43:20,214 - root - DEBUG - Processing 160-th line out of 2500 rows of DP table...
2022-01-04 16:43:21,166 - root - DEBUG - Processing 170-th line out of 2500 rows of DP table...
2022-01-04 16:43:22,112 - root - DEBUG - Processing 180-th line out of 2500 rows of DP table...
2022-01-04 16:43:23,046 - root - DEBUG - Processing 190-th line out of 2500 rows of DP table...
2022-01-04 16:43:23,971 - root - DEBUG - Processing 200-th line out of 2500 rows of DP table...
2022-01-04 16:43:24,895 - root - DEBUG - Processing 210-th line out of 2500 rows of DP table...
2022-01-04 16:43:25,702 - root - DEBUG - Processing 220-th line out of 2500 rows of DP table...
2022-01-04 16:43:26,440 - root - DEBUG - Processing 230-th line out of 2500 rows of DP table...
2022-01-04 16:43:27,186 - root - DEBUG - Processing 240-th line out of 2500 rows of DP table...
2022-01-04 16:43:27,917 - root - DEBUG - Processing 250-th line out of 2500 rows of DP table...
2022-01-04 16:43:28,644 - root - DEBUG - Processing 260-th line out of 2500 rows of DP table...
2022-01-04 16:43:29,395 - root - DEBUG - Processing 270-th line out of 2500 rows of DP table...
2022-01-04 16:43:30,113 - root - DEBUG - Processing 280-th line out of 2500 rows of DP table...
2022-01-04 16:43:30,824 - root - DEBUG - Processing 290-th line out of 2500 rows of DP table...
2022-01-04 16:43:31,558 - root - DEBUG - Processing 300-th line out of 2500 rows of DP table...
2022-01-04 16:43:32,339 - root - DEBUG - Processing 310-th line out of 2500 rows of DP table...
2022-01-04 16:43:33,069 - root - DEBUG - Processing 320-th line out of 2500 rows of DP table...
2022-01-04 16:43:33,898 - root - DEBUG - Processing 330-th line out of 2500 rows of DP table...
2022-01-04 16:43:34,654 - root - DEBUG - Processing 340-th line out of 2500 rows of DP table...
2022-01-04 16:43:35,491 - root - DEBUG - Processing 350-th line out of 2500 rows of DP table...
2022-01-04 16:43:36,209 - root - DEBUG - Processing 360-th line out of 2500 rows of DP table...
2022-01-04 16:43:36,915 - root - DEBUG - Processing 370-th line out of 2500 rows of DP table...
2022-01-04 16:43:37,629 - root - DEBUG - Processing 380-th line out of 2500 rows of DP table...
2022-01-04 16:43:38,340 - root - DEBUG - Processing 390-th line out of 2500 rows of DP table...
2022-01-04 16:43:39,042 - root - DEBUG - Processing 400-th line out of 2500 rows of DP table...
2022-01-04 16:43:39,743 - root - DEBUG - Processing 410-th line out of 2500 rows of DP table...
2022-01-04 16:43:40,445 - root - DEBUG - Processing 420-th line out of 2500 rows of DP table...
2022-01-04 16:43:41,142 - root - DEBUG - Processing 430-th line out of 2500 rows of DP table...
2022-01-04 16:43:41,831 - root - DEBUG - Processing 440-th line out of 2500 rows of DP table...
2022-01-04 16:43:42,516 - root - DEBUG - Processing 450-th line out of 2500 rows of DP table...
2022-01-04 16:43:43,203 - root - DEBUG - Processing 460-th line out of 2500 rows of DP table...
2022-01-04 16:43:43,884 - root - DEBUG - Processing 470-th line out of 2500 rows of DP table...
2022-01-04 16:43:44,559 - root - DEBUG - Processing 480-th line out of 2500 rows of DP table...
2022-01-04 16:43:45,235 - root - DEBUG - Processing 490-th line out of 2500 rows of DP table...
2022-01-04 16:43:45,908 - root - DEBUG - Processing 500-th line out of 2500 rows of DP table...
2022-01-04 16:43:46,577 - root - DEBUG - Processing 510-th line out of 2500 rows of DP table...
2022-01-04 16:43:47,243 - root - DEBUG - Processing 520-th line out of 2500 rows of DP table...
2022-01-04 16:43:47,913 - root - DEBUG - Processing 530-th line out of 2500 rows of DP table...
2022-01-04 16:43:48,566 - root - DEBUG - Processing 540-th line out of 2500 rows of DP table...
2022-01-04 16:43:49,215 - root - DEBUG - Processing 550-th line out of 2500 rows of DP table...
2022-01-04 16:43:49,857 - root - DEBUG - Processing 560-th line out of 2500 rows of DP table...
2022-01-04 16:43:50,499 - root - DEBUG - Processing 570-th line out of 2500 rows of DP table...
2022-01-04 16:43:51,141 - root - DEBUG - Processing 580-th line out of 2500 rows of DP table...
2022-01-04 16:43:51,779 - root - DEBUG - Processing 590-th line out of 2500 rows of DP table...
2022-01-04 16:43:52,405 - root - DEBUG - Processing 600-th line out of 2500 rows of DP table...
2022-01-04 16:43:53,027 - root - DEBUG - Processing 610-th line out of 2500 rows of DP table...
2022-01-04 16:43:53,750 - root - DEBUG - Processing 620-th line out of 2500 rows of DP table...
2022-01-04 16:43:54,375 - root - DEBUG - Processing 630-th line out of 2500 rows of DP table...
2022-01-04 16:43:54,987 - root - DEBUG - Processing 640-th line out of 2500 rows of DP table...
2022-01-04 16:43:55,596 - root - DEBUG - Processing 650-th line out of 2500 rows of DP table...
2022-01-04 16:43:56,212 - root - DEBUG - Processing 660-th line out of 2500 rows of DP table...
2022-01-04 16:43:56,815 - root - DEBUG - Processing 670-th line out of 2500 rows of DP table...
2022-01-04 16:43:57,417 - root - DEBUG - Processing 680-th line out of 2500 rows of DP table...
2022-01-04 16:43:58,023 - root - DEBUG - Processing 690-th line out of 2500 rows of DP table...
2022-01-04 16:43:58,617 - root - DEBUG - Processing 700-th line out of 2500 rows of DP table...
2022-01-04 16:43:59,204 - root - DEBUG - Processing 710-th line out of 2500 rows of DP table...
2022-01-04 16:43:59,788 - root - DEBUG - Processing 720-th line out of 2500 rows of DP table...
2022-01-04 16:44:00,389 - root - DEBUG - Processing 730-th line out of 2500 rows of DP table...
2022-01-04 16:44:00,967 - root - DEBUG - Processing 740-th line out of 2500 rows of DP table...
2022-01-04 16:44:01,542 - root - DEBUG - Processing 750-th line out of 2500 rows of DP table...
2022-01-04 16:44:02,113 - root - DEBUG - Processing 760-th line out of 2500 rows of DP table...
2022-01-04 16:44:02,699 - root - DEBUG - Processing 770-th line out of 2500 rows of DP table...
2022-01-04 16:44:03,263 - root - DEBUG - Processing 780-th line out of 2500 rows of DP table...
2022-01-04 16:44:03,842 - root - DEBUG - Processing 790-th line out of 2500 rows of DP table...
2022-01-04 16:44:04,407 - root - DEBUG - Processing 800-th line out of 2500 rows of DP table...
2022-01-04 16:44:04,971 - root - DEBUG - Processing 810-th line out of 2500 rows of DP table...
2022-01-04 16:44:05,526 - root - DEBUG - Processing 820-th line out of 2500 rows of DP table...
2022-01-04 16:44:06,077 - root - DEBUG - Processing 830-th line out of 2500 rows of DP table...
2022-01-04 16:44:06,643 - root - DEBUG - Processing 840-th line out of 2500 rows of DP table...
2022-01-04 16:44:07,200 - root - DEBUG - Processing 850-th line out of 2500 rows of DP table...
2022-01-04 16:44:07,739 - root - DEBUG - Processing 860-th line out of 2500 rows of DP table...
2022-01-04 16:44:08,269 - root - DEBUG - Processing 870-th line out of 2500 rows of DP table...
2022-01-04 16:44:08,800 - root - DEBUG - Processing 880-th line out of 2500 rows of DP table...
2022-01-04 16:44:09,342 - root - DEBUG - Processing 890-th line out of 2500 rows of DP table...
2022-01-04 16:44:09,871 - root - DEBUG - Processing 900-th line out of 2500 rows of DP table...
2022-01-04 16:44:10,395 - root - DEBUG - Processing 910-th line out of 2500 rows of DP table...
2022-01-04 16:44:10,918 - root - DEBUG - Processing 920-th line out of 2500 rows of DP table...
2022-01-04 16:44:11,449 - root - DEBUG - Processing 930-th line out of 2500 rows of DP table...
2022-01-04 16:44:11,970 - root - DEBUG - Processing 940-th line out of 2500 rows of DP table...
2022-01-04 16:44:12,490 - root - DEBUG - Processing 950-th line out of 2500 rows of DP table...
2022-01-04 16:44:13,004 - root - DEBUG - Processing 960-th line out of 2500 rows of DP table...
2022-01-04 16:44:13,512 - root - DEBUG - Processing 970-th line out of 2500 rows of DP table...
2022-01-04 16:44:14,015 - root - DEBUG - Processing 980-th line out of 2500 rows of DP table...
2022-01-04 16:44:14,513 - root - DEBUG - Processing 990-th line out of 2500 rows of DP table...
2022-01-04 16:44:15,013 - root - DEBUG - Processing 1000-th line out of 2500 rows of DP table...
2022-01-04 16:44:15,510 - root - DEBUG - Processing 1010-th line out of 2500 rows of DP table...
2022-01-04 16:44:15,997 - root - DEBUG - Processing 1020-th line out of 2500 rows of DP table...
2022-01-04 16:44:16,492 - root - DEBUG - Processing 1030-th line out of 2500 rows of DP table...
2022-01-04 16:44:16,973 - root - DEBUG - Processing 1040-th line out of 2500 rows of DP table...
2022-01-04 16:44:17,452 - root - DEBUG - Processing 1050-th line out of 2500 rows of DP table...
2022-01-04 16:44:17,940 - root - DEBUG - Processing 1060-th line out of 2500 rows of DP table...
2022-01-04 16:44:18,413 - root - DEBUG - Processing 1070-th line out of 2500 rows of DP table...
2022-01-04 16:44:18,894 - root - DEBUG - Processing 1080-th line out of 2500 rows of DP table...
2022-01-04 16:44:19,399 - root - DEBUG - Processing 1090-th line out of 2500 rows of DP table...
2022-01-04 16:44:19,882 - root - DEBUG - Processing 1100-th line out of 2500 rows of DP table...
2022-01-04 16:44:20,352 - root - DEBUG - Processing 1110-th line out of 2500 rows of DP table...
2022-01-04 16:44:20,812 - root - DEBUG - Processing 1120-th line out of 2500 rows of DP table...
2022-01-04 16:44:21,280 - root - DEBUG - Processing 1130-th line out of 2500 rows of DP table...
2022-01-04 16:44:21,742 - root - DEBUG - Processing 1140-th line out of 2500 rows of DP table...
2022-01-04 16:44:22,205 - root - DEBUG - Processing 1150-th line out of 2500 rows of DP table...
2022-01-04 16:44:22,674 - root - DEBUG - Processing 1160-th line out of 2500 rows of DP table...
2022-01-04 16:44:23,129 - root - DEBUG - Processing 1170-th line out of 2500 rows of DP table...
2022-01-04 16:44:23,581 - root - DEBUG - Processing 1180-th line out of 2500 rows of DP table...
2022-01-04 16:44:24,030 - root - DEBUG - Processing 1190-th line out of 2500 rows of DP table...
2022-01-04 16:44:24,473 - root - DEBUG - Processing 1200-th line out of 2500 rows of DP table...
2022-01-04 16:44:24,922 - root - DEBUG - Processing 1210-th line out of 2500 rows of DP table...
2022-01-04 16:44:25,360 - root - DEBUG - Processing 1220-th line out of 2500 rows of DP table...
2022-01-04 16:44:25,794 - root - DEBUG - Processing 1230-th line out of 2500 rows of DP table...
2022-01-04 16:44:26,224 - root - DEBUG - Processing 1240-th line out of 2500 rows of DP table...
2022-01-04 16:44:26,655 - root - DEBUG - Processing 1250-th line out of 2500 rows of DP table...
2022-01-04 16:44:27,079 - root - DEBUG - Processing 1260-th line out of 2500 rows of DP table...
2022-01-04 16:44:27,498 - root - DEBUG - Processing 1270-th line out of 2500 rows of DP table...
2022-01-04 16:44:27,917 - root - DEBUG - Processing 1280-th line out of 2500 rows of DP table...
2022-01-04 16:44:28,332 - root - DEBUG - Processing 1290-th line out of 2500 rows of DP table...
2022-01-04 16:44:28,747 - root - DEBUG - Processing 1300-th line out of 2500 rows of DP table...
2022-01-04 16:44:29,155 - root - DEBUG - Processing 1310-th line out of 2500 rows of DP table...
2022-01-04 16:44:29,546 - root - DEBUG - Processing 1320-th line out of 2500 rows of DP table...
2022-01-04 16:44:29,936 - root - DEBUG - Processing 1330-th line out of 2500 rows of DP table...
2022-01-04 16:44:30,321 - root - DEBUG - Processing 1340-th line out of 2500 rows of DP table...
2022-01-04 16:44:30,713 - root - DEBUG - Processing 1350-th line out of 2500 rows of DP table...
2022-01-04 16:44:31,125 - root - DEBUG - Processing 1360-th line out of 2500 rows of DP table...
2022-01-04 16:44:31,510 - root - DEBUG - Processing 1370-th line out of 2500 rows of DP table...
2022-01-04 16:44:31,884 - root - DEBUG - Processing 1380-th line out of 2500 rows of DP table...
2022-01-04 16:44:32,255 - root - DEBUG - Processing 1390-th line out of 2500 rows of DP table...
2022-01-04 16:44:32,624 - root - DEBUG - Processing 1400-th line out of 2500 rows of DP table...
2022-01-04 16:44:33,005 - root - DEBUG - Processing 1410-th line out of 2500 rows of DP table...
2022-01-04 16:44:33,366 - root - DEBUG - Processing 1420-th line out of 2500 rows of DP table...
2022-01-04 16:44:33,725 - root - DEBUG - Processing 1430-th line out of 2500 rows of DP table...
2022-01-04 16:44:34,079 - root - DEBUG - Processing 1440-th line out of 2500 rows of DP table...
2022-01-04 16:44:34,435 - root - DEBUG - Processing 1450-th line out of 2500 rows of DP table...
2022-01-04 16:44:34,785 - root - DEBUG - Processing 1460-th line out of 2500 rows of DP table...
2022-01-04 16:44:35,132 - root - DEBUG - Processing 1470-th line out of 2500 rows of DP table...
2022-01-04 16:44:35,485 - root - DEBUG - Processing 1480-th line out of 2500 rows of DP table...
2022-01-04 16:44:35,836 - root - DEBUG - Processing 1490-th line out of 2500 rows of DP table...
2022-01-04 16:44:36,179 - root - DEBUG - Processing 1500-th line out of 2500 rows of DP table...
2022-01-04 16:44:36,522 - root - DEBUG - Processing 1510-th line out of 2500 rows of DP table...
2022-01-04 16:44:36,861 - root - DEBUG - Processing 1520-th line out of 2500 rows of DP table...
2022-01-04 16:44:37,197 - root - DEBUG - Processing 1530-th line out of 2500 rows of DP table...
2022-01-04 16:44:37,529 - root - DEBUG - Processing 1540-th line out of 2500 rows of DP table...
2022-01-04 16:44:37,858 - root - DEBUG - Processing 1550-th line out of 2500 rows of DP table...
2022-01-04 16:44:38,183 - root - DEBUG - Processing 1560-th line out of 2500 rows of DP table...
2022-01-04 16:44:38,505 - root - DEBUG - Processing 1570-th line out of 2500 rows of DP table...
2022-01-04 16:44:38,834 - root - DEBUG - Processing 1580-th line out of 2500 rows of DP table...
2022-01-04 16:44:39,154 - root - DEBUG - Processing 1590-th line out of 2500 rows of DP table...
2022-01-04 16:44:39,471 - root - DEBUG - Processing 1600-th line out of 2500 rows of DP table...
2022-01-04 16:44:39,781 - root - DEBUG - Processing 1610-th line out of 2500 rows of DP table...
2022-01-04 16:44:40,086 - root - DEBUG - Processing 1620-th line out of 2500 rows of DP table...
2022-01-04 16:44:40,388 - root - DEBUG - Processing 1630-th line out of 2500 rows of DP table...
2022-01-04 16:44:40,690 - root - DEBUG - Processing 1640-th line out of 2500 rows of DP table...
2022-01-04 16:44:40,987 - root - DEBUG - Processing 1650-th line out of 2500 rows of DP table...
2022-01-04 16:44:41,279 - root - DEBUG - Processing 1660-th line out of 2500 rows of DP table...
2022-01-04 16:44:41,568 - root - DEBUG - Processing 1670-th line out of 2500 rows of DP table...
2022-01-04 16:44:41,861 - root - DEBUG - Processing 1680-th line out of 2500 rows of DP table...
2022-01-04 16:44:42,144 - root - DEBUG - Processing 1690-th line out of 2500 rows of DP table...
2022-01-04 16:44:42,437 - root - DEBUG - Processing 1700-th line out of 2500 rows of DP table...
2022-01-04 16:44:42,717 - root - DEBUG - Processing 1710-th line out of 2500 rows of DP table...
2022-01-04 16:44:42,991 - root - DEBUG - Processing 1720-th line out of 2500 rows of DP table...
2022-01-04 16:44:43,290 - root - DEBUG - Processing 1730-th line out of 2500 rows of DP table...
2022-01-04 16:44:43,559 - root - DEBUG - Processing 1740-th line out of 2500 rows of DP table...
2022-01-04 16:44:43,825 - root - DEBUG - Processing 1750-th line out of 2500 rows of DP table...
2022-01-04 16:44:44,085 - root - DEBUG - Processing 1760-th line out of 2500 rows of DP table...
2022-01-04 16:44:44,347 - root - DEBUG - Processing 1770-th line out of 2500 rows of DP table...
2022-01-04 16:44:44,602 - root - DEBUG - Processing 1780-th line out of 2500 rows of DP table...
2022-01-04 16:44:44,876 - root - DEBUG - Processing 1790-th line out of 2500 rows of DP table...
2022-01-04 16:44:45,125 - root - DEBUG - Processing 1800-th line out of 2500 rows of DP table...
2022-01-04 16:44:45,369 - root - DEBUG - Processing 1810-th line out of 2500 rows of DP table...
2022-01-04 16:44:45,610 - root - DEBUG - Processing 1820-th line out of 2500 rows of DP table...
2022-01-04 16:44:45,846 - root - DEBUG - Processing 1830-th line out of 2500 rows of DP table...
2022-01-04 16:44:46,081 - root - DEBUG - Processing 1840-th line out of 2500 rows of DP table...
2022-01-04 16:44:46,311 - root - DEBUG - Processing 1850-th line out of 2500 rows of DP table...
2022-01-04 16:44:46,537 - root - DEBUG - Processing 1860-th line out of 2500 rows of DP table...
2022-01-04 16:44:46,767 - root - DEBUG - Processing 1870-th line out of 2500 rows of DP table...
2022-01-04 16:44:47,002 - root - DEBUG - Processing 1880-th line out of 2500 rows of DP table...
2022-01-04 16:44:47,223 - root - DEBUG - Processing 1890-th line out of 2500 rows of DP table...
2022-01-04 16:44:47,446 - root - DEBUG - Processing 1900-th line out of 2500 rows of DP table...
2022-01-04 16:44:47,669 - root - DEBUG - Processing 1910-th line out of 2500 rows of DP table...
2022-01-04 16:44:47,891 - root - DEBUG - Processing 1920-th line out of 2500 rows of DP table...
2022-01-04 16:44:48,099 - root - DEBUG - Processing 1930-th line out of 2500 rows of DP table...
2022-01-04 16:44:48,302 - root - DEBUG - Processing 1940-th line out of 2500 rows of DP table...
2022-01-04 16:44:48,492 - root - DEBUG - Processing 1950-th line out of 2500 rows of DP table...
2022-01-04 16:44:48,683 - root - DEBUG - Processing 1960-th line out of 2500 rows of DP table...
2022-01-04 16:44:48,871 - root - DEBUG - Processing 1970-th line out of 2500 rows of DP table...
2022-01-04 16:44:49,058 - root - DEBUG - Processing 1980-th line out of 2500 rows of DP table...
2022-01-04 16:44:49,240 - root - DEBUG - Processing 1990-th line out of 2500 rows of DP table...
2022-01-04 16:44:49,426 - root - DEBUG - Processing 2000-th line out of 2500 rows of DP table...
2022-01-04 16:44:49,601 - root - DEBUG - Processing 2010-th line out of 2500 rows of DP table...
2022-01-04 16:44:49,778 - root - DEBUG - Processing 2020-th line out of 2500 rows of DP table...
2022-01-04 16:44:49,947 - root - DEBUG - Processing 2030-th line out of 2500 rows of DP table...
2022-01-04 16:44:50,115 - root - DEBUG - Processing 2040-th line out of 2500 rows of DP table...
2022-01-04 16:44:50,276 - root - DEBUG - Processing 2050-th line out of 2500 rows of DP table...
2022-01-04 16:44:50,438 - root - DEBUG - Processing 2060-th line out of 2500 rows of DP table...
2022-01-04 16:44:50,593 - root - DEBUG - Processing 2070-th line out of 2500 rows of DP table...
2022-01-04 16:44:50,746 - root - DEBUG - Processing 2080-th line out of 2500 rows of DP table...
2022-01-04 16:44:50,894 - root - DEBUG - Processing 2090-th line out of 2500 rows of DP table...
2022-01-04 16:44:51,043 - root - DEBUG - Processing 2100-th line out of 2500 rows of DP table...
2022-01-04 16:44:51,192 - root - DEBUG - Processing 2110-th line out of 2500 rows of DP table...
2022-01-04 16:44:51,330 - root - DEBUG - Processing 2120-th line out of 2500 rows of DP table...
2022-01-04 16:44:51,465 - root - DEBUG - Processing 2130-th line out of 2500 rows of DP table...
2022-01-04 16:44:51,602 - root - DEBUG - Processing 2140-th line out of 2500 rows of DP table...
2022-01-04 16:44:51,733 - root - DEBUG - Processing 2150-th line out of 2500 rows of DP table...
2022-01-04 16:44:51,861 - root - DEBUG - Processing 2160-th line out of 2500 rows of DP table...
2022-01-04 16:44:51,985 - root - DEBUG - Processing 2170-th line out of 2500 rows of DP table...
2022-01-04 16:44:52,106 - root - DEBUG - Processing 2180-th line out of 2500 rows of DP table...
2022-01-04 16:44:52,225 - root - DEBUG - Processing 2190-th line out of 2500 rows of DP table...
2022-01-04 16:44:52,343 - root - DEBUG - Processing 2200-th line out of 2500 rows of DP table...
2022-01-04 16:44:52,452 - root - DEBUG - Processing 2210-th line out of 2500 rows of DP table...
2022-01-04 16:44:52,560 - root - DEBUG - Processing 2220-th line out of 2500 rows of DP table...
2022-01-04 16:44:52,666 - root - DEBUG - Processing 2230-th line out of 2500 rows of DP table...
2022-01-04 16:44:52,767 - root - DEBUG - Processing 2240-th line out of 2500 rows of DP table...
2022-01-04 16:44:52,879 - root - DEBUG - Processing 2250-th line out of 2500 rows of DP table...
2022-01-04 16:44:52,976 - root - DEBUG - Processing 2260-th line out of 2500 rows of DP table...
2022-01-04 16:44:53,073 - root - DEBUG - Processing 2270-th line out of 2500 rows of DP table...
2022-01-04 16:44:53,167 - root - DEBUG - Processing 2280-th line out of 2500 rows of DP table...
2022-01-04 16:44:53,253 - root - DEBUG - Processing 2290-th line out of 2500 rows of DP table...
2022-01-04 16:44:53,332 - root - DEBUG - Processing 2300-th line out of 2500 rows of DP table...
2022-01-04 16:44:53,409 - root - DEBUG - Processing 2310-th line out of 2500 rows of DP table...
2022-01-04 16:44:53,485 - root - DEBUG - Processing 2320-th line out of 2500 rows of DP table...
2022-01-04 16:44:53,566 - root - DEBUG - Processing 2330-th line out of 2500 rows of DP table...
2022-01-04 16:44:53,632 - root - DEBUG - Processing 2340-th line out of 2500 rows of DP table...
2022-01-04 16:44:53,694 - root - DEBUG - Processing 2350-th line out of 2500 rows of DP table...
2022-01-04 16:44:53,754 - root - DEBUG - Processing 2360-th line out of 2500 rows of DP table...
2022-01-04 16:44:53,816 - root - DEBUG - Processing 2370-th line out of 2500 rows of DP table...
2022-01-04 16:44:53,868 - root - DEBUG - Processing 2380-th line out of 2500 rows of DP table...
2022-01-04 16:44:53,917 - root - DEBUG - Processing 2390-th line out of 2500 rows of DP table...
2022-01-04 16:44:53,964 - root - DEBUG - Processing 2400-th line out of 2500 rows of DP table...
2022-01-04 16:44:54,007 - root - DEBUG - Processing 2410-th line out of 2500 rows of DP table...
2022-01-04 16:44:54,047 - root - DEBUG - Processing 2420-th line out of 2500 rows of DP table...
2022-01-04 16:44:54,084 - root - DEBUG - Processing 2430-th line out of 2500 rows of DP table...
2022-01-04 16:44:54,117 - root - DEBUG - Processing 2440-th line out of 2500 rows of DP table...
2022-01-04 16:44:54,147 - root - DEBUG - Processing 2450-th line out of 2500 rows of DP table...
2022-01-04 16:44:54,174 - root - DEBUG - Processing 2460-th line out of 2500 rows of DP table...
2022-01-04 16:44:54,198 - root - DEBUG - Processing 2470-th line out of 2500 rows of DP table...
2022-01-04 16:44:54,219 - root - DEBUG - Processing 2480-th line out of 2500 rows of DP table...
2022-01-04 16:44:54,237 - root - DEBUG - Processing 2490-th line out of 2500 rows of DP table...
2022-01-04 16:44:54,254 - root - DEBUG - Processing 2500-th line out of 2500 rows of DP table...
2022-01-04 16:44:54,281 - root - DEBUG - Started computing joint logprobs...
