2022-01-04 21:09:57,333 - root - INFO - Loading reference interval set from '211227-2-sim/g21_5.ref.tsv'...
2022-01-04 21:09:57,337 - root - INFO - Loading query interval set from '211227-2-sim/g21_5.query.tsv'...
2022-01-04 21:09:57,397 - root - INFO - Loading chromosome sizes from '211227-2-sim/g21_sizes.tsv'...
2022-01-04 21:09:57,448 - root - INFO - Number of reference intervals: 2500 (2500 before merging)
2022-01-04 21:09:57,450 - root - INFO - Number of query intervals: 50000 (50000 before merging)
2022-01-04 21:09:57,450 - root - INFO - Number of chromosomes: 1
2022-01-04 21:09:57,542 - root - INFO - Overlap count: 2500
2022-01-04 21:09:57,545 - root - DEBUG - Started computing sf for chromosome 'chr1'...
2022-01-04 21:09:57,555 - root - DEBUG - m=2500, n=50000
2022-01-04 21:09:58,350 - root - DEBUG - Processing 10-th line out of 2500 rows of DP table...
2022-01-04 21:09:59,184 - root - DEBUG - Processing 20-th line out of 2500 rows of DP table...
2022-01-04 21:10:00,016 - root - DEBUG - Processing 30-th line out of 2500 rows of DP table...
2022-01-04 21:10:00,843 - root - DEBUG - Processing 40-th line out of 2500 rows of DP table...
2022-01-04 21:10:01,695 - root - DEBUG - Processing 50-th line out of 2500 rows of DP table...
2022-01-04 21:10:02,513 - root - DEBUG - Processing 60-th line out of 2500 rows of DP table...
2022-01-04 21:10:03,386 - root - DEBUG - Processing 70-th line out of 2500 rows of DP table...
2022-01-04 21:10:04,199 - root - DEBUG - Processing 80-th line out of 2500 rows of DP table...
2022-01-04 21:10:05,012 - root - DEBUG - Processing 90-th line out of 2500 rows of DP table...
2022-01-04 21:10:05,816 - root - DEBUG - Processing 100-th line out of 2500 rows of DP table...
2022-01-04 21:10:06,618 - root - DEBUG - Processing 110-th line out of 2500 rows of DP table...
2022-01-04 21:10:07,420 - root - DEBUG - Processing 120-th line out of 2500 rows of DP table...
2022-01-04 21:10:08,219 - root - DEBUG - Processing 130-th line out of 2500 rows of DP table...
2022-01-04 21:10:09,010 - root - DEBUG - Processing 140-th line out of 2500 rows of DP table...
2022-01-04 21:10:09,801 - root - DEBUG - Processing 150-th line out of 2500 rows of DP table...
2022-01-04 21:10:10,779 - root - DEBUG - Processing 160-th line out of 2500 rows of DP table...
2022-01-04 21:10:11,567 - root - DEBUG - Processing 170-th line out of 2500 rows of DP table...
2022-01-04 21:10:12,347 - root - DEBUG - Processing 180-th line out of 2500 rows of DP table...
2022-01-04 21:10:13,124 - root - DEBUG - Processing 190-th line out of 2500 rows of DP table...
2022-01-04 21:10:13,900 - root - DEBUG - Processing 200-th line out of 2500 rows of DP table...
2022-01-04 21:10:14,665 - root - DEBUG - Processing 210-th line out of 2500 rows of DP table...
2022-01-04 21:10:15,432 - root - DEBUG - Processing 220-th line out of 2500 rows of DP table...
2022-01-04 21:10:16,197 - root - DEBUG - Processing 230-th line out of 2500 rows of DP table...
2022-01-04 21:10:16,963 - root - DEBUG - Processing 240-th line out of 2500 rows of DP table...
2022-01-04 21:10:17,722 - root - DEBUG - Processing 250-th line out of 2500 rows of DP table...
2022-01-04 21:10:18,485 - root - DEBUG - Processing 260-th line out of 2500 rows of DP table...
2022-01-04 21:10:19,230 - root - DEBUG - Processing 270-th line out of 2500 rows of DP table...
2022-01-04 21:10:19,978 - root - DEBUG - Processing 280-th line out of 2500 rows of DP table...
2022-01-04 21:10:20,728 - root - DEBUG - Processing 290-th line out of 2500 rows of DP table...
2022-01-04 21:10:21,462 - root - DEBUG - Processing 300-th line out of 2500 rows of DP table...
2022-01-04 21:10:22,198 - root - DEBUG - Processing 310-th line out of 2500 rows of DP table...
2022-01-04 21:10:22,933 - root - DEBUG - Processing 320-th line out of 2500 rows of DP table...
2022-01-04 21:10:23,657 - root - DEBUG - Processing 330-th line out of 2500 rows of DP table...
2022-01-04 21:10:24,386 - root - DEBUG - Processing 340-th line out of 2500 rows of DP table...
2022-01-04 21:10:25,115 - root - DEBUG - Processing 350-th line out of 2500 rows of DP table...
2022-01-04 21:10:25,838 - root - DEBUG - Processing 360-th line out of 2500 rows of DP table...
2022-01-04 21:10:26,557 - root - DEBUG - Processing 370-th line out of 2500 rows of DP table...
2022-01-04 21:10:27,265 - root - DEBUG - Processing 380-th line out of 2500 rows of DP table...
2022-01-04 21:10:27,976 - root - DEBUG - Processing 390-th line out of 2500 rows of DP table...
2022-01-04 21:10:28,683 - root - DEBUG - Processing 400-th line out of 2500 rows of DP table...
2022-01-04 21:10:29,382 - root - DEBUG - Processing 410-th line out of 2500 rows of DP table...
2022-01-04 21:10:30,083 - root - DEBUG - Processing 420-th line out of 2500 rows of DP table...
2022-01-04 21:10:30,775 - root - DEBUG - Processing 430-th line out of 2500 rows of DP table...
2022-01-04 21:10:31,468 - root - DEBUG - Processing 440-th line out of 2500 rows of DP table...
2022-01-04 21:10:32,187 - root - DEBUG - Processing 450-th line out of 2500 rows of DP table...
2022-01-04 21:10:32,871 - root - DEBUG - Processing 460-th line out of 2500 rows of DP table...
2022-01-04 21:10:33,561 - root - DEBUG - Processing 470-th line out of 2500 rows of DP table...
2022-01-04 21:10:34,238 - root - DEBUG - Processing 480-th line out of 2500 rows of DP table...
2022-01-04 21:10:34,915 - root - DEBUG - Processing 490-th line out of 2500 rows of DP table...
2022-01-04 21:10:35,595 - root - DEBUG - Processing 500-th line out of 2500 rows of DP table...
2022-01-04 21:10:36,260 - root - DEBUG - Processing 510-th line out of 2500 rows of DP table...
2022-01-04 21:10:36,928 - root - DEBUG - Processing 520-th line out of 2500 rows of DP table...
2022-01-04 21:10:37,590 - root - DEBUG - Processing 530-th line out of 2500 rows of DP table...
2022-01-04 21:10:38,255 - root - DEBUG - Processing 540-th line out of 2500 rows of DP table...
2022-01-04 21:10:38,913 - root - DEBUG - Processing 550-th line out of 2500 rows of DP table...
2022-01-04 21:10:39,571 - root - DEBUG - Processing 560-th line out of 2500 rows of DP table...
2022-01-04 21:10:40,223 - root - DEBUG - Processing 570-th line out of 2500 rows of DP table...
2022-01-04 21:10:40,868 - root - DEBUG - Processing 580-th line out of 2500 rows of DP table...
2022-01-04 21:10:41,516 - root - DEBUG - Processing 590-th line out of 2500 rows of DP table...
2022-01-04 21:10:42,152 - root - DEBUG - Processing 600-th line out of 2500 rows of DP table...
2022-01-04 21:10:42,793 - root - DEBUG - Processing 610-th line out of 2500 rows of DP table...
2022-01-04 21:10:43,427 - root - DEBUG - Processing 620-th line out of 2500 rows of DP table...
2022-01-04 21:10:44,062 - root - DEBUG - Processing 630-th line out of 2500 rows of DP table...
2022-01-04 21:10:44,690 - root - DEBUG - Processing 640-th line out of 2500 rows of DP table...
2022-01-04 21:10:45,309 - root - DEBUG - Processing 650-th line out of 2500 rows of DP table...
2022-01-04 21:10:45,940 - root - DEBUG - Processing 660-th line out of 2500 rows of DP table...
2022-01-04 21:10:46,555 - root - DEBUG - Processing 670-th line out of 2500 rows of DP table...
2022-01-04 21:10:47,173 - root - DEBUG - Processing 680-th line out of 2500 rows of DP table...
2022-01-04 21:10:47,781 - root - DEBUG - Processing 690-th line out of 2500 rows of DP table...
2022-01-04 21:10:48,396 - root - DEBUG - Processing 700-th line out of 2500 rows of DP table...
2022-01-04 21:10:48,999 - root - DEBUG - Processing 710-th line out of 2500 rows of DP table...
2022-01-04 21:10:49,602 - root - DEBUG - Processing 720-th line out of 2500 rows of DP table...
2022-01-04 21:10:50,203 - root - DEBUG - Processing 730-th line out of 2500 rows of DP table...
2022-01-04 21:10:50,799 - root - DEBUG - Processing 740-th line out of 2500 rows of DP table...
2022-01-04 21:10:51,393 - root - DEBUG - Processing 750-th line out of 2500 rows of DP table...
2022-01-04 21:10:51,979 - root - DEBUG - Processing 760-th line out of 2500 rows of DP table...
2022-01-04 21:10:52,576 - root - DEBUG - Processing 770-th line out of 2500 rows of DP table...
2022-01-04 21:10:53,156 - root - DEBUG - Processing 780-th line out of 2500 rows of DP table...
2022-01-04 21:10:53,736 - root - DEBUG - Processing 790-th line out of 2500 rows of DP table...
2022-01-04 21:10:54,309 - root - DEBUG - Processing 800-th line out of 2500 rows of DP table...
2022-01-04 21:10:54,882 - root - DEBUG - Processing 810-th line out of 2500 rows of DP table...
2022-01-04 21:10:55,448 - root - DEBUG - Processing 820-th line out of 2500 rows of DP table...
2022-01-04 21:10:56,014 - root - DEBUG - Processing 830-th line out of 2500 rows of DP table...
2022-01-04 21:10:56,574 - root - DEBUG - Processing 840-th line out of 2500 rows of DP table...
2022-01-04 21:10:57,139 - root - DEBUG - Processing 850-th line out of 2500 rows of DP table...
2022-01-04 21:10:57,694 - root - DEBUG - Processing 860-th line out of 2500 rows of DP table...
2022-01-04 21:10:58,250 - root - DEBUG - Processing 870-th line out of 2500 rows of DP table...
2022-01-04 21:10:58,796 - root - DEBUG - Processing 880-th line out of 2500 rows of DP table...
2022-01-04 21:10:59,339 - root - DEBUG - Processing 890-th line out of 2500 rows of DP table...
2022-01-04 21:10:59,884 - root - DEBUG - Processing 900-th line out of 2500 rows of DP table...
2022-01-04 21:11:00,419 - root - DEBUG - Processing 910-th line out of 2500 rows of DP table...
2022-01-04 21:11:00,959 - root - DEBUG - Processing 920-th line out of 2500 rows of DP table...
2022-01-04 21:11:01,488 - root - DEBUG - Processing 930-th line out of 2500 rows of DP table...
2022-01-04 21:11:02,022 - root - DEBUG - Processing 940-th line out of 2500 rows of DP table...
2022-01-04 21:11:02,548 - root - DEBUG - Processing 950-th line out of 2500 rows of DP table...
2022-01-04 21:11:03,076 - root - DEBUG - Processing 960-th line out of 2500 rows of DP table...
2022-01-04 21:11:03,594 - root - DEBUG - Processing 970-th line out of 2500 rows of DP table...
2022-01-04 21:11:04,113 - root - DEBUG - Processing 980-th line out of 2500 rows of DP table...
2022-01-04 21:11:04,625 - root - DEBUG - Processing 990-th line out of 2500 rows of DP table...
2022-01-04 21:11:05,134 - root - DEBUG - Processing 1000-th line out of 2500 rows of DP table...
2022-01-04 21:11:05,637 - root - DEBUG - Processing 1010-th line out of 2500 rows of DP table...
2022-01-04 21:11:06,136 - root - DEBUG - Processing 1020-th line out of 2500 rows of DP table...
2022-01-04 21:11:06,639 - root - DEBUG - Processing 1030-th line out of 2500 rows of DP table...
2022-01-04 21:11:07,138 - root - DEBUG - Processing 1040-th line out of 2500 rows of DP table...
2022-01-04 21:11:07,633 - root - DEBUG - Processing 1050-th line out of 2500 rows of DP table...
2022-01-04 21:11:08,119 - root - DEBUG - Processing 1060-th line out of 2500 rows of DP table...
2022-01-04 21:11:08,607 - root - DEBUG - Processing 1070-th line out of 2500 rows of DP table...
2022-01-04 21:11:09,088 - root - DEBUG - Processing 1080-th line out of 2500 rows of DP table...
2022-01-04 21:11:09,562 - root - DEBUG - Processing 1090-th line out of 2500 rows of DP table...
2022-01-04 21:11:10,041 - root - DEBUG - Processing 1100-th line out of 2500 rows of DP table...
2022-01-04 21:11:10,510 - root - DEBUG - Processing 1110-th line out of 2500 rows of DP table...
2022-01-04 21:11:10,982 - root - DEBUG - Processing 1120-th line out of 2500 rows of DP table...
2022-01-04 21:11:11,447 - root - DEBUG - Processing 1130-th line out of 2500 rows of DP table...
2022-01-04 21:11:11,914 - root - DEBUG - Processing 1140-th line out of 2500 rows of DP table...
2022-01-04 21:11:12,374 - root - DEBUG - Processing 1150-th line out of 2500 rows of DP table...
2022-01-04 21:11:12,830 - root - DEBUG - Processing 1160-th line out of 2500 rows of DP table...
2022-01-04 21:11:13,288 - root - DEBUG - Processing 1170-th line out of 2500 rows of DP table...
2022-01-04 21:11:13,734 - root - DEBUG - Processing 1180-th line out of 2500 rows of DP table...
2022-01-04 21:11:14,225 - root - DEBUG - Processing 1190-th line out of 2500 rows of DP table...
2022-01-04 21:11:14,665 - root - DEBUG - Processing 1200-th line out of 2500 rows of DP table...
2022-01-04 21:11:15,100 - root - DEBUG - Processing 1210-th line out of 2500 rows of DP table...
2022-01-04 21:11:15,539 - root - DEBUG - Processing 1220-th line out of 2500 rows of DP table...
2022-01-04 21:11:15,971 - root - DEBUG - Processing 1230-th line out of 2500 rows of DP table...
2022-01-04 21:11:16,399 - root - DEBUG - Processing 1240-th line out of 2500 rows of DP table...
2022-01-04 21:11:16,830 - root - DEBUG - Processing 1250-th line out of 2500 rows of DP table...
2022-01-04 21:11:17,252 - root - DEBUG - Processing 1260-th line out of 2500 rows of DP table...
2022-01-04 21:11:17,676 - root - DEBUG - Processing 1270-th line out of 2500 rows of DP table...
2022-01-04 21:11:18,090 - root - DEBUG - Processing 1280-th line out of 2500 rows of DP table...
2022-01-04 21:11:18,502 - root - DEBUG - Processing 1290-th line out of 2500 rows of DP table...
2022-01-04 21:11:18,917 - root - DEBUG - Processing 1300-th line out of 2500 rows of DP table...
2022-01-04 21:11:19,324 - root - DEBUG - Processing 1310-th line out of 2500 rows of DP table...
2022-01-04 21:11:19,728 - root - DEBUG - Processing 1320-th line out of 2500 rows of DP table...
2022-01-04 21:11:20,130 - root - DEBUG - Processing 1330-th line out of 2500 rows of DP table...
2022-01-04 21:11:20,525 - root - DEBUG - Processing 1340-th line out of 2500 rows of DP table...
2022-01-04 21:11:20,919 - root - DEBUG - Processing 1350-th line out of 2500 rows of DP table...
2022-01-04 21:11:21,312 - root - DEBUG - Processing 1360-th line out of 2500 rows of DP table...
2022-01-04 21:11:21,701 - root - DEBUG - Processing 1370-th line out of 2500 rows of DP table...
2022-01-04 21:11:22,083 - root - DEBUG - Processing 1380-th line out of 2500 rows of DP table...
2022-01-04 21:11:22,467 - root - DEBUG - Processing 1390-th line out of 2500 rows of DP table...
2022-01-04 21:11:22,843 - root - DEBUG - Processing 1400-th line out of 2500 rows of DP table...
2022-01-04 21:11:23,214 - root - DEBUG - Processing 1410-th line out of 2500 rows of DP table...
2022-01-04 21:11:23,587 - root - DEBUG - Processing 1420-th line out of 2500 rows of DP table...
2022-01-04 21:11:23,954 - root - DEBUG - Processing 1430-th line out of 2500 rows of DP table...
2022-01-04 21:11:24,317 - root - DEBUG - Processing 1440-th line out of 2500 rows of DP table...
2022-01-04 21:11:24,681 - root - DEBUG - Processing 1450-th line out of 2500 rows of DP table...
2022-01-04 21:11:25,037 - root - DEBUG - Processing 1460-th line out of 2500 rows of DP table...
2022-01-04 21:11:25,390 - root - DEBUG - Processing 1470-th line out of 2500 rows of DP table...
2022-01-04 21:11:25,753 - root - DEBUG - Processing 1480-th line out of 2500 rows of DP table...
2022-01-04 21:11:26,098 - root - DEBUG - Processing 1490-th line out of 2500 rows of DP table...
2022-01-04 21:11:26,442 - root - DEBUG - Processing 1500-th line out of 2500 rows of DP table...
2022-01-04 21:11:26,785 - root - DEBUG - Processing 1510-th line out of 2500 rows of DP table...
2022-01-04 21:11:27,122 - root - DEBUG - Processing 1520-th line out of 2500 rows of DP table...
2022-01-04 21:11:27,455 - root - DEBUG - Processing 1530-th line out of 2500 rows of DP table...
2022-01-04 21:11:27,788 - root - DEBUG - Processing 1540-th line out of 2500 rows of DP table...
2022-01-04 21:11:28,140 - root - DEBUG - Processing 1550-th line out of 2500 rows of DP table...
2022-01-04 21:11:28,463 - root - DEBUG - Processing 1560-th line out of 2500 rows of DP table...
2022-01-04 21:11:28,781 - root - DEBUG - Processing 1570-th line out of 2500 rows of DP table...
2022-01-04 21:11:29,103 - root - DEBUG - Processing 1580-th line out of 2500 rows of DP table...
2022-01-04 21:11:29,417 - root - DEBUG - Processing 1590-th line out of 2500 rows of DP table...
2022-01-04 21:11:29,727 - root - DEBUG - Processing 1600-th line out of 2500 rows of DP table...
2022-01-04 21:11:30,042 - root - DEBUG - Processing 1610-th line out of 2500 rows of DP table...
2022-01-04 21:11:30,354 - root - DEBUG - Processing 1620-th line out of 2500 rows of DP table...
2022-01-04 21:11:30,652 - root - DEBUG - Processing 1630-th line out of 2500 rows of DP table...
2022-01-04 21:11:30,950 - root - DEBUG - Processing 1640-th line out of 2500 rows of DP table...
2022-01-04 21:11:31,244 - root - DEBUG - Processing 1650-th line out of 2500 rows of DP table...
2022-01-04 21:11:31,540 - root - DEBUG - Processing 1660-th line out of 2500 rows of DP table...
2022-01-04 21:11:31,827 - root - DEBUG - Processing 1670-th line out of 2500 rows of DP table...
2022-01-04 21:11:32,115 - root - DEBUG - Processing 1680-th line out of 2500 rows of DP table...
2022-01-04 21:11:32,395 - root - DEBUG - Processing 1690-th line out of 2500 rows of DP table...
2022-01-04 21:11:32,676 - root - DEBUG - Processing 1700-th line out of 2500 rows of DP table...
2022-01-04 21:11:32,949 - root - DEBUG - Processing 1710-th line out of 2500 rows of DP table...
2022-01-04 21:11:33,219 - root - DEBUG - Processing 1720-th line out of 2500 rows of DP table...
2022-01-04 21:11:33,486 - root - DEBUG - Processing 1730-th line out of 2500 rows of DP table...
2022-01-04 21:11:33,754 - root - DEBUG - Processing 1740-th line out of 2500 rows of DP table...
2022-01-04 21:11:34,014 - root - DEBUG - Processing 1750-th line out of 2500 rows of DP table...
2022-01-04 21:11:34,276 - root - DEBUG - Processing 1760-th line out of 2500 rows of DP table...
2022-01-04 21:11:34,530 - root - DEBUG - Processing 1770-th line out of 2500 rows of DP table...
2022-01-04 21:11:34,787 - root - DEBUG - Processing 1780-th line out of 2500 rows of DP table...
2022-01-04 21:11:35,035 - root - DEBUG - Processing 1790-th line out of 2500 rows of DP table...
2022-01-04 21:11:35,278 - root - DEBUG - Processing 1800-th line out of 2500 rows of DP table...
2022-01-04 21:11:35,519 - root - DEBUG - Processing 1810-th line out of 2500 rows of DP table...
2022-01-04 21:11:35,756 - root - DEBUG - Processing 1820-th line out of 2500 rows of DP table...
2022-01-04 21:11:35,995 - root - DEBUG - Processing 1830-th line out of 2500 rows of DP table...
2022-01-04 21:11:36,228 - root - DEBUG - Processing 1840-th line out of 2500 rows of DP table...
2022-01-04 21:11:36,455 - root - DEBUG - Processing 1850-th line out of 2500 rows of DP table...
2022-01-04 21:11:36,679 - root - DEBUG - Processing 1860-th line out of 2500 rows of DP table...
2022-01-04 21:11:36,899 - root - DEBUG - Processing 1870-th line out of 2500 rows of DP table...
2022-01-04 21:11:37,121 - root - DEBUG - Processing 1880-th line out of 2500 rows of DP table...
2022-01-04 21:11:37,335 - root - DEBUG - Processing 1890-th line out of 2500 rows of DP table...
2022-01-04 21:11:37,546 - root - DEBUG - Processing 1900-th line out of 2500 rows of DP table...
2022-01-04 21:11:37,755 - root - DEBUG - Processing 1910-th line out of 2500 rows of DP table...
2022-01-04 21:11:37,959 - root - DEBUG - Processing 1920-th line out of 2500 rows of DP table...
2022-01-04 21:11:38,167 - root - DEBUG - Processing 1930-th line out of 2500 rows of DP table...
2022-01-04 21:11:38,367 - root - DEBUG - Processing 1940-th line out of 2500 rows of DP table...
2022-01-04 21:11:38,562 - root - DEBUG - Processing 1950-th line out of 2500 rows of DP table...
2022-01-04 21:11:38,754 - root - DEBUG - Processing 1960-th line out of 2500 rows of DP table...
2022-01-04 21:11:38,943 - root - DEBUG - Processing 1970-th line out of 2500 rows of DP table...
2022-01-04 21:11:39,129 - root - DEBUG - Processing 1980-th line out of 2500 rows of DP table...
2022-01-04 21:11:39,317 - root - DEBUG - Processing 1990-th line out of 2500 rows of DP table...
2022-01-04 21:11:39,497 - root - DEBUG - Processing 2000-th line out of 2500 rows of DP table...
2022-01-04 21:11:39,674 - root - DEBUG - Processing 2010-th line out of 2500 rows of DP table...
2022-01-04 21:11:39,845 - root - DEBUG - Processing 2020-th line out of 2500 rows of DP table...
2022-01-04 21:11:40,014 - root - DEBUG - Processing 2030-th line out of 2500 rows of DP table...
2022-01-04 21:11:40,179 - root - DEBUG - Processing 2040-th line out of 2500 rows of DP table...
2022-01-04 21:11:40,342 - root - DEBUG - Processing 2050-th line out of 2500 rows of DP table...
2022-01-04 21:11:40,508 - root - DEBUG - Processing 2060-th line out of 2500 rows of DP table...
2022-01-04 21:11:40,663 - root - DEBUG - Processing 2070-th line out of 2500 rows of DP table...
2022-01-04 21:11:40,815 - root - DEBUG - Processing 2080-th line out of 2500 rows of DP table...
2022-01-04 21:11:40,963 - root - DEBUG - Processing 2090-th line out of 2500 rows of DP table...
2022-01-04 21:11:41,107 - root - DEBUG - Processing 2100-th line out of 2500 rows of DP table...
2022-01-04 21:11:41,249 - root - DEBUG - Processing 2110-th line out of 2500 rows of DP table...
2022-01-04 21:11:41,387 - root - DEBUG - Processing 2120-th line out of 2500 rows of DP table...
2022-01-04 21:11:41,522 - root - DEBUG - Processing 2130-th line out of 2500 rows of DP table...
2022-01-04 21:11:41,659 - root - DEBUG - Processing 2140-th line out of 2500 rows of DP table...
2022-01-04 21:11:41,789 - root - DEBUG - Processing 2150-th line out of 2500 rows of DP table...
2022-01-04 21:11:41,914 - root - DEBUG - Processing 2160-th line out of 2500 rows of DP table...
2022-01-04 21:11:42,036 - root - DEBUG - Processing 2170-th line out of 2500 rows of DP table...
2022-01-04 21:11:42,154 - root - DEBUG - Processing 2180-th line out of 2500 rows of DP table...
2022-01-04 21:11:42,270 - root - DEBUG - Processing 2190-th line out of 2500 rows of DP table...
2022-01-04 21:11:42,383 - root - DEBUG - Processing 2200-th line out of 2500 rows of DP table...
2022-01-04 21:11:42,494 - root - DEBUG - Processing 2210-th line out of 2500 rows of DP table...
2022-01-04 21:11:42,602 - root - DEBUG - Processing 2220-th line out of 2500 rows of DP table...
2022-01-04 21:11:42,707 - root - DEBUG - Processing 2230-th line out of 2500 rows of DP table...
2022-01-04 21:11:42,813 - root - DEBUG - Processing 2240-th line out of 2500 rows of DP table...
2022-01-04 21:11:42,911 - root - DEBUG - Processing 2250-th line out of 2500 rows of DP table...
2022-01-04 21:11:43,005 - root - DEBUG - Processing 2260-th line out of 2500 rows of DP table...
2022-01-04 21:11:43,095 - root - DEBUG - Processing 2270-th line out of 2500 rows of DP table...
2022-01-04 21:11:43,206 - root - DEBUG - Processing 2280-th line out of 2500 rows of DP table...
2022-01-04 21:11:43,292 - root - DEBUG - Processing 2290-th line out of 2500 rows of DP table...
2022-01-04 21:11:43,372 - root - DEBUG - Processing 2300-th line out of 2500 rows of DP table...
2022-01-04 21:11:43,449 - root - DEBUG - Processing 2310-th line out of 2500 rows of DP table...
2022-01-04 21:11:43,522 - root - DEBUG - Processing 2320-th line out of 2500 rows of DP table...
2022-01-04 21:11:43,592 - root - DEBUG - Processing 2330-th line out of 2500 rows of DP table...
2022-01-04 21:11:43,658 - root - DEBUG - Processing 2340-th line out of 2500 rows of DP table...
2022-01-04 21:11:43,722 - root - DEBUG - Processing 2350-th line out of 2500 rows of DP table...
2022-01-04 21:11:43,782 - root - DEBUG - Processing 2360-th line out of 2500 rows of DP table...
2022-01-04 21:11:43,839 - root - DEBUG - Processing 2370-th line out of 2500 rows of DP table...
2022-01-04 21:11:43,899 - root - DEBUG - Processing 2380-th line out of 2500 rows of DP table...
2022-01-04 21:11:43,949 - root - DEBUG - Processing 2390-th line out of 2500 rows of DP table...
2022-01-04 21:11:43,996 - root - DEBUG - Processing 2400-th line out of 2500 rows of DP table...
2022-01-04 21:11:44,040 - root - DEBUG - Processing 2410-th line out of 2500 rows of DP table...
2022-01-04 21:11:44,081 - root - DEBUG - Processing 2420-th line out of 2500 rows of DP table...
2022-01-04 21:11:44,118 - root - DEBUG - Processing 2430-th line out of 2500 rows of DP table...
2022-01-04 21:11:44,152 - root - DEBUG - Processing 2440-th line out of 2500 rows of DP table...
2022-01-04 21:11:44,183 - root - DEBUG - Processing 2450-th line out of 2500 rows of DP table...
2022-01-04 21:11:44,210 - root - DEBUG - Processing 2460-th line out of 2500 rows of DP table...
2022-01-04 21:11:44,234 - root - DEBUG - Processing 2470-th line out of 2500 rows of DP table...
2022-01-04 21:11:44,254 - root - DEBUG - Processing 2480-th line out of 2500 rows of DP table...
2022-01-04 21:11:44,272 - root - DEBUG - Processing 2490-th line out of 2500 rows of DP table...
2022-01-04 21:11:44,286 - root - DEBUG - Processing 2500-th line out of 2500 rows of DP table...
2022-01-04 21:11:44,303 - root - DEBUG - Started computing joint logprobs...
