2022-01-04 20:47:34,437 - root - INFO - Loading reference interval set from '211227-2-sim/g21_2.ref.tsv'...
2022-01-04 20:47:34,441 - root - INFO - Loading query interval set from '211227-2-sim/g21_2.query.tsv'...
2022-01-04 20:47:34,484 - root - INFO - Loading chromosome sizes from '211227-2-sim/g21_sizes.tsv'...
2022-01-04 20:47:34,510 - root - INFO - Number of reference intervals: 2500 (2500 before merging)
2022-01-04 20:47:34,511 - root - INFO - Number of query intervals: 50000 (50000 before merging)
2022-01-04 20:47:34,512 - root - INFO - Number of chromosomes: 1
2022-01-04 20:47:34,567 - root - INFO - Overlap count: 2500
2022-01-04 20:47:34,615 - root - DEBUG - Started computing sf for chromosome 'chr1'...
2022-01-04 20:47:34,639 - root - DEBUG - m=2500, n=50000
2022-01-04 20:47:35,593 - root - DEBUG - Processing 10-th line out of 2500 rows of DP table...
2022-01-04 20:47:36,366 - root - DEBUG - Processing 20-th line out of 2500 rows of DP table...
2022-01-04 20:47:37,139 - root - DEBUG - Processing 30-th line out of 2500 rows of DP table...
2022-01-04 20:47:37,921 - root - DEBUG - Processing 40-th line out of 2500 rows of DP table...
2022-01-04 20:47:38,743 - root - DEBUG - Processing 50-th line out of 2500 rows of DP table...
2022-01-04 20:47:39,572 - root - DEBUG - Processing 60-th line out of 2500 rows of DP table...
2022-01-04 20:47:40,431 - root - DEBUG - Processing 70-th line out of 2500 rows of DP table...
2022-01-04 20:47:41,263 - root - DEBUG - Processing 80-th line out of 2500 rows of DP table...
2022-01-04 20:47:42,079 - root - DEBUG - Processing 90-th line out of 2500 rows of DP table...
2022-01-04 20:47:42,926 - root - DEBUG - Processing 100-th line out of 2500 rows of DP table...
2022-01-04 20:47:43,734 - root - DEBUG - Processing 110-th line out of 2500 rows of DP table...
2022-01-04 20:47:44,532 - root - DEBUG - Processing 120-th line out of 2500 rows of DP table...
2022-01-04 20:47:45,353 - root - DEBUG - Processing 130-th line out of 2500 rows of DP table...
2022-01-04 20:47:46,148 - root - DEBUG - Processing 140-th line out of 2500 rows of DP table...
2022-01-04 20:47:46,940 - root - DEBUG - Processing 150-th line out of 2500 rows of DP table...
2022-01-04 20:47:47,726 - root - DEBUG - Processing 160-th line out of 2500 rows of DP table...
2022-01-04 20:47:48,981 - root - DEBUG - Processing 170-th line out of 2500 rows of DP table...
2022-01-04 20:47:49,934 - root - DEBUG - Processing 180-th line out of 2500 rows of DP table...
2022-01-04 20:47:50,717 - root - DEBUG - Processing 190-th line out of 2500 rows of DP table...
2022-01-04 20:47:51,493 - root - DEBUG - Processing 200-th line out of 2500 rows of DP table...
2022-01-04 20:47:52,259 - root - DEBUG - Processing 210-th line out of 2500 rows of DP table...
2022-01-04 20:47:53,027 - root - DEBUG - Processing 220-th line out of 2500 rows of DP table...
2022-01-04 20:47:53,798 - root - DEBUG - Processing 230-th line out of 2500 rows of DP table...
2022-01-04 20:47:55,093 - root - DEBUG - Processing 240-th line out of 2500 rows of DP table...
2022-01-04 20:47:55,844 - root - DEBUG - Processing 250-th line out of 2500 rows of DP table...
2022-01-04 20:47:56,602 - root - DEBUG - Processing 260-th line out of 2500 rows of DP table...
2022-01-04 20:47:57,366 - root - DEBUG - Processing 270-th line out of 2500 rows of DP table...
2022-01-04 20:47:58,282 - root - DEBUG - Processing 280-th line out of 2500 rows of DP table...
2022-01-04 20:47:59,380 - root - DEBUG - Processing 290-th line out of 2500 rows of DP table...
2022-01-04 20:48:00,158 - root - DEBUG - Processing 300-th line out of 2500 rows of DP table...
2022-01-04 20:48:00,911 - root - DEBUG - Processing 310-th line out of 2500 rows of DP table...
2022-01-04 20:48:01,677 - root - DEBUG - Processing 320-th line out of 2500 rows of DP table...
2022-01-04 20:48:02,442 - root - DEBUG - Processing 330-th line out of 2500 rows of DP table...
2022-01-04 20:48:03,181 - root - DEBUG - Processing 340-th line out of 2500 rows of DP table...
2022-01-04 20:48:03,932 - root - DEBUG - Processing 350-th line out of 2500 rows of DP table...
2022-01-04 20:48:04,682 - root - DEBUG - Processing 360-th line out of 2500 rows of DP table...
2022-01-04 20:48:05,420 - root - DEBUG - Processing 370-th line out of 2500 rows of DP table...
2022-01-04 20:48:06,147 - root - DEBUG - Processing 380-th line out of 2500 rows of DP table...
2022-01-04 20:48:06,886 - root - DEBUG - Processing 390-th line out of 2500 rows of DP table...
2022-01-04 20:48:07,629 - root - DEBUG - Processing 400-th line out of 2500 rows of DP table...
2022-01-04 20:48:08,340 - root - DEBUG - Processing 410-th line out of 2500 rows of DP table...
2022-01-04 20:48:09,072 - root - DEBUG - Processing 420-th line out of 2500 rows of DP table...
2022-01-04 20:48:09,805 - root - DEBUG - Processing 430-th line out of 2500 rows of DP table...
2022-01-04 20:48:10,504 - root - DEBUG - Processing 440-th line out of 2500 rows of DP table...
2022-01-04 20:48:11,224 - root - DEBUG - Processing 450-th line out of 2500 rows of DP table...
2022-01-04 20:48:11,948 - root - DEBUG - Processing 460-th line out of 2500 rows of DP table...
2022-01-04 20:48:12,637 - root - DEBUG - Processing 470-th line out of 2500 rows of DP table...
2022-01-04 20:48:13,348 - root - DEBUG - Processing 480-th line out of 2500 rows of DP table...
2022-01-04 20:48:14,055 - root - DEBUG - Processing 490-th line out of 2500 rows of DP table...
2022-01-04 20:48:14,736 - root - DEBUG - Processing 500-th line out of 2500 rows of DP table...
2022-01-04 20:48:15,438 - root - DEBUG - Processing 510-th line out of 2500 rows of DP table...
2022-01-04 20:48:16,137 - root - DEBUG - Processing 520-th line out of 2500 rows of DP table...
2022-01-04 20:48:16,807 - root - DEBUG - Processing 530-th line out of 2500 rows of DP table...
2022-01-04 20:48:17,498 - root - DEBUG - Processing 540-th line out of 2500 rows of DP table...
2022-01-04 20:48:18,186 - root - DEBUG - Processing 550-th line out of 2500 rows of DP table...
2022-01-04 20:48:18,846 - root - DEBUG - Processing 560-th line out of 2500 rows of DP table...
2022-01-04 20:48:19,533 - root - DEBUG - Processing 570-th line out of 2500 rows of DP table...
2022-01-04 20:48:20,210 - root - DEBUG - Processing 580-th line out of 2500 rows of DP table...
2022-01-04 20:48:20,859 - root - DEBUG - Processing 590-th line out of 2500 rows of DP table...
2022-01-04 20:48:21,532 - root - DEBUG - Processing 600-th line out of 2500 rows of DP table...
2022-01-04 20:48:22,200 - root - DEBUG - Processing 610-th line out of 2500 rows of DP table...
2022-01-04 20:48:22,840 - root - DEBUG - Processing 620-th line out of 2500 rows of DP table...
2022-01-04 20:48:23,508 - root - DEBUG - Processing 630-th line out of 2500 rows of DP table...
2022-01-04 20:48:24,141 - root - DEBUG - Processing 640-th line out of 2500 rows of DP table...
2022-01-04 20:48:24,796 - root - DEBUG - Processing 650-th line out of 2500 rows of DP table...
2022-01-04 20:48:25,447 - root - DEBUG - Processing 660-th line out of 2500 rows of DP table...
2022-01-04 20:48:26,071 - root - DEBUG - Processing 670-th line out of 2500 rows of DP table...
2022-01-04 20:48:26,716 - root - DEBUG - Processing 680-th line out of 2500 rows of DP table...
2022-01-04 20:48:27,333 - root - DEBUG - Processing 690-th line out of 2500 rows of DP table...
2022-01-04 20:48:27,972 - root - DEBUG - Processing 700-th line out of 2500 rows of DP table...
2022-01-04 20:48:28,609 - root - DEBUG - Processing 710-th line out of 2500 rows of DP table...
2022-01-04 20:48:29,217 - root - DEBUG - Processing 720-th line out of 2500 rows of DP table...
2022-01-04 20:48:29,847 - root - DEBUG - Processing 730-th line out of 2500 rows of DP table...
2022-01-04 20:48:30,448 - root - DEBUG - Processing 740-th line out of 2500 rows of DP table...
2022-01-04 20:48:31,046 - root - DEBUG - Processing 750-th line out of 2500 rows of DP table...
2022-01-04 20:48:31,639 - root - DEBUG - Processing 760-th line out of 2500 rows of DP table...
2022-01-04 20:48:32,230 - root - DEBUG - Processing 770-th line out of 2500 rows of DP table...
2022-01-04 20:48:32,818 - root - DEBUG - Processing 780-th line out of 2500 rows of DP table...
2022-01-04 20:48:33,401 - root - DEBUG - Processing 790-th line out of 2500 rows of DP table...
2022-01-04 20:48:33,982 - root - DEBUG - Processing 800-th line out of 2500 rows of DP table...
2022-01-04 20:48:34,560 - root - DEBUG - Processing 810-th line out of 2500 rows of DP table...
2022-01-04 20:48:35,134 - root - DEBUG - Processing 820-th line out of 2500 rows of DP table...
2022-01-04 20:48:35,709 - root - DEBUG - Processing 830-th line out of 2500 rows of DP table...
2022-01-04 20:48:36,275 - root - DEBUG - Processing 840-th line out of 2500 rows of DP table...
2022-01-04 20:48:36,838 - root - DEBUG - Processing 850-th line out of 2500 rows of DP table...
2022-01-04 20:48:37,398 - root - DEBUG - Processing 860-th line out of 2500 rows of DP table...
2022-01-04 20:48:37,955 - root - DEBUG - Processing 870-th line out of 2500 rows of DP table...
2022-01-04 20:48:38,509 - root - DEBUG - Processing 880-th line out of 2500 rows of DP table...
2022-01-04 20:48:39,059 - root - DEBUG - Processing 890-th line out of 2500 rows of DP table...
2022-01-04 20:48:39,607 - root - DEBUG - Processing 900-th line out of 2500 rows of DP table...
2022-01-04 20:48:40,153 - root - DEBUG - Processing 910-th line out of 2500 rows of DP table...
2022-01-04 20:48:40,693 - root - DEBUG - Processing 920-th line out of 2500 rows of DP table...
2022-01-04 20:48:41,233 - root - DEBUG - Processing 930-th line out of 2500 rows of DP table...
2022-01-04 20:48:41,768 - root - DEBUG - Processing 940-th line out of 2500 rows of DP table...
2022-01-04 20:48:42,300 - root - DEBUG - Processing 950-th line out of 2500 rows of DP table...
2022-01-04 20:48:42,829 - root - DEBUG - Processing 960-th line out of 2500 rows of DP table...
2022-01-04 20:48:43,357 - root - DEBUG - Processing 970-th line out of 2500 rows of DP table...
2022-01-04 20:48:43,879 - root - DEBUG - Processing 980-th line out of 2500 rows of DP table...
2022-01-04 20:48:44,398 - root - DEBUG - Processing 990-th line out of 2500 rows of DP table...
2022-01-04 20:48:44,913 - root - DEBUG - Processing 1000-th line out of 2500 rows of DP table...
2022-01-04 20:48:45,427 - root - DEBUG - Processing 1010-th line out of 2500 rows of DP table...
2022-01-04 20:48:45,938 - root - DEBUG - Processing 1020-th line out of 2500 rows of DP table...
2022-01-04 20:48:46,445 - root - DEBUG - Processing 1030-th line out of 2500 rows of DP table...
2022-01-04 20:48:46,948 - root - DEBUG - Processing 1040-th line out of 2500 rows of DP table...
2022-01-04 20:48:47,450 - root - DEBUG - Processing 1050-th line out of 2500 rows of DP table...
2022-01-04 20:48:47,949 - root - DEBUG - Processing 1060-th line out of 2500 rows of DP table...
2022-01-04 20:48:48,444 - root - DEBUG - Processing 1070-th line out of 2500 rows of DP table...
2022-01-04 20:48:48,937 - root - DEBUG - Processing 1080-th line out of 2500 rows of DP table...
2022-01-04 20:48:49,421 - root - DEBUG - Processing 1090-th line out of 2500 rows of DP table...
2022-01-04 20:48:49,904 - root - DEBUG - Processing 1100-th line out of 2500 rows of DP table...
2022-01-04 20:48:50,383 - root - DEBUG - Processing 1110-th line out of 2500 rows of DP table...
2022-01-04 20:48:50,860 - root - DEBUG - Processing 1120-th line out of 2500 rows of DP table...
2022-01-04 20:48:51,332 - root - DEBUG - Processing 1130-th line out of 2500 rows of DP table...
2022-01-04 20:48:51,801 - root - DEBUG - Processing 1140-th line out of 2500 rows of DP table...
2022-01-04 20:48:52,267 - root - DEBUG - Processing 1150-th line out of 2500 rows of DP table...
2022-01-04 20:48:52,728 - root - DEBUG - Processing 1160-th line out of 2500 rows of DP table...
2022-01-04 20:48:53,188 - root - DEBUG - Processing 1170-th line out of 2500 rows of DP table...
2022-01-04 20:48:53,646 - root - DEBUG - Processing 1180-th line out of 2500 rows of DP table...
2022-01-04 20:48:54,099 - root - DEBUG - Processing 1190-th line out of 2500 rows of DP table...
2022-01-04 20:48:54,545 - root - DEBUG - Processing 1200-th line out of 2500 rows of DP table...
2022-01-04 20:48:54,989 - root - DEBUG - Processing 1210-th line out of 2500 rows of DP table...
2022-01-04 20:48:55,431 - root - DEBUG - Processing 1220-th line out of 2500 rows of DP table...
2022-01-04 20:48:55,920 - root - DEBUG - Processing 1230-th line out of 2500 rows of DP table...
2022-01-04 20:48:56,632 - root - DEBUG - Processing 1240-th line out of 2500 rows of DP table...
2022-01-04 20:48:57,079 - root - DEBUG - Processing 1250-th line out of 2500 rows of DP table...
2022-01-04 20:48:57,520 - root - DEBUG - Processing 1260-th line out of 2500 rows of DP table...
2022-01-04 20:48:57,943 - root - DEBUG - Processing 1270-th line out of 2500 rows of DP table...
2022-01-04 20:48:58,375 - root - DEBUG - Processing 1280-th line out of 2500 rows of DP table...
2022-01-04 20:48:58,791 - root - DEBUG - Processing 1290-th line out of 2500 rows of DP table...
2022-01-04 20:48:59,224 - root - DEBUG - Processing 1300-th line out of 2500 rows of DP table...
2022-01-04 20:48:59,632 - root - DEBUG - Processing 1310-th line out of 2500 rows of DP table...
2022-01-04 20:49:00,038 - root - DEBUG - Processing 1320-th line out of 2500 rows of DP table...
2022-01-04 20:49:00,440 - root - DEBUG - Processing 1330-th line out of 2500 rows of DP table...
2022-01-04 20:49:00,840 - root - DEBUG - Processing 1340-th line out of 2500 rows of DP table...
2022-01-04 20:49:01,236 - root - DEBUG - Processing 1350-th line out of 2500 rows of DP table...
2022-01-04 20:49:01,630 - root - DEBUG - Processing 1360-th line out of 2500 rows of DP table...
2022-01-04 20:49:02,019 - root - DEBUG - Processing 1370-th line out of 2500 rows of DP table...
2022-01-04 20:49:02,406 - root - DEBUG - Processing 1380-th line out of 2500 rows of DP table...
2022-01-04 20:49:02,791 - root - DEBUG - Processing 1390-th line out of 2500 rows of DP table...
2022-01-04 20:49:03,170 - root - DEBUG - Processing 1400-th line out of 2500 rows of DP table...
2022-01-04 20:49:03,548 - root - DEBUG - Processing 1410-th line out of 2500 rows of DP table...
2022-01-04 20:49:03,921 - root - DEBUG - Processing 1420-th line out of 2500 rows of DP table...
2022-01-04 20:49:04,292 - root - DEBUG - Processing 1430-th line out of 2500 rows of DP table...
2022-01-04 20:49:04,668 - root - DEBUG - Processing 1440-th line out of 2500 rows of DP table...
2022-01-04 20:49:05,188 - root - DEBUG - Processing 1450-th line out of 2500 rows of DP table...
2022-01-04 20:49:05,551 - root - DEBUG - Processing 1460-th line out of 2500 rows of DP table...
2022-01-04 20:49:05,910 - root - DEBUG - Processing 1470-th line out of 2500 rows of DP table...
2022-01-04 20:49:06,278 - root - DEBUG - Processing 1480-th line out of 2500 rows of DP table...
2022-01-04 20:49:06,647 - root - DEBUG - Processing 1490-th line out of 2500 rows of DP table...
2022-01-04 20:49:07,022 - root - DEBUG - Processing 1500-th line out of 2500 rows of DP table...
2022-01-04 20:49:07,418 - root - DEBUG - Processing 1510-th line out of 2500 rows of DP table...
2022-01-04 20:49:07,759 - root - DEBUG - Processing 1520-th line out of 2500 rows of DP table...
2022-01-04 20:49:08,125 - root - DEBUG - Processing 1530-th line out of 2500 rows of DP table...
2022-01-04 20:49:08,459 - root - DEBUG - Processing 1540-th line out of 2500 rows of DP table...
2022-01-04 20:49:08,789 - root - DEBUG - Processing 1550-th line out of 2500 rows of DP table...
2022-01-04 20:49:09,130 - root - DEBUG - Processing 1560-th line out of 2500 rows of DP table...
2022-01-04 20:49:09,476 - root - DEBUG - Processing 1570-th line out of 2500 rows of DP table...
2022-01-04 20:49:09,807 - root - DEBUG - Processing 1580-th line out of 2500 rows of DP table...
2022-01-04 20:49:10,128 - root - DEBUG - Processing 1590-th line out of 2500 rows of DP table...
2022-01-04 20:49:10,443 - root - DEBUG - Processing 1600-th line out of 2500 rows of DP table...
2022-01-04 20:49:10,757 - root - DEBUG - Processing 1610-th line out of 2500 rows of DP table...
2022-01-04 20:49:11,177 - root - DEBUG - Processing 1620-th line out of 2500 rows of DP table...
2022-01-04 20:49:11,482 - root - DEBUG - Processing 1630-th line out of 2500 rows of DP table...
2022-01-04 20:49:11,784 - root - DEBUG - Processing 1640-th line out of 2500 rows of DP table...
2022-01-04 20:49:12,087 - root - DEBUG - Processing 1650-th line out of 2500 rows of DP table...
2022-01-04 20:49:12,393 - root - DEBUG - Processing 1660-th line out of 2500 rows of DP table...
2022-01-04 20:49:12,686 - root - DEBUG - Processing 1670-th line out of 2500 rows of DP table...
2022-01-04 20:49:12,974 - root - DEBUG - Processing 1680-th line out of 2500 rows of DP table...
2022-01-04 20:49:13,260 - root - DEBUG - Processing 1690-th line out of 2500 rows of DP table...
2022-01-04 20:49:13,542 - root - DEBUG - Processing 1700-th line out of 2500 rows of DP table...
2022-01-04 20:49:13,821 - root - DEBUG - Processing 1710-th line out of 2500 rows of DP table...
2022-01-04 20:49:14,098 - root - DEBUG - Processing 1720-th line out of 2500 rows of DP table...
2022-01-04 20:49:14,371 - root - DEBUG - Processing 1730-th line out of 2500 rows of DP table...
2022-01-04 20:49:14,641 - root - DEBUG - Processing 1740-th line out of 2500 rows of DP table...
2022-01-04 20:49:14,907 - root - DEBUG - Processing 1750-th line out of 2500 rows of DP table...
2022-01-04 20:49:15,171 - root - DEBUG - Processing 1760-th line out of 2500 rows of DP table...
2022-01-04 20:49:15,431 - root - DEBUG - Processing 1770-th line out of 2500 rows of DP table...
2022-01-04 20:49:15,689 - root - DEBUG - Processing 1780-th line out of 2500 rows of DP table...
2022-01-04 20:49:15,942 - root - DEBUG - Processing 1790-th line out of 2500 rows of DP table...
2022-01-04 20:49:16,191 - root - DEBUG - Processing 1800-th line out of 2500 rows of DP table...
2022-01-04 20:49:16,436 - root - DEBUG - Processing 1810-th line out of 2500 rows of DP table...
2022-01-04 20:49:16,679 - root - DEBUG - Processing 1820-th line out of 2500 rows of DP table...
2022-01-04 20:49:16,917 - root - DEBUG - Processing 1830-th line out of 2500 rows of DP table...
2022-01-04 20:49:17,166 - root - DEBUG - Processing 1840-th line out of 2500 rows of DP table...
2022-01-04 20:49:17,476 - root - DEBUG - Processing 1850-th line out of 2500 rows of DP table...
2022-01-04 20:49:17,707 - root - DEBUG - Processing 1860-th line out of 2500 rows of DP table...
2022-01-04 20:49:17,946 - root - DEBUG - Processing 1870-th line out of 2500 rows of DP table...
2022-01-04 20:49:18,209 - root - DEBUG - Processing 1880-th line out of 2500 rows of DP table...
2022-01-04 20:49:18,427 - root - DEBUG - Processing 1890-th line out of 2500 rows of DP table...
2022-01-04 20:49:18,640 - root - DEBUG - Processing 1900-th line out of 2500 rows of DP table...
2022-01-04 20:49:18,851 - root - DEBUG - Processing 1910-th line out of 2500 rows of DP table...
2022-01-04 20:49:19,076 - root - DEBUG - Processing 1920-th line out of 2500 rows of DP table...
2022-01-04 20:49:19,289 - root - DEBUG - Processing 1930-th line out of 2500 rows of DP table...
2022-01-04 20:49:19,494 - root - DEBUG - Processing 1940-th line out of 2500 rows of DP table...
2022-01-04 20:49:19,693 - root - DEBUG - Processing 1950-th line out of 2500 rows of DP table...
2022-01-04 20:49:19,888 - root - DEBUG - Processing 1960-th line out of 2500 rows of DP table...
2022-01-04 20:49:20,079 - root - DEBUG - Processing 1970-th line out of 2500 rows of DP table...
2022-01-04 20:49:20,265 - root - DEBUG - Processing 1980-th line out of 2500 rows of DP table...
2022-01-04 20:49:20,449 - root - DEBUG - Processing 1990-th line out of 2500 rows of DP table...
2022-01-04 20:49:20,630 - root - DEBUG - Processing 2000-th line out of 2500 rows of DP table...
2022-01-04 20:49:20,809 - root - DEBUG - Processing 2010-th line out of 2500 rows of DP table...
2022-01-04 20:49:20,984 - root - DEBUG - Processing 2020-th line out of 2500 rows of DP table...
2022-01-04 20:49:21,156 - root - DEBUG - Processing 2030-th line out of 2500 rows of DP table...
2022-01-04 20:49:21,325 - root - DEBUG - Processing 2040-th line out of 2500 rows of DP table...
2022-01-04 20:49:21,489 - root - DEBUG - Processing 2050-th line out of 2500 rows of DP table...
2022-01-04 20:49:21,650 - root - DEBUG - Processing 2060-th line out of 2500 rows of DP table...
2022-01-04 20:49:21,808 - root - DEBUG - Processing 2070-th line out of 2500 rows of DP table...
2022-01-04 20:49:21,964 - root - DEBUG - Processing 2080-th line out of 2500 rows of DP table...
2022-01-04 20:49:22,115 - root - DEBUG - Processing 2090-th line out of 2500 rows of DP table...
2022-01-04 20:49:22,262 - root - DEBUG - Processing 2100-th line out of 2500 rows of DP table...
2022-01-04 20:49:22,407 - root - DEBUG - Processing 2110-th line out of 2500 rows of DP table...
2022-01-04 20:49:22,549 - root - DEBUG - Processing 2120-th line out of 2500 rows of DP table...
2022-01-04 20:49:22,688 - root - DEBUG - Processing 2130-th line out of 2500 rows of DP table...
2022-01-04 20:49:22,825 - root - DEBUG - Processing 2140-th line out of 2500 rows of DP table...
2022-01-04 20:49:22,958 - root - DEBUG - Processing 2150-th line out of 2500 rows of DP table...
2022-01-04 20:49:23,086 - root - DEBUG - Processing 2160-th line out of 2500 rows of DP table...
2022-01-04 20:49:23,211 - root - DEBUG - Processing 2170-th line out of 2500 rows of DP table...
2022-01-04 20:49:23,332 - root - DEBUG - Processing 2180-th line out of 2500 rows of DP table...
2022-01-04 20:49:23,450 - root - DEBUG - Processing 2190-th line out of 2500 rows of DP table...
2022-01-04 20:49:23,565 - root - DEBUG - Processing 2200-th line out of 2500 rows of DP table...
2022-01-04 20:49:23,676 - root - DEBUG - Processing 2210-th line out of 2500 rows of DP table...
2022-01-04 20:49:23,785 - root - DEBUG - Processing 2220-th line out of 2500 rows of DP table...
2022-01-04 20:49:23,889 - root - DEBUG - Processing 2230-th line out of 2500 rows of DP table...
2022-01-04 20:49:23,991 - root - DEBUG - Processing 2240-th line out of 2500 rows of DP table...
2022-01-04 20:49:24,090 - root - DEBUG - Processing 2250-th line out of 2500 rows of DP table...
2022-01-04 20:49:24,185 - root - DEBUG - Processing 2260-th line out of 2500 rows of DP table...
2022-01-04 20:49:24,277 - root - DEBUG - Processing 2270-th line out of 2500 rows of DP table...
2022-01-04 20:49:24,365 - root - DEBUG - Processing 2280-th line out of 2500 rows of DP table...
2022-01-04 20:49:24,450 - root - DEBUG - Processing 2290-th line out of 2500 rows of DP table...
2022-01-04 20:49:24,531 - root - DEBUG - Processing 2300-th line out of 2500 rows of DP table...
2022-01-04 20:49:24,641 - root - DEBUG - Processing 2310-th line out of 2500 rows of DP table...
2022-01-04 20:49:24,735 - root - DEBUG - Processing 2320-th line out of 2500 rows of DP table...
2022-01-04 20:49:24,853 - root - DEBUG - Processing 2330-th line out of 2500 rows of DP table...
2022-01-04 20:49:24,967 - root - DEBUG - Processing 2340-th line out of 2500 rows of DP table...
2022-01-04 20:49:25,076 - root - DEBUG - Processing 2350-th line out of 2500 rows of DP table...
2022-01-04 20:49:25,184 - root - DEBUG - Processing 2360-th line out of 2500 rows of DP table...
2022-01-04 20:49:25,287 - root - DEBUG - Processing 2370-th line out of 2500 rows of DP table...
2022-01-04 20:49:25,373 - root - DEBUG - Processing 2380-th line out of 2500 rows of DP table...
2022-01-04 20:49:25,425 - root - DEBUG - Processing 2390-th line out of 2500 rows of DP table...
2022-01-04 20:49:25,473 - root - DEBUG - Processing 2400-th line out of 2500 rows of DP table...
2022-01-04 20:49:25,517 - root - DEBUG - Processing 2410-th line out of 2500 rows of DP table...
2022-01-04 20:49:25,558 - root - DEBUG - Processing 2420-th line out of 2500 rows of DP table...
2022-01-04 20:49:25,596 - root - DEBUG - Processing 2430-th line out of 2500 rows of DP table...
2022-01-04 20:49:25,631 - root - DEBUG - Processing 2440-th line out of 2500 rows of DP table...
2022-01-04 20:49:25,687 - root - DEBUG - Processing 2450-th line out of 2500 rows of DP table...
2022-01-04 20:49:25,726 - root - DEBUG - Processing 2460-th line out of 2500 rows of DP table...
2022-01-04 20:49:25,751 - root - DEBUG - Processing 2470-th line out of 2500 rows of DP table...
2022-01-04 20:49:25,773 - root - DEBUG - Processing 2480-th line out of 2500 rows of DP table...
2022-01-04 20:49:25,792 - root - DEBUG - Processing 2490-th line out of 2500 rows of DP table...
2022-01-04 20:49:25,807 - root - DEBUG - Processing 2500-th line out of 2500 rows of DP table...
2022-01-04 20:49:25,828 - root - DEBUG - Started computing joint logprobs...
