2022-01-04 20:47:34,614 - root - INFO - Loading reference interval set from '211227-2-sim/g21_0.ref.tsv'...
2022-01-04 20:47:34,630 - root - INFO - Loading query interval set from '211227-2-sim/g21_0.query.tsv'...
2022-01-04 20:47:34,836 - root - INFO - Loading chromosome sizes from '211227-2-sim/g21_sizes.tsv'...
2022-01-04 20:47:34,890 - root - INFO - Number of reference intervals: 2500 (2500 before merging)
2022-01-04 20:47:34,892 - root - INFO - Number of query intervals: 50000 (50000 before merging)
2022-01-04 20:47:34,894 - root - INFO - Number of chromosomes: 1
2022-01-04 20:47:35,037 - root - INFO - Overlap count: 2500
2022-01-04 20:47:35,052 - root - DEBUG - Started computing sf for chromosome 'chr1'...
2022-01-04 20:47:35,070 - root - DEBUG - m=2500, n=50000
2022-01-04 20:47:35,915 - root - DEBUG - Processing 10-th line out of 2500 rows of DP table...
2022-01-04 20:47:37,008 - root - DEBUG - Processing 20-th line out of 2500 rows of DP table...
2022-01-04 20:47:37,939 - root - DEBUG - Processing 30-th line out of 2500 rows of DP table...
2022-01-04 20:47:38,827 - root - DEBUG - Processing 40-th line out of 2500 rows of DP table...
2022-01-04 20:47:39,762 - root - DEBUG - Processing 50-th line out of 2500 rows of DP table...
2022-01-04 20:47:40,842 - root - DEBUG - Processing 60-th line out of 2500 rows of DP table...
2022-01-04 20:47:41,790 - root - DEBUG - Processing 70-th line out of 2500 rows of DP table...
2022-01-04 20:47:43,159 - root - DEBUG - Processing 80-th line out of 2500 rows of DP table...
2022-01-04 20:47:44,233 - root - DEBUG - Processing 90-th line out of 2500 rows of DP table...
2022-01-04 20:47:45,472 - root - DEBUG - Processing 100-th line out of 2500 rows of DP table...
2022-01-04 20:47:46,473 - root - DEBUG - Processing 110-th line out of 2500 rows of DP table...
2022-01-04 20:47:47,464 - root - DEBUG - Processing 120-th line out of 2500 rows of DP table...
2022-01-04 20:47:48,455 - root - DEBUG - Processing 130-th line out of 2500 rows of DP table...
2022-01-04 20:47:49,462 - root - DEBUG - Processing 140-th line out of 2500 rows of DP table...
2022-01-04 20:47:50,448 - root - DEBUG - Processing 150-th line out of 2500 rows of DP table...
2022-01-04 20:47:51,426 - root - DEBUG - Processing 160-th line out of 2500 rows of DP table...
2022-01-04 20:47:52,395 - root - DEBUG - Processing 170-th line out of 2500 rows of DP table...
2022-01-04 20:47:53,366 - root - DEBUG - Processing 180-th line out of 2500 rows of DP table...
2022-01-04 20:47:54,330 - root - DEBUG - Processing 190-th line out of 2500 rows of DP table...
2022-01-04 20:47:55,291 - root - DEBUG - Processing 200-th line out of 2500 rows of DP table...
2022-01-04 20:47:56,884 - root - DEBUG - Processing 210-th line out of 2500 rows of DP table...
2022-01-04 20:47:58,042 - root - DEBUG - Processing 220-th line out of 2500 rows of DP table...
2022-01-04 20:47:58,991 - root - DEBUG - Processing 230-th line out of 2500 rows of DP table...
2022-01-04 20:47:59,936 - root - DEBUG - Processing 240-th line out of 2500 rows of DP table...
2022-01-04 20:48:00,880 - root - DEBUG - Processing 250-th line out of 2500 rows of DP table...
2022-01-04 20:48:01,810 - root - DEBUG - Processing 260-th line out of 2500 rows of DP table...
2022-01-04 20:48:02,734 - root - DEBUG - Processing 270-th line out of 2500 rows of DP table...
2022-01-04 20:48:03,656 - root - DEBUG - Processing 280-th line out of 2500 rows of DP table...
2022-01-04 20:48:04,571 - root - DEBUG - Processing 290-th line out of 2500 rows of DP table...
2022-01-04 20:48:05,484 - root - DEBUG - Processing 300-th line out of 2500 rows of DP table...
2022-01-04 20:48:06,391 - root - DEBUG - Processing 310-th line out of 2500 rows of DP table...
2022-01-04 20:48:07,295 - root - DEBUG - Processing 320-th line out of 2500 rows of DP table...
2022-01-04 20:48:08,197 - root - DEBUG - Processing 330-th line out of 2500 rows of DP table...
2022-01-04 20:48:09,094 - root - DEBUG - Processing 340-th line out of 2500 rows of DP table...
2022-01-04 20:48:09,985 - root - DEBUG - Processing 350-th line out of 2500 rows of DP table...
2022-01-04 20:48:10,876 - root - DEBUG - Processing 360-th line out of 2500 rows of DP table...
2022-01-04 20:48:11,757 - root - DEBUG - Processing 370-th line out of 2500 rows of DP table...
2022-01-04 20:48:12,636 - root - DEBUG - Processing 380-th line out of 2500 rows of DP table...
2022-01-04 20:48:13,512 - root - DEBUG - Processing 390-th line out of 2500 rows of DP table...
2022-01-04 20:48:14,394 - root - DEBUG - Processing 400-th line out of 2500 rows of DP table...
2022-01-04 20:48:15,264 - root - DEBUG - Processing 410-th line out of 2500 rows of DP table...
2022-01-04 20:48:16,126 - root - DEBUG - Processing 420-th line out of 2500 rows of DP table...
2022-01-04 20:48:16,986 - root - DEBUG - Processing 430-th line out of 2500 rows of DP table...
2022-01-04 20:48:17,843 - root - DEBUG - Processing 440-th line out of 2500 rows of DP table...
2022-01-04 20:48:18,694 - root - DEBUG - Processing 450-th line out of 2500 rows of DP table...
2022-01-04 20:48:19,542 - root - DEBUG - Processing 460-th line out of 2500 rows of DP table...
2022-01-04 20:48:20,385 - root - DEBUG - Processing 470-th line out of 2500 rows of DP table...
2022-01-04 20:48:21,226 - root - DEBUG - Processing 480-th line out of 2500 rows of DP table...
2022-01-04 20:48:22,062 - root - DEBUG - Processing 490-th line out of 2500 rows of DP table...
2022-01-04 20:48:22,893 - root - DEBUG - Processing 500-th line out of 2500 rows of DP table...
2022-01-04 20:48:23,719 - root - DEBUG - Processing 510-th line out of 2500 rows of DP table...
2022-01-04 20:48:24,542 - root - DEBUG - Processing 520-th line out of 2500 rows of DP table...
2022-01-04 20:48:25,361 - root - DEBUG - Processing 530-th line out of 2500 rows of DP table...
2022-01-04 20:48:26,178 - root - DEBUG - Processing 540-th line out of 2500 rows of DP table...
2022-01-04 20:48:26,990 - root - DEBUG - Processing 550-th line out of 2500 rows of DP table...
2022-01-04 20:48:27,801 - root - DEBUG - Processing 560-th line out of 2500 rows of DP table...
2022-01-04 20:48:28,604 - root - DEBUG - Processing 570-th line out of 2500 rows of DP table...
2022-01-04 20:48:29,403 - root - DEBUG - Processing 580-th line out of 2500 rows of DP table...
2022-01-04 20:48:30,198 - root - DEBUG - Processing 590-th line out of 2500 rows of DP table...
2022-01-04 20:48:30,991 - root - DEBUG - Processing 600-th line out of 2500 rows of DP table...
2022-01-04 20:48:31,782 - root - DEBUG - Processing 610-th line out of 2500 rows of DP table...
2022-01-04 20:48:32,572 - root - DEBUG - Processing 620-th line out of 2500 rows of DP table...
2022-01-04 20:48:33,354 - root - DEBUG - Processing 630-th line out of 2500 rows of DP table...
2022-01-04 20:48:34,128 - root - DEBUG - Processing 640-th line out of 2500 rows of DP table...
2022-01-04 20:48:34,901 - root - DEBUG - Processing 650-th line out of 2500 rows of DP table...
2022-01-04 20:48:35,671 - root - DEBUG - Processing 660-th line out of 2500 rows of DP table...
2022-01-04 20:48:36,435 - root - DEBUG - Processing 670-th line out of 2500 rows of DP table...
2022-01-04 20:48:37,189 - root - DEBUG - Processing 680-th line out of 2500 rows of DP table...
2022-01-04 20:48:37,945 - root - DEBUG - Processing 690-th line out of 2500 rows of DP table...
2022-01-04 20:48:38,694 - root - DEBUG - Processing 700-th line out of 2500 rows of DP table...
2022-01-04 20:48:39,437 - root - DEBUG - Processing 710-th line out of 2500 rows of DP table...
2022-01-04 20:48:40,182 - root - DEBUG - Processing 720-th line out of 2500 rows of DP table...
2022-01-04 20:48:40,922 - root - DEBUG - Processing 730-th line out of 2500 rows of DP table...
2022-01-04 20:48:41,655 - root - DEBUG - Processing 740-th line out of 2500 rows of DP table...
2022-01-04 20:48:42,383 - root - DEBUG - Processing 750-th line out of 2500 rows of DP table...
2022-01-04 20:48:43,111 - root - DEBUG - Processing 760-th line out of 2500 rows of DP table...
2022-01-04 20:48:43,832 - root - DEBUG - Processing 770-th line out of 2500 rows of DP table...
2022-01-04 20:48:44,549 - root - DEBUG - Processing 780-th line out of 2500 rows of DP table...
2022-01-04 20:48:45,264 - root - DEBUG - Processing 790-th line out of 2500 rows of DP table...
2022-01-04 20:48:45,982 - root - DEBUG - Processing 800-th line out of 2500 rows of DP table...
2022-01-04 20:48:46,687 - root - DEBUG - Processing 810-th line out of 2500 rows of DP table...
2022-01-04 20:48:47,389 - root - DEBUG - Processing 820-th line out of 2500 rows of DP table...
2022-01-04 20:48:48,085 - root - DEBUG - Processing 830-th line out of 2500 rows of DP table...
2022-01-04 20:48:48,780 - root - DEBUG - Processing 840-th line out of 2500 rows of DP table...
2022-01-04 20:48:49,467 - root - DEBUG - Processing 850-th line out of 2500 rows of DP table...
2022-01-04 20:48:50,151 - root - DEBUG - Processing 860-th line out of 2500 rows of DP table...
2022-01-04 20:48:50,832 - root - DEBUG - Processing 870-th line out of 2500 rows of DP table...
2022-01-04 20:48:51,508 - root - DEBUG - Processing 880-th line out of 2500 rows of DP table...
2022-01-04 20:48:52,179 - root - DEBUG - Processing 890-th line out of 2500 rows of DP table...
2022-01-04 20:48:52,847 - root - DEBUG - Processing 900-th line out of 2500 rows of DP table...
2022-01-04 20:48:53,511 - root - DEBUG - Processing 910-th line out of 2500 rows of DP table...
2022-01-04 20:48:54,171 - root - DEBUG - Processing 920-th line out of 2500 rows of DP table...
2022-01-04 20:48:54,829 - root - DEBUG - Processing 930-th line out of 2500 rows of DP table...
2022-01-04 20:48:55,481 - root - DEBUG - Processing 940-th line out of 2500 rows of DP table...
2022-01-04 20:48:56,131 - root - DEBUG - Processing 950-th line out of 2500 rows of DP table...
2022-01-04 20:48:56,800 - root - DEBUG - Processing 960-th line out of 2500 rows of DP table...
2022-01-04 20:48:57,442 - root - DEBUG - Processing 970-th line out of 2500 rows of DP table...
2022-01-04 20:48:57,971 - root - DEBUG - Processing 980-th line out of 2500 rows of DP table...
2022-01-04 20:48:58,507 - root - DEBUG - Processing 990-th line out of 2500 rows of DP table...
2022-01-04 20:48:59,026 - root - DEBUG - Processing 1000-th line out of 2500 rows of DP table...
2022-01-04 20:48:59,543 - root - DEBUG - Processing 1010-th line out of 2500 rows of DP table...
2022-01-04 20:49:00,058 - root - DEBUG - Processing 1020-th line out of 2500 rows of DP table...
2022-01-04 20:49:00,573 - root - DEBUG - Processing 1030-th line out of 2500 rows of DP table...
2022-01-04 20:49:01,098 - root - DEBUG - Processing 1040-th line out of 2500 rows of DP table...
2022-01-04 20:49:01,602 - root - DEBUG - Processing 1050-th line out of 2500 rows of DP table...
2022-01-04 20:49:02,104 - root - DEBUG - Processing 1060-th line out of 2500 rows of DP table...
2022-01-04 20:49:02,603 - root - DEBUG - Processing 1070-th line out of 2500 rows of DP table...
2022-01-04 20:49:03,096 - root - DEBUG - Processing 1080-th line out of 2500 rows of DP table...
2022-01-04 20:49:03,586 - root - DEBUG - Processing 1090-th line out of 2500 rows of DP table...
2022-01-04 20:49:04,074 - root - DEBUG - Processing 1100-th line out of 2500 rows of DP table...
2022-01-04 20:49:04,576 - root - DEBUG - Processing 1110-th line out of 2500 rows of DP table...
2022-01-04 20:49:05,082 - root - DEBUG - Processing 1120-th line out of 2500 rows of DP table...
2022-01-04 20:49:05,564 - root - DEBUG - Processing 1130-th line out of 2500 rows of DP table...
2022-01-04 20:49:06,037 - root - DEBUG - Processing 1140-th line out of 2500 rows of DP table...
2022-01-04 20:49:06,529 - root - DEBUG - Processing 1150-th line out of 2500 rows of DP table...
2022-01-04 20:49:06,999 - root - DEBUG - Processing 1160-th line out of 2500 rows of DP table...
2022-01-04 20:49:07,461 - root - DEBUG - Processing 1170-th line out of 2500 rows of DP table...
2022-01-04 20:49:07,921 - root - DEBUG - Processing 1180-th line out of 2500 rows of DP table...
2022-01-04 20:49:08,514 - root - DEBUG - Processing 1190-th line out of 2500 rows of DP table...
2022-01-04 20:49:09,010 - root - DEBUG - Processing 1200-th line out of 2500 rows of DP table...
2022-01-04 20:49:09,461 - root - DEBUG - Processing 1210-th line out of 2500 rows of DP table...
2022-01-04 20:49:09,914 - root - DEBUG - Processing 1220-th line out of 2500 rows of DP table...
2022-01-04 20:49:10,357 - root - DEBUG - Processing 1230-th line out of 2500 rows of DP table...
2022-01-04 20:49:10,797 - root - DEBUG - Processing 1240-th line out of 2500 rows of DP table...
2022-01-04 20:49:11,326 - root - DEBUG - Processing 1250-th line out of 2500 rows of DP table...
2022-01-04 20:49:11,758 - root - DEBUG - Processing 1260-th line out of 2500 rows of DP table...
2022-01-04 20:49:12,188 - root - DEBUG - Processing 1270-th line out of 2500 rows of DP table...
2022-01-04 20:49:12,614 - root - DEBUG - Processing 1280-th line out of 2500 rows of DP table...
2022-01-04 20:49:13,037 - root - DEBUG - Processing 1290-th line out of 2500 rows of DP table...
2022-01-04 20:49:13,457 - root - DEBUG - Processing 1300-th line out of 2500 rows of DP table...
2022-01-04 20:49:13,952 - root - DEBUG - Processing 1310-th line out of 2500 rows of DP table...
2022-01-04 20:49:14,366 - root - DEBUG - Processing 1320-th line out of 2500 rows of DP table...
2022-01-04 20:49:14,775 - root - DEBUG - Processing 1330-th line out of 2500 rows of DP table...
2022-01-04 20:49:15,180 - root - DEBUG - Processing 1340-th line out of 2500 rows of DP table...
2022-01-04 20:49:15,583 - root - DEBUG - Processing 1350-th line out of 2500 rows of DP table...
2022-01-04 20:49:15,984 - root - DEBUG - Processing 1360-th line out of 2500 rows of DP table...
2022-01-04 20:49:16,379 - root - DEBUG - Processing 1370-th line out of 2500 rows of DP table...
2022-01-04 20:49:16,774 - root - DEBUG - Processing 1380-th line out of 2500 rows of DP table...
2022-01-04 20:49:17,164 - root - DEBUG - Processing 1390-th line out of 2500 rows of DP table...
2022-01-04 20:49:17,550 - root - DEBUG - Processing 1400-th line out of 2500 rows of DP table...
2022-01-04 20:49:17,943 - root - DEBUG - Processing 1410-th line out of 2500 rows of DP table...
2022-01-04 20:49:18,346 - root - DEBUG - Processing 1420-th line out of 2500 rows of DP table...
2022-01-04 20:49:18,721 - root - DEBUG - Processing 1430-th line out of 2500 rows of DP table...
2022-01-04 20:49:19,106 - root - DEBUG - Processing 1440-th line out of 2500 rows of DP table...
2022-01-04 20:49:19,475 - root - DEBUG - Processing 1450-th line out of 2500 rows of DP table...
2022-01-04 20:49:19,840 - root - DEBUG - Processing 1460-th line out of 2500 rows of DP table...
2022-01-04 20:49:20,202 - root - DEBUG - Processing 1470-th line out of 2500 rows of DP table...
2022-01-04 20:49:20,560 - root - DEBUG - Processing 1480-th line out of 2500 rows of DP table...
2022-01-04 20:49:20,916 - root - DEBUG - Processing 1490-th line out of 2500 rows of DP table...
2022-01-04 20:49:21,271 - root - DEBUG - Processing 1500-th line out of 2500 rows of DP table...
2022-01-04 20:49:21,620 - root - DEBUG - Processing 1510-th line out of 2500 rows of DP table...
2022-01-04 20:49:21,963 - root - DEBUG - Processing 1520-th line out of 2500 rows of DP table...
2022-01-04 20:49:22,305 - root - DEBUG - Processing 1530-th line out of 2500 rows of DP table...
2022-01-04 20:49:22,642 - root - DEBUG - Processing 1540-th line out of 2500 rows of DP table...
2022-01-04 20:49:22,978 - root - DEBUG - Processing 1550-th line out of 2500 rows of DP table...
2022-01-04 20:49:23,310 - root - DEBUG - Processing 1560-th line out of 2500 rows of DP table...
2022-01-04 20:49:23,639 - root - DEBUG - Processing 1570-th line out of 2500 rows of DP table...
2022-01-04 20:49:23,965 - root - DEBUG - Processing 1580-th line out of 2500 rows of DP table...
2022-01-04 20:49:24,287 - root - DEBUG - Processing 1590-th line out of 2500 rows of DP table...
2022-01-04 20:49:24,606 - root - DEBUG - Processing 1600-th line out of 2500 rows of DP table...
2022-01-04 20:49:24,923 - root - DEBUG - Processing 1610-th line out of 2500 rows of DP table...
2022-01-04 20:49:25,236 - root - DEBUG - Processing 1620-th line out of 2500 rows of DP table...
2022-01-04 20:49:25,547 - root - DEBUG - Processing 1630-th line out of 2500 rows of DP table...
2022-01-04 20:49:25,854 - root - DEBUG - Processing 1640-th line out of 2500 rows of DP table...
2022-01-04 20:49:26,155 - root - DEBUG - Processing 1650-th line out of 2500 rows of DP table...
2022-01-04 20:49:26,454 - root - DEBUG - Processing 1660-th line out of 2500 rows of DP table...
2022-01-04 20:49:26,749 - root - DEBUG - Processing 1670-th line out of 2500 rows of DP table...
2022-01-04 20:49:27,039 - root - DEBUG - Processing 1680-th line out of 2500 rows of DP table...
2022-01-04 20:49:27,326 - root - DEBUG - Processing 1690-th line out of 2500 rows of DP table...
2022-01-04 20:49:27,610 - root - DEBUG - Processing 1700-th line out of 2500 rows of DP table...
2022-01-04 20:49:27,891 - root - DEBUG - Processing 1710-th line out of 2500 rows of DP table...
2022-01-04 20:49:28,168 - root - DEBUG - Processing 1720-th line out of 2500 rows of DP table...
2022-01-04 20:49:28,441 - root - DEBUG - Processing 1730-th line out of 2500 rows of DP table...
2022-01-04 20:49:28,713 - root - DEBUG - Processing 1740-th line out of 2500 rows of DP table...
2022-01-04 20:49:28,979 - root - DEBUG - Processing 1750-th line out of 2500 rows of DP table...
2022-01-04 20:49:29,243 - root - DEBUG - Processing 1760-th line out of 2500 rows of DP table...
2022-01-04 20:49:29,504 - root - DEBUG - Processing 1770-th line out of 2500 rows of DP table...
2022-01-04 20:49:29,763 - root - DEBUG - Processing 1780-th line out of 2500 rows of DP table...
2022-01-04 20:49:30,018 - root - DEBUG - Processing 1790-th line out of 2500 rows of DP table...
2022-01-04 20:49:30,269 - root - DEBUG - Processing 1800-th line out of 2500 rows of DP table...
2022-01-04 20:49:30,517 - root - DEBUG - Processing 1810-th line out of 2500 rows of DP table...
2022-01-04 20:49:30,762 - root - DEBUG - Processing 1820-th line out of 2500 rows of DP table...
2022-01-04 20:49:31,005 - root - DEBUG - Processing 1830-th line out of 2500 rows of DP table...
2022-01-04 20:49:31,244 - root - DEBUG - Processing 1840-th line out of 2500 rows of DP table...
2022-01-04 20:49:31,478 - root - DEBUG - Processing 1850-th line out of 2500 rows of DP table...
2022-01-04 20:49:31,709 - root - DEBUG - Processing 1860-th line out of 2500 rows of DP table...
2022-01-04 20:49:31,936 - root - DEBUG - Processing 1870-th line out of 2500 rows of DP table...
2022-01-04 20:49:32,160 - root - DEBUG - Processing 1880-th line out of 2500 rows of DP table...
2022-01-04 20:49:32,383 - root - DEBUG - Processing 1890-th line out of 2500 rows of DP table...
2022-01-04 20:49:32,600 - root - DEBUG - Processing 1900-th line out of 2500 rows of DP table...
2022-01-04 20:49:32,814 - root - DEBUG - Processing 1910-th line out of 2500 rows of DP table...
2022-01-04 20:49:33,025 - root - DEBUG - Processing 1920-th line out of 2500 rows of DP table...
2022-01-04 20:49:33,233 - root - DEBUG - Processing 1930-th line out of 2500 rows of DP table...
2022-01-04 20:49:33,438 - root - DEBUG - Processing 1940-th line out of 2500 rows of DP table...
2022-01-04 20:49:33,651 - root - DEBUG - Processing 1950-th line out of 2500 rows of DP table...
2022-01-04 20:49:33,855 - root - DEBUG - Processing 1960-th line out of 2500 rows of DP table...
2022-01-04 20:49:34,054 - root - DEBUG - Processing 1970-th line out of 2500 rows of DP table...
2022-01-04 20:49:34,245 - root - DEBUG - Processing 1980-th line out of 2500 rows of DP table...
2022-01-04 20:49:34,440 - root - DEBUG - Processing 1990-th line out of 2500 rows of DP table...
2022-01-04 20:49:34,636 - root - DEBUG - Processing 2000-th line out of 2500 rows of DP table...
2022-01-04 20:49:34,817 - root - DEBUG - Processing 2010-th line out of 2500 rows of DP table...
2022-01-04 20:49:34,997 - root - DEBUG - Processing 2020-th line out of 2500 rows of DP table...
2022-01-04 20:49:35,173 - root - DEBUG - Processing 2030-th line out of 2500 rows of DP table...
2022-01-04 20:49:35,344 - root - DEBUG - Processing 2040-th line out of 2500 rows of DP table...
2022-01-04 20:49:35,512 - root - DEBUG - Processing 2050-th line out of 2500 rows of DP table...
2022-01-04 20:49:35,676 - root - DEBUG - Processing 2060-th line out of 2500 rows of DP table...
2022-01-04 20:49:36,199 - root - DEBUG - Processing 2070-th line out of 2500 rows of DP table...
2022-01-04 20:49:36,513 - root - DEBUG - Processing 2080-th line out of 2500 rows of DP table...
2022-01-04 20:49:36,786 - root - DEBUG - Processing 2090-th line out of 2500 rows of DP table...
2022-01-04 20:49:36,938 - root - DEBUG - Processing 2100-th line out of 2500 rows of DP table...
2022-01-04 20:49:37,087 - root - DEBUG - Processing 2110-th line out of 2500 rows of DP table...
2022-01-04 20:49:37,231 - root - DEBUG - Processing 2120-th line out of 2500 rows of DP table...
2022-01-04 20:49:37,373 - root - DEBUG - Processing 2130-th line out of 2500 rows of DP table...
2022-01-04 20:49:37,511 - root - DEBUG - Processing 2140-th line out of 2500 rows of DP table...
2022-01-04 20:49:37,645 - root - DEBUG - Processing 2150-th line out of 2500 rows of DP table...
2022-01-04 20:49:37,777 - root - DEBUG - Processing 2160-th line out of 2500 rows of DP table...
2022-01-04 20:49:37,905 - root - DEBUG - Processing 2170-th line out of 2500 rows of DP table...
2022-01-04 20:49:38,029 - root - DEBUG - Processing 2180-th line out of 2500 rows of DP table...
2022-01-04 20:49:38,149 - root - DEBUG - Processing 2190-th line out of 2500 rows of DP table...
2022-01-04 20:49:38,265 - root - DEBUG - Processing 2200-th line out of 2500 rows of DP table...
2022-01-04 20:49:38,379 - root - DEBUG - Processing 2210-th line out of 2500 rows of DP table...
2022-01-04 20:49:38,489 - root - DEBUG - Processing 2220-th line out of 2500 rows of DP table...
2022-01-04 20:49:38,596 - root - DEBUG - Processing 2230-th line out of 2500 rows of DP table...
2022-01-04 20:49:38,700 - root - DEBUG - Processing 2240-th line out of 2500 rows of DP table...
2022-01-04 20:49:38,799 - root - DEBUG - Processing 2250-th line out of 2500 rows of DP table...
2022-01-04 20:49:38,896 - root - DEBUG - Processing 2260-th line out of 2500 rows of DP table...
2022-01-04 20:49:38,989 - root - DEBUG - Processing 2270-th line out of 2500 rows of DP table...
2022-01-04 20:49:39,079 - root - DEBUG - Processing 2280-th line out of 2500 rows of DP table...
2022-01-04 20:49:39,166 - root - DEBUG - Processing 2290-th line out of 2500 rows of DP table...
2022-01-04 20:49:39,249 - root - DEBUG - Processing 2300-th line out of 2500 rows of DP table...
2022-01-04 20:49:39,328 - root - DEBUG - Processing 2310-th line out of 2500 rows of DP table...
2022-01-04 20:49:39,404 - root - DEBUG - Processing 2320-th line out of 2500 rows of DP table...
2022-01-04 20:49:39,476 - root - DEBUG - Processing 2330-th line out of 2500 rows of DP table...
2022-01-04 20:49:39,546 - root - DEBUG - Processing 2340-th line out of 2500 rows of DP table...
2022-01-04 20:49:39,612 - root - DEBUG - Processing 2350-th line out of 2500 rows of DP table...
2022-01-04 20:49:39,675 - root - DEBUG - Processing 2360-th line out of 2500 rows of DP table...
2022-01-04 20:49:39,734 - root - DEBUG - Processing 2370-th line out of 2500 rows of DP table...
2022-01-04 20:49:39,790 - root - DEBUG - Processing 2380-th line out of 2500 rows of DP table...
2022-01-04 20:49:39,843 - root - DEBUG - Processing 2390-th line out of 2500 rows of DP table...
2022-01-04 20:49:39,893 - root - DEBUG - Processing 2400-th line out of 2500 rows of DP table...
2022-01-04 20:49:39,939 - root - DEBUG - Processing 2410-th line out of 2500 rows of DP table...
2022-01-04 20:49:39,981 - root - DEBUG - Processing 2420-th line out of 2500 rows of DP table...
2022-01-04 20:49:40,030 - root - DEBUG - Processing 2430-th line out of 2500 rows of DP table...
2022-01-04 20:49:40,066 - root - DEBUG - Processing 2440-th line out of 2500 rows of DP table...
2022-01-04 20:49:40,099 - root - DEBUG - Processing 2450-th line out of 2500 rows of DP table...
2022-01-04 20:49:40,128 - root - DEBUG - Processing 2460-th line out of 2500 rows of DP table...
2022-01-04 20:49:40,153 - root - DEBUG - Processing 2470-th line out of 2500 rows of DP table...
2022-01-04 20:49:40,175 - root - DEBUG - Processing 2480-th line out of 2500 rows of DP table...
2022-01-04 20:49:40,195 - root - DEBUG - Processing 2490-th line out of 2500 rows of DP table...
2022-01-04 20:49:40,210 - root - DEBUG - Processing 2500-th line out of 2500 rows of DP table...
2022-01-04 20:49:40,232 - root - DEBUG - Started computing joint logprobs...
