2022-01-04 14:13:32,594 - root - INFO - Loading reference interval set from '211227-2-sim/g21_6.ref.tsv'...
2022-01-04 14:13:32,602 - root - INFO - Loading query interval set from '211227-2-sim/g21_6.query.tsv'...
2022-01-04 14:13:32,716 - root - INFO - Loading chromosome sizes from '211227-2-sim/g21_sizes.tsv'...
2022-01-04 14:13:32,909 - root - INFO - Number of reference intervals: 2500 (2500 before merging)
2022-01-04 14:13:32,913 - root - INFO - Number of query intervals: 50000 (50000 before merging)
2022-01-04 14:13:32,915 - root - INFO - Number of chromosomes: 1
2022-01-04 14:13:33,135 - root - INFO - Overlap count: 2500
2022-01-04 14:13:33,139 - root - DEBUG - Started computing sf for chromosome 'chr1'...
2022-01-04 14:13:33,163 - root - DEBUG - m=2500, n=50000
2022-01-04 14:13:33,985 - root - DEBUG - Processing 10-th line out of 2500 rows of DP table...
2022-01-04 14:13:34,842 - root - DEBUG - Processing 20-th line out of 2500 rows of DP table...
2022-01-04 14:13:35,671 - root - DEBUG - Processing 30-th line out of 2500 rows of DP table...
2022-01-04 14:13:36,484 - root - DEBUG - Processing 40-th line out of 2500 rows of DP table...
2022-01-04 14:13:37,304 - root - DEBUG - Processing 50-th line out of 2500 rows of DP table...
2022-01-04 14:13:38,120 - root - DEBUG - Processing 60-th line out of 2500 rows of DP table...
2022-01-04 14:13:38,944 - root - DEBUG - Processing 70-th line out of 2500 rows of DP table...
2022-01-04 14:13:39,757 - root - DEBUG - Processing 80-th line out of 2500 rows of DP table...
2022-01-04 14:13:40,555 - root - DEBUG - Processing 90-th line out of 2500 rows of DP table...
2022-01-04 14:13:41,329 - root - DEBUG - Processing 100-th line out of 2500 rows of DP table...
2022-01-04 14:13:42,095 - root - DEBUG - Processing 110-th line out of 2500 rows of DP table...
2022-01-04 14:13:42,885 - root - DEBUG - Processing 120-th line out of 2500 rows of DP table...
2022-01-04 14:13:43,658 - root - DEBUG - Processing 130-th line out of 2500 rows of DP table...
2022-01-04 14:13:44,416 - root - DEBUG - Processing 140-th line out of 2500 rows of DP table...
2022-01-04 14:13:45,177 - root - DEBUG - Processing 150-th line out of 2500 rows of DP table...
2022-01-04 14:13:45,933 - root - DEBUG - Processing 160-th line out of 2500 rows of DP table...
2022-01-04 14:13:46,694 - root - DEBUG - Processing 170-th line out of 2500 rows of DP table...
2022-01-04 14:13:47,454 - root - DEBUG - Processing 180-th line out of 2500 rows of DP table...
2022-01-04 14:13:48,191 - root - DEBUG - Processing 190-th line out of 2500 rows of DP table...
2022-01-04 14:13:48,955 - root - DEBUG - Processing 200-th line out of 2500 rows of DP table...
2022-01-04 14:13:49,712 - root - DEBUG - Processing 210-th line out of 2500 rows of DP table...
2022-01-04 14:13:50,449 - root - DEBUG - Processing 220-th line out of 2500 rows of DP table...
2022-01-04 14:13:51,171 - root - DEBUG - Processing 230-th line out of 2500 rows of DP table...
2022-01-04 14:13:51,895 - root - DEBUG - Processing 240-th line out of 2500 rows of DP table...
2022-01-04 14:13:52,642 - root - DEBUG - Processing 250-th line out of 2500 rows of DP table...
2022-01-04 14:13:53,361 - root - DEBUG - Processing 260-th line out of 2500 rows of DP table...
2022-01-04 14:13:54,172 - root - DEBUG - Processing 270-th line out of 2500 rows of DP table...
2022-01-04 14:13:54,892 - root - DEBUG - Processing 280-th line out of 2500 rows of DP table...
2022-01-04 14:13:55,607 - root - DEBUG - Processing 290-th line out of 2500 rows of DP table...
2022-01-04 14:13:56,319 - root - DEBUG - Processing 300-th line out of 2500 rows of DP table...
2022-01-04 14:13:57,043 - root - DEBUG - Processing 310-th line out of 2500 rows of DP table...
2022-01-04 14:13:57,769 - root - DEBUG - Processing 320-th line out of 2500 rows of DP table...
2022-01-04 14:13:58,492 - root - DEBUG - Processing 330-th line out of 2500 rows of DP table...
2022-01-04 14:13:59,188 - root - DEBUG - Processing 340-th line out of 2500 rows of DP table...
2022-01-04 14:13:59,876 - root - DEBUG - Processing 350-th line out of 2500 rows of DP table...
2022-01-04 14:14:00,587 - root - DEBUG - Processing 360-th line out of 2500 rows of DP table...
2022-01-04 14:14:01,302 - root - DEBUG - Processing 370-th line out of 2500 rows of DP table...
2022-01-04 14:14:02,017 - root - DEBUG - Processing 380-th line out of 2500 rows of DP table...
2022-01-04 14:14:02,823 - root - DEBUG - Processing 390-th line out of 2500 rows of DP table...
2022-01-04 14:14:03,607 - root - DEBUG - Processing 400-th line out of 2500 rows of DP table...
2022-01-04 14:14:04,301 - root - DEBUG - Processing 410-th line out of 2500 rows of DP table...
2022-01-04 14:14:04,987 - root - DEBUG - Processing 420-th line out of 2500 rows of DP table...
2022-01-04 14:14:05,694 - root - DEBUG - Processing 430-th line out of 2500 rows of DP table...
2022-01-04 14:14:06,390 - root - DEBUG - Processing 440-th line out of 2500 rows of DP table...
2022-01-04 14:14:07,078 - root - DEBUG - Processing 450-th line out of 2500 rows of DP table...
2022-01-04 14:14:07,760 - root - DEBUG - Processing 460-th line out of 2500 rows of DP table...
2022-01-04 14:14:08,419 - root - DEBUG - Processing 470-th line out of 2500 rows of DP table...
2022-01-04 14:14:09,068 - root - DEBUG - Processing 480-th line out of 2500 rows of DP table...
2022-01-04 14:14:09,720 - root - DEBUG - Processing 490-th line out of 2500 rows of DP table...
2022-01-04 14:14:10,442 - root - DEBUG - Processing 500-th line out of 2500 rows of DP table...
2022-01-04 14:14:11,107 - root - DEBUG - Processing 510-th line out of 2500 rows of DP table...
2022-01-04 14:14:11,750 - root - DEBUG - Processing 520-th line out of 2500 rows of DP table...
2022-01-04 14:14:12,392 - root - DEBUG - Processing 530-th line out of 2500 rows of DP table...
2022-01-04 14:14:13,032 - root - DEBUG - Processing 540-th line out of 2500 rows of DP table...
2022-01-04 14:14:13,683 - root - DEBUG - Processing 550-th line out of 2500 rows of DP table...
2022-01-04 14:14:14,403 - root - DEBUG - Processing 560-th line out of 2500 rows of DP table...
2022-01-04 14:14:15,065 - root - DEBUG - Processing 570-th line out of 2500 rows of DP table...
2022-01-04 14:14:15,710 - root - DEBUG - Processing 580-th line out of 2500 rows of DP table...
2022-01-04 14:14:16,366 - root - DEBUG - Processing 590-th line out of 2500 rows of DP table...
2022-01-04 14:14:17,003 - root - DEBUG - Processing 600-th line out of 2500 rows of DP table...
2022-01-04 14:14:17,664 - root - DEBUG - Processing 610-th line out of 2500 rows of DP table...
2022-01-04 14:14:18,281 - root - DEBUG - Processing 620-th line out of 2500 rows of DP table...
2022-01-04 14:14:18,950 - root - DEBUG - Processing 630-th line out of 2500 rows of DP table...
2022-01-04 14:14:19,569 - root - DEBUG - Processing 640-th line out of 2500 rows of DP table...
2022-01-04 14:14:20,188 - root - DEBUG - Processing 650-th line out of 2500 rows of DP table...
2022-01-04 14:14:20,860 - root - DEBUG - Processing 660-th line out of 2500 rows of DP table...
2022-01-04 14:14:21,484 - root - DEBUG - Processing 670-th line out of 2500 rows of DP table...
2022-01-04 14:14:22,143 - root - DEBUG - Processing 680-th line out of 2500 rows of DP table...
2022-01-04 14:14:22,770 - root - DEBUG - Processing 690-th line out of 2500 rows of DP table...
2022-01-04 14:14:23,386 - root - DEBUG - Processing 700-th line out of 2500 rows of DP table...
2022-01-04 14:14:23,996 - root - DEBUG - Processing 710-th line out of 2500 rows of DP table...
2022-01-04 14:14:24,578 - root - DEBUG - Processing 720-th line out of 2500 rows of DP table...
2022-01-04 14:14:25,206 - root - DEBUG - Processing 730-th line out of 2500 rows of DP table...
2022-01-04 14:14:25,814 - root - DEBUG - Processing 740-th line out of 2500 rows of DP table...
2022-01-04 14:14:26,384 - root - DEBUG - Processing 750-th line out of 2500 rows of DP table...
2022-01-04 14:14:26,952 - root - DEBUG - Processing 760-th line out of 2500 rows of DP table...
2022-01-04 14:14:27,577 - root - DEBUG - Processing 770-th line out of 2500 rows of DP table...
2022-01-04 14:14:28,153 - root - DEBUG - Processing 780-th line out of 2500 rows of DP table...
2022-01-04 14:14:29,147 - root - DEBUG - Processing 790-th line out of 2500 rows of DP table...
2022-01-04 14:14:29,702 - root - DEBUG - Processing 800-th line out of 2500 rows of DP table...
2022-01-04 14:14:30,244 - root - DEBUG - Processing 810-th line out of 2500 rows of DP table...
2022-01-04 14:14:30,793 - root - DEBUG - Processing 820-th line out of 2500 rows of DP table...
2022-01-04 14:14:31,340 - root - DEBUG - Processing 830-th line out of 2500 rows of DP table...
2022-01-04 14:14:31,881 - root - DEBUG - Processing 840-th line out of 2500 rows of DP table...
2022-01-04 14:14:32,435 - root - DEBUG - Processing 850-th line out of 2500 rows of DP table...
2022-01-04 14:14:32,995 - root - DEBUG - Processing 860-th line out of 2500 rows of DP table...
2022-01-04 14:14:33,543 - root - DEBUG - Processing 870-th line out of 2500 rows of DP table...
2022-01-04 14:14:34,099 - root - DEBUG - Processing 880-th line out of 2500 rows of DP table...
2022-01-04 14:14:34,642 - root - DEBUG - Processing 890-th line out of 2500 rows of DP table...
2022-01-04 14:14:35,177 - root - DEBUG - Processing 900-th line out of 2500 rows of DP table...
2022-01-04 14:14:35,709 - root - DEBUG - Processing 910-th line out of 2500 rows of DP table...
2022-01-04 14:14:36,224 - root - DEBUG - Processing 920-th line out of 2500 rows of DP table...
2022-01-04 14:14:36,744 - root - DEBUG - Processing 930-th line out of 2500 rows of DP table...
2022-01-04 14:14:37,267 - root - DEBUG - Processing 940-th line out of 2500 rows of DP table...
2022-01-04 14:14:37,775 - root - DEBUG - Processing 950-th line out of 2500 rows of DP table...
2022-01-04 14:14:38,286 - root - DEBUG - Processing 960-th line out of 2500 rows of DP table...
2022-01-04 14:14:38,790 - root - DEBUG - Processing 970-th line out of 2500 rows of DP table...
2022-01-04 14:14:39,289 - root - DEBUG - Processing 980-th line out of 2500 rows of DP table...
2022-01-04 14:14:39,781 - root - DEBUG - Processing 990-th line out of 2500 rows of DP table...
2022-01-04 14:14:40,273 - root - DEBUG - Processing 1000-th line out of 2500 rows of DP table...
2022-01-04 14:14:40,754 - root - DEBUG - Processing 1010-th line out of 2500 rows of DP table...
2022-01-04 14:14:41,244 - root - DEBUG - Processing 1020-th line out of 2500 rows of DP table...
2022-01-04 14:14:41,732 - root - DEBUG - Processing 1030-th line out of 2500 rows of DP table...
2022-01-04 14:14:42,225 - root - DEBUG - Processing 1040-th line out of 2500 rows of DP table...
2022-01-04 14:14:42,704 - root - DEBUG - Processing 1050-th line out of 2500 rows of DP table...
2022-01-04 14:14:43,171 - root - DEBUG - Processing 1060-th line out of 2500 rows of DP table...
2022-01-04 14:14:43,639 - root - DEBUG - Processing 1070-th line out of 2500 rows of DP table...
2022-01-04 14:14:44,102 - root - DEBUG - Processing 1080-th line out of 2500 rows of DP table...
2022-01-04 14:14:44,562 - root - DEBUG - Processing 1090-th line out of 2500 rows of DP table...
2022-01-04 14:14:45,017 - root - DEBUG - Processing 1100-th line out of 2500 rows of DP table...
2022-01-04 14:14:45,472 - root - DEBUG - Processing 1110-th line out of 2500 rows of DP table...
2022-01-04 14:14:45,932 - root - DEBUG - Processing 1120-th line out of 2500 rows of DP table...
2022-01-04 14:14:46,385 - root - DEBUG - Processing 1130-th line out of 2500 rows of DP table...
2022-01-04 14:14:46,842 - root - DEBUG - Processing 1140-th line out of 2500 rows of DP table...
2022-01-04 14:14:47,300 - root - DEBUG - Processing 1150-th line out of 2500 rows of DP table...
2022-01-04 14:14:47,753 - root - DEBUG - Processing 1160-th line out of 2500 rows of DP table...
2022-01-04 14:14:48,205 - root - DEBUG - Processing 1170-th line out of 2500 rows of DP table...
2022-01-04 14:14:48,762 - root - DEBUG - Processing 1180-th line out of 2500 rows of DP table...
2022-01-04 14:14:49,210 - root - DEBUG - Processing 1190-th line out of 2500 rows of DP table...
2022-01-04 14:14:49,662 - root - DEBUG - Processing 1200-th line out of 2500 rows of DP table...
2022-01-04 14:14:50,109 - root - DEBUG - Processing 1210-th line out of 2500 rows of DP table...
2022-01-04 14:14:50,568 - root - DEBUG - Processing 1220-th line out of 2500 rows of DP table...
2022-01-04 14:14:51,016 - root - DEBUG - Processing 1230-th line out of 2500 rows of DP table...
2022-01-04 14:14:51,452 - root - DEBUG - Processing 1240-th line out of 2500 rows of DP table...
2022-01-04 14:14:51,894 - root - DEBUG - Processing 1250-th line out of 2500 rows of DP table...
2022-01-04 14:14:52,322 - root - DEBUG - Processing 1260-th line out of 2500 rows of DP table...
2022-01-04 14:14:52,747 - root - DEBUG - Processing 1270-th line out of 2500 rows of DP table...
2022-01-04 14:14:53,174 - root - DEBUG - Processing 1280-th line out of 2500 rows of DP table...
2022-01-04 14:14:53,590 - root - DEBUG - Processing 1290-th line out of 2500 rows of DP table...
2022-01-04 14:14:53,997 - root - DEBUG - Processing 1300-th line out of 2500 rows of DP table...
2022-01-04 14:14:54,502 - root - DEBUG - Processing 1310-th line out of 2500 rows of DP table...
2022-01-04 14:14:54,904 - root - DEBUG - Processing 1320-th line out of 2500 rows of DP table...
2022-01-04 14:14:55,301 - root - DEBUG - Processing 1330-th line out of 2500 rows of DP table...
2022-01-04 14:14:55,695 - root - DEBUG - Processing 1340-th line out of 2500 rows of DP table...
2022-01-04 14:14:56,097 - root - DEBUG - Processing 1350-th line out of 2500 rows of DP table...
2022-01-04 14:14:56,486 - root - DEBUG - Processing 1360-th line out of 2500 rows of DP table...
2022-01-04 14:14:56,867 - root - DEBUG - Processing 1370-th line out of 2500 rows of DP table...
2022-01-04 14:14:57,240 - root - DEBUG - Processing 1380-th line out of 2500 rows of DP table...
2022-01-04 14:14:57,663 - root - DEBUG - Processing 1390-th line out of 2500 rows of DP table...
2022-01-04 14:14:58,039 - root - DEBUG - Processing 1400-th line out of 2500 rows of DP table...
2022-01-04 14:14:58,401 - root - DEBUG - Processing 1410-th line out of 2500 rows of DP table...
2022-01-04 14:14:58,766 - root - DEBUG - Processing 1420-th line out of 2500 rows of DP table...
2022-01-04 14:14:59,129 - root - DEBUG - Processing 1430-th line out of 2500 rows of DP table...
2022-01-04 14:14:59,483 - root - DEBUG - Processing 1440-th line out of 2500 rows of DP table...
2022-01-04 14:14:59,837 - root - DEBUG - Processing 1450-th line out of 2500 rows of DP table...
2022-01-04 14:15:00,181 - root - DEBUG - Processing 1460-th line out of 2500 rows of DP table...
2022-01-04 14:15:00,534 - root - DEBUG - Processing 1470-th line out of 2500 rows of DP table...
2022-01-04 14:15:00,900 - root - DEBUG - Processing 1480-th line out of 2500 rows of DP table...
2022-01-04 14:15:01,242 - root - DEBUG - Processing 1490-th line out of 2500 rows of DP table...
2022-01-04 14:15:01,584 - root - DEBUG - Processing 1500-th line out of 2500 rows of DP table...
2022-01-04 14:15:01,917 - root - DEBUG - Processing 1510-th line out of 2500 rows of DP table...
2022-01-04 14:15:02,261 - root - DEBUG - Processing 1520-th line out of 2500 rows of DP table...
2022-01-04 14:15:02,596 - root - DEBUG - Processing 1530-th line out of 2500 rows of DP table...
2022-01-04 14:15:02,926 - root - DEBUG - Processing 1540-th line out of 2500 rows of DP table...
2022-01-04 14:15:03,254 - root - DEBUG - Processing 1550-th line out of 2500 rows of DP table...
2022-01-04 14:15:03,574 - root - DEBUG - Processing 1560-th line out of 2500 rows of DP table...
2022-01-04 14:15:03,895 - root - DEBUG - Processing 1570-th line out of 2500 rows of DP table...
2022-01-04 14:15:04,209 - root - DEBUG - Processing 1580-th line out of 2500 rows of DP table...
2022-01-04 14:15:04,526 - root - DEBUG - Processing 1590-th line out of 2500 rows of DP table...
2022-01-04 14:15:04,822 - root - DEBUG - Processing 1600-th line out of 2500 rows of DP table...
2022-01-04 14:15:05,124 - root - DEBUG - Processing 1610-th line out of 2500 rows of DP table...
2022-01-04 14:15:05,443 - root - DEBUG - Processing 1620-th line out of 2500 rows of DP table...
2022-01-04 14:15:05,744 - root - DEBUG - Processing 1630-th line out of 2500 rows of DP table...
2022-01-04 14:15:06,030 - root - DEBUG - Processing 1640-th line out of 2500 rows of DP table...
2022-01-04 14:15:06,315 - root - DEBUG - Processing 1650-th line out of 2500 rows of DP table...
2022-01-04 14:15:06,602 - root - DEBUG - Processing 1660-th line out of 2500 rows of DP table...
2022-01-04 14:15:06,886 - root - DEBUG - Processing 1670-th line out of 2500 rows of DP table...
2022-01-04 14:15:07,152 - root - DEBUG - Processing 1680-th line out of 2500 rows of DP table...
2022-01-04 14:15:07,421 - root - DEBUG - Processing 1690-th line out of 2500 rows of DP table...
2022-01-04 14:15:07,686 - root - DEBUG - Processing 1700-th line out of 2500 rows of DP table...
2022-01-04 14:15:07,964 - root - DEBUG - Processing 1710-th line out of 2500 rows of DP table...
2022-01-04 14:15:08,227 - root - DEBUG - Processing 1720-th line out of 2500 rows of DP table...
2022-01-04 14:15:08,489 - root - DEBUG - Processing 1730-th line out of 2500 rows of DP table...
2022-01-04 14:15:08,748 - root - DEBUG - Processing 1740-th line out of 2500 rows of DP table...
2022-01-04 14:15:09,010 - root - DEBUG - Processing 1750-th line out of 2500 rows of DP table...
2022-01-04 14:15:09,266 - root - DEBUG - Processing 1760-th line out of 2500 rows of DP table...
2022-01-04 14:15:09,522 - root - DEBUG - Processing 1770-th line out of 2500 rows of DP table...
2022-01-04 14:15:09,773 - root - DEBUG - Processing 1780-th line out of 2500 rows of DP table...
2022-01-04 14:15:10,021 - root - DEBUG - Processing 1790-th line out of 2500 rows of DP table...
2022-01-04 14:15:10,259 - root - DEBUG - Processing 1800-th line out of 2500 rows of DP table...
2022-01-04 14:15:10,497 - root - DEBUG - Processing 1810-th line out of 2500 rows of DP table...
2022-01-04 14:15:10,729 - root - DEBUG - Processing 1820-th line out of 2500 rows of DP table...
2022-01-04 14:15:10,960 - root - DEBUG - Processing 1830-th line out of 2500 rows of DP table...
2022-01-04 14:15:11,185 - root - DEBUG - Processing 1840-th line out of 2500 rows of DP table...
2022-01-04 14:15:11,422 - root - DEBUG - Processing 1850-th line out of 2500 rows of DP table...
2022-01-04 14:15:11,646 - root - DEBUG - Processing 1860-th line out of 2500 rows of DP table...
2022-01-04 14:15:11,868 - root - DEBUG - Processing 1870-th line out of 2500 rows of DP table...
2022-01-04 14:15:12,086 - root - DEBUG - Processing 1880-th line out of 2500 rows of DP table...
2022-01-04 14:15:12,296 - root - DEBUG - Processing 1890-th line out of 2500 rows of DP table...
2022-01-04 14:15:12,498 - root - DEBUG - Processing 1900-th line out of 2500 rows of DP table...
2022-01-04 14:15:12,702 - root - DEBUG - Processing 1910-th line out of 2500 rows of DP table...
2022-01-04 14:15:12,898 - root - DEBUG - Processing 1920-th line out of 2500 rows of DP table...
2022-01-04 14:15:13,095 - root - DEBUG - Processing 1930-th line out of 2500 rows of DP table...
2022-01-04 14:15:13,288 - root - DEBUG - Processing 1940-th line out of 2500 rows of DP table...
2022-01-04 14:15:13,474 - root - DEBUG - Processing 1950-th line out of 2500 rows of DP table...
2022-01-04 14:15:13,660 - root - DEBUG - Processing 1960-th line out of 2500 rows of DP table...
2022-01-04 14:15:13,839 - root - DEBUG - Processing 1970-th line out of 2500 rows of DP table...
2022-01-04 14:15:14,012 - root - DEBUG - Processing 1980-th line out of 2500 rows of DP table...
2022-01-04 14:15:14,184 - root - DEBUG - Processing 1990-th line out of 2500 rows of DP table...
2022-01-04 14:15:14,355 - root - DEBUG - Processing 2000-th line out of 2500 rows of DP table...
2022-01-04 14:15:14,523 - root - DEBUG - Processing 2010-th line out of 2500 rows of DP table...
2022-01-04 14:15:14,690 - root - DEBUG - Processing 2020-th line out of 2500 rows of DP table...
2022-01-04 14:15:14,894 - root - DEBUG - Processing 2030-th line out of 2500 rows of DP table...
2022-01-04 14:15:15,062 - root - DEBUG - Processing 2040-th line out of 2500 rows of DP table...
2022-01-04 14:15:15,226 - root - DEBUG - Processing 2050-th line out of 2500 rows of DP table...
2022-01-04 14:15:15,387 - root - DEBUG - Processing 2060-th line out of 2500 rows of DP table...
2022-01-04 14:15:15,544 - root - DEBUG - Processing 2070-th line out of 2500 rows of DP table...
2022-01-04 14:15:15,691 - root - DEBUG - Processing 2080-th line out of 2500 rows of DP table...
2022-01-04 14:15:15,838 - root - DEBUG - Processing 2090-th line out of 2500 rows of DP table...
2022-01-04 14:15:15,982 - root - DEBUG - Processing 2100-th line out of 2500 rows of DP table...
2022-01-04 14:15:16,123 - root - DEBUG - Processing 2110-th line out of 2500 rows of DP table...
2022-01-04 14:15:16,259 - root - DEBUG - Processing 2120-th line out of 2500 rows of DP table...
2022-01-04 14:15:16,393 - root - DEBUG - Processing 2130-th line out of 2500 rows of DP table...
2022-01-04 14:15:16,524 - root - DEBUG - Processing 2140-th line out of 2500 rows of DP table...
2022-01-04 14:15:16,652 - root - DEBUG - Processing 2150-th line out of 2500 rows of DP table...
2022-01-04 14:15:16,777 - root - DEBUG - Processing 2160-th line out of 2500 rows of DP table...
2022-01-04 14:15:16,898 - root - DEBUG - Processing 2170-th line out of 2500 rows of DP table...
2022-01-04 14:15:17,015 - root - DEBUG - Processing 2180-th line out of 2500 rows of DP table...
2022-01-04 14:15:17,130 - root - DEBUG - Processing 2190-th line out of 2500 rows of DP table...
2022-01-04 14:15:17,241 - root - DEBUG - Processing 2200-th line out of 2500 rows of DP table...
2022-01-04 14:15:17,349 - root - DEBUG - Processing 2210-th line out of 2500 rows of DP table...
2022-01-04 14:15:17,455 - root - DEBUG - Processing 2220-th line out of 2500 rows of DP table...
2022-01-04 14:15:17,556 - root - DEBUG - Processing 2230-th line out of 2500 rows of DP table...
2022-01-04 14:15:17,653 - root - DEBUG - Processing 2240-th line out of 2500 rows of DP table...
2022-01-04 14:15:17,749 - root - DEBUG - Processing 2250-th line out of 2500 rows of DP table...
2022-01-04 14:15:17,840 - root - DEBUG - Processing 2260-th line out of 2500 rows of DP table...
2022-01-04 14:15:17,929 - root - DEBUG - Processing 2270-th line out of 2500 rows of DP table...
2022-01-04 14:15:18,015 - root - DEBUG - Processing 2280-th line out of 2500 rows of DP table...
2022-01-04 14:15:18,096 - root - DEBUG - Processing 2290-th line out of 2500 rows of DP table...
2022-01-04 14:15:18,175 - root - DEBUG - Processing 2300-th line out of 2500 rows of DP table...
2022-01-04 14:15:18,248 - root - DEBUG - Processing 2310-th line out of 2500 rows of DP table...
2022-01-04 14:15:18,319 - root - DEBUG - Processing 2320-th line out of 2500 rows of DP table...
2022-01-04 14:15:18,398 - root - DEBUG - Processing 2330-th line out of 2500 rows of DP table...
2022-01-04 14:15:18,465 - root - DEBUG - Processing 2340-th line out of 2500 rows of DP table...
2022-01-04 14:15:18,527 - root - DEBUG - Processing 2350-th line out of 2500 rows of DP table...
2022-01-04 14:15:18,588 - root - DEBUG - Processing 2360-th line out of 2500 rows of DP table...
2022-01-04 14:15:18,644 - root - DEBUG - Processing 2370-th line out of 2500 rows of DP table...
2022-01-04 14:15:18,699 - root - DEBUG - Processing 2380-th line out of 2500 rows of DP table...
2022-01-04 14:15:18,748 - root - DEBUG - Processing 2390-th line out of 2500 rows of DP table...
2022-01-04 14:15:18,794 - root - DEBUG - Processing 2400-th line out of 2500 rows of DP table...
2022-01-04 14:15:18,837 - root - DEBUG - Processing 2410-th line out of 2500 rows of DP table...
2022-01-04 14:15:18,877 - root - DEBUG - Processing 2420-th line out of 2500 rows of DP table...
2022-01-04 14:15:18,913 - root - DEBUG - Processing 2430-th line out of 2500 rows of DP table...
2022-01-04 14:15:18,947 - root - DEBUG - Processing 2440-th line out of 2500 rows of DP table...
2022-01-04 14:15:18,977 - root - DEBUG - Processing 2450-th line out of 2500 rows of DP table...
2022-01-04 14:15:19,003 - root - DEBUG - Processing 2460-th line out of 2500 rows of DP table...
2022-01-04 14:15:19,027 - root - DEBUG - Processing 2470-th line out of 2500 rows of DP table...
2022-01-04 14:15:19,047 - root - DEBUG - Processing 2480-th line out of 2500 rows of DP table...
2022-01-04 14:15:19,065 - root - DEBUG - Processing 2490-th line out of 2500 rows of DP table...
2022-01-04 14:15:19,079 - root - DEBUG - Processing 2500-th line out of 2500 rows of DP table...
2022-01-04 14:15:19,102 - root - DEBUG - Started computing joint logprobs...
