2022-01-04 10:45:06,185 - root - INFO - Loading reference interval set from '211227-2-sim/g21_8.ref.tsv'...
2022-01-04 10:45:06,215 - root - INFO - Loading query interval set from '211227-2-sim/g21_8.query.tsv'...
2022-01-04 10:45:06,330 - root - INFO - Loading chromosome sizes from '211227-2-sim/g21_sizes.tsv'...
2022-01-04 10:45:06,505 - root - INFO - Number of reference intervals: 2500 (2500 before merging)
2022-01-04 10:45:06,509 - root - INFO - Number of query intervals: 50000 (50000 before merging)
2022-01-04 10:45:06,511 - root - INFO - Number of chromosomes: 1
2022-01-04 10:45:06,722 - root - INFO - Overlap count: 2500
2022-01-04 10:45:06,727 - root - DEBUG - Started computing sf for chromosome 'chr1'...
2022-01-04 10:45:06,752 - root - DEBUG - m=2500, n=50000
2022-01-04 10:45:07,592 - root - DEBUG - Processing 10-th line out of 2500 rows of DP table...
2022-01-04 10:45:08,466 - root - DEBUG - Processing 20-th line out of 2500 rows of DP table...
2022-01-04 10:45:09,325 - root - DEBUG - Processing 30-th line out of 2500 rows of DP table...
2022-01-04 10:45:10,192 - root - DEBUG - Processing 40-th line out of 2500 rows of DP table...
2022-01-04 10:45:11,058 - root - DEBUG - Processing 50-th line out of 2500 rows of DP table...
2022-01-04 10:45:11,906 - root - DEBUG - Processing 60-th line out of 2500 rows of DP table...
2022-01-04 10:45:12,758 - root - DEBUG - Processing 70-th line out of 2500 rows of DP table...
2022-01-04 10:45:13,596 - root - DEBUG - Processing 80-th line out of 2500 rows of DP table...
2022-01-04 10:45:14,442 - root - DEBUG - Processing 90-th line out of 2500 rows of DP table...
2022-01-04 10:45:15,291 - root - DEBUG - Processing 100-th line out of 2500 rows of DP table...
2022-01-04 10:45:16,120 - root - DEBUG - Processing 110-th line out of 2500 rows of DP table...
2022-01-04 10:45:16,956 - root - DEBUG - Processing 120-th line out of 2500 rows of DP table...
2022-01-04 10:45:17,794 - root - DEBUG - Processing 130-th line out of 2500 rows of DP table...
2022-01-04 10:45:18,608 - root - DEBUG - Processing 140-th line out of 2500 rows of DP table...
2022-01-04 10:45:19,438 - root - DEBUG - Processing 150-th line out of 2500 rows of DP table...
2022-01-04 10:45:20,256 - root - DEBUG - Processing 160-th line out of 2500 rows of DP table...
2022-01-04 10:45:21,082 - root - DEBUG - Processing 170-th line out of 2500 rows of DP table...
2022-01-04 10:45:21,895 - root - DEBUG - Processing 180-th line out of 2500 rows of DP table...
2022-01-04 10:45:22,734 - root - DEBUG - Processing 190-th line out of 2500 rows of DP table...
2022-01-04 10:45:23,553 - root - DEBUG - Processing 200-th line out of 2500 rows of DP table...
2022-01-04 10:45:24,357 - root - DEBUG - Processing 210-th line out of 2500 rows of DP table...
2022-01-04 10:45:25,176 - root - DEBUG - Processing 220-th line out of 2500 rows of DP table...
2022-01-04 10:45:25,970 - root - DEBUG - Processing 230-th line out of 2500 rows of DP table...
2022-01-04 10:45:26,771 - root - DEBUG - Processing 240-th line out of 2500 rows of DP table...
2022-01-04 10:45:27,566 - root - DEBUG - Processing 250-th line out of 2500 rows of DP table...
2022-01-04 10:45:28,343 - root - DEBUG - Processing 260-th line out of 2500 rows of DP table...
2022-01-04 10:45:29,131 - root - DEBUG - Processing 270-th line out of 2500 rows of DP table...
2022-01-04 10:45:29,908 - root - DEBUG - Processing 280-th line out of 2500 rows of DP table...
2022-01-04 10:45:30,691 - root - DEBUG - Processing 290-th line out of 2500 rows of DP table...
2022-01-04 10:45:31,456 - root - DEBUG - Processing 300-th line out of 2500 rows of DP table...
2022-01-04 10:45:32,228 - root - DEBUG - Processing 310-th line out of 2500 rows of DP table...
2022-01-04 10:45:32,985 - root - DEBUG - Processing 320-th line out of 2500 rows of DP table...
2022-01-04 10:45:33,752 - root - DEBUG - Processing 330-th line out of 2500 rows of DP table...
2022-01-04 10:45:34,520 - root - DEBUG - Processing 340-th line out of 2500 rows of DP table...
2022-01-04 10:45:35,269 - root - DEBUG - Processing 350-th line out of 2500 rows of DP table...
2022-01-04 10:45:36,026 - root - DEBUG - Processing 360-th line out of 2500 rows of DP table...
2022-01-04 10:45:36,766 - root - DEBUG - Processing 370-th line out of 2500 rows of DP table...
2022-01-04 10:45:37,516 - root - DEBUG - Processing 380-th line out of 2500 rows of DP table...
2022-01-04 10:45:38,249 - root - DEBUG - Processing 390-th line out of 2500 rows of DP table...
2022-01-04 10:45:38,995 - root - DEBUG - Processing 400-th line out of 2500 rows of DP table...
2022-01-04 10:45:39,726 - root - DEBUG - Processing 410-th line out of 2500 rows of DP table...
2022-01-04 10:45:40,461 - root - DEBUG - Processing 420-th line out of 2500 rows of DP table...
2022-01-04 10:45:41,184 - root - DEBUG - Processing 430-th line out of 2500 rows of DP table...
2022-01-04 10:45:41,917 - root - DEBUG - Processing 440-th line out of 2500 rows of DP table...
2022-01-04 10:45:42,632 - root - DEBUG - Processing 450-th line out of 2500 rows of DP table...
2022-01-04 10:45:43,357 - root - DEBUG - Processing 460-th line out of 2500 rows of DP table...
2022-01-04 10:45:44,073 - root - DEBUG - Processing 470-th line out of 2500 rows of DP table...
2022-01-04 10:45:44,790 - root - DEBUG - Processing 480-th line out of 2500 rows of DP table...
2022-01-04 10:45:45,489 - root - DEBUG - Processing 490-th line out of 2500 rows of DP table...
2022-01-04 10:45:46,201 - root - DEBUG - Processing 500-th line out of 2500 rows of DP table...
2022-01-04 10:45:46,893 - root - DEBUG - Processing 510-th line out of 2500 rows of DP table...
2022-01-04 10:45:47,595 - root - DEBUG - Processing 520-th line out of 2500 rows of DP table...
2022-01-04 10:45:48,284 - root - DEBUG - Processing 530-th line out of 2500 rows of DP table...
2022-01-04 10:45:48,978 - root - DEBUG - Processing 540-th line out of 2500 rows of DP table...
2022-01-04 10:45:49,658 - root - DEBUG - Processing 550-th line out of 2500 rows of DP table...
2022-01-04 10:45:50,345 - root - DEBUG - Processing 560-th line out of 2500 rows of DP table...
2022-01-04 10:45:51,016 - root - DEBUG - Processing 570-th line out of 2500 rows of DP table...
2022-01-04 10:45:51,698 - root - DEBUG - Processing 580-th line out of 2500 rows of DP table...
2022-01-04 10:45:52,362 - root - DEBUG - Processing 590-th line out of 2500 rows of DP table...
2022-01-04 10:45:53,036 - root - DEBUG - Processing 600-th line out of 2500 rows of DP table...
2022-01-04 10:45:53,695 - root - DEBUG - Processing 610-th line out of 2500 rows of DP table...
2022-01-04 10:45:54,366 - root - DEBUG - Processing 620-th line out of 2500 rows of DP table...
2022-01-04 10:45:55,022 - root - DEBUG - Processing 630-th line out of 2500 rows of DP table...
2022-01-04 10:45:55,684 - root - DEBUG - Processing 640-th line out of 2500 rows of DP table...
2022-01-04 10:45:56,330 - root - DEBUG - Processing 650-th line out of 2500 rows of DP table...
2022-01-04 10:45:56,998 - root - DEBUG - Processing 660-th line out of 2500 rows of DP table...
2022-01-04 10:45:57,645 - root - DEBUG - Processing 670-th line out of 2500 rows of DP table...
2022-01-04 10:45:58,297 - root - DEBUG - Processing 680-th line out of 2500 rows of DP table...
2022-01-04 10:45:58,932 - root - DEBUG - Processing 690-th line out of 2500 rows of DP table...
2022-01-04 10:45:59,574 - root - DEBUG - Processing 700-th line out of 2500 rows of DP table...
2022-01-04 10:46:00,200 - root - DEBUG - Processing 710-th line out of 2500 rows of DP table...
2022-01-04 10:46:00,835 - root - DEBUG - Processing 720-th line out of 2500 rows of DP table...
2022-01-04 10:46:01,455 - root - DEBUG - Processing 730-th line out of 2500 rows of DP table...
2022-01-04 10:46:02,071 - root - DEBUG - Processing 740-th line out of 2500 rows of DP table...
2022-01-04 10:46:02,696 - root - DEBUG - Processing 750-th line out of 2500 rows of DP table...
2022-01-04 10:46:03,306 - root - DEBUG - Processing 760-th line out of 2500 rows of DP table...
2022-01-04 10:46:03,928 - root - DEBUG - Processing 770-th line out of 2500 rows of DP table...
2022-01-04 10:46:04,531 - root - DEBUG - Processing 780-th line out of 2500 rows of DP table...
2022-01-04 10:46:05,143 - root - DEBUG - Processing 790-th line out of 2500 rows of DP table...
2022-01-04 10:46:05,740 - root - DEBUG - Processing 800-th line out of 2500 rows of DP table...
2022-01-04 10:46:06,343 - root - DEBUG - Processing 810-th line out of 2500 rows of DP table...
2022-01-04 10:46:06,934 - root - DEBUG - Processing 820-th line out of 2500 rows of DP table...
2022-01-04 10:46:07,533 - root - DEBUG - Processing 830-th line out of 2500 rows of DP table...
2022-01-04 10:46:08,117 - root - DEBUG - Processing 840-th line out of 2500 rows of DP table...
2022-01-04 10:46:08,698 - root - DEBUG - Processing 850-th line out of 2500 rows of DP table...
2022-01-04 10:46:09,307 - root - DEBUG - Processing 860-th line out of 2500 rows of DP table...
2022-01-04 10:46:09,876 - root - DEBUG - Processing 870-th line out of 2500 rows of DP table...
2022-01-04 10:46:10,457 - root - DEBUG - Processing 880-th line out of 2500 rows of DP table...
2022-01-04 10:46:11,024 - root - DEBUG - Processing 890-th line out of 2500 rows of DP table...
2022-01-04 10:46:11,598 - root - DEBUG - Processing 900-th line out of 2500 rows of DP table...
2022-01-04 10:46:12,158 - root - DEBUG - Processing 910-th line out of 2500 rows of DP table...
2022-01-04 10:46:12,714 - root - DEBUG - Processing 920-th line out of 2500 rows of DP table...
2022-01-04 10:46:13,283 - root - DEBUG - Processing 930-th line out of 2500 rows of DP table...
2022-01-04 10:46:13,833 - root - DEBUG - Processing 940-th line out of 2500 rows of DP table...
2022-01-04 10:46:14,392 - root - DEBUG - Processing 950-th line out of 2500 rows of DP table...
2022-01-04 10:46:14,932 - root - DEBUG - Processing 960-th line out of 2500 rows of DP table...
2022-01-04 10:46:15,471 - root - DEBUG - Processing 970-th line out of 2500 rows of DP table...
2022-01-04 10:46:16,018 - root - DEBUG - Processing 980-th line out of 2500 rows of DP table...
2022-01-04 10:46:16,551 - root - DEBUG - Processing 990-th line out of 2500 rows of DP table...
2022-01-04 10:46:17,091 - root - DEBUG - Processing 1000-th line out of 2500 rows of DP table...
2022-01-04 10:46:17,619 - root - DEBUG - Processing 1010-th line out of 2500 rows of DP table...
2022-01-04 10:46:18,142 - root - DEBUG - Processing 1020-th line out of 2500 rows of DP table...
2022-01-04 10:46:18,674 - root - DEBUG - Processing 1030-th line out of 2500 rows of DP table...
2022-01-04 10:46:19,190 - root - DEBUG - Processing 1040-th line out of 2500 rows of DP table...
2022-01-04 10:46:19,710 - root - DEBUG - Processing 1050-th line out of 2500 rows of DP table...
2022-01-04 10:46:20,240 - root - DEBUG - Processing 1060-th line out of 2500 rows of DP table...
2022-01-04 10:46:20,748 - root - DEBUG - Processing 1070-th line out of 2500 rows of DP table...
2022-01-04 10:46:21,258 - root - DEBUG - Processing 1080-th line out of 2500 rows of DP table...
2022-01-04 10:46:21,754 - root - DEBUG - Processing 1090-th line out of 2500 rows of DP table...
2022-01-04 10:46:22,246 - root - DEBUG - Processing 1100-th line out of 2500 rows of DP table...
2022-01-04 10:46:22,749 - root - DEBUG - Processing 1110-th line out of 2500 rows of DP table...
2022-01-04 10:46:23,235 - root - DEBUG - Processing 1120-th line out of 2500 rows of DP table...
2022-01-04 10:46:23,729 - root - DEBUG - Processing 1130-th line out of 2500 rows of DP table...
2022-01-04 10:46:24,208 - root - DEBUG - Processing 1140-th line out of 2500 rows of DP table...
2022-01-04 10:46:24,682 - root - DEBUG - Processing 1150-th line out of 2500 rows of DP table...
2022-01-04 10:46:25,167 - root - DEBUG - Processing 1160-th line out of 2500 rows of DP table...
2022-01-04 10:46:25,634 - root - DEBUG - Processing 1170-th line out of 2500 rows of DP table...
2022-01-04 10:46:26,098 - root - DEBUG - Processing 1180-th line out of 2500 rows of DP table...
2022-01-04 10:46:26,572 - root - DEBUG - Processing 1190-th line out of 2500 rows of DP table...
2022-01-04 10:46:27,032 - root - DEBUG - Processing 1200-th line out of 2500 rows of DP table...
2022-01-04 10:46:27,605 - root - DEBUG - Processing 1210-th line out of 2500 rows of DP table...
2022-01-04 10:46:28,063 - root - DEBUG - Processing 1220-th line out of 2500 rows of DP table...
2022-01-04 10:46:28,552 - root - DEBUG - Processing 1230-th line out of 2500 rows of DP table...
2022-01-04 10:46:29,007 - root - DEBUG - Processing 1240-th line out of 2500 rows of DP table...
2022-01-04 10:46:29,492 - root - DEBUG - Processing 1250-th line out of 2500 rows of DP table...
2022-01-04 10:46:29,931 - root - DEBUG - Processing 1260-th line out of 2500 rows of DP table...
2022-01-04 10:46:30,419 - root - DEBUG - Processing 1270-th line out of 2500 rows of DP table...
2022-01-04 10:46:30,849 - root - DEBUG - Processing 1280-th line out of 2500 rows of DP table...
2022-01-04 10:46:31,291 - root - DEBUG - Processing 1290-th line out of 2500 rows of DP table...
2022-01-04 10:46:31,757 - root - DEBUG - Processing 1300-th line out of 2500 rows of DP table...
2022-01-04 10:46:32,179 - root - DEBUG - Processing 1310-th line out of 2500 rows of DP table...
2022-01-04 10:46:32,649 - root - DEBUG - Processing 1320-th line out of 2500 rows of DP table...
2022-01-04 10:46:33,063 - root - DEBUG - Processing 1330-th line out of 2500 rows of DP table...
2022-01-04 10:46:33,515 - root - DEBUG - Processing 1340-th line out of 2500 rows of DP table...
2022-01-04 10:46:33,934 - root - DEBUG - Processing 1350-th line out of 2500 rows of DP table...
2022-01-04 10:46:34,337 - root - DEBUG - Processing 1360-th line out of 2500 rows of DP table...
2022-01-04 10:46:34,777 - root - DEBUG - Processing 1370-th line out of 2500 rows of DP table...
2022-01-04 10:46:35,182 - root - DEBUG - Processing 1380-th line out of 2500 rows of DP table...
2022-01-04 10:46:35,576 - root - DEBUG - Processing 1390-th line out of 2500 rows of DP table...
2022-01-04 10:46:36,008 - root - DEBUG - Processing 1400-th line out of 2500 rows of DP table...
2022-01-04 10:46:36,407 - root - DEBUG - Processing 1410-th line out of 2500 rows of DP table...
2022-01-04 10:46:36,829 - root - DEBUG - Processing 1420-th line out of 2500 rows of DP table...
2022-01-04 10:46:37,210 - root - DEBUG - Processing 1430-th line out of 2500 rows of DP table...
2022-01-04 10:46:37,596 - root - DEBUG - Processing 1440-th line out of 2500 rows of DP table...
2022-01-04 10:46:38,016 - root - DEBUG - Processing 1450-th line out of 2500 rows of DP table...
2022-01-04 10:46:38,383 - root - DEBUG - Processing 1460-th line out of 2500 rows of DP table...
2022-01-04 10:46:38,750 - root - DEBUG - Processing 1470-th line out of 2500 rows of DP table...
2022-01-04 10:46:39,159 - root - DEBUG - Processing 1480-th line out of 2500 rows of DP table...
2022-01-04 10:46:39,612 - root - DEBUG - Processing 1490-th line out of 2500 rows of DP table...
2022-01-04 10:46:40,007 - root - DEBUG - Processing 1500-th line out of 2500 rows of DP table...
2022-01-04 10:46:40,373 - root - DEBUG - Processing 1510-th line out of 2500 rows of DP table...
2022-01-04 10:46:40,722 - root - DEBUG - Processing 1520-th line out of 2500 rows of DP table...
2022-01-04 10:46:41,113 - root - DEBUG - Processing 1530-th line out of 2500 rows of DP table...
2022-01-04 10:46:41,457 - root - DEBUG - Processing 1540-th line out of 2500 rows of DP table...
2022-01-04 10:46:41,809 - root - DEBUG - Processing 1550-th line out of 2500 rows of DP table...
2022-01-04 10:46:42,187 - root - DEBUG - Processing 1560-th line out of 2500 rows of DP table...
2022-01-04 10:46:42,527 - root - DEBUG - Processing 1570-th line out of 2500 rows of DP table...
2022-01-04 10:46:42,867 - root - DEBUG - Processing 1580-th line out of 2500 rows of DP table...
2022-01-04 10:46:43,232 - root - DEBUG - Processing 1590-th line out of 2500 rows of DP table...
2022-01-04 10:46:43,554 - root - DEBUG - Processing 1600-th line out of 2500 rows of DP table...
2022-01-04 10:46:43,872 - root - DEBUG - Processing 1610-th line out of 2500 rows of DP table...
2022-01-04 10:46:44,241 - root - DEBUG - Processing 1620-th line out of 2500 rows of DP table...
2022-01-04 10:46:44,555 - root - DEBUG - Processing 1630-th line out of 2500 rows of DP table...
2022-01-04 10:46:44,864 - root - DEBUG - Processing 1640-th line out of 2500 rows of DP table...
2022-01-04 10:46:45,170 - root - DEBUG - Processing 1650-th line out of 2500 rows of DP table...
2022-01-04 10:46:45,525 - root - DEBUG - Processing 1660-th line out of 2500 rows of DP table...
2022-01-04 10:46:45,823 - root - DEBUG - Processing 1670-th line out of 2500 rows of DP table...
2022-01-04 10:46:46,118 - root - DEBUG - Processing 1680-th line out of 2500 rows of DP table...
2022-01-04 10:46:46,450 - root - DEBUG - Processing 1690-th line out of 2500 rows of DP table...
2022-01-04 10:46:46,752 - root - DEBUG - Processing 1700-th line out of 2500 rows of DP table...
2022-01-04 10:46:47,035 - root - DEBUG - Processing 1710-th line out of 2500 rows of DP table...
2022-01-04 10:46:47,317 - root - DEBUG - Processing 1720-th line out of 2500 rows of DP table...
2022-01-04 10:46:47,637 - root - DEBUG - Processing 1730-th line out of 2500 rows of DP table...
2022-01-04 10:46:47,913 - root - DEBUG - Processing 1740-th line out of 2500 rows of DP table...
2022-01-04 10:46:48,196 - root - DEBUG - Processing 1750-th line out of 2500 rows of DP table...
2022-01-04 10:46:48,495 - root - DEBUG - Processing 1760-th line out of 2500 rows of DP table...
2022-01-04 10:46:48,770 - root - DEBUG - Processing 1770-th line out of 2500 rows of DP table...
2022-01-04 10:46:49,032 - root - DEBUG - Processing 1780-th line out of 2500 rows of DP table...
2022-01-04 10:46:49,301 - root - DEBUG - Processing 1790-th line out of 2500 rows of DP table...
2022-01-04 10:46:49,600 - root - DEBUG - Processing 1800-th line out of 2500 rows of DP table...
2022-01-04 10:46:49,850 - root - DEBUG - Processing 1810-th line out of 2500 rows of DP table...
2022-01-04 10:46:50,097 - root - DEBUG - Processing 1820-th line out of 2500 rows of DP table...
2022-01-04 10:46:50,341 - root - DEBUG - Processing 1830-th line out of 2500 rows of DP table...
2022-01-04 10:46:50,594 - root - DEBUG - Processing 1840-th line out of 2500 rows of DP table...
2022-01-04 10:46:50,872 - root - DEBUG - Processing 1850-th line out of 2500 rows of DP table...
2022-01-04 10:46:51,110 - root - DEBUG - Processing 1860-th line out of 2500 rows of DP table...
2022-01-04 10:46:51,342 - root - DEBUG - Processing 1870-th line out of 2500 rows of DP table...
2022-01-04 10:46:51,570 - root - DEBUG - Processing 1880-th line out of 2500 rows of DP table...
2022-01-04 10:46:51,848 - root - DEBUG - Processing 1890-th line out of 2500 rows of DP table...
2022-01-04 10:46:52,068 - root - DEBUG - Processing 1900-th line out of 2500 rows of DP table...
2022-01-04 10:46:52,285 - root - DEBUG - Processing 1910-th line out of 2500 rows of DP table...
2022-01-04 10:46:52,498 - root - DEBUG - Processing 1920-th line out of 2500 rows of DP table...
2022-01-04 10:46:52,708 - root - DEBUG - Processing 1930-th line out of 2500 rows of DP table...
2022-01-04 10:46:52,958 - root - DEBUG - Processing 1940-th line out of 2500 rows of DP table...
2022-01-04 10:46:53,175 - root - DEBUG - Processing 1950-th line out of 2500 rows of DP table...
2022-01-04 10:46:53,375 - root - DEBUG - Processing 1960-th line out of 2500 rows of DP table...
2022-01-04 10:46:53,571 - root - DEBUG - Processing 1970-th line out of 2500 rows of DP table...
2022-01-04 10:46:53,764 - root - DEBUG - Processing 1980-th line out of 2500 rows of DP table...
2022-01-04 10:46:53,995 - root - DEBUG - Processing 1990-th line out of 2500 rows of DP table...
2022-01-04 10:46:54,183 - root - DEBUG - Processing 2000-th line out of 2500 rows of DP table...
2022-01-04 10:46:54,366 - root - DEBUG - Processing 2010-th line out of 2500 rows of DP table...
2022-01-04 10:46:54,558 - root - DEBUG - Processing 2020-th line out of 2500 rows of DP table...
2022-01-04 10:46:54,736 - root - DEBUG - Processing 2030-th line out of 2500 rows of DP table...
2022-01-04 10:46:54,946 - root - DEBUG - Processing 2040-th line out of 2500 rows of DP table...
2022-01-04 10:46:55,117 - root - DEBUG - Processing 2050-th line out of 2500 rows of DP table...
2022-01-04 10:46:55,293 - root - DEBUG - Processing 2060-th line out of 2500 rows of DP table...
2022-01-04 10:46:55,456 - root - DEBUG - Processing 2070-th line out of 2500 rows of DP table...
2022-01-04 10:46:55,616 - root - DEBUG - Processing 2080-th line out of 2500 rows of DP table...
2022-01-04 10:46:55,784 - root - DEBUG - Processing 2090-th line out of 2500 rows of DP table...
2022-01-04 10:46:55,935 - root - DEBUG - Processing 2100-th line out of 2500 rows of DP table...
2022-01-04 10:46:56,125 - root - DEBUG - Processing 2110-th line out of 2500 rows of DP table...
2022-01-04 10:46:56,270 - root - DEBUG - Processing 2120-th line out of 2500 rows of DP table...
2022-01-04 10:46:56,413 - root - DEBUG - Processing 2130-th line out of 2500 rows of DP table...
2022-01-04 10:46:56,552 - root - DEBUG - Processing 2140-th line out of 2500 rows of DP table...
2022-01-04 10:46:56,687 - root - DEBUG - Processing 2150-th line out of 2500 rows of DP table...
2022-01-04 10:46:56,819 - root - DEBUG - Processing 2160-th line out of 2500 rows of DP table...
2022-01-04 10:46:56,959 - root - DEBUG - Processing 2170-th line out of 2500 rows of DP table...
2022-01-04 10:46:57,124 - root - DEBUG - Processing 2180-th line out of 2500 rows of DP table...
2022-01-04 10:46:57,245 - root - DEBUG - Processing 2190-th line out of 2500 rows of DP table...
2022-01-04 10:46:57,365 - root - DEBUG - Processing 2200-th line out of 2500 rows of DP table...
2022-01-04 10:46:57,481 - root - DEBUG - Processing 2210-th line out of 2500 rows of DP table...
2022-01-04 10:46:57,592 - root - DEBUG - Processing 2220-th line out of 2500 rows of DP table...
2022-01-04 10:46:57,699 - root - DEBUG - Processing 2230-th line out of 2500 rows of DP table...
2022-01-04 10:46:57,804 - root - DEBUG - Processing 2240-th line out of 2500 rows of DP table...
2022-01-04 10:46:57,904 - root - DEBUG - Processing 2250-th line out of 2500 rows of DP table...
2022-01-04 10:46:58,001 - root - DEBUG - Processing 2260-th line out of 2500 rows of DP table...
2022-01-04 10:46:58,094 - root - DEBUG - Processing 2270-th line out of 2500 rows of DP table...
2022-01-04 10:46:58,237 - root - DEBUG - Processing 2280-th line out of 2500 rows of DP table...
2022-01-04 10:46:58,325 - root - DEBUG - Processing 2290-th line out of 2500 rows of DP table...
2022-01-04 10:46:58,408 - root - DEBUG - Processing 2300-th line out of 2500 rows of DP table...
2022-01-04 10:46:58,487 - root - DEBUG - Processing 2310-th line out of 2500 rows of DP table...
2022-01-04 10:46:58,564 - root - DEBUG - Processing 2320-th line out of 2500 rows of DP table...
2022-01-04 10:46:58,637 - root - DEBUG - Processing 2330-th line out of 2500 rows of DP table...
2022-01-04 10:46:58,707 - root - DEBUG - Processing 2340-th line out of 2500 rows of DP table...
2022-01-04 10:46:58,773 - root - DEBUG - Processing 2350-th line out of 2500 rows of DP table...
2022-01-04 10:46:58,836 - root - DEBUG - Processing 2360-th line out of 2500 rows of DP table...
2022-01-04 10:46:58,895 - root - DEBUG - Processing 2370-th line out of 2500 rows of DP table...
2022-01-04 10:46:58,952 - root - DEBUG - Processing 2380-th line out of 2500 rows of DP table...
2022-01-04 10:46:59,005 - root - DEBUG - Processing 2390-th line out of 2500 rows of DP table...
2022-01-04 10:46:59,054 - root - DEBUG - Processing 2400-th line out of 2500 rows of DP table...
2022-01-04 10:46:59,100 - root - DEBUG - Processing 2410-th line out of 2500 rows of DP table...
2022-01-04 10:46:59,142 - root - DEBUG - Processing 2420-th line out of 2500 rows of DP table...
2022-01-04 10:46:59,194 - root - DEBUG - Processing 2430-th line out of 2500 rows of DP table...
2022-01-04 10:46:59,254 - root - DEBUG - Processing 2440-th line out of 2500 rows of DP table...
2022-01-04 10:46:59,286 - root - DEBUG - Processing 2450-th line out of 2500 rows of DP table...
2022-01-04 10:46:59,315 - root - DEBUG - Processing 2460-th line out of 2500 rows of DP table...
2022-01-04 10:46:59,340 - root - DEBUG - Processing 2470-th line out of 2500 rows of DP table...
2022-01-04 10:46:59,361 - root - DEBUG - Processing 2480-th line out of 2500 rows of DP table...
2022-01-04 10:46:59,380 - root - DEBUG - Processing 2490-th line out of 2500 rows of DP table...
2022-01-04 10:46:59,394 - root - DEBUG - Processing 2500-th line out of 2500 rows of DP table...
2022-01-04 10:46:59,413 - root - DEBUG - Started computing joint logprobs...
