2022-01-04 21:24:19,661 - root - INFO - Loading reference interval set from '211227-2-sim/g22_0.ref.tsv'...
2022-01-04 21:24:19,666 - root - INFO - Loading query interval set from '211227-2-sim/g22_0.query.tsv'...
2022-01-04 21:24:19,669 - root - INFO - Loading chromosome sizes from '211227-2-sim/g22_sizes.tsv'...
2022-01-04 21:24:19,673 - root - INFO - Number of reference intervals: 2500 (2500 before merging)
2022-01-04 21:24:19,674 - root - INFO - Number of query intervals: 50 (50 before merging)
2022-01-04 21:24:19,676 - root - INFO - Number of chromosomes: 1
2022-01-04 21:24:19,682 - root - INFO - Overlap count: 23
2022-01-04 21:24:19,683 - root - DEBUG - Started computing sf for chromosome 'chr1'...
2022-01-04 21:24:19,685 - root - DEBUG - m=2500, n=50
2022-01-04 21:24:20,590 - root - DEBUG - Processing 10-th line out of 2500 rows of DP table...
2022-01-04 21:24:21,430 - root - DEBUG - Processing 20-th line out of 2500 rows of DP table...
2022-01-04 21:24:22,265 - root - DEBUG - Processing 30-th line out of 2500 rows of DP table...
2022-01-04 21:24:23,097 - root - DEBUG - Processing 40-th line out of 2500 rows of DP table...
2022-01-04 21:24:23,926 - root - DEBUG - Processing 50-th line out of 2500 rows of DP table...
2022-01-04 21:24:24,753 - root - DEBUG - Processing 60-th line out of 2500 rows of DP table...
2022-01-04 21:24:25,573 - root - DEBUG - Processing 70-th line out of 2500 rows of DP table...
2022-01-04 21:24:26,392 - root - DEBUG - Processing 80-th line out of 2500 rows of DP table...
2022-01-04 21:24:27,208 - root - DEBUG - Processing 90-th line out of 2500 rows of DP table...
2022-01-04 21:24:28,015 - root - DEBUG - Processing 100-th line out of 2500 rows of DP table...
2022-01-04 21:24:28,825 - root - DEBUG - Processing 110-th line out of 2500 rows of DP table...
2022-01-04 21:24:29,634 - root - DEBUG - Processing 120-th line out of 2500 rows of DP table...
2022-01-04 21:24:30,439 - root - DEBUG - Processing 130-th line out of 2500 rows of DP table...
2022-01-04 21:24:31,234 - root - DEBUG - Processing 140-th line out of 2500 rows of DP table...
2022-01-04 21:24:32,030 - root - DEBUG - Processing 150-th line out of 2500 rows of DP table...
2022-01-04 21:24:32,822 - root - DEBUG - Processing 160-th line out of 2500 rows of DP table...
2022-01-04 21:24:33,611 - root - DEBUG - Processing 170-th line out of 2500 rows of DP table...
2022-01-04 21:24:34,399 - root - DEBUG - Processing 180-th line out of 2500 rows of DP table...
2022-01-04 21:24:35,185 - root - DEBUG - Processing 190-th line out of 2500 rows of DP table...
2022-01-04 21:24:35,966 - root - DEBUG - Processing 200-th line out of 2500 rows of DP table...
2022-01-04 21:24:36,737 - root - DEBUG - Processing 210-th line out of 2500 rows of DP table...
2022-01-04 21:24:37,509 - root - DEBUG - Processing 220-th line out of 2500 rows of DP table...
2022-01-04 21:24:38,281 - root - DEBUG - Processing 230-th line out of 2500 rows of DP table...
2022-01-04 21:24:39,044 - root - DEBUG - Processing 240-th line out of 2500 rows of DP table...
2022-01-04 21:24:39,807 - root - DEBUG - Processing 250-th line out of 2500 rows of DP table...
2022-01-04 21:24:40,566 - root - DEBUG - Processing 260-th line out of 2500 rows of DP table...
2022-01-04 21:24:41,316 - root - DEBUG - Processing 270-th line out of 2500 rows of DP table...
2022-01-04 21:24:42,071 - root - DEBUG - Processing 280-th line out of 2500 rows of DP table...
2022-01-04 21:24:42,823 - root - DEBUG - Processing 290-th line out of 2500 rows of DP table...
2022-01-04 21:24:43,566 - root - DEBUG - Processing 300-th line out of 2500 rows of DP table...
2022-01-04 21:24:44,312 - root - DEBUG - Processing 310-th line out of 2500 rows of DP table...
2022-01-04 21:24:45,051 - root - DEBUG - Processing 320-th line out of 2500 rows of DP table...
2022-01-04 21:24:45,783 - root - DEBUG - Processing 330-th line out of 2500 rows of DP table...
2022-01-04 21:24:46,522 - root - DEBUG - Processing 340-th line out of 2500 rows of DP table...
2022-01-04 21:24:47,253 - root - DEBUG - Processing 350-th line out of 2500 rows of DP table...
2022-01-04 21:24:47,976 - root - DEBUG - Processing 360-th line out of 2500 rows of DP table...
2022-01-04 21:24:48,700 - root - DEBUG - Processing 370-th line out of 2500 rows of DP table...
2022-01-04 21:24:49,420 - root - DEBUG - Processing 380-th line out of 2500 rows of DP table...
2022-01-04 21:24:50,141 - root - DEBUG - Processing 390-th line out of 2500 rows of DP table...
2022-01-04 21:24:50,856 - root - DEBUG - Processing 400-th line out of 2500 rows of DP table...
2022-01-04 21:24:51,559 - root - DEBUG - Processing 410-th line out of 2500 rows of DP table...
2022-01-04 21:24:52,267 - root - DEBUG - Processing 420-th line out of 2500 rows of DP table...
2022-01-04 21:24:52,968 - root - DEBUG - Processing 430-th line out of 2500 rows of DP table...
2022-01-04 21:24:53,664 - root - DEBUG - Processing 440-th line out of 2500 rows of DP table...
2022-01-04 21:24:54,361 - root - DEBUG - Processing 450-th line out of 2500 rows of DP table...
2022-01-04 21:24:55,056 - root - DEBUG - Processing 460-th line out of 2500 rows of DP table...
2022-01-04 21:24:55,741 - root - DEBUG - Processing 470-th line out of 2500 rows of DP table...
2022-01-04 21:24:56,428 - root - DEBUG - Processing 480-th line out of 2500 rows of DP table...
2022-01-04 21:24:57,116 - root - DEBUG - Processing 490-th line out of 2500 rows of DP table...
2022-01-04 21:24:57,794 - root - DEBUG - Processing 500-th line out of 2500 rows of DP table...
2022-01-04 21:24:58,473 - root - DEBUG - Processing 510-th line out of 2500 rows of DP table...
2022-01-04 21:24:59,144 - root - DEBUG - Processing 520-th line out of 2500 rows of DP table...
2022-01-04 21:24:59,819 - root - DEBUG - Processing 530-th line out of 2500 rows of DP table...
2022-01-04 21:25:00,486 - root - DEBUG - Processing 540-th line out of 2500 rows of DP table...
2022-01-04 21:25:01,150 - root - DEBUG - Processing 550-th line out of 2500 rows of DP table...
2022-01-04 21:25:01,812 - root - DEBUG - Processing 560-th line out of 2500 rows of DP table...
2022-01-04 21:25:02,467 - root - DEBUG - Processing 570-th line out of 2500 rows of DP table...
2022-01-04 21:25:03,121 - root - DEBUG - Processing 580-th line out of 2500 rows of DP table...
2022-01-04 21:25:03,772 - root - DEBUG - Processing 590-th line out of 2500 rows of DP table...
2022-01-04 21:25:04,418 - root - DEBUG - Processing 600-th line out of 2500 rows of DP table...
2022-01-04 21:25:05,061 - root - DEBUG - Processing 610-th line out of 2500 rows of DP table...
2022-01-04 21:25:05,701 - root - DEBUG - Processing 620-th line out of 2500 rows of DP table...
2022-01-04 21:25:06,340 - root - DEBUG - Processing 630-th line out of 2500 rows of DP table...
2022-01-04 21:25:06,973 - root - DEBUG - Processing 640-th line out of 2500 rows of DP table...
2022-01-04 21:25:07,605 - root - DEBUG - Processing 650-th line out of 2500 rows of DP table...
2022-01-04 21:25:08,229 - root - DEBUG - Processing 660-th line out of 2500 rows of DP table...
2022-01-04 21:25:08,858 - root - DEBUG - Processing 670-th line out of 2500 rows of DP table...
2022-01-04 21:25:09,474 - root - DEBUG - Processing 680-th line out of 2500 rows of DP table...
2022-01-04 21:25:10,093 - root - DEBUG - Processing 690-th line out of 2500 rows of DP table...
2022-01-04 21:25:10,706 - root - DEBUG - Processing 700-th line out of 2500 rows of DP table...
2022-01-04 21:25:11,317 - root - DEBUG - Processing 710-th line out of 2500 rows of DP table...
2022-01-04 21:25:11,924 - root - DEBUG - Processing 720-th line out of 2500 rows of DP table...
2022-01-04 21:25:12,525 - root - DEBUG - Processing 730-th line out of 2500 rows of DP table...
2022-01-04 21:25:13,127 - root - DEBUG - Processing 740-th line out of 2500 rows of DP table...
2022-01-04 21:25:13,724 - root - DEBUG - Processing 750-th line out of 2500 rows of DP table...
2022-01-04 21:25:14,335 - root - DEBUG - Processing 760-th line out of 2500 rows of DP table...
2022-01-04 21:25:14,922 - root - DEBUG - Processing 770-th line out of 2500 rows of DP table...
2022-01-04 21:25:15,513 - root - DEBUG - Processing 780-th line out of 2500 rows of DP table...
2022-01-04 21:25:16,094 - root - DEBUG - Processing 790-th line out of 2500 rows of DP table...
2022-01-04 21:25:16,780 - root - DEBUG - Processing 800-th line out of 2500 rows of DP table...
2022-01-04 21:25:17,356 - root - DEBUG - Processing 810-th line out of 2500 rows of DP table...
2022-01-04 21:25:17,934 - root - DEBUG - Processing 820-th line out of 2500 rows of DP table...
2022-01-04 21:25:18,507 - root - DEBUG - Processing 830-th line out of 2500 rows of DP table...
2022-01-04 21:25:19,073 - root - DEBUG - Processing 840-th line out of 2500 rows of DP table...
2022-01-04 21:25:19,634 - root - DEBUG - Processing 850-th line out of 2500 rows of DP table...
2022-01-04 21:25:20,197 - root - DEBUG - Processing 860-th line out of 2500 rows of DP table...
2022-01-04 21:25:20,749 - root - DEBUG - Processing 870-th line out of 2500 rows of DP table...
2022-01-04 21:25:21,304 - root - DEBUG - Processing 880-th line out of 2500 rows of DP table...
2022-01-04 21:25:21,857 - root - DEBUG - Processing 890-th line out of 2500 rows of DP table...
2022-01-04 21:25:22,405 - root - DEBUG - Processing 900-th line out of 2500 rows of DP table...
2022-01-04 21:25:22,945 - root - DEBUG - Processing 910-th line out of 2500 rows of DP table...
2022-01-04 21:25:23,490 - root - DEBUG - Processing 920-th line out of 2500 rows of DP table...
2022-01-04 21:25:24,026 - root - DEBUG - Processing 930-th line out of 2500 rows of DP table...
2022-01-04 21:25:24,563 - root - DEBUG - Processing 940-th line out of 2500 rows of DP table...
2022-01-04 21:25:25,091 - root - DEBUG - Processing 950-th line out of 2500 rows of DP table...
2022-01-04 21:25:25,619 - root - DEBUG - Processing 960-th line out of 2500 rows of DP table...
2022-01-04 21:25:26,148 - root - DEBUG - Processing 970-th line out of 2500 rows of DP table...
2022-01-04 21:25:26,669 - root - DEBUG - Processing 980-th line out of 2500 rows of DP table...
2022-01-04 21:25:27,185 - root - DEBUG - Processing 990-th line out of 2500 rows of DP table...
2022-01-04 21:25:27,699 - root - DEBUG - Processing 1000-th line out of 2500 rows of DP table...
2022-01-04 21:25:28,209 - root - DEBUG - Processing 1010-th line out of 2500 rows of DP table...
2022-01-04 21:25:28,722 - root - DEBUG - Processing 1020-th line out of 2500 rows of DP table...
2022-01-04 21:25:29,228 - root - DEBUG - Processing 1030-th line out of 2500 rows of DP table...
2022-01-04 21:25:29,727 - root - DEBUG - Processing 1040-th line out of 2500 rows of DP table...
2022-01-04 21:25:30,238 - root - DEBUG - Processing 1050-th line out of 2500 rows of DP table...
2022-01-04 21:25:30,730 - root - DEBUG - Processing 1060-th line out of 2500 rows of DP table...
2022-01-04 21:25:31,222 - root - DEBUG - Processing 1070-th line out of 2500 rows of DP table...
2022-01-04 21:25:31,707 - root - DEBUG - Processing 1080-th line out of 2500 rows of DP table...
2022-01-04 21:25:32,195 - root - DEBUG - Processing 1090-th line out of 2500 rows of DP table...
2022-01-04 21:25:32,673 - root - DEBUG - Processing 1100-th line out of 2500 rows of DP table...
2022-01-04 21:25:33,147 - root - DEBUG - Processing 1110-th line out of 2500 rows of DP table...
2022-01-04 21:25:33,625 - root - DEBUG - Processing 1120-th line out of 2500 rows of DP table...
2022-01-04 21:25:34,094 - root - DEBUG - Processing 1130-th line out of 2500 rows of DP table...
2022-01-04 21:25:34,564 - root - DEBUG - Processing 1140-th line out of 2500 rows of DP table...
2022-01-04 21:25:35,027 - root - DEBUG - Processing 1150-th line out of 2500 rows of DP table...
2022-01-04 21:25:35,490 - root - DEBUG - Processing 1160-th line out of 2500 rows of DP table...
2022-01-04 21:25:35,944 - root - DEBUG - Processing 1170-th line out of 2500 rows of DP table...
2022-01-04 21:25:36,396 - root - DEBUG - Processing 1180-th line out of 2500 rows of DP table...
2022-01-04 21:25:36,928 - root - DEBUG - Processing 1190-th line out of 2500 rows of DP table...
2022-01-04 21:25:37,373 - root - DEBUG - Processing 1200-th line out of 2500 rows of DP table...
2022-01-04 21:25:37,819 - root - DEBUG - Processing 1210-th line out of 2500 rows of DP table...
2022-01-04 21:25:38,260 - root - DEBUG - Processing 1220-th line out of 2500 rows of DP table...
2022-01-04 21:25:38,698 - root - DEBUG - Processing 1230-th line out of 2500 rows of DP table...
2022-01-04 21:25:39,133 - root - DEBUG - Processing 1240-th line out of 2500 rows of DP table...
2022-01-04 21:25:39,561 - root - DEBUG - Processing 1250-th line out of 2500 rows of DP table...
2022-01-04 21:25:39,987 - root - DEBUG - Processing 1260-th line out of 2500 rows of DP table...
2022-01-04 21:25:40,413 - root - DEBUG - Processing 1270-th line out of 2500 rows of DP table...
2022-01-04 21:25:40,833 - root - DEBUG - Processing 1280-th line out of 2500 rows of DP table...
2022-01-04 21:25:41,255 - root - DEBUG - Processing 1290-th line out of 2500 rows of DP table...
2022-01-04 21:25:41,667 - root - DEBUG - Processing 1300-th line out of 2500 rows of DP table...
2022-01-04 21:25:42,076 - root - DEBUG - Processing 1310-th line out of 2500 rows of DP table...
2022-01-04 21:25:42,487 - root - DEBUG - Processing 1320-th line out of 2500 rows of DP table...
2022-01-04 21:25:42,889 - root - DEBUG - Processing 1330-th line out of 2500 rows of DP table...
2022-01-04 21:25:43,289 - root - DEBUG - Processing 1340-th line out of 2500 rows of DP table...
2022-01-04 21:25:43,693 - root - DEBUG - Processing 1350-th line out of 2500 rows of DP table...
2022-01-04 21:25:44,086 - root - DEBUG - Processing 1360-th line out of 2500 rows of DP table...
2022-01-04 21:25:44,480 - root - DEBUG - Processing 1370-th line out of 2500 rows of DP table...
2022-01-04 21:25:44,866 - root - DEBUG - Processing 1380-th line out of 2500 rows of DP table...
2022-01-04 21:25:45,250 - root - DEBUG - Processing 1390-th line out of 2500 rows of DP table...
2022-01-04 21:25:45,634 - root - DEBUG - Processing 1400-th line out of 2500 rows of DP table...
2022-01-04 21:25:46,009 - root - DEBUG - Processing 1410-th line out of 2500 rows of DP table...
2022-01-04 21:25:46,383 - root - DEBUG - Processing 1420-th line out of 2500 rows of DP table...
2022-01-04 21:25:46,756 - root - DEBUG - Processing 1430-th line out of 2500 rows of DP table...
2022-01-04 21:25:47,125 - root - DEBUG - Processing 1440-th line out of 2500 rows of DP table...
2022-01-04 21:25:47,486 - root - DEBUG - Processing 1450-th line out of 2500 rows of DP table...
2022-01-04 21:25:47,850 - root - DEBUG - Processing 1460-th line out of 2500 rows of DP table...
2022-01-04 21:25:48,205 - root - DEBUG - Processing 1470-th line out of 2500 rows of DP table...
2022-01-04 21:25:48,560 - root - DEBUG - Processing 1480-th line out of 2500 rows of DP table...
2022-01-04 21:25:48,915 - root - DEBUG - Processing 1490-th line out of 2500 rows of DP table...
2022-01-04 21:25:49,262 - root - DEBUG - Processing 1500-th line out of 2500 rows of DP table...
2022-01-04 21:25:49,606 - root - DEBUG - Processing 1510-th line out of 2500 rows of DP table...
2022-01-04 21:25:49,946 - root - DEBUG - Processing 1520-th line out of 2500 rows of DP table...
2022-01-04 21:25:50,288 - root - DEBUG - Processing 1530-th line out of 2500 rows of DP table...
2022-01-04 21:25:50,621 - root - DEBUG - Processing 1540-th line out of 2500 rows of DP table...
2022-01-04 21:25:50,950 - root - DEBUG - Processing 1550-th line out of 2500 rows of DP table...
2022-01-04 21:25:51,282 - root - DEBUG - Processing 1560-th line out of 2500 rows of DP table...
2022-01-04 21:25:51,606 - root - DEBUG - Processing 1570-th line out of 2500 rows of DP table...
2022-01-04 21:25:51,924 - root - DEBUG - Processing 1580-th line out of 2500 rows of DP table...
2022-01-04 21:25:52,246 - root - DEBUG - Processing 1590-th line out of 2500 rows of DP table...
2022-01-04 21:25:52,557 - root - DEBUG - Processing 1600-th line out of 2500 rows of DP table...
2022-01-04 21:25:52,867 - root - DEBUG - Processing 1610-th line out of 2500 rows of DP table...
2022-01-04 21:25:53,175 - root - DEBUG - Processing 1620-th line out of 2500 rows of DP table...
2022-01-04 21:25:53,486 - root - DEBUG - Processing 1630-th line out of 2500 rows of DP table...
2022-01-04 21:25:53,786 - root - DEBUG - Processing 1640-th line out of 2500 rows of DP table...
2022-01-04 21:25:54,083 - root - DEBUG - Processing 1650-th line out of 2500 rows of DP table...
2022-01-04 21:25:54,378 - root - DEBUG - Processing 1660-th line out of 2500 rows of DP table...
2022-01-04 21:25:54,674 - root - DEBUG - Processing 1670-th line out of 2500 rows of DP table...
2022-01-04 21:25:54,961 - root - DEBUG - Processing 1680-th line out of 2500 rows of DP table...
2022-01-04 21:25:55,245 - root - DEBUG - Processing 1690-th line out of 2500 rows of DP table...
2022-01-04 21:25:55,528 - root - DEBUG - Processing 1700-th line out of 2500 rows of DP table...
2022-01-04 21:25:55,810 - root - DEBUG - Processing 1710-th line out of 2500 rows of DP table...
2022-01-04 21:25:56,083 - root - DEBUG - Processing 1720-th line out of 2500 rows of DP table...
2022-01-04 21:25:56,355 - root - DEBUG - Processing 1730-th line out of 2500 rows of DP table...
2022-01-04 21:25:56,621 - root - DEBUG - Processing 1740-th line out of 2500 rows of DP table...
2022-01-04 21:25:56,888 - root - DEBUG - Processing 1750-th line out of 2500 rows of DP table...
2022-01-04 21:25:57,148 - root - DEBUG - Processing 1760-th line out of 2500 rows of DP table...
2022-01-04 21:25:57,404 - root - DEBUG - Processing 1770-th line out of 2500 rows of DP table...
2022-01-04 21:25:57,658 - root - DEBUG - Processing 1780-th line out of 2500 rows of DP table...
2022-01-04 21:25:57,908 - root - DEBUG - Processing 1790-th line out of 2500 rows of DP table...
2022-01-04 21:25:58,160 - root - DEBUG - Processing 1800-th line out of 2500 rows of DP table...
2022-01-04 21:25:58,406 - root - DEBUG - Processing 1810-th line out of 2500 rows of DP table...
2022-01-04 21:25:58,646 - root - DEBUG - Processing 1820-th line out of 2500 rows of DP table...
2022-01-04 21:25:58,884 - root - DEBUG - Processing 1830-th line out of 2500 rows of DP table...
2022-01-04 21:25:59,123 - root - DEBUG - Processing 1840-th line out of 2500 rows of DP table...
2022-01-04 21:25:59,352 - root - DEBUG - Processing 1850-th line out of 2500 rows of DP table...
2022-01-04 21:25:59,579 - root - DEBUG - Processing 1860-th line out of 2500 rows of DP table...
2022-01-04 21:25:59,803 - root - DEBUG - Processing 1870-th line out of 2500 rows of DP table...
2022-01-04 21:26:00,022 - root - DEBUG - Processing 1880-th line out of 2500 rows of DP table...
2022-01-04 21:26:00,242 - root - DEBUG - Processing 1890-th line out of 2500 rows of DP table...
2022-01-04 21:26:00,454 - root - DEBUG - Processing 1900-th line out of 2500 rows of DP table...
2022-01-04 21:26:00,663 - root - DEBUG - Processing 1910-th line out of 2500 rows of DP table...
2022-01-04 21:26:00,870 - root - DEBUG - Processing 1920-th line out of 2500 rows of DP table...
2022-01-04 21:26:01,072 - root - DEBUG - Processing 1930-th line out of 2500 rows of DP table...
2022-01-04 21:26:01,276 - root - DEBUG - Processing 1940-th line out of 2500 rows of DP table...
2022-01-04 21:26:01,472 - root - DEBUG - Processing 1950-th line out of 2500 rows of DP table...
2022-01-04 21:26:01,666 - root - DEBUG - Processing 1960-th line out of 2500 rows of DP table...
2022-01-04 21:26:01,856 - root - DEBUG - Processing 1970-th line out of 2500 rows of DP table...
2022-01-04 21:26:02,044 - root - DEBUG - Processing 1980-th line out of 2500 rows of DP table...
2022-01-04 21:26:02,230 - root - DEBUG - Processing 1990-th line out of 2500 rows of DP table...
2022-01-04 21:26:02,416 - root - DEBUG - Processing 2000-th line out of 2500 rows of DP table...
2022-01-04 21:26:02,592 - root - DEBUG - Processing 2010-th line out of 2500 rows of DP table...
2022-01-04 21:26:02,766 - root - DEBUG - Processing 2020-th line out of 2500 rows of DP table...
2022-01-04 21:26:02,937 - root - DEBUG - Processing 2030-th line out of 2500 rows of DP table...
2022-01-04 21:26:03,104 - root - DEBUG - Processing 2040-th line out of 2500 rows of DP table...
2022-01-04 21:26:03,268 - root - DEBUG - Processing 2050-th line out of 2500 rows of DP table...
2022-01-04 21:26:03,432 - root - DEBUG - Processing 2060-th line out of 2500 rows of DP table...
2022-01-04 21:26:03,594 - root - DEBUG - Processing 2070-th line out of 2500 rows of DP table...
2022-01-04 21:26:03,749 - root - DEBUG - Processing 2080-th line out of 2500 rows of DP table...
2022-01-04 21:26:03,900 - root - DEBUG - Processing 2090-th line out of 2500 rows of DP table...
2022-01-04 21:26:04,047 - root - DEBUG - Processing 2100-th line out of 2500 rows of DP table...
2022-01-04 21:26:04,191 - root - DEBUG - Processing 2110-th line out of 2500 rows of DP table...
2022-01-04 21:26:04,331 - root - DEBUG - Processing 2120-th line out of 2500 rows of DP table...
2022-01-04 21:26:04,469 - root - DEBUG - Processing 2130-th line out of 2500 rows of DP table...
2022-01-04 21:26:04,603 - root - DEBUG - Processing 2140-th line out of 2500 rows of DP table...
2022-01-04 21:26:04,737 - root - DEBUG - Processing 2150-th line out of 2500 rows of DP table...
2022-01-04 21:26:04,865 - root - DEBUG - Processing 2160-th line out of 2500 rows of DP table...
2022-01-04 21:26:04,989 - root - DEBUG - Processing 2170-th line out of 2500 rows of DP table...
2022-01-04 21:26:05,135 - root - DEBUG - Processing 2180-th line out of 2500 rows of DP table...
2022-01-04 21:26:05,253 - root - DEBUG - Processing 2190-th line out of 2500 rows of DP table...
2022-01-04 21:26:05,367 - root - DEBUG - Processing 2200-th line out of 2500 rows of DP table...
2022-01-04 21:26:05,479 - root - DEBUG - Processing 2210-th line out of 2500 rows of DP table...
2022-01-04 21:26:05,587 - root - DEBUG - Processing 2220-th line out of 2500 rows of DP table...
2022-01-04 21:26:05,695 - root - DEBUG - Processing 2230-th line out of 2500 rows of DP table...
2022-01-04 21:26:05,796 - root - DEBUG - Processing 2240-th line out of 2500 rows of DP table...
2022-01-04 21:26:05,901 - root - DEBUG - Processing 2250-th line out of 2500 rows of DP table...
2022-01-04 21:26:05,997 - root - DEBUG - Processing 2260-th line out of 2500 rows of DP table...
2022-01-04 21:26:06,088 - root - DEBUG - Processing 2270-th line out of 2500 rows of DP table...
2022-01-04 21:26:06,178 - root - DEBUG - Processing 2280-th line out of 2500 rows of DP table...
2022-01-04 21:26:06,263 - root - DEBUG - Processing 2290-th line out of 2500 rows of DP table...
2022-01-04 21:26:06,345 - root - DEBUG - Processing 2300-th line out of 2500 rows of DP table...
2022-01-04 21:26:06,424 - root - DEBUG - Processing 2310-th line out of 2500 rows of DP table...
2022-01-04 21:26:06,499 - root - DEBUG - Processing 2320-th line out of 2500 rows of DP table...
2022-01-04 21:26:06,572 - root - DEBUG - Processing 2330-th line out of 2500 rows of DP table...
2022-01-04 21:26:06,641 - root - DEBUG - Processing 2340-th line out of 2500 rows of DP table...
2022-01-04 21:26:06,711 - root - DEBUG - Processing 2350-th line out of 2500 rows of DP table...
2022-01-04 21:26:06,773 - root - DEBUG - Processing 2360-th line out of 2500 rows of DP table...
2022-01-04 21:26:06,843 - root - DEBUG - Processing 2370-th line out of 2500 rows of DP table...
2022-01-04 21:26:06,898 - root - DEBUG - Processing 2380-th line out of 2500 rows of DP table...
2022-01-04 21:26:06,951 - root - DEBUG - Processing 2390-th line out of 2500 rows of DP table...
2022-01-04 21:26:07,000 - root - DEBUG - Processing 2400-th line out of 2500 rows of DP table...
2022-01-04 21:26:07,046 - root - DEBUG - Processing 2410-th line out of 2500 rows of DP table...
2022-01-04 21:26:07,088 - root - DEBUG - Processing 2420-th line out of 2500 rows of DP table...
2022-01-04 21:26:07,127 - root - DEBUG - Processing 2430-th line out of 2500 rows of DP table...
2022-01-04 21:26:07,162 - root - DEBUG - Processing 2440-th line out of 2500 rows of DP table...
2022-01-04 21:26:07,193 - root - DEBUG - Processing 2450-th line out of 2500 rows of DP table...
2022-01-04 21:26:07,221 - root - DEBUG - Processing 2460-th line out of 2500 rows of DP table...
2022-01-04 21:26:07,246 - root - DEBUG - Processing 2470-th line out of 2500 rows of DP table...
2022-01-04 21:26:07,267 - root - DEBUG - Processing 2480-th line out of 2500 rows of DP table...
2022-01-04 21:26:07,285 - root - DEBUG - Processing 2490-th line out of 2500 rows of DP table...
2022-01-04 21:26:07,299 - root - DEBUG - Processing 2500-th line out of 2500 rows of DP table...
2022-01-04 21:26:07,313 - root - DEBUG - Started computing joint logprobs...
