2022-01-04 01:05:35,871 - root - INFO - Loading reference interval set from '211227-2-sim/g22_1.ref.tsv'...
2022-01-04 01:05:35,878 - root - INFO - Loading query interval set from '211227-2-sim/g22_1.query.tsv'...
2022-01-04 01:05:35,881 - root - INFO - Loading chromosome sizes from '211227-2-sim/g22_sizes.tsv'...
2022-01-04 01:05:35,884 - root - INFO - Number of reference intervals: 2500 (2500 before merging)
2022-01-04 01:05:35,885 - root - INFO - Number of query intervals: 50 (50 before merging)
2022-01-04 01:05:35,886 - root - INFO - Number of chromosomes: 1
2022-01-04 01:05:35,891 - root - INFO - Overlap count: 27
2022-01-04 01:05:35,892 - root - DEBUG - Started computing sf for chromosome 'chr1'...
2022-01-04 01:05:35,893 - root - DEBUG - m=2500, n=50
2022-01-04 01:05:36,711 - root - DEBUG - Processing 10-th line out of 2500 rows of DP table...
2022-01-04 01:05:37,576 - root - DEBUG - Processing 20-th line out of 2500 rows of DP table...
2022-01-04 01:05:38,463 - root - DEBUG - Processing 30-th line out of 2500 rows of DP table...
2022-01-04 01:05:39,327 - root - DEBUG - Processing 40-th line out of 2500 rows of DP table...
2022-01-04 01:05:40,183 - root - DEBUG - Processing 50-th line out of 2500 rows of DP table...
2022-01-04 01:05:41,091 - root - DEBUG - Processing 60-th line out of 2500 rows of DP table...
2022-01-04 01:05:41,927 - root - DEBUG - Processing 70-th line out of 2500 rows of DP table...
2022-01-04 01:05:42,791 - root - DEBUG - Processing 80-th line out of 2500 rows of DP table...
2022-01-04 01:05:43,648 - root - DEBUG - Processing 90-th line out of 2500 rows of DP table...
2022-01-04 01:05:44,477 - root - DEBUG - Processing 100-th line out of 2500 rows of DP table...
2022-01-04 01:05:45,309 - root - DEBUG - Processing 110-th line out of 2500 rows of DP table...
2022-01-04 01:05:46,150 - root - DEBUG - Processing 120-th line out of 2500 rows of DP table...
2022-01-04 01:05:46,966 - root - DEBUG - Processing 130-th line out of 2500 rows of DP table...
2022-01-04 01:05:47,787 - root - DEBUG - Processing 140-th line out of 2500 rows of DP table...
2022-01-04 01:05:48,633 - root - DEBUG - Processing 150-th line out of 2500 rows of DP table...
2022-01-04 01:05:49,503 - root - DEBUG - Processing 160-th line out of 2500 rows of DP table...
2022-01-04 01:05:50,314 - root - DEBUG - Processing 170-th line out of 2500 rows of DP table...
2022-01-04 01:05:51,151 - root - DEBUG - Processing 180-th line out of 2500 rows of DP table...
2022-01-04 01:05:51,980 - root - DEBUG - Processing 190-th line out of 2500 rows of DP table...
2022-01-04 01:05:52,782 - root - DEBUG - Processing 200-th line out of 2500 rows of DP table...
2022-01-04 01:05:53,591 - root - DEBUG - Processing 210-th line out of 2500 rows of DP table...
2022-01-04 01:05:54,398 - root - DEBUG - Processing 220-th line out of 2500 rows of DP table...
2022-01-04 01:05:55,191 - root - DEBUG - Processing 230-th line out of 2500 rows of DP table...
2022-01-04 01:05:55,980 - root - DEBUG - Processing 240-th line out of 2500 rows of DP table...
2022-01-04 01:05:56,771 - root - DEBUG - Processing 250-th line out of 2500 rows of DP table...
2022-01-04 01:05:57,556 - root - DEBUG - Processing 260-th line out of 2500 rows of DP table...
2022-01-04 01:05:58,477 - root - DEBUG - Processing 270-th line out of 2500 rows of DP table...
2022-01-04 01:05:59,412 - root - DEBUG - Processing 280-th line out of 2500 rows of DP table...
2022-01-04 01:06:00,370 - root - DEBUG - Processing 290-th line out of 2500 rows of DP table...
2022-01-04 01:06:01,344 - root - DEBUG - Processing 300-th line out of 2500 rows of DP table...
2022-01-04 01:06:02,301 - root - DEBUG - Processing 310-th line out of 2500 rows of DP table...
2022-01-04 01:06:03,068 - root - DEBUG - Processing 320-th line out of 2500 rows of DP table...
2022-01-04 01:06:03,834 - root - DEBUG - Processing 330-th line out of 2500 rows of DP table...
2022-01-04 01:06:04,597 - root - DEBUG - Processing 340-th line out of 2500 rows of DP table...
2022-01-04 01:06:05,350 - root - DEBUG - Processing 350-th line out of 2500 rows of DP table...
2022-01-04 01:06:06,148 - root - DEBUG - Processing 360-th line out of 2500 rows of DP table...
2022-01-04 01:06:06,911 - root - DEBUG - Processing 370-th line out of 2500 rows of DP table...
2022-01-04 01:06:07,671 - root - DEBUG - Processing 380-th line out of 2500 rows of DP table...
2022-01-04 01:06:08,425 - root - DEBUG - Processing 390-th line out of 2500 rows of DP table...
2022-01-04 01:06:09,272 - root - DEBUG - Processing 400-th line out of 2500 rows of DP table...
2022-01-04 01:06:10,001 - root - DEBUG - Processing 410-th line out of 2500 rows of DP table...
2022-01-04 01:06:10,716 - root - DEBUG - Processing 420-th line out of 2500 rows of DP table...
2022-01-04 01:06:11,453 - root - DEBUG - Processing 430-th line out of 2500 rows of DP table...
2022-01-04 01:06:12,172 - root - DEBUG - Processing 440-th line out of 2500 rows of DP table...
2022-01-04 01:06:12,879 - root - DEBUG - Processing 450-th line out of 2500 rows of DP table...
2022-01-04 01:06:13,594 - root - DEBUG - Processing 460-th line out of 2500 rows of DP table...
2022-01-04 01:06:14,305 - root - DEBUG - Processing 470-th line out of 2500 rows of DP table...
2022-01-04 01:06:15,016 - root - DEBUG - Processing 480-th line out of 2500 rows of DP table...
2022-01-04 01:06:15,713 - root - DEBUG - Processing 490-th line out of 2500 rows of DP table...
2022-01-04 01:06:16,441 - root - DEBUG - Processing 500-th line out of 2500 rows of DP table...
2022-01-04 01:06:17,138 - root - DEBUG - Processing 510-th line out of 2500 rows of DP table...
2022-01-04 01:06:17,822 - root - DEBUG - Processing 520-th line out of 2500 rows of DP table...
2022-01-04 01:06:18,513 - root - DEBUG - Processing 530-th line out of 2500 rows of DP table...
2022-01-04 01:06:19,285 - root - DEBUG - Processing 540-th line out of 2500 rows of DP table...
2022-01-04 01:06:19,973 - root - DEBUG - Processing 550-th line out of 2500 rows of DP table...
2022-01-04 01:06:20,644 - root - DEBUG - Processing 560-th line out of 2500 rows of DP table...
2022-01-04 01:06:21,332 - root - DEBUG - Processing 570-th line out of 2500 rows of DP table...
2022-01-04 01:06:21,995 - root - DEBUG - Processing 580-th line out of 2500 rows of DP table...
2022-01-04 01:06:22,666 - root - DEBUG - Processing 590-th line out of 2500 rows of DP table...
2022-01-04 01:06:23,321 - root - DEBUG - Processing 600-th line out of 2500 rows of DP table...
2022-01-04 01:06:24,000 - root - DEBUG - Processing 610-th line out of 2500 rows of DP table...
2022-01-04 01:06:24,663 - root - DEBUG - Processing 620-th line out of 2500 rows of DP table...
2022-01-04 01:06:25,366 - root - DEBUG - Processing 630-th line out of 2500 rows of DP table...
2022-01-04 01:06:26,057 - root - DEBUG - Processing 640-th line out of 2500 rows of DP table...
2022-01-04 01:06:26,736 - root - DEBUG - Processing 650-th line out of 2500 rows of DP table...
2022-01-04 01:06:27,557 - root - DEBUG - Processing 660-th line out of 2500 rows of DP table...
2022-01-04 01:06:28,324 - root - DEBUG - Processing 670-th line out of 2500 rows of DP table...
2022-01-04 01:06:29,084 - root - DEBUG - Processing 680-th line out of 2500 rows of DP table...
2022-01-04 01:06:29,852 - root - DEBUG - Processing 690-th line out of 2500 rows of DP table...
2022-01-04 01:06:30,602 - root - DEBUG - Processing 700-th line out of 2500 rows of DP table...
2022-01-04 01:06:31,347 - root - DEBUG - Processing 710-th line out of 2500 rows of DP table...
2022-01-04 01:06:32,567 - root - DEBUG - Processing 720-th line out of 2500 rows of DP table...
2022-01-04 01:06:33,643 - root - DEBUG - Processing 730-th line out of 2500 rows of DP table...
2022-01-04 01:06:34,739 - root - DEBUG - Processing 740-th line out of 2500 rows of DP table...
2022-01-04 01:06:36,061 - root - DEBUG - Processing 750-th line out of 2500 rows of DP table...
2022-01-04 01:06:36,858 - root - DEBUG - Processing 760-th line out of 2500 rows of DP table...
2022-01-04 01:06:37,585 - root - DEBUG - Processing 770-th line out of 2500 rows of DP table...
2022-01-04 01:06:38,304 - root - DEBUG - Processing 780-th line out of 2500 rows of DP table...
2022-01-04 01:06:39,025 - root - DEBUG - Processing 790-th line out of 2500 rows of DP table...
2022-01-04 01:06:39,751 - root - DEBUG - Processing 800-th line out of 2500 rows of DP table...
2022-01-04 01:06:40,500 - root - DEBUG - Processing 810-th line out of 2500 rows of DP table...
2022-01-04 01:06:41,198 - root - DEBUG - Processing 820-th line out of 2500 rows of DP table...
2022-01-04 01:06:41,916 - root - DEBUG - Processing 830-th line out of 2500 rows of DP table...
2022-01-04 01:06:42,624 - root - DEBUG - Processing 840-th line out of 2500 rows of DP table...
2022-01-04 01:06:43,349 - root - DEBUG - Processing 850-th line out of 2500 rows of DP table...
2022-01-04 01:06:44,068 - root - DEBUG - Processing 860-th line out of 2500 rows of DP table...
2022-01-04 01:06:44,862 - root - DEBUG - Processing 870-th line out of 2500 rows of DP table...
2022-01-04 01:06:45,544 - root - DEBUG - Processing 880-th line out of 2500 rows of DP table...
2022-01-04 01:06:46,217 - root - DEBUG - Processing 890-th line out of 2500 rows of DP table...
2022-01-04 01:06:46,891 - root - DEBUG - Processing 900-th line out of 2500 rows of DP table...
2022-01-04 01:06:47,584 - root - DEBUG - Processing 910-th line out of 2500 rows of DP table...
2022-01-04 01:06:48,275 - root - DEBUG - Processing 920-th line out of 2500 rows of DP table...
2022-01-04 01:06:48,937 - root - DEBUG - Processing 930-th line out of 2500 rows of DP table...
2022-01-04 01:06:49,593 - root - DEBUG - Processing 940-th line out of 2500 rows of DP table...
2022-01-04 01:06:50,259 - root - DEBUG - Processing 950-th line out of 2500 rows of DP table...
2022-01-04 01:06:50,908 - root - DEBUG - Processing 960-th line out of 2500 rows of DP table...
2022-01-04 01:06:51,548 - root - DEBUG - Processing 970-th line out of 2500 rows of DP table...
2022-01-04 01:06:52,185 - root - DEBUG - Processing 980-th line out of 2500 rows of DP table...
2022-01-04 01:06:52,883 - root - DEBUG - Processing 990-th line out of 2500 rows of DP table...
2022-01-04 01:06:53,518 - root - DEBUG - Processing 1000-th line out of 2500 rows of DP table...
2022-01-04 01:06:54,147 - root - DEBUG - Processing 1010-th line out of 2500 rows of DP table...
2022-01-04 01:06:54,793 - root - DEBUG - Processing 1020-th line out of 2500 rows of DP table...
2022-01-04 01:06:55,417 - root - DEBUG - Processing 1030-th line out of 2500 rows of DP table...
2022-01-04 01:06:56,032 - root - DEBUG - Processing 1040-th line out of 2500 rows of DP table...
2022-01-04 01:06:56,639 - root - DEBUG - Processing 1050-th line out of 2500 rows of DP table...
2022-01-04 01:06:57,268 - root - DEBUG - Processing 1060-th line out of 2500 rows of DP table...
2022-01-04 01:06:57,869 - root - DEBUG - Processing 1070-th line out of 2500 rows of DP table...
2022-01-04 01:06:58,526 - root - DEBUG - Processing 1080-th line out of 2500 rows of DP table...
2022-01-04 01:06:59,162 - root - DEBUG - Processing 1090-th line out of 2500 rows of DP table...
2022-01-04 01:06:59,781 - root - DEBUG - Processing 1100-th line out of 2500 rows of DP table...
2022-01-04 01:07:00,724 - root - DEBUG - Processing 1110-th line out of 2500 rows of DP table...
2022-01-04 01:07:01,369 - root - DEBUG - Processing 1120-th line out of 2500 rows of DP table...
2022-01-04 01:07:01,943 - root - DEBUG - Processing 1130-th line out of 2500 rows of DP table...
2022-01-04 01:07:02,727 - root - DEBUG - Processing 1140-th line out of 2500 rows of DP table...
2022-01-04 01:07:03,302 - root - DEBUG - Processing 1150-th line out of 2500 rows of DP table...
2022-01-04 01:07:03,869 - root - DEBUG - Processing 1160-th line out of 2500 rows of DP table...
2022-01-04 01:07:04,495 - root - DEBUG - Processing 1170-th line out of 2500 rows of DP table...
2022-01-04 01:07:05,056 - root - DEBUG - Processing 1180-th line out of 2500 rows of DP table...
2022-01-04 01:07:05,635 - root - DEBUG - Processing 1190-th line out of 2500 rows of DP table...
2022-01-04 01:07:06,187 - root - DEBUG - Processing 1200-th line out of 2500 rows of DP table...
2022-01-04 01:07:06,730 - root - DEBUG - Processing 1210-th line out of 2500 rows of DP table...
2022-01-04 01:07:07,331 - root - DEBUG - Processing 1220-th line out of 2500 rows of DP table...
2022-01-04 01:07:07,875 - root - DEBUG - Processing 1230-th line out of 2500 rows of DP table...
2022-01-04 01:07:08,407 - root - DEBUG - Processing 1240-th line out of 2500 rows of DP table...
2022-01-04 01:07:08,988 - root - DEBUG - Processing 1250-th line out of 2500 rows of DP table...
2022-01-04 01:07:09,517 - root - DEBUG - Processing 1260-th line out of 2500 rows of DP table...
2022-01-04 01:07:10,043 - root - DEBUG - Processing 1270-th line out of 2500 rows of DP table...
2022-01-04 01:07:10,560 - root - DEBUG - Processing 1280-th line out of 2500 rows of DP table...
2022-01-04 01:07:11,076 - root - DEBUG - Processing 1290-th line out of 2500 rows of DP table...
2022-01-04 01:07:11,584 - root - DEBUG - Processing 1300-th line out of 2500 rows of DP table...
2022-01-04 01:07:12,082 - root - DEBUG - Processing 1310-th line out of 2500 rows of DP table...
2022-01-04 01:07:12,585 - root - DEBUG - Processing 1320-th line out of 2500 rows of DP table...
2022-01-04 01:07:13,085 - root - DEBUG - Processing 1330-th line out of 2500 rows of DP table...
2022-01-04 01:07:13,579 - root - DEBUG - Processing 1340-th line out of 2500 rows of DP table...
2022-01-04 01:07:14,075 - root - DEBUG - Processing 1350-th line out of 2500 rows of DP table...
2022-01-04 01:07:14,557 - root - DEBUG - Processing 1360-th line out of 2500 rows of DP table...
2022-01-04 01:07:15,036 - root - DEBUG - Processing 1370-th line out of 2500 rows of DP table...
2022-01-04 01:07:15,528 - root - DEBUG - Processing 1380-th line out of 2500 rows of DP table...
2022-01-04 01:07:16,005 - root - DEBUG - Processing 1390-th line out of 2500 rows of DP table...
2022-01-04 01:07:16,474 - root - DEBUG - Processing 1400-th line out of 2500 rows of DP table...
2022-01-04 01:07:16,932 - root - DEBUG - Processing 1410-th line out of 2500 rows of DP table...
2022-01-04 01:07:17,390 - root - DEBUG - Processing 1420-th line out of 2500 rows of DP table...
2022-01-04 01:07:17,879 - root - DEBUG - Processing 1430-th line out of 2500 rows of DP table...
2022-01-04 01:07:18,329 - root - DEBUG - Processing 1440-th line out of 2500 rows of DP table...
2022-01-04 01:07:18,778 - root - DEBUG - Processing 1450-th line out of 2500 rows of DP table...
2022-01-04 01:07:19,222 - root - DEBUG - Processing 1460-th line out of 2500 rows of DP table...
2022-01-04 01:07:19,660 - root - DEBUG - Processing 1470-th line out of 2500 rows of DP table...
2022-01-04 01:07:20,148 - root - DEBUG - Processing 1480-th line out of 2500 rows of DP table...
2022-01-04 01:07:20,602 - root - DEBUG - Processing 1490-th line out of 2500 rows of DP table...
2022-01-04 01:07:21,029 - root - DEBUG - Processing 1500-th line out of 2500 rows of DP table...
2022-01-04 01:07:21,472 - root - DEBUG - Processing 1510-th line out of 2500 rows of DP table...
2022-01-04 01:07:21,887 - root - DEBUG - Processing 1520-th line out of 2500 rows of DP table...
2022-01-04 01:07:22,303 - root - DEBUG - Processing 1530-th line out of 2500 rows of DP table...
2022-01-04 01:07:22,715 - root - DEBUG - Processing 1540-th line out of 2500 rows of DP table...
2022-01-04 01:07:23,168 - root - DEBUG - Processing 1550-th line out of 2500 rows of DP table...
2022-01-04 01:07:23,571 - root - DEBUG - Processing 1560-th line out of 2500 rows of DP table...
2022-01-04 01:07:23,990 - root - DEBUG - Processing 1570-th line out of 2500 rows of DP table...
2022-01-04 01:07:24,401 - root - DEBUG - Processing 1580-th line out of 2500 rows of DP table...
2022-01-04 01:07:24,790 - root - DEBUG - Processing 1590-th line out of 2500 rows of DP table...
2022-01-04 01:07:25,187 - root - DEBUG - Processing 1600-th line out of 2500 rows of DP table...
2022-01-04 01:07:25,573 - root - DEBUG - Processing 1610-th line out of 2500 rows of DP table...
2022-01-04 01:07:25,951 - root - DEBUG - Processing 1620-th line out of 2500 rows of DP table...
2022-01-04 01:07:26,325 - root - DEBUG - Processing 1630-th line out of 2500 rows of DP table...
2022-01-04 01:07:26,743 - root - DEBUG - Processing 1640-th line out of 2500 rows of DP table...
2022-01-04 01:07:27,106 - root - DEBUG - Processing 1650-th line out of 2500 rows of DP table...
2022-01-04 01:07:27,466 - root - DEBUG - Processing 1660-th line out of 2500 rows of DP table...
2022-01-04 01:07:27,845 - root - DEBUG - Processing 1670-th line out of 2500 rows of DP table...
2022-01-04 01:07:28,198 - root - DEBUG - Processing 1680-th line out of 2500 rows of DP table...
2022-01-04 01:07:28,547 - root - DEBUG - Processing 1690-th line out of 2500 rows of DP table...
2022-01-04 01:07:28,894 - root - DEBUG - Processing 1700-th line out of 2500 rows of DP table...
2022-01-04 01:07:29,238 - root - DEBUG - Processing 1710-th line out of 2500 rows of DP table...
2022-01-04 01:07:29,574 - root - DEBUG - Processing 1720-th line out of 2500 rows of DP table...
2022-01-04 01:07:29,908 - root - DEBUG - Processing 1730-th line out of 2500 rows of DP table...
2022-01-04 01:07:30,237 - root - DEBUG - Processing 1740-th line out of 2500 rows of DP table...
2022-01-04 01:07:30,563 - root - DEBUG - Processing 1750-th line out of 2500 rows of DP table...
2022-01-04 01:07:30,886 - root - DEBUG - Processing 1760-th line out of 2500 rows of DP table...
2022-01-04 01:07:31,204 - root - DEBUG - Processing 1770-th line out of 2500 rows of DP table...
2022-01-04 01:07:31,535 - root - DEBUG - Processing 1780-th line out of 2500 rows of DP table...
2022-01-04 01:07:31,846 - root - DEBUG - Processing 1790-th line out of 2500 rows of DP table...
2022-01-04 01:07:32,147 - root - DEBUG - Processing 1800-th line out of 2500 rows of DP table...
2022-01-04 01:07:32,448 - root - DEBUG - Processing 1810-th line out of 2500 rows of DP table...
2022-01-04 01:07:32,755 - root - DEBUG - Processing 1820-th line out of 2500 rows of DP table...
2022-01-04 01:07:33,452 - root - DEBUG - Processing 1830-th line out of 2500 rows of DP table...
2022-01-04 01:07:33,852 - root - DEBUG - Processing 1840-th line out of 2500 rows of DP table...
2022-01-04 01:07:34,219 - root - DEBUG - Processing 1850-th line out of 2500 rows of DP table...
2022-01-04 01:07:34,591 - root - DEBUG - Processing 1860-th line out of 2500 rows of DP table...
2022-01-04 01:07:35,109 - root - DEBUG - Processing 1870-th line out of 2500 rows of DP table...
2022-01-04 01:07:35,432 - root - DEBUG - Processing 1880-th line out of 2500 rows of DP table...
2022-01-04 01:07:35,825 - root - DEBUG - Processing 1890-th line out of 2500 rows of DP table...
2022-01-04 01:07:36,308 - root - DEBUG - Processing 1900-th line out of 2500 rows of DP table...
2022-01-04 01:07:36,793 - root - DEBUG - Processing 1910-th line out of 2500 rows of DP table...
2022-01-04 01:07:37,045 - root - DEBUG - Processing 1920-th line out of 2500 rows of DP table...
2022-01-04 01:07:37,298 - root - DEBUG - Processing 1930-th line out of 2500 rows of DP table...
2022-01-04 01:07:37,546 - root - DEBUG - Processing 1940-th line out of 2500 rows of DP table...
2022-01-04 01:07:37,789 - root - DEBUG - Processing 1950-th line out of 2500 rows of DP table...
2022-01-04 01:07:38,029 - root - DEBUG - Processing 1960-th line out of 2500 rows of DP table...
2022-01-04 01:07:38,271 - root - DEBUG - Processing 1970-th line out of 2500 rows of DP table...
2022-01-04 01:07:38,504 - root - DEBUG - Processing 1980-th line out of 2500 rows of DP table...
2022-01-04 01:07:38,732 - root - DEBUG - Processing 1990-th line out of 2500 rows of DP table...
2022-01-04 01:07:38,955 - root - DEBUG - Processing 2000-th line out of 2500 rows of DP table...
2022-01-04 01:07:39,221 - root - DEBUG - Processing 2010-th line out of 2500 rows of DP table...
2022-01-04 01:07:39,438 - root - DEBUG - Processing 2020-th line out of 2500 rows of DP table...
2022-01-04 01:07:39,650 - root - DEBUG - Processing 2030-th line out of 2500 rows of DP table...
2022-01-04 01:07:39,857 - root - DEBUG - Processing 2040-th line out of 2500 rows of DP table...
2022-01-04 01:07:40,060 - root - DEBUG - Processing 2050-th line out of 2500 rows of DP table...
2022-01-04 01:07:40,259 - root - DEBUG - Processing 2060-th line out of 2500 rows of DP table...
2022-01-04 01:07:40,502 - root - DEBUG - Processing 2070-th line out of 2500 rows of DP table...
2022-01-04 01:07:40,694 - root - DEBUG - Processing 2080-th line out of 2500 rows of DP table...
2022-01-04 01:07:40,921 - root - DEBUG - Processing 2090-th line out of 2500 rows of DP table...
2022-01-04 01:07:41,105 - root - DEBUG - Processing 2100-th line out of 2500 rows of DP table...
2022-01-04 01:07:41,304 - root - DEBUG - Processing 2110-th line out of 2500 rows of DP table...
2022-01-04 01:07:41,479 - root - DEBUG - Processing 2120-th line out of 2500 rows of DP table...
2022-01-04 01:07:41,650 - root - DEBUG - Processing 2130-th line out of 2500 rows of DP table...
2022-01-04 01:07:41,816 - root - DEBUG - Processing 2140-th line out of 2500 rows of DP table...
2022-01-04 01:07:42,000 - root - DEBUG - Processing 2150-th line out of 2500 rows of DP table...
2022-01-04 01:07:42,157 - root - DEBUG - Processing 2160-th line out of 2500 rows of DP table...
2022-01-04 01:07:42,314 - root - DEBUG - Processing 2170-th line out of 2500 rows of DP table...
2022-01-04 01:07:42,466 - root - DEBUG - Processing 2180-th line out of 2500 rows of DP table...
2022-01-04 01:07:42,613 - root - DEBUG - Processing 2190-th line out of 2500 rows of DP table...
2022-01-04 01:07:42,757 - root - DEBUG - Processing 2200-th line out of 2500 rows of DP table...
2022-01-04 01:07:42,897 - root - DEBUG - Processing 2210-th line out of 2500 rows of DP table...
2022-01-04 01:07:43,072 - root - DEBUG - Processing 2220-th line out of 2500 rows of DP table...
2022-01-04 01:07:43,203 - root - DEBUG - Processing 2230-th line out of 2500 rows of DP table...
2022-01-04 01:07:43,331 - root - DEBUG - Processing 2240-th line out of 2500 rows of DP table...
2022-01-04 01:07:43,453 - root - DEBUG - Processing 2250-th line out of 2500 rows of DP table...
2022-01-04 01:07:43,572 - root - DEBUG - Processing 2260-th line out of 2500 rows of DP table...
2022-01-04 01:07:43,686 - root - DEBUG - Processing 2270-th line out of 2500 rows of DP table...
2022-01-04 01:07:43,796 - root - DEBUG - Processing 2280-th line out of 2500 rows of DP table...
2022-01-04 01:07:43,900 - root - DEBUG - Processing 2290-th line out of 2500 rows of DP table...
2022-01-04 01:07:44,001 - root - DEBUG - Processing 2300-th line out of 2500 rows of DP table...
2022-01-04 01:07:44,098 - root - DEBUG - Processing 2310-th line out of 2500 rows of DP table...
2022-01-04 01:07:44,192 - root - DEBUG - Processing 2320-th line out of 2500 rows of DP table...
2022-01-04 01:07:44,320 - root - DEBUG - Processing 2330-th line out of 2500 rows of DP table...
2022-01-04 01:07:44,406 - root - DEBUG - Processing 2340-th line out of 2500 rows of DP table...
2022-01-04 01:07:44,526 - root - DEBUG - Processing 2350-th line out of 2500 rows of DP table...
2022-01-04 01:07:44,604 - root - DEBUG - Processing 2360-th line out of 2500 rows of DP table...
2022-01-04 01:07:44,678 - root - DEBUG - Processing 2370-th line out of 2500 rows of DP table...
2022-01-04 01:07:44,746 - root - DEBUG - Processing 2380-th line out of 2500 rows of DP table...
2022-01-04 01:07:44,810 - root - DEBUG - Processing 2390-th line out of 2500 rows of DP table...
2022-01-04 01:07:44,869 - root - DEBUG - Processing 2400-th line out of 2500 rows of DP table...
2022-01-04 01:07:44,924 - root - DEBUG - Processing 2410-th line out of 2500 rows of DP table...
2022-01-04 01:07:44,975 - root - DEBUG - Processing 2420-th line out of 2500 rows of DP table...
2022-01-04 01:07:45,022 - root - DEBUG - Processing 2430-th line out of 2500 rows of DP table...
2022-01-04 01:07:45,065 - root - DEBUG - Processing 2440-th line out of 2500 rows of DP table...
2022-01-04 01:07:45,103 - root - DEBUG - Processing 2450-th line out of 2500 rows of DP table...
2022-01-04 01:07:45,158 - root - DEBUG - Processing 2460-th line out of 2500 rows of DP table...
2022-01-04 01:07:45,189 - root - DEBUG - Processing 2470-th line out of 2500 rows of DP table...
2022-01-04 01:07:45,215 - root - DEBUG - Processing 2480-th line out of 2500 rows of DP table...
2022-01-04 01:07:45,237 - root - DEBUG - Processing 2490-th line out of 2500 rows of DP table...
2022-01-04 01:07:45,255 - root - DEBUG - Processing 2500-th line out of 2500 rows of DP table...
2022-01-04 01:07:45,276 - root - DEBUG - Started computing joint logprobs...
