2022-01-04 00:57:44,339 - root - INFO - Loading reference interval set from '211227-2-sim/g22_7.ref.tsv'...
2022-01-04 00:57:44,344 - root - INFO - Loading query interval set from '211227-2-sim/g22_7.query.tsv'...
2022-01-04 00:57:44,347 - root - INFO - Loading chromosome sizes from '211227-2-sim/g22_sizes.tsv'...
2022-01-04 00:57:44,350 - root - INFO - Number of reference intervals: 2500 (2500 before merging)
2022-01-04 00:57:44,350 - root - INFO - Number of query intervals: 50 (50 before merging)
2022-01-04 00:57:44,352 - root - INFO - Number of chromosomes: 1
2022-01-04 00:57:44,356 - root - INFO - Overlap count: 25
2022-01-04 00:57:44,357 - root - DEBUG - Started computing sf for chromosome 'chr1'...
2022-01-04 00:57:44,358 - root - DEBUG - m=2500, n=50
2022-01-04 00:57:45,205 - root - DEBUG - Processing 10-th line out of 2500 rows of DP table...
2022-01-04 00:57:46,049 - root - DEBUG - Processing 20-th line out of 2500 rows of DP table...
2022-01-04 00:57:46,896 - root - DEBUG - Processing 30-th line out of 2500 rows of DP table...
2022-01-04 00:57:47,727 - root - DEBUG - Processing 40-th line out of 2500 rows of DP table...
2022-01-04 00:57:48,567 - root - DEBUG - Processing 50-th line out of 2500 rows of DP table...
2022-01-04 00:57:49,418 - root - DEBUG - Processing 60-th line out of 2500 rows of DP table...
2022-01-04 00:57:50,311 - root - DEBUG - Processing 70-th line out of 2500 rows of DP table...
2022-01-04 00:57:51,151 - root - DEBUG - Processing 80-th line out of 2500 rows of DP table...
2022-01-04 00:57:51,988 - root - DEBUG - Processing 90-th line out of 2500 rows of DP table...
2022-01-04 00:57:52,831 - root - DEBUG - Processing 100-th line out of 2500 rows of DP table...
2022-01-04 00:57:53,648 - root - DEBUG - Processing 110-th line out of 2500 rows of DP table...
2022-01-04 00:57:54,498 - root - DEBUG - Processing 120-th line out of 2500 rows of DP table...
2022-01-04 00:57:55,412 - root - DEBUG - Processing 130-th line out of 2500 rows of DP table...
2022-01-04 00:57:56,222 - root - DEBUG - Processing 140-th line out of 2500 rows of DP table...
2022-01-04 00:57:57,040 - root - DEBUG - Processing 150-th line out of 2500 rows of DP table...
2022-01-04 00:57:57,868 - root - DEBUG - Processing 160-th line out of 2500 rows of DP table...
2022-01-04 00:57:58,747 - root - DEBUG - Processing 170-th line out of 2500 rows of DP table...
2022-01-04 00:57:59,564 - root - DEBUG - Processing 180-th line out of 2500 rows of DP table...
2022-01-04 00:58:00,359 - root - DEBUG - Processing 190-th line out of 2500 rows of DP table...
2022-01-04 00:58:01,153 - root - DEBUG - Processing 200-th line out of 2500 rows of DP table...
2022-01-04 00:58:01,939 - root - DEBUG - Processing 210-th line out of 2500 rows of DP table...
2022-01-04 00:58:02,728 - root - DEBUG - Processing 220-th line out of 2500 rows of DP table...
2022-01-04 00:58:03,518 - root - DEBUG - Processing 230-th line out of 2500 rows of DP table...
2022-01-04 00:58:04,299 - root - DEBUG - Processing 240-th line out of 2500 rows of DP table...
2022-01-04 00:58:05,070 - root - DEBUG - Processing 250-th line out of 2500 rows of DP table...
2022-01-04 00:58:05,846 - root - DEBUG - Processing 260-th line out of 2500 rows of DP table...
2022-01-04 00:58:06,617 - root - DEBUG - Processing 270-th line out of 2500 rows of DP table...
2022-01-04 00:58:07,380 - root - DEBUG - Processing 280-th line out of 2500 rows of DP table...
2022-01-04 00:58:08,143 - root - DEBUG - Processing 290-th line out of 2500 rows of DP table...
2022-01-04 00:58:08,908 - root - DEBUG - Processing 300-th line out of 2500 rows of DP table...
2022-01-04 00:58:09,689 - root - DEBUG - Processing 310-th line out of 2500 rows of DP table...
2022-01-04 00:58:10,434 - root - DEBUG - Processing 320-th line out of 2500 rows of DP table...
2022-01-04 00:58:11,173 - root - DEBUG - Processing 330-th line out of 2500 rows of DP table...
2022-01-04 00:58:12,145 - root - DEBUG - Processing 340-th line out of 2500 rows of DP table...
2022-01-04 00:58:12,884 - root - DEBUG - Processing 350-th line out of 2500 rows of DP table...
2022-01-04 00:58:13,640 - root - DEBUG - Processing 360-th line out of 2500 rows of DP table...
2022-01-04 00:58:14,367 - root - DEBUG - Processing 370-th line out of 2500 rows of DP table...
2022-01-04 00:58:15,092 - root - DEBUG - Processing 380-th line out of 2500 rows of DP table...
2022-01-04 00:58:15,812 - root - DEBUG - Processing 390-th line out of 2500 rows of DP table...
2022-01-04 00:58:16,529 - root - DEBUG - Processing 400-th line out of 2500 rows of DP table...
2022-01-04 00:58:17,246 - root - DEBUG - Processing 410-th line out of 2500 rows of DP table...
2022-01-04 00:58:17,956 - root - DEBUG - Processing 420-th line out of 2500 rows of DP table...
2022-01-04 00:58:18,668 - root - DEBUG - Processing 430-th line out of 2500 rows of DP table...
2022-01-04 00:58:19,372 - root - DEBUG - Processing 440-th line out of 2500 rows of DP table...
2022-01-04 00:58:20,068 - root - DEBUG - Processing 450-th line out of 2500 rows of DP table...
2022-01-04 00:58:20,767 - root - DEBUG - Processing 460-th line out of 2500 rows of DP table...
2022-01-04 00:58:21,462 - root - DEBUG - Processing 470-th line out of 2500 rows of DP table...
2022-01-04 00:58:22,150 - root - DEBUG - Processing 480-th line out of 2500 rows of DP table...
2022-01-04 00:58:22,843 - root - DEBUG - Processing 490-th line out of 2500 rows of DP table...
2022-01-04 00:58:23,524 - root - DEBUG - Processing 500-th line out of 2500 rows of DP table...
2022-01-04 00:58:24,204 - root - DEBUG - Processing 510-th line out of 2500 rows of DP table...
2022-01-04 00:58:24,882 - root - DEBUG - Processing 520-th line out of 2500 rows of DP table...
2022-01-04 00:58:25,554 - root - DEBUG - Processing 530-th line out of 2500 rows of DP table...
2022-01-04 00:58:26,225 - root - DEBUG - Processing 540-th line out of 2500 rows of DP table...
2022-01-04 00:58:26,886 - root - DEBUG - Processing 550-th line out of 2500 rows of DP table...
2022-01-04 00:58:27,550 - root - DEBUG - Processing 560-th line out of 2500 rows of DP table...
2022-01-04 00:58:28,207 - root - DEBUG - Processing 570-th line out of 2500 rows of DP table...
2022-01-04 00:58:28,870 - root - DEBUG - Processing 580-th line out of 2500 rows of DP table...
2022-01-04 00:58:29,524 - root - DEBUG - Processing 590-th line out of 2500 rows of DP table...
2022-01-04 00:58:30,173 - root - DEBUG - Processing 600-th line out of 2500 rows of DP table...
2022-01-04 00:58:30,822 - root - DEBUG - Processing 610-th line out of 2500 rows of DP table...
2022-01-04 00:58:31,464 - root - DEBUG - Processing 620-th line out of 2500 rows of DP table...
2022-01-04 00:58:32,110 - root - DEBUG - Processing 630-th line out of 2500 rows of DP table...
2022-01-04 00:58:32,745 - root - DEBUG - Processing 640-th line out of 2500 rows of DP table...
2022-01-04 00:58:33,381 - root - DEBUG - Processing 650-th line out of 2500 rows of DP table...
2022-01-04 00:58:34,011 - root - DEBUG - Processing 660-th line out of 2500 rows of DP table...
2022-01-04 00:58:34,649 - root - DEBUG - Processing 670-th line out of 2500 rows of DP table...
2022-01-04 00:58:35,272 - root - DEBUG - Processing 680-th line out of 2500 rows of DP table...
2022-01-04 00:58:35,885 - root - DEBUG - Processing 690-th line out of 2500 rows of DP table...
2022-01-04 00:58:36,496 - root - DEBUG - Processing 700-th line out of 2500 rows of DP table...
2022-01-04 00:58:37,101 - root - DEBUG - Processing 710-th line out of 2500 rows of DP table...
2022-01-04 00:58:37,708 - root - DEBUG - Processing 720-th line out of 2500 rows of DP table...
2022-01-04 00:58:38,308 - root - DEBUG - Processing 730-th line out of 2500 rows of DP table...
2022-01-04 00:58:38,910 - root - DEBUG - Processing 740-th line out of 2500 rows of DP table...
2022-01-04 00:58:39,509 - root - DEBUG - Processing 750-th line out of 2500 rows of DP table...
2022-01-04 00:58:40,102 - root - DEBUG - Processing 760-th line out of 2500 rows of DP table...
2022-01-04 00:58:40,693 - root - DEBUG - Processing 770-th line out of 2500 rows of DP table...
2022-01-04 00:58:41,275 - root - DEBUG - Processing 780-th line out of 2500 rows of DP table...
2022-01-04 00:58:41,856 - root - DEBUG - Processing 790-th line out of 2500 rows of DP table...
2022-01-04 00:58:42,427 - root - DEBUG - Processing 800-th line out of 2500 rows of DP table...
2022-01-04 00:58:43,002 - root - DEBUG - Processing 810-th line out of 2500 rows of DP table...
2022-01-04 00:58:43,570 - root - DEBUG - Processing 820-th line out of 2500 rows of DP table...
2022-01-04 00:58:44,139 - root - DEBUG - Processing 830-th line out of 2500 rows of DP table...
2022-01-04 00:58:44,701 - root - DEBUG - Processing 840-th line out of 2500 rows of DP table...
2022-01-04 00:58:45,264 - root - DEBUG - Processing 850-th line out of 2500 rows of DP table...
2022-01-04 00:58:45,819 - root - DEBUG - Processing 860-th line out of 2500 rows of DP table...
2022-01-04 00:58:46,373 - root - DEBUG - Processing 870-th line out of 2500 rows of DP table...
2022-01-04 00:58:46,923 - root - DEBUG - Processing 880-th line out of 2500 rows of DP table...
2022-01-04 00:58:47,472 - root - DEBUG - Processing 890-th line out of 2500 rows of DP table...
2022-01-04 00:58:48,014 - root - DEBUG - Processing 900-th line out of 2500 rows of DP table...
2022-01-04 00:58:48,557 - root - DEBUG - Processing 910-th line out of 2500 rows of DP table...
2022-01-04 00:58:49,091 - root - DEBUG - Processing 920-th line out of 2500 rows of DP table...
2022-01-04 00:58:49,625 - root - DEBUG - Processing 930-th line out of 2500 rows of DP table...
2022-01-04 00:58:50,154 - root - DEBUG - Processing 940-th line out of 2500 rows of DP table...
2022-01-04 00:58:50,686 - root - DEBUG - Processing 950-th line out of 2500 rows of DP table...
2022-01-04 00:58:51,209 - root - DEBUG - Processing 960-th line out of 2500 rows of DP table...
2022-01-04 00:58:51,731 - root - DEBUG - Processing 970-th line out of 2500 rows of DP table...
2022-01-04 00:58:52,251 - root - DEBUG - Processing 980-th line out of 2500 rows of DP table...
2022-01-04 00:58:52,764 - root - DEBUG - Processing 990-th line out of 2500 rows of DP table...
2022-01-04 00:58:53,277 - root - DEBUG - Processing 1000-th line out of 2500 rows of DP table...
2022-01-04 00:58:53,787 - root - DEBUG - Processing 1010-th line out of 2500 rows of DP table...
2022-01-04 00:58:54,293 - root - DEBUG - Processing 1020-th line out of 2500 rows of DP table...
2022-01-04 00:58:54,803 - root - DEBUG - Processing 1030-th line out of 2500 rows of DP table...
2022-01-04 00:58:55,313 - root - DEBUG - Processing 1040-th line out of 2500 rows of DP table...
2022-01-04 00:58:55,806 - root - DEBUG - Processing 1050-th line out of 2500 rows of DP table...
2022-01-04 00:58:56,303 - root - DEBUG - Processing 1060-th line out of 2500 rows of DP table...
2022-01-04 00:58:56,789 - root - DEBUG - Processing 1070-th line out of 2500 rows of DP table...
2022-01-04 00:58:57,274 - root - DEBUG - Processing 1080-th line out of 2500 rows of DP table...
2022-01-04 00:58:57,761 - root - DEBUG - Processing 1090-th line out of 2500 rows of DP table...
2022-01-04 00:58:58,237 - root - DEBUG - Processing 1100-th line out of 2500 rows of DP table...
2022-01-04 00:58:58,714 - root - DEBUG - Processing 1110-th line out of 2500 rows of DP table...
2022-01-04 00:58:59,186 - root - DEBUG - Processing 1120-th line out of 2500 rows of DP table...
2022-01-04 00:58:59,661 - root - DEBUG - Processing 1130-th line out of 2500 rows of DP table...
2022-01-04 00:59:00,125 - root - DEBUG - Processing 1140-th line out of 2500 rows of DP table...
2022-01-04 00:59:00,585 - root - DEBUG - Processing 1150-th line out of 2500 rows of DP table...
2022-01-04 00:59:01,047 - root - DEBUG - Processing 1160-th line out of 2500 rows of DP table...
2022-01-04 00:59:01,500 - root - DEBUG - Processing 1170-th line out of 2500 rows of DP table...
2022-01-04 00:59:01,954 - root - DEBUG - Processing 1180-th line out of 2500 rows of DP table...
2022-01-04 00:59:02,401 - root - DEBUG - Processing 1190-th line out of 2500 rows of DP table...
2022-01-04 00:59:02,846 - root - DEBUG - Processing 1200-th line out of 2500 rows of DP table...
2022-01-04 00:59:03,292 - root - DEBUG - Processing 1210-th line out of 2500 rows of DP table...
2022-01-04 00:59:03,734 - root - DEBUG - Processing 1220-th line out of 2500 rows of DP table...
2022-01-04 00:59:04,172 - root - DEBUG - Processing 1230-th line out of 2500 rows of DP table...
2022-01-04 00:59:04,600 - root - DEBUG - Processing 1240-th line out of 2500 rows of DP table...
2022-01-04 00:59:05,027 - root - DEBUG - Processing 1250-th line out of 2500 rows of DP table...
2022-01-04 00:59:05,470 - root - DEBUG - Processing 1260-th line out of 2500 rows of DP table...
2022-01-04 00:59:05,893 - root - DEBUG - Processing 1270-th line out of 2500 rows of DP table...
2022-01-04 00:59:06,317 - root - DEBUG - Processing 1280-th line out of 2500 rows of DP table...
2022-01-04 00:59:06,731 - root - DEBUG - Processing 1290-th line out of 2500 rows of DP table...
2022-01-04 00:59:07,144 - root - DEBUG - Processing 1300-th line out of 2500 rows of DP table...
2022-01-04 00:59:07,583 - root - DEBUG - Processing 1310-th line out of 2500 rows of DP table...
2022-01-04 00:59:07,987 - root - DEBUG - Processing 1320-th line out of 2500 rows of DP table...
2022-01-04 00:59:08,389 - root - DEBUG - Processing 1330-th line out of 2500 rows of DP table...
2022-01-04 00:59:08,792 - root - DEBUG - Processing 1340-th line out of 2500 rows of DP table...
2022-01-04 00:59:09,186 - root - DEBUG - Processing 1350-th line out of 2500 rows of DP table...
2022-01-04 00:59:09,577 - root - DEBUG - Processing 1360-th line out of 2500 rows of DP table...
2022-01-04 00:59:09,967 - root - DEBUG - Processing 1370-th line out of 2500 rows of DP table...
2022-01-04 00:59:10,352 - root - DEBUG - Processing 1380-th line out of 2500 rows of DP table...
2022-01-04 00:59:10,733 - root - DEBUG - Processing 1390-th line out of 2500 rows of DP table...
2022-01-04 00:59:11,116 - root - DEBUG - Processing 1400-th line out of 2500 rows of DP table...
2022-01-04 00:59:11,489 - root - DEBUG - Processing 1410-th line out of 2500 rows of DP table...
2022-01-04 00:59:11,859 - root - DEBUG - Processing 1420-th line out of 2500 rows of DP table...
2022-01-04 00:59:12,268 - root - DEBUG - Processing 1430-th line out of 2500 rows of DP table...
2022-01-04 00:59:12,632 - root - DEBUG - Processing 1440-th line out of 2500 rows of DP table...
2022-01-04 00:59:12,994 - root - DEBUG - Processing 1450-th line out of 2500 rows of DP table...
2022-01-04 00:59:13,358 - root - DEBUG - Processing 1460-th line out of 2500 rows of DP table...
2022-01-04 00:59:13,712 - root - DEBUG - Processing 1470-th line out of 2500 rows of DP table...
2022-01-04 00:59:14,065 - root - DEBUG - Processing 1480-th line out of 2500 rows of DP table...
2022-01-04 00:59:14,417 - root - DEBUG - Processing 1490-th line out of 2500 rows of DP table...
2022-01-04 00:59:14,764 - root - DEBUG - Processing 1500-th line out of 2500 rows of DP table...
2022-01-04 00:59:15,106 - root - DEBUG - Processing 1510-th line out of 2500 rows of DP table...
2022-01-04 00:59:15,450 - root - DEBUG - Processing 1520-th line out of 2500 rows of DP table...
2022-01-04 00:59:15,787 - root - DEBUG - Processing 1530-th line out of 2500 rows of DP table...
2022-01-04 00:59:16,155 - root - DEBUG - Processing 1540-th line out of 2500 rows of DP table...
2022-01-04 00:59:16,483 - root - DEBUG - Processing 1550-th line out of 2500 rows of DP table...
2022-01-04 00:59:16,812 - root - DEBUG - Processing 1560-th line out of 2500 rows of DP table...
2022-01-04 00:59:17,135 - root - DEBUG - Processing 1570-th line out of 2500 rows of DP table...
2022-01-04 00:59:17,455 - root - DEBUG - Processing 1580-th line out of 2500 rows of DP table...
2022-01-04 00:59:17,776 - root - DEBUG - Processing 1590-th line out of 2500 rows of DP table...
2022-01-04 00:59:18,100 - root - DEBUG - Processing 1600-th line out of 2500 rows of DP table...
2022-01-04 00:59:18,413 - root - DEBUG - Processing 1610-th line out of 2500 rows of DP table...
2022-01-04 00:59:18,721 - root - DEBUG - Processing 1620-th line out of 2500 rows of DP table...
2022-01-04 00:59:19,031 - root - DEBUG - Processing 1630-th line out of 2500 rows of DP table...
2022-01-04 00:59:19,332 - root - DEBUG - Processing 1640-th line out of 2500 rows of DP table...
2022-01-04 00:59:19,628 - root - DEBUG - Processing 1650-th line out of 2500 rows of DP table...
2022-01-04 00:59:19,921 - root - DEBUG - Processing 1660-th line out of 2500 rows of DP table...
2022-01-04 00:59:20,231 - root - DEBUG - Processing 1670-th line out of 2500 rows of DP table...
2022-01-04 00:59:20,516 - root - DEBUG - Processing 1680-th line out of 2500 rows of DP table...
2022-01-04 00:59:20,801 - root - DEBUG - Processing 1690-th line out of 2500 rows of DP table...
2022-01-04 00:59:21,084 - root - DEBUG - Processing 1700-th line out of 2500 rows of DP table...
2022-01-04 00:59:21,397 - root - DEBUG - Processing 1710-th line out of 2500 rows of DP table...
2022-01-04 00:59:21,670 - root - DEBUG - Processing 1720-th line out of 2500 rows of DP table...
2022-01-04 00:59:21,939 - root - DEBUG - Processing 1730-th line out of 2500 rows of DP table...
2022-01-04 00:59:22,208 - root - DEBUG - Processing 1740-th line out of 2500 rows of DP table...
2022-01-04 00:59:22,470 - root - DEBUG - Processing 1750-th line out of 2500 rows of DP table...
2022-01-04 00:59:22,750 - root - DEBUG - Processing 1760-th line out of 2500 rows of DP table...
2022-01-04 00:59:23,005 - root - DEBUG - Processing 1770-th line out of 2500 rows of DP table...
2022-01-04 00:59:23,262 - root - DEBUG - Processing 1780-th line out of 2500 rows of DP table...
2022-01-04 00:59:23,513 - root - DEBUG - Processing 1790-th line out of 2500 rows of DP table...
2022-01-04 00:59:23,760 - root - DEBUG - Processing 1800-th line out of 2500 rows of DP table...
2022-01-04 00:59:24,006 - root - DEBUG - Processing 1810-th line out of 2500 rows of DP table...
2022-01-04 00:59:24,253 - root - DEBUG - Processing 1820-th line out of 2500 rows of DP table...
2022-01-04 00:59:24,492 - root - DEBUG - Processing 1830-th line out of 2500 rows of DP table...
2022-01-04 00:59:24,727 - root - DEBUG - Processing 1840-th line out of 2500 rows of DP table...
2022-01-04 00:59:24,958 - root - DEBUG - Processing 1850-th line out of 2500 rows of DP table...
2022-01-04 00:59:25,187 - root - DEBUG - Processing 1860-th line out of 2500 rows of DP table...
2022-01-04 00:59:25,416 - root - DEBUG - Processing 1870-th line out of 2500 rows of DP table...
2022-01-04 00:59:25,639 - root - DEBUG - Processing 1880-th line out of 2500 rows of DP table...
2022-01-04 00:59:25,857 - root - DEBUG - Processing 1890-th line out of 2500 rows of DP table...
2022-01-04 00:59:26,071 - root - DEBUG - Processing 1900-th line out of 2500 rows of DP table...
2022-01-04 00:59:26,283 - root - DEBUG - Processing 1910-th line out of 2500 rows of DP table...
2022-01-04 00:59:26,496 - root - DEBUG - Processing 1920-th line out of 2500 rows of DP table...
2022-01-04 00:59:26,702 - root - DEBUG - Processing 1930-th line out of 2500 rows of DP table...
2022-01-04 00:59:26,903 - root - DEBUG - Processing 1940-th line out of 2500 rows of DP table...
2022-01-04 00:59:27,102 - root - DEBUG - Processing 1950-th line out of 2500 rows of DP table...
2022-01-04 00:59:27,296 - root - DEBUG - Processing 1960-th line out of 2500 rows of DP table...
2022-01-04 00:59:27,486 - root - DEBUG - Processing 1970-th line out of 2500 rows of DP table...
2022-01-04 00:59:27,678 - root - DEBUG - Processing 1980-th line out of 2500 rows of DP table...
2022-01-04 00:59:27,863 - root - DEBUG - Processing 1990-th line out of 2500 rows of DP table...
2022-01-04 00:59:28,044 - root - DEBUG - Processing 2000-th line out of 2500 rows of DP table...
2022-01-04 00:59:28,223 - root - DEBUG - Processing 2010-th line out of 2500 rows of DP table...
2022-01-04 00:59:28,398 - root - DEBUG - Processing 2020-th line out of 2500 rows of DP table...
2022-01-04 00:59:28,570 - root - DEBUG - Processing 2030-th line out of 2500 rows of DP table...
2022-01-04 00:59:28,743 - root - DEBUG - Processing 2040-th line out of 2500 rows of DP table...
2022-01-04 00:59:28,909 - root - DEBUG - Processing 2050-th line out of 2500 rows of DP table...
2022-01-04 00:59:29,072 - root - DEBUG - Processing 2060-th line out of 2500 rows of DP table...
2022-01-04 00:59:29,230 - root - DEBUG - Processing 2070-th line out of 2500 rows of DP table...
2022-01-04 00:59:29,385 - root - DEBUG - Processing 2080-th line out of 2500 rows of DP table...
2022-01-04 00:59:29,537 - root - DEBUG - Processing 2090-th line out of 2500 rows of DP table...
2022-01-04 00:59:29,685 - root - DEBUG - Processing 2100-th line out of 2500 rows of DP table...
2022-01-04 00:59:29,835 - root - DEBUG - Processing 2110-th line out of 2500 rows of DP table...
2022-01-04 00:59:29,978 - root - DEBUG - Processing 2120-th line out of 2500 rows of DP table...
2022-01-04 00:59:30,116 - root - DEBUG - Processing 2130-th line out of 2500 rows of DP table...
2022-01-04 00:59:30,251 - root - DEBUG - Processing 2140-th line out of 2500 rows of DP table...
2022-01-04 00:59:30,383 - root - DEBUG - Processing 2150-th line out of 2500 rows of DP table...
2022-01-04 00:59:30,512 - root - DEBUG - Processing 2160-th line out of 2500 rows of DP table...
2022-01-04 00:59:30,637 - root - DEBUG - Processing 2170-th line out of 2500 rows of DP table...
2022-01-04 00:59:30,759 - root - DEBUG - Processing 2180-th line out of 2500 rows of DP table...
2022-01-04 00:59:30,877 - root - DEBUG - Processing 2190-th line out of 2500 rows of DP table...
2022-01-04 00:59:30,997 - root - DEBUG - Processing 2200-th line out of 2500 rows of DP table...
2022-01-04 00:59:31,108 - root - DEBUG - Processing 2210-th line out of 2500 rows of DP table...
2022-01-04 00:59:31,217 - root - DEBUG - Processing 2220-th line out of 2500 rows of DP table...
2022-01-04 00:59:31,322 - root - DEBUG - Processing 2230-th line out of 2500 rows of DP table...
2022-01-04 00:59:31,423 - root - DEBUG - Processing 2240-th line out of 2500 rows of DP table...
2022-01-04 00:59:31,521 - root - DEBUG - Processing 2250-th line out of 2500 rows of DP table...
2022-01-04 00:59:31,615 - root - DEBUG - Processing 2260-th line out of 2500 rows of DP table...
2022-01-04 00:59:31,707 - root - DEBUG - Processing 2270-th line out of 2500 rows of DP table...
2022-01-04 00:59:31,794 - root - DEBUG - Processing 2280-th line out of 2500 rows of DP table...
2022-01-04 00:59:31,878 - root - DEBUG - Processing 2290-th line out of 2500 rows of DP table...
2022-01-04 00:59:31,960 - root - DEBUG - Processing 2300-th line out of 2500 rows of DP table...
2022-01-04 00:59:32,039 - root - DEBUG - Processing 2310-th line out of 2500 rows of DP table...
2022-01-04 00:59:32,134 - root - DEBUG - Processing 2320-th line out of 2500 rows of DP table...
2022-01-04 00:59:32,207 - root - DEBUG - Processing 2330-th line out of 2500 rows of DP table...
2022-01-04 00:59:32,275 - root - DEBUG - Processing 2340-th line out of 2500 rows of DP table...
2022-01-04 00:59:32,340 - root - DEBUG - Processing 2350-th line out of 2500 rows of DP table...
2022-01-04 00:59:32,425 - root - DEBUG - Processing 2360-th line out of 2500 rows of DP table...
2022-01-04 00:59:32,484 - root - DEBUG - Processing 2370-th line out of 2500 rows of DP table...
2022-01-04 00:59:32,540 - root - DEBUG - Processing 2380-th line out of 2500 rows of DP table...
2022-01-04 00:59:32,592 - root - DEBUG - Processing 2390-th line out of 2500 rows of DP table...
2022-01-04 00:59:32,640 - root - DEBUG - Processing 2400-th line out of 2500 rows of DP table...
2022-01-04 00:59:32,685 - root - DEBUG - Processing 2410-th line out of 2500 rows of DP table...
2022-01-04 00:59:32,728 - root - DEBUG - Processing 2420-th line out of 2500 rows of DP table...
2022-01-04 00:59:32,766 - root - DEBUG - Processing 2430-th line out of 2500 rows of DP table...
2022-01-04 00:59:32,802 - root - DEBUG - Processing 2440-th line out of 2500 rows of DP table...
2022-01-04 00:59:32,834 - root - DEBUG - Processing 2450-th line out of 2500 rows of DP table...
2022-01-04 00:59:32,863 - root - DEBUG - Processing 2460-th line out of 2500 rows of DP table...
2022-01-04 00:59:32,889 - root - DEBUG - Processing 2470-th line out of 2500 rows of DP table...
2022-01-04 00:59:32,911 - root - DEBUG - Processing 2480-th line out of 2500 rows of DP table...
2022-01-04 00:59:32,930 - root - DEBUG - Processing 2490-th line out of 2500 rows of DP table...
2022-01-04 00:59:32,945 - root - DEBUG - Processing 2500-th line out of 2500 rows of DP table...
2022-01-04 00:59:32,959 - root - DEBUG - Started computing joint logprobs...
