2022-01-04 00:57:43,550 - root - INFO - Loading reference interval set from '211227-2-sim/g22_4.ref.tsv'...
2022-01-04 00:57:43,553 - root - INFO - Loading query interval set from '211227-2-sim/g22_4.query.tsv'...
2022-01-04 00:57:43,556 - root - INFO - Loading chromosome sizes from '211227-2-sim/g22_sizes.tsv'...
2022-01-04 00:57:43,558 - root - INFO - Number of reference intervals: 2500 (2500 before merging)
2022-01-04 00:57:43,559 - root - INFO - Number of query intervals: 50 (50 before merging)
2022-01-04 00:57:43,560 - root - INFO - Number of chromosomes: 1
2022-01-04 00:57:43,563 - root - INFO - Overlap count: 24
2022-01-04 00:57:43,564 - root - DEBUG - Started computing sf for chromosome 'chr1'...
2022-01-04 00:57:43,565 - root - DEBUG - m=2500, n=50
2022-01-04 00:57:44,452 - root - DEBUG - Processing 10-th line out of 2500 rows of DP table...
2022-01-04 00:57:45,303 - root - DEBUG - Processing 20-th line out of 2500 rows of DP table...
2022-01-04 00:57:46,151 - root - DEBUG - Processing 30-th line out of 2500 rows of DP table...
2022-01-04 00:57:46,995 - root - DEBUG - Processing 40-th line out of 2500 rows of DP table...
2022-01-04 00:57:47,830 - root - DEBUG - Processing 50-th line out of 2500 rows of DP table...
2022-01-04 00:57:48,671 - root - DEBUG - Processing 60-th line out of 2500 rows of DP table...
2022-01-04 00:57:49,508 - root - DEBUG - Processing 70-th line out of 2500 rows of DP table...
2022-01-04 00:57:50,349 - root - DEBUG - Processing 80-th line out of 2500 rows of DP table...
2022-01-04 00:57:51,435 - root - DEBUG - Processing 90-th line out of 2500 rows of DP table...
2022-01-04 00:57:52,675 - root - DEBUG - Processing 100-th line out of 2500 rows of DP table...
2022-01-04 00:57:53,592 - root - DEBUG - Processing 110-th line out of 2500 rows of DP table...
2022-01-04 00:57:54,585 - root - DEBUG - Processing 120-th line out of 2500 rows of DP table...
2022-01-04 00:57:55,404 - root - DEBUG - Processing 130-th line out of 2500 rows of DP table...
2022-01-04 00:57:56,222 - root - DEBUG - Processing 140-th line out of 2500 rows of DP table...
2022-01-04 00:57:57,029 - root - DEBUG - Processing 150-th line out of 2500 rows of DP table...
2022-01-04 00:57:57,840 - root - DEBUG - Processing 160-th line out of 2500 rows of DP table...
2022-01-04 00:57:58,660 - root - DEBUG - Processing 170-th line out of 2500 rows of DP table...
2022-01-04 00:57:59,478 - root - DEBUG - Processing 180-th line out of 2500 rows of DP table...
2022-01-04 00:58:00,281 - root - DEBUG - Processing 190-th line out of 2500 rows of DP table...
2022-01-04 00:58:01,082 - root - DEBUG - Processing 200-th line out of 2500 rows of DP table...
2022-01-04 00:58:01,870 - root - DEBUG - Processing 210-th line out of 2500 rows of DP table...
2022-01-04 00:58:02,662 - root - DEBUG - Processing 220-th line out of 2500 rows of DP table...
2022-01-04 00:58:03,454 - root - DEBUG - Processing 230-th line out of 2500 rows of DP table...
2022-01-04 00:58:04,240 - root - DEBUG - Processing 240-th line out of 2500 rows of DP table...
2022-01-04 00:58:05,013 - root - DEBUG - Processing 250-th line out of 2500 rows of DP table...
2022-01-04 00:58:05,792 - root - DEBUG - Processing 260-th line out of 2500 rows of DP table...
2022-01-04 00:58:06,567 - root - DEBUG - Processing 270-th line out of 2500 rows of DP table...
2022-01-04 00:58:07,334 - root - DEBUG - Processing 280-th line out of 2500 rows of DP table...
2022-01-04 00:58:08,106 - root - DEBUG - Processing 290-th line out of 2500 rows of DP table...
2022-01-04 00:58:08,874 - root - DEBUG - Processing 300-th line out of 2500 rows of DP table...
2022-01-04 00:58:09,632 - root - DEBUG - Processing 310-th line out of 2500 rows of DP table...
2022-01-04 00:58:10,390 - root - DEBUG - Processing 320-th line out of 2500 rows of DP table...
2022-01-04 00:58:11,141 - root - DEBUG - Processing 330-th line out of 2500 rows of DP table...
2022-01-04 00:58:11,887 - root - DEBUG - Processing 340-th line out of 2500 rows of DP table...
2022-01-04 00:58:12,635 - root - DEBUG - Processing 350-th line out of 2500 rows of DP table...
2022-01-04 00:58:13,380 - root - DEBUG - Processing 360-th line out of 2500 rows of DP table...
2022-01-04 00:58:14,117 - root - DEBUG - Processing 370-th line out of 2500 rows of DP table...
2022-01-04 00:58:14,855 - root - DEBUG - Processing 380-th line out of 2500 rows of DP table...
2022-01-04 00:58:15,590 - root - DEBUG - Processing 390-th line out of 2500 rows of DP table...
2022-01-04 00:58:16,319 - root - DEBUG - Processing 400-th line out of 2500 rows of DP table...
2022-01-04 00:58:17,049 - root - DEBUG - Processing 410-th line out of 2500 rows of DP table...
2022-01-04 00:58:17,768 - root - DEBUG - Processing 420-th line out of 2500 rows of DP table...
2022-01-04 00:58:18,489 - root - DEBUG - Processing 430-th line out of 2500 rows of DP table...
2022-01-04 00:58:19,204 - root - DEBUG - Processing 440-th line out of 2500 rows of DP table...
2022-01-04 00:58:19,911 - root - DEBUG - Processing 450-th line out of 2500 rows of DP table...
2022-01-04 00:58:20,619 - root - DEBUG - Processing 460-th line out of 2500 rows of DP table...
2022-01-04 00:58:21,326 - root - DEBUG - Processing 470-th line out of 2500 rows of DP table...
2022-01-04 00:58:22,023 - root - DEBUG - Processing 480-th line out of 2500 rows of DP table...
2022-01-04 00:58:22,723 - root - DEBUG - Processing 490-th line out of 2500 rows of DP table...
2022-01-04 00:58:23,413 - root - DEBUG - Processing 500-th line out of 2500 rows of DP table...
2022-01-04 00:58:24,107 - root - DEBUG - Processing 510-th line out of 2500 rows of DP table...
2022-01-04 00:58:24,800 - root - DEBUG - Processing 520-th line out of 2500 rows of DP table...
2022-01-04 00:58:25,482 - root - DEBUG - Processing 530-th line out of 2500 rows of DP table...
2022-01-04 00:58:26,165 - root - DEBUG - Processing 540-th line out of 2500 rows of DP table...
2022-01-04 00:58:26,841 - root - DEBUG - Processing 550-th line out of 2500 rows of DP table...
2022-01-04 00:58:27,524 - root - DEBUG - Processing 560-th line out of 2500 rows of DP table...
2022-01-04 00:58:28,193 - root - DEBUG - Processing 570-th line out of 2500 rows of DP table...
2022-01-04 00:58:28,852 - root - DEBUG - Processing 580-th line out of 2500 rows of DP table...
2022-01-04 00:58:29,519 - root - DEBUG - Processing 590-th line out of 2500 rows of DP table...
2022-01-04 00:58:30,174 - root - DEBUG - Processing 600-th line out of 2500 rows of DP table...
2022-01-04 00:58:30,828 - root - DEBUG - Processing 610-th line out of 2500 rows of DP table...
2022-01-04 00:58:31,477 - root - DEBUG - Processing 620-th line out of 2500 rows of DP table...
2022-01-04 00:58:32,124 - root - DEBUG - Processing 630-th line out of 2500 rows of DP table...
2022-01-04 00:58:32,769 - root - DEBUG - Processing 640-th line out of 2500 rows of DP table...
2022-01-04 00:58:33,407 - root - DEBUG - Processing 650-th line out of 2500 rows of DP table...
2022-01-04 00:58:34,041 - root - DEBUG - Processing 660-th line out of 2500 rows of DP table...
2022-01-04 00:58:34,667 - root - DEBUG - Processing 670-th line out of 2500 rows of DP table...
2022-01-04 00:58:35,288 - root - DEBUG - Processing 680-th line out of 2500 rows of DP table...
2022-01-04 00:58:35,906 - root - DEBUG - Processing 690-th line out of 2500 rows of DP table...
2022-01-04 00:58:36,521 - root - DEBUG - Processing 700-th line out of 2500 rows of DP table...
2022-01-04 00:58:37,135 - root - DEBUG - Processing 710-th line out of 2500 rows of DP table...
2022-01-04 00:58:37,753 - root - DEBUG - Processing 720-th line out of 2500 rows of DP table...
2022-01-04 00:58:38,359 - root - DEBUG - Processing 730-th line out of 2500 rows of DP table...
2022-01-04 00:58:38,962 - root - DEBUG - Processing 740-th line out of 2500 rows of DP table...
2022-01-04 00:58:39,563 - root - DEBUG - Processing 750-th line out of 2500 rows of DP table...
2022-01-04 00:58:40,160 - root - DEBUG - Processing 760-th line out of 2500 rows of DP table...
2022-01-04 00:58:40,753 - root - DEBUG - Processing 770-th line out of 2500 rows of DP table...
2022-01-04 00:58:41,342 - root - DEBUG - Processing 780-th line out of 2500 rows of DP table...
2022-01-04 00:58:41,929 - root - DEBUG - Processing 790-th line out of 2500 rows of DP table...
2022-01-04 00:58:42,535 - root - DEBUG - Processing 800-th line out of 2500 rows of DP table...
2022-01-04 00:58:43,115 - root - DEBUG - Processing 810-th line out of 2500 rows of DP table...
2022-01-04 00:58:43,692 - root - DEBUG - Processing 820-th line out of 2500 rows of DP table...
2022-01-04 00:58:44,265 - root - DEBUG - Processing 830-th line out of 2500 rows of DP table...
2022-01-04 00:58:44,835 - root - DEBUG - Processing 840-th line out of 2500 rows of DP table...
2022-01-04 00:58:45,401 - root - DEBUG - Processing 850-th line out of 2500 rows of DP table...
2022-01-04 00:58:45,965 - root - DEBUG - Processing 860-th line out of 2500 rows of DP table...
2022-01-04 00:58:46,523 - root - DEBUG - Processing 870-th line out of 2500 rows of DP table...
2022-01-04 00:58:47,077 - root - DEBUG - Processing 880-th line out of 2500 rows of DP table...
2022-01-04 00:58:47,630 - root - DEBUG - Processing 890-th line out of 2500 rows of DP table...
2022-01-04 00:58:48,182 - root - DEBUG - Processing 900-th line out of 2500 rows of DP table...
2022-01-04 00:58:48,727 - root - DEBUG - Processing 910-th line out of 2500 rows of DP table...
2022-01-04 00:58:49,271 - root - DEBUG - Processing 920-th line out of 2500 rows of DP table...
2022-01-04 00:58:49,809 - root - DEBUG - Processing 930-th line out of 2500 rows of DP table...
2022-01-04 00:58:50,347 - root - DEBUG - Processing 940-th line out of 2500 rows of DP table...
2022-01-04 00:58:50,879 - root - DEBUG - Processing 950-th line out of 2500 rows of DP table...
2022-01-04 00:58:51,407 - root - DEBUG - Processing 960-th line out of 2500 rows of DP table...
2022-01-04 00:58:51,934 - root - DEBUG - Processing 970-th line out of 2500 rows of DP table...
2022-01-04 00:58:52,456 - root - DEBUG - Processing 980-th line out of 2500 rows of DP table...
2022-01-04 00:58:52,976 - root - DEBUG - Processing 990-th line out of 2500 rows of DP table...
2022-01-04 00:58:53,492 - root - DEBUG - Processing 1000-th line out of 2500 rows of DP table...
2022-01-04 00:58:54,015 - root - DEBUG - Processing 1010-th line out of 2500 rows of DP table...
2022-01-04 00:58:54,528 - root - DEBUG - Processing 1020-th line out of 2500 rows of DP table...
2022-01-04 00:58:55,038 - root - DEBUG - Processing 1030-th line out of 2500 rows of DP table...
2022-01-04 00:58:55,543 - root - DEBUG - Processing 1040-th line out of 2500 rows of DP table...
2022-01-04 00:58:56,046 - root - DEBUG - Processing 1050-th line out of 2500 rows of DP table...
2022-01-04 00:58:56,540 - root - DEBUG - Processing 1060-th line out of 2500 rows of DP table...
2022-01-04 00:58:57,032 - root - DEBUG - Processing 1070-th line out of 2500 rows of DP table...
2022-01-04 00:58:57,522 - root - DEBUG - Processing 1080-th line out of 2500 rows of DP table...
2022-01-04 00:58:58,007 - root - DEBUG - Processing 1090-th line out of 2500 rows of DP table...
2022-01-04 00:58:58,488 - root - DEBUG - Processing 1100-th line out of 2500 rows of DP table...
2022-01-04 00:58:58,968 - root - DEBUG - Processing 1110-th line out of 2500 rows of DP table...
2022-01-04 00:58:59,445 - root - DEBUG - Processing 1120-th line out of 2500 rows of DP table...
2022-01-04 00:58:59,917 - root - DEBUG - Processing 1130-th line out of 2500 rows of DP table...
2022-01-04 00:59:00,387 - root - DEBUG - Processing 1140-th line out of 2500 rows of DP table...
2022-01-04 00:59:00,853 - root - DEBUG - Processing 1150-th line out of 2500 rows of DP table...
2022-01-04 00:59:01,315 - root - DEBUG - Processing 1160-th line out of 2500 rows of DP table...
2022-01-04 00:59:01,776 - root - DEBUG - Processing 1170-th line out of 2500 rows of DP table...
2022-01-04 00:59:02,230 - root - DEBUG - Processing 1180-th line out of 2500 rows of DP table...
2022-01-04 00:59:02,682 - root - DEBUG - Processing 1190-th line out of 2500 rows of DP table...
2022-01-04 00:59:03,136 - root - DEBUG - Processing 1200-th line out of 2500 rows of DP table...
2022-01-04 00:59:03,581 - root - DEBUG - Processing 1210-th line out of 2500 rows of DP table...
2022-01-04 00:59:04,023 - root - DEBUG - Processing 1220-th line out of 2500 rows of DP table...
2022-01-04 00:59:04,461 - root - DEBUG - Processing 1230-th line out of 2500 rows of DP table...
2022-01-04 00:59:04,896 - root - DEBUG - Processing 1240-th line out of 2500 rows of DP table...
2022-01-04 00:59:05,329 - root - DEBUG - Processing 1250-th line out of 2500 rows of DP table...
2022-01-04 00:59:05,762 - root - DEBUG - Processing 1260-th line out of 2500 rows of DP table...
2022-01-04 00:59:06,190 - root - DEBUG - Processing 1270-th line out of 2500 rows of DP table...
2022-01-04 00:59:06,613 - root - DEBUG - Processing 1280-th line out of 2500 rows of DP table...
2022-01-04 00:59:07,036 - root - DEBUG - Processing 1290-th line out of 2500 rows of DP table...
2022-01-04 00:59:07,480 - root - DEBUG - Processing 1300-th line out of 2500 rows of DP table...
2022-01-04 00:59:07,908 - root - DEBUG - Processing 1310-th line out of 2500 rows of DP table...
2022-01-04 00:59:08,317 - root - DEBUG - Processing 1320-th line out of 2500 rows of DP table...
2022-01-04 00:59:08,724 - root - DEBUG - Processing 1330-th line out of 2500 rows of DP table...
2022-01-04 00:59:09,129 - root - DEBUG - Processing 1340-th line out of 2500 rows of DP table...
2022-01-04 00:59:09,527 - root - DEBUG - Processing 1350-th line out of 2500 rows of DP table...
2022-01-04 00:59:09,922 - root - DEBUG - Processing 1360-th line out of 2500 rows of DP table...
2022-01-04 00:59:10,315 - root - DEBUG - Processing 1370-th line out of 2500 rows of DP table...
2022-01-04 00:59:10,704 - root - DEBUG - Processing 1380-th line out of 2500 rows of DP table...
2022-01-04 00:59:11,089 - root - DEBUG - Processing 1390-th line out of 2500 rows of DP table...
2022-01-04 00:59:11,472 - root - DEBUG - Processing 1400-th line out of 2500 rows of DP table...
2022-01-04 00:59:11,851 - root - DEBUG - Processing 1410-th line out of 2500 rows of DP table...
2022-01-04 00:59:12,291 - root - DEBUG - Processing 1420-th line out of 2500 rows of DP table...
2022-01-04 00:59:12,665 - root - DEBUG - Processing 1430-th line out of 2500 rows of DP table...
2022-01-04 00:59:13,041 - root - DEBUG - Processing 1440-th line out of 2500 rows of DP table...
2022-01-04 00:59:13,411 - root - DEBUG - Processing 1450-th line out of 2500 rows of DP table...
2022-01-04 00:59:13,775 - root - DEBUG - Processing 1460-th line out of 2500 rows of DP table...
2022-01-04 00:59:14,137 - root - DEBUG - Processing 1470-th line out of 2500 rows of DP table...
2022-01-04 00:59:14,494 - root - DEBUG - Processing 1480-th line out of 2500 rows of DP table...
2022-01-04 00:59:14,846 - root - DEBUG - Processing 1490-th line out of 2500 rows of DP table...
2022-01-04 00:59:15,197 - root - DEBUG - Processing 1500-th line out of 2500 rows of DP table...
2022-01-04 00:59:15,543 - root - DEBUG - Processing 1510-th line out of 2500 rows of DP table...
2022-01-04 00:59:15,887 - root - DEBUG - Processing 1520-th line out of 2500 rows of DP table...
2022-01-04 00:59:16,263 - root - DEBUG - Processing 1530-th line out of 2500 rows of DP table...
2022-01-04 00:59:16,599 - root - DEBUG - Processing 1540-th line out of 2500 rows of DP table...
2022-01-04 00:59:16,931 - root - DEBUG - Processing 1550-th line out of 2500 rows of DP table...
2022-01-04 00:59:17,260 - root - DEBUG - Processing 1560-th line out of 2500 rows of DP table...
2022-01-04 00:59:17,586 - root - DEBUG - Processing 1570-th line out of 2500 rows of DP table...
2022-01-04 00:59:17,924 - root - DEBUG - Processing 1580-th line out of 2500 rows of DP table...
2022-01-04 00:59:18,248 - root - DEBUG - Processing 1590-th line out of 2500 rows of DP table...
2022-01-04 00:59:18,563 - root - DEBUG - Processing 1600-th line out of 2500 rows of DP table...
2022-01-04 00:59:18,876 - root - DEBUG - Processing 1610-th line out of 2500 rows of DP table...
2022-01-04 00:59:19,186 - root - DEBUG - Processing 1620-th line out of 2500 rows of DP table...
2022-01-04 00:59:19,500 - root - DEBUG - Processing 1630-th line out of 2500 rows of DP table...
2022-01-04 00:59:19,804 - root - DEBUG - Processing 1640-th line out of 2500 rows of DP table...
2022-01-04 00:59:20,105 - root - DEBUG - Processing 1650-th line out of 2500 rows of DP table...
2022-01-04 00:59:20,433 - root - DEBUG - Processing 1660-th line out of 2500 rows of DP table...
2022-01-04 00:59:20,728 - root - DEBUG - Processing 1670-th line out of 2500 rows of DP table...
2022-01-04 00:59:21,022 - root - DEBUG - Processing 1680-th line out of 2500 rows of DP table...
2022-01-04 00:59:21,346 - root - DEBUG - Processing 1690-th line out of 2500 rows of DP table...
2022-01-04 00:59:21,630 - root - DEBUG - Processing 1700-th line out of 2500 rows of DP table...
2022-01-04 00:59:21,910 - root - DEBUG - Processing 1710-th line out of 2500 rows of DP table...
2022-01-04 00:59:22,187 - root - DEBUG - Processing 1720-th line out of 2500 rows of DP table...
2022-01-04 00:59:22,459 - root - DEBUG - Processing 1730-th line out of 2500 rows of DP table...
2022-01-04 00:59:22,751 - root - DEBUG - Processing 1740-th line out of 2500 rows of DP table...
2022-01-04 00:59:23,017 - root - DEBUG - Processing 1750-th line out of 2500 rows of DP table...
2022-01-04 00:59:23,282 - root - DEBUG - Processing 1760-th line out of 2500 rows of DP table...
2022-01-04 00:59:23,542 - root - DEBUG - Processing 1770-th line out of 2500 rows of DP table...
2022-01-04 00:59:23,800 - root - DEBUG - Processing 1780-th line out of 2500 rows of DP table...
2022-01-04 00:59:24,056 - root - DEBUG - Processing 1790-th line out of 2500 rows of DP table...
2022-01-04 00:59:24,307 - root - DEBUG - Processing 1800-th line out of 2500 rows of DP table...
2022-01-04 00:59:24,556 - root - DEBUG - Processing 1810-th line out of 2500 rows of DP table...
2022-01-04 00:59:24,801 - root - DEBUG - Processing 1820-th line out of 2500 rows of DP table...
2022-01-04 00:59:25,042 - root - DEBUG - Processing 1830-th line out of 2500 rows of DP table...
2022-01-04 00:59:25,281 - root - DEBUG - Processing 1840-th line out of 2500 rows of DP table...
2022-01-04 00:59:25,516 - root - DEBUG - Processing 1850-th line out of 2500 rows of DP table...
2022-01-04 00:59:25,747 - root - DEBUG - Processing 1860-th line out of 2500 rows of DP table...
2022-01-04 00:59:25,983 - root - DEBUG - Processing 1870-th line out of 2500 rows of DP table...
2022-01-04 00:59:26,209 - root - DEBUG - Processing 1880-th line out of 2500 rows of DP table...
2022-01-04 00:59:26,431 - root - DEBUG - Processing 1890-th line out of 2500 rows of DP table...
2022-01-04 00:59:26,650 - root - DEBUG - Processing 1900-th line out of 2500 rows of DP table...
2022-01-04 00:59:26,863 - root - DEBUG - Processing 1910-th line out of 2500 rows of DP table...
2022-01-04 00:59:27,074 - root - DEBUG - Processing 1920-th line out of 2500 rows of DP table...
2022-01-04 00:59:27,283 - root - DEBUG - Processing 1930-th line out of 2500 rows of DP table...
2022-01-04 00:59:27,487 - root - DEBUG - Processing 1940-th line out of 2500 rows of DP table...
2022-01-04 00:59:27,688 - root - DEBUG - Processing 1950-th line out of 2500 rows of DP table...
2022-01-04 00:59:27,885 - root - DEBUG - Processing 1960-th line out of 2500 rows of DP table...
2022-01-04 00:59:28,079 - root - DEBUG - Processing 1970-th line out of 2500 rows of DP table...
2022-01-04 00:59:28,271 - root - DEBUG - Processing 1980-th line out of 2500 rows of DP table...
2022-01-04 00:59:28,459 - root - DEBUG - Processing 1990-th line out of 2500 rows of DP table...
2022-01-04 00:59:28,644 - root - DEBUG - Processing 2000-th line out of 2500 rows of DP table...
2022-01-04 00:59:28,826 - root - DEBUG - Processing 2010-th line out of 2500 rows of DP table...
2022-01-04 00:59:29,004 - root - DEBUG - Processing 2020-th line out of 2500 rows of DP table...
2022-01-04 00:59:29,178 - root - DEBUG - Processing 2030-th line out of 2500 rows of DP table...
2022-01-04 00:59:29,349 - root - DEBUG - Processing 2040-th line out of 2500 rows of DP table...
2022-01-04 00:59:29,516 - root - DEBUG - Processing 2050-th line out of 2500 rows of DP table...
2022-01-04 00:59:29,681 - root - DEBUG - Processing 2060-th line out of 2500 rows of DP table...
2022-01-04 00:59:29,842 - root - DEBUG - Processing 2070-th line out of 2500 rows of DP table...
2022-01-04 00:59:29,999 - root - DEBUG - Processing 2080-th line out of 2500 rows of DP table...
2022-01-04 00:59:30,153 - root - DEBUG - Processing 2090-th line out of 2500 rows of DP table...
2022-01-04 00:59:30,303 - root - DEBUG - Processing 2100-th line out of 2500 rows of DP table...
2022-01-04 00:59:30,453 - root - DEBUG - Processing 2110-th line out of 2500 rows of DP table...
2022-01-04 00:59:30,597 - root - DEBUG - Processing 2120-th line out of 2500 rows of DP table...
2022-01-04 00:59:30,738 - root - DEBUG - Processing 2130-th line out of 2500 rows of DP table...
2022-01-04 00:59:30,876 - root - DEBUG - Processing 2140-th line out of 2500 rows of DP table...
2022-01-04 00:59:31,009 - root - DEBUG - Processing 2150-th line out of 2500 rows of DP table...
2022-01-04 00:59:31,139 - root - DEBUG - Processing 2160-th line out of 2500 rows of DP table...
2022-01-04 00:59:31,265 - root - DEBUG - Processing 2170-th line out of 2500 rows of DP table...
2022-01-04 00:59:31,389 - root - DEBUG - Processing 2180-th line out of 2500 rows of DP table...
2022-01-04 00:59:31,509 - root - DEBUG - Processing 2190-th line out of 2500 rows of DP table...
2022-01-04 00:59:31,626 - root - DEBUG - Processing 2200-th line out of 2500 rows of DP table...
2022-01-04 00:59:31,739 - root - DEBUG - Processing 2210-th line out of 2500 rows of DP table...
2022-01-04 00:59:31,848 - root - DEBUG - Processing 2220-th line out of 2500 rows of DP table...
2022-01-04 00:59:31,955 - root - DEBUG - Processing 2230-th line out of 2500 rows of DP table...
2022-01-04 00:59:32,059 - root - DEBUG - Processing 2240-th line out of 2500 rows of DP table...
2022-01-04 00:59:32,158 - root - DEBUG - Processing 2250-th line out of 2500 rows of DP table...
2022-01-04 00:59:32,256 - root - DEBUG - Processing 2260-th line out of 2500 rows of DP table...
2022-01-04 00:59:32,350 - root - DEBUG - Processing 2270-th line out of 2500 rows of DP table...
2022-01-04 00:59:32,472 - root - DEBUG - Processing 2280-th line out of 2500 rows of DP table...
2022-01-04 00:59:32,560 - root - DEBUG - Processing 2290-th line out of 2500 rows of DP table...
2022-01-04 00:59:32,644 - root - DEBUG - Processing 2300-th line out of 2500 rows of DP table...
2022-01-04 00:59:32,724 - root - DEBUG - Processing 2310-th line out of 2500 rows of DP table...
2022-01-04 00:59:32,802 - root - DEBUG - Processing 2320-th line out of 2500 rows of DP table...
2022-01-04 00:59:32,876 - root - DEBUG - Processing 2330-th line out of 2500 rows of DP table...
2022-01-04 00:59:32,946 - root - DEBUG - Processing 2340-th line out of 2500 rows of DP table...
2022-01-04 00:59:33,013 - root - DEBUG - Processing 2350-th line out of 2500 rows of DP table...
2022-01-04 00:59:33,076 - root - DEBUG - Processing 2360-th line out of 2500 rows of DP table...
2022-01-04 00:59:33,136 - root - DEBUG - Processing 2370-th line out of 2500 rows of DP table...
2022-01-04 00:59:33,192 - root - DEBUG - Processing 2380-th line out of 2500 rows of DP table...
2022-01-04 00:59:33,248 - root - DEBUG - Processing 2390-th line out of 2500 rows of DP table...
2022-01-04 00:59:33,297 - root - DEBUG - Processing 2400-th line out of 2500 rows of DP table...
2022-01-04 00:59:33,344 - root - DEBUG - Processing 2410-th line out of 2500 rows of DP table...
2022-01-04 00:59:33,387 - root - DEBUG - Processing 2420-th line out of 2500 rows of DP table...
2022-01-04 00:59:33,425 - root - DEBUG - Processing 2430-th line out of 2500 rows of DP table...
2022-01-04 00:59:33,481 - root - DEBUG - Processing 2440-th line out of 2500 rows of DP table...
2022-01-04 00:59:33,512 - root - DEBUG - Processing 2450-th line out of 2500 rows of DP table...
2022-01-04 00:59:33,541 - root - DEBUG - Processing 2460-th line out of 2500 rows of DP table...
2022-01-04 00:59:33,567 - root - DEBUG - Processing 2470-th line out of 2500 rows of DP table...
2022-01-04 00:59:33,589 - root - DEBUG - Processing 2480-th line out of 2500 rows of DP table...
2022-01-04 00:59:33,609 - root - DEBUG - Processing 2490-th line out of 2500 rows of DP table...
2022-01-04 00:59:33,625 - root - DEBUG - Processing 2500-th line out of 2500 rows of DP table...
2022-01-04 00:59:33,642 - root - DEBUG - Started computing joint logprobs...
