2022-01-04 00:57:43,987 - root - INFO - Loading reference interval set from '211227-2-sim/g22_5.ref.tsv'...
2022-01-04 00:57:43,990 - root - INFO - Loading query interval set from '211227-2-sim/g22_5.query.tsv'...
2022-01-04 00:57:43,993 - root - INFO - Loading chromosome sizes from '211227-2-sim/g22_sizes.tsv'...
2022-01-04 00:57:43,996 - root - INFO - Number of reference intervals: 2500 (2500 before merging)
2022-01-04 00:57:43,998 - root - INFO - Number of query intervals: 50 (50 before merging)
2022-01-04 00:57:43,999 - root - INFO - Number of chromosomes: 1
2022-01-04 00:57:44,003 - root - INFO - Overlap count: 28
2022-01-04 00:57:44,005 - root - DEBUG - Started computing sf for chromosome 'chr1'...
2022-01-04 00:57:44,006 - root - DEBUG - m=2500, n=50
2022-01-04 00:57:44,811 - root - DEBUG - Processing 10-th line out of 2500 rows of DP table...
2022-01-04 00:57:45,641 - root - DEBUG - Processing 20-th line out of 2500 rows of DP table...
2022-01-04 00:57:46,489 - root - DEBUG - Processing 30-th line out of 2500 rows of DP table...
2022-01-04 00:57:47,309 - root - DEBUG - Processing 40-th line out of 2500 rows of DP table...
2022-01-04 00:57:48,127 - root - DEBUG - Processing 50-th line out of 2500 rows of DP table...
2022-01-04 00:57:48,954 - root - DEBUG - Processing 60-th line out of 2500 rows of DP table...
2022-01-04 00:57:49,839 - root - DEBUG - Processing 70-th line out of 2500 rows of DP table...
2022-01-04 00:57:50,675 - root - DEBUG - Processing 80-th line out of 2500 rows of DP table...
2022-01-04 00:57:51,535 - root - DEBUG - Processing 90-th line out of 2500 rows of DP table...
2022-01-04 00:57:52,381 - root - DEBUG - Processing 100-th line out of 2500 rows of DP table...
2022-01-04 00:57:53,185 - root - DEBUG - Processing 110-th line out of 2500 rows of DP table...
2022-01-04 00:57:54,021 - root - DEBUG - Processing 120-th line out of 2500 rows of DP table...
2022-01-04 00:57:54,834 - root - DEBUG - Processing 130-th line out of 2500 rows of DP table...
2022-01-04 00:57:55,630 - root - DEBUG - Processing 140-th line out of 2500 rows of DP table...
2022-01-04 00:57:56,425 - root - DEBUG - Processing 150-th line out of 2500 rows of DP table...
2022-01-04 00:57:57,227 - root - DEBUG - Processing 160-th line out of 2500 rows of DP table...
2022-01-04 00:57:58,051 - root - DEBUG - Processing 170-th line out of 2500 rows of DP table...
2022-01-04 00:57:58,868 - root - DEBUG - Processing 180-th line out of 2500 rows of DP table...
2022-01-04 00:57:59,689 - root - DEBUG - Processing 190-th line out of 2500 rows of DP table...
2022-01-04 00:58:00,468 - root - DEBUG - Processing 200-th line out of 2500 rows of DP table...
2022-01-04 00:58:01,247 - root - DEBUG - Processing 210-th line out of 2500 rows of DP table...
2022-01-04 00:58:02,024 - root - DEBUG - Processing 220-th line out of 2500 rows of DP table...
2022-01-04 00:58:02,793 - root - DEBUG - Processing 230-th line out of 2500 rows of DP table...
2022-01-04 00:58:03,567 - root - DEBUG - Processing 240-th line out of 2500 rows of DP table...
2022-01-04 00:58:04,339 - root - DEBUG - Processing 250-th line out of 2500 rows of DP table...
2022-01-04 00:58:05,100 - root - DEBUG - Processing 260-th line out of 2500 rows of DP table...
2022-01-04 00:58:05,863 - root - DEBUG - Processing 270-th line out of 2500 rows of DP table...
2022-01-04 00:58:06,624 - root - DEBUG - Processing 280-th line out of 2500 rows of DP table...
2022-01-04 00:58:07,407 - root - DEBUG - Processing 290-th line out of 2500 rows of DP table...
2022-01-04 00:58:08,159 - root - DEBUG - Processing 300-th line out of 2500 rows of DP table...
2022-01-04 00:58:08,908 - root - DEBUG - Processing 310-th line out of 2500 rows of DP table...
2022-01-04 00:58:09,645 - root - DEBUG - Processing 320-th line out of 2500 rows of DP table...
2022-01-04 00:58:10,401 - root - DEBUG - Processing 330-th line out of 2500 rows of DP table...
2022-01-04 00:58:11,129 - root - DEBUG - Processing 340-th line out of 2500 rows of DP table...
2022-01-04 00:58:11,850 - root - DEBUG - Processing 350-th line out of 2500 rows of DP table...
2022-01-04 00:58:12,577 - root - DEBUG - Processing 360-th line out of 2500 rows of DP table...
2022-01-04 00:58:13,322 - root - DEBUG - Processing 370-th line out of 2500 rows of DP table...
2022-01-04 00:58:14,036 - root - DEBUG - Processing 380-th line out of 2500 rows of DP table...
2022-01-04 00:58:14,753 - root - DEBUG - Processing 390-th line out of 2500 rows of DP table...
2022-01-04 00:58:15,458 - root - DEBUG - Processing 400-th line out of 2500 rows of DP table...
2022-01-04 00:58:16,162 - root - DEBUG - Processing 410-th line out of 2500 rows of DP table...
2022-01-04 00:58:16,869 - root - DEBUG - Processing 420-th line out of 2500 rows of DP table...
2022-01-04 00:58:17,562 - root - DEBUG - Processing 430-th line out of 2500 rows of DP table...
2022-01-04 00:58:18,261 - root - DEBUG - Processing 440-th line out of 2500 rows of DP table...
2022-01-04 00:58:18,963 - root - DEBUG - Processing 450-th line out of 2500 rows of DP table...
2022-01-04 00:58:19,648 - root - DEBUG - Processing 460-th line out of 2500 rows of DP table...
2022-01-04 00:58:20,336 - root - DEBUG - Processing 470-th line out of 2500 rows of DP table...
2022-01-04 00:58:21,018 - root - DEBUG - Processing 480-th line out of 2500 rows of DP table...
2022-01-04 00:58:21,698 - root - DEBUG - Processing 490-th line out of 2500 rows of DP table...
2022-01-04 00:58:22,376 - root - DEBUG - Processing 500-th line out of 2500 rows of DP table...
2022-01-04 00:58:23,044 - root - DEBUG - Processing 510-th line out of 2500 rows of DP table...
2022-01-04 00:58:23,715 - root - DEBUG - Processing 520-th line out of 2500 rows of DP table...
2022-01-04 00:58:24,375 - root - DEBUG - Processing 530-th line out of 2500 rows of DP table...
2022-01-04 00:58:25,040 - root - DEBUG - Processing 540-th line out of 2500 rows of DP table...
2022-01-04 00:58:25,697 - root - DEBUG - Processing 550-th line out of 2500 rows of DP table...
2022-01-04 00:58:26,354 - root - DEBUG - Processing 560-th line out of 2500 rows of DP table...
2022-01-04 00:58:27,006 - root - DEBUG - Processing 570-th line out of 2500 rows of DP table...
2022-01-04 00:58:27,651 - root - DEBUG - Processing 580-th line out of 2500 rows of DP table...
2022-01-04 00:58:28,297 - root - DEBUG - Processing 590-th line out of 2500 rows of DP table...
2022-01-04 00:58:28,938 - root - DEBUG - Processing 600-th line out of 2500 rows of DP table...
2022-01-04 00:58:29,582 - root - DEBUG - Processing 610-th line out of 2500 rows of DP table...
2022-01-04 00:58:30,217 - root - DEBUG - Processing 620-th line out of 2500 rows of DP table...
2022-01-04 00:58:30,854 - root - DEBUG - Processing 630-th line out of 2500 rows of DP table...
2022-01-04 00:58:31,487 - root - DEBUG - Processing 640-th line out of 2500 rows of DP table...
2022-01-04 00:58:32,112 - root - DEBUG - Processing 650-th line out of 2500 rows of DP table...
2022-01-04 00:58:32,738 - root - DEBUG - Processing 660-th line out of 2500 rows of DP table...
2022-01-04 00:58:33,358 - root - DEBUG - Processing 670-th line out of 2500 rows of DP table...
2022-01-04 00:58:33,976 - root - DEBUG - Processing 680-th line out of 2500 rows of DP table...
2022-01-04 00:58:34,638 - root - DEBUG - Processing 690-th line out of 2500 rows of DP table...
2022-01-04 00:58:35,249 - root - DEBUG - Processing 700-th line out of 2500 rows of DP table...
2022-01-04 00:58:35,848 - root - DEBUG - Processing 710-th line out of 2500 rows of DP table...
2022-01-04 00:58:36,451 - root - DEBUG - Processing 720-th line out of 2500 rows of DP table...
2022-01-04 00:58:37,046 - root - DEBUG - Processing 730-th line out of 2500 rows of DP table...
2022-01-04 00:58:37,643 - root - DEBUG - Processing 740-th line out of 2500 rows of DP table...
2022-01-04 00:58:38,232 - root - DEBUG - Processing 750-th line out of 2500 rows of DP table...
2022-01-04 00:58:38,824 - root - DEBUG - Processing 760-th line out of 2500 rows of DP table...
2022-01-04 00:58:39,402 - root - DEBUG - Processing 770-th line out of 2500 rows of DP table...
2022-01-04 00:58:39,988 - root - DEBUG - Processing 780-th line out of 2500 rows of DP table...
2022-01-04 00:58:40,568 - root - DEBUG - Processing 790-th line out of 2500 rows of DP table...
2022-01-04 00:58:41,135 - root - DEBUG - Processing 800-th line out of 2500 rows of DP table...
2022-01-04 00:58:41,704 - root - DEBUG - Processing 810-th line out of 2500 rows of DP table...
2022-01-04 00:58:42,267 - root - DEBUG - Processing 820-th line out of 2500 rows of DP table...
2022-01-04 00:58:42,830 - root - DEBUG - Processing 830-th line out of 2500 rows of DP table...
2022-01-04 00:58:43,391 - root - DEBUG - Processing 840-th line out of 2500 rows of DP table...
2022-01-04 00:58:43,949 - root - DEBUG - Processing 850-th line out of 2500 rows of DP table...
2022-01-04 00:58:44,499 - root - DEBUG - Processing 860-th line out of 2500 rows of DP table...
2022-01-04 00:58:45,050 - root - DEBUG - Processing 870-th line out of 2500 rows of DP table...
2022-01-04 00:58:45,596 - root - DEBUG - Processing 880-th line out of 2500 rows of DP table...
2022-01-04 00:58:46,139 - root - DEBUG - Processing 890-th line out of 2500 rows of DP table...
2022-01-04 00:58:46,676 - root - DEBUG - Processing 900-th line out of 2500 rows of DP table...
2022-01-04 00:58:47,208 - root - DEBUG - Processing 910-th line out of 2500 rows of DP table...
2022-01-04 00:58:47,741 - root - DEBUG - Processing 920-th line out of 2500 rows of DP table...
2022-01-04 00:58:48,268 - root - DEBUG - Processing 930-th line out of 2500 rows of DP table...
2022-01-04 00:58:48,796 - root - DEBUG - Processing 940-th line out of 2500 rows of DP table...
2022-01-04 00:58:49,316 - root - DEBUG - Processing 950-th line out of 2500 rows of DP table...
2022-01-04 00:58:49,837 - root - DEBUG - Processing 960-th line out of 2500 rows of DP table...
2022-01-04 00:58:50,353 - root - DEBUG - Processing 970-th line out of 2500 rows of DP table...
2022-01-04 00:58:50,867 - root - DEBUG - Processing 980-th line out of 2500 rows of DP table...
2022-01-04 00:58:51,374 - root - DEBUG - Processing 990-th line out of 2500 rows of DP table...
2022-01-04 00:58:51,884 - root - DEBUG - Processing 1000-th line out of 2500 rows of DP table...
2022-01-04 00:58:52,387 - root - DEBUG - Processing 1010-th line out of 2500 rows of DP table...
2022-01-04 00:58:52,885 - root - DEBUG - Processing 1020-th line out of 2500 rows of DP table...
2022-01-04 00:58:53,383 - root - DEBUG - Processing 1030-th line out of 2500 rows of DP table...
2022-01-04 00:58:53,874 - root - DEBUG - Processing 1040-th line out of 2500 rows of DP table...
2022-01-04 00:58:54,371 - root - DEBUG - Processing 1050-th line out of 2500 rows of DP table...
2022-01-04 00:58:54,857 - root - DEBUG - Processing 1060-th line out of 2500 rows of DP table...
2022-01-04 00:58:55,343 - root - DEBUG - Processing 1070-th line out of 2500 rows of DP table...
2022-01-04 00:58:55,821 - root - DEBUG - Processing 1080-th line out of 2500 rows of DP table...
2022-01-04 00:58:56,297 - root - DEBUG - Processing 1090-th line out of 2500 rows of DP table...
2022-01-04 00:58:56,772 - root - DEBUG - Processing 1100-th line out of 2500 rows of DP table...
2022-01-04 00:58:57,242 - root - DEBUG - Processing 1110-th line out of 2500 rows of DP table...
2022-01-04 00:58:57,712 - root - DEBUG - Processing 1120-th line out of 2500 rows of DP table...
2022-01-04 00:58:58,173 - root - DEBUG - Processing 1130-th line out of 2500 rows of DP table...
2022-01-04 00:58:58,630 - root - DEBUG - Processing 1140-th line out of 2500 rows of DP table...
2022-01-04 00:58:59,090 - root - DEBUG - Processing 1150-th line out of 2500 rows of DP table...
2022-01-04 00:58:59,542 - root - DEBUG - Processing 1160-th line out of 2500 rows of DP table...
2022-01-04 00:58:59,995 - root - DEBUG - Processing 1170-th line out of 2500 rows of DP table...
2022-01-04 00:59:00,443 - root - DEBUG - Processing 1180-th line out of 2500 rows of DP table...
2022-01-04 00:59:00,884 - root - DEBUG - Processing 1190-th line out of 2500 rows of DP table...
2022-01-04 00:59:01,327 - root - DEBUG - Processing 1200-th line out of 2500 rows of DP table...
2022-01-04 00:59:01,763 - root - DEBUG - Processing 1210-th line out of 2500 rows of DP table...
2022-01-04 00:59:02,201 - root - DEBUG - Processing 1220-th line out of 2500 rows of DP table...
2022-01-04 00:59:02,631 - root - DEBUG - Processing 1230-th line out of 2500 rows of DP table...
2022-01-04 00:59:03,060 - root - DEBUG - Processing 1240-th line out of 2500 rows of DP table...
2022-01-04 00:59:03,488 - root - DEBUG - Processing 1250-th line out of 2500 rows of DP table...
2022-01-04 00:59:03,912 - root - DEBUG - Processing 1260-th line out of 2500 rows of DP table...
2022-01-04 00:59:04,327 - root - DEBUG - Processing 1270-th line out of 2500 rows of DP table...
2022-01-04 00:59:04,742 - root - DEBUG - Processing 1280-th line out of 2500 rows of DP table...
2022-01-04 00:59:05,168 - root - DEBUG - Processing 1290-th line out of 2500 rows of DP table...
2022-01-04 00:59:05,583 - root - DEBUG - Processing 1300-th line out of 2500 rows of DP table...
2022-01-04 00:59:05,987 - root - DEBUG - Processing 1310-th line out of 2500 rows of DP table...
2022-01-04 00:59:06,388 - root - DEBUG - Processing 1320-th line out of 2500 rows of DP table...
2022-01-04 00:59:06,787 - root - DEBUG - Processing 1330-th line out of 2500 rows of DP table...
2022-01-04 00:59:07,181 - root - DEBUG - Processing 1340-th line out of 2500 rows of DP table...
2022-01-04 00:59:07,593 - root - DEBUG - Processing 1350-th line out of 2500 rows of DP table...
2022-01-04 00:59:07,984 - root - DEBUG - Processing 1360-th line out of 2500 rows of DP table...
2022-01-04 00:59:08,368 - root - DEBUG - Processing 1370-th line out of 2500 rows of DP table...
2022-01-04 00:59:08,748 - root - DEBUG - Processing 1380-th line out of 2500 rows of DP table...
2022-01-04 00:59:09,130 - root - DEBUG - Processing 1390-th line out of 2500 rows of DP table...
2022-01-04 00:59:09,508 - root - DEBUG - Processing 1400-th line out of 2500 rows of DP table...
2022-01-04 00:59:09,878 - root - DEBUG - Processing 1410-th line out of 2500 rows of DP table...
2022-01-04 00:59:10,249 - root - DEBUG - Processing 1420-th line out of 2500 rows of DP table...
2022-01-04 00:59:10,613 - root - DEBUG - Processing 1430-th line out of 2500 rows of DP table...
2022-01-04 00:59:10,974 - root - DEBUG - Processing 1440-th line out of 2500 rows of DP table...
2022-01-04 00:59:11,336 - root - DEBUG - Processing 1450-th line out of 2500 rows of DP table...
2022-01-04 00:59:11,690 - root - DEBUG - Processing 1460-th line out of 2500 rows of DP table...
2022-01-04 00:59:12,070 - root - DEBUG - Processing 1470-th line out of 2500 rows of DP table...
2022-01-04 00:59:12,423 - root - DEBUG - Processing 1480-th line out of 2500 rows of DP table...
2022-01-04 00:59:12,845 - root - DEBUG - Processing 1490-th line out of 2500 rows of DP table...
2022-01-04 00:59:13,185 - root - DEBUG - Processing 1500-th line out of 2500 rows of DP table...
2022-01-04 00:59:13,530 - root - DEBUG - Processing 1510-th line out of 2500 rows of DP table...
2022-01-04 00:59:13,868 - root - DEBUG - Processing 1520-th line out of 2500 rows of DP table...
2022-01-04 00:59:14,200 - root - DEBUG - Processing 1530-th line out of 2500 rows of DP table...
2022-01-04 00:59:14,532 - root - DEBUG - Processing 1540-th line out of 2500 rows of DP table...
2022-01-04 00:59:14,857 - root - DEBUG - Processing 1550-th line out of 2500 rows of DP table...
2022-01-04 00:59:15,181 - root - DEBUG - Processing 1560-th line out of 2500 rows of DP table...
2022-01-04 00:59:15,500 - root - DEBUG - Processing 1570-th line out of 2500 rows of DP table...
2022-01-04 00:59:15,820 - root - DEBUG - Processing 1580-th line out of 2500 rows of DP table...
2022-01-04 00:59:16,178 - root - DEBUG - Processing 1590-th line out of 2500 rows of DP table...
2022-01-04 00:59:16,512 - root - DEBUG - Processing 1600-th line out of 2500 rows of DP table...
2022-01-04 00:59:16,821 - root - DEBUG - Processing 1610-th line out of 2500 rows of DP table...
2022-01-04 00:59:17,122 - root - DEBUG - Processing 1620-th line out of 2500 rows of DP table...
2022-01-04 00:59:17,422 - root - DEBUG - Processing 1630-th line out of 2500 rows of DP table...
2022-01-04 00:59:17,717 - root - DEBUG - Processing 1640-th line out of 2500 rows of DP table...
2022-01-04 00:59:18,063 - root - DEBUG - Processing 1650-th line out of 2500 rows of DP table...
2022-01-04 00:59:18,380 - root - DEBUG - Processing 1660-th line out of 2500 rows of DP table...
2022-01-04 00:59:18,665 - root - DEBUG - Processing 1670-th line out of 2500 rows of DP table...
2022-01-04 00:59:18,949 - root - DEBUG - Processing 1680-th line out of 2500 rows of DP table...
2022-01-04 00:59:19,232 - root - DEBUG - Processing 1690-th line out of 2500 rows of DP table...
2022-01-04 00:59:19,507 - root - DEBUG - Processing 1700-th line out of 2500 rows of DP table...
2022-01-04 00:59:19,780 - root - DEBUG - Processing 1710-th line out of 2500 rows of DP table...
2022-01-04 00:59:20,051 - root - DEBUG - Processing 1720-th line out of 2500 rows of DP table...
2022-01-04 00:59:20,353 - root - DEBUG - Processing 1730-th line out of 2500 rows of DP table...
2022-01-04 00:59:20,618 - root - DEBUG - Processing 1740-th line out of 2500 rows of DP table...
2022-01-04 00:59:20,879 - root - DEBUG - Processing 1750-th line out of 2500 rows of DP table...
2022-01-04 00:59:21,140 - root - DEBUG - Processing 1760-th line out of 2500 rows of DP table...
2022-01-04 00:59:21,418 - root - DEBUG - Processing 1770-th line out of 2500 rows of DP table...
2022-01-04 00:59:21,669 - root - DEBUG - Processing 1780-th line out of 2500 rows of DP table...
2022-01-04 00:59:21,916 - root - DEBUG - Processing 1790-th line out of 2500 rows of DP table...
2022-01-04 00:59:22,159 - root - DEBUG - Processing 1800-th line out of 2500 rows of DP table...
2022-01-04 00:59:22,404 - root - DEBUG - Processing 1810-th line out of 2500 rows of DP table...
2022-01-04 00:59:22,678 - root - DEBUG - Processing 1820-th line out of 2500 rows of DP table...
2022-01-04 00:59:22,912 - root - DEBUG - Processing 1830-th line out of 2500 rows of DP table...
2022-01-04 00:59:23,142 - root - DEBUG - Processing 1840-th line out of 2500 rows of DP table...
2022-01-04 00:59:23,374 - root - DEBUG - Processing 1850-th line out of 2500 rows of DP table...
2022-01-04 00:59:23,600 - root - DEBUG - Processing 1860-th line out of 2500 rows of DP table...
2022-01-04 00:59:23,822 - root - DEBUG - Processing 1870-th line out of 2500 rows of DP table...
2022-01-04 00:59:24,043 - root - DEBUG - Processing 1880-th line out of 2500 rows of DP table...
2022-01-04 00:59:24,259 - root - DEBUG - Processing 1890-th line out of 2500 rows of DP table...
2022-01-04 00:59:24,477 - root - DEBUG - Processing 1900-th line out of 2500 rows of DP table...
2022-01-04 00:59:24,686 - root - DEBUG - Processing 1910-th line out of 2500 rows of DP table...
2022-01-04 00:59:24,892 - root - DEBUG - Processing 1920-th line out of 2500 rows of DP table...
2022-01-04 00:59:25,095 - root - DEBUG - Processing 1930-th line out of 2500 rows of DP table...
2022-01-04 00:59:25,295 - root - DEBUG - Processing 1940-th line out of 2500 rows of DP table...
2022-01-04 00:59:25,493 - root - DEBUG - Processing 1950-th line out of 2500 rows of DP table...
2022-01-04 00:59:25,693 - root - DEBUG - Processing 1960-th line out of 2500 rows of DP table...
2022-01-04 00:59:25,883 - root - DEBUG - Processing 1970-th line out of 2500 rows of DP table...
2022-01-04 00:59:26,071 - root - DEBUG - Processing 1980-th line out of 2500 rows of DP table...
2022-01-04 00:59:26,254 - root - DEBUG - Processing 1990-th line out of 2500 rows of DP table...
2022-01-04 00:59:26,434 - root - DEBUG - Processing 2000-th line out of 2500 rows of DP table...
2022-01-04 00:59:26,611 - root - DEBUG - Processing 2010-th line out of 2500 rows of DP table...
2022-01-04 00:59:26,789 - root - DEBUG - Processing 2020-th line out of 2500 rows of DP table...
2022-01-04 00:59:26,960 - root - DEBUG - Processing 2030-th line out of 2500 rows of DP table...
2022-01-04 00:59:27,127 - root - DEBUG - Processing 2040-th line out of 2500 rows of DP table...
2022-01-04 00:59:27,291 - root - DEBUG - Processing 2050-th line out of 2500 rows of DP table...
2022-01-04 00:59:27,452 - root - DEBUG - Processing 2060-th line out of 2500 rows of DP table...
2022-01-04 00:59:27,610 - root - DEBUG - Processing 2070-th line out of 2500 rows of DP table...
2022-01-04 00:59:27,765 - root - DEBUG - Processing 2080-th line out of 2500 rows of DP table...
2022-01-04 00:59:27,921 - root - DEBUG - Processing 2090-th line out of 2500 rows of DP table...
2022-01-04 00:59:28,069 - root - DEBUG - Processing 2100-th line out of 2500 rows of DP table...
2022-01-04 00:59:28,213 - root - DEBUG - Processing 2110-th line out of 2500 rows of DP table...
2022-01-04 00:59:28,354 - root - DEBUG - Processing 2120-th line out of 2500 rows of DP table...
2022-01-04 00:59:28,491 - root - DEBUG - Processing 2130-th line out of 2500 rows of DP table...
2022-01-04 00:59:28,626 - root - DEBUG - Processing 2140-th line out of 2500 rows of DP table...
2022-01-04 00:59:28,758 - root - DEBUG - Processing 2150-th line out of 2500 rows of DP table...
2022-01-04 00:59:28,886 - root - DEBUG - Processing 2160-th line out of 2500 rows of DP table...
2022-01-04 00:59:29,011 - root - DEBUG - Processing 2170-th line out of 2500 rows of DP table...
2022-01-04 00:59:29,136 - root - DEBUG - Processing 2180-th line out of 2500 rows of DP table...
2022-01-04 00:59:29,254 - root - DEBUG - Processing 2190-th line out of 2500 rows of DP table...
2022-01-04 00:59:29,368 - root - DEBUG - Processing 2200-th line out of 2500 rows of DP table...
2022-01-04 00:59:29,478 - root - DEBUG - Processing 2210-th line out of 2500 rows of DP table...
2022-01-04 00:59:29,585 - root - DEBUG - Processing 2220-th line out of 2500 rows of DP table...
2022-01-04 00:59:29,690 - root - DEBUG - Processing 2230-th line out of 2500 rows of DP table...
2022-01-04 00:59:29,792 - root - DEBUG - Processing 2240-th line out of 2500 rows of DP table...
2022-01-04 00:59:29,890 - root - DEBUG - Processing 2250-th line out of 2500 rows of DP table...
2022-01-04 00:59:29,986 - root - DEBUG - Processing 2260-th line out of 2500 rows of DP table...
2022-01-04 00:59:30,077 - root - DEBUG - Processing 2270-th line out of 2500 rows of DP table...
2022-01-04 00:59:30,170 - root - DEBUG - Processing 2280-th line out of 2500 rows of DP table...
2022-01-04 00:59:30,255 - root - DEBUG - Processing 2290-th line out of 2500 rows of DP table...
2022-01-04 00:59:30,336 - root - DEBUG - Processing 2300-th line out of 2500 rows of DP table...
2022-01-04 00:59:30,414 - root - DEBUG - Processing 2310-th line out of 2500 rows of DP table...
2022-01-04 00:59:30,489 - root - DEBUG - Processing 2320-th line out of 2500 rows of DP table...
2022-01-04 00:59:30,560 - root - DEBUG - Processing 2330-th line out of 2500 rows of DP table...
2022-01-04 00:59:30,629 - root - DEBUG - Processing 2340-th line out of 2500 rows of DP table...
2022-01-04 00:59:30,694 - root - DEBUG - Processing 2350-th line out of 2500 rows of DP table...
2022-01-04 00:59:30,755 - root - DEBUG - Processing 2360-th line out of 2500 rows of DP table...
2022-01-04 00:59:30,813 - root - DEBUG - Processing 2370-th line out of 2500 rows of DP table...
2022-01-04 00:59:30,867 - root - DEBUG - Processing 2380-th line out of 2500 rows of DP table...
2022-01-04 00:59:30,919 - root - DEBUG - Processing 2390-th line out of 2500 rows of DP table...
2022-01-04 00:59:30,968 - root - DEBUG - Processing 2400-th line out of 2500 rows of DP table...
2022-01-04 00:59:31,013 - root - DEBUG - Processing 2410-th line out of 2500 rows of DP table...
2022-01-04 00:59:31,054 - root - DEBUG - Processing 2420-th line out of 2500 rows of DP table...
2022-01-04 00:59:31,093 - root - DEBUG - Processing 2430-th line out of 2500 rows of DP table...
2022-01-04 00:59:31,129 - root - DEBUG - Processing 2440-th line out of 2500 rows of DP table...
2022-01-04 00:59:31,161 - root - DEBUG - Processing 2450-th line out of 2500 rows of DP table...
2022-01-04 00:59:31,190 - root - DEBUG - Processing 2460-th line out of 2500 rows of DP table...
2022-01-04 00:59:31,216 - root - DEBUG - Processing 2470-th line out of 2500 rows of DP table...
2022-01-04 00:59:31,238 - root - DEBUG - Processing 2480-th line out of 2500 rows of DP table...
2022-01-04 00:59:31,257 - root - DEBUG - Processing 2490-th line out of 2500 rows of DP table...
2022-01-04 00:59:31,272 - root - DEBUG - Processing 2500-th line out of 2500 rows of DP table...
2022-01-04 00:59:31,286 - root - DEBUG - Started computing joint logprobs...
