2022-01-04 00:57:44,449 - root - INFO - Loading reference interval set from '211227-2-sim/g22_8.ref.tsv'...
2022-01-04 00:57:44,453 - root - INFO - Loading query interval set from '211227-2-sim/g22_8.query.tsv'...
2022-01-04 00:57:44,456 - root - INFO - Loading chromosome sizes from '211227-2-sim/g22_sizes.tsv'...
2022-01-04 00:57:44,458 - root - INFO - Number of reference intervals: 2500 (2500 before merging)
2022-01-04 00:57:44,459 - root - INFO - Number of query intervals: 50 (50 before merging)
2022-01-04 00:57:44,459 - root - INFO - Number of chromosomes: 1
2022-01-04 00:57:44,463 - root - INFO - Overlap count: 26
2022-01-04 00:57:44,464 - root - DEBUG - Started computing sf for chromosome 'chr1'...
2022-01-04 00:57:44,465 - root - DEBUG - m=2500, n=50
2022-01-04 00:57:45,257 - root - DEBUG - Processing 10-th line out of 2500 rows of DP table...
2022-01-04 00:57:46,104 - root - DEBUG - Processing 20-th line out of 2500 rows of DP table...
2022-01-04 00:57:46,938 - root - DEBUG - Processing 30-th line out of 2500 rows of DP table...
2022-01-04 00:57:47,767 - root - DEBUG - Processing 40-th line out of 2500 rows of DP table...
2022-01-04 00:57:48,601 - root - DEBUG - Processing 50-th line out of 2500 rows of DP table...
2022-01-04 00:57:49,429 - root - DEBUG - Processing 60-th line out of 2500 rows of DP table...
2022-01-04 00:57:50,356 - root - DEBUG - Processing 70-th line out of 2500 rows of DP table...
2022-01-04 00:57:51,274 - root - DEBUG - Processing 80-th line out of 2500 rows of DP table...
2022-01-04 00:57:52,111 - root - DEBUG - Processing 90-th line out of 2500 rows of DP table...
2022-01-04 00:57:52,948 - root - DEBUG - Processing 100-th line out of 2500 rows of DP table...
2022-01-04 00:57:53,764 - root - DEBUG - Processing 110-th line out of 2500 rows of DP table...
2022-01-04 00:57:54,620 - root - DEBUG - Processing 120-th line out of 2500 rows of DP table...
2022-01-04 00:57:55,423 - root - DEBUG - Processing 130-th line out of 2500 rows of DP table...
2022-01-04 00:57:56,226 - root - DEBUG - Processing 140-th line out of 2500 rows of DP table...
2022-01-04 00:57:57,043 - root - DEBUG - Processing 150-th line out of 2500 rows of DP table...
2022-01-04 00:57:57,835 - root - DEBUG - Processing 160-th line out of 2500 rows of DP table...
2022-01-04 00:57:58,705 - root - DEBUG - Processing 170-th line out of 2500 rows of DP table...
2022-01-04 00:57:59,514 - root - DEBUG - Processing 180-th line out of 2500 rows of DP table...
2022-01-04 00:58:00,301 - root - DEBUG - Processing 190-th line out of 2500 rows of DP table...
2022-01-04 00:58:01,088 - root - DEBUG - Processing 200-th line out of 2500 rows of DP table...
2022-01-04 00:58:01,868 - root - DEBUG - Processing 210-th line out of 2500 rows of DP table...
2022-01-04 00:58:02,650 - root - DEBUG - Processing 220-th line out of 2500 rows of DP table...
2022-01-04 00:58:03,436 - root - DEBUG - Processing 230-th line out of 2500 rows of DP table...
2022-01-04 00:58:04,211 - root - DEBUG - Processing 240-th line out of 2500 rows of DP table...
2022-01-04 00:58:04,981 - root - DEBUG - Processing 250-th line out of 2500 rows of DP table...
2022-01-04 00:58:05,753 - root - DEBUG - Processing 260-th line out of 2500 rows of DP table...
2022-01-04 00:58:06,515 - root - DEBUG - Processing 270-th line out of 2500 rows of DP table...
2022-01-04 00:58:07,276 - root - DEBUG - Processing 280-th line out of 2500 rows of DP table...
2022-01-04 00:58:08,032 - root - DEBUG - Processing 290-th line out of 2500 rows of DP table...
2022-01-04 00:58:08,790 - root - DEBUG - Processing 300-th line out of 2500 rows of DP table...
2022-01-04 00:58:09,533 - root - DEBUG - Processing 310-th line out of 2500 rows of DP table...
2022-01-04 00:58:10,304 - root - DEBUG - Processing 320-th line out of 2500 rows of DP table...
2022-01-04 00:58:11,038 - root - DEBUG - Processing 330-th line out of 2500 rows of DP table...
2022-01-04 00:58:11,769 - root - DEBUG - Processing 340-th line out of 2500 rows of DP table...
2022-01-04 00:58:12,506 - root - DEBUG - Processing 350-th line out of 2500 rows of DP table...
2022-01-04 00:58:13,252 - root - DEBUG - Processing 360-th line out of 2500 rows of DP table...
2022-01-04 00:58:13,973 - root - DEBUG - Processing 370-th line out of 2500 rows of DP table...
2022-01-04 00:58:14,695 - root - DEBUG - Processing 380-th line out of 2500 rows of DP table...
2022-01-04 00:58:15,410 - root - DEBUG - Processing 390-th line out of 2500 rows of DP table...
2022-01-04 00:58:16,120 - root - DEBUG - Processing 400-th line out of 2500 rows of DP table...
2022-01-04 00:58:16,828 - root - DEBUG - Processing 410-th line out of 2500 rows of DP table...
2022-01-04 00:58:17,530 - root - DEBUG - Processing 420-th line out of 2500 rows of DP table...
2022-01-04 00:58:18,236 - root - DEBUG - Processing 430-th line out of 2500 rows of DP table...
2022-01-04 00:58:18,934 - root - DEBUG - Processing 440-th line out of 2500 rows of DP table...
2022-01-04 00:58:19,631 - root - DEBUG - Processing 450-th line out of 2500 rows of DP table...
2022-01-04 00:58:20,325 - root - DEBUG - Processing 460-th line out of 2500 rows of DP table...
2022-01-04 00:58:21,010 - root - DEBUG - Processing 470-th line out of 2500 rows of DP table...
2022-01-04 00:58:21,699 - root - DEBUG - Processing 480-th line out of 2500 rows of DP table...
2022-01-04 00:58:22,379 - root - DEBUG - Processing 490-th line out of 2500 rows of DP table...
2022-01-04 00:58:23,061 - root - DEBUG - Processing 500-th line out of 2500 rows of DP table...
2022-01-04 00:58:23,736 - root - DEBUG - Processing 510-th line out of 2500 rows of DP table...
2022-01-04 00:58:24,409 - root - DEBUG - Processing 520-th line out of 2500 rows of DP table...
2022-01-04 00:58:25,078 - root - DEBUG - Processing 530-th line out of 2500 rows of DP table...
2022-01-04 00:58:25,740 - root - DEBUG - Processing 540-th line out of 2500 rows of DP table...
2022-01-04 00:58:26,404 - root - DEBUG - Processing 550-th line out of 2500 rows of DP table...
2022-01-04 00:58:27,061 - root - DEBUG - Processing 560-th line out of 2500 rows of DP table...
2022-01-04 00:58:27,713 - root - DEBUG - Processing 570-th line out of 2500 rows of DP table...
2022-01-04 00:58:28,367 - root - DEBUG - Processing 580-th line out of 2500 rows of DP table...
2022-01-04 00:58:29,020 - root - DEBUG - Processing 590-th line out of 2500 rows of DP table...
2022-01-04 00:58:29,674 - root - DEBUG - Processing 600-th line out of 2500 rows of DP table...
2022-01-04 00:58:30,319 - root - DEBUG - Processing 610-th line out of 2500 rows of DP table...
2022-01-04 00:58:30,959 - root - DEBUG - Processing 620-th line out of 2500 rows of DP table...
2022-01-04 00:58:31,595 - root - DEBUG - Processing 630-th line out of 2500 rows of DP table...
2022-01-04 00:58:32,227 - root - DEBUG - Processing 640-th line out of 2500 rows of DP table...
2022-01-04 00:58:32,856 - root - DEBUG - Processing 650-th line out of 2500 rows of DP table...
2022-01-04 00:58:33,488 - root - DEBUG - Processing 660-th line out of 2500 rows of DP table...
2022-01-04 00:58:34,117 - root - DEBUG - Processing 670-th line out of 2500 rows of DP table...
2022-01-04 00:58:34,735 - root - DEBUG - Processing 680-th line out of 2500 rows of DP table...
2022-01-04 00:58:35,348 - root - DEBUG - Processing 690-th line out of 2500 rows of DP table...
2022-01-04 00:58:35,952 - root - DEBUG - Processing 700-th line out of 2500 rows of DP table...
2022-01-04 00:58:36,557 - root - DEBUG - Processing 710-th line out of 2500 rows of DP table...
2022-01-04 00:58:37,160 - root - DEBUG - Processing 720-th line out of 2500 rows of DP table...
2022-01-04 00:58:37,757 - root - DEBUG - Processing 730-th line out of 2500 rows of DP table...
2022-01-04 00:58:38,352 - root - DEBUG - Processing 740-th line out of 2500 rows of DP table...
2022-01-04 00:58:38,944 - root - DEBUG - Processing 750-th line out of 2500 rows of DP table...
2022-01-04 00:58:39,532 - root - DEBUG - Processing 760-th line out of 2500 rows of DP table...
2022-01-04 00:58:40,115 - root - DEBUG - Processing 770-th line out of 2500 rows of DP table...
2022-01-04 00:58:40,697 - root - DEBUG - Processing 780-th line out of 2500 rows of DP table...
2022-01-04 00:58:41,272 - root - DEBUG - Processing 790-th line out of 2500 rows of DP table...
2022-01-04 00:58:41,845 - root - DEBUG - Processing 800-th line out of 2500 rows of DP table...
2022-01-04 00:58:42,414 - root - DEBUG - Processing 810-th line out of 2500 rows of DP table...
2022-01-04 00:58:42,981 - root - DEBUG - Processing 820-th line out of 2500 rows of DP table...
2022-01-04 00:58:43,544 - root - DEBUG - Processing 830-th line out of 2500 rows of DP table...
2022-01-04 00:58:44,102 - root - DEBUG - Processing 840-th line out of 2500 rows of DP table...
2022-01-04 00:58:44,659 - root - DEBUG - Processing 850-th line out of 2500 rows of DP table...
2022-01-04 00:58:45,211 - root - DEBUG - Processing 860-th line out of 2500 rows of DP table...
2022-01-04 00:58:45,759 - root - DEBUG - Processing 870-th line out of 2500 rows of DP table...
2022-01-04 00:58:46,303 - root - DEBUG - Processing 880-th line out of 2500 rows of DP table...
2022-01-04 00:58:46,852 - root - DEBUG - Processing 890-th line out of 2500 rows of DP table...
2022-01-04 00:58:47,395 - root - DEBUG - Processing 900-th line out of 2500 rows of DP table...
2022-01-04 00:58:47,929 - root - DEBUG - Processing 910-th line out of 2500 rows of DP table...
2022-01-04 00:58:48,464 - root - DEBUG - Processing 920-th line out of 2500 rows of DP table...
2022-01-04 00:58:48,994 - root - DEBUG - Processing 930-th line out of 2500 rows of DP table...
2022-01-04 00:58:49,521 - root - DEBUG - Processing 940-th line out of 2500 rows of DP table...
2022-01-04 00:58:50,045 - root - DEBUG - Processing 950-th line out of 2500 rows of DP table...
2022-01-04 00:58:50,572 - root - DEBUG - Processing 960-th line out of 2500 rows of DP table...
2022-01-04 00:58:51,102 - root - DEBUG - Processing 970-th line out of 2500 rows of DP table...
2022-01-04 00:58:51,615 - root - DEBUG - Processing 980-th line out of 2500 rows of DP table...
2022-01-04 00:58:52,124 - root - DEBUG - Processing 990-th line out of 2500 rows of DP table...
2022-01-04 00:58:52,633 - root - DEBUG - Processing 1000-th line out of 2500 rows of DP table...
2022-01-04 00:58:53,137 - root - DEBUG - Processing 1010-th line out of 2500 rows of DP table...
2022-01-04 00:58:53,639 - root - DEBUG - Processing 1020-th line out of 2500 rows of DP table...
2022-01-04 00:58:54,138 - root - DEBUG - Processing 1030-th line out of 2500 rows of DP table...
2022-01-04 00:58:54,632 - root - DEBUG - Processing 1040-th line out of 2500 rows of DP table...
2022-01-04 00:58:55,124 - root - DEBUG - Processing 1050-th line out of 2500 rows of DP table...
2022-01-04 00:58:55,610 - root - DEBUG - Processing 1060-th line out of 2500 rows of DP table...
2022-01-04 00:58:56,096 - root - DEBUG - Processing 1070-th line out of 2500 rows of DP table...
2022-01-04 00:58:56,577 - root - DEBUG - Processing 1080-th line out of 2500 rows of DP table...
2022-01-04 00:58:57,054 - root - DEBUG - Processing 1090-th line out of 2500 rows of DP table...
2022-01-04 00:58:57,531 - root - DEBUG - Processing 1100-th line out of 2500 rows of DP table...
2022-01-04 00:58:58,002 - root - DEBUG - Processing 1110-th line out of 2500 rows of DP table...
2022-01-04 00:58:58,470 - root - DEBUG - Processing 1120-th line out of 2500 rows of DP table...
2022-01-04 00:58:58,938 - root - DEBUG - Processing 1130-th line out of 2500 rows of DP table...
2022-01-04 00:58:59,400 - root - DEBUG - Processing 1140-th line out of 2500 rows of DP table...
2022-01-04 00:58:59,860 - root - DEBUG - Processing 1150-th line out of 2500 rows of DP table...
2022-01-04 00:59:00,318 - root - DEBUG - Processing 1160-th line out of 2500 rows of DP table...
2022-01-04 00:59:00,772 - root - DEBUG - Processing 1170-th line out of 2500 rows of DP table...
2022-01-04 00:59:01,220 - root - DEBUG - Processing 1180-th line out of 2500 rows of DP table...
2022-01-04 00:59:01,664 - root - DEBUG - Processing 1190-th line out of 2500 rows of DP table...
2022-01-04 00:59:02,104 - root - DEBUG - Processing 1200-th line out of 2500 rows of DP table...
2022-01-04 00:59:02,545 - root - DEBUG - Processing 1210-th line out of 2500 rows of DP table...
2022-01-04 00:59:02,981 - root - DEBUG - Processing 1220-th line out of 2500 rows of DP table...
2022-01-04 00:59:03,414 - root - DEBUG - Processing 1230-th line out of 2500 rows of DP table...
2022-01-04 00:59:03,844 - root - DEBUG - Processing 1240-th line out of 2500 rows of DP table...
2022-01-04 00:59:04,272 - root - DEBUG - Processing 1250-th line out of 2500 rows of DP table...
2022-01-04 00:59:04,695 - root - DEBUG - Processing 1260-th line out of 2500 rows of DP table...
2022-01-04 00:59:05,131 - root - DEBUG - Processing 1270-th line out of 2500 rows of DP table...
2022-01-04 00:59:05,548 - root - DEBUG - Processing 1280-th line out of 2500 rows of DP table...
2022-01-04 00:59:05,962 - root - DEBUG - Processing 1290-th line out of 2500 rows of DP table...
2022-01-04 00:59:06,372 - root - DEBUG - Processing 1300-th line out of 2500 rows of DP table...
2022-01-04 00:59:06,777 - root - DEBUG - Processing 1310-th line out of 2500 rows of DP table...
2022-01-04 00:59:07,181 - root - DEBUG - Processing 1320-th line out of 2500 rows of DP table...
2022-01-04 00:59:07,608 - root - DEBUG - Processing 1330-th line out of 2500 rows of DP table...
2022-01-04 00:59:08,007 - root - DEBUG - Processing 1340-th line out of 2500 rows of DP table...
2022-01-04 00:59:08,403 - root - DEBUG - Processing 1350-th line out of 2500 rows of DP table...
2022-01-04 00:59:08,793 - root - DEBUG - Processing 1360-th line out of 2500 rows of DP table...
2022-01-04 00:59:09,180 - root - DEBUG - Processing 1370-th line out of 2500 rows of DP table...
2022-01-04 00:59:09,564 - root - DEBUG - Processing 1380-th line out of 2500 rows of DP table...
2022-01-04 00:59:09,945 - root - DEBUG - Processing 1390-th line out of 2500 rows of DP table...
2022-01-04 00:59:10,323 - root - DEBUG - Processing 1400-th line out of 2500 rows of DP table...
2022-01-04 00:59:10,698 - root - DEBUG - Processing 1410-th line out of 2500 rows of DP table...
2022-01-04 00:59:11,071 - root - DEBUG - Processing 1420-th line out of 2500 rows of DP table...
2022-01-04 00:59:11,440 - root - DEBUG - Processing 1430-th line out of 2500 rows of DP table...
2022-01-04 00:59:11,805 - root - DEBUG - Processing 1440-th line out of 2500 rows of DP table...
2022-01-04 00:59:12,202 - root - DEBUG - Processing 1450-th line out of 2500 rows of DP table...
2022-01-04 00:59:12,558 - root - DEBUG - Processing 1460-th line out of 2500 rows of DP table...
2022-01-04 00:59:12,912 - root - DEBUG - Processing 1470-th line out of 2500 rows of DP table...
2022-01-04 00:59:13,263 - root - DEBUG - Processing 1480-th line out of 2500 rows of DP table...
2022-01-04 00:59:13,611 - root - DEBUG - Processing 1490-th line out of 2500 rows of DP table...
2022-01-04 00:59:13,955 - root - DEBUG - Processing 1500-th line out of 2500 rows of DP table...
2022-01-04 00:59:14,297 - root - DEBUG - Processing 1510-th line out of 2500 rows of DP table...
2022-01-04 00:59:14,636 - root - DEBUG - Processing 1520-th line out of 2500 rows of DP table...
2022-01-04 00:59:14,977 - root - DEBUG - Processing 1530-th line out of 2500 rows of DP table...
2022-01-04 00:59:15,315 - root - DEBUG - Processing 1540-th line out of 2500 rows of DP table...
2022-01-04 00:59:15,645 - root - DEBUG - Processing 1550-th line out of 2500 rows of DP table...
2022-01-04 00:59:15,973 - root - DEBUG - Processing 1560-th line out of 2500 rows of DP table...
2022-01-04 00:59:16,319 - root - DEBUG - Processing 1570-th line out of 2500 rows of DP table...
2022-01-04 00:59:16,636 - root - DEBUG - Processing 1580-th line out of 2500 rows of DP table...
2022-01-04 00:59:16,948 - root - DEBUG - Processing 1590-th line out of 2500 rows of DP table...
2022-01-04 00:59:17,260 - root - DEBUG - Processing 1600-th line out of 2500 rows of DP table...
2022-01-04 00:59:17,570 - root - DEBUG - Processing 1610-th line out of 2500 rows of DP table...
2022-01-04 00:59:17,878 - root - DEBUG - Processing 1620-th line out of 2500 rows of DP table...
2022-01-04 00:59:18,200 - root - DEBUG - Processing 1630-th line out of 2500 rows of DP table...
2022-01-04 00:59:18,496 - root - DEBUG - Processing 1640-th line out of 2500 rows of DP table...
2022-01-04 00:59:18,789 - root - DEBUG - Processing 1650-th line out of 2500 rows of DP table...
2022-01-04 00:59:19,080 - root - DEBUG - Processing 1660-th line out of 2500 rows of DP table...
2022-01-04 00:59:19,366 - root - DEBUG - Processing 1670-th line out of 2500 rows of DP table...
2022-01-04 00:59:19,650 - root - DEBUG - Processing 1680-th line out of 2500 rows of DP table...
2022-01-04 00:59:19,932 - root - DEBUG - Processing 1690-th line out of 2500 rows of DP table...
2022-01-04 00:59:20,234 - root - DEBUG - Processing 1700-th line out of 2500 rows of DP table...
2022-01-04 00:59:20,508 - root - DEBUG - Processing 1710-th line out of 2500 rows of DP table...
2022-01-04 00:59:20,782 - root - DEBUG - Processing 1720-th line out of 2500 rows of DP table...
2022-01-04 00:59:21,050 - root - DEBUG - Processing 1730-th line out of 2500 rows of DP table...
2022-01-04 00:59:21,356 - root - DEBUG - Processing 1740-th line out of 2500 rows of DP table...
2022-01-04 00:59:21,619 - root - DEBUG - Processing 1750-th line out of 2500 rows of DP table...
2022-01-04 00:59:21,877 - root - DEBUG - Processing 1760-th line out of 2500 rows of DP table...
2022-01-04 00:59:22,133 - root - DEBUG - Processing 1770-th line out of 2500 rows of DP table...
2022-01-04 00:59:22,385 - root - DEBUG - Processing 1780-th line out of 2500 rows of DP table...
2022-01-04 00:59:22,656 - root - DEBUG - Processing 1790-th line out of 2500 rows of DP table...
2022-01-04 00:59:22,901 - root - DEBUG - Processing 1800-th line out of 2500 rows of DP table...
2022-01-04 00:59:23,144 - root - DEBUG - Processing 1810-th line out of 2500 rows of DP table...
2022-01-04 00:59:23,385 - root - DEBUG - Processing 1820-th line out of 2500 rows of DP table...
2022-01-04 00:59:23,622 - root - DEBUG - Processing 1830-th line out of 2500 rows of DP table...
2022-01-04 00:59:23,855 - root - DEBUG - Processing 1840-th line out of 2500 rows of DP table...
2022-01-04 00:59:24,087 - root - DEBUG - Processing 1850-th line out of 2500 rows of DP table...
2022-01-04 00:59:24,314 - root - DEBUG - Processing 1860-th line out of 2500 rows of DP table...
2022-01-04 00:59:24,539 - root - DEBUG - Processing 1870-th line out of 2500 rows of DP table...
2022-01-04 00:59:24,761 - root - DEBUG - Processing 1880-th line out of 2500 rows of DP table...
2022-01-04 00:59:24,979 - root - DEBUG - Processing 1890-th line out of 2500 rows of DP table...
2022-01-04 00:59:25,192 - root - DEBUG - Processing 1900-th line out of 2500 rows of DP table...
2022-01-04 00:59:25,403 - root - DEBUG - Processing 1910-th line out of 2500 rows of DP table...
2022-01-04 00:59:25,610 - root - DEBUG - Processing 1920-th line out of 2500 rows of DP table...
2022-01-04 00:59:25,815 - root - DEBUG - Processing 1930-th line out of 2500 rows of DP table...
2022-01-04 00:59:26,016 - root - DEBUG - Processing 1940-th line out of 2500 rows of DP table...
2022-01-04 00:59:26,214 - root - DEBUG - Processing 1950-th line out of 2500 rows of DP table...
2022-01-04 00:59:26,418 - root - DEBUG - Processing 1960-th line out of 2500 rows of DP table...
2022-01-04 00:59:26,612 - root - DEBUG - Processing 1970-th line out of 2500 rows of DP table...
2022-01-04 00:59:26,798 - root - DEBUG - Processing 1980-th line out of 2500 rows of DP table...
2022-01-04 00:59:26,981 - root - DEBUG - Processing 1990-th line out of 2500 rows of DP table...
2022-01-04 00:59:27,162 - root - DEBUG - Processing 2000-th line out of 2500 rows of DP table...
2022-01-04 00:59:27,339 - root - DEBUG - Processing 2010-th line out of 2500 rows of DP table...
2022-01-04 00:59:27,514 - root - DEBUG - Processing 2020-th line out of 2500 rows of DP table...
2022-01-04 00:59:27,684 - root - DEBUG - Processing 2030-th line out of 2500 rows of DP table...
2022-01-04 00:59:27,851 - root - DEBUG - Processing 2040-th line out of 2500 rows of DP table...
2022-01-04 00:59:28,016 - root - DEBUG - Processing 2050-th line out of 2500 rows of DP table...
2022-01-04 00:59:28,177 - root - DEBUG - Processing 2060-th line out of 2500 rows of DP table...
2022-01-04 00:59:28,334 - root - DEBUG - Processing 2070-th line out of 2500 rows of DP table...
2022-01-04 00:59:28,488 - root - DEBUG - Processing 2080-th line out of 2500 rows of DP table...
2022-01-04 00:59:28,639 - root - DEBUG - Processing 2090-th line out of 2500 rows of DP table...
2022-01-04 00:59:28,787 - root - DEBUG - Processing 2100-th line out of 2500 rows of DP table...
2022-01-04 00:59:28,933 - root - DEBUG - Processing 2110-th line out of 2500 rows of DP table...
2022-01-04 00:59:29,075 - root - DEBUG - Processing 2120-th line out of 2500 rows of DP table...
2022-01-04 00:59:29,212 - root - DEBUG - Processing 2130-th line out of 2500 rows of DP table...
2022-01-04 00:59:29,346 - root - DEBUG - Processing 2140-th line out of 2500 rows of DP table...
2022-01-04 00:59:29,477 - root - DEBUG - Processing 2150-th line out of 2500 rows of DP table...
2022-01-04 00:59:29,605 - root - DEBUG - Processing 2160-th line out of 2500 rows of DP table...
2022-01-04 00:59:29,729 - root - DEBUG - Processing 2170-th line out of 2500 rows of DP table...
2022-01-04 00:59:29,851 - root - DEBUG - Processing 2180-th line out of 2500 rows of DP table...
2022-01-04 00:59:29,970 - root - DEBUG - Processing 2190-th line out of 2500 rows of DP table...
2022-01-04 00:59:30,086 - root - DEBUG - Processing 2200-th line out of 2500 rows of DP table...
2022-01-04 00:59:30,196 - root - DEBUG - Processing 2210-th line out of 2500 rows of DP table...
2022-01-04 00:59:30,304 - root - DEBUG - Processing 2220-th line out of 2500 rows of DP table...
2022-01-04 00:59:30,411 - root - DEBUG - Processing 2230-th line out of 2500 rows of DP table...
2022-01-04 00:59:30,513 - root - DEBUG - Processing 2240-th line out of 2500 rows of DP table...
2022-01-04 00:59:30,611 - root - DEBUG - Processing 2250-th line out of 2500 rows of DP table...
2022-01-04 00:59:30,706 - root - DEBUG - Processing 2260-th line out of 2500 rows of DP table...
2022-01-04 00:59:30,797 - root - DEBUG - Processing 2270-th line out of 2500 rows of DP table...
2022-01-04 00:59:30,885 - root - DEBUG - Processing 2280-th line out of 2500 rows of DP table...
2022-01-04 00:59:30,970 - root - DEBUG - Processing 2290-th line out of 2500 rows of DP table...
2022-01-04 00:59:31,051 - root - DEBUG - Processing 2300-th line out of 2500 rows of DP table...
2022-01-04 00:59:31,131 - root - DEBUG - Processing 2310-th line out of 2500 rows of DP table...
2022-01-04 00:59:31,206 - root - DEBUG - Processing 2320-th line out of 2500 rows of DP table...
2022-01-04 00:59:31,278 - root - DEBUG - Processing 2330-th line out of 2500 rows of DP table...
2022-01-04 00:59:31,347 - root - DEBUG - Processing 2340-th line out of 2500 rows of DP table...
2022-01-04 00:59:31,412 - root - DEBUG - Processing 2350-th line out of 2500 rows of DP table...
2022-01-04 00:59:31,473 - root - DEBUG - Processing 2360-th line out of 2500 rows of DP table...
2022-01-04 00:59:31,532 - root - DEBUG - Processing 2370-th line out of 2500 rows of DP table...
2022-01-04 00:59:31,587 - root - DEBUG - Processing 2380-th line out of 2500 rows of DP table...
2022-01-04 00:59:31,638 - root - DEBUG - Processing 2390-th line out of 2500 rows of DP table...
2022-01-04 00:59:31,686 - root - DEBUG - Processing 2400-th line out of 2500 rows of DP table...
2022-01-04 00:59:31,738 - root - DEBUG - Processing 2410-th line out of 2500 rows of DP table...
2022-01-04 00:59:31,780 - root - DEBUG - Processing 2420-th line out of 2500 rows of DP table...
2022-01-04 00:59:31,830 - root - DEBUG - Processing 2430-th line out of 2500 rows of DP table...
2022-01-04 00:59:31,865 - root - DEBUG - Processing 2440-th line out of 2500 rows of DP table...
2022-01-04 00:59:31,897 - root - DEBUG - Processing 2450-th line out of 2500 rows of DP table...
2022-01-04 00:59:31,926 - root - DEBUG - Processing 2460-th line out of 2500 rows of DP table...
2022-01-04 00:59:31,951 - root - DEBUG - Processing 2470-th line out of 2500 rows of DP table...
2022-01-04 00:59:31,974 - root - DEBUG - Processing 2480-th line out of 2500 rows of DP table...
2022-01-04 00:59:31,993 - root - DEBUG - Processing 2490-th line out of 2500 rows of DP table...
2022-01-04 00:59:32,008 - root - DEBUG - Processing 2500-th line out of 2500 rows of DP table...
2022-01-04 00:59:32,024 - root - DEBUG - Started computing joint logprobs...
