2022-01-04 21:47:56,965 - root - INFO - Loading reference interval set from '211227-2-sim/g22_9.ref.tsv'...
2022-01-04 21:47:56,993 - root - INFO - Loading query interval set from '211227-2-sim/g22_9.query.tsv'...
2022-01-04 21:47:57,013 - root - INFO - Loading chromosome sizes from '211227-2-sim/g22_sizes.tsv'...
2022-01-04 21:47:57,016 - root - INFO - Number of reference intervals: 2500 (2500 before merging)
2022-01-04 21:47:57,017 - root - INFO - Number of query intervals: 50 (50 before merging)
2022-01-04 21:47:57,018 - root - INFO - Number of chromosomes: 1
2022-01-04 21:47:57,026 - root - INFO - Overlap count: 26
2022-01-04 21:47:57,027 - root - DEBUG - Started computing sf for chromosome 'chr1'...
2022-01-04 21:47:57,028 - root - DEBUG - m=2500, n=50
2022-01-04 21:47:57,842 - root - DEBUG - Processing 10-th line out of 2500 rows of DP table...
2022-01-04 21:47:58,695 - root - DEBUG - Processing 20-th line out of 2500 rows of DP table...
2022-01-04 21:47:59,553 - root - DEBUG - Processing 30-th line out of 2500 rows of DP table...
2022-01-04 21:48:00,398 - root - DEBUG - Processing 40-th line out of 2500 rows of DP table...
2022-01-04 21:48:01,250 - root - DEBUG - Processing 50-th line out of 2500 rows of DP table...
2022-01-04 21:48:02,094 - root - DEBUG - Processing 60-th line out of 2500 rows of DP table...
2022-01-04 21:48:02,930 - root - DEBUG - Processing 70-th line out of 2500 rows of DP table...
2022-01-04 21:48:03,775 - root - DEBUG - Processing 80-th line out of 2500 rows of DP table...
2022-01-04 21:48:04,604 - root - DEBUG - Processing 90-th line out of 2500 rows of DP table...
2022-01-04 21:48:05,438 - root - DEBUG - Processing 100-th line out of 2500 rows of DP table...
2022-01-04 21:48:06,270 - root - DEBUG - Processing 110-th line out of 2500 rows of DP table...
2022-01-04 21:48:07,091 - root - DEBUG - Processing 120-th line out of 2500 rows of DP table...
2022-01-04 21:48:07,920 - root - DEBUG - Processing 130-th line out of 2500 rows of DP table...
2022-01-04 21:48:08,736 - root - DEBUG - Processing 140-th line out of 2500 rows of DP table...
2022-01-04 21:48:09,550 - root - DEBUG - Processing 150-th line out of 2500 rows of DP table...
2022-01-04 21:48:10,362 - root - DEBUG - Processing 160-th line out of 2500 rows of DP table...
2022-01-04 21:48:11,165 - root - DEBUG - Processing 170-th line out of 2500 rows of DP table...
2022-01-04 21:48:11,971 - root - DEBUG - Processing 180-th line out of 2500 rows of DP table...
2022-01-04 21:48:12,837 - root - DEBUG - Processing 190-th line out of 2500 rows of DP table...
2022-01-04 21:48:13,630 - root - DEBUG - Processing 200-th line out of 2500 rows of DP table...
2022-01-04 21:48:14,422 - root - DEBUG - Processing 210-th line out of 2500 rows of DP table...
2022-01-04 21:48:15,208 - root - DEBUG - Processing 220-th line out of 2500 rows of DP table...
2022-01-04 21:48:15,994 - root - DEBUG - Processing 230-th line out of 2500 rows of DP table...
2022-01-04 21:48:16,782 - root - DEBUG - Processing 240-th line out of 2500 rows of DP table...
2022-01-04 21:48:17,559 - root - DEBUG - Processing 250-th line out of 2500 rows of DP table...
2022-01-04 21:48:18,334 - root - DEBUG - Processing 260-th line out of 2500 rows of DP table...
2022-01-04 21:48:19,107 - root - DEBUG - Processing 270-th line out of 2500 rows of DP table...
2022-01-04 21:48:19,874 - root - DEBUG - Processing 280-th line out of 2500 rows of DP table...
2022-01-04 21:48:20,642 - root - DEBUG - Processing 290-th line out of 2500 rows of DP table...
2022-01-04 21:48:21,401 - root - DEBUG - Processing 300-th line out of 2500 rows of DP table...
2022-01-04 21:48:22,159 - root - DEBUG - Processing 310-th line out of 2500 rows of DP table...
2022-01-04 21:48:22,918 - root - DEBUG - Processing 320-th line out of 2500 rows of DP table...
2022-01-04 21:48:23,668 - root - DEBUG - Processing 330-th line out of 2500 rows of DP table...
2022-01-04 21:48:24,419 - root - DEBUG - Processing 340-th line out of 2500 rows of DP table...
2022-01-04 21:48:25,166 - root - DEBUG - Processing 350-th line out of 2500 rows of DP table...
2022-01-04 21:48:25,907 - root - DEBUG - Processing 360-th line out of 2500 rows of DP table...
2022-01-04 21:48:26,645 - root - DEBUG - Processing 370-th line out of 2500 rows of DP table...
2022-01-04 21:48:27,383 - root - DEBUG - Processing 380-th line out of 2500 rows of DP table...
2022-01-04 21:48:28,110 - root - DEBUG - Processing 390-th line out of 2500 rows of DP table...
2022-01-04 21:48:28,836 - root - DEBUG - Processing 400-th line out of 2500 rows of DP table...
2022-01-04 21:48:29,564 - root - DEBUG - Processing 410-th line out of 2500 rows of DP table...
2022-01-04 21:48:30,284 - root - DEBUG - Processing 420-th line out of 2500 rows of DP table...
2022-01-04 21:48:31,008 - root - DEBUG - Processing 430-th line out of 2500 rows of DP table...
2022-01-04 21:48:31,725 - root - DEBUG - Processing 440-th line out of 2500 rows of DP table...
2022-01-04 21:48:32,434 - root - DEBUG - Processing 450-th line out of 2500 rows of DP table...
2022-01-04 21:48:33,140 - root - DEBUG - Processing 460-th line out of 2500 rows of DP table...
2022-01-04 21:48:33,847 - root - DEBUG - Processing 470-th line out of 2500 rows of DP table...
2022-01-04 21:48:34,546 - root - DEBUG - Processing 480-th line out of 2500 rows of DP table...
2022-01-04 21:48:35,241 - root - DEBUG - Processing 490-th line out of 2500 rows of DP table...
2022-01-04 21:48:35,939 - root - DEBUG - Processing 500-th line out of 2500 rows of DP table...
2022-01-04 21:48:36,628 - root - DEBUG - Processing 510-th line out of 2500 rows of DP table...
2022-01-04 21:48:37,317 - root - DEBUG - Processing 520-th line out of 2500 rows of DP table...
2022-01-04 21:48:38,004 - root - DEBUG - Processing 530-th line out of 2500 rows of DP table...
2022-01-04 21:48:38,682 - root - DEBUG - Processing 540-th line out of 2500 rows of DP table...
2022-01-04 21:48:39,365 - root - DEBUG - Processing 550-th line out of 2500 rows of DP table...
2022-01-04 21:48:40,040 - root - DEBUG - Processing 560-th line out of 2500 rows of DP table...
2022-01-04 21:48:40,709 - root - DEBUG - Processing 570-th line out of 2500 rows of DP table...
2022-01-04 21:48:41,376 - root - DEBUG - Processing 580-th line out of 2500 rows of DP table...
2022-01-04 21:48:42,044 - root - DEBUG - Processing 590-th line out of 2500 rows of DP table...
2022-01-04 21:48:42,703 - root - DEBUG - Processing 600-th line out of 2500 rows of DP table...
2022-01-04 21:48:43,368 - root - DEBUG - Processing 610-th line out of 2500 rows of DP table...
2022-01-04 21:48:44,020 - root - DEBUG - Processing 620-th line out of 2500 rows of DP table...
2022-01-04 21:48:44,672 - root - DEBUG - Processing 630-th line out of 2500 rows of DP table...
2022-01-04 21:48:45,314 - root - DEBUG - Processing 640-th line out of 2500 rows of DP table...
2022-01-04 21:48:45,957 - root - DEBUG - Processing 650-th line out of 2500 rows of DP table...
2022-01-04 21:48:46,601 - root - DEBUG - Processing 660-th line out of 2500 rows of DP table...
2022-01-04 21:48:47,237 - root - DEBUG - Processing 670-th line out of 2500 rows of DP table...
2022-01-04 21:48:47,870 - root - DEBUG - Processing 680-th line out of 2500 rows of DP table...
2022-01-04 21:48:48,504 - root - DEBUG - Processing 690-th line out of 2500 rows of DP table...
2022-01-04 21:48:49,141 - root - DEBUG - Processing 700-th line out of 2500 rows of DP table...
2022-01-04 21:48:49,764 - root - DEBUG - Processing 710-th line out of 2500 rows of DP table...
2022-01-04 21:48:50,381 - root - DEBUG - Processing 720-th line out of 2500 rows of DP table...
2022-01-04 21:48:51,002 - root - DEBUG - Processing 730-th line out of 2500 rows of DP table...
2022-01-04 21:48:51,610 - root - DEBUG - Processing 740-th line out of 2500 rows of DP table...
2022-01-04 21:48:52,221 - root - DEBUG - Processing 750-th line out of 2500 rows of DP table...
2022-01-04 21:48:52,833 - root - DEBUG - Processing 760-th line out of 2500 rows of DP table...
2022-01-04 21:48:53,435 - root - DEBUG - Processing 770-th line out of 2500 rows of DP table...
2022-01-04 21:48:54,037 - root - DEBUG - Processing 780-th line out of 2500 rows of DP table...
2022-01-04 21:48:54,632 - root - DEBUG - Processing 790-th line out of 2500 rows of DP table...
2022-01-04 21:48:55,228 - root - DEBUG - Processing 800-th line out of 2500 rows of DP table...
2022-01-04 21:48:55,813 - root - DEBUG - Processing 810-th line out of 2500 rows of DP table...
2022-01-04 21:48:56,399 - root - DEBUG - Processing 820-th line out of 2500 rows of DP table...
2022-01-04 21:48:56,986 - root - DEBUG - Processing 830-th line out of 2500 rows of DP table...
2022-01-04 21:48:57,568 - root - DEBUG - Processing 840-th line out of 2500 rows of DP table...
2022-01-04 21:48:58,146 - root - DEBUG - Processing 850-th line out of 2500 rows of DP table...
2022-01-04 21:48:58,718 - root - DEBUG - Processing 860-th line out of 2500 rows of DP table...
2022-01-04 21:48:59,292 - root - DEBUG - Processing 870-th line out of 2500 rows of DP table...
2022-01-04 21:48:59,856 - root - DEBUG - Processing 880-th line out of 2500 rows of DP table...
2022-01-04 21:49:00,416 - root - DEBUG - Processing 890-th line out of 2500 rows of DP table...
2022-01-04 21:49:00,973 - root - DEBUG - Processing 900-th line out of 2500 rows of DP table...
2022-01-04 21:49:01,534 - root - DEBUG - Processing 910-th line out of 2500 rows of DP table...
2022-01-04 21:49:02,086 - root - DEBUG - Processing 920-th line out of 2500 rows of DP table...
2022-01-04 21:49:02,637 - root - DEBUG - Processing 930-th line out of 2500 rows of DP table...
2022-01-04 21:49:03,181 - root - DEBUG - Processing 940-th line out of 2500 rows of DP table...
2022-01-04 21:49:03,727 - root - DEBUG - Processing 950-th line out of 2500 rows of DP table...
2022-01-04 21:49:04,264 - root - DEBUG - Processing 960-th line out of 2500 rows of DP table...
2022-01-04 21:49:04,803 - root - DEBUG - Processing 970-th line out of 2500 rows of DP table...
2022-01-04 21:49:05,330 - root - DEBUG - Processing 980-th line out of 2500 rows of DP table...
2022-01-04 21:49:05,861 - root - DEBUG - Processing 990-th line out of 2500 rows of DP table...
2022-01-04 21:49:06,383 - root - DEBUG - Processing 1000-th line out of 2500 rows of DP table...
2022-01-04 21:49:06,908 - root - DEBUG - Processing 1010-th line out of 2500 rows of DP table...
2022-01-04 21:49:07,423 - root - DEBUG - Processing 1020-th line out of 2500 rows of DP table...
2022-01-04 21:49:07,941 - root - DEBUG - Processing 1030-th line out of 2500 rows of DP table...
2022-01-04 21:49:08,451 - root - DEBUG - Processing 1040-th line out of 2500 rows of DP table...
2022-01-04 21:49:08,956 - root - DEBUG - Processing 1050-th line out of 2500 rows of DP table...
2022-01-04 21:49:09,459 - root - DEBUG - Processing 1060-th line out of 2500 rows of DP table...
2022-01-04 21:49:09,963 - root - DEBUG - Processing 1070-th line out of 2500 rows of DP table...
2022-01-04 21:49:10,459 - root - DEBUG - Processing 1080-th line out of 2500 rows of DP table...
2022-01-04 21:49:10,952 - root - DEBUG - Processing 1090-th line out of 2500 rows of DP table...
2022-01-04 21:49:11,441 - root - DEBUG - Processing 1100-th line out of 2500 rows of DP table...
2022-01-04 21:49:11,936 - root - DEBUG - Processing 1110-th line out of 2500 rows of DP table...
2022-01-04 21:49:12,418 - root - DEBUG - Processing 1120-th line out of 2500 rows of DP table...
2022-01-04 21:49:12,900 - root - DEBUG - Processing 1130-th line out of 2500 rows of DP table...
2022-01-04 21:49:13,376 - root - DEBUG - Processing 1140-th line out of 2500 rows of DP table...
2022-01-04 21:49:13,851 - root - DEBUG - Processing 1150-th line out of 2500 rows of DP table...
2022-01-04 21:49:14,327 - root - DEBUG - Processing 1160-th line out of 2500 rows of DP table...
2022-01-04 21:49:14,795 - root - DEBUG - Processing 1170-th line out of 2500 rows of DP table...
2022-01-04 21:49:15,257 - root - DEBUG - Processing 1180-th line out of 2500 rows of DP table...
2022-01-04 21:49:15,716 - root - DEBUG - Processing 1190-th line out of 2500 rows of DP table...
2022-01-04 21:49:16,173 - root - DEBUG - Processing 1200-th line out of 2500 rows of DP table...
2022-01-04 21:49:16,632 - root - DEBUG - Processing 1210-th line out of 2500 rows of DP table...
2022-01-04 21:49:17,095 - root - DEBUG - Processing 1220-th line out of 2500 rows of DP table...
2022-01-04 21:49:17,538 - root - DEBUG - Processing 1230-th line out of 2500 rows of DP table...
2022-01-04 21:49:17,981 - root - DEBUG - Processing 1240-th line out of 2500 rows of DP table...
2022-01-04 21:49:18,424 - root - DEBUG - Processing 1250-th line out of 2500 rows of DP table...
2022-01-04 21:49:18,861 - root - DEBUG - Processing 1260-th line out of 2500 rows of DP table...
2022-01-04 21:49:19,296 - root - DEBUG - Processing 1270-th line out of 2500 rows of DP table...
2022-01-04 21:49:19,729 - root - DEBUG - Processing 1280-th line out of 2500 rows of DP table...
2022-01-04 21:49:20,155 - root - DEBUG - Processing 1290-th line out of 2500 rows of DP table...
2022-01-04 21:49:20,584 - root - DEBUG - Processing 1300-th line out of 2500 rows of DP table...
2022-01-04 21:49:21,005 - root - DEBUG - Processing 1310-th line out of 2500 rows of DP table...
2022-01-04 21:49:21,424 - root - DEBUG - Processing 1320-th line out of 2500 rows of DP table...
2022-01-04 21:49:21,836 - root - DEBUG - Processing 1330-th line out of 2500 rows of DP table...
2022-01-04 21:49:22,242 - root - DEBUG - Processing 1340-th line out of 2500 rows of DP table...
2022-01-04 21:49:22,655 - root - DEBUG - Processing 1350-th line out of 2500 rows of DP table...
2022-01-04 21:49:23,057 - root - DEBUG - Processing 1360-th line out of 2500 rows of DP table...
2022-01-04 21:49:23,454 - root - DEBUG - Processing 1370-th line out of 2500 rows of DP table...
2022-01-04 21:49:23,849 - root - DEBUG - Processing 1380-th line out of 2500 rows of DP table...
2022-01-04 21:49:24,241 - root - DEBUG - Processing 1390-th line out of 2500 rows of DP table...
2022-01-04 21:49:24,628 - root - DEBUG - Processing 1400-th line out of 2500 rows of DP table...
2022-01-04 21:49:25,018 - root - DEBUG - Processing 1410-th line out of 2500 rows of DP table...
2022-01-04 21:49:25,410 - root - DEBUG - Processing 1420-th line out of 2500 rows of DP table...
2022-01-04 21:49:25,788 - root - DEBUG - Processing 1430-th line out of 2500 rows of DP table...
2022-01-04 21:49:26,163 - root - DEBUG - Processing 1440-th line out of 2500 rows of DP table...
2022-01-04 21:49:26,533 - root - DEBUG - Processing 1450-th line out of 2500 rows of DP table...
2022-01-04 21:49:26,900 - root - DEBUG - Processing 1460-th line out of 2500 rows of DP table...
2022-01-04 21:49:27,271 - root - DEBUG - Processing 1470-th line out of 2500 rows of DP table...
2022-01-04 21:49:27,635 - root - DEBUG - Processing 1480-th line out of 2500 rows of DP table...
2022-01-04 21:49:27,992 - root - DEBUG - Processing 1490-th line out of 2500 rows of DP table...
2022-01-04 21:49:28,346 - root - DEBUG - Processing 1500-th line out of 2500 rows of DP table...
2022-01-04 21:49:28,697 - root - DEBUG - Processing 1510-th line out of 2500 rows of DP table...
2022-01-04 21:49:29,043 - root - DEBUG - Processing 1520-th line out of 2500 rows of DP table...
2022-01-04 21:49:29,391 - root - DEBUG - Processing 1530-th line out of 2500 rows of DP table...
2022-01-04 21:49:29,736 - root - DEBUG - Processing 1540-th line out of 2500 rows of DP table...
2022-01-04 21:49:30,073 - root - DEBUG - Processing 1550-th line out of 2500 rows of DP table...
2022-01-04 21:49:30,407 - root - DEBUG - Processing 1560-th line out of 2500 rows of DP table...
2022-01-04 21:49:30,737 - root - DEBUG - Processing 1570-th line out of 2500 rows of DP table...
2022-01-04 21:49:31,062 - root - DEBUG - Processing 1580-th line out of 2500 rows of DP table...
2022-01-04 21:49:31,391 - root - DEBUG - Processing 1590-th line out of 2500 rows of DP table...
2022-01-04 21:49:31,712 - root - DEBUG - Processing 1600-th line out of 2500 rows of DP table...
2022-01-04 21:49:32,034 - root - DEBUG - Processing 1610-th line out of 2500 rows of DP table...
2022-01-04 21:49:32,348 - root - DEBUG - Processing 1620-th line out of 2500 rows of DP table...
2022-01-04 21:49:32,659 - root - DEBUG - Processing 1630-th line out of 2500 rows of DP table...
2022-01-04 21:49:32,966 - root - DEBUG - Processing 1640-th line out of 2500 rows of DP table...
2022-01-04 21:49:33,275 - root - DEBUG - Processing 1650-th line out of 2500 rows of DP table...
2022-01-04 21:49:33,579 - root - DEBUG - Processing 1660-th line out of 2500 rows of DP table...
2022-01-04 21:49:33,876 - root - DEBUG - Processing 1670-th line out of 2500 rows of DP table...
2022-01-04 21:49:34,175 - root - DEBUG - Processing 1680-th line out of 2500 rows of DP table...
2022-01-04 21:49:34,466 - root - DEBUG - Processing 1690-th line out of 2500 rows of DP table...
2022-01-04 21:49:34,752 - root - DEBUG - Processing 1700-th line out of 2500 rows of DP table...
2022-01-04 21:49:35,036 - root - DEBUG - Processing 1710-th line out of 2500 rows of DP table...
2022-01-04 21:49:35,316 - root - DEBUG - Processing 1720-th line out of 2500 rows of DP table...
2022-01-04 21:49:35,597 - root - DEBUG - Processing 1730-th line out of 2500 rows of DP table...
2022-01-04 21:49:35,868 - root - DEBUG - Processing 1740-th line out of 2500 rows of DP table...
2022-01-04 21:49:36,146 - root - DEBUG - Processing 1750-th line out of 2500 rows of DP table...
2022-01-04 21:49:36,426 - root - DEBUG - Processing 1760-th line out of 2500 rows of DP table...
2022-01-04 21:49:36,689 - root - DEBUG - Processing 1770-th line out of 2500 rows of DP table...
2022-01-04 21:49:36,949 - root - DEBUG - Processing 1780-th line out of 2500 rows of DP table...
2022-01-04 21:49:37,205 - root - DEBUG - Processing 1790-th line out of 2500 rows of DP table...
2022-01-04 21:49:37,459 - root - DEBUG - Processing 1800-th line out of 2500 rows of DP table...
2022-01-04 21:49:37,715 - root - DEBUG - Processing 1810-th line out of 2500 rows of DP table...
2022-01-04 21:49:37,962 - root - DEBUG - Processing 1820-th line out of 2500 rows of DP table...
2022-01-04 21:49:38,208 - root - DEBUG - Processing 1830-th line out of 2500 rows of DP table...
2022-01-04 21:49:38,448 - root - DEBUG - Processing 1840-th line out of 2500 rows of DP table...
2022-01-04 21:49:38,683 - root - DEBUG - Processing 1850-th line out of 2500 rows of DP table...
2022-01-04 21:49:38,916 - root - DEBUG - Processing 1860-th line out of 2500 rows of DP table...
2022-01-04 21:49:39,146 - root - DEBUG - Processing 1870-th line out of 2500 rows of DP table...
2022-01-04 21:49:39,371 - root - DEBUG - Processing 1880-th line out of 2500 rows of DP table...
2022-01-04 21:49:39,593 - root - DEBUG - Processing 1890-th line out of 2500 rows of DP table...
2022-01-04 21:49:39,816 - root - DEBUG - Processing 1900-th line out of 2500 rows of DP table...
2022-01-04 21:49:40,032 - root - DEBUG - Processing 1910-th line out of 2500 rows of DP table...
2022-01-04 21:49:40,246 - root - DEBUG - Processing 1920-th line out of 2500 rows of DP table...
2022-01-04 21:49:40,455 - root - DEBUG - Processing 1930-th line out of 2500 rows of DP table...
2022-01-04 21:49:40,660 - root - DEBUG - Processing 1940-th line out of 2500 rows of DP table...
2022-01-04 21:49:40,864 - root - DEBUG - Processing 1950-th line out of 2500 rows of DP table...
2022-01-04 21:49:41,064 - root - DEBUG - Processing 1960-th line out of 2500 rows of DP table...
2022-01-04 21:49:41,259 - root - DEBUG - Processing 1970-th line out of 2500 rows of DP table...
2022-01-04 21:49:41,451 - root - DEBUG - Processing 1980-th line out of 2500 rows of DP table...
2022-01-04 21:49:41,640 - root - DEBUG - Processing 1990-th line out of 2500 rows of DP table...
2022-01-04 21:49:41,825 - root - DEBUG - Processing 2000-th line out of 2500 rows of DP table...
2022-01-04 21:49:42,012 - root - DEBUG - Processing 2010-th line out of 2500 rows of DP table...
2022-01-04 21:49:42,191 - root - DEBUG - Processing 2020-th line out of 2500 rows of DP table...
2022-01-04 21:49:42,369 - root - DEBUG - Processing 2030-th line out of 2500 rows of DP table...
2022-01-04 21:49:42,540 - root - DEBUG - Processing 2040-th line out of 2500 rows of DP table...
2022-01-04 21:49:42,708 - root - DEBUG - Processing 2050-th line out of 2500 rows of DP table...
2022-01-04 21:49:42,873 - root - DEBUG - Processing 2060-th line out of 2500 rows of DP table...
2022-01-04 21:49:43,033 - root - DEBUG - Processing 2070-th line out of 2500 rows of DP table...
2022-01-04 21:49:43,191 - root - DEBUG - Processing 2080-th line out of 2500 rows of DP table...
2022-01-04 21:49:43,345 - root - DEBUG - Processing 2090-th line out of 2500 rows of DP table...
2022-01-04 21:49:43,496 - root - DEBUG - Processing 2100-th line out of 2500 rows of DP table...
2022-01-04 21:49:43,644 - root - DEBUG - Processing 2110-th line out of 2500 rows of DP table...
2022-01-04 21:49:43,787 - root - DEBUG - Processing 2120-th line out of 2500 rows of DP table...
2022-01-04 21:49:43,927 - root - DEBUG - Processing 2130-th line out of 2500 rows of DP table...
2022-01-04 21:49:44,065 - root - DEBUG - Processing 2140-th line out of 2500 rows of DP table...
2022-01-04 21:49:44,204 - root - DEBUG - Processing 2150-th line out of 2500 rows of DP table...
2022-01-04 21:49:44,335 - root - DEBUG - Processing 2160-th line out of 2500 rows of DP table...
2022-01-04 21:49:44,463 - root - DEBUG - Processing 2170-th line out of 2500 rows of DP table...
2022-01-04 21:49:44,653 - root - DEBUG - Processing 2180-th line out of 2500 rows of DP table...
2022-01-04 21:49:44,773 - root - DEBUG - Processing 2190-th line out of 2500 rows of DP table...
2022-01-04 21:49:44,890 - root - DEBUG - Processing 2200-th line out of 2500 rows of DP table...
2022-01-04 21:49:45,003 - root - DEBUG - Processing 2210-th line out of 2500 rows of DP table...
2022-01-04 21:49:45,112 - root - DEBUG - Processing 2220-th line out of 2500 rows of DP table...
2022-01-04 21:49:45,218 - root - DEBUG - Processing 2230-th line out of 2500 rows of DP table...
2022-01-04 21:49:45,321 - root - DEBUG - Processing 2240-th line out of 2500 rows of DP table...
2022-01-04 21:49:45,422 - root - DEBUG - Processing 2250-th line out of 2500 rows of DP table...
2022-01-04 21:49:45,518 - root - DEBUG - Processing 2260-th line out of 2500 rows of DP table...
2022-01-04 21:49:45,611 - root - DEBUG - Processing 2270-th line out of 2500 rows of DP table...
2022-01-04 21:49:45,700 - root - DEBUG - Processing 2280-th line out of 2500 rows of DP table...
2022-01-04 21:49:45,786 - root - DEBUG - Processing 2290-th line out of 2500 rows of DP table...
2022-01-04 21:49:45,868 - root - DEBUG - Processing 2300-th line out of 2500 rows of DP table...
2022-01-04 21:49:45,947 - root - DEBUG - Processing 2310-th line out of 2500 rows of DP table...
2022-01-04 21:49:46,023 - root - DEBUG - Processing 2320-th line out of 2500 rows of DP table...
2022-01-04 21:49:46,096 - root - DEBUG - Processing 2330-th line out of 2500 rows of DP table...
2022-01-04 21:49:46,164 - root - DEBUG - Processing 2340-th line out of 2500 rows of DP table...
2022-01-04 21:49:46,229 - root - DEBUG - Processing 2350-th line out of 2500 rows of DP table...
2022-01-04 21:49:46,297 - root - DEBUG - Processing 2360-th line out of 2500 rows of DP table...
2022-01-04 21:49:46,356 - root - DEBUG - Processing 2370-th line out of 2500 rows of DP table...
2022-01-04 21:49:46,411 - root - DEBUG - Processing 2380-th line out of 2500 rows of DP table...
2022-01-04 21:49:46,464 - root - DEBUG - Processing 2390-th line out of 2500 rows of DP table...
2022-01-04 21:49:46,513 - root - DEBUG - Processing 2400-th line out of 2500 rows of DP table...
2022-01-04 21:49:46,559 - root - DEBUG - Processing 2410-th line out of 2500 rows of DP table...
2022-01-04 21:49:46,602 - root - DEBUG - Processing 2420-th line out of 2500 rows of DP table...
2022-01-04 21:49:46,641 - root - DEBUG - Processing 2430-th line out of 2500 rows of DP table...
2022-01-04 21:49:46,675 - root - DEBUG - Processing 2440-th line out of 2500 rows of DP table...
2022-01-04 21:49:46,774 - root - DEBUG - Processing 2450-th line out of 2500 rows of DP table...
2022-01-04 21:49:46,802 - root - DEBUG - Processing 2460-th line out of 2500 rows of DP table...
2022-01-04 21:49:46,827 - root - DEBUG - Processing 2470-th line out of 2500 rows of DP table...
2022-01-04 21:49:46,849 - root - DEBUG - Processing 2480-th line out of 2500 rows of DP table...
2022-01-04 21:49:46,867 - root - DEBUG - Processing 2490-th line out of 2500 rows of DP table...
2022-01-04 21:49:46,882 - root - DEBUG - Processing 2500-th line out of 2500 rows of DP table...
2022-01-04 21:49:46,896 - root - DEBUG - Started computing joint logprobs...
