2022-01-04 00:57:44,063 - root - INFO - Loading reference interval set from '211227-2-sim/g22_6.ref.tsv'...
2022-01-04 00:57:44,068 - root - INFO - Loading query interval set from '211227-2-sim/g22_6.query.tsv'...
2022-01-04 00:57:44,070 - root - INFO - Loading chromosome sizes from '211227-2-sim/g22_sizes.tsv'...
2022-01-04 00:57:44,073 - root - INFO - Number of reference intervals: 2500 (2500 before merging)
2022-01-04 00:57:44,075 - root - INFO - Number of query intervals: 50 (50 before merging)
2022-01-04 00:57:44,076 - root - INFO - Number of chromosomes: 1
2022-01-04 00:57:44,081 - root - INFO - Overlap count: 25
2022-01-04 00:57:44,082 - root - DEBUG - Started computing sf for chromosome 'chr1'...
2022-01-04 00:57:44,084 - root - DEBUG - m=2500, n=50
2022-01-04 00:57:44,967 - root - DEBUG - Processing 10-th line out of 2500 rows of DP table...
2022-01-04 00:57:45,816 - root - DEBUG - Processing 20-th line out of 2500 rows of DP table...
2022-01-04 00:57:46,673 - root - DEBUG - Processing 30-th line out of 2500 rows of DP table...
2022-01-04 00:57:47,512 - root - DEBUG - Processing 40-th line out of 2500 rows of DP table...
2022-01-04 00:57:48,350 - root - DEBUG - Processing 50-th line out of 2500 rows of DP table...
2022-01-04 00:57:49,198 - root - DEBUG - Processing 60-th line out of 2500 rows of DP table...
2022-01-04 00:57:50,174 - root - DEBUG - Processing 70-th line out of 2500 rows of DP table...
2022-01-04 00:57:51,412 - root - DEBUG - Processing 80-th line out of 2500 rows of DP table...
2022-01-04 00:57:52,380 - root - DEBUG - Processing 90-th line out of 2500 rows of DP table...
2022-01-04 00:57:53,199 - root - DEBUG - Processing 100-th line out of 2500 rows of DP table...
2022-01-04 00:57:54,053 - root - DEBUG - Processing 110-th line out of 2500 rows of DP table...
2022-01-04 00:57:54,895 - root - DEBUG - Processing 120-th line out of 2500 rows of DP table...
2022-01-04 00:57:55,728 - root - DEBUG - Processing 130-th line out of 2500 rows of DP table...
2022-01-04 00:57:56,559 - root - DEBUG - Processing 140-th line out of 2500 rows of DP table...
2022-01-04 00:57:57,369 - root - DEBUG - Processing 150-th line out of 2500 rows of DP table...
2022-01-04 00:57:58,196 - root - DEBUG - Processing 160-th line out of 2500 rows of DP table...
2022-01-04 00:57:59,039 - root - DEBUG - Processing 170-th line out of 2500 rows of DP table...
2022-01-04 00:57:59,864 - root - DEBUG - Processing 180-th line out of 2500 rows of DP table...
2022-01-04 00:58:00,659 - root - DEBUG - Processing 190-th line out of 2500 rows of DP table...
2022-01-04 00:58:01,474 - root - DEBUG - Processing 200-th line out of 2500 rows of DP table...
2022-01-04 00:58:02,287 - root - DEBUG - Processing 210-th line out of 2500 rows of DP table...
2022-01-04 00:58:03,104 - root - DEBUG - Processing 220-th line out of 2500 rows of DP table...
2022-01-04 00:58:03,911 - root - DEBUG - Processing 230-th line out of 2500 rows of DP table...
2022-01-04 00:58:04,689 - root - DEBUG - Processing 240-th line out of 2500 rows of DP table...
2022-01-04 00:58:05,486 - root - DEBUG - Processing 250-th line out of 2500 rows of DP table...
2022-01-04 00:58:06,282 - root - DEBUG - Processing 260-th line out of 2500 rows of DP table...
2022-01-04 00:58:07,075 - root - DEBUG - Processing 270-th line out of 2500 rows of DP table...
2022-01-04 00:58:07,841 - root - DEBUG - Processing 280-th line out of 2500 rows of DP table...
2022-01-04 00:58:08,631 - root - DEBUG - Processing 290-th line out of 2500 rows of DP table...
2022-01-04 00:58:09,416 - root - DEBUG - Processing 300-th line out of 2500 rows of DP table...
2022-01-04 00:58:10,196 - root - DEBUG - Processing 310-th line out of 2500 rows of DP table...
2022-01-04 00:58:10,944 - root - DEBUG - Processing 320-th line out of 2500 rows of DP table...
2022-01-04 00:58:11,717 - root - DEBUG - Processing 330-th line out of 2500 rows of DP table...
2022-01-04 00:58:12,500 - root - DEBUG - Processing 340-th line out of 2500 rows of DP table...
2022-01-04 00:58:13,243 - root - DEBUG - Processing 350-th line out of 2500 rows of DP table...
2022-01-04 00:58:13,999 - root - DEBUG - Processing 360-th line out of 2500 rows of DP table...
2022-01-04 00:58:14,762 - root - DEBUG - Processing 370-th line out of 2500 rows of DP table...
2022-01-04 00:58:15,514 - root - DEBUG - Processing 380-th line out of 2500 rows of DP table...
2022-01-04 00:58:16,242 - root - DEBUG - Processing 390-th line out of 2500 rows of DP table...
2022-01-04 00:58:16,991 - root - DEBUG - Processing 400-th line out of 2500 rows of DP table...
2022-01-04 00:58:17,736 - root - DEBUG - Processing 410-th line out of 2500 rows of DP table...
2022-01-04 00:58:18,456 - root - DEBUG - Processing 420-th line out of 2500 rows of DP table...
2022-01-04 00:58:19,195 - root - DEBUG - Processing 430-th line out of 2500 rows of DP table...
2022-01-04 00:58:19,929 - root - DEBUG - Processing 440-th line out of 2500 rows of DP table...
2022-01-04 00:58:20,659 - root - DEBUG - Processing 450-th line out of 2500 rows of DP table...
2022-01-04 00:58:21,361 - root - DEBUG - Processing 460-th line out of 2500 rows of DP table...
2022-01-04 00:58:22,086 - root - DEBUG - Processing 470-th line out of 2500 rows of DP table...
2022-01-04 00:58:22,808 - root - DEBUG - Processing 480-th line out of 2500 rows of DP table...
2022-01-04 00:58:23,502 - root - DEBUG - Processing 490-th line out of 2500 rows of DP table...
2022-01-04 00:58:24,217 - root - DEBUG - Processing 500-th line out of 2500 rows of DP table...
2022-01-04 00:58:24,926 - root - DEBUG - Processing 510-th line out of 2500 rows of DP table...
2022-01-04 00:58:25,608 - root - DEBUG - Processing 520-th line out of 2500 rows of DP table...
2022-01-04 00:58:26,312 - root - DEBUG - Processing 530-th line out of 2500 rows of DP table...
2022-01-04 00:58:27,012 - root - DEBUG - Processing 540-th line out of 2500 rows of DP table...
2022-01-04 00:58:27,685 - root - DEBUG - Processing 550-th line out of 2500 rows of DP table...
2022-01-04 00:58:28,380 - root - DEBUG - Processing 560-th line out of 2500 rows of DP table...
2022-01-04 00:58:29,073 - root - DEBUG - Processing 570-th line out of 2500 rows of DP table...
2022-01-04 00:58:29,739 - root - DEBUG - Processing 580-th line out of 2500 rows of DP table...
2022-01-04 00:58:30,427 - root - DEBUG - Processing 590-th line out of 2500 rows of DP table...
2022-01-04 00:58:31,097 - root - DEBUG - Processing 600-th line out of 2500 rows of DP table...
2022-01-04 00:58:31,757 - root - DEBUG - Processing 610-th line out of 2500 rows of DP table...
2022-01-04 00:58:32,436 - root - DEBUG - Processing 620-th line out of 2500 rows of DP table...
2022-01-04 00:58:33,085 - root - DEBUG - Processing 630-th line out of 2500 rows of DP table...
2022-01-04 00:58:33,755 - root - DEBUG - Processing 640-th line out of 2500 rows of DP table...
2022-01-04 00:58:34,418 - root - DEBUG - Processing 650-th line out of 2500 rows of DP table...
2022-01-04 00:58:35,098 - root - DEBUG - Processing 660-th line out of 2500 rows of DP table...
2022-01-04 00:58:35,759 - root - DEBUG - Processing 670-th line out of 2500 rows of DP table...
2022-01-04 00:58:36,415 - root - DEBUG - Processing 680-th line out of 2500 rows of DP table...
2022-01-04 00:58:37,040 - root - DEBUG - Processing 690-th line out of 2500 rows of DP table...
2022-01-04 00:58:37,693 - root - DEBUG - Processing 700-th line out of 2500 rows of DP table...
2022-01-04 00:58:38,314 - root - DEBUG - Processing 710-th line out of 2500 rows of DP table...
2022-01-04 00:58:38,958 - root - DEBUG - Processing 720-th line out of 2500 rows of DP table...
2022-01-04 00:58:39,598 - root - DEBUG - Processing 730-th line out of 2500 rows of DP table...
2022-01-04 00:58:40,212 - root - DEBUG - Processing 740-th line out of 2500 rows of DP table...
2022-01-04 00:58:40,849 - root - DEBUG - Processing 750-th line out of 2500 rows of DP table...
2022-01-04 00:58:41,450 - root - DEBUG - Processing 760-th line out of 2500 rows of DP table...
2022-01-04 00:58:42,078 - root - DEBUG - Processing 770-th line out of 2500 rows of DP table...
2022-01-04 00:58:42,703 - root - DEBUG - Processing 780-th line out of 2500 rows of DP table...
2022-01-04 00:58:43,294 - root - DEBUG - Processing 790-th line out of 2500 rows of DP table...
2022-01-04 00:58:43,914 - root - DEBUG - Processing 800-th line out of 2500 rows of DP table...
2022-01-04 00:58:44,501 - root - DEBUG - Processing 810-th line out of 2500 rows of DP table...
2022-01-04 00:58:45,111 - root - DEBUG - Processing 820-th line out of 2500 rows of DP table...
2022-01-04 00:58:45,690 - root - DEBUG - Processing 830-th line out of 2500 rows of DP table...
2022-01-04 00:58:46,291 - root - DEBUG - Processing 840-th line out of 2500 rows of DP table...
2022-01-04 00:58:46,890 - root - DEBUG - Processing 850-th line out of 2500 rows of DP table...
2022-01-04 00:58:47,460 - root - DEBUG - Processing 860-th line out of 2500 rows of DP table...
2022-01-04 00:58:48,055 - root - DEBUG - Processing 870-th line out of 2500 rows of DP table...
2022-01-04 00:58:48,619 - root - DEBUG - Processing 880-th line out of 2500 rows of DP table...
2022-01-04 00:58:49,206 - root - DEBUG - Processing 890-th line out of 2500 rows of DP table...
2022-01-04 00:58:49,764 - root - DEBUG - Processing 900-th line out of 2500 rows of DP table...
2022-01-04 00:58:50,343 - root - DEBUG - Processing 910-th line out of 2500 rows of DP table...
2022-01-04 00:58:50,895 - root - DEBUG - Processing 920-th line out of 2500 rows of DP table...
2022-01-04 00:58:51,468 - root - DEBUG - Processing 930-th line out of 2500 rows of DP table...
2022-01-04 00:58:52,013 - root - DEBUG - Processing 940-th line out of 2500 rows of DP table...
2022-01-04 00:58:52,581 - root - DEBUG - Processing 950-th line out of 2500 rows of DP table...
2022-01-04 00:58:53,115 - root - DEBUG - Processing 960-th line out of 2500 rows of DP table...
2022-01-04 00:58:53,674 - root - DEBUG - Processing 970-th line out of 2500 rows of DP table...
2022-01-04 00:58:54,233 - root - DEBUG - Processing 980-th line out of 2500 rows of DP table...
2022-01-04 00:58:54,758 - root - DEBUG - Processing 990-th line out of 2500 rows of DP table...
2022-01-04 00:58:55,306 - root - DEBUG - Processing 1000-th line out of 2500 rows of DP table...
2022-01-04 00:58:55,824 - root - DEBUG - Processing 1010-th line out of 2500 rows of DP table...
2022-01-04 00:58:56,364 - root - DEBUG - Processing 1020-th line out of 2500 rows of DP table...
2022-01-04 00:58:56,875 - root - DEBUG - Processing 1030-th line out of 2500 rows of DP table...
2022-01-04 00:58:57,411 - root - DEBUG - Processing 1040-th line out of 2500 rows of DP table...
2022-01-04 00:58:57,918 - root - DEBUG - Processing 1050-th line out of 2500 rows of DP table...
2022-01-04 00:58:58,446 - root - DEBUG - Processing 1060-th line out of 2500 rows of DP table...
2022-01-04 00:58:58,946 - root - DEBUG - Processing 1070-th line out of 2500 rows of DP table...
2022-01-04 00:58:59,462 - root - DEBUG - Processing 1080-th line out of 2500 rows of DP table...
2022-01-04 00:58:59,959 - root - DEBUG - Processing 1090-th line out of 2500 rows of DP table...
2022-01-04 00:59:00,451 - root - DEBUG - Processing 1100-th line out of 2500 rows of DP table...
2022-01-04 00:59:00,964 - root - DEBUG - Processing 1110-th line out of 2500 rows of DP table...
2022-01-04 00:59:01,443 - root - DEBUG - Processing 1120-th line out of 2500 rows of DP table...
2022-01-04 00:59:01,948 - root - DEBUG - Processing 1130-th line out of 2500 rows of DP table...
2022-01-04 00:59:02,426 - root - DEBUG - Processing 1140-th line out of 2500 rows of DP table...
2022-01-04 00:59:02,926 - root - DEBUG - Processing 1150-th line out of 2500 rows of DP table...
2022-01-04 00:59:03,396 - root - DEBUG - Processing 1160-th line out of 2500 rows of DP table...
2022-01-04 00:59:03,889 - root - DEBUG - Processing 1170-th line out of 2500 rows of DP table...
2022-01-04 00:59:04,412 - root - DEBUG - Processing 1180-th line out of 2500 rows of DP table...
2022-01-04 00:59:04,919 - root - DEBUG - Processing 1190-th line out of 2500 rows of DP table...
2022-01-04 00:59:05,417 - root - DEBUG - Processing 1200-th line out of 2500 rows of DP table...
2022-01-04 00:59:05,897 - root - DEBUG - Processing 1210-th line out of 2500 rows of DP table...
2022-01-04 00:59:06,453 - root - DEBUG - Processing 1220-th line out of 2500 rows of DP table...
2022-01-04 00:59:06,897 - root - DEBUG - Processing 1230-th line out of 2500 rows of DP table...
2022-01-04 00:59:07,342 - root - DEBUG - Processing 1240-th line out of 2500 rows of DP table...
2022-01-04 00:59:07,781 - root - DEBUG - Processing 1250-th line out of 2500 rows of DP table...
2022-01-04 00:59:08,228 - root - DEBUG - Processing 1260-th line out of 2500 rows of DP table...
2022-01-04 00:59:08,658 - root - DEBUG - Processing 1270-th line out of 2500 rows of DP table...
2022-01-04 00:59:09,086 - root - DEBUG - Processing 1280-th line out of 2500 rows of DP table...
2022-01-04 00:59:09,511 - root - DEBUG - Processing 1290-th line out of 2500 rows of DP table...
2022-01-04 00:59:09,932 - root - DEBUG - Processing 1300-th line out of 2500 rows of DP table...
2022-01-04 00:59:10,350 - root - DEBUG - Processing 1310-th line out of 2500 rows of DP table...
2022-01-04 00:59:10,765 - root - DEBUG - Processing 1320-th line out of 2500 rows of DP table...
2022-01-04 00:59:11,178 - root - DEBUG - Processing 1330-th line out of 2500 rows of DP table...
2022-01-04 00:59:11,586 - root - DEBUG - Processing 1340-th line out of 2500 rows of DP table...
2022-01-04 00:59:11,992 - root - DEBUG - Processing 1350-th line out of 2500 rows of DP table...
2022-01-04 00:59:12,394 - root - DEBUG - Processing 1360-th line out of 2500 rows of DP table...
2022-01-04 00:59:12,792 - root - DEBUG - Processing 1370-th line out of 2500 rows of DP table...
2022-01-04 00:59:13,186 - root - DEBUG - Processing 1380-th line out of 2500 rows of DP table...
2022-01-04 00:59:13,578 - root - DEBUG - Processing 1390-th line out of 2500 rows of DP table...
2022-01-04 00:59:13,967 - root - DEBUG - Processing 1400-th line out of 2500 rows of DP table...
2022-01-04 00:59:14,352 - root - DEBUG - Processing 1410-th line out of 2500 rows of DP table...
2022-01-04 00:59:14,734 - root - DEBUG - Processing 1420-th line out of 2500 rows of DP table...
2022-01-04 00:59:15,113 - root - DEBUG - Processing 1430-th line out of 2500 rows of DP table...
2022-01-04 00:59:15,489 - root - DEBUG - Processing 1440-th line out of 2500 rows of DP table...
2022-01-04 00:59:15,860 - root - DEBUG - Processing 1450-th line out of 2500 rows of DP table...
2022-01-04 00:59:16,228 - root - DEBUG - Processing 1460-th line out of 2500 rows of DP table...
2022-01-04 00:59:16,592 - root - DEBUG - Processing 1470-th line out of 2500 rows of DP table...
2022-01-04 00:59:16,952 - root - DEBUG - Processing 1480-th line out of 2500 rows of DP table...
2022-01-04 00:59:17,310 - root - DEBUG - Processing 1490-th line out of 2500 rows of DP table...
2022-01-04 00:59:17,665 - root - DEBUG - Processing 1500-th line out of 2500 rows of DP table...
2022-01-04 00:59:18,018 - root - DEBUG - Processing 1510-th line out of 2500 rows of DP table...
2022-01-04 00:59:18,365 - root - DEBUG - Processing 1520-th line out of 2500 rows of DP table...
2022-01-04 00:59:18,713 - root - DEBUG - Processing 1530-th line out of 2500 rows of DP table...
2022-01-04 00:59:19,056 - root - DEBUG - Processing 1540-th line out of 2500 rows of DP table...
2022-01-04 00:59:19,396 - root - DEBUG - Processing 1550-th line out of 2500 rows of DP table...
2022-01-04 00:59:19,733 - root - DEBUG - Processing 1560-th line out of 2500 rows of DP table...
2022-01-04 00:59:20,067 - root - DEBUG - Processing 1570-th line out of 2500 rows of DP table...
2022-01-04 00:59:20,396 - root - DEBUG - Processing 1580-th line out of 2500 rows of DP table...
2022-01-04 00:59:20,724 - root - DEBUG - Processing 1590-th line out of 2500 rows of DP table...
2022-01-04 00:59:21,048 - root - DEBUG - Processing 1600-th line out of 2500 rows of DP table...
2022-01-04 00:59:21,368 - root - DEBUG - Processing 1610-th line out of 2500 rows of DP table...
2022-01-04 00:59:21,684 - root - DEBUG - Processing 1620-th line out of 2500 rows of DP table...
2022-01-04 00:59:21,994 - root - DEBUG - Processing 1630-th line out of 2500 rows of DP table...
2022-01-04 00:59:22,304 - root - DEBUG - Processing 1640-th line out of 2500 rows of DP table...
2022-01-04 00:59:22,651 - root - DEBUG - Processing 1650-th line out of 2500 rows of DP table...
2022-01-04 00:59:23,231 - root - DEBUG - Processing 1660-th line out of 2500 rows of DP table...
2022-01-04 00:59:23,544 - root - DEBUG - Processing 1670-th line out of 2500 rows of DP table...
2022-01-04 00:59:23,838 - root - DEBUG - Processing 1680-th line out of 2500 rows of DP table...
2022-01-04 00:59:24,130 - root - DEBUG - Processing 1690-th line out of 2500 rows of DP table...
2022-01-04 00:59:24,419 - root - DEBUG - Processing 1700-th line out of 2500 rows of DP table...
2022-01-04 00:59:24,704 - root - DEBUG - Processing 1710-th line out of 2500 rows of DP table...
2022-01-04 00:59:24,986 - root - DEBUG - Processing 1720-th line out of 2500 rows of DP table...
2022-01-04 00:59:25,264 - root - DEBUG - Processing 1730-th line out of 2500 rows of DP table...
2022-01-04 00:59:25,539 - root - DEBUG - Processing 1740-th line out of 2500 rows of DP table...
2022-01-04 00:59:25,812 - root - DEBUG - Processing 1750-th line out of 2500 rows of DP table...
2022-01-04 00:59:26,079 - root - DEBUG - Processing 1760-th line out of 2500 rows of DP table...
2022-01-04 00:59:26,343 - root - DEBUG - Processing 1770-th line out of 2500 rows of DP table...
2022-01-04 00:59:26,605 - root - DEBUG - Processing 1780-th line out of 2500 rows of DP table...
2022-01-04 00:59:26,860 - root - DEBUG - Processing 1790-th line out of 2500 rows of DP table...
2022-01-04 00:59:27,114 - root - DEBUG - Processing 1800-th line out of 2500 rows of DP table...
2022-01-04 00:59:27,363 - root - DEBUG - Processing 1810-th line out of 2500 rows of DP table...
2022-01-04 00:59:27,609 - root - DEBUG - Processing 1820-th line out of 2500 rows of DP table...
2022-01-04 00:59:27,854 - root - DEBUG - Processing 1830-th line out of 2500 rows of DP table...
2022-01-04 00:59:28,093 - root - DEBUG - Processing 1840-th line out of 2500 rows of DP table...
2022-01-04 00:59:28,331 - root - DEBUG - Processing 1850-th line out of 2500 rows of DP table...
2022-01-04 00:59:28,564 - root - DEBUG - Processing 1860-th line out of 2500 rows of DP table...
2022-01-04 00:59:28,794 - root - DEBUG - Processing 1870-th line out of 2500 rows of DP table...
2022-01-04 00:59:29,022 - root - DEBUG - Processing 1880-th line out of 2500 rows of DP table...
2022-01-04 00:59:29,246 - root - DEBUG - Processing 1890-th line out of 2500 rows of DP table...
2022-01-04 00:59:29,466 - root - DEBUG - Processing 1900-th line out of 2500 rows of DP table...
2022-01-04 00:59:29,682 - root - DEBUG - Processing 1910-th line out of 2500 rows of DP table...
2022-01-04 00:59:29,896 - root - DEBUG - Processing 1920-th line out of 2500 rows of DP table...
2022-01-04 00:59:30,106 - root - DEBUG - Processing 1930-th line out of 2500 rows of DP table...
2022-01-04 00:59:30,312 - root - DEBUG - Processing 1940-th line out of 2500 rows of DP table...
2022-01-04 00:59:30,515 - root - DEBUG - Processing 1950-th line out of 2500 rows of DP table...
2022-01-04 00:59:30,714 - root - DEBUG - Processing 1960-th line out of 2500 rows of DP table...
2022-01-04 00:59:30,910 - root - DEBUG - Processing 1970-th line out of 2500 rows of DP table...
2022-01-04 00:59:31,103 - root - DEBUG - Processing 1980-th line out of 2500 rows of DP table...
2022-01-04 00:59:31,294 - root - DEBUG - Processing 1990-th line out of 2500 rows of DP table...
2022-01-04 00:59:31,481 - root - DEBUG - Processing 2000-th line out of 2500 rows of DP table...
2022-01-04 00:59:31,663 - root - DEBUG - Processing 2010-th line out of 2500 rows of DP table...
2022-01-04 00:59:31,841 - root - DEBUG - Processing 2020-th line out of 2500 rows of DP table...
2022-01-04 00:59:32,016 - root - DEBUG - Processing 2030-th line out of 2500 rows of DP table...
2022-01-04 00:59:32,190 - root - DEBUG - Processing 2040-th line out of 2500 rows of DP table...
2022-01-04 00:59:32,358 - root - DEBUG - Processing 2050-th line out of 2500 rows of DP table...
2022-01-04 00:59:32,523 - root - DEBUG - Processing 2060-th line out of 2500 rows of DP table...
2022-01-04 00:59:32,685 - root - DEBUG - Processing 2070-th line out of 2500 rows of DP table...
2022-01-04 00:59:32,843 - root - DEBUG - Processing 2080-th line out of 2500 rows of DP table...
2022-01-04 00:59:32,999 - root - DEBUG - Processing 2090-th line out of 2500 rows of DP table...
2022-01-04 00:59:33,150 - root - DEBUG - Processing 2100-th line out of 2500 rows of DP table...
2022-01-04 00:59:33,299 - root - DEBUG - Processing 2110-th line out of 2500 rows of DP table...
2022-01-04 00:59:33,444 - root - DEBUG - Processing 2120-th line out of 2500 rows of DP table...
2022-01-04 00:59:33,678 - root - DEBUG - Processing 2130-th line out of 2500 rows of DP table...
2022-01-04 00:59:33,816 - root - DEBUG - Processing 2140-th line out of 2500 rows of DP table...
2022-01-04 00:59:33,952 - root - DEBUG - Processing 2150-th line out of 2500 rows of DP table...
2022-01-04 00:59:34,084 - root - DEBUG - Processing 2160-th line out of 2500 rows of DP table...
2022-01-04 00:59:34,212 - root - DEBUG - Processing 2170-th line out of 2500 rows of DP table...
2022-01-04 00:59:34,338 - root - DEBUG - Processing 2180-th line out of 2500 rows of DP table...
2022-01-04 00:59:34,460 - root - DEBUG - Processing 2190-th line out of 2500 rows of DP table...
2022-01-04 00:59:34,578 - root - DEBUG - Processing 2200-th line out of 2500 rows of DP table...
2022-01-04 00:59:34,758 - root - DEBUG - Processing 2210-th line out of 2500 rows of DP table...
2022-01-04 00:59:34,869 - root - DEBUG - Processing 2220-th line out of 2500 rows of DP table...
2022-01-04 00:59:34,976 - root - DEBUG - Processing 2230-th line out of 2500 rows of DP table...
2022-01-04 00:59:35,082 - root - DEBUG - Processing 2240-th line out of 2500 rows of DP table...
2022-01-04 00:59:35,223 - root - DEBUG - Processing 2250-th line out of 2500 rows of DP table...
2022-01-04 00:59:35,322 - root - DEBUG - Processing 2260-th line out of 2500 rows of DP table...
2022-01-04 00:59:35,417 - root - DEBUG - Processing 2270-th line out of 2500 rows of DP table...
2022-01-04 00:59:35,509 - root - DEBUG - Processing 2280-th line out of 2500 rows of DP table...
2022-01-04 00:59:35,597 - root - DEBUG - Processing 2290-th line out of 2500 rows of DP table...
2022-01-04 00:59:35,682 - root - DEBUG - Processing 2300-th line out of 2500 rows of DP table...
2022-01-04 00:59:35,763 - root - DEBUG - Processing 2310-th line out of 2500 rows of DP table...
2022-01-04 00:59:35,841 - root - DEBUG - Processing 2320-th line out of 2500 rows of DP table...
2022-01-04 00:59:35,915 - root - DEBUG - Processing 2330-th line out of 2500 rows of DP table...
2022-01-04 00:59:35,987 - root - DEBUG - Processing 2340-th line out of 2500 rows of DP table...
2022-01-04 00:59:36,055 - root - DEBUG - Processing 2350-th line out of 2500 rows of DP table...
2022-01-04 00:59:36,118 - root - DEBUG - Processing 2360-th line out of 2500 rows of DP table...
2022-01-04 00:59:36,186 - root - DEBUG - Processing 2370-th line out of 2500 rows of DP table...
2022-01-04 00:59:36,288 - root - DEBUG - Processing 2380-th line out of 2500 rows of DP table...
2022-01-04 00:59:36,386 - root - DEBUG - Processing 2390-th line out of 2500 rows of DP table...
2022-01-04 00:59:36,478 - root - DEBUG - Processing 2400-th line out of 2500 rows of DP table...
2022-01-04 00:59:36,566 - root - DEBUG - Processing 2410-th line out of 2500 rows of DP table...
2022-01-04 00:59:36,647 - root - DEBUG - Processing 2420-th line out of 2500 rows of DP table...
2022-01-04 00:59:36,722 - root - DEBUG - Processing 2430-th line out of 2500 rows of DP table...
2022-01-04 00:59:36,788 - root - DEBUG - Processing 2440-th line out of 2500 rows of DP table...
2022-01-04 00:59:36,844 - root - DEBUG - Processing 2450-th line out of 2500 rows of DP table...
2022-01-04 00:59:36,896 - root - DEBUG - Processing 2460-th line out of 2500 rows of DP table...
2022-01-04 00:59:36,942 - root - DEBUG - Processing 2470-th line out of 2500 rows of DP table...
2022-01-04 00:59:36,984 - root - DEBUG - Processing 2480-th line out of 2500 rows of DP table...
2022-01-04 00:59:37,006 - root - DEBUG - Processing 2490-th line out of 2500 rows of DP table...
2022-01-04 00:59:37,022 - root - DEBUG - Processing 2500-th line out of 2500 rows of DP table...
2022-01-04 00:59:37,042 - root - DEBUG - Started computing joint logprobs...
