2022-01-04 00:57:43,602 - root - INFO - Loading reference interval set from '211227-2-sim/g22_3.ref.tsv'...
2022-01-04 00:57:43,606 - root - INFO - Loading query interval set from '211227-2-sim/g22_3.query.tsv'...
2022-01-04 00:57:43,609 - root - INFO - Loading chromosome sizes from '211227-2-sim/g22_sizes.tsv'...
2022-01-04 00:57:43,612 - root - INFO - Number of reference intervals: 2500 (2500 before merging)
2022-01-04 00:57:43,614 - root - INFO - Number of query intervals: 50 (50 before merging)
2022-01-04 00:57:43,615 - root - INFO - Number of chromosomes: 1
2022-01-04 00:57:43,622 - root - INFO - Overlap count: 26
2022-01-04 00:57:43,624 - root - DEBUG - Started computing sf for chromosome 'chr1'...
2022-01-04 00:57:43,626 - root - DEBUG - m=2500, n=50
2022-01-04 00:57:44,538 - root - DEBUG - Processing 10-th line out of 2500 rows of DP table...
2022-01-04 00:57:45,401 - root - DEBUG - Processing 20-th line out of 2500 rows of DP table...
2022-01-04 00:57:46,246 - root - DEBUG - Processing 30-th line out of 2500 rows of DP table...
2022-01-04 00:57:47,109 - root - DEBUG - Processing 40-th line out of 2500 rows of DP table...
2022-01-04 00:57:47,955 - root - DEBUG - Processing 50-th line out of 2500 rows of DP table...
2022-01-04 00:57:48,812 - root - DEBUG - Processing 60-th line out of 2500 rows of DP table...
2022-01-04 00:57:49,699 - root - DEBUG - Processing 70-th line out of 2500 rows of DP table...
2022-01-04 00:57:50,568 - root - DEBUG - Processing 80-th line out of 2500 rows of DP table...
2022-01-04 00:57:51,640 - root - DEBUG - Processing 90-th line out of 2500 rows of DP table...
2022-01-04 00:57:52,513 - root - DEBUG - Processing 100-th line out of 2500 rows of DP table...
2022-01-04 00:57:53,348 - root - DEBUG - Processing 110-th line out of 2500 rows of DP table...
2022-01-04 00:57:54,273 - root - DEBUG - Processing 120-th line out of 2500 rows of DP table...
2022-01-04 00:57:55,115 - root - DEBUG - Processing 130-th line out of 2500 rows of DP table...
2022-01-04 00:57:55,937 - root - DEBUG - Processing 140-th line out of 2500 rows of DP table...
2022-01-04 00:57:56,811 - root - DEBUG - Processing 150-th line out of 2500 rows of DP table...
2022-01-04 00:57:57,641 - root - DEBUG - Processing 160-th line out of 2500 rows of DP table...
2022-01-04 00:57:58,476 - root - DEBUG - Processing 170-th line out of 2500 rows of DP table...
2022-01-04 00:57:59,551 - root - DEBUG - Processing 180-th line out of 2500 rows of DP table...
2022-01-04 00:58:00,349 - root - DEBUG - Processing 190-th line out of 2500 rows of DP table...
2022-01-04 00:58:01,146 - root - DEBUG - Processing 200-th line out of 2500 rows of DP table...
2022-01-04 00:58:01,947 - root - DEBUG - Processing 210-th line out of 2500 rows of DP table...
2022-01-04 00:58:02,740 - root - DEBUG - Processing 220-th line out of 2500 rows of DP table...
2022-01-04 00:58:03,539 - root - DEBUG - Processing 230-th line out of 2500 rows of DP table...
2022-01-04 00:58:04,332 - root - DEBUG - Processing 240-th line out of 2500 rows of DP table...
2022-01-04 00:58:05,116 - root - DEBUG - Processing 250-th line out of 2500 rows of DP table...
2022-01-04 00:58:05,900 - root - DEBUG - Processing 260-th line out of 2500 rows of DP table...
2022-01-04 00:58:06,678 - root - DEBUG - Processing 270-th line out of 2500 rows of DP table...
2022-01-04 00:58:07,452 - root - DEBUG - Processing 280-th line out of 2500 rows of DP table...
2022-01-04 00:58:08,223 - root - DEBUG - Processing 290-th line out of 2500 rows of DP table...
2022-01-04 00:58:08,993 - root - DEBUG - Processing 300-th line out of 2500 rows of DP table...
2022-01-04 00:58:09,787 - root - DEBUG - Processing 310-th line out of 2500 rows of DP table...
2022-01-04 00:58:10,535 - root - DEBUG - Processing 320-th line out of 2500 rows of DP table...
2022-01-04 00:58:11,289 - root - DEBUG - Processing 330-th line out of 2500 rows of DP table...
2022-01-04 00:58:12,031 - root - DEBUG - Processing 340-th line out of 2500 rows of DP table...
2022-01-04 00:58:12,780 - root - DEBUG - Processing 350-th line out of 2500 rows of DP table...
2022-01-04 00:58:13,622 - root - DEBUG - Processing 360-th line out of 2500 rows of DP table...
2022-01-04 00:58:14,362 - root - DEBUG - Processing 370-th line out of 2500 rows of DP table...
2022-01-04 00:58:15,093 - root - DEBUG - Processing 380-th line out of 2500 rows of DP table...
2022-01-04 00:58:15,818 - root - DEBUG - Processing 390-th line out of 2500 rows of DP table...
2022-01-04 00:58:16,538 - root - DEBUG - Processing 400-th line out of 2500 rows of DP table...
2022-01-04 00:58:17,254 - root - DEBUG - Processing 410-th line out of 2500 rows of DP table...
2022-01-04 00:58:17,968 - root - DEBUG - Processing 420-th line out of 2500 rows of DP table...
2022-01-04 00:58:18,677 - root - DEBUG - Processing 430-th line out of 2500 rows of DP table...
2022-01-04 00:58:19,384 - root - DEBUG - Processing 440-th line out of 2500 rows of DP table...
2022-01-04 00:58:20,093 - root - DEBUG - Processing 450-th line out of 2500 rows of DP table...
2022-01-04 00:58:20,796 - root - DEBUG - Processing 460-th line out of 2500 rows of DP table...
2022-01-04 00:58:21,495 - root - DEBUG - Processing 470-th line out of 2500 rows of DP table...
2022-01-04 00:58:22,190 - root - DEBUG - Processing 480-th line out of 2500 rows of DP table...
2022-01-04 00:58:22,880 - root - DEBUG - Processing 490-th line out of 2500 rows of DP table...
2022-01-04 00:58:23,571 - root - DEBUG - Processing 500-th line out of 2500 rows of DP table...
2022-01-04 00:58:24,254 - root - DEBUG - Processing 510-th line out of 2500 rows of DP table...
2022-01-04 00:58:24,934 - root - DEBUG - Processing 520-th line out of 2500 rows of DP table...
2022-01-04 00:58:25,611 - root - DEBUG - Processing 530-th line out of 2500 rows of DP table...
2022-01-04 00:58:26,285 - root - DEBUG - Processing 540-th line out of 2500 rows of DP table...
2022-01-04 00:58:26,954 - root - DEBUG - Processing 550-th line out of 2500 rows of DP table...
2022-01-04 00:58:27,622 - root - DEBUG - Processing 560-th line out of 2500 rows of DP table...
2022-01-04 00:58:28,288 - root - DEBUG - Processing 570-th line out of 2500 rows of DP table...
2022-01-04 00:58:28,959 - root - DEBUG - Processing 580-th line out of 2500 rows of DP table...
2022-01-04 00:58:29,618 - root - DEBUG - Processing 590-th line out of 2500 rows of DP table...
2022-01-04 00:58:30,274 - root - DEBUG - Processing 600-th line out of 2500 rows of DP table...
2022-01-04 00:58:30,926 - root - DEBUG - Processing 610-th line out of 2500 rows of DP table...
2022-01-04 00:58:31,575 - root - DEBUG - Processing 620-th line out of 2500 rows of DP table...
2022-01-04 00:58:32,221 - root - DEBUG - Processing 630-th line out of 2500 rows of DP table...
2022-01-04 00:58:32,865 - root - DEBUG - Processing 640-th line out of 2500 rows of DP table...
2022-01-04 00:58:33,503 - root - DEBUG - Processing 650-th line out of 2500 rows of DP table...
2022-01-04 00:58:34,137 - root - DEBUG - Processing 660-th line out of 2500 rows of DP table...
2022-01-04 00:58:34,764 - root - DEBUG - Processing 670-th line out of 2500 rows of DP table...
2022-01-04 00:58:35,392 - root - DEBUG - Processing 680-th line out of 2500 rows of DP table...
2022-01-04 00:58:36,014 - root - DEBUG - Processing 690-th line out of 2500 rows of DP table...
2022-01-04 00:58:36,629 - root - DEBUG - Processing 700-th line out of 2500 rows of DP table...
2022-01-04 00:58:37,245 - root - DEBUG - Processing 710-th line out of 2500 rows of DP table...
2022-01-04 00:58:37,858 - root - DEBUG - Processing 720-th line out of 2500 rows of DP table...
2022-01-04 00:58:38,467 - root - DEBUG - Processing 730-th line out of 2500 rows of DP table...
2022-01-04 00:58:39,073 - root - DEBUG - Processing 740-th line out of 2500 rows of DP table...
2022-01-04 00:58:39,675 - root - DEBUG - Processing 750-th line out of 2500 rows of DP table...
2022-01-04 00:58:40,269 - root - DEBUG - Processing 760-th line out of 2500 rows of DP table...
2022-01-04 00:58:40,861 - root - DEBUG - Processing 770-th line out of 2500 rows of DP table...
2022-01-04 00:58:41,455 - root - DEBUG - Processing 780-th line out of 2500 rows of DP table...
2022-01-04 00:58:42,045 - root - DEBUG - Processing 790-th line out of 2500 rows of DP table...
2022-01-04 00:58:42,629 - root - DEBUG - Processing 800-th line out of 2500 rows of DP table...
2022-01-04 00:58:43,208 - root - DEBUG - Processing 810-th line out of 2500 rows of DP table...
2022-01-04 00:58:43,784 - root - DEBUG - Processing 820-th line out of 2500 rows of DP table...
2022-01-04 00:58:44,359 - root - DEBUG - Processing 830-th line out of 2500 rows of DP table...
2022-01-04 00:58:44,929 - root - DEBUG - Processing 840-th line out of 2500 rows of DP table...
2022-01-04 00:58:45,496 - root - DEBUG - Processing 850-th line out of 2500 rows of DP table...
2022-01-04 00:58:46,057 - root - DEBUG - Processing 860-th line out of 2500 rows of DP table...
2022-01-04 00:58:46,618 - root - DEBUG - Processing 870-th line out of 2500 rows of DP table...
2022-01-04 00:58:47,173 - root - DEBUG - Processing 880-th line out of 2500 rows of DP table...
2022-01-04 00:58:47,724 - root - DEBUG - Processing 890-th line out of 2500 rows of DP table...
2022-01-04 00:58:48,274 - root - DEBUG - Processing 900-th line out of 2500 rows of DP table...
2022-01-04 00:58:48,821 - root - DEBUG - Processing 910-th line out of 2500 rows of DP table...
2022-01-04 00:58:49,360 - root - DEBUG - Processing 920-th line out of 2500 rows of DP table...
2022-01-04 00:58:49,900 - root - DEBUG - Processing 930-th line out of 2500 rows of DP table...
2022-01-04 00:58:50,436 - root - DEBUG - Processing 940-th line out of 2500 rows of DP table...
2022-01-04 00:58:51,002 - root - DEBUG - Processing 950-th line out of 2500 rows of DP table...
2022-01-04 00:58:51,533 - root - DEBUG - Processing 960-th line out of 2500 rows of DP table...
2022-01-04 00:58:52,059 - root - DEBUG - Processing 970-th line out of 2500 rows of DP table...
2022-01-04 00:58:52,582 - root - DEBUG - Processing 980-th line out of 2500 rows of DP table...
2022-01-04 00:58:53,098 - root - DEBUG - Processing 990-th line out of 2500 rows of DP table...
2022-01-04 00:58:53,614 - root - DEBUG - Processing 1000-th line out of 2500 rows of DP table...
2022-01-04 00:58:54,125 - root - DEBUG - Processing 1010-th line out of 2500 rows of DP table...
2022-01-04 00:58:54,633 - root - DEBUG - Processing 1020-th line out of 2500 rows of DP table...
2022-01-04 00:58:55,139 - root - DEBUG - Processing 1030-th line out of 2500 rows of DP table...
2022-01-04 00:58:55,640 - root - DEBUG - Processing 1040-th line out of 2500 rows of DP table...
2022-01-04 00:58:56,136 - root - DEBUG - Processing 1050-th line out of 2500 rows of DP table...
2022-01-04 00:58:56,632 - root - DEBUG - Processing 1060-th line out of 2500 rows of DP table...
2022-01-04 00:58:57,124 - root - DEBUG - Processing 1070-th line out of 2500 rows of DP table...
2022-01-04 00:58:57,613 - root - DEBUG - Processing 1080-th line out of 2500 rows of DP table...
2022-01-04 00:58:58,099 - root - DEBUG - Processing 1090-th line out of 2500 rows of DP table...
2022-01-04 00:58:58,581 - root - DEBUG - Processing 1100-th line out of 2500 rows of DP table...
2022-01-04 00:58:59,059 - root - DEBUG - Processing 1110-th line out of 2500 rows of DP table...
2022-01-04 00:58:59,534 - root - DEBUG - Processing 1120-th line out of 2500 rows of DP table...
2022-01-04 00:59:00,007 - root - DEBUG - Processing 1130-th line out of 2500 rows of DP table...
2022-01-04 00:59:00,475 - root - DEBUG - Processing 1140-th line out of 2500 rows of DP table...
2022-01-04 00:59:00,940 - root - DEBUG - Processing 1150-th line out of 2500 rows of DP table...
2022-01-04 00:59:01,402 - root - DEBUG - Processing 1160-th line out of 2500 rows of DP table...
2022-01-04 00:59:01,862 - root - DEBUG - Processing 1170-th line out of 2500 rows of DP table...
2022-01-04 00:59:02,315 - root - DEBUG - Processing 1180-th line out of 2500 rows of DP table...
2022-01-04 00:59:02,768 - root - DEBUG - Processing 1190-th line out of 2500 rows of DP table...
2022-01-04 00:59:03,218 - root - DEBUG - Processing 1200-th line out of 2500 rows of DP table...
2022-01-04 00:59:03,666 - root - DEBUG - Processing 1210-th line out of 2500 rows of DP table...
2022-01-04 00:59:04,109 - root - DEBUG - Processing 1220-th line out of 2500 rows of DP table...
2022-01-04 00:59:04,548 - root - DEBUG - Processing 1230-th line out of 2500 rows of DP table...
2022-01-04 00:59:04,985 - root - DEBUG - Processing 1240-th line out of 2500 rows of DP table...
2022-01-04 00:59:05,421 - root - DEBUG - Processing 1250-th line out of 2500 rows of DP table...
2022-01-04 00:59:05,852 - root - DEBUG - Processing 1260-th line out of 2500 rows of DP table...
2022-01-04 00:59:06,280 - root - DEBUG - Processing 1270-th line out of 2500 rows of DP table...
2022-01-04 00:59:06,703 - root - DEBUG - Processing 1280-th line out of 2500 rows of DP table...
2022-01-04 00:59:07,125 - root - DEBUG - Processing 1290-th line out of 2500 rows of DP table...
2022-01-04 00:59:07,568 - root - DEBUG - Processing 1300-th line out of 2500 rows of DP table...
2022-01-04 00:59:07,981 - root - DEBUG - Processing 1310-th line out of 2500 rows of DP table...
2022-01-04 00:59:08,392 - root - DEBUG - Processing 1320-th line out of 2500 rows of DP table...
2022-01-04 00:59:08,798 - root - DEBUG - Processing 1330-th line out of 2500 rows of DP table...
2022-01-04 00:59:09,200 - root - DEBUG - Processing 1340-th line out of 2500 rows of DP table...
2022-01-04 00:59:09,599 - root - DEBUG - Processing 1350-th line out of 2500 rows of DP table...
2022-01-04 00:59:09,995 - root - DEBUG - Processing 1360-th line out of 2500 rows of DP table...
2022-01-04 00:59:10,387 - root - DEBUG - Processing 1370-th line out of 2500 rows of DP table...
2022-01-04 00:59:10,776 - root - DEBUG - Processing 1380-th line out of 2500 rows of DP table...
2022-01-04 00:59:11,161 - root - DEBUG - Processing 1390-th line out of 2500 rows of DP table...
2022-01-04 00:59:11,543 - root - DEBUG - Processing 1400-th line out of 2500 rows of DP table...
2022-01-04 00:59:11,923 - root - DEBUG - Processing 1410-th line out of 2500 rows of DP table...
2022-01-04 00:59:12,334 - root - DEBUG - Processing 1420-th line out of 2500 rows of DP table...
2022-01-04 00:59:12,707 - root - DEBUG - Processing 1430-th line out of 2500 rows of DP table...
2022-01-04 00:59:13,078 - root - DEBUG - Processing 1440-th line out of 2500 rows of DP table...
2022-01-04 00:59:13,445 - root - DEBUG - Processing 1450-th line out of 2500 rows of DP table...
2022-01-04 00:59:13,809 - root - DEBUG - Processing 1460-th line out of 2500 rows of DP table...
2022-01-04 00:59:14,168 - root - DEBUG - Processing 1470-th line out of 2500 rows of DP table...
2022-01-04 00:59:14,526 - root - DEBUG - Processing 1480-th line out of 2500 rows of DP table...
2022-01-04 00:59:14,879 - root - DEBUG - Processing 1490-th line out of 2500 rows of DP table...
2022-01-04 00:59:15,231 - root - DEBUG - Processing 1500-th line out of 2500 rows of DP table...
2022-01-04 00:59:15,577 - root - DEBUG - Processing 1510-th line out of 2500 rows of DP table...
2022-01-04 00:59:15,921 - root - DEBUG - Processing 1520-th line out of 2500 rows of DP table...
2022-01-04 00:59:16,296 - root - DEBUG - Processing 1530-th line out of 2500 rows of DP table...
2022-01-04 00:59:16,631 - root - DEBUG - Processing 1540-th line out of 2500 rows of DP table...
2022-01-04 00:59:16,963 - root - DEBUG - Processing 1550-th line out of 2500 rows of DP table...
2022-01-04 00:59:17,292 - root - DEBUG - Processing 1560-th line out of 2500 rows of DP table...
2022-01-04 00:59:17,618 - root - DEBUG - Processing 1570-th line out of 2500 rows of DP table...
2022-01-04 00:59:17,959 - root - DEBUG - Processing 1580-th line out of 2500 rows of DP table...
2022-01-04 00:59:18,279 - root - DEBUG - Processing 1590-th line out of 2500 rows of DP table...
2022-01-04 00:59:18,595 - root - DEBUG - Processing 1600-th line out of 2500 rows of DP table...
2022-01-04 00:59:18,907 - root - DEBUG - Processing 1610-th line out of 2500 rows of DP table...
2022-01-04 00:59:19,217 - root - DEBUG - Processing 1620-th line out of 2500 rows of DP table...
2022-01-04 00:59:19,523 - root - DEBUG - Processing 1630-th line out of 2500 rows of DP table...
2022-01-04 00:59:19,827 - root - DEBUG - Processing 1640-th line out of 2500 rows of DP table...
2022-01-04 00:59:20,127 - root - DEBUG - Processing 1650-th line out of 2500 rows of DP table...
2022-01-04 00:59:20,456 - root - DEBUG - Processing 1660-th line out of 2500 rows of DP table...
2022-01-04 00:59:20,749 - root - DEBUG - Processing 1670-th line out of 2500 rows of DP table...
2022-01-04 00:59:21,040 - root - DEBUG - Processing 1680-th line out of 2500 rows of DP table...
2022-01-04 00:59:21,364 - root - DEBUG - Processing 1690-th line out of 2500 rows of DP table...
2022-01-04 00:59:21,649 - root - DEBUG - Processing 1700-th line out of 2500 rows of DP table...
2022-01-04 00:59:21,930 - root - DEBUG - Processing 1710-th line out of 2500 rows of DP table...
2022-01-04 00:59:22,208 - root - DEBUG - Processing 1720-th line out of 2500 rows of DP table...
2022-01-04 00:59:22,481 - root - DEBUG - Processing 1730-th line out of 2500 rows of DP table...
2022-01-04 00:59:22,773 - root - DEBUG - Processing 1740-th line out of 2500 rows of DP table...
2022-01-04 00:59:23,039 - root - DEBUG - Processing 1750-th line out of 2500 rows of DP table...
2022-01-04 00:59:23,303 - root - DEBUG - Processing 1760-th line out of 2500 rows of DP table...
2022-01-04 00:59:23,564 - root - DEBUG - Processing 1770-th line out of 2500 rows of DP table...
2022-01-04 00:59:23,823 - root - DEBUG - Processing 1780-th line out of 2500 rows of DP table...
2022-01-04 00:59:24,079 - root - DEBUG - Processing 1790-th line out of 2500 rows of DP table...
2022-01-04 00:59:24,331 - root - DEBUG - Processing 1800-th line out of 2500 rows of DP table...
2022-01-04 00:59:24,579 - root - DEBUG - Processing 1810-th line out of 2500 rows of DP table...
2022-01-04 00:59:24,824 - root - DEBUG - Processing 1820-th line out of 2500 rows of DP table...
2022-01-04 00:59:25,066 - root - DEBUG - Processing 1830-th line out of 2500 rows of DP table...
2022-01-04 00:59:25,305 - root - DEBUG - Processing 1840-th line out of 2500 rows of DP table...
2022-01-04 00:59:25,539 - root - DEBUG - Processing 1850-th line out of 2500 rows of DP table...
2022-01-04 00:59:25,772 - root - DEBUG - Processing 1860-th line out of 2500 rows of DP table...
2022-01-04 00:59:26,000 - root - DEBUG - Processing 1870-th line out of 2500 rows of DP table...
2022-01-04 00:59:26,224 - root - DEBUG - Processing 1880-th line out of 2500 rows of DP table...
2022-01-04 00:59:26,445 - root - DEBUG - Processing 1890-th line out of 2500 rows of DP table...
2022-01-04 00:59:26,664 - root - DEBUG - Processing 1900-th line out of 2500 rows of DP table...
2022-01-04 00:59:26,878 - root - DEBUG - Processing 1910-th line out of 2500 rows of DP table...
2022-01-04 00:59:27,090 - root - DEBUG - Processing 1920-th line out of 2500 rows of DP table...
2022-01-04 00:59:27,298 - root - DEBUG - Processing 1930-th line out of 2500 rows of DP table...
2022-01-04 00:59:27,502 - root - DEBUG - Processing 1940-th line out of 2500 rows of DP table...
2022-01-04 00:59:27,704 - root - DEBUG - Processing 1950-th line out of 2500 rows of DP table...
2022-01-04 00:59:27,902 - root - DEBUG - Processing 1960-th line out of 2500 rows of DP table...
2022-01-04 00:59:28,096 - root - DEBUG - Processing 1970-th line out of 2500 rows of DP table...
2022-01-04 00:59:28,287 - root - DEBUG - Processing 1980-th line out of 2500 rows of DP table...
2022-01-04 00:59:28,476 - root - DEBUG - Processing 1990-th line out of 2500 rows of DP table...
2022-01-04 00:59:28,660 - root - DEBUG - Processing 2000-th line out of 2500 rows of DP table...
2022-01-04 00:59:28,841 - root - DEBUG - Processing 2010-th line out of 2500 rows of DP table...
2022-01-04 00:59:29,019 - root - DEBUG - Processing 2020-th line out of 2500 rows of DP table...
2022-01-04 00:59:29,193 - root - DEBUG - Processing 2030-th line out of 2500 rows of DP table...
2022-01-04 00:59:29,364 - root - DEBUG - Processing 2040-th line out of 2500 rows of DP table...
2022-01-04 00:59:29,532 - root - DEBUG - Processing 2050-th line out of 2500 rows of DP table...
2022-01-04 00:59:29,697 - root - DEBUG - Processing 2060-th line out of 2500 rows of DP table...
2022-01-04 00:59:29,858 - root - DEBUG - Processing 2070-th line out of 2500 rows of DP table...
2022-01-04 00:59:30,015 - root - DEBUG - Processing 2080-th line out of 2500 rows of DP table...
2022-01-04 00:59:30,169 - root - DEBUG - Processing 2090-th line out of 2500 rows of DP table...
2022-01-04 00:59:30,319 - root - DEBUG - Processing 2100-th line out of 2500 rows of DP table...
2022-01-04 00:59:30,466 - root - DEBUG - Processing 2110-th line out of 2500 rows of DP table...
2022-01-04 00:59:30,610 - root - DEBUG - Processing 2120-th line out of 2500 rows of DP table...
2022-01-04 00:59:30,751 - root - DEBUG - Processing 2130-th line out of 2500 rows of DP table...
2022-01-04 00:59:30,887 - root - DEBUG - Processing 2140-th line out of 2500 rows of DP table...
2022-01-04 00:59:31,021 - root - DEBUG - Processing 2150-th line out of 2500 rows of DP table...
2022-01-04 00:59:31,150 - root - DEBUG - Processing 2160-th line out of 2500 rows of DP table...
2022-01-04 00:59:31,277 - root - DEBUG - Processing 2170-th line out of 2500 rows of DP table...
2022-01-04 00:59:31,401 - root - DEBUG - Processing 2180-th line out of 2500 rows of DP table...
2022-01-04 00:59:31,520 - root - DEBUG - Processing 2190-th line out of 2500 rows of DP table...
2022-01-04 00:59:31,637 - root - DEBUG - Processing 2200-th line out of 2500 rows of DP table...
2022-01-04 00:59:31,749 - root - DEBUG - Processing 2210-th line out of 2500 rows of DP table...
2022-01-04 00:59:31,859 - root - DEBUG - Processing 2220-th line out of 2500 rows of DP table...
2022-01-04 00:59:31,966 - root - DEBUG - Processing 2230-th line out of 2500 rows of DP table...
2022-01-04 00:59:32,069 - root - DEBUG - Processing 2240-th line out of 2500 rows of DP table...
2022-01-04 00:59:32,168 - root - DEBUG - Processing 2250-th line out of 2500 rows of DP table...
2022-01-04 00:59:32,264 - root - DEBUG - Processing 2260-th line out of 2500 rows of DP table...
2022-01-04 00:59:32,358 - root - DEBUG - Processing 2270-th line out of 2500 rows of DP table...
2022-01-04 00:59:32,471 - root - DEBUG - Processing 2280-th line out of 2500 rows of DP table...
2022-01-04 00:59:32,558 - root - DEBUG - Processing 2290-th line out of 2500 rows of DP table...
2022-01-04 00:59:32,642 - root - DEBUG - Processing 2300-th line out of 2500 rows of DP table...
2022-01-04 00:59:32,722 - root - DEBUG - Processing 2310-th line out of 2500 rows of DP table...
2022-01-04 00:59:32,800 - root - DEBUG - Processing 2320-th line out of 2500 rows of DP table...
2022-01-04 00:59:32,874 - root - DEBUG - Processing 2330-th line out of 2500 rows of DP table...
2022-01-04 00:59:32,944 - root - DEBUG - Processing 2340-th line out of 2500 rows of DP table...
2022-01-04 00:59:33,010 - root - DEBUG - Processing 2350-th line out of 2500 rows of DP table...
2022-01-04 00:59:33,074 - root - DEBUG - Processing 2360-th line out of 2500 rows of DP table...
2022-01-04 00:59:33,133 - root - DEBUG - Processing 2370-th line out of 2500 rows of DP table...
2022-01-04 00:59:33,189 - root - DEBUG - Processing 2380-th line out of 2500 rows of DP table...
2022-01-04 00:59:33,247 - root - DEBUG - Processing 2390-th line out of 2500 rows of DP table...
2022-01-04 00:59:33,297 - root - DEBUG - Processing 2400-th line out of 2500 rows of DP table...
2022-01-04 00:59:33,344 - root - DEBUG - Processing 2410-th line out of 2500 rows of DP table...
2022-01-04 00:59:33,387 - root - DEBUG - Processing 2420-th line out of 2500 rows of DP table...
2022-01-04 00:59:33,426 - root - DEBUG - Processing 2430-th line out of 2500 rows of DP table...
2022-01-04 00:59:33,480 - root - DEBUG - Processing 2440-th line out of 2500 rows of DP table...
2022-01-04 00:59:33,512 - root - DEBUG - Processing 2450-th line out of 2500 rows of DP table...
2022-01-04 00:59:33,549 - root - DEBUG - Processing 2460-th line out of 2500 rows of DP table...
2022-01-04 00:59:33,575 - root - DEBUG - Processing 2470-th line out of 2500 rows of DP table...
2022-01-04 00:59:33,597 - root - DEBUG - Processing 2480-th line out of 2500 rows of DP table...
2022-01-04 00:59:33,617 - root - DEBUG - Processing 2490-th line out of 2500 rows of DP table...
2022-01-04 00:59:33,632 - root - DEBUG - Processing 2500-th line out of 2500 rows of DP table...
2022-01-04 00:59:33,648 - root - DEBUG - Started computing joint logprobs...
