2022-01-04 21:34:44,290 - root - INFO - Loading reference interval set from '211227-2-sim/g22_2.ref.tsv'...
2022-01-04 21:34:44,298 - root - INFO - Loading query interval set from '211227-2-sim/g22_2.query.tsv'...
2022-01-04 21:34:44,300 - root - INFO - Loading chromosome sizes from '211227-2-sim/g22_sizes.tsv'...
2022-01-04 21:34:44,305 - root - INFO - Number of reference intervals: 2500 (2500 before merging)
2022-01-04 21:34:44,306 - root - INFO - Number of query intervals: 50 (50 before merging)
2022-01-04 21:34:44,307 - root - INFO - Number of chromosomes: 1
2022-01-04 21:34:44,315 - root - INFO - Overlap count: 26
2022-01-04 21:34:44,316 - root - DEBUG - Started computing sf for chromosome 'chr1'...
2022-01-04 21:34:44,317 - root - DEBUG - m=2500, n=50
2022-01-04 21:34:45,261 - root - DEBUG - Processing 10-th line out of 2500 rows of DP table...
2022-01-04 21:34:46,090 - root - DEBUG - Processing 20-th line out of 2500 rows of DP table...
2022-01-04 21:34:46,922 - root - DEBUG - Processing 30-th line out of 2500 rows of DP table...
2022-01-04 21:34:47,754 - root - DEBUG - Processing 40-th line out of 2500 rows of DP table...
2022-01-04 21:34:48,580 - root - DEBUG - Processing 50-th line out of 2500 rows of DP table...
2022-01-04 21:34:49,394 - root - DEBUG - Processing 60-th line out of 2500 rows of DP table...
2022-01-04 21:34:50,218 - root - DEBUG - Processing 70-th line out of 2500 rows of DP table...
2022-01-04 21:34:51,037 - root - DEBUG - Processing 80-th line out of 2500 rows of DP table...
2022-01-04 21:34:51,851 - root - DEBUG - Processing 90-th line out of 2500 rows of DP table...
2022-01-04 21:34:52,649 - root - DEBUG - Processing 100-th line out of 2500 rows of DP table...
2022-01-04 21:34:53,455 - root - DEBUG - Processing 110-th line out of 2500 rows of DP table...
2022-01-04 21:34:54,258 - root - DEBUG - Processing 120-th line out of 2500 rows of DP table...
2022-01-04 21:34:55,050 - root - DEBUG - Processing 130-th line out of 2500 rows of DP table...
2022-01-04 21:34:55,854 - root - DEBUG - Processing 140-th line out of 2500 rows of DP table...
2022-01-04 21:34:56,650 - root - DEBUG - Processing 150-th line out of 2500 rows of DP table...
2022-01-04 21:34:57,434 - root - DEBUG - Processing 160-th line out of 2500 rows of DP table...
2022-01-04 21:34:58,221 - root - DEBUG - Processing 170-th line out of 2500 rows of DP table...
2022-01-04 21:34:59,004 - root - DEBUG - Processing 180-th line out of 2500 rows of DP table...
2022-01-04 21:34:59,785 - root - DEBUG - Processing 190-th line out of 2500 rows of DP table...
2022-01-04 21:35:00,553 - root - DEBUG - Processing 200-th line out of 2500 rows of DP table...
2022-01-04 21:35:01,327 - root - DEBUG - Processing 210-th line out of 2500 rows of DP table...
2022-01-04 21:35:02,096 - root - DEBUG - Processing 220-th line out of 2500 rows of DP table...
2022-01-04 21:35:02,855 - root - DEBUG - Processing 230-th line out of 2500 rows of DP table...
2022-01-04 21:35:03,620 - root - DEBUG - Processing 240-th line out of 2500 rows of DP table...
2022-01-04 21:35:04,382 - root - DEBUG - Processing 250-th line out of 2500 rows of DP table...
2022-01-04 21:35:05,134 - root - DEBUG - Processing 260-th line out of 2500 rows of DP table...
2022-01-04 21:35:05,890 - root - DEBUG - Processing 270-th line out of 2500 rows of DP table...
2022-01-04 21:35:06,646 - root - DEBUG - Processing 280-th line out of 2500 rows of DP table...
2022-01-04 21:35:07,387 - root - DEBUG - Processing 290-th line out of 2500 rows of DP table...
2022-01-04 21:35:08,131 - root - DEBUG - Processing 300-th line out of 2500 rows of DP table...
2022-01-04 21:35:08,867 - root - DEBUG - Processing 310-th line out of 2500 rows of DP table...
2022-01-04 21:35:09,603 - root - DEBUG - Processing 320-th line out of 2500 rows of DP table...
2022-01-04 21:35:10,336 - root - DEBUG - Processing 330-th line out of 2500 rows of DP table...
2022-01-04 21:35:11,063 - root - DEBUG - Processing 340-th line out of 2500 rows of DP table...
2022-01-04 21:35:11,791 - root - DEBUG - Processing 350-th line out of 2500 rows of DP table...
2022-01-04 21:35:12,510 - root - DEBUG - Processing 360-th line out of 2500 rows of DP table...
2022-01-04 21:35:13,235 - root - DEBUG - Processing 370-th line out of 2500 rows of DP table...
2022-01-04 21:35:13,953 - root - DEBUG - Processing 380-th line out of 2500 rows of DP table...
2022-01-04 21:35:14,662 - root - DEBUG - Processing 390-th line out of 2500 rows of DP table...
2022-01-04 21:35:15,383 - root - DEBUG - Processing 400-th line out of 2500 rows of DP table...
2022-01-04 21:35:16,094 - root - DEBUG - Processing 410-th line out of 2500 rows of DP table...
2022-01-04 21:35:16,795 - root - DEBUG - Processing 420-th line out of 2500 rows of DP table...
2022-01-04 21:35:17,497 - root - DEBUG - Processing 430-th line out of 2500 rows of DP table...
2022-01-04 21:35:18,185 - root - DEBUG - Processing 440-th line out of 2500 rows of DP table...
2022-01-04 21:35:18,881 - root - DEBUG - Processing 450-th line out of 2500 rows of DP table...
2022-01-04 21:35:19,576 - root - DEBUG - Processing 460-th line out of 2500 rows of DP table...
2022-01-04 21:35:20,259 - root - DEBUG - Processing 470-th line out of 2500 rows of DP table...
2022-01-04 21:35:20,947 - root - DEBUG - Processing 480-th line out of 2500 rows of DP table...
2022-01-04 21:35:21,619 - root - DEBUG - Processing 490-th line out of 2500 rows of DP table...
2022-01-04 21:35:22,299 - root - DEBUG - Processing 500-th line out of 2500 rows of DP table...
2022-01-04 21:35:22,968 - root - DEBUG - Processing 510-th line out of 2500 rows of DP table...
2022-01-04 21:35:23,641 - root - DEBUG - Processing 520-th line out of 2500 rows of DP table...
2022-01-04 21:35:24,308 - root - DEBUG - Processing 530-th line out of 2500 rows of DP table...
2022-01-04 21:35:24,966 - root - DEBUG - Processing 540-th line out of 2500 rows of DP table...
2022-01-04 21:35:25,634 - root - DEBUG - Processing 550-th line out of 2500 rows of DP table...
2022-01-04 21:35:26,289 - root - DEBUG - Processing 560-th line out of 2500 rows of DP table...
2022-01-04 21:35:26,944 - root - DEBUG - Processing 570-th line out of 2500 rows of DP table...
2022-01-04 21:35:27,590 - root - DEBUG - Processing 580-th line out of 2500 rows of DP table...
2022-01-04 21:35:28,241 - root - DEBUG - Processing 590-th line out of 2500 rows of DP table...
2022-01-04 21:35:28,889 - root - DEBUG - Processing 600-th line out of 2500 rows of DP table...
2022-01-04 21:35:29,527 - root - DEBUG - Processing 610-th line out of 2500 rows of DP table...
2022-01-04 21:35:30,177 - root - DEBUG - Processing 620-th line out of 2500 rows of DP table...
2022-01-04 21:35:30,807 - root - DEBUG - Processing 630-th line out of 2500 rows of DP table...
2022-01-04 21:35:31,440 - root - DEBUG - Processing 640-th line out of 2500 rows of DP table...
2022-01-04 21:35:32,067 - root - DEBUG - Processing 650-th line out of 2500 rows of DP table...
2022-01-04 21:35:32,693 - root - DEBUG - Processing 660-th line out of 2500 rows of DP table...
2022-01-04 21:35:33,320 - root - DEBUG - Processing 670-th line out of 2500 rows of DP table...
2022-01-04 21:35:33,933 - root - DEBUG - Processing 680-th line out of 2500 rows of DP table...
2022-01-04 21:35:34,565 - root - DEBUG - Processing 690-th line out of 2500 rows of DP table...
2022-01-04 21:35:35,176 - root - DEBUG - Processing 700-th line out of 2500 rows of DP table...
2022-01-04 21:35:35,787 - root - DEBUG - Processing 710-th line out of 2500 rows of DP table...
2022-01-04 21:35:36,397 - root - DEBUG - Processing 720-th line out of 2500 rows of DP table...
2022-01-04 21:35:37,011 - root - DEBUG - Processing 730-th line out of 2500 rows of DP table...
2022-01-04 21:35:37,614 - root - DEBUG - Processing 740-th line out of 2500 rows of DP table...
2022-01-04 21:35:38,212 - root - DEBUG - Processing 750-th line out of 2500 rows of DP table...
2022-01-04 21:35:38,805 - root - DEBUG - Processing 760-th line out of 2500 rows of DP table...
2022-01-04 21:35:39,407 - root - DEBUG - Processing 770-th line out of 2500 rows of DP table...
2022-01-04 21:35:39,993 - root - DEBUG - Processing 780-th line out of 2500 rows of DP table...
2022-01-04 21:35:40,580 - root - DEBUG - Processing 790-th line out of 2500 rows of DP table...
2022-01-04 21:35:41,164 - root - DEBUG - Processing 800-th line out of 2500 rows of DP table...
2022-01-04 21:35:41,743 - root - DEBUG - Processing 810-th line out of 2500 rows of DP table...
2022-01-04 21:35:42,320 - root - DEBUG - Processing 820-th line out of 2500 rows of DP table...
2022-01-04 21:35:42,893 - root - DEBUG - Processing 830-th line out of 2500 rows of DP table...
2022-01-04 21:35:43,459 - root - DEBUG - Processing 840-th line out of 2500 rows of DP table...
2022-01-04 21:35:44,020 - root - DEBUG - Processing 850-th line out of 2500 rows of DP table...
2022-01-04 21:35:44,580 - root - DEBUG - Processing 860-th line out of 2500 rows of DP table...
2022-01-04 21:35:45,134 - root - DEBUG - Processing 870-th line out of 2500 rows of DP table...
2022-01-04 21:35:45,707 - root - DEBUG - Processing 880-th line out of 2500 rows of DP table...
2022-01-04 21:35:46,252 - root - DEBUG - Processing 890-th line out of 2500 rows of DP table...
2022-01-04 21:35:46,793 - root - DEBUG - Processing 900-th line out of 2500 rows of DP table...
2022-01-04 21:35:47,339 - root - DEBUG - Processing 910-th line out of 2500 rows of DP table...
2022-01-04 21:35:47,874 - root - DEBUG - Processing 920-th line out of 2500 rows of DP table...
2022-01-04 21:35:48,406 - root - DEBUG - Processing 930-th line out of 2500 rows of DP table...
2022-01-04 21:35:48,934 - root - DEBUG - Processing 940-th line out of 2500 rows of DP table...
2022-01-04 21:35:49,462 - root - DEBUG - Processing 950-th line out of 2500 rows of DP table...
2022-01-04 21:35:49,987 - root - DEBUG - Processing 960-th line out of 2500 rows of DP table...
2022-01-04 21:35:50,507 - root - DEBUG - Processing 970-th line out of 2500 rows of DP table...
2022-01-04 21:35:51,026 - root - DEBUG - Processing 980-th line out of 2500 rows of DP table...
2022-01-04 21:35:51,539 - root - DEBUG - Processing 990-th line out of 2500 rows of DP table...
2022-01-04 21:35:52,049 - root - DEBUG - Processing 1000-th line out of 2500 rows of DP table...
2022-01-04 21:35:52,557 - root - DEBUG - Processing 1010-th line out of 2500 rows of DP table...
2022-01-04 21:35:53,063 - root - DEBUG - Processing 1020-th line out of 2500 rows of DP table...
2022-01-04 21:35:53,564 - root - DEBUG - Processing 1030-th line out of 2500 rows of DP table...
2022-01-04 21:35:54,062 - root - DEBUG - Processing 1040-th line out of 2500 rows of DP table...
2022-01-04 21:35:54,557 - root - DEBUG - Processing 1050-th line out of 2500 rows of DP table...
2022-01-04 21:35:55,048 - root - DEBUG - Processing 1060-th line out of 2500 rows of DP table...
2022-01-04 21:35:55,535 - root - DEBUG - Processing 1070-th line out of 2500 rows of DP table...
2022-01-04 21:35:56,021 - root - DEBUG - Processing 1080-th line out of 2500 rows of DP table...
2022-01-04 21:35:56,502 - root - DEBUG - Processing 1090-th line out of 2500 rows of DP table...
2022-01-04 21:35:57,000 - root - DEBUG - Processing 1100-th line out of 2500 rows of DP table...
2022-01-04 21:35:57,475 - root - DEBUG - Processing 1110-th line out of 2500 rows of DP table...
2022-01-04 21:35:57,944 - root - DEBUG - Processing 1120-th line out of 2500 rows of DP table...
2022-01-04 21:35:58,413 - root - DEBUG - Processing 1130-th line out of 2500 rows of DP table...
2022-01-04 21:35:58,878 - root - DEBUG - Processing 1140-th line out of 2500 rows of DP table...
2022-01-04 21:35:59,340 - root - DEBUG - Processing 1150-th line out of 2500 rows of DP table...
2022-01-04 21:35:59,800 - root - DEBUG - Processing 1160-th line out of 2500 rows of DP table...
2022-01-04 21:36:00,254 - root - DEBUG - Processing 1170-th line out of 2500 rows of DP table...
2022-01-04 21:36:00,707 - root - DEBUG - Processing 1180-th line out of 2500 rows of DP table...
2022-01-04 21:36:01,155 - root - DEBUG - Processing 1190-th line out of 2500 rows of DP table...
2022-01-04 21:36:01,599 - root - DEBUG - Processing 1200-th line out of 2500 rows of DP table...
2022-01-04 21:36:02,038 - root - DEBUG - Processing 1210-th line out of 2500 rows of DP table...
2022-01-04 21:36:02,478 - root - DEBUG - Processing 1220-th line out of 2500 rows of DP table...
2022-01-04 21:36:02,927 - root - DEBUG - Processing 1230-th line out of 2500 rows of DP table...
2022-01-04 21:36:03,369 - root - DEBUG - Processing 1240-th line out of 2500 rows of DP table...
2022-01-04 21:36:03,799 - root - DEBUG - Processing 1250-th line out of 2500 rows of DP table...
2022-01-04 21:36:04,226 - root - DEBUG - Processing 1260-th line out of 2500 rows of DP table...
2022-01-04 21:36:04,651 - root - DEBUG - Processing 1270-th line out of 2500 rows of DP table...
2022-01-04 21:36:05,070 - root - DEBUG - Processing 1280-th line out of 2500 rows of DP table...
2022-01-04 21:36:05,627 - root - DEBUG - Processing 1290-th line out of 2500 rows of DP table...
2022-01-04 21:36:06,042 - root - DEBUG - Processing 1300-th line out of 2500 rows of DP table...
2022-01-04 21:36:06,515 - root - DEBUG - Processing 1310-th line out of 2500 rows of DP table...
2022-01-04 21:36:06,920 - root - DEBUG - Processing 1320-th line out of 2500 rows of DP table...
2022-01-04 21:36:07,321 - root - DEBUG - Processing 1330-th line out of 2500 rows of DP table...
2022-01-04 21:36:07,720 - root - DEBUG - Processing 1340-th line out of 2500 rows of DP table...
2022-01-04 21:36:08,114 - root - DEBUG - Processing 1350-th line out of 2500 rows of DP table...
2022-01-04 21:36:08,506 - root - DEBUG - Processing 1360-th line out of 2500 rows of DP table...
2022-01-04 21:36:08,895 - root - DEBUG - Processing 1370-th line out of 2500 rows of DP table...
2022-01-04 21:36:09,281 - root - DEBUG - Processing 1380-th line out of 2500 rows of DP table...
2022-01-04 21:36:09,663 - root - DEBUG - Processing 1390-th line out of 2500 rows of DP table...
2022-01-04 21:36:10,039 - root - DEBUG - Processing 1400-th line out of 2500 rows of DP table...
2022-01-04 21:36:10,413 - root - DEBUG - Processing 1410-th line out of 2500 rows of DP table...
2022-01-04 21:36:10,784 - root - DEBUG - Processing 1420-th line out of 2500 rows of DP table...
2022-01-04 21:36:11,152 - root - DEBUG - Processing 1430-th line out of 2500 rows of DP table...
2022-01-04 21:36:11,516 - root - DEBUG - Processing 1440-th line out of 2500 rows of DP table...
2022-01-04 21:36:11,879 - root - DEBUG - Processing 1450-th line out of 2500 rows of DP table...
2022-01-04 21:36:12,237 - root - DEBUG - Processing 1460-th line out of 2500 rows of DP table...
2022-01-04 21:36:12,592 - root - DEBUG - Processing 1470-th line out of 2500 rows of DP table...
2022-01-04 21:36:12,944 - root - DEBUG - Processing 1480-th line out of 2500 rows of DP table...
2022-01-04 21:36:13,293 - root - DEBUG - Processing 1490-th line out of 2500 rows of DP table...
2022-01-04 21:36:13,639 - root - DEBUG - Processing 1500-th line out of 2500 rows of DP table...
2022-01-04 21:36:13,979 - root - DEBUG - Processing 1510-th line out of 2500 rows of DP table...
2022-01-04 21:36:14,316 - root - DEBUG - Processing 1520-th line out of 2500 rows of DP table...
2022-01-04 21:36:14,653 - root - DEBUG - Processing 1530-th line out of 2500 rows of DP table...
2022-01-04 21:36:14,990 - root - DEBUG - Processing 1540-th line out of 2500 rows of DP table...
2022-01-04 21:36:15,320 - root - DEBUG - Processing 1550-th line out of 2500 rows of DP table...
2022-01-04 21:36:15,644 - root - DEBUG - Processing 1560-th line out of 2500 rows of DP table...
2022-01-04 21:36:15,967 - root - DEBUG - Processing 1570-th line out of 2500 rows of DP table...
2022-01-04 21:36:16,287 - root - DEBUG - Processing 1580-th line out of 2500 rows of DP table...
2022-01-04 21:36:16,604 - root - DEBUG - Processing 1590-th line out of 2500 rows of DP table...
2022-01-04 21:36:16,916 - root - DEBUG - Processing 1600-th line out of 2500 rows of DP table...
2022-01-04 21:36:17,225 - root - DEBUG - Processing 1610-th line out of 2500 rows of DP table...
2022-01-04 21:36:17,531 - root - DEBUG - Processing 1620-th line out of 2500 rows of DP table...
2022-01-04 21:36:17,834 - root - DEBUG - Processing 1630-th line out of 2500 rows of DP table...
2022-01-04 21:36:18,133 - root - DEBUG - Processing 1640-th line out of 2500 rows of DP table...
2022-01-04 21:36:18,430 - root - DEBUG - Processing 1650-th line out of 2500 rows of DP table...
2022-01-04 21:36:18,725 - root - DEBUG - Processing 1660-th line out of 2500 rows of DP table...
2022-01-04 21:36:19,014 - root - DEBUG - Processing 1670-th line out of 2500 rows of DP table...
2022-01-04 21:36:19,300 - root - DEBUG - Processing 1680-th line out of 2500 rows of DP table...
2022-01-04 21:36:19,584 - root - DEBUG - Processing 1690-th line out of 2500 rows of DP table...
2022-01-04 21:36:19,864 - root - DEBUG - Processing 1700-th line out of 2500 rows of DP table...
2022-01-04 21:36:20,141 - root - DEBUG - Processing 1710-th line out of 2500 rows of DP table...
2022-01-04 21:36:20,414 - root - DEBUG - Processing 1720-th line out of 2500 rows of DP table...
2022-01-04 21:36:20,685 - root - DEBUG - Processing 1730-th line out of 2500 rows of DP table...
2022-01-04 21:36:20,953 - root - DEBUG - Processing 1740-th line out of 2500 rows of DP table...
2022-01-04 21:36:21,216 - root - DEBUG - Processing 1750-th line out of 2500 rows of DP table...
2022-01-04 21:36:21,477 - root - DEBUG - Processing 1760-th line out of 2500 rows of DP table...
2022-01-04 21:36:21,732 - root - DEBUG - Processing 1770-th line out of 2500 rows of DP table...
2022-01-04 21:36:21,985 - root - DEBUG - Processing 1780-th line out of 2500 rows of DP table...
2022-01-04 21:36:22,235 - root - DEBUG - Processing 1790-th line out of 2500 rows of DP table...
2022-01-04 21:36:22,480 - root - DEBUG - Processing 1800-th line out of 2500 rows of DP table...
2022-01-04 21:36:22,723 - root - DEBUG - Processing 1810-th line out of 2500 rows of DP table...
2022-01-04 21:36:22,962 - root - DEBUG - Processing 1820-th line out of 2500 rows of DP table...
2022-01-04 21:36:23,198 - root - DEBUG - Processing 1830-th line out of 2500 rows of DP table...
2022-01-04 21:36:23,431 - root - DEBUG - Processing 1840-th line out of 2500 rows of DP table...
2022-01-04 21:36:23,660 - root - DEBUG - Processing 1850-th line out of 2500 rows of DP table...
2022-01-04 21:36:23,885 - root - DEBUG - Processing 1860-th line out of 2500 rows of DP table...
2022-01-04 21:36:24,108 - root - DEBUG - Processing 1870-th line out of 2500 rows of DP table...
2022-01-04 21:36:24,327 - root - DEBUG - Processing 1880-th line out of 2500 rows of DP table...
2022-01-04 21:36:24,543 - root - DEBUG - Processing 1890-th line out of 2500 rows of DP table...
2022-01-04 21:36:24,757 - root - DEBUG - Processing 1900-th line out of 2500 rows of DP table...
2022-01-04 21:36:24,969 - root - DEBUG - Processing 1910-th line out of 2500 rows of DP table...
2022-01-04 21:36:25,174 - root - DEBUG - Processing 1920-th line out of 2500 rows of DP table...
2022-01-04 21:36:25,378 - root - DEBUG - Processing 1930-th line out of 2500 rows of DP table...
2022-01-04 21:36:25,578 - root - DEBUG - Processing 1940-th line out of 2500 rows of DP table...
2022-01-04 21:36:25,775 - root - DEBUG - Processing 1950-th line out of 2500 rows of DP table...
2022-01-04 21:36:25,967 - root - DEBUG - Processing 1960-th line out of 2500 rows of DP table...
2022-01-04 21:36:26,157 - root - DEBUG - Processing 1970-th line out of 2500 rows of DP table...
2022-01-04 21:36:26,343 - root - DEBUG - Processing 1980-th line out of 2500 rows of DP table...
2022-01-04 21:36:26,528 - root - DEBUG - Processing 1990-th line out of 2500 rows of DP table...
2022-01-04 21:36:26,708 - root - DEBUG - Processing 2000-th line out of 2500 rows of DP table...
2022-01-04 21:36:26,886 - root - DEBUG - Processing 2010-th line out of 2500 rows of DP table...
2022-01-04 21:36:27,059 - root - DEBUG - Processing 2020-th line out of 2500 rows of DP table...
2022-01-04 21:36:27,230 - root - DEBUG - Processing 2030-th line out of 2500 rows of DP table...
2022-01-04 21:36:27,396 - root - DEBUG - Processing 2040-th line out of 2500 rows of DP table...
2022-01-04 21:36:27,560 - root - DEBUG - Processing 2050-th line out of 2500 rows of DP table...
2022-01-04 21:36:27,721 - root - DEBUG - Processing 2060-th line out of 2500 rows of DP table...
2022-01-04 21:36:27,878 - root - DEBUG - Processing 2070-th line out of 2500 rows of DP table...
2022-01-04 21:36:28,032 - root - DEBUG - Processing 2080-th line out of 2500 rows of DP table...
2022-01-04 21:36:28,183 - root - DEBUG - Processing 2090-th line out of 2500 rows of DP table...
2022-01-04 21:36:28,330 - root - DEBUG - Processing 2100-th line out of 2500 rows of DP table...
2022-01-04 21:36:28,474 - root - DEBUG - Processing 2110-th line out of 2500 rows of DP table...
2022-01-04 21:36:28,616 - root - DEBUG - Processing 2120-th line out of 2500 rows of DP table...
2022-01-04 21:36:28,753 - root - DEBUG - Processing 2130-th line out of 2500 rows of DP table...
2022-01-04 21:36:28,888 - root - DEBUG - Processing 2140-th line out of 2500 rows of DP table...
2022-01-04 21:36:29,018 - root - DEBUG - Processing 2150-th line out of 2500 rows of DP table...
2022-01-04 21:36:29,146 - root - DEBUG - Processing 2160-th line out of 2500 rows of DP table...
2022-01-04 21:36:29,270 - root - DEBUG - Processing 2170-th line out of 2500 rows of DP table...
2022-01-04 21:36:29,392 - root - DEBUG - Processing 2180-th line out of 2500 rows of DP table...
2022-01-04 21:36:29,509 - root - DEBUG - Processing 2190-th line out of 2500 rows of DP table...
2022-01-04 21:36:29,624 - root - DEBUG - Processing 2200-th line out of 2500 rows of DP table...
2022-01-04 21:36:29,734 - root - DEBUG - Processing 2210-th line out of 2500 rows of DP table...
2022-01-04 21:36:29,842 - root - DEBUG - Processing 2220-th line out of 2500 rows of DP table...
2022-01-04 21:36:29,947 - root - DEBUG - Processing 2230-th line out of 2500 rows of DP table...
2022-01-04 21:36:30,049 - root - DEBUG - Processing 2240-th line out of 2500 rows of DP table...
2022-01-04 21:36:30,147 - root - DEBUG - Processing 2250-th line out of 2500 rows of DP table...
2022-01-04 21:36:30,242 - root - DEBUG - Processing 2260-th line out of 2500 rows of DP table...
2022-01-04 21:36:30,333 - root - DEBUG - Processing 2270-th line out of 2500 rows of DP table...
2022-01-04 21:36:30,421 - root - DEBUG - Processing 2280-th line out of 2500 rows of DP table...
2022-01-04 21:36:30,506 - root - DEBUG - Processing 2290-th line out of 2500 rows of DP table...
2022-01-04 21:36:30,588 - root - DEBUG - Processing 2300-th line out of 2500 rows of DP table...
2022-01-04 21:36:30,667 - root - DEBUG - Processing 2310-th line out of 2500 rows of DP table...
2022-01-04 21:36:30,742 - root - DEBUG - Processing 2320-th line out of 2500 rows of DP table...
2022-01-04 21:36:30,814 - root - DEBUG - Processing 2330-th line out of 2500 rows of DP table...
2022-01-04 21:36:30,883 - root - DEBUG - Processing 2340-th line out of 2500 rows of DP table...
2022-01-04 21:36:30,947 - root - DEBUG - Processing 2350-th line out of 2500 rows of DP table...
2022-01-04 21:36:31,008 - root - DEBUG - Processing 2360-th line out of 2500 rows of DP table...
2022-01-04 21:36:31,065 - root - DEBUG - Processing 2370-th line out of 2500 rows of DP table...
2022-01-04 21:36:31,120 - root - DEBUG - Processing 2380-th line out of 2500 rows of DP table...
2022-01-04 21:36:31,171 - root - DEBUG - Processing 2390-th line out of 2500 rows of DP table...
2022-01-04 21:36:31,219 - root - DEBUG - Processing 2400-th line out of 2500 rows of DP table...
2022-01-04 21:36:31,263 - root - DEBUG - Processing 2410-th line out of 2500 rows of DP table...
2022-01-04 21:36:31,304 - root - DEBUG - Processing 2420-th line out of 2500 rows of DP table...
2022-01-04 21:36:31,342 - root - DEBUG - Processing 2430-th line out of 2500 rows of DP table...
2022-01-04 21:36:31,377 - root - DEBUG - Processing 2440-th line out of 2500 rows of DP table...
2022-01-04 21:36:31,408 - root - DEBUG - Processing 2450-th line out of 2500 rows of DP table...
2022-01-04 21:36:31,436 - root - DEBUG - Processing 2460-th line out of 2500 rows of DP table...
2022-01-04 21:36:31,460 - root - DEBUG - Processing 2470-th line out of 2500 rows of DP table...
2022-01-04 21:36:31,481 - root - DEBUG - Processing 2480-th line out of 2500 rows of DP table...
2022-01-04 21:36:31,509 - root - DEBUG - Processing 2490-th line out of 2500 rows of DP table...
2022-01-04 21:36:31,531 - root - DEBUG - Processing 2500-th line out of 2500 rows of DP table...
2022-01-04 21:36:31,556 - root - DEBUG - Started computing joint logprobs...
