2022-01-04 21:55:27,816 - root - INFO - Loading reference interval set from '211227-2-sim/g23_0.ref.tsv'...
2022-01-04 21:55:27,877 - root - INFO - Loading query interval set from '211227-2-sim/g23_0.query.tsv'...
2022-01-04 21:55:27,885 - root - INFO - Loading chromosome sizes from '211227-2-sim/g23_sizes.tsv'...
2022-01-04 21:55:27,888 - root - INFO - Number of reference intervals: 2500 (2500 before merging)
2022-01-04 21:55:27,889 - root - INFO - Number of query intervals: 500 (500 before merging)
2022-01-04 21:55:27,890 - root - INFO - Number of chromosomes: 1
2022-01-04 21:55:27,896 - root - INFO - Overlap count: 255
2022-01-04 21:55:27,897 - root - DEBUG - Started computing sf for chromosome 'chr1'...
2022-01-04 21:55:27,898 - root - DEBUG - m=2500, n=500
2022-01-04 21:55:28,692 - root - DEBUG - Processing 10-th line out of 2500 rows of DP table...
2022-01-04 21:55:29,525 - root - DEBUG - Processing 20-th line out of 2500 rows of DP table...
2022-01-04 21:55:30,366 - root - DEBUG - Processing 30-th line out of 2500 rows of DP table...
2022-01-04 21:55:31,197 - root - DEBUG - Processing 40-th line out of 2500 rows of DP table...
2022-01-04 21:55:32,034 - root - DEBUG - Processing 50-th line out of 2500 rows of DP table...
2022-01-04 21:55:32,852 - root - DEBUG - Processing 60-th line out of 2500 rows of DP table...
2022-01-04 21:55:33,678 - root - DEBUG - Processing 70-th line out of 2500 rows of DP table...
2022-01-04 21:55:34,501 - root - DEBUG - Processing 80-th line out of 2500 rows of DP table...
2022-01-04 21:55:35,313 - root - DEBUG - Processing 90-th line out of 2500 rows of DP table...
2022-01-04 21:55:36,120 - root - DEBUG - Processing 100-th line out of 2500 rows of DP table...
2022-01-04 21:55:36,933 - root - DEBUG - Processing 110-th line out of 2500 rows of DP table...
2022-01-04 21:55:37,744 - root - DEBUG - Processing 120-th line out of 2500 rows of DP table...
2022-01-04 21:55:38,552 - root - DEBUG - Processing 130-th line out of 2500 rows of DP table...
2022-01-04 21:55:39,349 - root - DEBUG - Processing 140-th line out of 2500 rows of DP table...
2022-01-04 21:55:40,146 - root - DEBUG - Processing 150-th line out of 2500 rows of DP table...
2022-01-04 21:55:40,935 - root - DEBUG - Processing 160-th line out of 2500 rows of DP table...
2022-01-04 21:55:41,723 - root - DEBUG - Processing 170-th line out of 2500 rows of DP table...
2022-01-04 21:55:42,526 - root - DEBUG - Processing 180-th line out of 2500 rows of DP table...
2022-01-04 21:55:43,313 - root - DEBUG - Processing 190-th line out of 2500 rows of DP table...
2022-01-04 21:55:44,089 - root - DEBUG - Processing 200-th line out of 2500 rows of DP table...
2022-01-04 21:55:44,867 - root - DEBUG - Processing 210-th line out of 2500 rows of DP table...
2022-01-04 21:55:45,636 - root - DEBUG - Processing 220-th line out of 2500 rows of DP table...
2022-01-04 21:55:46,399 - root - DEBUG - Processing 230-th line out of 2500 rows of DP table...
2022-01-04 21:55:47,166 - root - DEBUG - Processing 240-th line out of 2500 rows of DP table...
2022-01-04 21:55:47,928 - root - DEBUG - Processing 250-th line out of 2500 rows of DP table...
2022-01-04 21:55:48,680 - root - DEBUG - Processing 260-th line out of 2500 rows of DP table...
2022-01-04 21:55:49,434 - root - DEBUG - Processing 270-th line out of 2500 rows of DP table...
2022-01-04 21:55:50,181 - root - DEBUG - Processing 280-th line out of 2500 rows of DP table...
2022-01-04 21:55:50,924 - root - DEBUG - Processing 290-th line out of 2500 rows of DP table...
2022-01-04 21:55:51,668 - root - DEBUG - Processing 300-th line out of 2500 rows of DP table...
2022-01-04 21:55:52,412 - root - DEBUG - Processing 310-th line out of 2500 rows of DP table...
2022-01-04 21:55:53,147 - root - DEBUG - Processing 320-th line out of 2500 rows of DP table...
2022-01-04 21:55:53,882 - root - DEBUG - Processing 330-th line out of 2500 rows of DP table...
2022-01-04 21:55:54,607 - root - DEBUG - Processing 340-th line out of 2500 rows of DP table...
2022-01-04 21:55:55,338 - root - DEBUG - Processing 350-th line out of 2500 rows of DP table...
2022-01-04 21:55:56,062 - root - DEBUG - Processing 360-th line out of 2500 rows of DP table...
2022-01-04 21:55:56,784 - root - DEBUG - Processing 370-th line out of 2500 rows of DP table...
2022-01-04 21:55:57,504 - root - DEBUG - Processing 380-th line out of 2500 rows of DP table...
2022-01-04 21:55:58,219 - root - DEBUG - Processing 390-th line out of 2500 rows of DP table...
2022-01-04 21:55:58,927 - root - DEBUG - Processing 400-th line out of 2500 rows of DP table...
2022-01-04 21:55:59,641 - root - DEBUG - Processing 410-th line out of 2500 rows of DP table...
2022-01-04 21:56:00,345 - root - DEBUG - Processing 420-th line out of 2500 rows of DP table...
2022-01-04 21:56:01,041 - root - DEBUG - Processing 430-th line out of 2500 rows of DP table...
2022-01-04 21:56:01,745 - root - DEBUG - Processing 440-th line out of 2500 rows of DP table...
2022-01-04 21:56:02,433 - root - DEBUG - Processing 450-th line out of 2500 rows of DP table...
2022-01-04 21:56:03,123 - root - DEBUG - Processing 460-th line out of 2500 rows of DP table...
2022-01-04 21:56:03,818 - root - DEBUG - Processing 470-th line out of 2500 rows of DP table...
2022-01-04 21:56:04,499 - root - DEBUG - Processing 480-th line out of 2500 rows of DP table...
2022-01-04 21:56:05,191 - root - DEBUG - Processing 490-th line out of 2500 rows of DP table...
2022-01-04 21:56:05,871 - root - DEBUG - Processing 500-th line out of 2500 rows of DP table...
2022-01-04 21:56:06,544 - root - DEBUG - Processing 510-th line out of 2500 rows of DP table...
2022-01-04 21:56:07,224 - root - DEBUG - Processing 520-th line out of 2500 rows of DP table...
2022-01-04 21:56:07,891 - root - DEBUG - Processing 530-th line out of 2500 rows of DP table...
2022-01-04 21:56:08,554 - root - DEBUG - Processing 540-th line out of 2500 rows of DP table...
2022-01-04 21:56:09,213 - root - DEBUG - Processing 550-th line out of 2500 rows of DP table...
2022-01-04 21:56:09,872 - root - DEBUG - Processing 560-th line out of 2500 rows of DP table...
2022-01-04 21:56:10,533 - root - DEBUG - Processing 570-th line out of 2500 rows of DP table...
2022-01-04 21:56:11,185 - root - DEBUG - Processing 580-th line out of 2500 rows of DP table...
2022-01-04 21:56:11,834 - root - DEBUG - Processing 590-th line out of 2500 rows of DP table...
2022-01-04 21:56:12,479 - root - DEBUG - Processing 600-th line out of 2500 rows of DP table...
2022-01-04 21:56:13,122 - root - DEBUG - Processing 610-th line out of 2500 rows of DP table...
2022-01-04 21:56:13,756 - root - DEBUG - Processing 620-th line out of 2500 rows of DP table...
2022-01-04 21:56:14,392 - root - DEBUG - Processing 630-th line out of 2500 rows of DP table...
2022-01-04 21:56:15,018 - root - DEBUG - Processing 640-th line out of 2500 rows of DP table...
2022-01-04 21:56:15,647 - root - DEBUG - Processing 650-th line out of 2500 rows of DP table...
2022-01-04 21:56:16,275 - root - DEBUG - Processing 660-th line out of 2500 rows of DP table...
2022-01-04 21:56:16,896 - root - DEBUG - Processing 670-th line out of 2500 rows of DP table...
2022-01-04 21:56:17,515 - root - DEBUG - Processing 680-th line out of 2500 rows of DP table...
2022-01-04 21:56:18,130 - root - DEBUG - Processing 690-th line out of 2500 rows of DP table...
2022-01-04 21:56:18,746 - root - DEBUG - Processing 700-th line out of 2500 rows of DP table...
2022-01-04 21:56:19,352 - root - DEBUG - Processing 710-th line out of 2500 rows of DP table...
2022-01-04 21:56:19,954 - root - DEBUG - Processing 720-th line out of 2500 rows of DP table...
2022-01-04 21:56:20,557 - root - DEBUG - Processing 730-th line out of 2500 rows of DP table...
2022-01-04 21:56:21,155 - root - DEBUG - Processing 740-th line out of 2500 rows of DP table...
2022-01-04 21:56:21,746 - root - DEBUG - Processing 750-th line out of 2500 rows of DP table...
2022-01-04 21:56:22,340 - root - DEBUG - Processing 760-th line out of 2500 rows of DP table...
2022-01-04 21:56:22,936 - root - DEBUG - Processing 770-th line out of 2500 rows of DP table...
2022-01-04 21:56:23,522 - root - DEBUG - Processing 780-th line out of 2500 rows of DP table...
2022-01-04 21:56:24,098 - root - DEBUG - Processing 790-th line out of 2500 rows of DP table...
2022-01-04 21:56:24,681 - root - DEBUG - Processing 800-th line out of 2500 rows of DP table...
2022-01-04 21:56:25,254 - root - DEBUG - Processing 810-th line out of 2500 rows of DP table...
2022-01-04 21:56:25,830 - root - DEBUG - Processing 820-th line out of 2500 rows of DP table...
2022-01-04 21:56:26,395 - root - DEBUG - Processing 830-th line out of 2500 rows of DP table...
2022-01-04 21:56:26,963 - root - DEBUG - Processing 840-th line out of 2500 rows of DP table...
2022-01-04 21:56:27,521 - root - DEBUG - Processing 850-th line out of 2500 rows of DP table...
2022-01-04 21:56:28,084 - root - DEBUG - Processing 860-th line out of 2500 rows of DP table...
2022-01-04 21:56:28,638 - root - DEBUG - Processing 870-th line out of 2500 rows of DP table...
2022-01-04 21:56:29,207 - root - DEBUG - Processing 880-th line out of 2500 rows of DP table...
2022-01-04 21:56:29,754 - root - DEBUG - Processing 890-th line out of 2500 rows of DP table...
2022-01-04 21:56:30,299 - root - DEBUG - Processing 900-th line out of 2500 rows of DP table...
2022-01-04 21:56:30,835 - root - DEBUG - Processing 910-th line out of 2500 rows of DP table...
2022-01-04 21:56:31,381 - root - DEBUG - Processing 920-th line out of 2500 rows of DP table...
2022-01-04 21:56:31,914 - root - DEBUG - Processing 930-th line out of 2500 rows of DP table...
2022-01-04 21:56:32,445 - root - DEBUG - Processing 940-th line out of 2500 rows of DP table...
2022-01-04 21:56:32,970 - root - DEBUG - Processing 950-th line out of 2500 rows of DP table...
2022-01-04 21:56:33,501 - root - DEBUG - Processing 960-th line out of 2500 rows of DP table...
2022-01-04 21:56:34,019 - root - DEBUG - Processing 970-th line out of 2500 rows of DP table...
2022-01-04 21:56:34,554 - root - DEBUG - Processing 980-th line out of 2500 rows of DP table...
2022-01-04 21:56:35,064 - root - DEBUG - Processing 990-th line out of 2500 rows of DP table...
2022-01-04 21:56:35,578 - root - DEBUG - Processing 1000-th line out of 2500 rows of DP table...
2022-01-04 21:56:36,090 - root - DEBUG - Processing 1010-th line out of 2500 rows of DP table...
2022-01-04 21:56:36,595 - root - DEBUG - Processing 1020-th line out of 2500 rows of DP table...
2022-01-04 21:56:37,101 - root - DEBUG - Processing 1030-th line out of 2500 rows of DP table...
2022-01-04 21:56:37,608 - root - DEBUG - Processing 1040-th line out of 2500 rows of DP table...
2022-01-04 21:56:38,106 - root - DEBUG - Processing 1050-th line out of 2500 rows of DP table...
2022-01-04 21:56:38,595 - root - DEBUG - Processing 1060-th line out of 2500 rows of DP table...
2022-01-04 21:56:39,085 - root - DEBUG - Processing 1070-th line out of 2500 rows of DP table...
2022-01-04 21:56:39,591 - root - DEBUG - Processing 1080-th line out of 2500 rows of DP table...
2022-01-04 21:56:40,070 - root - DEBUG - Processing 1090-th line out of 2500 rows of DP table...
2022-01-04 21:56:40,553 - root - DEBUG - Processing 1100-th line out of 2500 rows of DP table...
2022-01-04 21:56:41,029 - root - DEBUG - Processing 1110-th line out of 2500 rows of DP table...
2022-01-04 21:56:41,508 - root - DEBUG - Processing 1120-th line out of 2500 rows of DP table...
2022-01-04 21:56:41,973 - root - DEBUG - Processing 1130-th line out of 2500 rows of DP table...
2022-01-04 21:56:42,440 - root - DEBUG - Processing 1140-th line out of 2500 rows of DP table...
2022-01-04 21:56:42,906 - root - DEBUG - Processing 1150-th line out of 2500 rows of DP table...
2022-01-04 21:56:43,365 - root - DEBUG - Processing 1160-th line out of 2500 rows of DP table...
2022-01-04 21:56:43,826 - root - DEBUG - Processing 1170-th line out of 2500 rows of DP table...
2022-01-04 21:56:44,292 - root - DEBUG - Processing 1180-th line out of 2500 rows of DP table...
2022-01-04 21:56:44,744 - root - DEBUG - Processing 1190-th line out of 2500 rows of DP table...
2022-01-04 21:56:45,188 - root - DEBUG - Processing 1200-th line out of 2500 rows of DP table...
2022-01-04 21:56:45,631 - root - DEBUG - Processing 1210-th line out of 2500 rows of DP table...
2022-01-04 21:56:46,075 - root - DEBUG - Processing 1220-th line out of 2500 rows of DP table...
2022-01-04 21:56:46,510 - root - DEBUG - Processing 1230-th line out of 2500 rows of DP table...
2022-01-04 21:56:46,940 - root - DEBUG - Processing 1240-th line out of 2500 rows of DP table...
2022-01-04 21:56:47,370 - root - DEBUG - Processing 1250-th line out of 2500 rows of DP table...
2022-01-04 21:56:47,806 - root - DEBUG - Processing 1260-th line out of 2500 rows of DP table...
2022-01-04 21:56:48,234 - root - DEBUG - Processing 1270-th line out of 2500 rows of DP table...
2022-01-04 21:56:48,651 - root - DEBUG - Processing 1280-th line out of 2500 rows of DP table...
2022-01-04 21:56:49,064 - root - DEBUG - Processing 1290-th line out of 2500 rows of DP table...
2022-01-04 21:56:49,483 - root - DEBUG - Processing 1300-th line out of 2500 rows of DP table...
2022-01-04 21:56:49,891 - root - DEBUG - Processing 1310-th line out of 2500 rows of DP table...
2022-01-04 21:56:50,297 - root - DEBUG - Processing 1320-th line out of 2500 rows of DP table...
2022-01-04 21:56:50,704 - root - DEBUG - Processing 1330-th line out of 2500 rows of DP table...
2022-01-04 21:56:51,102 - root - DEBUG - Processing 1340-th line out of 2500 rows of DP table...
2022-01-04 21:56:51,496 - root - DEBUG - Processing 1350-th line out of 2500 rows of DP table...
2022-01-04 21:56:51,894 - root - DEBUG - Processing 1360-th line out of 2500 rows of DP table...
2022-01-04 21:56:52,285 - root - DEBUG - Processing 1370-th line out of 2500 rows of DP table...
2022-01-04 21:56:52,672 - root - DEBUG - Processing 1380-th line out of 2500 rows of DP table...
2022-01-04 21:56:53,059 - root - DEBUG - Processing 1390-th line out of 2500 rows of DP table...
2022-01-04 21:56:53,437 - root - DEBUG - Processing 1400-th line out of 2500 rows of DP table...
2022-01-04 21:56:53,813 - root - DEBUG - Processing 1410-th line out of 2500 rows of DP table...
2022-01-04 21:56:54,191 - root - DEBUG - Processing 1420-th line out of 2500 rows of DP table...
2022-01-04 21:56:54,564 - root - DEBUG - Processing 1430-th line out of 2500 rows of DP table...
2022-01-04 21:56:54,931 - root - DEBUG - Processing 1440-th line out of 2500 rows of DP table...
2022-01-04 21:56:55,300 - root - DEBUG - Processing 1450-th line out of 2500 rows of DP table...
2022-01-04 21:56:55,659 - root - DEBUG - Processing 1460-th line out of 2500 rows of DP table...
2022-01-04 21:56:56,013 - root - DEBUG - Processing 1470-th line out of 2500 rows of DP table...
2022-01-04 21:56:56,372 - root - DEBUG - Processing 1480-th line out of 2500 rows of DP table...
2022-01-04 21:56:56,723 - root - DEBUG - Processing 1490-th line out of 2500 rows of DP table...
2022-01-04 21:56:57,070 - root - DEBUG - Processing 1500-th line out of 2500 rows of DP table...
2022-01-04 21:56:57,418 - root - DEBUG - Processing 1510-th line out of 2500 rows of DP table...
2022-01-04 21:56:57,758 - root - DEBUG - Processing 1520-th line out of 2500 rows of DP table...
2022-01-04 21:56:58,095 - root - DEBUG - Processing 1530-th line out of 2500 rows of DP table...
2022-01-04 21:56:58,431 - root - DEBUG - Processing 1540-th line out of 2500 rows of DP table...
2022-01-04 21:56:58,768 - root - DEBUG - Processing 1550-th line out of 2500 rows of DP table...
2022-01-04 21:56:59,094 - root - DEBUG - Processing 1560-th line out of 2500 rows of DP table...
2022-01-04 21:56:59,417 - root - DEBUG - Processing 1570-th line out of 2500 rows of DP table...
2022-01-04 21:56:59,742 - root - DEBUG - Processing 1580-th line out of 2500 rows of DP table...
2022-01-04 21:57:00,059 - root - DEBUG - Processing 1590-th line out of 2500 rows of DP table...
2022-01-04 21:57:00,372 - root - DEBUG - Processing 1600-th line out of 2500 rows of DP table...
2022-01-04 21:57:00,682 - root - DEBUG - Processing 1610-th line out of 2500 rows of DP table...
2022-01-04 21:57:00,993 - root - DEBUG - Processing 1620-th line out of 2500 rows of DP table...
2022-01-04 21:57:01,297 - root - DEBUG - Processing 1630-th line out of 2500 rows of DP table...
2022-01-04 21:57:01,596 - root - DEBUG - Processing 1640-th line out of 2500 rows of DP table...
2022-01-04 21:57:01,898 - root - DEBUG - Processing 1650-th line out of 2500 rows of DP table...
2022-01-04 21:57:02,192 - root - DEBUG - Processing 1660-th line out of 2500 rows of DP table...
2022-01-04 21:57:02,483 - root - DEBUG - Processing 1670-th line out of 2500 rows of DP table...
2022-01-04 21:57:02,773 - root - DEBUG - Processing 1680-th line out of 2500 rows of DP table...
2022-01-04 21:57:03,062 - root - DEBUG - Processing 1690-th line out of 2500 rows of DP table...
2022-01-04 21:57:03,343 - root - DEBUG - Processing 1700-th line out of 2500 rows of DP table...
2022-01-04 21:57:03,620 - root - DEBUG - Processing 1710-th line out of 2500 rows of DP table...
2022-01-04 21:57:03,892 - root - DEBUG - Processing 1720-th line out of 2500 rows of DP table...
2022-01-04 21:57:04,169 - root - DEBUG - Processing 1730-th line out of 2500 rows of DP table...
2022-01-04 21:57:04,435 - root - DEBUG - Processing 1740-th line out of 2500 rows of DP table...
2022-01-04 21:57:04,700 - root - DEBUG - Processing 1750-th line out of 2500 rows of DP table...
2022-01-04 21:57:04,963 - root - DEBUG - Processing 1760-th line out of 2500 rows of DP table...
2022-01-04 21:57:05,220 - root - DEBUG - Processing 1770-th line out of 2500 rows of DP table...
2022-01-04 21:57:05,479 - root - DEBUG - Processing 1780-th line out of 2500 rows of DP table...
2022-01-04 21:57:05,728 - root - DEBUG - Processing 1790-th line out of 2500 rows of DP table...
2022-01-04 21:57:05,976 - root - DEBUG - Processing 1800-th line out of 2500 rows of DP table...
2022-01-04 21:57:06,221 - root - DEBUG - Processing 1810-th line out of 2500 rows of DP table...
2022-01-04 21:57:06,468 - root - DEBUG - Processing 1820-th line out of 2500 rows of DP table...
2022-01-04 21:57:06,704 - root - DEBUG - Processing 1830-th line out of 2500 rows of DP table...
2022-01-04 21:57:06,944 - root - DEBUG - Processing 1840-th line out of 2500 rows of DP table...
2022-01-04 21:57:07,174 - root - DEBUG - Processing 1850-th line out of 2500 rows of DP table...
2022-01-04 21:57:07,462 - root - DEBUG - Processing 1860-th line out of 2500 rows of DP table...
2022-01-04 21:57:07,691 - root - DEBUG - Processing 1870-th line out of 2500 rows of DP table...
2022-01-04 21:57:07,912 - root - DEBUG - Processing 1880-th line out of 2500 rows of DP table...
2022-01-04 21:57:08,129 - root - DEBUG - Processing 1890-th line out of 2500 rows of DP table...
2022-01-04 21:57:08,341 - root - DEBUG - Processing 1900-th line out of 2500 rows of DP table...
2022-01-04 21:57:08,553 - root - DEBUG - Processing 1910-th line out of 2500 rows of DP table...
2022-01-04 21:57:08,761 - root - DEBUG - Processing 1920-th line out of 2500 rows of DP table...
2022-01-04 21:57:08,973 - root - DEBUG - Processing 1930-th line out of 2500 rows of DP table...
2022-01-04 21:57:09,175 - root - DEBUG - Processing 1940-th line out of 2500 rows of DP table...
2022-01-04 21:57:09,372 - root - DEBUG - Processing 1950-th line out of 2500 rows of DP table...
2022-01-04 21:57:09,566 - root - DEBUG - Processing 1960-th line out of 2500 rows of DP table...
2022-01-04 21:57:09,757 - root - DEBUG - Processing 1970-th line out of 2500 rows of DP table...
2022-01-04 21:57:09,949 - root - DEBUG - Processing 1980-th line out of 2500 rows of DP table...
2022-01-04 21:57:10,133 - root - DEBUG - Processing 1990-th line out of 2500 rows of DP table...
2022-01-04 21:57:10,315 - root - DEBUG - Processing 2000-th line out of 2500 rows of DP table...
2022-01-04 21:57:10,493 - root - DEBUG - Processing 2010-th line out of 2500 rows of DP table...
2022-01-04 21:57:10,667 - root - DEBUG - Processing 2020-th line out of 2500 rows of DP table...
2022-01-04 21:57:10,838 - root - DEBUG - Processing 2030-th line out of 2500 rows of DP table...
2022-01-04 21:57:11,004 - root - DEBUG - Processing 2040-th line out of 2500 rows of DP table...
2022-01-04 21:57:11,174 - root - DEBUG - Processing 2050-th line out of 2500 rows of DP table...
2022-01-04 21:57:11,334 - root - DEBUG - Processing 2060-th line out of 2500 rows of DP table...
2022-01-04 21:57:11,493 - root - DEBUG - Processing 2070-th line out of 2500 rows of DP table...
2022-01-04 21:57:11,648 - root - DEBUG - Processing 2080-th line out of 2500 rows of DP table...
2022-01-04 21:57:11,800 - root - DEBUG - Processing 2090-th line out of 2500 rows of DP table...
2022-01-04 21:57:11,948 - root - DEBUG - Processing 2100-th line out of 2500 rows of DP table...
2022-01-04 21:57:12,091 - root - DEBUG - Processing 2110-th line out of 2500 rows of DP table...
2022-01-04 21:57:12,238 - root - DEBUG - Processing 2120-th line out of 2500 rows of DP table...
2022-01-04 21:57:12,376 - root - DEBUG - Processing 2130-th line out of 2500 rows of DP table...
2022-01-04 21:57:12,511 - root - DEBUG - Processing 2140-th line out of 2500 rows of DP table...
2022-01-04 21:57:12,642 - root - DEBUG - Processing 2150-th line out of 2500 rows of DP table...
2022-01-04 21:57:12,770 - root - DEBUG - Processing 2160-th line out of 2500 rows of DP table...
2022-01-04 21:57:12,895 - root - DEBUG - Processing 2170-th line out of 2500 rows of DP table...
2022-01-04 21:57:13,017 - root - DEBUG - Processing 2180-th line out of 2500 rows of DP table...
2022-01-04 21:57:13,135 - root - DEBUG - Processing 2190-th line out of 2500 rows of DP table...
2022-01-04 21:57:13,251 - root - DEBUG - Processing 2200-th line out of 2500 rows of DP table...
2022-01-04 21:57:13,367 - root - DEBUG - Processing 2210-th line out of 2500 rows of DP table...
2022-01-04 21:57:13,475 - root - DEBUG - Processing 2220-th line out of 2500 rows of DP table...
2022-01-04 21:57:13,578 - root - DEBUG - Processing 2230-th line out of 2500 rows of DP table...
2022-01-04 21:57:13,679 - root - DEBUG - Processing 2240-th line out of 2500 rows of DP table...
2022-01-04 21:57:13,776 - root - DEBUG - Processing 2250-th line out of 2500 rows of DP table...
2022-01-04 21:57:13,870 - root - DEBUG - Processing 2260-th line out of 2500 rows of DP table...
2022-01-04 21:57:13,960 - root - DEBUG - Processing 2270-th line out of 2500 rows of DP table...
2022-01-04 21:57:14,047 - root - DEBUG - Processing 2280-th line out of 2500 rows of DP table...
2022-01-04 21:57:14,131 - root - DEBUG - Processing 2290-th line out of 2500 rows of DP table...
2022-01-04 21:57:14,212 - root - DEBUG - Processing 2300-th line out of 2500 rows of DP table...
2022-01-04 21:57:14,289 - root - DEBUG - Processing 2310-th line out of 2500 rows of DP table...
2022-01-04 21:57:14,362 - root - DEBUG - Processing 2320-th line out of 2500 rows of DP table...
2022-01-04 21:57:14,433 - root - DEBUG - Processing 2330-th line out of 2500 rows of DP table...
2022-01-04 21:57:14,506 - root - DEBUG - Processing 2340-th line out of 2500 rows of DP table...
2022-01-04 21:57:14,569 - root - DEBUG - Processing 2350-th line out of 2500 rows of DP table...
2022-01-04 21:57:14,630 - root - DEBUG - Processing 2360-th line out of 2500 rows of DP table...
2022-01-04 21:57:14,715 - root - DEBUG - Processing 2370-th line out of 2500 rows of DP table...
2022-01-04 21:57:14,768 - root - DEBUG - Processing 2380-th line out of 2500 rows of DP table...
2022-01-04 21:57:14,819 - root - DEBUG - Processing 2390-th line out of 2500 rows of DP table...
2022-01-04 21:57:14,866 - root - DEBUG - Processing 2400-th line out of 2500 rows of DP table...
2022-01-04 21:57:14,910 - root - DEBUG - Processing 2410-th line out of 2500 rows of DP table...
2022-01-04 21:57:14,950 - root - DEBUG - Processing 2420-th line out of 2500 rows of DP table...
2022-01-04 21:57:14,987 - root - DEBUG - Processing 2430-th line out of 2500 rows of DP table...
2022-01-04 21:57:15,021 - root - DEBUG - Processing 2440-th line out of 2500 rows of DP table...
2022-01-04 21:57:15,052 - root - DEBUG - Processing 2450-th line out of 2500 rows of DP table...
2022-01-04 21:57:15,079 - root - DEBUG - Processing 2460-th line out of 2500 rows of DP table...
2022-01-04 21:57:15,103 - root - DEBUG - Processing 2470-th line out of 2500 rows of DP table...
2022-01-04 21:57:15,124 - root - DEBUG - Processing 2480-th line out of 2500 rows of DP table...
2022-01-04 21:57:15,142 - root - DEBUG - Processing 2490-th line out of 2500 rows of DP table...
2022-01-04 21:57:15,156 - root - DEBUG - Processing 2500-th line out of 2500 rows of DP table...
2022-01-04 21:57:15,169 - root - DEBUG - Started computing joint logprobs...
