2022-01-04 21:20:28,287 - root - INFO - Loading reference interval set from '211227-2-sim/g23_2.ref.tsv'...
2022-01-04 21:20:28,292 - root - INFO - Loading query interval set from '211227-2-sim/g23_2.query.tsv'...
2022-01-04 21:20:28,295 - root - INFO - Loading chromosome sizes from '211227-2-sim/g23_sizes.tsv'...
2022-01-04 21:20:28,298 - root - INFO - Number of reference intervals: 2500 (2500 before merging)
2022-01-04 21:20:28,299 - root - INFO - Number of query intervals: 500 (500 before merging)
2022-01-04 21:20:28,300 - root - INFO - Number of chromosomes: 1
2022-01-04 21:20:28,304 - root - INFO - Overlap count: 250
2022-01-04 21:20:28,305 - root - DEBUG - Started computing sf for chromosome 'chr1'...
2022-01-04 21:20:28,306 - root - DEBUG - m=2500, n=500
2022-01-04 21:20:29,108 - root - DEBUG - Processing 10-th line out of 2500 rows of DP table...
2022-01-04 21:20:29,954 - root - DEBUG - Processing 20-th line out of 2500 rows of DP table...
2022-01-04 21:20:30,798 - root - DEBUG - Processing 30-th line out of 2500 rows of DP table...
2022-01-04 21:20:31,639 - root - DEBUG - Processing 40-th line out of 2500 rows of DP table...
2022-01-04 21:20:32,481 - root - DEBUG - Processing 50-th line out of 2500 rows of DP table...
2022-01-04 21:20:33,323 - root - DEBUG - Processing 60-th line out of 2500 rows of DP table...
2022-01-04 21:20:34,159 - root - DEBUG - Processing 70-th line out of 2500 rows of DP table...
2022-01-04 21:20:34,990 - root - DEBUG - Processing 80-th line out of 2500 rows of DP table...
2022-01-04 21:20:35,826 - root - DEBUG - Processing 90-th line out of 2500 rows of DP table...
2022-01-04 21:20:36,658 - root - DEBUG - Processing 100-th line out of 2500 rows of DP table...
2022-01-04 21:20:37,481 - root - DEBUG - Processing 110-th line out of 2500 rows of DP table...
2022-01-04 21:20:38,304 - root - DEBUG - Processing 120-th line out of 2500 rows of DP table...
2022-01-04 21:20:39,120 - root - DEBUG - Processing 130-th line out of 2500 rows of DP table...
2022-01-04 21:20:39,936 - root - DEBUG - Processing 140-th line out of 2500 rows of DP table...
2022-01-04 21:20:40,742 - root - DEBUG - Processing 150-th line out of 2500 rows of DP table...
2022-01-04 21:20:41,554 - root - DEBUG - Processing 160-th line out of 2500 rows of DP table...
2022-01-04 21:20:42,366 - root - DEBUG - Processing 170-th line out of 2500 rows of DP table...
2022-01-04 21:20:43,165 - root - DEBUG - Processing 180-th line out of 2500 rows of DP table...
2022-01-04 21:20:43,964 - root - DEBUG - Processing 190-th line out of 2500 rows of DP table...
2022-01-04 21:20:44,760 - root - DEBUG - Processing 200-th line out of 2500 rows of DP table...
2022-01-04 21:20:45,553 - root - DEBUG - Processing 210-th line out of 2500 rows of DP table...
2022-01-04 21:20:46,334 - root - DEBUG - Processing 220-th line out of 2500 rows of DP table...
2022-01-04 21:20:47,117 - root - DEBUG - Processing 230-th line out of 2500 rows of DP table...
2022-01-04 21:20:47,897 - root - DEBUG - Processing 240-th line out of 2500 rows of DP table...
2022-01-04 21:20:48,683 - root - DEBUG - Processing 250-th line out of 2500 rows of DP table...
2022-01-04 21:20:49,456 - root - DEBUG - Processing 260-th line out of 2500 rows of DP table...
2022-01-04 21:20:50,223 - root - DEBUG - Processing 270-th line out of 2500 rows of DP table...
2022-01-04 21:20:50,994 - root - DEBUG - Processing 280-th line out of 2500 rows of DP table...
2022-01-04 21:20:51,758 - root - DEBUG - Processing 290-th line out of 2500 rows of DP table...
2022-01-04 21:20:52,528 - root - DEBUG - Processing 300-th line out of 2500 rows of DP table...
2022-01-04 21:20:53,363 - root - DEBUG - Processing 310-th line out of 2500 rows of DP table...
2022-01-04 21:20:54,120 - root - DEBUG - Processing 320-th line out of 2500 rows of DP table...
2022-01-04 21:20:54,872 - root - DEBUG - Processing 330-th line out of 2500 rows of DP table...
2022-01-04 21:20:55,621 - root - DEBUG - Processing 340-th line out of 2500 rows of DP table...
2022-01-04 21:20:56,359 - root - DEBUG - Processing 350-th line out of 2500 rows of DP table...
2022-01-04 21:20:57,102 - root - DEBUG - Processing 360-th line out of 2500 rows of DP table...
2022-01-04 21:20:57,838 - root - DEBUG - Processing 370-th line out of 2500 rows of DP table...
2022-01-04 21:20:58,572 - root - DEBUG - Processing 380-th line out of 2500 rows of DP table...
2022-01-04 21:20:59,300 - root - DEBUG - Processing 390-th line out of 2500 rows of DP table...
2022-01-04 21:21:00,024 - root - DEBUG - Processing 400-th line out of 2500 rows of DP table...
2022-01-04 21:21:00,749 - root - DEBUG - Processing 410-th line out of 2500 rows of DP table...
2022-01-04 21:21:01,462 - root - DEBUG - Processing 420-th line out of 2500 rows of DP table...
2022-01-04 21:21:02,174 - root - DEBUG - Processing 430-th line out of 2500 rows of DP table...
2022-01-04 21:21:02,884 - root - DEBUG - Processing 440-th line out of 2500 rows of DP table...
2022-01-04 21:21:03,584 - root - DEBUG - Processing 450-th line out of 2500 rows of DP table...
2022-01-04 21:21:04,283 - root - DEBUG - Processing 460-th line out of 2500 rows of DP table...
2022-01-04 21:21:04,978 - root - DEBUG - Processing 470-th line out of 2500 rows of DP table...
2022-01-04 21:21:05,676 - root - DEBUG - Processing 480-th line out of 2500 rows of DP table...
2022-01-04 21:21:06,360 - root - DEBUG - Processing 490-th line out of 2500 rows of DP table...
2022-01-04 21:21:07,048 - root - DEBUG - Processing 500-th line out of 2500 rows of DP table...
2022-01-04 21:21:07,735 - root - DEBUG - Processing 510-th line out of 2500 rows of DP table...
2022-01-04 21:21:08,411 - root - DEBUG - Processing 520-th line out of 2500 rows of DP table...
2022-01-04 21:21:09,085 - root - DEBUG - Processing 530-th line out of 2500 rows of DP table...
2022-01-04 21:21:09,761 - root - DEBUG - Processing 540-th line out of 2500 rows of DP table...
2022-01-04 21:21:10,427 - root - DEBUG - Processing 550-th line out of 2500 rows of DP table...
2022-01-04 21:21:11,094 - root - DEBUG - Processing 560-th line out of 2500 rows of DP table...
2022-01-04 21:21:11,762 - root - DEBUG - Processing 570-th line out of 2500 rows of DP table...
2022-01-04 21:21:12,420 - root - DEBUG - Processing 580-th line out of 2500 rows of DP table...
2022-01-04 21:21:13,079 - root - DEBUG - Processing 590-th line out of 2500 rows of DP table...
2022-01-04 21:21:13,743 - root - DEBUG - Processing 600-th line out of 2500 rows of DP table...
2022-01-04 21:21:14,386 - root - DEBUG - Processing 610-th line out of 2500 rows of DP table...
2022-01-04 21:21:15,032 - root - DEBUG - Processing 620-th line out of 2500 rows of DP table...
2022-01-04 21:21:15,684 - root - DEBUG - Processing 630-th line out of 2500 rows of DP table...
2022-01-04 21:21:16,323 - root - DEBUG - Processing 640-th line out of 2500 rows of DP table...
2022-01-04 21:21:16,960 - root - DEBUG - Processing 650-th line out of 2500 rows of DP table...
2022-01-04 21:21:17,596 - root - DEBUG - Processing 660-th line out of 2500 rows of DP table...
2022-01-04 21:21:18,230 - root - DEBUG - Processing 670-th line out of 2500 rows of DP table...
2022-01-04 21:21:18,857 - root - DEBUG - Processing 680-th line out of 2500 rows of DP table...
2022-01-04 21:21:19,478 - root - DEBUG - Processing 690-th line out of 2500 rows of DP table...
2022-01-04 21:21:20,103 - root - DEBUG - Processing 700-th line out of 2500 rows of DP table...
2022-01-04 21:21:20,718 - root - DEBUG - Processing 710-th line out of 2500 rows of DP table...
2022-01-04 21:21:21,334 - root - DEBUG - Processing 720-th line out of 2500 rows of DP table...
2022-01-04 21:21:21,948 - root - DEBUG - Processing 730-th line out of 2500 rows of DP table...
2022-01-04 21:21:22,555 - root - DEBUG - Processing 740-th line out of 2500 rows of DP table...
2022-01-04 21:21:23,158 - root - DEBUG - Processing 750-th line out of 2500 rows of DP table...
2022-01-04 21:21:23,753 - root - DEBUG - Processing 760-th line out of 2500 rows of DP table...
2022-01-04 21:21:24,350 - root - DEBUG - Processing 770-th line out of 2500 rows of DP table...
2022-01-04 21:21:24,944 - root - DEBUG - Processing 780-th line out of 2500 rows of DP table...
2022-01-04 21:21:25,531 - root - DEBUG - Processing 790-th line out of 2500 rows of DP table...
2022-01-04 21:21:26,119 - root - DEBUG - Processing 800-th line out of 2500 rows of DP table...
2022-01-04 21:21:26,706 - root - DEBUG - Processing 810-th line out of 2500 rows of DP table...
2022-01-04 21:21:27,288 - root - DEBUG - Processing 820-th line out of 2500 rows of DP table...
2022-01-04 21:21:27,866 - root - DEBUG - Processing 830-th line out of 2500 rows of DP table...
2022-01-04 21:21:28,437 - root - DEBUG - Processing 840-th line out of 2500 rows of DP table...
2022-01-04 21:21:29,011 - root - DEBUG - Processing 850-th line out of 2500 rows of DP table...
2022-01-04 21:21:29,573 - root - DEBUG - Processing 860-th line out of 2500 rows of DP table...
2022-01-04 21:21:30,137 - root - DEBUG - Processing 870-th line out of 2500 rows of DP table...
2022-01-04 21:21:30,695 - root - DEBUG - Processing 880-th line out of 2500 rows of DP table...
2022-01-04 21:21:31,255 - root - DEBUG - Processing 890-th line out of 2500 rows of DP table...
2022-01-04 21:21:31,804 - root - DEBUG - Processing 900-th line out of 2500 rows of DP table...
2022-01-04 21:21:32,355 - root - DEBUG - Processing 910-th line out of 2500 rows of DP table...
2022-01-04 21:21:32,900 - root - DEBUG - Processing 920-th line out of 2500 rows of DP table...
2022-01-04 21:21:33,441 - root - DEBUG - Processing 930-th line out of 2500 rows of DP table...
2022-01-04 21:21:33,977 - root - DEBUG - Processing 940-th line out of 2500 rows of DP table...
2022-01-04 21:21:34,515 - root - DEBUG - Processing 950-th line out of 2500 rows of DP table...
2022-01-04 21:21:35,048 - root - DEBUG - Processing 960-th line out of 2500 rows of DP table...
2022-01-04 21:21:35,576 - root - DEBUG - Processing 970-th line out of 2500 rows of DP table...
2022-01-04 21:21:36,101 - root - DEBUG - Processing 980-th line out of 2500 rows of DP table...
2022-01-04 21:21:36,621 - root - DEBUG - Processing 990-th line out of 2500 rows of DP table...
2022-01-04 21:21:37,142 - root - DEBUG - Processing 1000-th line out of 2500 rows of DP table...
2022-01-04 21:21:37,653 - root - DEBUG - Processing 1010-th line out of 2500 rows of DP table...
2022-01-04 21:21:38,166 - root - DEBUG - Processing 1020-th line out of 2500 rows of DP table...
2022-01-04 21:21:38,669 - root - DEBUG - Processing 1030-th line out of 2500 rows of DP table...
2022-01-04 21:21:39,180 - root - DEBUG - Processing 1040-th line out of 2500 rows of DP table...
2022-01-04 21:21:39,680 - root - DEBUG - Processing 1050-th line out of 2500 rows of DP table...
2022-01-04 21:21:40,180 - root - DEBUG - Processing 1060-th line out of 2500 rows of DP table...
2022-01-04 21:21:40,672 - root - DEBUG - Processing 1070-th line out of 2500 rows of DP table...
2022-01-04 21:21:41,168 - root - DEBUG - Processing 1080-th line out of 2500 rows of DP table...
2022-01-04 21:21:41,655 - root - DEBUG - Processing 1090-th line out of 2500 rows of DP table...
2022-01-04 21:21:42,142 - root - DEBUG - Processing 1100-th line out of 2500 rows of DP table...
2022-01-04 21:21:42,624 - root - DEBUG - Processing 1110-th line out of 2500 rows of DP table...
2022-01-04 21:21:43,103 - root - DEBUG - Processing 1120-th line out of 2500 rows of DP table...
2022-01-04 21:21:43,581 - root - DEBUG - Processing 1130-th line out of 2500 rows of DP table...
2022-01-04 21:21:44,051 - root - DEBUG - Processing 1140-th line out of 2500 rows of DP table...
2022-01-04 21:21:44,544 - root - DEBUG - Processing 1150-th line out of 2500 rows of DP table...
2022-01-04 21:21:45,006 - root - DEBUG - Processing 1160-th line out of 2500 rows of DP table...
2022-01-04 21:21:45,474 - root - DEBUG - Processing 1170-th line out of 2500 rows of DP table...
2022-01-04 21:21:45,932 - root - DEBUG - Processing 1180-th line out of 2500 rows of DP table...
2022-01-04 21:21:46,391 - root - DEBUG - Processing 1190-th line out of 2500 rows of DP table...
2022-01-04 21:21:46,843 - root - DEBUG - Processing 1200-th line out of 2500 rows of DP table...
2022-01-04 21:21:47,296 - root - DEBUG - Processing 1210-th line out of 2500 rows of DP table...
2022-01-04 21:21:47,737 - root - DEBUG - Processing 1220-th line out of 2500 rows of DP table...
2022-01-04 21:21:48,179 - root - DEBUG - Processing 1230-th line out of 2500 rows of DP table...
2022-01-04 21:21:48,613 - root - DEBUG - Processing 1240-th line out of 2500 rows of DP table...
2022-01-04 21:21:49,045 - root - DEBUG - Processing 1250-th line out of 2500 rows of DP table...
2022-01-04 21:21:49,487 - root - DEBUG - Processing 1260-th line out of 2500 rows of DP table...
2022-01-04 21:21:49,914 - root - DEBUG - Processing 1270-th line out of 2500 rows of DP table...
2022-01-04 21:21:50,344 - root - DEBUG - Processing 1280-th line out of 2500 rows of DP table...
2022-01-04 21:21:50,764 - root - DEBUG - Processing 1290-th line out of 2500 rows of DP table...
2022-01-04 21:21:51,180 - root - DEBUG - Processing 1300-th line out of 2500 rows of DP table...
2022-01-04 21:21:51,601 - root - DEBUG - Processing 1310-th line out of 2500 rows of DP table...
2022-01-04 21:21:52,010 - root - DEBUG - Processing 1320-th line out of 2500 rows of DP table...
2022-01-04 21:21:52,421 - root - DEBUG - Processing 1330-th line out of 2500 rows of DP table...
2022-01-04 21:21:52,824 - root - DEBUG - Processing 1340-th line out of 2500 rows of DP table...
2022-01-04 21:21:53,225 - root - DEBUG - Processing 1350-th line out of 2500 rows of DP table...
2022-01-04 21:21:53,630 - root - DEBUG - Processing 1360-th line out of 2500 rows of DP table...
2022-01-04 21:21:54,023 - root - DEBUG - Processing 1370-th line out of 2500 rows of DP table...
2022-01-04 21:21:54,416 - root - DEBUG - Processing 1380-th line out of 2500 rows of DP table...
2022-01-04 21:21:54,804 - root - DEBUG - Processing 1390-th line out of 2500 rows of DP table...
2022-01-04 21:21:55,190 - root - DEBUG - Processing 1400-th line out of 2500 rows of DP table...
2022-01-04 21:21:55,576 - root - DEBUG - Processing 1410-th line out of 2500 rows of DP table...
2022-01-04 21:21:55,957 - root - DEBUG - Processing 1420-th line out of 2500 rows of DP table...
2022-01-04 21:21:56,335 - root - DEBUG - Processing 1430-th line out of 2500 rows of DP table...
2022-01-04 21:21:56,704 - root - DEBUG - Processing 1440-th line out of 2500 rows of DP table...
2022-01-04 21:21:57,068 - root - DEBUG - Processing 1450-th line out of 2500 rows of DP table...
2022-01-04 21:21:57,436 - root - DEBUG - Processing 1460-th line out of 2500 rows of DP table...
2022-01-04 21:21:57,799 - root - DEBUG - Processing 1470-th line out of 2500 rows of DP table...
2022-01-04 21:21:58,154 - root - DEBUG - Processing 1480-th line out of 2500 rows of DP table...
2022-01-04 21:21:58,511 - root - DEBUG - Processing 1490-th line out of 2500 rows of DP table...
2022-01-04 21:21:58,860 - root - DEBUG - Processing 1500-th line out of 2500 rows of DP table...
2022-01-04 21:21:59,207 - root - DEBUG - Processing 1510-th line out of 2500 rows of DP table...
2022-01-04 21:21:59,555 - root - DEBUG - Processing 1520-th line out of 2500 rows of DP table...
2022-01-04 21:21:59,898 - root - DEBUG - Processing 1530-th line out of 2500 rows of DP table...
2022-01-04 21:22:00,235 - root - DEBUG - Processing 1540-th line out of 2500 rows of DP table...
2022-01-04 21:22:00,572 - root - DEBUG - Processing 1550-th line out of 2500 rows of DP table...
2022-01-04 21:22:00,901 - root - DEBUG - Processing 1560-th line out of 2500 rows of DP table...
2022-01-04 21:22:01,229 - root - DEBUG - Processing 1570-th line out of 2500 rows of DP table...
2022-01-04 21:22:01,556 - root - DEBUG - Processing 1580-th line out of 2500 rows of DP table...
2022-01-04 21:22:01,875 - root - DEBUG - Processing 1590-th line out of 2500 rows of DP table...
2022-01-04 21:22:02,190 - root - DEBUG - Processing 1600-th line out of 2500 rows of DP table...
2022-01-04 21:22:02,506 - root - DEBUG - Processing 1610-th line out of 2500 rows of DP table...
2022-01-04 21:22:02,815 - root - DEBUG - Processing 1620-th line out of 2500 rows of DP table...
2022-01-04 21:22:03,121 - root - DEBUG - Processing 1630-th line out of 2500 rows of DP table...
2022-01-04 21:22:03,427 - root - DEBUG - Processing 1640-th line out of 2500 rows of DP table...
2022-01-04 21:22:03,772 - root - DEBUG - Processing 1650-th line out of 2500 rows of DP table...
2022-01-04 21:22:04,069 - root - DEBUG - Processing 1660-th line out of 2500 rows of DP table...
2022-01-04 21:22:04,361 - root - DEBUG - Processing 1670-th line out of 2500 rows of DP table...
2022-01-04 21:22:04,652 - root - DEBUG - Processing 1680-th line out of 2500 rows of DP table...
2022-01-04 21:22:04,939 - root - DEBUG - Processing 1690-th line out of 2500 rows of DP table...
2022-01-04 21:22:05,223 - root - DEBUG - Processing 1700-th line out of 2500 rows of DP table...
2022-01-04 21:22:05,505 - root - DEBUG - Processing 1710-th line out of 2500 rows of DP table...
2022-01-04 21:22:05,781 - root - DEBUG - Processing 1720-th line out of 2500 rows of DP table...
2022-01-04 21:22:06,054 - root - DEBUG - Processing 1730-th line out of 2500 rows of DP table...
2022-01-04 21:22:06,325 - root - DEBUG - Processing 1740-th line out of 2500 rows of DP table...
2022-01-04 21:22:06,593 - root - DEBUG - Processing 1750-th line out of 2500 rows of DP table...
2022-01-04 21:22:06,856 - root - DEBUG - Processing 1760-th line out of 2500 rows of DP table...
2022-01-04 21:22:07,117 - root - DEBUG - Processing 1770-th line out of 2500 rows of DP table...
2022-01-04 21:22:07,370 - root - DEBUG - Processing 1780-th line out of 2500 rows of DP table...
2022-01-04 21:22:07,628 - root - DEBUG - Processing 1790-th line out of 2500 rows of DP table...
2022-01-04 21:22:07,876 - root - DEBUG - Processing 1800-th line out of 2500 rows of DP table...
2022-01-04 21:22:08,123 - root - DEBUG - Processing 1810-th line out of 2500 rows of DP table...
2022-01-04 21:22:08,367 - root - DEBUG - Processing 1820-th line out of 2500 rows of DP table...
2022-01-04 21:22:08,610 - root - DEBUG - Processing 1830-th line out of 2500 rows of DP table...
2022-01-04 21:22:08,847 - root - DEBUG - Processing 1840-th line out of 2500 rows of DP table...
2022-01-04 21:22:09,079 - root - DEBUG - Processing 1850-th line out of 2500 rows of DP table...
2022-01-04 21:22:09,308 - root - DEBUG - Processing 1860-th line out of 2500 rows of DP table...
2022-01-04 21:22:09,533 - root - DEBUG - Processing 1870-th line out of 2500 rows of DP table...
2022-01-04 21:22:09,760 - root - DEBUG - Processing 1880-th line out of 2500 rows of DP table...
2022-01-04 21:22:09,978 - root - DEBUG - Processing 1890-th line out of 2500 rows of DP table...
2022-01-04 21:22:10,193 - root - DEBUG - Processing 1900-th line out of 2500 rows of DP table...
2022-01-04 21:22:10,408 - root - DEBUG - Processing 1910-th line out of 2500 rows of DP table...
2022-01-04 21:22:10,621 - root - DEBUG - Processing 1920-th line out of 2500 rows of DP table...
2022-01-04 21:22:10,827 - root - DEBUG - Processing 1930-th line out of 2500 rows of DP table...
2022-01-04 21:22:11,030 - root - DEBUG - Processing 1940-th line out of 2500 rows of DP table...
2022-01-04 21:22:11,229 - root - DEBUG - Processing 1950-th line out of 2500 rows of DP table...
2022-01-04 21:22:11,424 - root - DEBUG - Processing 1960-th line out of 2500 rows of DP table...
2022-01-04 21:22:11,620 - root - DEBUG - Processing 1970-th line out of 2500 rows of DP table...
2022-01-04 21:22:11,808 - root - DEBUG - Processing 1980-th line out of 2500 rows of DP table...
2022-01-04 21:22:11,994 - root - DEBUG - Processing 1990-th line out of 2500 rows of DP table...
2022-01-04 21:22:12,177 - root - DEBUG - Processing 2000-th line out of 2500 rows of DP table...
2022-01-04 21:22:12,355 - root - DEBUG - Processing 2010-th line out of 2500 rows of DP table...
2022-01-04 21:22:12,534 - root - DEBUG - Processing 2020-th line out of 2500 rows of DP table...
2022-01-04 21:22:12,712 - root - DEBUG - Processing 2030-th line out of 2500 rows of DP table...
2022-01-04 21:22:12,882 - root - DEBUG - Processing 2040-th line out of 2500 rows of DP table...
2022-01-04 21:22:13,049 - root - DEBUG - Processing 2050-th line out of 2500 rows of DP table...
2022-01-04 21:22:13,213 - root - DEBUG - Processing 2060-th line out of 2500 rows of DP table...
2022-01-04 21:22:13,387 - root - DEBUG - Processing 2070-th line out of 2500 rows of DP table...
2022-01-04 21:22:13,543 - root - DEBUG - Processing 2080-th line out of 2500 rows of DP table...
2022-01-04 21:22:13,698 - root - DEBUG - Processing 2090-th line out of 2500 rows of DP table...
2022-01-04 21:22:13,848 - root - DEBUG - Processing 2100-th line out of 2500 rows of DP table...
2022-01-04 21:22:13,993 - root - DEBUG - Processing 2110-th line out of 2500 rows of DP table...
2022-01-04 21:22:14,135 - root - DEBUG - Processing 2120-th line out of 2500 rows of DP table...
2022-01-04 21:22:14,274 - root - DEBUG - Processing 2130-th line out of 2500 rows of DP table...
2022-01-04 21:22:14,409 - root - DEBUG - Processing 2140-th line out of 2500 rows of DP table...
2022-01-04 21:22:14,542 - root - DEBUG - Processing 2150-th line out of 2500 rows of DP table...
2022-01-04 21:22:14,674 - root - DEBUG - Processing 2160-th line out of 2500 rows of DP table...
2022-01-04 21:22:14,800 - root - DEBUG - Processing 2170-th line out of 2500 rows of DP table...
2022-01-04 21:22:14,921 - root - DEBUG - Processing 2180-th line out of 2500 rows of DP table...
2022-01-04 21:22:15,039 - root - DEBUG - Processing 2190-th line out of 2500 rows of DP table...
2022-01-04 21:22:15,153 - root - DEBUG - Processing 2200-th line out of 2500 rows of DP table...
2022-01-04 21:22:15,265 - root - DEBUG - Processing 2210-th line out of 2500 rows of DP table...
2022-01-04 21:22:15,373 - root - DEBUG - Processing 2220-th line out of 2500 rows of DP table...
2022-01-04 21:22:15,478 - root - DEBUG - Processing 2230-th line out of 2500 rows of DP table...
2022-01-04 21:22:15,581 - root - DEBUG - Processing 2240-th line out of 2500 rows of DP table...
2022-01-04 21:22:15,683 - root - DEBUG - Processing 2250-th line out of 2500 rows of DP table...
2022-01-04 21:22:15,779 - root - DEBUG - Processing 2260-th line out of 2500 rows of DP table...
2022-01-04 21:22:15,872 - root - DEBUG - Processing 2270-th line out of 2500 rows of DP table...
2022-01-04 21:22:15,961 - root - DEBUG - Processing 2280-th line out of 2500 rows of DP table...
2022-01-04 21:22:16,046 - root - DEBUG - Processing 2290-th line out of 2500 rows of DP table...
2022-01-04 21:22:16,129 - root - DEBUG - Processing 2300-th line out of 2500 rows of DP table...
2022-01-04 21:22:16,208 - root - DEBUG - Processing 2310-th line out of 2500 rows of DP table...
2022-01-04 21:22:16,284 - root - DEBUG - Processing 2320-th line out of 2500 rows of DP table...
2022-01-04 21:22:16,356 - root - DEBUG - Processing 2330-th line out of 2500 rows of DP table...
2022-01-04 21:22:16,424 - root - DEBUG - Processing 2340-th line out of 2500 rows of DP table...
2022-01-04 21:22:16,490 - root - DEBUG - Processing 2350-th line out of 2500 rows of DP table...
2022-01-04 21:22:16,552 - root - DEBUG - Processing 2360-th line out of 2500 rows of DP table...
2022-01-04 21:22:16,612 - root - DEBUG - Processing 2370-th line out of 2500 rows of DP table...
2022-01-04 21:22:16,725 - root - DEBUG - Processing 2380-th line out of 2500 rows of DP table...
2022-01-04 21:22:16,819 - root - DEBUG - Processing 2390-th line out of 2500 rows of DP table...
2022-01-04 21:22:16,869 - root - DEBUG - Processing 2400-th line out of 2500 rows of DP table...
2022-01-04 21:22:16,915 - root - DEBUG - Processing 2410-th line out of 2500 rows of DP table...
2022-01-04 21:22:16,957 - root - DEBUG - Processing 2420-th line out of 2500 rows of DP table...
2022-01-04 21:22:16,996 - root - DEBUG - Processing 2430-th line out of 2500 rows of DP table...
2022-01-04 21:22:17,031 - root - DEBUG - Processing 2440-th line out of 2500 rows of DP table...
2022-01-04 21:22:17,062 - root - DEBUG - Processing 2450-th line out of 2500 rows of DP table...
2022-01-04 21:22:17,091 - root - DEBUG - Processing 2460-th line out of 2500 rows of DP table...
2022-01-04 21:22:17,115 - root - DEBUG - Processing 2470-th line out of 2500 rows of DP table...
2022-01-04 21:22:17,137 - root - DEBUG - Processing 2480-th line out of 2500 rows of DP table...
2022-01-04 21:22:17,154 - root - DEBUG - Processing 2490-th line out of 2500 rows of DP table...
2022-01-04 21:22:17,169 - root - DEBUG - Processing 2500-th line out of 2500 rows of DP table...
2022-01-04 21:22:17,183 - root - DEBUG - Started computing joint logprobs...
