2022-01-04 21:06:19,562 - root - INFO - Loading reference interval set from '211227-2-sim/g23_5.ref.tsv'...
2022-01-04 21:06:19,594 - root - INFO - Loading query interval set from '211227-2-sim/g23_5.query.tsv'...
2022-01-04 21:06:19,617 - root - INFO - Loading chromosome sizes from '211227-2-sim/g23_sizes.tsv'...
2022-01-04 21:06:19,621 - root - INFO - Number of reference intervals: 2500 (2500 before merging)
2022-01-04 21:06:19,636 - root - INFO - Number of query intervals: 500 (500 before merging)
2022-01-04 21:06:19,637 - root - INFO - Number of chromosomes: 1
2022-01-04 21:06:19,645 - root - INFO - Overlap count: 222
2022-01-04 21:06:19,646 - root - DEBUG - Started computing sf for chromosome 'chr1'...
2022-01-04 21:06:19,648 - root - DEBUG - m=2500, n=500
2022-01-04 21:06:20,585 - root - DEBUG - Processing 10-th line out of 2500 rows of DP table...
2022-01-04 21:06:21,456 - root - DEBUG - Processing 20-th line out of 2500 rows of DP table...
2022-01-04 21:06:22,329 - root - DEBUG - Processing 30-th line out of 2500 rows of DP table...
2022-01-04 21:06:23,173 - root - DEBUG - Processing 40-th line out of 2500 rows of DP table...
2022-01-04 21:06:24,027 - root - DEBUG - Processing 50-th line out of 2500 rows of DP table...
2022-01-04 21:06:24,886 - root - DEBUG - Processing 60-th line out of 2500 rows of DP table...
2022-01-04 21:06:25,736 - root - DEBUG - Processing 70-th line out of 2500 rows of DP table...
2022-01-04 21:06:26,587 - root - DEBUG - Processing 80-th line out of 2500 rows of DP table...
2022-01-04 21:06:27,434 - root - DEBUG - Processing 90-th line out of 2500 rows of DP table...
2022-01-04 21:06:28,254 - root - DEBUG - Processing 100-th line out of 2500 rows of DP table...
2022-01-04 21:06:29,093 - root - DEBUG - Processing 110-th line out of 2500 rows of DP table...
2022-01-04 21:06:29,926 - root - DEBUG - Processing 120-th line out of 2500 rows of DP table...
2022-01-04 21:06:30,760 - root - DEBUG - Processing 130-th line out of 2500 rows of DP table...
2022-01-04 21:06:31,585 - root - DEBUG - Processing 140-th line out of 2500 rows of DP table...
2022-01-04 21:06:32,391 - root - DEBUG - Processing 150-th line out of 2500 rows of DP table...
2022-01-04 21:06:33,219 - root - DEBUG - Processing 160-th line out of 2500 rows of DP table...
2022-01-04 21:06:34,037 - root - DEBUG - Processing 170-th line out of 2500 rows of DP table...
2022-01-04 21:06:34,850 - root - DEBUG - Processing 180-th line out of 2500 rows of DP table...
2022-01-04 21:06:35,641 - root - DEBUG - Processing 190-th line out of 2500 rows of DP table...
2022-01-04 21:06:36,449 - root - DEBUG - Processing 200-th line out of 2500 rows of DP table...
2022-01-04 21:06:37,259 - root - DEBUG - Processing 210-th line out of 2500 rows of DP table...
2022-01-04 21:06:38,060 - root - DEBUG - Processing 220-th line out of 2500 rows of DP table...
2022-01-04 21:06:38,834 - root - DEBUG - Processing 230-th line out of 2500 rows of DP table...
2022-01-04 21:06:39,634 - root - DEBUG - Processing 240-th line out of 2500 rows of DP table...
2022-01-04 21:06:40,424 - root - DEBUG - Processing 250-th line out of 2500 rows of DP table...
2022-01-04 21:06:41,225 - root - DEBUG - Processing 260-th line out of 2500 rows of DP table...
2022-01-04 21:06:42,687 - root - DEBUG - Processing 270-th line out of 2500 rows of DP table...
2022-01-04 21:06:43,924 - root - DEBUG - Processing 280-th line out of 2500 rows of DP table...
2022-01-04 21:06:44,674 - root - DEBUG - Processing 290-th line out of 2500 rows of DP table...
2022-01-04 21:06:45,423 - root - DEBUG - Processing 300-th line out of 2500 rows of DP table...
2022-01-04 21:06:46,173 - root - DEBUG - Processing 310-th line out of 2500 rows of DP table...
2022-01-04 21:06:46,955 - root - DEBUG - Processing 320-th line out of 2500 rows of DP table...
2022-01-04 21:06:47,870 - root - DEBUG - Processing 330-th line out of 2500 rows of DP table...
2022-01-04 21:06:48,628 - root - DEBUG - Processing 340-th line out of 2500 rows of DP table...
2022-01-04 21:06:49,393 - root - DEBUG - Processing 350-th line out of 2500 rows of DP table...
2022-01-04 21:06:50,135 - root - DEBUG - Processing 360-th line out of 2500 rows of DP table...
2022-01-04 21:06:50,867 - root - DEBUG - Processing 370-th line out of 2500 rows of DP table...
2022-01-04 21:06:51,590 - root - DEBUG - Processing 380-th line out of 2500 rows of DP table...
2022-01-04 21:06:52,314 - root - DEBUG - Processing 390-th line out of 2500 rows of DP table...
2022-01-04 21:06:53,030 - root - DEBUG - Processing 400-th line out of 2500 rows of DP table...
2022-01-04 21:06:53,941 - root - DEBUG - Processing 410-th line out of 2500 rows of DP table...
2022-01-04 21:06:54,654 - root - DEBUG - Processing 420-th line out of 2500 rows of DP table...
2022-01-04 21:06:55,363 - root - DEBUG - Processing 430-th line out of 2500 rows of DP table...
2022-01-04 21:06:56,084 - root - DEBUG - Processing 440-th line out of 2500 rows of DP table...
2022-01-04 21:06:56,797 - root - DEBUG - Processing 450-th line out of 2500 rows of DP table...
2022-01-04 21:06:57,507 - root - DEBUG - Processing 460-th line out of 2500 rows of DP table...
2022-01-04 21:06:58,209 - root - DEBUG - Processing 470-th line out of 2500 rows of DP table...
2022-01-04 21:06:58,906 - root - DEBUG - Processing 480-th line out of 2500 rows of DP table...
2022-01-04 21:06:59,601 - root - DEBUG - Processing 490-th line out of 2500 rows of DP table...
2022-01-04 21:07:00,294 - root - DEBUG - Processing 500-th line out of 2500 rows of DP table...
2022-01-04 21:07:00,983 - root - DEBUG - Processing 510-th line out of 2500 rows of DP table...
2022-01-04 21:07:01,667 - root - DEBUG - Processing 520-th line out of 2500 rows of DP table...
2022-01-04 21:07:02,347 - root - DEBUG - Processing 530-th line out of 2500 rows of DP table...
2022-01-04 21:07:03,029 - root - DEBUG - Processing 540-th line out of 2500 rows of DP table...
2022-01-04 21:07:03,714 - root - DEBUG - Processing 550-th line out of 2500 rows of DP table...
2022-01-04 21:07:04,385 - root - DEBUG - Processing 560-th line out of 2500 rows of DP table...
2022-01-04 21:07:05,047 - root - DEBUG - Processing 570-th line out of 2500 rows of DP table...
2022-01-04 21:07:05,727 - root - DEBUG - Processing 580-th line out of 2500 rows of DP table...
2022-01-04 21:07:06,411 - root - DEBUG - Processing 590-th line out of 2500 rows of DP table...
2022-01-04 21:07:07,068 - root - DEBUG - Processing 600-th line out of 2500 rows of DP table...
2022-01-04 21:07:07,720 - root - DEBUG - Processing 610-th line out of 2500 rows of DP table...
2022-01-04 21:07:08,368 - root - DEBUG - Processing 620-th line out of 2500 rows of DP table...
2022-01-04 21:07:09,014 - root - DEBUG - Processing 630-th line out of 2500 rows of DP table...
2022-01-04 21:07:09,659 - root - DEBUG - Processing 640-th line out of 2500 rows of DP table...
2022-01-04 21:07:10,299 - root - DEBUG - Processing 650-th line out of 2500 rows of DP table...
2022-01-04 21:07:10,934 - root - DEBUG - Processing 660-th line out of 2500 rows of DP table...
2022-01-04 21:07:11,562 - root - DEBUG - Processing 670-th line out of 2500 rows of DP table...
2022-01-04 21:07:12,190 - root - DEBUG - Processing 680-th line out of 2500 rows of DP table...
2022-01-04 21:07:12,814 - root - DEBUG - Processing 690-th line out of 2500 rows of DP table...
2022-01-04 21:07:13,435 - root - DEBUG - Processing 700-th line out of 2500 rows of DP table...
2022-01-04 21:07:14,050 - root - DEBUG - Processing 710-th line out of 2500 rows of DP table...
2022-01-04 21:07:14,662 - root - DEBUG - Processing 720-th line out of 2500 rows of DP table...
2022-01-04 21:07:15,285 - root - DEBUG - Processing 730-th line out of 2500 rows of DP table...
2022-01-04 21:07:15,894 - root - DEBUG - Processing 740-th line out of 2500 rows of DP table...
2022-01-04 21:07:16,498 - root - DEBUG - Processing 750-th line out of 2500 rows of DP table...
2022-01-04 21:07:17,104 - root - DEBUG - Processing 760-th line out of 2500 rows of DP table...
2022-01-04 21:07:17,704 - root - DEBUG - Processing 770-th line out of 2500 rows of DP table...
2022-01-04 21:07:18,303 - root - DEBUG - Processing 780-th line out of 2500 rows of DP table...
2022-01-04 21:07:18,896 - root - DEBUG - Processing 790-th line out of 2500 rows of DP table...
2022-01-04 21:07:19,488 - root - DEBUG - Processing 800-th line out of 2500 rows of DP table...
2022-01-04 21:07:20,072 - root - DEBUG - Processing 810-th line out of 2500 rows of DP table...
2022-01-04 21:07:20,652 - root - DEBUG - Processing 820-th line out of 2500 rows of DP table...
2022-01-04 21:07:21,231 - root - DEBUG - Processing 830-th line out of 2500 rows of DP table...
2022-01-04 21:07:21,806 - root - DEBUG - Processing 840-th line out of 2500 rows of DP table...
2022-01-04 21:07:22,379 - root - DEBUG - Processing 850-th line out of 2500 rows of DP table...
2022-01-04 21:07:22,953 - root - DEBUG - Processing 860-th line out of 2500 rows of DP table...
2022-01-04 21:07:23,520 - root - DEBUG - Processing 870-th line out of 2500 rows of DP table...
2022-01-04 21:07:24,083 - root - DEBUG - Processing 880-th line out of 2500 rows of DP table...
2022-01-04 21:07:24,640 - root - DEBUG - Processing 890-th line out of 2500 rows of DP table...
2022-01-04 21:07:25,195 - root - DEBUG - Processing 900-th line out of 2500 rows of DP table...
2022-01-04 21:07:25,752 - root - DEBUG - Processing 910-th line out of 2500 rows of DP table...
2022-01-04 21:07:26,301 - root - DEBUG - Processing 920-th line out of 2500 rows of DP table...
2022-01-04 21:07:26,846 - root - DEBUG - Processing 930-th line out of 2500 rows of DP table...
2022-01-04 21:07:27,392 - root - DEBUG - Processing 940-th line out of 2500 rows of DP table...
2022-01-04 21:07:27,932 - root - DEBUG - Processing 950-th line out of 2500 rows of DP table...
2022-01-04 21:07:28,472 - root - DEBUG - Processing 960-th line out of 2500 rows of DP table...
2022-01-04 21:07:29,007 - root - DEBUG - Processing 970-th line out of 2500 rows of DP table...
2022-01-04 21:07:29,536 - root - DEBUG - Processing 980-th line out of 2500 rows of DP table...
2022-01-04 21:07:30,062 - root - DEBUG - Processing 990-th line out of 2500 rows of DP table...
2022-01-04 21:07:30,584 - root - DEBUG - Processing 1000-th line out of 2500 rows of DP table...
2022-01-04 21:07:31,104 - root - DEBUG - Processing 1010-th line out of 2500 rows of DP table...
2022-01-04 21:07:31,624 - root - DEBUG - Processing 1020-th line out of 2500 rows of DP table...
2022-01-04 21:07:32,138 - root - DEBUG - Processing 1030-th line out of 2500 rows of DP table...
2022-01-04 21:07:32,649 - root - DEBUG - Processing 1040-th line out of 2500 rows of DP table...
2022-01-04 21:07:33,156 - root - DEBUG - Processing 1050-th line out of 2500 rows of DP table...
2022-01-04 21:07:33,659 - root - DEBUG - Processing 1060-th line out of 2500 rows of DP table...
2022-01-04 21:07:34,155 - root - DEBUG - Processing 1070-th line out of 2500 rows of DP table...
2022-01-04 21:07:34,649 - root - DEBUG - Processing 1080-th line out of 2500 rows of DP table...
2022-01-04 21:07:35,142 - root - DEBUG - Processing 1090-th line out of 2500 rows of DP table...
2022-01-04 21:07:35,639 - root - DEBUG - Processing 1100-th line out of 2500 rows of DP table...
2022-01-04 21:07:36,123 - root - DEBUG - Processing 1110-th line out of 2500 rows of DP table...
2022-01-04 21:07:36,604 - root - DEBUG - Processing 1120-th line out of 2500 rows of DP table...
2022-01-04 21:07:37,080 - root - DEBUG - Processing 1130-th line out of 2500 rows of DP table...
2022-01-04 21:07:37,555 - root - DEBUG - Processing 1140-th line out of 2500 rows of DP table...
2022-01-04 21:07:38,025 - root - DEBUG - Processing 1150-th line out of 2500 rows of DP table...
2022-01-04 21:07:38,494 - root - DEBUG - Processing 1160-th line out of 2500 rows of DP table...
2022-01-04 21:07:38,960 - root - DEBUG - Processing 1170-th line out of 2500 rows of DP table...
2022-01-04 21:07:39,421 - root - DEBUG - Processing 1180-th line out of 2500 rows of DP table...
2022-01-04 21:07:39,881 - root - DEBUG - Processing 1190-th line out of 2500 rows of DP table...
2022-01-04 21:07:40,337 - root - DEBUG - Processing 1200-th line out of 2500 rows of DP table...
2022-01-04 21:07:40,788 - root - DEBUG - Processing 1210-th line out of 2500 rows of DP table...
2022-01-04 21:07:41,240 - root - DEBUG - Processing 1220-th line out of 2500 rows of DP table...
2022-01-04 21:07:41,686 - root - DEBUG - Processing 1230-th line out of 2500 rows of DP table...
2022-01-04 21:07:42,126 - root - DEBUG - Processing 1240-th line out of 2500 rows of DP table...
2022-01-04 21:07:42,567 - root - DEBUG - Processing 1250-th line out of 2500 rows of DP table...
2022-01-04 21:07:43,008 - root - DEBUG - Processing 1260-th line out of 2500 rows of DP table...
2022-01-04 21:07:43,440 - root - DEBUG - Processing 1270-th line out of 2500 rows of DP table...
2022-01-04 21:07:43,869 - root - DEBUG - Processing 1280-th line out of 2500 rows of DP table...
2022-01-04 21:07:44,294 - root - DEBUG - Processing 1290-th line out of 2500 rows of DP table...
2022-01-04 21:07:44,714 - root - DEBUG - Processing 1300-th line out of 2500 rows of DP table...
2022-01-04 21:07:45,136 - root - DEBUG - Processing 1310-th line out of 2500 rows of DP table...
2022-01-04 21:07:45,550 - root - DEBUG - Processing 1320-th line out of 2500 rows of DP table...
2022-01-04 21:07:45,961 - root - DEBUG - Processing 1330-th line out of 2500 rows of DP table...
2022-01-04 21:07:46,386 - root - DEBUG - Processing 1340-th line out of 2500 rows of DP table...
2022-01-04 21:07:46,793 - root - DEBUG - Processing 1350-th line out of 2500 rows of DP table...
2022-01-04 21:07:47,194 - root - DEBUG - Processing 1360-th line out of 2500 rows of DP table...
2022-01-04 21:07:47,591 - root - DEBUG - Processing 1370-th line out of 2500 rows of DP table...
2022-01-04 21:07:47,986 - root - DEBUG - Processing 1380-th line out of 2500 rows of DP table...
2022-01-04 21:07:48,377 - root - DEBUG - Processing 1390-th line out of 2500 rows of DP table...
2022-01-04 21:07:48,762 - root - DEBUG - Processing 1400-th line out of 2500 rows of DP table...
2022-01-04 21:07:49,146 - root - DEBUG - Processing 1410-th line out of 2500 rows of DP table...
2022-01-04 21:07:49,528 - root - DEBUG - Processing 1420-th line out of 2500 rows of DP table...
2022-01-04 21:07:49,905 - root - DEBUG - Processing 1430-th line out of 2500 rows of DP table...
2022-01-04 21:07:50,279 - root - DEBUG - Processing 1440-th line out of 2500 rows of DP table...
2022-01-04 21:07:50,650 - root - DEBUG - Processing 1450-th line out of 2500 rows of DP table...
2022-01-04 21:07:51,016 - root - DEBUG - Processing 1460-th line out of 2500 rows of DP table...
2022-01-04 21:07:51,381 - root - DEBUG - Processing 1470-th line out of 2500 rows of DP table...
2022-01-04 21:07:51,740 - root - DEBUG - Processing 1480-th line out of 2500 rows of DP table...
2022-01-04 21:07:52,097 - root - DEBUG - Processing 1490-th line out of 2500 rows of DP table...
2022-01-04 21:07:52,451 - root - DEBUG - Processing 1500-th line out of 2500 rows of DP table...
2022-01-04 21:07:52,802 - root - DEBUG - Processing 1510-th line out of 2500 rows of DP table...
2022-01-04 21:07:53,148 - root - DEBUG - Processing 1520-th line out of 2500 rows of DP table...
2022-01-04 21:07:53,491 - root - DEBUG - Processing 1530-th line out of 2500 rows of DP table...
2022-01-04 21:07:53,831 - root - DEBUG - Processing 1540-th line out of 2500 rows of DP table...
2022-01-04 21:07:54,168 - root - DEBUG - Processing 1550-th line out of 2500 rows of DP table...
2022-01-04 21:07:54,503 - root - DEBUG - Processing 1560-th line out of 2500 rows of DP table...
2022-01-04 21:07:54,833 - root - DEBUG - Processing 1570-th line out of 2500 rows of DP table...
2022-01-04 21:07:55,162 - root - DEBUG - Processing 1580-th line out of 2500 rows of DP table...
2022-01-04 21:07:55,486 - root - DEBUG - Processing 1590-th line out of 2500 rows of DP table...
2022-01-04 21:07:55,806 - root - DEBUG - Processing 1600-th line out of 2500 rows of DP table...
2022-01-04 21:07:56,121 - root - DEBUG - Processing 1610-th line out of 2500 rows of DP table...
2022-01-04 21:07:56,435 - root - DEBUG - Processing 1620-th line out of 2500 rows of DP table...
2022-01-04 21:07:56,744 - root - DEBUG - Processing 1630-th line out of 2500 rows of DP table...
2022-01-04 21:07:57,049 - root - DEBUG - Processing 1640-th line out of 2500 rows of DP table...
2022-01-04 21:07:57,354 - root - DEBUG - Processing 1650-th line out of 2500 rows of DP table...
2022-01-04 21:07:57,658 - root - DEBUG - Processing 1660-th line out of 2500 rows of DP table...
2022-01-04 21:07:57,954 - root - DEBUG - Processing 1670-th line out of 2500 rows of DP table...
2022-01-04 21:07:58,247 - root - DEBUG - Processing 1680-th line out of 2500 rows of DP table...
2022-01-04 21:07:58,536 - root - DEBUG - Processing 1690-th line out of 2500 rows of DP table...
2022-01-04 21:07:58,820 - root - DEBUG - Processing 1700-th line out of 2500 rows of DP table...
2022-01-04 21:07:59,100 - root - DEBUG - Processing 1710-th line out of 2500 rows of DP table...
2022-01-04 21:07:59,380 - root - DEBUG - Processing 1720-th line out of 2500 rows of DP table...
2022-01-04 21:07:59,654 - root - DEBUG - Processing 1730-th line out of 2500 rows of DP table...
2022-01-04 21:07:59,925 - root - DEBUG - Processing 1740-th line out of 2500 rows of DP table...
2022-01-04 21:08:00,193 - root - DEBUG - Processing 1750-th line out of 2500 rows of DP table...
2022-01-04 21:08:00,458 - root - DEBUG - Processing 1760-th line out of 2500 rows of DP table...
2022-01-04 21:08:00,720 - root - DEBUG - Processing 1770-th line out of 2500 rows of DP table...
2022-01-04 21:08:00,976 - root - DEBUG - Processing 1780-th line out of 2500 rows of DP table...
2022-01-04 21:08:01,231 - root - DEBUG - Processing 1790-th line out of 2500 rows of DP table...
2022-01-04 21:08:01,482 - root - DEBUG - Processing 1800-th line out of 2500 rows of DP table...
2022-01-04 21:08:01,730 - root - DEBUG - Processing 1810-th line out of 2500 rows of DP table...
2022-01-04 21:08:01,976 - root - DEBUG - Processing 1820-th line out of 2500 rows of DP table...
2022-01-04 21:08:02,219 - root - DEBUG - Processing 1830-th line out of 2500 rows of DP table...
2022-01-04 21:08:02,458 - root - DEBUG - Processing 1840-th line out of 2500 rows of DP table...
2022-01-04 21:08:02,692 - root - DEBUG - Processing 1850-th line out of 2500 rows of DP table...
2022-01-04 21:08:02,924 - root - DEBUG - Processing 1860-th line out of 2500 rows of DP table...
2022-01-04 21:08:03,151 - root - DEBUG - Processing 1870-th line out of 2500 rows of DP table...
2022-01-04 21:08:03,376 - root - DEBUG - Processing 1880-th line out of 2500 rows of DP table...
2022-01-04 21:08:03,598 - root - DEBUG - Processing 1890-th line out of 2500 rows of DP table...
2022-01-04 21:08:03,816 - root - DEBUG - Processing 1900-th line out of 2500 rows of DP table...
2022-01-04 21:08:04,031 - root - DEBUG - Processing 1910-th line out of 2500 rows of DP table...
2022-01-04 21:08:04,242 - root - DEBUG - Processing 1920-th line out of 2500 rows of DP table...
2022-01-04 21:08:04,450 - root - DEBUG - Processing 1930-th line out of 2500 rows of DP table...
2022-01-04 21:08:04,655 - root - DEBUG - Processing 1940-th line out of 2500 rows of DP table...
2022-01-04 21:08:04,856 - root - DEBUG - Processing 1950-th line out of 2500 rows of DP table...
2022-01-04 21:08:05,055 - root - DEBUG - Processing 1960-th line out of 2500 rows of DP table...
2022-01-04 21:08:05,249 - root - DEBUG - Processing 1970-th line out of 2500 rows of DP table...
2022-01-04 21:08:05,441 - root - DEBUG - Processing 1980-th line out of 2500 rows of DP table...
2022-01-04 21:08:05,630 - root - DEBUG - Processing 1990-th line out of 2500 rows of DP table...
2022-01-04 21:08:05,815 - root - DEBUG - Processing 2000-th line out of 2500 rows of DP table...
2022-01-04 21:08:05,997 - root - DEBUG - Processing 2010-th line out of 2500 rows of DP table...
2022-01-04 21:08:06,175 - root - DEBUG - Processing 2020-th line out of 2500 rows of DP table...
2022-01-04 21:08:06,350 - root - DEBUG - Processing 2030-th line out of 2500 rows of DP table...
2022-01-04 21:08:06,521 - root - DEBUG - Processing 2040-th line out of 2500 rows of DP table...
2022-01-04 21:08:06,690 - root - DEBUG - Processing 2050-th line out of 2500 rows of DP table...
2022-01-04 21:08:06,854 - root - DEBUG - Processing 2060-th line out of 2500 rows of DP table...
2022-01-04 21:08:07,015 - root - DEBUG - Processing 2070-th line out of 2500 rows of DP table...
2022-01-04 21:08:07,170 - root - DEBUG - Processing 2080-th line out of 2500 rows of DP table...
2022-01-04 21:08:07,331 - root - DEBUG - Processing 2090-th line out of 2500 rows of DP table...
2022-01-04 21:08:07,482 - root - DEBUG - Processing 2100-th line out of 2500 rows of DP table...
2022-01-04 21:08:07,629 - root - DEBUG - Processing 2110-th line out of 2500 rows of DP table...
2022-01-04 21:08:07,772 - root - DEBUG - Processing 2120-th line out of 2500 rows of DP table...
2022-01-04 21:08:07,913 - root - DEBUG - Processing 2130-th line out of 2500 rows of DP table...
2022-01-04 21:08:08,051 - root - DEBUG - Processing 2140-th line out of 2500 rows of DP table...
2022-01-04 21:08:08,186 - root - DEBUG - Processing 2150-th line out of 2500 rows of DP table...
2022-01-04 21:08:08,317 - root - DEBUG - Processing 2160-th line out of 2500 rows of DP table...
2022-01-04 21:08:08,444 - root - DEBUG - Processing 2170-th line out of 2500 rows of DP table...
2022-01-04 21:08:08,567 - root - DEBUG - Processing 2180-th line out of 2500 rows of DP table...
2022-01-04 21:08:08,687 - root - DEBUG - Processing 2190-th line out of 2500 rows of DP table...
2022-01-04 21:08:08,804 - root - DEBUG - Processing 2200-th line out of 2500 rows of DP table...
2022-01-04 21:08:08,916 - root - DEBUG - Processing 2210-th line out of 2500 rows of DP table...
2022-01-04 21:08:09,026 - root - DEBUG - Processing 2220-th line out of 2500 rows of DP table...
2022-01-04 21:08:09,132 - root - DEBUG - Processing 2230-th line out of 2500 rows of DP table...
2022-01-04 21:08:09,235 - root - DEBUG - Processing 2240-th line out of 2500 rows of DP table...
2022-01-04 21:08:09,335 - root - DEBUG - Processing 2250-th line out of 2500 rows of DP table...
2022-01-04 21:08:09,431 - root - DEBUG - Processing 2260-th line out of 2500 rows of DP table...
2022-01-04 21:08:09,523 - root - DEBUG - Processing 2270-th line out of 2500 rows of DP table...
2022-01-04 21:08:09,612 - root - DEBUG - Processing 2280-th line out of 2500 rows of DP table...
2022-01-04 21:08:09,697 - root - DEBUG - Processing 2290-th line out of 2500 rows of DP table...
2022-01-04 21:08:09,780 - root - DEBUG - Processing 2300-th line out of 2500 rows of DP table...
2022-01-04 21:08:09,860 - root - DEBUG - Processing 2310-th line out of 2500 rows of DP table...
2022-01-04 21:08:09,936 - root - DEBUG - Processing 2320-th line out of 2500 rows of DP table...
2022-01-04 21:08:10,008 - root - DEBUG - Processing 2330-th line out of 2500 rows of DP table...
2022-01-04 21:08:10,078 - root - DEBUG - Processing 2340-th line out of 2500 rows of DP table...
2022-01-04 21:08:10,144 - root - DEBUG - Processing 2350-th line out of 2500 rows of DP table...
2022-01-04 21:08:10,206 - root - DEBUG - Processing 2360-th line out of 2500 rows of DP table...
2022-01-04 21:08:10,265 - root - DEBUG - Processing 2370-th line out of 2500 rows of DP table...
2022-01-04 21:08:10,320 - root - DEBUG - Processing 2380-th line out of 2500 rows of DP table...
2022-01-04 21:08:10,371 - root - DEBUG - Processing 2390-th line out of 2500 rows of DP table...
2022-01-04 21:08:10,420 - root - DEBUG - Processing 2400-th line out of 2500 rows of DP table...
2022-01-04 21:08:10,465 - root - DEBUG - Processing 2410-th line out of 2500 rows of DP table...
2022-01-04 21:08:10,507 - root - DEBUG - Processing 2420-th line out of 2500 rows of DP table...
2022-01-04 21:08:10,545 - root - DEBUG - Processing 2430-th line out of 2500 rows of DP table...
2022-01-04 21:08:10,580 - root - DEBUG - Processing 2440-th line out of 2500 rows of DP table...
2022-01-04 21:08:10,611 - root - DEBUG - Processing 2450-th line out of 2500 rows of DP table...
2022-01-04 21:08:10,639 - root - DEBUG - Processing 2460-th line out of 2500 rows of DP table...
2022-01-04 21:08:10,664 - root - DEBUG - Processing 2470-th line out of 2500 rows of DP table...
2022-01-04 21:08:10,685 - root - DEBUG - Processing 2480-th line out of 2500 rows of DP table...
2022-01-04 21:08:10,703 - root - DEBUG - Processing 2490-th line out of 2500 rows of DP table...
2022-01-04 21:08:10,718 - root - DEBUG - Processing 2500-th line out of 2500 rows of DP table...
2022-01-04 21:08:10,732 - root - DEBUG - Started computing joint logprobs...
