2022-01-05 04:35:20,331 - root - INFO - Loading reference interval set from '211227-2-sim/g23_8.ref.tsv'...
2022-01-05 04:35:20,338 - root - INFO - Loading query interval set from '211227-2-sim/g23_8.query.tsv'...
2022-01-05 04:35:20,409 - root - INFO - Loading chromosome sizes from '211227-2-sim/g23_sizes.tsv'...
2022-01-05 04:35:20,414 - root - INFO - Number of reference intervals: 2500 (2500 before merging)
2022-01-05 04:35:20,416 - root - INFO - Number of query intervals: 500 (500 before merging)
2022-01-05 04:35:20,417 - root - INFO - Number of chromosomes: 1
2022-01-05 04:35:20,426 - root - INFO - Overlap count: 256
2022-01-05 04:35:20,428 - root - DEBUG - Started computing sf for chromosome 'chr1'...
2022-01-05 04:35:20,430 - root - DEBUG - m=2500, n=500
2022-01-05 04:35:21,247 - root - DEBUG - Processing 10-th line out of 2500 rows of DP table...
2022-01-05 04:35:22,105 - root - DEBUG - Processing 20-th line out of 2500 rows of DP table...
2022-01-05 04:35:22,966 - root - DEBUG - Processing 30-th line out of 2500 rows of DP table...
2022-01-05 04:35:23,820 - root - DEBUG - Processing 40-th line out of 2500 rows of DP table...
2022-01-05 04:35:24,677 - root - DEBUG - Processing 50-th line out of 2500 rows of DP table...
2022-01-05 04:35:25,525 - root - DEBUG - Processing 60-th line out of 2500 rows of DP table...
2022-01-05 04:35:26,371 - root - DEBUG - Processing 70-th line out of 2500 rows of DP table...
2022-01-05 04:35:27,220 - root - DEBUG - Processing 80-th line out of 2500 rows of DP table...
2022-01-05 04:35:28,058 - root - DEBUG - Processing 90-th line out of 2500 rows of DP table...
2022-01-05 04:35:28,908 - root - DEBUG - Processing 100-th line out of 2500 rows of DP table...
2022-01-05 04:35:29,738 - root - DEBUG - Processing 110-th line out of 2500 rows of DP table...
2022-01-05 04:35:30,568 - root - DEBUG - Processing 120-th line out of 2500 rows of DP table...
2022-01-05 04:35:31,396 - root - DEBUG - Processing 130-th line out of 2500 rows of DP table...
2022-01-05 04:35:32,213 - root - DEBUG - Processing 140-th line out of 2500 rows of DP table...
2022-01-05 04:35:33,033 - root - DEBUG - Processing 150-th line out of 2500 rows of DP table...
2022-01-05 04:35:33,845 - root - DEBUG - Processing 160-th line out of 2500 rows of DP table...
2022-01-05 04:35:34,657 - root - DEBUG - Processing 170-th line out of 2500 rows of DP table...
2022-01-05 04:35:35,468 - root - DEBUG - Processing 180-th line out of 2500 rows of DP table...
2022-01-05 04:35:36,288 - root - DEBUG - Processing 190-th line out of 2500 rows of DP table...
2022-01-05 04:35:37,091 - root - DEBUG - Processing 200-th line out of 2500 rows of DP table...
2022-01-05 04:35:37,887 - root - DEBUG - Processing 210-th line out of 2500 rows of DP table...
2022-01-05 04:35:38,679 - root - DEBUG - Processing 220-th line out of 2500 rows of DP table...
2022-01-05 04:35:39,472 - root - DEBUG - Processing 230-th line out of 2500 rows of DP table...
2022-01-05 04:35:40,257 - root - DEBUG - Processing 240-th line out of 2500 rows of DP table...
2022-01-05 04:35:41,041 - root - DEBUG - Processing 250-th line out of 2500 rows of DP table...
2022-01-05 04:35:41,827 - root - DEBUG - Processing 260-th line out of 2500 rows of DP table...
2022-01-05 04:35:42,604 - root - DEBUG - Processing 270-th line out of 2500 rows of DP table...
2022-01-05 04:35:43,379 - root - DEBUG - Processing 280-th line out of 2500 rows of DP table...
2022-01-05 04:35:44,151 - root - DEBUG - Processing 290-th line out of 2500 rows of DP table...
2022-01-05 04:35:44,934 - root - DEBUG - Processing 300-th line out of 2500 rows of DP table...
2022-01-05 04:35:45,700 - root - DEBUG - Processing 310-th line out of 2500 rows of DP table...
2022-01-05 04:35:46,459 - root - DEBUG - Processing 320-th line out of 2500 rows of DP table...
2022-01-05 04:35:47,213 - root - DEBUG - Processing 330-th line out of 2500 rows of DP table...
2022-01-05 04:35:47,967 - root - DEBUG - Processing 340-th line out of 2500 rows of DP table...
2022-01-05 04:35:48,713 - root - DEBUG - Processing 350-th line out of 2500 rows of DP table...
2022-01-05 04:35:49,459 - root - DEBUG - Processing 360-th line out of 2500 rows of DP table...
2022-01-05 04:35:50,212 - root - DEBUG - Processing 370-th line out of 2500 rows of DP table...
2022-01-05 04:35:50,950 - root - DEBUG - Processing 380-th line out of 2500 rows of DP table...
2022-01-05 04:35:51,688 - root - DEBUG - Processing 390-th line out of 2500 rows of DP table...
2022-01-05 04:35:52,418 - root - DEBUG - Processing 400-th line out of 2500 rows of DP table...
2022-01-05 04:35:53,144 - root - DEBUG - Processing 410-th line out of 2500 rows of DP table...
2022-01-05 04:35:53,874 - root - DEBUG - Processing 420-th line out of 2500 rows of DP table...
2022-01-05 04:35:54,593 - root - DEBUG - Processing 430-th line out of 2500 rows of DP table...
2022-01-05 04:35:55,308 - root - DEBUG - Processing 440-th line out of 2500 rows of DP table...
2022-01-05 04:35:56,025 - root - DEBUG - Processing 450-th line out of 2500 rows of DP table...
2022-01-05 04:35:56,733 - root - DEBUG - Processing 460-th line out of 2500 rows of DP table...
2022-01-05 04:35:57,448 - root - DEBUG - Processing 470-th line out of 2500 rows of DP table...
2022-01-05 04:35:58,154 - root - DEBUG - Processing 480-th line out of 2500 rows of DP table...
2022-01-05 04:35:58,854 - root - DEBUG - Processing 490-th line out of 2500 rows of DP table...
2022-01-05 04:35:59,553 - root - DEBUG - Processing 500-th line out of 2500 rows of DP table...
2022-01-05 04:36:00,245 - root - DEBUG - Processing 510-th line out of 2500 rows of DP table...
2022-01-05 04:36:00,937 - root - DEBUG - Processing 520-th line out of 2500 rows of DP table...
2022-01-05 04:36:01,628 - root - DEBUG - Processing 530-th line out of 2500 rows of DP table...
2022-01-05 04:36:02,313 - root - DEBUG - Processing 540-th line out of 2500 rows of DP table...
2022-01-05 04:36:02,993 - root - DEBUG - Processing 550-th line out of 2500 rows of DP table...
2022-01-05 04:36:03,674 - root - DEBUG - Processing 560-th line out of 2500 rows of DP table...
2022-01-05 04:36:04,348 - root - DEBUG - Processing 570-th line out of 2500 rows of DP table...
2022-01-05 04:36:05,022 - root - DEBUG - Processing 580-th line out of 2500 rows of DP table...
2022-01-05 04:36:05,693 - root - DEBUG - Processing 590-th line out of 2500 rows of DP table...
2022-01-05 04:36:06,360 - root - DEBUG - Processing 600-th line out of 2500 rows of DP table...
2022-01-05 04:36:07,017 - root - DEBUG - Processing 610-th line out of 2500 rows of DP table...
2022-01-05 04:36:07,680 - root - DEBUG - Processing 620-th line out of 2500 rows of DP table...
2022-01-05 04:36:08,336 - root - DEBUG - Processing 630-th line out of 2500 rows of DP table...
2022-01-05 04:36:08,984 - root - DEBUG - Processing 640-th line out of 2500 rows of DP table...
2022-01-05 04:36:09,632 - root - DEBUG - Processing 650-th line out of 2500 rows of DP table...
2022-01-05 04:36:10,279 - root - DEBUG - Processing 660-th line out of 2500 rows of DP table...
2022-01-05 04:36:10,917 - root - DEBUG - Processing 670-th line out of 2500 rows of DP table...
2022-01-05 04:36:11,556 - root - DEBUG - Processing 680-th line out of 2500 rows of DP table...
2022-01-05 04:36:12,214 - root - DEBUG - Processing 690-th line out of 2500 rows of DP table...
2022-01-05 04:36:12,845 - root - DEBUG - Processing 700-th line out of 2500 rows of DP table...
2022-01-05 04:36:13,468 - root - DEBUG - Processing 710-th line out of 2500 rows of DP table...
2022-01-05 04:36:14,098 - root - DEBUG - Processing 720-th line out of 2500 rows of DP table...
2022-01-05 04:36:14,718 - root - DEBUG - Processing 730-th line out of 2500 rows of DP table...
2022-01-05 04:36:15,334 - root - DEBUG - Processing 740-th line out of 2500 rows of DP table...
2022-01-05 04:36:15,953 - root - DEBUG - Processing 750-th line out of 2500 rows of DP table...
2022-01-05 04:36:16,561 - root - DEBUG - Processing 760-th line out of 2500 rows of DP table...
2022-01-05 04:36:17,168 - root - DEBUG - Processing 770-th line out of 2500 rows of DP table...
2022-01-05 04:36:17,771 - root - DEBUG - Processing 780-th line out of 2500 rows of DP table...
2022-01-05 04:36:18,375 - root - DEBUG - Processing 790-th line out of 2500 rows of DP table...
2022-01-05 04:36:18,971 - root - DEBUG - Processing 800-th line out of 2500 rows of DP table...
2022-01-05 04:36:19,562 - root - DEBUG - Processing 810-th line out of 2500 rows of DP table...
2022-01-05 04:36:20,153 - root - DEBUG - Processing 820-th line out of 2500 rows of DP table...
2022-01-05 04:36:20,740 - root - DEBUG - Processing 830-th line out of 2500 rows of DP table...
2022-01-05 04:36:21,324 - root - DEBUG - Processing 840-th line out of 2500 rows of DP table...
2022-01-05 04:36:21,905 - root - DEBUG - Processing 850-th line out of 2500 rows of DP table...
2022-01-05 04:36:22,486 - root - DEBUG - Processing 860-th line out of 2500 rows of DP table...
2022-01-05 04:36:23,058 - root - DEBUG - Processing 870-th line out of 2500 rows of DP table...
2022-01-05 04:36:23,622 - root - DEBUG - Processing 880-th line out of 2500 rows of DP table...
2022-01-05 04:36:24,190 - root - DEBUG - Processing 890-th line out of 2500 rows of DP table...
2022-01-05 04:36:24,752 - root - DEBUG - Processing 900-th line out of 2500 rows of DP table...
2022-01-05 04:36:25,310 - root - DEBUG - Processing 910-th line out of 2500 rows of DP table...
2022-01-05 04:36:25,865 - root - DEBUG - Processing 920-th line out of 2500 rows of DP table...
2022-01-05 04:36:26,421 - root - DEBUG - Processing 930-th line out of 2500 rows of DP table...
2022-01-05 04:36:26,966 - root - DEBUG - Processing 940-th line out of 2500 rows of DP table...
2022-01-05 04:36:27,509 - root - DEBUG - Processing 950-th line out of 2500 rows of DP table...
2022-01-05 04:36:28,051 - root - DEBUG - Processing 960-th line out of 2500 rows of DP table...
2022-01-05 04:36:28,592 - root - DEBUG - Processing 970-th line out of 2500 rows of DP table...
2022-01-05 04:36:29,127 - root - DEBUG - Processing 980-th line out of 2500 rows of DP table...
2022-01-05 04:36:29,661 - root - DEBUG - Processing 990-th line out of 2500 rows of DP table...
2022-01-05 04:36:30,186 - root - DEBUG - Processing 1000-th line out of 2500 rows of DP table...
2022-01-05 04:36:30,712 - root - DEBUG - Processing 1010-th line out of 2500 rows of DP table...
2022-01-05 04:36:31,234 - root - DEBUG - Processing 1020-th line out of 2500 rows of DP table...
2022-01-05 04:36:31,752 - root - DEBUG - Processing 1030-th line out of 2500 rows of DP table...
2022-01-05 04:36:32,267 - root - DEBUG - Processing 1040-th line out of 2500 rows of DP table...
2022-01-05 04:36:32,783 - root - DEBUG - Processing 1050-th line out of 2500 rows of DP table...
2022-01-05 04:36:33,293 - root - DEBUG - Processing 1060-th line out of 2500 rows of DP table...
2022-01-05 04:36:33,794 - root - DEBUG - Processing 1070-th line out of 2500 rows of DP table...
2022-01-05 04:36:34,292 - root - DEBUG - Processing 1080-th line out of 2500 rows of DP table...
2022-01-05 04:36:34,794 - root - DEBUG - Processing 1090-th line out of 2500 rows of DP table...
2022-01-05 04:36:35,288 - root - DEBUG - Processing 1100-th line out of 2500 rows of DP table...
2022-01-05 04:36:35,779 - root - DEBUG - Processing 1110-th line out of 2500 rows of DP table...
2022-01-05 04:36:36,268 - root - DEBUG - Processing 1120-th line out of 2500 rows of DP table...
2022-01-05 04:36:36,753 - root - DEBUG - Processing 1130-th line out of 2500 rows of DP table...
2022-01-05 04:36:37,231 - root - DEBUG - Processing 1140-th line out of 2500 rows of DP table...
2022-01-05 04:36:37,707 - root - DEBUG - Processing 1150-th line out of 2500 rows of DP table...
2022-01-05 04:36:38,207 - root - DEBUG - Processing 1160-th line out of 2500 rows of DP table...
2022-01-05 04:36:38,680 - root - DEBUG - Processing 1170-th line out of 2500 rows of DP table...
2022-01-05 04:36:39,144 - root - DEBUG - Processing 1180-th line out of 2500 rows of DP table...
2022-01-05 04:36:39,609 - root - DEBUG - Processing 1190-th line out of 2500 rows of DP table...
2022-01-05 04:36:40,067 - root - DEBUG - Processing 1200-th line out of 2500 rows of DP table...
2022-01-05 04:36:40,521 - root - DEBUG - Processing 1210-th line out of 2500 rows of DP table...
2022-01-05 04:36:40,991 - root - DEBUG - Processing 1220-th line out of 2500 rows of DP table...
2022-01-05 04:36:41,443 - root - DEBUG - Processing 1230-th line out of 2500 rows of DP table...
2022-01-05 04:36:41,890 - root - DEBUG - Processing 1240-th line out of 2500 rows of DP table...
2022-01-05 04:36:42,331 - root - DEBUG - Processing 1250-th line out of 2500 rows of DP table...
2022-01-05 04:36:42,775 - root - DEBUG - Processing 1260-th line out of 2500 rows of DP table...
2022-01-05 04:36:43,210 - root - DEBUG - Processing 1270-th line out of 2500 rows of DP table...
2022-01-05 04:36:43,643 - root - DEBUG - Processing 1280-th line out of 2500 rows of DP table...
2022-01-05 04:36:44,068 - root - DEBUG - Processing 1290-th line out of 2500 rows of DP table...
2022-01-05 04:36:44,493 - root - DEBUG - Processing 1300-th line out of 2500 rows of DP table...
2022-01-05 04:36:44,918 - root - DEBUG - Processing 1310-th line out of 2500 rows of DP table...
2022-01-05 04:36:45,338 - root - DEBUG - Processing 1320-th line out of 2500 rows of DP table...
2022-01-05 04:36:45,755 - root - DEBUG - Processing 1330-th line out of 2500 rows of DP table...
2022-01-05 04:36:46,168 - root - DEBUG - Processing 1340-th line out of 2500 rows of DP table...
2022-01-05 04:36:46,576 - root - DEBUG - Processing 1350-th line out of 2500 rows of DP table...
2022-01-05 04:36:46,985 - root - DEBUG - Processing 1360-th line out of 2500 rows of DP table...
2022-01-05 04:36:47,383 - root - DEBUG - Processing 1370-th line out of 2500 rows of DP table...
2022-01-05 04:36:47,780 - root - DEBUG - Processing 1380-th line out of 2500 rows of DP table...
2022-01-05 04:36:48,174 - root - DEBUG - Processing 1390-th line out of 2500 rows of DP table...
2022-01-05 04:36:48,567 - root - DEBUG - Processing 1400-th line out of 2500 rows of DP table...
2022-01-05 04:36:48,970 - root - DEBUG - Processing 1410-th line out of 2500 rows of DP table...
2022-01-05 04:36:49,353 - root - DEBUG - Processing 1420-th line out of 2500 rows of DP table...
2022-01-05 04:36:49,735 - root - DEBUG - Processing 1430-th line out of 2500 rows of DP table...
2022-01-05 04:36:50,112 - root - DEBUG - Processing 1440-th line out of 2500 rows of DP table...
2022-01-05 04:36:50,487 - root - DEBUG - Processing 1450-th line out of 2500 rows of DP table...
2022-01-05 04:36:50,856 - root - DEBUG - Processing 1460-th line out of 2500 rows of DP table...
2022-01-05 04:36:51,228 - root - DEBUG - Processing 1470-th line out of 2500 rows of DP table...
2022-01-05 04:36:51,592 - root - DEBUG - Processing 1480-th line out of 2500 rows of DP table...
2022-01-05 04:36:51,952 - root - DEBUG - Processing 1490-th line out of 2500 rows of DP table...
2022-01-05 04:36:52,312 - root - DEBUG - Processing 1500-th line out of 2500 rows of DP table...
2022-01-05 04:36:52,666 - root - DEBUG - Processing 1510-th line out of 2500 rows of DP table...
2022-01-05 04:36:53,020 - root - DEBUG - Processing 1520-th line out of 2500 rows of DP table...
2022-01-05 04:36:53,367 - root - DEBUG - Processing 1530-th line out of 2500 rows of DP table...
2022-01-05 04:36:53,708 - root - DEBUG - Processing 1540-th line out of 2500 rows of DP table...
2022-01-05 04:36:54,046 - root - DEBUG - Processing 1550-th line out of 2500 rows of DP table...
2022-01-05 04:36:54,380 - root - DEBUG - Processing 1560-th line out of 2500 rows of DP table...
2022-01-05 04:36:54,713 - root - DEBUG - Processing 1570-th line out of 2500 rows of DP table...
2022-01-05 04:36:55,044 - root - DEBUG - Processing 1580-th line out of 2500 rows of DP table...
2022-01-05 04:36:55,377 - root - DEBUG - Processing 1590-th line out of 2500 rows of DP table...
2022-01-05 04:36:55,700 - root - DEBUG - Processing 1600-th line out of 2500 rows of DP table...
2022-01-05 04:36:56,019 - root - DEBUG - Processing 1610-th line out of 2500 rows of DP table...
2022-01-05 04:36:56,335 - root - DEBUG - Processing 1620-th line out of 2500 rows of DP table...
2022-01-05 04:36:56,647 - root - DEBUG - Processing 1630-th line out of 2500 rows of DP table...
2022-01-05 04:36:56,955 - root - DEBUG - Processing 1640-th line out of 2500 rows of DP table...
2022-01-05 04:36:57,266 - root - DEBUG - Processing 1650-th line out of 2500 rows of DP table...
2022-01-05 04:36:57,567 - root - DEBUG - Processing 1660-th line out of 2500 rows of DP table...
2022-01-05 04:36:57,865 - root - DEBUG - Processing 1670-th line out of 2500 rows of DP table...
2022-01-05 04:36:58,161 - root - DEBUG - Processing 1680-th line out of 2500 rows of DP table...
2022-01-05 04:36:58,454 - root - DEBUG - Processing 1690-th line out of 2500 rows of DP table...
2022-01-05 04:36:58,742 - root - DEBUG - Processing 1700-th line out of 2500 rows of DP table...
2022-01-05 04:36:59,028 - root - DEBUG - Processing 1710-th line out of 2500 rows of DP table...
2022-01-05 04:36:59,314 - root - DEBUG - Processing 1720-th line out of 2500 rows of DP table...
2022-01-05 04:36:59,592 - root - DEBUG - Processing 1730-th line out of 2500 rows of DP table...
2022-01-05 04:36:59,867 - root - DEBUG - Processing 1740-th line out of 2500 rows of DP table...
2022-01-05 04:37:00,138 - root - DEBUG - Processing 1750-th line out of 2500 rows of DP table...
2022-01-05 04:37:00,405 - root - DEBUG - Processing 1760-th line out of 2500 rows of DP table...
2022-01-05 04:37:00,669 - root - DEBUG - Processing 1770-th line out of 2500 rows of DP table...
2022-01-05 04:37:00,929 - root - DEBUG - Processing 1780-th line out of 2500 rows of DP table...
2022-01-05 04:37:01,188 - root - DEBUG - Processing 1790-th line out of 2500 rows of DP table...
2022-01-05 04:37:01,447 - root - DEBUG - Processing 1800-th line out of 2500 rows of DP table...
2022-01-05 04:37:01,700 - root - DEBUG - Processing 1810-th line out of 2500 rows of DP table...
2022-01-05 04:37:01,947 - root - DEBUG - Processing 1820-th line out of 2500 rows of DP table...
2022-01-05 04:37:02,193 - root - DEBUG - Processing 1830-th line out of 2500 rows of DP table...
2022-01-05 04:37:02,434 - root - DEBUG - Processing 1840-th line out of 2500 rows of DP table...
2022-01-05 04:37:02,671 - root - DEBUG - Processing 1850-th line out of 2500 rows of DP table...
2022-01-05 04:37:02,906 - root - DEBUG - Processing 1860-th line out of 2500 rows of DP table...
2022-01-05 04:37:03,136 - root - DEBUG - Processing 1870-th line out of 2500 rows of DP table...
2022-01-05 04:37:03,361 - root - DEBUG - Processing 1880-th line out of 2500 rows of DP table...
2022-01-05 04:37:03,589 - root - DEBUG - Processing 1890-th line out of 2500 rows of DP table...
2022-01-05 04:37:03,811 - root - DEBUG - Processing 1900-th line out of 2500 rows of DP table...
2022-01-05 04:37:04,026 - root - DEBUG - Processing 1910-th line out of 2500 rows of DP table...
2022-01-05 04:37:04,240 - root - DEBUG - Processing 1920-th line out of 2500 rows of DP table...
2022-01-05 04:37:04,449 - root - DEBUG - Processing 1930-th line out of 2500 rows of DP table...
2022-01-05 04:37:04,656 - root - DEBUG - Processing 1940-th line out of 2500 rows of DP table...
2022-01-05 04:37:04,859 - root - DEBUG - Processing 1950-th line out of 2500 rows of DP table...
2022-01-05 04:37:05,059 - root - DEBUG - Processing 1960-th line out of 2500 rows of DP table...
2022-01-05 04:37:05,256 - root - DEBUG - Processing 1970-th line out of 2500 rows of DP table...
2022-01-05 04:37:05,449 - root - DEBUG - Processing 1980-th line out of 2500 rows of DP table...
2022-01-05 04:37:05,644 - root - DEBUG - Processing 1990-th line out of 2500 rows of DP table...
2022-01-05 04:37:05,830 - root - DEBUG - Processing 2000-th line out of 2500 rows of DP table...
2022-01-05 04:37:06,013 - root - DEBUG - Processing 2010-th line out of 2500 rows of DP table...
2022-01-05 04:37:06,192 - root - DEBUG - Processing 2020-th line out of 2500 rows of DP table...
2022-01-05 04:37:06,370 - root - DEBUG - Processing 2030-th line out of 2500 rows of DP table...
2022-01-05 04:37:06,542 - root - DEBUG - Processing 2040-th line out of 2500 rows of DP table...
2022-01-05 04:37:06,711 - root - DEBUG - Processing 2050-th line out of 2500 rows of DP table...
2022-01-05 04:37:06,877 - root - DEBUG - Processing 2060-th line out of 2500 rows of DP table...
2022-01-05 04:37:07,042 - root - DEBUG - Processing 2070-th line out of 2500 rows of DP table...
2022-01-05 04:37:07,201 - root - DEBUG - Processing 2080-th line out of 2500 rows of DP table...
2022-01-05 04:37:07,357 - root - DEBUG - Processing 2090-th line out of 2500 rows of DP table...
2022-01-05 04:37:07,508 - root - DEBUG - Processing 2100-th line out of 2500 rows of DP table...
2022-01-05 04:37:07,664 - root - DEBUG - Processing 2110-th line out of 2500 rows of DP table...
2022-01-05 04:37:07,813 - root - DEBUG - Processing 2120-th line out of 2500 rows of DP table...
2022-01-05 04:37:07,955 - root - DEBUG - Processing 2130-th line out of 2500 rows of DP table...
2022-01-05 04:37:08,094 - root - DEBUG - Processing 2140-th line out of 2500 rows of DP table...
2022-01-05 04:37:08,229 - root - DEBUG - Processing 2150-th line out of 2500 rows of DP table...
2022-01-05 04:37:08,361 - root - DEBUG - Processing 2160-th line out of 2500 rows of DP table...
2022-01-05 04:37:08,489 - root - DEBUG - Processing 2170-th line out of 2500 rows of DP table...
2022-01-05 04:37:08,614 - root - DEBUG - Processing 2180-th line out of 2500 rows of DP table...
2022-01-05 04:37:08,735 - root - DEBUG - Processing 2190-th line out of 2500 rows of DP table...
2022-01-05 04:37:08,853 - root - DEBUG - Processing 2200-th line out of 2500 rows of DP table...
2022-01-05 04:37:08,968 - root - DEBUG - Processing 2210-th line out of 2500 rows of DP table...
2022-01-05 04:37:09,079 - root - DEBUG - Processing 2220-th line out of 2500 rows of DP table...
2022-01-05 04:37:09,187 - root - DEBUG - Processing 2230-th line out of 2500 rows of DP table...
2022-01-05 04:37:09,289 - root - DEBUG - Processing 2240-th line out of 2500 rows of DP table...
2022-01-05 04:37:09,390 - root - DEBUG - Processing 2250-th line out of 2500 rows of DP table...
2022-01-05 04:37:09,487 - root - DEBUG - Processing 2260-th line out of 2500 rows of DP table...
2022-01-05 04:37:09,581 - root - DEBUG - Processing 2270-th line out of 2500 rows of DP table...
2022-01-05 04:37:09,671 - root - DEBUG - Processing 2280-th line out of 2500 rows of DP table...
2022-01-05 04:37:09,757 - root - DEBUG - Processing 2290-th line out of 2500 rows of DP table...
2022-01-05 04:37:09,844 - root - DEBUG - Processing 2300-th line out of 2500 rows of DP table...
2022-01-05 04:37:09,923 - root - DEBUG - Processing 2310-th line out of 2500 rows of DP table...
2022-01-05 04:37:09,999 - root - DEBUG - Processing 2320-th line out of 2500 rows of DP table...
2022-01-05 04:37:10,071 - root - DEBUG - Processing 2330-th line out of 2500 rows of DP table...
2022-01-05 04:37:10,140 - root - DEBUG - Processing 2340-th line out of 2500 rows of DP table...
2022-01-05 04:37:10,206 - root - DEBUG - Processing 2350-th line out of 2500 rows of DP table...
2022-01-05 04:37:10,268 - root - DEBUG - Processing 2360-th line out of 2500 rows of DP table...
2022-01-05 04:37:10,327 - root - DEBUG - Processing 2370-th line out of 2500 rows of DP table...
2022-01-05 04:37:10,383 - root - DEBUG - Processing 2380-th line out of 2500 rows of DP table...
2022-01-05 04:37:10,435 - root - DEBUG - Processing 2390-th line out of 2500 rows of DP table...
2022-01-05 04:37:10,483 - root - DEBUG - Processing 2400-th line out of 2500 rows of DP table...
2022-01-05 04:37:10,529 - root - DEBUG - Processing 2410-th line out of 2500 rows of DP table...
2022-01-05 04:37:10,570 - root - DEBUG - Processing 2420-th line out of 2500 rows of DP table...
2022-01-05 04:37:10,609 - root - DEBUG - Processing 2430-th line out of 2500 rows of DP table...
2022-01-05 04:37:10,644 - root - DEBUG - Processing 2440-th line out of 2500 rows of DP table...
2022-01-05 04:37:10,675 - root - DEBUG - Processing 2450-th line out of 2500 rows of DP table...
2022-01-05 04:37:10,703 - root - DEBUG - Processing 2460-th line out of 2500 rows of DP table...
2022-01-05 04:37:10,728 - root - DEBUG - Processing 2470-th line out of 2500 rows of DP table...
2022-01-05 04:37:10,749 - root - DEBUG - Processing 2480-th line out of 2500 rows of DP table...
2022-01-05 04:37:10,768 - root - DEBUG - Processing 2490-th line out of 2500 rows of DP table...
2022-01-05 04:37:10,782 - root - DEBUG - Processing 2500-th line out of 2500 rows of DP table...
2022-01-05 04:37:10,796 - root - DEBUG - Started computing joint logprobs...
