2022-01-04 00:57:45,205 - root - INFO - Loading reference interval set from '211227-2-sim/g23_7.ref.tsv'...
2022-01-04 00:57:45,208 - root - INFO - Loading query interval set from '211227-2-sim/g23_7.query.tsv'...
2022-01-04 00:57:45,211 - root - INFO - Loading chromosome sizes from '211227-2-sim/g23_sizes.tsv'...
2022-01-04 00:57:45,213 - root - INFO - Number of reference intervals: 2500 (2500 before merging)
2022-01-04 00:57:45,214 - root - INFO - Number of query intervals: 500 (500 before merging)
2022-01-04 00:57:45,216 - root - INFO - Number of chromosomes: 1
2022-01-04 00:57:45,220 - root - INFO - Overlap count: 247
2022-01-04 00:57:45,221 - root - DEBUG - Started computing sf for chromosome 'chr1'...
2022-01-04 00:57:45,222 - root - DEBUG - m=2500, n=500
2022-01-04 00:57:46,041 - root - DEBUG - Processing 10-th line out of 2500 rows of DP table...
2022-01-04 00:57:46,918 - root - DEBUG - Processing 20-th line out of 2500 rows of DP table...
2022-01-04 00:57:47,779 - root - DEBUG - Processing 30-th line out of 2500 rows of DP table...
2022-01-04 00:57:48,653 - root - DEBUG - Processing 40-th line out of 2500 rows of DP table...
2022-01-04 00:57:49,528 - root - DEBUG - Processing 50-th line out of 2500 rows of DP table...
2022-01-04 00:57:50,661 - root - DEBUG - Processing 60-th line out of 2500 rows of DP table...
2022-01-04 00:57:52,068 - root - DEBUG - Processing 70-th line out of 2500 rows of DP table...
2022-01-04 00:57:52,937 - root - DEBUG - Processing 80-th line out of 2500 rows of DP table...
2022-01-04 00:57:53,783 - root - DEBUG - Processing 90-th line out of 2500 rows of DP table...
2022-01-04 00:57:54,637 - root - DEBUG - Processing 100-th line out of 2500 rows of DP table...
2022-01-04 00:57:55,473 - root - DEBUG - Processing 110-th line out of 2500 rows of DP table...
2022-01-04 00:57:56,333 - root - DEBUG - Processing 120-th line out of 2500 rows of DP table...
2022-01-04 00:57:57,164 - root - DEBUG - Processing 130-th line out of 2500 rows of DP table...
2022-01-04 00:57:57,991 - root - DEBUG - Processing 140-th line out of 2500 rows of DP table...
2022-01-04 00:57:58,814 - root - DEBUG - Processing 150-th line out of 2500 rows of DP table...
2022-01-04 00:57:59,639 - root - DEBUG - Processing 160-th line out of 2500 rows of DP table...
2022-01-04 00:58:00,456 - root - DEBUG - Processing 170-th line out of 2500 rows of DP table...
2022-01-04 00:58:01,270 - root - DEBUG - Processing 180-th line out of 2500 rows of DP table...
2022-01-04 00:58:02,081 - root - DEBUG - Processing 190-th line out of 2500 rows of DP table...
2022-01-04 00:58:02,894 - root - DEBUG - Processing 200-th line out of 2500 rows of DP table...
2022-01-04 00:58:03,699 - root - DEBUG - Processing 210-th line out of 2500 rows of DP table...
2022-01-04 00:58:04,501 - root - DEBUG - Processing 220-th line out of 2500 rows of DP table...
2022-01-04 00:58:05,298 - root - DEBUG - Processing 230-th line out of 2500 rows of DP table...
2022-01-04 00:58:06,090 - root - DEBUG - Processing 240-th line out of 2500 rows of DP table...
2022-01-04 00:58:06,881 - root - DEBUG - Processing 250-th line out of 2500 rows of DP table...
2022-01-04 00:58:07,671 - root - DEBUG - Processing 260-th line out of 2500 rows of DP table...
2022-01-04 00:58:08,455 - root - DEBUG - Processing 270-th line out of 2500 rows of DP table...
2022-01-04 00:58:09,236 - root - DEBUG - Processing 280-th line out of 2500 rows of DP table...
2022-01-04 00:58:10,012 - root - DEBUG - Processing 290-th line out of 2500 rows of DP table...
2022-01-04 00:58:10,783 - root - DEBUG - Processing 300-th line out of 2500 rows of DP table...
2022-01-04 00:58:11,554 - root - DEBUG - Processing 310-th line out of 2500 rows of DP table...
2022-01-04 00:58:12,322 - root - DEBUG - Processing 320-th line out of 2500 rows of DP table...
2022-01-04 00:58:13,085 - root - DEBUG - Processing 330-th line out of 2500 rows of DP table...
2022-01-04 00:58:13,846 - root - DEBUG - Processing 340-th line out of 2500 rows of DP table...
2022-01-04 00:58:14,601 - root - DEBUG - Processing 350-th line out of 2500 rows of DP table...
2022-01-04 00:58:15,353 - root - DEBUG - Processing 360-th line out of 2500 rows of DP table...
2022-01-04 00:58:16,102 - root - DEBUG - Processing 370-th line out of 2500 rows of DP table...
2022-01-04 00:58:16,848 - root - DEBUG - Processing 380-th line out of 2500 rows of DP table...
2022-01-04 00:58:17,588 - root - DEBUG - Processing 390-th line out of 2500 rows of DP table...
2022-01-04 00:58:18,325 - root - DEBUG - Processing 400-th line out of 2500 rows of DP table...
2022-01-04 00:58:19,064 - root - DEBUG - Processing 410-th line out of 2500 rows of DP table...
2022-01-04 00:58:19,795 - root - DEBUG - Processing 420-th line out of 2500 rows of DP table...
2022-01-04 00:58:20,521 - root - DEBUG - Processing 430-th line out of 2500 rows of DP table...
2022-01-04 00:58:21,243 - root - DEBUG - Processing 440-th line out of 2500 rows of DP table...
2022-01-04 00:58:21,963 - root - DEBUG - Processing 450-th line out of 2500 rows of DP table...
2022-01-04 00:58:22,684 - root - DEBUG - Processing 460-th line out of 2500 rows of DP table...
2022-01-04 00:58:23,398 - root - DEBUG - Processing 470-th line out of 2500 rows of DP table...
2022-01-04 00:58:24,108 - root - DEBUG - Processing 480-th line out of 2500 rows of DP table...
2022-01-04 00:58:24,817 - root - DEBUG - Processing 490-th line out of 2500 rows of DP table...
2022-01-04 00:58:25,519 - root - DEBUG - Processing 500-th line out of 2500 rows of DP table...
2022-01-04 00:58:26,217 - root - DEBUG - Processing 510-th line out of 2500 rows of DP table...
2022-01-04 00:58:26,915 - root - DEBUG - Processing 520-th line out of 2500 rows of DP table...
2022-01-04 00:58:27,609 - root - DEBUG - Processing 530-th line out of 2500 rows of DP table...
2022-01-04 00:58:28,298 - root - DEBUG - Processing 540-th line out of 2500 rows of DP table...
2022-01-04 00:58:28,988 - root - DEBUG - Processing 550-th line out of 2500 rows of DP table...
2022-01-04 00:58:29,674 - root - DEBUG - Processing 560-th line out of 2500 rows of DP table...
2022-01-04 00:58:30,355 - root - DEBUG - Processing 570-th line out of 2500 rows of DP table...
2022-01-04 00:58:31,031 - root - DEBUG - Processing 580-th line out of 2500 rows of DP table...
2022-01-04 00:58:31,706 - root - DEBUG - Processing 590-th line out of 2500 rows of DP table...
2022-01-04 00:58:32,378 - root - DEBUG - Processing 600-th line out of 2500 rows of DP table...
2022-01-04 00:58:33,046 - root - DEBUG - Processing 610-th line out of 2500 rows of DP table...
2022-01-04 00:58:33,711 - root - DEBUG - Processing 620-th line out of 2500 rows of DP table...
2022-01-04 00:58:34,368 - root - DEBUG - Processing 630-th line out of 2500 rows of DP table...
2022-01-04 00:58:35,076 - root - DEBUG - Processing 640-th line out of 2500 rows of DP table...
2022-01-04 00:58:35,733 - root - DEBUG - Processing 650-th line out of 2500 rows of DP table...
2022-01-04 00:58:36,384 - root - DEBUG - Processing 660-th line out of 2500 rows of DP table...
2022-01-04 00:58:37,032 - root - DEBUG - Processing 670-th line out of 2500 rows of DP table...
2022-01-04 00:58:37,677 - root - DEBUG - Processing 680-th line out of 2500 rows of DP table...
2022-01-04 00:58:38,318 - root - DEBUG - Processing 690-th line out of 2500 rows of DP table...
2022-01-04 00:58:38,956 - root - DEBUG - Processing 700-th line out of 2500 rows of DP table...
2022-01-04 00:58:39,591 - root - DEBUG - Processing 710-th line out of 2500 rows of DP table...
2022-01-04 00:58:40,222 - root - DEBUG - Processing 720-th line out of 2500 rows of DP table...
2022-01-04 00:58:40,850 - root - DEBUG - Processing 730-th line out of 2500 rows of DP table...
2022-01-04 00:58:41,472 - root - DEBUG - Processing 740-th line out of 2500 rows of DP table...
2022-01-04 00:58:42,091 - root - DEBUG - Processing 750-th line out of 2500 rows of DP table...
2022-01-04 00:58:42,707 - root - DEBUG - Processing 760-th line out of 2500 rows of DP table...
2022-01-04 00:58:43,321 - root - DEBUG - Processing 770-th line out of 2500 rows of DP table...
2022-01-04 00:58:43,931 - root - DEBUG - Processing 780-th line out of 2500 rows of DP table...
2022-01-04 00:58:44,536 - root - DEBUG - Processing 790-th line out of 2500 rows of DP table...
2022-01-04 00:58:45,137 - root - DEBUG - Processing 800-th line out of 2500 rows of DP table...
2022-01-04 00:58:45,737 - root - DEBUG - Processing 810-th line out of 2500 rows of DP table...
2022-01-04 00:58:46,332 - root - DEBUG - Processing 820-th line out of 2500 rows of DP table...
2022-01-04 00:58:46,923 - root - DEBUG - Processing 830-th line out of 2500 rows of DP table...
2022-01-04 00:58:47,512 - root - DEBUG - Processing 840-th line out of 2500 rows of DP table...
2022-01-04 00:58:48,096 - root - DEBUG - Processing 850-th line out of 2500 rows of DP table...
2022-01-04 00:58:48,677 - root - DEBUG - Processing 860-th line out of 2500 rows of DP table...
2022-01-04 00:58:49,256 - root - DEBUG - Processing 870-th line out of 2500 rows of DP table...
2022-01-04 00:58:49,832 - root - DEBUG - Processing 880-th line out of 2500 rows of DP table...
2022-01-04 00:58:50,401 - root - DEBUG - Processing 890-th line out of 2500 rows of DP table...
2022-01-04 00:58:51,039 - root - DEBUG - Processing 900-th line out of 2500 rows of DP table...
2022-01-04 00:58:51,604 - root - DEBUG - Processing 910-th line out of 2500 rows of DP table...
2022-01-04 00:58:52,165 - root - DEBUG - Processing 920-th line out of 2500 rows of DP table...
2022-01-04 00:58:52,720 - root - DEBUG - Processing 930-th line out of 2500 rows of DP table...
2022-01-04 00:58:53,273 - root - DEBUG - Processing 940-th line out of 2500 rows of DP table...
2022-01-04 00:58:53,822 - root - DEBUG - Processing 950-th line out of 2500 rows of DP table...
2022-01-04 00:58:54,370 - root - DEBUG - Processing 960-th line out of 2500 rows of DP table...
2022-01-04 00:58:54,915 - root - DEBUG - Processing 970-th line out of 2500 rows of DP table...
2022-01-04 00:58:55,455 - root - DEBUG - Processing 980-th line out of 2500 rows of DP table...
2022-01-04 00:58:55,991 - root - DEBUG - Processing 990-th line out of 2500 rows of DP table...
2022-01-04 00:58:56,523 - root - DEBUG - Processing 1000-th line out of 2500 rows of DP table...
2022-01-04 00:58:57,053 - root - DEBUG - Processing 1010-th line out of 2500 rows of DP table...
2022-01-04 00:58:57,580 - root - DEBUG - Processing 1020-th line out of 2500 rows of DP table...
2022-01-04 00:58:58,103 - root - DEBUG - Processing 1030-th line out of 2500 rows of DP table...
2022-01-04 00:58:58,622 - root - DEBUG - Processing 1040-th line out of 2500 rows of DP table...
2022-01-04 00:58:59,137 - root - DEBUG - Processing 1050-th line out of 2500 rows of DP table...
2022-01-04 00:58:59,650 - root - DEBUG - Processing 1060-th line out of 2500 rows of DP table...
2022-01-04 00:59:00,161 - root - DEBUG - Processing 1070-th line out of 2500 rows of DP table...
2022-01-04 00:59:00,668 - root - DEBUG - Processing 1080-th line out of 2500 rows of DP table...
2022-01-04 00:59:01,172 - root - DEBUG - Processing 1090-th line out of 2500 rows of DP table...
2022-01-04 00:59:01,670 - root - DEBUG - Processing 1100-th line out of 2500 rows of DP table...
2022-01-04 00:59:02,166 - root - DEBUG - Processing 1110-th line out of 2500 rows of DP table...
2022-01-04 00:59:02,659 - root - DEBUG - Processing 1120-th line out of 2500 rows of DP table...
2022-01-04 00:59:03,147 - root - DEBUG - Processing 1130-th line out of 2500 rows of DP table...
2022-01-04 00:59:03,631 - root - DEBUG - Processing 1140-th line out of 2500 rows of DP table...
2022-01-04 00:59:04,112 - root - DEBUG - Processing 1150-th line out of 2500 rows of DP table...
2022-01-04 00:59:04,637 - root - DEBUG - Processing 1160-th line out of 2500 rows of DP table...
2022-01-04 00:59:05,138 - root - DEBUG - Processing 1170-th line out of 2500 rows of DP table...
2022-01-04 00:59:05,608 - root - DEBUG - Processing 1180-th line out of 2500 rows of DP table...
2022-01-04 00:59:06,074 - root - DEBUG - Processing 1190-th line out of 2500 rows of DP table...
2022-01-04 00:59:06,537 - root - DEBUG - Processing 1200-th line out of 2500 rows of DP table...
2022-01-04 00:59:06,999 - root - DEBUG - Processing 1210-th line out of 2500 rows of DP table...
2022-01-04 00:59:07,455 - root - DEBUG - Processing 1220-th line out of 2500 rows of DP table...
2022-01-04 00:59:07,907 - root - DEBUG - Processing 1230-th line out of 2500 rows of DP table...
2022-01-04 00:59:08,357 - root - DEBUG - Processing 1240-th line out of 2500 rows of DP table...
2022-01-04 00:59:08,805 - root - DEBUG - Processing 1250-th line out of 2500 rows of DP table...
2022-01-04 00:59:09,249 - root - DEBUG - Processing 1260-th line out of 2500 rows of DP table...
2022-01-04 00:59:09,688 - root - DEBUG - Processing 1270-th line out of 2500 rows of DP table...
2022-01-04 00:59:10,126 - root - DEBUG - Processing 1280-th line out of 2500 rows of DP table...
2022-01-04 00:59:10,561 - root - DEBUG - Processing 1290-th line out of 2500 rows of DP table...
2022-01-04 00:59:10,992 - root - DEBUG - Processing 1300-th line out of 2500 rows of DP table...
2022-01-04 00:59:11,419 - root - DEBUG - Processing 1310-th line out of 2500 rows of DP table...
2022-01-04 00:59:11,843 - root - DEBUG - Processing 1320-th line out of 2500 rows of DP table...
2022-01-04 00:59:12,263 - root - DEBUG - Processing 1330-th line out of 2500 rows of DP table...
2022-01-04 00:59:12,676 - root - DEBUG - Processing 1340-th line out of 2500 rows of DP table...
2022-01-04 00:59:13,089 - root - DEBUG - Processing 1350-th line out of 2500 rows of DP table...
2022-01-04 00:59:13,496 - root - DEBUG - Processing 1360-th line out of 2500 rows of DP table...
2022-01-04 00:59:13,900 - root - DEBUG - Processing 1370-th line out of 2500 rows of DP table...
2022-01-04 00:59:14,302 - root - DEBUG - Processing 1380-th line out of 2500 rows of DP table...
2022-01-04 00:59:14,700 - root - DEBUG - Processing 1390-th line out of 2500 rows of DP table...
2022-01-04 00:59:15,095 - root - DEBUG - Processing 1400-th line out of 2500 rows of DP table...
2022-01-04 00:59:15,487 - root - DEBUG - Processing 1410-th line out of 2500 rows of DP table...
2022-01-04 00:59:15,875 - root - DEBUG - Processing 1420-th line out of 2500 rows of DP table...
2022-01-04 00:59:16,260 - root - DEBUG - Processing 1430-th line out of 2500 rows of DP table...
2022-01-04 00:59:16,640 - root - DEBUG - Processing 1440-th line out of 2500 rows of DP table...
2022-01-04 00:59:17,018 - root - DEBUG - Processing 1450-th line out of 2500 rows of DP table...
2022-01-04 00:59:17,392 - root - DEBUG - Processing 1460-th line out of 2500 rows of DP table...
2022-01-04 00:59:17,765 - root - DEBUG - Processing 1470-th line out of 2500 rows of DP table...
2022-01-04 00:59:18,133 - root - DEBUG - Processing 1480-th line out of 2500 rows of DP table...
2022-01-04 00:59:18,499 - root - DEBUG - Processing 1490-th line out of 2500 rows of DP table...
2022-01-04 00:59:18,863 - root - DEBUG - Processing 1500-th line out of 2500 rows of DP table...
2022-01-04 00:59:19,223 - root - DEBUG - Processing 1510-th line out of 2500 rows of DP table...
2022-01-04 00:59:19,579 - root - DEBUG - Processing 1520-th line out of 2500 rows of DP table...
2022-01-04 00:59:19,933 - root - DEBUG - Processing 1530-th line out of 2500 rows of DP table...
2022-01-04 00:59:20,284 - root - DEBUG - Processing 1540-th line out of 2500 rows of DP table...
2022-01-04 00:59:20,632 - root - DEBUG - Processing 1550-th line out of 2500 rows of DP table...
2022-01-04 00:59:20,976 - root - DEBUG - Processing 1560-th line out of 2500 rows of DP table...
2022-01-04 00:59:21,340 - root - DEBUG - Processing 1570-th line out of 2500 rows of DP table...
2022-01-04 00:59:21,676 - root - DEBUG - Processing 1580-th line out of 2500 rows of DP table...
2022-01-04 00:59:22,009 - root - DEBUG - Processing 1590-th line out of 2500 rows of DP table...
2022-01-04 00:59:22,339 - root - DEBUG - Processing 1600-th line out of 2500 rows of DP table...
2022-01-04 00:59:22,665 - root - DEBUG - Processing 1610-th line out of 2500 rows of DP table...
2022-01-04 00:59:22,986 - root - DEBUG - Processing 1620-th line out of 2500 rows of DP table...
2022-01-04 00:59:23,304 - root - DEBUG - Processing 1630-th line out of 2500 rows of DP table...
2022-01-04 00:59:23,616 - root - DEBUG - Processing 1640-th line out of 2500 rows of DP table...
2022-01-04 00:59:23,927 - root - DEBUG - Processing 1650-th line out of 2500 rows of DP table...
2022-01-04 00:59:24,235 - root - DEBUG - Processing 1660-th line out of 2500 rows of DP table...
2022-01-04 00:59:24,540 - root - DEBUG - Processing 1670-th line out of 2500 rows of DP table...
2022-01-04 00:59:24,840 - root - DEBUG - Processing 1680-th line out of 2500 rows of DP table...
2022-01-04 00:59:25,135 - root - DEBUG - Processing 1690-th line out of 2500 rows of DP table...
2022-01-04 00:59:25,428 - root - DEBUG - Processing 1700-th line out of 2500 rows of DP table...
2022-01-04 00:59:25,750 - root - DEBUG - Processing 1710-th line out of 2500 rows of DP table...
2022-01-04 00:59:26,037 - root - DEBUG - Processing 1720-th line out of 2500 rows of DP table...
2022-01-04 00:59:26,319 - root - DEBUG - Processing 1730-th line out of 2500 rows of DP table...
2022-01-04 00:59:26,600 - root - DEBUG - Processing 1740-th line out of 2500 rows of DP table...
2022-01-04 00:59:26,875 - root - DEBUG - Processing 1750-th line out of 2500 rows of DP table...
2022-01-04 00:59:27,148 - root - DEBUG - Processing 1760-th line out of 2500 rows of DP table...
2022-01-04 00:59:27,418 - root - DEBUG - Processing 1770-th line out of 2500 rows of DP table...
2022-01-04 00:59:27,683 - root - DEBUG - Processing 1780-th line out of 2500 rows of DP table...
2022-01-04 00:59:27,946 - root - DEBUG - Processing 1790-th line out of 2500 rows of DP table...
2022-01-04 00:59:28,206 - root - DEBUG - Processing 1800-th line out of 2500 rows of DP table...
2022-01-04 00:59:28,460 - root - DEBUG - Processing 1810-th line out of 2500 rows of DP table...
2022-01-04 00:59:28,711 - root - DEBUG - Processing 1820-th line out of 2500 rows of DP table...
2022-01-04 00:59:28,960 - root - DEBUG - Processing 1830-th line out of 2500 rows of DP table...
2022-01-04 00:59:29,206 - root - DEBUG - Processing 1840-th line out of 2500 rows of DP table...
2022-01-04 00:59:29,447 - root - DEBUG - Processing 1850-th line out of 2500 rows of DP table...
2022-01-04 00:59:29,684 - root - DEBUG - Processing 1860-th line out of 2500 rows of DP table...
2022-01-04 00:59:29,918 - root - DEBUG - Processing 1870-th line out of 2500 rows of DP table...
2022-01-04 00:59:30,149 - root - DEBUG - Processing 1880-th line out of 2500 rows of DP table...
2022-01-04 00:59:30,377 - root - DEBUG - Processing 1890-th line out of 2500 rows of DP table...
2022-01-04 00:59:30,601 - root - DEBUG - Processing 1900-th line out of 2500 rows of DP table...
2022-01-04 00:59:30,821 - root - DEBUG - Processing 1910-th line out of 2500 rows of DP table...
2022-01-04 00:59:31,038 - root - DEBUG - Processing 1920-th line out of 2500 rows of DP table...
2022-01-04 00:59:31,250 - root - DEBUG - Processing 1930-th line out of 2500 rows of DP table...
2022-01-04 00:59:31,460 - root - DEBUG - Processing 1940-th line out of 2500 rows of DP table...
2022-01-04 00:59:31,666 - root - DEBUG - Processing 1950-th line out of 2500 rows of DP table...
2022-01-04 00:59:31,867 - root - DEBUG - Processing 1960-th line out of 2500 rows of DP table...
2022-01-04 00:59:32,066 - root - DEBUG - Processing 1970-th line out of 2500 rows of DP table...
2022-01-04 00:59:32,261 - root - DEBUG - Processing 1980-th line out of 2500 rows of DP table...
2022-01-04 00:59:32,454 - root - DEBUG - Processing 1990-th line out of 2500 rows of DP table...
2022-01-04 00:59:32,642 - root - DEBUG - Processing 2000-th line out of 2500 rows of DP table...
2022-01-04 00:59:32,827 - root - DEBUG - Processing 2010-th line out of 2500 rows of DP table...
2022-01-04 00:59:33,010 - root - DEBUG - Processing 2020-th line out of 2500 rows of DP table...
2022-01-04 00:59:33,189 - root - DEBUG - Processing 2030-th line out of 2500 rows of DP table...
2022-01-04 00:59:33,371 - root - DEBUG - Processing 2040-th line out of 2500 rows of DP table...
2022-01-04 00:59:33,544 - root - DEBUG - Processing 2050-th line out of 2500 rows of DP table...
2022-01-04 00:59:33,711 - root - DEBUG - Processing 2060-th line out of 2500 rows of DP table...
2022-01-04 00:59:33,877 - root - DEBUG - Processing 2070-th line out of 2500 rows of DP table...
2022-01-04 00:59:34,040 - root - DEBUG - Processing 2080-th line out of 2500 rows of DP table...
2022-01-04 00:59:34,217 - root - DEBUG - Processing 2090-th line out of 2500 rows of DP table...
2022-01-04 00:59:34,372 - root - DEBUG - Processing 2100-th line out of 2500 rows of DP table...
2022-01-04 00:59:34,523 - root - DEBUG - Processing 2110-th line out of 2500 rows of DP table...
2022-01-04 00:59:34,707 - root - DEBUG - Processing 2120-th line out of 2500 rows of DP table...
2022-01-04 00:59:34,876 - root - DEBUG - Processing 2130-th line out of 2500 rows of DP table...
2022-01-04 00:59:35,015 - root - DEBUG - Processing 2140-th line out of 2500 rows of DP table...
2022-01-04 00:59:35,180 - root - DEBUG - Processing 2150-th line out of 2500 rows of DP table...
2022-01-04 00:59:35,322 - root - DEBUG - Processing 2160-th line out of 2500 rows of DP table...
2022-01-04 00:59:35,452 - root - DEBUG - Processing 2170-th line out of 2500 rows of DP table...
2022-01-04 00:59:35,579 - root - DEBUG - Processing 2180-th line out of 2500 rows of DP table...
2022-01-04 00:59:35,703 - root - DEBUG - Processing 2190-th line out of 2500 rows of DP table...
2022-01-04 00:59:35,837 - root - DEBUG - Processing 2200-th line out of 2500 rows of DP table...
2022-01-04 00:59:35,956 - root - DEBUG - Processing 2210-th line out of 2500 rows of DP table...
2022-01-04 00:59:36,069 - root - DEBUG - Processing 2220-th line out of 2500 rows of DP table...
2022-01-04 00:59:36,179 - root - DEBUG - Processing 2230-th line out of 2500 rows of DP table...
2022-01-04 00:59:36,308 - root - DEBUG - Processing 2240-th line out of 2500 rows of DP table...
2022-01-04 00:59:36,411 - root - DEBUG - Processing 2250-th line out of 2500 rows of DP table...
2022-01-04 00:59:36,510 - root - DEBUG - Processing 2260-th line out of 2500 rows of DP table...
2022-01-04 00:59:36,606 - root - DEBUG - Processing 2270-th line out of 2500 rows of DP table...
2022-01-04 00:59:36,699 - root - DEBUG - Processing 2280-th line out of 2500 rows of DP table...
2022-01-04 00:59:36,788 - root - DEBUG - Processing 2290-th line out of 2500 rows of DP table...
2022-01-04 00:59:36,872 - root - DEBUG - Processing 2300-th line out of 2500 rows of DP table...
2022-01-04 00:59:36,954 - root - DEBUG - Processing 2310-th line out of 2500 rows of DP table...
2022-01-04 00:59:37,033 - root - DEBUG - Processing 2320-th line out of 2500 rows of DP table...
2022-01-04 00:59:37,109 - root - DEBUG - Processing 2330-th line out of 2500 rows of DP table...
2022-01-04 00:59:37,182 - root - DEBUG - Processing 2340-th line out of 2500 rows of DP table...
2022-01-04 00:59:37,252 - root - DEBUG - Processing 2350-th line out of 2500 rows of DP table...
2022-01-04 00:59:37,318 - root - DEBUG - Processing 2360-th line out of 2500 rows of DP table...
2022-01-04 00:59:37,380 - root - DEBUG - Processing 2370-th line out of 2500 rows of DP table...
2022-01-04 00:59:37,439 - root - DEBUG - Processing 2380-th line out of 2500 rows of DP table...
2022-01-04 00:59:37,494 - root - DEBUG - Processing 2390-th line out of 2500 rows of DP table...
2022-01-04 00:59:37,545 - root - DEBUG - Processing 2400-th line out of 2500 rows of DP table...
2022-01-04 00:59:37,593 - root - DEBUG - Processing 2410-th line out of 2500 rows of DP table...
2022-01-04 00:59:37,638 - root - DEBUG - Processing 2420-th line out of 2500 rows of DP table...
2022-01-04 00:59:37,679 - root - DEBUG - Processing 2430-th line out of 2500 rows of DP table...
2022-01-04 00:59:37,718 - root - DEBUG - Processing 2440-th line out of 2500 rows of DP table...
2022-01-04 00:59:37,752 - root - DEBUG - Processing 2450-th line out of 2500 rows of DP table...
2022-01-04 00:59:37,783 - root - DEBUG - Processing 2460-th line out of 2500 rows of DP table...
2022-01-04 00:59:37,810 - root - DEBUG - Processing 2470-th line out of 2500 rows of DP table...
2022-01-04 00:59:37,834 - root - DEBUG - Processing 2480-th line out of 2500 rows of DP table...
2022-01-04 00:59:37,855 - root - DEBUG - Processing 2490-th line out of 2500 rows of DP table...
2022-01-04 00:59:37,872 - root - DEBUG - Processing 2500-th line out of 2500 rows of DP table...
2022-01-04 00:59:37,891 - root - DEBUG - Started computing joint logprobs...
