2022-01-04 21:13:38,173 - root - INFO - Loading reference interval set from '211227-2-sim/g23_4.ref.tsv'...
2022-01-04 21:13:38,178 - root - INFO - Loading query interval set from '211227-2-sim/g23_4.query.tsv'...
2022-01-04 21:13:38,190 - root - INFO - Loading chromosome sizes from '211227-2-sim/g23_sizes.tsv'...
2022-01-04 21:13:38,193 - root - INFO - Number of reference intervals: 2500 (2500 before merging)
2022-01-04 21:13:38,194 - root - INFO - Number of query intervals: 500 (500 before merging)
2022-01-04 21:13:38,196 - root - INFO - Number of chromosomes: 1
2022-01-04 21:13:38,203 - root - INFO - Overlap count: 246
2022-01-04 21:13:38,205 - root - DEBUG - Started computing sf for chromosome 'chr1'...
2022-01-04 21:13:38,206 - root - DEBUG - m=2500, n=500
2022-01-04 21:13:39,022 - root - DEBUG - Processing 10-th line out of 2500 rows of DP table...
2022-01-04 21:13:39,872 - root - DEBUG - Processing 20-th line out of 2500 rows of DP table...
2022-01-04 21:13:40,723 - root - DEBUG - Processing 30-th line out of 2500 rows of DP table...
2022-01-04 21:13:41,576 - root - DEBUG - Processing 40-th line out of 2500 rows of DP table...
2022-01-04 21:13:42,426 - root - DEBUG - Processing 50-th line out of 2500 rows of DP table...
2022-01-04 21:13:43,267 - root - DEBUG - Processing 60-th line out of 2500 rows of DP table...
2022-01-04 21:13:44,109 - root - DEBUG - Processing 70-th line out of 2500 rows of DP table...
2022-01-04 21:13:44,951 - root - DEBUG - Processing 80-th line out of 2500 rows of DP table...
2022-01-04 21:13:45,783 - root - DEBUG - Processing 90-th line out of 2500 rows of DP table...
2022-01-04 21:13:46,606 - root - DEBUG - Processing 100-th line out of 2500 rows of DP table...
2022-01-04 21:13:47,434 - root - DEBUG - Processing 110-th line out of 2500 rows of DP table...
2022-01-04 21:13:48,258 - root - DEBUG - Processing 120-th line out of 2500 rows of DP table...
2022-01-04 21:13:49,080 - root - DEBUG - Processing 130-th line out of 2500 rows of DP table...
2022-01-04 21:13:49,890 - root - DEBUG - Processing 140-th line out of 2500 rows of DP table...
2022-01-04 21:13:50,702 - root - DEBUG - Processing 150-th line out of 2500 rows of DP table...
2022-01-04 21:13:51,517 - root - DEBUG - Processing 160-th line out of 2500 rows of DP table...
2022-01-04 21:13:52,317 - root - DEBUG - Processing 170-th line out of 2500 rows of DP table...
2022-01-04 21:13:53,126 - root - DEBUG - Processing 180-th line out of 2500 rows of DP table...
2022-01-04 21:13:53,924 - root - DEBUG - Processing 190-th line out of 2500 rows of DP table...
2022-01-04 21:13:54,720 - root - DEBUG - Processing 200-th line out of 2500 rows of DP table...
2022-01-04 21:13:55,505 - root - DEBUG - Processing 210-th line out of 2500 rows of DP table...
2022-01-04 21:13:56,296 - root - DEBUG - Processing 220-th line out of 2500 rows of DP table...
2022-01-04 21:13:57,079 - root - DEBUG - Processing 230-th line out of 2500 rows of DP table...
2022-01-04 21:13:57,860 - root - DEBUG - Processing 240-th line out of 2500 rows of DP table...
2022-01-04 21:13:58,642 - root - DEBUG - Processing 250-th line out of 2500 rows of DP table...
2022-01-04 21:13:59,426 - root - DEBUG - Processing 260-th line out of 2500 rows of DP table...
2022-01-04 21:14:00,191 - root - DEBUG - Processing 270-th line out of 2500 rows of DP table...
2022-01-04 21:14:00,958 - root - DEBUG - Processing 280-th line out of 2500 rows of DP table...
2022-01-04 21:14:01,729 - root - DEBUG - Processing 290-th line out of 2500 rows of DP table...
2022-01-04 21:14:02,485 - root - DEBUG - Processing 300-th line out of 2500 rows of DP table...
2022-01-04 21:14:03,248 - root - DEBUG - Processing 310-th line out of 2500 rows of DP table...
2022-01-04 21:14:04,008 - root - DEBUG - Processing 320-th line out of 2500 rows of DP table...
2022-01-04 21:14:04,762 - root - DEBUG - Processing 330-th line out of 2500 rows of DP table...
2022-01-04 21:14:05,508 - root - DEBUG - Processing 340-th line out of 2500 rows of DP table...
2022-01-04 21:14:06,252 - root - DEBUG - Processing 350-th line out of 2500 rows of DP table...
2022-01-04 21:14:06,986 - root - DEBUG - Processing 360-th line out of 2500 rows of DP table...
2022-01-04 21:14:07,726 - root - DEBUG - Processing 370-th line out of 2500 rows of DP table...
2022-01-04 21:14:08,460 - root - DEBUG - Processing 380-th line out of 2500 rows of DP table...
2022-01-04 21:14:09,185 - root - DEBUG - Processing 390-th line out of 2500 rows of DP table...
2022-01-04 21:14:09,916 - root - DEBUG - Processing 400-th line out of 2500 rows of DP table...
2022-01-04 21:14:10,640 - root - DEBUG - Processing 410-th line out of 2500 rows of DP table...
2022-01-04 21:14:11,355 - root - DEBUG - Processing 420-th line out of 2500 rows of DP table...
2022-01-04 21:14:12,073 - root - DEBUG - Processing 430-th line out of 2500 rows of DP table...
2022-01-04 21:14:12,782 - root - DEBUG - Processing 440-th line out of 2500 rows of DP table...
2022-01-04 21:14:13,495 - root - DEBUG - Processing 450-th line out of 2500 rows of DP table...
2022-01-04 21:14:14,204 - root - DEBUG - Processing 460-th line out of 2500 rows of DP table...
2022-01-04 21:14:14,902 - root - DEBUG - Processing 470-th line out of 2500 rows of DP table...
2022-01-04 21:14:15,622 - root - DEBUG - Processing 480-th line out of 2500 rows of DP table...
2022-01-04 21:14:16,371 - root - DEBUG - Processing 490-th line out of 2500 rows of DP table...
2022-01-04 21:14:17,071 - root - DEBUG - Processing 500-th line out of 2500 rows of DP table...
2022-01-04 21:14:17,771 - root - DEBUG - Processing 510-th line out of 2500 rows of DP table...
2022-01-04 21:14:18,471 - root - DEBUG - Processing 520-th line out of 2500 rows of DP table...
2022-01-04 21:14:19,178 - root - DEBUG - Processing 530-th line out of 2500 rows of DP table...
2022-01-04 21:14:19,867 - root - DEBUG - Processing 540-th line out of 2500 rows of DP table...
2022-01-04 21:14:20,548 - root - DEBUG - Processing 550-th line out of 2500 rows of DP table...
2022-01-04 21:14:21,237 - root - DEBUG - Processing 560-th line out of 2500 rows of DP table...
2022-01-04 21:14:21,925 - root - DEBUG - Processing 570-th line out of 2500 rows of DP table...
2022-01-04 21:14:22,614 - root - DEBUG - Processing 580-th line out of 2500 rows of DP table...
2022-01-04 21:14:23,285 - root - DEBUG - Processing 590-th line out of 2500 rows of DP table...
2022-01-04 21:14:23,979 - root - DEBUG - Processing 600-th line out of 2500 rows of DP table...
2022-01-04 21:14:24,635 - root - DEBUG - Processing 610-th line out of 2500 rows of DP table...
2022-01-04 21:14:25,294 - root - DEBUG - Processing 620-th line out of 2500 rows of DP table...
2022-01-04 21:14:26,020 - root - DEBUG - Processing 630-th line out of 2500 rows of DP table...
2022-01-04 21:14:26,659 - root - DEBUG - Processing 640-th line out of 2500 rows of DP table...
2022-01-04 21:14:27,302 - root - DEBUG - Processing 650-th line out of 2500 rows of DP table...
2022-01-04 21:14:27,945 - root - DEBUG - Processing 660-th line out of 2500 rows of DP table...
2022-01-04 21:14:28,579 - root - DEBUG - Processing 670-th line out of 2500 rows of DP table...
2022-01-04 21:14:29,219 - root - DEBUG - Processing 680-th line out of 2500 rows of DP table...
2022-01-04 21:14:29,842 - root - DEBUG - Processing 690-th line out of 2500 rows of DP table...
2022-01-04 21:14:30,468 - root - DEBUG - Processing 700-th line out of 2500 rows of DP table...
2022-01-04 21:14:31,089 - root - DEBUG - Processing 710-th line out of 2500 rows of DP table...
2022-01-04 21:14:31,707 - root - DEBUG - Processing 720-th line out of 2500 rows of DP table...
2022-01-04 21:14:32,324 - root - DEBUG - Processing 730-th line out of 2500 rows of DP table...
2022-01-04 21:14:32,939 - root - DEBUG - Processing 740-th line out of 2500 rows of DP table...
2022-01-04 21:14:33,564 - root - DEBUG - Processing 750-th line out of 2500 rows of DP table...
2022-01-04 21:14:34,166 - root - DEBUG - Processing 760-th line out of 2500 rows of DP table...
2022-01-04 21:14:34,773 - root - DEBUG - Processing 770-th line out of 2500 rows of DP table...
2022-01-04 21:14:35,372 - root - DEBUG - Processing 780-th line out of 2500 rows of DP table...
2022-01-04 21:14:35,968 - root - DEBUG - Processing 790-th line out of 2500 rows of DP table...
2022-01-04 21:14:36,554 - root - DEBUG - Processing 800-th line out of 2500 rows of DP table...
2022-01-04 21:14:37,143 - root - DEBUG - Processing 810-th line out of 2500 rows of DP table...
2022-01-04 21:14:37,724 - root - DEBUG - Processing 820-th line out of 2500 rows of DP table...
2022-01-04 21:14:38,306 - root - DEBUG - Processing 830-th line out of 2500 rows of DP table...
2022-01-04 21:14:38,883 - root - DEBUG - Processing 840-th line out of 2500 rows of DP table...
2022-01-04 21:14:39,464 - root - DEBUG - Processing 850-th line out of 2500 rows of DP table...
2022-01-04 21:14:40,030 - root - DEBUG - Processing 860-th line out of 2500 rows of DP table...
2022-01-04 21:14:40,602 - root - DEBUG - Processing 870-th line out of 2500 rows of DP table...
2022-01-04 21:14:41,165 - root - DEBUG - Processing 880-th line out of 2500 rows of DP table...
2022-01-04 21:14:41,730 - root - DEBUG - Processing 890-th line out of 2500 rows of DP table...
2022-01-04 21:14:42,286 - root - DEBUG - Processing 900-th line out of 2500 rows of DP table...
2022-01-04 21:14:42,844 - root - DEBUG - Processing 910-th line out of 2500 rows of DP table...
2022-01-04 21:14:43,391 - root - DEBUG - Processing 920-th line out of 2500 rows of DP table...
2022-01-04 21:14:43,944 - root - DEBUG - Processing 930-th line out of 2500 rows of DP table...
2022-01-04 21:14:44,488 - root - DEBUG - Processing 940-th line out of 2500 rows of DP table...
2022-01-04 21:14:45,030 - root - DEBUG - Processing 950-th line out of 2500 rows of DP table...
2022-01-04 21:14:45,565 - root - DEBUG - Processing 960-th line out of 2500 rows of DP table...
2022-01-04 21:14:46,106 - root - DEBUG - Processing 970-th line out of 2500 rows of DP table...
2022-01-04 21:14:46,632 - root - DEBUG - Processing 980-th line out of 2500 rows of DP table...
2022-01-04 21:14:47,157 - root - DEBUG - Processing 990-th line out of 2500 rows of DP table...
2022-01-04 21:14:47,682 - root - DEBUG - Processing 1000-th line out of 2500 rows of DP table...
2022-01-04 21:14:48,201 - root - DEBUG - Processing 1010-th line out of 2500 rows of DP table...
2022-01-04 21:14:48,721 - root - DEBUG - Processing 1020-th line out of 2500 rows of DP table...
2022-01-04 21:14:49,236 - root - DEBUG - Processing 1030-th line out of 2500 rows of DP table...
2022-01-04 21:14:49,766 - root - DEBUG - Processing 1040-th line out of 2500 rows of DP table...
2022-01-04 21:14:50,274 - root - DEBUG - Processing 1050-th line out of 2500 rows of DP table...
2022-01-04 21:14:50,804 - root - DEBUG - Processing 1060-th line out of 2500 rows of DP table...
2022-01-04 21:14:51,311 - root - DEBUG - Processing 1070-th line out of 2500 rows of DP table...
2022-01-04 21:14:51,818 - root - DEBUG - Processing 1080-th line out of 2500 rows of DP table...
2022-01-04 21:14:52,349 - root - DEBUG - Processing 1090-th line out of 2500 rows of DP table...
2022-01-04 21:14:52,839 - root - DEBUG - Processing 1100-th line out of 2500 rows of DP table...
2022-01-04 21:14:53,331 - root - DEBUG - Processing 1110-th line out of 2500 rows of DP table...
2022-01-04 21:14:53,813 - root - DEBUG - Processing 1120-th line out of 2500 rows of DP table...
2022-01-04 21:14:54,303 - root - DEBUG - Processing 1130-th line out of 2500 rows of DP table...
2022-01-04 21:14:54,777 - root - DEBUG - Processing 1140-th line out of 2500 rows of DP table...
2022-01-04 21:14:55,256 - root - DEBUG - Processing 1150-th line out of 2500 rows of DP table...
2022-01-04 21:14:55,726 - root - DEBUG - Processing 1160-th line out of 2500 rows of DP table...
2022-01-04 21:14:56,193 - root - DEBUG - Processing 1170-th line out of 2500 rows of DP table...
2022-01-04 21:14:56,659 - root - DEBUG - Processing 1180-th line out of 2500 rows of DP table...
2022-01-04 21:14:57,119 - root - DEBUG - Processing 1190-th line out of 2500 rows of DP table...
2022-01-04 21:14:57,580 - root - DEBUG - Processing 1200-th line out of 2500 rows of DP table...
2022-01-04 21:14:58,031 - root - DEBUG - Processing 1210-th line out of 2500 rows of DP table...
2022-01-04 21:14:58,481 - root - DEBUG - Processing 1220-th line out of 2500 rows of DP table...
2022-01-04 21:14:58,931 - root - DEBUG - Processing 1230-th line out of 2500 rows of DP table...
2022-01-04 21:14:59,371 - root - DEBUG - Processing 1240-th line out of 2500 rows of DP table...
2022-01-04 21:14:59,816 - root - DEBUG - Processing 1250-th line out of 2500 rows of DP table...
2022-01-04 21:15:00,251 - root - DEBUG - Processing 1260-th line out of 2500 rows of DP table...
2022-01-04 21:15:00,690 - root - DEBUG - Processing 1270-th line out of 2500 rows of DP table...
2022-01-04 21:15:01,122 - root - DEBUG - Processing 1280-th line out of 2500 rows of DP table...
2022-01-04 21:15:01,546 - root - DEBUG - Processing 1290-th line out of 2500 rows of DP table...
2022-01-04 21:15:01,965 - root - DEBUG - Processing 1300-th line out of 2500 rows of DP table...
2022-01-04 21:15:02,388 - root - DEBUG - Processing 1310-th line out of 2500 rows of DP table...
2022-01-04 21:15:02,804 - root - DEBUG - Processing 1320-th line out of 2500 rows of DP table...
2022-01-04 21:15:03,220 - root - DEBUG - Processing 1330-th line out of 2500 rows of DP table...
2022-01-04 21:15:03,627 - root - DEBUG - Processing 1340-th line out of 2500 rows of DP table...
2022-01-04 21:15:04,030 - root - DEBUG - Processing 1350-th line out of 2500 rows of DP table...
2022-01-04 21:15:04,436 - root - DEBUG - Processing 1360-th line out of 2500 rows of DP table...
2022-01-04 21:15:04,842 - root - DEBUG - Processing 1370-th line out of 2500 rows of DP table...
2022-01-04 21:15:05,235 - root - DEBUG - Processing 1380-th line out of 2500 rows of DP table...
2022-01-04 21:15:05,632 - root - DEBUG - Processing 1390-th line out of 2500 rows of DP table...
2022-01-04 21:15:06,018 - root - DEBUG - Processing 1400-th line out of 2500 rows of DP table...
2022-01-04 21:15:06,402 - root - DEBUG - Processing 1410-th line out of 2500 rows of DP table...
2022-01-04 21:15:06,788 - root - DEBUG - Processing 1420-th line out of 2500 rows of DP table...
2022-01-04 21:15:07,166 - root - DEBUG - Processing 1430-th line out of 2500 rows of DP table...
2022-01-04 21:15:07,539 - root - DEBUG - Processing 1440-th line out of 2500 rows of DP table...
2022-01-04 21:15:07,913 - root - DEBUG - Processing 1450-th line out of 2500 rows of DP table...
2022-01-04 21:15:08,279 - root - DEBUG - Processing 1460-th line out of 2500 rows of DP table...
2022-01-04 21:15:08,642 - root - DEBUG - Processing 1470-th line out of 2500 rows of DP table...
2022-01-04 21:15:09,043 - root - DEBUG - Processing 1480-th line out of 2500 rows of DP table...
2022-01-04 21:15:09,400 - root - DEBUG - Processing 1490-th line out of 2500 rows of DP table...
2022-01-04 21:15:09,754 - root - DEBUG - Processing 1500-th line out of 2500 rows of DP table...
2022-01-04 21:15:10,111 - root - DEBUG - Processing 1510-th line out of 2500 rows of DP table...
2022-01-04 21:15:10,460 - root - DEBUG - Processing 1520-th line out of 2500 rows of DP table...
2022-01-04 21:15:10,803 - root - DEBUG - Processing 1530-th line out of 2500 rows of DP table...
2022-01-04 21:15:11,152 - root - DEBUG - Processing 1540-th line out of 2500 rows of DP table...
2022-01-04 21:15:11,494 - root - DEBUG - Processing 1550-th line out of 2500 rows of DP table...
2022-01-04 21:15:11,825 - root - DEBUG - Processing 1560-th line out of 2500 rows of DP table...
2022-01-04 21:15:12,156 - root - DEBUG - Processing 1570-th line out of 2500 rows of DP table...
2022-01-04 21:15:12,488 - root - DEBUG - Processing 1580-th line out of 2500 rows of DP table...
2022-01-04 21:15:12,811 - root - DEBUG - Processing 1590-th line out of 2500 rows of DP table...
2022-01-04 21:15:13,133 - root - DEBUG - Processing 1600-th line out of 2500 rows of DP table...
2022-01-04 21:15:13,447 - root - DEBUG - Processing 1610-th line out of 2500 rows of DP table...
2022-01-04 21:15:13,765 - root - DEBUG - Processing 1620-th line out of 2500 rows of DP table...
2022-01-04 21:15:14,073 - root - DEBUG - Processing 1630-th line out of 2500 rows of DP table...
2022-01-04 21:15:14,379 - root - DEBUG - Processing 1640-th line out of 2500 rows of DP table...
2022-01-04 21:15:14,688 - root - DEBUG - Processing 1650-th line out of 2500 rows of DP table...
2022-01-04 21:15:14,988 - root - DEBUG - Processing 1660-th line out of 2500 rows of DP table...
2022-01-04 21:15:15,293 - root - DEBUG - Processing 1670-th line out of 2500 rows of DP table...
2022-01-04 21:15:15,584 - root - DEBUG - Processing 1680-th line out of 2500 rows of DP table...
2022-01-04 21:15:15,879 - root - DEBUG - Processing 1690-th line out of 2500 rows of DP table...
2022-01-04 21:15:16,164 - root - DEBUG - Processing 1700-th line out of 2500 rows of DP table...
2022-01-04 21:15:16,448 - root - DEBUG - Processing 1710-th line out of 2500 rows of DP table...
2022-01-04 21:15:16,728 - root - DEBUG - Processing 1720-th line out of 2500 rows of DP table...
2022-01-04 21:15:17,008 - root - DEBUG - Processing 1730-th line out of 2500 rows of DP table...
2022-01-04 21:15:17,281 - root - DEBUG - Processing 1740-th line out of 2500 rows of DP table...
2022-01-04 21:15:17,557 - root - DEBUG - Processing 1750-th line out of 2500 rows of DP table...
2022-01-04 21:15:17,821 - root - DEBUG - Processing 1760-th line out of 2500 rows of DP table...
2022-01-04 21:15:18,087 - root - DEBUG - Processing 1770-th line out of 2500 rows of DP table...
2022-01-04 21:15:18,346 - root - DEBUG - Processing 1780-th line out of 2500 rows of DP table...
2022-01-04 21:15:18,600 - root - DEBUG - Processing 1790-th line out of 2500 rows of DP table...
2022-01-04 21:15:18,853 - root - DEBUG - Processing 1800-th line out of 2500 rows of DP table...
2022-01-04 21:15:19,101 - root - DEBUG - Processing 1810-th line out of 2500 rows of DP table...
2022-01-04 21:15:19,352 - root - DEBUG - Processing 1820-th line out of 2500 rows of DP table...
2022-01-04 21:15:19,598 - root - DEBUG - Processing 1830-th line out of 2500 rows of DP table...
2022-01-04 21:15:19,835 - root - DEBUG - Processing 1840-th line out of 2500 rows of DP table...
2022-01-04 21:15:20,230 - root - DEBUG - Processing 1850-th line out of 2500 rows of DP table...
2022-01-04 21:15:20,618 - root - DEBUG - Processing 1860-th line out of 2500 rows of DP table...
2022-01-04 21:15:20,845 - root - DEBUG - Processing 1870-th line out of 2500 rows of DP table...
2022-01-04 21:15:21,069 - root - DEBUG - Processing 1880-th line out of 2500 rows of DP table...
2022-01-04 21:15:21,290 - root - DEBUG - Processing 1890-th line out of 2500 rows of DP table...
2022-01-04 21:15:21,508 - root - DEBUG - Processing 1900-th line out of 2500 rows of DP table...
2022-01-04 21:15:21,728 - root - DEBUG - Processing 1910-th line out of 2500 rows of DP table...
2022-01-04 21:15:21,938 - root - DEBUG - Processing 1920-th line out of 2500 rows of DP table...
2022-01-04 21:15:22,146 - root - DEBUG - Processing 1930-th line out of 2500 rows of DP table...
2022-01-04 21:15:22,350 - root - DEBUG - Processing 1940-th line out of 2500 rows of DP table...
2022-01-04 21:15:22,551 - root - DEBUG - Processing 1950-th line out of 2500 rows of DP table...
2022-01-04 21:15:22,754 - root - DEBUG - Processing 1960-th line out of 2500 rows of DP table...
2022-01-04 21:15:22,949 - root - DEBUG - Processing 1970-th line out of 2500 rows of DP table...
2022-01-04 21:15:23,155 - root - DEBUG - Processing 1980-th line out of 2500 rows of DP table...
2022-01-04 21:15:23,341 - root - DEBUG - Processing 1990-th line out of 2500 rows of DP table...
2022-01-04 21:15:23,548 - root - DEBUG - Processing 2000-th line out of 2500 rows of DP table...
2022-01-04 21:15:23,743 - root - DEBUG - Processing 2010-th line out of 2500 rows of DP table...
2022-01-04 21:15:23,926 - root - DEBUG - Processing 2020-th line out of 2500 rows of DP table...
2022-01-04 21:15:24,103 - root - DEBUG - Processing 2030-th line out of 2500 rows of DP table...
2022-01-04 21:15:24,276 - root - DEBUG - Processing 2040-th line out of 2500 rows of DP table...
2022-01-04 21:15:24,446 - root - DEBUG - Processing 2050-th line out of 2500 rows of DP table...
2022-01-04 21:15:24,610 - root - DEBUG - Processing 2060-th line out of 2500 rows of DP table...
2022-01-04 21:15:24,770 - root - DEBUG - Processing 2070-th line out of 2500 rows of DP table...
2022-01-04 21:15:24,969 - root - DEBUG - Processing 2080-th line out of 2500 rows of DP table...
2022-01-04 21:15:25,127 - root - DEBUG - Processing 2090-th line out of 2500 rows of DP table...
2022-01-04 21:15:25,278 - root - DEBUG - Processing 2100-th line out of 2500 rows of DP table...
2022-01-04 21:15:25,425 - root - DEBUG - Processing 2110-th line out of 2500 rows of DP table...
2022-01-04 21:15:25,568 - root - DEBUG - Processing 2120-th line out of 2500 rows of DP table...
2022-01-04 21:15:25,710 - root - DEBUG - Processing 2130-th line out of 2500 rows of DP table...
2022-01-04 21:15:25,855 - root - DEBUG - Processing 2140-th line out of 2500 rows of DP table...
2022-01-04 21:15:26,005 - root - DEBUG - Processing 2150-th line out of 2500 rows of DP table...
2022-01-04 21:15:26,135 - root - DEBUG - Processing 2160-th line out of 2500 rows of DP table...
2022-01-04 21:15:26,269 - root - DEBUG - Processing 2170-th line out of 2500 rows of DP table...
2022-01-04 21:15:26,393 - root - DEBUG - Processing 2180-th line out of 2500 rows of DP table...
2022-01-04 21:15:26,513 - root - DEBUG - Processing 2190-th line out of 2500 rows of DP table...
2022-01-04 21:15:26,630 - root - DEBUG - Processing 2200-th line out of 2500 rows of DP table...
2022-01-04 21:15:26,744 - root - DEBUG - Processing 2210-th line out of 2500 rows of DP table...
2022-01-04 21:15:26,854 - root - DEBUG - Processing 2220-th line out of 2500 rows of DP table...
2022-01-04 21:15:26,960 - root - DEBUG - Processing 2230-th line out of 2500 rows of DP table...
2022-01-04 21:15:27,065 - root - DEBUG - Processing 2240-th line out of 2500 rows of DP table...
2022-01-04 21:15:27,165 - root - DEBUG - Processing 2250-th line out of 2500 rows of DP table...
2022-01-04 21:15:27,262 - root - DEBUG - Processing 2260-th line out of 2500 rows of DP table...
2022-01-04 21:15:27,362 - root - DEBUG - Processing 2270-th line out of 2500 rows of DP table...
2022-01-04 21:15:27,452 - root - DEBUG - Processing 2280-th line out of 2500 rows of DP table...
2022-01-04 21:15:27,539 - root - DEBUG - Processing 2290-th line out of 2500 rows of DP table...
2022-01-04 21:15:27,622 - root - DEBUG - Processing 2300-th line out of 2500 rows of DP table...
2022-01-04 21:15:27,701 - root - DEBUG - Processing 2310-th line out of 2500 rows of DP table...
2022-01-04 21:15:27,778 - root - DEBUG - Processing 2320-th line out of 2500 rows of DP table...
2022-01-04 21:15:27,851 - root - DEBUG - Processing 2330-th line out of 2500 rows of DP table...
2022-01-04 21:15:27,921 - root - DEBUG - Processing 2340-th line out of 2500 rows of DP table...
2022-01-04 21:15:27,987 - root - DEBUG - Processing 2350-th line out of 2500 rows of DP table...
2022-01-04 21:15:28,049 - root - DEBUG - Processing 2360-th line out of 2500 rows of DP table...
2022-01-04 21:15:28,108 - root - DEBUG - Processing 2370-th line out of 2500 rows of DP table...
2022-01-04 21:15:28,164 - root - DEBUG - Processing 2380-th line out of 2500 rows of DP table...
2022-01-04 21:15:28,216 - root - DEBUG - Processing 2390-th line out of 2500 rows of DP table...
2022-01-04 21:15:28,265 - root - DEBUG - Processing 2400-th line out of 2500 rows of DP table...
2022-01-04 21:15:28,310 - root - DEBUG - Processing 2410-th line out of 2500 rows of DP table...
2022-01-04 21:15:28,352 - root - DEBUG - Processing 2420-th line out of 2500 rows of DP table...
2022-01-04 21:15:28,390 - root - DEBUG - Processing 2430-th line out of 2500 rows of DP table...
2022-01-04 21:15:28,425 - root - DEBUG - Processing 2440-th line out of 2500 rows of DP table...
2022-01-04 21:15:28,457 - root - DEBUG - Processing 2450-th line out of 2500 rows of DP table...
2022-01-04 21:15:28,492 - root - DEBUG - Processing 2460-th line out of 2500 rows of DP table...
2022-01-04 21:15:28,517 - root - DEBUG - Processing 2470-th line out of 2500 rows of DP table...
2022-01-04 21:15:28,538 - root - DEBUG - Processing 2480-th line out of 2500 rows of DP table...
2022-01-04 21:15:28,556 - root - DEBUG - Processing 2490-th line out of 2500 rows of DP table...
2022-01-04 21:15:28,571 - root - DEBUG - Processing 2500-th line out of 2500 rows of DP table...
2022-01-04 21:15:28,585 - root - DEBUG - Started computing joint logprobs...
