2022-01-04 21:18:09,522 - root - INFO - Loading reference interval set from '211227-2-sim/g23_3.ref.tsv'...
2022-01-04 21:18:09,530 - root - INFO - Loading query interval set from '211227-2-sim/g23_3.query.tsv'...
2022-01-04 21:18:09,548 - root - INFO - Loading chromosome sizes from '211227-2-sim/g23_sizes.tsv'...
2022-01-04 21:18:09,552 - root - INFO - Number of reference intervals: 2500 (2500 before merging)
2022-01-04 21:18:09,554 - root - INFO - Number of query intervals: 500 (500 before merging)
2022-01-04 21:18:09,555 - root - INFO - Number of chromosomes: 1
2022-01-04 21:18:09,563 - root - INFO - Overlap count: 272
2022-01-04 21:18:09,565 - root - DEBUG - Started computing sf for chromosome 'chr1'...
2022-01-04 21:18:09,567 - root - DEBUG - m=2500, n=500
2022-01-04 21:18:10,573 - root - DEBUG - Processing 10-th line out of 2500 rows of DP table...
2022-01-04 21:18:11,426 - root - DEBUG - Processing 20-th line out of 2500 rows of DP table...
2022-01-04 21:18:12,275 - root - DEBUG - Processing 30-th line out of 2500 rows of DP table...
2022-01-04 21:18:13,118 - root - DEBUG - Processing 40-th line out of 2500 rows of DP table...
2022-01-04 21:18:13,965 - root - DEBUG - Processing 50-th line out of 2500 rows of DP table...
2022-01-04 21:18:14,822 - root - DEBUG - Processing 60-th line out of 2500 rows of DP table...
2022-01-04 21:18:15,661 - root - DEBUG - Processing 70-th line out of 2500 rows of DP table...
2022-01-04 21:18:16,496 - root - DEBUG - Processing 80-th line out of 2500 rows of DP table...
2022-01-04 21:18:17,322 - root - DEBUG - Processing 90-th line out of 2500 rows of DP table...
2022-01-04 21:18:18,148 - root - DEBUG - Processing 100-th line out of 2500 rows of DP table...
2022-01-04 21:18:18,977 - root - DEBUG - Processing 110-th line out of 2500 rows of DP table...
2022-01-04 21:18:19,994 - root - DEBUG - Processing 120-th line out of 2500 rows of DP table...
2022-01-04 21:18:21,178 - root - DEBUG - Processing 130-th line out of 2500 rows of DP table...
2022-01-04 21:18:21,994 - root - DEBUG - Processing 140-th line out of 2500 rows of DP table...
2022-01-04 21:18:22,802 - root - DEBUG - Processing 150-th line out of 2500 rows of DP table...
2022-01-04 21:18:23,613 - root - DEBUG - Processing 160-th line out of 2500 rows of DP table...
2022-01-04 21:18:24,409 - root - DEBUG - Processing 170-th line out of 2500 rows of DP table...
2022-01-04 21:18:25,222 - root - DEBUG - Processing 180-th line out of 2500 rows of DP table...
2022-01-04 21:18:26,026 - root - DEBUG - Processing 190-th line out of 2500 rows of DP table...
2022-01-04 21:18:26,816 - root - DEBUG - Processing 200-th line out of 2500 rows of DP table...
2022-01-04 21:18:27,603 - root - DEBUG - Processing 210-th line out of 2500 rows of DP table...
2022-01-04 21:18:28,393 - root - DEBUG - Processing 220-th line out of 2500 rows of DP table...
2022-01-04 21:18:29,176 - root - DEBUG - Processing 230-th line out of 2500 rows of DP table...
2022-01-04 21:18:29,960 - root - DEBUG - Processing 240-th line out of 2500 rows of DP table...
2022-01-04 21:18:30,735 - root - DEBUG - Processing 250-th line out of 2500 rows of DP table...
2022-01-04 21:18:31,508 - root - DEBUG - Processing 260-th line out of 2500 rows of DP table...
2022-01-04 21:18:32,282 - root - DEBUG - Processing 270-th line out of 2500 rows of DP table...
2022-01-04 21:18:33,048 - root - DEBUG - Processing 280-th line out of 2500 rows of DP table...
2022-01-04 21:18:33,812 - root - DEBUG - Processing 290-th line out of 2500 rows of DP table...
2022-01-04 21:18:34,574 - root - DEBUG - Processing 300-th line out of 2500 rows of DP table...
2022-01-04 21:18:35,339 - root - DEBUG - Processing 310-th line out of 2500 rows of DP table...
2022-01-04 21:18:36,091 - root - DEBUG - Processing 320-th line out of 2500 rows of DP table...
2022-01-04 21:18:36,832 - root - DEBUG - Processing 330-th line out of 2500 rows of DP table...
2022-01-04 21:18:37,571 - root - DEBUG - Processing 340-th line out of 2500 rows of DP table...
2022-01-04 21:18:38,307 - root - DEBUG - Processing 350-th line out of 2500 rows of DP table...
2022-01-04 21:18:39,040 - root - DEBUG - Processing 360-th line out of 2500 rows of DP table...
2022-01-04 21:18:39,773 - root - DEBUG - Processing 370-th line out of 2500 rows of DP table...
2022-01-04 21:18:40,500 - root - DEBUG - Processing 380-th line out of 2500 rows of DP table...
2022-01-04 21:18:41,222 - root - DEBUG - Processing 390-th line out of 2500 rows of DP table...
2022-01-04 21:18:41,940 - root - DEBUG - Processing 400-th line out of 2500 rows of DP table...
2022-01-04 21:18:42,656 - root - DEBUG - Processing 410-th line out of 2500 rows of DP table...
2022-01-04 21:18:43,369 - root - DEBUG - Processing 420-th line out of 2500 rows of DP table...
2022-01-04 21:18:44,083 - root - DEBUG - Processing 430-th line out of 2500 rows of DP table...
2022-01-04 21:18:44,790 - root - DEBUG - Processing 440-th line out of 2500 rows of DP table...
2022-01-04 21:18:45,501 - root - DEBUG - Processing 450-th line out of 2500 rows of DP table...
2022-01-04 21:18:46,202 - root - DEBUG - Processing 460-th line out of 2500 rows of DP table...
2022-01-04 21:18:46,901 - root - DEBUG - Processing 470-th line out of 2500 rows of DP table...
2022-01-04 21:18:47,597 - root - DEBUG - Processing 480-th line out of 2500 rows of DP table...
2022-01-04 21:18:48,287 - root - DEBUG - Processing 490-th line out of 2500 rows of DP table...
2022-01-04 21:18:48,977 - root - DEBUG - Processing 500-th line out of 2500 rows of DP table...
2022-01-04 21:18:49,660 - root - DEBUG - Processing 510-th line out of 2500 rows of DP table...
2022-01-04 21:18:50,337 - root - DEBUG - Processing 520-th line out of 2500 rows of DP table...
2022-01-04 21:18:51,015 - root - DEBUG - Processing 530-th line out of 2500 rows of DP table...
2022-01-04 21:18:51,688 - root - DEBUG - Processing 540-th line out of 2500 rows of DP table...
2022-01-04 21:18:52,356 - root - DEBUG - Processing 550-th line out of 2500 rows of DP table...
2022-01-04 21:18:53,018 - root - DEBUG - Processing 560-th line out of 2500 rows of DP table...
2022-01-04 21:18:53,678 - root - DEBUG - Processing 570-th line out of 2500 rows of DP table...
2022-01-04 21:18:54,337 - root - DEBUG - Processing 580-th line out of 2500 rows of DP table...
2022-01-04 21:18:54,995 - root - DEBUG - Processing 590-th line out of 2500 rows of DP table...
2022-01-04 21:18:55,647 - root - DEBUG - Processing 600-th line out of 2500 rows of DP table...
2022-01-04 21:18:56,297 - root - DEBUG - Processing 610-th line out of 2500 rows of DP table...
2022-01-04 21:18:56,946 - root - DEBUG - Processing 620-th line out of 2500 rows of DP table...
2022-01-04 21:18:57,589 - root - DEBUG - Processing 630-th line out of 2500 rows of DP table...
2022-01-04 21:18:58,226 - root - DEBUG - Processing 640-th line out of 2500 rows of DP table...
2022-01-04 21:18:58,862 - root - DEBUG - Processing 650-th line out of 2500 rows of DP table...
2022-01-04 21:18:59,497 - root - DEBUG - Processing 660-th line out of 2500 rows of DP table...
2022-01-04 21:19:00,128 - root - DEBUG - Processing 670-th line out of 2500 rows of DP table...
2022-01-04 21:19:00,757 - root - DEBUG - Processing 680-th line out of 2500 rows of DP table...
2022-01-04 21:19:01,383 - root - DEBUG - Processing 690-th line out of 2500 rows of DP table...
2022-01-04 21:19:02,004 - root - DEBUG - Processing 700-th line out of 2500 rows of DP table...
2022-01-04 21:19:02,622 - root - DEBUG - Processing 710-th line out of 2500 rows of DP table...
2022-01-04 21:19:03,235 - root - DEBUG - Processing 720-th line out of 2500 rows of DP table...
2022-01-04 21:19:03,845 - root - DEBUG - Processing 730-th line out of 2500 rows of DP table...
2022-01-04 21:19:04,450 - root - DEBUG - Processing 740-th line out of 2500 rows of DP table...
2022-01-04 21:19:05,052 - root - DEBUG - Processing 750-th line out of 2500 rows of DP table...
2022-01-04 21:19:05,649 - root - DEBUG - Processing 760-th line out of 2500 rows of DP table...
2022-01-04 21:19:06,245 - root - DEBUG - Processing 770-th line out of 2500 rows of DP table...
2022-01-04 21:19:06,838 - root - DEBUG - Processing 780-th line out of 2500 rows of DP table...
2022-01-04 21:19:07,429 - root - DEBUG - Processing 790-th line out of 2500 rows of DP table...
2022-01-04 21:19:08,016 - root - DEBUG - Processing 800-th line out of 2500 rows of DP table...
2022-01-04 21:19:08,599 - root - DEBUG - Processing 810-th line out of 2500 rows of DP table...
2022-01-04 21:19:09,179 - root - DEBUG - Processing 820-th line out of 2500 rows of DP table...
2022-01-04 21:19:09,753 - root - DEBUG - Processing 830-th line out of 2500 rows of DP table...
2022-01-04 21:19:10,327 - root - DEBUG - Processing 840-th line out of 2500 rows of DP table...
2022-01-04 21:19:10,896 - root - DEBUG - Processing 850-th line out of 2500 rows of DP table...
2022-01-04 21:19:11,462 - root - DEBUG - Processing 860-th line out of 2500 rows of DP table...
2022-01-04 21:19:12,025 - root - DEBUG - Processing 870-th line out of 2500 rows of DP table...
2022-01-04 21:19:12,586 - root - DEBUG - Processing 880-th line out of 2500 rows of DP table...
2022-01-04 21:19:13,143 - root - DEBUG - Processing 890-th line out of 2500 rows of DP table...
2022-01-04 21:19:13,696 - root - DEBUG - Processing 900-th line out of 2500 rows of DP table...
2022-01-04 21:19:14,247 - root - DEBUG - Processing 910-th line out of 2500 rows of DP table...
2022-01-04 21:19:14,792 - root - DEBUG - Processing 920-th line out of 2500 rows of DP table...
2022-01-04 21:19:15,337 - root - DEBUG - Processing 930-th line out of 2500 rows of DP table...
2022-01-04 21:19:15,878 - root - DEBUG - Processing 940-th line out of 2500 rows of DP table...
2022-01-04 21:19:16,417 - root - DEBUG - Processing 950-th line out of 2500 rows of DP table...
2022-01-04 21:19:16,952 - root - DEBUG - Processing 960-th line out of 2500 rows of DP table...
2022-01-04 21:19:17,483 - root - DEBUG - Processing 970-th line out of 2500 rows of DP table...
2022-01-04 21:19:18,011 - root - DEBUG - Processing 980-th line out of 2500 rows of DP table...
2022-01-04 21:19:18,532 - root - DEBUG - Processing 990-th line out of 2500 rows of DP table...
2022-01-04 21:19:19,054 - root - DEBUG - Processing 1000-th line out of 2500 rows of DP table...
2022-01-04 21:19:19,570 - root - DEBUG - Processing 1010-th line out of 2500 rows of DP table...
2022-01-04 21:19:20,086 - root - DEBUG - Processing 1020-th line out of 2500 rows of DP table...
2022-01-04 21:19:20,599 - root - DEBUG - Processing 1030-th line out of 2500 rows of DP table...
2022-01-04 21:19:21,107 - root - DEBUG - Processing 1040-th line out of 2500 rows of DP table...
2022-01-04 21:19:21,611 - root - DEBUG - Processing 1050-th line out of 2500 rows of DP table...
2022-01-04 21:19:22,112 - root - DEBUG - Processing 1060-th line out of 2500 rows of DP table...
2022-01-04 21:19:22,609 - root - DEBUG - Processing 1070-th line out of 2500 rows of DP table...
2022-01-04 21:19:23,104 - root - DEBUG - Processing 1080-th line out of 2500 rows of DP table...
2022-01-04 21:19:23,593 - root - DEBUG - Processing 1090-th line out of 2500 rows of DP table...
2022-01-04 21:19:24,081 - root - DEBUG - Processing 1100-th line out of 2500 rows of DP table...
2022-01-04 21:19:24,564 - root - DEBUG - Processing 1110-th line out of 2500 rows of DP table...
2022-01-04 21:19:25,046 - root - DEBUG - Processing 1120-th line out of 2500 rows of DP table...
2022-01-04 21:19:25,523 - root - DEBUG - Processing 1130-th line out of 2500 rows of DP table...
2022-01-04 21:19:25,996 - root - DEBUG - Processing 1140-th line out of 2500 rows of DP table...
2022-01-04 21:19:26,467 - root - DEBUG - Processing 1150-th line out of 2500 rows of DP table...
2022-01-04 21:19:26,935 - root - DEBUG - Processing 1160-th line out of 2500 rows of DP table...
2022-01-04 21:19:27,404 - root - DEBUG - Processing 1170-th line out of 2500 rows of DP table...
2022-01-04 21:19:27,864 - root - DEBUG - Processing 1180-th line out of 2500 rows of DP table...
2022-01-04 21:19:28,324 - root - DEBUG - Processing 1190-th line out of 2500 rows of DP table...
2022-01-04 21:19:28,776 - root - DEBUG - Processing 1200-th line out of 2500 rows of DP table...
2022-01-04 21:19:29,226 - root - DEBUG - Processing 1210-th line out of 2500 rows of DP table...
2022-01-04 21:19:29,673 - root - DEBUG - Processing 1220-th line out of 2500 rows of DP table...
2022-01-04 21:19:30,118 - root - DEBUG - Processing 1230-th line out of 2500 rows of DP table...
2022-01-04 21:19:30,558 - root - DEBUG - Processing 1240-th line out of 2500 rows of DP table...
2022-01-04 21:19:30,994 - root - DEBUG - Processing 1250-th line out of 2500 rows of DP table...
2022-01-04 21:19:31,427 - root - DEBUG - Processing 1260-th line out of 2500 rows of DP table...
2022-01-04 21:19:31,855 - root - DEBUG - Processing 1270-th line out of 2500 rows of DP table...
2022-01-04 21:19:32,282 - root - DEBUG - Processing 1280-th line out of 2500 rows of DP table...
2022-01-04 21:19:32,706 - root - DEBUG - Processing 1290-th line out of 2500 rows of DP table...
2022-01-04 21:19:33,126 - root - DEBUG - Processing 1300-th line out of 2500 rows of DP table...
2022-01-04 21:19:33,544 - root - DEBUG - Processing 1310-th line out of 2500 rows of DP table...
2022-01-04 21:19:33,956 - root - DEBUG - Processing 1320-th line out of 2500 rows of DP table...
2022-01-04 21:19:34,367 - root - DEBUG - Processing 1330-th line out of 2500 rows of DP table...
2022-01-04 21:19:34,774 - root - DEBUG - Processing 1340-th line out of 2500 rows of DP table...
2022-01-04 21:19:35,177 - root - DEBUG - Processing 1350-th line out of 2500 rows of DP table...
2022-01-04 21:19:35,576 - root - DEBUG - Processing 1360-th line out of 2500 rows of DP table...
2022-01-04 21:19:35,972 - root - DEBUG - Processing 1370-th line out of 2500 rows of DP table...
2022-01-04 21:19:36,365 - root - DEBUG - Processing 1380-th line out of 2500 rows of DP table...
2022-01-04 21:19:36,756 - root - DEBUG - Processing 1390-th line out of 2500 rows of DP table...
2022-01-04 21:19:37,143 - root - DEBUG - Processing 1400-th line out of 2500 rows of DP table...
2022-01-04 21:19:37,527 - root - DEBUG - Processing 1410-th line out of 2500 rows of DP table...
2022-01-04 21:19:37,906 - root - DEBUG - Processing 1420-th line out of 2500 rows of DP table...
2022-01-04 21:19:38,282 - root - DEBUG - Processing 1430-th line out of 2500 rows of DP table...
2022-01-04 21:19:38,654 - root - DEBUG - Processing 1440-th line out of 2500 rows of DP table...
2022-01-04 21:19:39,023 - root - DEBUG - Processing 1450-th line out of 2500 rows of DP table...
2022-01-04 21:19:39,388 - root - DEBUG - Processing 1460-th line out of 2500 rows of DP table...
2022-01-04 21:19:39,750 - root - DEBUG - Processing 1470-th line out of 2500 rows of DP table...
2022-01-04 21:19:40,110 - root - DEBUG - Processing 1480-th line out of 2500 rows of DP table...
2022-01-04 21:19:40,467 - root - DEBUG - Processing 1490-th line out of 2500 rows of DP table...
2022-01-04 21:19:40,820 - root - DEBUG - Processing 1500-th line out of 2500 rows of DP table...
2022-01-04 21:19:41,170 - root - DEBUG - Processing 1510-th line out of 2500 rows of DP table...
2022-01-04 21:19:41,516 - root - DEBUG - Processing 1520-th line out of 2500 rows of DP table...
2022-01-04 21:19:41,856 - root - DEBUG - Processing 1530-th line out of 2500 rows of DP table...
2022-01-04 21:19:42,195 - root - DEBUG - Processing 1540-th line out of 2500 rows of DP table...
2022-01-04 21:19:42,532 - root - DEBUG - Processing 1550-th line out of 2500 rows of DP table...
2022-01-04 21:19:42,864 - root - DEBUG - Processing 1560-th line out of 2500 rows of DP table...
2022-01-04 21:19:43,192 - root - DEBUG - Processing 1570-th line out of 2500 rows of DP table...
2022-01-04 21:19:43,518 - root - DEBUG - Processing 1580-th line out of 2500 rows of DP table...
2022-01-04 21:19:43,842 - root - DEBUG - Processing 1590-th line out of 2500 rows of DP table...
2022-01-04 21:19:44,160 - root - DEBUG - Processing 1600-th line out of 2500 rows of DP table...
2022-01-04 21:19:44,476 - root - DEBUG - Processing 1610-th line out of 2500 rows of DP table...
2022-01-04 21:19:44,789 - root - DEBUG - Processing 1620-th line out of 2500 rows of DP table...
2022-01-04 21:19:45,099 - root - DEBUG - Processing 1630-th line out of 2500 rows of DP table...
2022-01-04 21:19:45,404 - root - DEBUG - Processing 1640-th line out of 2500 rows of DP table...
2022-01-04 21:19:45,705 - root - DEBUG - Processing 1650-th line out of 2500 rows of DP table...
2022-01-04 21:19:46,004 - root - DEBUG - Processing 1660-th line out of 2500 rows of DP table...
2022-01-04 21:19:46,300 - root - DEBUG - Processing 1670-th line out of 2500 rows of DP table...
2022-01-04 21:19:46,592 - root - DEBUG - Processing 1680-th line out of 2500 rows of DP table...
2022-01-04 21:19:46,880 - root - DEBUG - Processing 1690-th line out of 2500 rows of DP table...
2022-01-04 21:19:47,166 - root - DEBUG - Processing 1700-th line out of 2500 rows of DP table...
2022-01-04 21:19:47,448 - root - DEBUG - Processing 1710-th line out of 2500 rows of DP table...
2022-01-04 21:19:47,726 - root - DEBUG - Processing 1720-th line out of 2500 rows of DP table...
2022-01-04 21:19:48,001 - root - DEBUG - Processing 1730-th line out of 2500 rows of DP table...
2022-01-04 21:19:48,273 - root - DEBUG - Processing 1740-th line out of 2500 rows of DP table...
2022-01-04 21:19:48,542 - root - DEBUG - Processing 1750-th line out of 2500 rows of DP table...
2022-01-04 21:19:48,807 - root - DEBUG - Processing 1760-th line out of 2500 rows of DP table...
2022-01-04 21:19:49,068 - root - DEBUG - Processing 1770-th line out of 2500 rows of DP table...
2022-01-04 21:19:49,326 - root - DEBUG - Processing 1780-th line out of 2500 rows of DP table...
2022-01-04 21:19:49,582 - root - DEBUG - Processing 1790-th line out of 2500 rows of DP table...
2022-01-04 21:19:49,833 - root - DEBUG - Processing 1800-th line out of 2500 rows of DP table...
2022-01-04 21:19:50,081 - root - DEBUG - Processing 1810-th line out of 2500 rows of DP table...
2022-01-04 21:19:50,326 - root - DEBUG - Processing 1820-th line out of 2500 rows of DP table...
2022-01-04 21:19:50,569 - root - DEBUG - Processing 1830-th line out of 2500 rows of DP table...
2022-01-04 21:19:50,808 - root - DEBUG - Processing 1840-th line out of 2500 rows of DP table...
2022-01-04 21:19:51,043 - root - DEBUG - Processing 1850-th line out of 2500 rows of DP table...
2022-01-04 21:19:51,274 - root - DEBUG - Processing 1860-th line out of 2500 rows of DP table...
2022-01-04 21:19:51,502 - root - DEBUG - Processing 1870-th line out of 2500 rows of DP table...
2022-01-04 21:19:51,727 - root - DEBUG - Processing 1880-th line out of 2500 rows of DP table...
2022-01-04 21:19:51,949 - root - DEBUG - Processing 1890-th line out of 2500 rows of DP table...
2022-01-04 21:19:52,216 - root - DEBUG - Processing 1900-th line out of 2500 rows of DP table...
2022-01-04 21:19:52,432 - root - DEBUG - Processing 1910-th line out of 2500 rows of DP table...
2022-01-04 21:19:52,645 - root - DEBUG - Processing 1920-th line out of 2500 rows of DP table...
2022-01-04 21:19:52,853 - root - DEBUG - Processing 1930-th line out of 2500 rows of DP table...
2022-01-04 21:19:53,058 - root - DEBUG - Processing 1940-th line out of 2500 rows of DP table...
2022-01-04 21:19:53,260 - root - DEBUG - Processing 1950-th line out of 2500 rows of DP table...
2022-01-04 21:19:53,458 - root - DEBUG - Processing 1960-th line out of 2500 rows of DP table...
2022-01-04 21:19:53,653 - root - DEBUG - Processing 1970-th line out of 2500 rows of DP table...
2022-01-04 21:19:53,844 - root - DEBUG - Processing 1980-th line out of 2500 rows of DP table...
2022-01-04 21:19:54,030 - root - DEBUG - Processing 1990-th line out of 2500 rows of DP table...
2022-01-04 21:19:54,216 - root - DEBUG - Processing 2000-th line out of 2500 rows of DP table...
2022-01-04 21:19:54,398 - root - DEBUG - Processing 2010-th line out of 2500 rows of DP table...
2022-01-04 21:19:54,576 - root - DEBUG - Processing 2020-th line out of 2500 rows of DP table...
2022-01-04 21:19:54,750 - root - DEBUG - Processing 2030-th line out of 2500 rows of DP table...
2022-01-04 21:19:54,921 - root - DEBUG - Processing 2040-th line out of 2500 rows of DP table...
2022-01-04 21:19:55,090 - root - DEBUG - Processing 2050-th line out of 2500 rows of DP table...
2022-01-04 21:19:55,254 - root - DEBUG - Processing 2060-th line out of 2500 rows of DP table...
2022-01-04 21:19:55,415 - root - DEBUG - Processing 2070-th line out of 2500 rows of DP table...
2022-01-04 21:19:55,572 - root - DEBUG - Processing 2080-th line out of 2500 rows of DP table...
2022-01-04 21:19:55,726 - root - DEBUG - Processing 2090-th line out of 2500 rows of DP table...
2022-01-04 21:19:55,876 - root - DEBUG - Processing 2100-th line out of 2500 rows of DP table...
2022-01-04 21:19:56,023 - root - DEBUG - Processing 2110-th line out of 2500 rows of DP table...
2022-01-04 21:19:56,168 - root - DEBUG - Processing 2120-th line out of 2500 rows of DP table...
2022-01-04 21:19:56,309 - root - DEBUG - Processing 2130-th line out of 2500 rows of DP table...
2022-01-04 21:19:56,446 - root - DEBUG - Processing 2140-th line out of 2500 rows of DP table...
2022-01-04 21:19:56,579 - root - DEBUG - Processing 2150-th line out of 2500 rows of DP table...
2022-01-04 21:19:56,710 - root - DEBUG - Processing 2160-th line out of 2500 rows of DP table...
2022-01-04 21:19:56,837 - root - DEBUG - Processing 2170-th line out of 2500 rows of DP table...
2022-01-04 21:19:56,961 - root - DEBUG - Processing 2180-th line out of 2500 rows of DP table...
2022-01-04 21:19:57,082 - root - DEBUG - Processing 2190-th line out of 2500 rows of DP table...
2022-01-04 21:19:57,198 - root - DEBUG - Processing 2200-th line out of 2500 rows of DP table...
2022-01-04 21:19:57,312 - root - DEBUG - Processing 2210-th line out of 2500 rows of DP table...
2022-01-04 21:19:57,421 - root - DEBUG - Processing 2220-th line out of 2500 rows of DP table...
2022-01-04 21:19:57,528 - root - DEBUG - Processing 2230-th line out of 2500 rows of DP table...
2022-01-04 21:19:57,631 - root - DEBUG - Processing 2240-th line out of 2500 rows of DP table...
2022-01-04 21:19:57,730 - root - DEBUG - Processing 2250-th line out of 2500 rows of DP table...
2022-01-04 21:19:57,826 - root - DEBUG - Processing 2260-th line out of 2500 rows of DP table...
2022-01-04 21:19:57,919 - root - DEBUG - Processing 2270-th line out of 2500 rows of DP table...
2022-01-04 21:19:58,008 - root - DEBUG - Processing 2280-th line out of 2500 rows of DP table...
2022-01-04 21:19:58,093 - root - DEBUG - Processing 2290-th line out of 2500 rows of DP table...
2022-01-04 21:19:58,175 - root - DEBUG - Processing 2300-th line out of 2500 rows of DP table...
2022-01-04 21:19:58,254 - root - DEBUG - Processing 2310-th line out of 2500 rows of DP table...
2022-01-04 21:19:58,329 - root - DEBUG - Processing 2320-th line out of 2500 rows of DP table...
2022-01-04 21:19:58,401 - root - DEBUG - Processing 2330-th line out of 2500 rows of DP table...
2022-01-04 21:19:58,470 - root - DEBUG - Processing 2340-th line out of 2500 rows of DP table...
2022-01-04 21:19:58,535 - root - DEBUG - Processing 2350-th line out of 2500 rows of DP table...
2022-01-04 21:19:58,597 - root - DEBUG - Processing 2360-th line out of 2500 rows of DP table...
2022-01-04 21:19:58,655 - root - DEBUG - Processing 2370-th line out of 2500 rows of DP table...
2022-01-04 21:19:58,710 - root - DEBUG - Processing 2380-th line out of 2500 rows of DP table...
2022-01-04 21:19:58,762 - root - DEBUG - Processing 2390-th line out of 2500 rows of DP table...
2022-01-04 21:19:58,810 - root - DEBUG - Processing 2400-th line out of 2500 rows of DP table...
2022-01-04 21:19:58,855 - root - DEBUG - Processing 2410-th line out of 2500 rows of DP table...
2022-01-04 21:19:58,896 - root - DEBUG - Processing 2420-th line out of 2500 rows of DP table...
2022-01-04 21:19:58,933 - root - DEBUG - Processing 2430-th line out of 2500 rows of DP table...
2022-01-04 21:19:58,968 - root - DEBUG - Processing 2440-th line out of 2500 rows of DP table...
2022-01-04 21:19:59,000 - root - DEBUG - Processing 2450-th line out of 2500 rows of DP table...
2022-01-04 21:19:59,028 - root - DEBUG - Processing 2460-th line out of 2500 rows of DP table...
2022-01-04 21:19:59,052 - root - DEBUG - Processing 2470-th line out of 2500 rows of DP table...
2022-01-04 21:19:59,073 - root - DEBUG - Processing 2480-th line out of 2500 rows of DP table...
2022-01-04 21:19:59,091 - root - DEBUG - Processing 2490-th line out of 2500 rows of DP table...
2022-01-04 21:19:59,106 - root - DEBUG - Processing 2500-th line out of 2500 rows of DP table...
2022-01-04 21:19:59,120 - root - DEBUG - Started computing joint logprobs...
