2022-01-05 08:11:08,687 - root - INFO - Loading reference interval set from '211227-2-sim/g23_9.ref.tsv'...
2022-01-05 08:11:08,692 - root - INFO - Loading query interval set from '211227-2-sim/g23_9.query.tsv'...
2022-01-05 08:11:08,695 - root - INFO - Loading chromosome sizes from '211227-2-sim/g23_sizes.tsv'...
2022-01-05 08:11:08,698 - root - INFO - Number of reference intervals: 2500 (2500 before merging)
2022-01-05 08:11:08,699 - root - INFO - Number of query intervals: 500 (500 before merging)
2022-01-05 08:11:08,700 - root - INFO - Number of chromosomes: 1
2022-01-05 08:11:08,706 - root - INFO - Overlap count: 252
2022-01-05 08:11:08,707 - root - DEBUG - Started computing sf for chromosome 'chr1'...
2022-01-05 08:11:08,708 - root - DEBUG - m=2500, n=500
2022-01-05 08:11:09,504 - root - DEBUG - Processing 10-th line out of 2500 rows of DP table...
2022-01-05 08:11:10,360 - root - DEBUG - Processing 20-th line out of 2500 rows of DP table...
2022-01-05 08:11:11,190 - root - DEBUG - Processing 30-th line out of 2500 rows of DP table...
2022-01-05 08:11:12,035 - root - DEBUG - Processing 40-th line out of 2500 rows of DP table...
2022-01-05 08:11:12,879 - root - DEBUG - Processing 50-th line out of 2500 rows of DP table...
2022-01-05 08:11:13,699 - root - DEBUG - Processing 60-th line out of 2500 rows of DP table...
2022-01-05 08:11:14,514 - root - DEBUG - Processing 70-th line out of 2500 rows of DP table...
2022-01-05 08:11:15,338 - root - DEBUG - Processing 80-th line out of 2500 rows of DP table...
2022-01-05 08:11:16,148 - root - DEBUG - Processing 90-th line out of 2500 rows of DP table...
2022-01-05 08:11:16,953 - root - DEBUG - Processing 100-th line out of 2500 rows of DP table...
2022-01-05 08:11:17,763 - root - DEBUG - Processing 110-th line out of 2500 rows of DP table...
2022-01-05 08:11:18,563 - root - DEBUG - Processing 120-th line out of 2500 rows of DP table...
2022-01-05 08:11:19,360 - root - DEBUG - Processing 130-th line out of 2500 rows of DP table...
2022-01-05 08:11:20,168 - root - DEBUG - Processing 140-th line out of 2500 rows of DP table...
2022-01-05 08:11:20,957 - root - DEBUG - Processing 150-th line out of 2500 rows of DP table...
2022-01-05 08:11:21,746 - root - DEBUG - Processing 160-th line out of 2500 rows of DP table...
2022-01-05 08:11:22,526 - root - DEBUG - Processing 170-th line out of 2500 rows of DP table...
2022-01-05 08:11:23,307 - root - DEBUG - Processing 180-th line out of 2500 rows of DP table...
2022-01-05 08:11:24,087 - root - DEBUG - Processing 190-th line out of 2500 rows of DP table...
2022-01-05 08:11:24,861 - root - DEBUG - Processing 200-th line out of 2500 rows of DP table...
2022-01-05 08:11:25,642 - root - DEBUG - Processing 210-th line out of 2500 rows of DP table...
2022-01-05 08:11:26,407 - root - DEBUG - Processing 220-th line out of 2500 rows of DP table...
2022-01-05 08:11:27,171 - root - DEBUG - Processing 230-th line out of 2500 rows of DP table...
2022-01-05 08:11:27,927 - root - DEBUG - Processing 240-th line out of 2500 rows of DP table...
2022-01-05 08:11:28,699 - root - DEBUG - Processing 250-th line out of 2500 rows of DP table...
2022-01-05 08:11:29,455 - root - DEBUG - Processing 260-th line out of 2500 rows of DP table...
2022-01-05 08:11:30,204 - root - DEBUG - Processing 270-th line out of 2500 rows of DP table...
2022-01-05 08:11:30,948 - root - DEBUG - Processing 280-th line out of 2500 rows of DP table...
2022-01-05 08:11:31,691 - root - DEBUG - Processing 290-th line out of 2500 rows of DP table...
2022-01-05 08:11:32,432 - root - DEBUG - Processing 300-th line out of 2500 rows of DP table...
2022-01-05 08:11:33,163 - root - DEBUG - Processing 310-th line out of 2500 rows of DP table...
2022-01-05 08:11:33,899 - root - DEBUG - Processing 320-th line out of 2500 rows of DP table...
2022-01-05 08:11:34,689 - root - DEBUG - Processing 330-th line out of 2500 rows of DP table...
2022-01-05 08:11:35,416 - root - DEBUG - Processing 340-th line out of 2500 rows of DP table...
2022-01-05 08:11:36,140 - root - DEBUG - Processing 350-th line out of 2500 rows of DP table...
2022-01-05 08:11:36,872 - root - DEBUG - Processing 360-th line out of 2500 rows of DP table...
2022-01-05 08:11:37,589 - root - DEBUG - Processing 370-th line out of 2500 rows of DP table...
2022-01-05 08:11:38,304 - root - DEBUG - Processing 380-th line out of 2500 rows of DP table...
2022-01-05 08:11:39,016 - root - DEBUG - Processing 390-th line out of 2500 rows of DP table...
2022-01-05 08:11:39,724 - root - DEBUG - Processing 400-th line out of 2500 rows of DP table...
2022-01-05 08:11:40,427 - root - DEBUG - Processing 410-th line out of 2500 rows of DP table...
2022-01-05 08:11:41,128 - root - DEBUG - Processing 420-th line out of 2500 rows of DP table...
2022-01-05 08:11:41,822 - root - DEBUG - Processing 430-th line out of 2500 rows of DP table...
2022-01-05 08:11:42,525 - root - DEBUG - Processing 440-th line out of 2500 rows of DP table...
2022-01-05 08:11:43,213 - root - DEBUG - Processing 450-th line out of 2500 rows of DP table...
2022-01-05 08:11:43,899 - root - DEBUG - Processing 460-th line out of 2500 rows of DP table...
2022-01-05 08:11:44,581 - root - DEBUG - Processing 470-th line out of 2500 rows of DP table...
2022-01-05 08:11:45,263 - root - DEBUG - Processing 480-th line out of 2500 rows of DP table...
2022-01-05 08:11:45,936 - root - DEBUG - Processing 490-th line out of 2500 rows of DP table...
2022-01-05 08:11:46,612 - root - DEBUG - Processing 500-th line out of 2500 rows of DP table...
2022-01-05 08:11:47,283 - root - DEBUG - Processing 510-th line out of 2500 rows of DP table...
2022-01-05 08:11:47,949 - root - DEBUG - Processing 520-th line out of 2500 rows of DP table...
2022-01-05 08:11:48,614 - root - DEBUG - Processing 530-th line out of 2500 rows of DP table...
2022-01-05 08:11:49,275 - root - DEBUG - Processing 540-th line out of 2500 rows of DP table...
2022-01-05 08:11:49,931 - root - DEBUG - Processing 550-th line out of 2500 rows of DP table...
2022-01-05 08:11:50,586 - root - DEBUG - Processing 560-th line out of 2500 rows of DP table...
2022-01-05 08:11:51,235 - root - DEBUG - Processing 570-th line out of 2500 rows of DP table...
2022-01-05 08:11:51,880 - root - DEBUG - Processing 580-th line out of 2500 rows of DP table...
2022-01-05 08:11:52,522 - root - DEBUG - Processing 590-th line out of 2500 rows of DP table...
2022-01-05 08:11:53,162 - root - DEBUG - Processing 600-th line out of 2500 rows of DP table...
2022-01-05 08:11:53,801 - root - DEBUG - Processing 610-th line out of 2500 rows of DP table...
2022-01-05 08:11:54,435 - root - DEBUG - Processing 620-th line out of 2500 rows of DP table...
2022-01-05 08:11:55,066 - root - DEBUG - Processing 630-th line out of 2500 rows of DP table...
2022-01-05 08:11:55,692 - root - DEBUG - Processing 640-th line out of 2500 rows of DP table...
2022-01-05 08:11:56,319 - root - DEBUG - Processing 650-th line out of 2500 rows of DP table...
2022-01-05 08:11:56,942 - root - DEBUG - Processing 660-th line out of 2500 rows of DP table...
2022-01-05 08:11:57,560 - root - DEBUG - Processing 670-th line out of 2500 rows of DP table...
2022-01-05 08:11:58,171 - root - DEBUG - Processing 680-th line out of 2500 rows of DP table...
2022-01-05 08:11:58,783 - root - DEBUG - Processing 690-th line out of 2500 rows of DP table...
2022-01-05 08:11:59,390 - root - DEBUG - Processing 700-th line out of 2500 rows of DP table...
2022-01-05 08:11:59,994 - root - DEBUG - Processing 710-th line out of 2500 rows of DP table...
2022-01-05 08:12:00,592 - root - DEBUG - Processing 720-th line out of 2500 rows of DP table...
2022-01-05 08:12:01,190 - root - DEBUG - Processing 730-th line out of 2500 rows of DP table...
2022-01-05 08:12:01,783 - root - DEBUG - Processing 740-th line out of 2500 rows of DP table...
2022-01-05 08:12:02,373 - root - DEBUG - Processing 750-th line out of 2500 rows of DP table...
2022-01-05 08:12:02,957 - root - DEBUG - Processing 760-th line out of 2500 rows of DP table...
2022-01-05 08:12:03,537 - root - DEBUG - Processing 770-th line out of 2500 rows of DP table...
2022-01-05 08:12:04,116 - root - DEBUG - Processing 780-th line out of 2500 rows of DP table...
2022-01-05 08:12:04,695 - root - DEBUG - Processing 790-th line out of 2500 rows of DP table...
2022-01-05 08:12:05,313 - root - DEBUG - Processing 800-th line out of 2500 rows of DP table...
2022-01-05 08:12:05,886 - root - DEBUG - Processing 810-th line out of 2500 rows of DP table...
2022-01-05 08:12:06,454 - root - DEBUG - Processing 820-th line out of 2500 rows of DP table...
2022-01-05 08:12:07,020 - root - DEBUG - Processing 830-th line out of 2500 rows of DP table...
2022-01-05 08:12:07,582 - root - DEBUG - Processing 840-th line out of 2500 rows of DP table...
2022-01-05 08:12:08,139 - root - DEBUG - Processing 850-th line out of 2500 rows of DP table...
2022-01-05 08:12:08,691 - root - DEBUG - Processing 860-th line out of 2500 rows of DP table...
2022-01-05 08:12:09,243 - root - DEBUG - Processing 870-th line out of 2500 rows of DP table...
2022-01-05 08:12:09,793 - root - DEBUG - Processing 880-th line out of 2500 rows of DP table...
2022-01-05 08:12:10,336 - root - DEBUG - Processing 890-th line out of 2500 rows of DP table...
2022-01-05 08:12:10,877 - root - DEBUG - Processing 900-th line out of 2500 rows of DP table...
2022-01-05 08:12:11,415 - root - DEBUG - Processing 910-th line out of 2500 rows of DP table...
2022-01-05 08:12:11,952 - root - DEBUG - Processing 920-th line out of 2500 rows of DP table...
2022-01-05 08:12:12,486 - root - DEBUG - Processing 930-th line out of 2500 rows of DP table...
2022-01-05 08:12:13,014 - root - DEBUG - Processing 940-th line out of 2500 rows of DP table...
2022-01-05 08:12:13,536 - root - DEBUG - Processing 950-th line out of 2500 rows of DP table...
2022-01-05 08:12:14,060 - root - DEBUG - Processing 960-th line out of 2500 rows of DP table...
2022-01-05 08:12:14,586 - root - DEBUG - Processing 970-th line out of 2500 rows of DP table...
2022-01-05 08:12:15,103 - root - DEBUG - Processing 980-th line out of 2500 rows of DP table...
2022-01-05 08:12:15,614 - root - DEBUG - Processing 990-th line out of 2500 rows of DP table...
2022-01-05 08:12:16,122 - root - DEBUG - Processing 1000-th line out of 2500 rows of DP table...
2022-01-05 08:12:16,625 - root - DEBUG - Processing 1010-th line out of 2500 rows of DP table...
2022-01-05 08:12:17,126 - root - DEBUG - Processing 1020-th line out of 2500 rows of DP table...
2022-01-05 08:12:17,626 - root - DEBUG - Processing 1030-th line out of 2500 rows of DP table...
2022-01-05 08:12:18,122 - root - DEBUG - Processing 1040-th line out of 2500 rows of DP table...
2022-01-05 08:12:18,611 - root - DEBUG - Processing 1050-th line out of 2500 rows of DP table...
2022-01-05 08:12:19,101 - root - DEBUG - Processing 1060-th line out of 2500 rows of DP table...
2022-01-05 08:12:19,586 - root - DEBUG - Processing 1070-th line out of 2500 rows of DP table...
2022-01-05 08:12:20,071 - root - DEBUG - Processing 1080-th line out of 2500 rows of DP table...
2022-01-05 08:12:20,560 - root - DEBUG - Processing 1090-th line out of 2500 rows of DP table...
2022-01-05 08:12:21,036 - root - DEBUG - Processing 1100-th line out of 2500 rows of DP table...
2022-01-05 08:12:21,510 - root - DEBUG - Processing 1110-th line out of 2500 rows of DP table...
2022-01-05 08:12:21,979 - root - DEBUG - Processing 1120-th line out of 2500 rows of DP table...
2022-01-05 08:12:22,444 - root - DEBUG - Processing 1130-th line out of 2500 rows of DP table...
2022-01-05 08:12:22,906 - root - DEBUG - Processing 1140-th line out of 2500 rows of DP table...
2022-01-05 08:12:23,366 - root - DEBUG - Processing 1150-th line out of 2500 rows of DP table...
2022-01-05 08:12:23,823 - root - DEBUG - Processing 1160-th line out of 2500 rows of DP table...
2022-01-05 08:12:24,274 - root - DEBUG - Processing 1170-th line out of 2500 rows of DP table...
2022-01-05 08:12:24,725 - root - DEBUG - Processing 1180-th line out of 2500 rows of DP table...
2022-01-05 08:12:25,172 - root - DEBUG - Processing 1190-th line out of 2500 rows of DP table...
2022-01-05 08:12:25,614 - root - DEBUG - Processing 1200-th line out of 2500 rows of DP table...
2022-01-05 08:12:26,055 - root - DEBUG - Processing 1210-th line out of 2500 rows of DP table...
2022-01-05 08:12:26,492 - root - DEBUG - Processing 1220-th line out of 2500 rows of DP table...
2022-01-05 08:12:26,921 - root - DEBUG - Processing 1230-th line out of 2500 rows of DP table...
2022-01-05 08:12:27,351 - root - DEBUG - Processing 1240-th line out of 2500 rows of DP table...
2022-01-05 08:12:27,775 - root - DEBUG - Processing 1250-th line out of 2500 rows of DP table...
2022-01-05 08:12:28,197 - root - DEBUG - Processing 1260-th line out of 2500 rows of DP table...
2022-01-05 08:12:28,616 - root - DEBUG - Processing 1270-th line out of 2500 rows of DP table...
2022-01-05 08:12:29,032 - root - DEBUG - Processing 1280-th line out of 2500 rows of DP table...
2022-01-05 08:12:29,446 - root - DEBUG - Processing 1290-th line out of 2500 rows of DP table...
2022-01-05 08:12:29,857 - root - DEBUG - Processing 1300-th line out of 2500 rows of DP table...
2022-01-05 08:12:30,262 - root - DEBUG - Processing 1310-th line out of 2500 rows of DP table...
2022-01-05 08:12:30,663 - root - DEBUG - Processing 1320-th line out of 2500 rows of DP table...
2022-01-05 08:12:31,063 - root - DEBUG - Processing 1330-th line out of 2500 rows of DP table...
2022-01-05 08:12:31,458 - root - DEBUG - Processing 1340-th line out of 2500 rows of DP table...
2022-01-05 08:12:31,851 - root - DEBUG - Processing 1350-th line out of 2500 rows of DP table...
2022-01-05 08:12:32,240 - root - DEBUG - Processing 1360-th line out of 2500 rows of DP table...
2022-01-05 08:12:32,627 - root - DEBUG - Processing 1370-th line out of 2500 rows of DP table...
2022-01-05 08:12:33,008 - root - DEBUG - Processing 1380-th line out of 2500 rows of DP table...
2022-01-05 08:12:33,387 - root - DEBUG - Processing 1390-th line out of 2500 rows of DP table...
2022-01-05 08:12:33,760 - root - DEBUG - Processing 1400-th line out of 2500 rows of DP table...
2022-01-05 08:12:34,134 - root - DEBUG - Processing 1410-th line out of 2500 rows of DP table...
2022-01-05 08:12:34,506 - root - DEBUG - Processing 1420-th line out of 2500 rows of DP table...
2022-01-05 08:12:34,874 - root - DEBUG - Processing 1430-th line out of 2500 rows of DP table...
2022-01-05 08:12:35,236 - root - DEBUG - Processing 1440-th line out of 2500 rows of DP table...
2022-01-05 08:12:35,597 - root - DEBUG - Processing 1450-th line out of 2500 rows of DP table...
2022-01-05 08:12:35,955 - root - DEBUG - Processing 1460-th line out of 2500 rows of DP table...
2022-01-05 08:12:36,308 - root - DEBUG - Processing 1470-th line out of 2500 rows of DP table...
2022-01-05 08:12:36,656 - root - DEBUG - Processing 1480-th line out of 2500 rows of DP table...
2022-01-05 08:12:37,003 - root - DEBUG - Processing 1490-th line out of 2500 rows of DP table...
2022-01-05 08:12:37,346 - root - DEBUG - Processing 1500-th line out of 2500 rows of DP table...
2022-01-05 08:12:37,686 - root - DEBUG - Processing 1510-th line out of 2500 rows of DP table...
2022-01-05 08:12:38,022 - root - DEBUG - Processing 1520-th line out of 2500 rows of DP table...
2022-01-05 08:12:38,356 - root - DEBUG - Processing 1530-th line out of 2500 rows of DP table...
2022-01-05 08:12:38,686 - root - DEBUG - Processing 1540-th line out of 2500 rows of DP table...
2022-01-05 08:12:39,011 - root - DEBUG - Processing 1550-th line out of 2500 rows of DP table...
2022-01-05 08:12:39,335 - root - DEBUG - Processing 1560-th line out of 2500 rows of DP table...
2022-01-05 08:12:39,654 - root - DEBUG - Processing 1570-th line out of 2500 rows of DP table...
2022-01-05 08:12:39,971 - root - DEBUG - Processing 1580-th line out of 2500 rows of DP table...
2022-01-05 08:12:40,307 - root - DEBUG - Processing 1590-th line out of 2500 rows of DP table...
2022-01-05 08:12:40,616 - root - DEBUG - Processing 1600-th line out of 2500 rows of DP table...
2022-01-05 08:12:40,925 - root - DEBUG - Processing 1610-th line out of 2500 rows of DP table...
2022-01-05 08:12:41,230 - root - DEBUG - Processing 1620-th line out of 2500 rows of DP table...
2022-01-05 08:12:41,530 - root - DEBUG - Processing 1630-th line out of 2500 rows of DP table...
2022-01-05 08:12:41,829 - root - DEBUG - Processing 1640-th line out of 2500 rows of DP table...
2022-01-05 08:12:42,144 - root - DEBUG - Processing 1650-th line out of 2500 rows of DP table...
2022-01-05 08:12:42,435 - root - DEBUG - Processing 1660-th line out of 2500 rows of DP table...
2022-01-05 08:12:42,723 - root - DEBUG - Processing 1670-th line out of 2500 rows of DP table...
2022-01-05 08:12:43,007 - root - DEBUG - Processing 1680-th line out of 2500 rows of DP table...
2022-01-05 08:12:43,290 - root - DEBUG - Processing 1690-th line out of 2500 rows of DP table...
2022-01-05 08:12:43,569 - root - DEBUG - Processing 1700-th line out of 2500 rows of DP table...
2022-01-05 08:12:43,841 - root - DEBUG - Processing 1710-th line out of 2500 rows of DP table...
2022-01-05 08:12:44,112 - root - DEBUG - Processing 1720-th line out of 2500 rows of DP table...
2022-01-05 08:12:44,379 - root - DEBUG - Processing 1730-th line out of 2500 rows of DP table...
2022-01-05 08:12:44,646 - root - DEBUG - Processing 1740-th line out of 2500 rows of DP table...
2022-01-05 08:12:44,907 - root - DEBUG - Processing 1750-th line out of 2500 rows of DP table...
2022-01-05 08:12:45,167 - root - DEBUG - Processing 1760-th line out of 2500 rows of DP table...
2022-01-05 08:12:45,422 - root - DEBUG - Processing 1770-th line out of 2500 rows of DP table...
2022-01-05 08:12:45,675 - root - DEBUG - Processing 1780-th line out of 2500 rows of DP table...
2022-01-05 08:12:45,923 - root - DEBUG - Processing 1790-th line out of 2500 rows of DP table...
2022-01-05 08:12:46,167 - root - DEBUG - Processing 1800-th line out of 2500 rows of DP table...
2022-01-05 08:12:46,408 - root - DEBUG - Processing 1810-th line out of 2500 rows of DP table...
2022-01-05 08:12:46,647 - root - DEBUG - Processing 1820-th line out of 2500 rows of DP table...
2022-01-05 08:12:46,882 - root - DEBUG - Processing 1830-th line out of 2500 rows of DP table...
2022-01-05 08:12:47,115 - root - DEBUG - Processing 1840-th line out of 2500 rows of DP table...
2022-01-05 08:12:47,344 - root - DEBUG - Processing 1850-th line out of 2500 rows of DP table...
2022-01-05 08:12:47,569 - root - DEBUG - Processing 1860-th line out of 2500 rows of DP table...
2022-01-05 08:12:47,792 - root - DEBUG - Processing 1870-th line out of 2500 rows of DP table...
2022-01-05 08:12:48,011 - root - DEBUG - Processing 1880-th line out of 2500 rows of DP table...
2022-01-05 08:12:48,227 - root - DEBUG - Processing 1890-th line out of 2500 rows of DP table...
2022-01-05 08:12:48,440 - root - DEBUG - Processing 1900-th line out of 2500 rows of DP table...
2022-01-05 08:12:48,648 - root - DEBUG - Processing 1910-th line out of 2500 rows of DP table...
2022-01-05 08:12:48,854 - root - DEBUG - Processing 1920-th line out of 2500 rows of DP table...
2022-01-05 08:12:49,055 - root - DEBUG - Processing 1930-th line out of 2500 rows of DP table...
2022-01-05 08:12:49,254 - root - DEBUG - Processing 1940-th line out of 2500 rows of DP table...
2022-01-05 08:12:49,451 - root - DEBUG - Processing 1950-th line out of 2500 rows of DP table...
2022-01-05 08:12:49,643 - root - DEBUG - Processing 1960-th line out of 2500 rows of DP table...
2022-01-05 08:12:49,832 - root - DEBUG - Processing 1970-th line out of 2500 rows of DP table...
2022-01-05 08:12:50,034 - root - DEBUG - Processing 1980-th line out of 2500 rows of DP table...
2022-01-05 08:12:50,217 - root - DEBUG - Processing 1990-th line out of 2500 rows of DP table...
2022-01-05 08:12:50,395 - root - DEBUG - Processing 2000-th line out of 2500 rows of DP table...
2022-01-05 08:12:50,569 - root - DEBUG - Processing 2010-th line out of 2500 rows of DP table...
2022-01-05 08:12:50,740 - root - DEBUG - Processing 2020-th line out of 2500 rows of DP table...
2022-01-05 08:12:50,909 - root - DEBUG - Processing 2030-th line out of 2500 rows of DP table...
2022-01-05 08:12:51,074 - root - DEBUG - Processing 2040-th line out of 2500 rows of DP table...
2022-01-05 08:12:51,236 - root - DEBUG - Processing 2050-th line out of 2500 rows of DP table...
2022-01-05 08:12:51,394 - root - DEBUG - Processing 2060-th line out of 2500 rows of DP table...
2022-01-05 08:12:51,554 - root - DEBUG - Processing 2070-th line out of 2500 rows of DP table...
2022-01-05 08:12:51,707 - root - DEBUG - Processing 2080-th line out of 2500 rows of DP table...
2022-01-05 08:12:51,857 - root - DEBUG - Processing 2090-th line out of 2500 rows of DP table...
2022-01-05 08:12:52,002 - root - DEBUG - Processing 2100-th line out of 2500 rows of DP table...
2022-01-05 08:12:52,144 - root - DEBUG - Processing 2110-th line out of 2500 rows of DP table...
2022-01-05 08:12:52,283 - root - DEBUG - Processing 2120-th line out of 2500 rows of DP table...
2022-01-05 08:12:52,420 - root - DEBUG - Processing 2130-th line out of 2500 rows of DP table...
2022-01-05 08:12:52,552 - root - DEBUG - Processing 2140-th line out of 2500 rows of DP table...
2022-01-05 08:12:52,681 - root - DEBUG - Processing 2150-th line out of 2500 rows of DP table...
2022-01-05 08:12:52,807 - root - DEBUG - Processing 2160-th line out of 2500 rows of DP table...
2022-01-05 08:12:52,929 - root - DEBUG - Processing 2170-th line out of 2500 rows of DP table...
2022-01-05 08:12:53,050 - root - DEBUG - Processing 2180-th line out of 2500 rows of DP table...
2022-01-05 08:12:53,166 - root - DEBUG - Processing 2190-th line out of 2500 rows of DP table...
2022-01-05 08:12:53,279 - root - DEBUG - Processing 2200-th line out of 2500 rows of DP table...
2022-01-05 08:12:53,389 - root - DEBUG - Processing 2210-th line out of 2500 rows of DP table...
2022-01-05 08:12:53,495 - root - DEBUG - Processing 2220-th line out of 2500 rows of DP table...
2022-01-05 08:12:53,598 - root - DEBUG - Processing 2230-th line out of 2500 rows of DP table...
2022-01-05 08:12:53,697 - root - DEBUG - Processing 2240-th line out of 2500 rows of DP table...
2022-01-05 08:12:53,793 - root - DEBUG - Processing 2250-th line out of 2500 rows of DP table...
2022-01-05 08:12:53,885 - root - DEBUG - Processing 2260-th line out of 2500 rows of DP table...
2022-01-05 08:12:53,975 - root - DEBUG - Processing 2270-th line out of 2500 rows of DP table...
2022-01-05 08:12:54,062 - root - DEBUG - Processing 2280-th line out of 2500 rows of DP table...
2022-01-05 08:12:54,145 - root - DEBUG - Processing 2290-th line out of 2500 rows of DP table...
2022-01-05 08:12:54,225 - root - DEBUG - Processing 2300-th line out of 2500 rows of DP table...
2022-01-05 08:12:54,302 - root - DEBUG - Processing 2310-th line out of 2500 rows of DP table...
2022-01-05 08:12:54,375 - root - DEBUG - Processing 2320-th line out of 2500 rows of DP table...
2022-01-05 08:12:54,446 - root - DEBUG - Processing 2330-th line out of 2500 rows of DP table...
2022-01-05 08:12:54,513 - root - DEBUG - Processing 2340-th line out of 2500 rows of DP table...
2022-01-05 08:12:54,576 - root - DEBUG - Processing 2350-th line out of 2500 rows of DP table...
2022-01-05 08:12:54,636 - root - DEBUG - Processing 2360-th line out of 2500 rows of DP table...
2022-01-05 08:12:54,693 - root - DEBUG - Processing 2370-th line out of 2500 rows of DP table...
2022-01-05 08:12:54,747 - root - DEBUG - Processing 2380-th line out of 2500 rows of DP table...
2022-01-05 08:12:54,797 - root - DEBUG - Processing 2390-th line out of 2500 rows of DP table...
2022-01-05 08:12:54,852 - root - DEBUG - Processing 2400-th line out of 2500 rows of DP table...
2022-01-05 08:12:54,897 - root - DEBUG - Processing 2410-th line out of 2500 rows of DP table...
2022-01-05 08:12:54,938 - root - DEBUG - Processing 2420-th line out of 2500 rows of DP table...
2022-01-05 08:12:54,976 - root - DEBUG - Processing 2430-th line out of 2500 rows of DP table...
2022-01-05 08:12:55,010 - root - DEBUG - Processing 2440-th line out of 2500 rows of DP table...
2022-01-05 08:12:55,041 - root - DEBUG - Processing 2450-th line out of 2500 rows of DP table...
2022-01-05 08:12:55,069 - root - DEBUG - Processing 2460-th line out of 2500 rows of DP table...
2022-01-05 08:12:55,094 - root - DEBUG - Processing 2470-th line out of 2500 rows of DP table...
2022-01-05 08:12:55,115 - root - DEBUG - Processing 2480-th line out of 2500 rows of DP table...
2022-01-05 08:12:55,133 - root - DEBUG - Processing 2490-th line out of 2500 rows of DP table...
2022-01-05 08:12:55,148 - root - DEBUG - Processing 2500-th line out of 2500 rows of DP table...
2022-01-05 08:12:55,164 - root - DEBUG - Started computing joint logprobs...
