2022-01-04 20:49:36,236 - root - INFO - Loading reference interval set from '211227-2-sim/g23_6.ref.tsv'...
2022-01-04 20:49:36,294 - root - INFO - Loading query interval set from '211227-2-sim/g23_6.query.tsv'...
2022-01-04 20:49:36,308 - root - INFO - Loading chromosome sizes from '211227-2-sim/g23_sizes.tsv'...
2022-01-04 20:49:36,321 - root - INFO - Number of reference intervals: 2500 (2500 before merging)
2022-01-04 20:49:36,323 - root - INFO - Number of query intervals: 500 (500 before merging)
2022-01-04 20:49:36,324 - root - INFO - Number of chromosomes: 1
2022-01-04 20:49:36,333 - root - INFO - Overlap count: 232
2022-01-04 20:49:36,335 - root - DEBUG - Started computing sf for chromosome 'chr1'...
2022-01-04 20:49:36,336 - root - DEBUG - m=2500, n=500
2022-01-04 20:49:37,143 - root - DEBUG - Processing 10-th line out of 2500 rows of DP table...
2022-01-04 20:49:37,988 - root - DEBUG - Processing 20-th line out of 2500 rows of DP table...
2022-01-04 20:49:38,833 - root - DEBUG - Processing 30-th line out of 2500 rows of DP table...
2022-01-04 20:49:39,679 - root - DEBUG - Processing 40-th line out of 2500 rows of DP table...
2022-01-04 20:49:40,522 - root - DEBUG - Processing 50-th line out of 2500 rows of DP table...
2022-01-04 20:49:41,361 - root - DEBUG - Processing 60-th line out of 2500 rows of DP table...
2022-01-04 20:49:42,371 - root - DEBUG - Processing 70-th line out of 2500 rows of DP table...
2022-01-04 20:49:43,207 - root - DEBUG - Processing 80-th line out of 2500 rows of DP table...
2022-01-04 20:49:44,040 - root - DEBUG - Processing 90-th line out of 2500 rows of DP table...
2022-01-04 20:49:44,865 - root - DEBUG - Processing 100-th line out of 2500 rows of DP table...
2022-01-04 20:49:45,678 - root - DEBUG - Processing 110-th line out of 2500 rows of DP table...
2022-01-04 20:49:46,491 - root - DEBUG - Processing 120-th line out of 2500 rows of DP table...
2022-01-04 20:49:47,300 - root - DEBUG - Processing 130-th line out of 2500 rows of DP table...
2022-01-04 20:49:48,103 - root - DEBUG - Processing 140-th line out of 2500 rows of DP table...
2022-01-04 20:49:48,913 - root - DEBUG - Processing 150-th line out of 2500 rows of DP table...
2022-01-04 20:49:49,818 - root - DEBUG - Processing 160-th line out of 2500 rows of DP table...
2022-01-04 20:49:50,709 - root - DEBUG - Processing 170-th line out of 2500 rows of DP table...
2022-01-04 20:49:51,505 - root - DEBUG - Processing 180-th line out of 2500 rows of DP table...
2022-01-04 20:49:52,294 - root - DEBUG - Processing 190-th line out of 2500 rows of DP table...
2022-01-04 20:49:53,087 - root - DEBUG - Processing 200-th line out of 2500 rows of DP table...
2022-01-04 20:49:53,878 - root - DEBUG - Processing 210-th line out of 2500 rows of DP table...
2022-01-04 20:49:54,667 - root - DEBUG - Processing 220-th line out of 2500 rows of DP table...
2022-01-04 20:49:55,439 - root - DEBUG - Processing 230-th line out of 2500 rows of DP table...
2022-01-04 20:49:56,206 - root - DEBUG - Processing 240-th line out of 2500 rows of DP table...
2022-01-04 20:49:56,967 - root - DEBUG - Processing 250-th line out of 2500 rows of DP table...
2022-01-04 20:49:57,733 - root - DEBUG - Processing 260-th line out of 2500 rows of DP table...
2022-01-04 20:49:58,523 - root - DEBUG - Processing 270-th line out of 2500 rows of DP table...
2022-01-04 20:49:59,309 - root - DEBUG - Processing 280-th line out of 2500 rows of DP table...
2022-01-04 20:50:00,120 - root - DEBUG - Processing 290-th line out of 2500 rows of DP table...
2022-01-04 20:50:00,879 - root - DEBUG - Processing 300-th line out of 2500 rows of DP table...
2022-01-04 20:50:01,653 - root - DEBUG - Processing 310-th line out of 2500 rows of DP table...
2022-01-04 20:50:02,418 - root - DEBUG - Processing 320-th line out of 2500 rows of DP table...
2022-01-04 20:50:03,195 - root - DEBUG - Processing 330-th line out of 2500 rows of DP table...
2022-01-04 20:50:03,953 - root - DEBUG - Processing 340-th line out of 2500 rows of DP table...
2022-01-04 20:50:04,716 - root - DEBUG - Processing 350-th line out of 2500 rows of DP table...
2022-01-04 20:50:05,476 - root - DEBUG - Processing 360-th line out of 2500 rows of DP table...
2022-01-04 20:50:06,225 - root - DEBUG - Processing 370-th line out of 2500 rows of DP table...
2022-01-04 20:50:06,977 - root - DEBUG - Processing 380-th line out of 2500 rows of DP table...
2022-01-04 20:50:07,742 - root - DEBUG - Processing 390-th line out of 2500 rows of DP table...
2022-01-04 20:50:08,481 - root - DEBUG - Processing 400-th line out of 2500 rows of DP table...
2022-01-04 20:50:09,222 - root - DEBUG - Processing 410-th line out of 2500 rows of DP table...
2022-01-04 20:50:09,962 - root - DEBUG - Processing 420-th line out of 2500 rows of DP table...
2022-01-04 20:50:10,691 - root - DEBUG - Processing 430-th line out of 2500 rows of DP table...
2022-01-04 20:50:11,429 - root - DEBUG - Processing 440-th line out of 2500 rows of DP table...
2022-01-04 20:50:12,136 - root - DEBUG - Processing 450-th line out of 2500 rows of DP table...
2022-01-04 20:50:12,834 - root - DEBUG - Processing 460-th line out of 2500 rows of DP table...
2022-01-04 20:50:13,536 - root - DEBUG - Processing 470-th line out of 2500 rows of DP table...
2022-01-04 20:50:14,228 - root - DEBUG - Processing 480-th line out of 2500 rows of DP table...
2022-01-04 20:50:14,924 - root - DEBUG - Processing 490-th line out of 2500 rows of DP table...
2022-01-04 20:50:15,618 - root - DEBUG - Processing 500-th line out of 2500 rows of DP table...
2022-01-04 20:50:16,303 - root - DEBUG - Processing 510-th line out of 2500 rows of DP table...
2022-01-04 20:50:16,994 - root - DEBUG - Processing 520-th line out of 2500 rows of DP table...
2022-01-04 20:50:17,671 - root - DEBUG - Processing 530-th line out of 2500 rows of DP table...
2022-01-04 20:50:18,352 - root - DEBUG - Processing 540-th line out of 2500 rows of DP table...
2022-01-04 20:50:19,018 - root - DEBUG - Processing 550-th line out of 2500 rows of DP table...
2022-01-04 20:50:19,678 - root - DEBUG - Processing 560-th line out of 2500 rows of DP table...
2022-01-04 20:50:20,342 - root - DEBUG - Processing 570-th line out of 2500 rows of DP table...
2022-01-04 20:50:20,997 - root - DEBUG - Processing 580-th line out of 2500 rows of DP table...
2022-01-04 20:50:21,772 - root - DEBUG - Processing 590-th line out of 2500 rows of DP table...
2022-01-04 20:50:22,427 - root - DEBUG - Processing 600-th line out of 2500 rows of DP table...
2022-01-04 20:50:23,070 - root - DEBUG - Processing 610-th line out of 2500 rows of DP table...
2022-01-04 20:50:23,715 - root - DEBUG - Processing 620-th line out of 2500 rows of DP table...
2022-01-04 20:50:24,381 - root - DEBUG - Processing 630-th line out of 2500 rows of DP table...
2022-01-04 20:50:25,028 - root - DEBUG - Processing 640-th line out of 2500 rows of DP table...
2022-01-04 20:50:25,666 - root - DEBUG - Processing 650-th line out of 2500 rows of DP table...
2022-01-04 20:50:26,304 - root - DEBUG - Processing 660-th line out of 2500 rows of DP table...
2022-01-04 20:50:26,936 - root - DEBUG - Processing 670-th line out of 2500 rows of DP table...
2022-01-04 20:50:27,575 - root - DEBUG - Processing 680-th line out of 2500 rows of DP table...
2022-01-04 20:50:28,207 - root - DEBUG - Processing 690-th line out of 2500 rows of DP table...
2022-01-04 20:50:28,830 - root - DEBUG - Processing 700-th line out of 2500 rows of DP table...
2022-01-04 20:50:29,456 - root - DEBUG - Processing 710-th line out of 2500 rows of DP table...
2022-01-04 20:50:30,074 - root - DEBUG - Processing 720-th line out of 2500 rows of DP table...
2022-01-04 20:50:30,693 - root - DEBUG - Processing 730-th line out of 2500 rows of DP table...
2022-01-04 20:50:31,301 - root - DEBUG - Processing 740-th line out of 2500 rows of DP table...
2022-01-04 20:50:31,910 - root - DEBUG - Processing 750-th line out of 2500 rows of DP table...
2022-01-04 20:50:32,512 - root - DEBUG - Processing 760-th line out of 2500 rows of DP table...
2022-01-04 20:50:33,116 - root - DEBUG - Processing 770-th line out of 2500 rows of DP table...
2022-01-04 20:50:33,711 - root - DEBUG - Processing 780-th line out of 2500 rows of DP table...
2022-01-04 20:50:34,311 - root - DEBUG - Processing 790-th line out of 2500 rows of DP table...
2022-01-04 20:50:34,898 - root - DEBUG - Processing 800-th line out of 2500 rows of DP table...
2022-01-04 20:50:35,488 - root - DEBUG - Processing 810-th line out of 2500 rows of DP table...
2022-01-04 20:50:36,076 - root - DEBUG - Processing 820-th line out of 2500 rows of DP table...
2022-01-04 20:50:36,652 - root - DEBUG - Processing 830-th line out of 2500 rows of DP table...
2022-01-04 20:50:37,236 - root - DEBUG - Processing 840-th line out of 2500 rows of DP table...
2022-01-04 20:50:37,807 - root - DEBUG - Processing 850-th line out of 2500 rows of DP table...
2022-01-04 20:50:38,384 - root - DEBUG - Processing 860-th line out of 2500 rows of DP table...
2022-01-04 20:50:38,950 - root - DEBUG - Processing 870-th line out of 2500 rows of DP table...
2022-01-04 20:50:39,519 - root - DEBUG - Processing 880-th line out of 2500 rows of DP table...
2022-01-04 20:50:40,077 - root - DEBUG - Processing 890-th line out of 2500 rows of DP table...
2022-01-04 20:50:40,640 - root - DEBUG - Processing 900-th line out of 2500 rows of DP table...
2022-01-04 20:50:41,192 - root - DEBUG - Processing 910-th line out of 2500 rows of DP table...
2022-01-04 20:50:41,739 - root - DEBUG - Processing 920-th line out of 2500 rows of DP table...
2022-01-04 20:50:42,292 - root - DEBUG - Processing 930-th line out of 2500 rows of DP table...
2022-01-04 20:50:42,832 - root - DEBUG - Processing 940-th line out of 2500 rows of DP table...
2022-01-04 20:50:43,376 - root - DEBUG - Processing 950-th line out of 2500 rows of DP table...
2022-01-04 20:50:43,913 - root - DEBUG - Processing 960-th line out of 2500 rows of DP table...
2022-01-04 20:50:44,454 - root - DEBUG - Processing 970-th line out of 2500 rows of DP table...
2022-01-04 20:50:44,982 - root - DEBUG - Processing 980-th line out of 2500 rows of DP table...
2022-01-04 20:50:45,513 - root - DEBUG - Processing 990-th line out of 2500 rows of DP table...
2022-01-04 20:50:46,035 - root - DEBUG - Processing 1000-th line out of 2500 rows of DP table...
2022-01-04 20:50:46,560 - root - DEBUG - Processing 1010-th line out of 2500 rows of DP table...
2022-01-04 20:50:47,075 - root - DEBUG - Processing 1020-th line out of 2500 rows of DP table...
2022-01-04 20:50:47,592 - root - DEBUG - Processing 1030-th line out of 2500 rows of DP table...
2022-01-04 20:50:48,099 - root - DEBUG - Processing 1040-th line out of 2500 rows of DP table...
2022-01-04 20:50:48,611 - root - DEBUG - Processing 1050-th line out of 2500 rows of DP table...
2022-01-04 20:50:49,144 - root - DEBUG - Processing 1060-th line out of 2500 rows of DP table...
2022-01-04 20:50:49,640 - root - DEBUG - Processing 1070-th line out of 2500 rows of DP table...
2022-01-04 20:50:50,140 - root - DEBUG - Processing 1080-th line out of 2500 rows of DP table...
2022-01-04 20:50:50,632 - root - DEBUG - Processing 1090-th line out of 2500 rows of DP table...
2022-01-04 20:50:51,126 - root - DEBUG - Processing 1100-th line out of 2500 rows of DP table...
2022-01-04 20:50:51,613 - root - DEBUG - Processing 1110-th line out of 2500 rows of DP table...
2022-01-04 20:50:52,101 - root - DEBUG - Processing 1120-th line out of 2500 rows of DP table...
2022-01-04 20:50:52,578 - root - DEBUG - Processing 1130-th line out of 2500 rows of DP table...
2022-01-04 20:50:53,052 - root - DEBUG - Processing 1140-th line out of 2500 rows of DP table...
2022-01-04 20:50:53,530 - root - DEBUG - Processing 1150-th line out of 2500 rows of DP table...
2022-01-04 20:50:53,998 - root - DEBUG - Processing 1160-th line out of 2500 rows of DP table...
2022-01-04 20:50:54,471 - root - DEBUG - Processing 1170-th line out of 2500 rows of DP table...
2022-01-04 20:50:54,930 - root - DEBUG - Processing 1180-th line out of 2500 rows of DP table...
2022-01-04 20:50:55,390 - root - DEBUG - Processing 1190-th line out of 2500 rows of DP table...
2022-01-04 20:50:55,850 - root - DEBUG - Processing 1200-th line out of 2500 rows of DP table...
2022-01-04 20:50:56,301 - root - DEBUG - Processing 1210-th line out of 2500 rows of DP table...
2022-01-04 20:50:56,755 - root - DEBUG - Processing 1220-th line out of 2500 rows of DP table...
2022-01-04 20:50:57,199 - root - DEBUG - Processing 1230-th line out of 2500 rows of DP table...
2022-01-04 20:50:57,638 - root - DEBUG - Processing 1240-th line out of 2500 rows of DP table...
2022-01-04 20:50:58,084 - root - DEBUG - Processing 1250-th line out of 2500 rows of DP table...
2022-01-04 20:50:58,540 - root - DEBUG - Processing 1260-th line out of 2500 rows of DP table...
2022-01-04 20:50:58,978 - root - DEBUG - Processing 1270-th line out of 2500 rows of DP table...
2022-01-04 20:50:59,407 - root - DEBUG - Processing 1280-th line out of 2500 rows of DP table...
2022-01-04 20:50:59,831 - root - DEBUG - Processing 1290-th line out of 2500 rows of DP table...
2022-01-04 20:51:00,256 - root - DEBUG - Processing 1300-th line out of 2500 rows of DP table...
2022-01-04 20:51:00,673 - root - DEBUG - Processing 1310-th line out of 2500 rows of DP table...
2022-01-04 20:51:01,090 - root - DEBUG - Processing 1320-th line out of 2500 rows of DP table...
2022-01-04 20:51:01,508 - root - DEBUG - Processing 1330-th line out of 2500 rows of DP table...
2022-01-04 20:51:01,916 - root - DEBUG - Processing 1340-th line out of 2500 rows of DP table...
2022-01-04 20:51:02,326 - root - DEBUG - Processing 1350-th line out of 2500 rows of DP table...
2022-01-04 20:51:02,726 - root - DEBUG - Processing 1360-th line out of 2500 rows of DP table...
2022-01-04 20:51:03,124 - root - DEBUG - Processing 1370-th line out of 2500 rows of DP table...
2022-01-04 20:51:03,523 - root - DEBUG - Processing 1380-th line out of 2500 rows of DP table...
2022-01-04 20:51:03,914 - root - DEBUG - Processing 1390-th line out of 2500 rows of DP table...
2022-01-04 20:51:04,300 - root - DEBUG - Processing 1400-th line out of 2500 rows of DP table...
2022-01-04 20:51:04,689 - root - DEBUG - Processing 1410-th line out of 2500 rows of DP table...
2022-01-04 20:51:05,066 - root - DEBUG - Processing 1420-th line out of 2500 rows of DP table...
2022-01-04 20:51:05,443 - root - DEBUG - Processing 1430-th line out of 2500 rows of DP table...
2022-01-04 20:51:05,822 - root - DEBUG - Processing 1440-th line out of 2500 rows of DP table...
2022-01-04 20:51:06,190 - root - DEBUG - Processing 1450-th line out of 2500 rows of DP table...
2022-01-04 20:51:06,556 - root - DEBUG - Processing 1460-th line out of 2500 rows of DP table...
2022-01-04 20:51:06,925 - root - DEBUG - Processing 1470-th line out of 2500 rows of DP table...
2022-01-04 20:51:07,283 - root - DEBUG - Processing 1480-th line out of 2500 rows of DP table...
2022-01-04 20:51:07,639 - root - DEBUG - Processing 1490-th line out of 2500 rows of DP table...
2022-01-04 20:51:07,992 - root - DEBUG - Processing 1500-th line out of 2500 rows of DP table...
2022-01-04 20:51:08,345 - root - DEBUG - Processing 1510-th line out of 2500 rows of DP table...
2022-01-04 20:51:08,691 - root - DEBUG - Processing 1520-th line out of 2500 rows of DP table...
2022-01-04 20:51:09,033 - root - DEBUG - Processing 1530-th line out of 2500 rows of DP table...
2022-01-04 20:51:09,378 - root - DEBUG - Processing 1540-th line out of 2500 rows of DP table...
2022-01-04 20:51:09,714 - root - DEBUG - Processing 1550-th line out of 2500 rows of DP table...
2022-01-04 20:51:10,045 - root - DEBUG - Processing 1560-th line out of 2500 rows of DP table...
2022-01-04 20:51:10,381 - root - DEBUG - Processing 1570-th line out of 2500 rows of DP table...
2022-01-04 20:51:10,706 - root - DEBUG - Processing 1580-th line out of 2500 rows of DP table...
2022-01-04 20:51:11,029 - root - DEBUG - Processing 1590-th line out of 2500 rows of DP table...
2022-01-04 20:51:11,347 - root - DEBUG - Processing 1600-th line out of 2500 rows of DP table...
2022-01-04 20:51:11,669 - root - DEBUG - Processing 1610-th line out of 2500 rows of DP table...
2022-01-04 20:51:11,979 - root - DEBUG - Processing 1620-th line out of 2500 rows of DP table...
2022-01-04 20:51:12,308 - root - DEBUG - Processing 1630-th line out of 2500 rows of DP table...
2022-01-04 20:51:12,619 - root - DEBUG - Processing 1640-th line out of 2500 rows of DP table...
2022-01-04 20:51:12,922 - root - DEBUG - Processing 1650-th line out of 2500 rows of DP table...
2022-01-04 20:51:13,223 - root - DEBUG - Processing 1660-th line out of 2500 rows of DP table...
2022-01-04 20:51:13,520 - root - DEBUG - Processing 1670-th line out of 2500 rows of DP table...
2022-01-04 20:51:13,818 - root - DEBUG - Processing 1680-th line out of 2500 rows of DP table...
2022-01-04 20:51:14,109 - root - DEBUG - Processing 1690-th line out of 2500 rows of DP table...
2022-01-04 20:51:14,399 - root - DEBUG - Processing 1700-th line out of 2500 rows of DP table...
2022-01-04 20:51:14,686 - root - DEBUG - Processing 1710-th line out of 2500 rows of DP table...
2022-01-04 20:51:14,975 - root - DEBUG - Processing 1720-th line out of 2500 rows of DP table...
2022-01-04 20:51:15,254 - root - DEBUG - Processing 1730-th line out of 2500 rows of DP table...
2022-01-04 20:51:15,530 - root - DEBUG - Processing 1740-th line out of 2500 rows of DP table...
2022-01-04 20:51:15,803 - root - DEBUG - Processing 1750-th line out of 2500 rows of DP table...
2022-01-04 20:51:16,078 - root - DEBUG - Processing 1760-th line out of 2500 rows of DP table...
2022-01-04 20:51:16,345 - root - DEBUG - Processing 1770-th line out of 2500 rows of DP table...
2022-01-04 20:51:16,607 - root - DEBUG - Processing 1780-th line out of 2500 rows of DP table...
2022-01-04 20:51:16,866 - root - DEBUG - Processing 1790-th line out of 2500 rows of DP table...
2022-01-04 20:51:17,126 - root - DEBUG - Processing 1800-th line out of 2500 rows of DP table...
2022-01-04 20:51:17,387 - root - DEBUG - Processing 1810-th line out of 2500 rows of DP table...
2022-01-04 20:51:17,636 - root - DEBUG - Processing 1820-th line out of 2500 rows of DP table...
2022-01-04 20:51:17,883 - root - DEBUG - Processing 1830-th line out of 2500 rows of DP table...
2022-01-04 20:51:18,126 - root - DEBUG - Processing 1840-th line out of 2500 rows of DP table...
2022-01-04 20:51:18,372 - root - DEBUG - Processing 1850-th line out of 2500 rows of DP table...
2022-01-04 20:51:18,606 - root - DEBUG - Processing 1860-th line out of 2500 rows of DP table...
2022-01-04 20:51:18,836 - root - DEBUG - Processing 1870-th line out of 2500 rows of DP table...
2022-01-04 20:51:19,061 - root - DEBUG - Processing 1880-th line out of 2500 rows of DP table...
2022-01-04 20:51:19,283 - root - DEBUG - Processing 1890-th line out of 2500 rows of DP table...
2022-01-04 20:51:19,507 - root - DEBUG - Processing 1900-th line out of 2500 rows of DP table...
2022-01-04 20:51:19,721 - root - DEBUG - Processing 1910-th line out of 2500 rows of DP table...
2022-01-04 20:51:19,954 - root - DEBUG - Processing 1920-th line out of 2500 rows of DP table...
2022-01-04 20:51:20,160 - root - DEBUG - Processing 1930-th line out of 2500 rows of DP table...
2022-01-04 20:51:20,369 - root - DEBUG - Processing 1940-th line out of 2500 rows of DP table...
2022-01-04 20:51:20,571 - root - DEBUG - Processing 1950-th line out of 2500 rows of DP table...
2022-01-04 20:51:20,775 - root - DEBUG - Processing 1960-th line out of 2500 rows of DP table...
2022-01-04 20:51:20,969 - root - DEBUG - Processing 1970-th line out of 2500 rows of DP table...
2022-01-04 20:51:21,160 - root - DEBUG - Processing 1980-th line out of 2500 rows of DP table...
2022-01-04 20:51:21,348 - root - DEBUG - Processing 1990-th line out of 2500 rows of DP table...
2022-01-04 20:51:21,532 - root - DEBUG - Processing 2000-th line out of 2500 rows of DP table...
2022-01-04 20:51:21,714 - root - DEBUG - Processing 2010-th line out of 2500 rows of DP table...
2022-01-04 20:51:21,900 - root - DEBUG - Processing 2020-th line out of 2500 rows of DP table...
2022-01-04 20:51:22,078 - root - DEBUG - Processing 2030-th line out of 2500 rows of DP table...
2022-01-04 20:51:22,253 - root - DEBUG - Processing 2040-th line out of 2500 rows of DP table...
2022-01-04 20:51:22,425 - root - DEBUG - Processing 2050-th line out of 2500 rows of DP table...
2022-01-04 20:51:22,593 - root - DEBUG - Processing 2060-th line out of 2500 rows of DP table...
2022-01-04 20:51:22,758 - root - DEBUG - Processing 2070-th line out of 2500 rows of DP table...
2022-01-04 20:51:22,925 - root - DEBUG - Processing 2080-th line out of 2500 rows of DP table...
2022-01-04 20:51:23,082 - root - DEBUG - Processing 2090-th line out of 2500 rows of DP table...
2022-01-04 20:51:23,235 - root - DEBUG - Processing 2100-th line out of 2500 rows of DP table...
2022-01-04 20:51:23,385 - root - DEBUG - Processing 2110-th line out of 2500 rows of DP table...
2022-01-04 20:51:23,531 - root - DEBUG - Processing 2120-th line out of 2500 rows of DP table...
2022-01-04 20:51:23,673 - root - DEBUG - Processing 2130-th line out of 2500 rows of DP table...
2022-01-04 20:51:23,813 - root - DEBUG - Processing 2140-th line out of 2500 rows of DP table...
2022-01-04 20:51:23,976 - root - DEBUG - Processing 2150-th line out of 2500 rows of DP table...
2022-01-04 20:51:24,111 - root - DEBUG - Processing 2160-th line out of 2500 rows of DP table...
2022-01-04 20:51:24,248 - root - DEBUG - Processing 2170-th line out of 2500 rows of DP table...
2022-01-04 20:51:24,370 - root - DEBUG - Processing 2180-th line out of 2500 rows of DP table...
2022-01-04 20:51:24,489 - root - DEBUG - Processing 2190-th line out of 2500 rows of DP table...
2022-01-04 20:51:24,604 - root - DEBUG - Processing 2200-th line out of 2500 rows of DP table...
2022-01-04 20:51:24,715 - root - DEBUG - Processing 2210-th line out of 2500 rows of DP table...
2022-01-04 20:51:24,822 - root - DEBUG - Processing 2220-th line out of 2500 rows of DP table...
2022-01-04 20:51:24,926 - root - DEBUG - Processing 2230-th line out of 2500 rows of DP table...
2022-01-04 20:51:25,026 - root - DEBUG - Processing 2240-th line out of 2500 rows of DP table...
2022-01-04 20:51:25,123 - root - DEBUG - Processing 2250-th line out of 2500 rows of DP table...
2022-01-04 20:51:25,224 - root - DEBUG - Processing 2260-th line out of 2500 rows of DP table...
2022-01-04 20:51:25,315 - root - DEBUG - Processing 2270-th line out of 2500 rows of DP table...
2022-01-04 20:51:25,402 - root - DEBUG - Processing 2280-th line out of 2500 rows of DP table...
2022-01-04 20:51:25,486 - root - DEBUG - Processing 2290-th line out of 2500 rows of DP table...
2022-01-04 20:51:25,567 - root - DEBUG - Processing 2300-th line out of 2500 rows of DP table...
2022-01-04 20:51:25,644 - root - DEBUG - Processing 2310-th line out of 2500 rows of DP table...
2022-01-04 20:51:25,719 - root - DEBUG - Processing 2320-th line out of 2500 rows of DP table...
2022-01-04 20:51:25,790 - root - DEBUG - Processing 2330-th line out of 2500 rows of DP table...
2022-01-04 20:51:25,859 - root - DEBUG - Processing 2340-th line out of 2500 rows of DP table...
2022-01-04 20:51:25,923 - root - DEBUG - Processing 2350-th line out of 2500 rows of DP table...
2022-01-04 20:51:25,985 - root - DEBUG - Processing 2360-th line out of 2500 rows of DP table...
2022-01-04 20:51:26,043 - root - DEBUG - Processing 2370-th line out of 2500 rows of DP table...
2022-01-04 20:51:26,098 - root - DEBUG - Processing 2380-th line out of 2500 rows of DP table...
2022-01-04 20:51:26,149 - root - DEBUG - Processing 2390-th line out of 2500 rows of DP table...
2022-01-04 20:51:26,197 - root - DEBUG - Processing 2400-th line out of 2500 rows of DP table...
2022-01-04 20:51:26,242 - root - DEBUG - Processing 2410-th line out of 2500 rows of DP table...
2022-01-04 20:51:26,283 - root - DEBUG - Processing 2420-th line out of 2500 rows of DP table...
2022-01-04 20:51:26,327 - root - DEBUG - Processing 2430-th line out of 2500 rows of DP table...
2022-01-04 20:51:26,361 - root - DEBUG - Processing 2440-th line out of 2500 rows of DP table...
2022-01-04 20:51:26,392 - root - DEBUG - Processing 2450-th line out of 2500 rows of DP table...
2022-01-04 20:51:26,420 - root - DEBUG - Processing 2460-th line out of 2500 rows of DP table...
2022-01-04 20:51:26,444 - root - DEBUG - Processing 2470-th line out of 2500 rows of DP table...
2022-01-04 20:51:26,464 - root - DEBUG - Processing 2480-th line out of 2500 rows of DP table...
2022-01-04 20:51:26,482 - root - DEBUG - Processing 2490-th line out of 2500 rows of DP table...
2022-01-04 20:51:26,496 - root - DEBUG - Processing 2500-th line out of 2500 rows of DP table...
2022-01-04 20:51:26,509 - root - DEBUG - Started computing joint logprobs...
