2022-01-04 21:33:54,598 - root - INFO - Loading reference interval set from '211227-2-sim/g23_1.ref.tsv'...
2022-01-04 21:33:54,624 - root - INFO - Loading query interval set from '211227-2-sim/g23_1.query.tsv'...
2022-01-04 21:33:54,648 - root - INFO - Loading chromosome sizes from '211227-2-sim/g23_sizes.tsv'...
2022-01-04 21:33:54,653 - root - INFO - Number of reference intervals: 2500 (2500 before merging)
2022-01-04 21:33:54,654 - root - INFO - Number of query intervals: 500 (500 before merging)
2022-01-04 21:33:54,656 - root - INFO - Number of chromosomes: 1
2022-01-04 21:33:54,664 - root - INFO - Overlap count: 239
2022-01-04 21:33:54,666 - root - DEBUG - Started computing sf for chromosome 'chr1'...
2022-01-04 21:33:54,667 - root - DEBUG - m=2500, n=500
2022-01-04 21:33:55,483 - root - DEBUG - Processing 10-th line out of 2500 rows of DP table...
2022-01-04 21:33:56,344 - root - DEBUG - Processing 20-th line out of 2500 rows of DP table...
2022-01-04 21:33:57,201 - root - DEBUG - Processing 30-th line out of 2500 rows of DP table...
2022-01-04 21:33:58,055 - root - DEBUG - Processing 40-th line out of 2500 rows of DP table...
2022-01-04 21:33:58,906 - root - DEBUG - Processing 50-th line out of 2500 rows of DP table...
2022-01-04 21:33:59,746 - root - DEBUG - Processing 60-th line out of 2500 rows of DP table...
2022-01-04 21:34:00,592 - root - DEBUG - Processing 70-th line out of 2500 rows of DP table...
2022-01-04 21:34:01,430 - root - DEBUG - Processing 80-th line out of 2500 rows of DP table...
2022-01-04 21:34:02,263 - root - DEBUG - Processing 90-th line out of 2500 rows of DP table...
2022-01-04 21:34:03,088 - root - DEBUG - Processing 100-th line out of 2500 rows of DP table...
2022-01-04 21:34:03,917 - root - DEBUG - Processing 110-th line out of 2500 rows of DP table...
2022-01-04 21:34:04,742 - root - DEBUG - Processing 120-th line out of 2500 rows of DP table...
2022-01-04 21:34:05,562 - root - DEBUG - Processing 130-th line out of 2500 rows of DP table...
2022-01-04 21:34:06,385 - root - DEBUG - Processing 140-th line out of 2500 rows of DP table...
2022-01-04 21:34:07,200 - root - DEBUG - Processing 150-th line out of 2500 rows of DP table...
2022-01-04 21:34:08,016 - root - DEBUG - Processing 160-th line out of 2500 rows of DP table...
2022-01-04 21:34:08,821 - root - DEBUG - Processing 170-th line out of 2500 rows of DP table...
2022-01-04 21:34:09,627 - root - DEBUG - Processing 180-th line out of 2500 rows of DP table...
2022-01-04 21:34:10,433 - root - DEBUG - Processing 190-th line out of 2500 rows of DP table...
2022-01-04 21:34:11,228 - root - DEBUG - Processing 200-th line out of 2500 rows of DP table...
2022-01-04 21:34:12,023 - root - DEBUG - Processing 210-th line out of 2500 rows of DP table...
2022-01-04 21:34:12,816 - root - DEBUG - Processing 220-th line out of 2500 rows of DP table...
2022-01-04 21:34:13,604 - root - DEBUG - Processing 230-th line out of 2500 rows of DP table...
2022-01-04 21:34:14,384 - root - DEBUG - Processing 240-th line out of 2500 rows of DP table...
2022-01-04 21:34:15,166 - root - DEBUG - Processing 250-th line out of 2500 rows of DP table...
2022-01-04 21:34:15,946 - root - DEBUG - Processing 260-th line out of 2500 rows of DP table...
2022-01-04 21:34:16,719 - root - DEBUG - Processing 270-th line out of 2500 rows of DP table...
2022-01-04 21:34:17,492 - root - DEBUG - Processing 280-th line out of 2500 rows of DP table...
2022-01-04 21:34:18,260 - root - DEBUG - Processing 290-th line out of 2500 rows of DP table...
2022-01-04 21:34:19,020 - root - DEBUG - Processing 300-th line out of 2500 rows of DP table...
2022-01-04 21:34:19,786 - root - DEBUG - Processing 310-th line out of 2500 rows of DP table...
2022-01-04 21:34:20,547 - root - DEBUG - Processing 320-th line out of 2500 rows of DP table...
2022-01-04 21:34:21,294 - root - DEBUG - Processing 330-th line out of 2500 rows of DP table...
2022-01-04 21:34:22,045 - root - DEBUG - Processing 340-th line out of 2500 rows of DP table...
2022-01-04 21:34:22,793 - root - DEBUG - Processing 350-th line out of 2500 rows of DP table...
2022-01-04 21:34:23,531 - root - DEBUG - Processing 360-th line out of 2500 rows of DP table...
2022-01-04 21:34:24,276 - root - DEBUG - Processing 370-th line out of 2500 rows of DP table...
2022-01-04 21:34:25,012 - root - DEBUG - Processing 380-th line out of 2500 rows of DP table...
2022-01-04 21:34:25,740 - root - DEBUG - Processing 390-th line out of 2500 rows of DP table...
2022-01-04 21:34:26,471 - root - DEBUG - Processing 400-th line out of 2500 rows of DP table...
2022-01-04 21:34:27,192 - root - DEBUG - Processing 410-th line out of 2500 rows of DP table...
2022-01-04 21:34:27,915 - root - DEBUG - Processing 420-th line out of 2500 rows of DP table...
2022-01-04 21:34:28,638 - root - DEBUG - Processing 430-th line out of 2500 rows of DP table...
2022-01-04 21:34:29,373 - root - DEBUG - Processing 440-th line out of 2500 rows of DP table...
2022-01-04 21:34:30,090 - root - DEBUG - Processing 450-th line out of 2500 rows of DP table...
2022-01-04 21:34:30,804 - root - DEBUG - Processing 460-th line out of 2500 rows of DP table...
2022-01-04 21:34:31,508 - root - DEBUG - Processing 470-th line out of 2500 rows of DP table...
2022-01-04 21:34:32,210 - root - DEBUG - Processing 480-th line out of 2500 rows of DP table...
2022-01-04 21:34:32,910 - root - DEBUG - Processing 490-th line out of 2500 rows of DP table...
2022-01-04 21:34:33,610 - root - DEBUG - Processing 500-th line out of 2500 rows of DP table...
2022-01-04 21:34:34,305 - root - DEBUG - Processing 510-th line out of 2500 rows of DP table...
2022-01-04 21:34:34,993 - root - DEBUG - Processing 520-th line out of 2500 rows of DP table...
2022-01-04 21:34:35,684 - root - DEBUG - Processing 530-th line out of 2500 rows of DP table...
2022-01-04 21:34:36,368 - root - DEBUG - Processing 540-th line out of 2500 rows of DP table...
2022-01-04 21:34:37,048 - root - DEBUG - Processing 550-th line out of 2500 rows of DP table...
2022-01-04 21:34:37,724 - root - DEBUG - Processing 560-th line out of 2500 rows of DP table...
2022-01-04 21:34:38,394 - root - DEBUG - Processing 570-th line out of 2500 rows of DP table...
2022-01-04 21:34:39,067 - root - DEBUG - Processing 580-th line out of 2500 rows of DP table...
2022-01-04 21:34:39,730 - root - DEBUG - Processing 590-th line out of 2500 rows of DP table...
2022-01-04 21:34:40,397 - root - DEBUG - Processing 600-th line out of 2500 rows of DP table...
2022-01-04 21:34:41,106 - root - DEBUG - Processing 610-th line out of 2500 rows of DP table...
2022-01-04 21:34:41,777 - root - DEBUG - Processing 620-th line out of 2500 rows of DP table...
2022-01-04 21:34:42,427 - root - DEBUG - Processing 630-th line out of 2500 rows of DP table...
2022-01-04 21:34:43,072 - root - DEBUG - Processing 640-th line out of 2500 rows of DP table...
2022-01-04 21:34:43,718 - root - DEBUG - Processing 650-th line out of 2500 rows of DP table...
2022-01-04 21:34:44,360 - root - DEBUG - Processing 660-th line out of 2500 rows of DP table...
2022-01-04 21:34:44,993 - root - DEBUG - Processing 670-th line out of 2500 rows of DP table...
2022-01-04 21:34:45,629 - root - DEBUG - Processing 680-th line out of 2500 rows of DP table...
2022-01-04 21:34:46,259 - root - DEBUG - Processing 690-th line out of 2500 rows of DP table...
2022-01-04 21:34:46,889 - root - DEBUG - Processing 700-th line out of 2500 rows of DP table...
2022-01-04 21:34:47,510 - root - DEBUG - Processing 710-th line out of 2500 rows of DP table...
2022-01-04 21:34:48,132 - root - DEBUG - Processing 720-th line out of 2500 rows of DP table...
2022-01-04 21:34:48,746 - root - DEBUG - Processing 730-th line out of 2500 rows of DP table...
2022-01-04 21:34:49,363 - root - DEBUG - Processing 740-th line out of 2500 rows of DP table...
2022-01-04 21:34:49,970 - root - DEBUG - Processing 750-th line out of 2500 rows of DP table...
2022-01-04 21:34:50,582 - root - DEBUG - Processing 760-th line out of 2500 rows of DP table...
2022-01-04 21:34:51,189 - root - DEBUG - Processing 770-th line out of 2500 rows of DP table...
2022-01-04 21:34:51,787 - root - DEBUG - Processing 780-th line out of 2500 rows of DP table...
2022-01-04 21:34:52,388 - root - DEBUG - Processing 790-th line out of 2500 rows of DP table...
2022-01-04 21:34:52,977 - root - DEBUG - Processing 800-th line out of 2500 rows of DP table...
2022-01-04 21:34:53,568 - root - DEBUG - Processing 810-th line out of 2500 rows of DP table...
2022-01-04 21:34:54,153 - root - DEBUG - Processing 820-th line out of 2500 rows of DP table...
2022-01-04 21:34:54,742 - root - DEBUG - Processing 830-th line out of 2500 rows of DP table...
2022-01-04 21:34:55,321 - root - DEBUG - Processing 840-th line out of 2500 rows of DP table...
2022-01-04 21:34:55,901 - root - DEBUG - Processing 850-th line out of 2500 rows of DP table...
2022-01-04 21:34:56,474 - root - DEBUG - Processing 860-th line out of 2500 rows of DP table...
2022-01-04 21:34:57,047 - root - DEBUG - Processing 870-th line out of 2500 rows of DP table...
2022-01-04 21:34:57,607 - root - DEBUG - Processing 880-th line out of 2500 rows of DP table...
2022-01-04 21:34:58,176 - root - DEBUG - Processing 890-th line out of 2500 rows of DP table...
2022-01-04 21:34:58,736 - root - DEBUG - Processing 900-th line out of 2500 rows of DP table...
2022-01-04 21:34:59,295 - root - DEBUG - Processing 910-th line out of 2500 rows of DP table...
2022-01-04 21:34:59,848 - root - DEBUG - Processing 920-th line out of 2500 rows of DP table...
2022-01-04 21:35:00,403 - root - DEBUG - Processing 930-th line out of 2500 rows of DP table...
2022-01-04 21:35:00,948 - root - DEBUG - Processing 940-th line out of 2500 rows of DP table...
2022-01-04 21:35:01,495 - root - DEBUG - Processing 950-th line out of 2500 rows of DP table...
2022-01-04 21:35:02,032 - root - DEBUG - Processing 960-th line out of 2500 rows of DP table...
2022-01-04 21:35:02,571 - root - DEBUG - Processing 970-th line out of 2500 rows of DP table...
2022-01-04 21:35:03,101 - root - DEBUG - Processing 980-th line out of 2500 rows of DP table...
2022-01-04 21:35:03,629 - root - DEBUG - Processing 990-th line out of 2500 rows of DP table...
2022-01-04 21:35:04,159 - root - DEBUG - Processing 1000-th line out of 2500 rows of DP table...
2022-01-04 21:35:04,680 - root - DEBUG - Processing 1010-th line out of 2500 rows of DP table...
2022-01-04 21:35:05,204 - root - DEBUG - Processing 1020-th line out of 2500 rows of DP table...
2022-01-04 21:35:05,716 - root - DEBUG - Processing 1030-th line out of 2500 rows of DP table...
2022-01-04 21:35:06,232 - root - DEBUG - Processing 1040-th line out of 2500 rows of DP table...
2022-01-04 21:35:06,737 - root - DEBUG - Processing 1050-th line out of 2500 rows of DP table...
2022-01-04 21:35:07,244 - root - DEBUG - Processing 1060-th line out of 2500 rows of DP table...
2022-01-04 21:35:07,742 - root - DEBUG - Processing 1070-th line out of 2500 rows of DP table...
2022-01-04 21:35:08,248 - root - DEBUG - Processing 1080-th line out of 2500 rows of DP table...
2022-01-04 21:35:08,740 - root - DEBUG - Processing 1090-th line out of 2500 rows of DP table...
2022-01-04 21:35:09,229 - root - DEBUG - Processing 1100-th line out of 2500 rows of DP table...
2022-01-04 21:35:09,723 - root - DEBUG - Processing 1110-th line out of 2500 rows of DP table...
2022-01-04 21:35:10,206 - root - DEBUG - Processing 1120-th line out of 2500 rows of DP table...
2022-01-04 21:35:10,697 - root - DEBUG - Processing 1130-th line out of 2500 rows of DP table...
2022-01-04 21:35:11,175 - root - DEBUG - Processing 1140-th line out of 2500 rows of DP table...
2022-01-04 21:35:11,646 - root - DEBUG - Processing 1150-th line out of 2500 rows of DP table...
2022-01-04 21:35:12,120 - root - DEBUG - Processing 1160-th line out of 2500 rows of DP table...
2022-01-04 21:35:12,586 - root - DEBUG - Processing 1170-th line out of 2500 rows of DP table...
2022-01-04 21:35:13,052 - root - DEBUG - Processing 1180-th line out of 2500 rows of DP table...
2022-01-04 21:35:13,513 - root - DEBUG - Processing 1190-th line out of 2500 rows of DP table...
2022-01-04 21:35:13,974 - root - DEBUG - Processing 1200-th line out of 2500 rows of DP table...
2022-01-04 21:35:14,426 - root - DEBUG - Processing 1210-th line out of 2500 rows of DP table...
2022-01-04 21:35:14,877 - root - DEBUG - Processing 1220-th line out of 2500 rows of DP table...
2022-01-04 21:35:15,327 - root - DEBUG - Processing 1230-th line out of 2500 rows of DP table...
2022-01-04 21:35:15,772 - root - DEBUG - Processing 1240-th line out of 2500 rows of DP table...
2022-01-04 21:35:16,242 - root - DEBUG - Processing 1250-th line out of 2500 rows of DP table...
2022-01-04 21:35:16,680 - root - DEBUG - Processing 1260-th line out of 2500 rows of DP table...
2022-01-04 21:35:17,114 - root - DEBUG - Processing 1270-th line out of 2500 rows of DP table...
2022-01-04 21:35:17,550 - root - DEBUG - Processing 1280-th line out of 2500 rows of DP table...
2022-01-04 21:35:17,975 - root - DEBUG - Processing 1290-th line out of 2500 rows of DP table...
2022-01-04 21:35:18,399 - root - DEBUG - Processing 1300-th line out of 2500 rows of DP table...
2022-01-04 21:35:18,824 - root - DEBUG - Processing 1310-th line out of 2500 rows of DP table...
2022-01-04 21:35:19,242 - root - DEBUG - Processing 1320-th line out of 2500 rows of DP table...
2022-01-04 21:35:19,660 - root - DEBUG - Processing 1330-th line out of 2500 rows of DP table...
2022-01-04 21:35:20,070 - root - DEBUG - Processing 1340-th line out of 2500 rows of DP table...
2022-01-04 21:35:20,476 - root - DEBUG - Processing 1350-th line out of 2500 rows of DP table...
2022-01-04 21:35:20,884 - root - DEBUG - Processing 1360-th line out of 2500 rows of DP table...
2022-01-04 21:35:21,282 - root - DEBUG - Processing 1370-th line out of 2500 rows of DP table...
2022-01-04 21:35:21,678 - root - DEBUG - Processing 1380-th line out of 2500 rows of DP table...
2022-01-04 21:35:22,076 - root - DEBUG - Processing 1390-th line out of 2500 rows of DP table...
2022-01-04 21:35:22,465 - root - DEBUG - Processing 1400-th line out of 2500 rows of DP table...
2022-01-04 21:35:22,852 - root - DEBUG - Processing 1410-th line out of 2500 rows of DP table...
2022-01-04 21:35:23,237 - root - DEBUG - Processing 1420-th line out of 2500 rows of DP table...
2022-01-04 21:35:23,617 - root - DEBUG - Processing 1430-th line out of 2500 rows of DP table...
2022-01-04 21:35:23,993 - root - DEBUG - Processing 1440-th line out of 2500 rows of DP table...
2022-01-04 21:35:24,371 - root - DEBUG - Processing 1450-th line out of 2500 rows of DP table...
2022-01-04 21:35:24,738 - root - DEBUG - Processing 1460-th line out of 2500 rows of DP table...
2022-01-04 21:35:25,101 - root - DEBUG - Processing 1470-th line out of 2500 rows of DP table...
2022-01-04 21:35:25,469 - root - DEBUG - Processing 1480-th line out of 2500 rows of DP table...
2022-01-04 21:35:25,827 - root - DEBUG - Processing 1490-th line out of 2500 rows of DP table...
2022-01-04 21:35:26,181 - root - DEBUG - Processing 1500-th line out of 2500 rows of DP table...
2022-01-04 21:35:26,535 - root - DEBUG - Processing 1510-th line out of 2500 rows of DP table...
2022-01-04 21:35:26,881 - root - DEBUG - Processing 1520-th line out of 2500 rows of DP table...
2022-01-04 21:35:27,225 - root - DEBUG - Processing 1530-th line out of 2500 rows of DP table...
2022-01-04 21:35:27,565 - root - DEBUG - Processing 1540-th line out of 2500 rows of DP table...
2022-01-04 21:35:27,908 - root - DEBUG - Processing 1550-th line out of 2500 rows of DP table...
2022-01-04 21:35:28,239 - root - DEBUG - Processing 1560-th line out of 2500 rows of DP table...
2022-01-04 21:35:28,569 - root - DEBUG - Processing 1570-th line out of 2500 rows of DP table...
2022-01-04 21:35:28,903 - root - DEBUG - Processing 1580-th line out of 2500 rows of DP table...
2022-01-04 21:35:29,226 - root - DEBUG - Processing 1590-th line out of 2500 rows of DP table...
2022-01-04 21:35:29,546 - root - DEBUG - Processing 1600-th line out of 2500 rows of DP table...
2022-01-04 21:35:29,861 - root - DEBUG - Processing 1610-th line out of 2500 rows of DP table...
2022-01-04 21:35:30,179 - root - DEBUG - Processing 1620-th line out of 2500 rows of DP table...
2022-01-04 21:35:30,489 - root - DEBUG - Processing 1630-th line out of 2500 rows of DP table...
2022-01-04 21:35:30,795 - root - DEBUG - Processing 1640-th line out of 2500 rows of DP table...
2022-01-04 21:35:31,103 - root - DEBUG - Processing 1650-th line out of 2500 rows of DP table...
2022-01-04 21:35:31,404 - root - DEBUG - Processing 1660-th line out of 2500 rows of DP table...
2022-01-04 21:35:31,701 - root - DEBUG - Processing 1670-th line out of 2500 rows of DP table...
2022-01-04 21:35:31,994 - root - DEBUG - Processing 1680-th line out of 2500 rows of DP table...
2022-01-04 21:35:32,288 - root - DEBUG - Processing 1690-th line out of 2500 rows of DP table...
2022-01-04 21:35:32,573 - root - DEBUG - Processing 1700-th line out of 2500 rows of DP table...
2022-01-04 21:35:32,856 - root - DEBUG - Processing 1710-th line out of 2500 rows of DP table...
2022-01-04 21:35:33,134 - root - DEBUG - Processing 1720-th line out of 2500 rows of DP table...
2022-01-04 21:35:33,415 - root - DEBUG - Processing 1730-th line out of 2500 rows of DP table...
2022-01-04 21:35:33,687 - root - DEBUG - Processing 1740-th line out of 2500 rows of DP table...
2022-01-04 21:35:33,956 - root - DEBUG - Processing 1750-th line out of 2500 rows of DP table...
2022-01-04 21:35:34,221 - root - DEBUG - Processing 1760-th line out of 2500 rows of DP table...
2022-01-04 21:35:34,489 - root - DEBUG - Processing 1770-th line out of 2500 rows of DP table...
2022-01-04 21:35:34,748 - root - DEBUG - Processing 1780-th line out of 2500 rows of DP table...
2022-01-04 21:35:35,028 - root - DEBUG - Processing 1790-th line out of 2500 rows of DP table...
2022-01-04 21:35:35,281 - root - DEBUG - Processing 1800-th line out of 2500 rows of DP table...
2022-01-04 21:35:35,532 - root - DEBUG - Processing 1810-th line out of 2500 rows of DP table...
2022-01-04 21:35:35,783 - root - DEBUG - Processing 1820-th line out of 2500 rows of DP table...
2022-01-04 21:35:36,027 - root - DEBUG - Processing 1830-th line out of 2500 rows of DP table...
2022-01-04 21:35:36,267 - root - DEBUG - Processing 1840-th line out of 2500 rows of DP table...
2022-01-04 21:35:36,503 - root - DEBUG - Processing 1850-th line out of 2500 rows of DP table...
2022-01-04 21:35:36,736 - root - DEBUG - Processing 1860-th line out of 2500 rows of DP table...
2022-01-04 21:35:36,969 - root - DEBUG - Processing 1870-th line out of 2500 rows of DP table...
2022-01-04 21:35:37,195 - root - DEBUG - Processing 1880-th line out of 2500 rows of DP table...
2022-01-04 21:35:37,417 - root - DEBUG - Processing 1890-th line out of 2500 rows of DP table...
2022-01-04 21:35:37,636 - root - DEBUG - Processing 1900-th line out of 2500 rows of DP table...
2022-01-04 21:35:37,851 - root - DEBUG - Processing 1910-th line out of 2500 rows of DP table...
2022-01-04 21:35:38,068 - root - DEBUG - Processing 1920-th line out of 2500 rows of DP table...
2022-01-04 21:35:38,276 - root - DEBUG - Processing 1930-th line out of 2500 rows of DP table...
2022-01-04 21:35:38,481 - root - DEBUG - Processing 1940-th line out of 2500 rows of DP table...
2022-01-04 21:35:38,683 - root - DEBUG - Processing 1950-th line out of 2500 rows of DP table...
2022-01-04 21:35:38,882 - root - DEBUG - Processing 1960-th line out of 2500 rows of DP table...
2022-01-04 21:35:39,083 - root - DEBUG - Processing 1970-th line out of 2500 rows of DP table...
2022-01-04 21:35:39,275 - root - DEBUG - Processing 1980-th line out of 2500 rows of DP table...
2022-01-04 21:35:39,464 - root - DEBUG - Processing 1990-th line out of 2500 rows of DP table...
2022-01-04 21:35:39,649 - root - DEBUG - Processing 2000-th line out of 2500 rows of DP table...
2022-01-04 21:35:39,831 - root - DEBUG - Processing 2010-th line out of 2500 rows of DP table...
2022-01-04 21:35:40,010 - root - DEBUG - Processing 2020-th line out of 2500 rows of DP table...
2022-01-04 21:35:40,184 - root - DEBUG - Processing 2030-th line out of 2500 rows of DP table...
2022-01-04 21:35:40,361 - root - DEBUG - Processing 2040-th line out of 2500 rows of DP table...
2022-01-04 21:35:40,531 - root - DEBUG - Processing 2050-th line out of 2500 rows of DP table...
2022-01-04 21:35:40,697 - root - DEBUG - Processing 2060-th line out of 2500 rows of DP table...
2022-01-04 21:35:40,858 - root - DEBUG - Processing 2070-th line out of 2500 rows of DP table...
2022-01-04 21:35:41,017 - root - DEBUG - Processing 2080-th line out of 2500 rows of DP table...
2022-01-04 21:35:41,173 - root - DEBUG - Processing 2090-th line out of 2500 rows of DP table...
2022-01-04 21:35:41,323 - root - DEBUG - Processing 2100-th line out of 2500 rows of DP table...
2022-01-04 21:35:41,475 - root - DEBUG - Processing 2110-th line out of 2500 rows of DP table...
2022-01-04 21:35:41,620 - root - DEBUG - Processing 2120-th line out of 2500 rows of DP table...
2022-01-04 21:35:41,761 - root - DEBUG - Processing 2130-th line out of 2500 rows of DP table...
2022-01-04 21:35:41,898 - root - DEBUG - Processing 2140-th line out of 2500 rows of DP table...
2022-01-04 21:35:42,031 - root - DEBUG - Processing 2150-th line out of 2500 rows of DP table...
2022-01-04 21:35:42,163 - root - DEBUG - Processing 2160-th line out of 2500 rows of DP table...
2022-01-04 21:35:42,291 - root - DEBUG - Processing 2170-th line out of 2500 rows of DP table...
2022-01-04 21:35:42,415 - root - DEBUG - Processing 2180-th line out of 2500 rows of DP table...
2022-01-04 21:35:42,540 - root - DEBUG - Processing 2190-th line out of 2500 rows of DP table...
2022-01-04 21:35:42,657 - root - DEBUG - Processing 2200-th line out of 2500 rows of DP table...
2022-01-04 21:35:42,770 - root - DEBUG - Processing 2210-th line out of 2500 rows of DP table...
2022-01-04 21:35:42,880 - root - DEBUG - Processing 2220-th line out of 2500 rows of DP table...
2022-01-04 21:35:42,987 - root - DEBUG - Processing 2230-th line out of 2500 rows of DP table...
2022-01-04 21:35:43,089 - root - DEBUG - Processing 2240-th line out of 2500 rows of DP table...
2022-01-04 21:35:43,189 - root - DEBUG - Processing 2250-th line out of 2500 rows of DP table...
2022-01-04 21:35:43,285 - root - DEBUG - Processing 2260-th line out of 2500 rows of DP table...
2022-01-04 21:35:43,379 - root - DEBUG - Processing 2270-th line out of 2500 rows of DP table...
2022-01-04 21:35:43,468 - root - DEBUG - Processing 2280-th line out of 2500 rows of DP table...
2022-01-04 21:35:43,554 - root - DEBUG - Processing 2290-th line out of 2500 rows of DP table...
2022-01-04 21:35:43,636 - root - DEBUG - Processing 2300-th line out of 2500 rows of DP table...
2022-01-04 21:35:43,721 - root - DEBUG - Processing 2310-th line out of 2500 rows of DP table...
2022-01-04 21:35:43,797 - root - DEBUG - Processing 2320-th line out of 2500 rows of DP table...
2022-01-04 21:35:43,869 - root - DEBUG - Processing 2330-th line out of 2500 rows of DP table...
2022-01-04 21:35:43,938 - root - DEBUG - Processing 2340-th line out of 2500 rows of DP table...
2022-01-04 21:35:44,004 - root - DEBUG - Processing 2350-th line out of 2500 rows of DP table...
2022-01-04 21:35:44,066 - root - DEBUG - Processing 2360-th line out of 2500 rows of DP table...
2022-01-04 21:35:44,125 - root - DEBUG - Processing 2370-th line out of 2500 rows of DP table...
2022-01-04 21:35:44,180 - root - DEBUG - Processing 2380-th line out of 2500 rows of DP table...
2022-01-04 21:35:44,231 - root - DEBUG - Processing 2390-th line out of 2500 rows of DP table...
2022-01-04 21:35:44,280 - root - DEBUG - Processing 2400-th line out of 2500 rows of DP table...
2022-01-04 21:35:44,324 - root - DEBUG - Processing 2410-th line out of 2500 rows of DP table...
2022-01-04 21:35:44,366 - root - DEBUG - Processing 2420-th line out of 2500 rows of DP table...
2022-01-04 21:35:44,404 - root - DEBUG - Processing 2430-th line out of 2500 rows of DP table...
2022-01-04 21:35:44,439 - root - DEBUG - Processing 2440-th line out of 2500 rows of DP table...
2022-01-04 21:35:44,470 - root - DEBUG - Processing 2450-th line out of 2500 rows of DP table...
2022-01-04 21:35:44,513 - root - DEBUG - Processing 2460-th line out of 2500 rows of DP table...
2022-01-04 21:35:44,538 - root - DEBUG - Processing 2470-th line out of 2500 rows of DP table...
2022-01-04 21:35:44,560 - root - DEBUG - Processing 2480-th line out of 2500 rows of DP table...
2022-01-04 21:35:44,578 - root - DEBUG - Processing 2490-th line out of 2500 rows of DP table...
2022-01-04 21:35:44,592 - root - DEBUG - Processing 2500-th line out of 2500 rows of DP table...
2022-01-04 21:35:44,607 - root - DEBUG - Started computing joint logprobs...
