2022-01-05 06:16:30,658 - root - INFO - Loading reference interval set from '211227-2-sim/g24_6.ref.tsv'...
2022-01-05 06:16:30,661 - root - INFO - Loading query interval set from '211227-2-sim/g24_6.query.tsv'...
2022-01-05 06:16:30,669 - root - INFO - Loading chromosome sizes from '211227-2-sim/g24_sizes.tsv'...
2022-01-05 06:16:30,674 - root - INFO - Number of reference intervals: 2500 (2500 before merging)
2022-01-05 06:16:30,675 - root - INFO - Number of query intervals: 5000 (5000 before merging)
2022-01-05 06:16:30,676 - root - INFO - Number of chromosomes: 1
2022-01-05 06:16:30,686 - root - INFO - Overlap count: 2052
2022-01-05 06:16:30,687 - root - DEBUG - Started computing sf for chromosome 'chr1'...
2022-01-05 06:16:30,689 - root - DEBUG - m=2500, n=5000
2022-01-05 06:16:31,499 - root - DEBUG - Processing 10-th line out of 2500 rows of DP table...
2022-01-05 06:16:32,344 - root - DEBUG - Processing 20-th line out of 2500 rows of DP table...
2022-01-05 06:16:33,187 - root - DEBUG - Processing 30-th line out of 2500 rows of DP table...
2022-01-05 06:16:34,020 - root - DEBUG - Processing 40-th line out of 2500 rows of DP table...
2022-01-05 06:16:34,856 - root - DEBUG - Processing 50-th line out of 2500 rows of DP table...
2022-01-05 06:16:35,687 - root - DEBUG - Processing 60-th line out of 2500 rows of DP table...
2022-01-05 06:16:36,513 - root - DEBUG - Processing 70-th line out of 2500 rows of DP table...
2022-01-05 06:16:37,339 - root - DEBUG - Processing 80-th line out of 2500 rows of DP table...
2022-01-05 06:16:38,160 - root - DEBUG - Processing 90-th line out of 2500 rows of DP table...
2022-01-05 06:16:39,035 - root - DEBUG - Processing 100-th line out of 2500 rows of DP table...
2022-01-05 06:16:39,843 - root - DEBUG - Processing 110-th line out of 2500 rows of DP table...
2022-01-05 06:16:40,656 - root - DEBUG - Processing 120-th line out of 2500 rows of DP table...
2022-01-05 06:16:41,470 - root - DEBUG - Processing 130-th line out of 2500 rows of DP table...
2022-01-05 06:16:42,274 - root - DEBUG - Processing 140-th line out of 2500 rows of DP table...
2022-01-05 06:16:43,068 - root - DEBUG - Processing 150-th line out of 2500 rows of DP table...
2022-01-05 06:16:43,868 - root - DEBUG - Processing 160-th line out of 2500 rows of DP table...
2022-01-05 06:16:44,658 - root - DEBUG - Processing 170-th line out of 2500 rows of DP table...
2022-01-05 06:16:45,450 - root - DEBUG - Processing 180-th line out of 2500 rows of DP table...
2022-01-05 06:16:46,237 - root - DEBUG - Processing 190-th line out of 2500 rows of DP table...
2022-01-05 06:16:47,020 - root - DEBUG - Processing 200-th line out of 2500 rows of DP table...
2022-01-05 06:16:47,800 - root - DEBUG - Processing 210-th line out of 2500 rows of DP table...
2022-01-05 06:16:48,573 - root - DEBUG - Processing 220-th line out of 2500 rows of DP table...
2022-01-05 06:16:49,342 - root - DEBUG - Processing 230-th line out of 2500 rows of DP table...
2022-01-05 06:16:50,116 - root - DEBUG - Processing 240-th line out of 2500 rows of DP table...
2022-01-05 06:16:50,883 - root - DEBUG - Processing 250-th line out of 2500 rows of DP table...
2022-01-05 06:16:51,648 - root - DEBUG - Processing 260-th line out of 2500 rows of DP table...
2022-01-05 06:16:52,412 - root - DEBUG - Processing 270-th line out of 2500 rows of DP table...
2022-01-05 06:16:53,164 - root - DEBUG - Processing 280-th line out of 2500 rows of DP table...
2022-01-05 06:16:53,920 - root - DEBUG - Processing 290-th line out of 2500 rows of DP table...
2022-01-05 06:16:54,674 - root - DEBUG - Processing 300-th line out of 2500 rows of DP table...
2022-01-05 06:16:55,422 - root - DEBUG - Processing 310-th line out of 2500 rows of DP table...
2022-01-05 06:16:56,167 - root - DEBUG - Processing 320-th line out of 2500 rows of DP table...
2022-01-05 06:16:56,907 - root - DEBUG - Processing 330-th line out of 2500 rows of DP table...
2022-01-05 06:16:57,651 - root - DEBUG - Processing 340-th line out of 2500 rows of DP table...
2022-01-05 06:16:58,389 - root - DEBUG - Processing 350-th line out of 2500 rows of DP table...
2022-01-05 06:16:59,120 - root - DEBUG - Processing 360-th line out of 2500 rows of DP table...
2022-01-05 06:16:59,859 - root - DEBUG - Processing 370-th line out of 2500 rows of DP table...
2022-01-05 06:17:00,585 - root - DEBUG - Processing 380-th line out of 2500 rows of DP table...
2022-01-05 06:17:01,305 - root - DEBUG - Processing 390-th line out of 2500 rows of DP table...
2022-01-05 06:17:02,024 - root - DEBUG - Processing 400-th line out of 2500 rows of DP table...
2022-01-05 06:17:02,738 - root - DEBUG - Processing 410-th line out of 2500 rows of DP table...
2022-01-05 06:17:03,446 - root - DEBUG - Processing 420-th line out of 2500 rows of DP table...
2022-01-05 06:17:04,150 - root - DEBUG - Processing 430-th line out of 2500 rows of DP table...
2022-01-05 06:17:04,856 - root - DEBUG - Processing 440-th line out of 2500 rows of DP table...
2022-01-05 06:17:05,556 - root - DEBUG - Processing 450-th line out of 2500 rows of DP table...
2022-01-05 06:17:06,249 - root - DEBUG - Processing 460-th line out of 2500 rows of DP table...
2022-01-05 06:17:06,940 - root - DEBUG - Processing 470-th line out of 2500 rows of DP table...
2022-01-05 06:17:07,641 - root - DEBUG - Processing 480-th line out of 2500 rows of DP table...
2022-01-05 06:17:08,328 - root - DEBUG - Processing 490-th line out of 2500 rows of DP table...
2022-01-05 06:17:09,010 - root - DEBUG - Processing 500-th line out of 2500 rows of DP table...
2022-01-05 06:17:09,690 - root - DEBUG - Processing 510-th line out of 2500 rows of DP table...
2022-01-05 06:17:10,364 - root - DEBUG - Processing 520-th line out of 2500 rows of DP table...
2022-01-05 06:17:11,036 - root - DEBUG - Processing 530-th line out of 2500 rows of DP table...
2022-01-05 06:17:11,710 - root - DEBUG - Processing 540-th line out of 2500 rows of DP table...
2022-01-05 06:17:12,378 - root - DEBUG - Processing 550-th line out of 2500 rows of DP table...
2022-01-05 06:17:13,042 - root - DEBUG - Processing 560-th line out of 2500 rows of DP table...
2022-01-05 06:17:13,702 - root - DEBUG - Processing 570-th line out of 2500 rows of DP table...
2022-01-05 06:17:14,357 - root - DEBUG - Processing 580-th line out of 2500 rows of DP table...
2022-01-05 06:17:15,010 - root - DEBUG - Processing 590-th line out of 2500 rows of DP table...
2022-01-05 06:17:15,678 - root - DEBUG - Processing 600-th line out of 2500 rows of DP table...
2022-01-05 06:17:16,326 - root - DEBUG - Processing 610-th line out of 2500 rows of DP table...
2022-01-05 06:17:16,968 - root - DEBUG - Processing 620-th line out of 2500 rows of DP table...
2022-01-05 06:17:17,607 - root - DEBUG - Processing 630-th line out of 2500 rows of DP table...
2022-01-05 06:17:18,242 - root - DEBUG - Processing 640-th line out of 2500 rows of DP table...
2022-01-05 06:17:18,903 - root - DEBUG - Processing 650-th line out of 2500 rows of DP table...
2022-01-05 06:17:19,531 - root - DEBUG - Processing 660-th line out of 2500 rows of DP table...
2022-01-05 06:17:20,157 - root - DEBUG - Processing 670-th line out of 2500 rows of DP table...
2022-01-05 06:17:20,782 - root - DEBUG - Processing 680-th line out of 2500 rows of DP table...
2022-01-05 06:17:21,403 - root - DEBUG - Processing 690-th line out of 2500 rows of DP table...
2022-01-05 06:17:22,018 - root - DEBUG - Processing 700-th line out of 2500 rows of DP table...
2022-01-05 06:17:22,634 - root - DEBUG - Processing 710-th line out of 2500 rows of DP table...
2022-01-05 06:17:23,296 - root - DEBUG - Processing 720-th line out of 2500 rows of DP table...
2022-01-05 06:17:23,900 - root - DEBUG - Processing 730-th line out of 2500 rows of DP table...
2022-01-05 06:17:24,499 - root - DEBUG - Processing 740-th line out of 2500 rows of DP table...
2022-01-05 06:17:25,103 - root - DEBUG - Processing 750-th line out of 2500 rows of DP table...
2022-01-05 06:17:25,700 - root - DEBUG - Processing 760-th line out of 2500 rows of DP table...
2022-01-05 06:17:26,289 - root - DEBUG - Processing 770-th line out of 2500 rows of DP table...
2022-01-05 06:17:26,883 - root - DEBUG - Processing 780-th line out of 2500 rows of DP table...
2022-01-05 06:17:27,471 - root - DEBUG - Processing 790-th line out of 2500 rows of DP table...
2022-01-05 06:17:28,062 - root - DEBUG - Processing 800-th line out of 2500 rows of DP table...
2022-01-05 06:17:28,649 - root - DEBUG - Processing 810-th line out of 2500 rows of DP table...
2022-01-05 06:17:29,223 - root - DEBUG - Processing 820-th line out of 2500 rows of DP table...
2022-01-05 06:17:29,799 - root - DEBUG - Processing 830-th line out of 2500 rows of DP table...
2022-01-05 06:17:30,367 - root - DEBUG - Processing 840-th line out of 2500 rows of DP table...
2022-01-05 06:17:30,933 - root - DEBUG - Processing 850-th line out of 2500 rows of DP table...
2022-01-05 06:17:31,496 - root - DEBUG - Processing 860-th line out of 2500 rows of DP table...
2022-01-05 06:17:32,062 - root - DEBUG - Processing 870-th line out of 2500 rows of DP table...
2022-01-05 06:17:32,619 - root - DEBUG - Processing 880-th line out of 2500 rows of DP table...
2022-01-05 06:17:33,171 - root - DEBUG - Processing 890-th line out of 2500 rows of DP table...
2022-01-05 06:17:33,720 - root - DEBUG - Processing 900-th line out of 2500 rows of DP table...
2022-01-05 06:17:34,265 - root - DEBUG - Processing 910-th line out of 2500 rows of DP table...
2022-01-05 06:17:34,809 - root - DEBUG - Processing 920-th line out of 2500 rows of DP table...
2022-01-05 06:17:35,349 - root - DEBUG - Processing 930-th line out of 2500 rows of DP table...
2022-01-05 06:17:35,891 - root - DEBUG - Processing 940-th line out of 2500 rows of DP table...
2022-01-05 06:17:36,423 - root - DEBUG - Processing 950-th line out of 2500 rows of DP table...
2022-01-05 06:17:36,954 - root - DEBUG - Processing 960-th line out of 2500 rows of DP table...
2022-01-05 06:17:37,480 - root - DEBUG - Processing 970-th line out of 2500 rows of DP table...
2022-01-05 06:17:38,005 - root - DEBUG - Processing 980-th line out of 2500 rows of DP table...
2022-01-05 06:17:38,528 - root - DEBUG - Processing 990-th line out of 2500 rows of DP table...
2022-01-05 06:17:39,042 - root - DEBUG - Processing 1000-th line out of 2500 rows of DP table...
2022-01-05 06:17:39,550 - root - DEBUG - Processing 1010-th line out of 2500 rows of DP table...
2022-01-05 06:17:40,059 - root - DEBUG - Processing 1020-th line out of 2500 rows of DP table...
2022-01-05 06:17:40,563 - root - DEBUG - Processing 1030-th line out of 2500 rows of DP table...
2022-01-05 06:17:41,064 - root - DEBUG - Processing 1040-th line out of 2500 rows of DP table...
2022-01-05 06:17:41,563 - root - DEBUG - Processing 1050-th line out of 2500 rows of DP table...
2022-01-05 06:17:42,062 - root - DEBUG - Processing 1060-th line out of 2500 rows of DP table...
2022-01-05 06:17:42,558 - root - DEBUG - Processing 1070-th line out of 2500 rows of DP table...
2022-01-05 06:17:43,046 - root - DEBUG - Processing 1080-th line out of 2500 rows of DP table...
2022-01-05 06:17:43,529 - root - DEBUG - Processing 1090-th line out of 2500 rows of DP table...
2022-01-05 06:17:44,011 - root - DEBUG - Processing 1100-th line out of 2500 rows of DP table...
2022-01-05 06:17:44,489 - root - DEBUG - Processing 1110-th line out of 2500 rows of DP table...
2022-01-05 06:17:44,964 - root - DEBUG - Processing 1120-th line out of 2500 rows of DP table...
2022-01-05 06:17:45,440 - root - DEBUG - Processing 1130-th line out of 2500 rows of DP table...
2022-01-05 06:17:45,908 - root - DEBUG - Processing 1140-th line out of 2500 rows of DP table...
2022-01-05 06:17:46,380 - root - DEBUG - Processing 1150-th line out of 2500 rows of DP table...
2022-01-05 06:17:46,841 - root - DEBUG - Processing 1160-th line out of 2500 rows of DP table...
2022-01-05 06:17:47,301 - root - DEBUG - Processing 1170-th line out of 2500 rows of DP table...
2022-01-05 06:17:47,758 - root - DEBUG - Processing 1180-th line out of 2500 rows of DP table...
2022-01-05 06:17:48,214 - root - DEBUG - Processing 1190-th line out of 2500 rows of DP table...
2022-01-05 06:17:48,671 - root - DEBUG - Processing 1200-th line out of 2500 rows of DP table...
2022-01-05 06:17:49,115 - root - DEBUG - Processing 1210-th line out of 2500 rows of DP table...
2022-01-05 06:17:49,554 - root - DEBUG - Processing 1220-th line out of 2500 rows of DP table...
2022-01-05 06:17:49,991 - root - DEBUG - Processing 1230-th line out of 2500 rows of DP table...
2022-01-05 06:17:50,429 - root - DEBUG - Processing 1240-th line out of 2500 rows of DP table...
2022-01-05 06:17:50,864 - root - DEBUG - Processing 1250-th line out of 2500 rows of DP table...
2022-01-05 06:17:51,294 - root - DEBUG - Processing 1260-th line out of 2500 rows of DP table...
2022-01-05 06:17:51,721 - root - DEBUG - Processing 1270-th line out of 2500 rows of DP table...
2022-01-05 06:17:52,158 - root - DEBUG - Processing 1280-th line out of 2500 rows of DP table...
2022-01-05 06:17:52,576 - root - DEBUG - Processing 1290-th line out of 2500 rows of DP table...
2022-01-05 06:17:52,992 - root - DEBUG - Processing 1300-th line out of 2500 rows of DP table...
2022-01-05 06:17:53,404 - root - DEBUG - Processing 1310-th line out of 2500 rows of DP table...
2022-01-05 06:17:53,812 - root - DEBUG - Processing 1320-th line out of 2500 rows of DP table...
2022-01-05 06:17:54,218 - root - DEBUG - Processing 1330-th line out of 2500 rows of DP table...
2022-01-05 06:17:54,620 - root - DEBUG - Processing 1340-th line out of 2500 rows of DP table...
2022-01-05 06:17:55,022 - root - DEBUG - Processing 1350-th line out of 2500 rows of DP table...
2022-01-05 06:17:55,417 - root - DEBUG - Processing 1360-th line out of 2500 rows of DP table...
2022-01-05 06:17:55,810 - root - DEBUG - Processing 1370-th line out of 2500 rows of DP table...
2022-01-05 06:17:56,199 - root - DEBUG - Processing 1380-th line out of 2500 rows of DP table...
2022-01-05 06:17:56,581 - root - DEBUG - Processing 1390-th line out of 2500 rows of DP table...
2022-01-05 06:17:56,969 - root - DEBUG - Processing 1400-th line out of 2500 rows of DP table...
2022-01-05 06:17:57,349 - root - DEBUG - Processing 1410-th line out of 2500 rows of DP table...
2022-01-05 06:17:57,726 - root - DEBUG - Processing 1420-th line out of 2500 rows of DP table...
2022-01-05 06:17:58,098 - root - DEBUG - Processing 1430-th line out of 2500 rows of DP table...
2022-01-05 06:17:58,470 - root - DEBUG - Processing 1440-th line out of 2500 rows of DP table...
2022-01-05 06:17:58,834 - root - DEBUG - Processing 1450-th line out of 2500 rows of DP table...
2022-01-05 06:17:59,195 - root - DEBUG - Processing 1460-th line out of 2500 rows of DP table...
2022-01-05 06:17:59,554 - root - DEBUG - Processing 1470-th line out of 2500 rows of DP table...
2022-01-05 06:17:59,906 - root - DEBUG - Processing 1480-th line out of 2500 rows of DP table...
2022-01-05 06:18:00,257 - root - DEBUG - Processing 1490-th line out of 2500 rows of DP table...
2022-01-05 06:18:00,606 - root - DEBUG - Processing 1500-th line out of 2500 rows of DP table...
2022-01-05 06:18:00,951 - root - DEBUG - Processing 1510-th line out of 2500 rows of DP table...
2022-01-05 06:18:01,296 - root - DEBUG - Processing 1520-th line out of 2500 rows of DP table...
2022-01-05 06:18:01,635 - root - DEBUG - Processing 1530-th line out of 2500 rows of DP table...
2022-01-05 06:18:01,975 - root - DEBUG - Processing 1540-th line out of 2500 rows of DP table...
2022-01-05 06:18:02,306 - root - DEBUG - Processing 1550-th line out of 2500 rows of DP table...
2022-01-05 06:18:02,633 - root - DEBUG - Processing 1560-th line out of 2500 rows of DP table...
2022-01-05 06:18:02,959 - root - DEBUG - Processing 1570-th line out of 2500 rows of DP table...
2022-01-05 06:18:03,282 - root - DEBUG - Processing 1580-th line out of 2500 rows of DP table...
2022-01-05 06:18:03,599 - root - DEBUG - Processing 1590-th line out of 2500 rows of DP table...
2022-01-05 06:18:03,915 - root - DEBUG - Processing 1600-th line out of 2500 rows of DP table...
2022-01-05 06:18:04,228 - root - DEBUG - Processing 1610-th line out of 2500 rows of DP table...
2022-01-05 06:18:04,538 - root - DEBUG - Processing 1620-th line out of 2500 rows of DP table...
2022-01-05 06:18:04,840 - root - DEBUG - Processing 1630-th line out of 2500 rows of DP table...
2022-01-05 06:18:05,142 - root - DEBUG - Processing 1640-th line out of 2500 rows of DP table...
2022-01-05 06:18:05,455 - root - DEBUG - Processing 1650-th line out of 2500 rows of DP table...
2022-01-05 06:18:05,749 - root - DEBUG - Processing 1660-th line out of 2500 rows of DP table...
2022-01-05 06:18:06,041 - root - DEBUG - Processing 1670-th line out of 2500 rows of DP table...
2022-01-05 06:18:06,330 - root - DEBUG - Processing 1680-th line out of 2500 rows of DP table...
2022-01-05 06:18:06,614 - root - DEBUG - Processing 1690-th line out of 2500 rows of DP table...
2022-01-05 06:18:06,894 - root - DEBUG - Processing 1700-th line out of 2500 rows of DP table...
2022-01-05 06:18:07,174 - root - DEBUG - Processing 1710-th line out of 2500 rows of DP table...
2022-01-05 06:18:07,452 - root - DEBUG - Processing 1720-th line out of 2500 rows of DP table...
2022-01-05 06:18:07,724 - root - DEBUG - Processing 1730-th line out of 2500 rows of DP table...
2022-01-05 06:18:07,994 - root - DEBUG - Processing 1740-th line out of 2500 rows of DP table...
2022-01-05 06:18:08,259 - root - DEBUG - Processing 1750-th line out of 2500 rows of DP table...
2022-01-05 06:18:08,520 - root - DEBUG - Processing 1760-th line out of 2500 rows of DP table...
2022-01-05 06:18:08,778 - root - DEBUG - Processing 1770-th line out of 2500 rows of DP table...
2022-01-05 06:18:09,032 - root - DEBUG - Processing 1780-th line out of 2500 rows of DP table...
2022-01-05 06:18:09,284 - root - DEBUG - Processing 1790-th line out of 2500 rows of DP table...
2022-01-05 06:18:09,535 - root - DEBUG - Processing 1800-th line out of 2500 rows of DP table...
2022-01-05 06:18:09,778 - root - DEBUG - Processing 1810-th line out of 2500 rows of DP table...
2022-01-05 06:18:10,021 - root - DEBUG - Processing 1820-th line out of 2500 rows of DP table...
2022-01-05 06:18:10,260 - root - DEBUG - Processing 1830-th line out of 2500 rows of DP table...
2022-01-05 06:18:10,496 - root - DEBUG - Processing 1840-th line out of 2500 rows of DP table...
2022-01-05 06:18:10,728 - root - DEBUG - Processing 1850-th line out of 2500 rows of DP table...
2022-01-05 06:18:10,957 - root - DEBUG - Processing 1860-th line out of 2500 rows of DP table...
2022-01-05 06:18:11,181 - root - DEBUG - Processing 1870-th line out of 2500 rows of DP table...
2022-01-05 06:18:11,402 - root - DEBUG - Processing 1880-th line out of 2500 rows of DP table...
2022-01-05 06:18:11,620 - root - DEBUG - Processing 1890-th line out of 2500 rows of DP table...
2022-01-05 06:18:11,837 - root - DEBUG - Processing 1900-th line out of 2500 rows of DP table...
2022-01-05 06:18:12,049 - root - DEBUG - Processing 1910-th line out of 2500 rows of DP table...
2022-01-05 06:18:12,256 - root - DEBUG - Processing 1920-th line out of 2500 rows of DP table...
2022-01-05 06:18:12,460 - root - DEBUG - Processing 1930-th line out of 2500 rows of DP table...
2022-01-05 06:18:12,662 - root - DEBUG - Processing 1940-th line out of 2500 rows of DP table...
2022-01-05 06:18:12,875 - root - DEBUG - Processing 1950-th line out of 2500 rows of DP table...
2022-01-05 06:18:13,069 - root - DEBUG - Processing 1960-th line out of 2500 rows of DP table...
2022-01-05 06:18:13,260 - root - DEBUG - Processing 1970-th line out of 2500 rows of DP table...
2022-01-05 06:18:13,447 - root - DEBUG - Processing 1980-th line out of 2500 rows of DP table...
2022-01-05 06:18:13,632 - root - DEBUG - Processing 1990-th line out of 2500 rows of DP table...
2022-01-05 06:18:13,817 - root - DEBUG - Processing 2000-th line out of 2500 rows of DP table...
2022-01-05 06:18:13,997 - root - DEBUG - Processing 2010-th line out of 2500 rows of DP table...
2022-01-05 06:18:14,172 - root - DEBUG - Processing 2020-th line out of 2500 rows of DP table...
2022-01-05 06:18:14,344 - root - DEBUG - Processing 2030-th line out of 2500 rows of DP table...
2022-01-05 06:18:14,514 - root - DEBUG - Processing 2040-th line out of 2500 rows of DP table...
2022-01-05 06:18:14,680 - root - DEBUG - Processing 2050-th line out of 2500 rows of DP table...
2022-01-05 06:18:14,840 - root - DEBUG - Processing 2060-th line out of 2500 rows of DP table...
2022-01-05 06:18:15,000 - root - DEBUG - Processing 2070-th line out of 2500 rows of DP table...
2022-01-05 06:18:15,156 - root - DEBUG - Processing 2080-th line out of 2500 rows of DP table...
2022-01-05 06:18:15,307 - root - DEBUG - Processing 2090-th line out of 2500 rows of DP table...
2022-01-05 06:18:15,456 - root - DEBUG - Processing 2100-th line out of 2500 rows of DP table...
2022-01-05 06:18:15,601 - root - DEBUG - Processing 2110-th line out of 2500 rows of DP table...
2022-01-05 06:18:15,742 - root - DEBUG - Processing 2120-th line out of 2500 rows of DP table...
2022-01-05 06:18:15,882 - root - DEBUG - Processing 2130-th line out of 2500 rows of DP table...
2022-01-05 06:18:16,018 - root - DEBUG - Processing 2140-th line out of 2500 rows of DP table...
2022-01-05 06:18:16,150 - root - DEBUG - Processing 2150-th line out of 2500 rows of DP table...
2022-01-05 06:18:16,278 - root - DEBUG - Processing 2160-th line out of 2500 rows of DP table...
2022-01-05 06:18:16,402 - root - DEBUG - Processing 2170-th line out of 2500 rows of DP table...
2022-01-05 06:18:16,523 - root - DEBUG - Processing 2180-th line out of 2500 rows of DP table...
2022-01-05 06:18:16,641 - root - DEBUG - Processing 2190-th line out of 2500 rows of DP table...
2022-01-05 06:18:16,755 - root - DEBUG - Processing 2200-th line out of 2500 rows of DP table...
2022-01-05 06:18:16,866 - root - DEBUG - Processing 2210-th line out of 2500 rows of DP table...
2022-01-05 06:18:16,973 - root - DEBUG - Processing 2220-th line out of 2500 rows of DP table...
2022-01-05 06:18:17,078 - root - DEBUG - Processing 2230-th line out of 2500 rows of DP table...
2022-01-05 06:18:17,179 - root - DEBUG - Processing 2240-th line out of 2500 rows of DP table...
2022-01-05 06:18:17,277 - root - DEBUG - Processing 2250-th line out of 2500 rows of DP table...
2022-01-05 06:18:17,372 - root - DEBUG - Processing 2260-th line out of 2500 rows of DP table...
2022-01-05 06:18:17,463 - root - DEBUG - Processing 2270-th line out of 2500 rows of DP table...
2022-01-05 06:18:17,551 - root - DEBUG - Processing 2280-th line out of 2500 rows of DP table...
2022-01-05 06:18:17,635 - root - DEBUG - Processing 2290-th line out of 2500 rows of DP table...
2022-01-05 06:18:17,716 - root - DEBUG - Processing 2300-th line out of 2500 rows of DP table...
2022-01-05 06:18:17,793 - root - DEBUG - Processing 2310-th line out of 2500 rows of DP table...
2022-01-05 06:18:17,870 - root - DEBUG - Processing 2320-th line out of 2500 rows of DP table...
2022-01-05 06:18:17,942 - root - DEBUG - Processing 2330-th line out of 2500 rows of DP table...
2022-01-05 06:18:18,011 - root - DEBUG - Processing 2340-th line out of 2500 rows of DP table...
2022-01-05 06:18:18,076 - root - DEBUG - Processing 2350-th line out of 2500 rows of DP table...
2022-01-05 06:18:18,137 - root - DEBUG - Processing 2360-th line out of 2500 rows of DP table...
2022-01-05 06:18:18,195 - root - DEBUG - Processing 2370-th line out of 2500 rows of DP table...
2022-01-05 06:18:18,250 - root - DEBUG - Processing 2380-th line out of 2500 rows of DP table...
2022-01-05 06:18:18,301 - root - DEBUG - Processing 2390-th line out of 2500 rows of DP table...
2022-01-05 06:18:18,349 - root - DEBUG - Processing 2400-th line out of 2500 rows of DP table...
2022-01-05 06:18:18,394 - root - DEBUG - Processing 2410-th line out of 2500 rows of DP table...
2022-01-05 06:18:18,436 - root - DEBUG - Processing 2420-th line out of 2500 rows of DP table...
2022-01-05 06:18:18,475 - root - DEBUG - Processing 2430-th line out of 2500 rows of DP table...
2022-01-05 06:18:18,510 - root - DEBUG - Processing 2440-th line out of 2500 rows of DP table...
2022-01-05 06:18:18,541 - root - DEBUG - Processing 2450-th line out of 2500 rows of DP table...
2022-01-05 06:18:18,569 - root - DEBUG - Processing 2460-th line out of 2500 rows of DP table...
2022-01-05 06:18:18,593 - root - DEBUG - Processing 2470-th line out of 2500 rows of DP table...
2022-01-05 06:18:18,614 - root - DEBUG - Processing 2480-th line out of 2500 rows of DP table...
2022-01-05 06:18:18,632 - root - DEBUG - Processing 2490-th line out of 2500 rows of DP table...
2022-01-05 06:18:18,647 - root - DEBUG - Processing 2500-th line out of 2500 rows of DP table...
2022-01-05 06:18:18,661 - root - DEBUG - Started computing joint logprobs...
