2022-01-05 01:07:33,359 - root - INFO - Loading reference interval set from '211227-2-sim/g24_4.ref.tsv'...
2022-01-05 01:07:33,364 - root - INFO - Loading query interval set from '211227-2-sim/g24_4.query.tsv'...
2022-01-05 01:07:33,414 - root - INFO - Loading chromosome sizes from '211227-2-sim/g24_sizes.tsv'...
2022-01-05 01:07:33,422 - root - INFO - Number of reference intervals: 2500 (2500 before merging)
2022-01-05 01:07:33,424 - root - INFO - Number of query intervals: 5000 (5000 before merging)
2022-01-05 01:07:33,425 - root - INFO - Number of chromosomes: 1
2022-01-05 01:07:33,438 - root - INFO - Overlap count: 2051
2022-01-05 01:07:33,440 - root - DEBUG - Started computing sf for chromosome 'chr1'...
2022-01-05 01:07:33,443 - root - DEBUG - m=2500, n=5000
2022-01-05 01:07:34,233 - root - DEBUG - Processing 10-th line out of 2500 rows of DP table...
2022-01-05 01:07:35,078 - root - DEBUG - Processing 20-th line out of 2500 rows of DP table...
2022-01-05 01:07:35,914 - root - DEBUG - Processing 30-th line out of 2500 rows of DP table...
2022-01-05 01:07:36,747 - root - DEBUG - Processing 40-th line out of 2500 rows of DP table...
2022-01-05 01:07:37,586 - root - DEBUG - Processing 50-th line out of 2500 rows of DP table...
2022-01-05 01:07:38,414 - root - DEBUG - Processing 60-th line out of 2500 rows of DP table...
2022-01-05 01:07:39,241 - root - DEBUG - Processing 70-th line out of 2500 rows of DP table...
2022-01-05 01:07:40,070 - root - DEBUG - Processing 80-th line out of 2500 rows of DP table...
2022-01-05 01:07:40,885 - root - DEBUG - Processing 90-th line out of 2500 rows of DP table...
2022-01-05 01:07:41,703 - root - DEBUG - Processing 100-th line out of 2500 rows of DP table...
2022-01-05 01:07:42,519 - root - DEBUG - Processing 110-th line out of 2500 rows of DP table...
2022-01-05 01:07:43,348 - root - DEBUG - Processing 120-th line out of 2500 rows of DP table...
2022-01-05 01:07:44,353 - root - DEBUG - Processing 130-th line out of 2500 rows of DP table...
2022-01-05 01:07:45,155 - root - DEBUG - Processing 140-th line out of 2500 rows of DP table...
2022-01-05 01:07:45,971 - root - DEBUG - Processing 150-th line out of 2500 rows of DP table...
2022-01-05 01:07:46,798 - root - DEBUG - Processing 160-th line out of 2500 rows of DP table...
2022-01-05 01:07:47,607 - root - DEBUG - Processing 170-th line out of 2500 rows of DP table...
2022-01-05 01:07:48,414 - root - DEBUG - Processing 180-th line out of 2500 rows of DP table...
2022-01-05 01:07:49,198 - root - DEBUG - Processing 190-th line out of 2500 rows of DP table...
2022-01-05 01:07:49,983 - root - DEBUG - Processing 200-th line out of 2500 rows of DP table...
2022-01-05 01:07:50,886 - root - DEBUG - Processing 210-th line out of 2500 rows of DP table...
2022-01-05 01:07:51,685 - root - DEBUG - Processing 220-th line out of 2500 rows of DP table...
2022-01-05 01:07:52,483 - root - DEBUG - Processing 230-th line out of 2500 rows of DP table...
2022-01-05 01:07:53,250 - root - DEBUG - Processing 240-th line out of 2500 rows of DP table...
2022-01-05 01:07:54,025 - root - DEBUG - Processing 250-th line out of 2500 rows of DP table...
2022-01-05 01:07:54,783 - root - DEBUG - Processing 260-th line out of 2500 rows of DP table...
2022-01-05 01:07:55,549 - root - DEBUG - Processing 270-th line out of 2500 rows of DP table...
2022-01-05 01:07:56,303 - root - DEBUG - Processing 280-th line out of 2500 rows of DP table...
2022-01-05 01:07:57,057 - root - DEBUG - Processing 290-th line out of 2500 rows of DP table...
2022-01-05 01:07:57,813 - root - DEBUG - Processing 300-th line out of 2500 rows of DP table...
2022-01-05 01:07:58,582 - root - DEBUG - Processing 310-th line out of 2500 rows of DP table...
2022-01-05 01:07:59,351 - root - DEBUG - Processing 320-th line out of 2500 rows of DP table...
2022-01-05 01:08:00,092 - root - DEBUG - Processing 330-th line out of 2500 rows of DP table...
2022-01-05 01:08:00,852 - root - DEBUG - Processing 340-th line out of 2500 rows of DP table...
2022-01-05 01:08:01,596 - root - DEBUG - Processing 350-th line out of 2500 rows of DP table...
2022-01-05 01:08:02,325 - root - DEBUG - Processing 360-th line out of 2500 rows of DP table...
2022-01-05 01:08:03,076 - root - DEBUG - Processing 370-th line out of 2500 rows of DP table...
2022-01-05 01:08:03,797 - root - DEBUG - Processing 380-th line out of 2500 rows of DP table...
2022-01-05 01:08:04,516 - root - DEBUG - Processing 390-th line out of 2500 rows of DP table...
2022-01-05 01:08:05,236 - root - DEBUG - Processing 400-th line out of 2500 rows of DP table...
2022-01-05 01:08:05,966 - root - DEBUG - Processing 410-th line out of 2500 rows of DP table...
2022-01-05 01:08:06,694 - root - DEBUG - Processing 420-th line out of 2500 rows of DP table...
2022-01-05 01:08:07,396 - root - DEBUG - Processing 430-th line out of 2500 rows of DP table...
2022-01-05 01:08:08,096 - root - DEBUG - Processing 440-th line out of 2500 rows of DP table...
2022-01-05 01:08:08,792 - root - DEBUG - Processing 450-th line out of 2500 rows of DP table...
2022-01-05 01:08:09,485 - root - DEBUG - Processing 460-th line out of 2500 rows of DP table...
2022-01-05 01:08:10,180 - root - DEBUG - Processing 470-th line out of 2500 rows of DP table...
2022-01-05 01:08:10,875 - root - DEBUG - Processing 480-th line out of 2500 rows of DP table...
2022-01-05 01:08:11,565 - root - DEBUG - Processing 490-th line out of 2500 rows of DP table...
2022-01-05 01:08:12,274 - root - DEBUG - Processing 500-th line out of 2500 rows of DP table...
2022-01-05 01:08:12,952 - root - DEBUG - Processing 510-th line out of 2500 rows of DP table...
2022-01-05 01:08:13,627 - root - DEBUG - Processing 520-th line out of 2500 rows of DP table...
2022-01-05 01:08:14,307 - root - DEBUG - Processing 530-th line out of 2500 rows of DP table...
2022-01-05 01:08:14,977 - root - DEBUG - Processing 540-th line out of 2500 rows of DP table...
2022-01-05 01:08:15,641 - root - DEBUG - Processing 550-th line out of 2500 rows of DP table...
2022-01-05 01:08:16,303 - root - DEBUG - Processing 560-th line out of 2500 rows of DP table...
2022-01-05 01:08:16,959 - root - DEBUG - Processing 570-th line out of 2500 rows of DP table...
2022-01-05 01:08:17,613 - root - DEBUG - Processing 580-th line out of 2500 rows of DP table...
2022-01-05 01:08:18,265 - root - DEBUG - Processing 590-th line out of 2500 rows of DP table...
2022-01-05 01:08:18,910 - root - DEBUG - Processing 600-th line out of 2500 rows of DP table...
2022-01-05 01:08:19,556 - root - DEBUG - Processing 610-th line out of 2500 rows of DP table...
2022-01-05 01:08:20,204 - root - DEBUG - Processing 620-th line out of 2500 rows of DP table...
2022-01-05 01:08:20,847 - root - DEBUG - Processing 630-th line out of 2500 rows of DP table...
2022-01-05 01:08:21,489 - root - DEBUG - Processing 640-th line out of 2500 rows of DP table...
2022-01-05 01:08:22,120 - root - DEBUG - Processing 650-th line out of 2500 rows of DP table...
2022-01-05 01:08:22,749 - root - DEBUG - Processing 660-th line out of 2500 rows of DP table...
2022-01-05 01:08:23,376 - root - DEBUG - Processing 670-th line out of 2500 rows of DP table...
2022-01-05 01:08:24,017 - root - DEBUG - Processing 680-th line out of 2500 rows of DP table...
2022-01-05 01:08:24,669 - root - DEBUG - Processing 690-th line out of 2500 rows of DP table...
2022-01-05 01:08:25,281 - root - DEBUG - Processing 700-th line out of 2500 rows of DP table...
2022-01-05 01:08:25,892 - root - DEBUG - Processing 710-th line out of 2500 rows of DP table...
2022-01-05 01:08:26,499 - root - DEBUG - Processing 720-th line out of 2500 rows of DP table...
2022-01-05 01:08:27,129 - root - DEBUG - Processing 730-th line out of 2500 rows of DP table...
2022-01-05 01:08:27,758 - root - DEBUG - Processing 740-th line out of 2500 rows of DP table...
2022-01-05 01:08:28,364 - root - DEBUG - Processing 750-th line out of 2500 rows of DP table...
2022-01-05 01:08:28,971 - root - DEBUG - Processing 760-th line out of 2500 rows of DP table...
2022-01-05 01:08:29,561 - root - DEBUG - Processing 770-th line out of 2500 rows of DP table...
2022-01-05 01:08:30,148 - root - DEBUG - Processing 780-th line out of 2500 rows of DP table...
2022-01-05 01:08:30,735 - root - DEBUG - Processing 790-th line out of 2500 rows of DP table...
2022-01-05 01:08:31,355 - root - DEBUG - Processing 800-th line out of 2500 rows of DP table...
2022-01-05 01:08:31,939 - root - DEBUG - Processing 810-th line out of 2500 rows of DP table...
2022-01-05 01:08:32,515 - root - DEBUG - Processing 820-th line out of 2500 rows of DP table...
2022-01-05 01:08:33,086 - root - DEBUG - Processing 830-th line out of 2500 rows of DP table...
2022-01-05 01:08:33,655 - root - DEBUG - Processing 840-th line out of 2500 rows of DP table...
2022-01-05 01:08:34,216 - root - DEBUG - Processing 850-th line out of 2500 rows of DP table...
2022-01-05 01:08:34,780 - root - DEBUG - Processing 860-th line out of 2500 rows of DP table...
2022-01-05 01:08:35,339 - root - DEBUG - Processing 870-th line out of 2500 rows of DP table...
2022-01-05 01:08:35,892 - root - DEBUG - Processing 880-th line out of 2500 rows of DP table...
2022-01-05 01:08:36,453 - root - DEBUG - Processing 890-th line out of 2500 rows of DP table...
2022-01-05 01:08:37,003 - root - DEBUG - Processing 900-th line out of 2500 rows of DP table...
2022-01-05 01:08:37,549 - root - DEBUG - Processing 910-th line out of 2500 rows of DP table...
2022-01-05 01:08:38,100 - root - DEBUG - Processing 920-th line out of 2500 rows of DP table...
2022-01-05 01:08:38,646 - root - DEBUG - Processing 930-th line out of 2500 rows of DP table...
2022-01-05 01:08:39,181 - root - DEBUG - Processing 940-th line out of 2500 rows of DP table...
2022-01-05 01:08:39,746 - root - DEBUG - Processing 950-th line out of 2500 rows of DP table...
2022-01-05 01:08:40,276 - root - DEBUG - Processing 960-th line out of 2500 rows of DP table...
2022-01-05 01:08:40,804 - root - DEBUG - Processing 970-th line out of 2500 rows of DP table...
2022-01-05 01:08:41,327 - root - DEBUG - Processing 980-th line out of 2500 rows of DP table...
2022-01-05 01:08:41,850 - root - DEBUG - Processing 990-th line out of 2500 rows of DP table...
2022-01-05 01:08:42,365 - root - DEBUG - Processing 1000-th line out of 2500 rows of DP table...
2022-01-05 01:08:42,875 - root - DEBUG - Processing 1010-th line out of 2500 rows of DP table...
2022-01-05 01:08:43,384 - root - DEBUG - Processing 1020-th line out of 2500 rows of DP table...
2022-01-05 01:08:43,888 - root - DEBUG - Processing 1030-th line out of 2500 rows of DP table...
2022-01-05 01:08:44,391 - root - DEBUG - Processing 1040-th line out of 2500 rows of DP table...
2022-01-05 01:08:44,889 - root - DEBUG - Processing 1050-th line out of 2500 rows of DP table...
2022-01-05 01:08:45,387 - root - DEBUG - Processing 1060-th line out of 2500 rows of DP table...
2022-01-05 01:08:45,881 - root - DEBUG - Processing 1070-th line out of 2500 rows of DP table...
2022-01-05 01:08:46,370 - root - DEBUG - Processing 1080-th line out of 2500 rows of DP table...
2022-01-05 01:08:46,856 - root - DEBUG - Processing 1090-th line out of 2500 rows of DP table...
2022-01-05 01:08:47,376 - root - DEBUG - Processing 1100-th line out of 2500 rows of DP table...
2022-01-05 01:08:47,854 - root - DEBUG - Processing 1110-th line out of 2500 rows of DP table...
2022-01-05 01:08:48,331 - root - DEBUG - Processing 1120-th line out of 2500 rows of DP table...
2022-01-05 01:08:48,803 - root - DEBUG - Processing 1130-th line out of 2500 rows of DP table...
2022-01-05 01:08:49,272 - root - DEBUG - Processing 1140-th line out of 2500 rows of DP table...
2022-01-05 01:08:49,739 - root - DEBUG - Processing 1150-th line out of 2500 rows of DP table...
2022-01-05 01:08:50,205 - root - DEBUG - Processing 1160-th line out of 2500 rows of DP table...
2022-01-05 01:08:50,672 - root - DEBUG - Processing 1170-th line out of 2500 rows of DP table...
2022-01-05 01:08:51,127 - root - DEBUG - Processing 1180-th line out of 2500 rows of DP table...
2022-01-05 01:08:51,587 - root - DEBUG - Processing 1190-th line out of 2500 rows of DP table...
2022-01-05 01:08:52,037 - root - DEBUG - Processing 1200-th line out of 2500 rows of DP table...
2022-01-05 01:08:52,483 - root - DEBUG - Processing 1210-th line out of 2500 rows of DP table...
2022-01-05 01:08:52,946 - root - DEBUG - Processing 1220-th line out of 2500 rows of DP table...
2022-01-05 01:08:53,385 - root - DEBUG - Processing 1230-th line out of 2500 rows of DP table...
2022-01-05 01:08:53,824 - root - DEBUG - Processing 1240-th line out of 2500 rows of DP table...
2022-01-05 01:08:54,256 - root - DEBUG - Processing 1250-th line out of 2500 rows of DP table...
2022-01-05 01:08:54,687 - root - DEBUG - Processing 1260-th line out of 2500 rows of DP table...
2022-01-05 01:08:55,114 - root - DEBUG - Processing 1270-th line out of 2500 rows of DP table...
2022-01-05 01:08:55,537 - root - DEBUG - Processing 1280-th line out of 2500 rows of DP table...
2022-01-05 01:08:55,953 - root - DEBUG - Processing 1290-th line out of 2500 rows of DP table...
2022-01-05 01:08:56,367 - root - DEBUG - Processing 1300-th line out of 2500 rows of DP table...
2022-01-05 01:08:56,779 - root - DEBUG - Processing 1310-th line out of 2500 rows of DP table...
2022-01-05 01:08:57,187 - root - DEBUG - Processing 1320-th line out of 2500 rows of DP table...
2022-01-05 01:08:57,595 - root - DEBUG - Processing 1330-th line out of 2500 rows of DP table...
2022-01-05 01:08:57,997 - root - DEBUG - Processing 1340-th line out of 2500 rows of DP table...
2022-01-05 01:08:58,399 - root - DEBUG - Processing 1350-th line out of 2500 rows of DP table...
2022-01-05 01:08:58,796 - root - DEBUG - Processing 1360-th line out of 2500 rows of DP table...
2022-01-05 01:08:59,187 - root - DEBUG - Processing 1370-th line out of 2500 rows of DP table...
2022-01-05 01:08:59,577 - root - DEBUG - Processing 1380-th line out of 2500 rows of DP table...
2022-01-05 01:08:59,965 - root - DEBUG - Processing 1390-th line out of 2500 rows of DP table...
2022-01-05 01:09:00,347 - root - DEBUG - Processing 1400-th line out of 2500 rows of DP table...
2022-01-05 01:09:00,726 - root - DEBUG - Processing 1410-th line out of 2500 rows of DP table...
2022-01-05 01:09:01,100 - root - DEBUG - Processing 1420-th line out of 2500 rows of DP table...
2022-01-05 01:09:01,471 - root - DEBUG - Processing 1430-th line out of 2500 rows of DP table...
2022-01-05 01:09:01,840 - root - DEBUG - Processing 1440-th line out of 2500 rows of DP table...
2022-01-05 01:09:02,204 - root - DEBUG - Processing 1450-th line out of 2500 rows of DP table...
2022-01-05 01:09:02,567 - root - DEBUG - Processing 1460-th line out of 2500 rows of DP table...
2022-01-05 01:09:02,924 - root - DEBUG - Processing 1470-th line out of 2500 rows of DP table...
2022-01-05 01:09:03,280 - root - DEBUG - Processing 1480-th line out of 2500 rows of DP table...
2022-01-05 01:09:03,632 - root - DEBUG - Processing 1490-th line out of 2500 rows of DP table...
2022-01-05 01:09:03,979 - root - DEBUG - Processing 1500-th line out of 2500 rows of DP table...
2022-01-05 01:09:04,324 - root - DEBUG - Processing 1510-th line out of 2500 rows of DP table...
2022-01-05 01:09:04,668 - root - DEBUG - Processing 1520-th line out of 2500 rows of DP table...
2022-01-05 01:09:05,005 - root - DEBUG - Processing 1530-th line out of 2500 rows of DP table...
2022-01-05 01:09:05,340 - root - DEBUG - Processing 1540-th line out of 2500 rows of DP table...
2022-01-05 01:09:05,670 - root - DEBUG - Processing 1550-th line out of 2500 rows of DP table...
2022-01-05 01:09:05,996 - root - DEBUG - Processing 1560-th line out of 2500 rows of DP table...
2022-01-05 01:09:06,321 - root - DEBUG - Processing 1570-th line out of 2500 rows of DP table...
2022-01-05 01:09:06,642 - root - DEBUG - Processing 1580-th line out of 2500 rows of DP table...
2022-01-05 01:09:06,961 - root - DEBUG - Processing 1590-th line out of 2500 rows of DP table...
2022-01-05 01:09:07,275 - root - DEBUG - Processing 1600-th line out of 2500 rows of DP table...
2022-01-05 01:09:07,595 - root - DEBUG - Processing 1610-th line out of 2500 rows of DP table...
2022-01-05 01:09:07,904 - root - DEBUG - Processing 1620-th line out of 2500 rows of DP table...
2022-01-05 01:09:08,207 - root - DEBUG - Processing 1630-th line out of 2500 rows of DP table...
2022-01-05 01:09:08,509 - root - DEBUG - Processing 1640-th line out of 2500 rows of DP table...
2022-01-05 01:09:08,821 - root - DEBUG - Processing 1650-th line out of 2500 rows of DP table...
2022-01-05 01:09:09,118 - root - DEBUG - Processing 1660-th line out of 2500 rows of DP table...
2022-01-05 01:09:09,441 - root - DEBUG - Processing 1670-th line out of 2500 rows of DP table...
2022-01-05 01:09:09,730 - root - DEBUG - Processing 1680-th line out of 2500 rows of DP table...
2022-01-05 01:09:10,035 - root - DEBUG - Processing 1690-th line out of 2500 rows of DP table...
2022-01-05 01:09:10,317 - root - DEBUG - Processing 1700-th line out of 2500 rows of DP table...
2022-01-05 01:09:10,598 - root - DEBUG - Processing 1710-th line out of 2500 rows of DP table...
2022-01-05 01:09:10,874 - root - DEBUG - Processing 1720-th line out of 2500 rows of DP table...
2022-01-05 01:09:11,144 - root - DEBUG - Processing 1730-th line out of 2500 rows of DP table...
2022-01-05 01:09:11,412 - root - DEBUG - Processing 1740-th line out of 2500 rows of DP table...
2022-01-05 01:09:11,677 - root - DEBUG - Processing 1750-th line out of 2500 rows of DP table...
2022-01-05 01:09:11,939 - root - DEBUG - Processing 1760-th line out of 2500 rows of DP table...
2022-01-05 01:09:12,198 - root - DEBUG - Processing 1770-th line out of 2500 rows of DP table...
2022-01-05 01:09:12,454 - root - DEBUG - Processing 1780-th line out of 2500 rows of DP table...
2022-01-05 01:09:12,706 - root - DEBUG - Processing 1790-th line out of 2500 rows of DP table...
2022-01-05 01:09:12,955 - root - DEBUG - Processing 1800-th line out of 2500 rows of DP table...
2022-01-05 01:09:13,201 - root - DEBUG - Processing 1810-th line out of 2500 rows of DP table...
2022-01-05 01:09:13,475 - root - DEBUG - Processing 1820-th line out of 2500 rows of DP table...
2022-01-05 01:09:13,715 - root - DEBUG - Processing 1830-th line out of 2500 rows of DP table...
2022-01-05 01:09:13,951 - root - DEBUG - Processing 1840-th line out of 2500 rows of DP table...
2022-01-05 01:09:14,184 - root - DEBUG - Processing 1850-th line out of 2500 rows of DP table...
2022-01-05 01:09:14,413 - root - DEBUG - Processing 1860-th line out of 2500 rows of DP table...
2022-01-05 01:09:14,639 - root - DEBUG - Processing 1870-th line out of 2500 rows of DP table...
2022-01-05 01:09:14,861 - root - DEBUG - Processing 1880-th line out of 2500 rows of DP table...
2022-01-05 01:09:15,091 - root - DEBUG - Processing 1890-th line out of 2500 rows of DP table...
2022-01-05 01:09:15,305 - root - DEBUG - Processing 1900-th line out of 2500 rows of DP table...
2022-01-05 01:09:15,517 - root - DEBUG - Processing 1910-th line out of 2500 rows of DP table...
2022-01-05 01:09:15,725 - root - DEBUG - Processing 1920-th line out of 2500 rows of DP table...
2022-01-05 01:09:15,930 - root - DEBUG - Processing 1930-th line out of 2500 rows of DP table...
2022-01-05 01:09:16,134 - root - DEBUG - Processing 1940-th line out of 2500 rows of DP table...
2022-01-05 01:09:16,341 - root - DEBUG - Processing 1950-th line out of 2500 rows of DP table...
2022-01-05 01:09:16,536 - root - DEBUG - Processing 1960-th line out of 2500 rows of DP table...
2022-01-05 01:09:16,728 - root - DEBUG - Processing 1970-th line out of 2500 rows of DP table...
2022-01-05 01:09:16,915 - root - DEBUG - Processing 1980-th line out of 2500 rows of DP table...
2022-01-05 01:09:17,099 - root - DEBUG - Processing 1990-th line out of 2500 rows of DP table...
2022-01-05 01:09:17,281 - root - DEBUG - Processing 2000-th line out of 2500 rows of DP table...
2022-01-05 01:09:17,460 - root - DEBUG - Processing 2010-th line out of 2500 rows of DP table...
2022-01-05 01:09:17,636 - root - DEBUG - Processing 2020-th line out of 2500 rows of DP table...
2022-01-05 01:09:17,831 - root - DEBUG - Processing 2030-th line out of 2500 rows of DP table...
2022-01-05 01:09:17,999 - root - DEBUG - Processing 2040-th line out of 2500 rows of DP table...
2022-01-05 01:09:18,163 - root - DEBUG - Processing 2050-th line out of 2500 rows of DP table...
2022-01-05 01:09:18,325 - root - DEBUG - Processing 2060-th line out of 2500 rows of DP table...
2022-01-05 01:09:18,495 - root - DEBUG - Processing 2070-th line out of 2500 rows of DP table...
2022-01-05 01:09:18,691 - root - DEBUG - Processing 2080-th line out of 2500 rows of DP table...
2022-01-05 01:09:18,842 - root - DEBUG - Processing 2090-th line out of 2500 rows of DP table...
2022-01-05 01:09:18,992 - root - DEBUG - Processing 2100-th line out of 2500 rows of DP table...
2022-01-05 01:09:19,137 - root - DEBUG - Processing 2110-th line out of 2500 rows of DP table...
2022-01-05 01:09:19,278 - root - DEBUG - Processing 2120-th line out of 2500 rows of DP table...
2022-01-05 01:09:19,447 - root - DEBUG - Processing 2130-th line out of 2500 rows of DP table...
2022-01-05 01:09:19,582 - root - DEBUG - Processing 2140-th line out of 2500 rows of DP table...
2022-01-05 01:09:19,714 - root - DEBUG - Processing 2150-th line out of 2500 rows of DP table...
2022-01-05 01:09:19,842 - root - DEBUG - Processing 2160-th line out of 2500 rows of DP table...
2022-01-05 01:09:19,967 - root - DEBUG - Processing 2170-th line out of 2500 rows of DP table...
2022-01-05 01:09:20,126 - root - DEBUG - Processing 2180-th line out of 2500 rows of DP table...
2022-01-05 01:09:20,278 - root - DEBUG - Processing 2190-th line out of 2500 rows of DP table...
2022-01-05 01:09:20,393 - root - DEBUG - Processing 2200-th line out of 2500 rows of DP table...
2022-01-05 01:09:20,539 - root - DEBUG - Processing 2210-th line out of 2500 rows of DP table...
2022-01-05 01:09:20,647 - root - DEBUG - Processing 2220-th line out of 2500 rows of DP table...
2022-01-05 01:09:20,786 - root - DEBUG - Processing 2230-th line out of 2500 rows of DP table...
2022-01-05 01:09:20,888 - root - DEBUG - Processing 2240-th line out of 2500 rows of DP table...
2022-01-05 01:09:20,987 - root - DEBUG - Processing 2250-th line out of 2500 rows of DP table...
2022-01-05 01:09:21,081 - root - DEBUG - Processing 2260-th line out of 2500 rows of DP table...
2022-01-05 01:09:21,174 - root - DEBUG - Processing 2270-th line out of 2500 rows of DP table...
2022-01-05 01:09:21,263 - root - DEBUG - Processing 2280-th line out of 2500 rows of DP table...
2022-01-05 01:09:21,348 - root - DEBUG - Processing 2290-th line out of 2500 rows of DP table...
2022-01-05 01:09:21,431 - root - DEBUG - Processing 2300-th line out of 2500 rows of DP table...
2022-01-05 01:09:21,509 - root - DEBUG - Processing 2310-th line out of 2500 rows of DP table...
2022-01-05 01:09:21,584 - root - DEBUG - Processing 2320-th line out of 2500 rows of DP table...
2022-01-05 01:09:21,656 - root - DEBUG - Processing 2330-th line out of 2500 rows of DP table...
2022-01-05 01:09:21,725 - root - DEBUG - Processing 2340-th line out of 2500 rows of DP table...
2022-01-05 01:09:21,790 - root - DEBUG - Processing 2350-th line out of 2500 rows of DP table...
2022-01-05 01:09:21,851 - root - DEBUG - Processing 2360-th line out of 2500 rows of DP table...
2022-01-05 01:09:21,911 - root - DEBUG - Processing 2370-th line out of 2500 rows of DP table...
2022-01-05 01:09:21,967 - root - DEBUG - Processing 2380-th line out of 2500 rows of DP table...
2022-01-05 01:09:22,019 - root - DEBUG - Processing 2390-th line out of 2500 rows of DP table...
2022-01-05 01:09:22,068 - root - DEBUG - Processing 2400-th line out of 2500 rows of DP table...
2022-01-05 01:09:22,114 - root - DEBUG - Processing 2410-th line out of 2500 rows of DP table...
2022-01-05 01:09:22,156 - root - DEBUG - Processing 2420-th line out of 2500 rows of DP table...
2022-01-05 01:09:22,195 - root - DEBUG - Processing 2430-th line out of 2500 rows of DP table...
2022-01-05 01:09:22,242 - root - DEBUG - Processing 2440-th line out of 2500 rows of DP table...
2022-01-05 01:09:22,274 - root - DEBUG - Processing 2450-th line out of 2500 rows of DP table...
2022-01-05 01:09:22,303 - root - DEBUG - Processing 2460-th line out of 2500 rows of DP table...
2022-01-05 01:09:22,336 - root - DEBUG - Processing 2470-th line out of 2500 rows of DP table...
2022-01-05 01:09:22,358 - root - DEBUG - Processing 2480-th line out of 2500 rows of DP table...
2022-01-05 01:09:22,389 - root - DEBUG - Processing 2490-th line out of 2500 rows of DP table...
2022-01-05 01:09:22,404 - root - DEBUG - Processing 2500-th line out of 2500 rows of DP table...
2022-01-05 01:09:22,419 - root - DEBUG - Started computing joint logprobs...
