2022-01-05 03:46:43,350 - root - INFO - Loading reference interval set from '211227-2-sim/g24_5.ref.tsv'...
2022-01-05 03:46:43,355 - root - INFO - Loading query interval set from '211227-2-sim/g24_5.query.tsv'...
2022-01-05 03:46:43,365 - root - INFO - Loading chromosome sizes from '211227-2-sim/g24_sizes.tsv'...
2022-01-05 03:46:43,370 - root - INFO - Number of reference intervals: 2500 (2500 before merging)
2022-01-05 03:46:43,371 - root - INFO - Number of query intervals: 5000 (5000 before merging)
2022-01-05 03:46:43,372 - root - INFO - Number of chromosomes: 1
2022-01-05 03:46:43,381 - root - INFO - Overlap count: 2037
2022-01-05 03:46:43,382 - root - DEBUG - Started computing sf for chromosome 'chr1'...
2022-01-05 03:46:43,384 - root - DEBUG - m=2500, n=5000
2022-01-05 03:46:44,185 - root - DEBUG - Processing 10-th line out of 2500 rows of DP table...
2022-01-05 03:46:45,036 - root - DEBUG - Processing 20-th line out of 2500 rows of DP table...
2022-01-05 03:46:45,873 - root - DEBUG - Processing 30-th line out of 2500 rows of DP table...
2022-01-05 03:46:46,701 - root - DEBUG - Processing 40-th line out of 2500 rows of DP table...
2022-01-05 03:46:47,523 - root - DEBUG - Processing 50-th line out of 2500 rows of DP table...
2022-01-05 03:46:48,349 - root - DEBUG - Processing 60-th line out of 2500 rows of DP table...
2022-01-05 03:46:49,169 - root - DEBUG - Processing 70-th line out of 2500 rows of DP table...
2022-01-05 03:46:49,986 - root - DEBUG - Processing 80-th line out of 2500 rows of DP table...
2022-01-05 03:46:50,822 - root - DEBUG - Processing 90-th line out of 2500 rows of DP table...
2022-01-05 03:46:51,630 - root - DEBUG - Processing 100-th line out of 2500 rows of DP table...
2022-01-05 03:46:52,440 - root - DEBUG - Processing 110-th line out of 2500 rows of DP table...
2022-01-05 03:46:53,292 - root - DEBUG - Processing 120-th line out of 2500 rows of DP table...
2022-01-05 03:46:54,096 - root - DEBUG - Processing 130-th line out of 2500 rows of DP table...
2022-01-05 03:46:54,896 - root - DEBUG - Processing 140-th line out of 2500 rows of DP table...
2022-01-05 03:46:55,688 - root - DEBUG - Processing 150-th line out of 2500 rows of DP table...
2022-01-05 03:46:56,474 - root - DEBUG - Processing 160-th line out of 2500 rows of DP table...
2022-01-05 03:46:57,260 - root - DEBUG - Processing 170-th line out of 2500 rows of DP table...
2022-01-05 03:46:58,041 - root - DEBUG - Processing 180-th line out of 2500 rows of DP table...
2022-01-05 03:46:58,819 - root - DEBUG - Processing 190-th line out of 2500 rows of DP table...
2022-01-05 03:46:59,600 - root - DEBUG - Processing 200-th line out of 2500 rows of DP table...
2022-01-05 03:47:00,373 - root - DEBUG - Processing 210-th line out of 2500 rows of DP table...
2022-01-05 03:47:01,145 - root - DEBUG - Processing 220-th line out of 2500 rows of DP table...
2022-01-05 03:47:01,908 - root - DEBUG - Processing 230-th line out of 2500 rows of DP table...
2022-01-05 03:47:02,667 - root - DEBUG - Processing 240-th line out of 2500 rows of DP table...
2022-01-05 03:47:03,430 - root - DEBUG - Processing 250-th line out of 2500 rows of DP table...
2022-01-05 03:47:04,186 - root - DEBUG - Processing 260-th line out of 2500 rows of DP table...
2022-01-05 03:47:04,938 - root - DEBUG - Processing 270-th line out of 2500 rows of DP table...
2022-01-05 03:47:05,689 - root - DEBUG - Processing 280-th line out of 2500 rows of DP table...
2022-01-05 03:47:06,434 - root - DEBUG - Processing 290-th line out of 2500 rows of DP table...
2022-01-05 03:47:07,176 - root - DEBUG - Processing 300-th line out of 2500 rows of DP table...
2022-01-05 03:47:07,919 - root - DEBUG - Processing 310-th line out of 2500 rows of DP table...
2022-01-05 03:47:08,666 - root - DEBUG - Processing 320-th line out of 2500 rows of DP table...
2022-01-05 03:47:09,399 - root - DEBUG - Processing 330-th line out of 2500 rows of DP table...
2022-01-05 03:47:10,133 - root - DEBUG - Processing 340-th line out of 2500 rows of DP table...
2022-01-05 03:47:10,886 - root - DEBUG - Processing 350-th line out of 2500 rows of DP table...
2022-01-05 03:47:11,627 - root - DEBUG - Processing 360-th line out of 2500 rows of DP table...
2022-01-05 03:47:12,351 - root - DEBUG - Processing 370-th line out of 2500 rows of DP table...
2022-01-05 03:47:13,084 - root - DEBUG - Processing 380-th line out of 2500 rows of DP table...
2022-01-05 03:47:13,815 - root - DEBUG - Processing 390-th line out of 2500 rows of DP table...
2022-01-05 03:47:14,545 - root - DEBUG - Processing 400-th line out of 2500 rows of DP table...
2022-01-05 03:47:15,253 - root - DEBUG - Processing 410-th line out of 2500 rows of DP table...
2022-01-05 03:47:16,012 - root - DEBUG - Processing 420-th line out of 2500 rows of DP table...
2022-01-05 03:47:16,721 - root - DEBUG - Processing 430-th line out of 2500 rows of DP table...
2022-01-05 03:47:17,415 - root - DEBUG - Processing 440-th line out of 2500 rows of DP table...
2022-01-05 03:47:18,112 - root - DEBUG - Processing 450-th line out of 2500 rows of DP table...
2022-01-05 03:47:18,854 - root - DEBUG - Processing 460-th line out of 2500 rows of DP table...
2022-01-05 03:47:19,563 - root - DEBUG - Processing 470-th line out of 2500 rows of DP table...
2022-01-05 03:47:20,245 - root - DEBUG - Processing 480-th line out of 2500 rows of DP table...
2022-01-05 03:47:20,949 - root - DEBUG - Processing 490-th line out of 2500 rows of DP table...
2022-01-05 03:47:21,652 - root - DEBUG - Processing 500-th line out of 2500 rows of DP table...
2022-01-05 03:47:22,321 - root - DEBUG - Processing 510-th line out of 2500 rows of DP table...
2022-01-05 03:47:23,010 - root - DEBUG - Processing 520-th line out of 2500 rows of DP table...
2022-01-05 03:47:23,679 - root - DEBUG - Processing 530-th line out of 2500 rows of DP table...
2022-01-05 03:47:24,426 - root - DEBUG - Processing 540-th line out of 2500 rows of DP table...
2022-01-05 03:47:25,154 - root - DEBUG - Processing 550-th line out of 2500 rows of DP table...
2022-01-05 03:47:25,813 - root - DEBUG - Processing 560-th line out of 2500 rows of DP table...
2022-01-05 03:47:26,607 - root - DEBUG - Processing 570-th line out of 2500 rows of DP table...
2022-01-05 03:47:27,264 - root - DEBUG - Processing 580-th line out of 2500 rows of DP table...
2022-01-05 03:47:27,934 - root - DEBUG - Processing 590-th line out of 2500 rows of DP table...
2022-01-05 03:47:28,610 - root - DEBUG - Processing 600-th line out of 2500 rows of DP table...
2022-01-05 03:47:29,253 - root - DEBUG - Processing 610-th line out of 2500 rows of DP table...
2022-01-05 03:47:29,912 - root - DEBUG - Processing 620-th line out of 2500 rows of DP table...
2022-01-05 03:47:30,572 - root - DEBUG - Processing 630-th line out of 2500 rows of DP table...
2022-01-05 03:47:31,227 - root - DEBUG - Processing 640-th line out of 2500 rows of DP table...
2022-01-05 03:47:31,861 - root - DEBUG - Processing 650-th line out of 2500 rows of DP table...
2022-01-05 03:47:32,484 - root - DEBUG - Processing 660-th line out of 2500 rows of DP table...
2022-01-05 03:47:33,164 - root - DEBUG - Processing 670-th line out of 2500 rows of DP table...
2022-01-05 03:47:33,842 - root - DEBUG - Processing 680-th line out of 2500 rows of DP table...
2022-01-05 03:47:34,456 - root - DEBUG - Processing 690-th line out of 2500 rows of DP table...
2022-01-05 03:47:35,065 - root - DEBUG - Processing 700-th line out of 2500 rows of DP table...
2022-01-05 03:47:35,693 - root - DEBUG - Processing 710-th line out of 2500 rows of DP table...
2022-01-05 03:47:36,322 - root - DEBUG - Processing 720-th line out of 2500 rows of DP table...
2022-01-05 03:47:36,944 - root - DEBUG - Processing 730-th line out of 2500 rows of DP table...
2022-01-05 03:47:37,539 - root - DEBUG - Processing 740-th line out of 2500 rows of DP table...
2022-01-05 03:47:38,167 - root - DEBUG - Processing 750-th line out of 2500 rows of DP table...
2022-01-05 03:47:38,784 - root - DEBUG - Processing 760-th line out of 2500 rows of DP table...
2022-01-05 03:47:39,395 - root - DEBUG - Processing 770-th line out of 2500 rows of DP table...
2022-01-05 03:47:39,981 - root - DEBUG - Processing 780-th line out of 2500 rows of DP table...
2022-01-05 03:47:40,569 - root - DEBUG - Processing 790-th line out of 2500 rows of DP table...
2022-01-05 03:47:41,213 - root - DEBUG - Processing 800-th line out of 2500 rows of DP table...
2022-01-05 03:47:41,843 - root - DEBUG - Processing 810-th line out of 2500 rows of DP table...
2022-01-05 03:47:42,416 - root - DEBUG - Processing 820-th line out of 2500 rows of DP table...
2022-01-05 03:47:42,989 - root - DEBUG - Processing 830-th line out of 2500 rows of DP table...
2022-01-05 03:47:43,584 - root - DEBUG - Processing 840-th line out of 2500 rows of DP table...
2022-01-05 03:47:44,173 - root - DEBUG - Processing 850-th line out of 2500 rows of DP table...
2022-01-05 03:47:44,733 - root - DEBUG - Processing 860-th line out of 2500 rows of DP table...
2022-01-05 03:47:45,296 - root - DEBUG - Processing 870-th line out of 2500 rows of DP table...
2022-01-05 03:47:45,848 - root - DEBUG - Processing 880-th line out of 2500 rows of DP table...
2022-01-05 03:47:46,412 - root - DEBUG - Processing 890-th line out of 2500 rows of DP table...
2022-01-05 03:47:46,981 - root - DEBUG - Processing 900-th line out of 2500 rows of DP table...
2022-01-05 03:47:47,524 - root - DEBUG - Processing 910-th line out of 2500 rows of DP table...
2022-01-05 03:47:48,080 - root - DEBUG - Processing 920-th line out of 2500 rows of DP table...
2022-01-05 03:47:48,615 - root - DEBUG - Processing 930-th line out of 2500 rows of DP table...
2022-01-05 03:47:49,185 - root - DEBUG - Processing 940-th line out of 2500 rows of DP table...
2022-01-05 03:47:49,722 - root - DEBUG - Processing 950-th line out of 2500 rows of DP table...
2022-01-05 03:47:50,248 - root - DEBUG - Processing 960-th line out of 2500 rows of DP table...
2022-01-05 03:47:50,771 - root - DEBUG - Processing 970-th line out of 2500 rows of DP table...
2022-01-05 03:47:51,291 - root - DEBUG - Processing 980-th line out of 2500 rows of DP table...
2022-01-05 03:47:51,842 - root - DEBUG - Processing 990-th line out of 2500 rows of DP table...
2022-01-05 03:47:52,377 - root - DEBUG - Processing 1000-th line out of 2500 rows of DP table...
2022-01-05 03:47:52,882 - root - DEBUG - Processing 1010-th line out of 2500 rows of DP table...
2022-01-05 03:47:53,388 - root - DEBUG - Processing 1020-th line out of 2500 rows of DP table...
2022-01-05 03:47:53,896 - root - DEBUG - Processing 1030-th line out of 2500 rows of DP table...
2022-01-05 03:47:54,412 - root - DEBUG - Processing 1040-th line out of 2500 rows of DP table...
2022-01-05 03:47:54,910 - root - DEBUG - Processing 1050-th line out of 2500 rows of DP table...
2022-01-05 03:47:55,402 - root - DEBUG - Processing 1060-th line out of 2500 rows of DP table...
2022-01-05 03:47:55,898 - root - DEBUG - Processing 1070-th line out of 2500 rows of DP table...
2022-01-05 03:47:56,386 - root - DEBUG - Processing 1080-th line out of 2500 rows of DP table...
2022-01-05 03:47:56,869 - root - DEBUG - Processing 1090-th line out of 2500 rows of DP table...
2022-01-05 03:47:57,349 - root - DEBUG - Processing 1100-th line out of 2500 rows of DP table...
2022-01-05 03:47:57,821 - root - DEBUG - Processing 1110-th line out of 2500 rows of DP table...
2022-01-05 03:47:58,299 - root - DEBUG - Processing 1120-th line out of 2500 rows of DP table...
2022-01-05 03:47:58,786 - root - DEBUG - Processing 1130-th line out of 2500 rows of DP table...
2022-01-05 03:47:59,253 - root - DEBUG - Processing 1140-th line out of 2500 rows of DP table...
2022-01-05 03:47:59,715 - root - DEBUG - Processing 1150-th line out of 2500 rows of DP table...
2022-01-05 03:48:00,179 - root - DEBUG - Processing 1160-th line out of 2500 rows of DP table...
2022-01-05 03:48:00,636 - root - DEBUG - Processing 1170-th line out of 2500 rows of DP table...
2022-01-05 03:48:01,088 - root - DEBUG - Processing 1180-th line out of 2500 rows of DP table...
2022-01-05 03:48:01,538 - root - DEBUG - Processing 1190-th line out of 2500 rows of DP table...
2022-01-05 03:48:01,984 - root - DEBUG - Processing 1200-th line out of 2500 rows of DP table...
2022-01-05 03:48:02,430 - root - DEBUG - Processing 1210-th line out of 2500 rows of DP table...
2022-01-05 03:48:02,868 - root - DEBUG - Processing 1220-th line out of 2500 rows of DP table...
2022-01-05 03:48:03,304 - root - DEBUG - Processing 1230-th line out of 2500 rows of DP table...
2022-01-05 03:48:03,736 - root - DEBUG - Processing 1240-th line out of 2500 rows of DP table...
2022-01-05 03:48:04,166 - root - DEBUG - Processing 1250-th line out of 2500 rows of DP table...
2022-01-05 03:48:04,597 - root - DEBUG - Processing 1260-th line out of 2500 rows of DP table...
2022-01-05 03:48:05,019 - root - DEBUG - Processing 1270-th line out of 2500 rows of DP table...
2022-01-05 03:48:05,439 - root - DEBUG - Processing 1280-th line out of 2500 rows of DP table...
2022-01-05 03:48:05,857 - root - DEBUG - Processing 1290-th line out of 2500 rows of DP table...
2022-01-05 03:48:06,270 - root - DEBUG - Processing 1300-th line out of 2500 rows of DP table...
2022-01-05 03:48:06,736 - root - DEBUG - Processing 1310-th line out of 2500 rows of DP table...
2022-01-05 03:48:07,197 - root - DEBUG - Processing 1320-th line out of 2500 rows of DP table...
2022-01-05 03:48:07,704 - root - DEBUG - Processing 1330-th line out of 2500 rows of DP table...
2022-01-05 03:48:08,102 - root - DEBUG - Processing 1340-th line out of 2500 rows of DP table...
2022-01-05 03:48:08,500 - root - DEBUG - Processing 1350-th line out of 2500 rows of DP table...
2022-01-05 03:48:08,899 - root - DEBUG - Processing 1360-th line out of 2500 rows of DP table...
2022-01-05 03:48:09,291 - root - DEBUG - Processing 1370-th line out of 2500 rows of DP table...
2022-01-05 03:48:09,679 - root - DEBUG - Processing 1380-th line out of 2500 rows of DP table...
2022-01-05 03:48:10,064 - root - DEBUG - Processing 1390-th line out of 2500 rows of DP table...
2022-01-05 03:48:10,445 - root - DEBUG - Processing 1400-th line out of 2500 rows of DP table...
2022-01-05 03:48:10,821 - root - DEBUG - Processing 1410-th line out of 2500 rows of DP table...
2022-01-05 03:48:11,200 - root - DEBUG - Processing 1420-th line out of 2500 rows of DP table...
2022-01-05 03:48:11,569 - root - DEBUG - Processing 1430-th line out of 2500 rows of DP table...
2022-01-05 03:48:11,935 - root - DEBUG - Processing 1440-th line out of 2500 rows of DP table...
2022-01-05 03:48:12,300 - root - DEBUG - Processing 1450-th line out of 2500 rows of DP table...
2022-01-05 03:48:12,660 - root - DEBUG - Processing 1460-th line out of 2500 rows of DP table...
2022-01-05 03:48:13,015 - root - DEBUG - Processing 1470-th line out of 2500 rows of DP table...
2022-01-05 03:48:13,374 - root - DEBUG - Processing 1480-th line out of 2500 rows of DP table...
2022-01-05 03:48:13,724 - root - DEBUG - Processing 1490-th line out of 2500 rows of DP table...
2022-01-05 03:48:14,071 - root - DEBUG - Processing 1500-th line out of 2500 rows of DP table...
2022-01-05 03:48:14,456 - root - DEBUG - Processing 1510-th line out of 2500 rows of DP table...
2022-01-05 03:48:14,808 - root - DEBUG - Processing 1520-th line out of 2500 rows of DP table...
2022-01-05 03:48:15,160 - root - DEBUG - Processing 1530-th line out of 2500 rows of DP table...
2022-01-05 03:48:15,499 - root - DEBUG - Processing 1540-th line out of 2500 rows of DP table...
2022-01-05 03:48:15,831 - root - DEBUG - Processing 1550-th line out of 2500 rows of DP table...
2022-01-05 03:48:16,158 - root - DEBUG - Processing 1560-th line out of 2500 rows of DP table...
2022-01-05 03:48:16,482 - root - DEBUG - Processing 1570-th line out of 2500 rows of DP table...
2022-01-05 03:48:16,804 - root - DEBUG - Processing 1580-th line out of 2500 rows of DP table...
2022-01-05 03:48:17,122 - root - DEBUG - Processing 1590-th line out of 2500 rows of DP table...
2022-01-05 03:48:17,436 - root - DEBUG - Processing 1600-th line out of 2500 rows of DP table...
2022-01-05 03:48:17,751 - root - DEBUG - Processing 1610-th line out of 2500 rows of DP table...
2022-01-05 03:48:18,056 - root - DEBUG - Processing 1620-th line out of 2500 rows of DP table...
2022-01-05 03:48:18,360 - root - DEBUG - Processing 1630-th line out of 2500 rows of DP table...
2022-01-05 03:48:18,660 - root - DEBUG - Processing 1640-th line out of 2500 rows of DP table...
2022-01-05 03:48:18,956 - root - DEBUG - Processing 1650-th line out of 2500 rows of DP table...
2022-01-05 03:48:19,251 - root - DEBUG - Processing 1660-th line out of 2500 rows of DP table...
2022-01-05 03:48:19,543 - root - DEBUG - Processing 1670-th line out of 2500 rows of DP table...
2022-01-05 03:48:19,854 - root - DEBUG - Processing 1680-th line out of 2500 rows of DP table...
2022-01-05 03:48:20,139 - root - DEBUG - Processing 1690-th line out of 2500 rows of DP table...
2022-01-05 03:48:20,419 - root - DEBUG - Processing 1700-th line out of 2500 rows of DP table...
2022-01-05 03:48:20,697 - root - DEBUG - Processing 1710-th line out of 2500 rows of DP table...
2022-01-05 03:48:20,972 - root - DEBUG - Processing 1720-th line out of 2500 rows of DP table...
2022-01-05 03:48:21,242 - root - DEBUG - Processing 1730-th line out of 2500 rows of DP table...
2022-01-05 03:48:21,510 - root - DEBUG - Processing 1740-th line out of 2500 rows of DP table...
2022-01-05 03:48:21,776 - root - DEBUG - Processing 1750-th line out of 2500 rows of DP table...
2022-01-05 03:48:22,042 - root - DEBUG - Processing 1760-th line out of 2500 rows of DP table...
2022-01-05 03:48:22,301 - root - DEBUG - Processing 1770-th line out of 2500 rows of DP table...
2022-01-05 03:48:22,555 - root - DEBUG - Processing 1780-th line out of 2500 rows of DP table...
2022-01-05 03:48:22,806 - root - DEBUG - Processing 1790-th line out of 2500 rows of DP table...
2022-01-05 03:48:23,054 - root - DEBUG - Processing 1800-th line out of 2500 rows of DP table...
2022-01-05 03:48:23,298 - root - DEBUG - Processing 1810-th line out of 2500 rows of DP table...
2022-01-05 03:48:23,539 - root - DEBUG - Processing 1820-th line out of 2500 rows of DP table...
2022-01-05 03:48:23,776 - root - DEBUG - Processing 1830-th line out of 2500 rows of DP table...
2022-01-05 03:48:24,015 - root - DEBUG - Processing 1840-th line out of 2500 rows of DP table...
2022-01-05 03:48:24,247 - root - DEBUG - Processing 1850-th line out of 2500 rows of DP table...
2022-01-05 03:48:24,474 - root - DEBUG - Processing 1860-th line out of 2500 rows of DP table...
2022-01-05 03:48:24,699 - root - DEBUG - Processing 1870-th line out of 2500 rows of DP table...
2022-01-05 03:48:24,946 - root - DEBUG - Processing 1880-th line out of 2500 rows of DP table...
2022-01-05 03:48:25,185 - root - DEBUG - Processing 1890-th line out of 2500 rows of DP table...
2022-01-05 03:48:25,400 - root - DEBUG - Processing 1900-th line out of 2500 rows of DP table...
2022-01-05 03:48:25,613 - root - DEBUG - Processing 1910-th line out of 2500 rows of DP table...
2022-01-05 03:48:25,821 - root - DEBUG - Processing 1920-th line out of 2500 rows of DP table...
2022-01-05 03:48:26,026 - root - DEBUG - Processing 1930-th line out of 2500 rows of DP table...
2022-01-05 03:48:26,233 - root - DEBUG - Processing 1940-th line out of 2500 rows of DP table...
2022-01-05 03:48:26,431 - root - DEBUG - Processing 1950-th line out of 2500 rows of DP table...
2022-01-05 03:48:26,626 - root - DEBUG - Processing 1960-th line out of 2500 rows of DP table...
2022-01-05 03:48:26,818 - root - DEBUG - Processing 1970-th line out of 2500 rows of DP table...
2022-01-05 03:48:27,006 - root - DEBUG - Processing 1980-th line out of 2500 rows of DP table...
2022-01-05 03:48:27,190 - root - DEBUG - Processing 1990-th line out of 2500 rows of DP table...
2022-01-05 03:48:27,372 - root - DEBUG - Processing 2000-th line out of 2500 rows of DP table...
2022-01-05 03:48:27,551 - root - DEBUG - Processing 2010-th line out of 2500 rows of DP table...
2022-01-05 03:48:27,725 - root - DEBUG - Processing 2020-th line out of 2500 rows of DP table...
2022-01-05 03:48:27,897 - root - DEBUG - Processing 2030-th line out of 2500 rows of DP table...
2022-01-05 03:48:28,065 - root - DEBUG - Processing 2040-th line out of 2500 rows of DP table...
2022-01-05 03:48:28,229 - root - DEBUG - Processing 2050-th line out of 2500 rows of DP table...
2022-01-05 03:48:28,395 - root - DEBUG - Processing 2060-th line out of 2500 rows of DP table...
2022-01-05 03:48:28,553 - root - DEBUG - Processing 2070-th line out of 2500 rows of DP table...
2022-01-05 03:48:28,708 - root - DEBUG - Processing 2080-th line out of 2500 rows of DP table...
2022-01-05 03:48:28,859 - root - DEBUG - Processing 2090-th line out of 2500 rows of DP table...
2022-01-05 03:48:29,006 - root - DEBUG - Processing 2100-th line out of 2500 rows of DP table...
2022-01-05 03:48:29,171 - root - DEBUG - Processing 2110-th line out of 2500 rows of DP table...
2022-01-05 03:48:29,359 - root - DEBUG - Processing 2120-th line out of 2500 rows of DP table...
2022-01-05 03:48:29,498 - root - DEBUG - Processing 2130-th line out of 2500 rows of DP table...
2022-01-05 03:48:29,632 - root - DEBUG - Processing 2140-th line out of 2500 rows of DP table...
2022-01-05 03:48:29,763 - root - DEBUG - Processing 2150-th line out of 2500 rows of DP table...
2022-01-05 03:48:29,892 - root - DEBUG - Processing 2160-th line out of 2500 rows of DP table...
2022-01-05 03:48:30,018 - root - DEBUG - Processing 2170-th line out of 2500 rows of DP table...
2022-01-05 03:48:30,139 - root - DEBUG - Processing 2180-th line out of 2500 rows of DP table...
2022-01-05 03:48:30,258 - root - DEBUG - Processing 2190-th line out of 2500 rows of DP table...
2022-01-05 03:48:30,372 - root - DEBUG - Processing 2200-th line out of 2500 rows of DP table...
2022-01-05 03:48:30,484 - root - DEBUG - Processing 2210-th line out of 2500 rows of DP table...
2022-01-05 03:48:30,596 - root - DEBUG - Processing 2220-th line out of 2500 rows of DP table...
2022-01-05 03:48:30,700 - root - DEBUG - Processing 2230-th line out of 2500 rows of DP table...
2022-01-05 03:48:30,800 - root - DEBUG - Processing 2240-th line out of 2500 rows of DP table...
2022-01-05 03:48:30,898 - root - DEBUG - Processing 2250-th line out of 2500 rows of DP table...
2022-01-05 03:48:30,992 - root - DEBUG - Processing 2260-th line out of 2500 rows of DP table...
2022-01-05 03:48:31,082 - root - DEBUG - Processing 2270-th line out of 2500 rows of DP table...
2022-01-05 03:48:31,170 - root - DEBUG - Processing 2280-th line out of 2500 rows of DP table...
2022-01-05 03:48:31,254 - root - DEBUG - Processing 2290-th line out of 2500 rows of DP table...
2022-01-05 03:48:31,336 - root - DEBUG - Processing 2300-th line out of 2500 rows of DP table...
2022-01-05 03:48:31,414 - root - DEBUG - Processing 2310-th line out of 2500 rows of DP table...
2022-01-05 03:48:31,488 - root - DEBUG - Processing 2320-th line out of 2500 rows of DP table...
2022-01-05 03:48:31,559 - root - DEBUG - Processing 2330-th line out of 2500 rows of DP table...
2022-01-05 03:48:31,627 - root - DEBUG - Processing 2340-th line out of 2500 rows of DP table...
2022-01-05 03:48:31,691 - root - DEBUG - Processing 2350-th line out of 2500 rows of DP table...
2022-01-05 03:48:31,753 - root - DEBUG - Processing 2360-th line out of 2500 rows of DP table...
2022-01-05 03:48:31,811 - root - DEBUG - Processing 2370-th line out of 2500 rows of DP table...
2022-01-05 03:48:31,865 - root - DEBUG - Processing 2380-th line out of 2500 rows of DP table...
2022-01-05 03:48:31,915 - root - DEBUG - Processing 2390-th line out of 2500 rows of DP table...
2022-01-05 03:48:31,963 - root - DEBUG - Processing 2400-th line out of 2500 rows of DP table...
2022-01-05 03:48:32,008 - root - DEBUG - Processing 2410-th line out of 2500 rows of DP table...
2022-01-05 03:48:32,048 - root - DEBUG - Processing 2420-th line out of 2500 rows of DP table...
2022-01-05 03:48:32,086 - root - DEBUG - Processing 2430-th line out of 2500 rows of DP table...
2022-01-05 03:48:32,120 - root - DEBUG - Processing 2440-th line out of 2500 rows of DP table...
2022-01-05 03:48:32,152 - root - DEBUG - Processing 2450-th line out of 2500 rows of DP table...
2022-01-05 03:48:32,179 - root - DEBUG - Processing 2460-th line out of 2500 rows of DP table...
2022-01-05 03:48:32,204 - root - DEBUG - Processing 2470-th line out of 2500 rows of DP table...
2022-01-05 03:48:32,225 - root - DEBUG - Processing 2480-th line out of 2500 rows of DP table...
2022-01-05 03:48:32,242 - root - DEBUG - Processing 2490-th line out of 2500 rows of DP table...
2022-01-05 03:48:32,257 - root - DEBUG - Processing 2500-th line out of 2500 rows of DP table...
2022-01-05 03:48:32,271 - root - DEBUG - Started computing joint logprobs...
