2022-01-05 08:25:34,540 - root - INFO - Loading reference interval set from '211227-2-sim/g24_9.ref.tsv'...
2022-01-05 08:25:34,544 - root - INFO - Loading query interval set from '211227-2-sim/g24_9.query.tsv'...
2022-01-05 08:25:34,552 - root - INFO - Loading chromosome sizes from '211227-2-sim/g24_sizes.tsv'...
2022-01-05 08:25:34,625 - root - INFO - Number of reference intervals: 2500 (2500 before merging)
2022-01-05 08:25:34,626 - root - INFO - Number of query intervals: 5000 (5000 before merging)
2022-01-05 08:25:34,628 - root - INFO - Number of chromosomes: 1
2022-01-05 08:25:34,641 - root - INFO - Overlap count: 2012
2022-01-05 08:25:34,643 - root - DEBUG - Started computing sf for chromosome 'chr1'...
2022-01-05 08:25:34,645 - root - DEBUG - m=2500, n=5000
2022-01-05 08:25:35,527 - root - DEBUG - Processing 10-th line out of 2500 rows of DP table...
2022-01-05 08:25:36,467 - root - DEBUG - Processing 20-th line out of 2500 rows of DP table...
2022-01-05 08:25:37,316 - root - DEBUG - Processing 30-th line out of 2500 rows of DP table...
2022-01-05 08:25:38,156 - root - DEBUG - Processing 40-th line out of 2500 rows of DP table...
2022-01-05 08:25:38,999 - root - DEBUG - Processing 50-th line out of 2500 rows of DP table...
2022-01-05 08:25:39,914 - root - DEBUG - Processing 60-th line out of 2500 rows of DP table...
2022-01-05 08:25:40,750 - root - DEBUG - Processing 70-th line out of 2500 rows of DP table...
2022-01-05 08:25:41,586 - root - DEBUG - Processing 80-th line out of 2500 rows of DP table...
2022-01-05 08:25:42,609 - root - DEBUG - Processing 90-th line out of 2500 rows of DP table...
2022-01-05 08:25:43,443 - root - DEBUG - Processing 100-th line out of 2500 rows of DP table...
2022-01-05 08:25:44,258 - root - DEBUG - Processing 110-th line out of 2500 rows of DP table...
2022-01-05 08:25:45,075 - root - DEBUG - Processing 120-th line out of 2500 rows of DP table...
2022-01-05 08:25:45,900 - root - DEBUG - Processing 130-th line out of 2500 rows of DP table...
2022-01-05 08:25:46,704 - root - DEBUG - Processing 140-th line out of 2500 rows of DP table...
2022-01-05 08:25:47,505 - root - DEBUG - Processing 150-th line out of 2500 rows of DP table...
2022-01-05 08:25:48,309 - root - DEBUG - Processing 160-th line out of 2500 rows of DP table...
2022-01-05 08:25:49,100 - root - DEBUG - Processing 170-th line out of 2500 rows of DP table...
2022-01-05 08:25:49,903 - root - DEBUG - Processing 180-th line out of 2500 rows of DP table...
2022-01-05 08:25:50,690 - root - DEBUG - Processing 190-th line out of 2500 rows of DP table...
2022-01-05 08:25:51,479 - root - DEBUG - Processing 200-th line out of 2500 rows of DP table...
2022-01-05 08:25:52,257 - root - DEBUG - Processing 210-th line out of 2500 rows of DP table...
2022-01-05 08:25:53,036 - root - DEBUG - Processing 220-th line out of 2500 rows of DP table...
2022-01-05 08:25:53,811 - root - DEBUG - Processing 230-th line out of 2500 rows of DP table...
2022-01-05 08:25:54,584 - root - DEBUG - Processing 240-th line out of 2500 rows of DP table...
2022-01-05 08:25:55,347 - root - DEBUG - Processing 250-th line out of 2500 rows of DP table...
2022-01-05 08:25:56,108 - root - DEBUG - Processing 260-th line out of 2500 rows of DP table...
2022-01-05 08:25:56,874 - root - DEBUG - Processing 270-th line out of 2500 rows of DP table...
2022-01-05 08:25:57,632 - root - DEBUG - Processing 280-th line out of 2500 rows of DP table...
2022-01-05 08:25:58,386 - root - DEBUG - Processing 290-th line out of 2500 rows of DP table...
2022-01-05 08:25:59,136 - root - DEBUG - Processing 300-th line out of 2500 rows of DP table...
2022-01-05 08:25:59,886 - root - DEBUG - Processing 310-th line out of 2500 rows of DP table...
2022-01-05 08:26:00,632 - root - DEBUG - Processing 320-th line out of 2500 rows of DP table...
2022-01-05 08:26:01,379 - root - DEBUG - Processing 330-th line out of 2500 rows of DP table...
2022-01-05 08:26:02,117 - root - DEBUG - Processing 340-th line out of 2500 rows of DP table...
2022-01-05 08:26:02,850 - root - DEBUG - Processing 350-th line out of 2500 rows of DP table...
2022-01-05 08:26:03,583 - root - DEBUG - Processing 360-th line out of 2500 rows of DP table...
2022-01-05 08:26:04,314 - root - DEBUG - Processing 370-th line out of 2500 rows of DP table...
2022-01-05 08:26:05,048 - root - DEBUG - Processing 380-th line out of 2500 rows of DP table...
2022-01-05 08:26:05,770 - root - DEBUG - Processing 390-th line out of 2500 rows of DP table...
2022-01-05 08:26:06,486 - root - DEBUG - Processing 400-th line out of 2500 rows of DP table...
2022-01-05 08:26:07,195 - root - DEBUG - Processing 410-th line out of 2500 rows of DP table...
2022-01-05 08:26:07,908 - root - DEBUG - Processing 420-th line out of 2500 rows of DP table...
2022-01-05 08:26:08,615 - root - DEBUG - Processing 430-th line out of 2500 rows of DP table...
2022-01-05 08:26:09,322 - root - DEBUG - Processing 440-th line out of 2500 rows of DP table...
2022-01-05 08:26:10,024 - root - DEBUG - Processing 450-th line out of 2500 rows of DP table...
2022-01-05 08:26:10,721 - root - DEBUG - Processing 460-th line out of 2500 rows of DP table...
2022-01-05 08:26:11,414 - root - DEBUG - Processing 470-th line out of 2500 rows of DP table...
2022-01-05 08:26:12,107 - root - DEBUG - Processing 480-th line out of 2500 rows of DP table...
2022-01-05 08:26:12,801 - root - DEBUG - Processing 490-th line out of 2500 rows of DP table...
2022-01-05 08:26:13,491 - root - DEBUG - Processing 500-th line out of 2500 rows of DP table...
2022-01-05 08:26:14,174 - root - DEBUG - Processing 510-th line out of 2500 rows of DP table...
2022-01-05 08:26:14,851 - root - DEBUG - Processing 520-th line out of 2500 rows of DP table...
2022-01-05 08:26:15,526 - root - DEBUG - Processing 530-th line out of 2500 rows of DP table...
2022-01-05 08:26:16,199 - root - DEBUG - Processing 540-th line out of 2500 rows of DP table...
2022-01-05 08:26:16,863 - root - DEBUG - Processing 550-th line out of 2500 rows of DP table...
2022-01-05 08:26:17,525 - root - DEBUG - Processing 560-th line out of 2500 rows of DP table...
2022-01-05 08:26:18,187 - root - DEBUG - Processing 570-th line out of 2500 rows of DP table...
2022-01-05 08:26:18,842 - root - DEBUG - Processing 580-th line out of 2500 rows of DP table...
2022-01-05 08:26:19,495 - root - DEBUG - Processing 590-th line out of 2500 rows of DP table...
2022-01-05 08:26:20,148 - root - DEBUG - Processing 600-th line out of 2500 rows of DP table...
2022-01-05 08:26:20,801 - root - DEBUG - Processing 610-th line out of 2500 rows of DP table...
2022-01-05 08:26:21,445 - root - DEBUG - Processing 620-th line out of 2500 rows of DP table...
2022-01-05 08:26:22,089 - root - DEBUG - Processing 630-th line out of 2500 rows of DP table...
2022-01-05 08:26:22,727 - root - DEBUG - Processing 640-th line out of 2500 rows of DP table...
2022-01-05 08:26:23,360 - root - DEBUG - Processing 650-th line out of 2500 rows of DP table...
2022-01-05 08:26:23,992 - root - DEBUG - Processing 660-th line out of 2500 rows of DP table...
2022-01-05 08:26:24,637 - root - DEBUG - Processing 670-th line out of 2500 rows of DP table...
2022-01-05 08:26:25,261 - root - DEBUG - Processing 680-th line out of 2500 rows of DP table...
2022-01-05 08:26:25,882 - root - DEBUG - Processing 690-th line out of 2500 rows of DP table...
2022-01-05 08:26:26,500 - root - DEBUG - Processing 700-th line out of 2500 rows of DP table...
2022-01-05 08:26:27,119 - root - DEBUG - Processing 710-th line out of 2500 rows of DP table...
2022-01-05 08:26:27,728 - root - DEBUG - Processing 720-th line out of 2500 rows of DP table...
2022-01-05 08:26:28,336 - root - DEBUG - Processing 730-th line out of 2500 rows of DP table...
2022-01-05 08:26:28,943 - root - DEBUG - Processing 740-th line out of 2500 rows of DP table...
2022-01-05 08:26:29,546 - root - DEBUG - Processing 750-th line out of 2500 rows of DP table...
2022-01-05 08:26:30,144 - root - DEBUG - Processing 760-th line out of 2500 rows of DP table...
2022-01-05 08:26:30,737 - root - DEBUG - Processing 770-th line out of 2500 rows of DP table...
2022-01-05 08:26:31,331 - root - DEBUG - Processing 780-th line out of 2500 rows of DP table...
2022-01-05 08:26:31,920 - root - DEBUG - Processing 790-th line out of 2500 rows of DP table...
2022-01-05 08:26:32,506 - root - DEBUG - Processing 800-th line out of 2500 rows of DP table...
2022-01-05 08:26:33,089 - root - DEBUG - Processing 810-th line out of 2500 rows of DP table...
2022-01-05 08:26:33,667 - root - DEBUG - Processing 820-th line out of 2500 rows of DP table...
2022-01-05 08:26:34,242 - root - DEBUG - Processing 830-th line out of 2500 rows of DP table...
2022-01-05 08:26:34,813 - root - DEBUG - Processing 840-th line out of 2500 rows of DP table...
2022-01-05 08:26:35,388 - root - DEBUG - Processing 850-th line out of 2500 rows of DP table...
2022-01-05 08:26:35,952 - root - DEBUG - Processing 860-th line out of 2500 rows of DP table...
2022-01-05 08:26:36,515 - root - DEBUG - Processing 870-th line out of 2500 rows of DP table...
2022-01-05 08:26:37,071 - root - DEBUG - Processing 880-th line out of 2500 rows of DP table...
2022-01-05 08:26:37,644 - root - DEBUG - Processing 890-th line out of 2500 rows of DP table...
2022-01-05 08:26:38,195 - root - DEBUG - Processing 900-th line out of 2500 rows of DP table...
2022-01-05 08:26:38,746 - root - DEBUG - Processing 910-th line out of 2500 rows of DP table...
2022-01-05 08:26:39,291 - root - DEBUG - Processing 920-th line out of 2500 rows of DP table...
2022-01-05 08:26:39,832 - root - DEBUG - Processing 930-th line out of 2500 rows of DP table...
2022-01-05 08:26:40,369 - root - DEBUG - Processing 940-th line out of 2500 rows of DP table...
2022-01-05 08:26:40,904 - root - DEBUG - Processing 950-th line out of 2500 rows of DP table...
2022-01-05 08:26:41,457 - root - DEBUG - Processing 960-th line out of 2500 rows of DP table...
2022-01-05 08:26:41,987 - root - DEBUG - Processing 970-th line out of 2500 rows of DP table...
2022-01-05 08:26:42,511 - root - DEBUG - Processing 980-th line out of 2500 rows of DP table...
2022-01-05 08:26:43,028 - root - DEBUG - Processing 990-th line out of 2500 rows of DP table...
2022-01-05 08:26:43,548 - root - DEBUG - Processing 1000-th line out of 2500 rows of DP table...
2022-01-05 08:26:44,065 - root - DEBUG - Processing 1010-th line out of 2500 rows of DP table...
2022-01-05 08:26:44,574 - root - DEBUG - Processing 1020-th line out of 2500 rows of DP table...
2022-01-05 08:26:45,090 - root - DEBUG - Processing 1030-th line out of 2500 rows of DP table...
2022-01-05 08:26:45,594 - root - DEBUG - Processing 1040-th line out of 2500 rows of DP table...
2022-01-05 08:26:46,097 - root - DEBUG - Processing 1050-th line out of 2500 rows of DP table...
2022-01-05 08:26:46,594 - root - DEBUG - Processing 1060-th line out of 2500 rows of DP table...
2022-01-05 08:26:47,089 - root - DEBUG - Processing 1070-th line out of 2500 rows of DP table...
2022-01-05 08:26:47,581 - root - DEBUG - Processing 1080-th line out of 2500 rows of DP table...
2022-01-05 08:26:48,066 - root - DEBUG - Processing 1090-th line out of 2500 rows of DP table...
2022-01-05 08:26:48,550 - root - DEBUG - Processing 1100-th line out of 2500 rows of DP table...
2022-01-05 08:26:49,031 - root - DEBUG - Processing 1110-th line out of 2500 rows of DP table...
2022-01-05 08:26:49,521 - root - DEBUG - Processing 1120-th line out of 2500 rows of DP table...
2022-01-05 08:26:49,995 - root - DEBUG - Processing 1130-th line out of 2500 rows of DP table...
2022-01-05 08:26:50,466 - root - DEBUG - Processing 1140-th line out of 2500 rows of DP table...
2022-01-05 08:26:50,933 - root - DEBUG - Processing 1150-th line out of 2500 rows of DP table...
2022-01-05 08:26:51,400 - root - DEBUG - Processing 1160-th line out of 2500 rows of DP table...
2022-01-05 08:26:51,861 - root - DEBUG - Processing 1170-th line out of 2500 rows of DP table...
2022-01-05 08:26:52,318 - root - DEBUG - Processing 1180-th line out of 2500 rows of DP table...
2022-01-05 08:26:52,783 - root - DEBUG - Processing 1190-th line out of 2500 rows of DP table...
2022-01-05 08:26:53,231 - root - DEBUG - Processing 1200-th line out of 2500 rows of DP table...
2022-01-05 08:26:53,680 - root - DEBUG - Processing 1210-th line out of 2500 rows of DP table...
2022-01-05 08:26:54,127 - root - DEBUG - Processing 1220-th line out of 2500 rows of DP table...
2022-01-05 08:26:54,568 - root - DEBUG - Processing 1230-th line out of 2500 rows of DP table...
2022-01-05 08:26:55,005 - root - DEBUG - Processing 1240-th line out of 2500 rows of DP table...
2022-01-05 08:26:55,438 - root - DEBUG - Processing 1250-th line out of 2500 rows of DP table...
2022-01-05 08:26:55,867 - root - DEBUG - Processing 1260-th line out of 2500 rows of DP table...
2022-01-05 08:26:56,313 - root - DEBUG - Processing 1270-th line out of 2500 rows of DP table...
2022-01-05 08:26:56,735 - root - DEBUG - Processing 1280-th line out of 2500 rows of DP table...
2022-01-05 08:26:57,154 - root - DEBUG - Processing 1290-th line out of 2500 rows of DP table...
2022-01-05 08:26:57,573 - root - DEBUG - Processing 1300-th line out of 2500 rows of DP table...
2022-01-05 08:26:57,985 - root - DEBUG - Processing 1310-th line out of 2500 rows of DP table...
2022-01-05 08:26:58,397 - root - DEBUG - Processing 1320-th line out of 2500 rows of DP table...
2022-01-05 08:26:58,803 - root - DEBUG - Processing 1330-th line out of 2500 rows of DP table...
2022-01-05 08:26:59,207 - root - DEBUG - Processing 1340-th line out of 2500 rows of DP table...
2022-01-05 08:26:59,605 - root - DEBUG - Processing 1350-th line out of 2500 rows of DP table...
2022-01-05 08:27:00,004 - root - DEBUG - Processing 1360-th line out of 2500 rows of DP table...
2022-01-05 08:27:00,397 - root - DEBUG - Processing 1370-th line out of 2500 rows of DP table...
2022-01-05 08:27:00,793 - root - DEBUG - Processing 1380-th line out of 2500 rows of DP table...
2022-01-05 08:27:01,181 - root - DEBUG - Processing 1390-th line out of 2500 rows of DP table...
2022-01-05 08:27:01,564 - root - DEBUG - Processing 1400-th line out of 2500 rows of DP table...
2022-01-05 08:27:01,944 - root - DEBUG - Processing 1410-th line out of 2500 rows of DP table...
2022-01-05 08:27:02,320 - root - DEBUG - Processing 1420-th line out of 2500 rows of DP table...
2022-01-05 08:27:02,692 - root - DEBUG - Processing 1430-th line out of 2500 rows of DP table...
2022-01-05 08:27:03,062 - root - DEBUG - Processing 1440-th line out of 2500 rows of DP table...
2022-01-05 08:27:03,429 - root - DEBUG - Processing 1450-th line out of 2500 rows of DP table...
2022-01-05 08:27:03,793 - root - DEBUG - Processing 1460-th line out of 2500 rows of DP table...
2022-01-05 08:27:04,302 - root - DEBUG - Processing 1470-th line out of 2500 rows of DP table...
2022-01-05 08:27:04,660 - root - DEBUG - Processing 1480-th line out of 2500 rows of DP table...
2022-01-05 08:27:05,013 - root - DEBUG - Processing 1490-th line out of 2500 rows of DP table...
2022-01-05 08:27:05,363 - root - DEBUG - Processing 1500-th line out of 2500 rows of DP table...
2022-01-05 08:27:05,709 - root - DEBUG - Processing 1510-th line out of 2500 rows of DP table...
2022-01-05 08:27:06,053 - root - DEBUG - Processing 1520-th line out of 2500 rows of DP table...
2022-01-05 08:27:06,393 - root - DEBUG - Processing 1530-th line out of 2500 rows of DP table...
2022-01-05 08:27:06,731 - root - DEBUG - Processing 1540-th line out of 2500 rows of DP table...
2022-01-05 08:27:07,063 - root - DEBUG - Processing 1550-th line out of 2500 rows of DP table...
2022-01-05 08:27:07,392 - root - DEBUG - Processing 1560-th line out of 2500 rows of DP table...
2022-01-05 08:27:07,719 - root - DEBUG - Processing 1570-th line out of 2500 rows of DP table...
2022-01-05 08:27:08,041 - root - DEBUG - Processing 1580-th line out of 2500 rows of DP table...
2022-01-05 08:27:08,357 - root - DEBUG - Processing 1590-th line out of 2500 rows of DP table...
2022-01-05 08:27:08,672 - root - DEBUG - Processing 1600-th line out of 2500 rows of DP table...
2022-01-05 08:27:08,985 - root - DEBUG - Processing 1610-th line out of 2500 rows of DP table...
2022-01-05 08:27:09,297 - root - DEBUG - Processing 1620-th line out of 2500 rows of DP table...
2022-01-05 08:27:09,604 - root - DEBUG - Processing 1630-th line out of 2500 rows of DP table...
2022-01-05 08:27:09,906 - root - DEBUG - Processing 1640-th line out of 2500 rows of DP table...
2022-01-05 08:27:10,214 - root - DEBUG - Processing 1650-th line out of 2500 rows of DP table...
2022-01-05 08:27:10,508 - root - DEBUG - Processing 1660-th line out of 2500 rows of DP table...
2022-01-05 08:27:10,802 - root - DEBUG - Processing 1670-th line out of 2500 rows of DP table...
2022-01-05 08:27:11,092 - root - DEBUG - Processing 1680-th line out of 2500 rows of DP table...
2022-01-05 08:27:11,380 - root - DEBUG - Processing 1690-th line out of 2500 rows of DP table...
2022-01-05 08:27:11,663 - root - DEBUG - Processing 1700-th line out of 2500 rows of DP table...
2022-01-05 08:27:11,945 - root - DEBUG - Processing 1710-th line out of 2500 rows of DP table...
2022-01-05 08:27:12,218 - root - DEBUG - Processing 1720-th line out of 2500 rows of DP table...
2022-01-05 08:27:12,491 - root - DEBUG - Processing 1730-th line out of 2500 rows of DP table...
2022-01-05 08:27:12,759 - root - DEBUG - Processing 1740-th line out of 2500 rows of DP table...
2022-01-05 08:27:13,024 - root - DEBUG - Processing 1750-th line out of 2500 rows of DP table...
2022-01-05 08:27:13,286 - root - DEBUG - Processing 1760-th line out of 2500 rows of DP table...
2022-01-05 08:27:13,546 - root - DEBUG - Processing 1770-th line out of 2500 rows of DP table...
2022-01-05 08:27:13,803 - root - DEBUG - Processing 1780-th line out of 2500 rows of DP table...
2022-01-05 08:27:14,055 - root - DEBUG - Processing 1790-th line out of 2500 rows of DP table...
2022-01-05 08:27:14,305 - root - DEBUG - Processing 1800-th line out of 2500 rows of DP table...
2022-01-05 08:27:14,551 - root - DEBUG - Processing 1810-th line out of 2500 rows of DP table...
2022-01-05 08:27:14,793 - root - DEBUG - Processing 1820-th line out of 2500 rows of DP table...
2022-01-05 08:27:15,032 - root - DEBUG - Processing 1830-th line out of 2500 rows of DP table...
2022-01-05 08:27:15,269 - root - DEBUG - Processing 1840-th line out of 2500 rows of DP table...
2022-01-05 08:27:15,503 - root - DEBUG - Processing 1850-th line out of 2500 rows of DP table...
2022-01-05 08:27:15,732 - root - DEBUG - Processing 1860-th line out of 2500 rows of DP table...
2022-01-05 08:27:15,958 - root - DEBUG - Processing 1870-th line out of 2500 rows of DP table...
2022-01-05 08:27:16,182 - root - DEBUG - Processing 1880-th line out of 2500 rows of DP table...
2022-01-05 08:27:16,403 - root - DEBUG - Processing 1890-th line out of 2500 rows of DP table...
2022-01-05 08:27:16,619 - root - DEBUG - Processing 1900-th line out of 2500 rows of DP table...
2022-01-05 08:27:16,831 - root - DEBUG - Processing 1910-th line out of 2500 rows of DP table...
2022-01-05 08:27:17,038 - root - DEBUG - Processing 1920-th line out of 2500 rows of DP table...
2022-01-05 08:27:17,245 - root - DEBUG - Processing 1930-th line out of 2500 rows of DP table...
2022-01-05 08:27:17,448 - root - DEBUG - Processing 1940-th line out of 2500 rows of DP table...
2022-01-05 08:27:17,647 - root - DEBUG - Processing 1950-th line out of 2500 rows of DP table...
2022-01-05 08:27:17,842 - root - DEBUG - Processing 1960-th line out of 2500 rows of DP table...
2022-01-05 08:27:18,034 - root - DEBUG - Processing 1970-th line out of 2500 rows of DP table...
2022-01-05 08:27:18,222 - root - DEBUG - Processing 1980-th line out of 2500 rows of DP table...
2022-01-05 08:27:18,408 - root - DEBUG - Processing 1990-th line out of 2500 rows of DP table...
2022-01-05 08:27:18,652 - root - DEBUG - Processing 2000-th line out of 2500 rows of DP table...
2022-01-05 08:27:18,831 - root - DEBUG - Processing 2010-th line out of 2500 rows of DP table...
2022-01-05 08:27:19,007 - root - DEBUG - Processing 2020-th line out of 2500 rows of DP table...
2022-01-05 08:27:19,180 - root - DEBUG - Processing 2030-th line out of 2500 rows of DP table...
2022-01-05 08:27:19,349 - root - DEBUG - Processing 2040-th line out of 2500 rows of DP table...
2022-01-05 08:27:19,525 - root - DEBUG - Processing 2050-th line out of 2500 rows of DP table...
2022-01-05 08:27:19,688 - root - DEBUG - Processing 2060-th line out of 2500 rows of DP table...
2022-01-05 08:27:19,852 - root - DEBUG - Processing 2070-th line out of 2500 rows of DP table...
2022-01-05 08:27:20,007 - root - DEBUG - Processing 2080-th line out of 2500 rows of DP table...
2022-01-05 08:27:20,160 - root - DEBUG - Processing 2090-th line out of 2500 rows of DP table...
2022-01-05 08:27:20,311 - root - DEBUG - Processing 2100-th line out of 2500 rows of DP table...
2022-01-05 08:27:20,458 - root - DEBUG - Processing 2110-th line out of 2500 rows of DP table...
2022-01-05 08:27:20,601 - root - DEBUG - Processing 2120-th line out of 2500 rows of DP table...
2022-01-05 08:27:20,741 - root - DEBUG - Processing 2130-th line out of 2500 rows of DP table...
2022-01-05 08:27:20,877 - root - DEBUG - Processing 2140-th line out of 2500 rows of DP table...
2022-01-05 08:27:21,010 - root - DEBUG - Processing 2150-th line out of 2500 rows of DP table...
2022-01-05 08:27:21,139 - root - DEBUG - Processing 2160-th line out of 2500 rows of DP table...
2022-01-05 08:27:21,264 - root - DEBUG - Processing 2170-th line out of 2500 rows of DP table...
2022-01-05 08:27:21,387 - root - DEBUG - Processing 2180-th line out of 2500 rows of DP table...
2022-01-05 08:27:21,510 - root - DEBUG - Processing 2190-th line out of 2500 rows of DP table...
2022-01-05 08:27:21,627 - root - DEBUG - Processing 2200-th line out of 2500 rows of DP table...
2022-01-05 08:27:21,739 - root - DEBUG - Processing 2210-th line out of 2500 rows of DP table...
2022-01-05 08:27:21,847 - root - DEBUG - Processing 2220-th line out of 2500 rows of DP table...
2022-01-05 08:27:21,953 - root - DEBUG - Processing 2230-th line out of 2500 rows of DP table...
2022-01-05 08:27:22,054 - root - DEBUG - Processing 2240-th line out of 2500 rows of DP table...
2022-01-05 08:27:22,153 - root - DEBUG - Processing 2250-th line out of 2500 rows of DP table...
2022-01-05 08:27:22,248 - root - DEBUG - Processing 2260-th line out of 2500 rows of DP table...
2022-01-05 08:27:22,339 - root - DEBUG - Processing 2270-th line out of 2500 rows of DP table...
2022-01-05 08:27:22,428 - root - DEBUG - Processing 2280-th line out of 2500 rows of DP table...
2022-01-05 08:27:22,514 - root - DEBUG - Processing 2290-th line out of 2500 rows of DP table...
2022-01-05 08:27:22,597 - root - DEBUG - Processing 2300-th line out of 2500 rows of DP table...
2022-01-05 08:27:22,676 - root - DEBUG - Processing 2310-th line out of 2500 rows of DP table...
2022-01-05 08:27:22,751 - root - DEBUG - Processing 2320-th line out of 2500 rows of DP table...
2022-01-05 08:27:22,824 - root - DEBUG - Processing 2330-th line out of 2500 rows of DP table...
2022-01-05 08:27:22,892 - root - DEBUG - Processing 2340-th line out of 2500 rows of DP table...
2022-01-05 08:27:22,958 - root - DEBUG - Processing 2350-th line out of 2500 rows of DP table...
2022-01-05 08:27:23,021 - root - DEBUG - Processing 2360-th line out of 2500 rows of DP table...
2022-01-05 08:27:23,080 - root - DEBUG - Processing 2370-th line out of 2500 rows of DP table...
2022-01-05 08:27:23,136 - root - DEBUG - Processing 2380-th line out of 2500 rows of DP table...
2022-01-05 08:27:23,188 - root - DEBUG - Processing 2390-th line out of 2500 rows of DP table...
2022-01-05 08:27:23,235 - root - DEBUG - Processing 2400-th line out of 2500 rows of DP table...
2022-01-05 08:27:23,280 - root - DEBUG - Processing 2410-th line out of 2500 rows of DP table...
2022-01-05 08:27:23,321 - root - DEBUG - Processing 2420-th line out of 2500 rows of DP table...
2022-01-05 08:27:23,358 - root - DEBUG - Processing 2430-th line out of 2500 rows of DP table...
2022-01-05 08:27:23,393 - root - DEBUG - Processing 2440-th line out of 2500 rows of DP table...
2022-01-05 08:27:23,424 - root - DEBUG - Processing 2450-th line out of 2500 rows of DP table...
2022-01-05 08:27:23,452 - root - DEBUG - Processing 2460-th line out of 2500 rows of DP table...
2022-01-05 08:27:23,476 - root - DEBUG - Processing 2470-th line out of 2500 rows of DP table...
2022-01-05 08:27:23,497 - root - DEBUG - Processing 2480-th line out of 2500 rows of DP table...
2022-01-05 08:27:23,515 - root - DEBUG - Processing 2490-th line out of 2500 rows of DP table...
2022-01-05 08:27:23,529 - root - DEBUG - Processing 2500-th line out of 2500 rows of DP table...
2022-01-05 08:27:23,544 - root - DEBUG - Started computing joint logprobs...
