2022-01-04 21:37:59,488 - root - INFO - Loading reference interval set from '211227-2-sim/g24_2.ref.tsv'...
2022-01-04 21:37:59,515 - root - INFO - Loading query interval set from '211227-2-sim/g24_2.query.tsv'...
2022-01-04 21:37:59,549 - root - INFO - Loading chromosome sizes from '211227-2-sim/g24_sizes.tsv'...
2022-01-04 21:37:59,557 - root - INFO - Number of reference intervals: 2500 (2500 before merging)
2022-01-04 21:37:59,559 - root - INFO - Number of query intervals: 5000 (5000 before merging)
2022-01-04 21:37:59,560 - root - INFO - Number of chromosomes: 1
2022-01-04 21:37:59,575 - root - INFO - Overlap count: 2005
2022-01-04 21:37:59,576 - root - DEBUG - Started computing sf for chromosome 'chr1'...
2022-01-04 21:37:59,579 - root - DEBUG - m=2500, n=5000
2022-01-04 21:38:00,437 - root - DEBUG - Processing 10-th line out of 2500 rows of DP table...
2022-01-04 21:38:01,269 - root - DEBUG - Processing 20-th line out of 2500 rows of DP table...
2022-01-04 21:38:02,101 - root - DEBUG - Processing 30-th line out of 2500 rows of DP table...
2022-01-04 21:38:02,926 - root - DEBUG - Processing 40-th line out of 2500 rows of DP table...
2022-01-04 21:38:03,752 - root - DEBUG - Processing 50-th line out of 2500 rows of DP table...
2022-01-04 21:38:04,581 - root - DEBUG - Processing 60-th line out of 2500 rows of DP table...
2022-01-04 21:38:05,402 - root - DEBUG - Processing 70-th line out of 2500 rows of DP table...
2022-01-04 21:38:06,218 - root - DEBUG - Processing 80-th line out of 2500 rows of DP table...
2022-01-04 21:38:07,024 - root - DEBUG - Processing 90-th line out of 2500 rows of DP table...
2022-01-04 21:38:07,831 - root - DEBUG - Processing 100-th line out of 2500 rows of DP table...
2022-01-04 21:38:08,640 - root - DEBUG - Processing 110-th line out of 2500 rows of DP table...
2022-01-04 21:38:09,442 - root - DEBUG - Processing 120-th line out of 2500 rows of DP table...
2022-01-04 21:38:10,239 - root - DEBUG - Processing 130-th line out of 2500 rows of DP table...
2022-01-04 21:38:11,038 - root - DEBUG - Processing 140-th line out of 2500 rows of DP table...
2022-01-04 21:38:11,832 - root - DEBUG - Processing 150-th line out of 2500 rows of DP table...
2022-01-04 21:38:12,612 - root - DEBUG - Processing 160-th line out of 2500 rows of DP table...
2022-01-04 21:38:13,400 - root - DEBUG - Processing 170-th line out of 2500 rows of DP table...
2022-01-04 21:38:14,182 - root - DEBUG - Processing 180-th line out of 2500 rows of DP table...
2022-01-04 21:38:14,955 - root - DEBUG - Processing 190-th line out of 2500 rows of DP table...
2022-01-04 21:38:15,730 - root - DEBUG - Processing 200-th line out of 2500 rows of DP table...
2022-01-04 21:38:16,501 - root - DEBUG - Processing 210-th line out of 2500 rows of DP table...
2022-01-04 21:38:17,266 - root - DEBUG - Processing 220-th line out of 2500 rows of DP table...
2022-01-04 21:38:18,031 - root - DEBUG - Processing 230-th line out of 2500 rows of DP table...
2022-01-04 21:38:18,793 - root - DEBUG - Processing 240-th line out of 2500 rows of DP table...
2022-01-04 21:38:19,555 - root - DEBUG - Processing 250-th line out of 2500 rows of DP table...
2022-01-04 21:38:20,309 - root - DEBUG - Processing 260-th line out of 2500 rows of DP table...
2022-01-04 21:38:21,064 - root - DEBUG - Processing 270-th line out of 2500 rows of DP table...
2022-01-04 21:38:21,808 - root - DEBUG - Processing 280-th line out of 2500 rows of DP table...
2022-01-04 21:38:22,552 - root - DEBUG - Processing 290-th line out of 2500 rows of DP table...
2022-01-04 21:38:23,305 - root - DEBUG - Processing 300-th line out of 2500 rows of DP table...
2022-01-04 21:38:24,040 - root - DEBUG - Processing 310-th line out of 2500 rows of DP table...
2022-01-04 21:38:24,778 - root - DEBUG - Processing 320-th line out of 2500 rows of DP table...
2022-01-04 21:38:25,511 - root - DEBUG - Processing 330-th line out of 2500 rows of DP table...
2022-01-04 21:38:26,238 - root - DEBUG - Processing 340-th line out of 2500 rows of DP table...
2022-01-04 21:38:26,965 - root - DEBUG - Processing 350-th line out of 2500 rows of DP table...
2022-01-04 21:38:27,691 - root - DEBUG - Processing 360-th line out of 2500 rows of DP table...
2022-01-04 21:38:28,405 - root - DEBUG - Processing 370-th line out of 2500 rows of DP table...
2022-01-04 21:38:29,126 - root - DEBUG - Processing 380-th line out of 2500 rows of DP table...
2022-01-04 21:38:29,836 - root - DEBUG - Processing 390-th line out of 2500 rows of DP table...
2022-01-04 21:38:30,543 - root - DEBUG - Processing 400-th line out of 2500 rows of DP table...
2022-01-04 21:38:31,248 - root - DEBUG - Processing 410-th line out of 2500 rows of DP table...
2022-01-04 21:38:31,956 - root - DEBUG - Processing 420-th line out of 2500 rows of DP table...
2022-01-04 21:38:32,652 - root - DEBUG - Processing 430-th line out of 2500 rows of DP table...
2022-01-04 21:38:33,351 - root - DEBUG - Processing 440-th line out of 2500 rows of DP table...
2022-01-04 21:38:34,045 - root - DEBUG - Processing 450-th line out of 2500 rows of DP table...
2022-01-04 21:38:34,735 - root - DEBUG - Processing 460-th line out of 2500 rows of DP table...
2022-01-04 21:38:35,417 - root - DEBUG - Processing 470-th line out of 2500 rows of DP table...
2022-01-04 21:38:36,112 - root - DEBUG - Processing 480-th line out of 2500 rows of DP table...
2022-01-04 21:38:36,789 - root - DEBUG - Processing 490-th line out of 2500 rows of DP table...
2022-01-04 21:38:37,461 - root - DEBUG - Processing 500-th line out of 2500 rows of DP table...
2022-01-04 21:38:38,138 - root - DEBUG - Processing 510-th line out of 2500 rows of DP table...
2022-01-04 21:38:38,802 - root - DEBUG - Processing 520-th line out of 2500 rows of DP table...
2022-01-04 21:38:39,472 - root - DEBUG - Processing 530-th line out of 2500 rows of DP table...
2022-01-04 21:38:40,137 - root - DEBUG - Processing 540-th line out of 2500 rows of DP table...
2022-01-04 21:38:40,795 - root - DEBUG - Processing 550-th line out of 2500 rows of DP table...
2022-01-04 21:38:41,451 - root - DEBUG - Processing 560-th line out of 2500 rows of DP table...
2022-01-04 21:38:42,113 - root - DEBUG - Processing 570-th line out of 2500 rows of DP table...
2022-01-04 21:38:42,766 - root - DEBUG - Processing 580-th line out of 2500 rows of DP table...
2022-01-04 21:38:43,409 - root - DEBUG - Processing 590-th line out of 2500 rows of DP table...
2022-01-04 21:38:44,056 - root - DEBUG - Processing 600-th line out of 2500 rows of DP table...
2022-01-04 21:38:44,761 - root - DEBUG - Processing 610-th line out of 2500 rows of DP table...
2022-01-04 21:38:45,452 - root - DEBUG - Processing 620-th line out of 2500 rows of DP table...
2022-01-04 21:38:46,210 - root - DEBUG - Processing 630-th line out of 2500 rows of DP table...
2022-01-04 21:38:46,837 - root - DEBUG - Processing 640-th line out of 2500 rows of DP table...
2022-01-04 21:38:47,464 - root - DEBUG - Processing 650-th line out of 2500 rows of DP table...
2022-01-04 21:38:48,085 - root - DEBUG - Processing 660-th line out of 2500 rows of DP table...
2022-01-04 21:38:48,708 - root - DEBUG - Processing 670-th line out of 2500 rows of DP table...
2022-01-04 21:38:49,327 - root - DEBUG - Processing 680-th line out of 2500 rows of DP table...
2022-01-04 21:38:49,935 - root - DEBUG - Processing 690-th line out of 2500 rows of DP table...
2022-01-04 21:38:50,545 - root - DEBUG - Processing 700-th line out of 2500 rows of DP table...
2022-01-04 21:38:51,149 - root - DEBUG - Processing 710-th line out of 2500 rows of DP table...
2022-01-04 21:38:51,752 - root - DEBUG - Processing 720-th line out of 2500 rows of DP table...
2022-01-04 21:38:52,347 - root - DEBUG - Processing 730-th line out of 2500 rows of DP table...
2022-01-04 21:38:52,945 - root - DEBUG - Processing 740-th line out of 2500 rows of DP table...
2022-01-04 21:38:53,534 - root - DEBUG - Processing 750-th line out of 2500 rows of DP table...
2022-01-04 21:38:54,128 - root - DEBUG - Processing 760-th line out of 2500 rows of DP table...
2022-01-04 21:38:54,712 - root - DEBUG - Processing 770-th line out of 2500 rows of DP table...
2022-01-04 21:38:55,294 - root - DEBUG - Processing 780-th line out of 2500 rows of DP table...
2022-01-04 21:38:55,874 - root - DEBUG - Processing 790-th line out of 2500 rows of DP table...
2022-01-04 21:38:56,455 - root - DEBUG - Processing 800-th line out of 2500 rows of DP table...
2022-01-04 21:38:57,027 - root - DEBUG - Processing 810-th line out of 2500 rows of DP table...
2022-01-04 21:38:57,600 - root - DEBUG - Processing 820-th line out of 2500 rows of DP table...
2022-01-04 21:38:58,161 - root - DEBUG - Processing 830-th line out of 2500 rows of DP table...
2022-01-04 21:38:58,727 - root - DEBUG - Processing 840-th line out of 2500 rows of DP table...
2022-01-04 21:38:59,285 - root - DEBUG - Processing 850-th line out of 2500 rows of DP table...
2022-01-04 21:38:59,845 - root - DEBUG - Processing 860-th line out of 2500 rows of DP table...
2022-01-04 21:39:00,393 - root - DEBUG - Processing 870-th line out of 2500 rows of DP table...
2022-01-04 21:39:00,947 - root - DEBUG - Processing 880-th line out of 2500 rows of DP table...
2022-01-04 21:39:01,553 - root - DEBUG - Processing 890-th line out of 2500 rows of DP table...
2022-01-04 21:39:02,157 - root - DEBUG - Processing 900-th line out of 2500 rows of DP table...
2022-01-04 21:39:02,754 - root - DEBUG - Processing 910-th line out of 2500 rows of DP table...
2022-01-04 21:39:03,294 - root - DEBUG - Processing 920-th line out of 2500 rows of DP table...
2022-01-04 21:39:03,829 - root - DEBUG - Processing 930-th line out of 2500 rows of DP table...
2022-01-04 21:39:04,360 - root - DEBUG - Processing 940-th line out of 2500 rows of DP table...
2022-01-04 21:39:04,884 - root - DEBUG - Processing 950-th line out of 2500 rows of DP table...
2022-01-04 21:39:05,413 - root - DEBUG - Processing 960-th line out of 2500 rows of DP table...
2022-01-04 21:39:05,931 - root - DEBUG - Processing 970-th line out of 2500 rows of DP table...
2022-01-04 21:39:06,448 - root - DEBUG - Processing 980-th line out of 2500 rows of DP table...
2022-01-04 21:39:06,958 - root - DEBUG - Processing 990-th line out of 2500 rows of DP table...
2022-01-04 21:39:07,468 - root - DEBUG - Processing 1000-th line out of 2500 rows of DP table...
2022-01-04 21:39:07,978 - root - DEBUG - Processing 1010-th line out of 2500 rows of DP table...
2022-01-04 21:39:08,481 - root - DEBUG - Processing 1020-th line out of 2500 rows of DP table...
2022-01-04 21:39:08,990 - root - DEBUG - Processing 1030-th line out of 2500 rows of DP table...
2022-01-04 21:39:09,487 - root - DEBUG - Processing 1040-th line out of 2500 rows of DP table...
2022-01-04 21:39:09,984 - root - DEBUG - Processing 1050-th line out of 2500 rows of DP table...
2022-01-04 21:39:10,473 - root - DEBUG - Processing 1060-th line out of 2500 rows of DP table...
2022-01-04 21:39:10,966 - root - DEBUG - Processing 1070-th line out of 2500 rows of DP table...
2022-01-04 21:39:11,447 - root - DEBUG - Processing 1080-th line out of 2500 rows of DP table...
2022-01-04 21:39:11,933 - root - DEBUG - Processing 1090-th line out of 2500 rows of DP table...
2022-01-04 21:39:12,412 - root - DEBUG - Processing 1100-th line out of 2500 rows of DP table...
2022-01-04 21:39:12,884 - root - DEBUG - Processing 1110-th line out of 2500 rows of DP table...
2022-01-04 21:39:13,360 - root - DEBUG - Processing 1120-th line out of 2500 rows of DP table...
2022-01-04 21:39:13,826 - root - DEBUG - Processing 1130-th line out of 2500 rows of DP table...
2022-01-04 21:39:14,288 - root - DEBUG - Processing 1140-th line out of 2500 rows of DP table...
2022-01-04 21:39:14,753 - root - DEBUG - Processing 1150-th line out of 2500 rows of DP table...
2022-01-04 21:39:15,209 - root - DEBUG - Processing 1160-th line out of 2500 rows of DP table...
2022-01-04 21:39:15,666 - root - DEBUG - Processing 1170-th line out of 2500 rows of DP table...
2022-01-04 21:39:16,113 - root - DEBUG - Processing 1180-th line out of 2500 rows of DP table...
2022-01-04 21:39:16,558 - root - DEBUG - Processing 1190-th line out of 2500 rows of DP table...
2022-01-04 21:39:17,004 - root - DEBUG - Processing 1200-th line out of 2500 rows of DP table...
2022-01-04 21:39:17,445 - root - DEBUG - Processing 1210-th line out of 2500 rows of DP table...
2022-01-04 21:39:17,890 - root - DEBUG - Processing 1220-th line out of 2500 rows of DP table...
2022-01-04 21:39:18,324 - root - DEBUG - Processing 1230-th line out of 2500 rows of DP table...
2022-01-04 21:39:18,754 - root - DEBUG - Processing 1240-th line out of 2500 rows of DP table...
2022-01-04 21:39:19,184 - root - DEBUG - Processing 1250-th line out of 2500 rows of DP table...
2022-01-04 21:39:19,604 - root - DEBUG - Processing 1260-th line out of 2500 rows of DP table...
2022-01-04 21:39:20,023 - root - DEBUG - Processing 1270-th line out of 2500 rows of DP table...
2022-01-04 21:39:20,446 - root - DEBUG - Processing 1280-th line out of 2500 rows of DP table...
2022-01-04 21:39:20,858 - root - DEBUG - Processing 1290-th line out of 2500 rows of DP table...
2022-01-04 21:39:21,274 - root - DEBUG - Processing 1300-th line out of 2500 rows of DP table...
2022-01-04 21:39:21,681 - root - DEBUG - Processing 1310-th line out of 2500 rows of DP table...
2022-01-04 21:39:22,085 - root - DEBUG - Processing 1320-th line out of 2500 rows of DP table...
2022-01-04 21:39:22,491 - root - DEBUG - Processing 1330-th line out of 2500 rows of DP table...
2022-01-04 21:39:22,886 - root - DEBUG - Processing 1340-th line out of 2500 rows of DP table...
2022-01-04 21:39:23,277 - root - DEBUG - Processing 1350-th line out of 2500 rows of DP table...
2022-01-04 21:39:23,674 - root - DEBUG - Processing 1360-th line out of 2500 rows of DP table...
2022-01-04 21:39:24,059 - root - DEBUG - Processing 1370-th line out of 2500 rows of DP table...
2022-01-04 21:39:24,445 - root - DEBUG - Processing 1380-th line out of 2500 rows of DP table...
2022-01-04 21:39:24,829 - root - DEBUG - Processing 1390-th line out of 2500 rows of DP table...
2022-01-04 21:39:25,206 - root - DEBUG - Processing 1400-th line out of 2500 rows of DP table...
2022-01-04 21:39:25,579 - root - DEBUG - Processing 1410-th line out of 2500 rows of DP table...
2022-01-04 21:39:25,955 - root - DEBUG - Processing 1420-th line out of 2500 rows of DP table...
2022-01-04 21:39:26,326 - root - DEBUG - Processing 1430-th line out of 2500 rows of DP table...
2022-01-04 21:39:26,752 - root - DEBUG - Processing 1440-th line out of 2500 rows of DP table...
2022-01-04 21:39:27,117 - root - DEBUG - Processing 1450-th line out of 2500 rows of DP table...
2022-01-04 21:39:27,474 - root - DEBUG - Processing 1460-th line out of 2500 rows of DP table...
2022-01-04 21:39:27,826 - root - DEBUG - Processing 1470-th line out of 2500 rows of DP table...
2022-01-04 21:39:28,182 - root - DEBUG - Processing 1480-th line out of 2500 rows of DP table...
2022-01-04 21:39:28,536 - root - DEBUG - Processing 1490-th line out of 2500 rows of DP table...
2022-01-04 21:39:28,880 - root - DEBUG - Processing 1500-th line out of 2500 rows of DP table...
2022-01-04 21:39:29,225 - root - DEBUG - Processing 1510-th line out of 2500 rows of DP table...
2022-01-04 21:39:29,560 - root - DEBUG - Processing 1520-th line out of 2500 rows of DP table...
2022-01-04 21:39:29,896 - root - DEBUG - Processing 1530-th line out of 2500 rows of DP table...
2022-01-04 21:39:30,245 - root - DEBUG - Processing 1540-th line out of 2500 rows of DP table...
2022-01-04 21:39:30,581 - root - DEBUG - Processing 1550-th line out of 2500 rows of DP table...
2022-01-04 21:39:30,905 - root - DEBUG - Processing 1560-th line out of 2500 rows of DP table...
2022-01-04 21:39:31,226 - root - DEBUG - Processing 1570-th line out of 2500 rows of DP table...
2022-01-04 21:39:31,551 - root - DEBUG - Processing 1580-th line out of 2500 rows of DP table...
2022-01-04 21:39:31,867 - root - DEBUG - Processing 1590-th line out of 2500 rows of DP table...
2022-01-04 21:39:32,178 - root - DEBUG - Processing 1600-th line out of 2500 rows of DP table...
2022-01-04 21:39:32,487 - root - DEBUG - Processing 1610-th line out of 2500 rows of DP table...
2022-01-04 21:39:32,803 - root - DEBUG - Processing 1620-th line out of 2500 rows of DP table...
2022-01-04 21:39:33,104 - root - DEBUG - Processing 1630-th line out of 2500 rows of DP table...
2022-01-04 21:39:33,403 - root - DEBUG - Processing 1640-th line out of 2500 rows of DP table...
2022-01-04 21:39:33,701 - root - DEBUG - Processing 1650-th line out of 2500 rows of DP table...
2022-01-04 21:39:33,996 - root - DEBUG - Processing 1660-th line out of 2500 rows of DP table...
2022-01-04 21:39:34,285 - root - DEBUG - Processing 1670-th line out of 2500 rows of DP table...
2022-01-04 21:39:34,571 - root - DEBUG - Processing 1680-th line out of 2500 rows of DP table...
2022-01-04 21:39:34,857 - root - DEBUG - Processing 1690-th line out of 2500 rows of DP table...
2022-01-04 21:39:35,140 - root - DEBUG - Processing 1700-th line out of 2500 rows of DP table...
2022-01-04 21:39:35,415 - root - DEBUG - Processing 1710-th line out of 2500 rows of DP table...
2022-01-04 21:39:35,689 - root - DEBUG - Processing 1720-th line out of 2500 rows of DP table...
2022-01-04 21:39:35,958 - root - DEBUG - Processing 1730-th line out of 2500 rows of DP table...
2022-01-04 21:39:36,229 - root - DEBUG - Processing 1740-th line out of 2500 rows of DP table...
2022-01-04 21:39:36,492 - root - DEBUG - Processing 1750-th line out of 2500 rows of DP table...
2022-01-04 21:39:36,750 - root - DEBUG - Processing 1760-th line out of 2500 rows of DP table...
2022-01-04 21:39:37,011 - root - DEBUG - Processing 1770-th line out of 2500 rows of DP table...
2022-01-04 21:39:37,270 - root - DEBUG - Processing 1780-th line out of 2500 rows of DP table...
2022-01-04 21:39:37,519 - root - DEBUG - Processing 1790-th line out of 2500 rows of DP table...
2022-01-04 21:39:37,764 - root - DEBUG - Processing 1800-th line out of 2500 rows of DP table...
2022-01-04 21:39:38,008 - root - DEBUG - Processing 1810-th line out of 2500 rows of DP table...
2022-01-04 21:39:38,248 - root - DEBUG - Processing 1820-th line out of 2500 rows of DP table...
2022-01-04 21:39:38,490 - root - DEBUG - Processing 1830-th line out of 2500 rows of DP table...
2022-01-04 21:39:38,727 - root - DEBUG - Processing 1840-th line out of 2500 rows of DP table...
2022-01-04 21:39:38,958 - root - DEBUG - Processing 1850-th line out of 2500 rows of DP table...
2022-01-04 21:39:39,184 - root - DEBUG - Processing 1860-th line out of 2500 rows of DP table...
2022-01-04 21:39:39,408 - root - DEBUG - Processing 1870-th line out of 2500 rows of DP table...
2022-01-04 21:39:39,634 - root - DEBUG - Processing 1880-th line out of 2500 rows of DP table...
2022-01-04 21:39:39,849 - root - DEBUG - Processing 1890-th line out of 2500 rows of DP table...
2022-01-04 21:39:40,063 - root - DEBUG - Processing 1900-th line out of 2500 rows of DP table...
2022-01-04 21:39:40,273 - root - DEBUG - Processing 1910-th line out of 2500 rows of DP table...
2022-01-04 21:39:40,479 - root - DEBUG - Processing 1920-th line out of 2500 rows of DP table...
2022-01-04 21:39:40,688 - root - DEBUG - Processing 1930-th line out of 2500 rows of DP table...
2022-01-04 21:39:40,887 - root - DEBUG - Processing 1940-th line out of 2500 rows of DP table...
2022-01-04 21:39:41,088 - root - DEBUG - Processing 1950-th line out of 2500 rows of DP table...
2022-01-04 21:39:41,333 - root - DEBUG - Processing 1960-th line out of 2500 rows of DP table...
2022-01-04 21:39:41,523 - root - DEBUG - Processing 1970-th line out of 2500 rows of DP table...
2022-01-04 21:39:41,709 - root - DEBUG - Processing 1980-th line out of 2500 rows of DP table...
2022-01-04 21:39:41,896 - root - DEBUG - Processing 1990-th line out of 2500 rows of DP table...
2022-01-04 21:39:42,075 - root - DEBUG - Processing 2000-th line out of 2500 rows of DP table...
2022-01-04 21:39:42,251 - root - DEBUG - Processing 2010-th line out of 2500 rows of DP table...
2022-01-04 21:39:42,423 - root - DEBUG - Processing 2020-th line out of 2500 rows of DP table...
2022-01-04 21:39:42,591 - root - DEBUG - Processing 2030-th line out of 2500 rows of DP table...
2022-01-04 21:39:42,758 - root - DEBUG - Processing 2040-th line out of 2500 rows of DP table...
2022-01-04 21:39:42,926 - root - DEBUG - Processing 2050-th line out of 2500 rows of DP table...
2022-01-04 21:39:43,085 - root - DEBUG - Processing 2060-th line out of 2500 rows of DP table...
2022-01-04 21:39:43,252 - root - DEBUG - Processing 2070-th line out of 2500 rows of DP table...
2022-01-04 21:39:43,405 - root - DEBUG - Processing 2080-th line out of 2500 rows of DP table...
2022-01-04 21:39:43,554 - root - DEBUG - Processing 2090-th line out of 2500 rows of DP table...
2022-01-04 21:39:43,701 - root - DEBUG - Processing 2100-th line out of 2500 rows of DP table...
2022-01-04 21:39:43,843 - root - DEBUG - Processing 2110-th line out of 2500 rows of DP table...
2022-01-04 21:39:43,982 - root - DEBUG - Processing 2120-th line out of 2500 rows of DP table...
2022-01-04 21:39:44,124 - root - DEBUG - Processing 2130-th line out of 2500 rows of DP table...
2022-01-04 21:39:44,257 - root - DEBUG - Processing 2140-th line out of 2500 rows of DP table...
2022-01-04 21:39:44,387 - root - DEBUG - Processing 2150-th line out of 2500 rows of DP table...
2022-01-04 21:39:44,513 - root - DEBUG - Processing 2160-th line out of 2500 rows of DP table...
2022-01-04 21:39:44,636 - root - DEBUG - Processing 2170-th line out of 2500 rows of DP table...
2022-01-04 21:39:44,756 - root - DEBUG - Processing 2180-th line out of 2500 rows of DP table...
2022-01-04 21:39:44,873 - root - DEBUG - Processing 2190-th line out of 2500 rows of DP table...
2022-01-04 21:39:44,986 - root - DEBUG - Processing 2200-th line out of 2500 rows of DP table...
2022-01-04 21:39:45,097 - root - DEBUG - Processing 2210-th line out of 2500 rows of DP table...
2022-01-04 21:39:45,209 - root - DEBUG - Processing 2220-th line out of 2500 rows of DP table...
2022-01-04 21:39:45,315 - root - DEBUG - Processing 2230-th line out of 2500 rows of DP table...
2022-01-04 21:39:45,416 - root - DEBUG - Processing 2240-th line out of 2500 rows of DP table...
2022-01-04 21:39:45,512 - root - DEBUG - Processing 2250-th line out of 2500 rows of DP table...
2022-01-04 21:39:45,605 - root - DEBUG - Processing 2260-th line out of 2500 rows of DP table...
2022-01-04 21:39:45,695 - root - DEBUG - Processing 2270-th line out of 2500 rows of DP table...
2022-01-04 21:39:45,782 - root - DEBUG - Processing 2280-th line out of 2500 rows of DP table...
2022-01-04 21:39:45,865 - root - DEBUG - Processing 2290-th line out of 2500 rows of DP table...
2022-01-04 21:39:45,945 - root - DEBUG - Processing 2300-th line out of 2500 rows of DP table...
2022-01-04 21:39:46,021 - root - DEBUG - Processing 2310-th line out of 2500 rows of DP table...
2022-01-04 21:39:46,095 - root - DEBUG - Processing 2320-th line out of 2500 rows of DP table...
2022-01-04 21:39:46,165 - root - DEBUG - Processing 2330-th line out of 2500 rows of DP table...
2022-01-04 21:39:46,232 - root - DEBUG - Processing 2340-th line out of 2500 rows of DP table...
2022-01-04 21:39:46,296 - root - DEBUG - Processing 2350-th line out of 2500 rows of DP table...
2022-01-04 21:39:46,362 - root - DEBUG - Processing 2360-th line out of 2500 rows of DP table...
2022-01-04 21:39:46,419 - root - DEBUG - Processing 2370-th line out of 2500 rows of DP table...
2022-01-04 21:39:46,545 - root - DEBUG - Processing 2380-th line out of 2500 rows of DP table...
2022-01-04 21:39:46,645 - root - DEBUG - Processing 2390-th line out of 2500 rows of DP table...
2022-01-04 21:39:46,739 - root - DEBUG - Processing 2400-th line out of 2500 rows of DP table...
2022-01-04 21:39:46,825 - root - DEBUG - Processing 2410-th line out of 2500 rows of DP table...
2022-01-04 21:39:46,889 - root - DEBUG - Processing 2420-th line out of 2500 rows of DP table...
2022-01-04 21:39:46,927 - root - DEBUG - Processing 2430-th line out of 2500 rows of DP table...
2022-01-04 21:39:46,962 - root - DEBUG - Processing 2440-th line out of 2500 rows of DP table...
2022-01-04 21:39:46,993 - root - DEBUG - Processing 2450-th line out of 2500 rows of DP table...
2022-01-04 21:39:47,020 - root - DEBUG - Processing 2460-th line out of 2500 rows of DP table...
2022-01-04 21:39:47,044 - root - DEBUG - Processing 2470-th line out of 2500 rows of DP table...
2022-01-04 21:39:47,066 - root - DEBUG - Processing 2480-th line out of 2500 rows of DP table...
2022-01-04 21:39:47,084 - root - DEBUG - Processing 2490-th line out of 2500 rows of DP table...
2022-01-04 21:39:47,098 - root - DEBUG - Processing 2500-th line out of 2500 rows of DP table...
2022-01-04 21:39:47,112 - root - DEBUG - Started computing joint logprobs...
