2022-01-04 21:56:36,227 - root - INFO - Loading reference interval set from '211227-2-sim/g24_0.ref.tsv'...
2022-01-04 21:56:36,244 - root - INFO - Loading query interval set from '211227-2-sim/g24_0.query.tsv'...
2022-01-04 21:56:36,276 - root - INFO - Loading chromosome sizes from '211227-2-sim/g24_sizes.tsv'...
2022-01-04 21:56:36,283 - root - INFO - Number of reference intervals: 2500 (2500 before merging)
2022-01-04 21:56:36,284 - root - INFO - Number of query intervals: 5000 (5000 before merging)
2022-01-04 21:56:36,285 - root - INFO - Number of chromosomes: 1
2022-01-04 21:56:36,295 - root - INFO - Overlap count: 2034
2022-01-04 21:56:36,296 - root - DEBUG - Started computing sf for chromosome 'chr1'...
2022-01-04 21:56:36,298 - root - DEBUG - m=2500, n=5000
2022-01-04 21:56:37,123 - root - DEBUG - Processing 10-th line out of 2500 rows of DP table...
2022-01-04 21:56:37,991 - root - DEBUG - Processing 20-th line out of 2500 rows of DP table...
2022-01-04 21:56:38,867 - root - DEBUG - Processing 30-th line out of 2500 rows of DP table...
2022-01-04 21:56:39,736 - root - DEBUG - Processing 40-th line out of 2500 rows of DP table...
2022-01-04 21:56:40,600 - root - DEBUG - Processing 50-th line out of 2500 rows of DP table...
2022-01-04 21:56:41,460 - root - DEBUG - Processing 60-th line out of 2500 rows of DP table...
2022-01-04 21:56:42,313 - root - DEBUG - Processing 70-th line out of 2500 rows of DP table...
2022-01-04 21:56:43,168 - root - DEBUG - Processing 80-th line out of 2500 rows of DP table...
2022-01-04 21:56:44,024 - root - DEBUG - Processing 90-th line out of 2500 rows of DP table...
2022-01-04 21:56:44,875 - root - DEBUG - Processing 100-th line out of 2500 rows of DP table...
2022-01-04 21:56:45,715 - root - DEBUG - Processing 110-th line out of 2500 rows of DP table...
2022-01-04 21:56:46,561 - root - DEBUG - Processing 120-th line out of 2500 rows of DP table...
2022-01-04 21:56:47,398 - root - DEBUG - Processing 130-th line out of 2500 rows of DP table...
2022-01-04 21:56:48,231 - root - DEBUG - Processing 140-th line out of 2500 rows of DP table...
2022-01-04 21:56:49,070 - root - DEBUG - Processing 150-th line out of 2500 rows of DP table...
2022-01-04 21:56:49,902 - root - DEBUG - Processing 160-th line out of 2500 rows of DP table...
2022-01-04 21:56:50,736 - root - DEBUG - Processing 170-th line out of 2500 rows of DP table...
2022-01-04 21:56:51,546 - root - DEBUG - Processing 180-th line out of 2500 rows of DP table...
2022-01-04 21:56:52,364 - root - DEBUG - Processing 190-th line out of 2500 rows of DP table...
2022-01-04 21:56:53,175 - root - DEBUG - Processing 200-th line out of 2500 rows of DP table...
2022-01-04 21:56:53,987 - root - DEBUG - Processing 210-th line out of 2500 rows of DP table...
2022-01-04 21:56:54,798 - root - DEBUG - Processing 220-th line out of 2500 rows of DP table...
2022-01-04 21:56:55,612 - root - DEBUG - Processing 230-th line out of 2500 rows of DP table...
2022-01-04 21:56:56,421 - root - DEBUG - Processing 240-th line out of 2500 rows of DP table...
2022-01-04 21:56:57,211 - root - DEBUG - Processing 250-th line out of 2500 rows of DP table...
2022-01-04 21:56:58,011 - root - DEBUG - Processing 260-th line out of 2500 rows of DP table...
2022-01-04 21:56:58,802 - root - DEBUG - Processing 270-th line out of 2500 rows of DP table...
2022-01-04 21:56:59,582 - root - DEBUG - Processing 280-th line out of 2500 rows of DP table...
2022-01-04 21:57:00,362 - root - DEBUG - Processing 290-th line out of 2500 rows of DP table...
2022-01-04 21:57:01,149 - root - DEBUG - Processing 300-th line out of 2500 rows of DP table...
2022-01-04 21:57:01,919 - root - DEBUG - Processing 310-th line out of 2500 rows of DP table...
2022-01-04 21:57:02,688 - root - DEBUG - Processing 320-th line out of 2500 rows of DP table...
2022-01-04 21:57:03,456 - root - DEBUG - Processing 330-th line out of 2500 rows of DP table...
2022-01-04 21:57:04,225 - root - DEBUG - Processing 340-th line out of 2500 rows of DP table...
2022-01-04 21:57:04,981 - root - DEBUG - Processing 350-th line out of 2500 rows of DP table...
2022-01-04 21:57:05,739 - root - DEBUG - Processing 360-th line out of 2500 rows of DP table...
2022-01-04 21:57:06,493 - root - DEBUG - Processing 370-th line out of 2500 rows of DP table...
2022-01-04 21:57:07,239 - root - DEBUG - Processing 380-th line out of 2500 rows of DP table...
2022-01-04 21:57:07,990 - root - DEBUG - Processing 390-th line out of 2500 rows of DP table...
2022-01-04 21:57:08,733 - root - DEBUG - Processing 400-th line out of 2500 rows of DP table...
2022-01-04 21:57:09,479 - root - DEBUG - Processing 410-th line out of 2500 rows of DP table...
2022-01-04 21:57:10,221 - root - DEBUG - Processing 420-th line out of 2500 rows of DP table...
2022-01-04 21:57:10,953 - root - DEBUG - Processing 430-th line out of 2500 rows of DP table...
2022-01-04 21:57:11,682 - root - DEBUG - Processing 440-th line out of 2500 rows of DP table...
2022-01-04 21:57:12,409 - root - DEBUG - Processing 450-th line out of 2500 rows of DP table...
2022-01-04 21:57:13,140 - root - DEBUG - Processing 460-th line out of 2500 rows of DP table...
2022-01-04 21:57:13,858 - root - DEBUG - Processing 470-th line out of 2500 rows of DP table...
2022-01-04 21:57:14,572 - root - DEBUG - Processing 480-th line out of 2500 rows of DP table...
2022-01-04 21:57:15,363 - root - DEBUG - Processing 490-th line out of 2500 rows of DP table...
2022-01-04 21:57:16,070 - root - DEBUG - Processing 500-th line out of 2500 rows of DP table...
2022-01-04 21:57:16,782 - root - DEBUG - Processing 510-th line out of 2500 rows of DP table...
2022-01-04 21:57:17,488 - root - DEBUG - Processing 520-th line out of 2500 rows of DP table...
2022-01-04 21:57:18,185 - root - DEBUG - Processing 530-th line out of 2500 rows of DP table...
2022-01-04 21:57:18,888 - root - DEBUG - Processing 540-th line out of 2500 rows of DP table...
2022-01-04 21:57:19,580 - root - DEBUG - Processing 550-th line out of 2500 rows of DP table...
2022-01-04 21:57:20,315 - root - DEBUG - Processing 560-th line out of 2500 rows of DP table...
2022-01-04 21:57:20,992 - root - DEBUG - Processing 570-th line out of 2500 rows of DP table...
2022-01-04 21:57:21,674 - root - DEBUG - Processing 580-th line out of 2500 rows of DP table...
2022-01-04 21:57:22,348 - root - DEBUG - Processing 590-th line out of 2500 rows of DP table...
2022-01-04 21:57:23,021 - root - DEBUG - Processing 600-th line out of 2500 rows of DP table...
2022-01-04 21:57:23,693 - root - DEBUG - Processing 610-th line out of 2500 rows of DP table...
2022-01-04 21:57:24,357 - root - DEBUG - Processing 620-th line out of 2500 rows of DP table...
2022-01-04 21:57:25,021 - root - DEBUG - Processing 630-th line out of 2500 rows of DP table...
2022-01-04 21:57:25,680 - root - DEBUG - Processing 640-th line out of 2500 rows of DP table...
2022-01-04 21:57:26,346 - root - DEBUG - Processing 650-th line out of 2500 rows of DP table...
2022-01-04 21:57:26,991 - root - DEBUG - Processing 660-th line out of 2500 rows of DP table...
2022-01-04 21:57:27,645 - root - DEBUG - Processing 670-th line out of 2500 rows of DP table...
2022-01-04 21:57:28,296 - root - DEBUG - Processing 680-th line out of 2500 rows of DP table...
2022-01-04 21:57:28,939 - root - DEBUG - Processing 690-th line out of 2500 rows of DP table...
2022-01-04 21:57:29,583 - root - DEBUG - Processing 700-th line out of 2500 rows of DP table...
2022-01-04 21:57:30,217 - root - DEBUG - Processing 710-th line out of 2500 rows of DP table...
2022-01-04 21:57:30,848 - root - DEBUG - Processing 720-th line out of 2500 rows of DP table...
2022-01-04 21:57:31,474 - root - DEBUG - Processing 730-th line out of 2500 rows of DP table...
2022-01-04 21:57:32,098 - root - DEBUG - Processing 740-th line out of 2500 rows of DP table...
2022-01-04 21:57:32,715 - root - DEBUG - Processing 750-th line out of 2500 rows of DP table...
2022-01-04 21:57:33,348 - root - DEBUG - Processing 760-th line out of 2500 rows of DP table...
2022-01-04 21:57:33,963 - root - DEBUG - Processing 770-th line out of 2500 rows of DP table...
2022-01-04 21:57:34,730 - root - DEBUG - Processing 780-th line out of 2500 rows of DP table...
2022-01-04 21:57:35,339 - root - DEBUG - Processing 790-th line out of 2500 rows of DP table...
2022-01-04 21:57:35,940 - root - DEBUG - Processing 800-th line out of 2500 rows of DP table...
2022-01-04 21:57:36,543 - root - DEBUG - Processing 810-th line out of 2500 rows of DP table...
2022-01-04 21:57:37,134 - root - DEBUG - Processing 820-th line out of 2500 rows of DP table...
2022-01-04 21:57:37,730 - root - DEBUG - Processing 830-th line out of 2500 rows of DP table...
2022-01-04 21:57:38,316 - root - DEBUG - Processing 840-th line out of 2500 rows of DP table...
2022-01-04 21:57:38,916 - root - DEBUG - Processing 850-th line out of 2500 rows of DP table...
2022-01-04 21:57:39,495 - root - DEBUG - Processing 860-th line out of 2500 rows of DP table...
2022-01-04 21:57:40,075 - root - DEBUG - Processing 870-th line out of 2500 rows of DP table...
2022-01-04 21:57:40,671 - root - DEBUG - Processing 880-th line out of 2500 rows of DP table...
2022-01-04 21:57:41,247 - root - DEBUG - Processing 890-th line out of 2500 rows of DP table...
2022-01-04 21:57:41,811 - root - DEBUG - Processing 900-th line out of 2500 rows of DP table...
2022-01-04 21:57:42,378 - root - DEBUG - Processing 910-th line out of 2500 rows of DP table...
2022-01-04 21:57:42,940 - root - DEBUG - Processing 920-th line out of 2500 rows of DP table...
2022-01-04 21:57:43,502 - root - DEBUG - Processing 930-th line out of 2500 rows of DP table...
2022-01-04 21:57:44,059 - root - DEBUG - Processing 940-th line out of 2500 rows of DP table...
2022-01-04 21:57:44,612 - root - DEBUG - Processing 950-th line out of 2500 rows of DP table...
2022-01-04 21:57:45,165 - root - DEBUG - Processing 960-th line out of 2500 rows of DP table...
2022-01-04 21:57:45,713 - root - DEBUG - Processing 970-th line out of 2500 rows of DP table...
2022-01-04 21:57:46,254 - root - DEBUG - Processing 980-th line out of 2500 rows of DP table...
2022-01-04 21:57:46,797 - root - DEBUG - Processing 990-th line out of 2500 rows of DP table...
2022-01-04 21:57:47,330 - root - DEBUG - Processing 1000-th line out of 2500 rows of DP table...
2022-01-04 21:57:47,866 - root - DEBUG - Processing 1010-th line out of 2500 rows of DP table...
2022-01-04 21:57:48,393 - root - DEBUG - Processing 1020-th line out of 2500 rows of DP table...
2022-01-04 21:57:48,923 - root - DEBUG - Processing 1030-th line out of 2500 rows of DP table...
2022-01-04 21:57:49,464 - root - DEBUG - Processing 1040-th line out of 2500 rows of DP table...
2022-01-04 21:57:49,980 - root - DEBUG - Processing 1050-th line out of 2500 rows of DP table...
2022-01-04 21:57:50,492 - root - DEBUG - Processing 1060-th line out of 2500 rows of DP table...
2022-01-04 21:57:51,000 - root - DEBUG - Processing 1070-th line out of 2500 rows of DP table...
2022-01-04 21:57:51,514 - root - DEBUG - Processing 1080-th line out of 2500 rows of DP table...
2022-01-04 21:57:52,014 - root - DEBUG - Processing 1090-th line out of 2500 rows of DP table...
2022-01-04 21:57:52,523 - root - DEBUG - Processing 1100-th line out of 2500 rows of DP table...
2022-01-04 21:57:53,019 - root - DEBUG - Processing 1110-th line out of 2500 rows of DP table...
2022-01-04 21:57:53,518 - root - DEBUG - Processing 1120-th line out of 2500 rows of DP table...
2022-01-04 21:57:54,007 - root - DEBUG - Processing 1130-th line out of 2500 rows of DP table...
2022-01-04 21:57:54,496 - root - DEBUG - Processing 1140-th line out of 2500 rows of DP table...
2022-01-04 21:57:54,979 - root - DEBUG - Processing 1150-th line out of 2500 rows of DP table...
2022-01-04 21:57:55,457 - root - DEBUG - Processing 1160-th line out of 2500 rows of DP table...
2022-01-04 21:57:55,938 - root - DEBUG - Processing 1170-th line out of 2500 rows of DP table...
2022-01-04 21:57:56,409 - root - DEBUG - Processing 1180-th line out of 2500 rows of DP table...
2022-01-04 21:57:56,882 - root - DEBUG - Processing 1190-th line out of 2500 rows of DP table...
2022-01-04 21:57:57,344 - root - DEBUG - Processing 1200-th line out of 2500 rows of DP table...
2022-01-04 21:57:57,809 - root - DEBUG - Processing 1210-th line out of 2500 rows of DP table...
2022-01-04 21:57:58,275 - root - DEBUG - Processing 1220-th line out of 2500 rows of DP table...
2022-01-04 21:57:58,730 - root - DEBUG - Processing 1230-th line out of 2500 rows of DP table...
2022-01-04 21:57:59,187 - root - DEBUG - Processing 1240-th line out of 2500 rows of DP table...
2022-01-04 21:57:59,637 - root - DEBUG - Processing 1250-th line out of 2500 rows of DP table...
2022-01-04 21:58:00,079 - root - DEBUG - Processing 1260-th line out of 2500 rows of DP table...
2022-01-04 21:58:00,534 - root - DEBUG - Processing 1270-th line out of 2500 rows of DP table...
2022-01-04 21:58:00,969 - root - DEBUG - Processing 1280-th line out of 2500 rows of DP table...
2022-01-04 21:58:01,410 - root - DEBUG - Processing 1290-th line out of 2500 rows of DP table...
2022-01-04 21:58:01,843 - root - DEBUG - Processing 1300-th line out of 2500 rows of DP table...
2022-01-04 21:58:02,266 - root - DEBUG - Processing 1310-th line out of 2500 rows of DP table...
2022-01-04 21:58:02,694 - root - DEBUG - Processing 1320-th line out of 2500 rows of DP table...
2022-01-04 21:58:03,115 - root - DEBUG - Processing 1330-th line out of 2500 rows of DP table...
2022-01-04 21:58:03,530 - root - DEBUG - Processing 1340-th line out of 2500 rows of DP table...
2022-01-04 21:58:04,120 - root - DEBUG - Processing 1350-th line out of 2500 rows of DP table...
2022-01-04 21:58:04,531 - root - DEBUG - Processing 1360-th line out of 2500 rows of DP table...
2022-01-04 21:58:04,942 - root - DEBUG - Processing 1370-th line out of 2500 rows of DP table...
2022-01-04 21:58:05,346 - root - DEBUG - Processing 1380-th line out of 2500 rows of DP table...
2022-01-04 21:58:05,818 - root - DEBUG - Processing 1390-th line out of 2500 rows of DP table...
2022-01-04 21:58:06,299 - root - DEBUG - Processing 1400-th line out of 2500 rows of DP table...
2022-01-04 21:58:06,806 - root - DEBUG - Processing 1410-th line out of 2500 rows of DP table...
2022-01-04 21:58:07,198 - root - DEBUG - Processing 1420-th line out of 2500 rows of DP table...
2022-01-04 21:58:07,581 - root - DEBUG - Processing 1430-th line out of 2500 rows of DP table...
2022-01-04 21:58:07,963 - root - DEBUG - Processing 1440-th line out of 2500 rows of DP table...
2022-01-04 21:58:08,353 - root - DEBUG - Processing 1450-th line out of 2500 rows of DP table...
2022-01-04 21:58:08,728 - root - DEBUG - Processing 1460-th line out of 2500 rows of DP table...
2022-01-04 21:58:09,098 - root - DEBUG - Processing 1470-th line out of 2500 rows of DP table...
2022-01-04 21:58:09,468 - root - DEBUG - Processing 1480-th line out of 2500 rows of DP table...
2022-01-04 21:58:09,833 - root - DEBUG - Processing 1490-th line out of 2500 rows of DP table...
2022-01-04 21:58:10,193 - root - DEBUG - Processing 1500-th line out of 2500 rows of DP table...
2022-01-04 21:58:10,550 - root - DEBUG - Processing 1510-th line out of 2500 rows of DP table...
2022-01-04 21:58:10,911 - root - DEBUG - Processing 1520-th line out of 2500 rows of DP table...
2022-01-04 21:58:11,261 - root - DEBUG - Processing 1530-th line out of 2500 rows of DP table...
2022-01-04 21:58:11,608 - root - DEBUG - Processing 1540-th line out of 2500 rows of DP table...
2022-01-04 21:58:11,960 - root - DEBUG - Processing 1550-th line out of 2500 rows of DP table...
2022-01-04 21:58:12,300 - root - DEBUG - Processing 1560-th line out of 2500 rows of DP table...
2022-01-04 21:58:12,640 - root - DEBUG - Processing 1570-th line out of 2500 rows of DP table...
2022-01-04 21:58:12,979 - root - DEBUG - Processing 1580-th line out of 2500 rows of DP table...
2022-01-04 21:58:13,310 - root - DEBUG - Processing 1590-th line out of 2500 rows of DP table...
2022-01-04 21:58:13,637 - root - DEBUG - Processing 1600-th line out of 2500 rows of DP table...
2022-01-04 21:58:13,958 - root - DEBUG - Processing 1610-th line out of 2500 rows of DP table...
2022-01-04 21:58:14,284 - root - DEBUG - Processing 1620-th line out of 2500 rows of DP table...
2022-01-04 21:58:14,601 - root - DEBUG - Processing 1630-th line out of 2500 rows of DP table...
2022-01-04 21:58:14,914 - root - DEBUG - Processing 1640-th line out of 2500 rows of DP table...
2022-01-04 21:58:15,230 - root - DEBUG - Processing 1650-th line out of 2500 rows of DP table...
2022-01-04 21:58:15,582 - root - DEBUG - Processing 1660-th line out of 2500 rows of DP table...
2022-01-04 21:58:15,886 - root - DEBUG - Processing 1670-th line out of 2500 rows of DP table...
2022-01-04 21:58:16,187 - root - DEBUG - Processing 1680-th line out of 2500 rows of DP table...
2022-01-04 21:58:16,493 - root - DEBUG - Processing 1690-th line out of 2500 rows of DP table...
2022-01-04 21:58:16,784 - root - DEBUG - Processing 1700-th line out of 2500 rows of DP table...
2022-01-04 21:58:17,074 - root - DEBUG - Processing 1710-th line out of 2500 rows of DP table...
2022-01-04 21:58:17,358 - root - DEBUG - Processing 1720-th line out of 2500 rows of DP table...
2022-01-04 21:58:17,646 - root - DEBUG - Processing 1730-th line out of 2500 rows of DP table...
2022-01-04 21:58:17,927 - root - DEBUG - Processing 1740-th line out of 2500 rows of DP table...
2022-01-04 21:58:18,204 - root - DEBUG - Processing 1750-th line out of 2500 rows of DP table...
2022-01-04 21:58:18,475 - root - DEBUG - Processing 1760-th line out of 2500 rows of DP table...
2022-01-04 21:58:18,753 - root - DEBUG - Processing 1770-th line out of 2500 rows of DP table...
2022-01-04 21:58:19,019 - root - DEBUG - Processing 1780-th line out of 2500 rows of DP table...
2022-01-04 21:58:19,281 - root - DEBUG - Processing 1790-th line out of 2500 rows of DP table...
2022-01-04 21:58:19,539 - root - DEBUG - Processing 1800-th line out of 2500 rows of DP table...
2022-01-04 21:58:19,800 - root - DEBUG - Processing 1810-th line out of 2500 rows of DP table...
2022-01-04 21:58:20,051 - root - DEBUG - Processing 1820-th line out of 2500 rows of DP table...
2022-01-04 21:58:20,300 - root - DEBUG - Processing 1830-th line out of 2500 rows of DP table...
2022-01-04 21:58:20,545 - root - DEBUG - Processing 1840-th line out of 2500 rows of DP table...
2022-01-04 21:58:20,797 - root - DEBUG - Processing 1850-th line out of 2500 rows of DP table...
2022-01-04 21:58:21,042 - root - DEBUG - Processing 1860-th line out of 2500 rows of DP table...
2022-01-04 21:58:21,276 - root - DEBUG - Processing 1870-th line out of 2500 rows of DP table...
2022-01-04 21:58:21,507 - root - DEBUG - Processing 1880-th line out of 2500 rows of DP table...
2022-01-04 21:58:21,734 - root - DEBUG - Processing 1890-th line out of 2500 rows of DP table...
2022-01-04 21:58:21,959 - root - DEBUG - Processing 1900-th line out of 2500 rows of DP table...
2022-01-04 21:58:22,186 - root - DEBUG - Processing 1910-th line out of 2500 rows of DP table...
2022-01-04 21:58:22,402 - root - DEBUG - Processing 1920-th line out of 2500 rows of DP table...
2022-01-04 21:58:22,616 - root - DEBUG - Processing 1930-th line out of 2500 rows of DP table...
2022-01-04 21:58:22,835 - root - DEBUG - Processing 1940-th line out of 2500 rows of DP table...
2022-01-04 21:58:23,056 - root - DEBUG - Processing 1950-th line out of 2500 rows of DP table...
2022-01-04 21:58:23,265 - root - DEBUG - Processing 1960-th line out of 2500 rows of DP table...
2022-01-04 21:58:23,466 - root - DEBUG - Processing 1970-th line out of 2500 rows of DP table...
2022-01-04 21:58:23,663 - root - DEBUG - Processing 1980-th line out of 2500 rows of DP table...
2022-01-04 21:58:23,857 - root - DEBUG - Processing 1990-th line out of 2500 rows of DP table...
2022-01-04 21:58:24,048 - root - DEBUG - Processing 2000-th line out of 2500 rows of DP table...
2022-01-04 21:58:24,234 - root - DEBUG - Processing 2010-th line out of 2500 rows of DP table...
2022-01-04 21:58:24,424 - root - DEBUG - Processing 2020-th line out of 2500 rows of DP table...
2022-01-04 21:58:24,605 - root - DEBUG - Processing 2030-th line out of 2500 rows of DP table...
2022-01-04 21:58:24,782 - root - DEBUG - Processing 2040-th line out of 2500 rows of DP table...
2022-01-04 21:58:24,967 - root - DEBUG - Processing 2050-th line out of 2500 rows of DP table...
2022-01-04 21:58:25,137 - root - DEBUG - Processing 2060-th line out of 2500 rows of DP table...
2022-01-04 21:58:25,304 - root - DEBUG - Processing 2070-th line out of 2500 rows of DP table...
2022-01-04 21:58:25,474 - root - DEBUG - Processing 2080-th line out of 2500 rows of DP table...
2022-01-04 21:58:25,634 - root - DEBUG - Processing 2090-th line out of 2500 rows of DP table...
2022-01-04 21:58:25,791 - root - DEBUG - Processing 2100-th line out of 2500 rows of DP table...
2022-01-04 21:58:25,944 - root - DEBUG - Processing 2110-th line out of 2500 rows of DP table...
2022-01-04 21:58:26,094 - root - DEBUG - Processing 2120-th line out of 2500 rows of DP table...
2022-01-04 21:58:26,242 - root - DEBUG - Processing 2130-th line out of 2500 rows of DP table...
2022-01-04 21:58:26,385 - root - DEBUG - Processing 2140-th line out of 2500 rows of DP table...
2022-01-04 21:58:26,526 - root - DEBUG - Processing 2150-th line out of 2500 rows of DP table...
2022-01-04 21:58:26,668 - root - DEBUG - Processing 2160-th line out of 2500 rows of DP table...
2022-01-04 21:58:26,800 - root - DEBUG - Processing 2170-th line out of 2500 rows of DP table...
2022-01-04 21:58:26,929 - root - DEBUG - Processing 2180-th line out of 2500 rows of DP table...
2022-01-04 21:58:27,059 - root - DEBUG - Processing 2190-th line out of 2500 rows of DP table...
2022-01-04 21:58:27,182 - root - DEBUG - Processing 2200-th line out of 2500 rows of DP table...
2022-01-04 21:58:27,301 - root - DEBUG - Processing 2210-th line out of 2500 rows of DP table...
2022-01-04 21:58:27,415 - root - DEBUG - Processing 2220-th line out of 2500 rows of DP table...
2022-01-04 21:58:27,527 - root - DEBUG - Processing 2230-th line out of 2500 rows of DP table...
2022-01-04 21:58:27,635 - root - DEBUG - Processing 2240-th line out of 2500 rows of DP table...
2022-01-04 21:58:27,739 - root - DEBUG - Processing 2250-th line out of 2500 rows of DP table...
2022-01-04 21:58:27,846 - root - DEBUG - Processing 2260-th line out of 2500 rows of DP table...
2022-01-04 21:58:27,944 - root - DEBUG - Processing 2270-th line out of 2500 rows of DP table...
2022-01-04 21:58:28,038 - root - DEBUG - Processing 2280-th line out of 2500 rows of DP table...
2022-01-04 21:58:28,128 - root - DEBUG - Processing 2290-th line out of 2500 rows of DP table...
2022-01-04 21:58:28,215 - root - DEBUG - Processing 2300-th line out of 2500 rows of DP table...
2022-01-04 21:58:28,299 - root - DEBUG - Processing 2310-th line out of 2500 rows of DP table...
2022-01-04 21:58:28,379 - root - DEBUG - Processing 2320-th line out of 2500 rows of DP table...
2022-01-04 21:58:28,456 - root - DEBUG - Processing 2330-th line out of 2500 rows of DP table...
2022-01-04 21:58:28,529 - root - DEBUG - Processing 2340-th line out of 2500 rows of DP table...
2022-01-04 21:58:28,599 - root - DEBUG - Processing 2350-th line out of 2500 rows of DP table...
2022-01-04 21:58:28,665 - root - DEBUG - Processing 2360-th line out of 2500 rows of DP table...
2022-01-04 21:58:28,727 - root - DEBUG - Processing 2370-th line out of 2500 rows of DP table...
2022-01-04 21:58:28,787 - root - DEBUG - Processing 2380-th line out of 2500 rows of DP table...
2022-01-04 21:58:28,842 - root - DEBUG - Processing 2390-th line out of 2500 rows of DP table...
2022-01-04 21:58:28,895 - root - DEBUG - Processing 2400-th line out of 2500 rows of DP table...
2022-01-04 21:58:28,949 - root - DEBUG - Processing 2410-th line out of 2500 rows of DP table...
2022-01-04 21:58:28,995 - root - DEBUG - Processing 2420-th line out of 2500 rows of DP table...
2022-01-04 21:58:29,037 - root - DEBUG - Processing 2430-th line out of 2500 rows of DP table...
2022-01-04 21:58:29,075 - root - DEBUG - Processing 2440-th line out of 2500 rows of DP table...
2022-01-04 21:58:29,110 - root - DEBUG - Processing 2450-th line out of 2500 rows of DP table...
2022-01-04 21:58:29,142 - root - DEBUG - Processing 2460-th line out of 2500 rows of DP table...
2022-01-04 21:58:29,170 - root - DEBUG - Processing 2470-th line out of 2500 rows of DP table...
2022-01-04 21:58:29,195 - root - DEBUG - Processing 2480-th line out of 2500 rows of DP table...
2022-01-04 21:58:29,216 - root - DEBUG - Processing 2490-th line out of 2500 rows of DP table...
2022-01-04 21:58:29,234 - root - DEBUG - Processing 2500-th line out of 2500 rows of DP table...
2022-01-04 21:58:29,249 - root - DEBUG - Started computing joint logprobs...
