2022-01-04 20:48:00,729 - root - INFO - Loading reference interval set from '211227-2-sim/g24_1.ref.tsv'...
2022-01-04 20:48:00,747 - root - INFO - Loading query interval set from '211227-2-sim/g24_1.query.tsv'...
2022-01-04 20:48:00,767 - root - INFO - Loading chromosome sizes from '211227-2-sim/g24_sizes.tsv'...
2022-01-04 20:48:00,800 - root - INFO - Number of reference intervals: 2500 (2500 before merging)
2022-01-04 20:48:00,803 - root - INFO - Number of query intervals: 5000 (5000 before merging)
2022-01-04 20:48:00,804 - root - INFO - Number of chromosomes: 1
2022-01-04 20:48:00,816 - root - INFO - Overlap count: 2038
2022-01-04 20:48:00,818 - root - DEBUG - Started computing sf for chromosome 'chr1'...
2022-01-04 20:48:00,821 - root - DEBUG - m=2500, n=5000
2022-01-04 20:48:01,621 - root - DEBUG - Processing 10-th line out of 2500 rows of DP table...
2022-01-04 20:48:02,461 - root - DEBUG - Processing 20-th line out of 2500 rows of DP table...
2022-01-04 20:48:03,318 - root - DEBUG - Processing 30-th line out of 2500 rows of DP table...
2022-01-04 20:48:04,160 - root - DEBUG - Processing 40-th line out of 2500 rows of DP table...
2022-01-04 20:48:05,003 - root - DEBUG - Processing 50-th line out of 2500 rows of DP table...
2022-01-04 20:48:05,835 - root - DEBUG - Processing 60-th line out of 2500 rows of DP table...
2022-01-04 20:48:06,668 - root - DEBUG - Processing 70-th line out of 2500 rows of DP table...
2022-01-04 20:48:07,494 - root - DEBUG - Processing 80-th line out of 2500 rows of DP table...
2022-01-04 20:48:08,315 - root - DEBUG - Processing 90-th line out of 2500 rows of DP table...
2022-01-04 20:48:09,140 - root - DEBUG - Processing 100-th line out of 2500 rows of DP table...
2022-01-04 20:48:09,950 - root - DEBUG - Processing 110-th line out of 2500 rows of DP table...
2022-01-04 20:48:10,761 - root - DEBUG - Processing 120-th line out of 2500 rows of DP table...
2022-01-04 20:48:11,567 - root - DEBUG - Processing 130-th line out of 2500 rows of DP table...
2022-01-04 20:48:12,372 - root - DEBUG - Processing 140-th line out of 2500 rows of DP table...
2022-01-04 20:48:13,175 - root - DEBUG - Processing 150-th line out of 2500 rows of DP table...
2022-01-04 20:48:13,976 - root - DEBUG - Processing 160-th line out of 2500 rows of DP table...
2022-01-04 20:48:14,771 - root - DEBUG - Processing 170-th line out of 2500 rows of DP table...
2022-01-04 20:48:15,567 - root - DEBUG - Processing 180-th line out of 2500 rows of DP table...
2022-01-04 20:48:16,358 - root - DEBUG - Processing 190-th line out of 2500 rows of DP table...
2022-01-04 20:48:17,149 - root - DEBUG - Processing 200-th line out of 2500 rows of DP table...
2022-01-04 20:48:17,934 - root - DEBUG - Processing 210-th line out of 2500 rows of DP table...
2022-01-04 20:48:18,717 - root - DEBUG - Processing 220-th line out of 2500 rows of DP table...
2022-01-04 20:48:19,494 - root - DEBUG - Processing 230-th line out of 2500 rows of DP table...
2022-01-04 20:48:20,266 - root - DEBUG - Processing 240-th line out of 2500 rows of DP table...
2022-01-04 20:48:21,036 - root - DEBUG - Processing 250-th line out of 2500 rows of DP table...
2022-01-04 20:48:21,800 - root - DEBUG - Processing 260-th line out of 2500 rows of DP table...
2022-01-04 20:48:22,562 - root - DEBUG - Processing 270-th line out of 2500 rows of DP table...
2022-01-04 20:48:23,322 - root - DEBUG - Processing 280-th line out of 2500 rows of DP table...
2022-01-04 20:48:24,079 - root - DEBUG - Processing 290-th line out of 2500 rows of DP table...
2022-01-04 20:48:24,829 - root - DEBUG - Processing 300-th line out of 2500 rows of DP table...
2022-01-04 20:48:25,576 - root - DEBUG - Processing 310-th line out of 2500 rows of DP table...
2022-01-04 20:48:26,320 - root - DEBUG - Processing 320-th line out of 2500 rows of DP table...
2022-01-04 20:48:27,061 - root - DEBUG - Processing 330-th line out of 2500 rows of DP table...
2022-01-04 20:48:27,800 - root - DEBUG - Processing 340-th line out of 2500 rows of DP table...
2022-01-04 20:48:28,540 - root - DEBUG - Processing 350-th line out of 2500 rows of DP table...
2022-01-04 20:48:29,277 - root - DEBUG - Processing 360-th line out of 2500 rows of DP table...
2022-01-04 20:48:30,011 - root - DEBUG - Processing 370-th line out of 2500 rows of DP table...
2022-01-04 20:48:30,740 - root - DEBUG - Processing 380-th line out of 2500 rows of DP table...
2022-01-04 20:48:31,462 - root - DEBUG - Processing 390-th line out of 2500 rows of DP table...
2022-01-04 20:48:32,182 - root - DEBUG - Processing 400-th line out of 2500 rows of DP table...
2022-01-04 20:48:32,899 - root - DEBUG - Processing 410-th line out of 2500 rows of DP table...
2022-01-04 20:48:33,616 - root - DEBUG - Processing 420-th line out of 2500 rows of DP table...
2022-01-04 20:48:34,324 - root - DEBUG - Processing 430-th line out of 2500 rows of DP table...
2022-01-04 20:48:35,031 - root - DEBUG - Processing 440-th line out of 2500 rows of DP table...
2022-01-04 20:48:35,731 - root - DEBUG - Processing 450-th line out of 2500 rows of DP table...
2022-01-04 20:48:36,430 - root - DEBUG - Processing 460-th line out of 2500 rows of DP table...
2022-01-04 20:48:37,125 - root - DEBUG - Processing 470-th line out of 2500 rows of DP table...
2022-01-04 20:48:37,817 - root - DEBUG - Processing 480-th line out of 2500 rows of DP table...
2022-01-04 20:48:38,507 - root - DEBUG - Processing 490-th line out of 2500 rows of DP table...
2022-01-04 20:48:39,195 - root - DEBUG - Processing 500-th line out of 2500 rows of DP table...
2022-01-04 20:48:39,876 - root - DEBUG - Processing 510-th line out of 2500 rows of DP table...
2022-01-04 20:48:40,592 - root - DEBUG - Processing 520-th line out of 2500 rows of DP table...
2022-01-04 20:48:41,268 - root - DEBUG - Processing 530-th line out of 2500 rows of DP table...
2022-01-04 20:48:41,939 - root - DEBUG - Processing 540-th line out of 2500 rows of DP table...
2022-01-04 20:48:42,611 - root - DEBUG - Processing 550-th line out of 2500 rows of DP table...
2022-01-04 20:48:43,280 - root - DEBUG - Processing 560-th line out of 2500 rows of DP table...
2022-01-04 20:48:43,946 - root - DEBUG - Processing 570-th line out of 2500 rows of DP table...
2022-01-04 20:48:44,608 - root - DEBUG - Processing 580-th line out of 2500 rows of DP table...
2022-01-04 20:48:45,268 - root - DEBUG - Processing 590-th line out of 2500 rows of DP table...
2022-01-04 20:48:45,923 - root - DEBUG - Processing 600-th line out of 2500 rows of DP table...
2022-01-04 20:48:46,577 - root - DEBUG - Processing 610-th line out of 2500 rows of DP table...
2022-01-04 20:48:47,226 - root - DEBUG - Processing 620-th line out of 2500 rows of DP table...
2022-01-04 20:48:47,872 - root - DEBUG - Processing 630-th line out of 2500 rows of DP table...
2022-01-04 20:48:48,516 - root - DEBUG - Processing 640-th line out of 2500 rows of DP table...
2022-01-04 20:48:49,156 - root - DEBUG - Processing 650-th line out of 2500 rows of DP table...
2022-01-04 20:48:49,788 - root - DEBUG - Processing 660-th line out of 2500 rows of DP table...
2022-01-04 20:48:50,417 - root - DEBUG - Processing 670-th line out of 2500 rows of DP table...
2022-01-04 20:48:51,046 - root - DEBUG - Processing 680-th line out of 2500 rows of DP table...
2022-01-04 20:48:51,670 - root - DEBUG - Processing 690-th line out of 2500 rows of DP table...
2022-01-04 20:48:52,289 - root - DEBUG - Processing 700-th line out of 2500 rows of DP table...
2022-01-04 20:48:52,906 - root - DEBUG - Processing 710-th line out of 2500 rows of DP table...
2022-01-04 20:48:53,518 - root - DEBUG - Processing 720-th line out of 2500 rows of DP table...
2022-01-04 20:48:54,129 - root - DEBUG - Processing 730-th line out of 2500 rows of DP table...
2022-01-04 20:48:54,733 - root - DEBUG - Processing 740-th line out of 2500 rows of DP table...
2022-01-04 20:48:55,336 - root - DEBUG - Processing 750-th line out of 2500 rows of DP table...
2022-01-04 20:48:55,967 - root - DEBUG - Processing 760-th line out of 2500 rows of DP table...
2022-01-04 20:48:56,586 - root - DEBUG - Processing 770-th line out of 2500 rows of DP table...
2022-01-04 20:48:57,204 - root - DEBUG - Processing 780-th line out of 2500 rows of DP table...
2022-01-04 20:48:57,810 - root - DEBUG - Processing 790-th line out of 2500 rows of DP table...
2022-01-04 20:48:58,417 - root - DEBUG - Processing 800-th line out of 2500 rows of DP table...
2022-01-04 20:48:59,071 - root - DEBUG - Processing 810-th line out of 2500 rows of DP table...
2022-01-04 20:48:59,651 - root - DEBUG - Processing 820-th line out of 2500 rows of DP table...
2022-01-04 20:49:00,222 - root - DEBUG - Processing 830-th line out of 2500 rows of DP table...
2022-01-04 20:49:00,791 - root - DEBUG - Processing 840-th line out of 2500 rows of DP table...
2022-01-04 20:49:01,369 - root - DEBUG - Processing 850-th line out of 2500 rows of DP table...
2022-01-04 20:49:01,934 - root - DEBUG - Processing 860-th line out of 2500 rows of DP table...
2022-01-04 20:49:02,494 - root - DEBUG - Processing 870-th line out of 2500 rows of DP table...
2022-01-04 20:49:03,052 - root - DEBUG - Processing 880-th line out of 2500 rows of DP table...
2022-01-04 20:49:03,607 - root - DEBUG - Processing 890-th line out of 2500 rows of DP table...
2022-01-04 20:49:04,156 - root - DEBUG - Processing 900-th line out of 2500 rows of DP table...
2022-01-04 20:49:04,711 - root - DEBUG - Processing 910-th line out of 2500 rows of DP table...
2022-01-04 20:49:05,268 - root - DEBUG - Processing 920-th line out of 2500 rows of DP table...
2022-01-04 20:49:05,813 - root - DEBUG - Processing 930-th line out of 2500 rows of DP table...
2022-01-04 20:49:06,368 - root - DEBUG - Processing 940-th line out of 2500 rows of DP table...
2022-01-04 20:49:06,920 - root - DEBUG - Processing 950-th line out of 2500 rows of DP table...
2022-01-04 20:49:07,448 - root - DEBUG - Processing 960-th line out of 2500 rows of DP table...
2022-01-04 20:49:07,973 - root - DEBUG - Processing 970-th line out of 2500 rows of DP table...
2022-01-04 20:49:08,601 - root - DEBUG - Processing 980-th line out of 2500 rows of DP table...
2022-01-04 20:49:09,131 - root - DEBUG - Processing 990-th line out of 2500 rows of DP table...
2022-01-04 20:49:09,679 - root - DEBUG - Processing 1000-th line out of 2500 rows of DP table...
2022-01-04 20:49:10,207 - root - DEBUG - Processing 1010-th line out of 2500 rows of DP table...
2022-01-04 20:49:10,730 - root - DEBUG - Processing 1020-th line out of 2500 rows of DP table...
2022-01-04 20:49:11,258 - root - DEBUG - Processing 1030-th line out of 2500 rows of DP table...
2022-01-04 20:49:11,763 - root - DEBUG - Processing 1040-th line out of 2500 rows of DP table...
2022-01-04 20:49:12,279 - root - DEBUG - Processing 1050-th line out of 2500 rows of DP table...
2022-01-04 20:49:12,778 - root - DEBUG - Processing 1060-th line out of 2500 rows of DP table...
2022-01-04 20:49:13,273 - root - DEBUG - Processing 1070-th line out of 2500 rows of DP table...
2022-01-04 20:49:13,765 - root - DEBUG - Processing 1080-th line out of 2500 rows of DP table...
2022-01-04 20:49:14,268 - root - DEBUG - Processing 1090-th line out of 2500 rows of DP table...
2022-01-04 20:49:14,752 - root - DEBUG - Processing 1100-th line out of 2500 rows of DP table...
2022-01-04 20:49:15,232 - root - DEBUG - Processing 1110-th line out of 2500 rows of DP table...
2022-01-04 20:49:15,721 - root - DEBUG - Processing 1120-th line out of 2500 rows of DP table...
2022-01-04 20:49:16,205 - root - DEBUG - Processing 1130-th line out of 2500 rows of DP table...
2022-01-04 20:49:16,672 - root - DEBUG - Processing 1140-th line out of 2500 rows of DP table...
2022-01-04 20:49:17,153 - root - DEBUG - Processing 1150-th line out of 2500 rows of DP table...
2022-01-04 20:49:17,613 - root - DEBUG - Processing 1160-th line out of 2500 rows of DP table...
2022-01-04 20:49:18,087 - root - DEBUG - Processing 1170-th line out of 2500 rows of DP table...
2022-01-04 20:49:18,545 - root - DEBUG - Processing 1180-th line out of 2500 rows of DP table...
2022-01-04 20:49:18,997 - root - DEBUG - Processing 1190-th line out of 2500 rows of DP table...
2022-01-04 20:49:19,464 - root - DEBUG - Processing 1200-th line out of 2500 rows of DP table...
2022-01-04 20:49:19,911 - root - DEBUG - Processing 1210-th line out of 2500 rows of DP table...
2022-01-04 20:49:20,353 - root - DEBUG - Processing 1220-th line out of 2500 rows of DP table...
2022-01-04 20:49:20,792 - root - DEBUG - Processing 1230-th line out of 2500 rows of DP table...
2022-01-04 20:49:21,226 - root - DEBUG - Processing 1240-th line out of 2500 rows of DP table...
2022-01-04 20:49:21,656 - root - DEBUG - Processing 1250-th line out of 2500 rows of DP table...
2022-01-04 20:49:22,084 - root - DEBUG - Processing 1260-th line out of 2500 rows of DP table...
2022-01-04 20:49:22,562 - root - DEBUG - Processing 1270-th line out of 2500 rows of DP table...
2022-01-04 20:49:22,984 - root - DEBUG - Processing 1280-th line out of 2500 rows of DP table...
2022-01-04 20:49:23,402 - root - DEBUG - Processing 1290-th line out of 2500 rows of DP table...
2022-01-04 20:49:23,817 - root - DEBUG - Processing 1300-th line out of 2500 rows of DP table...
2022-01-04 20:49:24,229 - root - DEBUG - Processing 1310-th line out of 2500 rows of DP table...
2022-01-04 20:49:24,669 - root - DEBUG - Processing 1320-th line out of 2500 rows of DP table...
2022-01-04 20:49:25,076 - root - DEBUG - Processing 1330-th line out of 2500 rows of DP table...
2022-01-04 20:49:25,478 - root - DEBUG - Processing 1340-th line out of 2500 rows of DP table...
2022-01-04 20:49:25,902 - root - DEBUG - Processing 1350-th line out of 2500 rows of DP table...
2022-01-04 20:49:26,347 - root - DEBUG - Processing 1360-th line out of 2500 rows of DP table...
2022-01-04 20:49:26,741 - root - DEBUG - Processing 1370-th line out of 2500 rows of DP table...
2022-01-04 20:49:27,130 - root - DEBUG - Processing 1380-th line out of 2500 rows of DP table...
2022-01-04 20:49:27,533 - root - DEBUG - Processing 1390-th line out of 2500 rows of DP table...
2022-01-04 20:49:27,914 - root - DEBUG - Processing 1400-th line out of 2500 rows of DP table...
2022-01-04 20:49:28,291 - root - DEBUG - Processing 1410-th line out of 2500 rows of DP table...
2022-01-04 20:49:28,666 - root - DEBUG - Processing 1420-th line out of 2500 rows of DP table...
2022-01-04 20:49:29,037 - root - DEBUG - Processing 1430-th line out of 2500 rows of DP table...
2022-01-04 20:49:29,407 - root - DEBUG - Processing 1440-th line out of 2500 rows of DP table...
2022-01-04 20:49:29,774 - root - DEBUG - Processing 1450-th line out of 2500 rows of DP table...
2022-01-04 20:49:30,137 - root - DEBUG - Processing 1460-th line out of 2500 rows of DP table...
2022-01-04 20:49:30,495 - root - DEBUG - Processing 1470-th line out of 2500 rows of DP table...
2022-01-04 20:49:30,850 - root - DEBUG - Processing 1480-th line out of 2500 rows of DP table...
2022-01-04 20:49:31,202 - root - DEBUG - Processing 1490-th line out of 2500 rows of DP table...
2022-01-04 20:49:31,551 - root - DEBUG - Processing 1500-th line out of 2500 rows of DP table...
2022-01-04 20:49:31,897 - root - DEBUG - Processing 1510-th line out of 2500 rows of DP table...
2022-01-04 20:49:32,239 - root - DEBUG - Processing 1520-th line out of 2500 rows of DP table...
2022-01-04 20:49:32,606 - root - DEBUG - Processing 1530-th line out of 2500 rows of DP table...
2022-01-04 20:49:32,953 - root - DEBUG - Processing 1540-th line out of 2500 rows of DP table...
2022-01-04 20:49:33,290 - root - DEBUG - Processing 1550-th line out of 2500 rows of DP table...
2022-01-04 20:49:33,637 - root - DEBUG - Processing 1560-th line out of 2500 rows of DP table...
2022-01-04 20:49:33,993 - root - DEBUG - Processing 1570-th line out of 2500 rows of DP table...
2022-01-04 20:49:34,321 - root - DEBUG - Processing 1580-th line out of 2500 rows of DP table...
2022-01-04 20:49:34,660 - root - DEBUG - Processing 1590-th line out of 2500 rows of DP table...
2022-01-04 20:49:34,980 - root - DEBUG - Processing 1600-th line out of 2500 rows of DP table...
2022-01-04 20:49:35,296 - root - DEBUG - Processing 1610-th line out of 2500 rows of DP table...
2022-01-04 20:49:35,607 - root - DEBUG - Processing 1620-th line out of 2500 rows of DP table...
2022-01-04 20:49:35,912 - root - DEBUG - Processing 1630-th line out of 2500 rows of DP table...
2022-01-04 20:49:36,288 - root - DEBUG - Processing 1640-th line out of 2500 rows of DP table...
2022-01-04 20:49:36,590 - root - DEBUG - Processing 1650-th line out of 2500 rows of DP table...
2022-01-04 20:49:36,890 - root - DEBUG - Processing 1660-th line out of 2500 rows of DP table...
2022-01-04 20:49:37,184 - root - DEBUG - Processing 1670-th line out of 2500 rows of DP table...
2022-01-04 20:49:37,472 - root - DEBUG - Processing 1680-th line out of 2500 rows of DP table...
2022-01-04 20:49:37,757 - root - DEBUG - Processing 1690-th line out of 2500 rows of DP table...
2022-01-04 20:49:38,040 - root - DEBUG - Processing 1700-th line out of 2500 rows of DP table...
2022-01-04 20:49:38,320 - root - DEBUG - Processing 1710-th line out of 2500 rows of DP table...
2022-01-04 20:49:38,596 - root - DEBUG - Processing 1720-th line out of 2500 rows of DP table...
2022-01-04 20:49:38,869 - root - DEBUG - Processing 1730-th line out of 2500 rows of DP table...
2022-01-04 20:49:39,139 - root - DEBUG - Processing 1740-th line out of 2500 rows of DP table...
2022-01-04 20:49:39,405 - root - DEBUG - Processing 1750-th line out of 2500 rows of DP table...
2022-01-04 20:49:39,672 - root - DEBUG - Processing 1760-th line out of 2500 rows of DP table...
2022-01-04 20:49:39,932 - root - DEBUG - Processing 1770-th line out of 2500 rows of DP table...
2022-01-04 20:49:40,190 - root - DEBUG - Processing 1780-th line out of 2500 rows of DP table...
2022-01-04 20:49:40,442 - root - DEBUG - Processing 1790-th line out of 2500 rows of DP table...
2022-01-04 20:49:40,691 - root - DEBUG - Processing 1800-th line out of 2500 rows of DP table...
2022-01-04 20:49:40,936 - root - DEBUG - Processing 1810-th line out of 2500 rows of DP table...
2022-01-04 20:49:41,182 - root - DEBUG - Processing 1820-th line out of 2500 rows of DP table...
2022-01-04 20:49:41,425 - root - DEBUG - Processing 1830-th line out of 2500 rows of DP table...
2022-01-04 20:49:41,664 - root - DEBUG - Processing 1840-th line out of 2500 rows of DP table...
2022-01-04 20:49:41,900 - root - DEBUG - Processing 1850-th line out of 2500 rows of DP table...
2022-01-04 20:49:42,173 - root - DEBUG - Processing 1860-th line out of 2500 rows of DP table...
2022-01-04 20:49:42,422 - root - DEBUG - Processing 1870-th line out of 2500 rows of DP table...
2022-01-04 20:49:42,647 - root - DEBUG - Processing 1880-th line out of 2500 rows of DP table...
2022-01-04 20:49:42,867 - root - DEBUG - Processing 1890-th line out of 2500 rows of DP table...
2022-01-04 20:49:43,085 - root - DEBUG - Processing 1900-th line out of 2500 rows of DP table...
2022-01-04 20:49:43,299 - root - DEBUG - Processing 1910-th line out of 2500 rows of DP table...
2022-01-04 20:49:43,510 - root - DEBUG - Processing 1920-th line out of 2500 rows of DP table...
2022-01-04 20:49:43,718 - root - DEBUG - Processing 1930-th line out of 2500 rows of DP table...
2022-01-04 20:49:43,923 - root - DEBUG - Processing 1940-th line out of 2500 rows of DP table...
2022-01-04 20:49:44,121 - root - DEBUG - Processing 1950-th line out of 2500 rows of DP table...
2022-01-04 20:49:44,320 - root - DEBUG - Processing 1960-th line out of 2500 rows of DP table...
2022-01-04 20:49:44,513 - root - DEBUG - Processing 1970-th line out of 2500 rows of DP table...
2022-01-04 20:49:44,703 - root - DEBUG - Processing 1980-th line out of 2500 rows of DP table...
2022-01-04 20:49:44,889 - root - DEBUG - Processing 1990-th line out of 2500 rows of DP table...
2022-01-04 20:49:45,072 - root - DEBUG - Processing 2000-th line out of 2500 rows of DP table...
2022-01-04 20:49:45,253 - root - DEBUG - Processing 2010-th line out of 2500 rows of DP table...
2022-01-04 20:49:45,428 - root - DEBUG - Processing 2020-th line out of 2500 rows of DP table...
2022-01-04 20:49:45,601 - root - DEBUG - Processing 2030-th line out of 2500 rows of DP table...
2022-01-04 20:49:45,770 - root - DEBUG - Processing 2040-th line out of 2500 rows of DP table...
2022-01-04 20:49:45,935 - root - DEBUG - Processing 2050-th line out of 2500 rows of DP table...
2022-01-04 20:49:46,097 - root - DEBUG - Processing 2060-th line out of 2500 rows of DP table...
2022-01-04 20:49:46,256 - root - DEBUG - Processing 2070-th line out of 2500 rows of DP table...
2022-01-04 20:49:46,411 - root - DEBUG - Processing 2080-th line out of 2500 rows of DP table...
2022-01-04 20:49:46,562 - root - DEBUG - Processing 2090-th line out of 2500 rows of DP table...
2022-01-04 20:49:46,711 - root - DEBUG - Processing 2100-th line out of 2500 rows of DP table...
2022-01-04 20:49:46,872 - root - DEBUG - Processing 2110-th line out of 2500 rows of DP table...
2022-01-04 20:49:47,015 - root - DEBUG - Processing 2120-th line out of 2500 rows of DP table...
2022-01-04 20:49:47,154 - root - DEBUG - Processing 2130-th line out of 2500 rows of DP table...
2022-01-04 20:49:47,289 - root - DEBUG - Processing 2140-th line out of 2500 rows of DP table...
2022-01-04 20:49:47,423 - root - DEBUG - Processing 2150-th line out of 2500 rows of DP table...
2022-01-04 20:49:47,553 - root - DEBUG - Processing 2160-th line out of 2500 rows of DP table...
2022-01-04 20:49:47,679 - root - DEBUG - Processing 2170-th line out of 2500 rows of DP table...
2022-01-04 20:49:47,802 - root - DEBUG - Processing 2180-th line out of 2500 rows of DP table...
2022-01-04 20:49:47,921 - root - DEBUG - Processing 2190-th line out of 2500 rows of DP table...
2022-01-04 20:49:48,036 - root - DEBUG - Processing 2200-th line out of 2500 rows of DP table...
2022-01-04 20:49:48,147 - root - DEBUG - Processing 2210-th line out of 2500 rows of DP table...
2022-01-04 20:49:48,255 - root - DEBUG - Processing 2220-th line out of 2500 rows of DP table...
2022-01-04 20:49:48,361 - root - DEBUG - Processing 2230-th line out of 2500 rows of DP table...
2022-01-04 20:49:48,463 - root - DEBUG - Processing 2240-th line out of 2500 rows of DP table...
2022-01-04 20:49:48,563 - root - DEBUG - Processing 2250-th line out of 2500 rows of DP table...
2022-01-04 20:49:48,660 - root - DEBUG - Processing 2260-th line out of 2500 rows of DP table...
2022-01-04 20:49:48,753 - root - DEBUG - Processing 2270-th line out of 2500 rows of DP table...
2022-01-04 20:49:48,843 - root - DEBUG - Processing 2280-th line out of 2500 rows of DP table...
2022-01-04 20:49:48,929 - root - DEBUG - Processing 2290-th line out of 2500 rows of DP table...
2022-01-04 20:49:49,012 - root - DEBUG - Processing 2300-th line out of 2500 rows of DP table...
2022-01-04 20:49:49,091 - root - DEBUG - Processing 2310-th line out of 2500 rows of DP table...
2022-01-04 20:49:49,168 - root - DEBUG - Processing 2320-th line out of 2500 rows of DP table...
2022-01-04 20:49:49,240 - root - DEBUG - Processing 2330-th line out of 2500 rows of DP table...
2022-01-04 20:49:49,309 - root - DEBUG - Processing 2340-th line out of 2500 rows of DP table...
2022-01-04 20:49:49,375 - root - DEBUG - Processing 2350-th line out of 2500 rows of DP table...
2022-01-04 20:49:49,437 - root - DEBUG - Processing 2360-th line out of 2500 rows of DP table...
2022-01-04 20:49:49,509 - root - DEBUG - Processing 2370-th line out of 2500 rows of DP table...
2022-01-04 20:49:49,565 - root - DEBUG - Processing 2380-th line out of 2500 rows of DP table...
2022-01-04 20:49:49,618 - root - DEBUG - Processing 2390-th line out of 2500 rows of DP table...
2022-01-04 20:49:49,666 - root - DEBUG - Processing 2400-th line out of 2500 rows of DP table...
2022-01-04 20:49:49,712 - root - DEBUG - Processing 2410-th line out of 2500 rows of DP table...
2022-01-04 20:49:49,755 - root - DEBUG - Processing 2420-th line out of 2500 rows of DP table...
2022-01-04 20:49:49,794 - root - DEBUG - Processing 2430-th line out of 2500 rows of DP table...
2022-01-04 20:49:49,830 - root - DEBUG - Processing 2440-th line out of 2500 rows of DP table...
2022-01-04 20:49:49,862 - root - DEBUG - Processing 2450-th line out of 2500 rows of DP table...
2022-01-04 20:49:49,890 - root - DEBUG - Processing 2460-th line out of 2500 rows of DP table...
2022-01-04 20:49:49,915 - root - DEBUG - Processing 2470-th line out of 2500 rows of DP table...
2022-01-04 20:49:49,937 - root - DEBUG - Processing 2480-th line out of 2500 rows of DP table...
2022-01-04 20:49:49,955 - root - DEBUG - Processing 2490-th line out of 2500 rows of DP table...
2022-01-04 20:49:49,970 - root - DEBUG - Processing 2500-th line out of 2500 rows of DP table...
2022-01-04 20:49:49,986 - root - DEBUG - Started computing joint logprobs...
