2022-01-04 21:42:39,416 - root - INFO - Loading reference interval set from '211227-2-sim/g24_3.ref.tsv'...
2022-01-04 21:42:39,440 - root - INFO - Loading query interval set from '211227-2-sim/g24_3.query.tsv'...
2022-01-04 21:42:39,474 - root - INFO - Loading chromosome sizes from '211227-2-sim/g24_sizes.tsv'...
2022-01-04 21:42:39,480 - root - INFO - Number of reference intervals: 2500 (2500 before merging)
2022-01-04 21:42:39,481 - root - INFO - Number of query intervals: 5000 (5000 before merging)
2022-01-04 21:42:39,482 - root - INFO - Number of chromosomes: 1
2022-01-04 21:42:39,492 - root - INFO - Overlap count: 2044
2022-01-04 21:42:39,493 - root - DEBUG - Started computing sf for chromosome 'chr1'...
2022-01-04 21:42:39,494 - root - DEBUG - m=2500, n=5000
2022-01-04 21:42:40,306 - root - DEBUG - Processing 10-th line out of 2500 rows of DP table...
2022-01-04 21:42:41,161 - root - DEBUG - Processing 20-th line out of 2500 rows of DP table...
2022-01-04 21:42:41,990 - root - DEBUG - Processing 30-th line out of 2500 rows of DP table...
2022-01-04 21:42:42,842 - root - DEBUG - Processing 40-th line out of 2500 rows of DP table...
2022-01-04 21:42:43,687 - root - DEBUG - Processing 50-th line out of 2500 rows of DP table...
2022-01-04 21:42:44,523 - root - DEBUG - Processing 60-th line out of 2500 rows of DP table...
2022-01-04 21:42:45,364 - root - DEBUG - Processing 70-th line out of 2500 rows of DP table...
2022-01-04 21:42:46,176 - root - DEBUG - Processing 80-th line out of 2500 rows of DP table...
2022-01-04 21:42:47,004 - root - DEBUG - Processing 90-th line out of 2500 rows of DP table...
2022-01-04 21:42:47,835 - root - DEBUG - Processing 100-th line out of 2500 rows of DP table...
2022-01-04 21:42:48,661 - root - DEBUG - Processing 110-th line out of 2500 rows of DP table...
2022-01-04 21:42:49,488 - root - DEBUG - Processing 120-th line out of 2500 rows of DP table...
2022-01-04 21:42:50,279 - root - DEBUG - Processing 130-th line out of 2500 rows of DP table...
2022-01-04 21:42:51,097 - root - DEBUG - Processing 140-th line out of 2500 rows of DP table...
2022-01-04 21:42:51,910 - root - DEBUG - Processing 150-th line out of 2500 rows of DP table...
2022-01-04 21:42:52,716 - root - DEBUG - Processing 160-th line out of 2500 rows of DP table...
2022-01-04 21:42:53,538 - root - DEBUG - Processing 170-th line out of 2500 rows of DP table...
2022-01-04 21:42:54,342 - root - DEBUG - Processing 180-th line out of 2500 rows of DP table...
2022-01-04 21:42:55,138 - root - DEBUG - Processing 190-th line out of 2500 rows of DP table...
2022-01-04 21:42:55,934 - root - DEBUG - Processing 200-th line out of 2500 rows of DP table...
2022-01-04 21:42:56,706 - root - DEBUG - Processing 210-th line out of 2500 rows of DP table...
2022-01-04 21:42:57,521 - root - DEBUG - Processing 220-th line out of 2500 rows of DP table...
2022-01-04 21:42:58,305 - root - DEBUG - Processing 230-th line out of 2500 rows of DP table...
2022-01-04 21:42:59,089 - root - DEBUG - Processing 240-th line out of 2500 rows of DP table...
2022-01-04 21:42:59,844 - root - DEBUG - Processing 250-th line out of 2500 rows of DP table...
2022-01-04 21:43:00,617 - root - DEBUG - Processing 260-th line out of 2500 rows of DP table...
2022-01-04 21:43:01,392 - root - DEBUG - Processing 270-th line out of 2500 rows of DP table...
2022-01-04 21:43:02,162 - root - DEBUG - Processing 280-th line out of 2500 rows of DP table...
2022-01-04 21:43:02,902 - root - DEBUG - Processing 290-th line out of 2500 rows of DP table...
2022-01-04 21:43:03,667 - root - DEBUG - Processing 300-th line out of 2500 rows of DP table...
2022-01-04 21:43:04,430 - root - DEBUG - Processing 310-th line out of 2500 rows of DP table...
2022-01-04 21:43:05,182 - root - DEBUG - Processing 320-th line out of 2500 rows of DP table...
2022-01-04 21:43:05,915 - root - DEBUG - Processing 330-th line out of 2500 rows of DP table...
2022-01-04 21:43:06,670 - root - DEBUG - Processing 340-th line out of 2500 rows of DP table...
2022-01-04 21:43:07,414 - root - DEBUG - Processing 350-th line out of 2500 rows of DP table...
2022-01-04 21:43:08,140 - root - DEBUG - Processing 360-th line out of 2500 rows of DP table...
2022-01-04 21:43:08,882 - root - DEBUG - Processing 370-th line out of 2500 rows of DP table...
2022-01-04 21:43:09,619 - root - DEBUG - Processing 380-th line out of 2500 rows of DP table...
2022-01-04 21:43:10,333 - root - DEBUG - Processing 390-th line out of 2500 rows of DP table...
2022-01-04 21:43:11,059 - root - DEBUG - Processing 400-th line out of 2500 rows of DP table...
2022-01-04 21:43:11,790 - root - DEBUG - Processing 410-th line out of 2500 rows of DP table...
2022-01-04 21:43:12,516 - root - DEBUG - Processing 420-th line out of 2500 rows of DP table...
2022-01-04 21:43:13,214 - root - DEBUG - Processing 430-th line out of 2500 rows of DP table...
2022-01-04 21:43:13,937 - root - DEBUG - Processing 440-th line out of 2500 rows of DP table...
2022-01-04 21:43:14,654 - root - DEBUG - Processing 450-th line out of 2500 rows of DP table...
2022-01-04 21:43:15,338 - root - DEBUG - Processing 460-th line out of 2500 rows of DP table...
2022-01-04 21:43:16,048 - root - DEBUG - Processing 470-th line out of 2500 rows of DP table...
2022-01-04 21:43:16,749 - root - DEBUG - Processing 480-th line out of 2500 rows of DP table...
2022-01-04 21:43:17,428 - root - DEBUG - Processing 490-th line out of 2500 rows of DP table...
2022-01-04 21:43:18,129 - root - DEBUG - Processing 500-th line out of 2500 rows of DP table...
2022-01-04 21:43:18,821 - root - DEBUG - Processing 510-th line out of 2500 rows of DP table...
2022-01-04 21:43:19,492 - root - DEBUG - Processing 520-th line out of 2500 rows of DP table...
2022-01-04 21:43:20,177 - root - DEBUG - Processing 530-th line out of 2500 rows of DP table...
2022-01-04 21:43:20,841 - root - DEBUG - Processing 540-th line out of 2500 rows of DP table...
2022-01-04 21:43:21,525 - root - DEBUG - Processing 550-th line out of 2500 rows of DP table...
2022-01-04 21:43:22,199 - root - DEBUG - Processing 560-th line out of 2500 rows of DP table...
2022-01-04 21:43:22,856 - root - DEBUG - Processing 570-th line out of 2500 rows of DP table...
2022-01-04 21:43:23,523 - root - DEBUG - Processing 580-th line out of 2500 rows of DP table...
2022-01-04 21:43:24,196 - root - DEBUG - Processing 590-th line out of 2500 rows of DP table...
2022-01-04 21:43:24,842 - root - DEBUG - Processing 600-th line out of 2500 rows of DP table...
2022-01-04 21:43:25,502 - root - DEBUG - Processing 610-th line out of 2500 rows of DP table...
2022-01-04 21:43:26,162 - root - DEBUG - Processing 620-th line out of 2500 rows of DP table...
2022-01-04 21:43:26,793 - root - DEBUG - Processing 630-th line out of 2500 rows of DP table...
2022-01-04 21:43:27,449 - root - DEBUG - Processing 640-th line out of 2500 rows of DP table...
2022-01-04 21:43:28,070 - root - DEBUG - Processing 650-th line out of 2500 rows of DP table...
2022-01-04 21:43:28,718 - root - DEBUG - Processing 660-th line out of 2500 rows of DP table...
2022-01-04 21:43:29,364 - root - DEBUG - Processing 670-th line out of 2500 rows of DP table...
2022-01-04 21:43:29,976 - root - DEBUG - Processing 680-th line out of 2500 rows of DP table...
2022-01-04 21:43:30,615 - root - DEBUG - Processing 690-th line out of 2500 rows of DP table...
2022-01-04 21:43:31,223 - root - DEBUG - Processing 700-th line out of 2500 rows of DP table...
2022-01-04 21:43:31,851 - root - DEBUG - Processing 710-th line out of 2500 rows of DP table...
2022-01-04 21:43:32,475 - root - DEBUG - Processing 720-th line out of 2500 rows of DP table...
2022-01-04 21:43:33,075 - root - DEBUG - Processing 730-th line out of 2500 rows of DP table...
2022-01-04 21:43:33,692 - root - DEBUG - Processing 740-th line out of 2500 rows of DP table...
2022-01-04 21:43:34,286 - root - DEBUG - Processing 750-th line out of 2500 rows of DP table...
2022-01-04 21:43:34,896 - root - DEBUG - Processing 760-th line out of 2500 rows of DP table...
2022-01-04 21:43:35,484 - root - DEBUG - Processing 770-th line out of 2500 rows of DP table...
2022-01-04 21:43:36,088 - root - DEBUG - Processing 780-th line out of 2500 rows of DP table...
2022-01-04 21:43:36,693 - root - DEBUG - Processing 790-th line out of 2500 rows of DP table...
2022-01-04 21:43:37,267 - root - DEBUG - Processing 800-th line out of 2500 rows of DP table...
2022-01-04 21:43:37,872 - root - DEBUG - Processing 810-th line out of 2500 rows of DP table...
2022-01-04 21:43:38,439 - root - DEBUG - Processing 820-th line out of 2500 rows of DP table...
2022-01-04 21:43:39,032 - root - DEBUG - Processing 830-th line out of 2500 rows of DP table...
2022-01-04 21:43:39,598 - root - DEBUG - Processing 840-th line out of 2500 rows of DP table...
2022-01-04 21:43:40,179 - root - DEBUG - Processing 850-th line out of 2500 rows of DP table...
2022-01-04 21:43:40,738 - root - DEBUG - Processing 860-th line out of 2500 rows of DP table...
2022-01-04 21:43:41,313 - root - DEBUG - Processing 870-th line out of 2500 rows of DP table...
2022-01-04 21:43:41,891 - root - DEBUG - Processing 880-th line out of 2500 rows of DP table...
2022-01-04 21:43:42,435 - root - DEBUG - Processing 890-th line out of 2500 rows of DP table...
2022-01-04 21:43:43,004 - root - DEBUG - Processing 900-th line out of 2500 rows of DP table...
2022-01-04 21:43:43,540 - root - DEBUG - Processing 910-th line out of 2500 rows of DP table...
2022-01-04 21:43:44,099 - root - DEBUG - Processing 920-th line out of 2500 rows of DP table...
2022-01-04 21:43:44,635 - root - DEBUG - Processing 930-th line out of 2500 rows of DP table...
2022-01-04 21:43:45,186 - root - DEBUG - Processing 940-th line out of 2500 rows of DP table...
2022-01-04 21:43:45,714 - root - DEBUG - Processing 950-th line out of 2500 rows of DP table...
2022-01-04 21:43:46,264 - root - DEBUG - Processing 960-th line out of 2500 rows of DP table...
2022-01-04 21:43:46,785 - root - DEBUG - Processing 970-th line out of 2500 rows of DP table...
2022-01-04 21:43:47,323 - root - DEBUG - Processing 980-th line out of 2500 rows of DP table...
2022-01-04 21:43:47,846 - root - DEBUG - Processing 990-th line out of 2500 rows of DP table...
2022-01-04 21:43:48,379 - root - DEBUG - Processing 1000-th line out of 2500 rows of DP table...
2022-01-04 21:43:48,888 - root - DEBUG - Processing 1010-th line out of 2500 rows of DP table...
2022-01-04 21:43:49,412 - root - DEBUG - Processing 1020-th line out of 2500 rows of DP table...
2022-01-04 21:43:49,916 - root - DEBUG - Processing 1030-th line out of 2500 rows of DP table...
2022-01-04 21:43:50,436 - root - DEBUG - Processing 1040-th line out of 2500 rows of DP table...
2022-01-04 21:43:50,927 - root - DEBUG - Processing 1050-th line out of 2500 rows of DP table...
2022-01-04 21:43:51,444 - root - DEBUG - Processing 1060-th line out of 2500 rows of DP table...
2022-01-04 21:43:51,927 - root - DEBUG - Processing 1070-th line out of 2500 rows of DP table...
2022-01-04 21:43:52,437 - root - DEBUG - Processing 1080-th line out of 2500 rows of DP table...
2022-01-04 21:43:52,915 - root - DEBUG - Processing 1090-th line out of 2500 rows of DP table...
2022-01-04 21:43:53,418 - root - DEBUG - Processing 1100-th line out of 2500 rows of DP table...
2022-01-04 21:43:53,891 - root - DEBUG - Processing 1110-th line out of 2500 rows of DP table...
2022-01-04 21:43:54,360 - root - DEBUG - Processing 1120-th line out of 2500 rows of DP table...
2022-01-04 21:43:54,853 - root - DEBUG - Processing 1130-th line out of 2500 rows of DP table...
2022-01-04 21:43:55,334 - root - DEBUG - Processing 1140-th line out of 2500 rows of DP table...
2022-01-04 21:43:55,821 - root - DEBUG - Processing 1150-th line out of 2500 rows of DP table...
2022-01-04 21:43:56,278 - root - DEBUG - Processing 1160-th line out of 2500 rows of DP table...
2022-01-04 21:43:56,760 - root - DEBUG - Processing 1170-th line out of 2500 rows of DP table...
2022-01-04 21:43:57,208 - root - DEBUG - Processing 1180-th line out of 2500 rows of DP table...
2022-01-04 21:43:57,678 - root - DEBUG - Processing 1190-th line out of 2500 rows of DP table...
2022-01-04 21:43:58,126 - root - DEBUG - Processing 1200-th line out of 2500 rows of DP table...
2022-01-04 21:43:58,568 - root - DEBUG - Processing 1210-th line out of 2500 rows of DP table...
2022-01-04 21:43:59,032 - root - DEBUG - Processing 1220-th line out of 2500 rows of DP table...
2022-01-04 21:43:59,465 - root - DEBUG - Processing 1230-th line out of 2500 rows of DP table...
2022-01-04 21:43:59,918 - root - DEBUG - Processing 1240-th line out of 2500 rows of DP table...
2022-01-04 21:44:00,349 - root - DEBUG - Processing 1250-th line out of 2500 rows of DP table...
2022-01-04 21:44:00,798 - root - DEBUG - Processing 1260-th line out of 2500 rows of DP table...
2022-01-04 21:44:01,217 - root - DEBUG - Processing 1270-th line out of 2500 rows of DP table...
2022-01-04 21:44:01,639 - root - DEBUG - Processing 1280-th line out of 2500 rows of DP table...
2022-01-04 21:44:02,075 - root - DEBUG - Processing 1290-th line out of 2500 rows of DP table...
2022-01-04 21:44:02,489 - root - DEBUG - Processing 1300-th line out of 2500 rows of DP table...
2022-01-04 21:44:02,921 - root - DEBUG - Processing 1310-th line out of 2500 rows of DP table...
2022-01-04 21:44:03,324 - root - DEBUG - Processing 1320-th line out of 2500 rows of DP table...
2022-01-04 21:44:03,728 - root - DEBUG - Processing 1330-th line out of 2500 rows of DP table...
2022-01-04 21:44:04,150 - root - DEBUG - Processing 1340-th line out of 2500 rows of DP table...
2022-01-04 21:44:04,542 - root - DEBUG - Processing 1350-th line out of 2500 rows of DP table...
2022-01-04 21:44:04,964 - root - DEBUG - Processing 1360-th line out of 2500 rows of DP table...
2022-01-04 21:44:05,349 - root - DEBUG - Processing 1370-th line out of 2500 rows of DP table...
2022-01-04 21:44:05,732 - root - DEBUG - Processing 1380-th line out of 2500 rows of DP table...
2022-01-04 21:44:06,141 - root - DEBUG - Processing 1390-th line out of 2500 rows of DP table...
2022-01-04 21:44:06,518 - root - DEBUG - Processing 1400-th line out of 2500 rows of DP table...
2022-01-04 21:44:06,891 - root - DEBUG - Processing 1410-th line out of 2500 rows of DP table...
2022-01-04 21:44:07,290 - root - DEBUG - Processing 1420-th line out of 2500 rows of DP table...
2022-01-04 21:44:07,655 - root - DEBUG - Processing 1430-th line out of 2500 rows of DP table...
2022-01-04 21:44:08,020 - root - DEBUG - Processing 1440-th line out of 2500 rows of DP table...
2022-01-04 21:44:08,407 - root - DEBUG - Processing 1450-th line out of 2500 rows of DP table...
2022-01-04 21:44:08,763 - root - DEBUG - Processing 1460-th line out of 2500 rows of DP table...
2022-01-04 21:44:09,142 - root - DEBUG - Processing 1470-th line out of 2500 rows of DP table...
2022-01-04 21:44:09,498 - root - DEBUG - Processing 1480-th line out of 2500 rows of DP table...
2022-01-04 21:44:09,844 - root - DEBUG - Processing 1490-th line out of 2500 rows of DP table...
2022-01-04 21:44:10,211 - root - DEBUG - Processing 1500-th line out of 2500 rows of DP table...
2022-01-04 21:44:10,556 - root - DEBUG - Processing 1510-th line out of 2500 rows of DP table...
2022-01-04 21:44:10,893 - root - DEBUG - Processing 1520-th line out of 2500 rows of DP table...
2022-01-04 21:44:11,253 - root - DEBUG - Processing 1530-th line out of 2500 rows of DP table...
2022-01-04 21:44:11,587 - root - DEBUG - Processing 1540-th line out of 2500 rows of DP table...
2022-01-04 21:44:11,915 - root - DEBUG - Processing 1550-th line out of 2500 rows of DP table...
2022-01-04 21:44:12,261 - root - DEBUG - Processing 1560-th line out of 2500 rows of DP table...
2022-01-04 21:44:12,582 - root - DEBUG - Processing 1570-th line out of 2500 rows of DP table...
2022-01-04 21:44:12,904 - root - DEBUG - Processing 1580-th line out of 2500 rows of DP table...
2022-01-04 21:44:13,228 - root - DEBUG - Processing 1590-th line out of 2500 rows of DP table...
2022-01-04 21:44:13,562 - root - DEBUG - Processing 1600-th line out of 2500 rows of DP table...
2022-01-04 21:44:13,875 - root - DEBUG - Processing 1610-th line out of 2500 rows of DP table...
2022-01-04 21:44:14,178 - root - DEBUG - Processing 1620-th line out of 2500 rows of DP table...
2022-01-04 21:44:14,503 - root - DEBUG - Processing 1630-th line out of 2500 rows of DP table...
2022-01-04 21:44:14,801 - root - DEBUG - Processing 1640-th line out of 2500 rows of DP table...
2022-01-04 21:44:15,100 - root - DEBUG - Processing 1650-th line out of 2500 rows of DP table...
2022-01-04 21:44:15,419 - root - DEBUG - Processing 1660-th line out of 2500 rows of DP table...
2022-01-04 21:44:15,708 - root - DEBUG - Processing 1670-th line out of 2500 rows of DP table...
2022-01-04 21:44:15,992 - root - DEBUG - Processing 1680-th line out of 2500 rows of DP table...
2022-01-04 21:44:16,278 - root - DEBUG - Processing 1690-th line out of 2500 rows of DP table...
2022-01-04 21:44:16,579 - root - DEBUG - Processing 1700-th line out of 2500 rows of DP table...
2022-01-04 21:44:16,855 - root - DEBUG - Processing 1710-th line out of 2500 rows of DP table...
2022-01-04 21:44:17,125 - root - DEBUG - Processing 1720-th line out of 2500 rows of DP table...
2022-01-04 21:44:17,403 - root - DEBUG - Processing 1730-th line out of 2500 rows of DP table...
2022-01-04 21:44:17,690 - root - DEBUG - Processing 1740-th line out of 2500 rows of DP table...
2022-01-04 21:44:17,951 - root - DEBUG - Processing 1750-th line out of 2500 rows of DP table...
2022-01-04 21:44:18,208 - root - DEBUG - Processing 1760-th line out of 2500 rows of DP table...
2022-01-04 21:44:18,468 - root - DEBUG - Processing 1770-th line out of 2500 rows of DP table...
2022-01-04 21:44:18,744 - root - DEBUG - Processing 1780-th line out of 2500 rows of DP table...
2022-01-04 21:44:18,992 - root - DEBUG - Processing 1790-th line out of 2500 rows of DP table...
2022-01-04 21:44:19,237 - root - DEBUG - Processing 1800-th line out of 2500 rows of DP table...
2022-01-04 21:44:19,485 - root - DEBUG - Processing 1810-th line out of 2500 rows of DP table...
2022-01-04 21:44:19,748 - root - DEBUG - Processing 1820-th line out of 2500 rows of DP table...
2022-01-04 21:44:19,983 - root - DEBUG - Processing 1830-th line out of 2500 rows of DP table...
2022-01-04 21:44:20,215 - root - DEBUG - Processing 1840-th line out of 2500 rows of DP table...
2022-01-04 21:44:20,444 - root - DEBUG - Processing 1850-th line out of 2500 rows of DP table...
2022-01-04 21:44:20,697 - root - DEBUG - Processing 1860-th line out of 2500 rows of DP table...
2022-01-04 21:44:20,919 - root - DEBUG - Processing 1870-th line out of 2500 rows of DP table...
2022-01-04 21:44:21,139 - root - DEBUG - Processing 1880-th line out of 2500 rows of DP table...
2022-01-04 21:44:21,354 - root - DEBUG - Processing 1890-th line out of 2500 rows of DP table...
2022-01-04 21:44:21,566 - root - DEBUG - Processing 1900-th line out of 2500 rows of DP table...
2022-01-04 21:44:21,806 - root - DEBUG - Processing 1910-th line out of 2500 rows of DP table...
2022-01-04 21:44:22,012 - root - DEBUG - Processing 1920-th line out of 2500 rows of DP table...
2022-01-04 21:44:22,212 - root - DEBUG - Processing 1930-th line out of 2500 rows of DP table...
2022-01-04 21:44:22,411 - root - DEBUG - Processing 1940-th line out of 2500 rows of DP table...
2022-01-04 21:44:22,606 - root - DEBUG - Processing 1950-th line out of 2500 rows of DP table...
2022-01-04 21:44:22,822 - root - DEBUG - Processing 1960-th line out of 2500 rows of DP table...
2022-01-04 21:44:23,017 - root - DEBUG - Processing 1970-th line out of 2500 rows of DP table...
2022-01-04 21:44:23,204 - root - DEBUG - Processing 1980-th line out of 2500 rows of DP table...
2022-01-04 21:44:23,386 - root - DEBUG - Processing 1990-th line out of 2500 rows of DP table...
2022-01-04 21:44:23,565 - root - DEBUG - Processing 2000-th line out of 2500 rows of DP table...
2022-01-04 21:44:23,747 - root - DEBUG - Processing 2010-th line out of 2500 rows of DP table...
2022-01-04 21:44:23,937 - root - DEBUG - Processing 2020-th line out of 2500 rows of DP table...
2022-01-04 21:44:24,111 - root - DEBUG - Processing 2030-th line out of 2500 rows of DP table...
2022-01-04 21:44:24,277 - root - DEBUG - Processing 2040-th line out of 2500 rows of DP table...
2022-01-04 21:44:24,439 - root - DEBUG - Processing 2050-th line out of 2500 rows of DP table...
2022-01-04 21:44:24,598 - root - DEBUG - Processing 2060-th line out of 2500 rows of DP table...
2022-01-04 21:44:24,754 - root - DEBUG - Processing 2070-th line out of 2500 rows of DP table...
2022-01-04 21:44:24,930 - root - DEBUG - Processing 2080-th line out of 2500 rows of DP table...
2022-01-04 21:44:25,079 - root - DEBUG - Processing 2090-th line out of 2500 rows of DP table...
2022-01-04 21:44:25,230 - root - DEBUG - Processing 2100-th line out of 2500 rows of DP table...
2022-01-04 21:44:25,373 - root - DEBUG - Processing 2110-th line out of 2500 rows of DP table...
2022-01-04 21:44:25,513 - root - DEBUG - Processing 2120-th line out of 2500 rows of DP table...
2022-01-04 21:44:25,649 - root - DEBUG - Processing 2130-th line out of 2500 rows of DP table...
2022-01-04 21:44:25,782 - root - DEBUG - Processing 2140-th line out of 2500 rows of DP table...
2022-01-04 21:44:25,936 - root - DEBUG - Processing 2150-th line out of 2500 rows of DP table...
2022-01-04 21:44:26,061 - root - DEBUG - Processing 2160-th line out of 2500 rows of DP table...
2022-01-04 21:44:26,185 - root - DEBUG - Processing 2170-th line out of 2500 rows of DP table...
2022-01-04 21:44:26,305 - root - DEBUG - Processing 2180-th line out of 2500 rows of DP table...
2022-01-04 21:44:26,427 - root - DEBUG - Processing 2190-th line out of 2500 rows of DP table...
2022-01-04 21:44:26,540 - root - DEBUG - Processing 2200-th line out of 2500 rows of DP table...
2022-01-04 21:44:26,651 - root - DEBUG - Processing 2210-th line out of 2500 rows of DP table...
2022-01-04 21:44:26,758 - root - DEBUG - Processing 2220-th line out of 2500 rows of DP table...
2022-01-04 21:44:26,861 - root - DEBUG - Processing 2230-th line out of 2500 rows of DP table...
2022-01-04 21:44:26,984 - root - DEBUG - Processing 2240-th line out of 2500 rows of DP table...
2022-01-04 21:44:27,081 - root - DEBUG - Processing 2250-th line out of 2500 rows of DP table...
2022-01-04 21:44:27,174 - root - DEBUG - Processing 2260-th line out of 2500 rows of DP table...
2022-01-04 21:44:27,264 - root - DEBUG - Processing 2270-th line out of 2500 rows of DP table...
2022-01-04 21:44:27,351 - root - DEBUG - Processing 2280-th line out of 2500 rows of DP table...
2022-01-04 21:44:27,434 - root - DEBUG - Processing 2290-th line out of 2500 rows of DP table...
2022-01-04 21:44:27,519 - root - DEBUG - Processing 2300-th line out of 2500 rows of DP table...
2022-01-04 21:44:27,595 - root - DEBUG - Processing 2310-th line out of 2500 rows of DP table...
2022-01-04 21:44:27,669 - root - DEBUG - Processing 2320-th line out of 2500 rows of DP table...
2022-01-04 21:44:27,740 - root - DEBUG - Processing 2330-th line out of 2500 rows of DP table...
2022-01-04 21:44:27,807 - root - DEBUG - Processing 2340-th line out of 2500 rows of DP table...
2022-01-04 21:44:27,871 - root - DEBUG - Processing 2350-th line out of 2500 rows of DP table...
2022-01-04 21:44:27,935 - root - DEBUG - Processing 2360-th line out of 2500 rows of DP table...
2022-01-04 21:44:28,011 - root - DEBUG - Processing 2370-th line out of 2500 rows of DP table...
2022-01-04 21:44:28,065 - root - DEBUG - Processing 2380-th line out of 2500 rows of DP table...
2022-01-04 21:44:28,116 - root - DEBUG - Processing 2390-th line out of 2500 rows of DP table...
2022-01-04 21:44:28,163 - root - DEBUG - Processing 2400-th line out of 2500 rows of DP table...
2022-01-04 21:44:28,206 - root - DEBUG - Processing 2410-th line out of 2500 rows of DP table...
2022-01-04 21:44:28,247 - root - DEBUG - Processing 2420-th line out of 2500 rows of DP table...
2022-01-04 21:44:28,284 - root - DEBUG - Processing 2430-th line out of 2500 rows of DP table...
2022-01-04 21:44:28,318 - root - DEBUG - Processing 2440-th line out of 2500 rows of DP table...
2022-01-04 21:44:28,349 - root - DEBUG - Processing 2450-th line out of 2500 rows of DP table...
2022-01-04 21:44:28,376 - root - DEBUG - Processing 2460-th line out of 2500 rows of DP table...
2022-01-04 21:44:28,400 - root - DEBUG - Processing 2470-th line out of 2500 rows of DP table...
2022-01-04 21:44:28,421 - root - DEBUG - Processing 2480-th line out of 2500 rows of DP table...
2022-01-04 21:44:28,439 - root - DEBUG - Processing 2490-th line out of 2500 rows of DP table...
2022-01-04 21:44:28,453 - root - DEBUG - Processing 2500-th line out of 2500 rows of DP table...
2022-01-04 21:44:28,466 - root - DEBUG - Started computing joint logprobs...
