2022-01-05 06:20:13,976 - root - INFO - Loading reference interval set from '211227-2-sim/g24_7.ref.tsv'...
2022-01-05 06:20:13,980 - root - INFO - Loading query interval set from '211227-2-sim/g24_7.query.tsv'...
2022-01-05 06:20:13,988 - root - INFO - Loading chromosome sizes from '211227-2-sim/g24_sizes.tsv'...
2022-01-05 06:20:13,994 - root - INFO - Number of reference intervals: 2500 (2500 before merging)
2022-01-05 06:20:13,995 - root - INFO - Number of query intervals: 5000 (5000 before merging)
2022-01-05 06:20:13,996 - root - INFO - Number of chromosomes: 1
2022-01-05 06:20:14,005 - root - INFO - Overlap count: 2014
2022-01-05 06:20:14,006 - root - DEBUG - Started computing sf for chromosome 'chr1'...
2022-01-05 06:20:14,008 - root - DEBUG - m=2500, n=5000
2022-01-05 06:20:14,815 - root - DEBUG - Processing 10-th line out of 2500 rows of DP table...
2022-01-05 06:20:15,652 - root - DEBUG - Processing 20-th line out of 2500 rows of DP table...
2022-01-05 06:20:16,488 - root - DEBUG - Processing 30-th line out of 2500 rows of DP table...
2022-01-05 06:20:17,326 - root - DEBUG - Processing 40-th line out of 2500 rows of DP table...
2022-01-05 06:20:18,154 - root - DEBUG - Processing 50-th line out of 2500 rows of DP table...
2022-01-05 06:20:18,983 - root - DEBUG - Processing 60-th line out of 2500 rows of DP table...
2022-01-05 06:20:19,804 - root - DEBUG - Processing 70-th line out of 2500 rows of DP table...
2022-01-05 06:20:20,627 - root - DEBUG - Processing 80-th line out of 2500 rows of DP table...
2022-01-05 06:20:21,447 - root - DEBUG - Processing 90-th line out of 2500 rows of DP table...
2022-01-05 06:20:22,260 - root - DEBUG - Processing 100-th line out of 2500 rows of DP table...
2022-01-05 06:20:23,077 - root - DEBUG - Processing 110-th line out of 2500 rows of DP table...
2022-01-05 06:20:23,881 - root - DEBUG - Processing 120-th line out of 2500 rows of DP table...
2022-01-05 06:20:24,683 - root - DEBUG - Processing 130-th line out of 2500 rows of DP table...
2022-01-05 06:20:25,484 - root - DEBUG - Processing 140-th line out of 2500 rows of DP table...
2022-01-05 06:20:26,275 - root - DEBUG - Processing 150-th line out of 2500 rows of DP table...
2022-01-05 06:20:27,074 - root - DEBUG - Processing 160-th line out of 2500 rows of DP table...
2022-01-05 06:20:27,871 - root - DEBUG - Processing 170-th line out of 2500 rows of DP table...
2022-01-05 06:20:28,655 - root - DEBUG - Processing 180-th line out of 2500 rows of DP table...
2022-01-05 06:20:29,436 - root - DEBUG - Processing 190-th line out of 2500 rows of DP table...
2022-01-05 06:20:30,219 - root - DEBUG - Processing 200-th line out of 2500 rows of DP table...
2022-01-05 06:20:30,997 - root - DEBUG - Processing 210-th line out of 2500 rows of DP table...
2022-01-05 06:20:31,772 - root - DEBUG - Processing 220-th line out of 2500 rows of DP table...
2022-01-05 06:20:32,540 - root - DEBUG - Processing 230-th line out of 2500 rows of DP table...
2022-01-05 06:20:33,383 - root - DEBUG - Processing 240-th line out of 2500 rows of DP table...
2022-01-05 06:20:34,154 - root - DEBUG - Processing 250-th line out of 2500 rows of DP table...
2022-01-05 06:20:34,913 - root - DEBUG - Processing 260-th line out of 2500 rows of DP table...
2022-01-05 06:20:35,669 - root - DEBUG - Processing 270-th line out of 2500 rows of DP table...
2022-01-05 06:20:36,428 - root - DEBUG - Processing 280-th line out of 2500 rows of DP table...
2022-01-05 06:20:37,177 - root - DEBUG - Processing 290-th line out of 2500 rows of DP table...
2022-01-05 06:20:37,922 - root - DEBUG - Processing 300-th line out of 2500 rows of DP table...
2022-01-05 06:20:38,666 - root - DEBUG - Processing 310-th line out of 2500 rows of DP table...
2022-01-05 06:20:39,406 - root - DEBUG - Processing 320-th line out of 2500 rows of DP table...
2022-01-05 06:20:40,145 - root - DEBUG - Processing 330-th line out of 2500 rows of DP table...
2022-01-05 06:20:40,898 - root - DEBUG - Processing 340-th line out of 2500 rows of DP table...
2022-01-05 06:20:41,627 - root - DEBUG - Processing 350-th line out of 2500 rows of DP table...
2022-01-05 06:20:42,354 - root - DEBUG - Processing 360-th line out of 2500 rows of DP table...
2022-01-05 06:20:43,083 - root - DEBUG - Processing 370-th line out of 2500 rows of DP table...
2022-01-05 06:20:43,801 - root - DEBUG - Processing 380-th line out of 2500 rows of DP table...
2022-01-05 06:20:44,522 - root - DEBUG - Processing 390-th line out of 2500 rows of DP table...
2022-01-05 06:20:45,234 - root - DEBUG - Processing 400-th line out of 2500 rows of DP table...
2022-01-05 06:20:45,942 - root - DEBUG - Processing 410-th line out of 2500 rows of DP table...
2022-01-05 06:20:46,651 - root - DEBUG - Processing 420-th line out of 2500 rows of DP table...
2022-01-05 06:20:47,352 - root - DEBUG - Processing 430-th line out of 2500 rows of DP table...
2022-01-05 06:20:48,052 - root - DEBUG - Processing 440-th line out of 2500 rows of DP table...
2022-01-05 06:20:48,756 - root - DEBUG - Processing 450-th line out of 2500 rows of DP table...
2022-01-05 06:20:49,450 - root - DEBUG - Processing 460-th line out of 2500 rows of DP table...
2022-01-05 06:20:50,140 - root - DEBUG - Processing 470-th line out of 2500 rows of DP table...
2022-01-05 06:20:50,825 - root - DEBUG - Processing 480-th line out of 2500 rows of DP table...
2022-01-05 06:20:51,514 - root - DEBUG - Processing 490-th line out of 2500 rows of DP table...
2022-01-05 06:20:52,201 - root - DEBUG - Processing 500-th line out of 2500 rows of DP table...
2022-01-05 06:20:52,876 - root - DEBUG - Processing 510-th line out of 2500 rows of DP table...
2022-01-05 06:20:53,553 - root - DEBUG - Processing 520-th line out of 2500 rows of DP table...
2022-01-05 06:20:54,221 - root - DEBUG - Processing 530-th line out of 2500 rows of DP table...
2022-01-05 06:20:54,891 - root - DEBUG - Processing 540-th line out of 2500 rows of DP table...
2022-01-05 06:20:55,559 - root - DEBUG - Processing 550-th line out of 2500 rows of DP table...
2022-01-05 06:20:56,223 - root - DEBUG - Processing 560-th line out of 2500 rows of DP table...
2022-01-05 06:20:56,877 - root - DEBUG - Processing 570-th line out of 2500 rows of DP table...
2022-01-05 06:20:57,533 - root - DEBUG - Processing 580-th line out of 2500 rows of DP table...
2022-01-05 06:20:58,190 - root - DEBUG - Processing 590-th line out of 2500 rows of DP table...
2022-01-05 06:20:58,836 - root - DEBUG - Processing 600-th line out of 2500 rows of DP table...
2022-01-05 06:20:59,487 - root - DEBUG - Processing 610-th line out of 2500 rows of DP table...
2022-01-05 06:21:00,122 - root - DEBUG - Processing 620-th line out of 2500 rows of DP table...
2022-01-05 06:21:00,759 - root - DEBUG - Processing 630-th line out of 2500 rows of DP table...
2022-01-05 06:21:01,392 - root - DEBUG - Processing 640-th line out of 2500 rows of DP table...
2022-01-05 06:21:02,024 - root - DEBUG - Processing 650-th line out of 2500 rows of DP table...
2022-01-05 06:21:02,652 - root - DEBUG - Processing 660-th line out of 2500 rows of DP table...
2022-01-05 06:21:03,271 - root - DEBUG - Processing 670-th line out of 2500 rows of DP table...
2022-01-05 06:21:03,894 - root - DEBUG - Processing 680-th line out of 2500 rows of DP table...
2022-01-05 06:21:04,516 - root - DEBUG - Processing 690-th line out of 2500 rows of DP table...
2022-01-05 06:21:05,128 - root - DEBUG - Processing 700-th line out of 2500 rows of DP table...
2022-01-05 06:21:05,740 - root - DEBUG - Processing 710-th line out of 2500 rows of DP table...
2022-01-05 06:21:06,351 - root - DEBUG - Processing 720-th line out of 2500 rows of DP table...
2022-01-05 06:21:06,951 - root - DEBUG - Processing 730-th line out of 2500 rows of DP table...
2022-01-05 06:21:07,551 - root - DEBUG - Processing 740-th line out of 2500 rows of DP table...
2022-01-05 06:21:08,150 - root - DEBUG - Processing 750-th line out of 2500 rows of DP table...
2022-01-05 06:21:08,748 - root - DEBUG - Processing 760-th line out of 2500 rows of DP table...
2022-01-05 06:21:09,337 - root - DEBUG - Processing 770-th line out of 2500 rows of DP table...
2022-01-05 06:21:09,923 - root - DEBUG - Processing 780-th line out of 2500 rows of DP table...
2022-01-05 06:21:10,507 - root - DEBUG - Processing 790-th line out of 2500 rows of DP table...
2022-01-05 06:21:11,090 - root - DEBUG - Processing 800-th line out of 2500 rows of DP table...
2022-01-05 06:21:11,665 - root - DEBUG - Processing 810-th line out of 2500 rows of DP table...
2022-01-05 06:21:12,244 - root - DEBUG - Processing 820-th line out of 2500 rows of DP table...
2022-01-05 06:21:12,813 - root - DEBUG - Processing 830-th line out of 2500 rows of DP table...
2022-01-05 06:21:13,381 - root - DEBUG - Processing 840-th line out of 2500 rows of DP table...
2022-01-05 06:21:13,972 - root - DEBUG - Processing 850-th line out of 2500 rows of DP table...
2022-01-05 06:21:14,538 - root - DEBUG - Processing 860-th line out of 2500 rows of DP table...
2022-01-05 06:21:15,098 - root - DEBUG - Processing 870-th line out of 2500 rows of DP table...
2022-01-05 06:21:15,651 - root - DEBUG - Processing 880-th line out of 2500 rows of DP table...
2022-01-05 06:21:16,198 - root - DEBUG - Processing 890-th line out of 2500 rows of DP table...
2022-01-05 06:21:16,749 - root - DEBUG - Processing 900-th line out of 2500 rows of DP table...
2022-01-05 06:21:17,293 - root - DEBUG - Processing 910-th line out of 2500 rows of DP table...
2022-01-05 06:21:17,834 - root - DEBUG - Processing 920-th line out of 2500 rows of DP table...
2022-01-05 06:21:18,377 - root - DEBUG - Processing 930-th line out of 2500 rows of DP table...
2022-01-05 06:21:18,919 - root - DEBUG - Processing 940-th line out of 2500 rows of DP table...
2022-01-05 06:21:19,450 - root - DEBUG - Processing 950-th line out of 2500 rows of DP table...
2022-01-05 06:21:19,975 - root - DEBUG - Processing 960-th line out of 2500 rows of DP table...
2022-01-05 06:21:20,498 - root - DEBUG - Processing 970-th line out of 2500 rows of DP table...
2022-01-05 06:21:21,026 - root - DEBUG - Processing 980-th line out of 2500 rows of DP table...
2022-01-05 06:21:21,552 - root - DEBUG - Processing 990-th line out of 2500 rows of DP table...
2022-01-05 06:21:22,070 - root - DEBUG - Processing 1000-th line out of 2500 rows of DP table...
2022-01-05 06:21:22,580 - root - DEBUG - Processing 1010-th line out of 2500 rows of DP table...
2022-01-05 06:21:23,092 - root - DEBUG - Processing 1020-th line out of 2500 rows of DP table...
2022-01-05 06:21:23,598 - root - DEBUG - Processing 1030-th line out of 2500 rows of DP table...
2022-01-05 06:21:24,100 - root - DEBUG - Processing 1040-th line out of 2500 rows of DP table...
2022-01-05 06:21:24,597 - root - DEBUG - Processing 1050-th line out of 2500 rows of DP table...
2022-01-05 06:21:25,096 - root - DEBUG - Processing 1060-th line out of 2500 rows of DP table...
2022-01-05 06:21:25,590 - root - DEBUG - Processing 1070-th line out of 2500 rows of DP table...
2022-01-05 06:21:26,075 - root - DEBUG - Processing 1080-th line out of 2500 rows of DP table...
2022-01-05 06:21:26,557 - root - DEBUG - Processing 1090-th line out of 2500 rows of DP table...
2022-01-05 06:21:27,039 - root - DEBUG - Processing 1100-th line out of 2500 rows of DP table...
2022-01-05 06:21:27,523 - root - DEBUG - Processing 1110-th line out of 2500 rows of DP table...
2022-01-05 06:21:27,999 - root - DEBUG - Processing 1120-th line out of 2500 rows of DP table...
2022-01-05 06:21:28,467 - root - DEBUG - Processing 1130-th line out of 2500 rows of DP table...
2022-01-05 06:21:28,932 - root - DEBUG - Processing 1140-th line out of 2500 rows of DP table...
2022-01-05 06:21:29,399 - root - DEBUG - Processing 1150-th line out of 2500 rows of DP table...
2022-01-05 06:21:29,860 - root - DEBUG - Processing 1160-th line out of 2500 rows of DP table...
2022-01-05 06:21:30,319 - root - DEBUG - Processing 1170-th line out of 2500 rows of DP table...
2022-01-05 06:21:30,772 - root - DEBUG - Processing 1180-th line out of 2500 rows of DP table...
2022-01-05 06:21:31,225 - root - DEBUG - Processing 1190-th line out of 2500 rows of DP table...
2022-01-05 06:21:31,679 - root - DEBUG - Processing 1200-th line out of 2500 rows of DP table...
2022-01-05 06:21:32,125 - root - DEBUG - Processing 1210-th line out of 2500 rows of DP table...
2022-01-05 06:21:32,568 - root - DEBUG - Processing 1220-th line out of 2500 rows of DP table...
2022-01-05 06:21:33,004 - root - DEBUG - Processing 1230-th line out of 2500 rows of DP table...
2022-01-05 06:21:33,438 - root - DEBUG - Processing 1240-th line out of 2500 rows of DP table...
2022-01-05 06:21:33,874 - root - DEBUG - Processing 1250-th line out of 2500 rows of DP table...
2022-01-05 06:21:34,301 - root - DEBUG - Processing 1260-th line out of 2500 rows of DP table...
2022-01-05 06:21:34,728 - root - DEBUG - Processing 1270-th line out of 2500 rows of DP table...
2022-01-05 06:21:35,149 - root - DEBUG - Processing 1280-th line out of 2500 rows of DP table...
2022-01-05 06:21:35,566 - root - DEBUG - Processing 1290-th line out of 2500 rows of DP table...
2022-01-05 06:21:35,983 - root - DEBUG - Processing 1300-th line out of 2500 rows of DP table...
2022-01-05 06:21:36,393 - root - DEBUG - Processing 1310-th line out of 2500 rows of DP table...
2022-01-05 06:21:36,802 - root - DEBUG - Processing 1320-th line out of 2500 rows of DP table...
2022-01-05 06:21:37,207 - root - DEBUG - Processing 1330-th line out of 2500 rows of DP table...
2022-01-05 06:21:37,611 - root - DEBUG - Processing 1340-th line out of 2500 rows of DP table...
2022-01-05 06:21:38,014 - root - DEBUG - Processing 1350-th line out of 2500 rows of DP table...
2022-01-05 06:21:38,409 - root - DEBUG - Processing 1360-th line out of 2500 rows of DP table...
2022-01-05 06:21:38,802 - root - DEBUG - Processing 1370-th line out of 2500 rows of DP table...
2022-01-05 06:21:39,189 - root - DEBUG - Processing 1380-th line out of 2500 rows of DP table...
2022-01-05 06:21:39,574 - root - DEBUG - Processing 1390-th line out of 2500 rows of DP table...
2022-01-05 06:21:39,956 - root - DEBUG - Processing 1400-th line out of 2500 rows of DP table...
2022-01-05 06:21:40,343 - root - DEBUG - Processing 1410-th line out of 2500 rows of DP table...
2022-01-05 06:21:40,719 - root - DEBUG - Processing 1420-th line out of 2500 rows of DP table...
2022-01-05 06:21:41,090 - root - DEBUG - Processing 1430-th line out of 2500 rows of DP table...
2022-01-05 06:21:41,459 - root - DEBUG - Processing 1440-th line out of 2500 rows of DP table...
2022-01-05 06:21:41,823 - root - DEBUG - Processing 1450-th line out of 2500 rows of DP table...
2022-01-05 06:21:42,182 - root - DEBUG - Processing 1460-th line out of 2500 rows of DP table...
2022-01-05 06:21:42,545 - root - DEBUG - Processing 1470-th line out of 2500 rows of DP table...
2022-01-05 06:21:42,953 - root - DEBUG - Processing 1480-th line out of 2500 rows of DP table...
2022-01-05 06:21:43,307 - root - DEBUG - Processing 1490-th line out of 2500 rows of DP table...
2022-01-05 06:21:43,656 - root - DEBUG - Processing 1500-th line out of 2500 rows of DP table...
2022-01-05 06:21:44,003 - root - DEBUG - Processing 1510-th line out of 2500 rows of DP table...
2022-01-05 06:21:44,344 - root - DEBUG - Processing 1520-th line out of 2500 rows of DP table...
2022-01-05 06:21:44,688 - root - DEBUG - Processing 1530-th line out of 2500 rows of DP table...
2022-01-05 06:21:45,023 - root - DEBUG - Processing 1540-th line out of 2500 rows of DP table...
2022-01-05 06:21:45,356 - root - DEBUG - Processing 1550-th line out of 2500 rows of DP table...
2022-01-05 06:21:45,685 - root - DEBUG - Processing 1560-th line out of 2500 rows of DP table...
2022-01-05 06:21:46,011 - root - DEBUG - Processing 1570-th line out of 2500 rows of DP table...
2022-01-05 06:21:46,334 - root - DEBUG - Processing 1580-th line out of 2500 rows of DP table...
2022-01-05 06:21:46,660 - root - DEBUG - Processing 1590-th line out of 2500 rows of DP table...
2022-01-05 06:21:46,975 - root - DEBUG - Processing 1600-th line out of 2500 rows of DP table...
2022-01-05 06:21:47,288 - root - DEBUG - Processing 1610-th line out of 2500 rows of DP table...
2022-01-05 06:21:47,597 - root - DEBUG - Processing 1620-th line out of 2500 rows of DP table...
2022-01-05 06:21:47,902 - root - DEBUG - Processing 1630-th line out of 2500 rows of DP table...
2022-01-05 06:21:48,203 - root - DEBUG - Processing 1640-th line out of 2500 rows of DP table...
2022-01-05 06:21:48,506 - root - DEBUG - Processing 1650-th line out of 2500 rows of DP table...
2022-01-05 06:21:48,808 - root - DEBUG - Processing 1660-th line out of 2500 rows of DP table...
2022-01-05 06:21:49,099 - root - DEBUG - Processing 1670-th line out of 2500 rows of DP table...
2022-01-05 06:21:49,386 - root - DEBUG - Processing 1680-th line out of 2500 rows of DP table...
2022-01-05 06:21:49,672 - root - DEBUG - Processing 1690-th line out of 2500 rows of DP table...
2022-01-05 06:21:49,965 - root - DEBUG - Processing 1700-th line out of 2500 rows of DP table...
2022-01-05 06:21:50,246 - root - DEBUG - Processing 1710-th line out of 2500 rows of DP table...
2022-01-05 06:21:50,522 - root - DEBUG - Processing 1720-th line out of 2500 rows of DP table...
2022-01-05 06:21:50,795 - root - DEBUG - Processing 1730-th line out of 2500 rows of DP table...
2022-01-05 06:21:51,068 - root - DEBUG - Processing 1740-th line out of 2500 rows of DP table...
2022-01-05 06:21:51,334 - root - DEBUG - Processing 1750-th line out of 2500 rows of DP table...
2022-01-05 06:21:51,595 - root - DEBUG - Processing 1760-th line out of 2500 rows of DP table...
2022-01-05 06:21:51,854 - root - DEBUG - Processing 1770-th line out of 2500 rows of DP table...
2022-01-05 06:21:52,109 - root - DEBUG - Processing 1780-th line out of 2500 rows of DP table...
2022-01-05 06:21:52,359 - root - DEBUG - Processing 1790-th line out of 2500 rows of DP table...
2022-01-05 06:21:52,607 - root - DEBUG - Processing 1800-th line out of 2500 rows of DP table...
2022-01-05 06:21:52,853 - root - DEBUG - Processing 1810-th line out of 2500 rows of DP table...
2022-01-05 06:21:53,099 - root - DEBUG - Processing 1820-th line out of 2500 rows of DP table...
2022-01-05 06:21:53,339 - root - DEBUG - Processing 1830-th line out of 2500 rows of DP table...
2022-01-05 06:21:53,572 - root - DEBUG - Processing 1840-th line out of 2500 rows of DP table...
2022-01-05 06:21:53,805 - root - DEBUG - Processing 1850-th line out of 2500 rows of DP table...
2022-01-05 06:21:54,034 - root - DEBUG - Processing 1860-th line out of 2500 rows of DP table...
2022-01-05 06:21:54,259 - root - DEBUG - Processing 1870-th line out of 2500 rows of DP table...
2022-01-05 06:21:54,479 - root - DEBUG - Processing 1880-th line out of 2500 rows of DP table...
2022-01-05 06:21:54,696 - root - DEBUG - Processing 1890-th line out of 2500 rows of DP table...
2022-01-05 06:21:54,911 - root - DEBUG - Processing 1900-th line out of 2500 rows of DP table...
2022-01-05 06:21:55,123 - root - DEBUG - Processing 1910-th line out of 2500 rows of DP table...
2022-01-05 06:21:55,335 - root - DEBUG - Processing 1920-th line out of 2500 rows of DP table...
2022-01-05 06:21:55,539 - root - DEBUG - Processing 1930-th line out of 2500 rows of DP table...
2022-01-05 06:21:55,740 - root - DEBUG - Processing 1940-th line out of 2500 rows of DP table...
2022-01-05 06:21:55,937 - root - DEBUG - Processing 1950-th line out of 2500 rows of DP table...
2022-01-05 06:21:56,132 - root - DEBUG - Processing 1960-th line out of 2500 rows of DP table...
2022-01-05 06:21:56,325 - root - DEBUG - Processing 1970-th line out of 2500 rows of DP table...
2022-01-05 06:21:56,513 - root - DEBUG - Processing 1980-th line out of 2500 rows of DP table...
2022-01-05 06:21:56,698 - root - DEBUG - Processing 1990-th line out of 2500 rows of DP table...
2022-01-05 06:21:56,877 - root - DEBUG - Processing 2000-th line out of 2500 rows of DP table...
2022-01-05 06:21:57,056 - root - DEBUG - Processing 2010-th line out of 2500 rows of DP table...
2022-01-05 06:21:57,230 - root - DEBUG - Processing 2020-th line out of 2500 rows of DP table...
2022-01-05 06:21:57,405 - root - DEBUG - Processing 2030-th line out of 2500 rows of DP table...
2022-01-05 06:21:57,573 - root - DEBUG - Processing 2040-th line out of 2500 rows of DP table...
2022-01-05 06:21:57,738 - root - DEBUG - Processing 2050-th line out of 2500 rows of DP table...
2022-01-05 06:21:57,900 - root - DEBUG - Processing 2060-th line out of 2500 rows of DP table...
2022-01-05 06:21:58,060 - root - DEBUG - Processing 2070-th line out of 2500 rows of DP table...
2022-01-05 06:21:58,214 - root - DEBUG - Processing 2080-th line out of 2500 rows of DP table...
2022-01-05 06:21:58,365 - root - DEBUG - Processing 2090-th line out of 2500 rows of DP table...
2022-01-05 06:21:58,513 - root - DEBUG - Processing 2100-th line out of 2500 rows of DP table...
2022-01-05 06:21:58,658 - root - DEBUG - Processing 2110-th line out of 2500 rows of DP table...
2022-01-05 06:21:58,799 - root - DEBUG - Processing 2120-th line out of 2500 rows of DP table...
2022-01-05 06:21:58,936 - root - DEBUG - Processing 2130-th line out of 2500 rows of DP table...
2022-01-05 06:21:59,071 - root - DEBUG - Processing 2140-th line out of 2500 rows of DP table...
2022-01-05 06:21:59,206 - root - DEBUG - Processing 2150-th line out of 2500 rows of DP table...
2022-01-05 06:21:59,335 - root - DEBUG - Processing 2160-th line out of 2500 rows of DP table...
2022-01-05 06:21:59,465 - root - DEBUG - Processing 2170-th line out of 2500 rows of DP table...
2022-01-05 06:21:59,586 - root - DEBUG - Processing 2180-th line out of 2500 rows of DP table...
2022-01-05 06:21:59,704 - root - DEBUG - Processing 2190-th line out of 2500 rows of DP table...
2022-01-05 06:21:59,819 - root - DEBUG - Processing 2200-th line out of 2500 rows of DP table...
2022-01-05 06:21:59,931 - root - DEBUG - Processing 2210-th line out of 2500 rows of DP table...
2022-01-05 06:22:00,040 - root - DEBUG - Processing 2220-th line out of 2500 rows of DP table...
2022-01-05 06:22:00,145 - root - DEBUG - Processing 2230-th line out of 2500 rows of DP table...
2022-01-05 06:22:00,247 - root - DEBUG - Processing 2240-th line out of 2500 rows of DP table...
2022-01-05 06:22:00,345 - root - DEBUG - Processing 2250-th line out of 2500 rows of DP table...
2022-01-05 06:22:00,440 - root - DEBUG - Processing 2260-th line out of 2500 rows of DP table...
2022-01-05 06:22:00,532 - root - DEBUG - Processing 2270-th line out of 2500 rows of DP table...
2022-01-05 06:22:00,621 - root - DEBUG - Processing 2280-th line out of 2500 rows of DP table...
2022-01-05 06:22:00,707 - root - DEBUG - Processing 2290-th line out of 2500 rows of DP table...
2022-01-05 06:22:00,789 - root - DEBUG - Processing 2300-th line out of 2500 rows of DP table...
2022-01-05 06:22:00,867 - root - DEBUG - Processing 2310-th line out of 2500 rows of DP table...
2022-01-05 06:22:00,941 - root - DEBUG - Processing 2320-th line out of 2500 rows of DP table...
2022-01-05 06:22:01,013 - root - DEBUG - Processing 2330-th line out of 2500 rows of DP table...
2022-01-05 06:22:01,082 - root - DEBUG - Processing 2340-th line out of 2500 rows of DP table...
2022-01-05 06:22:01,147 - root - DEBUG - Processing 2350-th line out of 2500 rows of DP table...
2022-01-05 06:22:01,211 - root - DEBUG - Processing 2360-th line out of 2500 rows of DP table...
2022-01-05 06:22:01,270 - root - DEBUG - Processing 2370-th line out of 2500 rows of DP table...
2022-01-05 06:22:01,326 - root - DEBUG - Processing 2380-th line out of 2500 rows of DP table...
2022-01-05 06:22:01,378 - root - DEBUG - Processing 2390-th line out of 2500 rows of DP table...
2022-01-05 06:22:01,427 - root - DEBUG - Processing 2400-th line out of 2500 rows of DP table...
2022-01-05 06:22:01,472 - root - DEBUG - Processing 2410-th line out of 2500 rows of DP table...
2022-01-05 06:22:01,514 - root - DEBUG - Processing 2420-th line out of 2500 rows of DP table...
2022-01-05 06:22:01,552 - root - DEBUG - Processing 2430-th line out of 2500 rows of DP table...
2022-01-05 06:22:01,592 - root - DEBUG - Processing 2440-th line out of 2500 rows of DP table...
2022-01-05 06:22:01,624 - root - DEBUG - Processing 2450-th line out of 2500 rows of DP table...
2022-01-05 06:22:01,652 - root - DEBUG - Processing 2460-th line out of 2500 rows of DP table...
2022-01-05 06:22:01,678 - root - DEBUG - Processing 2470-th line out of 2500 rows of DP table...
2022-01-05 06:22:01,699 - root - DEBUG - Processing 2480-th line out of 2500 rows of DP table...
2022-01-05 06:22:01,739 - root - DEBUG - Processing 2490-th line out of 2500 rows of DP table...
2022-01-05 06:22:01,754 - root - DEBUG - Processing 2500-th line out of 2500 rows of DP table...
2022-01-05 06:22:01,769 - root - DEBUG - Started computing joint logprobs...
