2022-01-05 07:48:47,951 - root - INFO - Loading reference interval set from '211227-2-sim/g24_8.ref.tsv'...
2022-01-05 07:48:47,972 - root - INFO - Loading query interval set from '211227-2-sim/g24_8.query.tsv'...
2022-01-05 07:48:48,006 - root - INFO - Loading chromosome sizes from '211227-2-sim/g24_sizes.tsv'...
2022-01-05 07:48:48,014 - root - INFO - Number of reference intervals: 2500 (2500 before merging)
2022-01-05 07:48:48,015 - root - INFO - Number of query intervals: 5000 (5000 before merging)
2022-01-05 07:48:48,017 - root - INFO - Number of chromosomes: 1
2022-01-05 07:48:48,027 - root - INFO - Overlap count: 2034
2022-01-05 07:48:48,029 - root - DEBUG - Started computing sf for chromosome 'chr1'...
2022-01-05 07:48:48,031 - root - DEBUG - m=2500, n=5000
2022-01-05 07:48:48,833 - root - DEBUG - Processing 10-th line out of 2500 rows of DP table...
2022-01-05 07:48:49,678 - root - DEBUG - Processing 20-th line out of 2500 rows of DP table...
2022-01-05 07:48:50,520 - root - DEBUG - Processing 30-th line out of 2500 rows of DP table...
2022-01-05 07:48:51,357 - root - DEBUG - Processing 40-th line out of 2500 rows of DP table...
2022-01-05 07:48:52,194 - root - DEBUG - Processing 50-th line out of 2500 rows of DP table...
2022-01-05 07:48:53,041 - root - DEBUG - Processing 60-th line out of 2500 rows of DP table...
2022-01-05 07:48:53,870 - root - DEBUG - Processing 70-th line out of 2500 rows of DP table...
2022-01-05 07:48:54,698 - root - DEBUG - Processing 80-th line out of 2500 rows of DP table...
2022-01-05 07:48:55,517 - root - DEBUG - Processing 90-th line out of 2500 rows of DP table...
2022-01-05 07:48:56,338 - root - DEBUG - Processing 100-th line out of 2500 rows of DP table...
2022-01-05 07:48:57,153 - root - DEBUG - Processing 110-th line out of 2500 rows of DP table...
2022-01-05 07:48:57,969 - root - DEBUG - Processing 120-th line out of 2500 rows of DP table...
2022-01-05 07:48:58,778 - root - DEBUG - Processing 130-th line out of 2500 rows of DP table...
2022-01-05 07:48:59,584 - root - DEBUG - Processing 140-th line out of 2500 rows of DP table...
2022-01-05 07:49:00,382 - root - DEBUG - Processing 150-th line out of 2500 rows of DP table...
2022-01-05 07:49:01,189 - root - DEBUG - Processing 160-th line out of 2500 rows of DP table...
2022-01-05 07:49:01,984 - root - DEBUG - Processing 170-th line out of 2500 rows of DP table...
2022-01-05 07:49:02,789 - root - DEBUG - Processing 180-th line out of 2500 rows of DP table...
2022-01-05 07:49:03,575 - root - DEBUG - Processing 190-th line out of 2500 rows of DP table...
2022-01-05 07:49:04,361 - root - DEBUG - Processing 200-th line out of 2500 rows of DP table...
2022-01-05 07:49:05,140 - root - DEBUG - Processing 210-th line out of 2500 rows of DP table...
2022-01-05 07:49:05,919 - root - DEBUG - Processing 220-th line out of 2500 rows of DP table...
2022-01-05 07:49:06,692 - root - DEBUG - Processing 230-th line out of 2500 rows of DP table...
2022-01-05 07:49:07,465 - root - DEBUG - Processing 240-th line out of 2500 rows of DP table...
2022-01-05 07:49:08,229 - root - DEBUG - Processing 250-th line out of 2500 rows of DP table...
2022-01-05 07:49:09,002 - root - DEBUG - Processing 260-th line out of 2500 rows of DP table...
2022-01-05 07:49:09,759 - root - DEBUG - Processing 270-th line out of 2500 rows of DP table...
2022-01-05 07:49:10,509 - root - DEBUG - Processing 280-th line out of 2500 rows of DP table...
2022-01-05 07:49:11,265 - root - DEBUG - Processing 290-th line out of 2500 rows of DP table...
2022-01-05 07:49:12,016 - root - DEBUG - Processing 300-th line out of 2500 rows of DP table...
2022-01-05 07:49:12,758 - root - DEBUG - Processing 310-th line out of 2500 rows of DP table...
2022-01-05 07:49:13,508 - root - DEBUG - Processing 320-th line out of 2500 rows of DP table...
2022-01-05 07:49:14,245 - root - DEBUG - Processing 330-th line out of 2500 rows of DP table...
2022-01-05 07:49:14,980 - root - DEBUG - Processing 340-th line out of 2500 rows of DP table...
2022-01-05 07:49:15,713 - root - DEBUG - Processing 350-th line out of 2500 rows of DP table...
2022-01-05 07:49:16,445 - root - DEBUG - Processing 360-th line out of 2500 rows of DP table...
2022-01-05 07:49:17,171 - root - DEBUG - Processing 370-th line out of 2500 rows of DP table...
2022-01-05 07:49:17,894 - root - DEBUG - Processing 380-th line out of 2500 rows of DP table...
2022-01-05 07:49:18,620 - root - DEBUG - Processing 390-th line out of 2500 rows of DP table...
2022-01-05 07:49:19,332 - root - DEBUG - Processing 400-th line out of 2500 rows of DP table...
2022-01-05 07:49:20,044 - root - DEBUG - Processing 410-th line out of 2500 rows of DP table...
2022-01-05 07:49:20,751 - root - DEBUG - Processing 420-th line out of 2500 rows of DP table...
2022-01-05 07:49:21,454 - root - DEBUG - Processing 430-th line out of 2500 rows of DP table...
2022-01-05 07:49:22,167 - root - DEBUG - Processing 440-th line out of 2500 rows of DP table...
2022-01-05 07:49:22,868 - root - DEBUG - Processing 450-th line out of 2500 rows of DP table...
2022-01-05 07:49:23,565 - root - DEBUG - Processing 460-th line out of 2500 rows of DP table...
2022-01-05 07:49:24,263 - root - DEBUG - Processing 470-th line out of 2500 rows of DP table...
2022-01-05 07:49:24,950 - root - DEBUG - Processing 480-th line out of 2500 rows of DP table...
2022-01-05 07:49:25,635 - root - DEBUG - Processing 490-th line out of 2500 rows of DP table...
2022-01-05 07:49:26,320 - root - DEBUG - Processing 500-th line out of 2500 rows of DP table...
2022-01-05 07:49:26,998 - root - DEBUG - Processing 510-th line out of 2500 rows of DP table...
2022-01-05 07:49:27,676 - root - DEBUG - Processing 520-th line out of 2500 rows of DP table...
2022-01-05 07:49:28,350 - root - DEBUG - Processing 530-th line out of 2500 rows of DP table...
2022-01-05 07:49:29,016 - root - DEBUG - Processing 540-th line out of 2500 rows of DP table...
2022-01-05 07:49:29,685 - root - DEBUG - Processing 550-th line out of 2500 rows of DP table...
2022-01-05 07:49:30,353 - root - DEBUG - Processing 560-th line out of 2500 rows of DP table...
2022-01-05 07:49:31,010 - root - DEBUG - Processing 570-th line out of 2500 rows of DP table...
2022-01-05 07:49:31,666 - root - DEBUG - Processing 580-th line out of 2500 rows of DP table...
2022-01-05 07:49:32,319 - root - DEBUG - Processing 590-th line out of 2500 rows of DP table...
2022-01-05 07:49:32,966 - root - DEBUG - Processing 600-th line out of 2500 rows of DP table...
2022-01-05 07:49:33,612 - root - DEBUG - Processing 610-th line out of 2500 rows of DP table...
2022-01-05 07:49:34,253 - root - DEBUG - Processing 620-th line out of 2500 rows of DP table...
2022-01-05 07:49:34,956 - root - DEBUG - Processing 630-th line out of 2500 rows of DP table...
2022-01-05 07:49:35,593 - root - DEBUG - Processing 640-th line out of 2500 rows of DP table...
2022-01-05 07:49:36,225 - root - DEBUG - Processing 650-th line out of 2500 rows of DP table...
2022-01-05 07:49:36,854 - root - DEBUG - Processing 660-th line out of 2500 rows of DP table...
2022-01-05 07:49:37,481 - root - DEBUG - Processing 670-th line out of 2500 rows of DP table...
2022-01-05 07:49:38,103 - root - DEBUG - Processing 680-th line out of 2500 rows of DP table...
2022-01-05 07:49:38,731 - root - DEBUG - Processing 690-th line out of 2500 rows of DP table...
2022-01-05 07:49:39,347 - root - DEBUG - Processing 700-th line out of 2500 rows of DP table...
2022-01-05 07:49:39,960 - root - DEBUG - Processing 710-th line out of 2500 rows of DP table...
2022-01-05 07:49:40,568 - root - DEBUG - Processing 720-th line out of 2500 rows of DP table...
2022-01-05 07:49:41,170 - root - DEBUG - Processing 730-th line out of 2500 rows of DP table...
2022-01-05 07:49:41,770 - root - DEBUG - Processing 740-th line out of 2500 rows of DP table...
2022-01-05 07:49:42,386 - root - DEBUG - Processing 750-th line out of 2500 rows of DP table...
2022-01-05 07:49:42,984 - root - DEBUG - Processing 760-th line out of 2500 rows of DP table...
2022-01-05 07:49:43,576 - root - DEBUG - Processing 770-th line out of 2500 rows of DP table...
2022-01-05 07:49:44,168 - root - DEBUG - Processing 780-th line out of 2500 rows of DP table...
2022-01-05 07:49:44,754 - root - DEBUG - Processing 790-th line out of 2500 rows of DP table...
2022-01-05 07:49:45,339 - root - DEBUG - Processing 800-th line out of 2500 rows of DP table...
2022-01-05 07:49:45,916 - root - DEBUG - Processing 810-th line out of 2500 rows of DP table...
2022-01-05 07:49:46,491 - root - DEBUG - Processing 820-th line out of 2500 rows of DP table...
2022-01-05 07:49:47,066 - root - DEBUG - Processing 830-th line out of 2500 rows of DP table...
2022-01-05 07:49:47,636 - root - DEBUG - Processing 840-th line out of 2500 rows of DP table...
2022-01-05 07:49:48,204 - root - DEBUG - Processing 850-th line out of 2500 rows of DP table...
2022-01-05 07:49:48,767 - root - DEBUG - Processing 860-th line out of 2500 rows of DP table...
2022-01-05 07:49:49,328 - root - DEBUG - Processing 870-th line out of 2500 rows of DP table...
2022-01-05 07:49:49,883 - root - DEBUG - Processing 880-th line out of 2500 rows of DP table...
2022-01-05 07:49:50,445 - root - DEBUG - Processing 890-th line out of 2500 rows of DP table...
2022-01-05 07:49:50,997 - root - DEBUG - Processing 900-th line out of 2500 rows of DP table...
2022-01-05 07:49:51,544 - root - DEBUG - Processing 910-th line out of 2500 rows of DP table...
2022-01-05 07:49:52,084 - root - DEBUG - Processing 920-th line out of 2500 rows of DP table...
2022-01-05 07:49:52,627 - root - DEBUG - Processing 930-th line out of 2500 rows of DP table...
2022-01-05 07:49:53,162 - root - DEBUG - Processing 940-th line out of 2500 rows of DP table...
2022-01-05 07:49:53,694 - root - DEBUG - Processing 950-th line out of 2500 rows of DP table...
2022-01-05 07:49:54,223 - root - DEBUG - Processing 960-th line out of 2500 rows of DP table...
2022-01-05 07:49:54,747 - root - DEBUG - Processing 970-th line out of 2500 rows of DP table...
2022-01-05 07:49:55,269 - root - DEBUG - Processing 980-th line out of 2500 rows of DP table...
2022-01-05 07:49:55,792 - root - DEBUG - Processing 990-th line out of 2500 rows of DP table...
2022-01-05 07:49:56,306 - root - DEBUG - Processing 1000-th line out of 2500 rows of DP table...
2022-01-05 07:49:56,817 - root - DEBUG - Processing 1010-th line out of 2500 rows of DP table...
2022-01-05 07:49:57,327 - root - DEBUG - Processing 1020-th line out of 2500 rows of DP table...
2022-01-05 07:49:57,840 - root - DEBUG - Processing 1030-th line out of 2500 rows of DP table...
2022-01-05 07:49:58,342 - root - DEBUG - Processing 1040-th line out of 2500 rows of DP table...
2022-01-05 07:49:58,840 - root - DEBUG - Processing 1050-th line out of 2500 rows of DP table...
2022-01-05 07:49:59,337 - root - DEBUG - Processing 1060-th line out of 2500 rows of DP table...
2022-01-05 07:49:59,835 - root - DEBUG - Processing 1070-th line out of 2500 rows of DP table...
2022-01-05 07:50:00,323 - root - DEBUG - Processing 1080-th line out of 2500 rows of DP table...
2022-01-05 07:50:00,808 - root - DEBUG - Processing 1090-th line out of 2500 rows of DP table...
2022-01-05 07:50:01,286 - root - DEBUG - Processing 1100-th line out of 2500 rows of DP table...
2022-01-05 07:50:01,767 - root - DEBUG - Processing 1110-th line out of 2500 rows of DP table...
2022-01-05 07:50:02,243 - root - DEBUG - Processing 1120-th line out of 2500 rows of DP table...
2022-01-05 07:50:02,716 - root - DEBUG - Processing 1130-th line out of 2500 rows of DP table...
2022-01-05 07:50:03,188 - root - DEBUG - Processing 1140-th line out of 2500 rows of DP table...
2022-01-05 07:50:03,653 - root - DEBUG - Processing 1150-th line out of 2500 rows of DP table...
2022-01-05 07:50:04,118 - root - DEBUG - Processing 1160-th line out of 2500 rows of DP table...
2022-01-05 07:50:04,578 - root - DEBUG - Processing 1170-th line out of 2500 rows of DP table...
2022-01-05 07:50:05,033 - root - DEBUG - Processing 1180-th line out of 2500 rows of DP table...
2022-01-05 07:50:05,485 - root - DEBUG - Processing 1190-th line out of 2500 rows of DP table...
2022-01-05 07:50:05,933 - root - DEBUG - Processing 1200-th line out of 2500 rows of DP table...
2022-01-05 07:50:06,379 - root - DEBUG - Processing 1210-th line out of 2500 rows of DP table...
2022-01-05 07:50:06,819 - root - DEBUG - Processing 1220-th line out of 2500 rows of DP table...
2022-01-05 07:50:07,256 - root - DEBUG - Processing 1230-th line out of 2500 rows of DP table...
2022-01-05 07:50:07,689 - root - DEBUG - Processing 1240-th line out of 2500 rows of DP table...
2022-01-05 07:50:08,125 - root - DEBUG - Processing 1250-th line out of 2500 rows of DP table...
2022-01-05 07:50:08,555 - root - DEBUG - Processing 1260-th line out of 2500 rows of DP table...
2022-01-05 07:50:08,981 - root - DEBUG - Processing 1270-th line out of 2500 rows of DP table...
2022-01-05 07:50:09,404 - root - DEBUG - Processing 1280-th line out of 2500 rows of DP table...
2022-01-05 07:50:09,822 - root - DEBUG - Processing 1290-th line out of 2500 rows of DP table...
2022-01-05 07:50:10,237 - root - DEBUG - Processing 1300-th line out of 2500 rows of DP table...
2022-01-05 07:50:10,649 - root - DEBUG - Processing 1310-th line out of 2500 rows of DP table...
2022-01-05 07:50:11,058 - root - DEBUG - Processing 1320-th line out of 2500 rows of DP table...
2022-01-05 07:50:11,462 - root - DEBUG - Processing 1330-th line out of 2500 rows of DP table...
2022-01-05 07:50:11,864 - root - DEBUG - Processing 1340-th line out of 2500 rows of DP table...
2022-01-05 07:50:12,266 - root - DEBUG - Processing 1350-th line out of 2500 rows of DP table...
2022-01-05 07:50:12,662 - root - DEBUG - Processing 1360-th line out of 2500 rows of DP table...
2022-01-05 07:50:13,054 - root - DEBUG - Processing 1370-th line out of 2500 rows of DP table...
2022-01-05 07:50:13,444 - root - DEBUG - Processing 1380-th line out of 2500 rows of DP table...
2022-01-05 07:50:13,831 - root - DEBUG - Processing 1390-th line out of 2500 rows of DP table...
2022-01-05 07:50:14,212 - root - DEBUG - Processing 1400-th line out of 2500 rows of DP table...
2022-01-05 07:50:14,591 - root - DEBUG - Processing 1410-th line out of 2500 rows of DP table...
2022-01-05 07:50:14,968 - root - DEBUG - Processing 1420-th line out of 2500 rows of DP table...
2022-01-05 07:50:15,339 - root - DEBUG - Processing 1430-th line out of 2500 rows of DP table...
2022-01-05 07:50:15,706 - root - DEBUG - Processing 1440-th line out of 2500 rows of DP table...
2022-01-05 07:50:16,070 - root - DEBUG - Processing 1450-th line out of 2500 rows of DP table...
2022-01-05 07:50:16,430 - root - DEBUG - Processing 1460-th line out of 2500 rows of DP table...
2022-01-05 07:50:16,790 - root - DEBUG - Processing 1470-th line out of 2500 rows of DP table...
2022-01-05 07:50:17,144 - root - DEBUG - Processing 1480-th line out of 2500 rows of DP table...
2022-01-05 07:50:17,496 - root - DEBUG - Processing 1490-th line out of 2500 rows of DP table...
2022-01-05 07:50:17,847 - root - DEBUG - Processing 1500-th line out of 2500 rows of DP table...
2022-01-05 07:50:18,193 - root - DEBUG - Processing 1510-th line out of 2500 rows of DP table...
2022-01-05 07:50:18,534 - root - DEBUG - Processing 1520-th line out of 2500 rows of DP table...
2022-01-05 07:50:18,873 - root - DEBUG - Processing 1530-th line out of 2500 rows of DP table...
2022-01-05 07:50:19,210 - root - DEBUG - Processing 1540-th line out of 2500 rows of DP table...
2022-01-05 07:50:19,542 - root - DEBUG - Processing 1550-th line out of 2500 rows of DP table...
2022-01-05 07:50:19,871 - root - DEBUG - Processing 1560-th line out of 2500 rows of DP table...
2022-01-05 07:50:20,199 - root - DEBUG - Processing 1570-th line out of 2500 rows of DP table...
2022-01-05 07:50:20,522 - root - DEBUG - Processing 1580-th line out of 2500 rows of DP table...
2022-01-05 07:50:20,840 - root - DEBUG - Processing 1590-th line out of 2500 rows of DP table...
2022-01-05 07:50:21,155 - root - DEBUG - Processing 1600-th line out of 2500 rows of DP table...
2022-01-05 07:50:21,466 - root - DEBUG - Processing 1610-th line out of 2500 rows of DP table...
2022-01-05 07:50:21,776 - root - DEBUG - Processing 1620-th line out of 2500 rows of DP table...
2022-01-05 07:50:22,080 - root - DEBUG - Processing 1630-th line out of 2500 rows of DP table...
2022-01-05 07:50:22,381 - root - DEBUG - Processing 1640-th line out of 2500 rows of DP table...
2022-01-05 07:50:22,677 - root - DEBUG - Processing 1650-th line out of 2500 rows of DP table...
2022-01-05 07:50:22,972 - root - DEBUG - Processing 1660-th line out of 2500 rows of DP table...
2022-01-05 07:50:23,263 - root - DEBUG - Processing 1670-th line out of 2500 rows of DP table...
2022-01-05 07:50:23,553 - root - DEBUG - Processing 1680-th line out of 2500 rows of DP table...
2022-01-05 07:50:23,839 - root - DEBUG - Processing 1690-th line out of 2500 rows of DP table...
2022-01-05 07:50:24,120 - root - DEBUG - Processing 1700-th line out of 2500 rows of DP table...
2022-01-05 07:50:24,398 - root - DEBUG - Processing 1710-th line out of 2500 rows of DP table...
2022-01-05 07:50:24,673 - root - DEBUG - Processing 1720-th line out of 2500 rows of DP table...
2022-01-05 07:50:24,944 - root - DEBUG - Processing 1730-th line out of 2500 rows of DP table...
2022-01-05 07:50:25,214 - root - DEBUG - Processing 1740-th line out of 2500 rows of DP table...
2022-01-05 07:50:25,479 - root - DEBUG - Processing 1750-th line out of 2500 rows of DP table...
2022-01-05 07:50:25,740 - root - DEBUG - Processing 1760-th line out of 2500 rows of DP table...
2022-01-05 07:50:26,000 - root - DEBUG - Processing 1770-th line out of 2500 rows of DP table...
2022-01-05 07:50:26,255 - root - DEBUG - Processing 1780-th line out of 2500 rows of DP table...
2022-01-05 07:50:26,505 - root - DEBUG - Processing 1790-th line out of 2500 rows of DP table...
2022-01-05 07:50:26,754 - root - DEBUG - Processing 1800-th line out of 2500 rows of DP table...
2022-01-05 07:50:26,998 - root - DEBUG - Processing 1810-th line out of 2500 rows of DP table...
2022-01-05 07:50:27,243 - root - DEBUG - Processing 1820-th line out of 2500 rows of DP table...
2022-01-05 07:50:27,480 - root - DEBUG - Processing 1830-th line out of 2500 rows of DP table...
2022-01-05 07:50:27,715 - root - DEBUG - Processing 1840-th line out of 2500 rows of DP table...
2022-01-05 07:50:27,947 - root - DEBUG - Processing 1850-th line out of 2500 rows of DP table...
2022-01-05 07:50:28,175 - root - DEBUG - Processing 1860-th line out of 2500 rows of DP table...
2022-01-05 07:50:28,400 - root - DEBUG - Processing 1870-th line out of 2500 rows of DP table...
2022-01-05 07:50:28,621 - root - DEBUG - Processing 1880-th line out of 2500 rows of DP table...
2022-01-05 07:50:28,840 - root - DEBUG - Processing 1890-th line out of 2500 rows of DP table...
2022-01-05 07:50:29,054 - root - DEBUG - Processing 1900-th line out of 2500 rows of DP table...
2022-01-05 07:50:29,266 - root - DEBUG - Processing 1910-th line out of 2500 rows of DP table...
2022-01-05 07:50:29,474 - root - DEBUG - Processing 1920-th line out of 2500 rows of DP table...
2022-01-05 07:50:29,679 - root - DEBUG - Processing 1930-th line out of 2500 rows of DP table...
2022-01-05 07:50:29,881 - root - DEBUG - Processing 1940-th line out of 2500 rows of DP table...
2022-01-05 07:50:30,080 - root - DEBUG - Processing 1950-th line out of 2500 rows of DP table...
2022-01-05 07:50:30,274 - root - DEBUG - Processing 1960-th line out of 2500 rows of DP table...
2022-01-05 07:50:30,466 - root - DEBUG - Processing 1970-th line out of 2500 rows of DP table...
2022-01-05 07:50:30,654 - root - DEBUG - Processing 1980-th line out of 2500 rows of DP table...
2022-01-05 07:50:30,840 - root - DEBUG - Processing 1990-th line out of 2500 rows of DP table...
2022-01-05 07:50:31,021 - root - DEBUG - Processing 2000-th line out of 2500 rows of DP table...
2022-01-05 07:50:31,198 - root - DEBUG - Processing 2010-th line out of 2500 rows of DP table...
2022-01-05 07:50:31,373 - root - DEBUG - Processing 2020-th line out of 2500 rows of DP table...
2022-01-05 07:50:31,543 - root - DEBUG - Processing 2030-th line out of 2500 rows of DP table...
2022-01-05 07:50:31,710 - root - DEBUG - Processing 2040-th line out of 2500 rows of DP table...
2022-01-05 07:50:31,875 - root - DEBUG - Processing 2050-th line out of 2500 rows of DP table...
2022-01-05 07:50:32,036 - root - DEBUG - Processing 2060-th line out of 2500 rows of DP table...
2022-01-05 07:50:32,194 - root - DEBUG - Processing 2070-th line out of 2500 rows of DP table...
2022-01-05 07:50:32,349 - root - DEBUG - Processing 2080-th line out of 2500 rows of DP table...
2022-01-05 07:50:32,500 - root - DEBUG - Processing 2090-th line out of 2500 rows of DP table...
2022-01-05 07:50:32,648 - root - DEBUG - Processing 2100-th line out of 2500 rows of DP table...
2022-01-05 07:50:32,793 - root - DEBUG - Processing 2110-th line out of 2500 rows of DP table...
2022-01-05 07:50:32,934 - root - DEBUG - Processing 2120-th line out of 2500 rows of DP table...
2022-01-05 07:50:33,071 - root - DEBUG - Processing 2130-th line out of 2500 rows of DP table...
2022-01-05 07:50:33,205 - root - DEBUG - Processing 2140-th line out of 2500 rows of DP table...
2022-01-05 07:50:33,337 - root - DEBUG - Processing 2150-th line out of 2500 rows of DP table...
2022-01-05 07:50:33,465 - root - DEBUG - Processing 2160-th line out of 2500 rows of DP table...
2022-01-05 07:50:33,591 - root - DEBUG - Processing 2170-th line out of 2500 rows of DP table...
2022-01-05 07:50:33,712 - root - DEBUG - Processing 2180-th line out of 2500 rows of DP table...
2022-01-05 07:50:33,831 - root - DEBUG - Processing 2190-th line out of 2500 rows of DP table...
2022-01-05 07:50:33,947 - root - DEBUG - Processing 2200-th line out of 2500 rows of DP table...
2022-01-05 07:50:34,059 - root - DEBUG - Processing 2210-th line out of 2500 rows of DP table...
2022-01-05 07:50:34,168 - root - DEBUG - Processing 2220-th line out of 2500 rows of DP table...
2022-01-05 07:50:34,273 - root - DEBUG - Processing 2230-th line out of 2500 rows of DP table...
2022-01-05 07:50:34,375 - root - DEBUG - Processing 2240-th line out of 2500 rows of DP table...
2022-01-05 07:50:34,473 - root - DEBUG - Processing 2250-th line out of 2500 rows of DP table...
2022-01-05 07:50:34,569 - root - DEBUG - Processing 2260-th line out of 2500 rows of DP table...
2022-01-05 07:50:34,660 - root - DEBUG - Processing 2270-th line out of 2500 rows of DP table...
2022-01-05 07:50:34,749 - root - DEBUG - Processing 2280-th line out of 2500 rows of DP table...
2022-01-05 07:50:34,866 - root - DEBUG - Processing 2290-th line out of 2500 rows of DP table...
2022-01-05 07:50:34,947 - root - DEBUG - Processing 2300-th line out of 2500 rows of DP table...
2022-01-05 07:50:35,026 - root - DEBUG - Processing 2310-th line out of 2500 rows of DP table...
2022-01-05 07:50:35,102 - root - DEBUG - Processing 2320-th line out of 2500 rows of DP table...
2022-01-05 07:50:35,174 - root - DEBUG - Processing 2330-th line out of 2500 rows of DP table...
2022-01-05 07:50:35,243 - root - DEBUG - Processing 2340-th line out of 2500 rows of DP table...
2022-01-05 07:50:35,309 - root - DEBUG - Processing 2350-th line out of 2500 rows of DP table...
2022-01-05 07:50:35,371 - root - DEBUG - Processing 2360-th line out of 2500 rows of DP table...
2022-01-05 07:50:35,429 - root - DEBUG - Processing 2370-th line out of 2500 rows of DP table...
2022-01-05 07:50:35,484 - root - DEBUG - Processing 2380-th line out of 2500 rows of DP table...
2022-01-05 07:50:35,536 - root - DEBUG - Processing 2390-th line out of 2500 rows of DP table...
2022-01-05 07:50:35,586 - root - DEBUG - Processing 2400-th line out of 2500 rows of DP table...
2022-01-05 07:50:35,632 - root - DEBUG - Processing 2410-th line out of 2500 rows of DP table...
2022-01-05 07:50:35,674 - root - DEBUG - Processing 2420-th line out of 2500 rows of DP table...
2022-01-05 07:50:35,712 - root - DEBUG - Processing 2430-th line out of 2500 rows of DP table...
2022-01-05 07:50:35,748 - root - DEBUG - Processing 2440-th line out of 2500 rows of DP table...
2022-01-05 07:50:35,779 - root - DEBUG - Processing 2450-th line out of 2500 rows of DP table...
2022-01-05 07:50:35,807 - root - DEBUG - Processing 2460-th line out of 2500 rows of DP table...
2022-01-05 07:50:35,832 - root - DEBUG - Processing 2470-th line out of 2500 rows of DP table...
2022-01-05 07:50:35,854 - root - DEBUG - Processing 2480-th line out of 2500 rows of DP table...
2022-01-05 07:50:35,873 - root - DEBUG - Processing 2490-th line out of 2500 rows of DP table...
2022-01-05 07:50:35,887 - root - DEBUG - Processing 2500-th line out of 2500 rows of DP table...
2022-01-05 07:50:35,902 - root - DEBUG - Started computing joint logprobs...
