2022-01-05 01:07:56,123 - root - INFO - Loading reference interval set from '211227-2-sim/g25_9.ref.tsv'...
2022-01-05 01:07:56,146 - root - INFO - Loading query interval set from '211227-2-sim/g25_9.query.tsv'...
2022-01-05 01:07:56,173 - root - INFO - Loading chromosome sizes from '211227-2-sim/g25_sizes.tsv'...
2022-01-05 01:07:56,177 - root - INFO - Number of reference intervals: 2500 (2500 before merging)
2022-01-05 01:07:56,179 - root - INFO - Number of query intervals: 5 (5 before merging)
2022-01-05 01:07:56,179 - root - INFO - Number of chromosomes: 1
2022-01-05 01:07:56,187 - root - INFO - Overlap count: 12
2022-01-05 01:07:56,201 - root - DEBUG - Started computing sf for chromosome 'chr1'...
2022-01-05 01:07:56,203 - root - DEBUG - m=2500, n=5
2022-01-05 01:07:57,014 - root - DEBUG - Processing 10-th line out of 2500 rows of DP table...
2022-01-05 01:07:57,892 - root - DEBUG - Processing 20-th line out of 2500 rows of DP table...
2022-01-05 01:07:58,735 - root - DEBUG - Processing 30-th line out of 2500 rows of DP table...
2022-01-05 01:07:59,579 - root - DEBUG - Processing 40-th line out of 2500 rows of DP table...
2022-01-05 01:08:00,422 - root - DEBUG - Processing 50-th line out of 2500 rows of DP table...
2022-01-05 01:08:01,250 - root - DEBUG - Processing 60-th line out of 2500 rows of DP table...
2022-01-05 01:08:02,085 - root - DEBUG - Processing 70-th line out of 2500 rows of DP table...
2022-01-05 01:08:02,920 - root - DEBUG - Processing 80-th line out of 2500 rows of DP table...
2022-01-05 01:08:03,761 - root - DEBUG - Processing 90-th line out of 2500 rows of DP table...
2022-01-05 01:08:04,610 - root - DEBUG - Processing 100-th line out of 2500 rows of DP table...
2022-01-05 01:08:05,432 - root - DEBUG - Processing 110-th line out of 2500 rows of DP table...
2022-01-05 01:08:06,243 - root - DEBUG - Processing 120-th line out of 2500 rows of DP table...
2022-01-05 01:08:07,060 - root - DEBUG - Processing 130-th line out of 2500 rows of DP table...
2022-01-05 01:08:07,891 - root - DEBUG - Processing 140-th line out of 2500 rows of DP table...
2022-01-05 01:08:08,701 - root - DEBUG - Processing 150-th line out of 2500 rows of DP table...
2022-01-05 01:08:09,507 - root - DEBUG - Processing 160-th line out of 2500 rows of DP table...
2022-01-05 01:08:10,300 - root - DEBUG - Processing 170-th line out of 2500 rows of DP table...
2022-01-05 01:08:11,101 - root - DEBUG - Processing 180-th line out of 2500 rows of DP table...
2022-01-05 01:08:11,967 - root - DEBUG - Processing 190-th line out of 2500 rows of DP table...
2022-01-05 01:08:12,753 - root - DEBUG - Processing 200-th line out of 2500 rows of DP table...
2022-01-05 01:08:13,542 - root - DEBUG - Processing 210-th line out of 2500 rows of DP table...
2022-01-05 01:08:14,320 - root - DEBUG - Processing 220-th line out of 2500 rows of DP table...
2022-01-05 01:08:15,100 - root - DEBUG - Processing 230-th line out of 2500 rows of DP table...
2022-01-05 01:08:15,877 - root - DEBUG - Processing 240-th line out of 2500 rows of DP table...
2022-01-05 01:08:16,645 - root - DEBUG - Processing 250-th line out of 2500 rows of DP table...
2022-01-05 01:08:17,421 - root - DEBUG - Processing 260-th line out of 2500 rows of DP table...
2022-01-05 01:08:18,192 - root - DEBUG - Processing 270-th line out of 2500 rows of DP table...
2022-01-05 01:08:18,950 - root - DEBUG - Processing 280-th line out of 2500 rows of DP table...
2022-01-05 01:08:19,710 - root - DEBUG - Processing 290-th line out of 2500 rows of DP table...
2022-01-05 01:08:20,459 - root - DEBUG - Processing 300-th line out of 2500 rows of DP table...
2022-01-05 01:08:21,217 - root - DEBUG - Processing 310-th line out of 2500 rows of DP table...
2022-01-05 01:08:21,976 - root - DEBUG - Processing 320-th line out of 2500 rows of DP table...
2022-01-05 01:08:22,717 - root - DEBUG - Processing 330-th line out of 2500 rows of DP table...
2022-01-05 01:08:23,463 - root - DEBUG - Processing 340-th line out of 2500 rows of DP table...
2022-01-05 01:08:24,230 - root - DEBUG - Processing 350-th line out of 2500 rows of DP table...
2022-01-05 01:08:24,971 - root - DEBUG - Processing 360-th line out of 2500 rows of DP table...
2022-01-05 01:08:25,698 - root - DEBUG - Processing 370-th line out of 2500 rows of DP table...
2022-01-05 01:08:26,430 - root - DEBUG - Processing 380-th line out of 2500 rows of DP table...
2022-01-05 01:08:27,161 - root - DEBUG - Processing 390-th line out of 2500 rows of DP table...
2022-01-05 01:08:27,878 - root - DEBUG - Processing 400-th line out of 2500 rows of DP table...
2022-01-05 01:08:28,601 - root - DEBUG - Processing 410-th line out of 2500 rows of DP table...
2022-01-05 01:08:29,309 - root - DEBUG - Processing 420-th line out of 2500 rows of DP table...
2022-01-05 01:08:30,024 - root - DEBUG - Processing 430-th line out of 2500 rows of DP table...
2022-01-05 01:08:30,723 - root - DEBUG - Processing 440-th line out of 2500 rows of DP table...
2022-01-05 01:08:31,434 - root - DEBUG - Processing 450-th line out of 2500 rows of DP table...
2022-01-05 01:08:32,138 - root - DEBUG - Processing 460-th line out of 2500 rows of DP table...
2022-01-05 01:08:32,832 - root - DEBUG - Processing 470-th line out of 2500 rows of DP table...
2022-01-05 01:08:33,530 - root - DEBUG - Processing 480-th line out of 2500 rows of DP table...
2022-01-05 01:08:34,216 - root - DEBUG - Processing 490-th line out of 2500 rows of DP table...
2022-01-05 01:08:34,911 - root - DEBUG - Processing 500-th line out of 2500 rows of DP table...
2022-01-05 01:08:35,589 - root - DEBUG - Processing 510-th line out of 2500 rows of DP table...
2022-01-05 01:08:36,276 - root - DEBUG - Processing 520-th line out of 2500 rows of DP table...
2022-01-05 01:08:36,948 - root - DEBUG - Processing 530-th line out of 2500 rows of DP table...
2022-01-05 01:08:37,629 - root - DEBUG - Processing 540-th line out of 2500 rows of DP table...
2022-01-05 01:08:38,294 - root - DEBUG - Processing 550-th line out of 2500 rows of DP table...
2022-01-05 01:08:38,968 - root - DEBUG - Processing 560-th line out of 2500 rows of DP table...
2022-01-05 01:08:39,665 - root - DEBUG - Processing 570-th line out of 2500 rows of DP table...
2022-01-05 01:08:40,333 - root - DEBUG - Processing 580-th line out of 2500 rows of DP table...
2022-01-05 01:08:40,989 - root - DEBUG - Processing 590-th line out of 2500 rows of DP table...
2022-01-05 01:08:41,648 - root - DEBUG - Processing 600-th line out of 2500 rows of DP table...
2022-01-05 01:08:42,306 - root - DEBUG - Processing 610-th line out of 2500 rows of DP table...
2022-01-05 01:08:42,960 - root - DEBUG - Processing 620-th line out of 2500 rows of DP table...
2022-01-05 01:08:43,605 - root - DEBUG - Processing 630-th line out of 2500 rows of DP table...
2022-01-05 01:08:44,242 - root - DEBUG - Processing 640-th line out of 2500 rows of DP table...
2022-01-05 01:08:44,883 - root - DEBUG - Processing 650-th line out of 2500 rows of DP table...
2022-01-05 01:08:45,514 - root - DEBUG - Processing 660-th line out of 2500 rows of DP table...
2022-01-05 01:08:46,146 - root - DEBUG - Processing 670-th line out of 2500 rows of DP table...
2022-01-05 01:08:46,851 - root - DEBUG - Processing 680-th line out of 2500 rows of DP table...
2022-01-05 01:08:47,481 - root - DEBUG - Processing 690-th line out of 2500 rows of DP table...
2022-01-05 01:08:48,099 - root - DEBUG - Processing 700-th line out of 2500 rows of DP table...
2022-01-05 01:08:48,723 - root - DEBUG - Processing 710-th line out of 2500 rows of DP table...
2022-01-05 01:08:49,332 - root - DEBUG - Processing 720-th line out of 2500 rows of DP table...
2022-01-05 01:08:49,961 - root - DEBUG - Processing 730-th line out of 2500 rows of DP table...
2022-01-05 01:08:50,569 - root - DEBUG - Processing 740-th line out of 2500 rows of DP table...
2022-01-05 01:08:51,168 - root - DEBUG - Processing 750-th line out of 2500 rows of DP table...
2022-01-05 01:08:51,771 - root - DEBUG - Processing 760-th line out of 2500 rows of DP table...
2022-01-05 01:08:52,366 - root - DEBUG - Processing 770-th line out of 2500 rows of DP table...
2022-01-05 01:08:52,966 - root - DEBUG - Processing 780-th line out of 2500 rows of DP table...
2022-01-05 01:08:53,585 - root - DEBUG - Processing 790-th line out of 2500 rows of DP table...
2022-01-05 01:08:54,175 - root - DEBUG - Processing 800-th line out of 2500 rows of DP table...
2022-01-05 01:08:54,757 - root - DEBUG - Processing 810-th line out of 2500 rows of DP table...
2022-01-05 01:08:55,345 - root - DEBUG - Processing 820-th line out of 2500 rows of DP table...
2022-01-05 01:08:55,918 - root - DEBUG - Processing 830-th line out of 2500 rows of DP table...
2022-01-05 01:08:56,497 - root - DEBUG - Processing 840-th line out of 2500 rows of DP table...
2022-01-05 01:08:57,062 - root - DEBUG - Processing 850-th line out of 2500 rows of DP table...
2022-01-05 01:08:57,637 - root - DEBUG - Processing 860-th line out of 2500 rows of DP table...
2022-01-05 01:08:58,196 - root - DEBUG - Processing 870-th line out of 2500 rows of DP table...
2022-01-05 01:08:58,766 - root - DEBUG - Processing 880-th line out of 2500 rows of DP table...
2022-01-05 01:08:59,330 - root - DEBUG - Processing 890-th line out of 2500 rows of DP table...
2022-01-05 01:08:59,882 - root - DEBUG - Processing 900-th line out of 2500 rows of DP table...
2022-01-05 01:09:00,440 - root - DEBUG - Processing 910-th line out of 2500 rows of DP table...
2022-01-05 01:09:00,984 - root - DEBUG - Processing 920-th line out of 2500 rows of DP table...
2022-01-05 01:09:01,535 - root - DEBUG - Processing 930-th line out of 2500 rows of DP table...
2022-01-05 01:09:02,073 - root - DEBUG - Processing 940-th line out of 2500 rows of DP table...
2022-01-05 01:09:02,608 - root - DEBUG - Processing 950-th line out of 2500 rows of DP table...
2022-01-05 01:09:03,147 - root - DEBUG - Processing 960-th line out of 2500 rows of DP table...
2022-01-05 01:09:03,674 - root - DEBUG - Processing 970-th line out of 2500 rows of DP table...
2022-01-05 01:09:04,206 - root - DEBUG - Processing 980-th line out of 2500 rows of DP table...
2022-01-05 01:09:04,726 - root - DEBUG - Processing 990-th line out of 2500 rows of DP table...
2022-01-05 01:09:05,253 - root - DEBUG - Processing 1000-th line out of 2500 rows of DP table...
2022-01-05 01:09:05,809 - root - DEBUG - Processing 1010-th line out of 2500 rows of DP table...
2022-01-05 01:09:06,317 - root - DEBUG - Processing 1020-th line out of 2500 rows of DP table...
2022-01-05 01:09:06,833 - root - DEBUG - Processing 1030-th line out of 2500 rows of DP table...
2022-01-05 01:09:07,337 - root - DEBUG - Processing 1040-th line out of 2500 rows of DP table...
2022-01-05 01:09:07,845 - root - DEBUG - Processing 1050-th line out of 2500 rows of DP table...
2022-01-05 01:09:08,389 - root - DEBUG - Processing 1060-th line out of 2500 rows of DP table...
2022-01-05 01:09:08,885 - root - DEBUG - Processing 1070-th line out of 2500 rows of DP table...
2022-01-05 01:09:09,386 - root - DEBUG - Processing 1080-th line out of 2500 rows of DP table...
2022-01-05 01:09:09,874 - root - DEBUG - Processing 1090-th line out of 2500 rows of DP table...
2022-01-05 01:09:10,381 - root - DEBUG - Processing 1100-th line out of 2500 rows of DP table...
2022-01-05 01:09:10,863 - root - DEBUG - Processing 1110-th line out of 2500 rows of DP table...
2022-01-05 01:09:11,338 - root - DEBUG - Processing 1120-th line out of 2500 rows of DP table...
2022-01-05 01:09:11,820 - root - DEBUG - Processing 1130-th line out of 2500 rows of DP table...
2022-01-05 01:09:12,289 - root - DEBUG - Processing 1140-th line out of 2500 rows of DP table...
2022-01-05 01:09:12,758 - root - DEBUG - Processing 1150-th line out of 2500 rows of DP table...
2022-01-05 01:09:13,230 - root - DEBUG - Processing 1160-th line out of 2500 rows of DP table...
2022-01-05 01:09:13,705 - root - DEBUG - Processing 1170-th line out of 2500 rows of DP table...
2022-01-05 01:09:14,162 - root - DEBUG - Processing 1180-th line out of 2500 rows of DP table...
2022-01-05 01:09:14,631 - root - DEBUG - Processing 1190-th line out of 2500 rows of DP table...
2022-01-05 01:09:15,084 - root - DEBUG - Processing 1200-th line out of 2500 rows of DP table...
2022-01-05 01:09:15,540 - root - DEBUG - Processing 1210-th line out of 2500 rows of DP table...
2022-01-05 01:09:15,995 - root - DEBUG - Processing 1220-th line out of 2500 rows of DP table...
2022-01-05 01:09:16,435 - root - DEBUG - Processing 1230-th line out of 2500 rows of DP table...
2022-01-05 01:09:16,878 - root - DEBUG - Processing 1240-th line out of 2500 rows of DP table...
2022-01-05 01:09:17,311 - root - DEBUG - Processing 1250-th line out of 2500 rows of DP table...
2022-01-05 01:09:17,740 - root - DEBUG - Processing 1260-th line out of 2500 rows of DP table...
2022-01-05 01:09:18,176 - root - DEBUG - Processing 1270-th line out of 2500 rows of DP table...
2022-01-05 01:09:18,598 - root - DEBUG - Processing 1280-th line out of 2500 rows of DP table...
2022-01-05 01:09:19,018 - root - DEBUG - Processing 1290-th line out of 2500 rows of DP table...
2022-01-05 01:09:19,441 - root - DEBUG - Processing 1300-th line out of 2500 rows of DP table...
2022-01-05 01:09:19,854 - root - DEBUG - Processing 1310-th line out of 2500 rows of DP table...
2022-01-05 01:09:20,263 - root - DEBUG - Processing 1320-th line out of 2500 rows of DP table...
2022-01-05 01:09:20,682 - root - DEBUG - Processing 1330-th line out of 2500 rows of DP table...
2022-01-05 01:09:21,085 - root - DEBUG - Processing 1340-th line out of 2500 rows of DP table...
2022-01-05 01:09:21,484 - root - DEBUG - Processing 1350-th line out of 2500 rows of DP table...
2022-01-05 01:09:21,888 - root - DEBUG - Processing 1360-th line out of 2500 rows of DP table...
2022-01-05 01:09:22,282 - root - DEBUG - Processing 1370-th line out of 2500 rows of DP table...
2022-01-05 01:09:22,672 - root - DEBUG - Processing 1380-th line out of 2500 rows of DP table...
2022-01-05 01:09:23,068 - root - DEBUG - Processing 1390-th line out of 2500 rows of DP table...
2022-01-05 01:09:23,451 - root - DEBUG - Processing 1400-th line out of 2500 rows of DP table...
2022-01-05 01:09:23,830 - root - DEBUG - Processing 1410-th line out of 2500 rows of DP table...
2022-01-05 01:09:24,211 - root - DEBUG - Processing 1420-th line out of 2500 rows of DP table...
2022-01-05 01:09:24,623 - root - DEBUG - Processing 1430-th line out of 2500 rows of DP table...
2022-01-05 01:09:25,027 - root - DEBUG - Processing 1440-th line out of 2500 rows of DP table...
2022-01-05 01:09:25,401 - root - DEBUG - Processing 1450-th line out of 2500 rows of DP table...
2022-01-05 01:09:25,778 - root - DEBUG - Processing 1460-th line out of 2500 rows of DP table...
2022-01-05 01:09:26,184 - root - DEBUG - Processing 1470-th line out of 2500 rows of DP table...
2022-01-05 01:09:26,543 - root - DEBUG - Processing 1480-th line out of 2500 rows of DP table...
2022-01-05 01:09:26,897 - root - DEBUG - Processing 1490-th line out of 2500 rows of DP table...
2022-01-05 01:09:27,275 - root - DEBUG - Processing 1500-th line out of 2500 rows of DP table...
2022-01-05 01:09:27,621 - root - DEBUG - Processing 1510-th line out of 2500 rows of DP table...
2022-01-05 01:09:27,965 - root - DEBUG - Processing 1520-th line out of 2500 rows of DP table...
2022-01-05 01:09:28,315 - root - DEBUG - Processing 1530-th line out of 2500 rows of DP table...
2022-01-05 01:09:28,652 - root - DEBUG - Processing 1540-th line out of 2500 rows of DP table...
2022-01-05 01:09:28,986 - root - DEBUG - Processing 1550-th line out of 2500 rows of DP table...
2022-01-05 01:09:29,315 - root - DEBUG - Processing 1560-th line out of 2500 rows of DP table...
2022-01-05 01:09:29,650 - root - DEBUG - Processing 1570-th line out of 2500 rows of DP table...
2022-01-05 01:09:29,979 - root - DEBUG - Processing 1580-th line out of 2500 rows of DP table...
2022-01-05 01:09:30,298 - root - DEBUG - Processing 1590-th line out of 2500 rows of DP table...
2022-01-05 01:09:30,615 - root - DEBUG - Processing 1600-th line out of 2500 rows of DP table...
2022-01-05 01:09:30,937 - root - DEBUG - Processing 1610-th line out of 2500 rows of DP table...
2022-01-05 01:09:31,267 - root - DEBUG - Processing 1620-th line out of 2500 rows of DP table...
2022-01-05 01:09:31,572 - root - DEBUG - Processing 1630-th line out of 2500 rows of DP table...
2022-01-05 01:09:31,875 - root - DEBUG - Processing 1640-th line out of 2500 rows of DP table...
2022-01-05 01:09:32,184 - root - DEBUG - Processing 1650-th line out of 2500 rows of DP table...
2022-01-05 01:09:32,481 - root - DEBUG - Processing 1660-th line out of 2500 rows of DP table...
2022-01-05 01:09:32,774 - root - DEBUG - Processing 1670-th line out of 2500 rows of DP table...
2022-01-05 01:09:33,078 - root - DEBUG - Processing 1680-th line out of 2500 rows of DP table...
2022-01-05 01:09:33,373 - root - DEBUG - Processing 1690-th line out of 2500 rows of DP table...
2022-01-05 01:09:33,656 - root - DEBUG - Processing 1700-th line out of 2500 rows of DP table...
2022-01-05 01:09:33,935 - root - DEBUG - Processing 1710-th line out of 2500 rows of DP table...
2022-01-05 01:09:34,231 - root - DEBUG - Processing 1720-th line out of 2500 rows of DP table...
2022-01-05 01:09:34,526 - root - DEBUG - Processing 1730-th line out of 2500 rows of DP table...
2022-01-05 01:09:34,803 - root - DEBUG - Processing 1740-th line out of 2500 rows of DP table...
2022-01-05 01:09:35,071 - root - DEBUG - Processing 1750-th line out of 2500 rows of DP table...
2022-01-05 01:09:35,335 - root - DEBUG - Processing 1760-th line out of 2500 rows of DP table...
2022-01-05 01:09:35,624 - root - DEBUG - Processing 1770-th line out of 2500 rows of DP table...
2022-01-05 01:09:35,959 - root - DEBUG - Processing 1780-th line out of 2500 rows of DP table...
2022-01-05 01:09:36,212 - root - DEBUG - Processing 1790-th line out of 2500 rows of DP table...
2022-01-05 01:09:36,462 - root - DEBUG - Processing 1800-th line out of 2500 rows of DP table...
2022-01-05 01:09:36,707 - root - DEBUG - Processing 1810-th line out of 2500 rows of DP table...
2022-01-05 01:09:36,950 - root - DEBUG - Processing 1820-th line out of 2500 rows of DP table...
2022-01-05 01:09:37,190 - root - DEBUG - Processing 1830-th line out of 2500 rows of DP table...
2022-01-05 01:09:37,435 - root - DEBUG - Processing 1840-th line out of 2500 rows of DP table...
2022-01-05 01:09:37,668 - root - DEBUG - Processing 1850-th line out of 2500 rows of DP table...
2022-01-05 01:09:37,897 - root - DEBUG - Processing 1860-th line out of 2500 rows of DP table...
2022-01-05 01:09:38,122 - root - DEBUG - Processing 1870-th line out of 2500 rows of DP table...
2022-01-05 01:09:38,344 - root - DEBUG - Processing 1880-th line out of 2500 rows of DP table...
2022-01-05 01:09:38,571 - root - DEBUG - Processing 1890-th line out of 2500 rows of DP table...
2022-01-05 01:09:38,787 - root - DEBUG - Processing 1900-th line out of 2500 rows of DP table...
2022-01-05 01:09:38,998 - root - DEBUG - Processing 1910-th line out of 2500 rows of DP table...
2022-01-05 01:09:39,207 - root - DEBUG - Processing 1920-th line out of 2500 rows of DP table...
2022-01-05 01:09:39,416 - root - DEBUG - Processing 1930-th line out of 2500 rows of DP table...
2022-01-05 01:09:39,617 - root - DEBUG - Processing 1940-th line out of 2500 rows of DP table...
2022-01-05 01:09:39,825 - root - DEBUG - Processing 1950-th line out of 2500 rows of DP table...
2022-01-05 01:09:40,021 - root - DEBUG - Processing 1960-th line out of 2500 rows of DP table...
2022-01-05 01:09:40,225 - root - DEBUG - Processing 1970-th line out of 2500 rows of DP table...
2022-01-05 01:09:40,414 - root - DEBUG - Processing 1980-th line out of 2500 rows of DP table...
2022-01-05 01:09:40,599 - root - DEBUG - Processing 1990-th line out of 2500 rows of DP table...
2022-01-05 01:09:40,782 - root - DEBUG - Processing 2000-th line out of 2500 rows of DP table...
2022-01-05 01:09:40,960 - root - DEBUG - Processing 2010-th line out of 2500 rows of DP table...
2022-01-05 01:09:41,144 - root - DEBUG - Processing 2020-th line out of 2500 rows of DP table...
2022-01-05 01:09:41,316 - root - DEBUG - Processing 2030-th line out of 2500 rows of DP table...
2022-01-05 01:09:41,484 - root - DEBUG - Processing 2040-th line out of 2500 rows of DP table...
2022-01-05 01:09:41,648 - root - DEBUG - Processing 2050-th line out of 2500 rows of DP table...
2022-01-05 01:09:41,810 - root - DEBUG - Processing 2060-th line out of 2500 rows of DP table...
2022-01-05 01:09:41,969 - root - DEBUG - Processing 2070-th line out of 2500 rows of DP table...
2022-01-05 01:09:42,124 - root - DEBUG - Processing 2080-th line out of 2500 rows of DP table...
2022-01-05 01:09:42,276 - root - DEBUG - Processing 2090-th line out of 2500 rows of DP table...
2022-01-05 01:09:42,433 - root - DEBUG - Processing 2100-th line out of 2500 rows of DP table...
2022-01-05 01:09:42,581 - root - DEBUG - Processing 2110-th line out of 2500 rows of DP table...
2022-01-05 01:09:42,731 - root - DEBUG - Processing 2120-th line out of 2500 rows of DP table...
2022-01-05 01:09:42,870 - root - DEBUG - Processing 2130-th line out of 2500 rows of DP table...
2022-01-05 01:09:43,005 - root - DEBUG - Processing 2140-th line out of 2500 rows of DP table...
2022-01-05 01:09:43,137 - root - DEBUG - Processing 2150-th line out of 2500 rows of DP table...
2022-01-05 01:09:43,267 - root - DEBUG - Processing 2160-th line out of 2500 rows of DP table...
2022-01-05 01:09:43,392 - root - DEBUG - Processing 2170-th line out of 2500 rows of DP table...
2022-01-05 01:09:43,515 - root - DEBUG - Processing 2180-th line out of 2500 rows of DP table...
2022-01-05 01:09:43,642 - root - DEBUG - Processing 2190-th line out of 2500 rows of DP table...
2022-01-05 01:09:43,758 - root - DEBUG - Processing 2200-th line out of 2500 rows of DP table...
2022-01-05 01:09:43,870 - root - DEBUG - Processing 2210-th line out of 2500 rows of DP table...
2022-01-05 01:09:44,013 - root - DEBUG - Processing 2220-th line out of 2500 rows of DP table...
2022-01-05 01:09:44,163 - root - DEBUG - Processing 2230-th line out of 2500 rows of DP table...
2022-01-05 01:09:44,281 - root - DEBUG - Processing 2240-th line out of 2500 rows of DP table...
2022-01-05 01:09:44,380 - root - DEBUG - Processing 2250-th line out of 2500 rows of DP table...
2022-01-05 01:09:44,475 - root - DEBUG - Processing 2260-th line out of 2500 rows of DP table...
2022-01-05 01:09:44,567 - root - DEBUG - Processing 2270-th line out of 2500 rows of DP table...
2022-01-05 01:09:44,655 - root - DEBUG - Processing 2280-th line out of 2500 rows of DP table...
2022-01-05 01:09:44,739 - root - DEBUG - Processing 2290-th line out of 2500 rows of DP table...
2022-01-05 01:09:44,820 - root - DEBUG - Processing 2300-th line out of 2500 rows of DP table...
2022-01-05 01:09:44,897 - root - DEBUG - Processing 2310-th line out of 2500 rows of DP table...
2022-01-05 01:09:44,972 - root - DEBUG - Processing 2320-th line out of 2500 rows of DP table...
2022-01-05 01:09:45,051 - root - DEBUG - Processing 2330-th line out of 2500 rows of DP table...
2022-01-05 01:09:45,120 - root - DEBUG - Processing 2340-th line out of 2500 rows of DP table...
2022-01-05 01:09:45,185 - root - DEBUG - Processing 2350-th line out of 2500 rows of DP table...
2022-01-05 01:09:45,246 - root - DEBUG - Processing 2360-th line out of 2500 rows of DP table...
2022-01-05 01:09:45,303 - root - DEBUG - Processing 2370-th line out of 2500 rows of DP table...
2022-01-05 01:09:45,358 - root - DEBUG - Processing 2380-th line out of 2500 rows of DP table...
2022-01-05 01:09:45,409 - root - DEBUG - Processing 2390-th line out of 2500 rows of DP table...
2022-01-05 01:09:45,457 - root - DEBUG - Processing 2400-th line out of 2500 rows of DP table...
2022-01-05 01:09:45,502 - root - DEBUG - Processing 2410-th line out of 2500 rows of DP table...
2022-01-05 01:09:45,543 - root - DEBUG - Processing 2420-th line out of 2500 rows of DP table...
2022-01-05 01:09:45,581 - root - DEBUG - Processing 2430-th line out of 2500 rows of DP table...
2022-01-05 01:09:45,615 - root - DEBUG - Processing 2440-th line out of 2500 rows of DP table...
2022-01-05 01:09:45,647 - root - DEBUG - Processing 2450-th line out of 2500 rows of DP table...
2022-01-05 01:09:45,674 - root - DEBUG - Processing 2460-th line out of 2500 rows of DP table...
2022-01-05 01:09:45,699 - root - DEBUG - Processing 2470-th line out of 2500 rows of DP table...
2022-01-05 01:09:45,720 - root - DEBUG - Processing 2480-th line out of 2500 rows of DP table...
2022-01-05 01:09:45,766 - root - DEBUG - Processing 2490-th line out of 2500 rows of DP table...
2022-01-05 01:09:45,807 - root - DEBUG - Processing 2500-th line out of 2500 rows of DP table...
2022-01-05 01:09:45,822 - root - DEBUG - Started computing joint logprobs...
