2022-01-04 20:48:01,307 - root - INFO - Loading reference interval set from '211227-2-sim/g25_6.ref.tsv'...
2022-01-04 20:48:01,311 - root - INFO - Loading query interval set from '211227-2-sim/g25_6.query.tsv'...
2022-01-04 20:48:01,314 - root - INFO - Loading chromosome sizes from '211227-2-sim/g25_sizes.tsv'...
2022-01-04 20:48:01,317 - root - INFO - Number of reference intervals: 2500 (2500 before merging)
2022-01-04 20:48:01,318 - root - INFO - Number of query intervals: 5 (5 before merging)
2022-01-04 20:48:01,319 - root - INFO - Number of chromosomes: 1
2022-01-04 20:48:01,324 - root - INFO - Overlap count: 15
2022-01-04 20:48:01,324 - root - DEBUG - Started computing sf for chromosome 'chr1'...
2022-01-04 20:48:01,325 - root - DEBUG - m=2500, n=5
2022-01-04 20:48:02,149 - root - DEBUG - Processing 10-th line out of 2500 rows of DP table...
2022-01-04 20:48:03,028 - root - DEBUG - Processing 20-th line out of 2500 rows of DP table...
2022-01-04 20:48:03,857 - root - DEBUG - Processing 30-th line out of 2500 rows of DP table...
2022-01-04 20:48:04,682 - root - DEBUG - Processing 40-th line out of 2500 rows of DP table...
2022-01-04 20:48:05,509 - root - DEBUG - Processing 50-th line out of 2500 rows of DP table...
2022-01-04 20:48:06,324 - root - DEBUG - Processing 60-th line out of 2500 rows of DP table...
2022-01-04 20:48:07,143 - root - DEBUG - Processing 70-th line out of 2500 rows of DP table...
2022-01-04 20:48:07,954 - root - DEBUG - Processing 80-th line out of 2500 rows of DP table...
2022-01-04 20:48:08,760 - root - DEBUG - Processing 90-th line out of 2500 rows of DP table...
2022-01-04 20:48:09,568 - root - DEBUG - Processing 100-th line out of 2500 rows of DP table...
2022-01-04 20:48:10,368 - root - DEBUG - Processing 110-th line out of 2500 rows of DP table...
2022-01-04 20:48:11,166 - root - DEBUG - Processing 120-th line out of 2500 rows of DP table...
2022-01-04 20:48:11,964 - root - DEBUG - Processing 130-th line out of 2500 rows of DP table...
2022-01-04 20:48:12,753 - root - DEBUG - Processing 140-th line out of 2500 rows of DP table...
2022-01-04 20:48:13,546 - root - DEBUG - Processing 150-th line out of 2500 rows of DP table...
2022-01-04 20:48:14,331 - root - DEBUG - Processing 160-th line out of 2500 rows of DP table...
2022-01-04 20:48:15,113 - root - DEBUG - Processing 170-th line out of 2500 rows of DP table...
2022-01-04 20:48:15,891 - root - DEBUG - Processing 180-th line out of 2500 rows of DP table...
2022-01-04 20:48:16,661 - root - DEBUG - Processing 190-th line out of 2500 rows of DP table...
2022-01-04 20:48:17,431 - root - DEBUG - Processing 200-th line out of 2500 rows of DP table...
2022-01-04 20:48:18,199 - root - DEBUG - Processing 210-th line out of 2500 rows of DP table...
2022-01-04 20:48:18,963 - root - DEBUG - Processing 220-th line out of 2500 rows of DP table...
2022-01-04 20:48:19,724 - root - DEBUG - Processing 230-th line out of 2500 rows of DP table...
2022-01-04 20:48:20,479 - root - DEBUG - Processing 240-th line out of 2500 rows of DP table...
2022-01-04 20:48:21,236 - root - DEBUG - Processing 250-th line out of 2500 rows of DP table...
2022-01-04 20:48:21,991 - root - DEBUG - Processing 260-th line out of 2500 rows of DP table...
2022-01-04 20:48:22,742 - root - DEBUG - Processing 270-th line out of 2500 rows of DP table...
2022-01-04 20:48:23,488 - root - DEBUG - Processing 280-th line out of 2500 rows of DP table...
2022-01-04 20:48:24,231 - root - DEBUG - Processing 290-th line out of 2500 rows of DP table...
2022-01-04 20:48:24,969 - root - DEBUG - Processing 300-th line out of 2500 rows of DP table...
2022-01-04 20:48:25,702 - root - DEBUG - Processing 310-th line out of 2500 rows of DP table...
2022-01-04 20:48:26,434 - root - DEBUG - Processing 320-th line out of 2500 rows of DP table...
2022-01-04 20:48:27,160 - root - DEBUG - Processing 330-th line out of 2500 rows of DP table...
2022-01-04 20:48:27,884 - root - DEBUG - Processing 340-th line out of 2500 rows of DP table...
2022-01-04 20:48:28,606 - root - DEBUG - Processing 350-th line out of 2500 rows of DP table...
2022-01-04 20:48:29,322 - root - DEBUG - Processing 360-th line out of 2500 rows of DP table...
2022-01-04 20:48:30,038 - root - DEBUG - Processing 370-th line out of 2500 rows of DP table...
2022-01-04 20:48:30,750 - root - DEBUG - Processing 380-th line out of 2500 rows of DP table...
2022-01-04 20:48:31,458 - root - DEBUG - Processing 390-th line out of 2500 rows of DP table...
2022-01-04 20:48:32,160 - root - DEBUG - Processing 400-th line out of 2500 rows of DP table...
2022-01-04 20:48:32,863 - root - DEBUG - Processing 410-th line out of 2500 rows of DP table...
2022-01-04 20:48:33,560 - root - DEBUG - Processing 420-th line out of 2500 rows of DP table...
2022-01-04 20:48:34,254 - root - DEBUG - Processing 430-th line out of 2500 rows of DP table...
2022-01-04 20:48:34,944 - root - DEBUG - Processing 440-th line out of 2500 rows of DP table...
2022-01-04 20:48:35,633 - root - DEBUG - Processing 450-th line out of 2500 rows of DP table...
2022-01-04 20:48:36,319 - root - DEBUG - Processing 460-th line out of 2500 rows of DP table...
2022-01-04 20:48:36,999 - root - DEBUG - Processing 470-th line out of 2500 rows of DP table...
2022-01-04 20:48:37,679 - root - DEBUG - Processing 480-th line out of 2500 rows of DP table...
2022-01-04 20:48:38,358 - root - DEBUG - Processing 490-th line out of 2500 rows of DP table...
2022-01-04 20:48:39,029 - root - DEBUG - Processing 500-th line out of 2500 rows of DP table...
2022-01-04 20:48:39,696 - root - DEBUG - Processing 510-th line out of 2500 rows of DP table...
2022-01-04 20:48:40,362 - root - DEBUG - Processing 520-th line out of 2500 rows of DP table...
2022-01-04 20:48:41,027 - root - DEBUG - Processing 530-th line out of 2500 rows of DP table...
2022-01-04 20:48:41,687 - root - DEBUG - Processing 540-th line out of 2500 rows of DP table...
2022-01-04 20:48:42,340 - root - DEBUG - Processing 550-th line out of 2500 rows of DP table...
2022-01-04 20:48:42,994 - root - DEBUG - Processing 560-th line out of 2500 rows of DP table...
2022-01-04 20:48:43,648 - root - DEBUG - Processing 570-th line out of 2500 rows of DP table...
2022-01-04 20:48:44,292 - root - DEBUG - Processing 580-th line out of 2500 rows of DP table...
2022-01-04 20:48:44,932 - root - DEBUG - Processing 590-th line out of 2500 rows of DP table...
2022-01-04 20:48:45,570 - root - DEBUG - Processing 600-th line out of 2500 rows of DP table...
2022-01-04 20:48:46,204 - root - DEBUG - Processing 610-th line out of 2500 rows of DP table...
2022-01-04 20:48:46,837 - root - DEBUG - Processing 620-th line out of 2500 rows of DP table...
2022-01-04 20:48:47,466 - root - DEBUG - Processing 630-th line out of 2500 rows of DP table...
2022-01-04 20:48:48,092 - root - DEBUG - Processing 640-th line out of 2500 rows of DP table...
2022-01-04 20:48:48,713 - root - DEBUG - Processing 650-th line out of 2500 rows of DP table...
2022-01-04 20:48:49,333 - root - DEBUG - Processing 660-th line out of 2500 rows of DP table...
2022-01-04 20:48:49,949 - root - DEBUG - Processing 670-th line out of 2500 rows of DP table...
2022-01-04 20:48:50,560 - root - DEBUG - Processing 680-th line out of 2500 rows of DP table...
2022-01-04 20:48:51,171 - root - DEBUG - Processing 690-th line out of 2500 rows of DP table...
2022-01-04 20:48:51,776 - root - DEBUG - Processing 700-th line out of 2500 rows of DP table...
2022-01-04 20:48:52,378 - root - DEBUG - Processing 710-th line out of 2500 rows of DP table...
2022-01-04 20:48:52,979 - root - DEBUG - Processing 720-th line out of 2500 rows of DP table...
2022-01-04 20:48:53,575 - root - DEBUG - Processing 730-th line out of 2500 rows of DP table...
2022-01-04 20:48:54,170 - root - DEBUG - Processing 740-th line out of 2500 rows of DP table...
2022-01-04 20:48:54,761 - root - DEBUG - Processing 750-th line out of 2500 rows of DP table...
2022-01-04 20:48:55,348 - root - DEBUG - Processing 760-th line out of 2500 rows of DP table...
2022-01-04 20:48:55,934 - root - DEBUG - Processing 770-th line out of 2500 rows of DP table...
2022-01-04 20:48:56,514 - root - DEBUG - Processing 780-th line out of 2500 rows of DP table...
2022-01-04 20:48:57,120 - root - DEBUG - Processing 790-th line out of 2500 rows of DP table...
2022-01-04 20:48:57,703 - root - DEBUG - Processing 800-th line out of 2500 rows of DP table...
2022-01-04 20:48:58,274 - root - DEBUG - Processing 810-th line out of 2500 rows of DP table...
2022-01-04 20:48:58,852 - root - DEBUG - Processing 820-th line out of 2500 rows of DP table...
2022-01-04 20:48:59,415 - root - DEBUG - Processing 830-th line out of 2500 rows of DP table...
2022-01-04 20:48:59,975 - root - DEBUG - Processing 840-th line out of 2500 rows of DP table...
2022-01-04 20:49:00,530 - root - DEBUG - Processing 850-th line out of 2500 rows of DP table...
2022-01-04 20:49:01,102 - root - DEBUG - Processing 860-th line out of 2500 rows of DP table...
2022-01-04 20:49:01,652 - root - DEBUG - Processing 870-th line out of 2500 rows of DP table...
2022-01-04 20:49:02,199 - root - DEBUG - Processing 880-th line out of 2500 rows of DP table...
2022-01-04 20:49:02,744 - root - DEBUG - Processing 890-th line out of 2500 rows of DP table...
2022-01-04 20:49:03,285 - root - DEBUG - Processing 900-th line out of 2500 rows of DP table...
2022-01-04 20:49:03,824 - root - DEBUG - Processing 910-th line out of 2500 rows of DP table...
2022-01-04 20:49:04,359 - root - DEBUG - Processing 920-th line out of 2500 rows of DP table...
2022-01-04 20:49:04,907 - root - DEBUG - Processing 930-th line out of 2500 rows of DP table...
2022-01-04 20:49:05,457 - root - DEBUG - Processing 940-th line out of 2500 rows of DP table...
2022-01-04 20:49:05,982 - root - DEBUG - Processing 950-th line out of 2500 rows of DP table...
2022-01-04 20:49:06,524 - root - DEBUG - Processing 960-th line out of 2500 rows of DP table...
2022-01-04 20:49:07,046 - root - DEBUG - Processing 970-th line out of 2500 rows of DP table...
2022-01-04 20:49:07,560 - root - DEBUG - Processing 980-th line out of 2500 rows of DP table...
2022-01-04 20:49:08,069 - root - DEBUG - Processing 990-th line out of 2500 rows of DP table...
2022-01-04 20:49:08,575 - root - DEBUG - Processing 1000-th line out of 2500 rows of DP table...
2022-01-04 20:49:09,079 - root - DEBUG - Processing 1010-th line out of 2500 rows of DP table...
2022-01-04 20:49:09,594 - root - DEBUG - Processing 1020-th line out of 2500 rows of DP table...
2022-01-04 20:49:10,103 - root - DEBUG - Processing 1030-th line out of 2500 rows of DP table...
2022-01-04 20:49:10,598 - root - DEBUG - Processing 1040-th line out of 2500 rows of DP table...
2022-01-04 20:49:11,103 - root - DEBUG - Processing 1050-th line out of 2500 rows of DP table...
2022-01-04 20:49:11,590 - root - DEBUG - Processing 1060-th line out of 2500 rows of DP table...
2022-01-04 20:49:12,092 - root - DEBUG - Processing 1070-th line out of 2500 rows of DP table...
2022-01-04 20:49:12,641 - root - DEBUG - Processing 1080-th line out of 2500 rows of DP table...
2022-01-04 20:49:13,118 - root - DEBUG - Processing 1090-th line out of 2500 rows of DP table...
2022-01-04 20:49:13,592 - root - DEBUG - Processing 1100-th line out of 2500 rows of DP table...
2022-01-04 20:49:14,064 - root - DEBUG - Processing 1110-th line out of 2500 rows of DP table...
2022-01-04 20:49:14,532 - root - DEBUG - Processing 1120-th line out of 2500 rows of DP table...
2022-01-04 20:49:14,997 - root - DEBUG - Processing 1130-th line out of 2500 rows of DP table...
2022-01-04 20:49:15,473 - root - DEBUG - Processing 1140-th line out of 2500 rows of DP table...
2022-01-04 20:49:15,932 - root - DEBUG - Processing 1150-th line out of 2500 rows of DP table...
2022-01-04 20:49:16,387 - root - DEBUG - Processing 1160-th line out of 2500 rows of DP table...
2022-01-04 20:49:16,863 - root - DEBUG - Processing 1170-th line out of 2500 rows of DP table...
2022-01-04 20:49:17,348 - root - DEBUG - Processing 1180-th line out of 2500 rows of DP table...
2022-01-04 20:49:17,793 - root - DEBUG - Processing 1190-th line out of 2500 rows of DP table...
2022-01-04 20:49:18,234 - root - DEBUG - Processing 1200-th line out of 2500 rows of DP table...
2022-01-04 20:49:18,673 - root - DEBUG - Processing 1210-th line out of 2500 rows of DP table...
2022-01-04 20:49:19,108 - root - DEBUG - Processing 1220-th line out of 2500 rows of DP table...
2022-01-04 20:49:19,540 - root - DEBUG - Processing 1230-th line out of 2500 rows of DP table...
2022-01-04 20:49:19,968 - root - DEBUG - Processing 1240-th line out of 2500 rows of DP table...
2022-01-04 20:49:20,391 - root - DEBUG - Processing 1250-th line out of 2500 rows of DP table...
2022-01-04 20:49:20,813 - root - DEBUG - Processing 1260-th line out of 2500 rows of DP table...
2022-01-04 20:49:21,233 - root - DEBUG - Processing 1270-th line out of 2500 rows of DP table...
2022-01-04 20:49:21,648 - root - DEBUG - Processing 1280-th line out of 2500 rows of DP table...
2022-01-04 20:49:22,060 - root - DEBUG - Processing 1290-th line out of 2500 rows of DP table...
2022-01-04 20:49:22,468 - root - DEBUG - Processing 1300-th line out of 2500 rows of DP table...
2022-01-04 20:49:22,874 - root - DEBUG - Processing 1310-th line out of 2500 rows of DP table...
2022-01-04 20:49:23,276 - root - DEBUG - Processing 1320-th line out of 2500 rows of DP table...
2022-01-04 20:49:23,675 - root - DEBUG - Processing 1330-th line out of 2500 rows of DP table...
2022-01-04 20:49:24,071 - root - DEBUG - Processing 1340-th line out of 2500 rows of DP table...
2022-01-04 20:49:24,463 - root - DEBUG - Processing 1350-th line out of 2500 rows of DP table...
2022-01-04 20:49:24,868 - root - DEBUG - Processing 1360-th line out of 2500 rows of DP table...
2022-01-04 20:49:25,256 - root - DEBUG - Processing 1370-th line out of 2500 rows of DP table...
2022-01-04 20:49:25,641 - root - DEBUG - Processing 1380-th line out of 2500 rows of DP table...
2022-01-04 20:49:26,022 - root - DEBUG - Processing 1390-th line out of 2500 rows of DP table...
2022-01-04 20:49:26,399 - root - DEBUG - Processing 1400-th line out of 2500 rows of DP table...
2022-01-04 20:49:26,773 - root - DEBUG - Processing 1410-th line out of 2500 rows of DP table...
2022-01-04 20:49:27,143 - root - DEBUG - Processing 1420-th line out of 2500 rows of DP table...
2022-01-04 20:49:27,512 - root - DEBUG - Processing 1430-th line out of 2500 rows of DP table...
2022-01-04 20:49:27,875 - root - DEBUG - Processing 1440-th line out of 2500 rows of DP table...
2022-01-04 20:49:28,235 - root - DEBUG - Processing 1450-th line out of 2500 rows of DP table...
2022-01-04 20:49:28,591 - root - DEBUG - Processing 1460-th line out of 2500 rows of DP table...
2022-01-04 20:49:28,945 - root - DEBUG - Processing 1470-th line out of 2500 rows of DP table...
2022-01-04 20:49:29,295 - root - DEBUG - Processing 1480-th line out of 2500 rows of DP table...
2022-01-04 20:49:29,641 - root - DEBUG - Processing 1490-th line out of 2500 rows of DP table...
2022-01-04 20:49:29,985 - root - DEBUG - Processing 1500-th line out of 2500 rows of DP table...
2022-01-04 20:49:30,327 - root - DEBUG - Processing 1510-th line out of 2500 rows of DP table...
2022-01-04 20:49:30,664 - root - DEBUG - Processing 1520-th line out of 2500 rows of DP table...
2022-01-04 20:49:31,023 - root - DEBUG - Processing 1530-th line out of 2500 rows of DP table...
2022-01-04 20:49:31,354 - root - DEBUG - Processing 1540-th line out of 2500 rows of DP table...
2022-01-04 20:49:31,681 - root - DEBUG - Processing 1550-th line out of 2500 rows of DP table...
2022-01-04 20:49:32,004 - root - DEBUG - Processing 1560-th line out of 2500 rows of DP table...
2022-01-04 20:49:32,325 - root - DEBUG - Processing 1570-th line out of 2500 rows of DP table...
2022-01-04 20:49:32,643 - root - DEBUG - Processing 1580-th line out of 2500 rows of DP table...
2022-01-04 20:49:32,957 - root - DEBUG - Processing 1590-th line out of 2500 rows of DP table...
2022-01-04 20:49:33,269 - root - DEBUG - Processing 1600-th line out of 2500 rows of DP table...
2022-01-04 20:49:33,579 - root - DEBUG - Processing 1610-th line out of 2500 rows of DP table...
2022-01-04 20:49:33,900 - root - DEBUG - Processing 1620-th line out of 2500 rows of DP table...
2022-01-04 20:49:34,218 - root - DEBUG - Processing 1630-th line out of 2500 rows of DP table...
2022-01-04 20:49:34,516 - root - DEBUG - Processing 1640-th line out of 2500 rows of DP table...
2022-01-04 20:49:34,811 - root - DEBUG - Processing 1650-th line out of 2500 rows of DP table...
2022-01-04 20:49:35,102 - root - DEBUG - Processing 1660-th line out of 2500 rows of DP table...
2022-01-04 20:49:35,392 - root - DEBUG - Processing 1670-th line out of 2500 rows of DP table...
2022-01-04 20:49:35,678 - root - DEBUG - Processing 1680-th line out of 2500 rows of DP table...
2022-01-04 20:49:36,294 - root - DEBUG - Processing 1690-th line out of 2500 rows of DP table...
2022-01-04 20:49:36,803 - root - DEBUG - Processing 1700-th line out of 2500 rows of DP table...
2022-01-04 20:49:37,081 - root - DEBUG - Processing 1710-th line out of 2500 rows of DP table...
2022-01-04 20:49:37,355 - root - DEBUG - Processing 1720-th line out of 2500 rows of DP table...
2022-01-04 20:49:37,625 - root - DEBUG - Processing 1730-th line out of 2500 rows of DP table...
2022-01-04 20:49:37,890 - root - DEBUG - Processing 1740-th line out of 2500 rows of DP table...
2022-01-04 20:49:38,152 - root - DEBUG - Processing 1750-th line out of 2500 rows of DP table...
2022-01-04 20:49:38,411 - root - DEBUG - Processing 1760-th line out of 2500 rows of DP table...
2022-01-04 20:49:38,665 - root - DEBUG - Processing 1770-th line out of 2500 rows of DP table...
2022-01-04 20:49:38,919 - root - DEBUG - Processing 1780-th line out of 2500 rows of DP table...
2022-01-04 20:49:39,168 - root - DEBUG - Processing 1790-th line out of 2500 rows of DP table...
2022-01-04 20:49:39,414 - root - DEBUG - Processing 1800-th line out of 2500 rows of DP table...
2022-01-04 20:49:39,656 - root - DEBUG - Processing 1810-th line out of 2500 rows of DP table...
2022-01-04 20:49:39,896 - root - DEBUG - Processing 1820-th line out of 2500 rows of DP table...
2022-01-04 20:49:40,132 - root - DEBUG - Processing 1830-th line out of 2500 rows of DP table...
2022-01-04 20:49:40,365 - root - DEBUG - Processing 1840-th line out of 2500 rows of DP table...
2022-01-04 20:49:40,594 - root - DEBUG - Processing 1850-th line out of 2500 rows of DP table...
2022-01-04 20:49:40,821 - root - DEBUG - Processing 1860-th line out of 2500 rows of DP table...
2022-01-04 20:49:41,043 - root - DEBUG - Processing 1870-th line out of 2500 rows of DP table...
2022-01-04 20:49:41,264 - root - DEBUG - Processing 1880-th line out of 2500 rows of DP table...
2022-01-04 20:49:41,480 - root - DEBUG - Processing 1890-th line out of 2500 rows of DP table...
2022-01-04 20:49:41,693 - root - DEBUG - Processing 1900-th line out of 2500 rows of DP table...
2022-01-04 20:49:41,902 - root - DEBUG - Processing 1910-th line out of 2500 rows of DP table...
2022-01-04 20:49:42,121 - root - DEBUG - Processing 1920-th line out of 2500 rows of DP table...
2022-01-04 20:49:42,484 - root - DEBUG - Processing 1930-th line out of 2500 rows of DP table...
2022-01-04 20:49:42,782 - root - DEBUG - Processing 1940-th line out of 2500 rows of DP table...
2022-01-04 20:49:42,976 - root - DEBUG - Processing 1950-th line out of 2500 rows of DP table...
2022-01-04 20:49:43,170 - root - DEBUG - Processing 1960-th line out of 2500 rows of DP table...
2022-01-04 20:49:43,359 - root - DEBUG - Processing 1970-th line out of 2500 rows of DP table...
2022-01-04 20:49:43,544 - root - DEBUG - Processing 1980-th line out of 2500 rows of DP table...
2022-01-04 20:49:43,727 - root - DEBUG - Processing 1990-th line out of 2500 rows of DP table...
2022-01-04 20:49:43,906 - root - DEBUG - Processing 2000-th line out of 2500 rows of DP table...
2022-01-04 20:49:44,082 - root - DEBUG - Processing 2010-th line out of 2500 rows of DP table...
2022-01-04 20:49:44,255 - root - DEBUG - Processing 2020-th line out of 2500 rows of DP table...
2022-01-04 20:49:44,425 - root - DEBUG - Processing 2030-th line out of 2500 rows of DP table...
2022-01-04 20:49:44,592 - root - DEBUG - Processing 2040-th line out of 2500 rows of DP table...
2022-01-04 20:49:44,757 - root - DEBUG - Processing 2050-th line out of 2500 rows of DP table...
2022-01-04 20:49:44,918 - root - DEBUG - Processing 2060-th line out of 2500 rows of DP table...
2022-01-04 20:49:45,077 - root - DEBUG - Processing 2070-th line out of 2500 rows of DP table...
2022-01-04 20:49:45,231 - root - DEBUG - Processing 2080-th line out of 2500 rows of DP table...
2022-01-04 20:49:45,382 - root - DEBUG - Processing 2090-th line out of 2500 rows of DP table...
2022-01-04 20:49:45,529 - root - DEBUG - Processing 2100-th line out of 2500 rows of DP table...
2022-01-04 20:49:45,673 - root - DEBUG - Processing 2110-th line out of 2500 rows of DP table...
2022-01-04 20:49:45,814 - root - DEBUG - Processing 2120-th line out of 2500 rows of DP table...
2022-01-04 20:49:45,951 - root - DEBUG - Processing 2130-th line out of 2500 rows of DP table...
2022-01-04 20:49:46,084 - root - DEBUG - Processing 2140-th line out of 2500 rows of DP table...
2022-01-04 20:49:46,215 - root - DEBUG - Processing 2150-th line out of 2500 rows of DP table...
2022-01-04 20:49:46,342 - root - DEBUG - Processing 2160-th line out of 2500 rows of DP table...
2022-01-04 20:49:46,465 - root - DEBUG - Processing 2170-th line out of 2500 rows of DP table...
2022-01-04 20:49:46,585 - root - DEBUG - Processing 2180-th line out of 2500 rows of DP table...
2022-01-04 20:49:46,703 - root - DEBUG - Processing 2190-th line out of 2500 rows of DP table...
2022-01-04 20:49:46,817 - root - DEBUG - Processing 2200-th line out of 2500 rows of DP table...
2022-01-04 20:49:46,929 - root - DEBUG - Processing 2210-th line out of 2500 rows of DP table...
2022-01-04 20:49:47,038 - root - DEBUG - Processing 2220-th line out of 2500 rows of DP table...
2022-01-04 20:49:47,143 - root - DEBUG - Processing 2230-th line out of 2500 rows of DP table...
2022-01-04 20:49:47,245 - root - DEBUG - Processing 2240-th line out of 2500 rows of DP table...
2022-01-04 20:49:47,344 - root - DEBUG - Processing 2250-th line out of 2500 rows of DP table...
2022-01-04 20:49:47,439 - root - DEBUG - Processing 2260-th line out of 2500 rows of DP table...
2022-01-04 20:49:47,531 - root - DEBUG - Processing 2270-th line out of 2500 rows of DP table...
2022-01-04 20:49:47,620 - root - DEBUG - Processing 2280-th line out of 2500 rows of DP table...
2022-01-04 20:49:47,705 - root - DEBUG - Processing 2290-th line out of 2500 rows of DP table...
2022-01-04 20:49:47,785 - root - DEBUG - Processing 2300-th line out of 2500 rows of DP table...
2022-01-04 20:49:47,863 - root - DEBUG - Processing 2310-th line out of 2500 rows of DP table...
2022-01-04 20:49:47,938 - root - DEBUG - Processing 2320-th line out of 2500 rows of DP table...
2022-01-04 20:49:48,009 - root - DEBUG - Processing 2330-th line out of 2500 rows of DP table...
2022-01-04 20:49:48,077 - root - DEBUG - Processing 2340-th line out of 2500 rows of DP table...
2022-01-04 20:49:48,141 - root - DEBUG - Processing 2350-th line out of 2500 rows of DP table...
2022-01-04 20:49:48,202 - root - DEBUG - Processing 2360-th line out of 2500 rows of DP table...
2022-01-04 20:49:48,260 - root - DEBUG - Processing 2370-th line out of 2500 rows of DP table...
2022-01-04 20:49:48,314 - root - DEBUG - Processing 2380-th line out of 2500 rows of DP table...
2022-01-04 20:49:48,365 - root - DEBUG - Processing 2390-th line out of 2500 rows of DP table...
2022-01-04 20:49:48,413 - root - DEBUG - Processing 2400-th line out of 2500 rows of DP table...
2022-01-04 20:49:48,458 - root - DEBUG - Processing 2410-th line out of 2500 rows of DP table...
2022-01-04 20:49:48,499 - root - DEBUG - Processing 2420-th line out of 2500 rows of DP table...
2022-01-04 20:49:48,538 - root - DEBUG - Processing 2430-th line out of 2500 rows of DP table...
2022-01-04 20:49:48,573 - root - DEBUG - Processing 2440-th line out of 2500 rows of DP table...
2022-01-04 20:49:48,605 - root - DEBUG - Processing 2450-th line out of 2500 rows of DP table...
2022-01-04 20:49:48,634 - root - DEBUG - Processing 2460-th line out of 2500 rows of DP table...
2022-01-04 20:49:48,659 - root - DEBUG - Processing 2470-th line out of 2500 rows of DP table...
2022-01-04 20:49:48,681 - root - DEBUG - Processing 2480-th line out of 2500 rows of DP table...
2022-01-04 20:49:48,700 - root - DEBUG - Processing 2490-th line out of 2500 rows of DP table...
2022-01-04 20:49:48,715 - root - DEBUG - Processing 2500-th line out of 2500 rows of DP table...
2022-01-04 20:49:48,731 - root - DEBUG - Started computing joint logprobs...
