2022-01-05 07:50:38,810 - root - INFO - Loading reference interval set from '211227-2-sim/g25_2.ref.tsv'...
2022-01-05 07:50:38,814 - root - INFO - Loading query interval set from '211227-2-sim/g25_2.query.tsv'...
2022-01-05 07:50:38,817 - root - INFO - Loading chromosome sizes from '211227-2-sim/g25_sizes.tsv'...
2022-01-05 07:50:38,819 - root - INFO - Number of reference intervals: 2500 (2500 before merging)
2022-01-05 07:50:38,820 - root - INFO - Number of query intervals: 5 (5 before merging)
2022-01-05 07:50:38,820 - root - INFO - Number of chromosomes: 1
2022-01-05 07:50:38,824 - root - INFO - Overlap count: 18
2022-01-05 07:50:38,825 - root - DEBUG - Started computing sf for chromosome 'chr1'...
2022-01-05 07:50:38,826 - root - DEBUG - m=2500, n=5
2022-01-05 07:50:39,657 - root - DEBUG - Processing 10-th line out of 2500 rows of DP table...
2022-01-05 07:50:40,520 - root - DEBUG - Processing 20-th line out of 2500 rows of DP table...
2022-01-05 07:50:41,379 - root - DEBUG - Processing 30-th line out of 2500 rows of DP table...
2022-01-05 07:50:42,240 - root - DEBUG - Processing 40-th line out of 2500 rows of DP table...
2022-01-05 07:50:43,091 - root - DEBUG - Processing 50-th line out of 2500 rows of DP table...
2022-01-05 07:50:43,938 - root - DEBUG - Processing 60-th line out of 2500 rows of DP table...
2022-01-05 07:50:44,787 - root - DEBUG - Processing 70-th line out of 2500 rows of DP table...
2022-01-05 07:50:45,628 - root - DEBUG - Processing 80-th line out of 2500 rows of DP table...
2022-01-05 07:50:46,470 - root - DEBUG - Processing 90-th line out of 2500 rows of DP table...
2022-01-05 07:50:47,318 - root - DEBUG - Processing 100-th line out of 2500 rows of DP table...
2022-01-05 07:50:48,148 - root - DEBUG - Processing 110-th line out of 2500 rows of DP table...
2022-01-05 07:50:48,979 - root - DEBUG - Processing 120-th line out of 2500 rows of DP table...
2022-01-05 07:50:49,809 - root - DEBUG - Processing 130-th line out of 2500 rows of DP table...
2022-01-05 07:50:50,636 - root - DEBUG - Processing 140-th line out of 2500 rows of DP table...
2022-01-05 07:50:51,451 - root - DEBUG - Processing 150-th line out of 2500 rows of DP table...
2022-01-05 07:50:52,265 - root - DEBUG - Processing 160-th line out of 2500 rows of DP table...
2022-01-05 07:50:53,074 - root - DEBUG - Processing 170-th line out of 2500 rows of DP table...
2022-01-05 07:50:53,879 - root - DEBUG - Processing 180-th line out of 2500 rows of DP table...
2022-01-05 07:50:54,703 - root - DEBUG - Processing 190-th line out of 2500 rows of DP table...
2022-01-05 07:50:55,502 - root - DEBUG - Processing 200-th line out of 2500 rows of DP table...
2022-01-05 07:50:56,299 - root - DEBUG - Processing 210-th line out of 2500 rows of DP table...
2022-01-05 07:50:57,095 - root - DEBUG - Processing 220-th line out of 2500 rows of DP table...
2022-01-05 07:50:57,883 - root - DEBUG - Processing 230-th line out of 2500 rows of DP table...
2022-01-05 07:50:58,671 - root - DEBUG - Processing 240-th line out of 2500 rows of DP table...
2022-01-05 07:50:59,456 - root - DEBUG - Processing 250-th line out of 2500 rows of DP table...
2022-01-05 07:51:00,238 - root - DEBUG - Processing 260-th line out of 2500 rows of DP table...
2022-01-05 07:51:01,019 - root - DEBUG - Processing 270-th line out of 2500 rows of DP table...
2022-01-05 07:51:01,797 - root - DEBUG - Processing 280-th line out of 2500 rows of DP table...
2022-01-05 07:51:02,585 - root - DEBUG - Processing 290-th line out of 2500 rows of DP table...
2022-01-05 07:51:03,350 - root - DEBUG - Processing 300-th line out of 2500 rows of DP table...
2022-01-05 07:51:04,114 - root - DEBUG - Processing 310-th line out of 2500 rows of DP table...
2022-01-05 07:51:04,871 - root - DEBUG - Processing 320-th line out of 2500 rows of DP table...
2022-01-05 07:51:05,636 - root - DEBUG - Processing 330-th line out of 2500 rows of DP table...
2022-01-05 07:51:06,394 - root - DEBUG - Processing 340-th line out of 2500 rows of DP table...
2022-01-05 07:51:07,144 - root - DEBUG - Processing 350-th line out of 2500 rows of DP table...
2022-01-05 07:51:07,891 - root - DEBUG - Processing 360-th line out of 2500 rows of DP table...
2022-01-05 07:51:08,628 - root - DEBUG - Processing 370-th line out of 2500 rows of DP table...
2022-01-05 07:51:09,372 - root - DEBUG - Processing 380-th line out of 2500 rows of DP table...
2022-01-05 07:51:10,107 - root - DEBUG - Processing 390-th line out of 2500 rows of DP table...
2022-01-05 07:51:10,844 - root - DEBUG - Processing 400-th line out of 2500 rows of DP table...
2022-01-05 07:51:11,580 - root - DEBUG - Processing 410-th line out of 2500 rows of DP table...
2022-01-05 07:51:12,305 - root - DEBUG - Processing 420-th line out of 2500 rows of DP table...
2022-01-05 07:51:13,025 - root - DEBUG - Processing 430-th line out of 2500 rows of DP table...
2022-01-05 07:51:13,747 - root - DEBUG - Processing 440-th line out of 2500 rows of DP table...
2022-01-05 07:51:14,459 - root - DEBUG - Processing 450-th line out of 2500 rows of DP table...
2022-01-05 07:51:15,170 - root - DEBUG - Processing 460-th line out of 2500 rows of DP table...
2022-01-05 07:51:15,880 - root - DEBUG - Processing 470-th line out of 2500 rows of DP table...
2022-01-05 07:51:16,583 - root - DEBUG - Processing 480-th line out of 2500 rows of DP table...
2022-01-05 07:51:17,286 - root - DEBUG - Processing 490-th line out of 2500 rows of DP table...
2022-01-05 07:51:17,984 - root - DEBUG - Processing 500-th line out of 2500 rows of DP table...
2022-01-05 07:51:18,679 - root - DEBUG - Processing 510-th line out of 2500 rows of DP table...
2022-01-05 07:51:19,374 - root - DEBUG - Processing 520-th line out of 2500 rows of DP table...
2022-01-05 07:51:20,065 - root - DEBUG - Processing 530-th line out of 2500 rows of DP table...
2022-01-05 07:51:20,748 - root - DEBUG - Processing 540-th line out of 2500 rows of DP table...
2022-01-05 07:51:21,431 - root - DEBUG - Processing 550-th line out of 2500 rows of DP table...
2022-01-05 07:51:22,112 - root - DEBUG - Processing 560-th line out of 2500 rows of DP table...
2022-01-05 07:51:22,790 - root - DEBUG - Processing 570-th line out of 2500 rows of DP table...
2022-01-05 07:51:23,460 - root - DEBUG - Processing 580-th line out of 2500 rows of DP table...
2022-01-05 07:51:24,133 - root - DEBUG - Processing 590-th line out of 2500 rows of DP table...
2022-01-05 07:51:24,799 - root - DEBUG - Processing 600-th line out of 2500 rows of DP table...
2022-01-05 07:51:25,459 - root - DEBUG - Processing 610-th line out of 2500 rows of DP table...
2022-01-05 07:51:26,116 - root - DEBUG - Processing 620-th line out of 2500 rows of DP table...
2022-01-05 07:51:26,773 - root - DEBUG - Processing 630-th line out of 2500 rows of DP table...
2022-01-05 07:51:27,424 - root - DEBUG - Processing 640-th line out of 2500 rows of DP table...
2022-01-05 07:51:28,072 - root - DEBUG - Processing 650-th line out of 2500 rows of DP table...
2022-01-05 07:51:28,715 - root - DEBUG - Processing 660-th line out of 2500 rows of DP table...
2022-01-05 07:51:29,353 - root - DEBUG - Processing 670-th line out of 2500 rows of DP table...
2022-01-05 07:51:29,990 - root - DEBUG - Processing 680-th line out of 2500 rows of DP table...
2022-01-05 07:51:30,625 - root - DEBUG - Processing 690-th line out of 2500 rows of DP table...
2022-01-05 07:51:31,255 - root - DEBUG - Processing 700-th line out of 2500 rows of DP table...
2022-01-05 07:51:31,880 - root - DEBUG - Processing 710-th line out of 2500 rows of DP table...
2022-01-05 07:51:32,505 - root - DEBUG - Processing 720-th line out of 2500 rows of DP table...
2022-01-05 07:51:33,130 - root - DEBUG - Processing 730-th line out of 2500 rows of DP table...
2022-01-05 07:51:33,745 - root - DEBUG - Processing 740-th line out of 2500 rows of DP table...
2022-01-05 07:51:34,357 - root - DEBUG - Processing 750-th line out of 2500 rows of DP table...
2022-01-05 07:51:34,971 - root - DEBUG - Processing 760-th line out of 2500 rows of DP table...
2022-01-05 07:51:35,577 - root - DEBUG - Processing 770-th line out of 2500 rows of DP table...
2022-01-05 07:51:36,182 - root - DEBUG - Processing 780-th line out of 2500 rows of DP table...
2022-01-05 07:51:36,784 - root - DEBUG - Processing 790-th line out of 2500 rows of DP table...
2022-01-05 07:51:37,382 - root - DEBUG - Processing 800-th line out of 2500 rows of DP table...
2022-01-05 07:51:37,973 - root - DEBUG - Processing 810-th line out of 2500 rows of DP table...
2022-01-05 07:51:38,565 - root - DEBUG - Processing 820-th line out of 2500 rows of DP table...
2022-01-05 07:51:39,155 - root - DEBUG - Processing 830-th line out of 2500 rows of DP table...
2022-01-05 07:51:39,739 - root - DEBUG - Processing 840-th line out of 2500 rows of DP table...
2022-01-05 07:51:40,317 - root - DEBUG - Processing 850-th line out of 2500 rows of DP table...
2022-01-05 07:51:40,895 - root - DEBUG - Processing 860-th line out of 2500 rows of DP table...
2022-01-05 07:51:41,482 - root - DEBUG - Processing 870-th line out of 2500 rows of DP table...
2022-01-05 07:51:42,054 - root - DEBUG - Processing 880-th line out of 2500 rows of DP table...
2022-01-05 07:51:42,618 - root - DEBUG - Processing 890-th line out of 2500 rows of DP table...
2022-01-05 07:51:43,181 - root - DEBUG - Processing 900-th line out of 2500 rows of DP table...
2022-01-05 07:51:43,736 - root - DEBUG - Processing 910-th line out of 2500 rows of DP table...
2022-01-05 07:51:44,293 - root - DEBUG - Processing 920-th line out of 2500 rows of DP table...
2022-01-05 07:51:44,844 - root - DEBUG - Processing 930-th line out of 2500 rows of DP table...
2022-01-05 07:51:45,393 - root - DEBUG - Processing 940-th line out of 2500 rows of DP table...
2022-01-05 07:51:45,937 - root - DEBUG - Processing 950-th line out of 2500 rows of DP table...
2022-01-05 07:51:46,479 - root - DEBUG - Processing 960-th line out of 2500 rows of DP table...
2022-01-05 07:51:47,016 - root - DEBUG - Processing 970-th line out of 2500 rows of DP table...
2022-01-05 07:51:47,553 - root - DEBUG - Processing 980-th line out of 2500 rows of DP table...
2022-01-05 07:51:48,085 - root - DEBUG - Processing 990-th line out of 2500 rows of DP table...
2022-01-05 07:51:48,612 - root - DEBUG - Processing 1000-th line out of 2500 rows of DP table...
2022-01-05 07:51:49,134 - root - DEBUG - Processing 1010-th line out of 2500 rows of DP table...
2022-01-05 07:51:49,663 - root - DEBUG - Processing 1020-th line out of 2500 rows of DP table...
2022-01-05 07:51:50,179 - root - DEBUG - Processing 1030-th line out of 2500 rows of DP table...
2022-01-05 07:51:50,693 - root - DEBUG - Processing 1040-th line out of 2500 rows of DP table...
2022-01-05 07:51:51,200 - root - DEBUG - Processing 1050-th line out of 2500 rows of DP table...
2022-01-05 07:51:51,719 - root - DEBUG - Processing 1060-th line out of 2500 rows of DP table...
2022-01-05 07:51:52,224 - root - DEBUG - Processing 1070-th line out of 2500 rows of DP table...
2022-01-05 07:51:52,727 - root - DEBUG - Processing 1080-th line out of 2500 rows of DP table...
2022-01-05 07:51:53,229 - root - DEBUG - Processing 1090-th line out of 2500 rows of DP table...
2022-01-05 07:51:53,721 - root - DEBUG - Processing 1100-th line out of 2500 rows of DP table...
2022-01-05 07:51:54,208 - root - DEBUG - Processing 1110-th line out of 2500 rows of DP table...
2022-01-05 07:51:54,694 - root - DEBUG - Processing 1120-th line out of 2500 rows of DP table...
2022-01-05 07:51:55,178 - root - DEBUG - Processing 1130-th line out of 2500 rows of DP table...
2022-01-05 07:51:55,660 - root - DEBUG - Processing 1140-th line out of 2500 rows of DP table...
2022-01-05 07:51:56,138 - root - DEBUG - Processing 1150-th line out of 2500 rows of DP table...
2022-01-05 07:51:56,610 - root - DEBUG - Processing 1160-th line out of 2500 rows of DP table...
2022-01-05 07:51:57,079 - root - DEBUG - Processing 1170-th line out of 2500 rows of DP table...
2022-01-05 07:51:57,545 - root - DEBUG - Processing 1180-th line out of 2500 rows of DP table...
2022-01-05 07:51:58,013 - root - DEBUG - Processing 1190-th line out of 2500 rows of DP table...
2022-01-05 07:51:58,472 - root - DEBUG - Processing 1200-th line out of 2500 rows of DP table...
2022-01-05 07:51:58,927 - root - DEBUG - Processing 1210-th line out of 2500 rows of DP table...
2022-01-05 07:51:59,383 - root - DEBUG - Processing 1220-th line out of 2500 rows of DP table...
2022-01-05 07:51:59,832 - root - DEBUG - Processing 1230-th line out of 2500 rows of DP table...
2022-01-05 07:52:00,280 - root - DEBUG - Processing 1240-th line out of 2500 rows of DP table...
2022-01-05 07:52:00,721 - root - DEBUG - Processing 1250-th line out of 2500 rows of DP table...
2022-01-05 07:52:01,161 - root - DEBUG - Processing 1260-th line out of 2500 rows of DP table...
2022-01-05 07:52:01,599 - root - DEBUG - Processing 1270-th line out of 2500 rows of DP table...
2022-01-05 07:52:02,031 - root - DEBUG - Processing 1280-th line out of 2500 rows of DP table...
2022-01-05 07:52:02,465 - root - DEBUG - Processing 1290-th line out of 2500 rows of DP table...
2022-01-05 07:52:02,894 - root - DEBUG - Processing 1300-th line out of 2500 rows of DP table...
2022-01-05 07:52:03,317 - root - DEBUG - Processing 1310-th line out of 2500 rows of DP table...
2022-01-05 07:52:03,737 - root - DEBUG - Processing 1320-th line out of 2500 rows of DP table...
2022-01-05 07:52:04,153 - root - DEBUG - Processing 1330-th line out of 2500 rows of DP table...
2022-01-05 07:52:04,566 - root - DEBUG - Processing 1340-th line out of 2500 rows of DP table...
2022-01-05 07:52:04,974 - root - DEBUG - Processing 1350-th line out of 2500 rows of DP table...
2022-01-05 07:52:05,379 - root - DEBUG - Processing 1360-th line out of 2500 rows of DP table...
2022-01-05 07:52:05,781 - root - DEBUG - Processing 1370-th line out of 2500 rows of DP table...
2022-01-05 07:52:06,179 - root - DEBUG - Processing 1380-th line out of 2500 rows of DP table...
2022-01-05 07:52:06,577 - root - DEBUG - Processing 1390-th line out of 2500 rows of DP table...
2022-01-05 07:52:06,969 - root - DEBUG - Processing 1400-th line out of 2500 rows of DP table...
2022-01-05 07:52:07,360 - root - DEBUG - Processing 1410-th line out of 2500 rows of DP table...
2022-01-05 07:52:07,746 - root - DEBUG - Processing 1420-th line out of 2500 rows of DP table...
2022-01-05 07:52:08,127 - root - DEBUG - Processing 1430-th line out of 2500 rows of DP table...
2022-01-05 07:52:08,506 - root - DEBUG - Processing 1440-th line out of 2500 rows of DP table...
2022-01-05 07:52:08,882 - root - DEBUG - Processing 1450-th line out of 2500 rows of DP table...
2022-01-05 07:52:09,250 - root - DEBUG - Processing 1460-th line out of 2500 rows of DP table...
2022-01-05 07:52:09,618 - root - DEBUG - Processing 1470-th line out of 2500 rows of DP table...
2022-01-05 07:52:09,982 - root - DEBUG - Processing 1480-th line out of 2500 rows of DP table...
2022-01-05 07:52:10,345 - root - DEBUG - Processing 1490-th line out of 2500 rows of DP table...
2022-01-05 07:52:10,716 - root - DEBUG - Processing 1500-th line out of 2500 rows of DP table...
2022-01-05 07:52:11,069 - root - DEBUG - Processing 1510-th line out of 2500 rows of DP table...
2022-01-05 07:52:11,423 - root - DEBUG - Processing 1520-th line out of 2500 rows of DP table...
2022-01-05 07:52:11,770 - root - DEBUG - Processing 1530-th line out of 2500 rows of DP table...
2022-01-05 07:52:12,116 - root - DEBUG - Processing 1540-th line out of 2500 rows of DP table...
2022-01-05 07:52:12,458 - root - DEBUG - Processing 1550-th line out of 2500 rows of DP table...
2022-01-05 07:52:12,796 - root - DEBUG - Processing 1560-th line out of 2500 rows of DP table...
2022-01-05 07:52:13,131 - root - DEBUG - Processing 1570-th line out of 2500 rows of DP table...
2022-01-05 07:52:13,465 - root - DEBUG - Processing 1580-th line out of 2500 rows of DP table...
2022-01-05 07:52:13,793 - root - DEBUG - Processing 1590-th line out of 2500 rows of DP table...
2022-01-05 07:52:14,115 - root - DEBUG - Processing 1600-th line out of 2500 rows of DP table...
2022-01-05 07:52:14,436 - root - DEBUG - Processing 1610-th line out of 2500 rows of DP table...
2022-01-05 07:52:14,755 - root - DEBUG - Processing 1620-th line out of 2500 rows of DP table...
2022-01-05 07:52:15,070 - root - DEBUG - Processing 1630-th line out of 2500 rows of DP table...
2022-01-05 07:52:15,379 - root - DEBUG - Processing 1640-th line out of 2500 rows of DP table...
2022-01-05 07:52:15,687 - root - DEBUG - Processing 1650-th line out of 2500 rows of DP table...
2022-01-05 07:52:15,989 - root - DEBUG - Processing 1660-th line out of 2500 rows of DP table...
2022-01-05 07:52:16,294 - root - DEBUG - Processing 1670-th line out of 2500 rows of DP table...
2022-01-05 07:52:16,591 - root - DEBUG - Processing 1680-th line out of 2500 rows of DP table...
2022-01-05 07:52:16,887 - root - DEBUG - Processing 1690-th line out of 2500 rows of DP table...
2022-01-05 07:52:17,177 - root - DEBUG - Processing 1700-th line out of 2500 rows of DP table...
2022-01-05 07:52:17,463 - root - DEBUG - Processing 1710-th line out of 2500 rows of DP table...
2022-01-05 07:52:17,747 - root - DEBUG - Processing 1720-th line out of 2500 rows of DP table...
2022-01-05 07:52:18,026 - root - DEBUG - Processing 1730-th line out of 2500 rows of DP table...
2022-01-05 07:52:18,302 - root - DEBUG - Processing 1740-th line out of 2500 rows of DP table...
2022-01-05 07:52:18,574 - root - DEBUG - Processing 1750-th line out of 2500 rows of DP table...
2022-01-05 07:52:18,845 - root - DEBUG - Processing 1760-th line out of 2500 rows of DP table...
2022-01-05 07:52:19,119 - root - DEBUG - Processing 1770-th line out of 2500 rows of DP table...
2022-01-05 07:52:19,381 - root - DEBUG - Processing 1780-th line out of 2500 rows of DP table...
2022-01-05 07:52:19,641 - root - DEBUG - Processing 1790-th line out of 2500 rows of DP table...
2022-01-05 07:52:19,897 - root - DEBUG - Processing 1800-th line out of 2500 rows of DP table...
2022-01-05 07:52:20,150 - root - DEBUG - Processing 1810-th line out of 2500 rows of DP table...
2022-01-05 07:52:20,399 - root - DEBUG - Processing 1820-th line out of 2500 rows of DP table...
2022-01-05 07:52:20,645 - root - DEBUG - Processing 1830-th line out of 2500 rows of DP table...
2022-01-05 07:52:20,888 - root - DEBUG - Processing 1840-th line out of 2500 rows of DP table...
2022-01-05 07:52:21,129 - root - DEBUG - Processing 1850-th line out of 2500 rows of DP table...
2022-01-05 07:52:21,364 - root - DEBUG - Processing 1860-th line out of 2500 rows of DP table...
2022-01-05 07:52:21,594 - root - DEBUG - Processing 1870-th line out of 2500 rows of DP table...
2022-01-05 07:52:21,823 - root - DEBUG - Processing 1880-th line out of 2500 rows of DP table...
2022-01-05 07:52:22,046 - root - DEBUG - Processing 1890-th line out of 2500 rows of DP table...
2022-01-05 07:52:22,267 - root - DEBUG - Processing 1900-th line out of 2500 rows of DP table...
2022-01-05 07:52:22,485 - root - DEBUG - Processing 1910-th line out of 2500 rows of DP table...
2022-01-05 07:52:22,699 - root - DEBUG - Processing 1920-th line out of 2500 rows of DP table...
2022-01-05 07:52:22,909 - root - DEBUG - Processing 1930-th line out of 2500 rows of DP table...
2022-01-05 07:52:23,114 - root - DEBUG - Processing 1940-th line out of 2500 rows of DP table...
2022-01-05 07:52:23,319 - root - DEBUG - Processing 1950-th line out of 2500 rows of DP table...
2022-01-05 07:52:23,519 - root - DEBUG - Processing 1960-th line out of 2500 rows of DP table...
2022-01-05 07:52:23,715 - root - DEBUG - Processing 1970-th line out of 2500 rows of DP table...
2022-01-05 07:52:23,907 - root - DEBUG - Processing 1980-th line out of 2500 rows of DP table...
2022-01-05 07:52:24,095 - root - DEBUG - Processing 1990-th line out of 2500 rows of DP table...
2022-01-05 07:52:24,280 - root - DEBUG - Processing 2000-th line out of 2500 rows of DP table...
2022-01-05 07:52:24,462 - root - DEBUG - Processing 2010-th line out of 2500 rows of DP table...
2022-01-05 07:52:24,642 - root - DEBUG - Processing 2020-th line out of 2500 rows of DP table...
2022-01-05 07:52:24,819 - root - DEBUG - Processing 2030-th line out of 2500 rows of DP table...
2022-01-05 07:52:24,991 - root - DEBUG - Processing 2040-th line out of 2500 rows of DP table...
2022-01-05 07:52:25,161 - root - DEBUG - Processing 2050-th line out of 2500 rows of DP table...
2022-01-05 07:52:25,331 - root - DEBUG - Processing 2060-th line out of 2500 rows of DP table...
2022-01-05 07:52:25,494 - root - DEBUG - Processing 2070-th line out of 2500 rows of DP table...
2022-01-05 07:52:25,653 - root - DEBUG - Processing 2080-th line out of 2500 rows of DP table...
2022-01-05 07:52:25,809 - root - DEBUG - Processing 2090-th line out of 2500 rows of DP table...
2022-01-05 07:52:25,961 - root - DEBUG - Processing 2100-th line out of 2500 rows of DP table...
2022-01-05 07:52:26,109 - root - DEBUG - Processing 2110-th line out of 2500 rows of DP table...
2022-01-05 07:52:26,255 - root - DEBUG - Processing 2120-th line out of 2500 rows of DP table...
2022-01-05 07:52:26,397 - root - DEBUG - Processing 2130-th line out of 2500 rows of DP table...
2022-01-05 07:52:26,534 - root - DEBUG - Processing 2140-th line out of 2500 rows of DP table...
2022-01-05 07:52:26,669 - root - DEBUG - Processing 2150-th line out of 2500 rows of DP table...
2022-01-05 07:52:26,799 - root - DEBUG - Processing 2160-th line out of 2500 rows of DP table...
2022-01-05 07:52:26,927 - root - DEBUG - Processing 2170-th line out of 2500 rows of DP table...
2022-01-05 07:52:27,052 - root - DEBUG - Processing 2180-th line out of 2500 rows of DP table...
2022-01-05 07:52:27,174 - root - DEBUG - Processing 2190-th line out of 2500 rows of DP table...
2022-01-05 07:52:27,292 - root - DEBUG - Processing 2200-th line out of 2500 rows of DP table...
2022-01-05 07:52:27,407 - root - DEBUG - Processing 2210-th line out of 2500 rows of DP table...
2022-01-05 07:52:27,518 - root - DEBUG - Processing 2220-th line out of 2500 rows of DP table...
2022-01-05 07:52:27,754 - root - DEBUG - Processing 2230-th line out of 2500 rows of DP table...
2022-01-05 07:52:27,858 - root - DEBUG - Processing 2240-th line out of 2500 rows of DP table...
2022-01-05 07:52:27,959 - root - DEBUG - Processing 2250-th line out of 2500 rows of DP table...
2022-01-05 07:52:28,057 - root - DEBUG - Processing 2260-th line out of 2500 rows of DP table...
2022-01-05 07:52:28,151 - root - DEBUG - Processing 2270-th line out of 2500 rows of DP table...
2022-01-05 07:52:28,241 - root - DEBUG - Processing 2280-th line out of 2500 rows of DP table...
2022-01-05 07:52:28,328 - root - DEBUG - Processing 2290-th line out of 2500 rows of DP table...
2022-01-05 07:52:28,412 - root - DEBUG - Processing 2300-th line out of 2500 rows of DP table...
2022-01-05 07:52:28,492 - root - DEBUG - Processing 2310-th line out of 2500 rows of DP table...
2022-01-05 07:52:28,569 - root - DEBUG - Processing 2320-th line out of 2500 rows of DP table...
2022-01-05 07:52:28,644 - root - DEBUG - Processing 2330-th line out of 2500 rows of DP table...
2022-01-05 07:52:28,714 - root - DEBUG - Processing 2340-th line out of 2500 rows of DP table...
2022-01-05 07:52:28,781 - root - DEBUG - Processing 2350-th line out of 2500 rows of DP table...
2022-01-05 07:52:28,844 - root - DEBUG - Processing 2360-th line out of 2500 rows of DP table...
2022-01-05 07:52:28,904 - root - DEBUG - Processing 2370-th line out of 2500 rows of DP table...
2022-01-05 07:52:28,960 - root - DEBUG - Processing 2380-th line out of 2500 rows of DP table...
2022-01-05 07:52:29,013 - root - DEBUG - Processing 2390-th line out of 2500 rows of DP table...
2022-01-05 07:52:29,062 - root - DEBUG - Processing 2400-th line out of 2500 rows of DP table...
2022-01-05 07:52:29,109 - root - DEBUG - Processing 2410-th line out of 2500 rows of DP table...
2022-01-05 07:52:29,150 - root - DEBUG - Processing 2420-th line out of 2500 rows of DP table...
2022-01-05 07:52:29,189 - root - DEBUG - Processing 2430-th line out of 2500 rows of DP table...
2022-01-05 07:52:29,225 - root - DEBUG - Processing 2440-th line out of 2500 rows of DP table...
2022-01-05 07:52:29,258 - root - DEBUG - Processing 2450-th line out of 2500 rows of DP table...
2022-01-05 07:52:29,286 - root - DEBUG - Processing 2460-th line out of 2500 rows of DP table...
2022-01-05 07:52:29,312 - root - DEBUG - Processing 2470-th line out of 2500 rows of DP table...
2022-01-05 07:52:29,334 - root - DEBUG - Processing 2480-th line out of 2500 rows of DP table...
2022-01-05 07:52:29,352 - root - DEBUG - Processing 2490-th line out of 2500 rows of DP table...
2022-01-05 07:52:29,367 - root - DEBUG - Processing 2500-th line out of 2500 rows of DP table...
2022-01-05 07:52:29,382 - root - DEBUG - Started computing joint logprobs...
