2022-01-05 08:09:16,051 - root - INFO - Loading reference interval set from '211227-2-sim/g25_1.ref.tsv'...
2022-01-05 08:09:16,056 - root - INFO - Loading query interval set from '211227-2-sim/g25_1.query.tsv'...
2022-01-05 08:09:16,062 - root - INFO - Loading chromosome sizes from '211227-2-sim/g25_sizes.tsv'...
2022-01-05 08:09:16,066 - root - INFO - Number of reference intervals: 2500 (2500 before merging)
2022-01-05 08:09:16,067 - root - INFO - Number of query intervals: 5 (5 before merging)
2022-01-05 08:09:16,068 - root - INFO - Number of chromosomes: 1
2022-01-05 08:09:16,074 - root - INFO - Overlap count: 13
2022-01-05 08:09:16,075 - root - DEBUG - Started computing sf for chromosome 'chr1'...
2022-01-05 08:09:16,076 - root - DEBUG - m=2500, n=5
2022-01-05 08:09:16,892 - root - DEBUG - Processing 10-th line out of 2500 rows of DP table...
2022-01-05 08:09:17,752 - root - DEBUG - Processing 20-th line out of 2500 rows of DP table...
2022-01-05 08:09:18,604 - root - DEBUG - Processing 30-th line out of 2500 rows of DP table...
2022-01-05 08:09:19,458 - root - DEBUG - Processing 40-th line out of 2500 rows of DP table...
2022-01-05 08:09:20,307 - root - DEBUG - Processing 50-th line out of 2500 rows of DP table...
2022-01-05 08:09:21,145 - root - DEBUG - Processing 60-th line out of 2500 rows of DP table...
2022-01-05 08:09:21,989 - root - DEBUG - Processing 70-th line out of 2500 rows of DP table...
2022-01-05 08:09:22,831 - root - DEBUG - Processing 80-th line out of 2500 rows of DP table...
2022-01-05 08:09:23,659 - root - DEBUG - Processing 90-th line out of 2500 rows of DP table...
2022-01-05 08:09:24,492 - root - DEBUG - Processing 100-th line out of 2500 rows of DP table...
2022-01-05 08:09:25,320 - root - DEBUG - Processing 110-th line out of 2500 rows of DP table...
2022-01-05 08:09:26,134 - root - DEBUG - Processing 120-th line out of 2500 rows of DP table...
2022-01-05 08:09:26,956 - root - DEBUG - Processing 130-th line out of 2500 rows of DP table...
2022-01-05 08:09:27,806 - root - DEBUG - Processing 140-th line out of 2500 rows of DP table...
2022-01-05 08:09:28,612 - root - DEBUG - Processing 150-th line out of 2500 rows of DP table...
2022-01-05 08:09:29,425 - root - DEBUG - Processing 160-th line out of 2500 rows of DP table...
2022-01-05 08:09:30,235 - root - DEBUG - Processing 170-th line out of 2500 rows of DP table...
2022-01-05 08:09:31,034 - root - DEBUG - Processing 180-th line out of 2500 rows of DP table...
2022-01-05 08:09:31,835 - root - DEBUG - Processing 190-th line out of 2500 rows of DP table...
2022-01-05 08:09:32,638 - root - DEBUG - Processing 200-th line out of 2500 rows of DP table...
2022-01-05 08:09:33,425 - root - DEBUG - Processing 210-th line out of 2500 rows of DP table...
2022-01-05 08:09:34,216 - root - DEBUG - Processing 220-th line out of 2500 rows of DP table...
2022-01-05 08:09:34,996 - root - DEBUG - Processing 230-th line out of 2500 rows of DP table...
2022-01-05 08:09:35,794 - root - DEBUG - Processing 240-th line out of 2500 rows of DP table...
2022-01-05 08:09:36,576 - root - DEBUG - Processing 250-th line out of 2500 rows of DP table...
2022-01-05 08:09:37,346 - root - DEBUG - Processing 260-th line out of 2500 rows of DP table...
2022-01-05 08:09:38,122 - root - DEBUG - Processing 270-th line out of 2500 rows of DP table...
2022-01-05 08:09:38,883 - root - DEBUG - Processing 280-th line out of 2500 rows of DP table...
2022-01-05 08:09:39,649 - root - DEBUG - Processing 290-th line out of 2500 rows of DP table...
2022-01-05 08:09:40,413 - root - DEBUG - Processing 300-th line out of 2500 rows of DP table...
2022-01-05 08:09:41,164 - root - DEBUG - Processing 310-th line out of 2500 rows of DP table...
2022-01-05 08:09:41,922 - root - DEBUG - Processing 320-th line out of 2500 rows of DP table...
2022-01-05 08:09:42,666 - root - DEBUG - Processing 330-th line out of 2500 rows of DP table...
2022-01-05 08:09:43,416 - root - DEBUG - Processing 340-th line out of 2500 rows of DP table...
2022-01-05 08:09:44,164 - root - DEBUG - Processing 350-th line out of 2500 rows of DP table...
2022-01-05 08:09:44,903 - root - DEBUG - Processing 360-th line out of 2500 rows of DP table...
2022-01-05 08:09:45,646 - root - DEBUG - Processing 370-th line out of 2500 rows of DP table...
2022-01-05 08:09:46,377 - root - DEBUG - Processing 380-th line out of 2500 rows of DP table...
2022-01-05 08:09:47,114 - root - DEBUG - Processing 390-th line out of 2500 rows of DP table...
2022-01-05 08:09:47,844 - root - DEBUG - Processing 400-th line out of 2500 rows of DP table...
2022-01-05 08:09:48,562 - root - DEBUG - Processing 410-th line out of 2500 rows of DP table...
2022-01-05 08:09:49,286 - root - DEBUG - Processing 420-th line out of 2500 rows of DP table...
2022-01-05 08:09:49,998 - root - DEBUG - Processing 430-th line out of 2500 rows of DP table...
2022-01-05 08:09:50,718 - root - DEBUG - Processing 440-th line out of 2500 rows of DP table...
2022-01-05 08:09:51,424 - root - DEBUG - Processing 450-th line out of 2500 rows of DP table...
2022-01-05 08:09:52,133 - root - DEBUG - Processing 460-th line out of 2500 rows of DP table...
2022-01-05 08:09:52,832 - root - DEBUG - Processing 470-th line out of 2500 rows of DP table...
2022-01-05 08:09:53,535 - root - DEBUG - Processing 480-th line out of 2500 rows of DP table...
2022-01-05 08:09:54,237 - root - DEBUG - Processing 490-th line out of 2500 rows of DP table...
2022-01-05 08:09:54,942 - root - DEBUG - Processing 500-th line out of 2500 rows of DP table...
2022-01-05 08:09:55,658 - root - DEBUG - Processing 510-th line out of 2500 rows of DP table...
2022-01-05 08:09:56,344 - root - DEBUG - Processing 520-th line out of 2500 rows of DP table...
2022-01-05 08:09:57,026 - root - DEBUG - Processing 530-th line out of 2500 rows of DP table...
2022-01-05 08:09:57,703 - root - DEBUG - Processing 540-th line out of 2500 rows of DP table...
2022-01-05 08:09:58,388 - root - DEBUG - Processing 550-th line out of 2500 rows of DP table...
2022-01-05 08:09:59,057 - root - DEBUG - Processing 560-th line out of 2500 rows of DP table...
2022-01-05 08:09:59,723 - root - DEBUG - Processing 570-th line out of 2500 rows of DP table...
2022-01-05 08:10:00,394 - root - DEBUG - Processing 580-th line out of 2500 rows of DP table...
2022-01-05 08:10:01,055 - root - DEBUG - Processing 590-th line out of 2500 rows of DP table...
2022-01-05 08:10:01,713 - root - DEBUG - Processing 600-th line out of 2500 rows of DP table...
2022-01-05 08:10:02,375 - root - DEBUG - Processing 610-th line out of 2500 rows of DP table...
2022-01-05 08:10:03,025 - root - DEBUG - Processing 620-th line out of 2500 rows of DP table...
2022-01-05 08:10:03,670 - root - DEBUG - Processing 630-th line out of 2500 rows of DP table...
2022-01-05 08:10:04,313 - root - DEBUG - Processing 640-th line out of 2500 rows of DP table...
2022-01-05 08:10:04,960 - root - DEBUG - Processing 650-th line out of 2500 rows of DP table...
2022-01-05 08:10:05,601 - root - DEBUG - Processing 660-th line out of 2500 rows of DP table...
2022-01-05 08:10:06,233 - root - DEBUG - Processing 670-th line out of 2500 rows of DP table...
2022-01-05 08:10:06,863 - root - DEBUG - Processing 680-th line out of 2500 rows of DP table...
2022-01-05 08:10:07,496 - root - DEBUG - Processing 690-th line out of 2500 rows of DP table...
2022-01-05 08:10:08,118 - root - DEBUG - Processing 700-th line out of 2500 rows of DP table...
2022-01-05 08:10:08,736 - root - DEBUG - Processing 710-th line out of 2500 rows of DP table...
2022-01-05 08:10:09,351 - root - DEBUG - Processing 720-th line out of 2500 rows of DP table...
2022-01-05 08:10:09,963 - root - DEBUG - Processing 730-th line out of 2500 rows of DP table...
2022-01-05 08:10:10,571 - root - DEBUG - Processing 740-th line out of 2500 rows of DP table...
2022-01-05 08:10:11,173 - root - DEBUG - Processing 750-th line out of 2500 rows of DP table...
2022-01-05 08:10:11,780 - root - DEBUG - Processing 760-th line out of 2500 rows of DP table...
2022-01-05 08:10:12,381 - root - DEBUG - Processing 770-th line out of 2500 rows of DP table...
2022-01-05 08:10:12,986 - root - DEBUG - Processing 780-th line out of 2500 rows of DP table...
2022-01-05 08:10:13,578 - root - DEBUG - Processing 790-th line out of 2500 rows of DP table...
2022-01-05 08:10:14,182 - root - DEBUG - Processing 800-th line out of 2500 rows of DP table...
2022-01-05 08:10:14,768 - root - DEBUG - Processing 810-th line out of 2500 rows of DP table...
2022-01-05 08:10:15,349 - root - DEBUG - Processing 820-th line out of 2500 rows of DP table...
2022-01-05 08:10:15,932 - root - DEBUG - Processing 830-th line out of 2500 rows of DP table...
2022-01-05 08:10:16,507 - root - DEBUG - Processing 840-th line out of 2500 rows of DP table...
2022-01-05 08:10:17,082 - root - DEBUG - Processing 850-th line out of 2500 rows of DP table...
2022-01-05 08:10:17,650 - root - DEBUG - Processing 860-th line out of 2500 rows of DP table...
2022-01-05 08:10:18,215 - root - DEBUG - Processing 870-th line out of 2500 rows of DP table...
2022-01-05 08:10:18,778 - root - DEBUG - Processing 880-th line out of 2500 rows of DP table...
2022-01-05 08:10:19,338 - root - DEBUG - Processing 890-th line out of 2500 rows of DP table...
2022-01-05 08:10:19,905 - root - DEBUG - Processing 900-th line out of 2500 rows of DP table...
2022-01-05 08:10:20,457 - root - DEBUG - Processing 910-th line out of 2500 rows of DP table...
2022-01-05 08:10:21,006 - root - DEBUG - Processing 920-th line out of 2500 rows of DP table...
2022-01-05 08:10:21,550 - root - DEBUG - Processing 930-th line out of 2500 rows of DP table...
2022-01-05 08:10:22,094 - root - DEBUG - Processing 940-th line out of 2500 rows of DP table...
2022-01-05 08:10:22,633 - root - DEBUG - Processing 950-th line out of 2500 rows of DP table...
2022-01-05 08:10:23,168 - root - DEBUG - Processing 960-th line out of 2500 rows of DP table...
2022-01-05 08:10:23,698 - root - DEBUG - Processing 970-th line out of 2500 rows of DP table...
2022-01-05 08:10:24,235 - root - DEBUG - Processing 980-th line out of 2500 rows of DP table...
2022-01-05 08:10:24,759 - root - DEBUG - Processing 990-th line out of 2500 rows of DP table...
2022-01-05 08:10:25,279 - root - DEBUG - Processing 1000-th line out of 2500 rows of DP table...
2022-01-05 08:10:25,800 - root - DEBUG - Processing 1010-th line out of 2500 rows of DP table...
2022-01-05 08:10:26,319 - root - DEBUG - Processing 1020-th line out of 2500 rows of DP table...
2022-01-05 08:10:26,831 - root - DEBUG - Processing 1030-th line out of 2500 rows of DP table...
2022-01-05 08:10:27,347 - root - DEBUG - Processing 1040-th line out of 2500 rows of DP table...
2022-01-05 08:10:27,850 - root - DEBUG - Processing 1050-th line out of 2500 rows of DP table...
2022-01-05 08:10:28,351 - root - DEBUG - Processing 1060-th line out of 2500 rows of DP table...
2022-01-05 08:10:28,849 - root - DEBUG - Processing 1070-th line out of 2500 rows of DP table...
2022-01-05 08:10:29,351 - root - DEBUG - Processing 1080-th line out of 2500 rows of DP table...
2022-01-05 08:10:29,842 - root - DEBUG - Processing 1090-th line out of 2500 rows of DP table...
2022-01-05 08:10:30,330 - root - DEBUG - Processing 1100-th line out of 2500 rows of DP table...
2022-01-05 08:10:30,814 - root - DEBUG - Processing 1110-th line out of 2500 rows of DP table...
2022-01-05 08:10:31,291 - root - DEBUG - Processing 1120-th line out of 2500 rows of DP table...
2022-01-05 08:10:31,768 - root - DEBUG - Processing 1130-th line out of 2500 rows of DP table...
2022-01-05 08:10:32,243 - root - DEBUG - Processing 1140-th line out of 2500 rows of DP table...
2022-01-05 08:10:32,714 - root - DEBUG - Processing 1150-th line out of 2500 rows of DP table...
2022-01-05 08:10:33,181 - root - DEBUG - Processing 1160-th line out of 2500 rows of DP table...
2022-01-05 08:10:33,646 - root - DEBUG - Processing 1170-th line out of 2500 rows of DP table...
2022-01-05 08:10:34,106 - root - DEBUG - Processing 1180-th line out of 2500 rows of DP table...
2022-01-05 08:10:34,584 - root - DEBUG - Processing 1190-th line out of 2500 rows of DP table...
2022-01-05 08:10:35,039 - root - DEBUG - Processing 1200-th line out of 2500 rows of DP table...
2022-01-05 08:10:35,488 - root - DEBUG - Processing 1210-th line out of 2500 rows of DP table...
2022-01-05 08:10:35,936 - root - DEBUG - Processing 1220-th line out of 2500 rows of DP table...
2022-01-05 08:10:36,374 - root - DEBUG - Processing 1230-th line out of 2500 rows of DP table...
2022-01-05 08:10:36,827 - root - DEBUG - Processing 1240-th line out of 2500 rows of DP table...
2022-01-05 08:10:37,264 - root - DEBUG - Processing 1250-th line out of 2500 rows of DP table...
2022-01-05 08:10:37,697 - root - DEBUG - Processing 1260-th line out of 2500 rows of DP table...
2022-01-05 08:10:38,127 - root - DEBUG - Processing 1270-th line out of 2500 rows of DP table...
2022-01-05 08:10:38,554 - root - DEBUG - Processing 1280-th line out of 2500 rows of DP table...
2022-01-05 08:10:38,986 - root - DEBUG - Processing 1290-th line out of 2500 rows of DP table...
2022-01-05 08:10:39,405 - root - DEBUG - Processing 1300-th line out of 2500 rows of DP table...
2022-01-05 08:10:39,818 - root - DEBUG - Processing 1310-th line out of 2500 rows of DP table...
2022-01-05 08:10:40,231 - root - DEBUG - Processing 1320-th line out of 2500 rows of DP table...
2022-01-05 08:10:40,640 - root - DEBUG - Processing 1330-th line out of 2500 rows of DP table...
2022-01-05 08:10:41,047 - root - DEBUG - Processing 1340-th line out of 2500 rows of DP table...
2022-01-05 08:10:41,449 - root - DEBUG - Processing 1350-th line out of 2500 rows of DP table...
2022-01-05 08:10:41,847 - root - DEBUG - Processing 1360-th line out of 2500 rows of DP table...
2022-01-05 08:10:42,241 - root - DEBUG - Processing 1370-th line out of 2500 rows of DP table...
2022-01-05 08:10:42,634 - root - DEBUG - Processing 1380-th line out of 2500 rows of DP table...
2022-01-05 08:10:43,027 - root - DEBUG - Processing 1390-th line out of 2500 rows of DP table...
2022-01-05 08:10:43,413 - root - DEBUG - Processing 1400-th line out of 2500 rows of DP table...
2022-01-05 08:10:43,795 - root - DEBUG - Processing 1410-th line out of 2500 rows of DP table...
2022-01-05 08:10:44,216 - root - DEBUG - Processing 1420-th line out of 2500 rows of DP table...
2022-01-05 08:10:44,592 - root - DEBUG - Processing 1430-th line out of 2500 rows of DP table...
2022-01-05 08:10:44,964 - root - DEBUG - Processing 1440-th line out of 2500 rows of DP table...
2022-01-05 08:10:45,335 - root - DEBUG - Processing 1450-th line out of 2500 rows of DP table...
2022-01-05 08:10:45,700 - root - DEBUG - Processing 1460-th line out of 2500 rows of DP table...
2022-01-05 08:10:46,063 - root - DEBUG - Processing 1470-th line out of 2500 rows of DP table...
2022-01-05 08:10:46,421 - root - DEBUG - Processing 1480-th line out of 2500 rows of DP table...
2022-01-05 08:10:46,777 - root - DEBUG - Processing 1490-th line out of 2500 rows of DP table...
2022-01-05 08:10:47,129 - root - DEBUG - Processing 1500-th line out of 2500 rows of DP table...
2022-01-05 08:10:47,486 - root - DEBUG - Processing 1510-th line out of 2500 rows of DP table...
2022-01-05 08:10:47,831 - root - DEBUG - Processing 1520-th line out of 2500 rows of DP table...
2022-01-05 08:10:48,173 - root - DEBUG - Processing 1530-th line out of 2500 rows of DP table...
2022-01-05 08:10:48,513 - root - DEBUG - Processing 1540-th line out of 2500 rows of DP table...
2022-01-05 08:10:48,851 - root - DEBUG - Processing 1550-th line out of 2500 rows of DP table...
2022-01-05 08:10:49,182 - root - DEBUG - Processing 1560-th line out of 2500 rows of DP table...
2022-01-05 08:10:49,516 - root - DEBUG - Processing 1570-th line out of 2500 rows of DP table...
2022-01-05 08:10:49,844 - root - DEBUG - Processing 1580-th line out of 2500 rows of DP table...
2022-01-05 08:10:50,163 - root - DEBUG - Processing 1590-th line out of 2500 rows of DP table...
2022-01-05 08:10:50,483 - root - DEBUG - Processing 1600-th line out of 2500 rows of DP table...
2022-01-05 08:10:50,798 - root - DEBUG - Processing 1610-th line out of 2500 rows of DP table...
2022-01-05 08:10:51,110 - root - DEBUG - Processing 1620-th line out of 2500 rows of DP table...
2022-01-05 08:10:51,419 - root - DEBUG - Processing 1630-th line out of 2500 rows of DP table...
2022-01-05 08:10:51,725 - root - DEBUG - Processing 1640-th line out of 2500 rows of DP table...
2022-01-05 08:10:52,027 - root - DEBUG - Processing 1650-th line out of 2500 rows of DP table...
2022-01-05 08:10:52,326 - root - DEBUG - Processing 1660-th line out of 2500 rows of DP table...
2022-01-05 08:10:52,620 - root - DEBUG - Processing 1670-th line out of 2500 rows of DP table...
2022-01-05 08:10:52,910 - root - DEBUG - Processing 1680-th line out of 2500 rows of DP table...
2022-01-05 08:10:53,197 - root - DEBUG - Processing 1690-th line out of 2500 rows of DP table...
2022-01-05 08:10:53,484 - root - DEBUG - Processing 1700-th line out of 2500 rows of DP table...
2022-01-05 08:10:53,768 - root - DEBUG - Processing 1710-th line out of 2500 rows of DP table...
2022-01-05 08:10:54,047 - root - DEBUG - Processing 1720-th line out of 2500 rows of DP table...
2022-01-05 08:10:54,321 - root - DEBUG - Processing 1730-th line out of 2500 rows of DP table...
2022-01-05 08:10:54,592 - root - DEBUG - Processing 1740-th line out of 2500 rows of DP table...
2022-01-05 08:10:54,861 - root - DEBUG - Processing 1750-th line out of 2500 rows of DP table...
2022-01-05 08:10:55,126 - root - DEBUG - Processing 1760-th line out of 2500 rows of DP table...
2022-01-05 08:10:55,387 - root - DEBUG - Processing 1770-th line out of 2500 rows of DP table...
2022-01-05 08:10:55,644 - root - DEBUG - Processing 1780-th line out of 2500 rows of DP table...
2022-01-05 08:10:55,899 - root - DEBUG - Processing 1790-th line out of 2500 rows of DP table...
2022-01-05 08:10:56,148 - root - DEBUG - Processing 1800-th line out of 2500 rows of DP table...
2022-01-05 08:10:56,396 - root - DEBUG - Processing 1810-th line out of 2500 rows of DP table...
2022-01-05 08:10:56,641 - root - DEBUG - Processing 1820-th line out of 2500 rows of DP table...
2022-01-05 08:10:56,880 - root - DEBUG - Processing 1830-th line out of 2500 rows of DP table...
2022-01-05 08:10:57,117 - root - DEBUG - Processing 1840-th line out of 2500 rows of DP table...
2022-01-05 08:10:57,350 - root - DEBUG - Processing 1850-th line out of 2500 rows of DP table...
2022-01-05 08:10:57,580 - root - DEBUG - Processing 1860-th line out of 2500 rows of DP table...
2022-01-05 08:10:57,806 - root - DEBUG - Processing 1870-th line out of 2500 rows of DP table...
2022-01-05 08:10:58,029 - root - DEBUG - Processing 1880-th line out of 2500 rows of DP table...
2022-01-05 08:10:58,249 - root - DEBUG - Processing 1890-th line out of 2500 rows of DP table...
2022-01-05 08:10:58,467 - root - DEBUG - Processing 1900-th line out of 2500 rows of DP table...
2022-01-05 08:10:58,679 - root - DEBUG - Processing 1910-th line out of 2500 rows of DP table...
2022-01-05 08:10:58,888 - root - DEBUG - Processing 1920-th line out of 2500 rows of DP table...
2022-01-05 08:10:59,094 - root - DEBUG - Processing 1930-th line out of 2500 rows of DP table...
2022-01-05 08:10:59,297 - root - DEBUG - Processing 1940-th line out of 2500 rows of DP table...
2022-01-05 08:10:59,497 - root - DEBUG - Processing 1950-th line out of 2500 rows of DP table...
2022-01-05 08:10:59,692 - root - DEBUG - Processing 1960-th line out of 2500 rows of DP table...
2022-01-05 08:10:59,885 - root - DEBUG - Processing 1970-th line out of 2500 rows of DP table...
2022-01-05 08:11:00,074 - root - DEBUG - Processing 1980-th line out of 2500 rows of DP table...
2022-01-05 08:11:00,260 - root - DEBUG - Processing 1990-th line out of 2500 rows of DP table...
2022-01-05 08:11:00,443 - root - DEBUG - Processing 2000-th line out of 2500 rows of DP table...
2022-01-05 08:11:00,622 - root - DEBUG - Processing 2010-th line out of 2500 rows of DP table...
2022-01-05 08:11:00,798 - root - DEBUG - Processing 2020-th line out of 2500 rows of DP table...
2022-01-05 08:11:00,971 - root - DEBUG - Processing 2030-th line out of 2500 rows of DP table...
2022-01-05 08:11:01,141 - root - DEBUG - Processing 2040-th line out of 2500 rows of DP table...
2022-01-05 08:11:01,309 - root - DEBUG - Processing 2050-th line out of 2500 rows of DP table...
2022-01-05 08:11:01,471 - root - DEBUG - Processing 2060-th line out of 2500 rows of DP table...
2022-01-05 08:11:01,647 - root - DEBUG - Processing 2070-th line out of 2500 rows of DP table...
2022-01-05 08:11:01,812 - root - DEBUG - Processing 2080-th line out of 2500 rows of DP table...
2022-01-05 08:11:01,965 - root - DEBUG - Processing 2090-th line out of 2500 rows of DP table...
2022-01-05 08:11:02,114 - root - DEBUG - Processing 2100-th line out of 2500 rows of DP table...
2022-01-05 08:11:02,259 - root - DEBUG - Processing 2110-th line out of 2500 rows of DP table...
2022-01-05 08:11:02,401 - root - DEBUG - Processing 2120-th line out of 2500 rows of DP table...
2022-01-05 08:11:02,540 - root - DEBUG - Processing 2130-th line out of 2500 rows of DP table...
2022-01-05 08:11:02,676 - root - DEBUG - Processing 2140-th line out of 2500 rows of DP table...
2022-01-05 08:11:02,809 - root - DEBUG - Processing 2150-th line out of 2500 rows of DP table...
2022-01-05 08:11:02,939 - root - DEBUG - Processing 2160-th line out of 2500 rows of DP table...
2022-01-05 08:11:03,065 - root - DEBUG - Processing 2170-th line out of 2500 rows of DP table...
2022-01-05 08:11:03,188 - root - DEBUG - Processing 2180-th line out of 2500 rows of DP table...
2022-01-05 08:11:03,307 - root - DEBUG - Processing 2190-th line out of 2500 rows of DP table...
2022-01-05 08:11:03,424 - root - DEBUG - Processing 2200-th line out of 2500 rows of DP table...
2022-01-05 08:11:03,537 - root - DEBUG - Processing 2210-th line out of 2500 rows of DP table...
2022-01-05 08:11:03,646 - root - DEBUG - Processing 2220-th line out of 2500 rows of DP table...
2022-01-05 08:11:03,752 - root - DEBUG - Processing 2230-th line out of 2500 rows of DP table...
2022-01-05 08:11:03,855 - root - DEBUG - Processing 2240-th line out of 2500 rows of DP table...
2022-01-05 08:11:03,953 - root - DEBUG - Processing 2250-th line out of 2500 rows of DP table...
2022-01-05 08:11:04,049 - root - DEBUG - Processing 2260-th line out of 2500 rows of DP table...
2022-01-05 08:11:04,144 - root - DEBUG - Processing 2270-th line out of 2500 rows of DP table...
2022-01-05 08:11:04,233 - root - DEBUG - Processing 2280-th line out of 2500 rows of DP table...
2022-01-05 08:11:04,319 - root - DEBUG - Processing 2290-th line out of 2500 rows of DP table...
2022-01-05 08:11:04,401 - root - DEBUG - Processing 2300-th line out of 2500 rows of DP table...
2022-01-05 08:11:04,480 - root - DEBUG - Processing 2310-th line out of 2500 rows of DP table...
2022-01-05 08:11:04,555 - root - DEBUG - Processing 2320-th line out of 2500 rows of DP table...
2022-01-05 08:11:04,627 - root - DEBUG - Processing 2330-th line out of 2500 rows of DP table...
2022-01-05 08:11:04,696 - root - DEBUG - Processing 2340-th line out of 2500 rows of DP table...
2022-01-05 08:11:04,761 - root - DEBUG - Processing 2350-th line out of 2500 rows of DP table...
2022-01-05 08:11:04,822 - root - DEBUG - Processing 2360-th line out of 2500 rows of DP table...
2022-01-05 08:11:04,881 - root - DEBUG - Processing 2370-th line out of 2500 rows of DP table...
2022-01-05 08:11:04,936 - root - DEBUG - Processing 2380-th line out of 2500 rows of DP table...
2022-01-05 08:11:04,988 - root - DEBUG - Processing 2390-th line out of 2500 rows of DP table...
2022-01-05 08:11:05,036 - root - DEBUG - Processing 2400-th line out of 2500 rows of DP table...
2022-01-05 08:11:05,081 - root - DEBUG - Processing 2410-th line out of 2500 rows of DP table...
2022-01-05 08:11:05,123 - root - DEBUG - Processing 2420-th line out of 2500 rows of DP table...
2022-01-05 08:11:05,161 - root - DEBUG - Processing 2430-th line out of 2500 rows of DP table...
2022-01-05 08:11:05,196 - root - DEBUG - Processing 2440-th line out of 2500 rows of DP table...
2022-01-05 08:11:05,228 - root - DEBUG - Processing 2450-th line out of 2500 rows of DP table...
2022-01-05 08:11:05,256 - root - DEBUG - Processing 2460-th line out of 2500 rows of DP table...
2022-01-05 08:11:05,281 - root - DEBUG - Processing 2470-th line out of 2500 rows of DP table...
2022-01-05 08:11:05,303 - root - DEBUG - Processing 2480-th line out of 2500 rows of DP table...
2022-01-05 08:11:05,321 - root - DEBUG - Processing 2490-th line out of 2500 rows of DP table...
2022-01-05 08:11:05,336 - root - DEBUG - Processing 2500-th line out of 2500 rows of DP table...
2022-01-05 08:11:05,352 - root - DEBUG - Started computing joint logprobs...
