2022-01-04 21:36:06,912 - root - INFO - Loading reference interval set from '211227-2-sim/g25_5.ref.tsv'...
2022-01-04 21:36:06,917 - root - INFO - Loading query interval set from '211227-2-sim/g25_5.query.tsv'...
2022-01-04 21:36:06,919 - root - INFO - Loading chromosome sizes from '211227-2-sim/g25_sizes.tsv'...
2022-01-04 21:36:06,921 - root - INFO - Number of reference intervals: 2500 (2500 before merging)
2022-01-04 21:36:06,922 - root - INFO - Number of query intervals: 5 (5 before merging)
2022-01-04 21:36:06,923 - root - INFO - Number of chromosomes: 1
2022-01-04 21:36:06,927 - root - INFO - Overlap count: 12
2022-01-04 21:36:06,928 - root - DEBUG - Started computing sf for chromosome 'chr1'...
2022-01-04 21:36:06,929 - root - DEBUG - m=2500, n=5
2022-01-04 21:36:07,744 - root - DEBUG - Processing 10-th line out of 2500 rows of DP table...
2022-01-04 21:36:08,596 - root - DEBUG - Processing 20-th line out of 2500 rows of DP table...
2022-01-04 21:36:09,450 - root - DEBUG - Processing 30-th line out of 2500 rows of DP table...
2022-01-04 21:36:10,298 - root - DEBUG - Processing 40-th line out of 2500 rows of DP table...
2022-01-04 21:36:11,143 - root - DEBUG - Processing 50-th line out of 2500 rows of DP table...
2022-01-04 21:36:11,985 - root - DEBUG - Processing 60-th line out of 2500 rows of DP table...
2022-01-04 21:36:12,826 - root - DEBUG - Processing 70-th line out of 2500 rows of DP table...
2022-01-04 21:36:13,663 - root - DEBUG - Processing 80-th line out of 2500 rows of DP table...
2022-01-04 21:36:14,497 - root - DEBUG - Processing 90-th line out of 2500 rows of DP table...
2022-01-04 21:36:15,317 - root - DEBUG - Processing 100-th line out of 2500 rows of DP table...
2022-01-04 21:36:16,143 - root - DEBUG - Processing 110-th line out of 2500 rows of DP table...
2022-01-04 21:36:16,967 - root - DEBUG - Processing 120-th line out of 2500 rows of DP table...
2022-01-04 21:36:17,784 - root - DEBUG - Processing 130-th line out of 2500 rows of DP table...
2022-01-04 21:36:18,597 - root - DEBUG - Processing 140-th line out of 2500 rows of DP table...
2022-01-04 21:36:19,410 - root - DEBUG - Processing 150-th line out of 2500 rows of DP table...
2022-01-04 21:36:20,215 - root - DEBUG - Processing 160-th line out of 2500 rows of DP table...
2022-01-04 21:36:21,020 - root - DEBUG - Processing 170-th line out of 2500 rows of DP table...
2022-01-04 21:36:21,821 - root - DEBUG - Processing 180-th line out of 2500 rows of DP table...
2022-01-04 21:36:22,617 - root - DEBUG - Processing 190-th line out of 2500 rows of DP table...
2022-01-04 21:36:23,416 - root - DEBUG - Processing 200-th line out of 2500 rows of DP table...
2022-01-04 21:36:24,206 - root - DEBUG - Processing 210-th line out of 2500 rows of DP table...
2022-01-04 21:36:24,992 - root - DEBUG - Processing 220-th line out of 2500 rows of DP table...
2022-01-04 21:36:25,773 - root - DEBUG - Processing 230-th line out of 2500 rows of DP table...
2022-01-04 21:36:26,549 - root - DEBUG - Processing 240-th line out of 2500 rows of DP table...
2022-01-04 21:36:27,325 - root - DEBUG - Processing 250-th line out of 2500 rows of DP table...
2022-01-04 21:36:28,114 - root - DEBUG - Processing 260-th line out of 2500 rows of DP table...
2022-01-04 21:36:28,876 - root - DEBUG - Processing 270-th line out of 2500 rows of DP table...
2022-01-04 21:36:29,647 - root - DEBUG - Processing 280-th line out of 2500 rows of DP table...
2022-01-04 21:36:30,414 - root - DEBUG - Processing 290-th line out of 2500 rows of DP table...
2022-01-04 21:36:31,172 - root - DEBUG - Processing 300-th line out of 2500 rows of DP table...
2022-01-04 21:36:31,934 - root - DEBUG - Processing 310-th line out of 2500 rows of DP table...
2022-01-04 21:36:32,701 - root - DEBUG - Processing 320-th line out of 2500 rows of DP table...
2022-01-04 21:36:33,510 - root - DEBUG - Processing 330-th line out of 2500 rows of DP table...
2022-01-04 21:36:34,270 - root - DEBUG - Processing 340-th line out of 2500 rows of DP table...
2022-01-04 21:36:35,019 - root - DEBUG - Processing 350-th line out of 2500 rows of DP table...
2022-01-04 21:36:35,784 - root - DEBUG - Processing 360-th line out of 2500 rows of DP table...
2022-01-04 21:36:36,526 - root - DEBUG - Processing 370-th line out of 2500 rows of DP table...
2022-01-04 21:36:37,260 - root - DEBUG - Processing 380-th line out of 2500 rows of DP table...
2022-01-04 21:36:37,986 - root - DEBUG - Processing 390-th line out of 2500 rows of DP table...
2022-01-04 21:36:38,712 - root - DEBUG - Processing 400-th line out of 2500 rows of DP table...
2022-01-04 21:36:39,437 - root - DEBUG - Processing 410-th line out of 2500 rows of DP table...
2022-01-04 21:36:40,168 - root - DEBUG - Processing 420-th line out of 2500 rows of DP table...
2022-01-04 21:36:40,881 - root - DEBUG - Processing 430-th line out of 2500 rows of DP table...
2022-01-04 21:36:41,584 - root - DEBUG - Processing 440-th line out of 2500 rows of DP table...
2022-01-04 21:36:42,290 - root - DEBUG - Processing 450-th line out of 2500 rows of DP table...
2022-01-04 21:36:42,991 - root - DEBUG - Processing 460-th line out of 2500 rows of DP table...
2022-01-04 21:36:43,694 - root - DEBUG - Processing 470-th line out of 2500 rows of DP table...
2022-01-04 21:36:44,395 - root - DEBUG - Processing 480-th line out of 2500 rows of DP table...
2022-01-04 21:36:45,086 - root - DEBUG - Processing 490-th line out of 2500 rows of DP table...
2022-01-04 21:36:45,774 - root - DEBUG - Processing 500-th line out of 2500 rows of DP table...
2022-01-04 21:36:46,467 - root - DEBUG - Processing 510-th line out of 2500 rows of DP table...
2022-01-04 21:36:47,147 - root - DEBUG - Processing 520-th line out of 2500 rows of DP table...
2022-01-04 21:36:47,833 - root - DEBUG - Processing 530-th line out of 2500 rows of DP table...
2022-01-04 21:36:48,511 - root - DEBUG - Processing 540-th line out of 2500 rows of DP table...
2022-01-04 21:36:49,189 - root - DEBUG - Processing 550-th line out of 2500 rows of DP table...
2022-01-04 21:36:49,864 - root - DEBUG - Processing 560-th line out of 2500 rows of DP table...
2022-01-04 21:36:50,533 - root - DEBUG - Processing 570-th line out of 2500 rows of DP table...
2022-01-04 21:36:51,197 - root - DEBUG - Processing 580-th line out of 2500 rows of DP table...
2022-01-04 21:36:51,951 - root - DEBUG - Processing 590-th line out of 2500 rows of DP table...
2022-01-04 21:36:52,611 - root - DEBUG - Processing 600-th line out of 2500 rows of DP table...
2022-01-04 21:36:53,269 - root - DEBUG - Processing 610-th line out of 2500 rows of DP table...
2022-01-04 21:36:53,916 - root - DEBUG - Processing 620-th line out of 2500 rows of DP table...
2022-01-04 21:36:54,565 - root - DEBUG - Processing 630-th line out of 2500 rows of DP table...
2022-01-04 21:36:55,206 - root - DEBUG - Processing 640-th line out of 2500 rows of DP table...
2022-01-04 21:36:55,848 - root - DEBUG - Processing 650-th line out of 2500 rows of DP table...
2022-01-04 21:36:56,481 - root - DEBUG - Processing 660-th line out of 2500 rows of DP table...
2022-01-04 21:36:57,118 - root - DEBUG - Processing 670-th line out of 2500 rows of DP table...
2022-01-04 21:36:57,751 - root - DEBUG - Processing 680-th line out of 2500 rows of DP table...
2022-01-04 21:36:58,371 - root - DEBUG - Processing 690-th line out of 2500 rows of DP table...
2022-01-04 21:36:59,004 - root - DEBUG - Processing 700-th line out of 2500 rows of DP table...
2022-01-04 21:36:59,620 - root - DEBUG - Processing 710-th line out of 2500 rows of DP table...
2022-01-04 21:37:00,239 - root - DEBUG - Processing 720-th line out of 2500 rows of DP table...
2022-01-04 21:37:00,857 - root - DEBUG - Processing 730-th line out of 2500 rows of DP table...
2022-01-04 21:37:01,468 - root - DEBUG - Processing 740-th line out of 2500 rows of DP table...
2022-01-04 21:37:02,070 - root - DEBUG - Processing 750-th line out of 2500 rows of DP table...
2022-01-04 21:37:02,674 - root - DEBUG - Processing 760-th line out of 2500 rows of DP table...
2022-01-04 21:37:03,281 - root - DEBUG - Processing 770-th line out of 2500 rows of DP table...
2022-01-04 21:37:03,879 - root - DEBUG - Processing 780-th line out of 2500 rows of DP table...
2022-01-04 21:37:04,475 - root - DEBUG - Processing 790-th line out of 2500 rows of DP table...
2022-01-04 21:37:05,065 - root - DEBUG - Processing 800-th line out of 2500 rows of DP table...
2022-01-04 21:37:05,654 - root - DEBUG - Processing 810-th line out of 2500 rows of DP table...
2022-01-04 21:37:06,232 - root - DEBUG - Processing 820-th line out of 2500 rows of DP table...
2022-01-04 21:37:06,812 - root - DEBUG - Processing 830-th line out of 2500 rows of DP table...
2022-01-04 21:37:07,395 - root - DEBUG - Processing 840-th line out of 2500 rows of DP table...
2022-01-04 21:37:07,970 - root - DEBUG - Processing 850-th line out of 2500 rows of DP table...
2022-01-04 21:37:08,539 - root - DEBUG - Processing 860-th line out of 2500 rows of DP table...
2022-01-04 21:37:09,106 - root - DEBUG - Processing 870-th line out of 2500 rows of DP table...
2022-01-04 21:37:09,666 - root - DEBUG - Processing 880-th line out of 2500 rows of DP table...
2022-01-04 21:37:10,228 - root - DEBUG - Processing 890-th line out of 2500 rows of DP table...
2022-01-04 21:37:10,774 - root - DEBUG - Processing 900-th line out of 2500 rows of DP table...
2022-01-04 21:37:11,330 - root - DEBUG - Processing 910-th line out of 2500 rows of DP table...
2022-01-04 21:37:11,883 - root - DEBUG - Processing 920-th line out of 2500 rows of DP table...
2022-01-04 21:37:12,426 - root - DEBUG - Processing 930-th line out of 2500 rows of DP table...
2022-01-04 21:37:12,969 - root - DEBUG - Processing 940-th line out of 2500 rows of DP table...
2022-01-04 21:37:13,507 - root - DEBUG - Processing 950-th line out of 2500 rows of DP table...
2022-01-04 21:37:14,045 - root - DEBUG - Processing 960-th line out of 2500 rows of DP table...
2022-01-04 21:37:14,575 - root - DEBUG - Processing 970-th line out of 2500 rows of DP table...
2022-01-04 21:37:15,106 - root - DEBUG - Processing 980-th line out of 2500 rows of DP table...
2022-01-04 21:37:15,634 - root - DEBUG - Processing 990-th line out of 2500 rows of DP table...
2022-01-04 21:37:16,161 - root - DEBUG - Processing 1000-th line out of 2500 rows of DP table...
2022-01-04 21:37:16,678 - root - DEBUG - Processing 1010-th line out of 2500 rows of DP table...
2022-01-04 21:37:17,197 - root - DEBUG - Processing 1020-th line out of 2500 rows of DP table...
2022-01-04 21:37:17,707 - root - DEBUG - Processing 1030-th line out of 2500 rows of DP table...
2022-01-04 21:37:18,220 - root - DEBUG - Processing 1040-th line out of 2500 rows of DP table...
2022-01-04 21:37:18,724 - root - DEBUG - Processing 1050-th line out of 2500 rows of DP table...
2022-01-04 21:37:19,223 - root - DEBUG - Processing 1060-th line out of 2500 rows of DP table...
2022-01-04 21:37:19,725 - root - DEBUG - Processing 1070-th line out of 2500 rows of DP table...
2022-01-04 21:37:20,219 - root - DEBUG - Processing 1080-th line out of 2500 rows of DP table...
2022-01-04 21:37:20,713 - root - DEBUG - Processing 1090-th line out of 2500 rows of DP table...
2022-01-04 21:37:21,197 - root - DEBUG - Processing 1100-th line out of 2500 rows of DP table...
2022-01-04 21:37:21,685 - root - DEBUG - Processing 1110-th line out of 2500 rows of DP table...
2022-01-04 21:37:22,170 - root - DEBUG - Processing 1120-th line out of 2500 rows of DP table...
2022-01-04 21:37:22,648 - root - DEBUG - Processing 1130-th line out of 2500 rows of DP table...
2022-01-04 21:37:23,130 - root - DEBUG - Processing 1140-th line out of 2500 rows of DP table...
2022-01-04 21:37:23,601 - root - DEBUG - Processing 1150-th line out of 2500 rows of DP table...
2022-01-04 21:37:24,075 - root - DEBUG - Processing 1160-th line out of 2500 rows of DP table...
2022-01-04 21:37:24,540 - root - DEBUG - Processing 1170-th line out of 2500 rows of DP table...
2022-01-04 21:37:25,004 - root - DEBUG - Processing 1180-th line out of 2500 rows of DP table...
2022-01-04 21:37:25,462 - root - DEBUG - Processing 1190-th line out of 2500 rows of DP table...
2022-01-04 21:37:25,916 - root - DEBUG - Processing 1200-th line out of 2500 rows of DP table...
2022-01-04 21:37:26,373 - root - DEBUG - Processing 1210-th line out of 2500 rows of DP table...
2022-01-04 21:37:26,819 - root - DEBUG - Processing 1220-th line out of 2500 rows of DP table...
2022-01-04 21:37:27,270 - root - DEBUG - Processing 1230-th line out of 2500 rows of DP table...
2022-01-04 21:37:27,710 - root - DEBUG - Processing 1240-th line out of 2500 rows of DP table...
2022-01-04 21:37:28,146 - root - DEBUG - Processing 1250-th line out of 2500 rows of DP table...
2022-01-04 21:37:28,587 - root - DEBUG - Processing 1260-th line out of 2500 rows of DP table...
2022-01-04 21:37:29,018 - root - DEBUG - Processing 1270-th line out of 2500 rows of DP table...
2022-01-04 21:37:29,447 - root - DEBUG - Processing 1280-th line out of 2500 rows of DP table...
2022-01-04 21:37:29,875 - root - DEBUG - Processing 1290-th line out of 2500 rows of DP table...
2022-01-04 21:37:30,295 - root - DEBUG - Processing 1300-th line out of 2500 rows of DP table...
2022-01-04 21:37:30,715 - root - DEBUG - Processing 1310-th line out of 2500 rows of DP table...
2022-01-04 21:37:31,126 - root - DEBUG - Processing 1320-th line out of 2500 rows of DP table...
2022-01-04 21:37:31,536 - root - DEBUG - Processing 1330-th line out of 2500 rows of DP table...
2022-01-04 21:37:31,947 - root - DEBUG - Processing 1340-th line out of 2500 rows of DP table...
2022-01-04 21:37:32,349 - root - DEBUG - Processing 1350-th line out of 2500 rows of DP table...
2022-01-04 21:37:32,748 - root - DEBUG - Processing 1360-th line out of 2500 rows of DP table...
2022-01-04 21:37:33,148 - root - DEBUG - Processing 1370-th line out of 2500 rows of DP table...
2022-01-04 21:37:33,540 - root - DEBUG - Processing 1380-th line out of 2500 rows of DP table...
2022-01-04 21:37:33,928 - root - DEBUG - Processing 1390-th line out of 2500 rows of DP table...
2022-01-04 21:37:34,317 - root - DEBUG - Processing 1400-th line out of 2500 rows of DP table...
2022-01-04 21:37:34,706 - root - DEBUG - Processing 1410-th line out of 2500 rows of DP table...
2022-01-04 21:37:35,086 - root - DEBUG - Processing 1420-th line out of 2500 rows of DP table...
2022-01-04 21:37:35,467 - root - DEBUG - Processing 1430-th line out of 2500 rows of DP table...
2022-01-04 21:37:35,842 - root - DEBUG - Processing 1440-th line out of 2500 rows of DP table...
2022-01-04 21:37:36,212 - root - DEBUG - Processing 1450-th line out of 2500 rows of DP table...
2022-01-04 21:37:36,583 - root - DEBUG - Processing 1460-th line out of 2500 rows of DP table...
2022-01-04 21:37:36,946 - root - DEBUG - Processing 1470-th line out of 2500 rows of DP table...
2022-01-04 21:37:37,306 - root - DEBUG - Processing 1480-th line out of 2500 rows of DP table...
2022-01-04 21:37:37,668 - root - DEBUG - Processing 1490-th line out of 2500 rows of DP table...
2022-01-04 21:37:38,021 - root - DEBUG - Processing 1500-th line out of 2500 rows of DP table...
2022-01-04 21:37:38,372 - root - DEBUG - Processing 1510-th line out of 2500 rows of DP table...
2022-01-04 21:37:38,724 - root - DEBUG - Processing 1520-th line out of 2500 rows of DP table...
2022-01-04 21:37:39,068 - root - DEBUG - Processing 1530-th line out of 2500 rows of DP table...
2022-01-04 21:37:39,409 - root - DEBUG - Processing 1540-th line out of 2500 rows of DP table...
2022-01-04 21:37:39,747 - root - DEBUG - Processing 1550-th line out of 2500 rows of DP table...
2022-01-04 21:37:40,085 - root - DEBUG - Processing 1560-th line out of 2500 rows of DP table...
2022-01-04 21:37:40,416 - root - DEBUG - Processing 1570-th line out of 2500 rows of DP table...
2022-01-04 21:37:40,742 - root - DEBUG - Processing 1580-th line out of 2500 rows of DP table...
2022-01-04 21:37:41,074 - root - DEBUG - Processing 1590-th line out of 2500 rows of DP table...
2022-01-04 21:37:41,394 - root - DEBUG - Processing 1600-th line out of 2500 rows of DP table...
2022-01-04 21:37:41,709 - root - DEBUG - Processing 1610-th line out of 2500 rows of DP table...
2022-01-04 21:37:42,023 - root - DEBUG - Processing 1620-th line out of 2500 rows of DP table...
2022-01-04 21:37:42,337 - root - DEBUG - Processing 1630-th line out of 2500 rows of DP table...
2022-01-04 21:37:42,641 - root - DEBUG - Processing 1640-th line out of 2500 rows of DP table...
2022-01-04 21:37:42,942 - root - DEBUG - Processing 1650-th line out of 2500 rows of DP table...
2022-01-04 21:37:43,252 - root - DEBUG - Processing 1660-th line out of 2500 rows of DP table...
2022-01-04 21:37:43,548 - root - DEBUG - Processing 1670-th line out of 2500 rows of DP table...
2022-01-04 21:37:43,840 - root - DEBUG - Processing 1680-th line out of 2500 rows of DP table...
2022-01-04 21:37:44,128 - root - DEBUG - Processing 1690-th line out of 2500 rows of DP table...
2022-01-04 21:37:44,419 - root - DEBUG - Processing 1700-th line out of 2500 rows of DP table...
2022-01-04 21:37:44,700 - root - DEBUG - Processing 1710-th line out of 2500 rows of DP table...
2022-01-04 21:37:44,979 - root - DEBUG - Processing 1720-th line out of 2500 rows of DP table...
2022-01-04 21:37:45,257 - root - DEBUG - Processing 1730-th line out of 2500 rows of DP table...
2022-01-04 21:37:45,534 - root - DEBUG - Processing 1740-th line out of 2500 rows of DP table...
2022-01-04 21:37:45,803 - root - DEBUG - Processing 1750-th line out of 2500 rows of DP table...
2022-01-04 21:37:46,066 - root - DEBUG - Processing 1760-th line out of 2500 rows of DP table...
2022-01-04 21:37:46,326 - root - DEBUG - Processing 1770-th line out of 2500 rows of DP table...
2022-01-04 21:37:46,584 - root - DEBUG - Processing 1780-th line out of 2500 rows of DP table...
2022-01-04 21:37:46,844 - root - DEBUG - Processing 1790-th line out of 2500 rows of DP table...
2022-01-04 21:37:47,113 - root - DEBUG - Processing 1800-th line out of 2500 rows of DP table...
2022-01-04 21:37:47,489 - root - DEBUG - Processing 1810-th line out of 2500 rows of DP table...
2022-01-04 21:37:47,892 - root - DEBUG - Processing 1820-th line out of 2500 rows of DP table...
2022-01-04 21:37:48,315 - root - DEBUG - Processing 1830-th line out of 2500 rows of DP table...
2022-01-04 21:37:48,592 - root - DEBUG - Processing 1840-th line out of 2500 rows of DP table...
2022-01-04 21:37:48,825 - root - DEBUG - Processing 1850-th line out of 2500 rows of DP table...
2022-01-04 21:37:49,060 - root - DEBUG - Processing 1860-th line out of 2500 rows of DP table...
2022-01-04 21:37:49,288 - root - DEBUG - Processing 1870-th line out of 2500 rows of DP table...
2022-01-04 21:37:49,514 - root - DEBUG - Processing 1880-th line out of 2500 rows of DP table...
2022-01-04 21:37:49,734 - root - DEBUG - Processing 1890-th line out of 2500 rows of DP table...
2022-01-04 21:37:49,951 - root - DEBUG - Processing 1900-th line out of 2500 rows of DP table...
2022-01-04 21:37:50,169 - root - DEBUG - Processing 1910-th line out of 2500 rows of DP table...
2022-01-04 21:37:50,380 - root - DEBUG - Processing 1920-th line out of 2500 rows of DP table...
2022-01-04 21:37:50,587 - root - DEBUG - Processing 1930-th line out of 2500 rows of DP table...
2022-01-04 21:37:50,791 - root - DEBUG - Processing 1940-th line out of 2500 rows of DP table...
2022-01-04 21:37:50,992 - root - DEBUG - Processing 1950-th line out of 2500 rows of DP table...
2022-01-04 21:37:51,194 - root - DEBUG - Processing 1960-th line out of 2500 rows of DP table...
2022-01-04 21:37:51,388 - root - DEBUG - Processing 1970-th line out of 2500 rows of DP table...
2022-01-04 21:37:51,581 - root - DEBUG - Processing 1980-th line out of 2500 rows of DP table...
2022-01-04 21:37:51,768 - root - DEBUG - Processing 1990-th line out of 2500 rows of DP table...
2022-01-04 21:37:51,952 - root - DEBUG - Processing 2000-th line out of 2500 rows of DP table...
2022-01-04 21:37:52,134 - root - DEBUG - Processing 2010-th line out of 2500 rows of DP table...
2022-01-04 21:37:52,313 - root - DEBUG - Processing 2020-th line out of 2500 rows of DP table...
2022-01-04 21:37:52,492 - root - DEBUG - Processing 2030-th line out of 2500 rows of DP table...
2022-01-04 21:37:52,684 - root - DEBUG - Processing 2040-th line out of 2500 rows of DP table...
2022-01-04 21:37:52,851 - root - DEBUG - Processing 2050-th line out of 2500 rows of DP table...
2022-01-04 21:37:53,016 - root - DEBUG - Processing 2060-th line out of 2500 rows of DP table...
2022-01-04 21:37:53,182 - root - DEBUG - Processing 2070-th line out of 2500 rows of DP table...
2022-01-04 21:37:53,339 - root - DEBUG - Processing 2080-th line out of 2500 rows of DP table...
2022-01-04 21:37:53,496 - root - DEBUG - Processing 2090-th line out of 2500 rows of DP table...
2022-01-04 21:37:53,654 - root - DEBUG - Processing 2100-th line out of 2500 rows of DP table...
2022-01-04 21:37:53,802 - root - DEBUG - Processing 2110-th line out of 2500 rows of DP table...
2022-01-04 21:37:53,945 - root - DEBUG - Processing 2120-th line out of 2500 rows of DP table...
2022-01-04 21:37:54,085 - root - DEBUG - Processing 2130-th line out of 2500 rows of DP table...
2022-01-04 21:37:54,222 - root - DEBUG - Processing 2140-th line out of 2500 rows of DP table...
2022-01-04 21:37:54,355 - root - DEBUG - Processing 2150-th line out of 2500 rows of DP table...
2022-01-04 21:37:54,485 - root - DEBUG - Processing 2160-th line out of 2500 rows of DP table...
2022-01-04 21:37:54,613 - root - DEBUG - Processing 2170-th line out of 2500 rows of DP table...
2022-01-04 21:37:54,741 - root - DEBUG - Processing 2180-th line out of 2500 rows of DP table...
2022-01-04 21:37:54,861 - root - DEBUG - Processing 2190-th line out of 2500 rows of DP table...
2022-01-04 21:37:54,978 - root - DEBUG - Processing 2200-th line out of 2500 rows of DP table...
2022-01-04 21:37:55,092 - root - DEBUG - Processing 2210-th line out of 2500 rows of DP table...
2022-01-04 21:37:55,201 - root - DEBUG - Processing 2220-th line out of 2500 rows of DP table...
2022-01-04 21:37:55,308 - root - DEBUG - Processing 2230-th line out of 2500 rows of DP table...
2022-01-04 21:37:55,411 - root - DEBUG - Processing 2240-th line out of 2500 rows of DP table...
2022-01-04 21:37:55,511 - root - DEBUG - Processing 2250-th line out of 2500 rows of DP table...
2022-01-04 21:37:55,608 - root - DEBUG - Processing 2260-th line out of 2500 rows of DP table...
2022-01-04 21:37:55,701 - root - DEBUG - Processing 2270-th line out of 2500 rows of DP table...
2022-01-04 21:37:55,791 - root - DEBUG - Processing 2280-th line out of 2500 rows of DP table...
2022-01-04 21:37:55,882 - root - DEBUG - Processing 2290-th line out of 2500 rows of DP table...
2022-01-04 21:37:55,965 - root - DEBUG - Processing 2300-th line out of 2500 rows of DP table...
2022-01-04 21:37:56,044 - root - DEBUG - Processing 2310-th line out of 2500 rows of DP table...
2022-01-04 21:37:56,121 - root - DEBUG - Processing 2320-th line out of 2500 rows of DP table...
2022-01-04 21:37:56,193 - root - DEBUG - Processing 2330-th line out of 2500 rows of DP table...
2022-01-04 21:37:56,262 - root - DEBUG - Processing 2340-th line out of 2500 rows of DP table...
2022-01-04 21:37:56,327 - root - DEBUG - Processing 2350-th line out of 2500 rows of DP table...
2022-01-04 21:37:56,389 - root - DEBUG - Processing 2360-th line out of 2500 rows of DP table...
2022-01-04 21:37:56,448 - root - DEBUG - Processing 2370-th line out of 2500 rows of DP table...
2022-01-04 21:37:56,504 - root - DEBUG - Processing 2380-th line out of 2500 rows of DP table...
2022-01-04 21:37:56,556 - root - DEBUG - Processing 2390-th line out of 2500 rows of DP table...
2022-01-04 21:37:56,605 - root - DEBUG - Processing 2400-th line out of 2500 rows of DP table...
2022-01-04 21:37:56,650 - root - DEBUG - Processing 2410-th line out of 2500 rows of DP table...
2022-01-04 21:37:56,692 - root - DEBUG - Processing 2420-th line out of 2500 rows of DP table...
2022-01-04 21:37:56,731 - root - DEBUG - Processing 2430-th line out of 2500 rows of DP table...
2022-01-04 21:37:56,766 - root - DEBUG - Processing 2440-th line out of 2500 rows of DP table...
2022-01-04 21:37:56,798 - root - DEBUG - Processing 2450-th line out of 2500 rows of DP table...
2022-01-04 21:37:56,825 - root - DEBUG - Processing 2460-th line out of 2500 rows of DP table...
2022-01-04 21:37:56,850 - root - DEBUG - Processing 2470-th line out of 2500 rows of DP table...
2022-01-04 21:37:56,871 - root - DEBUG - Processing 2480-th line out of 2500 rows of DP table...
2022-01-04 21:37:56,889 - root - DEBUG - Processing 2490-th line out of 2500 rows of DP table...
2022-01-04 21:37:56,903 - root - DEBUG - Processing 2500-th line out of 2500 rows of DP table...
2022-01-04 21:37:56,916 - root - DEBUG - Started computing joint logprobs...
