2022-01-04 21:40:45,497 - root - INFO - Loading reference interval set from '211227-2-sim/g25_7.ref.tsv'...
2022-01-04 21:40:45,535 - root - INFO - Loading query interval set from '211227-2-sim/g25_7.query.tsv'...
2022-01-04 21:40:45,555 - root - INFO - Loading chromosome sizes from '211227-2-sim/g25_sizes.tsv'...
2022-01-04 21:40:45,559 - root - INFO - Number of reference intervals: 2500 (2500 before merging)
2022-01-04 21:40:45,560 - root - INFO - Number of query intervals: 5 (5 before merging)
2022-01-04 21:40:45,561 - root - INFO - Number of chromosomes: 1
2022-01-04 21:40:45,568 - root - INFO - Overlap count: 12
2022-01-04 21:40:45,569 - root - DEBUG - Started computing sf for chromosome 'chr1'...
2022-01-04 21:40:45,570 - root - DEBUG - m=2500, n=5
2022-01-04 21:40:46,408 - root - DEBUG - Processing 10-th line out of 2500 rows of DP table...
2022-01-04 21:40:47,288 - root - DEBUG - Processing 20-th line out of 2500 rows of DP table...
2022-01-04 21:40:48,164 - root - DEBUG - Processing 30-th line out of 2500 rows of DP table...
2022-01-04 21:40:49,040 - root - DEBUG - Processing 40-th line out of 2500 rows of DP table...
2022-01-04 21:40:49,890 - root - DEBUG - Processing 50-th line out of 2500 rows of DP table...
2022-01-04 21:40:50,760 - root - DEBUG - Processing 60-th line out of 2500 rows of DP table...
2022-01-04 21:40:51,622 - root - DEBUG - Processing 70-th line out of 2500 rows of DP table...
2022-01-04 21:40:52,484 - root - DEBUG - Processing 80-th line out of 2500 rows of DP table...
2022-01-04 21:40:53,346 - root - DEBUG - Processing 90-th line out of 2500 rows of DP table...
2022-01-04 21:40:54,202 - root - DEBUG - Processing 100-th line out of 2500 rows of DP table...
2022-01-04 21:40:55,028 - root - DEBUG - Processing 110-th line out of 2500 rows of DP table...
2022-01-04 21:40:55,877 - root - DEBUG - Processing 120-th line out of 2500 rows of DP table...
2022-01-04 21:40:56,724 - root - DEBUG - Processing 130-th line out of 2500 rows of DP table...
2022-01-04 21:40:57,567 - root - DEBUG - Processing 140-th line out of 2500 rows of DP table...
2022-01-04 21:40:58,399 - root - DEBUG - Processing 150-th line out of 2500 rows of DP table...
2022-01-04 21:40:59,204 - root - DEBUG - Processing 160-th line out of 2500 rows of DP table...
2022-01-04 21:41:00,034 - root - DEBUG - Processing 170-th line out of 2500 rows of DP table...
2022-01-04 21:41:00,851 - root - DEBUG - Processing 180-th line out of 2500 rows of DP table...
2022-01-04 21:41:01,671 - root - DEBUG - Processing 190-th line out of 2500 rows of DP table...
2022-01-04 21:41:02,461 - root - DEBUG - Processing 200-th line out of 2500 rows of DP table...
2022-01-04 21:41:03,270 - root - DEBUG - Processing 210-th line out of 2500 rows of DP table...
2022-01-04 21:41:04,072 - root - DEBUG - Processing 220-th line out of 2500 rows of DP table...
2022-01-04 21:41:04,877 - root - DEBUG - Processing 230-th line out of 2500 rows of DP table...
2022-01-04 21:41:05,659 - root - DEBUG - Processing 240-th line out of 2500 rows of DP table...
2022-01-04 21:41:06,453 - root - DEBUG - Processing 250-th line out of 2500 rows of DP table...
2022-01-04 21:41:07,246 - root - DEBUG - Processing 260-th line out of 2500 rows of DP table...
2022-01-04 21:41:08,034 - root - DEBUG - Processing 270-th line out of 2500 rows of DP table...
2022-01-04 21:41:08,795 - root - DEBUG - Processing 280-th line out of 2500 rows of DP table...
2022-01-04 21:41:09,578 - root - DEBUG - Processing 290-th line out of 2500 rows of DP table...
2022-01-04 21:41:10,359 - root - DEBUG - Processing 300-th line out of 2500 rows of DP table...
2022-01-04 21:41:11,130 - root - DEBUG - Processing 310-th line out of 2500 rows of DP table...
2022-01-04 21:41:11,885 - root - DEBUG - Processing 320-th line out of 2500 rows of DP table...
2022-01-04 21:41:12,652 - root - DEBUG - Processing 330-th line out of 2500 rows of DP table...
2022-01-04 21:41:13,412 - root - DEBUG - Processing 340-th line out of 2500 rows of DP table...
2022-01-04 21:41:14,182 - root - DEBUG - Processing 350-th line out of 2500 rows of DP table...
2022-01-04 21:41:14,919 - root - DEBUG - Processing 360-th line out of 2500 rows of DP table...
2022-01-04 21:41:15,673 - root - DEBUG - Processing 370-th line out of 2500 rows of DP table...
2022-01-04 21:41:16,432 - root - DEBUG - Processing 380-th line out of 2500 rows of DP table...
2022-01-04 21:41:17,159 - root - DEBUG - Processing 390-th line out of 2500 rows of DP table...
2022-01-04 21:41:17,904 - root - DEBUG - Processing 400-th line out of 2500 rows of DP table...
2022-01-04 21:41:18,651 - root - DEBUG - Processing 410-th line out of 2500 rows of DP table...
2022-01-04 21:41:19,389 - root - DEBUG - Processing 420-th line out of 2500 rows of DP table...
2022-01-04 21:41:20,096 - root - DEBUG - Processing 430-th line out of 2500 rows of DP table...
2022-01-04 21:41:20,831 - root - DEBUG - Processing 440-th line out of 2500 rows of DP table...
2022-01-04 21:41:21,566 - root - DEBUG - Processing 450-th line out of 2500 rows of DP table...
2022-01-04 21:41:22,266 - root - DEBUG - Processing 460-th line out of 2500 rows of DP table...
2022-01-04 21:41:22,996 - root - DEBUG - Processing 470-th line out of 2500 rows of DP table...
2022-01-04 21:41:23,715 - root - DEBUG - Processing 480-th line out of 2500 rows of DP table...
2022-01-04 21:41:24,402 - root - DEBUG - Processing 490-th line out of 2500 rows of DP table...
2022-01-04 21:41:25,117 - root - DEBUG - Processing 500-th line out of 2500 rows of DP table...
2022-01-04 21:41:25,823 - root - DEBUG - Processing 510-th line out of 2500 rows of DP table...
2022-01-04 21:41:26,506 - root - DEBUG - Processing 520-th line out of 2500 rows of DP table...
2022-01-04 21:41:27,216 - root - DEBUG - Processing 530-th line out of 2500 rows of DP table...
2022-01-04 21:41:27,912 - root - DEBUG - Processing 540-th line out of 2500 rows of DP table...
2022-01-04 21:41:28,585 - root - DEBUG - Processing 550-th line out of 2500 rows of DP table...
2022-01-04 21:41:29,277 - root - DEBUG - Processing 560-th line out of 2500 rows of DP table...
2022-01-04 21:41:29,968 - root - DEBUG - Processing 570-th line out of 2500 rows of DP table...
2022-01-04 21:41:30,631 - root - DEBUG - Processing 580-th line out of 2500 rows of DP table...
2022-01-04 21:41:31,309 - root - DEBUG - Processing 590-th line out of 2500 rows of DP table...
2022-01-04 21:41:31,989 - root - DEBUG - Processing 600-th line out of 2500 rows of DP table...
2022-01-04 21:41:32,635 - root - DEBUG - Processing 610-th line out of 2500 rows of DP table...
2022-01-04 21:41:33,310 - root - DEBUG - Processing 620-th line out of 2500 rows of DP table...
2022-01-04 21:41:33,954 - root - DEBUG - Processing 630-th line out of 2500 rows of DP table...
2022-01-04 21:41:34,616 - root - DEBUG - Processing 640-th line out of 2500 rows of DP table...
2022-01-04 21:41:35,281 - root - DEBUG - Processing 650-th line out of 2500 rows of DP table...
2022-01-04 21:41:35,911 - root - DEBUG - Processing 660-th line out of 2500 rows of DP table...
2022-01-04 21:41:36,568 - root - DEBUG - Processing 670-th line out of 2500 rows of DP table...
2022-01-04 21:41:37,221 - root - DEBUG - Processing 680-th line out of 2500 rows of DP table...
2022-01-04 21:41:37,850 - root - DEBUG - Processing 690-th line out of 2500 rows of DP table...
2022-01-04 21:41:38,489 - root - DEBUG - Processing 700-th line out of 2500 rows of DP table...
2022-01-04 21:41:39,106 - root - DEBUG - Processing 710-th line out of 2500 rows of DP table...
2022-01-04 21:41:39,748 - root - DEBUG - Processing 720-th line out of 2500 rows of DP table...
2022-01-04 21:41:40,389 - root - DEBUG - Processing 730-th line out of 2500 rows of DP table...
2022-01-04 21:41:40,998 - root - DEBUG - Processing 740-th line out of 2500 rows of DP table...
2022-01-04 21:41:41,623 - root - DEBUG - Processing 750-th line out of 2500 rows of DP table...
2022-01-04 21:41:42,224 - root - DEBUG - Processing 760-th line out of 2500 rows of DP table...
2022-01-04 21:41:42,840 - root - DEBUG - Processing 770-th line out of 2500 rows of DP table...
2022-01-04 21:41:43,460 - root - DEBUG - Processing 780-th line out of 2500 rows of DP table...
2022-01-04 21:41:44,046 - root - DEBUG - Processing 790-th line out of 2500 rows of DP table...
2022-01-04 21:41:44,660 - root - DEBUG - Processing 800-th line out of 2500 rows of DP table...
2022-01-04 21:41:45,242 - root - DEBUG - Processing 810-th line out of 2500 rows of DP table...
2022-01-04 21:41:45,850 - root - DEBUG - Processing 820-th line out of 2500 rows of DP table...
2022-01-04 21:41:46,426 - root - DEBUG - Processing 830-th line out of 2500 rows of DP table...
2022-01-04 21:41:47,028 - root - DEBUG - Processing 840-th line out of 2500 rows of DP table...
2022-01-04 21:41:47,616 - root - DEBUG - Processing 850-th line out of 2500 rows of DP table...
2022-01-04 21:41:48,191 - root - DEBUG - Processing 860-th line out of 2500 rows of DP table...
2022-01-04 21:41:48,779 - root - DEBUG - Processing 870-th line out of 2500 rows of DP table...
2022-01-04 21:41:49,336 - root - DEBUG - Processing 880-th line out of 2500 rows of DP table...
2022-01-04 21:41:49,920 - root - DEBUG - Processing 890-th line out of 2500 rows of DP table...
2022-01-04 21:41:50,473 - root - DEBUG - Processing 900-th line out of 2500 rows of DP table...
2022-01-04 21:41:51,051 - root - DEBUG - Processing 910-th line out of 2500 rows of DP table...
2022-01-04 21:41:51,597 - root - DEBUG - Processing 920-th line out of 2500 rows of DP table...
2022-01-04 21:41:52,162 - root - DEBUG - Processing 930-th line out of 2500 rows of DP table...
2022-01-04 21:41:52,708 - root - DEBUG - Processing 940-th line out of 2500 rows of DP table...
2022-01-04 21:41:53,265 - root - DEBUG - Processing 950-th line out of 2500 rows of DP table...
2022-01-04 21:41:53,798 - root - DEBUG - Processing 960-th line out of 2500 rows of DP table...
2022-01-04 21:41:54,351 - root - DEBUG - Processing 970-th line out of 2500 rows of DP table...
2022-01-04 21:41:54,883 - root - DEBUG - Processing 980-th line out of 2500 rows of DP table...
2022-01-04 21:41:55,428 - root - DEBUG - Processing 990-th line out of 2500 rows of DP table...
2022-01-04 21:41:55,953 - root - DEBUG - Processing 1000-th line out of 2500 rows of DP table...
2022-01-04 21:41:56,493 - root - DEBUG - Processing 1010-th line out of 2500 rows of DP table...
2022-01-04 21:41:57,010 - root - DEBUG - Processing 1020-th line out of 2500 rows of DP table...
2022-01-04 21:41:57,542 - root - DEBUG - Processing 1030-th line out of 2500 rows of DP table...
2022-01-04 21:41:58,051 - root - DEBUG - Processing 1040-th line out of 2500 rows of DP table...
2022-01-04 21:41:58,576 - root - DEBUG - Processing 1050-th line out of 2500 rows of DP table...
2022-01-04 21:41:59,078 - root - DEBUG - Processing 1060-th line out of 2500 rows of DP table...
2022-01-04 21:41:59,597 - root - DEBUG - Processing 1070-th line out of 2500 rows of DP table...
2022-01-04 21:42:00,089 - root - DEBUG - Processing 1080-th line out of 2500 rows of DP table...
2022-01-04 21:42:00,604 - root - DEBUG - Processing 1090-th line out of 2500 rows of DP table...
2022-01-04 21:42:01,087 - root - DEBUG - Processing 1100-th line out of 2500 rows of DP table...
2022-01-04 21:42:01,598 - root - DEBUG - Processing 1110-th line out of 2500 rows of DP table...
2022-01-04 21:42:02,074 - root - DEBUG - Processing 1120-th line out of 2500 rows of DP table...
2022-01-04 21:42:02,576 - root - DEBUG - Processing 1130-th line out of 2500 rows of DP table...
2022-01-04 21:42:03,046 - root - DEBUG - Processing 1140-th line out of 2500 rows of DP table...
2022-01-04 21:42:03,536 - root - DEBUG - Processing 1150-th line out of 2500 rows of DP table...
2022-01-04 21:42:04,003 - root - DEBUG - Processing 1160-th line out of 2500 rows of DP table...
2022-01-04 21:42:04,488 - root - DEBUG - Processing 1170-th line out of 2500 rows of DP table...
2022-01-04 21:42:04,953 - root - DEBUG - Processing 1180-th line out of 2500 rows of DP table...
2022-01-04 21:42:05,408 - root - DEBUG - Processing 1190-th line out of 2500 rows of DP table...
2022-01-04 21:42:05,883 - root - DEBUG - Processing 1200-th line out of 2500 rows of DP table...
2022-01-04 21:42:06,330 - root - DEBUG - Processing 1210-th line out of 2500 rows of DP table...
2022-01-04 21:42:06,802 - root - DEBUG - Processing 1220-th line out of 2500 rows of DP table...
2022-01-04 21:42:07,250 - root - DEBUG - Processing 1230-th line out of 2500 rows of DP table...
2022-01-04 21:42:07,711 - root - DEBUG - Processing 1240-th line out of 2500 rows of DP table...
2022-01-04 21:42:08,149 - root - DEBUG - Processing 1250-th line out of 2500 rows of DP table...
2022-01-04 21:42:08,605 - root - DEBUG - Processing 1260-th line out of 2500 rows of DP table...
2022-01-04 21:42:09,032 - root - DEBUG - Processing 1270-th line out of 2500 rows of DP table...
2022-01-04 21:42:09,461 - root - DEBUG - Processing 1280-th line out of 2500 rows of DP table...
2022-01-04 21:42:09,906 - root - DEBUG - Processing 1290-th line out of 2500 rows of DP table...
2022-01-04 21:42:10,323 - root - DEBUG - Processing 1300-th line out of 2500 rows of DP table...
2022-01-04 21:42:10,766 - root - DEBUG - Processing 1310-th line out of 2500 rows of DP table...
2022-01-04 21:42:11,176 - root - DEBUG - Processing 1320-th line out of 2500 rows of DP table...
2022-01-04 21:42:11,587 - root - DEBUG - Processing 1330-th line out of 2500 rows of DP table...
2022-01-04 21:42:12,014 - root - DEBUG - Processing 1340-th line out of 2500 rows of DP table...
2022-01-04 21:42:12,414 - root - DEBUG - Processing 1350-th line out of 2500 rows of DP table...
2022-01-04 21:42:12,840 - root - DEBUG - Processing 1360-th line out of 2500 rows of DP table...
2022-01-04 21:42:13,234 - root - DEBUG - Processing 1370-th line out of 2500 rows of DP table...
2022-01-04 21:42:13,624 - root - DEBUG - Processing 1380-th line out of 2500 rows of DP table...
2022-01-04 21:42:14,038 - root - DEBUG - Processing 1390-th line out of 2500 rows of DP table...
2022-01-04 21:42:14,422 - root - DEBUG - Processing 1400-th line out of 2500 rows of DP table...
2022-01-04 21:42:14,802 - root - DEBUG - Processing 1410-th line out of 2500 rows of DP table...
2022-01-04 21:42:15,209 - root - DEBUG - Processing 1420-th line out of 2500 rows of DP table...
2022-01-04 21:42:15,582 - root - DEBUG - Processing 1430-th line out of 2500 rows of DP table...
2022-01-04 21:42:15,976 - root - DEBUG - Processing 1440-th line out of 2500 rows of DP table...
2022-01-04 21:42:16,348 - root - DEBUG - Processing 1450-th line out of 2500 rows of DP table...
2022-01-04 21:42:16,711 - root - DEBUG - Processing 1460-th line out of 2500 rows of DP table...
2022-01-04 21:42:17,095 - root - DEBUG - Processing 1470-th line out of 2500 rows of DP table...
2022-01-04 21:42:17,470 - root - DEBUG - Processing 1480-th line out of 2500 rows of DP table...
2022-01-04 21:42:17,825 - root - DEBUG - Processing 1490-th line out of 2500 rows of DP table...
2022-01-04 21:42:18,199 - root - DEBUG - Processing 1500-th line out of 2500 rows of DP table...
2022-01-04 21:42:18,552 - root - DEBUG - Processing 1510-th line out of 2500 rows of DP table...
2022-01-04 21:42:18,899 - root - DEBUG - Processing 1520-th line out of 2500 rows of DP table...
2022-01-04 21:42:19,264 - root - DEBUG - Processing 1530-th line out of 2500 rows of DP table...
2022-01-04 21:42:19,608 - root - DEBUG - Processing 1540-th line out of 2500 rows of DP table...
2022-01-04 21:42:19,943 - root - DEBUG - Processing 1550-th line out of 2500 rows of DP table...
2022-01-04 21:42:20,299 - root - DEBUG - Processing 1560-th line out of 2500 rows of DP table...
2022-01-04 21:42:20,627 - root - DEBUG - Processing 1570-th line out of 2500 rows of DP table...
2022-01-04 21:42:20,958 - root - DEBUG - Processing 1580-th line out of 2500 rows of DP table...
2022-01-04 21:42:21,304 - root - DEBUG - Processing 1590-th line out of 2500 rows of DP table...
2022-01-04 21:42:21,631 - root - DEBUG - Processing 1600-th line out of 2500 rows of DP table...
2022-01-04 21:42:21,952 - root - DEBUG - Processing 1610-th line out of 2500 rows of DP table...
2022-01-04 21:42:22,286 - root - DEBUG - Processing 1620-th line out of 2500 rows of DP table...
2022-01-04 21:42:22,594 - root - DEBUG - Processing 1630-th line out of 2500 rows of DP table...
2022-01-04 21:42:22,899 - root - DEBUG - Processing 1640-th line out of 2500 rows of DP table...
2022-01-04 21:42:23,205 - root - DEBUG - Processing 1650-th line out of 2500 rows of DP table...
2022-01-04 21:42:23,526 - root - DEBUG - Processing 1660-th line out of 2500 rows of DP table...
2022-01-04 21:42:23,827 - root - DEBUG - Processing 1670-th line out of 2500 rows of DP table...
2022-01-04 21:42:24,124 - root - DEBUG - Processing 1680-th line out of 2500 rows of DP table...
2022-01-04 21:42:24,435 - root - DEBUG - Processing 1690-th line out of 2500 rows of DP table...
2022-01-04 21:42:24,718 - root - DEBUG - Processing 1700-th line out of 2500 rows of DP table...
2022-01-04 21:42:24,999 - root - DEBUG - Processing 1710-th line out of 2500 rows of DP table...
2022-01-04 21:42:25,282 - root - DEBUG - Processing 1720-th line out of 2500 rows of DP table...
2022-01-04 21:42:25,581 - root - DEBUG - Processing 1730-th line out of 2500 rows of DP table...
2022-01-04 21:42:25,855 - root - DEBUG - Processing 1740-th line out of 2500 rows of DP table...
2022-01-04 21:42:26,122 - root - DEBUG - Processing 1750-th line out of 2500 rows of DP table...
2022-01-04 21:42:26,408 - root - DEBUG - Processing 1760-th line out of 2500 rows of DP table...
2022-01-04 21:42:26,674 - root - DEBUG - Processing 1770-th line out of 2500 rows of DP table...
2022-01-04 21:42:26,931 - root - DEBUG - Processing 1780-th line out of 2500 rows of DP table...
2022-01-04 21:42:27,185 - root - DEBUG - Processing 1790-th line out of 2500 rows of DP table...
2022-01-04 21:42:27,451 - root - DEBUG - Processing 1800-th line out of 2500 rows of DP table...
2022-01-04 21:42:27,710 - root - DEBUG - Processing 1810-th line out of 2500 rows of DP table...
2022-01-04 21:42:27,956 - root - DEBUG - Processing 1820-th line out of 2500 rows of DP table...
2022-01-04 21:42:28,197 - root - DEBUG - Processing 1830-th line out of 2500 rows of DP table...
2022-01-04 21:42:28,434 - root - DEBUG - Processing 1840-th line out of 2500 rows of DP table...
2022-01-04 21:42:28,697 - root - DEBUG - Processing 1850-th line out of 2500 rows of DP table...
2022-01-04 21:42:28,929 - root - DEBUG - Processing 1860-th line out of 2500 rows of DP table...
2022-01-04 21:42:29,156 - root - DEBUG - Processing 1870-th line out of 2500 rows of DP table...
2022-01-04 21:42:29,378 - root - DEBUG - Processing 1880-th line out of 2500 rows of DP table...
2022-01-04 21:42:29,620 - root - DEBUG - Processing 1890-th line out of 2500 rows of DP table...
2022-01-04 21:42:29,843 - root - DEBUG - Processing 1900-th line out of 2500 rows of DP table...
2022-01-04 21:42:30,063 - root - DEBUG - Processing 1910-th line out of 2500 rows of DP table...
2022-01-04 21:42:30,271 - root - DEBUG - Processing 1920-th line out of 2500 rows of DP table...
2022-01-04 21:42:30,477 - root - DEBUG - Processing 1930-th line out of 2500 rows of DP table...
2022-01-04 21:42:30,703 - root - DEBUG - Processing 1940-th line out of 2500 rows of DP table...
2022-01-04 21:42:30,902 - root - DEBUG - Processing 1950-th line out of 2500 rows of DP table...
2022-01-04 21:42:31,104 - root - DEBUG - Processing 1960-th line out of 2500 rows of DP table...
2022-01-04 21:42:31,295 - root - DEBUG - Processing 1970-th line out of 2500 rows of DP table...
2022-01-04 21:42:31,485 - root - DEBUG - Processing 1980-th line out of 2500 rows of DP table...
2022-01-04 21:42:31,695 - root - DEBUG - Processing 1990-th line out of 2500 rows of DP table...
2022-01-04 21:42:31,877 - root - DEBUG - Processing 2000-th line out of 2500 rows of DP table...
2022-01-04 21:42:32,057 - root - DEBUG - Processing 2010-th line out of 2500 rows of DP table...
2022-01-04 21:42:32,237 - root - DEBUG - Processing 2020-th line out of 2500 rows of DP table...
2022-01-04 21:42:32,410 - root - DEBUG - Processing 2030-th line out of 2500 rows of DP table...
2022-01-04 21:42:32,578 - root - DEBUG - Processing 2040-th line out of 2500 rows of DP table...
2022-01-04 21:42:32,766 - root - DEBUG - Processing 2050-th line out of 2500 rows of DP table...
2022-01-04 21:42:32,927 - root - DEBUG - Processing 2060-th line out of 2500 rows of DP table...
2022-01-04 21:42:33,086 - root - DEBUG - Processing 2070-th line out of 2500 rows of DP table...
2022-01-04 21:42:33,247 - root - DEBUG - Processing 2080-th line out of 2500 rows of DP table...
2022-01-04 21:42:33,398 - root - DEBUG - Processing 2090-th line out of 2500 rows of DP table...
2022-01-04 21:42:33,546 - root - DEBUG - Processing 2100-th line out of 2500 rows of DP table...
2022-01-04 21:42:33,692 - root - DEBUG - Processing 2110-th line out of 2500 rows of DP table...
2022-01-04 21:42:33,857 - root - DEBUG - Processing 2120-th line out of 2500 rows of DP table...
2022-01-04 21:42:33,995 - root - DEBUG - Processing 2130-th line out of 2500 rows of DP table...
2022-01-04 21:42:34,129 - root - DEBUG - Processing 2140-th line out of 2500 rows of DP table...
2022-01-04 21:42:34,261 - root - DEBUG - Processing 2150-th line out of 2500 rows of DP table...
2022-01-04 21:42:34,394 - root - DEBUG - Processing 2160-th line out of 2500 rows of DP table...
2022-01-04 21:42:34,518 - root - DEBUG - Processing 2170-th line out of 2500 rows of DP table...
2022-01-04 21:42:34,640 - root - DEBUG - Processing 2180-th line out of 2500 rows of DP table...
2022-01-04 21:42:34,762 - root - DEBUG - Processing 2190-th line out of 2500 rows of DP table...
2022-01-04 21:42:34,895 - root - DEBUG - Processing 2200-th line out of 2500 rows of DP table...
2022-01-04 21:42:35,007 - root - DEBUG - Processing 2210-th line out of 2500 rows of DP table...
2022-01-04 21:42:35,115 - root - DEBUG - Processing 2220-th line out of 2500 rows of DP table...
2022-01-04 21:42:35,221 - root - DEBUG - Processing 2230-th line out of 2500 rows of DP table...
2022-01-04 21:42:35,323 - root - DEBUG - Processing 2240-th line out of 2500 rows of DP table...
2022-01-04 21:42:35,422 - root - DEBUG - Processing 2250-th line out of 2500 rows of DP table...
2022-01-04 21:42:35,523 - root - DEBUG - Processing 2260-th line out of 2500 rows of DP table...
2022-01-04 21:42:35,614 - root - DEBUG - Processing 2270-th line out of 2500 rows of DP table...
2022-01-04 21:42:35,703 - root - DEBUG - Processing 2280-th line out of 2500 rows of DP table...
2022-01-04 21:42:35,788 - root - DEBUG - Processing 2290-th line out of 2500 rows of DP table...
2022-01-04 21:42:35,892 - root - DEBUG - Processing 2300-th line out of 2500 rows of DP table...
2022-01-04 21:42:35,972 - root - DEBUG - Processing 2310-th line out of 2500 rows of DP table...
2022-01-04 21:42:36,047 - root - DEBUG - Processing 2320-th line out of 2500 rows of DP table...
2022-01-04 21:42:36,119 - root - DEBUG - Processing 2330-th line out of 2500 rows of DP table...
2022-01-04 21:42:36,199 - root - DEBUG - Processing 2340-th line out of 2500 rows of DP table...
2022-01-04 21:42:36,264 - root - DEBUG - Processing 2350-th line out of 2500 rows of DP table...
2022-01-04 21:42:36,326 - root - DEBUG - Processing 2360-th line out of 2500 rows of DP table...
2022-01-04 21:42:36,384 - root - DEBUG - Processing 2370-th line out of 2500 rows of DP table...
2022-01-04 21:42:36,439 - root - DEBUG - Processing 2380-th line out of 2500 rows of DP table...
2022-01-04 21:42:36,490 - root - DEBUG - Processing 2390-th line out of 2500 rows of DP table...
2022-01-04 21:42:36,538 - root - DEBUG - Processing 2400-th line out of 2500 rows of DP table...
2022-01-04 21:42:36,583 - root - DEBUG - Processing 2410-th line out of 2500 rows of DP table...
2022-01-04 21:42:36,624 - root - DEBUG - Processing 2420-th line out of 2500 rows of DP table...
2022-01-04 21:42:36,668 - root - DEBUG - Processing 2430-th line out of 2500 rows of DP table...
2022-01-04 21:42:36,702 - root - DEBUG - Processing 2440-th line out of 2500 rows of DP table...
2022-01-04 21:42:36,733 - root - DEBUG - Processing 2450-th line out of 2500 rows of DP table...
2022-01-04 21:42:36,761 - root - DEBUG - Processing 2460-th line out of 2500 rows of DP table...
2022-01-04 21:42:36,786 - root - DEBUG - Processing 2470-th line out of 2500 rows of DP table...
2022-01-04 21:42:36,807 - root - DEBUG - Processing 2480-th line out of 2500 rows of DP table...
2022-01-04 21:42:36,825 - root - DEBUG - Processing 2490-th line out of 2500 rows of DP table...
2022-01-04 21:42:36,839 - root - DEBUG - Processing 2500-th line out of 2500 rows of DP table...
2022-01-04 21:42:36,861 - root - DEBUG - Started computing joint logprobs...
