2022-01-04 20:47:34,436 - root - INFO - Loading reference interval set from '211227-2-sim/g25_8.ref.tsv'...
2022-01-04 20:47:34,440 - root - INFO - Loading query interval set from '211227-2-sim/g25_8.query.tsv'...
2022-01-04 20:47:34,442 - root - INFO - Loading chromosome sizes from '211227-2-sim/g25_sizes.tsv'...
2022-01-04 20:47:34,446 - root - INFO - Number of reference intervals: 2500 (2500 before merging)
2022-01-04 20:47:34,447 - root - INFO - Number of query intervals: 5 (5 before merging)
2022-01-04 20:47:34,450 - root - INFO - Number of chromosomes: 1
2022-01-04 20:47:34,453 - root - INFO - Overlap count: 15
2022-01-04 20:47:34,455 - root - DEBUG - Started computing sf for chromosome 'chr1'...
2022-01-04 20:47:34,457 - root - DEBUG - m=2500, n=5
2022-01-04 20:47:35,211 - root - DEBUG - Processing 10-th line out of 2500 rows of DP table...
2022-01-04 20:47:36,007 - root - DEBUG - Processing 20-th line out of 2500 rows of DP table...
2022-01-04 20:47:36,810 - root - DEBUG - Processing 30-th line out of 2500 rows of DP table...
2022-01-04 20:47:37,585 - root - DEBUG - Processing 40-th line out of 2500 rows of DP table...
2022-01-04 20:47:38,394 - root - DEBUG - Processing 50-th line out of 2500 rows of DP table...
2022-01-04 20:47:39,262 - root - DEBUG - Processing 60-th line out of 2500 rows of DP table...
2022-01-04 20:47:40,118 - root - DEBUG - Processing 70-th line out of 2500 rows of DP table...
2022-01-04 20:47:40,956 - root - DEBUG - Processing 80-th line out of 2500 rows of DP table...
2022-01-04 20:47:41,773 - root - DEBUG - Processing 90-th line out of 2500 rows of DP table...
2022-01-04 20:47:42,597 - root - DEBUG - Processing 100-th line out of 2500 rows of DP table...
2022-01-04 20:47:43,427 - root - DEBUG - Processing 110-th line out of 2500 rows of DP table...
2022-01-04 20:47:44,234 - root - DEBUG - Processing 120-th line out of 2500 rows of DP table...
2022-01-04 20:47:45,048 - root - DEBUG - Processing 130-th line out of 2500 rows of DP table...
2022-01-04 20:47:45,847 - root - DEBUG - Processing 140-th line out of 2500 rows of DP table...
2022-01-04 20:47:46,640 - root - DEBUG - Processing 150-th line out of 2500 rows of DP table...
2022-01-04 20:47:47,436 - root - DEBUG - Processing 160-th line out of 2500 rows of DP table...
2022-01-04 20:47:48,224 - root - DEBUG - Processing 170-th line out of 2500 rows of DP table...
2022-01-04 20:47:49,025 - root - DEBUG - Processing 180-th line out of 2500 rows of DP table...
2022-01-04 20:47:49,817 - root - DEBUG - Processing 190-th line out of 2500 rows of DP table...
2022-01-04 20:47:50,595 - root - DEBUG - Processing 200-th line out of 2500 rows of DP table...
2022-01-04 20:47:51,375 - root - DEBUG - Processing 210-th line out of 2500 rows of DP table...
2022-01-04 20:47:52,143 - root - DEBUG - Processing 220-th line out of 2500 rows of DP table...
2022-01-04 20:47:52,913 - root - DEBUG - Processing 230-th line out of 2500 rows of DP table...
2022-01-04 20:47:53,683 - root - DEBUG - Processing 240-th line out of 2500 rows of DP table...
2022-01-04 20:47:54,441 - root - DEBUG - Processing 250-th line out of 2500 rows of DP table...
2022-01-04 20:47:55,201 - root - DEBUG - Processing 260-th line out of 2500 rows of DP table...
2022-01-04 20:47:55,955 - root - DEBUG - Processing 270-th line out of 2500 rows of DP table...
2022-01-04 20:47:56,703 - root - DEBUG - Processing 280-th line out of 2500 rows of DP table...
2022-01-04 20:47:57,452 - root - DEBUG - Processing 290-th line out of 2500 rows of DP table...
2022-01-04 20:47:58,418 - root - DEBUG - Processing 300-th line out of 2500 rows of DP table...
2022-01-04 20:47:59,441 - root - DEBUG - Processing 310-th line out of 2500 rows of DP table...
2022-01-04 20:48:00,205 - root - DEBUG - Processing 320-th line out of 2500 rows of DP table...
2022-01-04 20:48:00,941 - root - DEBUG - Processing 330-th line out of 2500 rows of DP table...
2022-01-04 20:48:01,679 - root - DEBUG - Processing 340-th line out of 2500 rows of DP table...
2022-01-04 20:48:02,405 - root - DEBUG - Processing 350-th line out of 2500 rows of DP table...
2022-01-04 20:48:03,134 - root - DEBUG - Processing 360-th line out of 2500 rows of DP table...
2022-01-04 20:48:03,859 - root - DEBUG - Processing 370-th line out of 2500 rows of DP table...
2022-01-04 20:48:04,572 - root - DEBUG - Processing 380-th line out of 2500 rows of DP table...
2022-01-04 20:48:05,287 - root - DEBUG - Processing 390-th line out of 2500 rows of DP table...
2022-01-04 20:48:05,998 - root - DEBUG - Processing 400-th line out of 2500 rows of DP table...
2022-01-04 20:48:06,703 - root - DEBUG - Processing 410-th line out of 2500 rows of DP table...
2022-01-04 20:48:07,409 - root - DEBUG - Processing 420-th line out of 2500 rows of DP table...
2022-01-04 20:48:08,109 - root - DEBUG - Processing 430-th line out of 2500 rows of DP table...
2022-01-04 20:48:08,809 - root - DEBUG - Processing 440-th line out of 2500 rows of DP table...
2022-01-04 20:48:09,506 - root - DEBUG - Processing 450-th line out of 2500 rows of DP table...
2022-01-04 20:48:10,194 - root - DEBUG - Processing 460-th line out of 2500 rows of DP table...
2022-01-04 20:48:10,886 - root - DEBUG - Processing 470-th line out of 2500 rows of DP table...
2022-01-04 20:48:11,563 - root - DEBUG - Processing 480-th line out of 2500 rows of DP table...
2022-01-04 20:48:12,247 - root - DEBUG - Processing 490-th line out of 2500 rows of DP table...
2022-01-04 20:48:12,927 - root - DEBUG - Processing 500-th line out of 2500 rows of DP table...
2022-01-04 20:48:13,600 - root - DEBUG - Processing 510-th line out of 2500 rows of DP table...
2022-01-04 20:48:14,275 - root - DEBUG - Processing 520-th line out of 2500 rows of DP table...
2022-01-04 20:48:14,940 - root - DEBUG - Processing 530-th line out of 2500 rows of DP table...
2022-01-04 20:48:15,607 - root - DEBUG - Processing 540-th line out of 2500 rows of DP table...
2022-01-04 20:48:16,269 - root - DEBUG - Processing 550-th line out of 2500 rows of DP table...
2022-01-04 20:48:16,926 - root - DEBUG - Processing 560-th line out of 2500 rows of DP table...
2022-01-04 20:48:17,580 - root - DEBUG - Processing 570-th line out of 2500 rows of DP table...
2022-01-04 20:48:18,230 - root - DEBUG - Processing 580-th line out of 2500 rows of DP table...
2022-01-04 20:48:18,880 - root - DEBUG - Processing 590-th line out of 2500 rows of DP table...
2022-01-04 20:48:19,523 - root - DEBUG - Processing 600-th line out of 2500 rows of DP table...
2022-01-04 20:48:20,168 - root - DEBUG - Processing 610-th line out of 2500 rows of DP table...
2022-01-04 20:48:20,809 - root - DEBUG - Processing 620-th line out of 2500 rows of DP table...
2022-01-04 20:48:21,439 - root - DEBUG - Processing 630-th line out of 2500 rows of DP table...
2022-01-04 20:48:22,074 - root - DEBUG - Processing 640-th line out of 2500 rows of DP table...
2022-01-04 20:48:22,700 - root - DEBUG - Processing 650-th line out of 2500 rows of DP table...
2022-01-04 20:48:23,327 - root - DEBUG - Processing 660-th line out of 2500 rows of DP table...
2022-01-04 20:48:23,945 - root - DEBUG - Processing 670-th line out of 2500 rows of DP table...
2022-01-04 20:48:24,566 - root - DEBUG - Processing 680-th line out of 2500 rows of DP table...
2022-01-04 20:48:25,174 - root - DEBUG - Processing 690-th line out of 2500 rows of DP table...
2022-01-04 20:48:25,788 - root - DEBUG - Processing 700-th line out of 2500 rows of DP table...
2022-01-04 20:48:26,397 - root - DEBUG - Processing 710-th line out of 2500 rows of DP table...
2022-01-04 20:48:27,001 - root - DEBUG - Processing 720-th line out of 2500 rows of DP table...
2022-01-04 20:48:27,604 - root - DEBUG - Processing 730-th line out of 2500 rows of DP table...
2022-01-04 20:48:28,201 - root - DEBUG - Processing 740-th line out of 2500 rows of DP table...
2022-01-04 20:48:28,802 - root - DEBUG - Processing 750-th line out of 2500 rows of DP table...
2022-01-04 20:48:29,395 - root - DEBUG - Processing 760-th line out of 2500 rows of DP table...
2022-01-04 20:48:29,985 - root - DEBUG - Processing 770-th line out of 2500 rows of DP table...
2022-01-04 20:48:30,569 - root - DEBUG - Processing 780-th line out of 2500 rows of DP table...
2022-01-04 20:48:31,193 - root - DEBUG - Processing 790-th line out of 2500 rows of DP table...
2022-01-04 20:48:31,771 - root - DEBUG - Processing 800-th line out of 2500 rows of DP table...
2022-01-04 20:48:32,350 - root - DEBUG - Processing 810-th line out of 2500 rows of DP table...
2022-01-04 20:48:32,921 - root - DEBUG - Processing 820-th line out of 2500 rows of DP table...
2022-01-04 20:48:33,848 - root - DEBUG - Processing 830-th line out of 2500 rows of DP table...
2022-01-04 20:48:34,560 - root - DEBUG - Processing 840-th line out of 2500 rows of DP table...
2022-01-04 20:48:35,130 - root - DEBUG - Processing 850-th line out of 2500 rows of DP table...
2022-01-04 20:48:35,698 - root - DEBUG - Processing 860-th line out of 2500 rows of DP table...
2022-01-04 20:48:36,259 - root - DEBUG - Processing 870-th line out of 2500 rows of DP table...
2022-01-04 20:48:36,824 - root - DEBUG - Processing 880-th line out of 2500 rows of DP table...
2022-01-04 20:48:37,380 - root - DEBUG - Processing 890-th line out of 2500 rows of DP table...
2022-01-04 20:48:37,933 - root - DEBUG - Processing 900-th line out of 2500 rows of DP table...
2022-01-04 20:48:38,482 - root - DEBUG - Processing 910-th line out of 2500 rows of DP table...
2022-01-04 20:48:39,035 - root - DEBUG - Processing 920-th line out of 2500 rows of DP table...
2022-01-04 20:48:39,578 - root - DEBUG - Processing 930-th line out of 2500 rows of DP table...
2022-01-04 20:48:40,117 - root - DEBUG - Processing 940-th line out of 2500 rows of DP table...
2022-01-04 20:48:40,653 - root - DEBUG - Processing 950-th line out of 2500 rows of DP table...
2022-01-04 20:48:41,192 - root - DEBUG - Processing 960-th line out of 2500 rows of DP table...
2022-01-04 20:48:41,721 - root - DEBUG - Processing 970-th line out of 2500 rows of DP table...
2022-01-04 20:48:42,248 - root - DEBUG - Processing 980-th line out of 2500 rows of DP table...
2022-01-04 20:48:42,772 - root - DEBUG - Processing 990-th line out of 2500 rows of DP table...
2022-01-04 20:48:43,295 - root - DEBUG - Processing 1000-th line out of 2500 rows of DP table...
2022-01-04 20:48:43,812 - root - DEBUG - Processing 1010-th line out of 2500 rows of DP table...
2022-01-04 20:48:44,326 - root - DEBUG - Processing 1020-th line out of 2500 rows of DP table...
2022-01-04 20:48:44,837 - root - DEBUG - Processing 1030-th line out of 2500 rows of DP table...
2022-01-04 20:48:45,345 - root - DEBUG - Processing 1040-th line out of 2500 rows of DP table...
2022-01-04 20:48:45,851 - root - DEBUG - Processing 1050-th line out of 2500 rows of DP table...
2022-01-04 20:48:46,354 - root - DEBUG - Processing 1060-th line out of 2500 rows of DP table...
2022-01-04 20:48:46,853 - root - DEBUG - Processing 1070-th line out of 2500 rows of DP table...
2022-01-04 20:48:47,347 - root - DEBUG - Processing 1080-th line out of 2500 rows of DP table...
2022-01-04 20:48:47,840 - root - DEBUG - Processing 1090-th line out of 2500 rows of DP table...
2022-01-04 20:48:48,330 - root - DEBUG - Processing 1100-th line out of 2500 rows of DP table...
2022-01-04 20:48:48,814 - root - DEBUG - Processing 1110-th line out of 2500 rows of DP table...
2022-01-04 20:48:49,301 - root - DEBUG - Processing 1120-th line out of 2500 rows of DP table...
2022-01-04 20:48:49,779 - root - DEBUG - Processing 1130-th line out of 2500 rows of DP table...
2022-01-04 20:48:50,256 - root - DEBUG - Processing 1140-th line out of 2500 rows of DP table...
2022-01-04 20:48:50,727 - root - DEBUG - Processing 1150-th line out of 2500 rows of DP table...
2022-01-04 20:48:51,196 - root - DEBUG - Processing 1160-th line out of 2500 rows of DP table...
2022-01-04 20:48:51,660 - root - DEBUG - Processing 1170-th line out of 2500 rows of DP table...
2022-01-04 20:48:52,119 - root - DEBUG - Processing 1180-th line out of 2500 rows of DP table...
2022-01-04 20:48:52,577 - root - DEBUG - Processing 1190-th line out of 2500 rows of DP table...
2022-01-04 20:48:53,031 - root - DEBUG - Processing 1200-th line out of 2500 rows of DP table...
2022-01-04 20:48:53,489 - root - DEBUG - Processing 1210-th line out of 2500 rows of DP table...
2022-01-04 20:48:53,936 - root - DEBUG - Processing 1220-th line out of 2500 rows of DP table...
2022-01-04 20:48:54,379 - root - DEBUG - Processing 1230-th line out of 2500 rows of DP table...
2022-01-04 20:48:54,818 - root - DEBUG - Processing 1240-th line out of 2500 rows of DP table...
2022-01-04 20:48:55,254 - root - DEBUG - Processing 1250-th line out of 2500 rows of DP table...
2022-01-04 20:48:55,685 - root - DEBUG - Processing 1260-th line out of 2500 rows of DP table...
2022-01-04 20:48:56,129 - root - DEBUG - Processing 1270-th line out of 2500 rows of DP table...
2022-01-04 20:48:56,580 - root - DEBUG - Processing 1280-th line out of 2500 rows of DP table...
2022-01-04 20:48:57,029 - root - DEBUG - Processing 1290-th line out of 2500 rows of DP table...
2022-01-04 20:48:57,473 - root - DEBUG - Processing 1300-th line out of 2500 rows of DP table...
2022-01-04 20:48:57,899 - root - DEBUG - Processing 1310-th line out of 2500 rows of DP table...
2022-01-04 20:48:58,328 - root - DEBUG - Processing 1320-th line out of 2500 rows of DP table...
2022-01-04 20:48:58,734 - root - DEBUG - Processing 1330-th line out of 2500 rows of DP table...
2022-01-04 20:48:59,154 - root - DEBUG - Processing 1340-th line out of 2500 rows of DP table...
2022-01-04 20:48:59,628 - root - DEBUG - Processing 1350-th line out of 2500 rows of DP table...
2022-01-04 20:49:00,031 - root - DEBUG - Processing 1360-th line out of 2500 rows of DP table...
2022-01-04 20:49:00,428 - root - DEBUG - Processing 1370-th line out of 2500 rows of DP table...
2022-01-04 20:49:00,816 - root - DEBUG - Processing 1380-th line out of 2500 rows of DP table...
2022-01-04 20:49:01,206 - root - DEBUG - Processing 1390-th line out of 2500 rows of DP table...
2022-01-04 20:49:01,594 - root - DEBUG - Processing 1400-th line out of 2500 rows of DP table...
2022-01-04 20:49:01,976 - root - DEBUG - Processing 1410-th line out of 2500 rows of DP table...
2022-01-04 20:49:02,361 - root - DEBUG - Processing 1420-th line out of 2500 rows of DP table...
2022-01-04 20:49:02,735 - root - DEBUG - Processing 1430-th line out of 2500 rows of DP table...
2022-01-04 20:49:03,103 - root - DEBUG - Processing 1440-th line out of 2500 rows of DP table...
2022-01-04 20:49:03,468 - root - DEBUG - Processing 1450-th line out of 2500 rows of DP table...
2022-01-04 20:49:03,829 - root - DEBUG - Processing 1460-th line out of 2500 rows of DP table...
2022-01-04 20:49:04,192 - root - DEBUG - Processing 1470-th line out of 2500 rows of DP table...
2022-01-04 20:49:04,559 - root - DEBUG - Processing 1480-th line out of 2500 rows of DP table...
2022-01-04 20:49:05,169 - root - DEBUG - Processing 1490-th line out of 2500 rows of DP table...
2022-01-04 20:49:05,734 - root - DEBUG - Processing 1500-th line out of 2500 rows of DP table...
2022-01-04 20:49:06,102 - root - DEBUG - Processing 1510-th line out of 2500 rows of DP table...
2022-01-04 20:49:06,444 - root - DEBUG - Processing 1520-th line out of 2500 rows of DP table...
2022-01-04 20:49:06,797 - root - DEBUG - Processing 1530-th line out of 2500 rows of DP table...
2022-01-04 20:49:07,151 - root - DEBUG - Processing 1540-th line out of 2500 rows of DP table...
2022-01-04 20:49:07,482 - root - DEBUG - Processing 1550-th line out of 2500 rows of DP table...
2022-01-04 20:49:07,810 - root - DEBUG - Processing 1560-th line out of 2500 rows of DP table...
2022-01-04 20:49:08,212 - root - DEBUG - Processing 1570-th line out of 2500 rows of DP table...
2022-01-04 20:49:08,628 - root - DEBUG - Processing 1580-th line out of 2500 rows of DP table...
2022-01-04 20:49:08,971 - root - DEBUG - Processing 1590-th line out of 2500 rows of DP table...
2022-01-04 20:49:09,306 - root - DEBUG - Processing 1600-th line out of 2500 rows of DP table...
2022-01-04 20:49:09,636 - root - DEBUG - Processing 1610-th line out of 2500 rows of DP table...
2022-01-04 20:49:09,957 - root - DEBUG - Processing 1620-th line out of 2500 rows of DP table...
2022-01-04 20:49:10,306 - root - DEBUG - Processing 1630-th line out of 2500 rows of DP table...
2022-01-04 20:49:10,610 - root - DEBUG - Processing 1640-th line out of 2500 rows of DP table...
2022-01-04 20:49:10,914 - root - DEBUG - Processing 1650-th line out of 2500 rows of DP table...
2022-01-04 20:49:11,236 - root - DEBUG - Processing 1660-th line out of 2500 rows of DP table...
2022-01-04 20:49:11,528 - root - DEBUG - Processing 1670-th line out of 2500 rows of DP table...
2022-01-04 20:49:11,815 - root - DEBUG - Processing 1680-th line out of 2500 rows of DP table...
2022-01-04 20:49:12,114 - root - DEBUG - Processing 1690-th line out of 2500 rows of DP table...
2022-01-04 20:49:12,395 - root - DEBUG - Processing 1700-th line out of 2500 rows of DP table...
2022-01-04 20:49:12,673 - root - DEBUG - Processing 1710-th line out of 2500 rows of DP table...
2022-01-04 20:49:12,950 - root - DEBUG - Processing 1720-th line out of 2500 rows of DP table...
2022-01-04 20:49:13,222 - root - DEBUG - Processing 1730-th line out of 2500 rows of DP table...
2022-01-04 20:49:13,492 - root - DEBUG - Processing 1740-th line out of 2500 rows of DP table...
2022-01-04 20:49:13,802 - root - DEBUG - Processing 1750-th line out of 2500 rows of DP table...
2022-01-04 20:49:14,066 - root - DEBUG - Processing 1760-th line out of 2500 rows of DP table...
2022-01-04 20:49:14,325 - root - DEBUG - Processing 1770-th line out of 2500 rows of DP table...
2022-01-04 20:49:14,580 - root - DEBUG - Processing 1780-th line out of 2500 rows of DP table...
2022-01-04 20:49:14,832 - root - DEBUG - Processing 1790-th line out of 2500 rows of DP table...
2022-01-04 20:49:15,081 - root - DEBUG - Processing 1800-th line out of 2500 rows of DP table...
2022-01-04 20:49:15,328 - root - DEBUG - Processing 1810-th line out of 2500 rows of DP table...
2022-01-04 20:49:15,577 - root - DEBUG - Processing 1820-th line out of 2500 rows of DP table...
2022-01-04 20:49:15,817 - root - DEBUG - Processing 1830-th line out of 2500 rows of DP table...
2022-01-04 20:49:16,052 - root - DEBUG - Processing 1840-th line out of 2500 rows of DP table...
2022-01-04 20:49:16,283 - root - DEBUG - Processing 1850-th line out of 2500 rows of DP table...
2022-01-04 20:49:16,554 - root - DEBUG - Processing 1860-th line out of 2500 rows of DP table...
2022-01-04 20:49:16,779 - root - DEBUG - Processing 1870-th line out of 2500 rows of DP table...
2022-01-04 20:49:17,001 - root - DEBUG - Processing 1880-th line out of 2500 rows of DP table...
2022-01-04 20:49:17,233 - root - DEBUG - Processing 1890-th line out of 2500 rows of DP table...
2022-01-04 20:49:17,447 - root - DEBUG - Processing 1900-th line out of 2500 rows of DP table...
2022-01-04 20:49:17,659 - root - DEBUG - Processing 1910-th line out of 2500 rows of DP table...
2022-01-04 20:49:17,870 - root - DEBUG - Processing 1920-th line out of 2500 rows of DP table...
2022-01-04 20:49:18,086 - root - DEBUG - Processing 1930-th line out of 2500 rows of DP table...
2022-01-04 20:49:18,288 - root - DEBUG - Processing 1940-th line out of 2500 rows of DP table...
2022-01-04 20:49:18,486 - root - DEBUG - Processing 1950-th line out of 2500 rows of DP table...
2022-01-04 20:49:18,679 - root - DEBUG - Processing 1960-th line out of 2500 rows of DP table...
2022-01-04 20:49:18,869 - root - DEBUG - Processing 1970-th line out of 2500 rows of DP table...
2022-01-04 20:49:19,074 - root - DEBUG - Processing 1980-th line out of 2500 rows of DP table...
2022-01-04 20:49:19,258 - root - DEBUG - Processing 1990-th line out of 2500 rows of DP table...
2022-01-04 20:49:19,439 - root - DEBUG - Processing 2000-th line out of 2500 rows of DP table...
2022-01-04 20:49:19,617 - root - DEBUG - Processing 2010-th line out of 2500 rows of DP table...
2022-01-04 20:49:19,791 - root - DEBUG - Processing 2020-th line out of 2500 rows of DP table...
2022-01-04 20:49:19,961 - root - DEBUG - Processing 2030-th line out of 2500 rows of DP table...
2022-01-04 20:49:20,128 - root - DEBUG - Processing 2040-th line out of 2500 rows of DP table...
2022-01-04 20:49:20,292 - root - DEBUG - Processing 2050-th line out of 2500 rows of DP table...
2022-01-04 20:49:20,451 - root - DEBUG - Processing 2060-th line out of 2500 rows of DP table...
2022-01-04 20:49:20,611 - root - DEBUG - Processing 2070-th line out of 2500 rows of DP table...
2022-01-04 20:49:20,766 - root - DEBUG - Processing 2080-th line out of 2500 rows of DP table...
2022-01-04 20:49:20,918 - root - DEBUG - Processing 2090-th line out of 2500 rows of DP table...
2022-01-04 20:49:21,066 - root - DEBUG - Processing 2100-th line out of 2500 rows of DP table...
2022-01-04 20:49:21,212 - root - DEBUG - Processing 2110-th line out of 2500 rows of DP table...
2022-01-04 20:49:21,353 - root - DEBUG - Processing 2120-th line out of 2500 rows of DP table...
2022-01-04 20:49:21,492 - root - DEBUG - Processing 2130-th line out of 2500 rows of DP table...
2022-01-04 20:49:21,625 - root - DEBUG - Processing 2140-th line out of 2500 rows of DP table...
2022-01-04 20:49:21,757 - root - DEBUG - Processing 2150-th line out of 2500 rows of DP table...
2022-01-04 20:49:21,884 - root - DEBUG - Processing 2160-th line out of 2500 rows of DP table...
2022-01-04 20:49:22,009 - root - DEBUG - Processing 2170-th line out of 2500 rows of DP table...
2022-01-04 20:49:22,131 - root - DEBUG - Processing 2180-th line out of 2500 rows of DP table...
2022-01-04 20:49:22,248 - root - DEBUG - Processing 2190-th line out of 2500 rows of DP table...
2022-01-04 20:49:22,363 - root - DEBUG - Processing 2200-th line out of 2500 rows of DP table...
2022-01-04 20:49:22,481 - root - DEBUG - Processing 2210-th line out of 2500 rows of DP table...
2022-01-04 20:49:22,590 - root - DEBUG - Processing 2220-th line out of 2500 rows of DP table...
2022-01-04 20:49:22,696 - root - DEBUG - Processing 2230-th line out of 2500 rows of DP table...
2022-01-04 20:49:22,797 - root - DEBUG - Processing 2240-th line out of 2500 rows of DP table...
2022-01-04 20:49:22,895 - root - DEBUG - Processing 2250-th line out of 2500 rows of DP table...
2022-01-04 20:49:22,990 - root - DEBUG - Processing 2260-th line out of 2500 rows of DP table...
2022-01-04 20:49:23,081 - root - DEBUG - Processing 2270-th line out of 2500 rows of DP table...
2022-01-04 20:49:23,170 - root - DEBUG - Processing 2280-th line out of 2500 rows of DP table...
2022-01-04 20:49:23,255 - root - DEBUG - Processing 2290-th line out of 2500 rows of DP table...
2022-01-04 20:49:23,336 - root - DEBUG - Processing 2300-th line out of 2500 rows of DP table...
2022-01-04 20:49:23,414 - root - DEBUG - Processing 2310-th line out of 2500 rows of DP table...
2022-01-04 20:49:23,489 - root - DEBUG - Processing 2320-th line out of 2500 rows of DP table...
2022-01-04 20:49:23,560 - root - DEBUG - Processing 2330-th line out of 2500 rows of DP table...
2022-01-04 20:49:23,630 - root - DEBUG - Processing 2340-th line out of 2500 rows of DP table...
2022-01-04 20:49:23,696 - root - DEBUG - Processing 2350-th line out of 2500 rows of DP table...
2022-01-04 20:49:23,758 - root - DEBUG - Processing 2360-th line out of 2500 rows of DP table...
2022-01-04 20:49:23,816 - root - DEBUG - Processing 2370-th line out of 2500 rows of DP table...
2022-01-04 20:49:23,872 - root - DEBUG - Processing 2380-th line out of 2500 rows of DP table...
2022-01-04 20:49:23,924 - root - DEBUG - Processing 2390-th line out of 2500 rows of DP table...
2022-01-04 20:49:23,973 - root - DEBUG - Processing 2400-th line out of 2500 rows of DP table...
2022-01-04 20:49:24,018 - root - DEBUG - Processing 2410-th line out of 2500 rows of DP table...
2022-01-04 20:49:24,060 - root - DEBUG - Processing 2420-th line out of 2500 rows of DP table...
2022-01-04 20:49:24,099 - root - DEBUG - Processing 2430-th line out of 2500 rows of DP table...
2022-01-04 20:49:24,134 - root - DEBUG - Processing 2440-th line out of 2500 rows of DP table...
2022-01-04 20:49:24,166 - root - DEBUG - Processing 2450-th line out of 2500 rows of DP table...
2022-01-04 20:49:24,195 - root - DEBUG - Processing 2460-th line out of 2500 rows of DP table...
2022-01-04 20:49:24,220 - root - DEBUG - Processing 2470-th line out of 2500 rows of DP table...
2022-01-04 20:49:24,241 - root - DEBUG - Processing 2480-th line out of 2500 rows of DP table...
2022-01-04 20:49:24,259 - root - DEBUG - Processing 2490-th line out of 2500 rows of DP table...
2022-01-04 20:49:24,274 - root - DEBUG - Processing 2500-th line out of 2500 rows of DP table...
2022-01-04 20:49:24,290 - root - DEBUG - Started computing joint logprobs...
