2022-01-04 20:47:34,716 - root - INFO - Loading reference interval set from '211227-2-sim/g25_3.ref.tsv'...
2022-01-04 20:47:34,833 - root - INFO - Loading query interval set from '211227-2-sim/g25_3.query.tsv'...
2022-01-04 20:47:34,845 - root - INFO - Loading chromosome sizes from '211227-2-sim/g25_sizes.tsv'...
2022-01-04 20:47:34,854 - root - INFO - Number of reference intervals: 2500 (2500 before merging)
2022-01-04 20:47:34,856 - root - INFO - Number of query intervals: 5 (5 before merging)
2022-01-04 20:47:34,857 - root - INFO - Number of chromosomes: 1
2022-01-04 20:47:34,882 - root - INFO - Overlap count: 16
2022-01-04 20:47:34,884 - root - DEBUG - Started computing sf for chromosome 'chr1'...
2022-01-04 20:47:34,886 - root - DEBUG - m=2500, n=5
2022-01-04 20:47:35,923 - root - DEBUG - Processing 10-th line out of 2500 rows of DP table...
2022-01-04 20:47:36,885 - root - DEBUG - Processing 20-th line out of 2500 rows of DP table...
2022-01-04 20:47:37,819 - root - DEBUG - Processing 30-th line out of 2500 rows of DP table...
2022-01-04 20:47:39,168 - root - DEBUG - Processing 40-th line out of 2500 rows of DP table...
2022-01-04 20:47:40,124 - root - DEBUG - Processing 50-th line out of 2500 rows of DP table...
2022-01-04 20:47:41,047 - root - DEBUG - Processing 60-th line out of 2500 rows of DP table...
2022-01-04 20:47:41,958 - root - DEBUG - Processing 70-th line out of 2500 rows of DP table...
2022-01-04 20:47:42,934 - root - DEBUG - Processing 80-th line out of 2500 rows of DP table...
2022-01-04 20:47:43,852 - root - DEBUG - Processing 90-th line out of 2500 rows of DP table...
2022-01-04 20:47:44,839 - root - DEBUG - Processing 100-th line out of 2500 rows of DP table...
2022-01-04 20:47:45,787 - root - DEBUG - Processing 110-th line out of 2500 rows of DP table...
2022-01-04 20:47:46,665 - root - DEBUG - Processing 120-th line out of 2500 rows of DP table...
2022-01-04 20:47:47,545 - root - DEBUG - Processing 130-th line out of 2500 rows of DP table...
2022-01-04 20:47:48,454 - root - DEBUG - Processing 140-th line out of 2500 rows of DP table...
2022-01-04 20:47:49,402 - root - DEBUG - Processing 150-th line out of 2500 rows of DP table...
2022-01-04 20:47:50,260 - root - DEBUG - Processing 160-th line out of 2500 rows of DP table...
2022-01-04 20:47:51,123 - root - DEBUG - Processing 170-th line out of 2500 rows of DP table...
2022-01-04 20:47:52,020 - root - DEBUG - Processing 180-th line out of 2500 rows of DP table...
2022-01-04 20:47:52,877 - root - DEBUG - Processing 190-th line out of 2500 rows of DP table...
2022-01-04 20:47:53,734 - root - DEBUG - Processing 200-th line out of 2500 rows of DP table...
2022-01-04 20:47:54,636 - root - DEBUG - Processing 210-th line out of 2500 rows of DP table...
2022-01-04 20:47:55,490 - root - DEBUG - Processing 220-th line out of 2500 rows of DP table...
2022-01-04 20:47:56,340 - root - DEBUG - Processing 230-th line out of 2500 rows of DP table...
2022-01-04 20:47:57,170 - root - DEBUG - Processing 240-th line out of 2500 rows of DP table...
2022-01-04 20:47:58,088 - root - DEBUG - Processing 250-th line out of 2500 rows of DP table...
2022-01-04 20:47:59,016 - root - DEBUG - Processing 260-th line out of 2500 rows of DP table...
2022-01-04 20:47:59,932 - root - DEBUG - Processing 270-th line out of 2500 rows of DP table...
2022-01-04 20:48:00,751 - root - DEBUG - Processing 280-th line out of 2500 rows of DP table...
2022-01-04 20:48:01,561 - root - DEBUG - Processing 290-th line out of 2500 rows of DP table...
2022-01-04 20:48:02,373 - root - DEBUG - Processing 300-th line out of 2500 rows of DP table...
2022-01-04 20:48:03,177 - root - DEBUG - Processing 310-th line out of 2500 rows of DP table...
2022-01-04 20:48:03,980 - root - DEBUG - Processing 320-th line out of 2500 rows of DP table...
2022-01-04 20:48:04,772 - root - DEBUG - Processing 330-th line out of 2500 rows of DP table...
2022-01-04 20:48:05,571 - root - DEBUG - Processing 340-th line out of 2500 rows of DP table...
2022-01-04 20:48:06,361 - root - DEBUG - Processing 350-th line out of 2500 rows of DP table...
2022-01-04 20:48:07,148 - root - DEBUG - Processing 360-th line out of 2500 rows of DP table...
2022-01-04 20:48:07,934 - root - DEBUG - Processing 370-th line out of 2500 rows of DP table...
2022-01-04 20:48:08,718 - root - DEBUG - Processing 380-th line out of 2500 rows of DP table...
2022-01-04 20:48:09,491 - root - DEBUG - Processing 390-th line out of 2500 rows of DP table...
2022-01-04 20:48:10,266 - root - DEBUG - Processing 400-th line out of 2500 rows of DP table...
2022-01-04 20:48:11,036 - root - DEBUG - Processing 410-th line out of 2500 rows of DP table...
2022-01-04 20:48:11,802 - root - DEBUG - Processing 420-th line out of 2500 rows of DP table...
2022-01-04 20:48:12,565 - root - DEBUG - Processing 430-th line out of 2500 rows of DP table...
2022-01-04 20:48:13,372 - root - DEBUG - Processing 440-th line out of 2500 rows of DP table...
2022-01-04 20:48:14,123 - root - DEBUG - Processing 450-th line out of 2500 rows of DP table...
2022-01-04 20:48:14,877 - root - DEBUG - Processing 460-th line out of 2500 rows of DP table...
2022-01-04 20:48:15,629 - root - DEBUG - Processing 470-th line out of 2500 rows of DP table...
2022-01-04 20:48:16,367 - root - DEBUG - Processing 480-th line out of 2500 rows of DP table...
2022-01-04 20:48:17,105 - root - DEBUG - Processing 490-th line out of 2500 rows of DP table...
2022-01-04 20:48:17,843 - root - DEBUG - Processing 500-th line out of 2500 rows of DP table...
2022-01-04 20:48:18,570 - root - DEBUG - Processing 510-th line out of 2500 rows of DP table...
2022-01-04 20:48:19,301 - root - DEBUG - Processing 520-th line out of 2500 rows of DP table...
2022-01-04 20:48:20,029 - root - DEBUG - Processing 530-th line out of 2500 rows of DP table...
2022-01-04 20:48:20,749 - root - DEBUG - Processing 540-th line out of 2500 rows of DP table...
2022-01-04 20:48:21,474 - root - DEBUG - Processing 550-th line out of 2500 rows of DP table...
2022-01-04 20:48:22,187 - root - DEBUG - Processing 560-th line out of 2500 rows of DP table...
2022-01-04 20:48:22,903 - root - DEBUG - Processing 570-th line out of 2500 rows of DP table...
2022-01-04 20:48:23,612 - root - DEBUG - Processing 580-th line out of 2500 rows of DP table...
2022-01-04 20:48:24,315 - root - DEBUG - Processing 590-th line out of 2500 rows of DP table...
2022-01-04 20:48:25,018 - root - DEBUG - Processing 600-th line out of 2500 rows of DP table...
2022-01-04 20:48:25,717 - root - DEBUG - Processing 610-th line out of 2500 rows of DP table...
2022-01-04 20:48:26,407 - root - DEBUG - Processing 620-th line out of 2500 rows of DP table...
2022-01-04 20:48:27,099 - root - DEBUG - Processing 630-th line out of 2500 rows of DP table...
2022-01-04 20:48:27,784 - root - DEBUG - Processing 640-th line out of 2500 rows of DP table...
2022-01-04 20:48:28,470 - root - DEBUG - Processing 650-th line out of 2500 rows of DP table...
2022-01-04 20:48:29,153 - root - DEBUG - Processing 660-th line out of 2500 rows of DP table...
2022-01-04 20:48:29,828 - root - DEBUG - Processing 670-th line out of 2500 rows of DP table...
2022-01-04 20:48:30,505 - root - DEBUG - Processing 680-th line out of 2500 rows of DP table...
2022-01-04 20:48:31,169 - root - DEBUG - Processing 690-th line out of 2500 rows of DP table...
2022-01-04 20:48:31,840 - root - DEBUG - Processing 700-th line out of 2500 rows of DP table...
2022-01-04 20:48:32,503 - root - DEBUG - Processing 710-th line out of 2500 rows of DP table...
2022-01-04 20:48:33,156 - root - DEBUG - Processing 720-th line out of 2500 rows of DP table...
2022-01-04 20:48:33,809 - root - DEBUG - Processing 730-th line out of 2500 rows of DP table...
2022-01-04 20:48:34,454 - root - DEBUG - Processing 740-th line out of 2500 rows of DP table...
2022-01-04 20:48:35,103 - root - DEBUG - Processing 750-th line out of 2500 rows of DP table...
2022-01-04 20:48:35,747 - root - DEBUG - Processing 760-th line out of 2500 rows of DP table...
2022-01-04 20:48:36,391 - root - DEBUG - Processing 770-th line out of 2500 rows of DP table...
2022-01-04 20:48:37,028 - root - DEBUG - Processing 780-th line out of 2500 rows of DP table...
2022-01-04 20:48:37,661 - root - DEBUG - Processing 790-th line out of 2500 rows of DP table...
2022-01-04 20:48:38,290 - root - DEBUG - Processing 800-th line out of 2500 rows of DP table...
2022-01-04 20:48:38,911 - root - DEBUG - Processing 810-th line out of 2500 rows of DP table...
2022-01-04 20:48:39,534 - root - DEBUG - Processing 820-th line out of 2500 rows of DP table...
2022-01-04 20:48:40,148 - root - DEBUG - Processing 830-th line out of 2500 rows of DP table...
2022-01-04 20:48:40,764 - root - DEBUG - Processing 840-th line out of 2500 rows of DP table...
2022-01-04 20:48:41,373 - root - DEBUG - Processing 850-th line out of 2500 rows of DP table...
2022-01-04 20:48:41,985 - root - DEBUG - Processing 860-th line out of 2500 rows of DP table...
2022-01-04 20:48:42,590 - root - DEBUG - Processing 870-th line out of 2500 rows of DP table...
2022-01-04 20:48:43,195 - root - DEBUG - Processing 880-th line out of 2500 rows of DP table...
2022-01-04 20:48:43,791 - root - DEBUG - Processing 890-th line out of 2500 rows of DP table...
2022-01-04 20:48:44,388 - root - DEBUG - Processing 900-th line out of 2500 rows of DP table...
2022-01-04 20:48:44,978 - root - DEBUG - Processing 910-th line out of 2500 rows of DP table...
2022-01-04 20:48:45,568 - root - DEBUG - Processing 920-th line out of 2500 rows of DP table...
2022-01-04 20:48:46,153 - root - DEBUG - Processing 930-th line out of 2500 rows of DP table...
2022-01-04 20:48:46,733 - root - DEBUG - Processing 940-th line out of 2500 rows of DP table...
2022-01-04 20:48:47,312 - root - DEBUG - Processing 950-th line out of 2500 rows of DP table...
2022-01-04 20:48:47,885 - root - DEBUG - Processing 960-th line out of 2500 rows of DP table...
2022-01-04 20:48:48,457 - root - DEBUG - Processing 970-th line out of 2500 rows of DP table...
2022-01-04 20:48:49,021 - root - DEBUG - Processing 980-th line out of 2500 rows of DP table...
2022-01-04 20:48:49,585 - root - DEBUG - Processing 990-th line out of 2500 rows of DP table...
2022-01-04 20:48:50,143 - root - DEBUG - Processing 1000-th line out of 2500 rows of DP table...
2022-01-04 20:48:50,700 - root - DEBUG - Processing 1010-th line out of 2500 rows of DP table...
2022-01-04 20:48:51,248 - root - DEBUG - Processing 1020-th line out of 2500 rows of DP table...
2022-01-04 20:48:51,811 - root - DEBUG - Processing 1030-th line out of 2500 rows of DP table...
2022-01-04 20:48:52,357 - root - DEBUG - Processing 1040-th line out of 2500 rows of DP table...
2022-01-04 20:48:52,898 - root - DEBUG - Processing 1050-th line out of 2500 rows of DP table...
2022-01-04 20:48:53,439 - root - DEBUG - Processing 1060-th line out of 2500 rows of DP table...
2022-01-04 20:48:53,971 - root - DEBUG - Processing 1070-th line out of 2500 rows of DP table...
2022-01-04 20:48:54,502 - root - DEBUG - Processing 1080-th line out of 2500 rows of DP table...
2022-01-04 20:48:55,023 - root - DEBUG - Processing 1090-th line out of 2500 rows of DP table...
2022-01-04 20:48:55,550 - root - DEBUG - Processing 1100-th line out of 2500 rows of DP table...
2022-01-04 20:48:56,257 - root - DEBUG - Processing 1110-th line out of 2500 rows of DP table...
2022-01-04 20:48:56,795 - root - DEBUG - Processing 1120-th line out of 2500 rows of DP table...
2022-01-04 20:48:57,338 - root - DEBUG - Processing 1130-th line out of 2500 rows of DP table...
2022-01-04 20:48:57,845 - root - DEBUG - Processing 1140-th line out of 2500 rows of DP table...
2022-01-04 20:48:58,359 - root - DEBUG - Processing 1150-th line out of 2500 rows of DP table...
2022-01-04 20:48:58,857 - root - DEBUG - Processing 1160-th line out of 2500 rows of DP table...
2022-01-04 20:48:59,370 - root - DEBUG - Processing 1170-th line out of 2500 rows of DP table...
2022-01-04 20:48:59,861 - root - DEBUG - Processing 1180-th line out of 2500 rows of DP table...
2022-01-04 20:49:00,347 - root - DEBUG - Processing 1190-th line out of 2500 rows of DP table...
2022-01-04 20:49:00,827 - root - DEBUG - Processing 1200-th line out of 2500 rows of DP table...
2022-01-04 20:49:01,309 - root - DEBUG - Processing 1210-th line out of 2500 rows of DP table...
2022-01-04 20:49:01,788 - root - DEBUG - Processing 1220-th line out of 2500 rows of DP table...
2022-01-04 20:49:02,263 - root - DEBUG - Processing 1230-th line out of 2500 rows of DP table...
2022-01-04 20:49:02,730 - root - DEBUG - Processing 1240-th line out of 2500 rows of DP table...
2022-01-04 20:49:03,190 - root - DEBUG - Processing 1250-th line out of 2500 rows of DP table...
2022-01-04 20:49:03,655 - root - DEBUG - Processing 1260-th line out of 2500 rows of DP table...
2022-01-04 20:49:04,111 - root - DEBUG - Processing 1270-th line out of 2500 rows of DP table...
2022-01-04 20:49:04,575 - root - DEBUG - Processing 1280-th line out of 2500 rows of DP table...
2022-01-04 20:49:05,024 - root - DEBUG - Processing 1290-th line out of 2500 rows of DP table...
2022-01-04 20:49:05,469 - root - DEBUG - Processing 1300-th line out of 2500 rows of DP table...
2022-01-04 20:49:05,914 - root - DEBUG - Processing 1310-th line out of 2500 rows of DP table...
2022-01-04 20:49:06,363 - root - DEBUG - Processing 1320-th line out of 2500 rows of DP table...
2022-01-04 20:49:06,830 - root - DEBUG - Processing 1330-th line out of 2500 rows of DP table...
2022-01-04 20:49:07,262 - root - DEBUG - Processing 1340-th line out of 2500 rows of DP table...
2022-01-04 20:49:07,690 - root - DEBUG - Processing 1350-th line out of 2500 rows of DP table...
2022-01-04 20:49:08,128 - root - DEBUG - Processing 1360-th line out of 2500 rows of DP table...
2022-01-04 20:49:08,548 - root - DEBUG - Processing 1370-th line out of 2500 rows of DP table...
2022-01-04 20:49:08,980 - root - DEBUG - Processing 1380-th line out of 2500 rows of DP table...
2022-01-04 20:49:09,408 - root - DEBUG - Processing 1390-th line out of 2500 rows of DP table...
2022-01-04 20:49:09,839 - root - DEBUG - Processing 1400-th line out of 2500 rows of DP table...
2022-01-04 20:49:10,262 - root - DEBUG - Processing 1410-th line out of 2500 rows of DP table...
2022-01-04 20:49:10,681 - root - DEBUG - Processing 1420-th line out of 2500 rows of DP table...
2022-01-04 20:49:11,097 - root - DEBUG - Processing 1430-th line out of 2500 rows of DP table...
2022-01-04 20:49:11,505 - root - DEBUG - Processing 1440-th line out of 2500 rows of DP table...
2022-01-04 20:49:11,901 - root - DEBUG - Processing 1450-th line out of 2500 rows of DP table...
2022-01-04 20:49:12,298 - root - DEBUG - Processing 1460-th line out of 2500 rows of DP table...
2022-01-04 20:49:12,690 - root - DEBUG - Processing 1470-th line out of 2500 rows of DP table...
2022-01-04 20:49:13,071 - root - DEBUG - Processing 1480-th line out of 2500 rows of DP table...
2022-01-04 20:49:13,449 - root - DEBUG - Processing 1490-th line out of 2500 rows of DP table...
2022-01-04 20:49:13,862 - root - DEBUG - Processing 1500-th line out of 2500 rows of DP table...
2022-01-04 20:49:14,234 - root - DEBUG - Processing 1510-th line out of 2500 rows of DP table...
2022-01-04 20:49:14,602 - root - DEBUG - Processing 1520-th line out of 2500 rows of DP table...
2022-01-04 20:49:14,971 - root - DEBUG - Processing 1530-th line out of 2500 rows of DP table...
2022-01-04 20:49:15,331 - root - DEBUG - Processing 1540-th line out of 2500 rows of DP table...
2022-01-04 20:49:15,694 - root - DEBUG - Processing 1550-th line out of 2500 rows of DP table...
2022-01-04 20:49:16,053 - root - DEBUG - Processing 1560-th line out of 2500 rows of DP table...
2022-01-04 20:49:16,401 - root - DEBUG - Processing 1570-th line out of 2500 rows of DP table...
2022-01-04 20:49:16,753 - root - DEBUG - Processing 1580-th line out of 2500 rows of DP table...
2022-01-04 20:49:17,109 - root - DEBUG - Processing 1590-th line out of 2500 rows of DP table...
2022-01-04 20:49:17,453 - root - DEBUG - Processing 1600-th line out of 2500 rows of DP table...
2022-01-04 20:49:17,791 - root - DEBUG - Processing 1610-th line out of 2500 rows of DP table...
2022-01-04 20:49:18,142 - root - DEBUG - Processing 1620-th line out of 2500 rows of DP table...
2022-01-04 20:49:18,471 - root - DEBUG - Processing 1630-th line out of 2500 rows of DP table...
2022-01-04 20:49:18,794 - root - DEBUG - Processing 1640-th line out of 2500 rows of DP table...
2022-01-04 20:49:19,135 - root - DEBUG - Processing 1650-th line out of 2500 rows of DP table...
2022-01-04 20:49:19,459 - root - DEBUG - Processing 1660-th line out of 2500 rows of DP table...
2022-01-04 20:49:19,770 - root - DEBUG - Processing 1670-th line out of 2500 rows of DP table...
2022-01-04 20:49:20,078 - root - DEBUG - Processing 1680-th line out of 2500 rows of DP table...
2022-01-04 20:49:20,381 - root - DEBUG - Processing 1690-th line out of 2500 rows of DP table...
2022-01-04 20:49:20,687 - root - DEBUG - Processing 1700-th line out of 2500 rows of DP table...
2022-01-04 20:49:20,985 - root - DEBUG - Processing 1710-th line out of 2500 rows of DP table...
2022-01-04 20:49:21,279 - root - DEBUG - Processing 1720-th line out of 2500 rows of DP table...
2022-01-04 20:49:21,579 - root - DEBUG - Processing 1730-th line out of 2500 rows of DP table...
2022-01-04 20:49:21,866 - root - DEBUG - Processing 1740-th line out of 2500 rows of DP table...
2022-01-04 20:49:22,151 - root - DEBUG - Processing 1750-th line out of 2500 rows of DP table...
2022-01-04 20:49:22,432 - root - DEBUG - Processing 1760-th line out of 2500 rows of DP table...
2022-01-04 20:49:22,713 - root - DEBUG - Processing 1770-th line out of 2500 rows of DP table...
2022-01-04 20:49:22,987 - root - DEBUG - Processing 1780-th line out of 2500 rows of DP table...
2022-01-04 20:49:23,255 - root - DEBUG - Processing 1790-th line out of 2500 rows of DP table...
2022-01-04 20:49:23,520 - root - DEBUG - Processing 1800-th line out of 2500 rows of DP table...
2022-01-04 20:49:23,783 - root - DEBUG - Processing 1810-th line out of 2500 rows of DP table...
2022-01-04 20:49:24,047 - root - DEBUG - Processing 1820-th line out of 2500 rows of DP table...
2022-01-04 20:49:24,303 - root - DEBUG - Processing 1830-th line out of 2500 rows of DP table...
2022-01-04 20:49:24,557 - root - DEBUG - Processing 1840-th line out of 2500 rows of DP table...
2022-01-04 20:49:24,824 - root - DEBUG - Processing 1850-th line out of 2500 rows of DP table...
2022-01-04 20:49:25,073 - root - DEBUG - Processing 1860-th line out of 2500 rows of DP table...
2022-01-04 20:49:25,313 - root - DEBUG - Processing 1870-th line out of 2500 rows of DP table...
2022-01-04 20:49:25,551 - root - DEBUG - Processing 1880-th line out of 2500 rows of DP table...
2022-01-04 20:49:25,804 - root - DEBUG - Processing 1890-th line out of 2500 rows of DP table...
2022-01-04 20:49:26,060 - root - DEBUG - Processing 1900-th line out of 2500 rows of DP table...
2022-01-04 20:49:26,305 - root - DEBUG - Processing 1910-th line out of 2500 rows of DP table...
2022-01-04 20:49:26,527 - root - DEBUG - Processing 1920-th line out of 2500 rows of DP table...
2022-01-04 20:49:26,747 - root - DEBUG - Processing 1930-th line out of 2500 rows of DP table...
2022-01-04 20:49:26,962 - root - DEBUG - Processing 1940-th line out of 2500 rows of DP table...
2022-01-04 20:49:27,173 - root - DEBUG - Processing 1950-th line out of 2500 rows of DP table...
2022-01-04 20:49:27,465 - root - DEBUG - Processing 1960-th line out of 2500 rows of DP table...
2022-01-04 20:49:27,671 - root - DEBUG - Processing 1970-th line out of 2500 rows of DP table...
2022-01-04 20:49:27,874 - root - DEBUG - Processing 1980-th line out of 2500 rows of DP table...
2022-01-04 20:49:28,072 - root - DEBUG - Processing 1990-th line out of 2500 rows of DP table...
2022-01-04 20:49:28,267 - root - DEBUG - Processing 2000-th line out of 2500 rows of DP table...
2022-01-04 20:49:28,462 - root - DEBUG - Processing 2010-th line out of 2500 rows of DP table...
2022-01-04 20:49:28,650 - root - DEBUG - Processing 2020-th line out of 2500 rows of DP table...
2022-01-04 20:49:28,837 - root - DEBUG - Processing 2030-th line out of 2500 rows of DP table...
2022-01-04 20:49:29,017 - root - DEBUG - Processing 2040-th line out of 2500 rows of DP table...
2022-01-04 20:49:29,195 - root - DEBUG - Processing 2050-th line out of 2500 rows of DP table...
2022-01-04 20:49:29,368 - root - DEBUG - Processing 2060-th line out of 2500 rows of DP table...
2022-01-04 20:49:29,544 - root - DEBUG - Processing 2070-th line out of 2500 rows of DP table...
2022-01-04 20:49:29,710 - root - DEBUG - Processing 2080-th line out of 2500 rows of DP table...
2022-01-04 20:49:29,875 - root - DEBUG - Processing 2090-th line out of 2500 rows of DP table...
2022-01-04 20:49:30,035 - root - DEBUG - Processing 2100-th line out of 2500 rows of DP table...
2022-01-04 20:49:30,191 - root - DEBUG - Processing 2110-th line out of 2500 rows of DP table...
2022-01-04 20:49:30,343 - root - DEBUG - Processing 2120-th line out of 2500 rows of DP table...
2022-01-04 20:49:30,490 - root - DEBUG - Processing 2130-th line out of 2500 rows of DP table...
2022-01-04 20:49:30,635 - root - DEBUG - Processing 2140-th line out of 2500 rows of DP table...
2022-01-04 20:49:30,780 - root - DEBUG - Processing 2150-th line out of 2500 rows of DP table...
2022-01-04 20:49:30,918 - root - DEBUG - Processing 2160-th line out of 2500 rows of DP table...
2022-01-04 20:49:31,053 - root - DEBUG - Processing 2170-th line out of 2500 rows of DP table...
2022-01-04 20:49:31,183 - root - DEBUG - Processing 2180-th line out of 2500 rows of DP table...
2022-01-04 20:49:31,309 - root - DEBUG - Processing 2190-th line out of 2500 rows of DP table...
2022-01-04 20:49:31,432 - root - DEBUG - Processing 2200-th line out of 2500 rows of DP table...
2022-01-04 20:49:31,551 - root - DEBUG - Processing 2210-th line out of 2500 rows of DP table...
2022-01-04 20:49:31,667 - root - DEBUG - Processing 2220-th line out of 2500 rows of DP table...
2022-01-04 20:49:31,779 - root - DEBUG - Processing 2230-th line out of 2500 rows of DP table...
2022-01-04 20:49:31,892 - root - DEBUG - Processing 2240-th line out of 2500 rows of DP table...
2022-01-04 20:49:31,997 - root - DEBUG - Processing 2250-th line out of 2500 rows of DP table...
2022-01-04 20:49:32,099 - root - DEBUG - Processing 2260-th line out of 2500 rows of DP table...
2022-01-04 20:49:32,197 - root - DEBUG - Processing 2270-th line out of 2500 rows of DP table...
2022-01-04 20:49:32,292 - root - DEBUG - Processing 2280-th line out of 2500 rows of DP table...
2022-01-04 20:49:32,399 - root - DEBUG - Processing 2290-th line out of 2500 rows of DP table...
2022-01-04 20:49:32,486 - root - DEBUG - Processing 2300-th line out of 2500 rows of DP table...
2022-01-04 20:49:32,571 - root - DEBUG - Processing 2310-th line out of 2500 rows of DP table...
2022-01-04 20:49:32,651 - root - DEBUG - Processing 2320-th line out of 2500 rows of DP table...
2022-01-04 20:49:32,728 - root - DEBUG - Processing 2330-th line out of 2500 rows of DP table...
2022-01-04 20:49:32,801 - root - DEBUG - Processing 2340-th line out of 2500 rows of DP table...
2022-01-04 20:49:32,870 - root - DEBUG - Processing 2350-th line out of 2500 rows of DP table...
2022-01-04 20:49:32,936 - root - DEBUG - Processing 2360-th line out of 2500 rows of DP table...
2022-01-04 20:49:33,003 - root - DEBUG - Processing 2370-th line out of 2500 rows of DP table...
2022-01-04 20:49:33,062 - root - DEBUG - Processing 2380-th line out of 2500 rows of DP table...
2022-01-04 20:49:33,133 - root - DEBUG - Processing 2390-th line out of 2500 rows of DP table...
2022-01-04 20:49:33,185 - root - DEBUG - Processing 2400-th line out of 2500 rows of DP table...
2022-01-04 20:49:33,234 - root - DEBUG - Processing 2410-th line out of 2500 rows of DP table...
2022-01-04 20:49:33,279 - root - DEBUG - Processing 2420-th line out of 2500 rows of DP table...
2022-01-04 20:49:33,319 - root - DEBUG - Processing 2430-th line out of 2500 rows of DP table...
2022-01-04 20:49:33,356 - root - DEBUG - Processing 2440-th line out of 2500 rows of DP table...
2022-01-04 20:49:33,390 - root - DEBUG - Processing 2450-th line out of 2500 rows of DP table...
2022-01-04 20:49:33,420 - root - DEBUG - Processing 2460-th line out of 2500 rows of DP table...
2022-01-04 20:49:33,446 - root - DEBUG - Processing 2470-th line out of 2500 rows of DP table...
2022-01-04 20:49:33,470 - root - DEBUG - Processing 2480-th line out of 2500 rows of DP table...
2022-01-04 20:49:33,502 - root - DEBUG - Processing 2490-th line out of 2500 rows of DP table...
2022-01-04 20:49:33,518 - root - DEBUG - Processing 2500-th line out of 2500 rows of DP table...
2022-01-04 20:49:33,532 - root - DEBUG - Started computing joint logprobs...
