2022-01-05 08:14:51,545 - root - INFO - Loading reference interval set from '211227-2-sim/g25_0.ref.tsv'...
2022-01-05 08:14:51,553 - root - INFO - Loading query interval set from '211227-2-sim/g25_0.query.tsv'...
2022-01-05 08:14:51,565 - root - INFO - Loading chromosome sizes from '211227-2-sim/g25_sizes.tsv'...
2022-01-05 08:14:51,570 - root - INFO - Number of reference intervals: 2500 (2500 before merging)
2022-01-05 08:14:51,572 - root - INFO - Number of query intervals: 5 (5 before merging)
2022-01-05 08:14:51,574 - root - INFO - Number of chromosomes: 1
2022-01-05 08:14:51,582 - root - INFO - Overlap count: 14
2022-01-05 08:14:51,584 - root - DEBUG - Started computing sf for chromosome 'chr1'...
2022-01-05 08:14:51,586 - root - DEBUG - m=2500, n=5
2022-01-05 08:14:53,078 - root - DEBUG - Processing 10-th line out of 2500 rows of DP table...
2022-01-05 08:14:54,661 - root - DEBUG - Processing 20-th line out of 2500 rows of DP table...
2022-01-05 08:14:55,719 - root - DEBUG - Processing 30-th line out of 2500 rows of DP table...
2022-01-05 08:14:56,559 - root - DEBUG - Processing 40-th line out of 2500 rows of DP table...
2022-01-05 08:14:57,400 - root - DEBUG - Processing 50-th line out of 2500 rows of DP table...
2022-01-05 08:14:58,248 - root - DEBUG - Processing 60-th line out of 2500 rows of DP table...
2022-01-05 08:14:59,078 - root - DEBUG - Processing 70-th line out of 2500 rows of DP table...
2022-01-05 08:14:59,918 - root - DEBUG - Processing 80-th line out of 2500 rows of DP table...
2022-01-05 08:15:00,742 - root - DEBUG - Processing 90-th line out of 2500 rows of DP table...
2022-01-05 08:15:01,566 - root - DEBUG - Processing 100-th line out of 2500 rows of DP table...
2022-01-05 08:15:02,411 - root - DEBUG - Processing 110-th line out of 2500 rows of DP table...
2022-01-05 08:15:03,225 - root - DEBUG - Processing 120-th line out of 2500 rows of DP table...
2022-01-05 08:15:04,045 - root - DEBUG - Processing 130-th line out of 2500 rows of DP table...
2022-01-05 08:15:04,851 - root - DEBUG - Processing 140-th line out of 2500 rows of DP table...
2022-01-05 08:15:05,653 - root - DEBUG - Processing 150-th line out of 2500 rows of DP table...
2022-01-05 08:15:06,469 - root - DEBUG - Processing 160-th line out of 2500 rows of DP table...
2022-01-05 08:15:07,267 - root - DEBUG - Processing 170-th line out of 2500 rows of DP table...
2022-01-05 08:15:08,058 - root - DEBUG - Processing 180-th line out of 2500 rows of DP table...
2022-01-05 08:15:08,848 - root - DEBUG - Processing 190-th line out of 2500 rows of DP table...
2022-01-05 08:15:09,632 - root - DEBUG - Processing 200-th line out of 2500 rows of DP table...
2022-01-05 08:15:10,424 - root - DEBUG - Processing 210-th line out of 2500 rows of DP table...
2022-01-05 08:15:11,206 - root - DEBUG - Processing 220-th line out of 2500 rows of DP table...
2022-01-05 08:15:11,983 - root - DEBUG - Processing 230-th line out of 2500 rows of DP table...
2022-01-05 08:15:12,763 - root - DEBUG - Processing 240-th line out of 2500 rows of DP table...
2022-01-05 08:15:13,532 - root - DEBUG - Processing 250-th line out of 2500 rows of DP table...
2022-01-05 08:15:14,300 - root - DEBUG - Processing 260-th line out of 2500 rows of DP table...
2022-01-05 08:15:15,065 - root - DEBUG - Processing 270-th line out of 2500 rows of DP table...
2022-01-05 08:15:15,827 - root - DEBUG - Processing 280-th line out of 2500 rows of DP table...
2022-01-05 08:15:16,587 - root - DEBUG - Processing 290-th line out of 2500 rows of DP table...
2022-01-05 08:15:17,339 - root - DEBUG - Processing 300-th line out of 2500 rows of DP table...
2022-01-05 08:15:18,088 - root - DEBUG - Processing 310-th line out of 2500 rows of DP table...
2022-01-05 08:15:18,839 - root - DEBUG - Processing 320-th line out of 2500 rows of DP table...
2022-01-05 08:15:19,583 - root - DEBUG - Processing 330-th line out of 2500 rows of DP table...
2022-01-05 08:15:20,325 - root - DEBUG - Processing 340-th line out of 2500 rows of DP table...
2022-01-05 08:15:21,068 - root - DEBUG - Processing 350-th line out of 2500 rows of DP table...
2022-01-05 08:15:21,802 - root - DEBUG - Processing 360-th line out of 2500 rows of DP table...
2022-01-05 08:15:22,539 - root - DEBUG - Processing 370-th line out of 2500 rows of DP table...
2022-01-05 08:15:23,270 - root - DEBUG - Processing 380-th line out of 2500 rows of DP table...
2022-01-05 08:15:23,991 - root - DEBUG - Processing 390-th line out of 2500 rows of DP table...
2022-01-05 08:15:24,712 - root - DEBUG - Processing 400-th line out of 2500 rows of DP table...
2022-01-05 08:15:25,431 - root - DEBUG - Processing 410-th line out of 2500 rows of DP table...
2022-01-05 08:15:26,145 - root - DEBUG - Processing 420-th line out of 2500 rows of DP table...
2022-01-05 08:15:26,857 - root - DEBUG - Processing 430-th line out of 2500 rows of DP table...
2022-01-05 08:15:27,565 - root - DEBUG - Processing 440-th line out of 2500 rows of DP table...
2022-01-05 08:15:28,269 - root - DEBUG - Processing 450-th line out of 2500 rows of DP table...
2022-01-05 08:15:28,970 - root - DEBUG - Processing 460-th line out of 2500 rows of DP table...
2022-01-05 08:15:29,670 - root - DEBUG - Processing 470-th line out of 2500 rows of DP table...
2022-01-05 08:15:30,365 - root - DEBUG - Processing 480-th line out of 2500 rows of DP table...
2022-01-05 08:15:31,055 - root - DEBUG - Processing 490-th line out of 2500 rows of DP table...
2022-01-05 08:15:31,747 - root - DEBUG - Processing 500-th line out of 2500 rows of DP table...
2022-01-05 08:15:32,431 - root - DEBUG - Processing 510-th line out of 2500 rows of DP table...
2022-01-05 08:15:33,109 - root - DEBUG - Processing 520-th line out of 2500 rows of DP table...
2022-01-05 08:15:33,786 - root - DEBUG - Processing 530-th line out of 2500 rows of DP table...
2022-01-05 08:15:34,458 - root - DEBUG - Processing 540-th line out of 2500 rows of DP table...
2022-01-05 08:15:35,130 - root - DEBUG - Processing 550-th line out of 2500 rows of DP table...
2022-01-05 08:15:35,798 - root - DEBUG - Processing 560-th line out of 2500 rows of DP table...
2022-01-05 08:15:36,461 - root - DEBUG - Processing 570-th line out of 2500 rows of DP table...
2022-01-05 08:15:37,123 - root - DEBUG - Processing 580-th line out of 2500 rows of DP table...
2022-01-05 08:15:37,780 - root - DEBUG - Processing 590-th line out of 2500 rows of DP table...
2022-01-05 08:15:38,434 - root - DEBUG - Processing 600-th line out of 2500 rows of DP table...
2022-01-05 08:15:39,085 - root - DEBUG - Processing 610-th line out of 2500 rows of DP table...
2022-01-05 08:15:39,733 - root - DEBUG - Processing 620-th line out of 2500 rows of DP table...
2022-01-05 08:15:40,376 - root - DEBUG - Processing 630-th line out of 2500 rows of DP table...
2022-01-05 08:15:41,017 - root - DEBUG - Processing 640-th line out of 2500 rows of DP table...
2022-01-05 08:15:41,654 - root - DEBUG - Processing 650-th line out of 2500 rows of DP table...
2022-01-05 08:15:42,291 - root - DEBUG - Processing 660-th line out of 2500 rows of DP table...
2022-01-05 08:15:42,923 - root - DEBUG - Processing 670-th line out of 2500 rows of DP table...
2022-01-05 08:15:43,550 - root - DEBUG - Processing 680-th line out of 2500 rows of DP table...
2022-01-05 08:15:44,174 - root - DEBUG - Processing 690-th line out of 2500 rows of DP table...
2022-01-05 08:15:44,795 - root - DEBUG - Processing 700-th line out of 2500 rows of DP table...
2022-01-05 08:15:45,411 - root - DEBUG - Processing 710-th line out of 2500 rows of DP table...
2022-01-05 08:15:46,029 - root - DEBUG - Processing 720-th line out of 2500 rows of DP table...
2022-01-05 08:15:46,640 - root - DEBUG - Processing 730-th line out of 2500 rows of DP table...
2022-01-05 08:15:47,248 - root - DEBUG - Processing 740-th line out of 2500 rows of DP table...
2022-01-05 08:15:47,853 - root - DEBUG - Processing 750-th line out of 2500 rows of DP table...
2022-01-05 08:15:48,455 - root - DEBUG - Processing 760-th line out of 2500 rows of DP table...
2022-01-05 08:15:49,052 - root - DEBUG - Processing 770-th line out of 2500 rows of DP table...
2022-01-05 08:15:49,642 - root - DEBUG - Processing 780-th line out of 2500 rows of DP table...
2022-01-05 08:15:50,230 - root - DEBUG - Processing 790-th line out of 2500 rows of DP table...
2022-01-05 08:15:50,846 - root - DEBUG - Processing 800-th line out of 2500 rows of DP table...
2022-01-05 08:15:51,430 - root - DEBUG - Processing 810-th line out of 2500 rows of DP table...
2022-01-05 08:15:52,012 - root - DEBUG - Processing 820-th line out of 2500 rows of DP table...
2022-01-05 08:15:52,590 - root - DEBUG - Processing 830-th line out of 2500 rows of DP table...
2022-01-05 08:15:53,163 - root - DEBUG - Processing 840-th line out of 2500 rows of DP table...
2022-01-05 08:15:53,733 - root - DEBUG - Processing 850-th line out of 2500 rows of DP table...
2022-01-05 08:15:54,300 - root - DEBUG - Processing 860-th line out of 2500 rows of DP table...
2022-01-05 08:15:54,875 - root - DEBUG - Processing 870-th line out of 2500 rows of DP table...
2022-01-05 08:15:55,433 - root - DEBUG - Processing 880-th line out of 2500 rows of DP table...
2022-01-05 08:15:55,988 - root - DEBUG - Processing 890-th line out of 2500 rows of DP table...
2022-01-05 08:15:56,540 - root - DEBUG - Processing 900-th line out of 2500 rows of DP table...
2022-01-05 08:15:57,090 - root - DEBUG - Processing 910-th line out of 2500 rows of DP table...
2022-01-05 08:15:57,638 - root - DEBUG - Processing 920-th line out of 2500 rows of DP table...
2022-01-05 08:15:58,180 - root - DEBUG - Processing 930-th line out of 2500 rows of DP table...
2022-01-05 08:15:58,727 - root - DEBUG - Processing 940-th line out of 2500 rows of DP table...
2022-01-05 08:15:59,261 - root - DEBUG - Processing 950-th line out of 2500 rows of DP table...
2022-01-05 08:15:59,795 - root - DEBUG - Processing 960-th line out of 2500 rows of DP table...
2022-01-05 08:16:00,327 - root - DEBUG - Processing 970-th line out of 2500 rows of DP table...
2022-01-05 08:16:00,857 - root - DEBUG - Processing 980-th line out of 2500 rows of DP table...
2022-01-05 08:16:01,379 - root - DEBUG - Processing 990-th line out of 2500 rows of DP table...
2022-01-05 08:16:01,897 - root - DEBUG - Processing 1000-th line out of 2500 rows of DP table...
2022-01-05 08:16:02,415 - root - DEBUG - Processing 1010-th line out of 2500 rows of DP table...
2022-01-05 08:16:02,928 - root - DEBUG - Processing 1020-th line out of 2500 rows of DP table...
2022-01-05 08:16:03,439 - root - DEBUG - Processing 1030-th line out of 2500 rows of DP table...
2022-01-05 08:16:03,946 - root - DEBUG - Processing 1040-th line out of 2500 rows of DP table...
2022-01-05 08:16:04,450 - root - DEBUG - Processing 1050-th line out of 2500 rows of DP table...
2022-01-05 08:16:04,946 - root - DEBUG - Processing 1060-th line out of 2500 rows of DP table...
2022-01-05 08:16:05,443 - root - DEBUG - Processing 1070-th line out of 2500 rows of DP table...
2022-01-05 08:16:05,935 - root - DEBUG - Processing 1080-th line out of 2500 rows of DP table...
2022-01-05 08:16:06,423 - root - DEBUG - Processing 1090-th line out of 2500 rows of DP table...
2022-01-05 08:16:06,911 - root - DEBUG - Processing 1100-th line out of 2500 rows of DP table...
2022-01-05 08:16:07,398 - root - DEBUG - Processing 1110-th line out of 2500 rows of DP table...
2022-01-05 08:16:07,876 - root - DEBUG - Processing 1120-th line out of 2500 rows of DP table...
2022-01-05 08:16:08,352 - root - DEBUG - Processing 1130-th line out of 2500 rows of DP table...
2022-01-05 08:16:08,826 - root - DEBUG - Processing 1140-th line out of 2500 rows of DP table...
2022-01-05 08:16:09,296 - root - DEBUG - Processing 1150-th line out of 2500 rows of DP table...
2022-01-05 08:16:09,764 - root - DEBUG - Processing 1160-th line out of 2500 rows of DP table...
2022-01-05 08:16:10,224 - root - DEBUG - Processing 1170-th line out of 2500 rows of DP table...
2022-01-05 08:16:10,684 - root - DEBUG - Processing 1180-th line out of 2500 rows of DP table...
2022-01-05 08:16:11,139 - root - DEBUG - Processing 1190-th line out of 2500 rows of DP table...
2022-01-05 08:16:11,594 - root - DEBUG - Processing 1200-th line out of 2500 rows of DP table...
2022-01-05 08:16:12,044 - root - DEBUG - Processing 1210-th line out of 2500 rows of DP table...
2022-01-05 08:16:12,510 - root - DEBUG - Processing 1220-th line out of 2500 rows of DP table...
2022-01-05 08:16:12,956 - root - DEBUG - Processing 1230-th line out of 2500 rows of DP table...
2022-01-05 08:16:13,394 - root - DEBUG - Processing 1240-th line out of 2500 rows of DP table...
2022-01-05 08:16:13,834 - root - DEBUG - Processing 1250-th line out of 2500 rows of DP table...
2022-01-05 08:16:14,267 - root - DEBUG - Processing 1260-th line out of 2500 rows of DP table...
2022-01-05 08:16:14,696 - root - DEBUG - Processing 1270-th line out of 2500 rows of DP table...
2022-01-05 08:16:15,122 - root - DEBUG - Processing 1280-th line out of 2500 rows of DP table...
2022-01-05 08:16:15,543 - root - DEBUG - Processing 1290-th line out of 2500 rows of DP table...
2022-01-05 08:16:15,967 - root - DEBUG - Processing 1300-th line out of 2500 rows of DP table...
2022-01-05 08:16:16,387 - root - DEBUG - Processing 1310-th line out of 2500 rows of DP table...
2022-01-05 08:16:16,799 - root - DEBUG - Processing 1320-th line out of 2500 rows of DP table...
2022-01-05 08:16:17,207 - root - DEBUG - Processing 1330-th line out of 2500 rows of DP table...
2022-01-05 08:16:17,613 - root - DEBUG - Processing 1340-th line out of 2500 rows of DP table...
2022-01-05 08:16:18,019 - root - DEBUG - Processing 1350-th line out of 2500 rows of DP table...
2022-01-05 08:16:18,422 - root - DEBUG - Processing 1360-th line out of 2500 rows of DP table...
2022-01-05 08:16:18,817 - root - DEBUG - Processing 1370-th line out of 2500 rows of DP table...
2022-01-05 08:16:19,210 - root - DEBUG - Processing 1380-th line out of 2500 rows of DP table...
2022-01-05 08:16:19,598 - root - DEBUG - Processing 1390-th line out of 2500 rows of DP table...
2022-01-05 08:16:19,986 - root - DEBUG - Processing 1400-th line out of 2500 rows of DP table...
2022-01-05 08:16:20,368 - root - DEBUG - Processing 1410-th line out of 2500 rows of DP table...
2022-01-05 08:16:20,747 - root - DEBUG - Processing 1420-th line out of 2500 rows of DP table...
2022-01-05 08:16:21,123 - root - DEBUG - Processing 1430-th line out of 2500 rows of DP table...
2022-01-05 08:16:21,495 - root - DEBUG - Processing 1440-th line out of 2500 rows of DP table...
2022-01-05 08:16:21,865 - root - DEBUG - Processing 1450-th line out of 2500 rows of DP table...
2022-01-05 08:16:22,230 - root - DEBUG - Processing 1460-th line out of 2500 rows of DP table...
2022-01-05 08:16:22,595 - root - DEBUG - Processing 1470-th line out of 2500 rows of DP table...
2022-01-05 08:16:22,954 - root - DEBUG - Processing 1480-th line out of 2500 rows of DP table...
2022-01-05 08:16:23,310 - root - DEBUG - Processing 1490-th line out of 2500 rows of DP table...
2022-01-05 08:16:23,663 - root - DEBUG - Processing 1500-th line out of 2500 rows of DP table...
2022-01-05 08:16:24,011 - root - DEBUG - Processing 1510-th line out of 2500 rows of DP table...
2022-01-05 08:16:24,354 - root - DEBUG - Processing 1520-th line out of 2500 rows of DP table...
2022-01-05 08:16:24,694 - root - DEBUG - Processing 1530-th line out of 2500 rows of DP table...
2022-01-05 08:16:25,032 - root - DEBUG - Processing 1540-th line out of 2500 rows of DP table...
2022-01-05 08:16:25,367 - root - DEBUG - Processing 1550-th line out of 2500 rows of DP table...
2022-01-05 08:16:25,698 - root - DEBUG - Processing 1560-th line out of 2500 rows of DP table...
2022-01-05 08:16:26,024 - root - DEBUG - Processing 1570-th line out of 2500 rows of DP table...
2022-01-05 08:16:26,364 - root - DEBUG - Processing 1580-th line out of 2500 rows of DP table...
2022-01-05 08:16:26,687 - root - DEBUG - Processing 1590-th line out of 2500 rows of DP table...
2022-01-05 08:16:27,005 - root - DEBUG - Processing 1600-th line out of 2500 rows of DP table...
2022-01-05 08:16:27,322 - root - DEBUG - Processing 1610-th line out of 2500 rows of DP table...
2022-01-05 08:16:27,633 - root - DEBUG - Processing 1620-th line out of 2500 rows of DP table...
2022-01-05 08:16:27,940 - root - DEBUG - Processing 1630-th line out of 2500 rows of DP table...
2022-01-05 08:16:28,253 - root - DEBUG - Processing 1640-th line out of 2500 rows of DP table...
2022-01-05 08:16:28,557 - root - DEBUG - Processing 1650-th line out of 2500 rows of DP table...
2022-01-05 08:16:28,855 - root - DEBUG - Processing 1660-th line out of 2500 rows of DP table...
2022-01-05 08:16:29,151 - root - DEBUG - Processing 1670-th line out of 2500 rows of DP table...
2022-01-05 08:16:29,440 - root - DEBUG - Processing 1680-th line out of 2500 rows of DP table...
2022-01-05 08:16:29,728 - root - DEBUG - Processing 1690-th line out of 2500 rows of DP table...
2022-01-05 08:16:30,012 - root - DEBUG - Processing 1700-th line out of 2500 rows of DP table...
2022-01-05 08:16:30,293 - root - DEBUG - Processing 1710-th line out of 2500 rows of DP table...
2022-01-05 08:16:30,573 - root - DEBUG - Processing 1720-th line out of 2500 rows of DP table...
2022-01-05 08:16:30,847 - root - DEBUG - Processing 1730-th line out of 2500 rows of DP table...
2022-01-05 08:16:31,119 - root - DEBUG - Processing 1740-th line out of 2500 rows of DP table...
2022-01-05 08:16:31,385 - root - DEBUG - Processing 1750-th line out of 2500 rows of DP table...
2022-01-05 08:16:31,649 - root - DEBUG - Processing 1760-th line out of 2500 rows of DP table...
2022-01-05 08:16:31,909 - root - DEBUG - Processing 1770-th line out of 2500 rows of DP table...
2022-01-05 08:16:32,164 - root - DEBUG - Processing 1780-th line out of 2500 rows of DP table...
2022-01-05 08:16:32,419 - root - DEBUG - Processing 1790-th line out of 2500 rows of DP table...
2022-01-05 08:16:32,670 - root - DEBUG - Processing 1800-th line out of 2500 rows of DP table...
2022-01-05 08:16:32,917 - root - DEBUG - Processing 1810-th line out of 2500 rows of DP table...
2022-01-05 08:16:33,161 - root - DEBUG - Processing 1820-th line out of 2500 rows of DP table...
2022-01-05 08:16:33,400 - root - DEBUG - Processing 1830-th line out of 2500 rows of DP table...
2022-01-05 08:16:33,637 - root - DEBUG - Processing 1840-th line out of 2500 rows of DP table...
2022-01-05 08:16:33,871 - root - DEBUG - Processing 1850-th line out of 2500 rows of DP table...
2022-01-05 08:16:34,101 - root - DEBUG - Processing 1860-th line out of 2500 rows of DP table...
2022-01-05 08:16:34,329 - root - DEBUG - Processing 1870-th line out of 2500 rows of DP table...
2022-01-05 08:16:34,552 - root - DEBUG - Processing 1880-th line out of 2500 rows of DP table...
2022-01-05 08:16:34,772 - root - DEBUG - Processing 1890-th line out of 2500 rows of DP table...
2022-01-05 08:16:34,988 - root - DEBUG - Processing 1900-th line out of 2500 rows of DP table...
2022-01-05 08:16:35,202 - root - DEBUG - Processing 1910-th line out of 2500 rows of DP table...
2022-01-05 08:16:35,412 - root - DEBUG - Processing 1920-th line out of 2500 rows of DP table...
2022-01-05 08:16:35,620 - root - DEBUG - Processing 1930-th line out of 2500 rows of DP table...
2022-01-05 08:16:35,824 - root - DEBUG - Processing 1940-th line out of 2500 rows of DP table...
2022-01-05 08:16:36,022 - root - DEBUG - Processing 1950-th line out of 2500 rows of DP table...
2022-01-05 08:16:36,219 - root - DEBUG - Processing 1960-th line out of 2500 rows of DP table...
2022-01-05 08:16:36,412 - root - DEBUG - Processing 1970-th line out of 2500 rows of DP table...
2022-01-05 08:16:36,601 - root - DEBUG - Processing 1980-th line out of 2500 rows of DP table...
2022-01-05 08:16:36,793 - root - DEBUG - Processing 1990-th line out of 2500 rows of DP table...
2022-01-05 08:16:36,976 - root - DEBUG - Processing 2000-th line out of 2500 rows of DP table...
2022-01-05 08:16:37,154 - root - DEBUG - Processing 2010-th line out of 2500 rows of DP table...
2022-01-05 08:16:37,331 - root - DEBUG - Processing 2020-th line out of 2500 rows of DP table...
2022-01-05 08:16:37,504 - root - DEBUG - Processing 2030-th line out of 2500 rows of DP table...
2022-01-05 08:16:37,673 - root - DEBUG - Processing 2040-th line out of 2500 rows of DP table...
2022-01-05 08:16:37,839 - root - DEBUG - Processing 2050-th line out of 2500 rows of DP table...
2022-01-05 08:16:38,003 - root - DEBUG - Processing 2060-th line out of 2500 rows of DP table...
2022-01-05 08:16:38,163 - root - DEBUG - Processing 2070-th line out of 2500 rows of DP table...
2022-01-05 08:16:38,320 - root - DEBUG - Processing 2080-th line out of 2500 rows of DP table...
2022-01-05 08:16:38,472 - root - DEBUG - Processing 2090-th line out of 2500 rows of DP table...
2022-01-05 08:16:38,622 - root - DEBUG - Processing 2100-th line out of 2500 rows of DP table...
2022-01-05 08:16:38,770 - root - DEBUG - Processing 2110-th line out of 2500 rows of DP table...
2022-01-05 08:16:38,914 - root - DEBUG - Processing 2120-th line out of 2500 rows of DP table...
2022-01-05 08:16:39,054 - root - DEBUG - Processing 2130-th line out of 2500 rows of DP table...
2022-01-05 08:16:39,241 - root - DEBUG - Processing 2140-th line out of 2500 rows of DP table...
2022-01-05 08:16:39,374 - root - DEBUG - Processing 2150-th line out of 2500 rows of DP table...
2022-01-05 08:16:39,502 - root - DEBUG - Processing 2160-th line out of 2500 rows of DP table...
2022-01-05 08:16:39,628 - root - DEBUG - Processing 2170-th line out of 2500 rows of DP table...
2022-01-05 08:16:39,753 - root - DEBUG - Processing 2180-th line out of 2500 rows of DP table...
2022-01-05 08:16:39,872 - root - DEBUG - Processing 2190-th line out of 2500 rows of DP table...
2022-01-05 08:16:39,988 - root - DEBUG - Processing 2200-th line out of 2500 rows of DP table...
2022-01-05 08:16:40,101 - root - DEBUG - Processing 2210-th line out of 2500 rows of DP table...
2022-01-05 08:16:40,211 - root - DEBUG - Processing 2220-th line out of 2500 rows of DP table...
2022-01-05 08:16:40,316 - root - DEBUG - Processing 2230-th line out of 2500 rows of DP table...
2022-01-05 08:16:40,419 - root - DEBUG - Processing 2240-th line out of 2500 rows of DP table...
2022-01-05 08:16:40,518 - root - DEBUG - Processing 2250-th line out of 2500 rows of DP table...
2022-01-05 08:16:40,614 - root - DEBUG - Processing 2260-th line out of 2500 rows of DP table...
2022-01-05 08:16:40,706 - root - DEBUG - Processing 2270-th line out of 2500 rows of DP table...
2022-01-05 08:16:40,796 - root - DEBUG - Processing 2280-th line out of 2500 rows of DP table...
2022-01-05 08:16:40,883 - root - DEBUG - Processing 2290-th line out of 2500 rows of DP table...
2022-01-05 08:16:40,971 - root - DEBUG - Processing 2300-th line out of 2500 rows of DP table...
2022-01-05 08:16:41,050 - root - DEBUG - Processing 2310-th line out of 2500 rows of DP table...
2022-01-05 08:16:41,125 - root - DEBUG - Processing 2320-th line out of 2500 rows of DP table...
2022-01-05 08:16:41,198 - root - DEBUG - Processing 2330-th line out of 2500 rows of DP table...
2022-01-05 08:16:41,267 - root - DEBUG - Processing 2340-th line out of 2500 rows of DP table...
2022-01-05 08:16:41,332 - root - DEBUG - Processing 2350-th line out of 2500 rows of DP table...
2022-01-05 08:16:41,395 - root - DEBUG - Processing 2360-th line out of 2500 rows of DP table...
2022-01-05 08:16:41,453 - root - DEBUG - Processing 2370-th line out of 2500 rows of DP table...
2022-01-05 08:16:41,509 - root - DEBUG - Processing 2380-th line out of 2500 rows of DP table...
2022-01-05 08:16:41,561 - root - DEBUG - Processing 2390-th line out of 2500 rows of DP table...
2022-01-05 08:16:41,609 - root - DEBUG - Processing 2400-th line out of 2500 rows of DP table...
2022-01-05 08:16:41,655 - root - DEBUG - Processing 2410-th line out of 2500 rows of DP table...
2022-01-05 08:16:41,697 - root - DEBUG - Processing 2420-th line out of 2500 rows of DP table...
2022-01-05 08:16:41,735 - root - DEBUG - Processing 2430-th line out of 2500 rows of DP table...
2022-01-05 08:16:41,770 - root - DEBUG - Processing 2440-th line out of 2500 rows of DP table...
2022-01-05 08:16:41,802 - root - DEBUG - Processing 2450-th line out of 2500 rows of DP table...
2022-01-05 08:16:41,830 - root - DEBUG - Processing 2460-th line out of 2500 rows of DP table...
2022-01-05 08:16:41,855 - root - DEBUG - Processing 2470-th line out of 2500 rows of DP table...
2022-01-05 08:16:41,877 - root - DEBUG - Processing 2480-th line out of 2500 rows of DP table...
2022-01-05 08:16:41,895 - root - DEBUG - Processing 2490-th line out of 2500 rows of DP table...
2022-01-05 08:16:41,910 - root - DEBUG - Processing 2500-th line out of 2500 rows of DP table...
2022-01-05 08:16:41,926 - root - DEBUG - Started computing joint logprobs...
