2022-01-05 08:06:12,834 - root - INFO - Loading reference interval set from '211227-2-sim/g25_4.ref.tsv'...
2022-01-05 08:06:12,838 - root - INFO - Loading query interval set from '211227-2-sim/g25_4.query.tsv'...
2022-01-05 08:06:12,841 - root - INFO - Loading chromosome sizes from '211227-2-sim/g25_sizes.tsv'...
2022-01-05 08:06:12,843 - root - INFO - Number of reference intervals: 2500 (2500 before merging)
2022-01-05 08:06:12,844 - root - INFO - Number of query intervals: 5 (5 before merging)
2022-01-05 08:06:12,845 - root - INFO - Number of chromosomes: 1
2022-01-05 08:06:12,850 - root - INFO - Overlap count: 15
2022-01-05 08:06:12,851 - root - DEBUG - Started computing sf for chromosome 'chr1'...
2022-01-05 08:06:12,852 - root - DEBUG - m=2500, n=5
2022-01-05 08:06:13,649 - root - DEBUG - Processing 10-th line out of 2500 rows of DP table...
2022-01-05 08:06:14,487 - root - DEBUG - Processing 20-th line out of 2500 rows of DP table...
2022-01-05 08:06:15,316 - root - DEBUG - Processing 30-th line out of 2500 rows of DP table...
2022-01-05 08:06:16,208 - root - DEBUG - Processing 40-th line out of 2500 rows of DP table...
2022-01-05 08:06:17,036 - root - DEBUG - Processing 50-th line out of 2500 rows of DP table...
2022-01-05 08:06:17,857 - root - DEBUG - Processing 60-th line out of 2500 rows of DP table...
2022-01-05 08:06:18,674 - root - DEBUG - Processing 70-th line out of 2500 rows of DP table...
2022-01-05 08:06:19,495 - root - DEBUG - Processing 80-th line out of 2500 rows of DP table...
2022-01-05 08:06:20,307 - root - DEBUG - Processing 90-th line out of 2500 rows of DP table...
2022-01-05 08:06:21,117 - root - DEBUG - Processing 100-th line out of 2500 rows of DP table...
2022-01-05 08:06:21,917 - root - DEBUG - Processing 110-th line out of 2500 rows of DP table...
2022-01-05 08:06:22,720 - root - DEBUG - Processing 120-th line out of 2500 rows of DP table...
2022-01-05 08:06:23,520 - root - DEBUG - Processing 130-th line out of 2500 rows of DP table...
2022-01-05 08:06:24,316 - root - DEBUG - Processing 140-th line out of 2500 rows of DP table...
2022-01-05 08:06:25,109 - root - DEBUG - Processing 150-th line out of 2500 rows of DP table...
2022-01-05 08:06:25,900 - root - DEBUG - Processing 160-th line out of 2500 rows of DP table...
2022-01-05 08:06:26,680 - root - DEBUG - Processing 170-th line out of 2500 rows of DP table...
2022-01-05 08:06:27,466 - root - DEBUG - Processing 180-th line out of 2500 rows of DP table...
2022-01-05 08:06:28,248 - root - DEBUG - Processing 190-th line out of 2500 rows of DP table...
2022-01-05 08:06:29,024 - root - DEBUG - Processing 200-th line out of 2500 rows of DP table...
2022-01-05 08:06:29,800 - root - DEBUG - Processing 210-th line out of 2500 rows of DP table...
2022-01-05 08:06:30,568 - root - DEBUG - Processing 220-th line out of 2500 rows of DP table...
2022-01-05 08:06:31,335 - root - DEBUG - Processing 230-th line out of 2500 rows of DP table...
2022-01-05 08:06:32,119 - root - DEBUG - Processing 240-th line out of 2500 rows of DP table...
2022-01-05 08:06:32,881 - root - DEBUG - Processing 250-th line out of 2500 rows of DP table...
2022-01-05 08:06:33,640 - root - DEBUG - Processing 260-th line out of 2500 rows of DP table...
2022-01-05 08:06:34,389 - root - DEBUG - Processing 270-th line out of 2500 rows of DP table...
2022-01-05 08:06:35,139 - root - DEBUG - Processing 280-th line out of 2500 rows of DP table...
2022-01-05 08:06:35,892 - root - DEBUG - Processing 290-th line out of 2500 rows of DP table...
2022-01-05 08:06:36,633 - root - DEBUG - Processing 300-th line out of 2500 rows of DP table...
2022-01-05 08:06:37,370 - root - DEBUG - Processing 310-th line out of 2500 rows of DP table...
2022-01-05 08:06:38,117 - root - DEBUG - Processing 320-th line out of 2500 rows of DP table...
2022-01-05 08:06:38,843 - root - DEBUG - Processing 330-th line out of 2500 rows of DP table...
2022-01-05 08:06:39,580 - root - DEBUG - Processing 340-th line out of 2500 rows of DP table...
2022-01-05 08:06:40,303 - root - DEBUG - Processing 350-th line out of 2500 rows of DP table...
2022-01-05 08:06:41,028 - root - DEBUG - Processing 360-th line out of 2500 rows of DP table...
2022-01-05 08:06:41,747 - root - DEBUG - Processing 370-th line out of 2500 rows of DP table...
2022-01-05 08:06:42,464 - root - DEBUG - Processing 380-th line out of 2500 rows of DP table...
2022-01-05 08:06:43,182 - root - DEBUG - Processing 390-th line out of 2500 rows of DP table...
2022-01-05 08:06:43,896 - root - DEBUG - Processing 400-th line out of 2500 rows of DP table...
2022-01-05 08:06:44,606 - root - DEBUG - Processing 410-th line out of 2500 rows of DP table...
2022-01-05 08:06:45,311 - root - DEBUG - Processing 420-th line out of 2500 rows of DP table...
2022-01-05 08:06:46,007 - root - DEBUG - Processing 430-th line out of 2500 rows of DP table...
2022-01-05 08:06:46,714 - root - DEBUG - Processing 440-th line out of 2500 rows of DP table...
2022-01-05 08:06:47,413 - root - DEBUG - Processing 450-th line out of 2500 rows of DP table...
2022-01-05 08:06:48,099 - root - DEBUG - Processing 460-th line out of 2500 rows of DP table...
2022-01-05 08:06:48,792 - root - DEBUG - Processing 470-th line out of 2500 rows of DP table...
2022-01-05 08:06:49,471 - root - DEBUG - Processing 480-th line out of 2500 rows of DP table...
2022-01-05 08:06:50,151 - root - DEBUG - Processing 490-th line out of 2500 rows of DP table...
2022-01-05 08:06:50,835 - root - DEBUG - Processing 500-th line out of 2500 rows of DP table...
2022-01-05 08:06:51,503 - root - DEBUG - Processing 510-th line out of 2500 rows of DP table...
2022-01-05 08:06:52,178 - root - DEBUG - Processing 520-th line out of 2500 rows of DP table...
2022-01-05 08:06:52,844 - root - DEBUG - Processing 530-th line out of 2500 rows of DP table...
2022-01-05 08:06:53,511 - root - DEBUG - Processing 540-th line out of 2500 rows of DP table...
2022-01-05 08:06:54,174 - root - DEBUG - Processing 550-th line out of 2500 rows of DP table...
2022-01-05 08:06:54,827 - root - DEBUG - Processing 560-th line out of 2500 rows of DP table...
2022-01-05 08:06:55,487 - root - DEBUG - Processing 570-th line out of 2500 rows of DP table...
2022-01-05 08:06:56,134 - root - DEBUG - Processing 580-th line out of 2500 rows of DP table...
2022-01-05 08:06:56,784 - root - DEBUG - Processing 590-th line out of 2500 rows of DP table...
2022-01-05 08:06:57,429 - root - DEBUG - Processing 600-th line out of 2500 rows of DP table...
2022-01-05 08:06:58,071 - root - DEBUG - Processing 610-th line out of 2500 rows of DP table...
2022-01-05 08:06:58,710 - root - DEBUG - Processing 620-th line out of 2500 rows of DP table...
2022-01-05 08:06:59,350 - root - DEBUG - Processing 630-th line out of 2500 rows of DP table...
2022-01-05 08:06:59,985 - root - DEBUG - Processing 640-th line out of 2500 rows of DP table...
2022-01-05 08:07:00,608 - root - DEBUG - Processing 650-th line out of 2500 rows of DP table...
2022-01-05 08:07:01,232 - root - DEBUG - Processing 660-th line out of 2500 rows of DP table...
2022-01-05 08:07:01,852 - root - DEBUG - Processing 670-th line out of 2500 rows of DP table...
2022-01-05 08:07:02,471 - root - DEBUG - Processing 680-th line out of 2500 rows of DP table...
2022-01-05 08:07:03,079 - root - DEBUG - Processing 690-th line out of 2500 rows of DP table...
2022-01-05 08:07:03,693 - root - DEBUG - Processing 700-th line out of 2500 rows of DP table...
2022-01-05 08:07:04,303 - root - DEBUG - Processing 710-th line out of 2500 rows of DP table...
2022-01-05 08:07:04,904 - root - DEBUG - Processing 720-th line out of 2500 rows of DP table...
2022-01-05 08:07:05,508 - root - DEBUG - Processing 730-th line out of 2500 rows of DP table...
2022-01-05 08:07:06,104 - root - DEBUG - Processing 740-th line out of 2500 rows of DP table...
2022-01-05 08:07:06,701 - root - DEBUG - Processing 750-th line out of 2500 rows of DP table...
2022-01-05 08:07:07,287 - root - DEBUG - Processing 760-th line out of 2500 rows of DP table...
2022-01-05 08:07:07,877 - root - DEBUG - Processing 770-th line out of 2500 rows of DP table...
2022-01-05 08:07:08,460 - root - DEBUG - Processing 780-th line out of 2500 rows of DP table...
2022-01-05 08:07:09,044 - root - DEBUG - Processing 790-th line out of 2500 rows of DP table...
2022-01-05 08:07:09,618 - root - DEBUG - Processing 800-th line out of 2500 rows of DP table...
2022-01-05 08:07:10,238 - root - DEBUG - Processing 810-th line out of 2500 rows of DP table...
2022-01-05 08:07:10,807 - root - DEBUG - Processing 820-th line out of 2500 rows of DP table...
2022-01-05 08:07:11,379 - root - DEBUG - Processing 830-th line out of 2500 rows of DP table...
2022-01-05 08:07:11,940 - root - DEBUG - Processing 840-th line out of 2500 rows of DP table...
2022-01-05 08:07:12,505 - root - DEBUG - Processing 850-th line out of 2500 rows of DP table...
2022-01-05 08:07:13,061 - root - DEBUG - Processing 860-th line out of 2500 rows of DP table...
2022-01-05 08:07:13,617 - root - DEBUG - Processing 870-th line out of 2500 rows of DP table...
2022-01-05 08:07:14,167 - root - DEBUG - Processing 880-th line out of 2500 rows of DP table...
2022-01-05 08:07:14,720 - root - DEBUG - Processing 890-th line out of 2500 rows of DP table...
2022-01-05 08:07:15,262 - root - DEBUG - Processing 900-th line out of 2500 rows of DP table...
2022-01-05 08:07:15,808 - root - DEBUG - Processing 910-th line out of 2500 rows of DP table...
2022-01-05 08:07:16,344 - root - DEBUG - Processing 920-th line out of 2500 rows of DP table...
2022-01-05 08:07:16,880 - root - DEBUG - Processing 930-th line out of 2500 rows of DP table...
2022-01-05 08:07:17,418 - root - DEBUG - Processing 940-th line out of 2500 rows of DP table...
2022-01-05 08:07:17,945 - root - DEBUG - Processing 950-th line out of 2500 rows of DP table...
2022-01-05 08:07:18,478 - root - DEBUG - Processing 960-th line out of 2500 rows of DP table...
2022-01-05 08:07:19,000 - root - DEBUG - Processing 970-th line out of 2500 rows of DP table...
2022-01-05 08:07:19,522 - root - DEBUG - Processing 980-th line out of 2500 rows of DP table...
2022-01-05 08:07:20,034 - root - DEBUG - Processing 990-th line out of 2500 rows of DP table...
2022-01-05 08:07:20,555 - root - DEBUG - Processing 1000-th line out of 2500 rows of DP table...
2022-01-05 08:07:21,061 - root - DEBUG - Processing 1010-th line out of 2500 rows of DP table...
2022-01-05 08:07:21,568 - root - DEBUG - Processing 1020-th line out of 2500 rows of DP table...
2022-01-05 08:07:22,067 - root - DEBUG - Processing 1030-th line out of 2500 rows of DP table...
2022-01-05 08:07:22,571 - root - DEBUG - Processing 1040-th line out of 2500 rows of DP table...
2022-01-05 08:07:23,065 - root - DEBUG - Processing 1050-th line out of 2500 rows of DP table...
2022-01-05 08:07:23,556 - root - DEBUG - Processing 1060-th line out of 2500 rows of DP table...
2022-01-05 08:07:24,048 - root - DEBUG - Processing 1070-th line out of 2500 rows of DP table...
2022-01-05 08:07:24,534 - root - DEBUG - Processing 1080-th line out of 2500 rows of DP table...
2022-01-05 08:07:25,022 - root - DEBUG - Processing 1090-th line out of 2500 rows of DP table...
2022-01-05 08:07:25,514 - root - DEBUG - Processing 1100-th line out of 2500 rows of DP table...
2022-01-05 08:07:25,988 - root - DEBUG - Processing 1110-th line out of 2500 rows of DP table...
2022-01-05 08:07:26,463 - root - DEBUG - Processing 1120-th line out of 2500 rows of DP table...
2022-01-05 08:07:26,930 - root - DEBUG - Processing 1130-th line out of 2500 rows of DP table...
2022-01-05 08:07:27,399 - root - DEBUG - Processing 1140-th line out of 2500 rows of DP table...
2022-01-05 08:07:27,860 - root - DEBUG - Processing 1150-th line out of 2500 rows of DP table...
2022-01-05 08:07:28,323 - root - DEBUG - Processing 1160-th line out of 2500 rows of DP table...
2022-01-05 08:07:28,778 - root - DEBUG - Processing 1170-th line out of 2500 rows of DP table...
2022-01-05 08:07:29,230 - root - DEBUG - Processing 1180-th line out of 2500 rows of DP table...
2022-01-05 08:07:29,685 - root - DEBUG - Processing 1190-th line out of 2500 rows of DP table...
2022-01-05 08:07:30,132 - root - DEBUG - Processing 1200-th line out of 2500 rows of DP table...
2022-01-05 08:07:30,578 - root - DEBUG - Processing 1210-th line out of 2500 rows of DP table...
2022-01-05 08:07:31,017 - root - DEBUG - Processing 1220-th line out of 2500 rows of DP table...
2022-01-05 08:07:31,451 - root - DEBUG - Processing 1230-th line out of 2500 rows of DP table...
2022-01-05 08:07:31,885 - root - DEBUG - Processing 1240-th line out of 2500 rows of DP table...
2022-01-05 08:07:32,312 - root - DEBUG - Processing 1250-th line out of 2500 rows of DP table...
2022-01-05 08:07:32,736 - root - DEBUG - Processing 1260-th line out of 2500 rows of DP table...
2022-01-05 08:07:33,163 - root - DEBUG - Processing 1270-th line out of 2500 rows of DP table...
2022-01-05 08:07:33,581 - root - DEBUG - Processing 1280-th line out of 2500 rows of DP table...
2022-01-05 08:07:34,003 - root - DEBUG - Processing 1290-th line out of 2500 rows of DP table...
2022-01-05 08:07:34,415 - root - DEBUG - Processing 1300-th line out of 2500 rows of DP table...
2022-01-05 08:07:34,823 - root - DEBUG - Processing 1310-th line out of 2500 rows of DP table...
2022-01-05 08:07:35,234 - root - DEBUG - Processing 1320-th line out of 2500 rows of DP table...
2022-01-05 08:07:35,635 - root - DEBUG - Processing 1330-th line out of 2500 rows of DP table...
2022-01-05 08:07:36,033 - root - DEBUG - Processing 1340-th line out of 2500 rows of DP table...
2022-01-05 08:07:36,434 - root - DEBUG - Processing 1350-th line out of 2500 rows of DP table...
2022-01-05 08:07:36,825 - root - DEBUG - Processing 1360-th line out of 2500 rows of DP table...
2022-01-05 08:07:37,213 - root - DEBUG - Processing 1370-th line out of 2500 rows of DP table...
2022-01-05 08:07:37,606 - root - DEBUG - Processing 1380-th line out of 2500 rows of DP table...
2022-01-05 08:07:37,988 - root - DEBUG - Processing 1390-th line out of 2500 rows of DP table...
2022-01-05 08:07:38,368 - root - DEBUG - Processing 1400-th line out of 2500 rows of DP table...
2022-01-05 08:07:38,749 - root - DEBUG - Processing 1410-th line out of 2500 rows of DP table...
2022-01-05 08:07:39,121 - root - DEBUG - Processing 1420-th line out of 2500 rows of DP table...
2022-01-05 08:07:39,492 - root - DEBUG - Processing 1430-th line out of 2500 rows of DP table...
2022-01-05 08:07:39,863 - root - DEBUG - Processing 1440-th line out of 2500 rows of DP table...
2022-01-05 08:07:40,224 - root - DEBUG - Processing 1450-th line out of 2500 rows of DP table...
2022-01-05 08:07:40,583 - root - DEBUG - Processing 1460-th line out of 2500 rows of DP table...
2022-01-05 08:07:40,944 - root - DEBUG - Processing 1470-th line out of 2500 rows of DP table...
2022-01-05 08:07:41,296 - root - DEBUG - Processing 1480-th line out of 2500 rows of DP table...
2022-01-05 08:07:41,646 - root - DEBUG - Processing 1490-th line out of 2500 rows of DP table...
2022-01-05 08:07:41,996 - root - DEBUG - Processing 1500-th line out of 2500 rows of DP table...
2022-01-05 08:07:42,339 - root - DEBUG - Processing 1510-th line out of 2500 rows of DP table...
2022-01-05 08:07:42,678 - root - DEBUG - Processing 1520-th line out of 2500 rows of DP table...
2022-01-05 08:07:43,013 - root - DEBUG - Processing 1530-th line out of 2500 rows of DP table...
2022-01-05 08:07:43,350 - root - DEBUG - Processing 1540-th line out of 2500 rows of DP table...
2022-01-05 08:07:43,680 - root - DEBUG - Processing 1550-th line out of 2500 rows of DP table...
2022-01-05 08:07:44,007 - root - DEBUG - Processing 1560-th line out of 2500 rows of DP table...
2022-01-05 08:07:44,336 - root - DEBUG - Processing 1570-th line out of 2500 rows of DP table...
2022-01-05 08:07:44,655 - root - DEBUG - Processing 1580-th line out of 2500 rows of DP table...
2022-01-05 08:07:44,972 - root - DEBUG - Processing 1590-th line out of 2500 rows of DP table...
2022-01-05 08:07:45,284 - root - DEBUG - Processing 1600-th line out of 2500 rows of DP table...
2022-01-05 08:07:45,598 - root - DEBUG - Processing 1610-th line out of 2500 rows of DP table...
2022-01-05 08:07:45,905 - root - DEBUG - Processing 1620-th line out of 2500 rows of DP table...
2022-01-05 08:07:46,208 - root - DEBUG - Processing 1630-th line out of 2500 rows of DP table...
2022-01-05 08:07:46,508 - root - DEBUG - Processing 1640-th line out of 2500 rows of DP table...
2022-01-05 08:07:46,864 - root - DEBUG - Processing 1650-th line out of 2500 rows of DP table...
2022-01-05 08:07:47,155 - root - DEBUG - Processing 1660-th line out of 2500 rows of DP table...
2022-01-05 08:07:47,446 - root - DEBUG - Processing 1670-th line out of 2500 rows of DP table...
2022-01-05 08:07:47,739 - root - DEBUG - Processing 1680-th line out of 2500 rows of DP table...
2022-01-05 08:07:48,025 - root - DEBUG - Processing 1690-th line out of 2500 rows of DP table...
2022-01-05 08:07:48,305 - root - DEBUG - Processing 1700-th line out of 2500 rows of DP table...
2022-01-05 08:07:48,584 - root - DEBUG - Processing 1710-th line out of 2500 rows of DP table...
2022-01-05 08:07:48,865 - root - DEBUG - Processing 1720-th line out of 2500 rows of DP table...
2022-01-05 08:07:49,136 - root - DEBUG - Processing 1730-th line out of 2500 rows of DP table...
2022-01-05 08:07:49,405 - root - DEBUG - Processing 1740-th line out of 2500 rows of DP table...
2022-01-05 08:07:49,670 - root - DEBUG - Processing 1750-th line out of 2500 rows of DP table...
2022-01-05 08:07:49,930 - root - DEBUG - Processing 1760-th line out of 2500 rows of DP table...
2022-01-05 08:07:50,194 - root - DEBUG - Processing 1770-th line out of 2500 rows of DP table...
2022-01-05 08:07:50,447 - root - DEBUG - Processing 1780-th line out of 2500 rows of DP table...
2022-01-05 08:07:50,697 - root - DEBUG - Processing 1790-th line out of 2500 rows of DP table...
2022-01-05 08:07:50,945 - root - DEBUG - Processing 1800-th line out of 2500 rows of DP table...
2022-01-05 08:07:51,195 - root - DEBUG - Processing 1810-th line out of 2500 rows of DP table...
2022-01-05 08:07:51,436 - root - DEBUG - Processing 1820-th line out of 2500 rows of DP table...
2022-01-05 08:07:51,672 - root - DEBUG - Processing 1830-th line out of 2500 rows of DP table...
2022-01-05 08:07:51,906 - root - DEBUG - Processing 1840-th line out of 2500 rows of DP table...
2022-01-05 08:07:52,136 - root - DEBUG - Processing 1850-th line out of 2500 rows of DP table...
2022-01-05 08:07:52,368 - root - DEBUG - Processing 1860-th line out of 2500 rows of DP table...
2022-01-05 08:07:52,593 - root - DEBUG - Processing 1870-th line out of 2500 rows of DP table...
2022-01-05 08:07:52,813 - root - DEBUG - Processing 1880-th line out of 2500 rows of DP table...
2022-01-05 08:07:53,031 - root - DEBUG - Processing 1890-th line out of 2500 rows of DP table...
2022-01-05 08:07:53,247 - root - DEBUG - Processing 1900-th line out of 2500 rows of DP table...
2022-01-05 08:07:53,465 - root - DEBUG - Processing 1910-th line out of 2500 rows of DP table...
2022-01-05 08:07:53,673 - root - DEBUG - Processing 1920-th line out of 2500 rows of DP table...
2022-01-05 08:07:53,878 - root - DEBUG - Processing 1930-th line out of 2500 rows of DP table...
2022-01-05 08:07:54,080 - root - DEBUG - Processing 1940-th line out of 2500 rows of DP table...
2022-01-05 08:07:54,279 - root - DEBUG - Processing 1950-th line out of 2500 rows of DP table...
2022-01-05 08:07:54,474 - root - DEBUG - Processing 1960-th line out of 2500 rows of DP table...
2022-01-05 08:07:54,670 - root - DEBUG - Processing 1970-th line out of 2500 rows of DP table...
2022-01-05 08:07:54,858 - root - DEBUG - Processing 1980-th line out of 2500 rows of DP table...
2022-01-05 08:07:55,042 - root - DEBUG - Processing 1990-th line out of 2500 rows of DP table...
2022-01-05 08:07:55,222 - root - DEBUG - Processing 2000-th line out of 2500 rows of DP table...
2022-01-05 08:07:55,399 - root - DEBUG - Processing 2010-th line out of 2500 rows of DP table...
2022-01-05 08:07:55,572 - root - DEBUG - Processing 2020-th line out of 2500 rows of DP table...
2022-01-05 08:07:55,749 - root - DEBUG - Processing 2030-th line out of 2500 rows of DP table...
2022-01-05 08:07:55,916 - root - DEBUG - Processing 2040-th line out of 2500 rows of DP table...
2022-01-05 08:07:56,080 - root - DEBUG - Processing 2050-th line out of 2500 rows of DP table...
2022-01-05 08:07:56,241 - root - DEBUG - Processing 2060-th line out of 2500 rows of DP table...
2022-01-05 08:07:56,399 - root - DEBUG - Processing 2070-th line out of 2500 rows of DP table...
2022-01-05 08:07:56,553 - root - DEBUG - Processing 2080-th line out of 2500 rows of DP table...
2022-01-05 08:07:56,703 - root - DEBUG - Processing 2090-th line out of 2500 rows of DP table...
2022-01-05 08:07:56,850 - root - DEBUG - Processing 2100-th line out of 2500 rows of DP table...
2022-01-05 08:07:56,999 - root - DEBUG - Processing 2110-th line out of 2500 rows of DP table...
2022-01-05 08:07:57,140 - root - DEBUG - Processing 2120-th line out of 2500 rows of DP table...
2022-01-05 08:07:57,277 - root - DEBUG - Processing 2130-th line out of 2500 rows of DP table...
2022-01-05 08:07:57,411 - root - DEBUG - Processing 2140-th line out of 2500 rows of DP table...
2022-01-05 08:07:57,541 - root - DEBUG - Processing 2150-th line out of 2500 rows of DP table...
2022-01-05 08:07:57,668 - root - DEBUG - Processing 2160-th line out of 2500 rows of DP table...
2022-01-05 08:07:57,792 - root - DEBUG - Processing 2170-th line out of 2500 rows of DP table...
2022-01-05 08:07:57,913 - root - DEBUG - Processing 2180-th line out of 2500 rows of DP table...
2022-01-05 08:07:58,037 - root - DEBUG - Processing 2190-th line out of 2500 rows of DP table...
2022-01-05 08:07:58,151 - root - DEBUG - Processing 2200-th line out of 2500 rows of DP table...
2022-01-05 08:07:58,262 - root - DEBUG - Processing 2210-th line out of 2500 rows of DP table...
2022-01-05 08:07:58,370 - root - DEBUG - Processing 2220-th line out of 2500 rows of DP table...
2022-01-05 08:07:58,475 - root - DEBUG - Processing 2230-th line out of 2500 rows of DP table...
2022-01-05 08:07:58,576 - root - DEBUG - Processing 2240-th line out of 2500 rows of DP table...
2022-01-05 08:07:58,673 - root - DEBUG - Processing 2250-th line out of 2500 rows of DP table...
2022-01-05 08:07:58,767 - root - DEBUG - Processing 2260-th line out of 2500 rows of DP table...
2022-01-05 08:07:58,861 - root - DEBUG - Processing 2270-th line out of 2500 rows of DP table...
2022-01-05 08:07:58,949 - root - DEBUG - Processing 2280-th line out of 2500 rows of DP table...
2022-01-05 08:07:59,035 - root - DEBUG - Processing 2290-th line out of 2500 rows of DP table...
2022-01-05 08:07:59,118 - root - DEBUG - Processing 2300-th line out of 2500 rows of DP table...
2022-01-05 08:07:59,213 - root - DEBUG - Processing 2310-th line out of 2500 rows of DP table...
2022-01-05 08:07:59,288 - root - DEBUG - Processing 2320-th line out of 2500 rows of DP table...
2022-01-05 08:07:59,360 - root - DEBUG - Processing 2330-th line out of 2500 rows of DP table...
2022-01-05 08:07:59,428 - root - DEBUG - Processing 2340-th line out of 2500 rows of DP table...
2022-01-05 08:07:59,492 - root - DEBUG - Processing 2350-th line out of 2500 rows of DP table...
2022-01-05 08:07:59,553 - root - DEBUG - Processing 2360-th line out of 2500 rows of DP table...
2022-01-05 08:07:59,611 - root - DEBUG - Processing 2370-th line out of 2500 rows of DP table...
2022-01-05 08:07:59,666 - root - DEBUG - Processing 2380-th line out of 2500 rows of DP table...
2022-01-05 08:07:59,718 - root - DEBUG - Processing 2390-th line out of 2500 rows of DP table...
2022-01-05 08:07:59,766 - root - DEBUG - Processing 2400-th line out of 2500 rows of DP table...
2022-01-05 08:07:59,811 - root - DEBUG - Processing 2410-th line out of 2500 rows of DP table...
2022-01-05 08:07:59,852 - root - DEBUG - Processing 2420-th line out of 2500 rows of DP table...
2022-01-05 08:07:59,890 - root - DEBUG - Processing 2430-th line out of 2500 rows of DP table...
2022-01-05 08:07:59,925 - root - DEBUG - Processing 2440-th line out of 2500 rows of DP table...
2022-01-05 08:07:59,956 - root - DEBUG - Processing 2450-th line out of 2500 rows of DP table...
2022-01-05 08:07:59,984 - root - DEBUG - Processing 2460-th line out of 2500 rows of DP table...
2022-01-05 08:08:00,008 - root - DEBUG - Processing 2470-th line out of 2500 rows of DP table...
2022-01-05 08:08:00,029 - root - DEBUG - Processing 2480-th line out of 2500 rows of DP table...
2022-01-05 08:08:00,047 - root - DEBUG - Processing 2490-th line out of 2500 rows of DP table...
2022-01-05 08:08:00,062 - root - DEBUG - Processing 2500-th line out of 2500 rows of DP table...
2022-01-05 08:08:00,094 - root - DEBUG - Started computing joint logprobs...
