2022-01-05 08:12:59,119 - root - INFO - Loading reference interval set from '211227-2-sim/g26_5.ref.tsv'...
2022-01-05 08:12:59,124 - root - INFO - Loading query interval set from '211227-2-sim/g26_5.query.tsv'...
2022-01-05 08:12:59,140 - root - INFO - Loading chromosome sizes from '211227-2-sim/g26_sizes.tsv'...
2022-01-05 08:12:59,144 - root - INFO - Number of reference intervals: 2500 (2500 before merging)
2022-01-05 08:12:59,145 - root - INFO - Number of query intervals: 50 (50 before merging)
2022-01-05 08:12:59,146 - root - INFO - Number of chromosomes: 1
2022-01-05 08:12:59,152 - root - INFO - Overlap count: 138
2022-01-05 08:12:59,153 - root - DEBUG - Started computing sf for chromosome 'chr1'...
2022-01-05 08:12:59,155 - root - DEBUG - m=2500, n=50
2022-01-05 08:12:59,970 - root - DEBUG - Processing 10-th line out of 2500 rows of DP table...
2022-01-05 08:13:00,818 - root - DEBUG - Processing 20-th line out of 2500 rows of DP table...
2022-01-05 08:13:01,675 - root - DEBUG - Processing 30-th line out of 2500 rows of DP table...
2022-01-05 08:13:02,536 - root - DEBUG - Processing 40-th line out of 2500 rows of DP table...
2022-01-05 08:13:03,374 - root - DEBUG - Processing 50-th line out of 2500 rows of DP table...
2022-01-05 08:13:04,207 - root - DEBUG - Processing 60-th line out of 2500 rows of DP table...
2022-01-05 08:13:05,103 - root - DEBUG - Processing 70-th line out of 2500 rows of DP table...
2022-01-05 08:13:05,926 - root - DEBUG - Processing 80-th line out of 2500 rows of DP table...
2022-01-05 08:13:06,748 - root - DEBUG - Processing 90-th line out of 2500 rows of DP table...
2022-01-05 08:13:07,565 - root - DEBUG - Processing 100-th line out of 2500 rows of DP table...
2022-01-05 08:13:08,379 - root - DEBUG - Processing 110-th line out of 2500 rows of DP table...
2022-01-05 08:13:09,190 - root - DEBUG - Processing 120-th line out of 2500 rows of DP table...
2022-01-05 08:13:09,997 - root - DEBUG - Processing 130-th line out of 2500 rows of DP table...
2022-01-05 08:13:10,801 - root - DEBUG - Processing 140-th line out of 2500 rows of DP table...
2022-01-05 08:13:11,600 - root - DEBUG - Processing 150-th line out of 2500 rows of DP table...
2022-01-05 08:13:12,397 - root - DEBUG - Processing 160-th line out of 2500 rows of DP table...
2022-01-05 08:13:13,198 - root - DEBUG - Processing 170-th line out of 2500 rows of DP table...
2022-01-05 08:13:13,988 - root - DEBUG - Processing 180-th line out of 2500 rows of DP table...
2022-01-05 08:13:14,773 - root - DEBUG - Processing 190-th line out of 2500 rows of DP table...
2022-01-05 08:13:15,556 - root - DEBUG - Processing 200-th line out of 2500 rows of DP table...
2022-01-05 08:13:16,340 - root - DEBUG - Processing 210-th line out of 2500 rows of DP table...
2022-01-05 08:13:17,117 - root - DEBUG - Processing 220-th line out of 2500 rows of DP table...
2022-01-05 08:13:17,891 - root - DEBUG - Processing 230-th line out of 2500 rows of DP table...
2022-01-05 08:13:18,663 - root - DEBUG - Processing 240-th line out of 2500 rows of DP table...
2022-01-05 08:13:19,486 - root - DEBUG - Processing 250-th line out of 2500 rows of DP table...
2022-01-05 08:13:20,251 - root - DEBUG - Processing 260-th line out of 2500 rows of DP table...
2022-01-05 08:13:21,007 - root - DEBUG - Processing 270-th line out of 2500 rows of DP table...
2022-01-05 08:13:21,763 - root - DEBUG - Processing 280-th line out of 2500 rows of DP table...
2022-01-05 08:13:22,520 - root - DEBUG - Processing 290-th line out of 2500 rows of DP table...
2022-01-05 08:13:23,271 - root - DEBUG - Processing 300-th line out of 2500 rows of DP table...
2022-01-05 08:13:24,017 - root - DEBUG - Processing 310-th line out of 2500 rows of DP table...
2022-01-05 08:13:24,765 - root - DEBUG - Processing 320-th line out of 2500 rows of DP table...
2022-01-05 08:13:25,508 - root - DEBUG - Processing 330-th line out of 2500 rows of DP table...
2022-01-05 08:13:26,244 - root - DEBUG - Processing 340-th line out of 2500 rows of DP table...
2022-01-05 08:13:26,995 - root - DEBUG - Processing 350-th line out of 2500 rows of DP table...
2022-01-05 08:13:27,725 - root - DEBUG - Processing 360-th line out of 2500 rows of DP table...
2022-01-05 08:13:28,454 - root - DEBUG - Processing 370-th line out of 2500 rows of DP table...
2022-01-05 08:13:29,183 - root - DEBUG - Processing 380-th line out of 2500 rows of DP table...
2022-01-05 08:13:29,918 - root - DEBUG - Processing 390-th line out of 2500 rows of DP table...
2022-01-05 08:13:30,636 - root - DEBUG - Processing 400-th line out of 2500 rows of DP table...
2022-01-05 08:13:31,349 - root - DEBUG - Processing 410-th line out of 2500 rows of DP table...
2022-01-05 08:13:32,061 - root - DEBUG - Processing 420-th line out of 2500 rows of DP table...
2022-01-05 08:13:32,769 - root - DEBUG - Processing 430-th line out of 2500 rows of DP table...
2022-01-05 08:13:33,476 - root - DEBUG - Processing 440-th line out of 2500 rows of DP table...
2022-01-05 08:13:34,178 - root - DEBUG - Processing 450-th line out of 2500 rows of DP table...
2022-01-05 08:13:34,900 - root - DEBUG - Processing 460-th line out of 2500 rows of DP table...
2022-01-05 08:13:35,596 - root - DEBUG - Processing 470-th line out of 2500 rows of DP table...
2022-01-05 08:13:36,287 - root - DEBUG - Processing 480-th line out of 2500 rows of DP table...
2022-01-05 08:13:36,978 - root - DEBUG - Processing 490-th line out of 2500 rows of DP table...
2022-01-05 08:13:37,667 - root - DEBUG - Processing 500-th line out of 2500 rows of DP table...
2022-01-05 08:13:38,345 - root - DEBUG - Processing 510-th line out of 2500 rows of DP table...
2022-01-05 08:13:39,024 - root - DEBUG - Processing 520-th line out of 2500 rows of DP table...
2022-01-05 08:13:39,703 - root - DEBUG - Processing 530-th line out of 2500 rows of DP table...
2022-01-05 08:13:40,375 - root - DEBUG - Processing 540-th line out of 2500 rows of DP table...
2022-01-05 08:13:41,044 - root - DEBUG - Processing 550-th line out of 2500 rows of DP table...
2022-01-05 08:13:41,712 - root - DEBUG - Processing 560-th line out of 2500 rows of DP table...
2022-01-05 08:13:42,376 - root - DEBUG - Processing 570-th line out of 2500 rows of DP table...
2022-01-05 08:13:43,047 - root - DEBUG - Processing 580-th line out of 2500 rows of DP table...
2022-01-05 08:13:43,701 - root - DEBUG - Processing 590-th line out of 2500 rows of DP table...
2022-01-05 08:13:44,353 - root - DEBUG - Processing 600-th line out of 2500 rows of DP table...
2022-01-05 08:13:45,002 - root - DEBUG - Processing 610-th line out of 2500 rows of DP table...
2022-01-05 08:13:45,647 - root - DEBUG - Processing 620-th line out of 2500 rows of DP table...
2022-01-05 08:13:46,284 - root - DEBUG - Processing 630-th line out of 2500 rows of DP table...
2022-01-05 08:13:46,924 - root - DEBUG - Processing 640-th line out of 2500 rows of DP table...
2022-01-05 08:13:47,558 - root - DEBUG - Processing 650-th line out of 2500 rows of DP table...
2022-01-05 08:13:48,191 - root - DEBUG - Processing 660-th line out of 2500 rows of DP table...
2022-01-05 08:13:48,821 - root - DEBUG - Processing 670-th line out of 2500 rows of DP table...
2022-01-05 08:13:49,444 - root - DEBUG - Processing 680-th line out of 2500 rows of DP table...
2022-01-05 08:13:50,066 - root - DEBUG - Processing 690-th line out of 2500 rows of DP table...
2022-01-05 08:13:50,682 - root - DEBUG - Processing 700-th line out of 2500 rows of DP table...
2022-01-05 08:13:51,293 - root - DEBUG - Processing 710-th line out of 2500 rows of DP table...
2022-01-05 08:13:51,905 - root - DEBUG - Processing 720-th line out of 2500 rows of DP table...
2022-01-05 08:13:52,513 - root - DEBUG - Processing 730-th line out of 2500 rows of DP table...
2022-01-05 08:13:53,118 - root - DEBUG - Processing 740-th line out of 2500 rows of DP table...
2022-01-05 08:13:53,719 - root - DEBUG - Processing 750-th line out of 2500 rows of DP table...
2022-01-05 08:13:54,317 - root - DEBUG - Processing 760-th line out of 2500 rows of DP table...
2022-01-05 08:13:54,910 - root - DEBUG - Processing 770-th line out of 2500 rows of DP table...
2022-01-05 08:13:55,501 - root - DEBUG - Processing 780-th line out of 2500 rows of DP table...
2022-01-05 08:13:56,090 - root - DEBUG - Processing 790-th line out of 2500 rows of DP table...
2022-01-05 08:13:56,695 - root - DEBUG - Processing 800-th line out of 2500 rows of DP table...
2022-01-05 08:13:57,276 - root - DEBUG - Processing 810-th line out of 2500 rows of DP table...
2022-01-05 08:13:57,856 - root - DEBUG - Processing 820-th line out of 2500 rows of DP table...
2022-01-05 08:13:58,431 - root - DEBUG - Processing 830-th line out of 2500 rows of DP table...
2022-01-05 08:13:59,004 - root - DEBUG - Processing 840-th line out of 2500 rows of DP table...
2022-01-05 08:13:59,573 - root - DEBUG - Processing 850-th line out of 2500 rows of DP table...
2022-01-05 08:14:00,140 - root - DEBUG - Processing 860-th line out of 2500 rows of DP table...
2022-01-05 08:14:00,706 - root - DEBUG - Processing 870-th line out of 2500 rows of DP table...
2022-01-05 08:14:01,261 - root - DEBUG - Processing 880-th line out of 2500 rows of DP table...
2022-01-05 08:14:01,814 - root - DEBUG - Processing 890-th line out of 2500 rows of DP table...
2022-01-05 08:14:02,375 - root - DEBUG - Processing 900-th line out of 2500 rows of DP table...
2022-01-05 08:14:02,924 - root - DEBUG - Processing 910-th line out of 2500 rows of DP table...
2022-01-05 08:14:03,469 - root - DEBUG - Processing 920-th line out of 2500 rows of DP table...
2022-01-05 08:14:04,011 - root - DEBUG - Processing 930-th line out of 2500 rows of DP table...
2022-01-05 08:14:04,547 - root - DEBUG - Processing 940-th line out of 2500 rows of DP table...
2022-01-05 08:14:05,080 - root - DEBUG - Processing 950-th line out of 2500 rows of DP table...
2022-01-05 08:14:05,612 - root - DEBUG - Processing 960-th line out of 2500 rows of DP table...
2022-01-05 08:14:06,139 - root - DEBUG - Processing 970-th line out of 2500 rows of DP table...
2022-01-05 08:14:06,665 - root - DEBUG - Processing 980-th line out of 2500 rows of DP table...
2022-01-05 08:14:07,196 - root - DEBUG - Processing 990-th line out of 2500 rows of DP table...
2022-01-05 08:14:07,710 - root - DEBUG - Processing 1000-th line out of 2500 rows of DP table...
2022-01-05 08:14:08,224 - root - DEBUG - Processing 1010-th line out of 2500 rows of DP table...
2022-01-05 08:14:08,737 - root - DEBUG - Processing 1020-th line out of 2500 rows of DP table...
2022-01-05 08:14:09,251 - root - DEBUG - Processing 1030-th line out of 2500 rows of DP table...
2022-01-05 08:14:09,752 - root - DEBUG - Processing 1040-th line out of 2500 rows of DP table...
2022-01-05 08:14:10,255 - root - DEBUG - Processing 1050-th line out of 2500 rows of DP table...
2022-01-05 08:14:10,752 - root - DEBUG - Processing 1060-th line out of 2500 rows of DP table...
2022-01-05 08:14:11,249 - root - DEBUG - Processing 1070-th line out of 2500 rows of DP table...
2022-01-05 08:14:11,740 - root - DEBUG - Processing 1080-th line out of 2500 rows of DP table...
2022-01-05 08:14:12,225 - root - DEBUG - Processing 1090-th line out of 2500 rows of DP table...
2022-01-05 08:14:12,712 - root - DEBUG - Processing 1100-th line out of 2500 rows of DP table...
2022-01-05 08:14:13,194 - root - DEBUG - Processing 1110-th line out of 2500 rows of DP table...
2022-01-05 08:14:13,676 - root - DEBUG - Processing 1120-th line out of 2500 rows of DP table...
2022-01-05 08:14:14,152 - root - DEBUG - Processing 1130-th line out of 2500 rows of DP table...
2022-01-05 08:14:14,623 - root - DEBUG - Processing 1140-th line out of 2500 rows of DP table...
2022-01-05 08:14:15,090 - root - DEBUG - Processing 1150-th line out of 2500 rows of DP table...
2022-01-05 08:14:15,558 - root - DEBUG - Processing 1160-th line out of 2500 rows of DP table...
2022-01-05 08:14:16,018 - root - DEBUG - Processing 1170-th line out of 2500 rows of DP table...
2022-01-05 08:14:16,475 - root - DEBUG - Processing 1180-th line out of 2500 rows of DP table...
2022-01-05 08:14:16,930 - root - DEBUG - Processing 1190-th line out of 2500 rows of DP table...
2022-01-05 08:14:17,389 - root - DEBUG - Processing 1200-th line out of 2500 rows of DP table...
2022-01-05 08:14:17,839 - root - DEBUG - Processing 1210-th line out of 2500 rows of DP table...
2022-01-05 08:14:18,283 - root - DEBUG - Processing 1220-th line out of 2500 rows of DP table...
2022-01-05 08:14:18,724 - root - DEBUG - Processing 1230-th line out of 2500 rows of DP table...
2022-01-05 08:14:19,161 - root - DEBUG - Processing 1240-th line out of 2500 rows of DP table...
2022-01-05 08:14:19,597 - root - DEBUG - Processing 1250-th line out of 2500 rows of DP table...
2022-01-05 08:14:20,028 - root - DEBUG - Processing 1260-th line out of 2500 rows of DP table...
2022-01-05 08:14:20,455 - root - DEBUG - Processing 1270-th line out of 2500 rows of DP table...
2022-01-05 08:14:20,881 - root - DEBUG - Processing 1280-th line out of 2500 rows of DP table...
2022-01-05 08:14:21,303 - root - DEBUG - Processing 1290-th line out of 2500 rows of DP table...
2022-01-05 08:14:21,723 - root - DEBUG - Processing 1300-th line out of 2500 rows of DP table...
2022-01-05 08:14:22,139 - root - DEBUG - Processing 1310-th line out of 2500 rows of DP table...
2022-01-05 08:14:22,551 - root - DEBUG - Processing 1320-th line out of 2500 rows of DP table...
2022-01-05 08:14:22,959 - root - DEBUG - Processing 1330-th line out of 2500 rows of DP table...
2022-01-05 08:14:23,366 - root - DEBUG - Processing 1340-th line out of 2500 rows of DP table...
2022-01-05 08:14:23,776 - root - DEBUG - Processing 1350-th line out of 2500 rows of DP table...
2022-01-05 08:14:24,173 - root - DEBUG - Processing 1360-th line out of 2500 rows of DP table...
2022-01-05 08:14:24,567 - root - DEBUG - Processing 1370-th line out of 2500 rows of DP table...
2022-01-05 08:14:24,958 - root - DEBUG - Processing 1380-th line out of 2500 rows of DP table...
2022-01-05 08:14:25,347 - root - DEBUG - Processing 1390-th line out of 2500 rows of DP table...
2022-01-05 08:14:25,734 - root - DEBUG - Processing 1400-th line out of 2500 rows of DP table...
2022-01-05 08:14:26,126 - root - DEBUG - Processing 1410-th line out of 2500 rows of DP table...
2022-01-05 08:14:26,507 - root - DEBUG - Processing 1420-th line out of 2500 rows of DP table...
2022-01-05 08:14:26,880 - root - DEBUG - Processing 1430-th line out of 2500 rows of DP table...
2022-01-05 08:14:27,249 - root - DEBUG - Processing 1440-th line out of 2500 rows of DP table...
2022-01-05 08:14:27,615 - root - DEBUG - Processing 1450-th line out of 2500 rows of DP table...
2022-01-05 08:14:27,981 - root - DEBUG - Processing 1460-th line out of 2500 rows of DP table...
2022-01-05 08:14:28,344 - root - DEBUG - Processing 1470-th line out of 2500 rows of DP table...
2022-01-05 08:14:28,702 - root - DEBUG - Processing 1480-th line out of 2500 rows of DP table...
2022-01-05 08:14:29,055 - root - DEBUG - Processing 1490-th line out of 2500 rows of DP table...
2022-01-05 08:14:29,406 - root - DEBUG - Processing 1500-th line out of 2500 rows of DP table...
2022-01-05 08:14:29,752 - root - DEBUG - Processing 1510-th line out of 2500 rows of DP table...
2022-01-05 08:14:30,097 - root - DEBUG - Processing 1520-th line out of 2500 rows of DP table...
2022-01-05 08:14:30,437 - root - DEBUG - Processing 1530-th line out of 2500 rows of DP table...
2022-01-05 08:14:30,773 - root - DEBUG - Processing 1540-th line out of 2500 rows of DP table...
2022-01-05 08:14:31,109 - root - DEBUG - Processing 1550-th line out of 2500 rows of DP table...
2022-01-05 08:14:31,440 - root - DEBUG - Processing 1560-th line out of 2500 rows of DP table...
2022-01-05 08:14:31,766 - root - DEBUG - Processing 1570-th line out of 2500 rows of DP table...
2022-01-05 08:14:32,089 - root - DEBUG - Processing 1580-th line out of 2500 rows of DP table...
2022-01-05 08:14:32,415 - root - DEBUG - Processing 1590-th line out of 2500 rows of DP table...
2022-01-05 08:14:32,732 - root - DEBUG - Processing 1600-th line out of 2500 rows of DP table...
2022-01-05 08:14:33,046 - root - DEBUG - Processing 1610-th line out of 2500 rows of DP table...
2022-01-05 08:14:33,356 - root - DEBUG - Processing 1620-th line out of 2500 rows of DP table...
2022-01-05 08:14:33,662 - root - DEBUG - Processing 1630-th line out of 2500 rows of DP table...
2022-01-05 08:14:33,966 - root - DEBUG - Processing 1640-th line out of 2500 rows of DP table...
2022-01-05 08:14:34,279 - root - DEBUG - Processing 1650-th line out of 2500 rows of DP table...
2022-01-05 08:14:34,577 - root - DEBUG - Processing 1660-th line out of 2500 rows of DP table...
2022-01-05 08:14:34,872 - root - DEBUG - Processing 1670-th line out of 2500 rows of DP table...
2022-01-05 08:14:35,162 - root - DEBUG - Processing 1680-th line out of 2500 rows of DP table...
2022-01-05 08:14:35,451 - root - DEBUG - Processing 1690-th line out of 2500 rows of DP table...
2022-01-05 08:14:35,735 - root - DEBUG - Processing 1700-th line out of 2500 rows of DP table...
2022-01-05 08:14:36,014 - root - DEBUG - Processing 1710-th line out of 2500 rows of DP table...
2022-01-05 08:14:36,291 - root - DEBUG - Processing 1720-th line out of 2500 rows of DP table...
2022-01-05 08:14:36,567 - root - DEBUG - Processing 1730-th line out of 2500 rows of DP table...
2022-01-05 08:14:36,834 - root - DEBUG - Processing 1740-th line out of 2500 rows of DP table...
2022-01-05 08:14:37,100 - root - DEBUG - Processing 1750-th line out of 2500 rows of DP table...
2022-01-05 08:14:37,364 - root - DEBUG - Processing 1760-th line out of 2500 rows of DP table...
2022-01-05 08:14:37,624 - root - DEBUG - Processing 1770-th line out of 2500 rows of DP table...
2022-01-05 08:14:37,881 - root - DEBUG - Processing 1780-th line out of 2500 rows of DP table...
2022-01-05 08:14:38,135 - root - DEBUG - Processing 1790-th line out of 2500 rows of DP table...
2022-01-05 08:14:38,383 - root - DEBUG - Processing 1800-th line out of 2500 rows of DP table...
2022-01-05 08:14:38,632 - root - DEBUG - Processing 1810-th line out of 2500 rows of DP table...
2022-01-05 08:14:38,875 - root - DEBUG - Processing 1820-th line out of 2500 rows of DP table...
2022-01-05 08:14:39,115 - root - DEBUG - Processing 1830-th line out of 2500 rows of DP table...
2022-01-05 08:14:39,351 - root - DEBUG - Processing 1840-th line out of 2500 rows of DP table...
2022-01-05 08:14:39,598 - root - DEBUG - Processing 1850-th line out of 2500 rows of DP table...
2022-01-05 08:14:39,828 - root - DEBUG - Processing 1860-th line out of 2500 rows of DP table...
2022-01-05 08:14:40,054 - root - DEBUG - Processing 1870-th line out of 2500 rows of DP table...
2022-01-05 08:14:40,278 - root - DEBUG - Processing 1880-th line out of 2500 rows of DP table...
2022-01-05 08:14:40,498 - root - DEBUG - Processing 1890-th line out of 2500 rows of DP table...
2022-01-05 08:14:40,718 - root - DEBUG - Processing 1900-th line out of 2500 rows of DP table...
2022-01-05 08:14:40,932 - root - DEBUG - Processing 1910-th line out of 2500 rows of DP table...
2022-01-05 08:14:41,143 - root - DEBUG - Processing 1920-th line out of 2500 rows of DP table...
2022-01-05 08:14:41,350 - root - DEBUG - Processing 1930-th line out of 2500 rows of DP table...
2022-01-05 08:14:41,554 - root - DEBUG - Processing 1940-th line out of 2500 rows of DP table...
2022-01-05 08:14:41,754 - root - DEBUG - Processing 1950-th line out of 2500 rows of DP table...
2022-01-05 08:14:41,950 - root - DEBUG - Processing 1960-th line out of 2500 rows of DP table...
2022-01-05 08:14:42,142 - root - DEBUG - Processing 1970-th line out of 2500 rows of DP table...
2022-01-05 08:14:42,333 - root - DEBUG - Processing 1980-th line out of 2500 rows of DP table...
2022-01-05 08:14:42,519 - root - DEBUG - Processing 1990-th line out of 2500 rows of DP table...
2022-01-05 08:14:42,702 - root - DEBUG - Processing 2000-th line out of 2500 rows of DP table...
2022-01-05 08:14:42,885 - root - DEBUG - Processing 2010-th line out of 2500 rows of DP table...
2022-01-05 08:14:43,062 - root - DEBUG - Processing 2020-th line out of 2500 rows of DP table...
2022-01-05 08:14:43,234 - root - DEBUG - Processing 2030-th line out of 2500 rows of DP table...
2022-01-05 08:14:43,404 - root - DEBUG - Processing 2040-th line out of 2500 rows of DP table...
2022-01-05 08:14:43,570 - root - DEBUG - Processing 2050-th line out of 2500 rows of DP table...
2022-01-05 08:14:43,734 - root - DEBUG - Processing 2060-th line out of 2500 rows of DP table...
2022-01-05 08:14:43,905 - root - DEBUG - Processing 2070-th line out of 2500 rows of DP table...
2022-01-05 08:14:44,063 - root - DEBUG - Processing 2080-th line out of 2500 rows of DP table...
2022-01-05 08:14:44,216 - root - DEBUG - Processing 2090-th line out of 2500 rows of DP table...
2022-01-05 08:14:44,365 - root - DEBUG - Processing 2100-th line out of 2500 rows of DP table...
2022-01-05 08:14:44,510 - root - DEBUG - Processing 2110-th line out of 2500 rows of DP table...
2022-01-05 08:14:44,652 - root - DEBUG - Processing 2120-th line out of 2500 rows of DP table...
2022-01-05 08:14:44,791 - root - DEBUG - Processing 2130-th line out of 2500 rows of DP table...
2022-01-05 08:14:44,928 - root - DEBUG - Processing 2140-th line out of 2500 rows of DP table...
2022-01-05 08:14:45,063 - root - DEBUG - Processing 2150-th line out of 2500 rows of DP table...
2022-01-05 08:14:45,192 - root - DEBUG - Processing 2160-th line out of 2500 rows of DP table...
2022-01-05 08:14:45,318 - root - DEBUG - Processing 2170-th line out of 2500 rows of DP table...
2022-01-05 08:14:45,440 - root - DEBUG - Processing 2180-th line out of 2500 rows of DP table...
2022-01-05 08:14:45,560 - root - DEBUG - Processing 2190-th line out of 2500 rows of DP table...
2022-01-05 08:14:45,677 - root - DEBUG - Processing 2200-th line out of 2500 rows of DP table...
2022-01-05 08:14:45,790 - root - DEBUG - Processing 2210-th line out of 2500 rows of DP table...
2022-01-05 08:14:45,899 - root - DEBUG - Processing 2220-th line out of 2500 rows of DP table...
2022-01-05 08:14:46,005 - root - DEBUG - Processing 2230-th line out of 2500 rows of DP table...
2022-01-05 08:14:46,107 - root - DEBUG - Processing 2240-th line out of 2500 rows of DP table...
2022-01-05 08:14:46,206 - root - DEBUG - Processing 2250-th line out of 2500 rows of DP table...
2022-01-05 08:14:46,302 - root - DEBUG - Processing 2260-th line out of 2500 rows of DP table...
2022-01-05 08:14:46,394 - root - DEBUG - Processing 2270-th line out of 2500 rows of DP table...
2022-01-05 08:14:46,482 - root - DEBUG - Processing 2280-th line out of 2500 rows of DP table...
2022-01-05 08:14:46,567 - root - DEBUG - Processing 2290-th line out of 2500 rows of DP table...
2022-01-05 08:14:46,649 - root - DEBUG - Processing 2300-th line out of 2500 rows of DP table...
2022-01-05 08:14:46,727 - root - DEBUG - Processing 2310-th line out of 2500 rows of DP table...
2022-01-05 08:14:46,801 - root - DEBUG - Processing 2320-th line out of 2500 rows of DP table...
2022-01-05 08:14:46,873 - root - DEBUG - Processing 2330-th line out of 2500 rows of DP table...
2022-01-05 08:14:46,942 - root - DEBUG - Processing 2340-th line out of 2500 rows of DP table...
2022-01-05 08:14:47,007 - root - DEBUG - Processing 2350-th line out of 2500 rows of DP table...
2022-01-05 08:14:47,069 - root - DEBUG - Processing 2360-th line out of 2500 rows of DP table...
2022-01-05 08:14:47,127 - root - DEBUG - Processing 2370-th line out of 2500 rows of DP table...
2022-01-05 08:14:47,182 - root - DEBUG - Processing 2380-th line out of 2500 rows of DP table...
2022-01-05 08:14:47,234 - root - DEBUG - Processing 2390-th line out of 2500 rows of DP table...
2022-01-05 08:14:47,282 - root - DEBUG - Processing 2400-th line out of 2500 rows of DP table...
2022-01-05 08:14:47,327 - root - DEBUG - Processing 2410-th line out of 2500 rows of DP table...
2022-01-05 08:14:47,368 - root - DEBUG - Processing 2420-th line out of 2500 rows of DP table...
2022-01-05 08:14:47,406 - root - DEBUG - Processing 2430-th line out of 2500 rows of DP table...
2022-01-05 08:14:47,441 - root - DEBUG - Processing 2440-th line out of 2500 rows of DP table...
2022-01-05 08:14:47,472 - root - DEBUG - Processing 2450-th line out of 2500 rows of DP table...
2022-01-05 08:14:47,500 - root - DEBUG - Processing 2460-th line out of 2500 rows of DP table...
2022-01-05 08:14:47,525 - root - DEBUG - Processing 2470-th line out of 2500 rows of DP table...
2022-01-05 08:14:47,546 - root - DEBUG - Processing 2480-th line out of 2500 rows of DP table...
2022-01-05 08:14:47,564 - root - DEBUG - Processing 2490-th line out of 2500 rows of DP table...
2022-01-05 08:14:47,579 - root - DEBUG - Processing 2500-th line out of 2500 rows of DP table...
2022-01-05 08:14:47,594 - root - DEBUG - Started computing joint logprobs...
