2022-01-05 03:48:36,698 - root - INFO - Loading reference interval set from '211227-2-sim/g26_0.ref.tsv'...
2022-01-05 03:48:36,706 - root - INFO - Loading query interval set from '211227-2-sim/g26_0.query.tsv'...
2022-01-05 03:48:36,741 - root - INFO - Loading chromosome sizes from '211227-2-sim/g26_sizes.tsv'...
2022-01-05 03:48:36,746 - root - INFO - Number of reference intervals: 2500 (2500 before merging)
2022-01-05 03:48:36,748 - root - INFO - Number of query intervals: 50 (50 before merging)
2022-01-05 03:48:36,749 - root - INFO - Number of chromosomes: 1
2022-01-05 03:48:36,757 - root - INFO - Overlap count: 139
2022-01-05 03:48:36,759 - root - DEBUG - Started computing sf for chromosome 'chr1'...
2022-01-05 03:48:36,760 - root - DEBUG - m=2500, n=50
2022-01-05 03:48:37,693 - root - DEBUG - Processing 10-th line out of 2500 rows of DP table...
2022-01-05 03:48:38,536 - root - DEBUG - Processing 20-th line out of 2500 rows of DP table...
2022-01-05 03:48:39,370 - root - DEBUG - Processing 30-th line out of 2500 rows of DP table...
2022-01-05 03:48:40,210 - root - DEBUG - Processing 40-th line out of 2500 rows of DP table...
2022-01-05 03:48:41,087 - root - DEBUG - Processing 50-th line out of 2500 rows of DP table...
2022-01-05 03:48:42,005 - root - DEBUG - Processing 60-th line out of 2500 rows of DP table...
2022-01-05 03:48:42,860 - root - DEBUG - Processing 70-th line out of 2500 rows of DP table...
2022-01-05 03:48:43,747 - root - DEBUG - Processing 80-th line out of 2500 rows of DP table...
2022-01-05 03:48:44,566 - root - DEBUG - Processing 90-th line out of 2500 rows of DP table...
2022-01-05 03:48:45,433 - root - DEBUG - Processing 100-th line out of 2500 rows of DP table...
2022-01-05 03:48:46,299 - root - DEBUG - Processing 110-th line out of 2500 rows of DP table...
2022-01-05 03:48:47,108 - root - DEBUG - Processing 120-th line out of 2500 rows of DP table...
2022-01-05 03:48:47,909 - root - DEBUG - Processing 130-th line out of 2500 rows of DP table...
2022-01-05 03:48:48,715 - root - DEBUG - Processing 140-th line out of 2500 rows of DP table...
2022-01-05 03:48:49,508 - root - DEBUG - Processing 150-th line out of 2500 rows of DP table...
2022-01-05 03:48:50,303 - root - DEBUG - Processing 160-th line out of 2500 rows of DP table...
2022-01-05 03:48:51,093 - root - DEBUG - Processing 170-th line out of 2500 rows of DP table...
2022-01-05 03:48:51,933 - root - DEBUG - Processing 180-th line out of 2500 rows of DP table...
2022-01-05 03:48:52,741 - root - DEBUG - Processing 190-th line out of 2500 rows of DP table...
2022-01-05 03:48:53,541 - root - DEBUG - Processing 200-th line out of 2500 rows of DP table...
2022-01-05 03:48:54,327 - root - DEBUG - Processing 210-th line out of 2500 rows of DP table...
2022-01-05 03:48:55,123 - root - DEBUG - Processing 220-th line out of 2500 rows of DP table...
2022-01-05 03:48:55,908 - root - DEBUG - Processing 230-th line out of 2500 rows of DP table...
2022-01-05 03:48:56,689 - root - DEBUG - Processing 240-th line out of 2500 rows of DP table...
2022-01-05 03:48:57,464 - root - DEBUG - Processing 250-th line out of 2500 rows of DP table...
2022-01-05 03:48:58,224 - root - DEBUG - Processing 260-th line out of 2500 rows of DP table...
2022-01-05 03:48:58,979 - root - DEBUG - Processing 270-th line out of 2500 rows of DP table...
2022-01-05 03:48:59,729 - root - DEBUG - Processing 280-th line out of 2500 rows of DP table...
2022-01-05 03:49:00,481 - root - DEBUG - Processing 290-th line out of 2500 rows of DP table...
2022-01-05 03:49:01,235 - root - DEBUG - Processing 300-th line out of 2500 rows of DP table...
2022-01-05 03:49:01,978 - root - DEBUG - Processing 310-th line out of 2500 rows of DP table...
2022-01-05 03:49:02,721 - root - DEBUG - Processing 320-th line out of 2500 rows of DP table...
2022-01-05 03:49:03,456 - root - DEBUG - Processing 330-th line out of 2500 rows of DP table...
2022-01-05 03:49:04,273 - root - DEBUG - Processing 340-th line out of 2500 rows of DP table...
2022-01-05 03:49:04,999 - root - DEBUG - Processing 350-th line out of 2500 rows of DP table...
2022-01-05 03:49:05,726 - root - DEBUG - Processing 360-th line out of 2500 rows of DP table...
2022-01-05 03:49:06,460 - root - DEBUG - Processing 370-th line out of 2500 rows of DP table...
2022-01-05 03:49:07,181 - root - DEBUG - Processing 380-th line out of 2500 rows of DP table...
2022-01-05 03:49:07,898 - root - DEBUG - Processing 390-th line out of 2500 rows of DP table...
2022-01-05 03:49:08,610 - root - DEBUG - Processing 400-th line out of 2500 rows of DP table...
2022-01-05 03:49:09,318 - root - DEBUG - Processing 410-th line out of 2500 rows of DP table...
2022-01-05 03:49:10,024 - root - DEBUG - Processing 420-th line out of 2500 rows of DP table...
2022-01-05 03:49:10,728 - root - DEBUG - Processing 430-th line out of 2500 rows of DP table...
2022-01-05 03:49:11,428 - root - DEBUG - Processing 440-th line out of 2500 rows of DP table...
2022-01-05 03:49:12,125 - root - DEBUG - Processing 450-th line out of 2500 rows of DP table...
2022-01-05 03:49:12,819 - root - DEBUG - Processing 460-th line out of 2500 rows of DP table...
2022-01-05 03:49:13,516 - root - DEBUG - Processing 470-th line out of 2500 rows of DP table...
2022-01-05 03:49:14,234 - root - DEBUG - Processing 480-th line out of 2500 rows of DP table...
2022-01-05 03:49:14,915 - root - DEBUG - Processing 490-th line out of 2500 rows of DP table...
2022-01-05 03:49:15,617 - root - DEBUG - Processing 500-th line out of 2500 rows of DP table...
2022-01-05 03:49:16,292 - root - DEBUG - Processing 510-th line out of 2500 rows of DP table...
2022-01-05 03:49:16,965 - root - DEBUG - Processing 520-th line out of 2500 rows of DP table...
2022-01-05 03:49:17,650 - root - DEBUG - Processing 530-th line out of 2500 rows of DP table...
2022-01-05 03:49:18,335 - root - DEBUG - Processing 540-th line out of 2500 rows of DP table...
2022-01-05 03:49:19,008 - root - DEBUG - Processing 550-th line out of 2500 rows of DP table...
2022-01-05 03:49:19,667 - root - DEBUG - Processing 560-th line out of 2500 rows of DP table...
2022-01-05 03:49:20,321 - root - DEBUG - Processing 570-th line out of 2500 rows of DP table...
2022-01-05 03:49:21,015 - root - DEBUG - Processing 580-th line out of 2500 rows of DP table...
2022-01-05 03:49:21,661 - root - DEBUG - Processing 590-th line out of 2500 rows of DP table...
2022-01-05 03:49:22,308 - root - DEBUG - Processing 600-th line out of 2500 rows of DP table...
2022-01-05 03:49:22,949 - root - DEBUG - Processing 610-th line out of 2500 rows of DP table...
2022-01-05 03:49:23,588 - root - DEBUG - Processing 620-th line out of 2500 rows of DP table...
2022-01-05 03:49:24,222 - root - DEBUG - Processing 630-th line out of 2500 rows of DP table...
2022-01-05 03:49:24,856 - root - DEBUG - Processing 640-th line out of 2500 rows of DP table...
2022-01-05 03:49:25,481 - root - DEBUG - Processing 650-th line out of 2500 rows of DP table...
2022-01-05 03:49:26,121 - root - DEBUG - Processing 660-th line out of 2500 rows of DP table...
2022-01-05 03:49:26,760 - root - DEBUG - Processing 670-th line out of 2500 rows of DP table...
2022-01-05 03:49:27,398 - root - DEBUG - Processing 680-th line out of 2500 rows of DP table...
2022-01-05 03:49:28,017 - root - DEBUG - Processing 690-th line out of 2500 rows of DP table...
2022-01-05 03:49:28,656 - root - DEBUG - Processing 700-th line out of 2500 rows of DP table...
2022-01-05 03:49:29,265 - root - DEBUG - Processing 710-th line out of 2500 rows of DP table...
2022-01-05 03:49:29,893 - root - DEBUG - Processing 720-th line out of 2500 rows of DP table...
2022-01-05 03:49:30,498 - root - DEBUG - Processing 730-th line out of 2500 rows of DP table...
2022-01-05 03:49:31,098 - root - DEBUG - Processing 740-th line out of 2500 rows of DP table...
2022-01-05 03:49:31,695 - root - DEBUG - Processing 750-th line out of 2500 rows of DP table...
2022-01-05 03:49:32,289 - root - DEBUG - Processing 760-th line out of 2500 rows of DP table...
2022-01-05 03:49:32,921 - root - DEBUG - Processing 770-th line out of 2500 rows of DP table...
2022-01-05 03:49:33,507 - root - DEBUG - Processing 780-th line out of 2500 rows of DP table...
2022-01-05 03:49:34,091 - root - DEBUG - Processing 790-th line out of 2500 rows of DP table...
2022-01-05 03:49:34,682 - root - DEBUG - Processing 800-th line out of 2500 rows of DP table...
2022-01-05 03:49:35,254 - root - DEBUG - Processing 810-th line out of 2500 rows of DP table...
2022-01-05 03:49:35,828 - root - DEBUG - Processing 820-th line out of 2500 rows of DP table...
2022-01-05 03:49:36,398 - root - DEBUG - Processing 830-th line out of 2500 rows of DP table...
2022-01-05 03:49:36,964 - root - DEBUG - Processing 840-th line out of 2500 rows of DP table...
2022-01-05 03:49:37,526 - root - DEBUG - Processing 850-th line out of 2500 rows of DP table...
2022-01-05 03:49:38,086 - root - DEBUG - Processing 860-th line out of 2500 rows of DP table...
2022-01-05 03:49:38,642 - root - DEBUG - Processing 870-th line out of 2500 rows of DP table...
2022-01-05 03:49:39,193 - root - DEBUG - Processing 880-th line out of 2500 rows of DP table...
2022-01-05 03:49:39,741 - root - DEBUG - Processing 890-th line out of 2500 rows of DP table...
2022-01-05 03:49:40,285 - root - DEBUG - Processing 900-th line out of 2500 rows of DP table...
2022-01-05 03:49:40,859 - root - DEBUG - Processing 910-th line out of 2500 rows of DP table...
2022-01-05 03:49:41,405 - root - DEBUG - Processing 920-th line out of 2500 rows of DP table...
2022-01-05 03:49:41,942 - root - DEBUG - Processing 930-th line out of 2500 rows of DP table...
2022-01-05 03:49:42,475 - root - DEBUG - Processing 940-th line out of 2500 rows of DP table...
2022-01-05 03:49:43,005 - root - DEBUG - Processing 950-th line out of 2500 rows of DP table...
2022-01-05 03:49:43,534 - root - DEBUG - Processing 960-th line out of 2500 rows of DP table...
2022-01-05 03:49:44,077 - root - DEBUG - Processing 970-th line out of 2500 rows of DP table...
2022-01-05 03:49:44,598 - root - DEBUG - Processing 980-th line out of 2500 rows of DP table...
2022-01-05 03:49:45,113 - root - DEBUG - Processing 990-th line out of 2500 rows of DP table...
2022-01-05 03:49:45,630 - root - DEBUG - Processing 1000-th line out of 2500 rows of DP table...
2022-01-05 03:49:46,172 - root - DEBUG - Processing 1010-th line out of 2500 rows of DP table...
2022-01-05 03:49:46,680 - root - DEBUG - Processing 1020-th line out of 2500 rows of DP table...
2022-01-05 03:49:47,184 - root - DEBUG - Processing 1030-th line out of 2500 rows of DP table...
2022-01-05 03:49:47,683 - root - DEBUG - Processing 1040-th line out of 2500 rows of DP table...
2022-01-05 03:49:48,180 - root - DEBUG - Processing 1050-th line out of 2500 rows of DP table...
2022-01-05 03:49:48,673 - root - DEBUG - Processing 1060-th line out of 2500 rows of DP table...
2022-01-05 03:49:49,162 - root - DEBUG - Processing 1070-th line out of 2500 rows of DP table...
2022-01-05 03:49:49,671 - root - DEBUG - Processing 1080-th line out of 2500 rows of DP table...
2022-01-05 03:49:50,154 - root - DEBUG - Processing 1090-th line out of 2500 rows of DP table...
2022-01-05 03:49:50,631 - root - DEBUG - Processing 1100-th line out of 2500 rows of DP table...
2022-01-05 03:49:51,127 - root - DEBUG - Processing 1110-th line out of 2500 rows of DP table...
2022-01-05 03:49:51,600 - root - DEBUG - Processing 1120-th line out of 2500 rows of DP table...
2022-01-05 03:49:52,084 - root - DEBUG - Processing 1130-th line out of 2500 rows of DP table...
2022-01-05 03:49:52,552 - root - DEBUG - Processing 1140-th line out of 2500 rows of DP table...
2022-01-05 03:49:53,032 - root - DEBUG - Processing 1150-th line out of 2500 rows of DP table...
2022-01-05 03:49:53,510 - root - DEBUG - Processing 1160-th line out of 2500 rows of DP table...
2022-01-05 03:49:53,966 - root - DEBUG - Processing 1170-th line out of 2500 rows of DP table...
2022-01-05 03:49:54,421 - root - DEBUG - Processing 1180-th line out of 2500 rows of DP table...
2022-01-05 03:49:54,871 - root - DEBUG - Processing 1190-th line out of 2500 rows of DP table...
2022-01-05 03:49:55,319 - root - DEBUG - Processing 1200-th line out of 2500 rows of DP table...
2022-01-05 03:49:55,761 - root - DEBUG - Processing 1210-th line out of 2500 rows of DP table...
2022-01-05 03:49:56,216 - root - DEBUG - Processing 1220-th line out of 2500 rows of DP table...
2022-01-05 03:49:56,653 - root - DEBUG - Processing 1230-th line out of 2500 rows of DP table...
2022-01-05 03:49:57,111 - root - DEBUG - Processing 1240-th line out of 2500 rows of DP table...
2022-01-05 03:49:57,587 - root - DEBUG - Processing 1250-th line out of 2500 rows of DP table...
2022-01-05 03:49:58,014 - root - DEBUG - Processing 1260-th line out of 2500 rows of DP table...
2022-01-05 03:49:58,438 - root - DEBUG - Processing 1270-th line out of 2500 rows of DP table...
2022-01-05 03:49:58,860 - root - DEBUG - Processing 1280-th line out of 2500 rows of DP table...
2022-01-05 03:49:59,350 - root - DEBUG - Processing 1290-th line out of 2500 rows of DP table...
2022-01-05 03:49:59,793 - root - DEBUG - Processing 1300-th line out of 2500 rows of DP table...
2022-01-05 03:50:00,202 - root - DEBUG - Processing 1310-th line out of 2500 rows of DP table...
2022-01-05 03:50:00,608 - root - DEBUG - Processing 1320-th line out of 2500 rows of DP table...
2022-01-05 03:50:01,015 - root - DEBUG - Processing 1330-th line out of 2500 rows of DP table...
2022-01-05 03:50:01,415 - root - DEBUG - Processing 1340-th line out of 2500 rows of DP table...
2022-01-05 03:50:01,811 - root - DEBUG - Processing 1350-th line out of 2500 rows of DP table...
2022-01-05 03:50:02,205 - root - DEBUG - Processing 1360-th line out of 2500 rows of DP table...
2022-01-05 03:50:02,596 - root - DEBUG - Processing 1370-th line out of 2500 rows of DP table...
2022-01-05 03:50:02,982 - root - DEBUG - Processing 1380-th line out of 2500 rows of DP table...
2022-01-05 03:50:03,365 - root - DEBUG - Processing 1390-th line out of 2500 rows of DP table...
2022-01-05 03:50:03,746 - root - DEBUG - Processing 1400-th line out of 2500 rows of DP table...
2022-01-05 03:50:04,123 - root - DEBUG - Processing 1410-th line out of 2500 rows of DP table...
2022-01-05 03:50:04,496 - root - DEBUG - Processing 1420-th line out of 2500 rows of DP table...
2022-01-05 03:50:04,868 - root - DEBUG - Processing 1430-th line out of 2500 rows of DP table...
2022-01-05 03:50:05,234 - root - DEBUG - Processing 1440-th line out of 2500 rows of DP table...
2022-01-05 03:50:05,595 - root - DEBUG - Processing 1450-th line out of 2500 rows of DP table...
2022-01-05 03:50:05,956 - root - DEBUG - Processing 1460-th line out of 2500 rows of DP table...
2022-01-05 03:50:06,313 - root - DEBUG - Processing 1470-th line out of 2500 rows of DP table...
2022-01-05 03:50:06,667 - root - DEBUG - Processing 1480-th line out of 2500 rows of DP table...
2022-01-05 03:50:07,019 - root - DEBUG - Processing 1490-th line out of 2500 rows of DP table...
2022-01-05 03:50:07,366 - root - DEBUG - Processing 1500-th line out of 2500 rows of DP table...
2022-01-05 03:50:07,710 - root - DEBUG - Processing 1510-th line out of 2500 rows of DP table...
2022-01-05 03:50:08,052 - root - DEBUG - Processing 1520-th line out of 2500 rows of DP table...
2022-01-05 03:50:08,389 - root - DEBUG - Processing 1530-th line out of 2500 rows of DP table...
2022-01-05 03:50:08,725 - root - DEBUG - Processing 1540-th line out of 2500 rows of DP table...
2022-01-05 03:50:09,057 - root - DEBUG - Processing 1550-th line out of 2500 rows of DP table...
2022-01-05 03:50:09,393 - root - DEBUG - Processing 1560-th line out of 2500 rows of DP table...
2022-01-05 03:50:09,717 - root - DEBUG - Processing 1570-th line out of 2500 rows of DP table...
2022-01-05 03:50:10,039 - root - DEBUG - Processing 1580-th line out of 2500 rows of DP table...
2022-01-05 03:50:10,358 - root - DEBUG - Processing 1590-th line out of 2500 rows of DP table...
2022-01-05 03:50:10,670 - root - DEBUG - Processing 1600-th line out of 2500 rows of DP table...
2022-01-05 03:50:10,981 - root - DEBUG - Processing 1610-th line out of 2500 rows of DP table...
2022-01-05 03:50:11,291 - root - DEBUG - Processing 1620-th line out of 2500 rows of DP table...
2022-01-05 03:50:11,596 - root - DEBUG - Processing 1630-th line out of 2500 rows of DP table...
2022-01-05 03:50:11,897 - root - DEBUG - Processing 1640-th line out of 2500 rows of DP table...
2022-01-05 03:50:12,214 - root - DEBUG - Processing 1650-th line out of 2500 rows of DP table...
2022-01-05 03:50:12,508 - root - DEBUG - Processing 1660-th line out of 2500 rows of DP table...
2022-01-05 03:50:12,799 - root - DEBUG - Processing 1670-th line out of 2500 rows of DP table...
2022-01-05 03:50:13,086 - root - DEBUG - Processing 1680-th line out of 2500 rows of DP table...
2022-01-05 03:50:13,371 - root - DEBUG - Processing 1690-th line out of 2500 rows of DP table...
2022-01-05 03:50:13,651 - root - DEBUG - Processing 1700-th line out of 2500 rows of DP table...
2022-01-05 03:50:13,928 - root - DEBUG - Processing 1710-th line out of 2500 rows of DP table...
2022-01-05 03:50:14,202 - root - DEBUG - Processing 1720-th line out of 2500 rows of DP table...
2022-01-05 03:50:14,473 - root - DEBUG - Processing 1730-th line out of 2500 rows of DP table...
2022-01-05 03:50:14,740 - root - DEBUG - Processing 1740-th line out of 2500 rows of DP table...
2022-01-05 03:50:15,005 - root - DEBUG - Processing 1750-th line out of 2500 rows of DP table...
2022-01-05 03:50:15,265 - root - DEBUG - Processing 1760-th line out of 2500 rows of DP table...
2022-01-05 03:50:15,524 - root - DEBUG - Processing 1770-th line out of 2500 rows of DP table...
2022-01-05 03:50:15,777 - root - DEBUG - Processing 1780-th line out of 2500 rows of DP table...
2022-01-05 03:50:16,028 - root - DEBUG - Processing 1790-th line out of 2500 rows of DP table...
2022-01-05 03:50:16,277 - root - DEBUG - Processing 1800-th line out of 2500 rows of DP table...
2022-01-05 03:50:16,523 - root - DEBUG - Processing 1810-th line out of 2500 rows of DP table...
2022-01-05 03:50:16,764 - root - DEBUG - Processing 1820-th line out of 2500 rows of DP table...
2022-01-05 03:50:17,001 - root - DEBUG - Processing 1830-th line out of 2500 rows of DP table...
2022-01-05 03:50:17,254 - root - DEBUG - Processing 1840-th line out of 2500 rows of DP table...
2022-01-05 03:50:17,486 - root - DEBUG - Processing 1850-th line out of 2500 rows of DP table...
2022-01-05 03:50:17,714 - root - DEBUG - Processing 1860-th line out of 2500 rows of DP table...
2022-01-05 03:50:17,940 - root - DEBUG - Processing 1870-th line out of 2500 rows of DP table...
2022-01-05 03:50:18,161 - root - DEBUG - Processing 1880-th line out of 2500 rows of DP table...
2022-01-05 03:50:18,412 - root - DEBUG - Processing 1890-th line out of 2500 rows of DP table...
2022-01-05 03:50:18,627 - root - DEBUG - Processing 1900-th line out of 2500 rows of DP table...
2022-01-05 03:50:18,837 - root - DEBUG - Processing 1910-th line out of 2500 rows of DP table...
2022-01-05 03:50:19,047 - root - DEBUG - Processing 1920-th line out of 2500 rows of DP table...
2022-01-05 03:50:19,251 - root - DEBUG - Processing 1930-th line out of 2500 rows of DP table...
2022-01-05 03:50:19,454 - root - DEBUG - Processing 1940-th line out of 2500 rows of DP table...
2022-01-05 03:50:19,652 - root - DEBUG - Processing 1950-th line out of 2500 rows of DP table...
2022-01-05 03:50:19,847 - root - DEBUG - Processing 1960-th line out of 2500 rows of DP table...
2022-01-05 03:50:20,038 - root - DEBUG - Processing 1970-th line out of 2500 rows of DP table...
2022-01-05 03:50:20,226 - root - DEBUG - Processing 1980-th line out of 2500 rows of DP table...
2022-01-05 03:50:20,411 - root - DEBUG - Processing 1990-th line out of 2500 rows of DP table...
2022-01-05 03:50:20,592 - root - DEBUG - Processing 2000-th line out of 2500 rows of DP table...
2022-01-05 03:50:20,768 - root - DEBUG - Processing 2010-th line out of 2500 rows of DP table...
2022-01-05 03:50:20,943 - root - DEBUG - Processing 2020-th line out of 2500 rows of DP table...
2022-01-05 03:50:21,115 - root - DEBUG - Processing 2030-th line out of 2500 rows of DP table...
2022-01-05 03:50:21,284 - root - DEBUG - Processing 2040-th line out of 2500 rows of DP table...
2022-01-05 03:50:21,449 - root - DEBUG - Processing 2050-th line out of 2500 rows of DP table...
2022-01-05 03:50:21,610 - root - DEBUG - Processing 2060-th line out of 2500 rows of DP table...
2022-01-05 03:50:21,841 - root - DEBUG - Processing 2070-th line out of 2500 rows of DP table...
2022-01-05 03:50:21,995 - root - DEBUG - Processing 2080-th line out of 2500 rows of DP table...
2022-01-05 03:50:22,146 - root - DEBUG - Processing 2090-th line out of 2500 rows of DP table...
2022-01-05 03:50:22,292 - root - DEBUG - Processing 2100-th line out of 2500 rows of DP table...
2022-01-05 03:50:22,436 - root - DEBUG - Processing 2110-th line out of 2500 rows of DP table...
2022-01-05 03:50:22,580 - root - DEBUG - Processing 2120-th line out of 2500 rows of DP table...
2022-01-05 03:50:22,717 - root - DEBUG - Processing 2130-th line out of 2500 rows of DP table...
2022-01-05 03:50:22,852 - root - DEBUG - Processing 2140-th line out of 2500 rows of DP table...
2022-01-05 03:50:22,984 - root - DEBUG - Processing 2150-th line out of 2500 rows of DP table...
2022-01-05 03:50:23,138 - root - DEBUG - Processing 2160-th line out of 2500 rows of DP table...
2022-01-05 03:50:23,274 - root - DEBUG - Processing 2170-th line out of 2500 rows of DP table...
2022-01-05 03:50:23,401 - root - DEBUG - Processing 2180-th line out of 2500 rows of DP table...
2022-01-05 03:50:23,519 - root - DEBUG - Processing 2190-th line out of 2500 rows of DP table...
2022-01-05 03:50:23,660 - root - DEBUG - Processing 2200-th line out of 2500 rows of DP table...
2022-01-05 03:50:23,771 - root - DEBUG - Processing 2210-th line out of 2500 rows of DP table...
2022-01-05 03:50:23,880 - root - DEBUG - Processing 2220-th line out of 2500 rows of DP table...
2022-01-05 03:50:23,985 - root - DEBUG - Processing 2230-th line out of 2500 rows of DP table...
2022-01-05 03:50:24,113 - root - DEBUG - Processing 2240-th line out of 2500 rows of DP table...
2022-01-05 03:50:24,212 - root - DEBUG - Processing 2250-th line out of 2500 rows of DP table...
2022-01-05 03:50:24,307 - root - DEBUG - Processing 2260-th line out of 2500 rows of DP table...
2022-01-05 03:50:24,398 - root - DEBUG - Processing 2270-th line out of 2500 rows of DP table...
2022-01-05 03:50:24,487 - root - DEBUG - Processing 2280-th line out of 2500 rows of DP table...
2022-01-05 03:50:24,572 - root - DEBUG - Processing 2290-th line out of 2500 rows of DP table...
2022-01-05 03:50:24,653 - root - DEBUG - Processing 2300-th line out of 2500 rows of DP table...
2022-01-05 03:50:24,732 - root - DEBUG - Processing 2310-th line out of 2500 rows of DP table...
2022-01-05 03:50:24,807 - root - DEBUG - Processing 2320-th line out of 2500 rows of DP table...
2022-01-05 03:50:24,878 - root - DEBUG - Processing 2330-th line out of 2500 rows of DP table...
2022-01-05 03:50:24,947 - root - DEBUG - Processing 2340-th line out of 2500 rows of DP table...
2022-01-05 03:50:25,011 - root - DEBUG - Processing 2350-th line out of 2500 rows of DP table...
2022-01-05 03:50:25,073 - root - DEBUG - Processing 2360-th line out of 2500 rows of DP table...
2022-01-05 03:50:25,132 - root - DEBUG - Processing 2370-th line out of 2500 rows of DP table...
2022-01-05 03:50:25,187 - root - DEBUG - Processing 2380-th line out of 2500 rows of DP table...
2022-01-05 03:50:25,238 - root - DEBUG - Processing 2390-th line out of 2500 rows of DP table...
2022-01-05 03:50:25,286 - root - DEBUG - Processing 2400-th line out of 2500 rows of DP table...
2022-01-05 03:50:25,330 - root - DEBUG - Processing 2410-th line out of 2500 rows of DP table...
2022-01-05 03:50:25,371 - root - DEBUG - Processing 2420-th line out of 2500 rows of DP table...
2022-01-05 03:50:25,409 - root - DEBUG - Processing 2430-th line out of 2500 rows of DP table...
2022-01-05 03:50:25,443 - root - DEBUG - Processing 2440-th line out of 2500 rows of DP table...
2022-01-05 03:50:25,474 - root - DEBUG - Processing 2450-th line out of 2500 rows of DP table...
2022-01-05 03:50:25,502 - root - DEBUG - Processing 2460-th line out of 2500 rows of DP table...
2022-01-05 03:50:25,526 - root - DEBUG - Processing 2470-th line out of 2500 rows of DP table...
2022-01-05 03:50:25,547 - root - DEBUG - Processing 2480-th line out of 2500 rows of DP table...
2022-01-05 03:50:25,567 - root - DEBUG - Processing 2490-th line out of 2500 rows of DP table...
2022-01-05 03:50:25,581 - root - DEBUG - Processing 2500-th line out of 2500 rows of DP table...
2022-01-05 03:50:25,597 - root - DEBUG - Started computing joint logprobs...
