2022-01-05 06:22:57,430 - root - INFO - Loading reference interval set from '211227-2-sim/g26_8.ref.tsv'...
2022-01-05 06:22:57,433 - root - INFO - Loading query interval set from '211227-2-sim/g26_8.query.tsv'...
2022-01-05 06:22:57,437 - root - INFO - Loading chromosome sizes from '211227-2-sim/g26_sizes.tsv'...
2022-01-05 06:22:57,439 - root - INFO - Number of reference intervals: 2500 (2500 before merging)
2022-01-05 06:22:57,441 - root - INFO - Number of query intervals: 50 (50 before merging)
2022-01-05 06:22:57,442 - root - INFO - Number of chromosomes: 1
2022-01-05 06:22:57,445 - root - INFO - Overlap count: 126
2022-01-05 06:22:57,446 - root - DEBUG - Started computing sf for chromosome 'chr1'...
2022-01-05 06:22:57,447 - root - DEBUG - m=2500, n=50
2022-01-05 06:22:58,259 - root - DEBUG - Processing 10-th line out of 2500 rows of DP table...
2022-01-05 06:22:59,121 - root - DEBUG - Processing 20-th line out of 2500 rows of DP table...
2022-01-05 06:22:59,977 - root - DEBUG - Processing 30-th line out of 2500 rows of DP table...
2022-01-05 06:23:00,832 - root - DEBUG - Processing 40-th line out of 2500 rows of DP table...
2022-01-05 06:23:01,681 - root - DEBUG - Processing 50-th line out of 2500 rows of DP table...
2022-01-05 06:23:02,531 - root - DEBUG - Processing 60-th line out of 2500 rows of DP table...
2022-01-05 06:23:03,377 - root - DEBUG - Processing 70-th line out of 2500 rows of DP table...
2022-01-05 06:23:04,216 - root - DEBUG - Processing 80-th line out of 2500 rows of DP table...
2022-01-05 06:23:05,057 - root - DEBUG - Processing 90-th line out of 2500 rows of DP table...
2022-01-05 06:23:05,890 - root - DEBUG - Processing 100-th line out of 2500 rows of DP table...
2022-01-05 06:23:06,725 - root - DEBUG - Processing 110-th line out of 2500 rows of DP table...
2022-01-05 06:23:07,551 - root - DEBUG - Processing 120-th line out of 2500 rows of DP table...
2022-01-05 06:23:08,378 - root - DEBUG - Processing 130-th line out of 2500 rows of DP table...
2022-01-05 06:23:09,200 - root - DEBUG - Processing 140-th line out of 2500 rows of DP table...
2022-01-05 06:23:10,019 - root - DEBUG - Processing 150-th line out of 2500 rows of DP table...
2022-01-05 06:23:10,833 - root - DEBUG - Processing 160-th line out of 2500 rows of DP table...
2022-01-05 06:23:11,640 - root - DEBUG - Processing 170-th line out of 2500 rows of DP table...
2022-01-05 06:23:12,446 - root - DEBUG - Processing 180-th line out of 2500 rows of DP table...
2022-01-05 06:23:13,253 - root - DEBUG - Processing 190-th line out of 2500 rows of DP table...
2022-01-05 06:23:14,053 - root - DEBUG - Processing 200-th line out of 2500 rows of DP table...
2022-01-05 06:23:14,853 - root - DEBUG - Processing 210-th line out of 2500 rows of DP table...
2022-01-05 06:23:15,647 - root - DEBUG - Processing 220-th line out of 2500 rows of DP table...
2022-01-05 06:23:16,435 - root - DEBUG - Processing 230-th line out of 2500 rows of DP table...
2022-01-05 06:23:17,226 - root - DEBUG - Processing 240-th line out of 2500 rows of DP table...
2022-01-05 06:23:18,012 - root - DEBUG - Processing 250-th line out of 2500 rows of DP table...
2022-01-05 06:23:18,794 - root - DEBUG - Processing 260-th line out of 2500 rows of DP table...
2022-01-05 06:23:19,640 - root - DEBUG - Processing 270-th line out of 2500 rows of DP table...
2022-01-05 06:23:20,412 - root - DEBUG - Processing 280-th line out of 2500 rows of DP table...
2022-01-05 06:23:21,185 - root - DEBUG - Processing 290-th line out of 2500 rows of DP table...
2022-01-05 06:23:21,950 - root - DEBUG - Processing 300-th line out of 2500 rows of DP table...
2022-01-05 06:23:22,715 - root - DEBUG - Processing 310-th line out of 2500 rows of DP table...
2022-01-05 06:23:23,475 - root - DEBUG - Processing 320-th line out of 2500 rows of DP table...
2022-01-05 06:23:24,228 - root - DEBUG - Processing 330-th line out of 2500 rows of DP table...
2022-01-05 06:23:24,982 - root - DEBUG - Processing 340-th line out of 2500 rows of DP table...
2022-01-05 06:23:25,731 - root - DEBUG - Processing 350-th line out of 2500 rows of DP table...
2022-01-05 06:23:26,472 - root - DEBUG - Processing 360-th line out of 2500 rows of DP table...
2022-01-05 06:23:27,216 - root - DEBUG - Processing 370-th line out of 2500 rows of DP table...
2022-01-05 06:23:27,956 - root - DEBUG - Processing 380-th line out of 2500 rows of DP table...
2022-01-05 06:23:28,692 - root - DEBUG - Processing 390-th line out of 2500 rows of DP table...
2022-01-05 06:23:29,428 - root - DEBUG - Processing 400-th line out of 2500 rows of DP table...
2022-01-05 06:23:30,156 - root - DEBUG - Processing 410-th line out of 2500 rows of DP table...
2022-01-05 06:23:30,880 - root - DEBUG - Processing 420-th line out of 2500 rows of DP table...
2022-01-05 06:23:31,599 - root - DEBUG - Processing 430-th line out of 2500 rows of DP table...
2022-01-05 06:23:32,316 - root - DEBUG - Processing 440-th line out of 2500 rows of DP table...
2022-01-05 06:23:33,033 - root - DEBUG - Processing 450-th line out of 2500 rows of DP table...
2022-01-05 06:23:33,742 - root - DEBUG - Processing 460-th line out of 2500 rows of DP table...
2022-01-05 06:23:34,447 - root - DEBUG - Processing 470-th line out of 2500 rows of DP table...
2022-01-05 06:23:35,158 - root - DEBUG - Processing 480-th line out of 2500 rows of DP table...
2022-01-05 06:23:35,866 - root - DEBUG - Processing 490-th line out of 2500 rows of DP table...
2022-01-05 06:23:36,564 - root - DEBUG - Processing 500-th line out of 2500 rows of DP table...
2022-01-05 06:23:37,263 - root - DEBUG - Processing 510-th line out of 2500 rows of DP table...
2022-01-05 06:23:37,950 - root - DEBUG - Processing 520-th line out of 2500 rows of DP table...
2022-01-05 06:23:38,640 - root - DEBUG - Processing 530-th line out of 2500 rows of DP table...
2022-01-05 06:23:39,331 - root - DEBUG - Processing 540-th line out of 2500 rows of DP table...
2022-01-05 06:23:40,012 - root - DEBUG - Processing 550-th line out of 2500 rows of DP table...
2022-01-05 06:23:40,685 - root - DEBUG - Processing 560-th line out of 2500 rows of DP table...
2022-01-05 06:23:41,363 - root - DEBUG - Processing 570-th line out of 2500 rows of DP table...
2022-01-05 06:23:42,035 - root - DEBUG - Processing 580-th line out of 2500 rows of DP table...
2022-01-05 06:23:42,704 - root - DEBUG - Processing 590-th line out of 2500 rows of DP table...
2022-01-05 06:23:43,369 - root - DEBUG - Processing 600-th line out of 2500 rows of DP table...
2022-01-05 06:23:44,028 - root - DEBUG - Processing 610-th line out of 2500 rows of DP table...
2022-01-05 06:23:44,686 - root - DEBUG - Processing 620-th line out of 2500 rows of DP table...
2022-01-05 06:23:45,339 - root - DEBUG - Processing 630-th line out of 2500 rows of DP table...
2022-01-05 06:23:45,990 - root - DEBUG - Processing 640-th line out of 2500 rows of DP table...
2022-01-05 06:23:46,634 - root - DEBUG - Processing 650-th line out of 2500 rows of DP table...
2022-01-05 06:23:47,275 - root - DEBUG - Processing 660-th line out of 2500 rows of DP table...
2022-01-05 06:23:47,913 - root - DEBUG - Processing 670-th line out of 2500 rows of DP table...
2022-01-05 06:23:48,548 - root - DEBUG - Processing 680-th line out of 2500 rows of DP table...
2022-01-05 06:23:49,187 - root - DEBUG - Processing 690-th line out of 2500 rows of DP table...
2022-01-05 06:23:49,815 - root - DEBUG - Processing 700-th line out of 2500 rows of DP table...
2022-01-05 06:23:50,438 - root - DEBUG - Processing 710-th line out of 2500 rows of DP table...
2022-01-05 06:23:51,062 - root - DEBUG - Processing 720-th line out of 2500 rows of DP table...
2022-01-05 06:23:51,683 - root - DEBUG - Processing 730-th line out of 2500 rows of DP table...
2022-01-05 06:23:52,299 - root - DEBUG - Processing 740-th line out of 2500 rows of DP table...
2022-01-05 06:23:52,917 - root - DEBUG - Processing 750-th line out of 2500 rows of DP table...
2022-01-05 06:23:53,525 - root - DEBUG - Processing 760-th line out of 2500 rows of DP table...
2022-01-05 06:23:54,129 - root - DEBUG - Processing 770-th line out of 2500 rows of DP table...
2022-01-05 06:23:54,729 - root - DEBUG - Processing 780-th line out of 2500 rows of DP table...
2022-01-05 06:23:55,330 - root - DEBUG - Processing 790-th line out of 2500 rows of DP table...
2022-01-05 06:23:55,926 - root - DEBUG - Processing 800-th line out of 2500 rows of DP table...
2022-01-05 06:23:56,519 - root - DEBUG - Processing 810-th line out of 2500 rows of DP table...
2022-01-05 06:23:57,110 - root - DEBUG - Processing 820-th line out of 2500 rows of DP table...
2022-01-05 06:23:57,695 - root - DEBUG - Processing 830-th line out of 2500 rows of DP table...
2022-01-05 06:23:58,277 - root - DEBUG - Processing 840-th line out of 2500 rows of DP table...
2022-01-05 06:23:58,859 - root - DEBUG - Processing 850-th line out of 2500 rows of DP table...
2022-01-05 06:23:59,455 - root - DEBUG - Processing 860-th line out of 2500 rows of DP table...
2022-01-05 06:24:00,025 - root - DEBUG - Processing 870-th line out of 2500 rows of DP table...
2022-01-05 06:24:00,596 - root - DEBUG - Processing 880-th line out of 2500 rows of DP table...
2022-01-05 06:24:01,162 - root - DEBUG - Processing 890-th line out of 2500 rows of DP table...
2022-01-05 06:24:01,724 - root - DEBUG - Processing 900-th line out of 2500 rows of DP table...
2022-01-05 06:24:02,283 - root - DEBUG - Processing 910-th line out of 2500 rows of DP table...
2022-01-05 06:24:02,839 - root - DEBUG - Processing 920-th line out of 2500 rows of DP table...
2022-01-05 06:24:03,394 - root - DEBUG - Processing 930-th line out of 2500 rows of DP table...
2022-01-05 06:24:03,941 - root - DEBUG - Processing 940-th line out of 2500 rows of DP table...
2022-01-05 06:24:04,484 - root - DEBUG - Processing 950-th line out of 2500 rows of DP table...
2022-01-05 06:24:05,029 - root - DEBUG - Processing 960-th line out of 2500 rows of DP table...
2022-01-05 06:24:05,566 - root - DEBUG - Processing 970-th line out of 2500 rows of DP table...
2022-01-05 06:24:06,100 - root - DEBUG - Processing 980-th line out of 2500 rows of DP table...
2022-01-05 06:24:06,631 - root - DEBUG - Processing 990-th line out of 2500 rows of DP table...
2022-01-05 06:24:07,161 - root - DEBUG - Processing 1000-th line out of 2500 rows of DP table...
2022-01-05 06:24:07,683 - root - DEBUG - Processing 1010-th line out of 2500 rows of DP table...
2022-01-05 06:24:08,217 - root - DEBUG - Processing 1020-th line out of 2500 rows of DP table...
2022-01-05 06:24:08,736 - root - DEBUG - Processing 1030-th line out of 2500 rows of DP table...
2022-01-05 06:24:09,254 - root - DEBUG - Processing 1040-th line out of 2500 rows of DP table...
2022-01-05 06:24:09,764 - root - DEBUG - Processing 1050-th line out of 2500 rows of DP table...
2022-01-05 06:24:10,269 - root - DEBUG - Processing 1060-th line out of 2500 rows of DP table...
2022-01-05 06:24:10,772 - root - DEBUG - Processing 1070-th line out of 2500 rows of DP table...
2022-01-05 06:24:11,275 - root - DEBUG - Processing 1080-th line out of 2500 rows of DP table...
2022-01-05 06:24:11,771 - root - DEBUG - Processing 1090-th line out of 2500 rows of DP table...
2022-01-05 06:24:12,265 - root - DEBUG - Processing 1100-th line out of 2500 rows of DP table...
2022-01-05 06:24:12,757 - root - DEBUG - Processing 1110-th line out of 2500 rows of DP table...
2022-01-05 06:24:13,248 - root - DEBUG - Processing 1120-th line out of 2500 rows of DP table...
2022-01-05 06:24:13,728 - root - DEBUG - Processing 1130-th line out of 2500 rows of DP table...
2022-01-05 06:24:14,208 - root - DEBUG - Processing 1140-th line out of 2500 rows of DP table...
2022-01-05 06:24:14,684 - root - DEBUG - Processing 1150-th line out of 2500 rows of DP table...
2022-01-05 06:24:15,161 - root - DEBUG - Processing 1160-th line out of 2500 rows of DP table...
2022-01-05 06:24:15,631 - root - DEBUG - Processing 1170-th line out of 2500 rows of DP table...
2022-01-05 06:24:16,108 - root - DEBUG - Processing 1180-th line out of 2500 rows of DP table...
2022-01-05 06:24:16,572 - root - DEBUG - Processing 1190-th line out of 2500 rows of DP table...
2022-01-05 06:24:17,030 - root - DEBUG - Processing 1200-th line out of 2500 rows of DP table...
2022-01-05 06:24:17,486 - root - DEBUG - Processing 1210-th line out of 2500 rows of DP table...
2022-01-05 06:24:17,940 - root - DEBUG - Processing 1220-th line out of 2500 rows of DP table...
2022-01-05 06:24:18,388 - root - DEBUG - Processing 1230-th line out of 2500 rows of DP table...
2022-01-05 06:24:18,834 - root - DEBUG - Processing 1240-th line out of 2500 rows of DP table...
2022-01-05 06:24:19,279 - root - DEBUG - Processing 1250-th line out of 2500 rows of DP table...
2022-01-05 06:24:19,717 - root - DEBUG - Processing 1260-th line out of 2500 rows of DP table...
2022-01-05 06:24:20,153 - root - DEBUG - Processing 1270-th line out of 2500 rows of DP table...
2022-01-05 06:24:20,582 - root - DEBUG - Processing 1280-th line out of 2500 rows of DP table...
2022-01-05 06:24:21,009 - root - DEBUG - Processing 1290-th line out of 2500 rows of DP table...
2022-01-05 06:24:21,435 - root - DEBUG - Processing 1300-th line out of 2500 rows of DP table...
2022-01-05 06:24:21,858 - root - DEBUG - Processing 1310-th line out of 2500 rows of DP table...
2022-01-05 06:24:22,278 - root - DEBUG - Processing 1320-th line out of 2500 rows of DP table...
2022-01-05 06:24:22,694 - root - DEBUG - Processing 1330-th line out of 2500 rows of DP table...
2022-01-05 06:24:23,111 - root - DEBUG - Processing 1340-th line out of 2500 rows of DP table...
2022-01-05 06:24:23,519 - root - DEBUG - Processing 1350-th line out of 2500 rows of DP table...
2022-01-05 06:24:23,921 - root - DEBUG - Processing 1360-th line out of 2500 rows of DP table...
2022-01-05 06:24:24,320 - root - DEBUG - Processing 1370-th line out of 2500 rows of DP table...
2022-01-05 06:24:24,718 - root - DEBUG - Processing 1380-th line out of 2500 rows of DP table...
2022-01-05 06:24:25,117 - root - DEBUG - Processing 1390-th line out of 2500 rows of DP table...
2022-01-05 06:24:25,505 - root - DEBUG - Processing 1400-th line out of 2500 rows of DP table...
2022-01-05 06:24:25,895 - root - DEBUG - Processing 1410-th line out of 2500 rows of DP table...
2022-01-05 06:24:26,277 - root - DEBUG - Processing 1420-th line out of 2500 rows of DP table...
2022-01-05 06:24:26,658 - root - DEBUG - Processing 1430-th line out of 2500 rows of DP table...
2022-01-05 06:24:27,034 - root - DEBUG - Processing 1440-th line out of 2500 rows of DP table...
2022-01-05 06:24:27,410 - root - DEBUG - Processing 1450-th line out of 2500 rows of DP table...
2022-01-05 06:24:27,780 - root - DEBUG - Processing 1460-th line out of 2500 rows of DP table...
2022-01-05 06:24:28,145 - root - DEBUG - Processing 1470-th line out of 2500 rows of DP table...
2022-01-05 06:24:28,510 - root - DEBUG - Processing 1480-th line out of 2500 rows of DP table...
2022-01-05 06:24:28,870 - root - DEBUG - Processing 1490-th line out of 2500 rows of DP table...
2022-01-05 06:24:29,229 - root - DEBUG - Processing 1500-th line out of 2500 rows of DP table...
2022-01-05 06:24:29,584 - root - DEBUG - Processing 1510-th line out of 2500 rows of DP table...
2022-01-05 06:24:29,931 - root - DEBUG - Processing 1520-th line out of 2500 rows of DP table...
2022-01-05 06:24:30,318 - root - DEBUG - Processing 1530-th line out of 2500 rows of DP table...
2022-01-05 06:24:30,659 - root - DEBUG - Processing 1540-th line out of 2500 rows of DP table...
2022-01-05 06:24:30,999 - root - DEBUG - Processing 1550-th line out of 2500 rows of DP table...
2022-01-05 06:24:31,338 - root - DEBUG - Processing 1560-th line out of 2500 rows of DP table...
2022-01-05 06:24:31,672 - root - DEBUG - Processing 1570-th line out of 2500 rows of DP table...
2022-01-05 06:24:32,003 - root - DEBUG - Processing 1580-th line out of 2500 rows of DP table...
2022-01-05 06:24:32,331 - root - DEBUG - Processing 1590-th line out of 2500 rows of DP table...
2022-01-05 06:24:32,655 - root - DEBUG - Processing 1600-th line out of 2500 rows of DP table...
2022-01-05 06:24:32,975 - root - DEBUG - Processing 1610-th line out of 2500 rows of DP table...
2022-01-05 06:24:33,293 - root - DEBUG - Processing 1620-th line out of 2500 rows of DP table...
2022-01-05 06:24:33,605 - root - DEBUG - Processing 1630-th line out of 2500 rows of DP table...
2022-01-05 06:24:33,914 - root - DEBUG - Processing 1640-th line out of 2500 rows of DP table...
2022-01-05 06:24:34,228 - root - DEBUG - Processing 1650-th line out of 2500 rows of DP table...
2022-01-05 06:24:34,529 - root - DEBUG - Processing 1660-th line out of 2500 rows of DP table...
2022-01-05 06:24:34,828 - root - DEBUG - Processing 1670-th line out of 2500 rows of DP table...
2022-01-05 06:24:35,124 - root - DEBUG - Processing 1680-th line out of 2500 rows of DP table...
2022-01-05 06:24:35,418 - root - DEBUG - Processing 1690-th line out of 2500 rows of DP table...
2022-01-05 06:24:35,708 - root - DEBUG - Processing 1700-th line out of 2500 rows of DP table...
2022-01-05 06:24:35,993 - root - DEBUG - Processing 1710-th line out of 2500 rows of DP table...
2022-01-05 06:24:36,274 - root - DEBUG - Processing 1720-th line out of 2500 rows of DP table...
2022-01-05 06:24:36,553 - root - DEBUG - Processing 1730-th line out of 2500 rows of DP table...
2022-01-05 06:24:36,828 - root - DEBUG - Processing 1740-th line out of 2500 rows of DP table...
2022-01-05 06:24:37,098 - root - DEBUG - Processing 1750-th line out of 2500 rows of DP table...
2022-01-05 06:24:37,369 - root - DEBUG - Processing 1760-th line out of 2500 rows of DP table...
2022-01-05 06:24:37,634 - root - DEBUG - Processing 1770-th line out of 2500 rows of DP table...
2022-01-05 06:24:37,894 - root - DEBUG - Processing 1780-th line out of 2500 rows of DP table...
2022-01-05 06:24:38,152 - root - DEBUG - Processing 1790-th line out of 2500 rows of DP table...
2022-01-05 06:24:38,407 - root - DEBUG - Processing 1800-th line out of 2500 rows of DP table...
2022-01-05 06:24:38,659 - root - DEBUG - Processing 1810-th line out of 2500 rows of DP table...
2022-01-05 06:24:38,907 - root - DEBUG - Processing 1820-th line out of 2500 rows of DP table...
2022-01-05 06:24:39,151 - root - DEBUG - Processing 1830-th line out of 2500 rows of DP table...
2022-01-05 06:24:39,397 - root - DEBUG - Processing 1840-th line out of 2500 rows of DP table...
2022-01-05 06:24:39,635 - root - DEBUG - Processing 1850-th line out of 2500 rows of DP table...
2022-01-05 06:24:39,868 - root - DEBUG - Processing 1860-th line out of 2500 rows of DP table...
2022-01-05 06:24:40,098 - root - DEBUG - Processing 1870-th line out of 2500 rows of DP table...
2022-01-05 06:24:40,325 - root - DEBUG - Processing 1880-th line out of 2500 rows of DP table...
2022-01-05 06:24:40,548 - root - DEBUG - Processing 1890-th line out of 2500 rows of DP table...
2022-01-05 06:24:40,767 - root - DEBUG - Processing 1900-th line out of 2500 rows of DP table...
2022-01-05 06:24:40,984 - root - DEBUG - Processing 1910-th line out of 2500 rows of DP table...
2022-01-05 06:24:41,198 - root - DEBUG - Processing 1920-th line out of 2500 rows of DP table...
2022-01-05 06:24:41,411 - root - DEBUG - Processing 1930-th line out of 2500 rows of DP table...
2022-01-05 06:24:41,618 - root - DEBUG - Processing 1940-th line out of 2500 rows of DP table...
2022-01-05 06:24:41,821 - root - DEBUG - Processing 1950-th line out of 2500 rows of DP table...
2022-01-05 06:24:42,021 - root - DEBUG - Processing 1960-th line out of 2500 rows of DP table...
2022-01-05 06:24:42,217 - root - DEBUG - Processing 1970-th line out of 2500 rows of DP table...
2022-01-05 06:24:42,409 - root - DEBUG - Processing 1980-th line out of 2500 rows of DP table...
2022-01-05 06:24:42,623 - root - DEBUG - Processing 1990-th line out of 2500 rows of DP table...
2022-01-05 06:24:42,808 - root - DEBUG - Processing 2000-th line out of 2500 rows of DP table...
2022-01-05 06:24:42,989 - root - DEBUG - Processing 2010-th line out of 2500 rows of DP table...
2022-01-05 06:24:43,168 - root - DEBUG - Processing 2020-th line out of 2500 rows of DP table...
2022-01-05 06:24:43,342 - root - DEBUG - Processing 2030-th line out of 2500 rows of DP table...
2022-01-05 06:24:43,517 - root - DEBUG - Processing 2040-th line out of 2500 rows of DP table...
2022-01-05 06:24:43,685 - root - DEBUG - Processing 2050-th line out of 2500 rows of DP table...
2022-01-05 06:24:43,850 - root - DEBUG - Processing 2060-th line out of 2500 rows of DP table...
2022-01-05 06:24:44,013 - root - DEBUG - Processing 2070-th line out of 2500 rows of DP table...
2022-01-05 06:24:44,171 - root - DEBUG - Processing 2080-th line out of 2500 rows of DP table...
2022-01-05 06:24:44,325 - root - DEBUG - Processing 2090-th line out of 2500 rows of DP table...
2022-01-05 06:24:44,477 - root - DEBUG - Processing 2100-th line out of 2500 rows of DP table...
2022-01-05 06:24:44,625 - root - DEBUG - Processing 2110-th line out of 2500 rows of DP table...
2022-01-05 06:24:44,771 - root - DEBUG - Processing 2120-th line out of 2500 rows of DP table...
2022-01-05 06:24:44,913 - root - DEBUG - Processing 2130-th line out of 2500 rows of DP table...
2022-01-05 06:24:45,051 - root - DEBUG - Processing 2140-th line out of 2500 rows of DP table...
2022-01-05 06:24:45,185 - root - DEBUG - Processing 2150-th line out of 2500 rows of DP table...
2022-01-05 06:24:45,316 - root - DEBUG - Processing 2160-th line out of 2500 rows of DP table...
2022-01-05 06:24:45,448 - root - DEBUG - Processing 2170-th line out of 2500 rows of DP table...
2022-01-05 06:24:45,573 - root - DEBUG - Processing 2180-th line out of 2500 rows of DP table...
2022-01-05 06:24:45,693 - root - DEBUG - Processing 2190-th line out of 2500 rows of DP table...
2022-01-05 06:24:45,810 - root - DEBUG - Processing 2200-th line out of 2500 rows of DP table...
2022-01-05 06:24:45,924 - root - DEBUG - Processing 2210-th line out of 2500 rows of DP table...
2022-01-05 06:24:46,035 - root - DEBUG - Processing 2220-th line out of 2500 rows of DP table...
2022-01-05 06:24:46,142 - root - DEBUG - Processing 2230-th line out of 2500 rows of DP table...
2022-01-05 06:24:46,245 - root - DEBUG - Processing 2240-th line out of 2500 rows of DP table...
2022-01-05 06:24:46,345 - root - DEBUG - Processing 2250-th line out of 2500 rows of DP table...
2022-01-05 06:24:46,443 - root - DEBUG - Processing 2260-th line out of 2500 rows of DP table...
2022-01-05 06:24:46,536 - root - DEBUG - Processing 2270-th line out of 2500 rows of DP table...
2022-01-05 06:24:46,626 - root - DEBUG - Processing 2280-th line out of 2500 rows of DP table...
2022-01-05 06:24:46,713 - root - DEBUG - Processing 2290-th line out of 2500 rows of DP table...
2022-01-05 06:24:46,796 - root - DEBUG - Processing 2300-th line out of 2500 rows of DP table...
2022-01-05 06:24:46,876 - root - DEBUG - Processing 2310-th line out of 2500 rows of DP table...
2022-01-05 06:24:46,953 - root - DEBUG - Processing 2320-th line out of 2500 rows of DP table...
2022-01-05 06:24:47,026 - root - DEBUG - Processing 2330-th line out of 2500 rows of DP table...
2022-01-05 06:24:47,095 - root - DEBUG - Processing 2340-th line out of 2500 rows of DP table...
2022-01-05 06:24:47,161 - root - DEBUG - Processing 2350-th line out of 2500 rows of DP table...
2022-01-05 06:24:47,224 - root - DEBUG - Processing 2360-th line out of 2500 rows of DP table...
2022-01-05 06:24:47,283 - root - DEBUG - Processing 2370-th line out of 2500 rows of DP table...
2022-01-05 06:24:47,339 - root - DEBUG - Processing 2380-th line out of 2500 rows of DP table...
2022-01-05 06:24:47,392 - root - DEBUG - Processing 2390-th line out of 2500 rows of DP table...
2022-01-05 06:24:47,441 - root - DEBUG - Processing 2400-th line out of 2500 rows of DP table...
2022-01-05 06:24:47,487 - root - DEBUG - Processing 2410-th line out of 2500 rows of DP table...
2022-01-05 06:24:47,529 - root - DEBUG - Processing 2420-th line out of 2500 rows of DP table...
2022-01-05 06:24:47,570 - root - DEBUG - Processing 2430-th line out of 2500 rows of DP table...
2022-01-05 06:24:47,606 - root - DEBUG - Processing 2440-th line out of 2500 rows of DP table...
2022-01-05 06:24:47,638 - root - DEBUG - Processing 2450-th line out of 2500 rows of DP table...
2022-01-05 06:24:47,667 - root - DEBUG - Processing 2460-th line out of 2500 rows of DP table...
2022-01-05 06:24:47,692 - root - DEBUG - Processing 2470-th line out of 2500 rows of DP table...
2022-01-05 06:24:47,714 - root - DEBUG - Processing 2480-th line out of 2500 rows of DP table...
2022-01-05 06:24:47,733 - root - DEBUG - Processing 2490-th line out of 2500 rows of DP table...
2022-01-05 06:24:47,748 - root - DEBUG - Processing 2500-th line out of 2500 rows of DP table...
2022-01-05 06:24:47,762 - root - DEBUG - Started computing joint logprobs...
