2022-01-04 00:57:43,735 - root - INFO - Loading reference interval set from '211227-2-sim/g26_2.ref.tsv'...
2022-01-04 00:57:43,739 - root - INFO - Loading query interval set from '211227-2-sim/g26_2.query.tsv'...
2022-01-04 00:57:43,742 - root - INFO - Loading chromosome sizes from '211227-2-sim/g26_sizes.tsv'...
2022-01-04 00:57:43,744 - root - INFO - Number of reference intervals: 2500 (2500 before merging)
2022-01-04 00:57:43,745 - root - INFO - Number of query intervals: 50 (50 before merging)
2022-01-04 00:57:43,746 - root - INFO - Number of chromosomes: 1
2022-01-04 00:57:43,773 - root - INFO - Overlap count: 138
2022-01-04 00:57:43,775 - root - DEBUG - Started computing sf for chromosome 'chr1'...
2022-01-04 00:57:43,777 - root - DEBUG - m=2500, n=50
2022-01-04 00:57:44,615 - root - DEBUG - Processing 10-th line out of 2500 rows of DP table...
2022-01-04 00:57:45,455 - root - DEBUG - Processing 20-th line out of 2500 rows of DP table...
2022-01-04 00:57:46,292 - root - DEBUG - Processing 30-th line out of 2500 rows of DP table...
2022-01-04 00:57:47,127 - root - DEBUG - Processing 40-th line out of 2500 rows of DP table...
2022-01-04 00:57:47,953 - root - DEBUG - Processing 50-th line out of 2500 rows of DP table...
2022-01-04 00:57:48,785 - root - DEBUG - Processing 60-th line out of 2500 rows of DP table...
2022-01-04 00:57:49,609 - root - DEBUG - Processing 70-th line out of 2500 rows of DP table...
2022-01-04 00:57:50,470 - root - DEBUG - Processing 80-th line out of 2500 rows of DP table...
2022-01-04 00:57:51,303 - root - DEBUG - Processing 90-th line out of 2500 rows of DP table...
2022-01-04 00:57:52,120 - root - DEBUG - Processing 100-th line out of 2500 rows of DP table...
2022-01-04 00:57:52,944 - root - DEBUG - Processing 110-th line out of 2500 rows of DP table...
2022-01-04 00:57:53,756 - root - DEBUG - Processing 120-th line out of 2500 rows of DP table...
2022-01-04 00:57:54,578 - root - DEBUG - Processing 130-th line out of 2500 rows of DP table...
2022-01-04 00:57:55,387 - root - DEBUG - Processing 140-th line out of 2500 rows of DP table...
2022-01-04 00:57:56,188 - root - DEBUG - Processing 150-th line out of 2500 rows of DP table...
2022-01-04 00:57:56,989 - root - DEBUG - Processing 160-th line out of 2500 rows of DP table...
2022-01-04 00:57:57,786 - root - DEBUG - Processing 170-th line out of 2500 rows of DP table...
2022-01-04 00:57:58,580 - root - DEBUG - Processing 180-th line out of 2500 rows of DP table...
2022-01-04 00:57:59,393 - root - DEBUG - Processing 190-th line out of 2500 rows of DP table...
2022-01-04 00:58:00,183 - root - DEBUG - Processing 200-th line out of 2500 rows of DP table...
2022-01-04 00:58:00,966 - root - DEBUG - Processing 210-th line out of 2500 rows of DP table...
2022-01-04 00:58:01,752 - root - DEBUG - Processing 220-th line out of 2500 rows of DP table...
2022-01-04 00:58:02,529 - root - DEBUG - Processing 230-th line out of 2500 rows of DP table...
2022-01-04 00:58:03,303 - root - DEBUG - Processing 240-th line out of 2500 rows of DP table...
2022-01-04 00:58:04,081 - root - DEBUG - Processing 250-th line out of 2500 rows of DP table...
2022-01-04 00:58:04,849 - root - DEBUG - Processing 260-th line out of 2500 rows of DP table...
2022-01-04 00:58:05,616 - root - DEBUG - Processing 270-th line out of 2500 rows of DP table...
2022-01-04 00:58:06,376 - root - DEBUG - Processing 280-th line out of 2500 rows of DP table...
2022-01-04 00:58:07,131 - root - DEBUG - Processing 290-th line out of 2500 rows of DP table...
2022-01-04 00:58:07,892 - root - DEBUG - Processing 300-th line out of 2500 rows of DP table...
2022-01-04 00:58:08,642 - root - DEBUG - Processing 310-th line out of 2500 rows of DP table...
2022-01-04 00:58:09,390 - root - DEBUG - Processing 320-th line out of 2500 rows of DP table...
2022-01-04 00:58:10,140 - root - DEBUG - Processing 330-th line out of 2500 rows of DP table...
2022-01-04 00:58:10,879 - root - DEBUG - Processing 340-th line out of 2500 rows of DP table...
2022-01-04 00:58:11,614 - root - DEBUG - Processing 350-th line out of 2500 rows of DP table...
2022-01-04 00:58:12,353 - root - DEBUG - Processing 360-th line out of 2500 rows of DP table...
2022-01-04 00:58:13,082 - root - DEBUG - Processing 370-th line out of 2500 rows of DP table...
2022-01-04 00:58:13,808 - root - DEBUG - Processing 380-th line out of 2500 rows of DP table...
2022-01-04 00:58:14,539 - root - DEBUG - Processing 390-th line out of 2500 rows of DP table...
2022-01-04 00:58:15,258 - root - DEBUG - Processing 400-th line out of 2500 rows of DP table...
2022-01-04 00:58:15,972 - root - DEBUG - Processing 410-th line out of 2500 rows of DP table...
2022-01-04 00:58:16,693 - root - DEBUG - Processing 420-th line out of 2500 rows of DP table...
2022-01-04 00:58:17,405 - root - DEBUG - Processing 430-th line out of 2500 rows of DP table...
2022-01-04 00:58:18,112 - root - DEBUG - Processing 440-th line out of 2500 rows of DP table...
2022-01-04 00:58:18,825 - root - DEBUG - Processing 450-th line out of 2500 rows of DP table...
2022-01-04 00:58:19,524 - root - DEBUG - Processing 460-th line out of 2500 rows of DP table...
2022-01-04 00:58:20,217 - root - DEBUG - Processing 470-th line out of 2500 rows of DP table...
2022-01-04 00:58:20,912 - root - DEBUG - Processing 480-th line out of 2500 rows of DP table...
2022-01-04 00:58:21,603 - root - DEBUG - Processing 490-th line out of 2500 rows of DP table...
2022-01-04 00:58:22,289 - root - DEBUG - Processing 500-th line out of 2500 rows of DP table...
2022-01-04 00:58:22,978 - root - DEBUG - Processing 510-th line out of 2500 rows of DP table...
2022-01-04 00:58:23,658 - root - DEBUG - Processing 520-th line out of 2500 rows of DP table...
2022-01-04 00:58:24,334 - root - DEBUG - Processing 530-th line out of 2500 rows of DP table...
2022-01-04 00:58:25,014 - root - DEBUG - Processing 540-th line out of 2500 rows of DP table...
2022-01-04 00:58:25,684 - root - DEBUG - Processing 550-th line out of 2500 rows of DP table...
2022-01-04 00:58:26,450 - root - DEBUG - Processing 560-th line out of 2500 rows of DP table...
2022-01-04 00:58:27,120 - root - DEBUG - Processing 570-th line out of 2500 rows of DP table...
2022-01-04 00:58:27,779 - root - DEBUG - Processing 580-th line out of 2500 rows of DP table...
2022-01-04 00:58:28,436 - root - DEBUG - Processing 590-th line out of 2500 rows of DP table...
2022-01-04 00:58:29,097 - root - DEBUG - Processing 600-th line out of 2500 rows of DP table...
2022-01-04 00:58:29,745 - root - DEBUG - Processing 610-th line out of 2500 rows of DP table...
2022-01-04 00:58:30,391 - root - DEBUG - Processing 620-th line out of 2500 rows of DP table...
2022-01-04 00:58:31,032 - root - DEBUG - Processing 630-th line out of 2500 rows of DP table...
2022-01-04 00:58:31,670 - root - DEBUG - Processing 640-th line out of 2500 rows of DP table...
2022-01-04 00:58:32,312 - root - DEBUG - Processing 650-th line out of 2500 rows of DP table...
2022-01-04 00:58:32,949 - root - DEBUG - Processing 660-th line out of 2500 rows of DP table...
2022-01-04 00:58:33,588 - root - DEBUG - Processing 670-th line out of 2500 rows of DP table...
2022-01-04 00:58:34,214 - root - DEBUG - Processing 680-th line out of 2500 rows of DP table...
2022-01-04 00:58:34,964 - root - DEBUG - Processing 690-th line out of 2500 rows of DP table...
2022-01-04 00:58:35,584 - root - DEBUG - Processing 700-th line out of 2500 rows of DP table...
2022-01-04 00:58:36,201 - root - DEBUG - Processing 710-th line out of 2500 rows of DP table...
2022-01-04 00:58:36,819 - root - DEBUG - Processing 720-th line out of 2500 rows of DP table...
2022-01-04 00:58:37,436 - root - DEBUG - Processing 730-th line out of 2500 rows of DP table...
2022-01-04 00:58:38,043 - root - DEBUG - Processing 740-th line out of 2500 rows of DP table...
2022-01-04 00:58:38,646 - root - DEBUG - Processing 750-th line out of 2500 rows of DP table...
2022-01-04 00:58:39,246 - root - DEBUG - Processing 760-th line out of 2500 rows of DP table...
2022-01-04 00:58:39,844 - root - DEBUG - Processing 770-th line out of 2500 rows of DP table...
2022-01-04 00:58:40,438 - root - DEBUG - Processing 780-th line out of 2500 rows of DP table...
2022-01-04 00:58:41,027 - root - DEBUG - Processing 790-th line out of 2500 rows of DP table...
2022-01-04 00:58:41,615 - root - DEBUG - Processing 800-th line out of 2500 rows of DP table...
2022-01-04 00:58:42,199 - root - DEBUG - Processing 810-th line out of 2500 rows of DP table...
2022-01-04 00:58:42,780 - root - DEBUG - Processing 820-th line out of 2500 rows of DP table...
2022-01-04 00:58:43,360 - root - DEBUG - Processing 830-th line out of 2500 rows of DP table...
2022-01-04 00:58:43,935 - root - DEBUG - Processing 840-th line out of 2500 rows of DP table...
2022-01-04 00:58:44,510 - root - DEBUG - Processing 850-th line out of 2500 rows of DP table...
2022-01-04 00:58:45,075 - root - DEBUG - Processing 860-th line out of 2500 rows of DP table...
2022-01-04 00:58:45,638 - root - DEBUG - Processing 870-th line out of 2500 rows of DP table...
2022-01-04 00:58:46,198 - root - DEBUG - Processing 880-th line out of 2500 rows of DP table...
2022-01-04 00:58:46,756 - root - DEBUG - Processing 890-th line out of 2500 rows of DP table...
2022-01-04 00:58:47,309 - root - DEBUG - Processing 900-th line out of 2500 rows of DP table...
2022-01-04 00:58:47,859 - root - DEBUG - Processing 910-th line out of 2500 rows of DP table...
2022-01-04 00:58:48,408 - root - DEBUG - Processing 920-th line out of 2500 rows of DP table...
2022-01-04 00:58:48,952 - root - DEBUG - Processing 930-th line out of 2500 rows of DP table...
2022-01-04 00:58:49,494 - root - DEBUG - Processing 940-th line out of 2500 rows of DP table...
2022-01-04 00:58:50,031 - root - DEBUG - Processing 950-th line out of 2500 rows of DP table...
2022-01-04 00:58:50,564 - root - DEBUG - Processing 960-th line out of 2500 rows of DP table...
2022-01-04 00:58:51,093 - root - DEBUG - Processing 970-th line out of 2500 rows of DP table...
2022-01-04 00:58:51,618 - root - DEBUG - Processing 980-th line out of 2500 rows of DP table...
2022-01-04 00:58:52,143 - root - DEBUG - Processing 990-th line out of 2500 rows of DP table...
2022-01-04 00:58:52,665 - root - DEBUG - Processing 1000-th line out of 2500 rows of DP table...
2022-01-04 00:58:53,187 - root - DEBUG - Processing 1010-th line out of 2500 rows of DP table...
2022-01-04 00:58:53,700 - root - DEBUG - Processing 1020-th line out of 2500 rows of DP table...
2022-01-04 00:58:54,212 - root - DEBUG - Processing 1030-th line out of 2500 rows of DP table...
2022-01-04 00:58:54,718 - root - DEBUG - Processing 1040-th line out of 2500 rows of DP table...
2022-01-04 00:58:55,221 - root - DEBUG - Processing 1050-th line out of 2500 rows of DP table...
2022-01-04 00:58:55,721 - root - DEBUG - Processing 1060-th line out of 2500 rows of DP table...
2022-01-04 00:58:56,217 - root - DEBUG - Processing 1070-th line out of 2500 rows of DP table...
2022-01-04 00:58:56,709 - root - DEBUG - Processing 1080-th line out of 2500 rows of DP table...
2022-01-04 00:58:57,201 - root - DEBUG - Processing 1090-th line out of 2500 rows of DP table...
2022-01-04 00:58:57,688 - root - DEBUG - Processing 1100-th line out of 2500 rows of DP table...
2022-01-04 00:58:58,172 - root - DEBUG - Processing 1110-th line out of 2500 rows of DP table...
2022-01-04 00:58:58,653 - root - DEBUG - Processing 1120-th line out of 2500 rows of DP table...
2022-01-04 00:58:59,129 - root - DEBUG - Processing 1130-th line out of 2500 rows of DP table...
2022-01-04 00:58:59,606 - root - DEBUG - Processing 1140-th line out of 2500 rows of DP table...
2022-01-04 00:59:00,079 - root - DEBUG - Processing 1150-th line out of 2500 rows of DP table...
2022-01-04 00:59:00,550 - root - DEBUG - Processing 1160-th line out of 2500 rows of DP table...
2022-01-04 00:59:01,016 - root - DEBUG - Processing 1170-th line out of 2500 rows of DP table...
2022-01-04 00:59:01,478 - root - DEBUG - Processing 1180-th line out of 2500 rows of DP table...
2022-01-04 00:59:01,938 - root - DEBUG - Processing 1190-th line out of 2500 rows of DP table...
2022-01-04 00:59:02,394 - root - DEBUG - Processing 1200-th line out of 2500 rows of DP table...
2022-01-04 00:59:02,847 - root - DEBUG - Processing 1210-th line out of 2500 rows of DP table...
2022-01-04 00:59:03,297 - root - DEBUG - Processing 1220-th line out of 2500 rows of DP table...
2022-01-04 00:59:03,742 - root - DEBUG - Processing 1230-th line out of 2500 rows of DP table...
2022-01-04 00:59:04,184 - root - DEBUG - Processing 1240-th line out of 2500 rows of DP table...
2022-01-04 00:59:04,668 - root - DEBUG - Processing 1250-th line out of 2500 rows of DP table...
2022-01-04 00:59:05,129 - root - DEBUG - Processing 1260-th line out of 2500 rows of DP table...
2022-01-04 00:59:05,624 - root - DEBUG - Processing 1270-th line out of 2500 rows of DP table...
2022-01-04 00:59:06,051 - root - DEBUG - Processing 1280-th line out of 2500 rows of DP table...
2022-01-04 00:59:06,474 - root - DEBUG - Processing 1290-th line out of 2500 rows of DP table...
2022-01-04 00:59:06,894 - root - DEBUG - Processing 1300-th line out of 2500 rows of DP table...
2022-01-04 00:59:07,311 - root - DEBUG - Processing 1310-th line out of 2500 rows of DP table...
2022-01-04 00:59:07,725 - root - DEBUG - Processing 1320-th line out of 2500 rows of DP table...
2022-01-04 00:59:08,136 - root - DEBUG - Processing 1330-th line out of 2500 rows of DP table...
2022-01-04 00:59:08,540 - root - DEBUG - Processing 1340-th line out of 2500 rows of DP table...
2022-01-04 00:59:08,943 - root - DEBUG - Processing 1350-th line out of 2500 rows of DP table...
2022-01-04 00:59:09,342 - root - DEBUG - Processing 1360-th line out of 2500 rows of DP table...
2022-01-04 00:59:09,741 - root - DEBUG - Processing 1370-th line out of 2500 rows of DP table...
2022-01-04 00:59:10,135 - root - DEBUG - Processing 1380-th line out of 2500 rows of DP table...
2022-01-04 00:59:10,524 - root - DEBUG - Processing 1390-th line out of 2500 rows of DP table...
2022-01-04 00:59:10,910 - root - DEBUG - Processing 1400-th line out of 2500 rows of DP table...
2022-01-04 00:59:11,292 - root - DEBUG - Processing 1410-th line out of 2500 rows of DP table...
2022-01-04 00:59:11,672 - root - DEBUG - Processing 1420-th line out of 2500 rows of DP table...
2022-01-04 00:59:12,050 - root - DEBUG - Processing 1430-th line out of 2500 rows of DP table...
2022-01-04 00:59:12,423 - root - DEBUG - Processing 1440-th line out of 2500 rows of DP table...
2022-01-04 00:59:12,791 - root - DEBUG - Processing 1450-th line out of 2500 rows of DP table...
2022-01-04 00:59:13,157 - root - DEBUG - Processing 1460-th line out of 2500 rows of DP table...
2022-01-04 00:59:13,520 - root - DEBUG - Processing 1470-th line out of 2500 rows of DP table...
2022-01-04 00:59:13,879 - root - DEBUG - Processing 1480-th line out of 2500 rows of DP table...
2022-01-04 00:59:14,234 - root - DEBUG - Processing 1490-th line out of 2500 rows of DP table...
2022-01-04 00:59:14,588 - root - DEBUG - Processing 1500-th line out of 2500 rows of DP table...
2022-01-04 00:59:14,938 - root - DEBUG - Processing 1510-th line out of 2500 rows of DP table...
2022-01-04 00:59:15,284 - root - DEBUG - Processing 1520-th line out of 2500 rows of DP table...
2022-01-04 00:59:15,628 - root - DEBUG - Processing 1530-th line out of 2500 rows of DP table...
2022-01-04 00:59:15,968 - root - DEBUG - Processing 1540-th line out of 2500 rows of DP table...
2022-01-04 00:59:16,304 - root - DEBUG - Processing 1550-th line out of 2500 rows of DP table...
2022-01-04 00:59:16,634 - root - DEBUG - Processing 1560-th line out of 2500 rows of DP table...
2022-01-04 00:59:16,962 - root - DEBUG - Processing 1570-th line out of 2500 rows of DP table...
2022-01-04 00:59:17,287 - root - DEBUG - Processing 1580-th line out of 2500 rows of DP table...
2022-01-04 00:59:17,610 - root - DEBUG - Processing 1590-th line out of 2500 rows of DP table...
2022-01-04 00:59:17,930 - root - DEBUG - Processing 1600-th line out of 2500 rows of DP table...
2022-01-04 00:59:18,246 - root - DEBUG - Processing 1610-th line out of 2500 rows of DP table...
2022-01-04 00:59:18,558 - root - DEBUG - Processing 1620-th line out of 2500 rows of DP table...
2022-01-04 00:59:18,869 - root - DEBUG - Processing 1630-th line out of 2500 rows of DP table...
2022-01-04 00:59:19,176 - root - DEBUG - Processing 1640-th line out of 2500 rows of DP table...
2022-01-04 00:59:19,499 - root - DEBUG - Processing 1650-th line out of 2500 rows of DP table...
2022-01-04 00:59:19,806 - root - DEBUG - Processing 1660-th line out of 2500 rows of DP table...
2022-01-04 00:59:20,104 - root - DEBUG - Processing 1670-th line out of 2500 rows of DP table...
2022-01-04 00:59:20,397 - root - DEBUG - Processing 1680-th line out of 2500 rows of DP table...
2022-01-04 00:59:20,687 - root - DEBUG - Processing 1690-th line out of 2500 rows of DP table...
2022-01-04 00:59:20,975 - root - DEBUG - Processing 1700-th line out of 2500 rows of DP table...
2022-01-04 00:59:21,259 - root - DEBUG - Processing 1710-th line out of 2500 rows of DP table...
2022-01-04 00:59:21,541 - root - DEBUG - Processing 1720-th line out of 2500 rows of DP table...
2022-01-04 00:59:21,819 - root - DEBUG - Processing 1730-th line out of 2500 rows of DP table...
2022-01-04 00:59:22,093 - root - DEBUG - Processing 1740-th line out of 2500 rows of DP table...
2022-01-04 00:59:22,365 - root - DEBUG - Processing 1750-th line out of 2500 rows of DP table...
2022-01-04 00:59:22,649 - root - DEBUG - Processing 1760-th line out of 2500 rows of DP table...
2022-01-04 00:59:22,911 - root - DEBUG - Processing 1770-th line out of 2500 rows of DP table...
2022-01-04 00:59:23,170 - root - DEBUG - Processing 1780-th line out of 2500 rows of DP table...
2022-01-04 00:59:23,426 - root - DEBUG - Processing 1790-th line out of 2500 rows of DP table...
2022-01-04 00:59:23,678 - root - DEBUG - Processing 1800-th line out of 2500 rows of DP table...
2022-01-04 00:59:23,927 - root - DEBUG - Processing 1810-th line out of 2500 rows of DP table...
2022-01-04 00:59:24,172 - root - DEBUG - Processing 1820-th line out of 2500 rows of DP table...
2022-01-04 00:59:24,415 - root - DEBUG - Processing 1830-th line out of 2500 rows of DP table...
2022-01-04 00:59:24,653 - root - DEBUG - Processing 1840-th line out of 2500 rows of DP table...
2022-01-04 00:59:24,888 - root - DEBUG - Processing 1850-th line out of 2500 rows of DP table...
2022-01-04 00:59:25,119 - root - DEBUG - Processing 1860-th line out of 2500 rows of DP table...
2022-01-04 00:59:25,348 - root - DEBUG - Processing 1870-th line out of 2500 rows of DP table...
2022-01-04 00:59:25,574 - root - DEBUG - Processing 1880-th line out of 2500 rows of DP table...
2022-01-04 00:59:25,797 - root - DEBUG - Processing 1890-th line out of 2500 rows of DP table...
2022-01-04 00:59:26,015 - root - DEBUG - Processing 1900-th line out of 2500 rows of DP table...
2022-01-04 00:59:26,230 - root - DEBUG - Processing 1910-th line out of 2500 rows of DP table...
2022-01-04 00:59:26,442 - root - DEBUG - Processing 1920-th line out of 2500 rows of DP table...
2022-01-04 00:59:26,650 - root - DEBUG - Processing 1930-th line out of 2500 rows of DP table...
2022-01-04 00:59:26,853 - root - DEBUG - Processing 1940-th line out of 2500 rows of DP table...
2022-01-04 00:59:27,055 - root - DEBUG - Processing 1950-th line out of 2500 rows of DP table...
2022-01-04 00:59:27,252 - root - DEBUG - Processing 1960-th line out of 2500 rows of DP table...
2022-01-04 00:59:27,447 - root - DEBUG - Processing 1970-th line out of 2500 rows of DP table...
2022-01-04 00:59:27,637 - root - DEBUG - Processing 1980-th line out of 2500 rows of DP table...
2022-01-04 00:59:27,825 - root - DEBUG - Processing 1990-th line out of 2500 rows of DP table...
2022-01-04 00:59:28,011 - root - DEBUG - Processing 2000-th line out of 2500 rows of DP table...
2022-01-04 00:59:28,193 - root - DEBUG - Processing 2010-th line out of 2500 rows of DP table...
2022-01-04 00:59:28,371 - root - DEBUG - Processing 2020-th line out of 2500 rows of DP table...
2022-01-04 00:59:28,545 - root - DEBUG - Processing 2030-th line out of 2500 rows of DP table...
2022-01-04 00:59:28,715 - root - DEBUG - Processing 2040-th line out of 2500 rows of DP table...
2022-01-04 00:59:28,883 - root - DEBUG - Processing 2050-th line out of 2500 rows of DP table...
2022-01-04 00:59:29,049 - root - DEBUG - Processing 2060-th line out of 2500 rows of DP table...
2022-01-04 00:59:29,210 - root - DEBUG - Processing 2070-th line out of 2500 rows of DP table...
2022-01-04 00:59:29,367 - root - DEBUG - Processing 2080-th line out of 2500 rows of DP table...
2022-01-04 00:59:29,520 - root - DEBUG - Processing 2090-th line out of 2500 rows of DP table...
2022-01-04 00:59:29,671 - root - DEBUG - Processing 2100-th line out of 2500 rows of DP table...
2022-01-04 00:59:29,818 - root - DEBUG - Processing 2110-th line out of 2500 rows of DP table...
2022-01-04 00:59:29,963 - root - DEBUG - Processing 2120-th line out of 2500 rows of DP table...
2022-01-04 00:59:30,104 - root - DEBUG - Processing 2130-th line out of 2500 rows of DP table...
2022-01-04 00:59:30,241 - root - DEBUG - Processing 2140-th line out of 2500 rows of DP table...
2022-01-04 00:59:30,374 - root - DEBUG - Processing 2150-th line out of 2500 rows of DP table...
2022-01-04 00:59:30,504 - root - DEBUG - Processing 2160-th line out of 2500 rows of DP table...
2022-01-04 00:59:30,631 - root - DEBUG - Processing 2170-th line out of 2500 rows of DP table...
2022-01-04 00:59:30,755 - root - DEBUG - Processing 2180-th line out of 2500 rows of DP table...
2022-01-04 00:59:30,875 - root - DEBUG - Processing 2190-th line out of 2500 rows of DP table...
2022-01-04 00:59:30,992 - root - DEBUG - Processing 2200-th line out of 2500 rows of DP table...
2022-01-04 00:59:31,105 - root - DEBUG - Processing 2210-th line out of 2500 rows of DP table...
2022-01-04 00:59:31,216 - root - DEBUG - Processing 2220-th line out of 2500 rows of DP table...
2022-01-04 00:59:31,324 - root - DEBUG - Processing 2230-th line out of 2500 rows of DP table...
2022-01-04 00:59:31,428 - root - DEBUG - Processing 2240-th line out of 2500 rows of DP table...
2022-01-04 00:59:31,528 - root - DEBUG - Processing 2250-th line out of 2500 rows of DP table...
2022-01-04 00:59:31,624 - root - DEBUG - Processing 2260-th line out of 2500 rows of DP table...
2022-01-04 00:59:31,716 - root - DEBUG - Processing 2270-th line out of 2500 rows of DP table...
2022-01-04 00:59:31,808 - root - DEBUG - Processing 2280-th line out of 2500 rows of DP table...
2022-01-04 00:59:31,896 - root - DEBUG - Processing 2290-th line out of 2500 rows of DP table...
2022-01-04 00:59:31,980 - root - DEBUG - Processing 2300-th line out of 2500 rows of DP table...
2022-01-04 00:59:32,061 - root - DEBUG - Processing 2310-th line out of 2500 rows of DP table...
2022-01-04 00:59:32,137 - root - DEBUG - Processing 2320-th line out of 2500 rows of DP table...
2022-01-04 00:59:32,211 - root - DEBUG - Processing 2330-th line out of 2500 rows of DP table...
2022-01-04 00:59:32,281 - root - DEBUG - Processing 2340-th line out of 2500 rows of DP table...
2022-01-04 00:59:32,347 - root - DEBUG - Processing 2350-th line out of 2500 rows of DP table...
2022-01-04 00:59:32,412 - root - DEBUG - Processing 2360-th line out of 2500 rows of DP table...
2022-01-04 00:59:32,472 - root - DEBUG - Processing 2370-th line out of 2500 rows of DP table...
2022-01-04 00:59:32,529 - root - DEBUG - Processing 2380-th line out of 2500 rows of DP table...
2022-01-04 00:59:32,582 - root - DEBUG - Processing 2390-th line out of 2500 rows of DP table...
2022-01-04 00:59:32,632 - root - DEBUG - Processing 2400-th line out of 2500 rows of DP table...
2022-01-04 00:59:32,679 - root - DEBUG - Processing 2410-th line out of 2500 rows of DP table...
2022-01-04 00:59:32,722 - root - DEBUG - Processing 2420-th line out of 2500 rows of DP table...
2022-01-04 00:59:32,763 - root - DEBUG - Processing 2430-th line out of 2500 rows of DP table...
2022-01-04 00:59:32,801 - root - DEBUG - Processing 2440-th line out of 2500 rows of DP table...
2022-01-04 00:59:32,834 - root - DEBUG - Processing 2450-th line out of 2500 rows of DP table...
2022-01-04 00:59:32,864 - root - DEBUG - Processing 2460-th line out of 2500 rows of DP table...
2022-01-04 00:59:32,891 - root - DEBUG - Processing 2470-th line out of 2500 rows of DP table...
2022-01-04 00:59:32,915 - root - DEBUG - Processing 2480-th line out of 2500 rows of DP table...
2022-01-04 00:59:32,935 - root - DEBUG - Processing 2490-th line out of 2500 rows of DP table...
2022-01-04 00:59:32,951 - root - DEBUG - Processing 2500-th line out of 2500 rows of DP table...
2022-01-04 00:59:32,968 - root - DEBUG - Started computing joint logprobs...
