2022-01-05 08:08:04,479 - root - INFO - Loading reference interval set from '211227-2-sim/g26_6.ref.tsv'...
2022-01-05 08:08:04,484 - root - INFO - Loading query interval set from '211227-2-sim/g26_6.query.tsv'...
2022-01-05 08:08:04,488 - root - INFO - Loading chromosome sizes from '211227-2-sim/g26_sizes.tsv'...
2022-01-05 08:08:04,491 - root - INFO - Number of reference intervals: 2500 (2500 before merging)
2022-01-05 08:08:04,492 - root - INFO - Number of query intervals: 50 (50 before merging)
2022-01-05 08:08:04,493 - root - INFO - Number of chromosomes: 1
2022-01-05 08:08:04,498 - root - INFO - Overlap count: 130
2022-01-05 08:08:04,500 - root - DEBUG - Started computing sf for chromosome 'chr1'...
2022-01-05 08:08:04,501 - root - DEBUG - m=2500, n=50
2022-01-05 08:08:05,311 - root - DEBUG - Processing 10-th line out of 2500 rows of DP table...
2022-01-05 08:08:06,169 - root - DEBUG - Processing 20-th line out of 2500 rows of DP table...
2022-01-05 08:08:07,026 - root - DEBUG - Processing 30-th line out of 2500 rows of DP table...
2022-01-05 08:08:07,879 - root - DEBUG - Processing 40-th line out of 2500 rows of DP table...
2022-01-05 08:08:08,725 - root - DEBUG - Processing 50-th line out of 2500 rows of DP table...
2022-01-05 08:08:09,570 - root - DEBUG - Processing 60-th line out of 2500 rows of DP table...
2022-01-05 08:08:10,413 - root - DEBUG - Processing 70-th line out of 2500 rows of DP table...
2022-01-05 08:08:11,248 - root - DEBUG - Processing 80-th line out of 2500 rows of DP table...
2022-01-05 08:08:12,086 - root - DEBUG - Processing 90-th line out of 2500 rows of DP table...
2022-01-05 08:08:12,921 - root - DEBUG - Processing 100-th line out of 2500 rows of DP table...
2022-01-05 08:08:13,753 - root - DEBUG - Processing 110-th line out of 2500 rows of DP table...
2022-01-05 08:08:14,576 - root - DEBUG - Processing 120-th line out of 2500 rows of DP table...
2022-01-05 08:08:15,400 - root - DEBUG - Processing 130-th line out of 2500 rows of DP table...
2022-01-05 08:08:16,219 - root - DEBUG - Processing 140-th line out of 2500 rows of DP table...
2022-01-05 08:08:17,035 - root - DEBUG - Processing 150-th line out of 2500 rows of DP table...
2022-01-05 08:08:17,848 - root - DEBUG - Processing 160-th line out of 2500 rows of DP table...
2022-01-05 08:08:18,656 - root - DEBUG - Processing 170-th line out of 2500 rows of DP table...
2022-01-05 08:08:19,461 - root - DEBUG - Processing 180-th line out of 2500 rows of DP table...
2022-01-05 08:08:20,260 - root - DEBUG - Processing 190-th line out of 2500 rows of DP table...
2022-01-05 08:08:21,058 - root - DEBUG - Processing 200-th line out of 2500 rows of DP table...
2022-01-05 08:08:21,854 - root - DEBUG - Processing 210-th line out of 2500 rows of DP table...
2022-01-05 08:08:22,644 - root - DEBUG - Processing 220-th line out of 2500 rows of DP table...
2022-01-05 08:08:23,427 - root - DEBUG - Processing 230-th line out of 2500 rows of DP table...
2022-01-05 08:08:24,215 - root - DEBUG - Processing 240-th line out of 2500 rows of DP table...
2022-01-05 08:08:24,996 - root - DEBUG - Processing 250-th line out of 2500 rows of DP table...
2022-01-05 08:08:25,768 - root - DEBUG - Processing 260-th line out of 2500 rows of DP table...
2022-01-05 08:08:26,542 - root - DEBUG - Processing 270-th line out of 2500 rows of DP table...
2022-01-05 08:08:27,315 - root - DEBUG - Processing 280-th line out of 2500 rows of DP table...
2022-01-05 08:08:28,081 - root - DEBUG - Processing 290-th line out of 2500 rows of DP table...
2022-01-05 08:08:28,845 - root - DEBUG - Processing 300-th line out of 2500 rows of DP table...
2022-01-05 08:08:29,609 - root - DEBUG - Processing 310-th line out of 2500 rows of DP table...
2022-01-05 08:08:30,368 - root - DEBUG - Processing 320-th line out of 2500 rows of DP table...
2022-01-05 08:08:31,123 - root - DEBUG - Processing 330-th line out of 2500 rows of DP table...
2022-01-05 08:08:31,872 - root - DEBUG - Processing 340-th line out of 2500 rows of DP table...
2022-01-05 08:08:32,618 - root - DEBUG - Processing 350-th line out of 2500 rows of DP table...
2022-01-05 08:08:33,362 - root - DEBUG - Processing 360-th line out of 2500 rows of DP table...
2022-01-05 08:08:34,104 - root - DEBUG - Processing 370-th line out of 2500 rows of DP table...
2022-01-05 08:08:34,864 - root - DEBUG - Processing 380-th line out of 2500 rows of DP table...
2022-01-05 08:08:35,599 - root - DEBUG - Processing 390-th line out of 2500 rows of DP table...
2022-01-05 08:08:36,330 - root - DEBUG - Processing 400-th line out of 2500 rows of DP table...
2022-01-05 08:08:37,055 - root - DEBUG - Processing 410-th line out of 2500 rows of DP table...
2022-01-05 08:08:37,777 - root - DEBUG - Processing 420-th line out of 2500 rows of DP table...
2022-01-05 08:08:38,492 - root - DEBUG - Processing 430-th line out of 2500 rows of DP table...
2022-01-05 08:08:39,208 - root - DEBUG - Processing 440-th line out of 2500 rows of DP table...
2022-01-05 08:08:39,924 - root - DEBUG - Processing 450-th line out of 2500 rows of DP table...
2022-01-05 08:08:40,627 - root - DEBUG - Processing 460-th line out of 2500 rows of DP table...
2022-01-05 08:08:41,413 - root - DEBUG - Processing 470-th line out of 2500 rows of DP table...
2022-01-05 08:08:42,119 - root - DEBUG - Processing 480-th line out of 2500 rows of DP table...
2022-01-05 08:08:42,811 - root - DEBUG - Processing 490-th line out of 2500 rows of DP table...
2022-01-05 08:08:43,505 - root - DEBUG - Processing 500-th line out of 2500 rows of DP table...
2022-01-05 08:08:44,190 - root - DEBUG - Processing 510-th line out of 2500 rows of DP table...
2022-01-05 08:08:44,882 - root - DEBUG - Processing 520-th line out of 2500 rows of DP table...
2022-01-05 08:08:45,568 - root - DEBUG - Processing 530-th line out of 2500 rows of DP table...
2022-01-05 08:08:46,245 - root - DEBUG - Processing 540-th line out of 2500 rows of DP table...
2022-01-05 08:08:46,923 - root - DEBUG - Processing 550-th line out of 2500 rows of DP table...
2022-01-05 08:08:47,598 - root - DEBUG - Processing 560-th line out of 2500 rows of DP table...
2022-01-05 08:08:48,270 - root - DEBUG - Processing 570-th line out of 2500 rows of DP table...
2022-01-05 08:08:48,941 - root - DEBUG - Processing 580-th line out of 2500 rows of DP table...
2022-01-05 08:08:49,621 - root - DEBUG - Processing 590-th line out of 2500 rows of DP table...
2022-01-05 08:08:50,282 - root - DEBUG - Processing 600-th line out of 2500 rows of DP table...
2022-01-05 08:08:50,934 - root - DEBUG - Processing 610-th line out of 2500 rows of DP table...
2022-01-05 08:08:51,589 - root - DEBUG - Processing 620-th line out of 2500 rows of DP table...
2022-01-05 08:08:52,237 - root - DEBUG - Processing 630-th line out of 2500 rows of DP table...
2022-01-05 08:08:52,885 - root - DEBUG - Processing 640-th line out of 2500 rows of DP table...
2022-01-05 08:08:53,533 - root - DEBUG - Processing 650-th line out of 2500 rows of DP table...
2022-01-05 08:08:54,167 - root - DEBUG - Processing 660-th line out of 2500 rows of DP table...
2022-01-05 08:08:54,804 - root - DEBUG - Processing 670-th line out of 2500 rows of DP table...
2022-01-05 08:08:55,436 - root - DEBUG - Processing 680-th line out of 2500 rows of DP table...
2022-01-05 08:08:56,068 - root - DEBUG - Processing 690-th line out of 2500 rows of DP table...
2022-01-05 08:08:56,692 - root - DEBUG - Processing 700-th line out of 2500 rows of DP table...
2022-01-05 08:08:57,318 - root - DEBUG - Processing 710-th line out of 2500 rows of DP table...
2022-01-05 08:08:57,945 - root - DEBUG - Processing 720-th line out of 2500 rows of DP table...
2022-01-05 08:08:58,564 - root - DEBUG - Processing 730-th line out of 2500 rows of DP table...
2022-01-05 08:08:59,181 - root - DEBUG - Processing 740-th line out of 2500 rows of DP table...
2022-01-05 08:08:59,788 - root - DEBUG - Processing 750-th line out of 2500 rows of DP table...
2022-01-05 08:09:00,396 - root - DEBUG - Processing 760-th line out of 2500 rows of DP table...
2022-01-05 08:09:00,995 - root - DEBUG - Processing 770-th line out of 2500 rows of DP table...
2022-01-05 08:09:01,598 - root - DEBUG - Processing 780-th line out of 2500 rows of DP table...
2022-01-05 08:09:02,193 - root - DEBUG - Processing 790-th line out of 2500 rows of DP table...
2022-01-05 08:09:02,791 - root - DEBUG - Processing 800-th line out of 2500 rows of DP table...
2022-01-05 08:09:03,379 - root - DEBUG - Processing 810-th line out of 2500 rows of DP table...
2022-01-05 08:09:03,971 - root - DEBUG - Processing 820-th line out of 2500 rows of DP table...
2022-01-05 08:09:04,551 - root - DEBUG - Processing 830-th line out of 2500 rows of DP table...
2022-01-05 08:09:05,131 - root - DEBUG - Processing 840-th line out of 2500 rows of DP table...
2022-01-05 08:09:05,705 - root - DEBUG - Processing 850-th line out of 2500 rows of DP table...
2022-01-05 08:09:06,281 - root - DEBUG - Processing 860-th line out of 2500 rows of DP table...
2022-01-05 08:09:06,848 - root - DEBUG - Processing 870-th line out of 2500 rows of DP table...
2022-01-05 08:09:07,415 - root - DEBUG - Processing 880-th line out of 2500 rows of DP table...
2022-01-05 08:09:07,976 - root - DEBUG - Processing 890-th line out of 2500 rows of DP table...
2022-01-05 08:09:08,540 - root - DEBUG - Processing 900-th line out of 2500 rows of DP table...
2022-01-05 08:09:09,094 - root - DEBUG - Processing 910-th line out of 2500 rows of DP table...
2022-01-05 08:09:09,649 - root - DEBUG - Processing 920-th line out of 2500 rows of DP table...
2022-01-05 08:09:10,194 - root - DEBUG - Processing 930-th line out of 2500 rows of DP table...
2022-01-05 08:09:10,743 - root - DEBUG - Processing 940-th line out of 2500 rows of DP table...
2022-01-05 08:09:11,283 - root - DEBUG - Processing 950-th line out of 2500 rows of DP table...
2022-01-05 08:09:11,826 - root - DEBUG - Processing 960-th line out of 2500 rows of DP table...
2022-01-05 08:09:12,357 - root - DEBUG - Processing 970-th line out of 2500 rows of DP table...
2022-01-05 08:09:12,891 - root - DEBUG - Processing 980-th line out of 2500 rows of DP table...
2022-01-05 08:09:13,419 - root - DEBUG - Processing 990-th line out of 2500 rows of DP table...
2022-01-05 08:09:13,967 - root - DEBUG - Processing 1000-th line out of 2500 rows of DP table...
2022-01-05 08:09:14,500 - root - DEBUG - Processing 1010-th line out of 2500 rows of DP table...
2022-01-05 08:09:15,015 - root - DEBUG - Processing 1020-th line out of 2500 rows of DP table...
2022-01-05 08:09:15,540 - root - DEBUG - Processing 1030-th line out of 2500 rows of DP table...
2022-01-05 08:09:16,049 - root - DEBUG - Processing 1040-th line out of 2500 rows of DP table...
2022-01-05 08:09:16,553 - root - DEBUG - Processing 1050-th line out of 2500 rows of DP table...
2022-01-05 08:09:17,055 - root - DEBUG - Processing 1060-th line out of 2500 rows of DP table...
2022-01-05 08:09:17,554 - root - DEBUG - Processing 1070-th line out of 2500 rows of DP table...
2022-01-05 08:09:18,046 - root - DEBUG - Processing 1080-th line out of 2500 rows of DP table...
2022-01-05 08:09:18,537 - root - DEBUG - Processing 1090-th line out of 2500 rows of DP table...
2022-01-05 08:09:19,027 - root - DEBUG - Processing 1100-th line out of 2500 rows of DP table...
2022-01-05 08:09:19,516 - root - DEBUG - Processing 1110-th line out of 2500 rows of DP table...
2022-01-05 08:09:19,998 - root - DEBUG - Processing 1120-th line out of 2500 rows of DP table...
2022-01-05 08:09:20,476 - root - DEBUG - Processing 1130-th line out of 2500 rows of DP table...
2022-01-05 08:09:20,950 - root - DEBUG - Processing 1140-th line out of 2500 rows of DP table...
2022-01-05 08:09:21,418 - root - DEBUG - Processing 1150-th line out of 2500 rows of DP table...
2022-01-05 08:09:21,892 - root - DEBUG - Processing 1160-th line out of 2500 rows of DP table...
2022-01-05 08:09:22,356 - root - DEBUG - Processing 1170-th line out of 2500 rows of DP table...
2022-01-05 08:09:22,818 - root - DEBUG - Processing 1180-th line out of 2500 rows of DP table...
2022-01-05 08:09:23,280 - root - DEBUG - Processing 1190-th line out of 2500 rows of DP table...
2022-01-05 08:09:23,734 - root - DEBUG - Processing 1200-th line out of 2500 rows of DP table...
2022-01-05 08:09:24,185 - root - DEBUG - Processing 1210-th line out of 2500 rows of DP table...
2022-01-05 08:09:24,634 - root - DEBUG - Processing 1220-th line out of 2500 rows of DP table...
2022-01-05 08:09:25,081 - root - DEBUG - Processing 1230-th line out of 2500 rows of DP table...
2022-01-05 08:09:25,522 - root - DEBUG - Processing 1240-th line out of 2500 rows of DP table...
2022-01-05 08:09:25,957 - root - DEBUG - Processing 1250-th line out of 2500 rows of DP table...
2022-01-05 08:09:26,389 - root - DEBUG - Processing 1260-th line out of 2500 rows of DP table...
2022-01-05 08:09:26,819 - root - DEBUG - Processing 1270-th line out of 2500 rows of DP table...
2022-01-05 08:09:27,246 - root - DEBUG - Processing 1280-th line out of 2500 rows of DP table...
2022-01-05 08:09:27,669 - root - DEBUG - Processing 1290-th line out of 2500 rows of DP table...
2022-01-05 08:09:28,091 - root - DEBUG - Processing 1300-th line out of 2500 rows of DP table...
2022-01-05 08:09:28,507 - root - DEBUG - Processing 1310-th line out of 2500 rows of DP table...
2022-01-05 08:09:28,923 - root - DEBUG - Processing 1320-th line out of 2500 rows of DP table...
2022-01-05 08:09:29,334 - root - DEBUG - Processing 1330-th line out of 2500 rows of DP table...
2022-01-05 08:09:29,745 - root - DEBUG - Processing 1340-th line out of 2500 rows of DP table...
2022-01-05 08:09:30,148 - root - DEBUG - Processing 1350-th line out of 2500 rows of DP table...
2022-01-05 08:09:30,550 - root - DEBUG - Processing 1360-th line out of 2500 rows of DP table...
2022-01-05 08:09:30,946 - root - DEBUG - Processing 1370-th line out of 2500 rows of DP table...
2022-01-05 08:09:31,340 - root - DEBUG - Processing 1380-th line out of 2500 rows of DP table...
2022-01-05 08:09:31,730 - root - DEBUG - Processing 1390-th line out of 2500 rows of DP table...
2022-01-05 08:09:32,117 - root - DEBUG - Processing 1400-th line out of 2500 rows of DP table...
2022-01-05 08:09:32,502 - root - DEBUG - Processing 1410-th line out of 2500 rows of DP table...
2022-01-05 08:09:32,882 - root - DEBUG - Processing 1420-th line out of 2500 rows of DP table...
2022-01-05 08:09:33,259 - root - DEBUG - Processing 1430-th line out of 2500 rows of DP table...
2022-01-05 08:09:33,631 - root - DEBUG - Processing 1440-th line out of 2500 rows of DP table...
2022-01-05 08:09:33,999 - root - DEBUG - Processing 1450-th line out of 2500 rows of DP table...
2022-01-05 08:09:34,364 - root - DEBUG - Processing 1460-th line out of 2500 rows of DP table...
2022-01-05 08:09:34,726 - root - DEBUG - Processing 1470-th line out of 2500 rows of DP table...
2022-01-05 08:09:35,088 - root - DEBUG - Processing 1480-th line out of 2500 rows of DP table...
2022-01-05 08:09:35,445 - root - DEBUG - Processing 1490-th line out of 2500 rows of DP table...
2022-01-05 08:09:35,798 - root - DEBUG - Processing 1500-th line out of 2500 rows of DP table...
2022-01-05 08:09:36,147 - root - DEBUG - Processing 1510-th line out of 2500 rows of DP table...
2022-01-05 08:09:36,491 - root - DEBUG - Processing 1520-th line out of 2500 rows of DP table...
2022-01-05 08:09:36,835 - root - DEBUG - Processing 1530-th line out of 2500 rows of DP table...
2022-01-05 08:09:37,172 - root - DEBUG - Processing 1540-th line out of 2500 rows of DP table...
2022-01-05 08:09:37,509 - root - DEBUG - Processing 1550-th line out of 2500 rows of DP table...
2022-01-05 08:09:37,844 - root - DEBUG - Processing 1560-th line out of 2500 rows of DP table...
2022-01-05 08:09:38,174 - root - DEBUG - Processing 1570-th line out of 2500 rows of DP table...
2022-01-05 08:09:38,498 - root - DEBUG - Processing 1580-th line out of 2500 rows of DP table...
2022-01-05 08:09:38,821 - root - DEBUG - Processing 1590-th line out of 2500 rows of DP table...
2022-01-05 08:09:39,141 - root - DEBUG - Processing 1600-th line out of 2500 rows of DP table...
2022-01-05 08:09:39,455 - root - DEBUG - Processing 1610-th line out of 2500 rows of DP table...
2022-01-05 08:09:39,766 - root - DEBUG - Processing 1620-th line out of 2500 rows of DP table...
2022-01-05 08:09:40,075 - root - DEBUG - Processing 1630-th line out of 2500 rows of DP table...
2022-01-05 08:09:40,380 - root - DEBUG - Processing 1640-th line out of 2500 rows of DP table...
2022-01-05 08:09:40,698 - root - DEBUG - Processing 1650-th line out of 2500 rows of DP table...
2022-01-05 08:09:40,997 - root - DEBUG - Processing 1660-th line out of 2500 rows of DP table...
2022-01-05 08:09:41,291 - root - DEBUG - Processing 1670-th line out of 2500 rows of DP table...
2022-01-05 08:09:41,582 - root - DEBUG - Processing 1680-th line out of 2500 rows of DP table...
2022-01-05 08:09:41,870 - root - DEBUG - Processing 1690-th line out of 2500 rows of DP table...
2022-01-05 08:09:42,154 - root - DEBUG - Processing 1700-th line out of 2500 rows of DP table...
2022-01-05 08:09:42,433 - root - DEBUG - Processing 1710-th line out of 2500 rows of DP table...
2022-01-05 08:09:42,713 - root - DEBUG - Processing 1720-th line out of 2500 rows of DP table...
2022-01-05 08:09:42,987 - root - DEBUG - Processing 1730-th line out of 2500 rows of DP table...
2022-01-05 08:09:43,258 - root - DEBUG - Processing 1740-th line out of 2500 rows of DP table...
2022-01-05 08:09:43,526 - root - DEBUG - Processing 1750-th line out of 2500 rows of DP table...
2022-01-05 08:09:43,791 - root - DEBUG - Processing 1760-th line out of 2500 rows of DP table...
2022-01-05 08:09:44,052 - root - DEBUG - Processing 1770-th line out of 2500 rows of DP table...
2022-01-05 08:09:44,308 - root - DEBUG - Processing 1780-th line out of 2500 rows of DP table...
2022-01-05 08:09:44,584 - root - DEBUG - Processing 1790-th line out of 2500 rows of DP table...
2022-01-05 08:09:44,836 - root - DEBUG - Processing 1800-th line out of 2500 rows of DP table...
2022-01-05 08:09:45,084 - root - DEBUG - Processing 1810-th line out of 2500 rows of DP table...
2022-01-05 08:09:45,327 - root - DEBUG - Processing 1820-th line out of 2500 rows of DP table...
2022-01-05 08:09:45,568 - root - DEBUG - Processing 1830-th line out of 2500 rows of DP table...
2022-01-05 08:09:45,806 - root - DEBUG - Processing 1840-th line out of 2500 rows of DP table...
2022-01-05 08:09:46,046 - root - DEBUG - Processing 1850-th line out of 2500 rows of DP table...
2022-01-05 08:09:46,278 - root - DEBUG - Processing 1860-th line out of 2500 rows of DP table...
2022-01-05 08:09:46,505 - root - DEBUG - Processing 1870-th line out of 2500 rows of DP table...
2022-01-05 08:09:46,731 - root - DEBUG - Processing 1880-th line out of 2500 rows of DP table...
2022-01-05 08:09:46,951 - root - DEBUG - Processing 1890-th line out of 2500 rows of DP table...
2022-01-05 08:09:47,169 - root - DEBUG - Processing 1900-th line out of 2500 rows of DP table...
2022-01-05 08:09:47,382 - root - DEBUG - Processing 1910-th line out of 2500 rows of DP table...
2022-01-05 08:09:47,593 - root - DEBUG - Processing 1920-th line out of 2500 rows of DP table...
2022-01-05 08:09:47,800 - root - DEBUG - Processing 1930-th line out of 2500 rows of DP table...
2022-01-05 08:09:48,025 - root - DEBUG - Processing 1940-th line out of 2500 rows of DP table...
2022-01-05 08:09:48,226 - root - DEBUG - Processing 1950-th line out of 2500 rows of DP table...
2022-01-05 08:09:48,424 - root - DEBUG - Processing 1960-th line out of 2500 rows of DP table...
2022-01-05 08:09:48,618 - root - DEBUG - Processing 1970-th line out of 2500 rows of DP table...
2022-01-05 08:09:48,807 - root - DEBUG - Processing 1980-th line out of 2500 rows of DP table...
2022-01-05 08:09:48,993 - root - DEBUG - Processing 1990-th line out of 2500 rows of DP table...
2022-01-05 08:09:49,177 - root - DEBUG - Processing 2000-th line out of 2500 rows of DP table...
2022-01-05 08:09:49,358 - root - DEBUG - Processing 2010-th line out of 2500 rows of DP table...
2022-01-05 08:09:49,535 - root - DEBUG - Processing 2020-th line out of 2500 rows of DP table...
2022-01-05 08:09:49,708 - root - DEBUG - Processing 2030-th line out of 2500 rows of DP table...
2022-01-05 08:09:49,878 - root - DEBUG - Processing 2040-th line out of 2500 rows of DP table...
2022-01-05 08:09:50,045 - root - DEBUG - Processing 2050-th line out of 2500 rows of DP table...
2022-01-05 08:09:50,207 - root - DEBUG - Processing 2060-th line out of 2500 rows of DP table...
2022-01-05 08:09:50,369 - root - DEBUG - Processing 2070-th line out of 2500 rows of DP table...
2022-01-05 08:09:50,527 - root - DEBUG - Processing 2080-th line out of 2500 rows of DP table...
2022-01-05 08:09:50,681 - root - DEBUG - Processing 2090-th line out of 2500 rows of DP table...
2022-01-05 08:09:50,831 - root - DEBUG - Processing 2100-th line out of 2500 rows of DP table...
2022-01-05 08:09:50,977 - root - DEBUG - Processing 2110-th line out of 2500 rows of DP table...
2022-01-05 08:09:51,120 - root - DEBUG - Processing 2120-th line out of 2500 rows of DP table...
2022-01-05 08:09:51,260 - root - DEBUG - Processing 2130-th line out of 2500 rows of DP table...
2022-01-05 08:09:51,396 - root - DEBUG - Processing 2140-th line out of 2500 rows of DP table...
2022-01-05 08:09:51,529 - root - DEBUG - Processing 2150-th line out of 2500 rows of DP table...
2022-01-05 08:09:51,658 - root - DEBUG - Processing 2160-th line out of 2500 rows of DP table...
2022-01-05 08:09:51,783 - root - DEBUG - Processing 2170-th line out of 2500 rows of DP table...
2022-01-05 08:09:51,906 - root - DEBUG - Processing 2180-th line out of 2500 rows of DP table...
2022-01-05 08:09:52,025 - root - DEBUG - Processing 2190-th line out of 2500 rows of DP table...
2022-01-05 08:09:52,141 - root - DEBUG - Processing 2200-th line out of 2500 rows of DP table...
2022-01-05 08:09:52,254 - root - DEBUG - Processing 2210-th line out of 2500 rows of DP table...
2022-01-05 08:09:52,364 - root - DEBUG - Processing 2220-th line out of 2500 rows of DP table...
2022-01-05 08:09:52,470 - root - DEBUG - Processing 2230-th line out of 2500 rows of DP table...
2022-01-05 08:09:52,573 - root - DEBUG - Processing 2240-th line out of 2500 rows of DP table...
2022-01-05 08:09:52,671 - root - DEBUG - Processing 2250-th line out of 2500 rows of DP table...
2022-01-05 08:09:52,767 - root - DEBUG - Processing 2260-th line out of 2500 rows of DP table...
2022-01-05 08:09:52,858 - root - DEBUG - Processing 2270-th line out of 2500 rows of DP table...
2022-01-05 08:09:52,946 - root - DEBUG - Processing 2280-th line out of 2500 rows of DP table...
2022-01-05 08:09:53,032 - root - DEBUG - Processing 2290-th line out of 2500 rows of DP table...
2022-01-05 08:09:53,113 - root - DEBUG - Processing 2300-th line out of 2500 rows of DP table...
2022-01-05 08:09:53,192 - root - DEBUG - Processing 2310-th line out of 2500 rows of DP table...
2022-01-05 08:09:53,267 - root - DEBUG - Processing 2320-th line out of 2500 rows of DP table...
2022-01-05 08:09:53,339 - root - DEBUG - Processing 2330-th line out of 2500 rows of DP table...
2022-01-05 08:09:53,407 - root - DEBUG - Processing 2340-th line out of 2500 rows of DP table...
2022-01-05 08:09:53,473 - root - DEBUG - Processing 2350-th line out of 2500 rows of DP table...
2022-01-05 08:09:53,534 - root - DEBUG - Processing 2360-th line out of 2500 rows of DP table...
2022-01-05 08:09:53,592 - root - DEBUG - Processing 2370-th line out of 2500 rows of DP table...
2022-01-05 08:09:53,647 - root - DEBUG - Processing 2380-th line out of 2500 rows of DP table...
2022-01-05 08:09:53,698 - root - DEBUG - Processing 2390-th line out of 2500 rows of DP table...
2022-01-05 08:09:53,746 - root - DEBUG - Processing 2400-th line out of 2500 rows of DP table...
2022-01-05 08:09:53,791 - root - DEBUG - Processing 2410-th line out of 2500 rows of DP table...
2022-01-05 08:09:53,832 - root - DEBUG - Processing 2420-th line out of 2500 rows of DP table...
2022-01-05 08:09:53,876 - root - DEBUG - Processing 2430-th line out of 2500 rows of DP table...
2022-01-05 08:09:53,911 - root - DEBUG - Processing 2440-th line out of 2500 rows of DP table...
2022-01-05 08:09:53,943 - root - DEBUG - Processing 2450-th line out of 2500 rows of DP table...
2022-01-05 08:09:53,971 - root - DEBUG - Processing 2460-th line out of 2500 rows of DP table...
2022-01-05 08:09:53,996 - root - DEBUG - Processing 2470-th line out of 2500 rows of DP table...
2022-01-05 08:09:54,018 - root - DEBUG - Processing 2480-th line out of 2500 rows of DP table...
2022-01-05 08:09:54,036 - root - DEBUG - Processing 2490-th line out of 2500 rows of DP table...
2022-01-05 08:09:54,051 - root - DEBUG - Processing 2500-th line out of 2500 rows of DP table...
2022-01-05 08:09:54,067 - root - DEBUG - Started computing joint logprobs...
