2022-01-05 08:23:42,323 - root - INFO - Loading reference interval set from '211227-2-sim/g26_4.ref.tsv'...
2022-01-05 08:23:42,328 - root - INFO - Loading query interval set from '211227-2-sim/g26_4.query.tsv'...
2022-01-05 08:23:42,331 - root - INFO - Loading chromosome sizes from '211227-2-sim/g26_sizes.tsv'...
2022-01-05 08:23:42,334 - root - INFO - Number of reference intervals: 2500 (2500 before merging)
2022-01-05 08:23:42,336 - root - INFO - Number of query intervals: 50 (50 before merging)
2022-01-05 08:23:42,337 - root - INFO - Number of chromosomes: 1
2022-01-05 08:23:42,342 - root - INFO - Overlap count: 137
2022-01-05 08:23:42,343 - root - DEBUG - Started computing sf for chromosome 'chr1'...
2022-01-05 08:23:42,344 - root - DEBUG - m=2500, n=50
2022-01-05 08:23:43,138 - root - DEBUG - Processing 10-th line out of 2500 rows of DP table...
2022-01-05 08:23:43,990 - root - DEBUG - Processing 20-th line out of 2500 rows of DP table...
2022-01-05 08:23:44,833 - root - DEBUG - Processing 30-th line out of 2500 rows of DP table...
2022-01-05 08:23:45,664 - root - DEBUG - Processing 40-th line out of 2500 rows of DP table...
2022-01-05 08:23:46,500 - root - DEBUG - Processing 50-th line out of 2500 rows of DP table...
2022-01-05 08:23:47,332 - root - DEBUG - Processing 60-th line out of 2500 rows of DP table...
2022-01-05 08:23:48,155 - root - DEBUG - Processing 70-th line out of 2500 rows of DP table...
2022-01-05 08:23:48,980 - root - DEBUG - Processing 80-th line out of 2500 rows of DP table...
2022-01-05 08:23:49,800 - root - DEBUG - Processing 90-th line out of 2500 rows of DP table...
2022-01-05 08:23:50,616 - root - DEBUG - Processing 100-th line out of 2500 rows of DP table...
2022-01-05 08:23:51,434 - root - DEBUG - Processing 110-th line out of 2500 rows of DP table...
2022-01-05 08:23:52,238 - root - DEBUG - Processing 120-th line out of 2500 rows of DP table...
2022-01-05 08:23:53,049 - root - DEBUG - Processing 130-th line out of 2500 rows of DP table...
2022-01-05 08:23:53,857 - root - DEBUG - Processing 140-th line out of 2500 rows of DP table...
2022-01-05 08:23:54,653 - root - DEBUG - Processing 150-th line out of 2500 rows of DP table...
2022-01-05 08:23:55,453 - root - DEBUG - Processing 160-th line out of 2500 rows of DP table...
2022-01-05 08:23:56,250 - root - DEBUG - Processing 170-th line out of 2500 rows of DP table...
2022-01-05 08:23:57,032 - root - DEBUG - Processing 180-th line out of 2500 rows of DP table...
2022-01-05 08:23:57,821 - root - DEBUG - Processing 190-th line out of 2500 rows of DP table...
2022-01-05 08:23:58,598 - root - DEBUG - Processing 200-th line out of 2500 rows of DP table...
2022-01-05 08:23:59,380 - root - DEBUG - Processing 210-th line out of 2500 rows of DP table...
2022-01-05 08:24:00,162 - root - DEBUG - Processing 220-th line out of 2500 rows of DP table...
2022-01-05 08:24:00,927 - root - DEBUG - Processing 230-th line out of 2500 rows of DP table...
2022-01-05 08:24:01,702 - root - DEBUG - Processing 240-th line out of 2500 rows of DP table...
2022-01-05 08:24:02,475 - root - DEBUG - Processing 250-th line out of 2500 rows of DP table...
2022-01-05 08:24:03,236 - root - DEBUG - Processing 260-th line out of 2500 rows of DP table...
2022-01-05 08:24:03,999 - root - DEBUG - Processing 270-th line out of 2500 rows of DP table...
2022-01-05 08:24:04,752 - root - DEBUG - Processing 280-th line out of 2500 rows of DP table...
2022-01-05 08:24:05,513 - root - DEBUG - Processing 290-th line out of 2500 rows of DP table...
2022-01-05 08:24:06,268 - root - DEBUG - Processing 300-th line out of 2500 rows of DP table...
2022-01-05 08:24:07,011 - root - DEBUG - Processing 310-th line out of 2500 rows of DP table...
2022-01-05 08:24:07,761 - root - DEBUG - Processing 320-th line out of 2500 rows of DP table...
2022-01-05 08:24:08,497 - root - DEBUG - Processing 330-th line out of 2500 rows of DP table...
2022-01-05 08:24:09,237 - root - DEBUG - Processing 340-th line out of 2500 rows of DP table...
2022-01-05 08:24:09,966 - root - DEBUG - Processing 350-th line out of 2500 rows of DP table...
2022-01-05 08:24:10,698 - root - DEBUG - Processing 360-th line out of 2500 rows of DP table...
2022-01-05 08:24:11,431 - root - DEBUG - Processing 370-th line out of 2500 rows of DP table...
2022-01-05 08:24:12,200 - root - DEBUG - Processing 380-th line out of 2500 rows of DP table...
2022-01-05 08:24:12,922 - root - DEBUG - Processing 390-th line out of 2500 rows of DP table...
2022-01-05 08:24:13,633 - root - DEBUG - Processing 400-th line out of 2500 rows of DP table...
2022-01-05 08:24:14,352 - root - DEBUG - Processing 410-th line out of 2500 rows of DP table...
2022-01-05 08:24:15,056 - root - DEBUG - Processing 420-th line out of 2500 rows of DP table...
2022-01-05 08:24:15,767 - root - DEBUG - Processing 430-th line out of 2500 rows of DP table...
2022-01-05 08:24:16,477 - root - DEBUG - Processing 440-th line out of 2500 rows of DP table...
2022-01-05 08:24:17,171 - root - DEBUG - Processing 450-th line out of 2500 rows of DP table...
2022-01-05 08:24:17,872 - root - DEBUG - Processing 460-th line out of 2500 rows of DP table...
2022-01-05 08:24:18,562 - root - DEBUG - Processing 470-th line out of 2500 rows of DP table...
2022-01-05 08:24:19,256 - root - DEBUG - Processing 480-th line out of 2500 rows of DP table...
2022-01-05 08:24:19,934 - root - DEBUG - Processing 490-th line out of 2500 rows of DP table...
2022-01-05 08:24:20,623 - root - DEBUG - Processing 500-th line out of 2500 rows of DP table...
2022-01-05 08:24:21,299 - root - DEBUG - Processing 510-th line out of 2500 rows of DP table...
2022-01-05 08:24:21,981 - root - DEBUG - Processing 520-th line out of 2500 rows of DP table...
2022-01-05 08:24:22,650 - root - DEBUG - Processing 530-th line out of 2500 rows of DP table...
2022-01-05 08:24:23,324 - root - DEBUG - Processing 540-th line out of 2500 rows of DP table...
2022-01-05 08:24:23,996 - root - DEBUG - Processing 550-th line out of 2500 rows of DP table...
2022-01-05 08:24:24,652 - root - DEBUG - Processing 560-th line out of 2500 rows of DP table...
2022-01-05 08:24:25,319 - root - DEBUG - Processing 570-th line out of 2500 rows of DP table...
2022-01-05 08:24:25,972 - root - DEBUG - Processing 580-th line out of 2500 rows of DP table...
2022-01-05 08:24:26,630 - root - DEBUG - Processing 590-th line out of 2500 rows of DP table...
2022-01-05 08:24:27,277 - root - DEBUG - Processing 600-th line out of 2500 rows of DP table...
2022-01-05 08:24:27,943 - root - DEBUG - Processing 610-th line out of 2500 rows of DP table...
2022-01-05 08:24:28,583 - root - DEBUG - Processing 620-th line out of 2500 rows of DP table...
2022-01-05 08:24:29,230 - root - DEBUG - Processing 630-th line out of 2500 rows of DP table...
2022-01-05 08:24:29,862 - root - DEBUG - Processing 640-th line out of 2500 rows of DP table...
2022-01-05 08:24:30,502 - root - DEBUG - Processing 650-th line out of 2500 rows of DP table...
2022-01-05 08:24:31,127 - root - DEBUG - Processing 660-th line out of 2500 rows of DP table...
2022-01-05 08:24:31,759 - root - DEBUG - Processing 670-th line out of 2500 rows of DP table...
2022-01-05 08:24:32,377 - root - DEBUG - Processing 680-th line out of 2500 rows of DP table...
2022-01-05 08:24:33,003 - root - DEBUG - Processing 690-th line out of 2500 rows of DP table...
2022-01-05 08:24:33,616 - root - DEBUG - Processing 700-th line out of 2500 rows of DP table...
2022-01-05 08:24:34,235 - root - DEBUG - Processing 710-th line out of 2500 rows of DP table...
2022-01-05 08:24:34,841 - root - DEBUG - Processing 720-th line out of 2500 rows of DP table...
2022-01-05 08:24:35,467 - root - DEBUG - Processing 730-th line out of 2500 rows of DP table...
2022-01-05 08:24:36,067 - root - DEBUG - Processing 740-th line out of 2500 rows of DP table...
2022-01-05 08:24:36,664 - root - DEBUG - Processing 750-th line out of 2500 rows of DP table...
2022-01-05 08:24:37,264 - root - DEBUG - Processing 760-th line out of 2500 rows of DP table...
2022-01-05 08:24:37,853 - root - DEBUG - Processing 770-th line out of 2500 rows of DP table...
2022-01-05 08:24:38,449 - root - DEBUG - Processing 780-th line out of 2500 rows of DP table...
2022-01-05 08:24:39,034 - root - DEBUG - Processing 790-th line out of 2500 rows of DP table...
2022-01-05 08:24:39,621 - root - DEBUG - Processing 800-th line out of 2500 rows of DP table...
2022-01-05 08:24:40,196 - root - DEBUG - Processing 810-th line out of 2500 rows of DP table...
2022-01-05 08:24:40,778 - root - DEBUG - Processing 820-th line out of 2500 rows of DP table...
2022-01-05 08:24:41,348 - root - DEBUG - Processing 830-th line out of 2500 rows of DP table...
2022-01-05 08:24:41,922 - root - DEBUG - Processing 840-th line out of 2500 rows of DP table...
2022-01-05 08:24:42,485 - root - DEBUG - Processing 850-th line out of 2500 rows of DP table...
2022-01-05 08:24:43,054 - root - DEBUG - Processing 860-th line out of 2500 rows of DP table...
2022-01-05 08:24:43,609 - root - DEBUG - Processing 870-th line out of 2500 rows of DP table...
2022-01-05 08:24:44,162 - root - DEBUG - Processing 880-th line out of 2500 rows of DP table...
2022-01-05 08:24:44,720 - root - DEBUG - Processing 890-th line out of 2500 rows of DP table...
2022-01-05 08:24:45,266 - root - DEBUG - Processing 900-th line out of 2500 rows of DP table...
2022-01-05 08:24:45,818 - root - DEBUG - Processing 910-th line out of 2500 rows of DP table...
2022-01-05 08:24:46,359 - root - DEBUG - Processing 920-th line out of 2500 rows of DP table...
2022-01-05 08:24:46,903 - root - DEBUG - Processing 930-th line out of 2500 rows of DP table...
2022-01-05 08:24:47,436 - root - DEBUG - Processing 940-th line out of 2500 rows of DP table...
2022-01-05 08:24:47,967 - root - DEBUG - Processing 950-th line out of 2500 rows of DP table...
2022-01-05 08:24:48,503 - root - DEBUG - Processing 960-th line out of 2500 rows of DP table...
2022-01-05 08:24:49,025 - root - DEBUG - Processing 970-th line out of 2500 rows of DP table...
2022-01-05 08:24:49,554 - root - DEBUG - Processing 980-th line out of 2500 rows of DP table...
2022-01-05 08:24:50,070 - root - DEBUG - Processing 990-th line out of 2500 rows of DP table...
2022-01-05 08:24:50,582 - root - DEBUG - Processing 1000-th line out of 2500 rows of DP table...
2022-01-05 08:24:51,102 - root - DEBUG - Processing 1010-th line out of 2500 rows of DP table...
2022-01-05 08:24:51,608 - root - DEBUG - Processing 1020-th line out of 2500 rows of DP table...
2022-01-05 08:24:52,120 - root - DEBUG - Processing 1030-th line out of 2500 rows of DP table...
2022-01-05 08:24:52,620 - root - DEBUG - Processing 1040-th line out of 2500 rows of DP table...
2022-01-05 08:24:53,114 - root - DEBUG - Processing 1050-th line out of 2500 rows of DP table...
2022-01-05 08:24:53,612 - root - DEBUG - Processing 1060-th line out of 2500 rows of DP table...
2022-01-05 08:24:54,103 - root - DEBUG - Processing 1070-th line out of 2500 rows of DP table...
2022-01-05 08:24:54,598 - root - DEBUG - Processing 1080-th line out of 2500 rows of DP table...
2022-01-05 08:24:55,081 - root - DEBUG - Processing 1090-th line out of 2500 rows of DP table...
2022-01-05 08:24:55,562 - root - DEBUG - Processing 1100-th line out of 2500 rows of DP table...
2022-01-05 08:24:56,049 - root - DEBUG - Processing 1110-th line out of 2500 rows of DP table...
2022-01-05 08:24:56,524 - root - DEBUG - Processing 1120-th line out of 2500 rows of DP table...
2022-01-05 08:24:57,002 - root - DEBUG - Processing 1130-th line out of 2500 rows of DP table...
2022-01-05 08:24:57,470 - root - DEBUG - Processing 1140-th line out of 2500 rows of DP table...
2022-01-05 08:24:57,935 - root - DEBUG - Processing 1150-th line out of 2500 rows of DP table...
2022-01-05 08:24:58,407 - root - DEBUG - Processing 1160-th line out of 2500 rows of DP table...
2022-01-05 08:24:58,866 - root - DEBUG - Processing 1170-th line out of 2500 rows of DP table...
2022-01-05 08:24:59,322 - root - DEBUG - Processing 1180-th line out of 2500 rows of DP table...
2022-01-05 08:24:59,781 - root - DEBUG - Processing 1190-th line out of 2500 rows of DP table...
2022-01-05 08:25:00,318 - root - DEBUG - Processing 1200-th line out of 2500 rows of DP table...
2022-01-05 08:25:00,764 - root - DEBUG - Processing 1210-th line out of 2500 rows of DP table...
2022-01-05 08:25:01,214 - root - DEBUG - Processing 1220-th line out of 2500 rows of DP table...
2022-01-05 08:25:01,652 - root - DEBUG - Processing 1230-th line out of 2500 rows of DP table...
2022-01-05 08:25:02,087 - root - DEBUG - Processing 1240-th line out of 2500 rows of DP table...
2022-01-05 08:25:02,529 - root - DEBUG - Processing 1250-th line out of 2500 rows of DP table...
2022-01-05 08:25:02,958 - root - DEBUG - Processing 1260-th line out of 2500 rows of DP table...
2022-01-05 08:25:03,393 - root - DEBUG - Processing 1270-th line out of 2500 rows of DP table...
2022-01-05 08:25:03,815 - root - DEBUG - Processing 1280-th line out of 2500 rows of DP table...
2022-01-05 08:25:04,233 - root - DEBUG - Processing 1290-th line out of 2500 rows of DP table...
2022-01-05 08:25:04,648 - root - DEBUG - Processing 1300-th line out of 2500 rows of DP table...
2022-01-05 08:25:05,069 - root - DEBUG - Processing 1310-th line out of 2500 rows of DP table...
2022-01-05 08:25:05,475 - root - DEBUG - Processing 1320-th line out of 2500 rows of DP table...
2022-01-05 08:25:05,879 - root - DEBUG - Processing 1330-th line out of 2500 rows of DP table...
2022-01-05 08:25:06,291 - root - DEBUG - Processing 1340-th line out of 2500 rows of DP table...
2022-01-05 08:25:06,689 - root - DEBUG - Processing 1350-th line out of 2500 rows of DP table...
2022-01-05 08:25:07,083 - root - DEBUG - Processing 1360-th line out of 2500 rows of DP table...
2022-01-05 08:25:07,496 - root - DEBUG - Processing 1370-th line out of 2500 rows of DP table...
2022-01-05 08:25:07,885 - root - DEBUG - Processing 1380-th line out of 2500 rows of DP table...
2022-01-05 08:25:08,270 - root - DEBUG - Processing 1390-th line out of 2500 rows of DP table...
2022-01-05 08:25:08,661 - root - DEBUG - Processing 1400-th line out of 2500 rows of DP table...
2022-01-05 08:25:09,038 - root - DEBUG - Processing 1410-th line out of 2500 rows of DP table...
2022-01-05 08:25:09,414 - root - DEBUG - Processing 1420-th line out of 2500 rows of DP table...
2022-01-05 08:25:09,793 - root - DEBUG - Processing 1430-th line out of 2500 rows of DP table...
2022-01-05 08:25:10,160 - root - DEBUG - Processing 1440-th line out of 2500 rows of DP table...
2022-01-05 08:25:10,523 - root - DEBUG - Processing 1450-th line out of 2500 rows of DP table...
2022-01-05 08:25:10,884 - root - DEBUG - Processing 1460-th line out of 2500 rows of DP table...
2022-01-05 08:25:11,251 - root - DEBUG - Processing 1470-th line out of 2500 rows of DP table...
2022-01-05 08:25:11,606 - root - DEBUG - Processing 1480-th line out of 2500 rows of DP table...
2022-01-05 08:25:11,958 - root - DEBUG - Processing 1490-th line out of 2500 rows of DP table...
2022-01-05 08:25:12,316 - root - DEBUG - Processing 1500-th line out of 2500 rows of DP table...
2022-01-05 08:25:12,662 - root - DEBUG - Processing 1510-th line out of 2500 rows of DP table...
2022-01-05 08:25:13,003 - root - DEBUG - Processing 1520-th line out of 2500 rows of DP table...
2022-01-05 08:25:13,341 - root - DEBUG - Processing 1530-th line out of 2500 rows of DP table...
2022-01-05 08:25:13,685 - root - DEBUG - Processing 1540-th line out of 2500 rows of DP table...
2022-01-05 08:25:14,017 - root - DEBUG - Processing 1550-th line out of 2500 rows of DP table...
2022-01-05 08:25:14,346 - root - DEBUG - Processing 1560-th line out of 2500 rows of DP table...
2022-01-05 08:25:14,671 - root - DEBUG - Processing 1570-th line out of 2500 rows of DP table...
2022-01-05 08:25:15,002 - root - DEBUG - Processing 1580-th line out of 2500 rows of DP table...
2022-01-05 08:25:15,319 - root - DEBUG - Processing 1590-th line out of 2500 rows of DP table...
2022-01-05 08:25:15,633 - root - DEBUG - Processing 1600-th line out of 2500 rows of DP table...
2022-01-05 08:25:15,944 - root - DEBUG - Processing 1610-th line out of 2500 rows of DP table...
2022-01-05 08:25:16,261 - root - DEBUG - Processing 1620-th line out of 2500 rows of DP table...
2022-01-05 08:25:16,567 - root - DEBUG - Processing 1630-th line out of 2500 rows of DP table...
2022-01-05 08:25:16,869 - root - DEBUG - Processing 1640-th line out of 2500 rows of DP table...
2022-01-05 08:25:17,169 - root - DEBUG - Processing 1650-th line out of 2500 rows of DP table...
2022-01-05 08:25:17,473 - root - DEBUG - Processing 1660-th line out of 2500 rows of DP table...
2022-01-05 08:25:17,764 - root - DEBUG - Processing 1670-th line out of 2500 rows of DP table...
2022-01-05 08:25:18,053 - root - DEBUG - Processing 1680-th line out of 2500 rows of DP table...
2022-01-05 08:25:18,338 - root - DEBUG - Processing 1690-th line out of 2500 rows of DP table...
2022-01-05 08:25:18,620 - root - DEBUG - Processing 1700-th line out of 2500 rows of DP table...
2022-01-05 08:25:18,907 - root - DEBUG - Processing 1710-th line out of 2500 rows of DP table...
2022-01-05 08:25:19,183 - root - DEBUG - Processing 1720-th line out of 2500 rows of DP table...
2022-01-05 08:25:19,454 - root - DEBUG - Processing 1730-th line out of 2500 rows of DP table...
2022-01-05 08:25:19,723 - root - DEBUG - Processing 1740-th line out of 2500 rows of DP table...
2022-01-05 08:25:19,996 - root - DEBUG - Processing 1750-th line out of 2500 rows of DP table...
2022-01-05 08:25:20,256 - root - DEBUG - Processing 1760-th line out of 2500 rows of DP table...
2022-01-05 08:25:20,514 - root - DEBUG - Processing 1770-th line out of 2500 rows of DP table...
2022-01-05 08:25:20,769 - root - DEBUG - Processing 1780-th line out of 2500 rows of DP table...
2022-01-05 08:25:21,242 - root - DEBUG - Processing 1790-th line out of 2500 rows of DP table...
2022-01-05 08:25:21,713 - root - DEBUG - Processing 1800-th line out of 2500 rows of DP table...
2022-01-05 08:25:21,985 - root - DEBUG - Processing 1810-th line out of 2500 rows of DP table...
2022-01-05 08:25:22,229 - root - DEBUG - Processing 1820-th line out of 2500 rows of DP table...
2022-01-05 08:25:22,469 - root - DEBUG - Processing 1830-th line out of 2500 rows of DP table...
2022-01-05 08:25:22,705 - root - DEBUG - Processing 1840-th line out of 2500 rows of DP table...
2022-01-05 08:25:22,938 - root - DEBUG - Processing 1850-th line out of 2500 rows of DP table...
2022-01-05 08:25:23,167 - root - DEBUG - Processing 1860-th line out of 2500 rows of DP table...
2022-01-05 08:25:23,394 - root - DEBUG - Processing 1870-th line out of 2500 rows of DP table...
2022-01-05 08:25:23,618 - root - DEBUG - Processing 1880-th line out of 2500 rows of DP table...
2022-01-05 08:25:23,839 - root - DEBUG - Processing 1890-th line out of 2500 rows of DP table...
2022-01-05 08:25:24,065 - root - DEBUG - Processing 1900-th line out of 2500 rows of DP table...
2022-01-05 08:25:24,278 - root - DEBUG - Processing 1910-th line out of 2500 rows of DP table...
2022-01-05 08:25:24,487 - root - DEBUG - Processing 1920-th line out of 2500 rows of DP table...
2022-01-05 08:25:24,691 - root - DEBUG - Processing 1930-th line out of 2500 rows of DP table...
2022-01-05 08:25:24,894 - root - DEBUG - Processing 1940-th line out of 2500 rows of DP table...
2022-01-05 08:25:25,093 - root - DEBUG - Processing 1950-th line out of 2500 rows of DP table...
2022-01-05 08:25:25,288 - root - DEBUG - Processing 1960-th line out of 2500 rows of DP table...
2022-01-05 08:25:25,479 - root - DEBUG - Processing 1970-th line out of 2500 rows of DP table...
2022-01-05 08:25:25,666 - root - DEBUG - Processing 1980-th line out of 2500 rows of DP table...
2022-01-05 08:25:25,853 - root - DEBUG - Processing 1990-th line out of 2500 rows of DP table...
2022-01-05 08:25:26,036 - root - DEBUG - Processing 2000-th line out of 2500 rows of DP table...
2022-01-05 08:25:26,222 - root - DEBUG - Processing 2010-th line out of 2500 rows of DP table...
2022-01-05 08:25:26,397 - root - DEBUG - Processing 2020-th line out of 2500 rows of DP table...
2022-01-05 08:25:26,569 - root - DEBUG - Processing 2030-th line out of 2500 rows of DP table...
2022-01-05 08:25:26,737 - root - DEBUG - Processing 2040-th line out of 2500 rows of DP table...
2022-01-05 08:25:26,902 - root - DEBUG - Processing 2050-th line out of 2500 rows of DP table...
2022-01-05 08:25:27,065 - root - DEBUG - Processing 2060-th line out of 2500 rows of DP table...
2022-01-05 08:25:27,225 - root - DEBUG - Processing 2070-th line out of 2500 rows of DP table...
2022-01-05 08:25:27,380 - root - DEBUG - Processing 2080-th line out of 2500 rows of DP table...
2022-01-05 08:25:27,672 - root - DEBUG - Processing 2090-th line out of 2500 rows of DP table...
2022-01-05 08:25:27,822 - root - DEBUG - Processing 2100-th line out of 2500 rows of DP table...
2022-01-05 08:25:27,967 - root - DEBUG - Processing 2110-th line out of 2500 rows of DP table...
2022-01-05 08:25:28,108 - root - DEBUG - Processing 2120-th line out of 2500 rows of DP table...
2022-01-05 08:25:28,244 - root - DEBUG - Processing 2130-th line out of 2500 rows of DP table...
2022-01-05 08:25:28,380 - root - DEBUG - Processing 2140-th line out of 2500 rows of DP table...
2022-01-05 08:25:28,513 - root - DEBUG - Processing 2150-th line out of 2500 rows of DP table...
2022-01-05 08:25:28,641 - root - DEBUG - Processing 2160-th line out of 2500 rows of DP table...
2022-01-05 08:25:28,768 - root - DEBUG - Processing 2170-th line out of 2500 rows of DP table...
2022-01-05 08:25:28,890 - root - DEBUG - Processing 2180-th line out of 2500 rows of DP table...
2022-01-05 08:25:29,008 - root - DEBUG - Processing 2190-th line out of 2500 rows of DP table...
2022-01-05 08:25:29,123 - root - DEBUG - Processing 2200-th line out of 2500 rows of DP table...
2022-01-05 08:25:29,244 - root - DEBUG - Processing 2210-th line out of 2500 rows of DP table...
2022-01-05 08:25:29,353 - root - DEBUG - Processing 2220-th line out of 2500 rows of DP table...
2022-01-05 08:25:29,458 - root - DEBUG - Processing 2230-th line out of 2500 rows of DP table...
2022-01-05 08:25:29,560 - root - DEBUG - Processing 2240-th line out of 2500 rows of DP table...
2022-01-05 08:25:29,659 - root - DEBUG - Processing 2250-th line out of 2500 rows of DP table...
2022-01-05 08:25:29,755 - root - DEBUG - Processing 2260-th line out of 2500 rows of DP table...
2022-01-05 08:25:29,847 - root - DEBUG - Processing 2270-th line out of 2500 rows of DP table...
2022-01-05 08:25:29,934 - root - DEBUG - Processing 2280-th line out of 2500 rows of DP table...
2022-01-05 08:25:30,032 - root - DEBUG - Processing 2290-th line out of 2500 rows of DP table...
2022-01-05 08:25:30,114 - root - DEBUG - Processing 2300-th line out of 2500 rows of DP table...
2022-01-05 08:25:30,192 - root - DEBUG - Processing 2310-th line out of 2500 rows of DP table...
2022-01-05 08:25:30,268 - root - DEBUG - Processing 2320-th line out of 2500 rows of DP table...
2022-01-05 08:25:30,340 - root - DEBUG - Processing 2330-th line out of 2500 rows of DP table...
2022-01-05 08:25:30,408 - root - DEBUG - Processing 2340-th line out of 2500 rows of DP table...
2022-01-05 08:25:30,473 - root - DEBUG - Processing 2350-th line out of 2500 rows of DP table...
2022-01-05 08:25:30,535 - root - DEBUG - Processing 2360-th line out of 2500 rows of DP table...
2022-01-05 08:25:30,592 - root - DEBUG - Processing 2370-th line out of 2500 rows of DP table...
2022-01-05 08:25:30,647 - root - DEBUG - Processing 2380-th line out of 2500 rows of DP table...
2022-01-05 08:25:30,699 - root - DEBUG - Processing 2390-th line out of 2500 rows of DP table...
2022-01-05 08:25:30,747 - root - DEBUG - Processing 2400-th line out of 2500 rows of DP table...
2022-01-05 08:25:30,791 - root - DEBUG - Processing 2410-th line out of 2500 rows of DP table...
2022-01-05 08:25:30,833 - root - DEBUG - Processing 2420-th line out of 2500 rows of DP table...
2022-01-05 08:25:30,870 - root - DEBUG - Processing 2430-th line out of 2500 rows of DP table...
2022-01-05 08:25:30,905 - root - DEBUG - Processing 2440-th line out of 2500 rows of DP table...
2022-01-05 08:25:30,937 - root - DEBUG - Processing 2450-th line out of 2500 rows of DP table...
2022-01-05 08:25:30,965 - root - DEBUG - Processing 2460-th line out of 2500 rows of DP table...
2022-01-05 08:25:30,990 - root - DEBUG - Processing 2470-th line out of 2500 rows of DP table...
2022-01-05 08:25:31,012 - root - DEBUG - Processing 2480-th line out of 2500 rows of DP table...
2022-01-05 08:25:31,030 - root - DEBUG - Processing 2490-th line out of 2500 rows of DP table...
2022-01-05 08:25:31,045 - root - DEBUG - Processing 2500-th line out of 2500 rows of DP table...
2022-01-05 08:25:31,061 - root - DEBUG - Started computing joint logprobs...
