2022-01-05 06:50:09,520 - root - INFO - Loading reference interval set from '211227-2-sim/g26_9.ref.tsv'...
2022-01-05 06:50:09,525 - root - INFO - Loading query interval set from '211227-2-sim/g26_9.query.tsv'...
2022-01-05 06:50:09,575 - root - INFO - Loading chromosome sizes from '211227-2-sim/g26_sizes.tsv'...
2022-01-05 06:50:09,579 - root - INFO - Number of reference intervals: 2500 (2500 before merging)
2022-01-05 06:50:09,580 - root - INFO - Number of query intervals: 50 (50 before merging)
2022-01-05 06:50:09,581 - root - INFO - Number of chromosomes: 1
2022-01-05 06:50:09,587 - root - INFO - Overlap count: 121
2022-01-05 06:50:09,588 - root - DEBUG - Started computing sf for chromosome 'chr1'...
2022-01-05 06:50:09,590 - root - DEBUG - m=2500, n=50
2022-01-05 06:50:10,890 - root - DEBUG - Processing 10-th line out of 2500 rows of DP table...
2022-01-05 06:50:12,327 - root - DEBUG - Processing 20-th line out of 2500 rows of DP table...
2022-01-05 06:50:13,756 - root - DEBUG - Processing 30-th line out of 2500 rows of DP table...
2022-01-05 06:50:15,172 - root - DEBUG - Processing 40-th line out of 2500 rows of DP table...
2022-01-05 06:50:16,546 - root - DEBUG - Processing 50-th line out of 2500 rows of DP table...
2022-01-05 06:50:17,490 - root - DEBUG - Processing 60-th line out of 2500 rows of DP table...
2022-01-05 06:50:18,316 - root - DEBUG - Processing 70-th line out of 2500 rows of DP table...
2022-01-05 06:50:19,144 - root - DEBUG - Processing 80-th line out of 2500 rows of DP table...
2022-01-05 06:50:19,967 - root - DEBUG - Processing 90-th line out of 2500 rows of DP table...
2022-01-05 06:50:20,782 - root - DEBUG - Processing 100-th line out of 2500 rows of DP table...
2022-01-05 06:50:21,593 - root - DEBUG - Processing 110-th line out of 2500 rows of DP table...
2022-01-05 06:50:22,412 - root - DEBUG - Processing 120-th line out of 2500 rows of DP table...
2022-01-05 06:50:23,990 - root - DEBUG - Processing 130-th line out of 2500 rows of DP table...
2022-01-05 06:50:25,553 - root - DEBUG - Processing 140-th line out of 2500 rows of DP table...
2022-01-05 06:50:27,116 - root - DEBUG - Processing 150-th line out of 2500 rows of DP table...
2022-01-05 06:50:28,921 - root - DEBUG - Processing 160-th line out of 2500 rows of DP table...
2022-01-05 06:50:30,480 - root - DEBUG - Processing 170-th line out of 2500 rows of DP table...
2022-01-05 06:50:32,019 - root - DEBUG - Processing 180-th line out of 2500 rows of DP table...
2022-01-05 06:50:33,559 - root - DEBUG - Processing 190-th line out of 2500 rows of DP table...
2022-01-05 06:50:35,081 - root - DEBUG - Processing 200-th line out of 2500 rows of DP table...
2022-01-05 06:50:36,619 - root - DEBUG - Processing 210-th line out of 2500 rows of DP table...
2022-01-05 06:50:38,131 - root - DEBUG - Processing 220-th line out of 2500 rows of DP table...
2022-01-05 06:50:39,642 - root - DEBUG - Processing 230-th line out of 2500 rows of DP table...
2022-01-05 06:50:41,152 - root - DEBUG - Processing 240-th line out of 2500 rows of DP table...
2022-01-05 06:50:42,650 - root - DEBUG - Processing 250-th line out of 2500 rows of DP table...
2022-01-05 06:50:44,140 - root - DEBUG - Processing 260-th line out of 2500 rows of DP table...
2022-01-05 06:50:45,621 - root - DEBUG - Processing 270-th line out of 2500 rows of DP table...
2022-01-05 06:50:47,102 - root - DEBUG - Processing 280-th line out of 2500 rows of DP table...
2022-01-05 06:50:48,576 - root - DEBUG - Processing 290-th line out of 2500 rows of DP table...
2022-01-05 06:50:50,043 - root - DEBUG - Processing 300-th line out of 2500 rows of DP table...
2022-01-05 06:50:51,518 - root - DEBUG - Processing 310-th line out of 2500 rows of DP table...
2022-01-05 06:50:52,683 - root - DEBUG - Processing 320-th line out of 2500 rows of DP table...
2022-01-05 06:50:53,426 - root - DEBUG - Processing 330-th line out of 2500 rows of DP table...
2022-01-05 06:50:54,160 - root - DEBUG - Processing 340-th line out of 2500 rows of DP table...
2022-01-05 06:50:54,892 - root - DEBUG - Processing 350-th line out of 2500 rows of DP table...
2022-01-05 06:50:55,624 - root - DEBUG - Processing 360-th line out of 2500 rows of DP table...
2022-01-05 06:50:56,350 - root - DEBUG - Processing 370-th line out of 2500 rows of DP table...
2022-01-05 06:50:57,083 - root - DEBUG - Processing 380-th line out of 2500 rows of DP table...
2022-01-05 06:50:57,820 - root - DEBUG - Processing 390-th line out of 2500 rows of DP table...
2022-01-05 06:50:58,953 - root - DEBUG - Processing 400-th line out of 2500 rows of DP table...
2022-01-05 06:50:59,695 - root - DEBUG - Processing 410-th line out of 2500 rows of DP table...
2022-01-05 06:51:00,399 - root - DEBUG - Processing 420-th line out of 2500 rows of DP table...
2022-01-05 06:51:01,110 - root - DEBUG - Processing 430-th line out of 2500 rows of DP table...
2022-01-05 06:51:01,815 - root - DEBUG - Processing 440-th line out of 2500 rows of DP table...
2022-01-05 06:51:02,515 - root - DEBUG - Processing 450-th line out of 2500 rows of DP table...
2022-01-05 06:51:03,212 - root - DEBUG - Processing 460-th line out of 2500 rows of DP table...
2022-01-05 06:51:03,903 - root - DEBUG - Processing 470-th line out of 2500 rows of DP table...
2022-01-05 06:51:04,583 - root - DEBUG - Processing 480-th line out of 2500 rows of DP table...
2022-01-05 06:51:05,276 - root - DEBUG - Processing 490-th line out of 2500 rows of DP table...
2022-01-05 06:51:05,961 - root - DEBUG - Processing 500-th line out of 2500 rows of DP table...
2022-01-05 06:51:06,657 - root - DEBUG - Processing 510-th line out of 2500 rows of DP table...
2022-01-05 06:51:07,332 - root - DEBUG - Processing 520-th line out of 2500 rows of DP table...
2022-01-05 06:51:08,003 - root - DEBUG - Processing 530-th line out of 2500 rows of DP table...
2022-01-05 06:51:08,668 - root - DEBUG - Processing 540-th line out of 2500 rows of DP table...
2022-01-05 06:51:09,333 - root - DEBUG - Processing 550-th line out of 2500 rows of DP table...
2022-01-05 06:51:10,007 - root - DEBUG - Processing 560-th line out of 2500 rows of DP table...
2022-01-05 06:51:10,663 - root - DEBUG - Processing 570-th line out of 2500 rows of DP table...
2022-01-05 06:51:11,363 - root - DEBUG - Processing 580-th line out of 2500 rows of DP table...
2022-01-05 06:51:12,019 - root - DEBUG - Processing 590-th line out of 2500 rows of DP table...
2022-01-05 06:51:12,666 - root - DEBUG - Processing 600-th line out of 2500 rows of DP table...
2022-01-05 06:51:13,336 - root - DEBUG - Processing 610-th line out of 2500 rows of DP table...
2022-01-05 06:51:13,979 - root - DEBUG - Processing 620-th line out of 2500 rows of DP table...
2022-01-05 06:51:14,615 - root - DEBUG - Processing 630-th line out of 2500 rows of DP table...
2022-01-05 06:51:15,270 - root - DEBUG - Processing 640-th line out of 2500 rows of DP table...
2022-01-05 06:51:15,908 - root - DEBUG - Processing 650-th line out of 2500 rows of DP table...
2022-01-05 06:51:16,533 - root - DEBUG - Processing 660-th line out of 2500 rows of DP table...
2022-01-05 06:51:17,172 - root - DEBUG - Processing 670-th line out of 2500 rows of DP table...
2022-01-05 06:51:17,791 - root - DEBUG - Processing 680-th line out of 2500 rows of DP table...
2022-01-05 06:51:18,410 - root - DEBUG - Processing 690-th line out of 2500 rows of DP table...
2022-01-05 06:51:19,027 - root - DEBUG - Processing 700-th line out of 2500 rows of DP table...
2022-01-05 06:51:19,635 - root - DEBUG - Processing 710-th line out of 2500 rows of DP table...
2022-01-05 06:51:20,252 - root - DEBUG - Processing 720-th line out of 2500 rows of DP table...
2022-01-05 06:51:20,852 - root - DEBUG - Processing 730-th line out of 2500 rows of DP table...
2022-01-05 06:51:21,458 - root - DEBUG - Processing 740-th line out of 2500 rows of DP table...
2022-01-05 06:51:22,059 - root - DEBUG - Processing 750-th line out of 2500 rows of DP table...
2022-01-05 06:51:22,649 - root - DEBUG - Processing 760-th line out of 2500 rows of DP table...
2022-01-05 06:51:23,244 - root - DEBUG - Processing 770-th line out of 2500 rows of DP table...
2022-01-05 06:51:23,832 - root - DEBUG - Processing 780-th line out of 2500 rows of DP table...
2022-01-05 06:51:24,418 - root - DEBUG - Processing 790-th line out of 2500 rows of DP table...
2022-01-05 06:51:25,033 - root - DEBUG - Processing 800-th line out of 2500 rows of DP table...
2022-01-05 06:51:25,635 - root - DEBUG - Processing 810-th line out of 2500 rows of DP table...
2022-01-05 06:51:26,210 - root - DEBUG - Processing 820-th line out of 2500 rows of DP table...
2022-01-05 06:51:26,782 - root - DEBUG - Processing 830-th line out of 2500 rows of DP table...
2022-01-05 06:51:27,349 - root - DEBUG - Processing 840-th line out of 2500 rows of DP table...
2022-01-05 06:51:27,915 - root - DEBUG - Processing 850-th line out of 2500 rows of DP table...
2022-01-05 06:51:28,483 - root - DEBUG - Processing 860-th line out of 2500 rows of DP table...
2022-01-05 06:51:29,044 - root - DEBUG - Processing 870-th line out of 2500 rows of DP table...
2022-01-05 06:51:29,597 - root - DEBUG - Processing 880-th line out of 2500 rows of DP table...
2022-01-05 06:51:30,154 - root - DEBUG - Processing 890-th line out of 2500 rows of DP table...
2022-01-05 06:51:30,702 - root - DEBUG - Processing 900-th line out of 2500 rows of DP table...
2022-01-05 06:51:31,251 - root - DEBUG - Processing 910-th line out of 2500 rows of DP table...
2022-01-05 06:51:31,794 - root - DEBUG - Processing 920-th line out of 2500 rows of DP table...
2022-01-05 06:51:32,850 - root - DEBUG - Processing 930-th line out of 2500 rows of DP table...
2022-01-05 06:51:33,886 - root - DEBUG - Processing 940-th line out of 2500 rows of DP table...
2022-01-05 06:51:34,963 - root - DEBUG - Processing 950-th line out of 2500 rows of DP table...
2022-01-05 06:51:36,001 - root - DEBUG - Processing 960-th line out of 2500 rows of DP table...
2022-01-05 06:51:37,036 - root - DEBUG - Processing 970-th line out of 2500 rows of DP table...
2022-01-05 06:51:38,060 - root - DEBUG - Processing 980-th line out of 2500 rows of DP table...
2022-01-05 06:51:39,092 - root - DEBUG - Processing 990-th line out of 2500 rows of DP table...
2022-01-05 06:51:40,105 - root - DEBUG - Processing 1000-th line out of 2500 rows of DP table...
2022-01-05 06:51:41,114 - root - DEBUG - Processing 1010-th line out of 2500 rows of DP table...
2022-01-05 06:51:42,096 - root - DEBUG - Processing 1020-th line out of 2500 rows of DP table...
2022-01-05 06:51:43,142 - root - DEBUG - Processing 1030-th line out of 2500 rows of DP table...
2022-01-05 06:51:44,156 - root - DEBUG - Processing 1040-th line out of 2500 rows of DP table...
2022-01-05 06:51:45,137 - root - DEBUG - Processing 1050-th line out of 2500 rows of DP table...
2022-01-05 06:51:46,107 - root - DEBUG - Processing 1060-th line out of 2500 rows of DP table...
2022-01-05 06:51:47,094 - root - DEBUG - Processing 1070-th line out of 2500 rows of DP table...
2022-01-05 06:51:48,085 - root - DEBUG - Processing 1080-th line out of 2500 rows of DP table...
2022-01-05 06:51:49,062 - root - DEBUG - Processing 1090-th line out of 2500 rows of DP table...
2022-01-05 06:51:50,011 - root - DEBUG - Processing 1100-th line out of 2500 rows of DP table...
2022-01-05 06:51:50,938 - root - DEBUG - Processing 1110-th line out of 2500 rows of DP table...
2022-01-05 06:51:51,889 - root - DEBUG - Processing 1120-th line out of 2500 rows of DP table...
2022-01-05 06:51:52,835 - root - DEBUG - Processing 1130-th line out of 2500 rows of DP table...
2022-01-05 06:51:53,774 - root - DEBUG - Processing 1140-th line out of 2500 rows of DP table...
2022-01-05 06:51:54,700 - root - DEBUG - Processing 1150-th line out of 2500 rows of DP table...
2022-01-05 06:51:55,608 - root - DEBUG - Processing 1160-th line out of 2500 rows of DP table...
2022-01-05 06:51:56,521 - root - DEBUG - Processing 1170-th line out of 2500 rows of DP table...
2022-01-05 06:51:57,429 - root - DEBUG - Processing 1180-th line out of 2500 rows of DP table...
2022-01-05 06:51:58,332 - root - DEBUG - Processing 1190-th line out of 2500 rows of DP table...
2022-01-05 06:51:59,216 - root - DEBUG - Processing 1200-th line out of 2500 rows of DP table...
2022-01-05 06:52:00,104 - root - DEBUG - Processing 1210-th line out of 2500 rows of DP table...
2022-01-05 06:52:00,975 - root - DEBUG - Processing 1220-th line out of 2500 rows of DP table...
2022-01-05 06:52:01,860 - root - DEBUG - Processing 1230-th line out of 2500 rows of DP table...
2022-01-05 06:52:02,734 - root - DEBUG - Processing 1240-th line out of 2500 rows of DP table...
2022-01-05 06:52:03,593 - root - DEBUG - Processing 1250-th line out of 2500 rows of DP table...
2022-01-05 06:52:04,480 - root - DEBUG - Processing 1260-th line out of 2500 rows of DP table...
2022-01-05 06:52:05,331 - root - DEBUG - Processing 1270-th line out of 2500 rows of DP table...
2022-01-05 06:52:06,161 - root - DEBUG - Processing 1280-th line out of 2500 rows of DP table...
2022-01-05 06:52:06,998 - root - DEBUG - Processing 1290-th line out of 2500 rows of DP table...
2022-01-05 06:52:07,821 - root - DEBUG - Processing 1300-th line out of 2500 rows of DP table...
2022-01-05 06:52:08,629 - root - DEBUG - Processing 1310-th line out of 2500 rows of DP table...
2022-01-05 06:52:09,461 - root - DEBUG - Processing 1320-th line out of 2500 rows of DP table...
2022-01-05 06:52:10,257 - root - DEBUG - Processing 1330-th line out of 2500 rows of DP table...
2022-01-05 06:52:11,049 - root - DEBUG - Processing 1340-th line out of 2500 rows of DP table...
2022-01-05 06:52:11,835 - root - DEBUG - Processing 1350-th line out of 2500 rows of DP table...
2022-01-05 06:52:12,615 - root - DEBUG - Processing 1360-th line out of 2500 rows of DP table...
2022-01-05 06:52:13,384 - root - DEBUG - Processing 1370-th line out of 2500 rows of DP table...
2022-01-05 06:52:14,151 - root - DEBUG - Processing 1380-th line out of 2500 rows of DP table...
2022-01-05 06:52:14,913 - root - DEBUG - Processing 1390-th line out of 2500 rows of DP table...
2022-01-05 06:52:15,665 - root - DEBUG - Processing 1400-th line out of 2500 rows of DP table...
2022-01-05 06:52:16,409 - root - DEBUG - Processing 1410-th line out of 2500 rows of DP table...
2022-01-05 06:52:17,137 - root - DEBUG - Processing 1420-th line out of 2500 rows of DP table...
2022-01-05 06:52:17,871 - root - DEBUG - Processing 1430-th line out of 2500 rows of DP table...
2022-01-05 06:52:18,609 - root - DEBUG - Processing 1440-th line out of 2500 rows of DP table...
2022-01-05 06:52:19,336 - root - DEBUG - Processing 1450-th line out of 2500 rows of DP table...
2022-01-05 06:52:20,074 - root - DEBUG - Processing 1460-th line out of 2500 rows of DP table...
2022-01-05 06:52:20,789 - root - DEBUG - Processing 1470-th line out of 2500 rows of DP table...
2022-01-05 06:52:21,494 - root - DEBUG - Processing 1480-th line out of 2500 rows of DP table...
2022-01-05 06:52:22,196 - root - DEBUG - Processing 1490-th line out of 2500 rows of DP table...
2022-01-05 06:52:22,892 - root - DEBUG - Processing 1500-th line out of 2500 rows of DP table...
2022-01-05 06:52:23,578 - root - DEBUG - Processing 1510-th line out of 2500 rows of DP table...
2022-01-05 06:52:24,260 - root - DEBUG - Processing 1520-th line out of 2500 rows of DP table...
2022-01-05 06:52:24,937 - root - DEBUG - Processing 1530-th line out of 2500 rows of DP table...
2022-01-05 06:52:25,607 - root - DEBUG - Processing 1540-th line out of 2500 rows of DP table...
2022-01-05 06:52:26,272 - root - DEBUG - Processing 1550-th line out of 2500 rows of DP table...
2022-01-05 06:52:26,902 - root - DEBUG - Processing 1560-th line out of 2500 rows of DP table...
2022-01-05 06:52:27,569 - root - DEBUG - Processing 1570-th line out of 2500 rows of DP table...
2022-01-05 06:52:28,214 - root - DEBUG - Processing 1580-th line out of 2500 rows of DP table...
2022-01-05 06:52:28,850 - root - DEBUG - Processing 1590-th line out of 2500 rows of DP table...
2022-01-05 06:52:29,505 - root - DEBUG - Processing 1600-th line out of 2500 rows of DP table...
2022-01-05 06:52:30,134 - root - DEBUG - Processing 1610-th line out of 2500 rows of DP table...
2022-01-05 06:52:30,750 - root - DEBUG - Processing 1620-th line out of 2500 rows of DP table...
2022-01-05 06:52:31,361 - root - DEBUG - Processing 1630-th line out of 2500 rows of DP table...
2022-01-05 06:52:31,965 - root - DEBUG - Processing 1640-th line out of 2500 rows of DP table...
2022-01-05 06:52:32,577 - root - DEBUG - Processing 1650-th line out of 2500 rows of DP table...
2022-01-05 06:52:33,169 - root - DEBUG - Processing 1660-th line out of 2500 rows of DP table...
2022-01-05 06:52:33,759 - root - DEBUG - Processing 1670-th line out of 2500 rows of DP table...
2022-01-05 06:52:34,338 - root - DEBUG - Processing 1680-th line out of 2500 rows of DP table...
2022-01-05 06:52:34,918 - root - DEBUG - Processing 1690-th line out of 2500 rows of DP table...
2022-01-05 06:52:35,508 - root - DEBUG - Processing 1700-th line out of 2500 rows of DP table...
2022-01-05 06:52:36,038 - root - DEBUG - Processing 1710-th line out of 2500 rows of DP table...
2022-01-05 06:52:36,593 - root - DEBUG - Processing 1720-th line out of 2500 rows of DP table...
2022-01-05 06:52:37,135 - root - DEBUG - Processing 1730-th line out of 2500 rows of DP table...
2022-01-05 06:52:37,673 - root - DEBUG - Processing 1740-th line out of 2500 rows of DP table...
2022-01-05 06:52:38,202 - root - DEBUG - Processing 1750-th line out of 2500 rows of DP table...
2022-01-05 06:52:38,726 - root - DEBUG - Processing 1760-th line out of 2500 rows of DP table...
2022-01-05 06:52:39,242 - root - DEBUG - Processing 1770-th line out of 2500 rows of DP table...
2022-01-05 06:52:39,754 - root - DEBUG - Processing 1780-th line out of 2500 rows of DP table...
2022-01-05 06:52:40,257 - root - DEBUG - Processing 1790-th line out of 2500 rows of DP table...
2022-01-05 06:52:40,756 - root - DEBUG - Processing 1800-th line out of 2500 rows of DP table...
2022-01-05 06:52:41,244 - root - DEBUG - Processing 1810-th line out of 2500 rows of DP table...
2022-01-05 06:52:41,731 - root - DEBUG - Processing 1820-th line out of 2500 rows of DP table...
2022-01-05 06:52:42,208 - root - DEBUG - Processing 1830-th line out of 2500 rows of DP table...
2022-01-05 06:52:42,679 - root - DEBUG - Processing 1840-th line out of 2500 rows of DP table...
2022-01-05 06:52:43,142 - root - DEBUG - Processing 1850-th line out of 2500 rows of DP table...
2022-01-05 06:52:43,603 - root - DEBUG - Processing 1860-th line out of 2500 rows of DP table...
2022-01-05 06:52:44,052 - root - DEBUG - Processing 1870-th line out of 2500 rows of DP table...
2022-01-05 06:52:44,495 - root - DEBUG - Processing 1880-th line out of 2500 rows of DP table...
2022-01-05 06:52:44,924 - root - DEBUG - Processing 1890-th line out of 2500 rows of DP table...
2022-01-05 06:52:45,372 - root - DEBUG - Processing 1900-th line out of 2500 rows of DP table...
2022-01-05 06:52:45,823 - root - DEBUG - Processing 1910-th line out of 2500 rows of DP table...
2022-01-05 06:52:46,238 - root - DEBUG - Processing 1920-th line out of 2500 rows of DP table...
2022-01-05 06:52:46,670 - root - DEBUG - Processing 1930-th line out of 2500 rows of DP table...
2022-01-05 06:52:47,075 - root - DEBUG - Processing 1940-th line out of 2500 rows of DP table...
2022-01-05 06:52:47,485 - root - DEBUG - Processing 1950-th line out of 2500 rows of DP table...
2022-01-05 06:52:47,877 - root - DEBUG - Processing 1960-th line out of 2500 rows of DP table...
2022-01-05 06:52:48,260 - root - DEBUG - Processing 1970-th line out of 2500 rows of DP table...
2022-01-05 06:52:48,635 - root - DEBUG - Processing 1980-th line out of 2500 rows of DP table...
2022-01-05 06:52:49,022 - root - DEBUG - Processing 1990-th line out of 2500 rows of DP table...
2022-01-05 06:52:49,384 - root - DEBUG - Processing 2000-th line out of 2500 rows of DP table...
2022-01-05 06:52:49,747 - root - DEBUG - Processing 2010-th line out of 2500 rows of DP table...
2022-01-05 06:52:50,100 - root - DEBUG - Processing 2020-th line out of 2500 rows of DP table...
2022-01-05 06:52:50,517 - root - DEBUG - Processing 2030-th line out of 2500 rows of DP table...
2022-01-05 06:52:50,868 - root - DEBUG - Processing 2040-th line out of 2500 rows of DP table...
2022-01-05 06:52:51,198 - root - DEBUG - Processing 2050-th line out of 2500 rows of DP table...
2022-01-05 06:52:51,552 - root - DEBUG - Processing 2060-th line out of 2500 rows of DP table...
2022-01-05 06:52:51,927 - root - DEBUG - Processing 2070-th line out of 2500 rows of DP table...
2022-01-05 06:52:52,281 - root - DEBUG - Processing 2080-th line out of 2500 rows of DP table...
2022-01-05 06:52:52,635 - root - DEBUG - Processing 2090-th line out of 2500 rows of DP table...
2022-01-05 06:52:52,945 - root - DEBUG - Processing 2100-th line out of 2500 rows of DP table...
2022-01-05 06:52:53,239 - root - DEBUG - Processing 2110-th line out of 2500 rows of DP table...
2022-01-05 06:52:53,498 - root - DEBUG - Processing 2120-th line out of 2500 rows of DP table...
2022-01-05 06:52:53,793 - root - DEBUG - Processing 2130-th line out of 2500 rows of DP table...
2022-01-05 06:52:54,062 - root - DEBUG - Processing 2140-th line out of 2500 rows of DP table...
2022-01-05 06:52:54,324 - root - DEBUG - Processing 2150-th line out of 2500 rows of DP table...
2022-01-05 06:52:54,584 - root - DEBUG - Processing 2160-th line out of 2500 rows of DP table...
2022-01-05 06:52:54,834 - root - DEBUG - Processing 2170-th line out of 2500 rows of DP table...
2022-01-05 06:52:55,078 - root - DEBUG - Processing 2180-th line out of 2500 rows of DP table...
2022-01-05 06:52:55,315 - root - DEBUG - Processing 2190-th line out of 2500 rows of DP table...
2022-01-05 06:52:55,548 - root - DEBUG - Processing 2200-th line out of 2500 rows of DP table...
2022-01-05 06:52:55,777 - root - DEBUG - Processing 2210-th line out of 2500 rows of DP table...
2022-01-05 06:52:55,993 - root - DEBUG - Processing 2220-th line out of 2500 rows of DP table...
2022-01-05 06:52:56,202 - root - DEBUG - Processing 2230-th line out of 2500 rows of DP table...
2022-01-05 06:52:56,405 - root - DEBUG - Processing 2240-th line out of 2500 rows of DP table...
2022-01-05 06:52:56,604 - root - DEBUG - Processing 2250-th line out of 2500 rows of DP table...
2022-01-05 06:52:56,793 - root - DEBUG - Processing 2260-th line out of 2500 rows of DP table...
2022-01-05 06:52:56,976 - root - DEBUG - Processing 2270-th line out of 2500 rows of DP table...
2022-01-05 06:52:57,154 - root - DEBUG - Processing 2280-th line out of 2500 rows of DP table...
2022-01-05 06:52:57,324 - root - DEBUG - Processing 2290-th line out of 2500 rows of DP table...
2022-01-05 06:52:57,486 - root - DEBUG - Processing 2300-th line out of 2500 rows of DP table...
2022-01-05 06:52:57,647 - root - DEBUG - Processing 2310-th line out of 2500 rows of DP table...
2022-01-05 06:52:57,797 - root - DEBUG - Processing 2320-th line out of 2500 rows of DP table...
2022-01-05 06:52:57,974 - root - DEBUG - Processing 2330-th line out of 2500 rows of DP table...
2022-01-05 06:52:58,048 - root - DEBUG - Processing 2340-th line out of 2500 rows of DP table...
2022-01-05 06:52:58,114 - root - DEBUG - Processing 2350-th line out of 2500 rows of DP table...
2022-01-05 06:52:58,177 - root - DEBUG - Processing 2360-th line out of 2500 rows of DP table...
2022-01-05 06:52:58,236 - root - DEBUG - Processing 2370-th line out of 2500 rows of DP table...
2022-01-05 06:52:58,291 - root - DEBUG - Processing 2380-th line out of 2500 rows of DP table...
2022-01-05 06:52:58,344 - root - DEBUG - Processing 2390-th line out of 2500 rows of DP table...
2022-01-05 06:52:58,394 - root - DEBUG - Processing 2400-th line out of 2500 rows of DP table...
2022-01-05 06:52:58,440 - root - DEBUG - Processing 2410-th line out of 2500 rows of DP table...
2022-01-05 06:52:58,497 - root - DEBUG - Processing 2420-th line out of 2500 rows of DP table...
2022-01-05 06:52:58,536 - root - DEBUG - Processing 2430-th line out of 2500 rows of DP table...
2022-01-05 06:52:58,571 - root - DEBUG - Processing 2440-th line out of 2500 rows of DP table...
2022-01-05 06:52:58,602 - root - DEBUG - Processing 2450-th line out of 2500 rows of DP table...
2022-01-05 06:52:58,639 - root - DEBUG - Processing 2460-th line out of 2500 rows of DP table...
2022-01-05 06:52:58,665 - root - DEBUG - Processing 2470-th line out of 2500 rows of DP table...
2022-01-05 06:52:58,686 - root - DEBUG - Processing 2480-th line out of 2500 rows of DP table...
2022-01-05 06:52:58,718 - root - DEBUG - Processing 2490-th line out of 2500 rows of DP table...
2022-01-05 06:52:58,732 - root - DEBUG - Processing 2500-th line out of 2500 rows of DP table...
2022-01-05 06:52:58,748 - root - DEBUG - Started computing joint logprobs...
