2022-01-05 08:27:27,639 - root - INFO - Loading reference interval set from '211227-2-sim/g26_3.ref.tsv'...
2022-01-05 08:27:27,644 - root - INFO - Loading query interval set from '211227-2-sim/g26_3.query.tsv'...
2022-01-05 08:27:27,661 - root - INFO - Loading chromosome sizes from '211227-2-sim/g26_sizes.tsv'...
2022-01-05 08:27:27,664 - root - INFO - Number of reference intervals: 2500 (2500 before merging)
2022-01-05 08:27:27,666 - root - INFO - Number of query intervals: 50 (50 before merging)
2022-01-05 08:27:27,667 - root - INFO - Number of chromosomes: 1
2022-01-05 08:27:27,674 - root - INFO - Overlap count: 136
2022-01-05 08:27:27,676 - root - DEBUG - Started computing sf for chromosome 'chr1'...
2022-01-05 08:27:27,677 - root - DEBUG - m=2500, n=50
2022-01-05 08:27:28,499 - root - DEBUG - Processing 10-th line out of 2500 rows of DP table...
2022-01-05 08:27:29,356 - root - DEBUG - Processing 20-th line out of 2500 rows of DP table...
2022-01-05 08:27:30,221 - root - DEBUG - Processing 30-th line out of 2500 rows of DP table...
2022-01-05 08:27:31,081 - root - DEBUG - Processing 40-th line out of 2500 rows of DP table...
2022-01-05 08:27:31,926 - root - DEBUG - Processing 50-th line out of 2500 rows of DP table...
2022-01-05 08:27:32,784 - root - DEBUG - Processing 60-th line out of 2500 rows of DP table...
2022-01-05 08:27:33,634 - root - DEBUG - Processing 70-th line out of 2500 rows of DP table...
2022-01-05 08:27:34,474 - root - DEBUG - Processing 80-th line out of 2500 rows of DP table...
2022-01-05 08:27:35,319 - root - DEBUG - Processing 90-th line out of 2500 rows of DP table...
2022-01-05 08:27:36,161 - root - DEBUG - Processing 100-th line out of 2500 rows of DP table...
2022-01-05 08:27:36,985 - root - DEBUG - Processing 110-th line out of 2500 rows of DP table...
2022-01-05 08:27:37,816 - root - DEBUG - Processing 120-th line out of 2500 rows of DP table...
2022-01-05 08:27:38,644 - root - DEBUG - Processing 130-th line out of 2500 rows of DP table...
2022-01-05 08:27:39,461 - root - DEBUG - Processing 140-th line out of 2500 rows of DP table...
2022-01-05 08:27:40,284 - root - DEBUG - Processing 150-th line out of 2500 rows of DP table...
2022-01-05 08:27:41,102 - root - DEBUG - Processing 160-th line out of 2500 rows of DP table...
2022-01-05 08:27:41,906 - root - DEBUG - Processing 170-th line out of 2500 rows of DP table...
2022-01-05 08:27:42,721 - root - DEBUG - Processing 180-th line out of 2500 rows of DP table...
2022-01-05 08:27:43,531 - root - DEBUG - Processing 190-th line out of 2500 rows of DP table...
2022-01-05 08:27:44,336 - root - DEBUG - Processing 200-th line out of 2500 rows of DP table...
2022-01-05 08:27:45,138 - root - DEBUG - Processing 210-th line out of 2500 rows of DP table...
2022-01-05 08:27:45,932 - root - DEBUG - Processing 220-th line out of 2500 rows of DP table...
2022-01-05 08:27:46,729 - root - DEBUG - Processing 230-th line out of 2500 rows of DP table...
2022-01-05 08:27:47,524 - root - DEBUG - Processing 240-th line out of 2500 rows of DP table...
2022-01-05 08:27:48,304 - root - DEBUG - Processing 250-th line out of 2500 rows of DP table...
2022-01-05 08:27:49,090 - root - DEBUG - Processing 260-th line out of 2500 rows of DP table...
2022-01-05 08:27:49,876 - root - DEBUG - Processing 270-th line out of 2500 rows of DP table...
2022-01-05 08:27:50,647 - root - DEBUG - Processing 280-th line out of 2500 rows of DP table...
2022-01-05 08:27:51,427 - root - DEBUG - Processing 290-th line out of 2500 rows of DP table...
2022-01-05 08:27:52,196 - root - DEBUG - Processing 300-th line out of 2500 rows of DP table...
2022-01-05 08:27:52,963 - root - DEBUG - Processing 310-th line out of 2500 rows of DP table...
2022-01-05 08:27:53,729 - root - DEBUG - Processing 320-th line out of 2500 rows of DP table...
2022-01-05 08:27:54,484 - root - DEBUG - Processing 330-th line out of 2500 rows of DP table...
2022-01-05 08:27:55,243 - root - DEBUG - Processing 340-th line out of 2500 rows of DP table...
2022-01-05 08:27:55,987 - root - DEBUG - Processing 350-th line out of 2500 rows of DP table...
2022-01-05 08:27:56,737 - root - DEBUG - Processing 360-th line out of 2500 rows of DP table...
2022-01-05 08:27:57,485 - root - DEBUG - Processing 370-th line out of 2500 rows of DP table...
2022-01-05 08:27:58,222 - root - DEBUG - Processing 380-th line out of 2500 rows of DP table...
2022-01-05 08:27:58,963 - root - DEBUG - Processing 390-th line out of 2500 rows of DP table...
2022-01-05 08:27:59,692 - root - DEBUG - Processing 400-th line out of 2500 rows of DP table...
2022-01-05 08:28:00,424 - root - DEBUG - Processing 410-th line out of 2500 rows of DP table...
2022-01-05 08:28:01,147 - root - DEBUG - Processing 420-th line out of 2500 rows of DP table...
2022-01-05 08:28:01,873 - root - DEBUG - Processing 430-th line out of 2500 rows of DP table...
2022-01-05 08:28:02,595 - root - DEBUG - Processing 440-th line out of 2500 rows of DP table...
2022-01-05 08:28:03,306 - root - DEBUG - Processing 450-th line out of 2500 rows of DP table...
2022-01-05 08:28:04,023 - root - DEBUG - Processing 460-th line out of 2500 rows of DP table...
2022-01-05 08:28:04,732 - root - DEBUG - Processing 470-th line out of 2500 rows of DP table...
2022-01-05 08:28:05,438 - root - DEBUG - Processing 480-th line out of 2500 rows of DP table...
2022-01-05 08:28:06,135 - root - DEBUG - Processing 490-th line out of 2500 rows of DP table...
2022-01-05 08:28:06,839 - root - DEBUG - Processing 500-th line out of 2500 rows of DP table...
2022-01-05 08:28:07,549 - root - DEBUG - Processing 510-th line out of 2500 rows of DP table...
2022-01-05 08:28:08,238 - root - DEBUG - Processing 520-th line out of 2500 rows of DP table...
2022-01-05 08:28:08,922 - root - DEBUG - Processing 530-th line out of 2500 rows of DP table...
2022-01-05 08:28:09,602 - root - DEBUG - Processing 540-th line out of 2500 rows of DP table...
2022-01-05 08:28:10,287 - root - DEBUG - Processing 550-th line out of 2500 rows of DP table...
2022-01-05 08:28:10,958 - root - DEBUG - Processing 560-th line out of 2500 rows of DP table...
2022-01-05 08:28:11,627 - root - DEBUG - Processing 570-th line out of 2500 rows of DP table...
2022-01-05 08:28:12,299 - root - DEBUG - Processing 580-th line out of 2500 rows of DP table...
2022-01-05 08:28:12,960 - root - DEBUG - Processing 590-th line out of 2500 rows of DP table...
2022-01-05 08:28:13,621 - root - DEBUG - Processing 600-th line out of 2500 rows of DP table...
2022-01-05 08:28:14,277 - root - DEBUG - Processing 610-th line out of 2500 rows of DP table...
2022-01-05 08:28:14,938 - root - DEBUG - Processing 620-th line out of 2500 rows of DP table...
2022-01-05 08:28:15,586 - root - DEBUG - Processing 630-th line out of 2500 rows of DP table...
2022-01-05 08:28:16,232 - root - DEBUG - Processing 640-th line out of 2500 rows of DP table...
2022-01-05 08:28:16,885 - root - DEBUG - Processing 650-th line out of 2500 rows of DP table...
2022-01-05 08:28:17,526 - root - DEBUG - Processing 660-th line out of 2500 rows of DP table...
2022-01-05 08:28:18,162 - root - DEBUG - Processing 670-th line out of 2500 rows of DP table...
2022-01-05 08:28:18,795 - root - DEBUG - Processing 680-th line out of 2500 rows of DP table...
2022-01-05 08:28:19,424 - root - DEBUG - Processing 690-th line out of 2500 rows of DP table...
2022-01-05 08:28:20,048 - root - DEBUG - Processing 700-th line out of 2500 rows of DP table...
2022-01-05 08:28:20,668 - root - DEBUG - Processing 710-th line out of 2500 rows of DP table...
2022-01-05 08:28:21,285 - root - DEBUG - Processing 720-th line out of 2500 rows of DP table...
2022-01-05 08:28:21,898 - root - DEBUG - Processing 730-th line out of 2500 rows of DP table...
2022-01-05 08:28:22,522 - root - DEBUG - Processing 740-th line out of 2500 rows of DP table...
2022-01-05 08:28:23,130 - root - DEBUG - Processing 750-th line out of 2500 rows of DP table...
2022-01-05 08:28:23,735 - root - DEBUG - Processing 760-th line out of 2500 rows of DP table...
2022-01-05 08:28:24,336 - root - DEBUG - Processing 770-th line out of 2500 rows of DP table...
2022-01-05 08:28:24,935 - root - DEBUG - Processing 780-th line out of 2500 rows of DP table...
2022-01-05 08:28:25,534 - root - DEBUG - Processing 790-th line out of 2500 rows of DP table...
2022-01-05 08:28:26,135 - root - DEBUG - Processing 800-th line out of 2500 rows of DP table...
2022-01-05 08:28:26,722 - root - DEBUG - Processing 810-th line out of 2500 rows of DP table...
2022-01-05 08:28:27,307 - root - DEBUG - Processing 820-th line out of 2500 rows of DP table...
2022-01-05 08:28:27,891 - root - DEBUG - Processing 830-th line out of 2500 rows of DP table...
2022-01-05 08:28:28,467 - root - DEBUG - Processing 840-th line out of 2500 rows of DP table...
2022-01-05 08:28:29,043 - root - DEBUG - Processing 850-th line out of 2500 rows of DP table...
2022-01-05 08:28:29,614 - root - DEBUG - Processing 860-th line out of 2500 rows of DP table...
2022-01-05 08:28:30,181 - root - DEBUG - Processing 870-th line out of 2500 rows of DP table...
2022-01-05 08:28:30,743 - root - DEBUG - Processing 880-th line out of 2500 rows of DP table...
2022-01-05 08:28:31,324 - root - DEBUG - Processing 890-th line out of 2500 rows of DP table...
2022-01-05 08:28:31,878 - root - DEBUG - Processing 900-th line out of 2500 rows of DP table...
2022-01-05 08:28:32,431 - root - DEBUG - Processing 910-th line out of 2500 rows of DP table...
2022-01-05 08:28:32,980 - root - DEBUG - Processing 920-th line out of 2500 rows of DP table...
2022-01-05 08:28:33,528 - root - DEBUG - Processing 930-th line out of 2500 rows of DP table...
2022-01-05 08:28:34,069 - root - DEBUG - Processing 940-th line out of 2500 rows of DP table...
2022-01-05 08:28:34,614 - root - DEBUG - Processing 950-th line out of 2500 rows of DP table...
2022-01-05 08:28:35,152 - root - DEBUG - Processing 960-th line out of 2500 rows of DP table...
2022-01-05 08:28:35,691 - root - DEBUG - Processing 970-th line out of 2500 rows of DP table...
2022-01-05 08:28:36,221 - root - DEBUG - Processing 980-th line out of 2500 rows of DP table...
2022-01-05 08:28:36,749 - root - DEBUG - Processing 990-th line out of 2500 rows of DP table...
2022-01-05 08:28:37,274 - root - DEBUG - Processing 1000-th line out of 2500 rows of DP table...
2022-01-05 08:28:37,800 - root - DEBUG - Processing 1010-th line out of 2500 rows of DP table...
2022-01-05 08:28:38,315 - root - DEBUG - Processing 1020-th line out of 2500 rows of DP table...
2022-01-05 08:28:38,840 - root - DEBUG - Processing 1030-th line out of 2500 rows of DP table...
2022-01-05 08:28:39,349 - root - DEBUG - Processing 1040-th line out of 2500 rows of DP table...
2022-01-05 08:28:39,865 - root - DEBUG - Processing 1050-th line out of 2500 rows of DP table...
2022-01-05 08:28:40,369 - root - DEBUG - Processing 1060-th line out of 2500 rows of DP table...
2022-01-05 08:28:40,869 - root - DEBUG - Processing 1070-th line out of 2500 rows of DP table...
2022-01-05 08:28:41,374 - root - DEBUG - Processing 1080-th line out of 2500 rows of DP table...
2022-01-05 08:28:41,869 - root - DEBUG - Processing 1090-th line out of 2500 rows of DP table...
2022-01-05 08:28:42,358 - root - DEBUG - Processing 1100-th line out of 2500 rows of DP table...
2022-01-05 08:28:42,845 - root - DEBUG - Processing 1110-th line out of 2500 rows of DP table...
2022-01-05 08:28:43,327 - root - DEBUG - Processing 1120-th line out of 2500 rows of DP table...
2022-01-05 08:28:43,808 - root - DEBUG - Processing 1130-th line out of 2500 rows of DP table...
2022-01-05 08:28:44,283 - root - DEBUG - Processing 1140-th line out of 2500 rows of DP table...
2022-01-05 08:28:44,757 - root - DEBUG - Processing 1150-th line out of 2500 rows of DP table...
2022-01-05 08:28:45,226 - root - DEBUG - Processing 1160-th line out of 2500 rows of DP table...
2022-01-05 08:28:45,691 - root - DEBUG - Processing 1170-th line out of 2500 rows of DP table...
2022-01-05 08:28:46,162 - root - DEBUG - Processing 1180-th line out of 2500 rows of DP table...
2022-01-05 08:28:46,621 - root - DEBUG - Processing 1190-th line out of 2500 rows of DP table...
2022-01-05 08:28:47,078 - root - DEBUG - Processing 1200-th line out of 2500 rows of DP table...
2022-01-05 08:28:47,531 - root - DEBUG - Processing 1210-th line out of 2500 rows of DP table...
2022-01-05 08:28:47,981 - root - DEBUG - Processing 1220-th line out of 2500 rows of DP table...
2022-01-05 08:28:48,428 - root - DEBUG - Processing 1230-th line out of 2500 rows of DP table...
2022-01-05 08:28:48,871 - root - DEBUG - Processing 1240-th line out of 2500 rows of DP table...
2022-01-05 08:28:49,310 - root - DEBUG - Processing 1250-th line out of 2500 rows of DP table...
2022-01-05 08:28:49,746 - root - DEBUG - Processing 1260-th line out of 2500 rows of DP table...
2022-01-05 08:28:50,188 - root - DEBUG - Processing 1270-th line out of 2500 rows of DP table...
2022-01-05 08:28:50,615 - root - DEBUG - Processing 1280-th line out of 2500 rows of DP table...
2022-01-05 08:28:51,039 - root - DEBUG - Processing 1290-th line out of 2500 rows of DP table...
2022-01-05 08:28:51,460 - root - DEBUG - Processing 1300-th line out of 2500 rows of DP table...
2022-01-05 08:28:51,879 - root - DEBUG - Processing 1310-th line out of 2500 rows of DP table...
2022-01-05 08:28:52,293 - root - DEBUG - Processing 1320-th line out of 2500 rows of DP table...
2022-01-05 08:28:52,705 - root - DEBUG - Processing 1330-th line out of 2500 rows of DP table...
2022-01-05 08:28:53,114 - root - DEBUG - Processing 1340-th line out of 2500 rows of DP table...
2022-01-05 08:28:53,520 - root - DEBUG - Processing 1350-th line out of 2500 rows of DP table...
2022-01-05 08:28:53,922 - root - DEBUG - Processing 1360-th line out of 2500 rows of DP table...
2022-01-05 08:28:54,320 - root - DEBUG - Processing 1370-th line out of 2500 rows of DP table...
2022-01-05 08:28:54,715 - root - DEBUG - Processing 1380-th line out of 2500 rows of DP table...
2022-01-05 08:28:55,106 - root - DEBUG - Processing 1390-th line out of 2500 rows of DP table...
2022-01-05 08:28:55,493 - root - DEBUG - Processing 1400-th line out of 2500 rows of DP table...
2022-01-05 08:28:55,876 - root - DEBUG - Processing 1410-th line out of 2500 rows of DP table...
2022-01-05 08:28:56,260 - root - DEBUG - Processing 1420-th line out of 2500 rows of DP table...
2022-01-05 08:28:56,648 - root - DEBUG - Processing 1430-th line out of 2500 rows of DP table...
2022-01-05 08:28:57,021 - root - DEBUG - Processing 1440-th line out of 2500 rows of DP table...
2022-01-05 08:28:57,392 - root - DEBUG - Processing 1450-th line out of 2500 rows of DP table...
2022-01-05 08:28:57,759 - root - DEBUG - Processing 1460-th line out of 2500 rows of DP table...
2022-01-05 08:28:58,124 - root - DEBUG - Processing 1470-th line out of 2500 rows of DP table...
2022-01-05 08:28:58,540 - root - DEBUG - Processing 1480-th line out of 2500 rows of DP table...
2022-01-05 08:28:58,901 - root - DEBUG - Processing 1490-th line out of 2500 rows of DP table...
2022-01-05 08:28:59,255 - root - DEBUG - Processing 1500-th line out of 2500 rows of DP table...
2022-01-05 08:28:59,605 - root - DEBUG - Processing 1510-th line out of 2500 rows of DP table...
2022-01-05 08:28:59,952 - root - DEBUG - Processing 1520-th line out of 2500 rows of DP table...
2022-01-05 08:29:00,294 - root - DEBUG - Processing 1530-th line out of 2500 rows of DP table...
2022-01-05 08:29:00,636 - root - DEBUG - Processing 1540-th line out of 2500 rows of DP table...
2022-01-05 08:29:00,974 - root - DEBUG - Processing 1550-th line out of 2500 rows of DP table...
2022-01-05 08:29:01,305 - root - DEBUG - Processing 1560-th line out of 2500 rows of DP table...
2022-01-05 08:29:01,634 - root - DEBUG - Processing 1570-th line out of 2500 rows of DP table...
2022-01-05 08:29:01,961 - root - DEBUG - Processing 1580-th line out of 2500 rows of DP table...
2022-01-05 08:29:02,285 - root - DEBUG - Processing 1590-th line out of 2500 rows of DP table...
2022-01-05 08:29:02,607 - root - DEBUG - Processing 1600-th line out of 2500 rows of DP table...
2022-01-05 08:29:02,928 - root - DEBUG - Processing 1610-th line out of 2500 rows of DP table...
2022-01-05 08:29:03,241 - root - DEBUG - Processing 1620-th line out of 2500 rows of DP table...
2022-01-05 08:29:03,553 - root - DEBUG - Processing 1630-th line out of 2500 rows of DP table...
2022-01-05 08:29:03,860 - root - DEBUG - Processing 1640-th line out of 2500 rows of DP table...
2022-01-05 08:29:04,184 - root - DEBUG - Processing 1650-th line out of 2500 rows of DP table...
2022-01-05 08:29:04,485 - root - DEBUG - Processing 1660-th line out of 2500 rows of DP table...
2022-01-05 08:29:04,782 - root - DEBUG - Processing 1670-th line out of 2500 rows of DP table...
2022-01-05 08:29:05,080 - root - DEBUG - Processing 1680-th line out of 2500 rows of DP table...
2022-01-05 08:29:05,372 - root - DEBUG - Processing 1690-th line out of 2500 rows of DP table...
2022-01-05 08:29:05,659 - root - DEBUG - Processing 1700-th line out of 2500 rows of DP table...
2022-01-05 08:29:05,939 - root - DEBUG - Processing 1710-th line out of 2500 rows of DP table...
2022-01-05 08:29:06,235 - root - DEBUG - Processing 1720-th line out of 2500 rows of DP table...
2022-01-05 08:29:06,511 - root - DEBUG - Processing 1730-th line out of 2500 rows of DP table...
2022-01-05 08:29:06,784 - root - DEBUG - Processing 1740-th line out of 2500 rows of DP table...
2022-01-05 08:29:07,056 - root - DEBUG - Processing 1750-th line out of 2500 rows of DP table...
2022-01-05 08:29:07,322 - root - DEBUG - Processing 1760-th line out of 2500 rows of DP table...
2022-01-05 08:29:07,585 - root - DEBUG - Processing 1770-th line out of 2500 rows of DP table...
2022-01-05 08:29:07,845 - root - DEBUG - Processing 1780-th line out of 2500 rows of DP table...
2022-01-05 08:29:08,100 - root - DEBUG - Processing 1790-th line out of 2500 rows of DP table...
2022-01-05 08:29:08,352 - root - DEBUG - Processing 1800-th line out of 2500 rows of DP table...
2022-01-05 08:29:08,602 - root - DEBUG - Processing 1810-th line out of 2500 rows of DP table...
2022-01-05 08:29:08,849 - root - DEBUG - Processing 1820-th line out of 2500 rows of DP table...
2022-01-05 08:29:09,091 - root - DEBUG - Processing 1830-th line out of 2500 rows of DP table...
2022-01-05 08:29:09,334 - root - DEBUG - Processing 1840-th line out of 2500 rows of DP table...
2022-01-05 08:29:09,571 - root - DEBUG - Processing 1850-th line out of 2500 rows of DP table...
2022-01-05 08:29:09,802 - root - DEBUG - Processing 1860-th line out of 2500 rows of DP table...
2022-01-05 08:29:10,031 - root - DEBUG - Processing 1870-th line out of 2500 rows of DP table...
2022-01-05 08:29:10,257 - root - DEBUG - Processing 1880-th line out of 2500 rows of DP table...
2022-01-05 08:29:10,478 - root - DEBUG - Processing 1890-th line out of 2500 rows of DP table...
2022-01-05 08:29:10,696 - root - DEBUG - Processing 1900-th line out of 2500 rows of DP table...
2022-01-05 08:29:10,911 - root - DEBUG - Processing 1910-th line out of 2500 rows of DP table...
2022-01-05 08:29:11,122 - root - DEBUG - Processing 1920-th line out of 2500 rows of DP table...
2022-01-05 08:29:11,336 - root - DEBUG - Processing 1930-th line out of 2500 rows of DP table...
2022-01-05 08:29:11,542 - root - DEBUG - Processing 1940-th line out of 2500 rows of DP table...
2022-01-05 08:29:11,743 - root - DEBUG - Processing 1950-th line out of 2500 rows of DP table...
2022-01-05 08:29:11,941 - root - DEBUG - Processing 1960-th line out of 2500 rows of DP table...
2022-01-05 08:29:12,136 - root - DEBUG - Processing 1970-th line out of 2500 rows of DP table...
2022-01-05 08:29:12,328 - root - DEBUG - Processing 1980-th line out of 2500 rows of DP table...
2022-01-05 08:29:12,515 - root - DEBUG - Processing 1990-th line out of 2500 rows of DP table...
2022-01-05 08:29:12,699 - root - DEBUG - Processing 2000-th line out of 2500 rows of DP table...
2022-01-05 08:29:12,880 - root - DEBUG - Processing 2010-th line out of 2500 rows of DP table...
2022-01-05 08:29:13,056 - root - DEBUG - Processing 2020-th line out of 2500 rows of DP table...
2022-01-05 08:29:13,230 - root - DEBUG - Processing 2030-th line out of 2500 rows of DP table...
2022-01-05 08:29:13,406 - root - DEBUG - Processing 2040-th line out of 2500 rows of DP table...
2022-01-05 08:29:13,574 - root - DEBUG - Processing 2050-th line out of 2500 rows of DP table...
2022-01-05 08:29:13,738 - root - DEBUG - Processing 2060-th line out of 2500 rows of DP table...
2022-01-05 08:29:13,916 - root - DEBUG - Processing 2070-th line out of 2500 rows of DP table...
2022-01-05 08:29:14,074 - root - DEBUG - Processing 2080-th line out of 2500 rows of DP table...
2022-01-05 08:29:14,228 - root - DEBUG - Processing 2090-th line out of 2500 rows of DP table...
2022-01-05 08:29:14,378 - root - DEBUG - Processing 2100-th line out of 2500 rows of DP table...
2022-01-05 08:29:14,525 - root - DEBUG - Processing 2110-th line out of 2500 rows of DP table...
2022-01-05 08:29:14,668 - root - DEBUG - Processing 2120-th line out of 2500 rows of DP table...
2022-01-05 08:29:14,808 - root - DEBUG - Processing 2130-th line out of 2500 rows of DP table...
2022-01-05 08:29:14,945 - root - DEBUG - Processing 2140-th line out of 2500 rows of DP table...
2022-01-05 08:29:15,079 - root - DEBUG - Processing 2150-th line out of 2500 rows of DP table...
2022-01-05 08:29:15,208 - root - DEBUG - Processing 2160-th line out of 2500 rows of DP table...
2022-01-05 08:29:15,335 - root - DEBUG - Processing 2170-th line out of 2500 rows of DP table...
2022-01-05 08:29:15,461 - root - DEBUG - Processing 2180-th line out of 2500 rows of DP table...
2022-01-05 08:29:15,582 - root - DEBUG - Processing 2190-th line out of 2500 rows of DP table...
2022-01-05 08:29:15,699 - root - DEBUG - Processing 2200-th line out of 2500 rows of DP table...
2022-01-05 08:29:15,812 - root - DEBUG - Processing 2210-th line out of 2500 rows of DP table...
2022-01-05 08:29:15,921 - root - DEBUG - Processing 2220-th line out of 2500 rows of DP table...
2022-01-05 08:29:16,027 - root - DEBUG - Processing 2230-th line out of 2500 rows of DP table...
2022-01-05 08:29:16,130 - root - DEBUG - Processing 2240-th line out of 2500 rows of DP table...
2022-01-05 08:29:16,229 - root - DEBUG - Processing 2250-th line out of 2500 rows of DP table...
2022-01-05 08:29:16,325 - root - DEBUG - Processing 2260-th line out of 2500 rows of DP table...
2022-01-05 08:29:16,419 - root - DEBUG - Processing 2270-th line out of 2500 rows of DP table...
2022-01-05 08:29:16,508 - root - DEBUG - Processing 2280-th line out of 2500 rows of DP table...
2022-01-05 08:29:16,594 - root - DEBUG - Processing 2290-th line out of 2500 rows of DP table...
2022-01-05 08:29:16,677 - root - DEBUG - Processing 2300-th line out of 2500 rows of DP table...
2022-01-05 08:29:16,756 - root - DEBUG - Processing 2310-th line out of 2500 rows of DP table...
2022-01-05 08:29:16,833 - root - DEBUG - Processing 2320-th line out of 2500 rows of DP table...
2022-01-05 08:29:16,906 - root - DEBUG - Processing 2330-th line out of 2500 rows of DP table...
2022-01-05 08:29:16,976 - root - DEBUG - Processing 2340-th line out of 2500 rows of DP table...
2022-01-05 08:29:17,043 - root - DEBUG - Processing 2350-th line out of 2500 rows of DP table...
2022-01-05 08:29:17,106 - root - DEBUG - Processing 2360-th line out of 2500 rows of DP table...
2022-01-05 08:29:17,165 - root - DEBUG - Processing 2370-th line out of 2500 rows of DP table...
2022-01-05 08:29:17,221 - root - DEBUG - Processing 2380-th line out of 2500 rows of DP table...
2022-01-05 08:29:17,274 - root - DEBUG - Processing 2390-th line out of 2500 rows of DP table...
2022-01-05 08:29:17,323 - root - DEBUG - Processing 2400-th line out of 2500 rows of DP table...
2022-01-05 08:29:17,368 - root - DEBUG - Processing 2410-th line out of 2500 rows of DP table...
2022-01-05 08:29:17,411 - root - DEBUG - Processing 2420-th line out of 2500 rows of DP table...
2022-01-05 08:29:17,449 - root - DEBUG - Processing 2430-th line out of 2500 rows of DP table...
2022-01-05 08:29:17,484 - root - DEBUG - Processing 2440-th line out of 2500 rows of DP table...
2022-01-05 08:29:17,517 - root - DEBUG - Processing 2450-th line out of 2500 rows of DP table...
2022-01-05 08:29:17,545 - root - DEBUG - Processing 2460-th line out of 2500 rows of DP table...
2022-01-05 08:29:17,571 - root - DEBUG - Processing 2470-th line out of 2500 rows of DP table...
2022-01-05 08:29:17,592 - root - DEBUG - Processing 2480-th line out of 2500 rows of DP table...
2022-01-05 08:29:17,611 - root - DEBUG - Processing 2490-th line out of 2500 rows of DP table...
2022-01-05 08:29:17,626 - root - DEBUG - Processing 2500-th line out of 2500 rows of DP table...
2022-01-05 08:29:17,642 - root - DEBUG - Started computing joint logprobs...
