2022-01-04 00:57:44,794 - root - INFO - Loading reference interval set from '211227-2-sim/g26_7.ref.tsv'...
2022-01-04 00:57:44,800 - root - INFO - Loading query interval set from '211227-2-sim/g26_7.query.tsv'...
2022-01-04 00:57:44,804 - root - INFO - Loading chromosome sizes from '211227-2-sim/g26_sizes.tsv'...
2022-01-04 00:57:44,808 - root - INFO - Number of reference intervals: 2500 (2500 before merging)
2022-01-04 00:57:44,809 - root - INFO - Number of query intervals: 50 (50 before merging)
2022-01-04 00:57:44,810 - root - INFO - Number of chromosomes: 1
2022-01-04 00:57:44,817 - root - INFO - Overlap count: 143
2022-01-04 00:57:44,818 - root - DEBUG - Started computing sf for chromosome 'chr1'...
2022-01-04 00:57:44,819 - root - DEBUG - m=2500, n=50
2022-01-04 00:57:45,729 - root - DEBUG - Processing 10-th line out of 2500 rows of DP table...
2022-01-04 00:57:46,578 - root - DEBUG - Processing 20-th line out of 2500 rows of DP table...
2022-01-04 00:57:47,408 - root - DEBUG - Processing 30-th line out of 2500 rows of DP table...
2022-01-04 00:57:48,240 - root - DEBUG - Processing 40-th line out of 2500 rows of DP table...
2022-01-04 00:57:49,083 - root - DEBUG - Processing 50-th line out of 2500 rows of DP table...
2022-01-04 00:57:50,281 - root - DEBUG - Processing 60-th line out of 2500 rows of DP table...
2022-01-04 00:57:51,105 - root - DEBUG - Processing 70-th line out of 2500 rows of DP table...
2022-01-04 00:57:52,010 - root - DEBUG - Processing 80-th line out of 2500 rows of DP table...
2022-01-04 00:57:52,877 - root - DEBUG - Processing 90-th line out of 2500 rows of DP table...
2022-01-04 00:57:53,692 - root - DEBUG - Processing 100-th line out of 2500 rows of DP table...
2022-01-04 00:57:54,698 - root - DEBUG - Processing 110-th line out of 2500 rows of DP table...
2022-01-04 00:57:55,504 - root - DEBUG - Processing 120-th line out of 2500 rows of DP table...
2022-01-04 00:57:56,307 - root - DEBUG - Processing 130-th line out of 2500 rows of DP table...
2022-01-04 00:57:57,262 - root - DEBUG - Processing 140-th line out of 2500 rows of DP table...
2022-01-04 00:57:58,141 - root - DEBUG - Processing 150-th line out of 2500 rows of DP table...
2022-01-04 00:57:58,976 - root - DEBUG - Processing 160-th line out of 2500 rows of DP table...
2022-01-04 00:57:59,765 - root - DEBUG - Processing 170-th line out of 2500 rows of DP table...
2022-01-04 00:58:00,563 - root - DEBUG - Processing 180-th line out of 2500 rows of DP table...
2022-01-04 00:58:01,352 - root - DEBUG - Processing 190-th line out of 2500 rows of DP table...
2022-01-04 00:58:02,139 - root - DEBUG - Processing 200-th line out of 2500 rows of DP table...
2022-01-04 00:58:02,921 - root - DEBUG - Processing 210-th line out of 2500 rows of DP table...
2022-01-04 00:58:03,708 - root - DEBUG - Processing 220-th line out of 2500 rows of DP table...
2022-01-04 00:58:04,486 - root - DEBUG - Processing 230-th line out of 2500 rows of DP table...
2022-01-04 00:58:05,263 - root - DEBUG - Processing 240-th line out of 2500 rows of DP table...
2022-01-04 00:58:06,035 - root - DEBUG - Processing 250-th line out of 2500 rows of DP table...
2022-01-04 00:58:06,801 - root - DEBUG - Processing 260-th line out of 2500 rows of DP table...
2022-01-04 00:58:07,565 - root - DEBUG - Processing 270-th line out of 2500 rows of DP table...
2022-01-04 00:58:08,333 - root - DEBUG - Processing 280-th line out of 2500 rows of DP table...
2022-01-04 00:58:09,092 - root - DEBUG - Processing 290-th line out of 2500 rows of DP table...
2022-01-04 00:58:09,872 - root - DEBUG - Processing 300-th line out of 2500 rows of DP table...
2022-01-04 00:58:10,613 - root - DEBUG - Processing 310-th line out of 2500 rows of DP table...
2022-01-04 00:58:11,349 - root - DEBUG - Processing 320-th line out of 2500 rows of DP table...
2022-01-04 00:58:12,083 - root - DEBUG - Processing 330-th line out of 2500 rows of DP table...
2022-01-04 00:58:12,815 - root - DEBUG - Processing 340-th line out of 2500 rows of DP table...
2022-01-04 00:58:13,568 - root - DEBUG - Processing 350-th line out of 2500 rows of DP table...
2022-01-04 00:58:14,301 - root - DEBUG - Processing 360-th line out of 2500 rows of DP table...
2022-01-04 00:58:15,025 - root - DEBUG - Processing 370-th line out of 2500 rows of DP table...
2022-01-04 00:58:15,741 - root - DEBUG - Processing 380-th line out of 2500 rows of DP table...
2022-01-04 00:58:16,472 - root - DEBUG - Processing 390-th line out of 2500 rows of DP table...
2022-01-04 00:58:17,186 - root - DEBUG - Processing 400-th line out of 2500 rows of DP table...
2022-01-04 00:58:17,894 - root - DEBUG - Processing 410-th line out of 2500 rows of DP table...
2022-01-04 00:58:18,603 - root - DEBUG - Processing 420-th line out of 2500 rows of DP table...
2022-01-04 00:58:19,306 - root - DEBUG - Processing 430-th line out of 2500 rows of DP table...
2022-01-04 00:58:20,003 - root - DEBUG - Processing 440-th line out of 2500 rows of DP table...
2022-01-04 00:58:20,698 - root - DEBUG - Processing 450-th line out of 2500 rows of DP table...
2022-01-04 00:58:21,391 - root - DEBUG - Processing 460-th line out of 2500 rows of DP table...
2022-01-04 00:58:22,080 - root - DEBUG - Processing 470-th line out of 2500 rows of DP table...
2022-01-04 00:58:22,766 - root - DEBUG - Processing 480-th line out of 2500 rows of DP table...
2022-01-04 00:58:23,453 - root - DEBUG - Processing 490-th line out of 2500 rows of DP table...
2022-01-04 00:58:24,129 - root - DEBUG - Processing 500-th line out of 2500 rows of DP table...
2022-01-04 00:58:24,803 - root - DEBUG - Processing 510-th line out of 2500 rows of DP table...
2022-01-04 00:58:25,476 - root - DEBUG - Processing 520-th line out of 2500 rows of DP table...
2022-01-04 00:58:26,144 - root - DEBUG - Processing 530-th line out of 2500 rows of DP table...
2022-01-04 00:58:26,812 - root - DEBUG - Processing 540-th line out of 2500 rows of DP table...
2022-01-04 00:58:27,473 - root - DEBUG - Processing 550-th line out of 2500 rows of DP table...
2022-01-04 00:58:28,130 - root - DEBUG - Processing 560-th line out of 2500 rows of DP table...
2022-01-04 00:58:28,793 - root - DEBUG - Processing 570-th line out of 2500 rows of DP table...
2022-01-04 00:58:29,449 - root - DEBUG - Processing 580-th line out of 2500 rows of DP table...
2022-01-04 00:58:30,100 - root - DEBUG - Processing 590-th line out of 2500 rows of DP table...
2022-01-04 00:58:30,747 - root - DEBUG - Processing 600-th line out of 2500 rows of DP table...
2022-01-04 00:58:31,393 - root - DEBUG - Processing 610-th line out of 2500 rows of DP table...
2022-01-04 00:58:32,036 - root - DEBUG - Processing 620-th line out of 2500 rows of DP table...
2022-01-04 00:58:32,674 - root - DEBUG - Processing 630-th line out of 2500 rows of DP table...
2022-01-04 00:58:33,312 - root - DEBUG - Processing 640-th line out of 2500 rows of DP table...
2022-01-04 00:58:33,943 - root - DEBUG - Processing 650-th line out of 2500 rows of DP table...
2022-01-04 00:58:34,562 - root - DEBUG - Processing 660-th line out of 2500 rows of DP table...
2022-01-04 00:58:35,183 - root - DEBUG - Processing 670-th line out of 2500 rows of DP table...
2022-01-04 00:58:35,797 - root - DEBUG - Processing 680-th line out of 2500 rows of DP table...
2022-01-04 00:58:36,409 - root - DEBUG - Processing 690-th line out of 2500 rows of DP table...
2022-01-04 00:58:37,018 - root - DEBUG - Processing 700-th line out of 2500 rows of DP table...
2022-01-04 00:58:37,624 - root - DEBUG - Processing 710-th line out of 2500 rows of DP table...
2022-01-04 00:58:38,224 - root - DEBUG - Processing 720-th line out of 2500 rows of DP table...
2022-01-04 00:58:38,824 - root - DEBUG - Processing 730-th line out of 2500 rows of DP table...
2022-01-04 00:58:39,423 - root - DEBUG - Processing 740-th line out of 2500 rows of DP table...
2022-01-04 00:58:40,015 - root - DEBUG - Processing 750-th line out of 2500 rows of DP table...
2022-01-04 00:58:40,603 - root - DEBUG - Processing 760-th line out of 2500 rows of DP table...
2022-01-04 00:58:41,188 - root - DEBUG - Processing 770-th line out of 2500 rows of DP table...
2022-01-04 00:58:41,770 - root - DEBUG - Processing 780-th line out of 2500 rows of DP table...
2022-01-04 00:58:42,348 - root - DEBUG - Processing 790-th line out of 2500 rows of DP table...
2022-01-04 00:58:42,922 - root - DEBUG - Processing 800-th line out of 2500 rows of DP table...
2022-01-04 00:58:43,500 - root - DEBUG - Processing 810-th line out of 2500 rows of DP table...
2022-01-04 00:58:44,068 - root - DEBUG - Processing 820-th line out of 2500 rows of DP table...
2022-01-04 00:58:44,632 - root - DEBUG - Processing 830-th line out of 2500 rows of DP table...
2022-01-04 00:58:45,195 - root - DEBUG - Processing 840-th line out of 2500 rows of DP table...
2022-01-04 00:58:45,756 - root - DEBUG - Processing 850-th line out of 2500 rows of DP table...
2022-01-04 00:58:46,310 - root - DEBUG - Processing 860-th line out of 2500 rows of DP table...
2022-01-04 00:58:46,860 - root - DEBUG - Processing 870-th line out of 2500 rows of DP table...
2022-01-04 00:58:47,407 - root - DEBUG - Processing 880-th line out of 2500 rows of DP table...
2022-01-04 00:58:47,951 - root - DEBUG - Processing 890-th line out of 2500 rows of DP table...
2022-01-04 00:58:48,494 - root - DEBUG - Processing 900-th line out of 2500 rows of DP table...
2022-01-04 00:58:49,032 - root - DEBUG - Processing 910-th line out of 2500 rows of DP table...
2022-01-04 00:58:49,567 - root - DEBUG - Processing 920-th line out of 2500 rows of DP table...
2022-01-04 00:58:50,099 - root - DEBUG - Processing 930-th line out of 2500 rows of DP table...
2022-01-04 00:58:50,627 - root - DEBUG - Processing 940-th line out of 2500 rows of DP table...
2022-01-04 00:58:51,155 - root - DEBUG - Processing 950-th line out of 2500 rows of DP table...
2022-01-04 00:58:51,680 - root - DEBUG - Processing 960-th line out of 2500 rows of DP table...
2022-01-04 00:58:52,202 - root - DEBUG - Processing 970-th line out of 2500 rows of DP table...
2022-01-04 00:58:52,720 - root - DEBUG - Processing 980-th line out of 2500 rows of DP table...
2022-01-04 00:58:53,235 - root - DEBUG - Processing 990-th line out of 2500 rows of DP table...
2022-01-04 00:58:53,744 - root - DEBUG - Processing 1000-th line out of 2500 rows of DP table...
2022-01-04 00:58:54,251 - root - DEBUG - Processing 1010-th line out of 2500 rows of DP table...
2022-01-04 00:58:54,755 - root - DEBUG - Processing 1020-th line out of 2500 rows of DP table...
2022-01-04 00:58:55,255 - root - DEBUG - Processing 1030-th line out of 2500 rows of DP table...
2022-01-04 00:58:55,752 - root - DEBUG - Processing 1040-th line out of 2500 rows of DP table...
2022-01-04 00:58:56,244 - root - DEBUG - Processing 1050-th line out of 2500 rows of DP table...
2022-01-04 00:58:56,733 - root - DEBUG - Processing 1060-th line out of 2500 rows of DP table...
2022-01-04 00:58:57,220 - root - DEBUG - Processing 1070-th line out of 2500 rows of DP table...
2022-01-04 00:58:57,703 - root - DEBUG - Processing 1080-th line out of 2500 rows of DP table...
2022-01-04 00:58:58,183 - root - DEBUG - Processing 1090-th line out of 2500 rows of DP table...
2022-01-04 00:58:58,664 - root - DEBUG - Processing 1100-th line out of 2500 rows of DP table...
2022-01-04 00:58:59,137 - root - DEBUG - Processing 1110-th line out of 2500 rows of DP table...
2022-01-04 00:58:59,607 - root - DEBUG - Processing 1120-th line out of 2500 rows of DP table...
2022-01-04 00:59:00,073 - root - DEBUG - Processing 1130-th line out of 2500 rows of DP table...
2022-01-04 00:59:00,535 - root - DEBUG - Processing 1140-th line out of 2500 rows of DP table...
2022-01-04 00:59:00,995 - root - DEBUG - Processing 1150-th line out of 2500 rows of DP table...
2022-01-04 00:59:01,452 - root - DEBUG - Processing 1160-th line out of 2500 rows of DP table...
2022-01-04 00:59:01,905 - root - DEBUG - Processing 1170-th line out of 2500 rows of DP table...
2022-01-04 00:59:02,356 - root - DEBUG - Processing 1180-th line out of 2500 rows of DP table...
2022-01-04 00:59:02,802 - root - DEBUG - Processing 1190-th line out of 2500 rows of DP table...
2022-01-04 00:59:03,246 - root - DEBUG - Processing 1200-th line out of 2500 rows of DP table...
2022-01-04 00:59:03,687 - root - DEBUG - Processing 1210-th line out of 2500 rows of DP table...
2022-01-04 00:59:04,123 - root - DEBUG - Processing 1220-th line out of 2500 rows of DP table...
2022-01-04 00:59:04,556 - root - DEBUG - Processing 1230-th line out of 2500 rows of DP table...
2022-01-04 00:59:04,985 - root - DEBUG - Processing 1240-th line out of 2500 rows of DP table...
2022-01-04 00:59:05,428 - root - DEBUG - Processing 1250-th line out of 2500 rows of DP table...
2022-01-04 00:59:05,854 - root - DEBUG - Processing 1260-th line out of 2500 rows of DP table...
2022-01-04 00:59:06,273 - root - DEBUG - Processing 1270-th line out of 2500 rows of DP table...
2022-01-04 00:59:06,690 - root - DEBUG - Processing 1280-th line out of 2500 rows of DP table...
2022-01-04 00:59:07,121 - root - DEBUG - Processing 1290-th line out of 2500 rows of DP table...
2022-01-04 00:59:07,572 - root - DEBUG - Processing 1300-th line out of 2500 rows of DP table...
2022-01-04 00:59:07,979 - root - DEBUG - Processing 1310-th line out of 2500 rows of DP table...
2022-01-04 00:59:08,385 - root - DEBUG - Processing 1320-th line out of 2500 rows of DP table...
2022-01-04 00:59:08,783 - root - DEBUG - Processing 1330-th line out of 2500 rows of DP table...
2022-01-04 00:59:09,179 - root - DEBUG - Processing 1340-th line out of 2500 rows of DP table...
2022-01-04 00:59:09,574 - root - DEBUG - Processing 1350-th line out of 2500 rows of DP table...
2022-01-04 00:59:09,965 - root - DEBUG - Processing 1360-th line out of 2500 rows of DP table...
2022-01-04 00:59:10,353 - root - DEBUG - Processing 1370-th line out of 2500 rows of DP table...
2022-01-04 00:59:10,736 - root - DEBUG - Processing 1380-th line out of 2500 rows of DP table...
2022-01-04 00:59:11,117 - root - DEBUG - Processing 1390-th line out of 2500 rows of DP table...
2022-01-04 00:59:11,494 - root - DEBUG - Processing 1400-th line out of 2500 rows of DP table...
2022-01-04 00:59:11,867 - root - DEBUG - Processing 1410-th line out of 2500 rows of DP table...
2022-01-04 00:59:12,273 - root - DEBUG - Processing 1420-th line out of 2500 rows of DP table...
2022-01-04 00:59:12,640 - root - DEBUG - Processing 1430-th line out of 2500 rows of DP table...
2022-01-04 00:59:13,005 - root - DEBUG - Processing 1440-th line out of 2500 rows of DP table...
2022-01-04 00:59:13,370 - root - DEBUG - Processing 1450-th line out of 2500 rows of DP table...
2022-01-04 00:59:13,730 - root - DEBUG - Processing 1460-th line out of 2500 rows of DP table...
2022-01-04 00:59:14,084 - root - DEBUG - Processing 1470-th line out of 2500 rows of DP table...
2022-01-04 00:59:14,435 - root - DEBUG - Processing 1480-th line out of 2500 rows of DP table...
2022-01-04 00:59:14,784 - root - DEBUG - Processing 1490-th line out of 2500 rows of DP table...
2022-01-04 00:59:15,130 - root - DEBUG - Processing 1500-th line out of 2500 rows of DP table...
2022-01-04 00:59:15,471 - root - DEBUG - Processing 1510-th line out of 2500 rows of DP table...
2022-01-04 00:59:15,809 - root - DEBUG - Processing 1520-th line out of 2500 rows of DP table...
2022-01-04 00:59:16,167 - root - DEBUG - Processing 1530-th line out of 2500 rows of DP table...
2022-01-04 00:59:16,499 - root - DEBUG - Processing 1540-th line out of 2500 rows of DP table...
2022-01-04 00:59:16,825 - root - DEBUG - Processing 1550-th line out of 2500 rows of DP table...
2022-01-04 00:59:17,149 - root - DEBUG - Processing 1560-th line out of 2500 rows of DP table...
2022-01-04 00:59:17,472 - root - DEBUG - Processing 1570-th line out of 2500 rows of DP table...
2022-01-04 00:59:17,789 - root - DEBUG - Processing 1580-th line out of 2500 rows of DP table...
2022-01-04 00:59:18,126 - root - DEBUG - Processing 1590-th line out of 2500 rows of DP table...
2022-01-04 00:59:18,438 - root - DEBUG - Processing 1600-th line out of 2500 rows of DP table...
2022-01-04 00:59:18,746 - root - DEBUG - Processing 1610-th line out of 2500 rows of DP table...
2022-01-04 00:59:19,050 - root - DEBUG - Processing 1620-th line out of 2500 rows of DP table...
2022-01-04 00:59:19,351 - root - DEBUG - Processing 1630-th line out of 2500 rows of DP table...
2022-01-04 00:59:19,649 - root - DEBUG - Processing 1640-th line out of 2500 rows of DP table...
2022-01-04 00:59:19,945 - root - DEBUG - Processing 1650-th line out of 2500 rows of DP table...
2022-01-04 00:59:20,268 - root - DEBUG - Processing 1660-th line out of 2500 rows of DP table...
2022-01-04 00:59:20,562 - root - DEBUG - Processing 1670-th line out of 2500 rows of DP table...
2022-01-04 00:59:20,848 - root - DEBUG - Processing 1680-th line out of 2500 rows of DP table...
2022-01-04 00:59:21,131 - root - DEBUG - Processing 1690-th line out of 2500 rows of DP table...
2022-01-04 00:59:21,448 - root - DEBUG - Processing 1700-th line out of 2500 rows of DP table...
2022-01-04 00:59:21,724 - root - DEBUG - Processing 1710-th line out of 2500 rows of DP table...
2022-01-04 00:59:21,999 - root - DEBUG - Processing 1720-th line out of 2500 rows of DP table...
2022-01-04 00:59:22,268 - root - DEBUG - Processing 1730-th line out of 2500 rows of DP table...
2022-01-04 00:59:22,534 - root - DEBUG - Processing 1740-th line out of 2500 rows of DP table...
2022-01-04 00:59:22,810 - root - DEBUG - Processing 1750-th line out of 2500 rows of DP table...
2022-01-04 00:59:23,069 - root - DEBUG - Processing 1760-th line out of 2500 rows of DP table...
2022-01-04 00:59:23,324 - root - DEBUG - Processing 1770-th line out of 2500 rows of DP table...
2022-01-04 00:59:23,576 - root - DEBUG - Processing 1780-th line out of 2500 rows of DP table...
2022-01-04 00:59:23,827 - root - DEBUG - Processing 1790-th line out of 2500 rows of DP table...
2022-01-04 00:59:24,075 - root - DEBUG - Processing 1800-th line out of 2500 rows of DP table...
2022-01-04 00:59:24,320 - root - DEBUG - Processing 1810-th line out of 2500 rows of DP table...
2022-01-04 00:59:24,561 - root - DEBUG - Processing 1820-th line out of 2500 rows of DP table...
2022-01-04 00:59:24,798 - root - DEBUG - Processing 1830-th line out of 2500 rows of DP table...
2022-01-04 00:59:25,032 - root - DEBUG - Processing 1840-th line out of 2500 rows of DP table...
2022-01-04 00:59:25,264 - root - DEBUG - Processing 1850-th line out of 2500 rows of DP table...
2022-01-04 00:59:25,493 - root - DEBUG - Processing 1860-th line out of 2500 rows of DP table...
2022-01-04 00:59:25,721 - root - DEBUG - Processing 1870-th line out of 2500 rows of DP table...
2022-01-04 00:59:25,941 - root - DEBUG - Processing 1880-th line out of 2500 rows of DP table...
2022-01-04 00:59:26,160 - root - DEBUG - Processing 1890-th line out of 2500 rows of DP table...
2022-01-04 00:59:26,375 - root - DEBUG - Processing 1900-th line out of 2500 rows of DP table...
2022-01-04 00:59:26,587 - root - DEBUG - Processing 1910-th line out of 2500 rows of DP table...
2022-01-04 00:59:26,795 - root - DEBUG - Processing 1920-th line out of 2500 rows of DP table...
2022-01-04 00:59:27,000 - root - DEBUG - Processing 1930-th line out of 2500 rows of DP table...
2022-01-04 00:59:27,202 - root - DEBUG - Processing 1940-th line out of 2500 rows of DP table...
2022-01-04 00:59:27,401 - root - DEBUG - Processing 1950-th line out of 2500 rows of DP table...
2022-01-04 00:59:27,596 - root - DEBUG - Processing 1960-th line out of 2500 rows of DP table...
2022-01-04 00:59:27,788 - root - DEBUG - Processing 1970-th line out of 2500 rows of DP table...
2022-01-04 00:59:27,977 - root - DEBUG - Processing 1980-th line out of 2500 rows of DP table...
2022-01-04 00:59:28,163 - root - DEBUG - Processing 1990-th line out of 2500 rows of DP table...
2022-01-04 00:59:28,345 - root - DEBUG - Processing 2000-th line out of 2500 rows of DP table...
2022-01-04 00:59:28,523 - root - DEBUG - Processing 2010-th line out of 2500 rows of DP table...
2022-01-04 00:59:28,697 - root - DEBUG - Processing 2020-th line out of 2500 rows of DP table...
2022-01-04 00:59:28,869 - root - DEBUG - Processing 2030-th line out of 2500 rows of DP table...
2022-01-04 00:59:29,038 - root - DEBUG - Processing 2040-th line out of 2500 rows of DP table...
2022-01-04 00:59:29,203 - root - DEBUG - Processing 2050-th line out of 2500 rows of DP table...
2022-01-04 00:59:29,365 - root - DEBUG - Processing 2060-th line out of 2500 rows of DP table...
2022-01-04 00:59:29,523 - root - DEBUG - Processing 2070-th line out of 2500 rows of DP table...
2022-01-04 00:59:29,679 - root - DEBUG - Processing 2080-th line out of 2500 rows of DP table...
2022-01-04 00:59:29,830 - root - DEBUG - Processing 2090-th line out of 2500 rows of DP table...
2022-01-04 00:59:29,980 - root - DEBUG - Processing 2100-th line out of 2500 rows of DP table...
2022-01-04 00:59:30,125 - root - DEBUG - Processing 2110-th line out of 2500 rows of DP table...
2022-01-04 00:59:30,266 - root - DEBUG - Processing 2120-th line out of 2500 rows of DP table...
2022-01-04 00:59:30,405 - root - DEBUG - Processing 2130-th line out of 2500 rows of DP table...
2022-01-04 00:59:30,547 - root - DEBUG - Processing 2140-th line out of 2500 rows of DP table...
2022-01-04 00:59:30,679 - root - DEBUG - Processing 2150-th line out of 2500 rows of DP table...
2022-01-04 00:59:30,808 - root - DEBUG - Processing 2160-th line out of 2500 rows of DP table...
2022-01-04 00:59:30,934 - root - DEBUG - Processing 2170-th line out of 2500 rows of DP table...
2022-01-04 00:59:31,056 - root - DEBUG - Processing 2180-th line out of 2500 rows of DP table...
2022-01-04 00:59:31,175 - root - DEBUG - Processing 2190-th line out of 2500 rows of DP table...
2022-01-04 00:59:31,291 - root - DEBUG - Processing 2200-th line out of 2500 rows of DP table...
2022-01-04 00:59:31,405 - root - DEBUG - Processing 2210-th line out of 2500 rows of DP table...
2022-01-04 00:59:31,514 - root - DEBUG - Processing 2220-th line out of 2500 rows of DP table...
2022-01-04 00:59:31,620 - root - DEBUG - Processing 2230-th line out of 2500 rows of DP table...
2022-01-04 00:59:31,722 - root - DEBUG - Processing 2240-th line out of 2500 rows of DP table...
2022-01-04 00:59:31,821 - root - DEBUG - Processing 2250-th line out of 2500 rows of DP table...
2022-01-04 00:59:31,918 - root - DEBUG - Processing 2260-th line out of 2500 rows of DP table...
2022-01-04 00:59:32,011 - root - DEBUG - Processing 2270-th line out of 2500 rows of DP table...
2022-01-04 00:59:32,100 - root - DEBUG - Processing 2280-th line out of 2500 rows of DP table...
2022-01-04 00:59:32,186 - root - DEBUG - Processing 2290-th line out of 2500 rows of DP table...
2022-01-04 00:59:32,268 - root - DEBUG - Processing 2300-th line out of 2500 rows of DP table...
2022-01-04 00:59:32,348 - root - DEBUG - Processing 2310-th line out of 2500 rows of DP table...
2022-01-04 00:59:32,453 - root - DEBUG - Processing 2320-th line out of 2500 rows of DP table...
2022-01-04 00:59:32,526 - root - DEBUG - Processing 2330-th line out of 2500 rows of DP table...
2022-01-04 00:59:32,596 - root - DEBUG - Processing 2340-th line out of 2500 rows of DP table...
2022-01-04 00:59:32,661 - root - DEBUG - Processing 2350-th line out of 2500 rows of DP table...
2022-01-04 00:59:32,724 - root - DEBUG - Processing 2360-th line out of 2500 rows of DP table...
2022-01-04 00:59:32,784 - root - DEBUG - Processing 2370-th line out of 2500 rows of DP table...
2022-01-04 00:59:32,841 - root - DEBUG - Processing 2380-th line out of 2500 rows of DP table...
2022-01-04 00:59:32,894 - root - DEBUG - Processing 2390-th line out of 2500 rows of DP table...
2022-01-04 00:59:32,944 - root - DEBUG - Processing 2400-th line out of 2500 rows of DP table...
2022-01-04 00:59:32,990 - root - DEBUG - Processing 2410-th line out of 2500 rows of DP table...
2022-01-04 00:59:33,032 - root - DEBUG - Processing 2420-th line out of 2500 rows of DP table...
2022-01-04 00:59:33,072 - root - DEBUG - Processing 2430-th line out of 2500 rows of DP table...
2022-01-04 00:59:33,108 - root - DEBUG - Processing 2440-th line out of 2500 rows of DP table...
2022-01-04 00:59:33,140 - root - DEBUG - Processing 2450-th line out of 2500 rows of DP table...
2022-01-04 00:59:33,169 - root - DEBUG - Processing 2460-th line out of 2500 rows of DP table...
2022-01-04 00:59:33,194 - root - DEBUG - Processing 2470-th line out of 2500 rows of DP table...
2022-01-04 00:59:33,217 - root - DEBUG - Processing 2480-th line out of 2500 rows of DP table...
2022-01-04 00:59:33,237 - root - DEBUG - Processing 2490-th line out of 2500 rows of DP table...
2022-01-04 00:59:33,252 - root - DEBUG - Processing 2500-th line out of 2500 rows of DP table...
2022-01-04 00:59:33,267 - root - DEBUG - Started computing joint logprobs...
