2022-01-05 06:18:22,221 - root - INFO - Loading reference interval set from '211227-2-sim/g26_1.ref.tsv'...
2022-01-05 06:18:22,225 - root - INFO - Loading query interval set from '211227-2-sim/g26_1.query.tsv'...
2022-01-05 06:18:22,236 - root - INFO - Loading chromosome sizes from '211227-2-sim/g26_sizes.tsv'...
2022-01-05 06:18:22,239 - root - INFO - Number of reference intervals: 2500 (2500 before merging)
2022-01-05 06:18:22,240 - root - INFO - Number of query intervals: 50 (50 before merging)
2022-01-05 06:18:22,242 - root - INFO - Number of chromosomes: 1
2022-01-05 06:18:22,247 - root - INFO - Overlap count: 141
2022-01-05 06:18:22,248 - root - DEBUG - Started computing sf for chromosome 'chr1'...
2022-01-05 06:18:22,250 - root - DEBUG - m=2500, n=50
2022-01-05 06:18:23,049 - root - DEBUG - Processing 10-th line out of 2500 rows of DP table...
2022-01-05 06:18:23,894 - root - DEBUG - Processing 20-th line out of 2500 rows of DP table...
2022-01-05 06:18:24,744 - root - DEBUG - Processing 30-th line out of 2500 rows of DP table...
2022-01-05 06:18:25,580 - root - DEBUG - Processing 40-th line out of 2500 rows of DP table...
2022-01-05 06:18:26,421 - root - DEBUG - Processing 50-th line out of 2500 rows of DP table...
2022-01-05 06:18:27,250 - root - DEBUG - Processing 60-th line out of 2500 rows of DP table...
2022-01-05 06:18:28,090 - root - DEBUG - Processing 70-th line out of 2500 rows of DP table...
2022-01-05 06:18:28,917 - root - DEBUG - Processing 80-th line out of 2500 rows of DP table...
2022-01-05 06:18:29,739 - root - DEBUG - Processing 90-th line out of 2500 rows of DP table...
2022-01-05 06:18:30,563 - root - DEBUG - Processing 100-th line out of 2500 rows of DP table...
2022-01-05 06:18:31,380 - root - DEBUG - Processing 110-th line out of 2500 rows of DP table...
2022-01-05 06:18:32,189 - root - DEBUG - Processing 120-th line out of 2500 rows of DP table...
2022-01-05 06:18:33,004 - root - DEBUG - Processing 130-th line out of 2500 rows of DP table...
2022-01-05 06:18:33,804 - root - DEBUG - Processing 140-th line out of 2500 rows of DP table...
2022-01-05 06:18:34,603 - root - DEBUG - Processing 150-th line out of 2500 rows of DP table...
2022-01-05 06:18:35,408 - root - DEBUG - Processing 160-th line out of 2500 rows of DP table...
2022-01-05 06:18:36,203 - root - DEBUG - Processing 170-th line out of 2500 rows of DP table...
2022-01-05 06:18:36,998 - root - DEBUG - Processing 180-th line out of 2500 rows of DP table...
2022-01-05 06:18:37,785 - root - DEBUG - Processing 190-th line out of 2500 rows of DP table...
2022-01-05 06:18:38,568 - root - DEBUG - Processing 200-th line out of 2500 rows of DP table...
2022-01-05 06:18:39,351 - root - DEBUG - Processing 210-th line out of 2500 rows of DP table...
2022-01-05 06:18:40,132 - root - DEBUG - Processing 220-th line out of 2500 rows of DP table...
2022-01-05 06:18:40,911 - root - DEBUG - Processing 230-th line out of 2500 rows of DP table...
2022-01-05 06:18:41,684 - root - DEBUG - Processing 240-th line out of 2500 rows of DP table...
2022-01-05 06:18:42,453 - root - DEBUG - Processing 250-th line out of 2500 rows of DP table...
2022-01-05 06:18:43,223 - root - DEBUG - Processing 260-th line out of 2500 rows of DP table...
2022-01-05 06:18:43,986 - root - DEBUG - Processing 270-th line out of 2500 rows of DP table...
2022-01-05 06:18:44,746 - root - DEBUG - Processing 280-th line out of 2500 rows of DP table...
2022-01-05 06:18:45,503 - root - DEBUG - Processing 290-th line out of 2500 rows of DP table...
2022-01-05 06:18:46,255 - root - DEBUG - Processing 300-th line out of 2500 rows of DP table...
2022-01-05 06:18:47,005 - root - DEBUG - Processing 310-th line out of 2500 rows of DP table...
2022-01-05 06:18:47,758 - root - DEBUG - Processing 320-th line out of 2500 rows of DP table...
2022-01-05 06:18:48,497 - root - DEBUG - Processing 330-th line out of 2500 rows of DP table...
2022-01-05 06:18:49,237 - root - DEBUG - Processing 340-th line out of 2500 rows of DP table...
2022-01-05 06:18:49,987 - root - DEBUG - Processing 350-th line out of 2500 rows of DP table...
2022-01-05 06:18:50,718 - root - DEBUG - Processing 360-th line out of 2500 rows of DP table...
2022-01-05 06:18:51,455 - root - DEBUG - Processing 370-th line out of 2500 rows of DP table...
2022-01-05 06:18:52,237 - root - DEBUG - Processing 380-th line out of 2500 rows of DP table...
2022-01-05 06:18:52,960 - root - DEBUG - Processing 390-th line out of 2500 rows of DP table...
2022-01-05 06:18:53,682 - root - DEBUG - Processing 400-th line out of 2500 rows of DP table...
2022-01-05 06:18:54,400 - root - DEBUG - Processing 410-th line out of 2500 rows of DP table...
2022-01-05 06:18:55,115 - root - DEBUG - Processing 420-th line out of 2500 rows of DP table...
2022-01-05 06:18:55,830 - root - DEBUG - Processing 430-th line out of 2500 rows of DP table...
2022-01-05 06:18:56,538 - root - DEBUG - Processing 440-th line out of 2500 rows of DP table...
2022-01-05 06:18:57,241 - root - DEBUG - Processing 450-th line out of 2500 rows of DP table...
2022-01-05 06:18:57,945 - root - DEBUG - Processing 460-th line out of 2500 rows of DP table...
2022-01-05 06:18:58,640 - root - DEBUG - Processing 470-th line out of 2500 rows of DP table...
2022-01-05 06:18:59,332 - root - DEBUG - Processing 480-th line out of 2500 rows of DP table...
2022-01-05 06:19:00,026 - root - DEBUG - Processing 490-th line out of 2500 rows of DP table...
2022-01-05 06:19:00,710 - root - DEBUG - Processing 500-th line out of 2500 rows of DP table...
2022-01-05 06:19:01,392 - root - DEBUG - Processing 510-th line out of 2500 rows of DP table...
2022-01-05 06:19:02,080 - root - DEBUG - Processing 520-th line out of 2500 rows of DP table...
2022-01-05 06:19:02,759 - root - DEBUG - Processing 530-th line out of 2500 rows of DP table...
2022-01-05 06:19:03,434 - root - DEBUG - Processing 540-th line out of 2500 rows of DP table...
2022-01-05 06:19:04,106 - root - DEBUG - Processing 550-th line out of 2500 rows of DP table...
2022-01-05 06:19:04,771 - root - DEBUG - Processing 560-th line out of 2500 rows of DP table...
2022-01-05 06:19:05,435 - root - DEBUG - Processing 570-th line out of 2500 rows of DP table...
2022-01-05 06:19:06,099 - root - DEBUG - Processing 580-th line out of 2500 rows of DP table...
2022-01-05 06:19:06,758 - root - DEBUG - Processing 590-th line out of 2500 rows of DP table...
2022-01-05 06:19:07,417 - root - DEBUG - Processing 600-th line out of 2500 rows of DP table...
2022-01-05 06:19:08,071 - root - DEBUG - Processing 610-th line out of 2500 rows of DP table...
2022-01-05 06:19:08,717 - root - DEBUG - Processing 620-th line out of 2500 rows of DP table...
2022-01-05 06:19:09,357 - root - DEBUG - Processing 630-th line out of 2500 rows of DP table...
2022-01-05 06:19:09,994 - root - DEBUG - Processing 640-th line out of 2500 rows of DP table...
2022-01-05 06:19:10,635 - root - DEBUG - Processing 650-th line out of 2500 rows of DP table...
2022-01-05 06:19:11,268 - root - DEBUG - Processing 660-th line out of 2500 rows of DP table...
2022-01-05 06:19:11,900 - root - DEBUG - Processing 670-th line out of 2500 rows of DP table...
2022-01-05 06:19:12,530 - root - DEBUG - Processing 680-th line out of 2500 rows of DP table...
2022-01-05 06:19:13,155 - root - DEBUG - Processing 690-th line out of 2500 rows of DP table...
2022-01-05 06:19:13,773 - root - DEBUG - Processing 700-th line out of 2500 rows of DP table...
2022-01-05 06:19:14,389 - root - DEBUG - Processing 710-th line out of 2500 rows of DP table...
2022-01-05 06:19:15,001 - root - DEBUG - Processing 720-th line out of 2500 rows of DP table...
2022-01-05 06:19:15,608 - root - DEBUG - Processing 730-th line out of 2500 rows of DP table...
2022-01-05 06:19:16,212 - root - DEBUG - Processing 740-th line out of 2500 rows of DP table...
2022-01-05 06:19:16,819 - root - DEBUG - Processing 750-th line out of 2500 rows of DP table...
2022-01-05 06:19:17,418 - root - DEBUG - Processing 760-th line out of 2500 rows of DP table...
2022-01-05 06:19:18,010 - root - DEBUG - Processing 770-th line out of 2500 rows of DP table...
2022-01-05 06:19:18,609 - root - DEBUG - Processing 780-th line out of 2500 rows of DP table...
2022-01-05 06:19:19,196 - root - DEBUG - Processing 790-th line out of 2500 rows of DP table...
2022-01-05 06:19:19,782 - root - DEBUG - Processing 800-th line out of 2500 rows of DP table...
2022-01-05 06:19:20,362 - root - DEBUG - Processing 810-th line out of 2500 rows of DP table...
2022-01-05 06:19:20,942 - root - DEBUG - Processing 820-th line out of 2500 rows of DP table...
2022-01-05 06:19:21,523 - root - DEBUG - Processing 830-th line out of 2500 rows of DP table...
2022-01-05 06:19:22,097 - root - DEBUG - Processing 840-th line out of 2500 rows of DP table...
2022-01-05 06:19:22,672 - root - DEBUG - Processing 850-th line out of 2500 rows of DP table...
2022-01-05 06:19:23,238 - root - DEBUG - Processing 860-th line out of 2500 rows of DP table...
2022-01-05 06:19:23,800 - root - DEBUG - Processing 870-th line out of 2500 rows of DP table...
2022-01-05 06:19:24,355 - root - DEBUG - Processing 880-th line out of 2500 rows of DP table...
2022-01-05 06:19:24,912 - root - DEBUG - Processing 890-th line out of 2500 rows of DP table...
2022-01-05 06:19:25,464 - root - DEBUG - Processing 900-th line out of 2500 rows of DP table...
2022-01-05 06:19:26,011 - root - DEBUG - Processing 910-th line out of 2500 rows of DP table...
2022-01-05 06:19:26,556 - root - DEBUG - Processing 920-th line out of 2500 rows of DP table...
2022-01-05 06:19:27,102 - root - DEBUG - Processing 930-th line out of 2500 rows of DP table...
2022-01-05 06:19:27,641 - root - DEBUG - Processing 940-th line out of 2500 rows of DP table...
2022-01-05 06:19:28,177 - root - DEBUG - Processing 950-th line out of 2500 rows of DP table...
2022-01-05 06:19:28,710 - root - DEBUG - Processing 960-th line out of 2500 rows of DP table...
2022-01-05 06:19:29,242 - root - DEBUG - Processing 970-th line out of 2500 rows of DP table...
2022-01-05 06:19:29,768 - root - DEBUG - Processing 980-th line out of 2500 rows of DP table...
2022-01-05 06:19:30,447 - root - DEBUG - Processing 990-th line out of 2500 rows of DP table...
2022-01-05 06:19:30,967 - root - DEBUG - Processing 1000-th line out of 2500 rows of DP table...
2022-01-05 06:19:31,481 - root - DEBUG - Processing 1010-th line out of 2500 rows of DP table...
2022-01-05 06:19:31,998 - root - DEBUG - Processing 1020-th line out of 2500 rows of DP table...
2022-01-05 06:19:32,513 - root - DEBUG - Processing 1030-th line out of 2500 rows of DP table...
2022-01-05 06:19:33,024 - root - DEBUG - Processing 1040-th line out of 2500 rows of DP table...
2022-01-05 06:19:33,525 - root - DEBUG - Processing 1050-th line out of 2500 rows of DP table...
2022-01-05 06:19:34,024 - root - DEBUG - Processing 1060-th line out of 2500 rows of DP table...
2022-01-05 06:19:34,518 - root - DEBUG - Processing 1070-th line out of 2500 rows of DP table...
2022-01-05 06:19:35,009 - root - DEBUG - Processing 1080-th line out of 2500 rows of DP table...
2022-01-05 06:19:35,502 - root - DEBUG - Processing 1090-th line out of 2500 rows of DP table...
2022-01-05 06:19:35,988 - root - DEBUG - Processing 1100-th line out of 2500 rows of DP table...
2022-01-05 06:19:36,475 - root - DEBUG - Processing 1110-th line out of 2500 rows of DP table...
2022-01-05 06:19:36,955 - root - DEBUG - Processing 1120-th line out of 2500 rows of DP table...
2022-01-05 06:19:37,433 - root - DEBUG - Processing 1130-th line out of 2500 rows of DP table...
2022-01-05 06:19:37,905 - root - DEBUG - Processing 1140-th line out of 2500 rows of DP table...
2022-01-05 06:19:38,384 - root - DEBUG - Processing 1150-th line out of 2500 rows of DP table...
2022-01-05 06:19:38,849 - root - DEBUG - Processing 1160-th line out of 2500 rows of DP table...
2022-01-05 06:19:39,311 - root - DEBUG - Processing 1170-th line out of 2500 rows of DP table...
2022-01-05 06:19:39,771 - root - DEBUG - Processing 1180-th line out of 2500 rows of DP table...
2022-01-05 06:19:40,237 - root - DEBUG - Processing 1190-th line out of 2500 rows of DP table...
2022-01-05 06:19:40,695 - root - DEBUG - Processing 1200-th line out of 2500 rows of DP table...
2022-01-05 06:19:41,143 - root - DEBUG - Processing 1210-th line out of 2500 rows of DP table...
2022-01-05 06:19:41,588 - root - DEBUG - Processing 1220-th line out of 2500 rows of DP table...
2022-01-05 06:19:42,034 - root - DEBUG - Processing 1230-th line out of 2500 rows of DP table...
2022-01-05 06:19:42,477 - root - DEBUG - Processing 1240-th line out of 2500 rows of DP table...
2022-01-05 06:19:42,918 - root - DEBUG - Processing 1250-th line out of 2500 rows of DP table...
2022-01-05 06:19:43,350 - root - DEBUG - Processing 1260-th line out of 2500 rows of DP table...
2022-01-05 06:19:43,778 - root - DEBUG - Processing 1270-th line out of 2500 rows of DP table...
2022-01-05 06:19:44,206 - root - DEBUG - Processing 1280-th line out of 2500 rows of DP table...
2022-01-05 06:19:44,628 - root - DEBUG - Processing 1290-th line out of 2500 rows of DP table...
2022-01-05 06:19:45,051 - root - DEBUG - Processing 1300-th line out of 2500 rows of DP table...
2022-01-05 06:19:45,464 - root - DEBUG - Processing 1310-th line out of 2500 rows of DP table...
2022-01-05 06:19:45,878 - root - DEBUG - Processing 1320-th line out of 2500 rows of DP table...
2022-01-05 06:19:46,290 - root - DEBUG - Processing 1330-th line out of 2500 rows of DP table...
2022-01-05 06:19:46,696 - root - DEBUG - Processing 1340-th line out of 2500 rows of DP table...
2022-01-05 06:19:47,100 - root - DEBUG - Processing 1350-th line out of 2500 rows of DP table...
2022-01-05 06:19:47,498 - root - DEBUG - Processing 1360-th line out of 2500 rows of DP table...
2022-01-05 06:19:47,892 - root - DEBUG - Processing 1370-th line out of 2500 rows of DP table...
2022-01-05 06:19:48,287 - root - DEBUG - Processing 1380-th line out of 2500 rows of DP table...
2022-01-05 06:19:48,678 - root - DEBUG - Processing 1390-th line out of 2500 rows of DP table...
2022-01-05 06:19:49,063 - root - DEBUG - Processing 1400-th line out of 2500 rows of DP table...
2022-01-05 06:19:49,447 - root - DEBUG - Processing 1410-th line out of 2500 rows of DP table...
2022-01-05 06:19:49,822 - root - DEBUG - Processing 1420-th line out of 2500 rows of DP table...
2022-01-05 06:19:50,195 - root - DEBUG - Processing 1430-th line out of 2500 rows of DP table...
2022-01-05 06:19:50,568 - root - DEBUG - Processing 1440-th line out of 2500 rows of DP table...
2022-01-05 06:19:50,938 - root - DEBUG - Processing 1450-th line out of 2500 rows of DP table...
2022-01-05 06:19:51,302 - root - DEBUG - Processing 1460-th line out of 2500 rows of DP table...
2022-01-05 06:19:51,666 - root - DEBUG - Processing 1470-th line out of 2500 rows of DP table...
2022-01-05 06:19:52,026 - root - DEBUG - Processing 1480-th line out of 2500 rows of DP table...
2022-01-05 06:19:52,383 - root - DEBUG - Processing 1490-th line out of 2500 rows of DP table...
2022-01-05 06:19:52,738 - root - DEBUG - Processing 1500-th line out of 2500 rows of DP table...
2022-01-05 06:19:53,084 - root - DEBUG - Processing 1510-th line out of 2500 rows of DP table...
2022-01-05 06:19:53,433 - root - DEBUG - Processing 1520-th line out of 2500 rows of DP table...
2022-01-05 06:19:53,772 - root - DEBUG - Processing 1530-th line out of 2500 rows of DP table...
2022-01-05 06:19:54,110 - root - DEBUG - Processing 1540-th line out of 2500 rows of DP table...
2022-01-05 06:19:54,448 - root - DEBUG - Processing 1550-th line out of 2500 rows of DP table...
2022-01-05 06:19:54,779 - root - DEBUG - Processing 1560-th line out of 2500 rows of DP table...
2022-01-05 06:19:55,108 - root - DEBUG - Processing 1570-th line out of 2500 rows of DP table...
2022-01-05 06:19:55,439 - root - DEBUG - Processing 1580-th line out of 2500 rows of DP table...
2022-01-05 06:19:55,761 - root - DEBUG - Processing 1590-th line out of 2500 rows of DP table...
2022-01-05 06:19:56,080 - root - DEBUG - Processing 1600-th line out of 2500 rows of DP table...
2022-01-05 06:19:56,392 - root - DEBUG - Processing 1610-th line out of 2500 rows of DP table...
2022-01-05 06:19:56,706 - root - DEBUG - Processing 1620-th line out of 2500 rows of DP table...
2022-01-05 06:19:57,015 - root - DEBUG - Processing 1630-th line out of 2500 rows of DP table...
2022-01-05 06:19:57,319 - root - DEBUG - Processing 1640-th line out of 2500 rows of DP table...
2022-01-05 06:19:57,634 - root - DEBUG - Processing 1650-th line out of 2500 rows of DP table...
2022-01-05 06:19:57,932 - root - DEBUG - Processing 1660-th line out of 2500 rows of DP table...
2022-01-05 06:19:58,227 - root - DEBUG - Processing 1670-th line out of 2500 rows of DP table...
2022-01-05 06:19:58,528 - root - DEBUG - Processing 1680-th line out of 2500 rows of DP table...
2022-01-05 06:19:58,820 - root - DEBUG - Processing 1690-th line out of 2500 rows of DP table...
2022-01-05 06:19:59,109 - root - DEBUG - Processing 1700-th line out of 2500 rows of DP table...
2022-01-05 06:19:59,390 - root - DEBUG - Processing 1710-th line out of 2500 rows of DP table...
2022-01-05 06:19:59,665 - root - DEBUG - Processing 1720-th line out of 2500 rows of DP table...
2022-01-05 06:19:59,939 - root - DEBUG - Processing 1730-th line out of 2500 rows of DP table...
2022-01-05 06:20:00,208 - root - DEBUG - Processing 1740-th line out of 2500 rows of DP table...
2022-01-05 06:20:00,475 - root - DEBUG - Processing 1750-th line out of 2500 rows of DP table...
2022-01-05 06:20:00,743 - root - DEBUG - Processing 1760-th line out of 2500 rows of DP table...
2022-01-05 06:20:01,005 - root - DEBUG - Processing 1770-th line out of 2500 rows of DP table...
2022-01-05 06:20:01,267 - root - DEBUG - Processing 1780-th line out of 2500 rows of DP table...
2022-01-05 06:20:01,520 - root - DEBUG - Processing 1790-th line out of 2500 rows of DP table...
2022-01-05 06:20:01,776 - root - DEBUG - Processing 1800-th line out of 2500 rows of DP table...
2022-01-05 06:20:02,023 - root - DEBUG - Processing 1810-th line out of 2500 rows of DP table...
2022-01-05 06:20:02,266 - root - DEBUG - Processing 1820-th line out of 2500 rows of DP table...
2022-01-05 06:20:02,507 - root - DEBUG - Processing 1830-th line out of 2500 rows of DP table...
2022-01-05 06:20:02,742 - root - DEBUG - Processing 1840-th line out of 2500 rows of DP table...
2022-01-05 06:20:02,979 - root - DEBUG - Processing 1850-th line out of 2500 rows of DP table...
2022-01-05 06:20:03,208 - root - DEBUG - Processing 1860-th line out of 2500 rows of DP table...
2022-01-05 06:20:03,435 - root - DEBUG - Processing 1870-th line out of 2500 rows of DP table...
2022-01-05 06:20:03,658 - root - DEBUG - Processing 1880-th line out of 2500 rows of DP table...
2022-01-05 06:20:03,880 - root - DEBUG - Processing 1890-th line out of 2500 rows of DP table...
2022-01-05 06:20:04,102 - root - DEBUG - Processing 1900-th line out of 2500 rows of DP table...
2022-01-05 06:20:04,315 - root - DEBUG - Processing 1910-th line out of 2500 rows of DP table...
2022-01-05 06:20:04,529 - root - DEBUG - Processing 1920-th line out of 2500 rows of DP table...
2022-01-05 06:20:04,736 - root - DEBUG - Processing 1930-th line out of 2500 rows of DP table...
2022-01-05 06:20:04,937 - root - DEBUG - Processing 1940-th line out of 2500 rows of DP table...
2022-01-05 06:20:05,141 - root - DEBUG - Processing 1950-th line out of 2500 rows of DP table...
2022-01-05 06:20:05,338 - root - DEBUG - Processing 1960-th line out of 2500 rows of DP table...
2022-01-05 06:20:05,531 - root - DEBUG - Processing 1970-th line out of 2500 rows of DP table...
2022-01-05 06:20:05,720 - root - DEBUG - Processing 1980-th line out of 2500 rows of DP table...
2022-01-05 06:20:05,914 - root - DEBUG - Processing 1990-th line out of 2500 rows of DP table...
2022-01-05 06:20:06,096 - root - DEBUG - Processing 2000-th line out of 2500 rows of DP table...
2022-01-05 06:20:06,279 - root - DEBUG - Processing 2010-th line out of 2500 rows of DP table...
2022-01-05 06:20:06,455 - root - DEBUG - Processing 2020-th line out of 2500 rows of DP table...
2022-01-05 06:20:06,627 - root - DEBUG - Processing 2030-th line out of 2500 rows of DP table...
2022-01-05 06:20:06,797 - root - DEBUG - Processing 2040-th line out of 2500 rows of DP table...
2022-01-05 06:20:06,964 - root - DEBUG - Processing 2050-th line out of 2500 rows of DP table...
2022-01-05 06:20:07,127 - root - DEBUG - Processing 2060-th line out of 2500 rows of DP table...
2022-01-05 06:20:07,313 - root - DEBUG - Processing 2070-th line out of 2500 rows of DP table...
2022-01-05 06:20:07,468 - root - DEBUG - Processing 2080-th line out of 2500 rows of DP table...
2022-01-05 06:20:07,621 - root - DEBUG - Processing 2090-th line out of 2500 rows of DP table...
2022-01-05 06:20:07,769 - root - DEBUG - Processing 2100-th line out of 2500 rows of DP table...
2022-01-05 06:20:07,914 - root - DEBUG - Processing 2110-th line out of 2500 rows of DP table...
2022-01-05 06:20:08,056 - root - DEBUG - Processing 2120-th line out of 2500 rows of DP table...
2022-01-05 06:20:08,195 - root - DEBUG - Processing 2130-th line out of 2500 rows of DP table...
2022-01-05 06:20:08,335 - root - DEBUG - Processing 2140-th line out of 2500 rows of DP table...
2022-01-05 06:20:08,467 - root - DEBUG - Processing 2150-th line out of 2500 rows of DP table...
2022-01-05 06:20:08,595 - root - DEBUG - Processing 2160-th line out of 2500 rows of DP table...
2022-01-05 06:20:08,719 - root - DEBUG - Processing 2170-th line out of 2500 rows of DP table...
2022-01-05 06:20:08,841 - root - DEBUG - Processing 2180-th line out of 2500 rows of DP table...
2022-01-05 06:20:08,959 - root - DEBUG - Processing 2190-th line out of 2500 rows of DP table...
2022-01-05 06:20:09,073 - root - DEBUG - Processing 2200-th line out of 2500 rows of DP table...
2022-01-05 06:20:09,185 - root - DEBUG - Processing 2210-th line out of 2500 rows of DP table...
2022-01-05 06:20:09,293 - root - DEBUG - Processing 2220-th line out of 2500 rows of DP table...
2022-01-05 06:20:09,397 - root - DEBUG - Processing 2230-th line out of 2500 rows of DP table...
2022-01-05 06:20:09,503 - root - DEBUG - Processing 2240-th line out of 2500 rows of DP table...
2022-01-05 06:20:09,603 - root - DEBUG - Processing 2250-th line out of 2500 rows of DP table...
2022-01-05 06:20:09,698 - root - DEBUG - Processing 2260-th line out of 2500 rows of DP table...
2022-01-05 06:20:09,790 - root - DEBUG - Processing 2270-th line out of 2500 rows of DP table...
2022-01-05 06:20:09,877 - root - DEBUG - Processing 2280-th line out of 2500 rows of DP table...
2022-01-05 06:20:09,962 - root - DEBUG - Processing 2290-th line out of 2500 rows of DP table...
2022-01-05 06:20:10,044 - root - DEBUG - Processing 2300-th line out of 2500 rows of DP table...
2022-01-05 06:20:10,123 - root - DEBUG - Processing 2310-th line out of 2500 rows of DP table...
2022-01-05 06:20:10,198 - root - DEBUG - Processing 2320-th line out of 2500 rows of DP table...
2022-01-05 06:20:10,269 - root - DEBUG - Processing 2330-th line out of 2500 rows of DP table...
2022-01-05 06:20:10,337 - root - DEBUG - Processing 2340-th line out of 2500 rows of DP table...
2022-01-05 06:20:10,402 - root - DEBUG - Processing 2350-th line out of 2500 rows of DP table...
2022-01-05 06:20:10,463 - root - DEBUG - Processing 2360-th line out of 2500 rows of DP table...
2022-01-05 06:20:10,521 - root - DEBUG - Processing 2370-th line out of 2500 rows of DP table...
2022-01-05 06:20:10,579 - root - DEBUG - Processing 2380-th line out of 2500 rows of DP table...
2022-01-05 06:20:10,630 - root - DEBUG - Processing 2390-th line out of 2500 rows of DP table...
2022-01-05 06:20:10,678 - root - DEBUG - Processing 2400-th line out of 2500 rows of DP table...
2022-01-05 06:20:10,723 - root - DEBUG - Processing 2410-th line out of 2500 rows of DP table...
2022-01-05 06:20:10,764 - root - DEBUG - Processing 2420-th line out of 2500 rows of DP table...
2022-01-05 06:20:10,801 - root - DEBUG - Processing 2430-th line out of 2500 rows of DP table...
2022-01-05 06:20:10,836 - root - DEBUG - Processing 2440-th line out of 2500 rows of DP table...
2022-01-05 06:20:10,867 - root - DEBUG - Processing 2450-th line out of 2500 rows of DP table...
2022-01-05 06:20:10,916 - root - DEBUG - Processing 2460-th line out of 2500 rows of DP table...
2022-01-05 06:20:10,941 - root - DEBUG - Processing 2470-th line out of 2500 rows of DP table...
2022-01-05 06:20:10,962 - root - DEBUG - Processing 2480-th line out of 2500 rows of DP table...
2022-01-05 06:20:10,996 - root - DEBUG - Processing 2490-th line out of 2500 rows of DP table...
2022-01-05 06:20:11,011 - root - DEBUG - Processing 2500-th line out of 2500 rows of DP table...
2022-01-05 06:20:11,025 - root - DEBUG - Started computing joint logprobs...
