2022-01-04 21:39:50,332 - root - INFO - Loading reference interval set from '211227-2-sim/g27_5.ref.tsv'...
2022-01-04 21:39:50,335 - root - INFO - Loading query interval set from '211227-2-sim/g27_5.query.tsv'...
2022-01-04 21:39:50,338 - root - INFO - Loading chromosome sizes from '211227-2-sim/g27_sizes.tsv'...
2022-01-04 21:39:50,340 - root - INFO - Number of reference intervals: 2500 (2500 before merging)
2022-01-04 21:39:50,341 - root - INFO - Number of query intervals: 500 (500 before merging)
2022-01-04 21:39:50,342 - root - INFO - Number of chromosomes: 1
2022-01-04 21:39:50,346 - root - INFO - Overlap count: 1355
2022-01-04 21:39:50,347 - root - DEBUG - Started computing sf for chromosome 'chr1'...
2022-01-04 21:39:50,348 - root - DEBUG - m=2500, n=500
2022-01-04 21:39:51,155 - root - DEBUG - Processing 10-th line out of 2500 rows of DP table...
2022-01-04 21:39:52,009 - root - DEBUG - Processing 20-th line out of 2500 rows of DP table...
2022-01-04 21:39:52,854 - root - DEBUG - Processing 30-th line out of 2500 rows of DP table...
2022-01-04 21:39:53,691 - root - DEBUG - Processing 40-th line out of 2500 rows of DP table...
2022-01-04 21:39:54,524 - root - DEBUG - Processing 50-th line out of 2500 rows of DP table...
2022-01-04 21:39:55,422 - root - DEBUG - Processing 60-th line out of 2500 rows of DP table...
2022-01-04 21:39:56,253 - root - DEBUG - Processing 70-th line out of 2500 rows of DP table...
2022-01-04 21:39:57,077 - root - DEBUG - Processing 80-th line out of 2500 rows of DP table...
2022-01-04 21:39:57,904 - root - DEBUG - Processing 90-th line out of 2500 rows of DP table...
2022-01-04 21:39:58,727 - root - DEBUG - Processing 100-th line out of 2500 rows of DP table...
2022-01-04 21:39:59,543 - root - DEBUG - Processing 110-th line out of 2500 rows of DP table...
2022-01-04 21:40:00,364 - root - DEBUG - Processing 120-th line out of 2500 rows of DP table...
2022-01-04 21:40:01,178 - root - DEBUG - Processing 130-th line out of 2500 rows of DP table...
2022-01-04 21:40:01,991 - root - DEBUG - Processing 140-th line out of 2500 rows of DP table...
2022-01-04 21:40:02,796 - root - DEBUG - Processing 150-th line out of 2500 rows of DP table...
2022-01-04 21:40:03,601 - root - DEBUG - Processing 160-th line out of 2500 rows of DP table...
2022-01-04 21:40:04,401 - root - DEBUG - Processing 170-th line out of 2500 rows of DP table...
2022-01-04 21:40:05,193 - root - DEBUG - Processing 180-th line out of 2500 rows of DP table...
2022-01-04 21:40:05,988 - root - DEBUG - Processing 190-th line out of 2500 rows of DP table...
2022-01-04 21:40:06,779 - root - DEBUG - Processing 200-th line out of 2500 rows of DP table...
2022-01-04 21:40:07,561 - root - DEBUG - Processing 210-th line out of 2500 rows of DP table...
2022-01-04 21:40:08,346 - root - DEBUG - Processing 220-th line out of 2500 rows of DP table...
2022-01-04 21:40:09,126 - root - DEBUG - Processing 230-th line out of 2500 rows of DP table...
2022-01-04 21:40:09,907 - root - DEBUG - Processing 240-th line out of 2500 rows of DP table...
2022-01-04 21:40:10,678 - root - DEBUG - Processing 250-th line out of 2500 rows of DP table...
2022-01-04 21:40:11,450 - root - DEBUG - Processing 260-th line out of 2500 rows of DP table...
2022-01-04 21:40:12,216 - root - DEBUG - Processing 270-th line out of 2500 rows of DP table...
2022-01-04 21:40:12,976 - root - DEBUG - Processing 280-th line out of 2500 rows of DP table...
2022-01-04 21:40:13,734 - root - DEBUG - Processing 290-th line out of 2500 rows of DP table...
2022-01-04 21:40:14,490 - root - DEBUG - Processing 300-th line out of 2500 rows of DP table...
2022-01-04 21:40:15,240 - root - DEBUG - Processing 310-th line out of 2500 rows of DP table...
2022-01-04 21:40:16,022 - root - DEBUG - Processing 320-th line out of 2500 rows of DP table...
2022-01-04 21:40:16,769 - root - DEBUG - Processing 330-th line out of 2500 rows of DP table...
2022-01-04 21:40:17,510 - root - DEBUG - Processing 340-th line out of 2500 rows of DP table...
2022-01-04 21:40:18,251 - root - DEBUG - Processing 350-th line out of 2500 rows of DP table...
2022-01-04 21:40:18,991 - root - DEBUG - Processing 360-th line out of 2500 rows of DP table...
2022-01-04 21:40:19,719 - root - DEBUG - Processing 370-th line out of 2500 rows of DP table...
2022-01-04 21:40:20,450 - root - DEBUG - Processing 380-th line out of 2500 rows of DP table...
2022-01-04 21:40:21,180 - root - DEBUG - Processing 390-th line out of 2500 rows of DP table...
2022-01-04 21:40:21,903 - root - DEBUG - Processing 400-th line out of 2500 rows of DP table...
2022-01-04 21:40:22,624 - root - DEBUG - Processing 410-th line out of 2500 rows of DP table...
2022-01-04 21:40:23,342 - root - DEBUG - Processing 420-th line out of 2500 rows of DP table...
2022-01-04 21:40:24,056 - root - DEBUG - Processing 430-th line out of 2500 rows of DP table...
2022-01-04 21:40:24,770 - root - DEBUG - Processing 440-th line out of 2500 rows of DP table...
2022-01-04 21:40:25,481 - root - DEBUG - Processing 450-th line out of 2500 rows of DP table...
2022-01-04 21:40:26,189 - root - DEBUG - Processing 460-th line out of 2500 rows of DP table...
2022-01-04 21:40:26,887 - root - DEBUG - Processing 470-th line out of 2500 rows of DP table...
2022-01-04 21:40:27,588 - root - DEBUG - Processing 480-th line out of 2500 rows of DP table...
2022-01-04 21:40:28,282 - root - DEBUG - Processing 490-th line out of 2500 rows of DP table...
2022-01-04 21:40:28,969 - root - DEBUG - Processing 500-th line out of 2500 rows of DP table...
2022-01-04 21:40:29,666 - root - DEBUG - Processing 510-th line out of 2500 rows of DP table...
2022-01-04 21:40:30,345 - root - DEBUG - Processing 520-th line out of 2500 rows of DP table...
2022-01-04 21:40:31,026 - root - DEBUG - Processing 530-th line out of 2500 rows of DP table...
2022-01-04 21:40:31,707 - root - DEBUG - Processing 540-th line out of 2500 rows of DP table...
2022-01-04 21:40:32,373 - root - DEBUG - Processing 550-th line out of 2500 rows of DP table...
2022-01-04 21:40:33,045 - root - DEBUG - Processing 560-th line out of 2500 rows of DP table...
2022-01-04 21:40:33,707 - root - DEBUG - Processing 570-th line out of 2500 rows of DP table...
2022-01-04 21:40:34,375 - root - DEBUG - Processing 580-th line out of 2500 rows of DP table...
2022-01-04 21:40:35,036 - root - DEBUG - Processing 590-th line out of 2500 rows of DP table...
2022-01-04 21:40:35,689 - root - DEBUG - Processing 600-th line out of 2500 rows of DP table...
2022-01-04 21:40:36,344 - root - DEBUG - Processing 610-th line out of 2500 rows of DP table...
2022-01-04 21:40:36,991 - root - DEBUG - Processing 620-th line out of 2500 rows of DP table...
2022-01-04 21:40:37,639 - root - DEBUG - Processing 630-th line out of 2500 rows of DP table...
2022-01-04 21:40:38,288 - root - DEBUG - Processing 640-th line out of 2500 rows of DP table...
2022-01-04 21:40:38,924 - root - DEBUG - Processing 650-th line out of 2500 rows of DP table...
2022-01-04 21:40:39,563 - root - DEBUG - Processing 660-th line out of 2500 rows of DP table...
2022-01-04 21:40:40,194 - root - DEBUG - Processing 670-th line out of 2500 rows of DP table...
2022-01-04 21:40:40,892 - root - DEBUG - Processing 680-th line out of 2500 rows of DP table...
2022-01-04 21:40:41,510 - root - DEBUG - Processing 690-th line out of 2500 rows of DP table...
2022-01-04 21:40:42,128 - root - DEBUG - Processing 700-th line out of 2500 rows of DP table...
2022-01-04 21:40:42,749 - root - DEBUG - Processing 710-th line out of 2500 rows of DP table...
2022-01-04 21:40:43,363 - root - DEBUG - Processing 720-th line out of 2500 rows of DP table...
2022-01-04 21:40:43,992 - root - DEBUG - Processing 730-th line out of 2500 rows of DP table...
2022-01-04 21:40:44,613 - root - DEBUG - Processing 740-th line out of 2500 rows of DP table...
2022-01-04 21:40:45,227 - root - DEBUG - Processing 750-th line out of 2500 rows of DP table...
2022-01-04 21:40:45,823 - root - DEBUG - Processing 760-th line out of 2500 rows of DP table...
2022-01-04 21:40:46,426 - root - DEBUG - Processing 770-th line out of 2500 rows of DP table...
2022-01-04 21:40:47,020 - root - DEBUG - Processing 780-th line out of 2500 rows of DP table...
2022-01-04 21:40:47,614 - root - DEBUG - Processing 790-th line out of 2500 rows of DP table...
2022-01-04 21:40:48,205 - root - DEBUG - Processing 800-th line out of 2500 rows of DP table...
2022-01-04 21:40:48,798 - root - DEBUG - Processing 810-th line out of 2500 rows of DP table...
2022-01-04 21:40:49,381 - root - DEBUG - Processing 820-th line out of 2500 rows of DP table...
2022-01-04 21:40:49,965 - root - DEBUG - Processing 830-th line out of 2500 rows of DP table...
2022-01-04 21:40:50,542 - root - DEBUG - Processing 840-th line out of 2500 rows of DP table...
2022-01-04 21:40:51,121 - root - DEBUG - Processing 850-th line out of 2500 rows of DP table...
2022-01-04 21:40:51,689 - root - DEBUG - Processing 860-th line out of 2500 rows of DP table...
2022-01-04 21:40:52,257 - root - DEBUG - Processing 870-th line out of 2500 rows of DP table...
2022-01-04 21:40:52,818 - root - DEBUG - Processing 880-th line out of 2500 rows of DP table...
2022-01-04 21:40:53,383 - root - DEBUG - Processing 890-th line out of 2500 rows of DP table...
2022-01-04 21:40:53,937 - root - DEBUG - Processing 900-th line out of 2500 rows of DP table...
2022-01-04 21:40:54,491 - root - DEBUG - Processing 910-th line out of 2500 rows of DP table...
2022-01-04 21:40:55,043 - root - DEBUG - Processing 920-th line out of 2500 rows of DP table...
2022-01-04 21:40:55,590 - root - DEBUG - Processing 930-th line out of 2500 rows of DP table...
2022-01-04 21:40:56,132 - root - DEBUG - Processing 940-th line out of 2500 rows of DP table...
2022-01-04 21:40:56,672 - root - DEBUG - Processing 950-th line out of 2500 rows of DP table...
2022-01-04 21:40:57,210 - root - DEBUG - Processing 960-th line out of 2500 rows of DP table...
2022-01-04 21:40:57,745 - root - DEBUG - Processing 970-th line out of 2500 rows of DP table...
2022-01-04 21:40:58,278 - root - DEBUG - Processing 980-th line out of 2500 rows of DP table...
2022-01-04 21:40:58,794 - root - DEBUG - Processing 990-th line out of 2500 rows of DP table...
2022-01-04 21:40:59,314 - root - DEBUG - Processing 1000-th line out of 2500 rows of DP table...
2022-01-04 21:40:59,836 - root - DEBUG - Processing 1010-th line out of 2500 rows of DP table...
2022-01-04 21:41:00,345 - root - DEBUG - Processing 1020-th line out of 2500 rows of DP table...
2022-01-04 21:41:00,852 - root - DEBUG - Processing 1030-th line out of 2500 rows of DP table...
2022-01-04 21:41:01,358 - root - DEBUG - Processing 1040-th line out of 2500 rows of DP table...
2022-01-04 21:41:01,861 - root - DEBUG - Processing 1050-th line out of 2500 rows of DP table...
2022-01-04 21:41:02,357 - root - DEBUG - Processing 1060-th line out of 2500 rows of DP table...
2022-01-04 21:41:02,847 - root - DEBUG - Processing 1070-th line out of 2500 rows of DP table...
2022-01-04 21:41:03,335 - root - DEBUG - Processing 1080-th line out of 2500 rows of DP table...
2022-01-04 21:41:03,825 - root - DEBUG - Processing 1090-th line out of 2500 rows of DP table...
2022-01-04 21:41:04,312 - root - DEBUG - Processing 1100-th line out of 2500 rows of DP table...
2022-01-04 21:41:04,791 - root - DEBUG - Processing 1110-th line out of 2500 rows of DP table...
2022-01-04 21:41:05,265 - root - DEBUG - Processing 1120-th line out of 2500 rows of DP table...
2022-01-04 21:41:05,740 - root - DEBUG - Processing 1130-th line out of 2500 rows of DP table...
2022-01-04 21:41:06,214 - root - DEBUG - Processing 1140-th line out of 2500 rows of DP table...
2022-01-04 21:41:06,677 - root - DEBUG - Processing 1150-th line out of 2500 rows of DP table...
2022-01-04 21:41:07,140 - root - DEBUG - Processing 1160-th line out of 2500 rows of DP table...
2022-01-04 21:41:07,602 - root - DEBUG - Processing 1170-th line out of 2500 rows of DP table...
2022-01-04 21:41:08,056 - root - DEBUG - Processing 1180-th line out of 2500 rows of DP table...
2022-01-04 21:41:08,512 - root - DEBUG - Processing 1190-th line out of 2500 rows of DP table...
2022-01-04 21:41:08,961 - root - DEBUG - Processing 1200-th line out of 2500 rows of DP table...
2022-01-04 21:41:09,405 - root - DEBUG - Processing 1210-th line out of 2500 rows of DP table...
2022-01-04 21:41:09,857 - root - DEBUG - Processing 1220-th line out of 2500 rows of DP table...
2022-01-04 21:41:10,300 - root - DEBUG - Processing 1230-th line out of 2500 rows of DP table...
2022-01-04 21:41:10,734 - root - DEBUG - Processing 1240-th line out of 2500 rows of DP table...
2022-01-04 21:41:11,166 - root - DEBUG - Processing 1250-th line out of 2500 rows of DP table...
2022-01-04 21:41:11,593 - root - DEBUG - Processing 1260-th line out of 2500 rows of DP table...
2022-01-04 21:41:12,020 - root - DEBUG - Processing 1270-th line out of 2500 rows of DP table...
2022-01-04 21:41:12,445 - root - DEBUG - Processing 1280-th line out of 2500 rows of DP table...
2022-01-04 21:41:12,860 - root - DEBUG - Processing 1290-th line out of 2500 rows of DP table...
2022-01-04 21:41:13,276 - root - DEBUG - Processing 1300-th line out of 2500 rows of DP table...
2022-01-04 21:41:13,694 - root - DEBUG - Processing 1310-th line out of 2500 rows of DP table...
2022-01-04 21:41:14,105 - root - DEBUG - Processing 1320-th line out of 2500 rows of DP table...
2022-01-04 21:41:14,513 - root - DEBUG - Processing 1330-th line out of 2500 rows of DP table...
2022-01-04 21:41:14,921 - root - DEBUG - Processing 1340-th line out of 2500 rows of DP table...
2022-01-04 21:41:15,319 - root - DEBUG - Processing 1350-th line out of 2500 rows of DP table...
2022-01-04 21:41:15,716 - root - DEBUG - Processing 1360-th line out of 2500 rows of DP table...
2022-01-04 21:41:16,110 - root - DEBUG - Processing 1370-th line out of 2500 rows of DP table...
2022-01-04 21:41:16,498 - root - DEBUG - Processing 1380-th line out of 2500 rows of DP table...
2022-01-04 21:41:16,887 - root - DEBUG - Processing 1390-th line out of 2500 rows of DP table...
2022-01-04 21:41:17,269 - root - DEBUG - Processing 1400-th line out of 2500 rows of DP table...
2022-01-04 21:41:17,649 - root - DEBUG - Processing 1410-th line out of 2500 rows of DP table...
2022-01-04 21:41:18,024 - root - DEBUG - Processing 1420-th line out of 2500 rows of DP table...
2022-01-04 21:41:18,405 - root - DEBUG - Processing 1430-th line out of 2500 rows of DP table...
2022-01-04 21:41:18,774 - root - DEBUG - Processing 1440-th line out of 2500 rows of DP table...
2022-01-04 21:41:19,144 - root - DEBUG - Processing 1450-th line out of 2500 rows of DP table...
2022-01-04 21:41:19,506 - root - DEBUG - Processing 1460-th line out of 2500 rows of DP table...
2022-01-04 21:41:19,867 - root - DEBUG - Processing 1470-th line out of 2500 rows of DP table...
2022-01-04 21:41:20,225 - root - DEBUG - Processing 1480-th line out of 2500 rows of DP table...
2022-01-04 21:41:20,586 - root - DEBUG - Processing 1490-th line out of 2500 rows of DP table...
2022-01-04 21:41:20,935 - root - DEBUG - Processing 1500-th line out of 2500 rows of DP table...
2022-01-04 21:41:21,287 - root - DEBUG - Processing 1510-th line out of 2500 rows of DP table...
2022-01-04 21:41:21,631 - root - DEBUG - Processing 1520-th line out of 2500 rows of DP table...
2022-01-04 21:41:21,970 - root - DEBUG - Processing 1530-th line out of 2500 rows of DP table...
2022-01-04 21:41:22,306 - root - DEBUG - Processing 1540-th line out of 2500 rows of DP table...
2022-01-04 21:41:22,638 - root - DEBUG - Processing 1550-th line out of 2500 rows of DP table...
2022-01-04 21:41:22,965 - root - DEBUG - Processing 1560-th line out of 2500 rows of DP table...
2022-01-04 21:41:23,297 - root - DEBUG - Processing 1570-th line out of 2500 rows of DP table...
2022-01-04 21:41:23,620 - root - DEBUG - Processing 1580-th line out of 2500 rows of DP table...
2022-01-04 21:41:23,939 - root - DEBUG - Processing 1590-th line out of 2500 rows of DP table...
2022-01-04 21:41:24,256 - root - DEBUG - Processing 1600-th line out of 2500 rows of DP table...
2022-01-04 21:41:24,569 - root - DEBUG - Processing 1610-th line out of 2500 rows of DP table...
2022-01-04 21:41:24,878 - root - DEBUG - Processing 1620-th line out of 2500 rows of DP table...
2022-01-04 21:41:25,184 - root - DEBUG - Processing 1630-th line out of 2500 rows of DP table...
2022-01-04 21:41:25,492 - root - DEBUG - Processing 1640-th line out of 2500 rows of DP table...
2022-01-04 21:41:25,794 - root - DEBUG - Processing 1650-th line out of 2500 rows of DP table...
2022-01-04 21:41:26,092 - root - DEBUG - Processing 1660-th line out of 2500 rows of DP table...
2022-01-04 21:41:26,385 - root - DEBUG - Processing 1670-th line out of 2500 rows of DP table...
2022-01-04 21:41:26,676 - root - DEBUG - Processing 1680-th line out of 2500 rows of DP table...
2022-01-04 21:41:26,962 - root - DEBUG - Processing 1690-th line out of 2500 rows of DP table...
2022-01-04 21:41:27,244 - root - DEBUG - Processing 1700-th line out of 2500 rows of DP table...
2022-01-04 21:41:27,527 - root - DEBUG - Processing 1710-th line out of 2500 rows of DP table...
2022-01-04 21:41:27,804 - root - DEBUG - Processing 1720-th line out of 2500 rows of DP table...
2022-01-04 21:41:28,074 - root - DEBUG - Processing 1730-th line out of 2500 rows of DP table...
2022-01-04 21:41:28,343 - root - DEBUG - Processing 1740-th line out of 2500 rows of DP table...
2022-01-04 21:41:28,610 - root - DEBUG - Processing 1750-th line out of 2500 rows of DP table...
2022-01-04 21:41:28,872 - root - DEBUG - Processing 1760-th line out of 2500 rows of DP table...
2022-01-04 21:41:29,131 - root - DEBUG - Processing 1770-th line out of 2500 rows of DP table...
2022-01-04 21:41:29,388 - root - DEBUG - Processing 1780-th line out of 2500 rows of DP table...
2022-01-04 21:41:29,646 - root - DEBUG - Processing 1790-th line out of 2500 rows of DP table...
2022-01-04 21:41:29,895 - root - DEBUG - Processing 1800-th line out of 2500 rows of DP table...
2022-01-04 21:41:30,141 - root - DEBUG - Processing 1810-th line out of 2500 rows of DP table...
2022-01-04 21:41:30,385 - root - DEBUG - Processing 1820-th line out of 2500 rows of DP table...
2022-01-04 21:41:30,624 - root - DEBUG - Processing 1830-th line out of 2500 rows of DP table...
2022-01-04 21:41:30,860 - root - DEBUG - Processing 1840-th line out of 2500 rows of DP table...
2022-01-04 21:41:31,091 - root - DEBUG - Processing 1850-th line out of 2500 rows of DP table...
2022-01-04 21:41:31,320 - root - DEBUG - Processing 1860-th line out of 2500 rows of DP table...
2022-01-04 21:41:31,544 - root - DEBUG - Processing 1870-th line out of 2500 rows of DP table...
2022-01-04 21:41:31,772 - root - DEBUG - Processing 1880-th line out of 2500 rows of DP table...
2022-01-04 21:41:31,990 - root - DEBUG - Processing 1890-th line out of 2500 rows of DP table...
2022-01-04 21:41:32,205 - root - DEBUG - Processing 1900-th line out of 2500 rows of DP table...
2022-01-04 21:41:32,416 - root - DEBUG - Processing 1910-th line out of 2500 rows of DP table...
2022-01-04 21:41:32,624 - root - DEBUG - Processing 1920-th line out of 2500 rows of DP table...
2022-01-04 21:41:32,829 - root - DEBUG - Processing 1930-th line out of 2500 rows of DP table...
2022-01-04 21:41:33,032 - root - DEBUG - Processing 1940-th line out of 2500 rows of DP table...
2022-01-04 21:41:33,230 - root - DEBUG - Processing 1950-th line out of 2500 rows of DP table...
2022-01-04 21:41:33,424 - root - DEBUG - Processing 1960-th line out of 2500 rows of DP table...
2022-01-04 21:41:33,615 - root - DEBUG - Processing 1970-th line out of 2500 rows of DP table...
2022-01-04 21:41:33,803 - root - DEBUG - Processing 1980-th line out of 2500 rows of DP table...
2022-01-04 21:41:33,993 - root - DEBUG - Processing 1990-th line out of 2500 rows of DP table...
2022-01-04 21:41:34,175 - root - DEBUG - Processing 2000-th line out of 2500 rows of DP table...
2022-01-04 21:41:34,353 - root - DEBUG - Processing 2010-th line out of 2500 rows of DP table...
2022-01-04 21:41:34,528 - root - DEBUG - Processing 2020-th line out of 2500 rows of DP table...
2022-01-04 21:41:34,700 - root - DEBUG - Processing 2030-th line out of 2500 rows of DP table...
2022-01-04 21:41:34,868 - root - DEBUG - Processing 2040-th line out of 2500 rows of DP table...
2022-01-04 21:41:35,035 - root - DEBUG - Processing 2050-th line out of 2500 rows of DP table...
2022-01-04 21:41:35,196 - root - DEBUG - Processing 2060-th line out of 2500 rows of DP table...
2022-01-04 21:41:35,355 - root - DEBUG - Processing 2070-th line out of 2500 rows of DP table...
2022-01-04 21:41:35,510 - root - DEBUG - Processing 2080-th line out of 2500 rows of DP table...
2022-01-04 21:41:35,704 - root - DEBUG - Processing 2090-th line out of 2500 rows of DP table...
2022-01-04 21:41:35,853 - root - DEBUG - Processing 2100-th line out of 2500 rows of DP table...
2022-01-04 21:41:35,999 - root - DEBUG - Processing 2110-th line out of 2500 rows of DP table...
2022-01-04 21:41:36,147 - root - DEBUG - Processing 2120-th line out of 2500 rows of DP table...
2022-01-04 21:41:36,285 - root - DEBUG - Processing 2130-th line out of 2500 rows of DP table...
2022-01-04 21:41:36,420 - root - DEBUG - Processing 2140-th line out of 2500 rows of DP table...
2022-01-04 21:41:36,552 - root - DEBUG - Processing 2150-th line out of 2500 rows of DP table...
2022-01-04 21:41:36,680 - root - DEBUG - Processing 2160-th line out of 2500 rows of DP table...
2022-01-04 21:41:36,805 - root - DEBUG - Processing 2170-th line out of 2500 rows of DP table...
2022-01-04 21:41:36,927 - root - DEBUG - Processing 2180-th line out of 2500 rows of DP table...
2022-01-04 21:41:37,045 - root - DEBUG - Processing 2190-th line out of 2500 rows of DP table...
2022-01-04 21:41:37,162 - root - DEBUG - Processing 2200-th line out of 2500 rows of DP table...
2022-01-04 21:41:37,275 - root - DEBUG - Processing 2210-th line out of 2500 rows of DP table...
2022-01-04 21:41:37,383 - root - DEBUG - Processing 2220-th line out of 2500 rows of DP table...
2022-01-04 21:41:37,488 - root - DEBUG - Processing 2230-th line out of 2500 rows of DP table...
2022-01-04 21:41:37,590 - root - DEBUG - Processing 2240-th line out of 2500 rows of DP table...
2022-01-04 21:41:37,689 - root - DEBUG - Processing 2250-th line out of 2500 rows of DP table...
2022-01-04 21:41:37,784 - root - DEBUG - Processing 2260-th line out of 2500 rows of DP table...
2022-01-04 21:41:37,876 - root - DEBUG - Processing 2270-th line out of 2500 rows of DP table...
2022-01-04 21:41:37,963 - root - DEBUG - Processing 2280-th line out of 2500 rows of DP table...
2022-01-04 21:41:38,048 - root - DEBUG - Processing 2290-th line out of 2500 rows of DP table...
2022-01-04 21:41:38,130 - root - DEBUG - Processing 2300-th line out of 2500 rows of DP table...
2022-01-04 21:41:38,208 - root - DEBUG - Processing 2310-th line out of 2500 rows of DP table...
2022-01-04 21:41:38,288 - root - DEBUG - Processing 2320-th line out of 2500 rows of DP table...
2022-01-04 21:41:38,361 - root - DEBUG - Processing 2330-th line out of 2500 rows of DP table...
2022-01-04 21:41:38,429 - root - DEBUG - Processing 2340-th line out of 2500 rows of DP table...
2022-01-04 21:41:38,494 - root - DEBUG - Processing 2350-th line out of 2500 rows of DP table...
2022-01-04 21:41:38,555 - root - DEBUG - Processing 2360-th line out of 2500 rows of DP table...
2022-01-04 21:41:38,613 - root - DEBUG - Processing 2370-th line out of 2500 rows of DP table...
2022-01-04 21:41:38,668 - root - DEBUG - Processing 2380-th line out of 2500 rows of DP table...
2022-01-04 21:41:38,719 - root - DEBUG - Processing 2390-th line out of 2500 rows of DP table...
2022-01-04 21:41:38,767 - root - DEBUG - Processing 2400-th line out of 2500 rows of DP table...
2022-01-04 21:41:38,812 - root - DEBUG - Processing 2410-th line out of 2500 rows of DP table...
2022-01-04 21:41:38,853 - root - DEBUG - Processing 2420-th line out of 2500 rows of DP table...
2022-01-04 21:41:38,892 - root - DEBUG - Processing 2430-th line out of 2500 rows of DP table...
2022-01-04 21:41:38,926 - root - DEBUG - Processing 2440-th line out of 2500 rows of DP table...
2022-01-04 21:41:38,958 - root - DEBUG - Processing 2450-th line out of 2500 rows of DP table...
2022-01-04 21:41:38,986 - root - DEBUG - Processing 2460-th line out of 2500 rows of DP table...
2022-01-04 21:41:39,010 - root - DEBUG - Processing 2470-th line out of 2500 rows of DP table...
2022-01-04 21:41:39,031 - root - DEBUG - Processing 2480-th line out of 2500 rows of DP table...
2022-01-04 21:41:39,049 - root - DEBUG - Processing 2490-th line out of 2500 rows of DP table...
2022-01-04 21:41:39,063 - root - DEBUG - Processing 2500-th line out of 2500 rows of DP table...
2022-01-04 21:41:39,076 - root - DEBUG - Started computing joint logprobs...
