2022-01-05 03:19:53,529 - root - INFO - Loading reference interval set from '211227-2-sim/g27_0.ref.tsv'...
2022-01-05 03:19:53,533 - root - INFO - Loading query interval set from '211227-2-sim/g27_0.query.tsv'...
2022-01-05 03:19:53,568 - root - INFO - Loading chromosome sizes from '211227-2-sim/g27_sizes.tsv'...
2022-01-05 03:19:53,572 - root - INFO - Number of reference intervals: 2500 (2500 before merging)
2022-01-05 03:19:53,574 - root - INFO - Number of query intervals: 500 (500 before merging)
2022-01-05 03:19:53,575 - root - INFO - Number of chromosomes: 1
2022-01-05 03:19:53,583 - root - INFO - Overlap count: 1361
2022-01-05 03:19:53,584 - root - DEBUG - Started computing sf for chromosome 'chr1'...
2022-01-05 03:19:53,585 - root - DEBUG - m=2500, n=500
2022-01-05 03:19:54,381 - root - DEBUG - Processing 10-th line out of 2500 rows of DP table...
2022-01-05 03:19:55,217 - root - DEBUG - Processing 20-th line out of 2500 rows of DP table...
2022-01-05 03:19:56,088 - root - DEBUG - Processing 30-th line out of 2500 rows of DP table...
2022-01-05 03:19:56,919 - root - DEBUG - Processing 40-th line out of 2500 rows of DP table...
2022-01-05 03:19:57,752 - root - DEBUG - Processing 50-th line out of 2500 rows of DP table...
2022-01-05 03:19:58,577 - root - DEBUG - Processing 60-th line out of 2500 rows of DP table...
2022-01-05 03:19:59,396 - root - DEBUG - Processing 70-th line out of 2500 rows of DP table...
2022-01-05 03:20:00,220 - root - DEBUG - Processing 80-th line out of 2500 rows of DP table...
2022-01-05 03:20:01,039 - root - DEBUG - Processing 90-th line out of 2500 rows of DP table...
2022-01-05 03:20:01,853 - root - DEBUG - Processing 100-th line out of 2500 rows of DP table...
2022-01-05 03:20:02,668 - root - DEBUG - Processing 110-th line out of 2500 rows of DP table...
2022-01-05 03:20:03,480 - root - DEBUG - Processing 120-th line out of 2500 rows of DP table...
2022-01-05 03:20:04,287 - root - DEBUG - Processing 130-th line out of 2500 rows of DP table...
2022-01-05 03:20:05,096 - root - DEBUG - Processing 140-th line out of 2500 rows of DP table...
2022-01-05 03:20:05,891 - root - DEBUG - Processing 150-th line out of 2500 rows of DP table...
2022-01-05 03:20:06,685 - root - DEBUG - Processing 160-th line out of 2500 rows of DP table...
2022-01-05 03:20:07,479 - root - DEBUG - Processing 170-th line out of 2500 rows of DP table...
2022-01-05 03:20:08,264 - root - DEBUG - Processing 180-th line out of 2500 rows of DP table...
2022-01-05 03:20:09,045 - root - DEBUG - Processing 190-th line out of 2500 rows of DP table...
2022-01-05 03:20:09,822 - root - DEBUG - Processing 200-th line out of 2500 rows of DP table...
2022-01-05 03:20:10,601 - root - DEBUG - Processing 210-th line out of 2500 rows of DP table...
2022-01-05 03:20:11,373 - root - DEBUG - Processing 220-th line out of 2500 rows of DP table...
2022-01-05 03:20:12,140 - root - DEBUG - Processing 230-th line out of 2500 rows of DP table...
2022-01-05 03:20:12,906 - root - DEBUG - Processing 240-th line out of 2500 rows of DP table...
2022-01-05 03:20:13,675 - root - DEBUG - Processing 250-th line out of 2500 rows of DP table...
2022-01-05 03:20:14,433 - root - DEBUG - Processing 260-th line out of 2500 rows of DP table...
2022-01-05 03:20:15,190 - root - DEBUG - Processing 270-th line out of 2500 rows of DP table...
2022-01-05 03:20:15,943 - root - DEBUG - Processing 280-th line out of 2500 rows of DP table...
2022-01-05 03:20:16,693 - root - DEBUG - Processing 290-th line out of 2500 rows of DP table...
2022-01-05 03:20:17,434 - root - DEBUG - Processing 300-th line out of 2500 rows of DP table...
2022-01-05 03:20:18,177 - root - DEBUG - Processing 310-th line out of 2500 rows of DP table...
2022-01-05 03:20:18,919 - root - DEBUG - Processing 320-th line out of 2500 rows of DP table...
2022-01-05 03:20:19,657 - root - DEBUG - Processing 330-th line out of 2500 rows of DP table...
2022-01-05 03:20:20,385 - root - DEBUG - Processing 340-th line out of 2500 rows of DP table...
2022-01-05 03:20:21,164 - root - DEBUG - Processing 350-th line out of 2500 rows of DP table...
2022-01-05 03:20:21,897 - root - DEBUG - Processing 360-th line out of 2500 rows of DP table...
2022-01-05 03:20:22,653 - root - DEBUG - Processing 370-th line out of 2500 rows of DP table...
2022-01-05 03:20:23,379 - root - DEBUG - Processing 380-th line out of 2500 rows of DP table...
2022-01-05 03:20:24,095 - root - DEBUG - Processing 390-th line out of 2500 rows of DP table...
2022-01-05 03:20:24,806 - root - DEBUG - Processing 400-th line out of 2500 rows of DP table...
2022-01-05 03:20:25,514 - root - DEBUG - Processing 410-th line out of 2500 rows of DP table...
2022-01-05 03:20:26,259 - root - DEBUG - Processing 420-th line out of 2500 rows of DP table...
2022-01-05 03:20:26,978 - root - DEBUG - Processing 430-th line out of 2500 rows of DP table...
2022-01-05 03:20:27,734 - root - DEBUG - Processing 440-th line out of 2500 rows of DP table...
2022-01-05 03:20:28,432 - root - DEBUG - Processing 450-th line out of 2500 rows of DP table...
2022-01-05 03:20:29,127 - root - DEBUG - Processing 460-th line out of 2500 rows of DP table...
2022-01-05 03:20:29,820 - root - DEBUG - Processing 470-th line out of 2500 rows of DP table...
2022-01-05 03:20:30,504 - root - DEBUG - Processing 480-th line out of 2500 rows of DP table...
2022-01-05 03:20:31,224 - root - DEBUG - Processing 490-th line out of 2500 rows of DP table...
2022-01-05 03:20:31,910 - root - DEBUG - Processing 500-th line out of 2500 rows of DP table...
2022-01-05 03:20:32,588 - root - DEBUG - Processing 510-th line out of 2500 rows of DP table...
2022-01-05 03:20:33,260 - root - DEBUG - Processing 520-th line out of 2500 rows of DP table...
2022-01-05 03:20:33,939 - root - DEBUG - Processing 530-th line out of 2500 rows of DP table...
2022-01-05 03:20:34,609 - root - DEBUG - Processing 540-th line out of 2500 rows of DP table...
2022-01-05 03:20:35,266 - root - DEBUG - Processing 550-th line out of 2500 rows of DP table...
2022-01-05 03:20:35,942 - root - DEBUG - Processing 560-th line out of 2500 rows of DP table...
2022-01-05 03:20:36,619 - root - DEBUG - Processing 570-th line out of 2500 rows of DP table...
2022-01-05 03:20:37,309 - root - DEBUG - Processing 580-th line out of 2500 rows of DP table...
2022-01-05 03:20:37,960 - root - DEBUG - Processing 590-th line out of 2500 rows of DP table...
2022-01-05 03:20:38,624 - root - DEBUG - Processing 600-th line out of 2500 rows of DP table...
2022-01-05 03:20:39,267 - root - DEBUG - Processing 610-th line out of 2500 rows of DP table...
2022-01-05 03:20:39,906 - root - DEBUG - Processing 620-th line out of 2500 rows of DP table...
2022-01-05 03:20:40,545 - root - DEBUG - Processing 630-th line out of 2500 rows of DP table...
2022-01-05 03:20:41,194 - root - DEBUG - Processing 640-th line out of 2500 rows of DP table...
2022-01-05 03:20:41,859 - root - DEBUG - Processing 650-th line out of 2500 rows of DP table...
2022-01-05 03:20:42,497 - root - DEBUG - Processing 660-th line out of 2500 rows of DP table...
2022-01-05 03:20:43,139 - root - DEBUG - Processing 670-th line out of 2500 rows of DP table...
2022-01-05 03:20:43,759 - root - DEBUG - Processing 680-th line out of 2500 rows of DP table...
2022-01-05 03:20:44,372 - root - DEBUG - Processing 690-th line out of 2500 rows of DP table...
2022-01-05 03:20:44,992 - root - DEBUG - Processing 700-th line out of 2500 rows of DP table...
2022-01-05 03:20:45,598 - root - DEBUG - Processing 710-th line out of 2500 rows of DP table...
2022-01-05 03:20:46,207 - root - DEBUG - Processing 720-th line out of 2500 rows of DP table...
2022-01-05 03:20:46,863 - root - DEBUG - Processing 730-th line out of 2500 rows of DP table...
2022-01-05 03:20:47,465 - root - DEBUG - Processing 740-th line out of 2500 rows of DP table...
2022-01-05 03:20:48,063 - root - DEBUG - Processing 750-th line out of 2500 rows of DP table...
2022-01-05 03:20:48,657 - root - DEBUG - Processing 760-th line out of 2500 rows of DP table...
2022-01-05 03:20:49,250 - root - DEBUG - Processing 770-th line out of 2500 rows of DP table...
2022-01-05 03:20:49,835 - root - DEBUG - Processing 780-th line out of 2500 rows of DP table...
2022-01-05 03:20:50,414 - root - DEBUG - Processing 790-th line out of 2500 rows of DP table...
2022-01-05 03:20:51,012 - root - DEBUG - Processing 800-th line out of 2500 rows of DP table...
2022-01-05 03:20:51,593 - root - DEBUG - Processing 810-th line out of 2500 rows of DP table...
2022-01-05 03:20:52,176 - root - DEBUG - Processing 820-th line out of 2500 rows of DP table...
2022-01-05 03:20:52,746 - root - DEBUG - Processing 830-th line out of 2500 rows of DP table...
2022-01-05 03:20:53,311 - root - DEBUG - Processing 840-th line out of 2500 rows of DP table...
2022-01-05 03:20:53,876 - root - DEBUG - Processing 850-th line out of 2500 rows of DP table...
2022-01-05 03:20:54,435 - root - DEBUG - Processing 860-th line out of 2500 rows of DP table...
2022-01-05 03:20:54,988 - root - DEBUG - Processing 870-th line out of 2500 rows of DP table...
2022-01-05 03:20:55,544 - root - DEBUG - Processing 880-th line out of 2500 rows of DP table...
2022-01-05 03:20:56,091 - root - DEBUG - Processing 890-th line out of 2500 rows of DP table...
2022-01-05 03:20:56,637 - root - DEBUG - Processing 900-th line out of 2500 rows of DP table...
2022-01-05 03:20:57,182 - root - DEBUG - Processing 910-th line out of 2500 rows of DP table...
2022-01-05 03:20:57,736 - root - DEBUG - Processing 920-th line out of 2500 rows of DP table...
2022-01-05 03:20:58,271 - root - DEBUG - Processing 930-th line out of 2500 rows of DP table...
2022-01-05 03:20:58,805 - root - DEBUG - Processing 940-th line out of 2500 rows of DP table...
2022-01-05 03:20:59,335 - root - DEBUG - Processing 950-th line out of 2500 rows of DP table...
2022-01-05 03:20:59,867 - root - DEBUG - Processing 960-th line out of 2500 rows of DP table...
2022-01-05 03:21:00,390 - root - DEBUG - Processing 970-th line out of 2500 rows of DP table...
2022-01-05 03:21:00,909 - root - DEBUG - Processing 980-th line out of 2500 rows of DP table...
2022-01-05 03:21:01,426 - root - DEBUG - Processing 990-th line out of 2500 rows of DP table...
2022-01-05 03:21:01,945 - root - DEBUG - Processing 1000-th line out of 2500 rows of DP table...
2022-01-05 03:21:02,454 - root - DEBUG - Processing 1010-th line out of 2500 rows of DP table...
2022-01-05 03:21:02,960 - root - DEBUG - Processing 1020-th line out of 2500 rows of DP table...
2022-01-05 03:21:03,501 - root - DEBUG - Processing 1030-th line out of 2500 rows of DP table...
2022-01-05 03:21:04,007 - root - DEBUG - Processing 1040-th line out of 2500 rows of DP table...
2022-01-05 03:21:04,503 - root - DEBUG - Processing 1050-th line out of 2500 rows of DP table...
2022-01-05 03:21:04,994 - root - DEBUG - Processing 1060-th line out of 2500 rows of DP table...
2022-01-05 03:21:05,482 - root - DEBUG - Processing 1070-th line out of 2500 rows of DP table...
2022-01-05 03:21:05,966 - root - DEBUG - Processing 1080-th line out of 2500 rows of DP table...
2022-01-05 03:21:06,452 - root - DEBUG - Processing 1090-th line out of 2500 rows of DP table...
2022-01-05 03:21:06,952 - root - DEBUG - Processing 1100-th line out of 2500 rows of DP table...
2022-01-05 03:21:07,452 - root - DEBUG - Processing 1110-th line out of 2500 rows of DP table...
2022-01-05 03:21:07,945 - root - DEBUG - Processing 1120-th line out of 2500 rows of DP table...
2022-01-05 03:21:08,422 - root - DEBUG - Processing 1130-th line out of 2500 rows of DP table...
2022-01-05 03:21:08,888 - root - DEBUG - Processing 1140-th line out of 2500 rows of DP table...
2022-01-05 03:21:09,349 - root - DEBUG - Processing 1150-th line out of 2500 rows of DP table...
2022-01-05 03:21:09,806 - root - DEBUG - Processing 1160-th line out of 2500 rows of DP table...
2022-01-05 03:21:10,309 - root - DEBUG - Processing 1170-th line out of 2500 rows of DP table...
2022-01-05 03:21:10,759 - root - DEBUG - Processing 1180-th line out of 2500 rows of DP table...
2022-01-05 03:21:11,209 - root - DEBUG - Processing 1190-th line out of 2500 rows of DP table...
2022-01-05 03:21:11,661 - root - DEBUG - Processing 1200-th line out of 2500 rows of DP table...
2022-01-05 03:21:12,130 - root - DEBUG - Processing 1210-th line out of 2500 rows of DP table...
2022-01-05 03:21:12,590 - root - DEBUG - Processing 1220-th line out of 2500 rows of DP table...
2022-01-05 03:21:13,027 - root - DEBUG - Processing 1230-th line out of 2500 rows of DP table...
2022-01-05 03:21:13,459 - root - DEBUG - Processing 1240-th line out of 2500 rows of DP table...
2022-01-05 03:21:13,891 - root - DEBUG - Processing 1250-th line out of 2500 rows of DP table...
2022-01-05 03:21:14,318 - root - DEBUG - Processing 1260-th line out of 2500 rows of DP table...
2022-01-05 03:21:14,761 - root - DEBUG - Processing 1270-th line out of 2500 rows of DP table...
2022-01-05 03:21:15,182 - root - DEBUG - Processing 1280-th line out of 2500 rows of DP table...
2022-01-05 03:21:15,647 - root - DEBUG - Processing 1290-th line out of 2500 rows of DP table...
2022-01-05 03:21:16,058 - root - DEBUG - Processing 1300-th line out of 2500 rows of DP table...
2022-01-05 03:21:16,484 - root - DEBUG - Processing 1310-th line out of 2500 rows of DP table...
2022-01-05 03:21:16,904 - root - DEBUG - Processing 1320-th line out of 2500 rows of DP table...
2022-01-05 03:21:17,307 - root - DEBUG - Processing 1330-th line out of 2500 rows of DP table...
2022-01-05 03:21:17,709 - root - DEBUG - Processing 1340-th line out of 2500 rows of DP table...
2022-01-05 03:21:18,106 - root - DEBUG - Processing 1350-th line out of 2500 rows of DP table...
2022-01-05 03:21:18,501 - root - DEBUG - Processing 1360-th line out of 2500 rows of DP table...
2022-01-05 03:21:18,908 - root - DEBUG - Processing 1370-th line out of 2500 rows of DP table...
2022-01-05 03:21:19,295 - root - DEBUG - Processing 1380-th line out of 2500 rows of DP table...
2022-01-05 03:21:19,680 - root - DEBUG - Processing 1390-th line out of 2500 rows of DP table...
2022-01-05 03:21:20,059 - root - DEBUG - Processing 1400-th line out of 2500 rows of DP table...
2022-01-05 03:21:20,462 - root - DEBUG - Processing 1410-th line out of 2500 rows of DP table...
2022-01-05 03:21:20,864 - root - DEBUG - Processing 1420-th line out of 2500 rows of DP table...
2022-01-05 03:21:21,232 - root - DEBUG - Processing 1430-th line out of 2500 rows of DP table...
2022-01-05 03:21:21,599 - root - DEBUG - Processing 1440-th line out of 2500 rows of DP table...
2022-01-05 03:21:21,964 - root - DEBUG - Processing 1450-th line out of 2500 rows of DP table...
2022-01-05 03:21:22,324 - root - DEBUG - Processing 1460-th line out of 2500 rows of DP table...
2022-01-05 03:21:22,682 - root - DEBUG - Processing 1470-th line out of 2500 rows of DP table...
2022-01-05 03:21:23,040 - root - DEBUG - Processing 1480-th line out of 2500 rows of DP table...
2022-01-05 03:21:23,389 - root - DEBUG - Processing 1490-th line out of 2500 rows of DP table...
2022-01-05 03:21:23,736 - root - DEBUG - Processing 1500-th line out of 2500 rows of DP table...
2022-01-05 03:21:24,079 - root - DEBUG - Processing 1510-th line out of 2500 rows of DP table...
2022-01-05 03:21:24,461 - root - DEBUG - Processing 1520-th line out of 2500 rows of DP table...
2022-01-05 03:21:24,797 - root - DEBUG - Processing 1530-th line out of 2500 rows of DP table...
2022-01-05 03:21:25,138 - root - DEBUG - Processing 1540-th line out of 2500 rows of DP table...
2022-01-05 03:21:25,467 - root - DEBUG - Processing 1550-th line out of 2500 rows of DP table...
2022-01-05 03:21:25,793 - root - DEBUG - Processing 1560-th line out of 2500 rows of DP table...
2022-01-05 03:21:26,114 - root - DEBUG - Processing 1570-th line out of 2500 rows of DP table...
2022-01-05 03:21:26,448 - root - DEBUG - Processing 1580-th line out of 2500 rows of DP table...
2022-01-05 03:21:26,765 - root - DEBUG - Processing 1590-th line out of 2500 rows of DP table...
2022-01-05 03:21:27,082 - root - DEBUG - Processing 1600-th line out of 2500 rows of DP table...
2022-01-05 03:21:27,392 - root - DEBUG - Processing 1610-th line out of 2500 rows of DP table...
2022-01-05 03:21:27,699 - root - DEBUG - Processing 1620-th line out of 2500 rows of DP table...
2022-01-05 03:21:28,015 - root - DEBUG - Processing 1630-th line out of 2500 rows of DP table...
2022-01-05 03:21:28,314 - root - DEBUG - Processing 1640-th line out of 2500 rows of DP table...
2022-01-05 03:21:28,675 - root - DEBUG - Processing 1650-th line out of 2500 rows of DP table...
2022-01-05 03:21:28,969 - root - DEBUG - Processing 1660-th line out of 2500 rows of DP table...
2022-01-05 03:21:29,280 - root - DEBUG - Processing 1670-th line out of 2500 rows of DP table...
2022-01-05 03:21:29,568 - root - DEBUG - Processing 1680-th line out of 2500 rows of DP table...
2022-01-05 03:21:29,851 - root - DEBUG - Processing 1690-th line out of 2500 rows of DP table...
2022-01-05 03:21:30,131 - root - DEBUG - Processing 1700-th line out of 2500 rows of DP table...
2022-01-05 03:21:30,409 - root - DEBUG - Processing 1710-th line out of 2500 rows of DP table...
2022-01-05 03:21:30,683 - root - DEBUG - Processing 1720-th line out of 2500 rows of DP table...
2022-01-05 03:21:30,958 - root - DEBUG - Processing 1730-th line out of 2500 rows of DP table...
2022-01-05 03:21:31,227 - root - DEBUG - Processing 1740-th line out of 2500 rows of DP table...
2022-01-05 03:21:31,494 - root - DEBUG - Processing 1750-th line out of 2500 rows of DP table...
2022-01-05 03:21:31,753 - root - DEBUG - Processing 1760-th line out of 2500 rows of DP table...
2022-01-05 03:21:32,010 - root - DEBUG - Processing 1770-th line out of 2500 rows of DP table...
2022-01-05 03:21:32,264 - root - DEBUG - Processing 1780-th line out of 2500 rows of DP table...
2022-01-05 03:21:32,515 - root - DEBUG - Processing 1790-th line out of 2500 rows of DP table...
2022-01-05 03:21:32,763 - root - DEBUG - Processing 1800-th line out of 2500 rows of DP table...
2022-01-05 03:21:33,006 - root - DEBUG - Processing 1810-th line out of 2500 rows of DP table...
2022-01-05 03:21:33,251 - root - DEBUG - Processing 1820-th line out of 2500 rows of DP table...
2022-01-05 03:21:33,498 - root - DEBUG - Processing 1830-th line out of 2500 rows of DP table...
2022-01-05 03:21:33,732 - root - DEBUG - Processing 1840-th line out of 2500 rows of DP table...
2022-01-05 03:21:33,964 - root - DEBUG - Processing 1850-th line out of 2500 rows of DP table...
2022-01-05 03:21:34,190 - root - DEBUG - Processing 1860-th line out of 2500 rows of DP table...
2022-01-05 03:21:34,439 - root - DEBUG - Processing 1870-th line out of 2500 rows of DP table...
2022-01-05 03:21:34,681 - root - DEBUG - Processing 1880-th line out of 2500 rows of DP table...
2022-01-05 03:21:34,919 - root - DEBUG - Processing 1890-th line out of 2500 rows of DP table...
2022-01-05 03:21:35,134 - root - DEBUG - Processing 1900-th line out of 2500 rows of DP table...
2022-01-05 03:21:35,345 - root - DEBUG - Processing 1910-th line out of 2500 rows of DP table...
2022-01-05 03:21:35,561 - root - DEBUG - Processing 1920-th line out of 2500 rows of DP table...
2022-01-05 03:21:35,765 - root - DEBUG - Processing 1930-th line out of 2500 rows of DP table...
2022-01-05 03:21:35,965 - root - DEBUG - Processing 1940-th line out of 2500 rows of DP table...
2022-01-05 03:21:36,161 - root - DEBUG - Processing 1950-th line out of 2500 rows of DP table...
2022-01-05 03:21:36,357 - root - DEBUG - Processing 1960-th line out of 2500 rows of DP table...
2022-01-05 03:21:36,562 - root - DEBUG - Processing 1970-th line out of 2500 rows of DP table...
2022-01-05 03:21:36,750 - root - DEBUG - Processing 1980-th line out of 2500 rows of DP table...
2022-01-05 03:21:36,934 - root - DEBUG - Processing 1990-th line out of 2500 rows of DP table...
2022-01-05 03:21:37,115 - root - DEBUG - Processing 2000-th line out of 2500 rows of DP table...
2022-01-05 03:21:37,292 - root - DEBUG - Processing 2010-th line out of 2500 rows of DP table...
2022-01-05 03:21:37,470 - root - DEBUG - Processing 2020-th line out of 2500 rows of DP table...
2022-01-05 03:21:37,650 - root - DEBUG - Processing 2030-th line out of 2500 rows of DP table...
2022-01-05 03:21:37,819 - root - DEBUG - Processing 2040-th line out of 2500 rows of DP table...
2022-01-05 03:21:37,983 - root - DEBUG - Processing 2050-th line out of 2500 rows of DP table...
2022-01-05 03:21:38,175 - root - DEBUG - Processing 2060-th line out of 2500 rows of DP table...
2022-01-05 03:21:38,346 - root - DEBUG - Processing 2070-th line out of 2500 rows of DP table...
2022-01-05 03:21:38,500 - root - DEBUG - Processing 2080-th line out of 2500 rows of DP table...
2022-01-05 03:21:38,650 - root - DEBUG - Processing 2090-th line out of 2500 rows of DP table...
2022-01-05 03:21:38,798 - root - DEBUG - Processing 2100-th line out of 2500 rows of DP table...
2022-01-05 03:21:38,943 - root - DEBUG - Processing 2110-th line out of 2500 rows of DP table...
2022-01-05 03:21:39,084 - root - DEBUG - Processing 2120-th line out of 2500 rows of DP table...
2022-01-05 03:21:39,223 - root - DEBUG - Processing 2130-th line out of 2500 rows of DP table...
2022-01-05 03:21:39,357 - root - DEBUG - Processing 2140-th line out of 2500 rows of DP table...
2022-01-05 03:21:39,489 - root - DEBUG - Processing 2150-th line out of 2500 rows of DP table...
2022-01-05 03:21:39,621 - root - DEBUG - Processing 2160-th line out of 2500 rows of DP table...
2022-01-05 03:21:39,748 - root - DEBUG - Processing 2170-th line out of 2500 rows of DP table...
2022-01-05 03:21:39,870 - root - DEBUG - Processing 2180-th line out of 2500 rows of DP table...
2022-01-05 03:21:39,988 - root - DEBUG - Processing 2190-th line out of 2500 rows of DP table...
2022-01-05 03:21:40,102 - root - DEBUG - Processing 2200-th line out of 2500 rows of DP table...
2022-01-05 03:21:40,213 - root - DEBUG - Processing 2210-th line out of 2500 rows of DP table...
2022-01-05 03:21:40,321 - root - DEBUG - Processing 2220-th line out of 2500 rows of DP table...
2022-01-05 03:21:40,442 - root - DEBUG - Processing 2230-th line out of 2500 rows of DP table...
2022-01-05 03:21:40,543 - root - DEBUG - Processing 2240-th line out of 2500 rows of DP table...
2022-01-05 03:21:40,667 - root - DEBUG - Processing 2250-th line out of 2500 rows of DP table...
2022-01-05 03:21:40,762 - root - DEBUG - Processing 2260-th line out of 2500 rows of DP table...
2022-01-05 03:21:40,854 - root - DEBUG - Processing 2270-th line out of 2500 rows of DP table...
2022-01-05 03:21:40,942 - root - DEBUG - Processing 2280-th line out of 2500 rows of DP table...
2022-01-05 03:21:41,026 - root - DEBUG - Processing 2290-th line out of 2500 rows of DP table...
2022-01-05 03:21:41,106 - root - DEBUG - Processing 2300-th line out of 2500 rows of DP table...
2022-01-05 03:21:41,184 - root - DEBUG - Processing 2310-th line out of 2500 rows of DP table...
2022-01-05 03:21:41,258 - root - DEBUG - Processing 2320-th line out of 2500 rows of DP table...
2022-01-05 03:21:41,329 - root - DEBUG - Processing 2330-th line out of 2500 rows of DP table...
2022-01-05 03:21:41,396 - root - DEBUG - Processing 2340-th line out of 2500 rows of DP table...
2022-01-05 03:21:41,460 - root - DEBUG - Processing 2350-th line out of 2500 rows of DP table...
2022-01-05 03:21:41,521 - root - DEBUG - Processing 2360-th line out of 2500 rows of DP table...
2022-01-05 03:21:41,579 - root - DEBUG - Processing 2370-th line out of 2500 rows of DP table...
2022-01-05 03:21:41,633 - root - DEBUG - Processing 2380-th line out of 2500 rows of DP table...
2022-01-05 03:21:41,683 - root - DEBUG - Processing 2390-th line out of 2500 rows of DP table...
2022-01-05 03:21:41,737 - root - DEBUG - Processing 2400-th line out of 2500 rows of DP table...
2022-01-05 03:21:41,782 - root - DEBUG - Processing 2410-th line out of 2500 rows of DP table...
2022-01-05 03:21:41,823 - root - DEBUG - Processing 2420-th line out of 2500 rows of DP table...
2022-01-05 03:21:41,861 - root - DEBUG - Processing 2430-th line out of 2500 rows of DP table...
2022-01-05 03:21:41,896 - root - DEBUG - Processing 2440-th line out of 2500 rows of DP table...
2022-01-05 03:21:41,968 - root - DEBUG - Processing 2450-th line out of 2500 rows of DP table...
2022-01-05 03:21:41,996 - root - DEBUG - Processing 2460-th line out of 2500 rows of DP table...
2022-01-05 03:21:42,020 - root - DEBUG - Processing 2470-th line out of 2500 rows of DP table...
2022-01-05 03:21:42,041 - root - DEBUG - Processing 2480-th line out of 2500 rows of DP table...
2022-01-05 03:21:42,079 - root - DEBUG - Processing 2490-th line out of 2500 rows of DP table...
2022-01-05 03:21:42,093 - root - DEBUG - Processing 2500-th line out of 2500 rows of DP table...
2022-01-05 03:21:42,107 - root - DEBUG - Started computing joint logprobs...
