2022-01-04 21:31:52,199 - root - INFO - Loading reference interval set from '211227-2-sim/g27_6.ref.tsv'...
2022-01-04 21:31:52,203 - root - INFO - Loading query interval set from '211227-2-sim/g27_6.query.tsv'...
2022-01-04 21:31:52,206 - root - INFO - Loading chromosome sizes from '211227-2-sim/g27_sizes.tsv'...
2022-01-04 21:31:52,209 - root - INFO - Number of reference intervals: 2500 (2500 before merging)
2022-01-04 21:31:52,210 - root - INFO - Number of query intervals: 500 (500 before merging)
2022-01-04 21:31:52,211 - root - INFO - Number of chromosomes: 1
2022-01-04 21:31:52,216 - root - INFO - Overlap count: 1362
2022-01-04 21:31:52,217 - root - DEBUG - Started computing sf for chromosome 'chr1'...
2022-01-04 21:31:52,219 - root - DEBUG - m=2500, n=500
2022-01-04 21:31:53,018 - root - DEBUG - Processing 10-th line out of 2500 rows of DP table...
2022-01-04 21:31:53,860 - root - DEBUG - Processing 20-th line out of 2500 rows of DP table...
2022-01-04 21:31:54,702 - root - DEBUG - Processing 30-th line out of 2500 rows of DP table...
2022-01-04 21:31:55,539 - root - DEBUG - Processing 40-th line out of 2500 rows of DP table...
2022-01-04 21:31:56,380 - root - DEBUG - Processing 50-th line out of 2500 rows of DP table...
2022-01-04 21:31:57,208 - root - DEBUG - Processing 60-th line out of 2500 rows of DP table...
2022-01-04 21:31:58,038 - root - DEBUG - Processing 70-th line out of 2500 rows of DP table...
2022-01-04 21:31:58,863 - root - DEBUG - Processing 80-th line out of 2500 rows of DP table...
2022-01-04 21:31:59,681 - root - DEBUG - Processing 90-th line out of 2500 rows of DP table...
2022-01-04 21:32:00,500 - root - DEBUG - Processing 100-th line out of 2500 rows of DP table...
2022-01-04 21:32:01,314 - root - DEBUG - Processing 110-th line out of 2500 rows of DP table...
2022-01-04 21:32:02,126 - root - DEBUG - Processing 120-th line out of 2500 rows of DP table...
2022-01-04 21:32:02,931 - root - DEBUG - Processing 130-th line out of 2500 rows of DP table...
2022-01-04 21:32:03,738 - root - DEBUG - Processing 140-th line out of 2500 rows of DP table...
2022-01-04 21:32:04,537 - root - DEBUG - Processing 150-th line out of 2500 rows of DP table...
2022-01-04 21:32:05,333 - root - DEBUG - Processing 160-th line out of 2500 rows of DP table...
2022-01-04 21:32:06,129 - root - DEBUG - Processing 170-th line out of 2500 rows of DP table...
2022-01-04 21:32:06,921 - root - DEBUG - Processing 180-th line out of 2500 rows of DP table...
2022-01-04 21:32:07,709 - root - DEBUG - Processing 190-th line out of 2500 rows of DP table...
2022-01-04 21:32:08,496 - root - DEBUG - Processing 200-th line out of 2500 rows of DP table...
2022-01-04 21:32:09,277 - root - DEBUG - Processing 210-th line out of 2500 rows of DP table...
2022-01-04 21:32:10,054 - root - DEBUG - Processing 220-th line out of 2500 rows of DP table...
2022-01-04 21:32:10,825 - root - DEBUG - Processing 230-th line out of 2500 rows of DP table...
2022-01-04 21:32:11,600 - root - DEBUG - Processing 240-th line out of 2500 rows of DP table...
2022-01-04 21:32:12,370 - root - DEBUG - Processing 250-th line out of 2500 rows of DP table...
2022-01-04 21:32:13,131 - root - DEBUG - Processing 260-th line out of 2500 rows of DP table...
2022-01-04 21:32:13,888 - root - DEBUG - Processing 270-th line out of 2500 rows of DP table...
2022-01-04 21:32:14,644 - root - DEBUG - Processing 280-th line out of 2500 rows of DP table...
2022-01-04 21:32:15,390 - root - DEBUG - Processing 290-th line out of 2500 rows of DP table...
2022-01-04 21:32:16,138 - root - DEBUG - Processing 300-th line out of 2500 rows of DP table...
2022-01-04 21:32:16,889 - root - DEBUG - Processing 310-th line out of 2500 rows of DP table...
2022-01-04 21:32:17,633 - root - DEBUG - Processing 320-th line out of 2500 rows of DP table...
2022-01-04 21:32:18,428 - root - DEBUG - Processing 330-th line out of 2500 rows of DP table...
2022-01-04 21:32:19,164 - root - DEBUG - Processing 340-th line out of 2500 rows of DP table...
2022-01-04 21:32:19,893 - root - DEBUG - Processing 350-th line out of 2500 rows of DP table...
2022-01-04 21:32:20,626 - root - DEBUG - Processing 360-th line out of 2500 rows of DP table...
2022-01-04 21:32:21,350 - root - DEBUG - Processing 370-th line out of 2500 rows of DP table...
2022-01-04 21:32:22,075 - root - DEBUG - Processing 380-th line out of 2500 rows of DP table...
2022-01-04 21:32:22,793 - root - DEBUG - Processing 390-th line out of 2500 rows of DP table...
2022-01-04 21:32:23,509 - root - DEBUG - Processing 400-th line out of 2500 rows of DP table...
2022-01-04 21:32:24,222 - root - DEBUG - Processing 410-th line out of 2500 rows of DP table...
2022-01-04 21:32:24,933 - root - DEBUG - Processing 420-th line out of 2500 rows of DP table...
2022-01-04 21:32:25,637 - root - DEBUG - Processing 430-th line out of 2500 rows of DP table...
2022-01-04 21:32:26,343 - root - DEBUG - Processing 440-th line out of 2500 rows of DP table...
2022-01-04 21:32:27,040 - root - DEBUG - Processing 450-th line out of 2500 rows of DP table...
2022-01-04 21:32:27,743 - root - DEBUG - Processing 460-th line out of 2500 rows of DP table...
2022-01-04 21:32:28,438 - root - DEBUG - Processing 470-th line out of 2500 rows of DP table...
2022-01-04 21:32:29,125 - root - DEBUG - Processing 480-th line out of 2500 rows of DP table...
2022-01-04 21:32:29,815 - root - DEBUG - Processing 490-th line out of 2500 rows of DP table...
2022-01-04 21:32:30,499 - root - DEBUG - Processing 500-th line out of 2500 rows of DP table...
2022-01-04 21:32:31,177 - root - DEBUG - Processing 510-th line out of 2500 rows of DP table...
2022-01-04 21:32:31,856 - root - DEBUG - Processing 520-th line out of 2500 rows of DP table...
2022-01-04 21:32:32,525 - root - DEBUG - Processing 530-th line out of 2500 rows of DP table...
2022-01-04 21:32:33,197 - root - DEBUG - Processing 540-th line out of 2500 rows of DP table...
2022-01-04 21:32:33,862 - root - DEBUG - Processing 550-th line out of 2500 rows of DP table...
2022-01-04 21:32:34,527 - root - DEBUG - Processing 560-th line out of 2500 rows of DP table...
2022-01-04 21:32:35,188 - root - DEBUG - Processing 570-th line out of 2500 rows of DP table...
2022-01-04 21:32:35,844 - root - DEBUG - Processing 580-th line out of 2500 rows of DP table...
2022-01-04 21:32:36,496 - root - DEBUG - Processing 590-th line out of 2500 rows of DP table...
2022-01-04 21:32:37,142 - root - DEBUG - Processing 600-th line out of 2500 rows of DP table...
2022-01-04 21:32:37,789 - root - DEBUG - Processing 610-th line out of 2500 rows of DP table...
2022-01-04 21:32:38,441 - root - DEBUG - Processing 620-th line out of 2500 rows of DP table...
2022-01-04 21:32:39,077 - root - DEBUG - Processing 630-th line out of 2500 rows of DP table...
2022-01-04 21:32:39,713 - root - DEBUG - Processing 640-th line out of 2500 rows of DP table...
2022-01-04 21:32:40,421 - root - DEBUG - Processing 650-th line out of 2500 rows of DP table...
2022-01-04 21:32:41,052 - root - DEBUG - Processing 660-th line out of 2500 rows of DP table...
2022-01-04 21:32:41,749 - root - DEBUG - Processing 670-th line out of 2500 rows of DP table...
2022-01-04 21:32:42,452 - root - DEBUG - Processing 680-th line out of 2500 rows of DP table...
2022-01-04 21:32:43,072 - root - DEBUG - Processing 690-th line out of 2500 rows of DP table...
2022-01-04 21:32:43,683 - root - DEBUG - Processing 700-th line out of 2500 rows of DP table...
2022-01-04 21:32:44,298 - root - DEBUG - Processing 710-th line out of 2500 rows of DP table...
2022-01-04 21:32:44,904 - root - DEBUG - Processing 720-th line out of 2500 rows of DP table...
2022-01-04 21:32:45,513 - root - DEBUG - Processing 730-th line out of 2500 rows of DP table...
2022-01-04 21:32:46,113 - root - DEBUG - Processing 740-th line out of 2500 rows of DP table...
2022-01-04 21:32:46,712 - root - DEBUG - Processing 750-th line out of 2500 rows of DP table...
2022-01-04 21:32:47,305 - root - DEBUG - Processing 760-th line out of 2500 rows of DP table...
2022-01-04 21:32:47,900 - root - DEBUG - Processing 770-th line out of 2500 rows of DP table...
2022-01-04 21:32:48,487 - root - DEBUG - Processing 780-th line out of 2500 rows of DP table...
2022-01-04 21:32:49,076 - root - DEBUG - Processing 790-th line out of 2500 rows of DP table...
2022-01-04 21:32:49,658 - root - DEBUG - Processing 800-th line out of 2500 rows of DP table...
2022-01-04 21:32:50,238 - root - DEBUG - Processing 810-th line out of 2500 rows of DP table...
2022-01-04 21:32:50,810 - root - DEBUG - Processing 820-th line out of 2500 rows of DP table...
2022-01-04 21:32:51,387 - root - DEBUG - Processing 830-th line out of 2500 rows of DP table...
2022-01-04 21:32:51,954 - root - DEBUG - Processing 840-th line out of 2500 rows of DP table...
2022-01-04 21:32:52,523 - root - DEBUG - Processing 850-th line out of 2500 rows of DP table...
2022-01-04 21:32:53,082 - root - DEBUG - Processing 860-th line out of 2500 rows of DP table...
2022-01-04 21:32:53,644 - root - DEBUG - Processing 870-th line out of 2500 rows of DP table...
2022-01-04 21:32:54,200 - root - DEBUG - Processing 880-th line out of 2500 rows of DP table...
2022-01-04 21:32:54,755 - root - DEBUG - Processing 890-th line out of 2500 rows of DP table...
2022-01-04 21:32:55,304 - root - DEBUG - Processing 900-th line out of 2500 rows of DP table...
2022-01-04 21:32:55,854 - root - DEBUG - Processing 910-th line out of 2500 rows of DP table...
2022-01-04 21:32:56,395 - root - DEBUG - Processing 920-th line out of 2500 rows of DP table...
2022-01-04 21:32:56,936 - root - DEBUG - Processing 930-th line out of 2500 rows of DP table...
2022-01-04 21:32:57,469 - root - DEBUG - Processing 940-th line out of 2500 rows of DP table...
2022-01-04 21:32:58,007 - root - DEBUG - Processing 950-th line out of 2500 rows of DP table...
2022-01-04 21:32:58,534 - root - DEBUG - Processing 960-th line out of 2500 rows of DP table...
2022-01-04 21:32:59,064 - root - DEBUG - Processing 970-th line out of 2500 rows of DP table...
2022-01-04 21:32:59,664 - root - DEBUG - Processing 980-th line out of 2500 rows of DP table...
2022-01-04 21:33:00,184 - root - DEBUG - Processing 990-th line out of 2500 rows of DP table...
2022-01-04 21:33:00,698 - root - DEBUG - Processing 1000-th line out of 2500 rows of DP table...
2022-01-04 21:33:01,210 - root - DEBUG - Processing 1010-th line out of 2500 rows of DP table...
2022-01-04 21:33:01,720 - root - DEBUG - Processing 1020-th line out of 2500 rows of DP table...
2022-01-04 21:33:02,224 - root - DEBUG - Processing 1030-th line out of 2500 rows of DP table...
2022-01-04 21:33:02,729 - root - DEBUG - Processing 1040-th line out of 2500 rows of DP table...
2022-01-04 21:33:03,227 - root - DEBUG - Processing 1050-th line out of 2500 rows of DP table...
2022-01-04 21:33:03,726 - root - DEBUG - Processing 1060-th line out of 2500 rows of DP table...
2022-01-04 21:33:04,216 - root - DEBUG - Processing 1070-th line out of 2500 rows of DP table...
2022-01-04 21:33:04,710 - root - DEBUG - Processing 1080-th line out of 2500 rows of DP table...
2022-01-04 21:33:05,193 - root - DEBUG - Processing 1090-th line out of 2500 rows of DP table...
2022-01-04 21:33:05,675 - root - DEBUG - Processing 1100-th line out of 2500 rows of DP table...
2022-01-04 21:33:06,156 - root - DEBUG - Processing 1110-th line out of 2500 rows of DP table...
2022-01-04 21:33:06,628 - root - DEBUG - Processing 1120-th line out of 2500 rows of DP table...
2022-01-04 21:33:07,101 - root - DEBUG - Processing 1130-th line out of 2500 rows of DP table...
2022-01-04 21:33:07,569 - root - DEBUG - Processing 1140-th line out of 2500 rows of DP table...
2022-01-04 21:33:08,031 - root - DEBUG - Processing 1150-th line out of 2500 rows of DP table...
2022-01-04 21:33:08,496 - root - DEBUG - Processing 1160-th line out of 2500 rows of DP table...
2022-01-04 21:33:08,952 - root - DEBUG - Processing 1170-th line out of 2500 rows of DP table...
2022-01-04 21:33:09,412 - root - DEBUG - Processing 1180-th line out of 2500 rows of DP table...
2022-01-04 21:33:09,861 - root - DEBUG - Processing 1190-th line out of 2500 rows of DP table...
2022-01-04 21:33:10,308 - root - DEBUG - Processing 1200-th line out of 2500 rows of DP table...
2022-01-04 21:33:10,758 - root - DEBUG - Processing 1210-th line out of 2500 rows of DP table...
2022-01-04 21:33:11,198 - root - DEBUG - Processing 1220-th line out of 2500 rows of DP table...
2022-01-04 21:33:11,684 - root - DEBUG - Processing 1230-th line out of 2500 rows of DP table...
2022-01-04 21:33:12,194 - root - DEBUG - Processing 1240-th line out of 2500 rows of DP table...
2022-01-04 21:33:12,630 - root - DEBUG - Processing 1250-th line out of 2500 rows of DP table...
2022-01-04 21:33:13,057 - root - DEBUG - Processing 1260-th line out of 2500 rows of DP table...
2022-01-04 21:33:13,480 - root - DEBUG - Processing 1270-th line out of 2500 rows of DP table...
2022-01-04 21:33:13,905 - root - DEBUG - Processing 1280-th line out of 2500 rows of DP table...
2022-01-04 21:33:14,322 - root - DEBUG - Processing 1290-th line out of 2500 rows of DP table...
2022-01-04 21:33:14,736 - root - DEBUG - Processing 1300-th line out of 2500 rows of DP table...
2022-01-04 21:33:15,159 - root - DEBUG - Processing 1310-th line out of 2500 rows of DP table...
2022-01-04 21:33:15,569 - root - DEBUG - Processing 1320-th line out of 2500 rows of DP table...
2022-01-04 21:33:15,971 - root - DEBUG - Processing 1330-th line out of 2500 rows of DP table...
2022-01-04 21:33:16,378 - root - DEBUG - Processing 1340-th line out of 2500 rows of DP table...
2022-01-04 21:33:16,774 - root - DEBUG - Processing 1350-th line out of 2500 rows of DP table...
2022-01-04 21:33:17,173 - root - DEBUG - Processing 1360-th line out of 2500 rows of DP table...
2022-01-04 21:33:17,565 - root - DEBUG - Processing 1370-th line out of 2500 rows of DP table...
2022-01-04 21:33:17,953 - root - DEBUG - Processing 1380-th line out of 2500 rows of DP table...
2022-01-04 21:33:18,342 - root - DEBUG - Processing 1390-th line out of 2500 rows of DP table...
2022-01-04 21:33:18,723 - root - DEBUG - Processing 1400-th line out of 2500 rows of DP table...
2022-01-04 21:33:19,100 - root - DEBUG - Processing 1410-th line out of 2500 rows of DP table...
2022-01-04 21:33:19,479 - root - DEBUG - Processing 1420-th line out of 2500 rows of DP table...
2022-01-04 21:33:19,849 - root - DEBUG - Processing 1430-th line out of 2500 rows of DP table...
2022-01-04 21:33:20,214 - root - DEBUG - Processing 1440-th line out of 2500 rows of DP table...
2022-01-04 21:33:20,580 - root - DEBUG - Processing 1450-th line out of 2500 rows of DP table...
2022-01-04 21:33:20,945 - root - DEBUG - Processing 1460-th line out of 2500 rows of DP table...
2022-01-04 21:33:21,302 - root - DEBUG - Processing 1470-th line out of 2500 rows of DP table...
2022-01-04 21:33:21,655 - root - DEBUG - Processing 1480-th line out of 2500 rows of DP table...
2022-01-04 21:33:22,010 - root - DEBUG - Processing 1490-th line out of 2500 rows of DP table...
2022-01-04 21:33:22,358 - root - DEBUG - Processing 1500-th line out of 2500 rows of DP table...
2022-01-04 21:33:22,702 - root - DEBUG - Processing 1510-th line out of 2500 rows of DP table...
2022-01-04 21:33:23,048 - root - DEBUG - Processing 1520-th line out of 2500 rows of DP table...
2022-01-04 21:33:23,387 - root - DEBUG - Processing 1530-th line out of 2500 rows of DP table...
2022-01-04 21:33:23,722 - root - DEBUG - Processing 1540-th line out of 2500 rows of DP table...
2022-01-04 21:33:24,059 - root - DEBUG - Processing 1550-th line out of 2500 rows of DP table...
2022-01-04 21:33:24,388 - root - DEBUG - Processing 1560-th line out of 2500 rows of DP table...
2022-01-04 21:33:24,712 - root - DEBUG - Processing 1570-th line out of 2500 rows of DP table...
2022-01-04 21:33:25,033 - root - DEBUG - Processing 1580-th line out of 2500 rows of DP table...
2022-01-04 21:33:25,355 - root - DEBUG - Processing 1590-th line out of 2500 rows of DP table...
2022-01-04 21:33:25,668 - root - DEBUG - Processing 1600-th line out of 2500 rows of DP table...
2022-01-04 21:33:25,979 - root - DEBUG - Processing 1610-th line out of 2500 rows of DP table...
2022-01-04 21:33:26,291 - root - DEBUG - Processing 1620-th line out of 2500 rows of DP table...
2022-01-04 21:33:26,595 - root - DEBUG - Processing 1630-th line out of 2500 rows of DP table...
2022-01-04 21:33:26,896 - root - DEBUG - Processing 1640-th line out of 2500 rows of DP table...
2022-01-04 21:33:27,194 - root - DEBUG - Processing 1650-th line out of 2500 rows of DP table...
2022-01-04 21:33:27,494 - root - DEBUG - Processing 1660-th line out of 2500 rows of DP table...
2022-01-04 21:33:27,784 - root - DEBUG - Processing 1670-th line out of 2500 rows of DP table...
2022-01-04 21:33:28,072 - root - DEBUG - Processing 1680-th line out of 2500 rows of DP table...
2022-01-04 21:33:28,358 - root - DEBUG - Processing 1690-th line out of 2500 rows of DP table...
2022-01-04 21:33:28,644 - root - DEBUG - Processing 1700-th line out of 2500 rows of DP table...
2022-01-04 21:33:28,923 - root - DEBUG - Processing 1710-th line out of 2500 rows of DP table...
2022-01-04 21:33:29,196 - root - DEBUG - Processing 1720-th line out of 2500 rows of DP table...
2022-01-04 21:33:29,467 - root - DEBUG - Processing 1730-th line out of 2500 rows of DP table...
2022-01-04 21:33:29,740 - root - DEBUG - Processing 1740-th line out of 2500 rows of DP table...
2022-01-04 21:33:30,004 - root - DEBUG - Processing 1750-th line out of 2500 rows of DP table...
2022-01-04 21:33:30,263 - root - DEBUG - Processing 1760-th line out of 2500 rows of DP table...
2022-01-04 21:33:30,520 - root - DEBUG - Processing 1770-th line out of 2500 rows of DP table...
2022-01-04 21:33:30,774 - root - DEBUG - Processing 1780-th line out of 2500 rows of DP table...
2022-01-04 21:33:31,030 - root - DEBUG - Processing 1790-th line out of 2500 rows of DP table...
2022-01-04 21:33:31,279 - root - DEBUG - Processing 1800-th line out of 2500 rows of DP table...
2022-01-04 21:33:31,524 - root - DEBUG - Processing 1810-th line out of 2500 rows of DP table...
2022-01-04 21:33:31,765 - root - DEBUG - Processing 1820-th line out of 2500 rows of DP table...
2022-01-04 21:33:32,007 - root - DEBUG - Processing 1830-th line out of 2500 rows of DP table...
2022-01-04 21:33:32,242 - root - DEBUG - Processing 1840-th line out of 2500 rows of DP table...
2022-01-04 21:33:32,474 - root - DEBUG - Processing 1850-th line out of 2500 rows of DP table...
2022-01-04 21:33:32,701 - root - DEBUG - Processing 1860-th line out of 2500 rows of DP table...
2022-01-04 21:33:32,927 - root - DEBUG - Processing 1870-th line out of 2500 rows of DP table...
2022-01-04 21:33:33,155 - root - DEBUG - Processing 1880-th line out of 2500 rows of DP table...
2022-01-04 21:33:33,373 - root - DEBUG - Processing 1890-th line out of 2500 rows of DP table...
2022-01-04 21:33:33,589 - root - DEBUG - Processing 1900-th line out of 2500 rows of DP table...
2022-01-04 21:33:33,801 - root - DEBUG - Processing 1910-th line out of 2500 rows of DP table...
2022-01-04 21:33:34,010 - root - DEBUG - Processing 1920-th line out of 2500 rows of DP table...
2022-01-04 21:33:34,216 - root - DEBUG - Processing 1930-th line out of 2500 rows of DP table...
2022-01-04 21:33:34,421 - root - DEBUG - Processing 1940-th line out of 2500 rows of DP table...
2022-01-04 21:33:34,619 - root - DEBUG - Processing 1950-th line out of 2500 rows of DP table...
2022-01-04 21:33:34,814 - root - DEBUG - Processing 1960-th line out of 2500 rows of DP table...
2022-01-04 21:33:35,006 - root - DEBUG - Processing 1970-th line out of 2500 rows of DP table...
2022-01-04 21:33:35,195 - root - DEBUG - Processing 1980-th line out of 2500 rows of DP table...
2022-01-04 21:33:35,378 - root - DEBUG - Processing 1990-th line out of 2500 rows of DP table...
2022-01-04 21:33:35,565 - root - DEBUG - Processing 2000-th line out of 2500 rows of DP table...
2022-01-04 21:33:35,744 - root - DEBUG - Processing 2010-th line out of 2500 rows of DP table...
2022-01-04 21:33:35,919 - root - DEBUG - Processing 2020-th line out of 2500 rows of DP table...
2022-01-04 21:33:36,091 - root - DEBUG - Processing 2030-th line out of 2500 rows of DP table...
2022-01-04 21:33:36,260 - root - DEBUG - Processing 2040-th line out of 2500 rows of DP table...
2022-01-04 21:33:36,425 - root - DEBUG - Processing 2050-th line out of 2500 rows of DP table...
2022-01-04 21:33:36,591 - root - DEBUG - Processing 2060-th line out of 2500 rows of DP table...
2022-01-04 21:33:36,750 - root - DEBUG - Processing 2070-th line out of 2500 rows of DP table...
2022-01-04 21:33:36,906 - root - DEBUG - Processing 2080-th line out of 2500 rows of DP table...
2022-01-04 21:33:37,056 - root - DEBUG - Processing 2090-th line out of 2500 rows of DP table...
2022-01-04 21:33:37,204 - root - DEBUG - Processing 2100-th line out of 2500 rows of DP table...
2022-01-04 21:33:37,350 - root - DEBUG - Processing 2110-th line out of 2500 rows of DP table...
2022-01-04 21:33:37,492 - root - DEBUG - Processing 2120-th line out of 2500 rows of DP table...
2022-01-04 21:33:37,630 - root - DEBUG - Processing 2130-th line out of 2500 rows of DP table...
2022-01-04 21:33:37,771 - root - DEBUG - Processing 2140-th line out of 2500 rows of DP table...
2022-01-04 21:33:37,902 - root - DEBUG - Processing 2150-th line out of 2500 rows of DP table...
2022-01-04 21:33:38,030 - root - DEBUG - Processing 2160-th line out of 2500 rows of DP table...
2022-01-04 21:33:38,155 - root - DEBUG - Processing 2170-th line out of 2500 rows of DP table...
2022-01-04 21:33:38,278 - root - DEBUG - Processing 2180-th line out of 2500 rows of DP table...
2022-01-04 21:33:38,396 - root - DEBUG - Processing 2190-th line out of 2500 rows of DP table...
2022-01-04 21:33:38,515 - root - DEBUG - Processing 2200-th line out of 2500 rows of DP table...
2022-01-04 21:33:38,626 - root - DEBUG - Processing 2210-th line out of 2500 rows of DP table...
2022-01-04 21:33:38,733 - root - DEBUG - Processing 2220-th line out of 2500 rows of DP table...
2022-01-04 21:33:38,837 - root - DEBUG - Processing 2230-th line out of 2500 rows of DP table...
2022-01-04 21:33:38,943 - root - DEBUG - Processing 2240-th line out of 2500 rows of DP table...
2022-01-04 21:33:39,040 - root - DEBUG - Processing 2250-th line out of 2500 rows of DP table...
2022-01-04 21:33:39,134 - root - DEBUG - Processing 2260-th line out of 2500 rows of DP table...
2022-01-04 21:33:39,225 - root - DEBUG - Processing 2270-th line out of 2500 rows of DP table...
2022-01-04 21:33:39,313 - root - DEBUG - Processing 2280-th line out of 2500 rows of DP table...
2022-01-04 21:33:39,397 - root - DEBUG - Processing 2290-th line out of 2500 rows of DP table...
2022-01-04 21:33:39,478 - root - DEBUG - Processing 2300-th line out of 2500 rows of DP table...
2022-01-04 21:33:39,556 - root - DEBUG - Processing 2310-th line out of 2500 rows of DP table...
2022-01-04 21:33:39,630 - root - DEBUG - Processing 2320-th line out of 2500 rows of DP table...
2022-01-04 21:33:39,700 - root - DEBUG - Processing 2330-th line out of 2500 rows of DP table...
2022-01-04 21:33:39,769 - root - DEBUG - Processing 2340-th line out of 2500 rows of DP table...
2022-01-04 21:33:39,834 - root - DEBUG - Processing 2350-th line out of 2500 rows of DP table...
2022-01-04 21:33:39,895 - root - DEBUG - Processing 2360-th line out of 2500 rows of DP table...
2022-01-04 21:33:39,952 - root - DEBUG - Processing 2370-th line out of 2500 rows of DP table...
2022-01-04 21:33:40,006 - root - DEBUG - Processing 2380-th line out of 2500 rows of DP table...
2022-01-04 21:33:40,063 - root - DEBUG - Processing 2390-th line out of 2500 rows of DP table...
2022-01-04 21:33:40,110 - root - DEBUG - Processing 2400-th line out of 2500 rows of DP table...
2022-01-04 21:33:40,154 - root - DEBUG - Processing 2410-th line out of 2500 rows of DP table...
2022-01-04 21:33:40,194 - root - DEBUG - Processing 2420-th line out of 2500 rows of DP table...
2022-01-04 21:33:40,232 - root - DEBUG - Processing 2430-th line out of 2500 rows of DP table...
2022-01-04 21:33:40,266 - root - DEBUG - Processing 2440-th line out of 2500 rows of DP table...
2022-01-04 21:33:40,296 - root - DEBUG - Processing 2450-th line out of 2500 rows of DP table...
2022-01-04 21:33:40,324 - root - DEBUG - Processing 2460-th line out of 2500 rows of DP table...
2022-01-04 21:33:40,348 - root - DEBUG - Processing 2470-th line out of 2500 rows of DP table...
2022-01-04 21:33:40,369 - root - DEBUG - Processing 2480-th line out of 2500 rows of DP table...
2022-01-04 21:33:40,386 - root - DEBUG - Processing 2490-th line out of 2500 rows of DP table...
2022-01-04 21:33:40,400 - root - DEBUG - Processing 2500-th line out of 2500 rows of DP table...
2022-01-04 21:33:40,413 - root - DEBUG - Started computing joint logprobs...
