2022-01-04 21:17:15,005 - root - INFO - Loading reference interval set from '211227-2-sim/g27_8.ref.tsv'...
2022-01-04 21:17:15,012 - root - INFO - Loading query interval set from '211227-2-sim/g27_8.query.tsv'...
2022-01-04 21:17:15,016 - root - INFO - Loading chromosome sizes from '211227-2-sim/g27_sizes.tsv'...
2022-01-04 21:17:15,021 - root - INFO - Number of reference intervals: 2500 (2500 before merging)
2022-01-04 21:17:15,022 - root - INFO - Number of query intervals: 500 (500 before merging)
2022-01-04 21:17:15,023 - root - INFO - Number of chromosomes: 1
2022-01-04 21:17:15,032 - root - INFO - Overlap count: 1367
2022-01-04 21:17:15,034 - root - DEBUG - Started computing sf for chromosome 'chr1'...
2022-01-04 21:17:15,036 - root - DEBUG - m=2500, n=500
2022-01-04 21:17:15,976 - root - DEBUG - Processing 10-th line out of 2500 rows of DP table...
2022-01-04 21:17:16,820 - root - DEBUG - Processing 20-th line out of 2500 rows of DP table...
2022-01-04 21:17:17,666 - root - DEBUG - Processing 30-th line out of 2500 rows of DP table...
2022-01-04 21:17:18,498 - root - DEBUG - Processing 40-th line out of 2500 rows of DP table...
2022-01-04 21:17:19,337 - root - DEBUG - Processing 50-th line out of 2500 rows of DP table...
2022-01-04 21:17:20,170 - root - DEBUG - Processing 60-th line out of 2500 rows of DP table...
2022-01-04 21:17:20,997 - root - DEBUG - Processing 70-th line out of 2500 rows of DP table...
2022-01-04 21:17:21,820 - root - DEBUG - Processing 80-th line out of 2500 rows of DP table...
2022-01-04 21:17:22,650 - root - DEBUG - Processing 90-th line out of 2500 rows of DP table...
2022-01-04 21:17:23,472 - root - DEBUG - Processing 100-th line out of 2500 rows of DP table...
2022-01-04 21:17:24,285 - root - DEBUG - Processing 110-th line out of 2500 rows of DP table...
2022-01-04 21:17:25,101 - root - DEBUG - Processing 120-th line out of 2500 rows of DP table...
2022-01-04 21:17:25,913 - root - DEBUG - Processing 130-th line out of 2500 rows of DP table...
2022-01-04 21:17:26,720 - root - DEBUG - Processing 140-th line out of 2500 rows of DP table...
2022-01-04 21:17:27,519 - root - DEBUG - Processing 150-th line out of 2500 rows of DP table...
2022-01-04 21:17:28,317 - root - DEBUG - Processing 160-th line out of 2500 rows of DP table...
2022-01-04 21:17:29,114 - root - DEBUG - Processing 170-th line out of 2500 rows of DP table...
2022-01-04 21:17:29,904 - root - DEBUG - Processing 180-th line out of 2500 rows of DP table...
2022-01-04 21:17:30,697 - root - DEBUG - Processing 190-th line out of 2500 rows of DP table...
2022-01-04 21:17:31,484 - root - DEBUG - Processing 200-th line out of 2500 rows of DP table...
2022-01-04 21:17:32,270 - root - DEBUG - Processing 210-th line out of 2500 rows of DP table...
2022-01-04 21:17:33,054 - root - DEBUG - Processing 220-th line out of 2500 rows of DP table...
2022-01-04 21:17:33,834 - root - DEBUG - Processing 230-th line out of 2500 rows of DP table...
2022-01-04 21:17:34,636 - root - DEBUG - Processing 240-th line out of 2500 rows of DP table...
2022-01-04 21:17:35,401 - root - DEBUG - Processing 250-th line out of 2500 rows of DP table...
2022-01-04 21:17:36,174 - root - DEBUG - Processing 260-th line out of 2500 rows of DP table...
2022-01-04 21:17:36,942 - root - DEBUG - Processing 270-th line out of 2500 rows of DP table...
2022-01-04 21:17:37,707 - root - DEBUG - Processing 280-th line out of 2500 rows of DP table...
2022-01-04 21:17:38,472 - root - DEBUG - Processing 290-th line out of 2500 rows of DP table...
2022-01-04 21:17:39,254 - root - DEBUG - Processing 300-th line out of 2500 rows of DP table...
2022-01-04 21:17:40,007 - root - DEBUG - Processing 310-th line out of 2500 rows of DP table...
2022-01-04 21:17:40,762 - root - DEBUG - Processing 320-th line out of 2500 rows of DP table...
2022-01-04 21:17:41,508 - root - DEBUG - Processing 330-th line out of 2500 rows of DP table...
2022-01-04 21:17:42,244 - root - DEBUG - Processing 340-th line out of 2500 rows of DP table...
2022-01-04 21:17:42,985 - root - DEBUG - Processing 350-th line out of 2500 rows of DP table...
2022-01-04 21:17:43,713 - root - DEBUG - Processing 360-th line out of 2500 rows of DP table...
2022-01-04 21:17:44,438 - root - DEBUG - Processing 370-th line out of 2500 rows of DP table...
2022-01-04 21:17:45,164 - root - DEBUG - Processing 380-th line out of 2500 rows of DP table...
2022-01-04 21:17:45,880 - root - DEBUG - Processing 390-th line out of 2500 rows of DP table...
2022-01-04 21:17:46,595 - root - DEBUG - Processing 400-th line out of 2500 rows of DP table...
2022-01-04 21:17:47,310 - root - DEBUG - Processing 410-th line out of 2500 rows of DP table...
2022-01-04 21:17:48,013 - root - DEBUG - Processing 420-th line out of 2500 rows of DP table...
2022-01-04 21:17:48,723 - root - DEBUG - Processing 430-th line out of 2500 rows of DP table...
2022-01-04 21:17:49,427 - root - DEBUG - Processing 440-th line out of 2500 rows of DP table...
2022-01-04 21:17:50,124 - root - DEBUG - Processing 450-th line out of 2500 rows of DP table...
2022-01-04 21:17:50,820 - root - DEBUG - Processing 460-th line out of 2500 rows of DP table...
2022-01-04 21:17:51,511 - root - DEBUG - Processing 470-th line out of 2500 rows of DP table...
2022-01-04 21:17:52,198 - root - DEBUG - Processing 480-th line out of 2500 rows of DP table...
2022-01-04 21:17:52,887 - root - DEBUG - Processing 490-th line out of 2500 rows of DP table...
2022-01-04 21:17:53,566 - root - DEBUG - Processing 500-th line out of 2500 rows of DP table...
2022-01-04 21:17:54,243 - root - DEBUG - Processing 510-th line out of 2500 rows of DP table...
2022-01-04 21:17:54,914 - root - DEBUG - Processing 520-th line out of 2500 rows of DP table...
2022-01-04 21:17:55,588 - root - DEBUG - Processing 530-th line out of 2500 rows of DP table...
2022-01-04 21:17:56,262 - root - DEBUG - Processing 540-th line out of 2500 rows of DP table...
2022-01-04 21:17:56,925 - root - DEBUG - Processing 550-th line out of 2500 rows of DP table...
2022-01-04 21:17:57,588 - root - DEBUG - Processing 560-th line out of 2500 rows of DP table...
2022-01-04 21:17:58,246 - root - DEBUG - Processing 570-th line out of 2500 rows of DP table...
2022-01-04 21:17:58,904 - root - DEBUG - Processing 580-th line out of 2500 rows of DP table...
2022-01-04 21:17:59,551 - root - DEBUG - Processing 590-th line out of 2500 rows of DP table...
2022-01-04 21:18:00,200 - root - DEBUG - Processing 600-th line out of 2500 rows of DP table...
2022-01-04 21:18:00,846 - root - DEBUG - Processing 610-th line out of 2500 rows of DP table...
2022-01-04 21:18:01,488 - root - DEBUG - Processing 620-th line out of 2500 rows of DP table...
2022-01-04 21:18:02,126 - root - DEBUG - Processing 630-th line out of 2500 rows of DP table...
2022-01-04 21:18:02,754 - root - DEBUG - Processing 640-th line out of 2500 rows of DP table...
2022-01-04 21:18:03,383 - root - DEBUG - Processing 650-th line out of 2500 rows of DP table...
2022-01-04 21:18:04,005 - root - DEBUG - Processing 660-th line out of 2500 rows of DP table...
2022-01-04 21:18:04,631 - root - DEBUG - Processing 670-th line out of 2500 rows of DP table...
2022-01-04 21:18:05,253 - root - DEBUG - Processing 680-th line out of 2500 rows of DP table...
2022-01-04 21:18:05,875 - root - DEBUG - Processing 690-th line out of 2500 rows of DP table...
2022-01-04 21:18:06,496 - root - DEBUG - Processing 700-th line out of 2500 rows of DP table...
2022-01-04 21:18:07,102 - root - DEBUG - Processing 710-th line out of 2500 rows of DP table...
2022-01-04 21:18:07,883 - root - DEBUG - Processing 720-th line out of 2500 rows of DP table...
2022-01-04 21:18:08,911 - root - DEBUG - Processing 730-th line out of 2500 rows of DP table...
2022-01-04 21:18:09,967 - root - DEBUG - Processing 740-th line out of 2500 rows of DP table...
2022-01-04 21:18:10,564 - root - DEBUG - Processing 750-th line out of 2500 rows of DP table...
2022-01-04 21:18:11,173 - root - DEBUG - Processing 760-th line out of 2500 rows of DP table...
2022-01-04 21:18:11,765 - root - DEBUG - Processing 770-th line out of 2500 rows of DP table...
2022-01-04 21:18:12,352 - root - DEBUG - Processing 780-th line out of 2500 rows of DP table...
2022-01-04 21:18:12,936 - root - DEBUG - Processing 790-th line out of 2500 rows of DP table...
2022-01-04 21:18:13,521 - root - DEBUG - Processing 800-th line out of 2500 rows of DP table...
2022-01-04 21:18:14,099 - root - DEBUG - Processing 810-th line out of 2500 rows of DP table...
2022-01-04 21:18:14,678 - root - DEBUG - Processing 820-th line out of 2500 rows of DP table...
2022-01-04 21:18:15,252 - root - DEBUG - Processing 830-th line out of 2500 rows of DP table...
2022-01-04 21:18:15,821 - root - DEBUG - Processing 840-th line out of 2500 rows of DP table...
2022-01-04 21:18:16,384 - root - DEBUG - Processing 850-th line out of 2500 rows of DP table...
2022-01-04 21:18:16,945 - root - DEBUG - Processing 860-th line out of 2500 rows of DP table...
2022-01-04 21:18:17,501 - root - DEBUG - Processing 870-th line out of 2500 rows of DP table...
2022-01-04 21:18:18,055 - root - DEBUG - Processing 880-th line out of 2500 rows of DP table...
2022-01-04 21:18:18,608 - root - DEBUG - Processing 890-th line out of 2500 rows of DP table...
2022-01-04 21:18:19,155 - root - DEBUG - Processing 900-th line out of 2500 rows of DP table...
2022-01-04 21:18:19,716 - root - DEBUG - Processing 910-th line out of 2500 rows of DP table...
2022-01-04 21:18:20,287 - root - DEBUG - Processing 920-th line out of 2500 rows of DP table...
2022-01-04 21:18:20,825 - root - DEBUG - Processing 930-th line out of 2500 rows of DP table...
2022-01-04 21:18:21,367 - root - DEBUG - Processing 940-th line out of 2500 rows of DP table...
2022-01-04 21:18:21,900 - root - DEBUG - Processing 950-th line out of 2500 rows of DP table...
2022-01-04 21:18:22,428 - root - DEBUG - Processing 960-th line out of 2500 rows of DP table...
2022-01-04 21:18:22,954 - root - DEBUG - Processing 970-th line out of 2500 rows of DP table...
2022-01-04 21:18:23,477 - root - DEBUG - Processing 980-th line out of 2500 rows of DP table...
2022-01-04 21:18:24,083 - root - DEBUG - Processing 990-th line out of 2500 rows of DP table...
2022-01-04 21:18:24,617 - root - DEBUG - Processing 1000-th line out of 2500 rows of DP table...
2022-01-04 21:18:25,128 - root - DEBUG - Processing 1010-th line out of 2500 rows of DP table...
2022-01-04 21:18:25,668 - root - DEBUG - Processing 1020-th line out of 2500 rows of DP table...
2022-01-04 21:18:26,173 - root - DEBUG - Processing 1030-th line out of 2500 rows of DP table...
2022-01-04 21:18:26,695 - root - DEBUG - Processing 1040-th line out of 2500 rows of DP table...
2022-01-04 21:18:27,193 - root - DEBUG - Processing 1050-th line out of 2500 rows of DP table...
2022-01-04 21:18:27,711 - root - DEBUG - Processing 1060-th line out of 2500 rows of DP table...
2022-01-04 21:18:28,213 - root - DEBUG - Processing 1070-th line out of 2500 rows of DP table...
2022-01-04 21:18:28,761 - root - DEBUG - Processing 1080-th line out of 2500 rows of DP table...
2022-01-04 21:18:29,246 - root - DEBUG - Processing 1090-th line out of 2500 rows of DP table...
2022-01-04 21:18:29,757 - root - DEBUG - Processing 1100-th line out of 2500 rows of DP table...
2022-01-04 21:18:30,236 - root - DEBUG - Processing 1110-th line out of 2500 rows of DP table...
2022-01-04 21:18:30,725 - root - DEBUG - Processing 1120-th line out of 2500 rows of DP table...
2022-01-04 21:18:31,204 - root - DEBUG - Processing 1130-th line out of 2500 rows of DP table...
2022-01-04 21:18:32,047 - root - DEBUG - Processing 1140-th line out of 2500 rows of DP table...
2022-01-04 21:18:32,774 - root - DEBUG - Processing 1150-th line out of 2500 rows of DP table...
2022-01-04 21:18:33,236 - root - DEBUG - Processing 1160-th line out of 2500 rows of DP table...
2022-01-04 21:18:33,701 - root - DEBUG - Processing 1170-th line out of 2500 rows of DP table...
2022-01-04 21:18:34,156 - root - DEBUG - Processing 1180-th line out of 2500 rows of DP table...
2022-01-04 21:18:34,609 - root - DEBUG - Processing 1190-th line out of 2500 rows of DP table...
2022-01-04 21:18:35,057 - root - DEBUG - Processing 1200-th line out of 2500 rows of DP table...
2022-01-04 21:18:35,501 - root - DEBUG - Processing 1210-th line out of 2500 rows of DP table...
2022-01-04 21:18:35,940 - root - DEBUG - Processing 1220-th line out of 2500 rows of DP table...
2022-01-04 21:18:36,375 - root - DEBUG - Processing 1230-th line out of 2500 rows of DP table...
2022-01-04 21:18:36,808 - root - DEBUG - Processing 1240-th line out of 2500 rows of DP table...
2022-01-04 21:18:37,242 - root - DEBUG - Processing 1250-th line out of 2500 rows of DP table...
2022-01-04 21:18:37,669 - root - DEBUG - Processing 1260-th line out of 2500 rows of DP table...
2022-01-04 21:18:38,093 - root - DEBUG - Processing 1270-th line out of 2500 rows of DP table...
2022-01-04 21:18:38,514 - root - DEBUG - Processing 1280-th line out of 2500 rows of DP table...
2022-01-04 21:18:38,952 - root - DEBUG - Processing 1290-th line out of 2500 rows of DP table...
2022-01-04 21:18:39,372 - root - DEBUG - Processing 1300-th line out of 2500 rows of DP table...
2022-01-04 21:18:39,796 - root - DEBUG - Processing 1310-th line out of 2500 rows of DP table...
2022-01-04 21:18:40,208 - root - DEBUG - Processing 1320-th line out of 2500 rows of DP table...
2022-01-04 21:18:40,623 - root - DEBUG - Processing 1330-th line out of 2500 rows of DP table...
2022-01-04 21:18:41,028 - root - DEBUG - Processing 1340-th line out of 2500 rows of DP table...
2022-01-04 21:18:41,429 - root - DEBUG - Processing 1350-th line out of 2500 rows of DP table...
2022-01-04 21:18:41,838 - root - DEBUG - Processing 1360-th line out of 2500 rows of DP table...
2022-01-04 21:18:42,233 - root - DEBUG - Processing 1370-th line out of 2500 rows of DP table...
2022-01-04 21:18:42,625 - root - DEBUG - Processing 1380-th line out of 2500 rows of DP table...
2022-01-04 21:18:43,014 - root - DEBUG - Processing 1390-th line out of 2500 rows of DP table...
2022-01-04 21:18:43,400 - root - DEBUG - Processing 1400-th line out of 2500 rows of DP table...
2022-01-04 21:18:43,780 - root - DEBUG - Processing 1410-th line out of 2500 rows of DP table...
2022-01-04 21:18:44,165 - root - DEBUG - Processing 1420-th line out of 2500 rows of DP table...
2022-01-04 21:18:44,539 - root - DEBUG - Processing 1430-th line out of 2500 rows of DP table...
2022-01-04 21:18:44,911 - root - DEBUG - Processing 1440-th line out of 2500 rows of DP table...
2022-01-04 21:18:45,280 - root - DEBUG - Processing 1450-th line out of 2500 rows of DP table...
2022-01-04 21:18:45,645 - root - DEBUG - Processing 1460-th line out of 2500 rows of DP table...
2022-01-04 21:18:46,008 - root - DEBUG - Processing 1470-th line out of 2500 rows of DP table...
2022-01-04 21:18:46,369 - root - DEBUG - Processing 1480-th line out of 2500 rows of DP table...
2022-01-04 21:18:46,724 - root - DEBUG - Processing 1490-th line out of 2500 rows of DP table...
2022-01-04 21:18:47,075 - root - DEBUG - Processing 1500-th line out of 2500 rows of DP table...
2022-01-04 21:18:47,425 - root - DEBUG - Processing 1510-th line out of 2500 rows of DP table...
2022-01-04 21:18:47,770 - root - DEBUG - Processing 1520-th line out of 2500 rows of DP table...
2022-01-04 21:18:48,114 - root - DEBUG - Processing 1530-th line out of 2500 rows of DP table...
2022-01-04 21:18:48,577 - root - DEBUG - Processing 1540-th line out of 2500 rows of DP table...
2022-01-04 21:18:48,918 - root - DEBUG - Processing 1550-th line out of 2500 rows of DP table...
2022-01-04 21:18:49,261 - root - DEBUG - Processing 1560-th line out of 2500 rows of DP table...
2022-01-04 21:18:49,599 - root - DEBUG - Processing 1570-th line out of 2500 rows of DP table...
2022-01-04 21:18:49,931 - root - DEBUG - Processing 1580-th line out of 2500 rows of DP table...
2022-01-04 21:18:50,256 - root - DEBUG - Processing 1590-th line out of 2500 rows of DP table...
2022-01-04 21:18:50,577 - root - DEBUG - Processing 1600-th line out of 2500 rows of DP table...
2022-01-04 21:18:50,893 - root - DEBUG - Processing 1610-th line out of 2500 rows of DP table...
2022-01-04 21:18:51,206 - root - DEBUG - Processing 1620-th line out of 2500 rows of DP table...
2022-01-04 21:18:51,516 - root - DEBUG - Processing 1630-th line out of 2500 rows of DP table...
2022-01-04 21:18:51,821 - root - DEBUG - Processing 1640-th line out of 2500 rows of DP table...
2022-01-04 21:18:52,124 - root - DEBUG - Processing 1650-th line out of 2500 rows of DP table...
2022-01-04 21:18:52,429 - root - DEBUG - Processing 1660-th line out of 2500 rows of DP table...
2022-01-04 21:18:52,722 - root - DEBUG - Processing 1670-th line out of 2500 rows of DP table...
2022-01-04 21:18:53,013 - root - DEBUG - Processing 1680-th line out of 2500 rows of DP table...
2022-01-04 21:18:53,491 - root - DEBUG - Processing 1690-th line out of 2500 rows of DP table...
2022-01-04 21:18:53,981 - root - DEBUG - Processing 1700-th line out of 2500 rows of DP table...
2022-01-04 21:18:54,466 - root - DEBUG - Processing 1710-th line out of 2500 rows of DP table...
2022-01-04 21:18:54,943 - root - DEBUG - Processing 1720-th line out of 2500 rows of DP table...
2022-01-04 21:18:55,381 - root - DEBUG - Processing 1730-th line out of 2500 rows of DP table...
2022-01-04 21:18:55,700 - root - DEBUG - Processing 1740-th line out of 2500 rows of DP table...
2022-01-04 21:18:56,025 - root - DEBUG - Processing 1750-th line out of 2500 rows of DP table...
2022-01-04 21:18:56,336 - root - DEBUG - Processing 1760-th line out of 2500 rows of DP table...
2022-01-04 21:18:56,643 - root - DEBUG - Processing 1770-th line out of 2500 rows of DP table...
2022-01-04 21:18:56,945 - root - DEBUG - Processing 1780-th line out of 2500 rows of DP table...
2022-01-04 21:18:57,245 - root - DEBUG - Processing 1790-th line out of 2500 rows of DP table...
2022-01-04 21:18:57,538 - root - DEBUG - Processing 1800-th line out of 2500 rows of DP table...
2022-01-04 21:18:57,827 - root - DEBUG - Processing 1810-th line out of 2500 rows of DP table...
2022-01-04 21:18:58,114 - root - DEBUG - Processing 1820-th line out of 2500 rows of DP table...
2022-01-04 21:18:58,397 - root - DEBUG - Processing 1830-th line out of 2500 rows of DP table...
2022-01-04 21:18:58,676 - root - DEBUG - Processing 1840-th line out of 2500 rows of DP table...
2022-01-04 21:18:58,952 - root - DEBUG - Processing 1850-th line out of 2500 rows of DP table...
2022-01-04 21:18:59,222 - root - DEBUG - Processing 1860-th line out of 2500 rows of DP table...
2022-01-04 21:18:59,488 - root - DEBUG - Processing 1870-th line out of 2500 rows of DP table...
2022-01-04 21:18:59,752 - root - DEBUG - Processing 1880-th line out of 2500 rows of DP table...
2022-01-04 21:19:00,011 - root - DEBUG - Processing 1890-th line out of 2500 rows of DP table...
2022-01-04 21:19:00,266 - root - DEBUG - Processing 1900-th line out of 2500 rows of DP table...
2022-01-04 21:19:00,516 - root - DEBUG - Processing 1910-th line out of 2500 rows of DP table...
2022-01-04 21:19:00,764 - root - DEBUG - Processing 1920-th line out of 2500 rows of DP table...
2022-01-04 21:19:01,007 - root - DEBUG - Processing 1930-th line out of 2500 rows of DP table...
2022-01-04 21:19:01,247 - root - DEBUG - Processing 1940-th line out of 2500 rows of DP table...
2022-01-04 21:19:01,483 - root - DEBUG - Processing 1950-th line out of 2500 rows of DP table...
2022-01-04 21:19:01,715 - root - DEBUG - Processing 1960-th line out of 2500 rows of DP table...
2022-01-04 21:19:01,943 - root - DEBUG - Processing 1970-th line out of 2500 rows of DP table...
2022-01-04 21:19:02,166 - root - DEBUG - Processing 1980-th line out of 2500 rows of DP table...
2022-01-04 21:19:02,385 - root - DEBUG - Processing 1990-th line out of 2500 rows of DP table...
2022-01-04 21:19:02,599 - root - DEBUG - Processing 2000-th line out of 2500 rows of DP table...
2022-01-04 21:19:02,808 - root - DEBUG - Processing 2010-th line out of 2500 rows of DP table...
2022-01-04 21:19:03,014 - root - DEBUG - Processing 2020-th line out of 2500 rows of DP table...
2022-01-04 21:19:03,217 - root - DEBUG - Processing 2030-th line out of 2500 rows of DP table...
2022-01-04 21:19:03,416 - root - DEBUG - Processing 2040-th line out of 2500 rows of DP table...
2022-01-04 21:19:03,610 - root - DEBUG - Processing 2050-th line out of 2500 rows of DP table...
2022-01-04 21:19:03,801 - root - DEBUG - Processing 2060-th line out of 2500 rows of DP table...
2022-01-04 21:19:03,988 - root - DEBUG - Processing 2070-th line out of 2500 rows of DP table...
2022-01-04 21:19:04,154 - root - DEBUG - Processing 2080-th line out of 2500 rows of DP table...
2022-01-04 21:19:04,305 - root - DEBUG - Processing 2090-th line out of 2500 rows of DP table...
2022-01-04 21:19:04,453 - root - DEBUG - Processing 2100-th line out of 2500 rows of DP table...
2022-01-04 21:19:04,596 - root - DEBUG - Processing 2110-th line out of 2500 rows of DP table...
2022-01-04 21:19:04,737 - root - DEBUG - Processing 2120-th line out of 2500 rows of DP table...
2022-01-04 21:19:04,874 - root - DEBUG - Processing 2130-th line out of 2500 rows of DP table...
2022-01-04 21:19:05,008 - root - DEBUG - Processing 2140-th line out of 2500 rows of DP table...
2022-01-04 21:19:05,138 - root - DEBUG - Processing 2150-th line out of 2500 rows of DP table...
2022-01-04 21:19:05,266 - root - DEBUG - Processing 2160-th line out of 2500 rows of DP table...
2022-01-04 21:19:05,390 - root - DEBUG - Processing 2170-th line out of 2500 rows of DP table...
2022-01-04 21:19:05,510 - root - DEBUG - Processing 2180-th line out of 2500 rows of DP table...
2022-01-04 21:19:05,628 - root - DEBUG - Processing 2190-th line out of 2500 rows of DP table...
2022-01-04 21:19:05,741 - root - DEBUG - Processing 2200-th line out of 2500 rows of DP table...
2022-01-04 21:19:05,852 - root - DEBUG - Processing 2210-th line out of 2500 rows of DP table...
2022-01-04 21:19:05,959 - root - DEBUG - Processing 2220-th line out of 2500 rows of DP table...
2022-01-04 21:19:06,064 - root - DEBUG - Processing 2230-th line out of 2500 rows of DP table...
2022-01-04 21:19:06,164 - root - DEBUG - Processing 2240-th line out of 2500 rows of DP table...
2022-01-04 21:19:06,262 - root - DEBUG - Processing 2250-th line out of 2500 rows of DP table...
2022-01-04 21:19:06,356 - root - DEBUG - Processing 2260-th line out of 2500 rows of DP table...
2022-01-04 21:19:06,447 - root - DEBUG - Processing 2270-th line out of 2500 rows of DP table...
2022-01-04 21:19:06,535 - root - DEBUG - Processing 2280-th line out of 2500 rows of DP table...
2022-01-04 21:19:06,642 - root - DEBUG - Processing 2290-th line out of 2500 rows of DP table...
2022-01-04 21:19:06,723 - root - DEBUG - Processing 2300-th line out of 2500 rows of DP table...
2022-01-04 21:19:06,802 - root - DEBUG - Processing 2310-th line out of 2500 rows of DP table...
2022-01-04 21:19:06,876 - root - DEBUG - Processing 2320-th line out of 2500 rows of DP table...
2022-01-04 21:19:06,948 - root - DEBUG - Processing 2330-th line out of 2500 rows of DP table...
2022-01-04 21:19:07,016 - root - DEBUG - Processing 2340-th line out of 2500 rows of DP table...
2022-01-04 21:19:07,080 - root - DEBUG - Processing 2350-th line out of 2500 rows of DP table...
2022-01-04 21:19:07,142 - root - DEBUG - Processing 2360-th line out of 2500 rows of DP table...
2022-01-04 21:19:07,200 - root - DEBUG - Processing 2370-th line out of 2500 rows of DP table...
2022-01-04 21:19:07,256 - root - DEBUG - Processing 2380-th line out of 2500 rows of DP table...
2022-01-04 21:19:07,307 - root - DEBUG - Processing 2390-th line out of 2500 rows of DP table...
2022-01-04 21:19:07,356 - root - DEBUG - Processing 2400-th line out of 2500 rows of DP table...
2022-01-04 21:19:07,401 - root - DEBUG - Processing 2410-th line out of 2500 rows of DP table...
2022-01-04 21:19:07,443 - root - DEBUG - Processing 2420-th line out of 2500 rows of DP table...
2022-01-04 21:19:07,486 - root - DEBUG - Processing 2430-th line out of 2500 rows of DP table...
2022-01-04 21:19:07,520 - root - DEBUG - Processing 2440-th line out of 2500 rows of DP table...
2022-01-04 21:19:07,552 - root - DEBUG - Processing 2450-th line out of 2500 rows of DP table...
2022-01-04 21:19:07,580 - root - DEBUG - Processing 2460-th line out of 2500 rows of DP table...
2022-01-04 21:19:07,604 - root - DEBUG - Processing 2470-th line out of 2500 rows of DP table...
2022-01-04 21:19:07,626 - root - DEBUG - Processing 2480-th line out of 2500 rows of DP table...
2022-01-04 21:19:07,644 - root - DEBUG - Processing 2490-th line out of 2500 rows of DP table...
2022-01-04 21:19:07,659 - root - DEBUG - Processing 2500-th line out of 2500 rows of DP table...
2022-01-04 21:19:07,674 - root - DEBUG - Started computing joint logprobs...
