2022-01-04 21:48:50,601 - root - INFO - Loading reference interval set from '211227-2-sim/g27_4.ref.tsv'...
2022-01-04 21:48:50,604 - root - INFO - Loading query interval set from '211227-2-sim/g27_4.query.tsv'...
2022-01-04 21:48:50,607 - root - INFO - Loading chromosome sizes from '211227-2-sim/g27_sizes.tsv'...
2022-01-04 21:48:50,609 - root - INFO - Number of reference intervals: 2500 (2500 before merging)
2022-01-04 21:48:50,624 - root - INFO - Number of query intervals: 500 (500 before merging)
2022-01-04 21:48:50,625 - root - INFO - Number of chromosomes: 1
2022-01-04 21:48:50,634 - root - INFO - Overlap count: 1366
2022-01-04 21:48:50,635 - root - DEBUG - Started computing sf for chromosome 'chr1'...
2022-01-04 21:48:50,637 - root - DEBUG - m=2500, n=500
2022-01-04 21:48:51,541 - root - DEBUG - Processing 10-th line out of 2500 rows of DP table...
2022-01-04 21:48:52,381 - root - DEBUG - Processing 20-th line out of 2500 rows of DP table...
2022-01-04 21:48:53,211 - root - DEBUG - Processing 30-th line out of 2500 rows of DP table...
2022-01-04 21:48:54,040 - root - DEBUG - Processing 40-th line out of 2500 rows of DP table...
2022-01-04 21:48:54,863 - root - DEBUG - Processing 50-th line out of 2500 rows of DP table...
2022-01-04 21:48:55,675 - root - DEBUG - Processing 60-th line out of 2500 rows of DP table...
2022-01-04 21:48:56,500 - root - DEBUG - Processing 70-th line out of 2500 rows of DP table...
2022-01-04 21:48:57,313 - root - DEBUG - Processing 80-th line out of 2500 rows of DP table...
2022-01-04 21:48:58,125 - root - DEBUG - Processing 90-th line out of 2500 rows of DP table...
2022-01-04 21:48:58,934 - root - DEBUG - Processing 100-th line out of 2500 rows of DP table...
2022-01-04 21:48:59,741 - root - DEBUG - Processing 110-th line out of 2500 rows of DP table...
2022-01-04 21:49:00,544 - root - DEBUG - Processing 120-th line out of 2500 rows of DP table...
2022-01-04 21:49:01,334 - root - DEBUG - Processing 130-th line out of 2500 rows of DP table...
2022-01-04 21:49:02,136 - root - DEBUG - Processing 140-th line out of 2500 rows of DP table...
2022-01-04 21:49:02,928 - root - DEBUG - Processing 150-th line out of 2500 rows of DP table...
2022-01-04 21:49:03,710 - root - DEBUG - Processing 160-th line out of 2500 rows of DP table...
2022-01-04 21:49:04,498 - root - DEBUG - Processing 170-th line out of 2500 rows of DP table...
2022-01-04 21:49:05,278 - root - DEBUG - Processing 180-th line out of 2500 rows of DP table...
2022-01-04 21:49:06,048 - root - DEBUG - Processing 190-th line out of 2500 rows of DP table...
2022-01-04 21:49:06,825 - root - DEBUG - Processing 200-th line out of 2500 rows of DP table...
2022-01-04 21:49:07,596 - root - DEBUG - Processing 210-th line out of 2500 rows of DP table...
2022-01-04 21:49:08,354 - root - DEBUG - Processing 220-th line out of 2500 rows of DP table...
2022-01-04 21:49:09,132 - root - DEBUG - Processing 230-th line out of 2500 rows of DP table...
2022-01-04 21:49:09,890 - root - DEBUG - Processing 240-th line out of 2500 rows of DP table...
2022-01-04 21:49:10,646 - root - DEBUG - Processing 250-th line out of 2500 rows of DP table...
2022-01-04 21:49:11,402 - root - DEBUG - Processing 260-th line out of 2500 rows of DP table...
2022-01-04 21:49:12,162 - root - DEBUG - Processing 270-th line out of 2500 rows of DP table...
2022-01-04 21:49:12,907 - root - DEBUG - Processing 280-th line out of 2500 rows of DP table...
2022-01-04 21:49:13,649 - root - DEBUG - Processing 290-th line out of 2500 rows of DP table...
2022-01-04 21:49:14,390 - root - DEBUG - Processing 300-th line out of 2500 rows of DP table...
2022-01-04 21:49:15,125 - root - DEBUG - Processing 310-th line out of 2500 rows of DP table...
2022-01-04 21:49:15,861 - root - DEBUG - Processing 320-th line out of 2500 rows of DP table...
2022-01-04 21:49:16,592 - root - DEBUG - Processing 330-th line out of 2500 rows of DP table...
2022-01-04 21:49:17,324 - root - DEBUG - Processing 340-th line out of 2500 rows of DP table...
2022-01-04 21:49:18,065 - root - DEBUG - Processing 350-th line out of 2500 rows of DP table...
2022-01-04 21:49:18,788 - root - DEBUG - Processing 360-th line out of 2500 rows of DP table...
2022-01-04 21:49:19,504 - root - DEBUG - Processing 370-th line out of 2500 rows of DP table...
2022-01-04 21:49:20,218 - root - DEBUG - Processing 380-th line out of 2500 rows of DP table...
2022-01-04 21:49:20,929 - root - DEBUG - Processing 390-th line out of 2500 rows of DP table...
2022-01-04 21:49:21,640 - root - DEBUG - Processing 400-th line out of 2500 rows of DP table...
2022-01-04 21:49:22,345 - root - DEBUG - Processing 410-th line out of 2500 rows of DP table...
2022-01-04 21:49:23,042 - root - DEBUG - Processing 420-th line out of 2500 rows of DP table...
2022-01-04 21:49:23,743 - root - DEBUG - Processing 430-th line out of 2500 rows of DP table...
2022-01-04 21:49:24,440 - root - DEBUG - Processing 440-th line out of 2500 rows of DP table...
2022-01-04 21:49:25,126 - root - DEBUG - Processing 450-th line out of 2500 rows of DP table...
2022-01-04 21:49:25,817 - root - DEBUG - Processing 460-th line out of 2500 rows of DP table...
2022-01-04 21:49:26,495 - root - DEBUG - Processing 470-th line out of 2500 rows of DP table...
2022-01-04 21:49:27,177 - root - DEBUG - Processing 480-th line out of 2500 rows of DP table...
2022-01-04 21:49:27,858 - root - DEBUG - Processing 490-th line out of 2500 rows of DP table...
2022-01-04 21:49:28,527 - root - DEBUG - Processing 500-th line out of 2500 rows of DP table...
2022-01-04 21:49:29,200 - root - DEBUG - Processing 510-th line out of 2500 rows of DP table...
2022-01-04 21:49:29,866 - root - DEBUG - Processing 520-th line out of 2500 rows of DP table...
2022-01-04 21:49:30,534 - root - DEBUG - Processing 530-th line out of 2500 rows of DP table...
2022-01-04 21:49:31,194 - root - DEBUG - Processing 540-th line out of 2500 rows of DP table...
2022-01-04 21:49:31,857 - root - DEBUG - Processing 550-th line out of 2500 rows of DP table...
2022-01-04 21:49:32,511 - root - DEBUG - Processing 560-th line out of 2500 rows of DP table...
2022-01-04 21:49:33,161 - root - DEBUG - Processing 570-th line out of 2500 rows of DP table...
2022-01-04 21:49:33,810 - root - DEBUG - Processing 580-th line out of 2500 rows of DP table...
2022-01-04 21:49:34,456 - root - DEBUG - Processing 590-th line out of 2500 rows of DP table...
2022-01-04 21:49:35,098 - root - DEBUG - Processing 600-th line out of 2500 rows of DP table...
2022-01-04 21:49:35,738 - root - DEBUG - Processing 610-th line out of 2500 rows of DP table...
2022-01-04 21:49:36,371 - root - DEBUG - Processing 620-th line out of 2500 rows of DP table...
2022-01-04 21:49:37,006 - root - DEBUG - Processing 630-th line out of 2500 rows of DP table...
2022-01-04 21:49:37,630 - root - DEBUG - Processing 640-th line out of 2500 rows of DP table...
2022-01-04 21:49:38,261 - root - DEBUG - Processing 650-th line out of 2500 rows of DP table...
2022-01-04 21:49:38,878 - root - DEBUG - Processing 660-th line out of 2500 rows of DP table...
2022-01-04 21:49:39,498 - root - DEBUG - Processing 670-th line out of 2500 rows of DP table...
2022-01-04 21:49:40,111 - root - DEBUG - Processing 680-th line out of 2500 rows of DP table...
2022-01-04 21:49:40,730 - root - DEBUG - Processing 690-th line out of 2500 rows of DP table...
2022-01-04 21:49:41,334 - root - DEBUG - Processing 700-th line out of 2500 rows of DP table...
2022-01-04 21:49:41,948 - root - DEBUG - Processing 710-th line out of 2500 rows of DP table...
2022-01-04 21:49:42,561 - root - DEBUG - Processing 720-th line out of 2500 rows of DP table...
2022-01-04 21:49:43,158 - root - DEBUG - Processing 730-th line out of 2500 rows of DP table...
2022-01-04 21:49:43,758 - root - DEBUG - Processing 740-th line out of 2500 rows of DP table...
2022-01-04 21:49:44,346 - root - DEBUG - Processing 750-th line out of 2500 rows of DP table...
2022-01-04 21:49:44,940 - root - DEBUG - Processing 760-th line out of 2500 rows of DP table...
2022-01-04 21:49:45,520 - root - DEBUG - Processing 770-th line out of 2500 rows of DP table...
2022-01-04 21:49:46,105 - root - DEBUG - Processing 780-th line out of 2500 rows of DP table...
2022-01-04 21:49:46,686 - root - DEBUG - Processing 790-th line out of 2500 rows of DP table...
2022-01-04 21:49:47,312 - root - DEBUG - Processing 800-th line out of 2500 rows of DP table...
2022-01-04 21:49:47,880 - root - DEBUG - Processing 810-th line out of 2500 rows of DP table...
2022-01-04 21:49:48,461 - root - DEBUG - Processing 820-th line out of 2500 rows of DP table...
2022-01-04 21:49:49,030 - root - DEBUG - Processing 830-th line out of 2500 rows of DP table...
2022-01-04 21:49:49,595 - root - DEBUG - Processing 840-th line out of 2500 rows of DP table...
2022-01-04 21:49:50,151 - root - DEBUG - Processing 850-th line out of 2500 rows of DP table...
2022-01-04 21:49:50,717 - root - DEBUG - Processing 860-th line out of 2500 rows of DP table...
2022-01-04 21:49:51,278 - root - DEBUG - Processing 870-th line out of 2500 rows of DP table...
2022-01-04 21:49:51,835 - root - DEBUG - Processing 880-th line out of 2500 rows of DP table...
2022-01-04 21:49:52,378 - root - DEBUG - Processing 890-th line out of 2500 rows of DP table...
2022-01-04 21:49:52,928 - root - DEBUG - Processing 900-th line out of 2500 rows of DP table...
2022-01-04 21:49:53,465 - root - DEBUG - Processing 910-th line out of 2500 rows of DP table...
2022-01-04 21:49:54,015 - root - DEBUG - Processing 920-th line out of 2500 rows of DP table...
2022-01-04 21:49:54,547 - root - DEBUG - Processing 930-th line out of 2500 rows of DP table...
2022-01-04 21:49:55,074 - root - DEBUG - Processing 940-th line out of 2500 rows of DP table...
2022-01-04 21:49:55,603 - root - DEBUG - Processing 950-th line out of 2500 rows of DP table...
2022-01-04 21:49:56,135 - root - DEBUG - Processing 960-th line out of 2500 rows of DP table...
2022-01-04 21:49:56,679 - root - DEBUG - Processing 970-th line out of 2500 rows of DP table...
2022-01-04 21:49:57,194 - root - DEBUG - Processing 980-th line out of 2500 rows of DP table...
2022-01-04 21:49:57,709 - root - DEBUG - Processing 990-th line out of 2500 rows of DP table...
2022-01-04 21:49:58,215 - root - DEBUG - Processing 1000-th line out of 2500 rows of DP table...
2022-01-04 21:49:58,725 - root - DEBUG - Processing 1010-th line out of 2500 rows of DP table...
2022-01-04 21:49:59,227 - root - DEBUG - Processing 1020-th line out of 2500 rows of DP table...
2022-01-04 21:49:59,730 - root - DEBUG - Processing 1030-th line out of 2500 rows of DP table...
2022-01-04 21:50:00,290 - root - DEBUG - Processing 1040-th line out of 2500 rows of DP table...
2022-01-04 21:50:00,778 - root - DEBUG - Processing 1050-th line out of 2500 rows of DP table...
2022-01-04 21:50:01,272 - root - DEBUG - Processing 1060-th line out of 2500 rows of DP table...
2022-01-04 21:50:01,757 - root - DEBUG - Processing 1070-th line out of 2500 rows of DP table...
2022-01-04 21:50:02,243 - root - DEBUG - Processing 1080-th line out of 2500 rows of DP table...
2022-01-04 21:50:02,720 - root - DEBUG - Processing 1090-th line out of 2500 rows of DP table...
2022-01-04 21:50:03,198 - root - DEBUG - Processing 1100-th line out of 2500 rows of DP table...
2022-01-04 21:50:03,673 - root - DEBUG - Processing 1110-th line out of 2500 rows of DP table...
2022-01-04 21:50:04,140 - root - DEBUG - Processing 1120-th line out of 2500 rows of DP table...
2022-01-04 21:50:04,610 - root - DEBUG - Processing 1130-th line out of 2500 rows of DP table...
2022-01-04 21:50:05,070 - root - DEBUG - Processing 1140-th line out of 2500 rows of DP table...
2022-01-04 21:50:05,535 - root - DEBUG - Processing 1150-th line out of 2500 rows of DP table...
2022-01-04 21:50:05,989 - root - DEBUG - Processing 1160-th line out of 2500 rows of DP table...
2022-01-04 21:50:06,442 - root - DEBUG - Processing 1170-th line out of 2500 rows of DP table...
2022-01-04 21:50:06,895 - root - DEBUG - Processing 1180-th line out of 2500 rows of DP table...
2022-01-04 21:50:07,343 - root - DEBUG - Processing 1190-th line out of 2500 rows of DP table...
2022-01-04 21:50:07,792 - root - DEBUG - Processing 1200-th line out of 2500 rows of DP table...
2022-01-04 21:50:08,231 - root - DEBUG - Processing 1210-th line out of 2500 rows of DP table...
2022-01-04 21:50:08,665 - root - DEBUG - Processing 1220-th line out of 2500 rows of DP table...
2022-01-04 21:50:09,102 - root - DEBUG - Processing 1230-th line out of 2500 rows of DP table...
2022-01-04 21:50:09,530 - root - DEBUG - Processing 1240-th line out of 2500 rows of DP table...
2022-01-04 21:50:09,965 - root - DEBUG - Processing 1250-th line out of 2500 rows of DP table...
2022-01-04 21:50:10,387 - root - DEBUG - Processing 1260-th line out of 2500 rows of DP table...
2022-01-04 21:50:10,805 - root - DEBUG - Processing 1270-th line out of 2500 rows of DP table...
2022-01-04 21:50:11,226 - root - DEBUG - Processing 1280-th line out of 2500 rows of DP table...
2022-01-04 21:50:11,638 - root - DEBUG - Processing 1290-th line out of 2500 rows of DP table...
2022-01-04 21:50:12,046 - root - DEBUG - Processing 1300-th line out of 2500 rows of DP table...
2022-01-04 21:50:12,458 - root - DEBUG - Processing 1310-th line out of 2500 rows of DP table...
2022-01-04 21:50:12,861 - root - DEBUG - Processing 1320-th line out of 2500 rows of DP table...
2022-01-04 21:50:13,260 - root - DEBUG - Processing 1330-th line out of 2500 rows of DP table...
2022-01-04 21:50:13,662 - root - DEBUG - Processing 1340-th line out of 2500 rows of DP table...
2022-01-04 21:50:14,057 - root - DEBUG - Processing 1350-th line out of 2500 rows of DP table...
2022-01-04 21:50:14,447 - root - DEBUG - Processing 1360-th line out of 2500 rows of DP table...
2022-01-04 21:50:14,839 - root - DEBUG - Processing 1370-th line out of 2500 rows of DP table...
2022-01-04 21:50:15,224 - root - DEBUG - Processing 1380-th line out of 2500 rows of DP table...
2022-01-04 21:50:15,605 - root - DEBUG - Processing 1390-th line out of 2500 rows of DP table...
2022-01-04 21:50:15,988 - root - DEBUG - Processing 1400-th line out of 2500 rows of DP table...
2022-01-04 21:50:16,379 - root - DEBUG - Processing 1410-th line out of 2500 rows of DP table...
2022-01-04 21:50:16,751 - root - DEBUG - Processing 1420-th line out of 2500 rows of DP table...
2022-01-04 21:50:17,124 - root - DEBUG - Processing 1430-th line out of 2500 rows of DP table...
2022-01-04 21:50:17,486 - root - DEBUG - Processing 1440-th line out of 2500 rows of DP table...
2022-01-04 21:50:17,848 - root - DEBUG - Processing 1450-th line out of 2500 rows of DP table...
2022-01-04 21:50:18,213 - root - DEBUG - Processing 1460-th line out of 2500 rows of DP table...
2022-01-04 21:50:18,567 - root - DEBUG - Processing 1470-th line out of 2500 rows of DP table...
2022-01-04 21:50:18,920 - root - DEBUG - Processing 1480-th line out of 2500 rows of DP table...
2022-01-04 21:50:19,275 - root - DEBUG - Processing 1490-th line out of 2500 rows of DP table...
2022-01-04 21:50:19,619 - root - DEBUG - Processing 1500-th line out of 2500 rows of DP table...
2022-01-04 21:50:19,961 - root - DEBUG - Processing 1510-th line out of 2500 rows of DP table...
2022-01-04 21:50:20,306 - root - DEBUG - Processing 1520-th line out of 2500 rows of DP table...
2022-01-04 21:50:20,640 - root - DEBUG - Processing 1530-th line out of 2500 rows of DP table...
2022-01-04 21:50:20,972 - root - DEBUG - Processing 1540-th line out of 2500 rows of DP table...
2022-01-04 21:50:21,300 - root - DEBUG - Processing 1550-th line out of 2500 rows of DP table...
2022-01-04 21:50:21,630 - root - DEBUG - Processing 1560-th line out of 2500 rows of DP table...
2022-01-04 21:50:21,950 - root - DEBUG - Processing 1570-th line out of 2500 rows of DP table...
2022-01-04 21:50:22,283 - root - DEBUG - Processing 1580-th line out of 2500 rows of DP table...
2022-01-04 21:50:22,605 - root - DEBUG - Processing 1590-th line out of 2500 rows of DP table...
2022-01-04 21:50:22,918 - root - DEBUG - Processing 1600-th line out of 2500 rows of DP table...
2022-01-04 21:50:23,227 - root - DEBUG - Processing 1610-th line out of 2500 rows of DP table...
2022-01-04 21:50:23,534 - root - DEBUG - Processing 1620-th line out of 2500 rows of DP table...
2022-01-04 21:50:23,841 - root - DEBUG - Processing 1630-th line out of 2500 rows of DP table...
2022-01-04 21:50:24,139 - root - DEBUG - Processing 1640-th line out of 2500 rows of DP table...
2022-01-04 21:50:24,436 - root - DEBUG - Processing 1650-th line out of 2500 rows of DP table...
2022-01-04 21:50:24,728 - root - DEBUG - Processing 1660-th line out of 2500 rows of DP table...
2022-01-04 21:50:25,021 - root - DEBUG - Processing 1670-th line out of 2500 rows of DP table...
2022-01-04 21:50:25,308 - root - DEBUG - Processing 1680-th line out of 2500 rows of DP table...
2022-01-04 21:50:25,591 - root - DEBUG - Processing 1690-th line out of 2500 rows of DP table...
2022-01-04 21:50:25,870 - root - DEBUG - Processing 1700-th line out of 2500 rows of DP table...
2022-01-04 21:50:26,151 - root - DEBUG - Processing 1710-th line out of 2500 rows of DP table...
2022-01-04 21:50:26,426 - root - DEBUG - Processing 1720-th line out of 2500 rows of DP table...
2022-01-04 21:50:26,697 - root - DEBUG - Processing 1730-th line out of 2500 rows of DP table...
2022-01-04 21:50:26,964 - root - DEBUG - Processing 1740-th line out of 2500 rows of DP table...
2022-01-04 21:50:27,230 - root - DEBUG - Processing 1750-th line out of 2500 rows of DP table...
2022-01-04 21:50:27,490 - root - DEBUG - Processing 1760-th line out of 2500 rows of DP table...
2022-01-04 21:50:27,746 - root - DEBUG - Processing 1770-th line out of 2500 rows of DP table...
2022-01-04 21:50:28,000 - root - DEBUG - Processing 1780-th line out of 2500 rows of DP table...
2022-01-04 21:50:28,255 - root - DEBUG - Processing 1790-th line out of 2500 rows of DP table...
2022-01-04 21:50:28,500 - root - DEBUG - Processing 1800-th line out of 2500 rows of DP table...
2022-01-04 21:50:28,744 - root - DEBUG - Processing 1810-th line out of 2500 rows of DP table...
2022-01-04 21:50:28,985 - root - DEBUG - Processing 1820-th line out of 2500 rows of DP table...
2022-01-04 21:50:29,221 - root - DEBUG - Processing 1830-th line out of 2500 rows of DP table...
2022-01-04 21:50:29,459 - root - DEBUG - Processing 1840-th line out of 2500 rows of DP table...
2022-01-04 21:50:29,688 - root - DEBUG - Processing 1850-th line out of 2500 rows of DP table...
2022-01-04 21:50:29,914 - root - DEBUG - Processing 1860-th line out of 2500 rows of DP table...
2022-01-04 21:50:30,137 - root - DEBUG - Processing 1870-th line out of 2500 rows of DP table...
2022-01-04 21:50:30,356 - root - DEBUG - Processing 1880-th line out of 2500 rows of DP table...
2022-01-04 21:50:30,577 - root - DEBUG - Processing 1890-th line out of 2500 rows of DP table...
2022-01-04 21:50:30,792 - root - DEBUG - Processing 1900-th line out of 2500 rows of DP table...
2022-01-04 21:50:31,002 - root - DEBUG - Processing 1910-th line out of 2500 rows of DP table...
2022-01-04 21:50:31,208 - root - DEBUG - Processing 1920-th line out of 2500 rows of DP table...
2022-01-04 21:50:31,412 - root - DEBUG - Processing 1930-th line out of 2500 rows of DP table...
2022-01-04 21:50:31,612 - root - DEBUG - Processing 1940-th line out of 2500 rows of DP table...
2022-01-04 21:50:31,814 - root - DEBUG - Processing 1950-th line out of 2500 rows of DP table...
2022-01-04 21:50:32,007 - root - DEBUG - Processing 1960-th line out of 2500 rows of DP table...
2022-01-04 21:50:32,196 - root - DEBUG - Processing 1970-th line out of 2500 rows of DP table...
2022-01-04 21:50:32,382 - root - DEBUG - Processing 1980-th line out of 2500 rows of DP table...
2022-01-04 21:50:32,566 - root - DEBUG - Processing 1990-th line out of 2500 rows of DP table...
2022-01-04 21:50:32,745 - root - DEBUG - Processing 2000-th line out of 2500 rows of DP table...
2022-01-04 21:50:32,928 - root - DEBUG - Processing 2010-th line out of 2500 rows of DP table...
2022-01-04 21:50:33,101 - root - DEBUG - Processing 2020-th line out of 2500 rows of DP table...
2022-01-04 21:50:33,271 - root - DEBUG - Processing 2030-th line out of 2500 rows of DP table...
2022-01-04 21:50:33,438 - root - DEBUG - Processing 2040-th line out of 2500 rows of DP table...
2022-01-04 21:50:33,601 - root - DEBUG - Processing 2050-th line out of 2500 rows of DP table...
2022-01-04 21:50:33,760 - root - DEBUG - Processing 2060-th line out of 2500 rows of DP table...
2022-01-04 21:50:33,919 - root - DEBUG - Processing 2070-th line out of 2500 rows of DP table...
2022-01-04 21:50:34,078 - root - DEBUG - Processing 2080-th line out of 2500 rows of DP table...
2022-01-04 21:50:34,229 - root - DEBUG - Processing 2090-th line out of 2500 rows of DP table...
2022-01-04 21:50:34,376 - root - DEBUG - Processing 2100-th line out of 2500 rows of DP table...
2022-01-04 21:50:34,521 - root - DEBUG - Processing 2110-th line out of 2500 rows of DP table...
2022-01-04 21:50:34,661 - root - DEBUG - Processing 2120-th line out of 2500 rows of DP table...
2022-01-04 21:50:34,798 - root - DEBUG - Processing 2130-th line out of 2500 rows of DP table...
2022-01-04 21:50:34,932 - root - DEBUG - Processing 2140-th line out of 2500 rows of DP table...
2022-01-04 21:50:35,063 - root - DEBUG - Processing 2150-th line out of 2500 rows of DP table...
2022-01-04 21:50:35,197 - root - DEBUG - Processing 2160-th line out of 2500 rows of DP table...
2022-01-04 21:50:35,321 - root - DEBUG - Processing 2170-th line out of 2500 rows of DP table...
2022-01-04 21:50:35,442 - root - DEBUG - Processing 2180-th line out of 2500 rows of DP table...
2022-01-04 21:50:35,559 - root - DEBUG - Processing 2190-th line out of 2500 rows of DP table...
2022-01-04 21:50:35,674 - root - DEBUG - Processing 2200-th line out of 2500 rows of DP table...
2022-01-04 21:50:35,784 - root - DEBUG - Processing 2210-th line out of 2500 rows of DP table...
2022-01-04 21:50:35,891 - root - DEBUG - Processing 2220-th line out of 2500 rows of DP table...
2022-01-04 21:50:35,995 - root - DEBUG - Processing 2230-th line out of 2500 rows of DP table...
2022-01-04 21:50:36,095 - root - DEBUG - Processing 2240-th line out of 2500 rows of DP table...
2022-01-04 21:50:36,208 - root - DEBUG - Processing 2250-th line out of 2500 rows of DP table...
2022-01-04 21:50:36,309 - root - DEBUG - Processing 2260-th line out of 2500 rows of DP table...
2022-01-04 21:50:36,400 - root - DEBUG - Processing 2270-th line out of 2500 rows of DP table...
2022-01-04 21:50:36,487 - root - DEBUG - Processing 2280-th line out of 2500 rows of DP table...
2022-01-04 21:50:36,572 - root - DEBUG - Processing 2290-th line out of 2500 rows of DP table...
2022-01-04 21:50:36,654 - root - DEBUG - Processing 2300-th line out of 2500 rows of DP table...
2022-01-04 21:50:36,732 - root - DEBUG - Processing 2310-th line out of 2500 rows of DP table...
2022-01-04 21:50:36,807 - root - DEBUG - Processing 2320-th line out of 2500 rows of DP table...
2022-01-04 21:50:36,879 - root - DEBUG - Processing 2330-th line out of 2500 rows of DP table...
2022-01-04 21:50:36,946 - root - DEBUG - Processing 2340-th line out of 2500 rows of DP table...
2022-01-04 21:50:37,011 - root - DEBUG - Processing 2350-th line out of 2500 rows of DP table...
2022-01-04 21:50:37,072 - root - DEBUG - Processing 2360-th line out of 2500 rows of DP table...
2022-01-04 21:50:37,130 - root - DEBUG - Processing 2370-th line out of 2500 rows of DP table...
2022-01-04 21:50:37,185 - root - DEBUG - Processing 2380-th line out of 2500 rows of DP table...
2022-01-04 21:50:37,238 - root - DEBUG - Processing 2390-th line out of 2500 rows of DP table...
2022-01-04 21:50:37,286 - root - DEBUG - Processing 2400-th line out of 2500 rows of DP table...
2022-01-04 21:50:37,331 - root - DEBUG - Processing 2410-th line out of 2500 rows of DP table...
2022-01-04 21:50:37,372 - root - DEBUG - Processing 2420-th line out of 2500 rows of DP table...
2022-01-04 21:50:37,415 - root - DEBUG - Processing 2430-th line out of 2500 rows of DP table...
2022-01-04 21:50:37,450 - root - DEBUG - Processing 2440-th line out of 2500 rows of DP table...
2022-01-04 21:50:37,481 - root - DEBUG - Processing 2450-th line out of 2500 rows of DP table...
2022-01-04 21:50:37,509 - root - DEBUG - Processing 2460-th line out of 2500 rows of DP table...
2022-01-04 21:50:37,533 - root - DEBUG - Processing 2470-th line out of 2500 rows of DP table...
2022-01-04 21:50:37,554 - root - DEBUG - Processing 2480-th line out of 2500 rows of DP table...
2022-01-04 21:50:37,573 - root - DEBUG - Processing 2490-th line out of 2500 rows of DP table...
2022-01-04 21:50:37,587 - root - DEBUG - Processing 2500-th line out of 2500 rows of DP table...
2022-01-04 21:50:37,601 - root - DEBUG - Started computing joint logprobs...
