2022-01-04 21:53:38,144 - root - INFO - Loading reference interval set from '211227-2-sim/g27_2.ref.tsv'...
2022-01-04 21:53:38,148 - root - INFO - Loading query interval set from '211227-2-sim/g27_2.query.tsv'...
2022-01-04 21:53:38,151 - root - INFO - Loading chromosome sizes from '211227-2-sim/g27_sizes.tsv'...
2022-01-04 21:53:38,154 - root - INFO - Number of reference intervals: 2500 (2500 before merging)
2022-01-04 21:53:38,156 - root - INFO - Number of query intervals: 500 (500 before merging)
2022-01-04 21:53:38,157 - root - INFO - Number of chromosomes: 1
2022-01-04 21:53:38,162 - root - INFO - Overlap count: 1368
2022-01-04 21:53:38,163 - root - DEBUG - Started computing sf for chromosome 'chr1'...
2022-01-04 21:53:38,165 - root - DEBUG - m=2500, n=500
2022-01-04 21:53:38,958 - root - DEBUG - Processing 10-th line out of 2500 rows of DP table...
2022-01-04 21:53:39,788 - root - DEBUG - Processing 20-th line out of 2500 rows of DP table...
2022-01-04 21:53:40,632 - root - DEBUG - Processing 30-th line out of 2500 rows of DP table...
2022-01-04 21:53:41,459 - root - DEBUG - Processing 40-th line out of 2500 rows of DP table...
2022-01-04 21:53:42,287 - root - DEBUG - Processing 50-th line out of 2500 rows of DP table...
2022-01-04 21:53:43,107 - root - DEBUG - Processing 60-th line out of 2500 rows of DP table...
2022-01-04 21:53:43,929 - root - DEBUG - Processing 70-th line out of 2500 rows of DP table...
2022-01-04 21:53:44,743 - root - DEBUG - Processing 80-th line out of 2500 rows of DP table...
2022-01-04 21:53:45,554 - root - DEBUG - Processing 90-th line out of 2500 rows of DP table...
2022-01-04 21:53:46,365 - root - DEBUG - Processing 100-th line out of 2500 rows of DP table...
2022-01-04 21:53:47,168 - root - DEBUG - Processing 110-th line out of 2500 rows of DP table...
2022-01-04 21:53:47,970 - root - DEBUG - Processing 120-th line out of 2500 rows of DP table...
2022-01-04 21:53:48,781 - root - DEBUG - Processing 130-th line out of 2500 rows of DP table...
2022-01-04 21:53:49,577 - root - DEBUG - Processing 140-th line out of 2500 rows of DP table...
2022-01-04 21:53:50,370 - root - DEBUG - Processing 150-th line out of 2500 rows of DP table...
2022-01-04 21:53:51,152 - root - DEBUG - Processing 160-th line out of 2500 rows of DP table...
2022-01-04 21:53:51,939 - root - DEBUG - Processing 170-th line out of 2500 rows of DP table...
2022-01-04 21:53:52,722 - root - DEBUG - Processing 180-th line out of 2500 rows of DP table...
2022-01-04 21:53:53,493 - root - DEBUG - Processing 190-th line out of 2500 rows of DP table...
2022-01-04 21:53:54,272 - root - DEBUG - Processing 200-th line out of 2500 rows of DP table...
2022-01-04 21:53:55,044 - root - DEBUG - Processing 210-th line out of 2500 rows of DP table...
2022-01-04 21:53:55,812 - root - DEBUG - Processing 220-th line out of 2500 rows of DP table...
2022-01-04 21:53:56,595 - root - DEBUG - Processing 230-th line out of 2500 rows of DP table...
2022-01-04 21:53:57,359 - root - DEBUG - Processing 240-th line out of 2500 rows of DP table...
2022-01-04 21:53:58,114 - root - DEBUG - Processing 250-th line out of 2500 rows of DP table...
2022-01-04 21:53:58,873 - root - DEBUG - Processing 260-th line out of 2500 rows of DP table...
2022-01-04 21:53:59,627 - root - DEBUG - Processing 270-th line out of 2500 rows of DP table...
2022-01-04 21:54:00,370 - root - DEBUG - Processing 280-th line out of 2500 rows of DP table...
2022-01-04 21:54:01,118 - root - DEBUG - Processing 290-th line out of 2500 rows of DP table...
2022-01-04 21:54:01,859 - root - DEBUG - Processing 300-th line out of 2500 rows of DP table...
2022-01-04 21:54:02,592 - root - DEBUG - Processing 310-th line out of 2500 rows of DP table...
2022-01-04 21:54:03,332 - root - DEBUG - Processing 320-th line out of 2500 rows of DP table...
2022-01-04 21:54:04,067 - root - DEBUG - Processing 330-th line out of 2500 rows of DP table...
2022-01-04 21:54:04,796 - root - DEBUG - Processing 340-th line out of 2500 rows of DP table...
2022-01-04 21:54:05,525 - root - DEBUG - Processing 350-th line out of 2500 rows of DP table...
2022-01-04 21:54:06,251 - root - DEBUG - Processing 360-th line out of 2500 rows of DP table...
2022-01-04 21:54:06,965 - root - DEBUG - Processing 370-th line out of 2500 rows of DP table...
2022-01-04 21:54:07,687 - root - DEBUG - Processing 380-th line out of 2500 rows of DP table...
2022-01-04 21:54:08,398 - root - DEBUG - Processing 390-th line out of 2500 rows of DP table...
2022-01-04 21:54:09,110 - root - DEBUG - Processing 400-th line out of 2500 rows of DP table...
2022-01-04 21:54:09,818 - root - DEBUG - Processing 410-th line out of 2500 rows of DP table...
2022-01-04 21:54:10,517 - root - DEBUG - Processing 420-th line out of 2500 rows of DP table...
2022-01-04 21:54:11,220 - root - DEBUG - Processing 430-th line out of 2500 rows of DP table...
2022-01-04 21:54:11,915 - root - DEBUG - Processing 440-th line out of 2500 rows of DP table...
2022-01-04 21:54:12,599 - root - DEBUG - Processing 450-th line out of 2500 rows of DP table...
2022-01-04 21:54:13,288 - root - DEBUG - Processing 460-th line out of 2500 rows of DP table...
2022-01-04 21:54:13,968 - root - DEBUG - Processing 470-th line out of 2500 rows of DP table...
2022-01-04 21:54:14,651 - root - DEBUG - Processing 480-th line out of 2500 rows of DP table...
2022-01-04 21:54:15,336 - root - DEBUG - Processing 490-th line out of 2500 rows of DP table...
2022-01-04 21:54:16,010 - root - DEBUG - Processing 500-th line out of 2500 rows of DP table...
2022-01-04 21:54:16,685 - root - DEBUG - Processing 510-th line out of 2500 rows of DP table...
2022-01-04 21:54:17,347 - root - DEBUG - Processing 520-th line out of 2500 rows of DP table...
2022-01-04 21:54:18,016 - root - DEBUG - Processing 530-th line out of 2500 rows of DP table...
2022-01-04 21:54:18,676 - root - DEBUG - Processing 540-th line out of 2500 rows of DP table...
2022-01-04 21:54:19,338 - root - DEBUG - Processing 550-th line out of 2500 rows of DP table...
2022-01-04 21:54:19,996 - root - DEBUG - Processing 560-th line out of 2500 rows of DP table...
2022-01-04 21:54:20,644 - root - DEBUG - Processing 570-th line out of 2500 rows of DP table...
2022-01-04 21:54:21,298 - root - DEBUG - Processing 580-th line out of 2500 rows of DP table...
2022-01-04 21:54:21,942 - root - DEBUG - Processing 590-th line out of 2500 rows of DP table...
2022-01-04 21:54:22,589 - root - DEBUG - Processing 600-th line out of 2500 rows of DP table...
2022-01-04 21:54:23,224 - root - DEBUG - Processing 610-th line out of 2500 rows of DP table...
2022-01-04 21:54:23,868 - root - DEBUG - Processing 620-th line out of 2500 rows of DP table...
2022-01-04 21:54:24,502 - root - DEBUG - Processing 630-th line out of 2500 rows of DP table...
2022-01-04 21:54:25,133 - root - DEBUG - Processing 640-th line out of 2500 rows of DP table...
2022-01-04 21:54:25,788 - root - DEBUG - Processing 650-th line out of 2500 rows of DP table...
2022-01-04 21:54:26,412 - root - DEBUG - Processing 660-th line out of 2500 rows of DP table...
2022-01-04 21:54:27,035 - root - DEBUG - Processing 670-th line out of 2500 rows of DP table...
2022-01-04 21:54:27,645 - root - DEBUG - Processing 680-th line out of 2500 rows of DP table...
2022-01-04 21:54:28,263 - root - DEBUG - Processing 690-th line out of 2500 rows of DP table...
2022-01-04 21:54:28,874 - root - DEBUG - Processing 700-th line out of 2500 rows of DP table...
2022-01-04 21:54:29,486 - root - DEBUG - Processing 710-th line out of 2500 rows of DP table...
2022-01-04 21:54:30,087 - root - DEBUG - Processing 720-th line out of 2500 rows of DP table...
2022-01-04 21:54:30,689 - root - DEBUG - Processing 730-th line out of 2500 rows of DP table...
2022-01-04 21:54:31,292 - root - DEBUG - Processing 740-th line out of 2500 rows of DP table...
2022-01-04 21:54:31,883 - root - DEBUG - Processing 750-th line out of 2500 rows of DP table...
2022-01-04 21:54:32,475 - root - DEBUG - Processing 760-th line out of 2500 rows of DP table...
2022-01-04 21:54:33,059 - root - DEBUG - Processing 770-th line out of 2500 rows of DP table...
2022-01-04 21:54:33,657 - root - DEBUG - Processing 780-th line out of 2500 rows of DP table...
2022-01-04 21:54:34,237 - root - DEBUG - Processing 790-th line out of 2500 rows of DP table...
2022-01-04 21:54:34,820 - root - DEBUG - Processing 800-th line out of 2500 rows of DP table...
2022-01-04 21:54:35,391 - root - DEBUG - Processing 810-th line out of 2500 rows of DP table...
2022-01-04 21:54:35,965 - root - DEBUG - Processing 820-th line out of 2500 rows of DP table...
2022-01-04 21:54:36,530 - root - DEBUG - Processing 830-th line out of 2500 rows of DP table...
2022-01-04 21:54:37,100 - root - DEBUG - Processing 840-th line out of 2500 rows of DP table...
2022-01-04 21:54:37,668 - root - DEBUG - Processing 850-th line out of 2500 rows of DP table...
2022-01-04 21:54:38,236 - root - DEBUG - Processing 860-th line out of 2500 rows of DP table...
2022-01-04 21:54:38,784 - root - DEBUG - Processing 870-th line out of 2500 rows of DP table...
2022-01-04 21:54:39,335 - root - DEBUG - Processing 880-th line out of 2500 rows of DP table...
2022-01-04 21:54:39,877 - root - DEBUG - Processing 890-th line out of 2500 rows of DP table...
2022-01-04 21:54:40,427 - root - DEBUG - Processing 900-th line out of 2500 rows of DP table...
2022-01-04 21:54:40,967 - root - DEBUG - Processing 910-th line out of 2500 rows of DP table...
2022-01-04 21:54:41,506 - root - DEBUG - Processing 920-th line out of 2500 rows of DP table...
2022-01-04 21:54:42,039 - root - DEBUG - Processing 930-th line out of 2500 rows of DP table...
2022-01-04 21:54:42,566 - root - DEBUG - Processing 940-th line out of 2500 rows of DP table...
2022-01-04 21:54:43,099 - root - DEBUG - Processing 950-th line out of 2500 rows of DP table...
2022-01-04 21:54:43,619 - root - DEBUG - Processing 960-th line out of 2500 rows of DP table...
2022-01-04 21:54:44,146 - root - DEBUG - Processing 970-th line out of 2500 rows of DP table...
2022-01-04 21:54:44,662 - root - DEBUG - Processing 980-th line out of 2500 rows of DP table...
2022-01-04 21:54:45,179 - root - DEBUG - Processing 990-th line out of 2500 rows of DP table...
2022-01-04 21:54:45,688 - root - DEBUG - Processing 1000-th line out of 2500 rows of DP table...
2022-01-04 21:54:46,198 - root - DEBUG - Processing 1010-th line out of 2500 rows of DP table...
2022-01-04 21:54:46,702 - root - DEBUG - Processing 1020-th line out of 2500 rows of DP table...
2022-01-04 21:54:47,208 - root - DEBUG - Processing 1030-th line out of 2500 rows of DP table...
2022-01-04 21:54:47,702 - root - DEBUG - Processing 1040-th line out of 2500 rows of DP table...
2022-01-04 21:54:48,195 - root - DEBUG - Processing 1050-th line out of 2500 rows of DP table...
2022-01-04 21:54:48,691 - root - DEBUG - Processing 1060-th line out of 2500 rows of DP table...
2022-01-04 21:54:49,179 - root - DEBUG - Processing 1070-th line out of 2500 rows of DP table...
2022-01-04 21:54:49,666 - root - DEBUG - Processing 1080-th line out of 2500 rows of DP table...
2022-01-04 21:54:50,145 - root - DEBUG - Processing 1090-th line out of 2500 rows of DP table...
2022-01-04 21:54:50,628 - root - DEBUG - Processing 1100-th line out of 2500 rows of DP table...
2022-01-04 21:54:51,101 - root - DEBUG - Processing 1110-th line out of 2500 rows of DP table...
2022-01-04 21:54:51,571 - root - DEBUG - Processing 1120-th line out of 2500 rows of DP table...
2022-01-04 21:54:52,047 - root - DEBUG - Processing 1130-th line out of 2500 rows of DP table...
2022-01-04 21:54:52,526 - root - DEBUG - Processing 1140-th line out of 2500 rows of DP table...
2022-01-04 21:54:52,991 - root - DEBUG - Processing 1150-th line out of 2500 rows of DP table...
2022-01-04 21:54:53,448 - root - DEBUG - Processing 1160-th line out of 2500 rows of DP table...
2022-01-04 21:54:53,901 - root - DEBUG - Processing 1170-th line out of 2500 rows of DP table...
2022-01-04 21:54:54,356 - root - DEBUG - Processing 1180-th line out of 2500 rows of DP table...
2022-01-04 21:54:54,805 - root - DEBUG - Processing 1190-th line out of 2500 rows of DP table...
2022-01-04 21:54:55,257 - root - DEBUG - Processing 1200-th line out of 2500 rows of DP table...
2022-01-04 21:54:55,699 - root - DEBUG - Processing 1210-th line out of 2500 rows of DP table...
2022-01-04 21:54:56,140 - root - DEBUG - Processing 1220-th line out of 2500 rows of DP table...
2022-01-04 21:54:56,580 - root - DEBUG - Processing 1230-th line out of 2500 rows of DP table...
2022-01-04 21:54:57,011 - root - DEBUG - Processing 1240-th line out of 2500 rows of DP table...
2022-01-04 21:54:57,440 - root - DEBUG - Processing 1250-th line out of 2500 rows of DP table...
2022-01-04 21:54:57,868 - root - DEBUG - Processing 1260-th line out of 2500 rows of DP table...
2022-01-04 21:54:58,288 - root - DEBUG - Processing 1270-th line out of 2500 rows of DP table...
2022-01-04 21:54:58,711 - root - DEBUG - Processing 1280-th line out of 2500 rows of DP table...
2022-01-04 21:54:59,126 - root - DEBUG - Processing 1290-th line out of 2500 rows of DP table...
2022-01-04 21:54:59,533 - root - DEBUG - Processing 1300-th line out of 2500 rows of DP table...
2022-01-04 21:54:59,947 - root - DEBUG - Processing 1310-th line out of 2500 rows of DP table...
2022-01-04 21:55:00,351 - root - DEBUG - Processing 1320-th line out of 2500 rows of DP table...
2022-01-04 21:55:00,751 - root - DEBUG - Processing 1330-th line out of 2500 rows of DP table...
2022-01-04 21:55:01,154 - root - DEBUG - Processing 1340-th line out of 2500 rows of DP table...
2022-01-04 21:55:01,548 - root - DEBUG - Processing 1350-th line out of 2500 rows of DP table...
2022-01-04 21:55:01,936 - root - DEBUG - Processing 1360-th line out of 2500 rows of DP table...
2022-01-04 21:55:02,330 - root - DEBUG - Processing 1370-th line out of 2500 rows of DP table...
2022-01-04 21:55:02,716 - root - DEBUG - Processing 1380-th line out of 2500 rows of DP table...
2022-01-04 21:55:03,095 - root - DEBUG - Processing 1390-th line out of 2500 rows of DP table...
2022-01-04 21:55:03,476 - root - DEBUG - Processing 1400-th line out of 2500 rows of DP table...
2022-01-04 21:55:03,850 - root - DEBUG - Processing 1410-th line out of 2500 rows of DP table...
2022-01-04 21:55:04,221 - root - DEBUG - Processing 1420-th line out of 2500 rows of DP table...
2022-01-04 21:55:04,594 - root - DEBUG - Processing 1430-th line out of 2500 rows of DP table...
2022-01-04 21:55:04,959 - root - DEBUG - Processing 1440-th line out of 2500 rows of DP table...
2022-01-04 21:55:05,320 - root - DEBUG - Processing 1450-th line out of 2500 rows of DP table...
2022-01-04 21:55:05,683 - root - DEBUG - Processing 1460-th line out of 2500 rows of DP table...
2022-01-04 21:55:06,037 - root - DEBUG - Processing 1470-th line out of 2500 rows of DP table...
2022-01-04 21:55:06,389 - root - DEBUG - Processing 1480-th line out of 2500 rows of DP table...
2022-01-04 21:55:06,741 - root - DEBUG - Processing 1490-th line out of 2500 rows of DP table...
2022-01-04 21:55:07,086 - root - DEBUG - Processing 1500-th line out of 2500 rows of DP table...
2022-01-04 21:55:07,428 - root - DEBUG - Processing 1510-th line out of 2500 rows of DP table...
2022-01-04 21:55:07,772 - root - DEBUG - Processing 1520-th line out of 2500 rows of DP table...
2022-01-04 21:55:08,105 - root - DEBUG - Processing 1530-th line out of 2500 rows of DP table...
2022-01-04 21:55:08,437 - root - DEBUG - Processing 1540-th line out of 2500 rows of DP table...
2022-01-04 21:55:08,766 - root - DEBUG - Processing 1550-th line out of 2500 rows of DP table...
2022-01-04 21:55:09,094 - root - DEBUG - Processing 1560-th line out of 2500 rows of DP table...
2022-01-04 21:55:09,415 - root - DEBUG - Processing 1570-th line out of 2500 rows of DP table...
2022-01-04 21:55:09,732 - root - DEBUG - Processing 1580-th line out of 2500 rows of DP table...
2022-01-04 21:55:10,052 - root - DEBUG - Processing 1590-th line out of 2500 rows of DP table...
2022-01-04 21:55:10,365 - root - DEBUG - Processing 1600-th line out of 2500 rows of DP table...
2022-01-04 21:55:10,675 - root - DEBUG - Processing 1610-th line out of 2500 rows of DP table...
2022-01-04 21:55:10,981 - root - DEBUG - Processing 1620-th line out of 2500 rows of DP table...
2022-01-04 21:55:11,288 - root - DEBUG - Processing 1630-th line out of 2500 rows of DP table...
2022-01-04 21:55:11,586 - root - DEBUG - Processing 1640-th line out of 2500 rows of DP table...
2022-01-04 21:55:11,883 - root - DEBUG - Processing 1650-th line out of 2500 rows of DP table...
2022-01-04 21:55:12,175 - root - DEBUG - Processing 1660-th line out of 2500 rows of DP table...
2022-01-04 21:55:12,469 - root - DEBUG - Processing 1670-th line out of 2500 rows of DP table...
2022-01-04 21:55:12,754 - root - DEBUG - Processing 1680-th line out of 2500 rows of DP table...
2022-01-04 21:55:13,035 - root - DEBUG - Processing 1690-th line out of 2500 rows of DP table...
2022-01-04 21:55:13,314 - root - DEBUG - Processing 1700-th line out of 2500 rows of DP table...
2022-01-04 21:55:13,594 - root - DEBUG - Processing 1710-th line out of 2500 rows of DP table...
2022-01-04 21:55:13,867 - root - DEBUG - Processing 1720-th line out of 2500 rows of DP table...
2022-01-04 21:55:14,136 - root - DEBUG - Processing 1730-th line out of 2500 rows of DP table...
2022-01-04 21:55:14,400 - root - DEBUG - Processing 1740-th line out of 2500 rows of DP table...
2022-01-04 21:55:14,668 - root - DEBUG - Processing 1750-th line out of 2500 rows of DP table...
2022-01-04 21:55:14,928 - root - DEBUG - Processing 1760-th line out of 2500 rows of DP table...
2022-01-04 21:55:15,186 - root - DEBUG - Processing 1770-th line out of 2500 rows of DP table...
2022-01-04 21:55:15,438 - root - DEBUG - Processing 1780-th line out of 2500 rows of DP table...
2022-01-04 21:55:15,687 - root - DEBUG - Processing 1790-th line out of 2500 rows of DP table...
2022-01-04 21:55:15,938 - root - DEBUG - Processing 1800-th line out of 2500 rows of DP table...
2022-01-04 21:55:16,182 - root - DEBUG - Processing 1810-th line out of 2500 rows of DP table...
2022-01-04 21:55:16,421 - root - DEBUG - Processing 1820-th line out of 2500 rows of DP table...
2022-01-04 21:55:16,657 - root - DEBUG - Processing 1830-th line out of 2500 rows of DP table...
2022-01-04 21:55:16,894 - root - DEBUG - Processing 1840-th line out of 2500 rows of DP table...
2022-01-04 21:55:17,122 - root - DEBUG - Processing 1850-th line out of 2500 rows of DP table...
2022-01-04 21:55:17,356 - root - DEBUG - Processing 1860-th line out of 2500 rows of DP table...
2022-01-04 21:55:17,578 - root - DEBUG - Processing 1870-th line out of 2500 rows of DP table...
2022-01-04 21:55:17,796 - root - DEBUG - Processing 1880-th line out of 2500 rows of DP table...
2022-01-04 21:55:18,016 - root - DEBUG - Processing 1890-th line out of 2500 rows of DP table...
2022-01-04 21:55:18,228 - root - DEBUG - Processing 1900-th line out of 2500 rows of DP table...
2022-01-04 21:55:18,436 - root - DEBUG - Processing 1910-th line out of 2500 rows of DP table...
2022-01-04 21:55:18,641 - root - DEBUG - Processing 1920-th line out of 2500 rows of DP table...
2022-01-04 21:55:18,843 - root - DEBUG - Processing 1930-th line out of 2500 rows of DP table...
2022-01-04 21:55:19,042 - root - DEBUG - Processing 1940-th line out of 2500 rows of DP table...
2022-01-04 21:55:19,242 - root - DEBUG - Processing 1950-th line out of 2500 rows of DP table...
2022-01-04 21:55:19,442 - root - DEBUG - Processing 1960-th line out of 2500 rows of DP table...
2022-01-04 21:55:19,632 - root - DEBUG - Processing 1970-th line out of 2500 rows of DP table...
2022-01-04 21:55:19,817 - root - DEBUG - Processing 1980-th line out of 2500 rows of DP table...
2022-01-04 21:55:19,999 - root - DEBUG - Processing 1990-th line out of 2500 rows of DP table...
2022-01-04 21:55:20,177 - root - DEBUG - Processing 2000-th line out of 2500 rows of DP table...
2022-01-04 21:55:20,359 - root - DEBUG - Processing 2010-th line out of 2500 rows of DP table...
2022-01-04 21:55:20,532 - root - DEBUG - Processing 2020-th line out of 2500 rows of DP table...
2022-01-04 21:55:20,702 - root - DEBUG - Processing 2030-th line out of 2500 rows of DP table...
2022-01-04 21:55:20,868 - root - DEBUG - Processing 2040-th line out of 2500 rows of DP table...
2022-01-04 21:55:21,030 - root - DEBUG - Processing 2050-th line out of 2500 rows of DP table...
2022-01-04 21:55:21,190 - root - DEBUG - Processing 2060-th line out of 2500 rows of DP table...
2022-01-04 21:55:21,347 - root - DEBUG - Processing 2070-th line out of 2500 rows of DP table...
2022-01-04 21:55:21,507 - root - DEBUG - Processing 2080-th line out of 2500 rows of DP table...
2022-01-04 21:55:21,657 - root - DEBUG - Processing 2090-th line out of 2500 rows of DP table...
2022-01-04 21:55:21,803 - root - DEBUG - Processing 2100-th line out of 2500 rows of DP table...
2022-01-04 21:55:21,947 - root - DEBUG - Processing 2110-th line out of 2500 rows of DP table...
2022-01-04 21:55:22,087 - root - DEBUG - Processing 2120-th line out of 2500 rows of DP table...
2022-01-04 21:55:22,224 - root - DEBUG - Processing 2130-th line out of 2500 rows of DP table...
2022-01-04 21:55:22,357 - root - DEBUG - Processing 2140-th line out of 2500 rows of DP table...
2022-01-04 21:55:22,487 - root - DEBUG - Processing 2150-th line out of 2500 rows of DP table...
2022-01-04 21:55:22,622 - root - DEBUG - Processing 2160-th line out of 2500 rows of DP table...
2022-01-04 21:55:22,745 - root - DEBUG - Processing 2170-th line out of 2500 rows of DP table...
2022-01-04 21:55:22,865 - root - DEBUG - Processing 2180-th line out of 2500 rows of DP table...
2022-01-04 21:55:22,982 - root - DEBUG - Processing 2190-th line out of 2500 rows of DP table...
2022-01-04 21:55:23,095 - root - DEBUG - Processing 2200-th line out of 2500 rows of DP table...
2022-01-04 21:55:23,210 - root - DEBUG - Processing 2210-th line out of 2500 rows of DP table...
2022-01-04 21:55:23,317 - root - DEBUG - Processing 2220-th line out of 2500 rows of DP table...
2022-01-04 21:55:23,422 - root - DEBUG - Processing 2230-th line out of 2500 rows of DP table...
2022-01-04 21:55:23,523 - root - DEBUG - Processing 2240-th line out of 2500 rows of DP table...
2022-01-04 21:55:23,621 - root - DEBUG - Processing 2250-th line out of 2500 rows of DP table...
2022-01-04 21:55:23,722 - root - DEBUG - Processing 2260-th line out of 2500 rows of DP table...
2022-01-04 21:55:23,813 - root - DEBUG - Processing 2270-th line out of 2500 rows of DP table...
2022-01-04 21:55:23,900 - root - DEBUG - Processing 2280-th line out of 2500 rows of DP table...
2022-01-04 21:55:23,985 - root - DEBUG - Processing 2290-th line out of 2500 rows of DP table...
2022-01-04 21:55:24,066 - root - DEBUG - Processing 2300-th line out of 2500 rows of DP table...
2022-01-04 21:55:24,144 - root - DEBUG - Processing 2310-th line out of 2500 rows of DP table...
2022-01-04 21:55:24,219 - root - DEBUG - Processing 2320-th line out of 2500 rows of DP table...
2022-01-04 21:55:24,290 - root - DEBUG - Processing 2330-th line out of 2500 rows of DP table...
2022-01-04 21:55:24,358 - root - DEBUG - Processing 2340-th line out of 2500 rows of DP table...
2022-01-04 21:55:24,423 - root - DEBUG - Processing 2350-th line out of 2500 rows of DP table...
2022-01-04 21:55:24,484 - root - DEBUG - Processing 2360-th line out of 2500 rows of DP table...
2022-01-04 21:55:24,542 - root - DEBUG - Processing 2370-th line out of 2500 rows of DP table...
2022-01-04 21:55:24,596 - root - DEBUG - Processing 2380-th line out of 2500 rows of DP table...
2022-01-04 21:55:24,647 - root - DEBUG - Processing 2390-th line out of 2500 rows of DP table...
2022-01-04 21:55:24,695 - root - DEBUG - Processing 2400-th line out of 2500 rows of DP table...
2022-01-04 21:55:24,740 - root - DEBUG - Processing 2410-th line out of 2500 rows of DP table...
2022-01-04 21:55:24,781 - root - DEBUG - Processing 2420-th line out of 2500 rows of DP table...
2022-01-04 21:55:24,819 - root - DEBUG - Processing 2430-th line out of 2500 rows of DP table...
2022-01-04 21:55:24,853 - root - DEBUG - Processing 2440-th line out of 2500 rows of DP table...
2022-01-04 21:55:24,890 - root - DEBUG - Processing 2450-th line out of 2500 rows of DP table...
2022-01-04 21:55:24,918 - root - DEBUG - Processing 2460-th line out of 2500 rows of DP table...
2022-01-04 21:55:24,942 - root - DEBUG - Processing 2470-th line out of 2500 rows of DP table...
2022-01-04 21:55:24,964 - root - DEBUG - Processing 2480-th line out of 2500 rows of DP table...
2022-01-04 21:55:24,982 - root - DEBUG - Processing 2490-th line out of 2500 rows of DP table...
2022-01-04 21:55:24,997 - root - DEBUG - Processing 2500-th line out of 2500 rows of DP table...
2022-01-04 21:55:25,010 - root - DEBUG - Started computing joint logprobs...
