2022-01-04 21:43:00,056 - root - INFO - Loading reference interval set from '211227-2-sim/g27_3.ref.tsv'...
2022-01-04 21:43:00,064 - root - INFO - Loading query interval set from '211227-2-sim/g27_3.query.tsv'...
2022-01-04 21:43:00,069 - root - INFO - Loading chromosome sizes from '211227-2-sim/g27_sizes.tsv'...
2022-01-04 21:43:00,074 - root - INFO - Number of reference intervals: 2500 (2500 before merging)
2022-01-04 21:43:00,076 - root - INFO - Number of query intervals: 500 (500 before merging)
2022-01-04 21:43:00,077 - root - INFO - Number of chromosomes: 1
2022-01-04 21:43:00,087 - root - INFO - Overlap count: 1397
2022-01-04 21:43:00,089 - root - DEBUG - Started computing sf for chromosome 'chr1'...
2022-01-04 21:43:00,091 - root - DEBUG - m=2500, n=500
2022-01-04 21:43:01,649 - root - DEBUG - Processing 10-th line out of 2500 rows of DP table...
2022-01-04 21:43:03,288 - root - DEBUG - Processing 20-th line out of 2500 rows of DP table...
2022-01-04 21:43:04,932 - root - DEBUG - Processing 30-th line out of 2500 rows of DP table...
2022-01-04 21:43:06,560 - root - DEBUG - Processing 40-th line out of 2500 rows of DP table...
2022-01-04 21:43:07,589 - root - DEBUG - Processing 50-th line out of 2500 rows of DP table...
2022-01-04 21:43:08,429 - root - DEBUG - Processing 60-th line out of 2500 rows of DP table...
2022-01-04 21:43:09,258 - root - DEBUG - Processing 70-th line out of 2500 rows of DP table...
2022-01-04 21:43:10,097 - root - DEBUG - Processing 80-th line out of 2500 rows of DP table...
2022-01-04 21:43:10,919 - root - DEBUG - Processing 90-th line out of 2500 rows of DP table...
2022-01-04 21:43:11,747 - root - DEBUG - Processing 100-th line out of 2500 rows of DP table...
2022-01-04 21:43:12,568 - root - DEBUG - Processing 110-th line out of 2500 rows of DP table...
2022-01-04 21:43:13,380 - root - DEBUG - Processing 120-th line out of 2500 rows of DP table...
2022-01-04 21:43:14,191 - root - DEBUG - Processing 130-th line out of 2500 rows of DP table...
2022-01-04 21:43:14,998 - root - DEBUG - Processing 140-th line out of 2500 rows of DP table...
2022-01-04 21:43:15,804 - root - DEBUG - Processing 150-th line out of 2500 rows of DP table...
2022-01-04 21:43:16,611 - root - DEBUG - Processing 160-th line out of 2500 rows of DP table...
2022-01-04 21:43:17,407 - root - DEBUG - Processing 170-th line out of 2500 rows of DP table...
2022-01-04 21:43:18,200 - root - DEBUG - Processing 180-th line out of 2500 rows of DP table...
2022-01-04 21:43:18,993 - root - DEBUG - Processing 190-th line out of 2500 rows of DP table...
2022-01-04 21:43:19,779 - root - DEBUG - Processing 200-th line out of 2500 rows of DP table...
2022-01-04 21:43:20,577 - root - DEBUG - Processing 210-th line out of 2500 rows of DP table...
2022-01-04 21:43:21,354 - root - DEBUG - Processing 220-th line out of 2500 rows of DP table...
2022-01-04 21:43:22,128 - root - DEBUG - Processing 230-th line out of 2500 rows of DP table...
2022-01-04 21:43:22,899 - root - DEBUG - Processing 240-th line out of 2500 rows of DP table...
2022-01-04 21:43:23,664 - root - DEBUG - Processing 250-th line out of 2500 rows of DP table...
2022-01-04 21:43:24,430 - root - DEBUG - Processing 260-th line out of 2500 rows of DP table...
2022-01-04 21:43:25,193 - root - DEBUG - Processing 270-th line out of 2500 rows of DP table...
2022-01-04 21:43:25,950 - root - DEBUG - Processing 280-th line out of 2500 rows of DP table...
2022-01-04 21:43:26,707 - root - DEBUG - Processing 290-th line out of 2500 rows of DP table...
2022-01-04 21:43:27,463 - root - DEBUG - Processing 300-th line out of 2500 rows of DP table...
2022-01-04 21:43:28,212 - root - DEBUG - Processing 310-th line out of 2500 rows of DP table...
2022-01-04 21:43:28,956 - root - DEBUG - Processing 320-th line out of 2500 rows of DP table...
2022-01-04 21:43:29,697 - root - DEBUG - Processing 330-th line out of 2500 rows of DP table...
2022-01-04 21:43:30,436 - root - DEBUG - Processing 340-th line out of 2500 rows of DP table...
2022-01-04 21:43:31,175 - root - DEBUG - Processing 350-th line out of 2500 rows of DP table...
2022-01-04 21:43:31,906 - root - DEBUG - Processing 360-th line out of 2500 rows of DP table...
2022-01-04 21:43:32,637 - root - DEBUG - Processing 370-th line out of 2500 rows of DP table...
2022-01-04 21:43:33,366 - root - DEBUG - Processing 380-th line out of 2500 rows of DP table...
2022-01-04 21:43:34,086 - root - DEBUG - Processing 390-th line out of 2500 rows of DP table...
2022-01-04 21:43:34,809 - root - DEBUG - Processing 400-th line out of 2500 rows of DP table...
2022-01-04 21:43:35,526 - root - DEBUG - Processing 410-th line out of 2500 rows of DP table...
2022-01-04 21:43:36,248 - root - DEBUG - Processing 420-th line out of 2500 rows of DP table...
2022-01-04 21:43:36,954 - root - DEBUG - Processing 430-th line out of 2500 rows of DP table...
2022-01-04 21:43:37,662 - root - DEBUG - Processing 440-th line out of 2500 rows of DP table...
2022-01-04 21:43:38,364 - root - DEBUG - Processing 450-th line out of 2500 rows of DP table...
2022-01-04 21:43:39,064 - root - DEBUG - Processing 460-th line out of 2500 rows of DP table...
2022-01-04 21:43:39,764 - root - DEBUG - Processing 470-th line out of 2500 rows of DP table...
2022-01-04 21:43:40,459 - root - DEBUG - Processing 480-th line out of 2500 rows of DP table...
2022-01-04 21:43:41,148 - root - DEBUG - Processing 490-th line out of 2500 rows of DP table...
2022-01-04 21:43:41,835 - root - DEBUG - Processing 500-th line out of 2500 rows of DP table...
2022-01-04 21:43:42,518 - root - DEBUG - Processing 510-th line out of 2500 rows of DP table...
2022-01-04 21:43:43,199 - root - DEBUG - Processing 520-th line out of 2500 rows of DP table...
2022-01-04 21:43:43,875 - root - DEBUG - Processing 530-th line out of 2500 rows of DP table...
2022-01-04 21:43:44,546 - root - DEBUG - Processing 540-th line out of 2500 rows of DP table...
2022-01-04 21:43:45,216 - root - DEBUG - Processing 550-th line out of 2500 rows of DP table...
2022-01-04 21:43:45,883 - root - DEBUG - Processing 560-th line out of 2500 rows of DP table...
2022-01-04 21:43:46,547 - root - DEBUG - Processing 570-th line out of 2500 rows of DP table...
2022-01-04 21:43:47,207 - root - DEBUG - Processing 580-th line out of 2500 rows of DP table...
2022-01-04 21:43:47,861 - root - DEBUG - Processing 590-th line out of 2500 rows of DP table...
2022-01-04 21:43:48,517 - root - DEBUG - Processing 600-th line out of 2500 rows of DP table...
2022-01-04 21:43:49,164 - root - DEBUG - Processing 610-th line out of 2500 rows of DP table...
2022-01-04 21:43:49,811 - root - DEBUG - Processing 620-th line out of 2500 rows of DP table...
2022-01-04 21:43:50,459 - root - DEBUG - Processing 630-th line out of 2500 rows of DP table...
2022-01-04 21:43:51,100 - root - DEBUG - Processing 640-th line out of 2500 rows of DP table...
2022-01-04 21:43:51,735 - root - DEBUG - Processing 650-th line out of 2500 rows of DP table...
2022-01-04 21:43:52,373 - root - DEBUG - Processing 660-th line out of 2500 rows of DP table...
2022-01-04 21:43:53,000 - root - DEBUG - Processing 670-th line out of 2500 rows of DP table...
2022-01-04 21:43:53,625 - root - DEBUG - Processing 680-th line out of 2500 rows of DP table...
2022-01-04 21:43:54,251 - root - DEBUG - Processing 690-th line out of 2500 rows of DP table...
2022-01-04 21:43:54,869 - root - DEBUG - Processing 700-th line out of 2500 rows of DP table...
2022-01-04 21:43:55,486 - root - DEBUG - Processing 710-th line out of 2500 rows of DP table...
2022-01-04 21:43:56,098 - root - DEBUG - Processing 720-th line out of 2500 rows of DP table...
2022-01-04 21:43:56,712 - root - DEBUG - Processing 730-th line out of 2500 rows of DP table...
2022-01-04 21:43:57,318 - root - DEBUG - Processing 740-th line out of 2500 rows of DP table...
2022-01-04 21:43:57,920 - root - DEBUG - Processing 750-th line out of 2500 rows of DP table...
2022-01-04 21:43:58,521 - root - DEBUG - Processing 760-th line out of 2500 rows of DP table...
2022-01-04 21:43:59,115 - root - DEBUG - Processing 770-th line out of 2500 rows of DP table...
2022-01-04 21:43:59,706 - root - DEBUG - Processing 780-th line out of 2500 rows of DP table...
2022-01-04 21:44:00,297 - root - DEBUG - Processing 790-th line out of 2500 rows of DP table...
2022-01-04 21:44:00,885 - root - DEBUG - Processing 800-th line out of 2500 rows of DP table...
2022-01-04 21:44:01,468 - root - DEBUG - Processing 810-th line out of 2500 rows of DP table...
2022-01-04 21:44:02,051 - root - DEBUG - Processing 820-th line out of 2500 rows of DP table...
2022-01-04 21:44:02,629 - root - DEBUG - Processing 830-th line out of 2500 rows of DP table...
2022-01-04 21:44:03,200 - root - DEBUG - Processing 840-th line out of 2500 rows of DP table...
2022-01-04 21:44:03,769 - root - DEBUG - Processing 850-th line out of 2500 rows of DP table...
2022-01-04 21:44:04,336 - root - DEBUG - Processing 860-th line out of 2500 rows of DP table...
2022-01-04 21:44:04,903 - root - DEBUG - Processing 870-th line out of 2500 rows of DP table...
2022-01-04 21:44:05,463 - root - DEBUG - Processing 880-th line out of 2500 rows of DP table...
2022-01-04 21:44:06,019 - root - DEBUG - Processing 890-th line out of 2500 rows of DP table...
2022-01-04 21:44:06,571 - root - DEBUG - Processing 900-th line out of 2500 rows of DP table...
2022-01-04 21:44:07,120 - root - DEBUG - Processing 910-th line out of 2500 rows of DP table...
2022-01-04 21:44:07,664 - root - DEBUG - Processing 920-th line out of 2500 rows of DP table...
2022-01-04 21:44:08,204 - root - DEBUG - Processing 930-th line out of 2500 rows of DP table...
2022-01-04 21:44:08,750 - root - DEBUG - Processing 940-th line out of 2500 rows of DP table...
2022-01-04 21:44:09,288 - root - DEBUG - Processing 950-th line out of 2500 rows of DP table...
2022-01-04 21:44:09,820 - root - DEBUG - Processing 960-th line out of 2500 rows of DP table...
2022-01-04 21:44:10,348 - root - DEBUG - Processing 970-th line out of 2500 rows of DP table...
2022-01-04 21:44:10,873 - root - DEBUG - Processing 980-th line out of 2500 rows of DP table...
2022-01-04 21:44:11,397 - root - DEBUG - Processing 990-th line out of 2500 rows of DP table...
2022-01-04 21:44:11,915 - root - DEBUG - Processing 1000-th line out of 2500 rows of DP table...
2022-01-04 21:44:12,429 - root - DEBUG - Processing 1010-th line out of 2500 rows of DP table...
2022-01-04 21:44:12,942 - root - DEBUG - Processing 1020-th line out of 2500 rows of DP table...
2022-01-04 21:44:13,450 - root - DEBUG - Processing 1030-th line out of 2500 rows of DP table...
2022-01-04 21:44:13,954 - root - DEBUG - Processing 1040-th line out of 2500 rows of DP table...
2022-01-04 21:44:14,456 - root - DEBUG - Processing 1050-th line out of 2500 rows of DP table...
2022-01-04 21:44:14,955 - root - DEBUG - Processing 1060-th line out of 2500 rows of DP table...
2022-01-04 21:44:15,452 - root - DEBUG - Processing 1070-th line out of 2500 rows of DP table...
2022-01-04 21:44:15,947 - root - DEBUG - Processing 1080-th line out of 2500 rows of DP table...
2022-01-04 21:44:16,434 - root - DEBUG - Processing 1090-th line out of 2500 rows of DP table...
2022-01-04 21:44:16,919 - root - DEBUG - Processing 1100-th line out of 2500 rows of DP table...
2022-01-04 21:44:17,400 - root - DEBUG - Processing 1110-th line out of 2500 rows of DP table...
2022-01-04 21:44:17,880 - root - DEBUG - Processing 1120-th line out of 2500 rows of DP table...
2022-01-04 21:44:18,356 - root - DEBUG - Processing 1130-th line out of 2500 rows of DP table...
2022-01-04 21:44:18,829 - root - DEBUG - Processing 1140-th line out of 2500 rows of DP table...
2022-01-04 21:44:19,299 - root - DEBUG - Processing 1150-th line out of 2500 rows of DP table...
2022-01-04 21:44:19,765 - root - DEBUG - Processing 1160-th line out of 2500 rows of DP table...
2022-01-04 21:44:20,225 - root - DEBUG - Processing 1170-th line out of 2500 rows of DP table...
2022-01-04 21:44:20,682 - root - DEBUG - Processing 1180-th line out of 2500 rows of DP table...
2022-01-04 21:44:21,135 - root - DEBUG - Processing 1190-th line out of 2500 rows of DP table...
2022-01-04 21:44:21,587 - root - DEBUG - Processing 1200-th line out of 2500 rows of DP table...
2022-01-04 21:44:22,037 - root - DEBUG - Processing 1210-th line out of 2500 rows of DP table...
2022-01-04 21:44:22,480 - root - DEBUG - Processing 1220-th line out of 2500 rows of DP table...
2022-01-04 21:44:22,922 - root - DEBUG - Processing 1230-th line out of 2500 rows of DP table...
2022-01-04 21:44:23,360 - root - DEBUG - Processing 1240-th line out of 2500 rows of DP table...
2022-01-04 21:44:23,796 - root - DEBUG - Processing 1250-th line out of 2500 rows of DP table...
2022-01-04 21:44:24,225 - root - DEBUG - Processing 1260-th line out of 2500 rows of DP table...
2022-01-04 21:44:24,652 - root - DEBUG - Processing 1270-th line out of 2500 rows of DP table...
2022-01-04 21:44:25,076 - root - DEBUG - Processing 1280-th line out of 2500 rows of DP table...
2022-01-04 21:44:25,497 - root - DEBUG - Processing 1290-th line out of 2500 rows of DP table...
2022-01-04 21:44:25,918 - root - DEBUG - Processing 1300-th line out of 2500 rows of DP table...
2022-01-04 21:44:26,333 - root - DEBUG - Processing 1310-th line out of 2500 rows of DP table...
2022-01-04 21:44:26,745 - root - DEBUG - Processing 1320-th line out of 2500 rows of DP table...
2022-01-04 21:44:27,154 - root - DEBUG - Processing 1330-th line out of 2500 rows of DP table...
2022-01-04 21:44:27,558 - root - DEBUG - Processing 1340-th line out of 2500 rows of DP table...
2022-01-04 21:44:27,961 - root - DEBUG - Processing 1350-th line out of 2500 rows of DP table...
2022-01-04 21:44:28,357 - root - DEBUG - Processing 1360-th line out of 2500 rows of DP table...
2022-01-04 21:44:28,749 - root - DEBUG - Processing 1370-th line out of 2500 rows of DP table...
2022-01-04 21:44:29,142 - root - DEBUG - Processing 1380-th line out of 2500 rows of DP table...
2022-01-04 21:44:29,559 - root - DEBUG - Processing 1390-th line out of 2500 rows of DP table...
2022-01-04 21:44:29,941 - root - DEBUG - Processing 1400-th line out of 2500 rows of DP table...
2022-01-04 21:44:30,324 - root - DEBUG - Processing 1410-th line out of 2500 rows of DP table...
2022-01-04 21:44:30,703 - root - DEBUG - Processing 1420-th line out of 2500 rows of DP table...
2022-01-04 21:44:31,078 - root - DEBUG - Processing 1430-th line out of 2500 rows of DP table...
2022-01-04 21:44:31,449 - root - DEBUG - Processing 1440-th line out of 2500 rows of DP table...
2022-01-04 21:44:31,816 - root - DEBUG - Processing 1450-th line out of 2500 rows of DP table...
2022-01-04 21:44:32,181 - root - DEBUG - Processing 1460-th line out of 2500 rows of DP table...
2022-01-04 21:44:32,541 - root - DEBUG - Processing 1470-th line out of 2500 rows of DP table...
2022-01-04 21:44:32,899 - root - DEBUG - Processing 1480-th line out of 2500 rows of DP table...
2022-01-04 21:44:33,253 - root - DEBUG - Processing 1490-th line out of 2500 rows of DP table...
2022-01-04 21:44:33,605 - root - DEBUG - Processing 1500-th line out of 2500 rows of DP table...
2022-01-04 21:44:33,953 - root - DEBUG - Processing 1510-th line out of 2500 rows of DP table...
2022-01-04 21:44:34,301 - root - DEBUG - Processing 1520-th line out of 2500 rows of DP table...
2022-01-04 21:44:34,641 - root - DEBUG - Processing 1530-th line out of 2500 rows of DP table...
2022-01-04 21:44:34,979 - root - DEBUG - Processing 1540-th line out of 2500 rows of DP table...
2022-01-04 21:44:35,315 - root - DEBUG - Processing 1550-th line out of 2500 rows of DP table...
2022-01-04 21:44:35,646 - root - DEBUG - Processing 1560-th line out of 2500 rows of DP table...
2022-01-04 21:44:35,974 - root - DEBUG - Processing 1570-th line out of 2500 rows of DP table...
2022-01-04 21:44:36,299 - root - DEBUG - Processing 1580-th line out of 2500 rows of DP table...
2022-01-04 21:44:36,622 - root - DEBUG - Processing 1590-th line out of 2500 rows of DP table...
2022-01-04 21:44:36,938 - root - DEBUG - Processing 1600-th line out of 2500 rows of DP table...
2022-01-04 21:44:37,254 - root - DEBUG - Processing 1610-th line out of 2500 rows of DP table...
2022-01-04 21:44:37,565 - root - DEBUG - Processing 1620-th line out of 2500 rows of DP table...
2022-01-04 21:44:37,870 - root - DEBUG - Processing 1630-th line out of 2500 rows of DP table...
2022-01-04 21:44:38,174 - root - DEBUG - Processing 1640-th line out of 2500 rows of DP table...
2022-01-04 21:44:38,476 - root - DEBUG - Processing 1650-th line out of 2500 rows of DP table...
2022-01-04 21:44:38,778 - root - DEBUG - Processing 1660-th line out of 2500 rows of DP table...
2022-01-04 21:44:39,071 - root - DEBUG - Processing 1670-th line out of 2500 rows of DP table...
2022-01-04 21:44:39,363 - root - DEBUG - Processing 1680-th line out of 2500 rows of DP table...
2022-01-04 21:44:39,650 - root - DEBUG - Processing 1690-th line out of 2500 rows of DP table...
2022-01-04 21:44:39,935 - root - DEBUG - Processing 1700-th line out of 2500 rows of DP table...
2022-01-04 21:44:40,217 - root - DEBUG - Processing 1710-th line out of 2500 rows of DP table...
2022-01-04 21:44:40,494 - root - DEBUG - Processing 1720-th line out of 2500 rows of DP table...
2022-01-04 21:44:40,775 - root - DEBUG - Processing 1730-th line out of 2500 rows of DP table...
2022-01-04 21:44:41,046 - root - DEBUG - Processing 1740-th line out of 2500 rows of DP table...
2022-01-04 21:44:41,315 - root - DEBUG - Processing 1750-th line out of 2500 rows of DP table...
2022-01-04 21:44:41,578 - root - DEBUG - Processing 1760-th line out of 2500 rows of DP table...
2022-01-04 21:44:41,839 - root - DEBUG - Processing 1770-th line out of 2500 rows of DP table...
2022-01-04 21:44:42,096 - root - DEBUG - Processing 1780-th line out of 2500 rows of DP table...
2022-01-04 21:44:42,350 - root - DEBUG - Processing 1790-th line out of 2500 rows of DP table...
2022-01-04 21:44:42,601 - root - DEBUG - Processing 1800-th line out of 2500 rows of DP table...
2022-01-04 21:44:42,859 - root - DEBUG - Processing 1810-th line out of 2500 rows of DP table...
2022-01-04 21:44:43,103 - root - DEBUG - Processing 1820-th line out of 2500 rows of DP table...
2022-01-04 21:44:43,344 - root - DEBUG - Processing 1830-th line out of 2500 rows of DP table...
2022-01-04 21:44:43,580 - root - DEBUG - Processing 1840-th line out of 2500 rows of DP table...
2022-01-04 21:44:43,814 - root - DEBUG - Processing 1850-th line out of 2500 rows of DP table...
2022-01-04 21:44:44,043 - root - DEBUG - Processing 1860-th line out of 2500 rows of DP table...
2022-01-04 21:44:44,270 - root - DEBUG - Processing 1870-th line out of 2500 rows of DP table...
2022-01-04 21:44:44,492 - root - DEBUG - Processing 1880-th line out of 2500 rows of DP table...
2022-01-04 21:44:44,711 - root - DEBUG - Processing 1890-th line out of 2500 rows of DP table...
2022-01-04 21:44:44,937 - root - DEBUG - Processing 1900-th line out of 2500 rows of DP table...
2022-01-04 21:44:45,150 - root - DEBUG - Processing 1910-th line out of 2500 rows of DP table...
2022-01-04 21:44:45,361 - root - DEBUG - Processing 1920-th line out of 2500 rows of DP table...
2022-01-04 21:44:45,568 - root - DEBUG - Processing 1930-th line out of 2500 rows of DP table...
2022-01-04 21:44:45,771 - root - DEBUG - Processing 1940-th line out of 2500 rows of DP table...
2022-01-04 21:44:45,970 - root - DEBUG - Processing 1950-th line out of 2500 rows of DP table...
2022-01-04 21:44:46,166 - root - DEBUG - Processing 1960-th line out of 2500 rows of DP table...
2022-01-04 21:44:46,360 - root - DEBUG - Processing 1970-th line out of 2500 rows of DP table...
2022-01-04 21:44:46,550 - root - DEBUG - Processing 1980-th line out of 2500 rows of DP table...
2022-01-04 21:44:46,738 - root - DEBUG - Processing 1990-th line out of 2500 rows of DP table...
2022-01-04 21:44:46,925 - root - DEBUG - Processing 2000-th line out of 2500 rows of DP table...
2022-01-04 21:44:47,105 - root - DEBUG - Processing 2010-th line out of 2500 rows of DP table...
2022-01-04 21:44:47,282 - root - DEBUG - Processing 2020-th line out of 2500 rows of DP table...
2022-01-04 21:44:47,455 - root - DEBUG - Processing 2030-th line out of 2500 rows of DP table...
2022-01-04 21:44:47,624 - root - DEBUG - Processing 2040-th line out of 2500 rows of DP table...
2022-01-04 21:44:47,789 - root - DEBUG - Processing 2050-th line out of 2500 rows of DP table...
2022-01-04 21:44:47,952 - root - DEBUG - Processing 2060-th line out of 2500 rows of DP table...
2022-01-04 21:44:48,112 - root - DEBUG - Processing 2070-th line out of 2500 rows of DP table...
2022-01-04 21:44:48,269 - root - DEBUG - Processing 2080-th line out of 2500 rows of DP table...
2022-01-04 21:44:48,422 - root - DEBUG - Processing 2090-th line out of 2500 rows of DP table...
2022-01-04 21:44:48,572 - root - DEBUG - Processing 2100-th line out of 2500 rows of DP table...
2022-01-04 21:44:48,719 - root - DEBUG - Processing 2110-th line out of 2500 rows of DP table...
2022-01-04 21:44:48,862 - root - DEBUG - Processing 2120-th line out of 2500 rows of DP table...
2022-01-04 21:44:49,004 - root - DEBUG - Processing 2130-th line out of 2500 rows of DP table...
2022-01-04 21:44:49,142 - root - DEBUG - Processing 2140-th line out of 2500 rows of DP table...
2022-01-04 21:44:49,274 - root - DEBUG - Processing 2150-th line out of 2500 rows of DP table...
2022-01-04 21:44:49,404 - root - DEBUG - Processing 2160-th line out of 2500 rows of DP table...
2022-01-04 21:44:49,531 - root - DEBUG - Processing 2170-th line out of 2500 rows of DP table...
2022-01-04 21:44:49,667 - root - DEBUG - Processing 2180-th line out of 2500 rows of DP table...
2022-01-04 21:44:49,787 - root - DEBUG - Processing 2190-th line out of 2500 rows of DP table...
2022-01-04 21:44:49,903 - root - DEBUG - Processing 2200-th line out of 2500 rows of DP table...
2022-01-04 21:44:50,016 - root - DEBUG - Processing 2210-th line out of 2500 rows of DP table...
2022-01-04 21:44:50,126 - root - DEBUG - Processing 2220-th line out of 2500 rows of DP table...
2022-01-04 21:44:50,232 - root - DEBUG - Processing 2230-th line out of 2500 rows of DP table...
2022-01-04 21:44:50,335 - root - DEBUG - Processing 2240-th line out of 2500 rows of DP table...
2022-01-04 21:44:50,435 - root - DEBUG - Processing 2250-th line out of 2500 rows of DP table...
2022-01-04 21:44:50,531 - root - DEBUG - Processing 2260-th line out of 2500 rows of DP table...
2022-01-04 21:44:50,624 - root - DEBUG - Processing 2270-th line out of 2500 rows of DP table...
2022-01-04 21:44:50,713 - root - DEBUG - Processing 2280-th line out of 2500 rows of DP table...
2022-01-04 21:44:50,799 - root - DEBUG - Processing 2290-th line out of 2500 rows of DP table...
2022-01-04 21:44:50,883 - root - DEBUG - Processing 2300-th line out of 2500 rows of DP table...
2022-01-04 21:44:50,962 - root - DEBUG - Processing 2310-th line out of 2500 rows of DP table...
2022-01-04 21:44:51,039 - root - DEBUG - Processing 2320-th line out of 2500 rows of DP table...
2022-01-04 21:44:51,114 - root - DEBUG - Processing 2330-th line out of 2500 rows of DP table...
2022-01-04 21:44:51,184 - root - DEBUG - Processing 2340-th line out of 2500 rows of DP table...
2022-01-04 21:44:51,250 - root - DEBUG - Processing 2350-th line out of 2500 rows of DP table...
2022-01-04 21:44:51,312 - root - DEBUG - Processing 2360-th line out of 2500 rows of DP table...
2022-01-04 21:44:51,371 - root - DEBUG - Processing 2370-th line out of 2500 rows of DP table...
2022-01-04 21:44:51,427 - root - DEBUG - Processing 2380-th line out of 2500 rows of DP table...
2022-01-04 21:44:51,479 - root - DEBUG - Processing 2390-th line out of 2500 rows of DP table...
2022-01-04 21:44:51,528 - root - DEBUG - Processing 2400-th line out of 2500 rows of DP table...
2022-01-04 21:44:51,573 - root - DEBUG - Processing 2410-th line out of 2500 rows of DP table...
2022-01-04 21:44:51,615 - root - DEBUG - Processing 2420-th line out of 2500 rows of DP table...
2022-01-04 21:44:51,653 - root - DEBUG - Processing 2430-th line out of 2500 rows of DP table...
2022-01-04 21:44:51,688 - root - DEBUG - Processing 2440-th line out of 2500 rows of DP table...
2022-01-04 21:44:51,720 - root - DEBUG - Processing 2450-th line out of 2500 rows of DP table...
2022-01-04 21:44:51,748 - root - DEBUG - Processing 2460-th line out of 2500 rows of DP table...
2022-01-04 21:44:51,773 - root - DEBUG - Processing 2470-th line out of 2500 rows of DP table...
2022-01-04 21:44:51,794 - root - DEBUG - Processing 2480-th line out of 2500 rows of DP table...
2022-01-04 21:44:51,813 - root - DEBUG - Processing 2490-th line out of 2500 rows of DP table...
2022-01-04 21:44:51,827 - root - DEBUG - Processing 2500-th line out of 2500 rows of DP table...
2022-01-04 21:44:51,843 - root - DEBUG - Started computing joint logprobs...
