2022-01-05 00:08:48,146 - root - INFO - Loading reference interval set from '211227-2-sim/g27_1.ref.tsv'...
2022-01-05 00:08:48,153 - root - INFO - Loading query interval set from '211227-2-sim/g27_1.query.tsv'...
2022-01-05 00:08:48,194 - root - INFO - Loading chromosome sizes from '211227-2-sim/g27_sizes.tsv'...
2022-01-05 00:08:48,199 - root - INFO - Number of reference intervals: 2500 (2500 before merging)
2022-01-05 00:08:48,201 - root - INFO - Number of query intervals: 500 (500 before merging)
2022-01-05 00:08:48,202 - root - INFO - Number of chromosomes: 1
2022-01-05 00:08:48,210 - root - INFO - Overlap count: 1370
2022-01-05 00:08:48,212 - root - DEBUG - Started computing sf for chromosome 'chr1'...
2022-01-05 00:08:48,213 - root - DEBUG - m=2500, n=500
2022-01-05 00:08:49,167 - root - DEBUG - Processing 10-th line out of 2500 rows of DP table...
2022-01-05 00:08:50,009 - root - DEBUG - Processing 20-th line out of 2500 rows of DP table...
2022-01-05 00:08:50,849 - root - DEBUG - Processing 30-th line out of 2500 rows of DP table...
2022-01-05 00:08:51,696 - root - DEBUG - Processing 40-th line out of 2500 rows of DP table...
2022-01-05 00:08:52,533 - root - DEBUG - Processing 50-th line out of 2500 rows of DP table...
2022-01-05 00:08:53,367 - root - DEBUG - Processing 60-th line out of 2500 rows of DP table...
2022-01-05 00:08:54,191 - root - DEBUG - Processing 70-th line out of 2500 rows of DP table...
2022-01-05 00:08:55,011 - root - DEBUG - Processing 80-th line out of 2500 rows of DP table...
2022-01-05 00:08:55,845 - root - DEBUG - Processing 90-th line out of 2500 rows of DP table...
2022-01-05 00:08:56,660 - root - DEBUG - Processing 100-th line out of 2500 rows of DP table...
2022-01-05 00:08:57,472 - root - DEBUG - Processing 110-th line out of 2500 rows of DP table...
2022-01-05 00:08:58,417 - root - DEBUG - Processing 120-th line out of 2500 rows of DP table...
2022-01-05 00:08:59,223 - root - DEBUG - Processing 130-th line out of 2500 rows of DP table...
2022-01-05 00:09:00,027 - root - DEBUG - Processing 140-th line out of 2500 rows of DP table...
2022-01-05 00:09:00,823 - root - DEBUG - Processing 150-th line out of 2500 rows of DP table...
2022-01-05 00:09:01,622 - root - DEBUG - Processing 160-th line out of 2500 rows of DP table...
2022-01-05 00:09:02,419 - root - DEBUG - Processing 170-th line out of 2500 rows of DP table...
2022-01-05 00:09:03,316 - root - DEBUG - Processing 180-th line out of 2500 rows of DP table...
2022-01-05 00:09:04,125 - root - DEBUG - Processing 190-th line out of 2500 rows of DP table...
2022-01-05 00:09:04,908 - root - DEBUG - Processing 200-th line out of 2500 rows of DP table...
2022-01-05 00:09:05,688 - root - DEBUG - Processing 210-th line out of 2500 rows of DP table...
2022-01-05 00:09:06,466 - root - DEBUG - Processing 220-th line out of 2500 rows of DP table...
2022-01-05 00:09:07,239 - root - DEBUG - Processing 230-th line out of 2500 rows of DP table...
2022-01-05 00:09:08,476 - root - DEBUG - Processing 240-th line out of 2500 rows of DP table...
2022-01-05 00:09:09,244 - root - DEBUG - Processing 250-th line out of 2500 rows of DP table...
2022-01-05 00:09:10,008 - root - DEBUG - Processing 260-th line out of 2500 rows of DP table...
2022-01-05 00:09:10,770 - root - DEBUG - Processing 270-th line out of 2500 rows of DP table...
2022-01-05 00:09:11,529 - root - DEBUG - Processing 280-th line out of 2500 rows of DP table...
2022-01-05 00:09:12,287 - root - DEBUG - Processing 290-th line out of 2500 rows of DP table...
2022-01-05 00:09:13,036 - root - DEBUG - Processing 300-th line out of 2500 rows of DP table...
2022-01-05 00:09:13,786 - root - DEBUG - Processing 310-th line out of 2500 rows of DP table...
2022-01-05 00:09:14,531 - root - DEBUG - Processing 320-th line out of 2500 rows of DP table...
2022-01-05 00:09:15,275 - root - DEBUG - Processing 330-th line out of 2500 rows of DP table...
2022-01-05 00:09:16,012 - root - DEBUG - Processing 340-th line out of 2500 rows of DP table...
2022-01-05 00:09:16,762 - root - DEBUG - Processing 350-th line out of 2500 rows of DP table...
2022-01-05 00:09:17,492 - root - DEBUG - Processing 360-th line out of 2500 rows of DP table...
2022-01-05 00:09:18,245 - root - DEBUG - Processing 370-th line out of 2500 rows of DP table...
2022-01-05 00:09:18,969 - root - DEBUG - Processing 380-th line out of 2500 rows of DP table...
2022-01-05 00:09:19,689 - root - DEBUG - Processing 390-th line out of 2500 rows of DP table...
2022-01-05 00:09:20,406 - root - DEBUG - Processing 400-th line out of 2500 rows of DP table...
2022-01-05 00:09:21,127 - root - DEBUG - Processing 410-th line out of 2500 rows of DP table...
2022-01-05 00:09:21,839 - root - DEBUG - Processing 420-th line out of 2500 rows of DP table...
2022-01-05 00:09:22,547 - root - DEBUG - Processing 430-th line out of 2500 rows of DP table...
2022-01-05 00:09:23,254 - root - DEBUG - Processing 440-th line out of 2500 rows of DP table...
2022-01-05 00:09:23,954 - root - DEBUG - Processing 450-th line out of 2500 rows of DP table...
2022-01-05 00:09:24,652 - root - DEBUG - Processing 460-th line out of 2500 rows of DP table...
2022-01-05 00:09:25,349 - root - DEBUG - Processing 470-th line out of 2500 rows of DP table...
2022-01-05 00:09:26,036 - root - DEBUG - Processing 480-th line out of 2500 rows of DP table...
2022-01-05 00:09:26,722 - root - DEBUG - Processing 490-th line out of 2500 rows of DP table...
2022-01-05 00:09:27,405 - root - DEBUG - Processing 500-th line out of 2500 rows of DP table...
2022-01-05 00:09:28,088 - root - DEBUG - Processing 510-th line out of 2500 rows of DP table...
2022-01-05 00:09:28,768 - root - DEBUG - Processing 520-th line out of 2500 rows of DP table...
2022-01-05 00:09:29,441 - root - DEBUG - Processing 530-th line out of 2500 rows of DP table...
2022-01-05 00:09:30,144 - root - DEBUG - Processing 540-th line out of 2500 rows of DP table...
2022-01-05 00:09:30,812 - root - DEBUG - Processing 550-th line out of 2500 rows of DP table...
2022-01-05 00:09:31,477 - root - DEBUG - Processing 560-th line out of 2500 rows of DP table...
2022-01-05 00:09:32,138 - root - DEBUG - Processing 570-th line out of 2500 rows of DP table...
2022-01-05 00:09:32,801 - root - DEBUG - Processing 580-th line out of 2500 rows of DP table...
2022-01-05 00:09:33,456 - root - DEBUG - Processing 590-th line out of 2500 rows of DP table...
2022-01-05 00:09:34,108 - root - DEBUG - Processing 600-th line out of 2500 rows of DP table...
2022-01-05 00:09:34,754 - root - DEBUG - Processing 610-th line out of 2500 rows of DP table...
2022-01-05 00:09:35,400 - root - DEBUG - Processing 620-th line out of 2500 rows of DP table...
2022-01-05 00:09:36,043 - root - DEBUG - Processing 630-th line out of 2500 rows of DP table...
2022-01-05 00:09:36,678 - root - DEBUG - Processing 640-th line out of 2500 rows of DP table...
2022-01-05 00:09:37,335 - root - DEBUG - Processing 650-th line out of 2500 rows of DP table...
2022-01-05 00:09:37,969 - root - DEBUG - Processing 660-th line out of 2500 rows of DP table...
2022-01-05 00:09:39,126 - root - DEBUG - Processing 670-th line out of 2500 rows of DP table...
2022-01-05 00:09:39,748 - root - DEBUG - Processing 680-th line out of 2500 rows of DP table...
2022-01-05 00:09:40,366 - root - DEBUG - Processing 690-th line out of 2500 rows of DP table...
2022-01-05 00:09:40,980 - root - DEBUG - Processing 700-th line out of 2500 rows of DP table...
2022-01-05 00:09:41,594 - root - DEBUG - Processing 710-th line out of 2500 rows of DP table...
2022-01-05 00:09:42,207 - root - DEBUG - Processing 720-th line out of 2500 rows of DP table...
2022-01-05 00:09:42,819 - root - DEBUG - Processing 730-th line out of 2500 rows of DP table...
2022-01-05 00:09:43,422 - root - DEBUG - Processing 740-th line out of 2500 rows of DP table...
2022-01-05 00:09:44,022 - root - DEBUG - Processing 750-th line out of 2500 rows of DP table...
2022-01-05 00:09:44,619 - root - DEBUG - Processing 760-th line out of 2500 rows of DP table...
2022-01-05 00:09:45,211 - root - DEBUG - Processing 770-th line out of 2500 rows of DP table...
2022-01-05 00:09:45,800 - root - DEBUG - Processing 780-th line out of 2500 rows of DP table...
2022-01-05 00:09:46,387 - root - DEBUG - Processing 790-th line out of 2500 rows of DP table...
2022-01-05 00:09:46,976 - root - DEBUG - Processing 800-th line out of 2500 rows of DP table...
2022-01-05 00:09:48,128 - root - DEBUG - Processing 810-th line out of 2500 rows of DP table...
2022-01-05 00:09:49,273 - root - DEBUG - Processing 820-th line out of 2500 rows of DP table...
2022-01-05 00:09:50,428 - root - DEBUG - Processing 830-th line out of 2500 rows of DP table...
2022-01-05 00:09:51,561 - root - DEBUG - Processing 840-th line out of 2500 rows of DP table...
2022-01-05 00:09:52,685 - root - DEBUG - Processing 850-th line out of 2500 rows of DP table...
2022-01-05 00:09:53,819 - root - DEBUG - Processing 860-th line out of 2500 rows of DP table...
2022-01-05 00:09:54,934 - root - DEBUG - Processing 870-th line out of 2500 rows of DP table...
2022-01-05 00:09:56,043 - root - DEBUG - Processing 880-th line out of 2500 rows of DP table...
2022-01-05 00:09:57,142 - root - DEBUG - Processing 890-th line out of 2500 rows of DP table...
2022-01-05 00:09:58,236 - root - DEBUG - Processing 900-th line out of 2500 rows of DP table...
2022-01-05 00:09:59,323 - root - DEBUG - Processing 910-th line out of 2500 rows of DP table...
2022-01-05 00:10:00,406 - root - DEBUG - Processing 920-th line out of 2500 rows of DP table...
2022-01-05 00:10:01,478 - root - DEBUG - Processing 930-th line out of 2500 rows of DP table...
2022-01-05 00:10:02,543 - root - DEBUG - Processing 940-th line out of 2500 rows of DP table...
2022-01-05 00:10:03,603 - root - DEBUG - Processing 950-th line out of 2500 rows of DP table...
2022-01-05 00:10:04,655 - root - DEBUG - Processing 960-th line out of 2500 rows of DP table...
2022-01-05 00:10:05,699 - root - DEBUG - Processing 970-th line out of 2500 rows of DP table...
2022-01-05 00:10:06,739 - root - DEBUG - Processing 980-th line out of 2500 rows of DP table...
2022-01-05 00:10:07,771 - root - DEBUG - Processing 990-th line out of 2500 rows of DP table...
2022-01-05 00:10:08,797 - root - DEBUG - Processing 1000-th line out of 2500 rows of DP table...
2022-01-05 00:10:10,061 - root - DEBUG - Processing 1010-th line out of 2500 rows of DP table...
2022-01-05 00:10:11,074 - root - DEBUG - Processing 1020-th line out of 2500 rows of DP table...
2022-01-05 00:10:12,078 - root - DEBUG - Processing 1030-th line out of 2500 rows of DP table...
2022-01-05 00:10:13,076 - root - DEBUG - Processing 1040-th line out of 2500 rows of DP table...
2022-01-05 00:10:14,070 - root - DEBUG - Processing 1050-th line out of 2500 rows of DP table...
2022-01-05 00:10:15,089 - root - DEBUG - Processing 1060-th line out of 2500 rows of DP table...
2022-01-05 00:10:16,070 - root - DEBUG - Processing 1070-th line out of 2500 rows of DP table...
2022-01-05 00:10:17,044 - root - DEBUG - Processing 1080-th line out of 2500 rows of DP table...
2022-01-05 00:10:18,008 - root - DEBUG - Processing 1090-th line out of 2500 rows of DP table...
2022-01-05 00:10:18,967 - root - DEBUG - Processing 1100-th line out of 2500 rows of DP table...
2022-01-05 00:10:19,923 - root - DEBUG - Processing 1110-th line out of 2500 rows of DP table...
2022-01-05 00:10:20,870 - root - DEBUG - Processing 1120-th line out of 2500 rows of DP table...
2022-01-05 00:10:21,813 - root - DEBUG - Processing 1130-th line out of 2500 rows of DP table...
2022-01-05 00:10:22,745 - root - DEBUG - Processing 1140-th line out of 2500 rows of DP table...
2022-01-05 00:10:23,674 - root - DEBUG - Processing 1150-th line out of 2500 rows of DP table...
2022-01-05 00:10:24,644 - root - DEBUG - Processing 1160-th line out of 2500 rows of DP table...
2022-01-05 00:10:25,348 - root - DEBUG - Processing 1170-th line out of 2500 rows of DP table...
2022-01-05 00:10:25,849 - root - DEBUG - Processing 1180-th line out of 2500 rows of DP table...
2022-01-05 00:10:26,348 - root - DEBUG - Processing 1190-th line out of 2500 rows of DP table...
2022-01-05 00:10:26,835 - root - DEBUG - Processing 1200-th line out of 2500 rows of DP table...
2022-01-05 00:10:27,308 - root - DEBUG - Processing 1210-th line out of 2500 rows of DP table...
2022-01-05 00:10:27,827 - root - DEBUG - Processing 1220-th line out of 2500 rows of DP table...
2022-01-05 00:10:28,370 - root - DEBUG - Processing 1230-th line out of 2500 rows of DP table...
2022-01-05 00:10:28,841 - root - DEBUG - Processing 1240-th line out of 2500 rows of DP table...
2022-01-05 00:10:29,327 - root - DEBUG - Processing 1250-th line out of 2500 rows of DP table...
2022-01-05 00:10:29,815 - root - DEBUG - Processing 1260-th line out of 2500 rows of DP table...
2022-01-05 00:10:30,341 - root - DEBUG - Processing 1270-th line out of 2500 rows of DP table...
2022-01-05 00:10:30,795 - root - DEBUG - Processing 1280-th line out of 2500 rows of DP table...
2022-01-05 00:10:31,259 - root - DEBUG - Processing 1290-th line out of 2500 rows of DP table...
2022-01-05 00:10:31,720 - root - DEBUG - Processing 1300-th line out of 2500 rows of DP table...
2022-01-05 00:10:32,134 - root - DEBUG - Processing 1310-th line out of 2500 rows of DP table...
2022-01-05 00:10:32,574 - root - DEBUG - Processing 1320-th line out of 2500 rows of DP table...
2022-01-05 00:10:32,982 - root - DEBUG - Processing 1330-th line out of 2500 rows of DP table...
2022-01-05 00:10:33,386 - root - DEBUG - Processing 1340-th line out of 2500 rows of DP table...
2022-01-05 00:10:33,787 - root - DEBUG - Processing 1350-th line out of 2500 rows of DP table...
2022-01-05 00:10:34,186 - root - DEBUG - Processing 1360-th line out of 2500 rows of DP table...
2022-01-05 00:10:34,580 - root - DEBUG - Processing 1370-th line out of 2500 rows of DP table...
2022-01-05 00:10:34,970 - root - DEBUG - Processing 1380-th line out of 2500 rows of DP table...
2022-01-05 00:10:35,358 - root - DEBUG - Processing 1390-th line out of 2500 rows of DP table...
2022-01-05 00:10:35,743 - root - DEBUG - Processing 1400-th line out of 2500 rows of DP table...
2022-01-05 00:10:36,125 - root - DEBUG - Processing 1410-th line out of 2500 rows of DP table...
2022-01-05 00:10:36,503 - root - DEBUG - Processing 1420-th line out of 2500 rows of DP table...
2022-01-05 00:10:36,879 - root - DEBUG - Processing 1430-th line out of 2500 rows of DP table...
2022-01-05 00:10:37,249 - root - DEBUG - Processing 1440-th line out of 2500 rows of DP table...
2022-01-05 00:10:37,616 - root - DEBUG - Processing 1450-th line out of 2500 rows of DP table...
2022-01-05 00:10:37,980 - root - DEBUG - Processing 1460-th line out of 2500 rows of DP table...
2022-01-05 00:10:38,340 - root - DEBUG - Processing 1470-th line out of 2500 rows of DP table...
2022-01-05 00:10:38,698 - root - DEBUG - Processing 1480-th line out of 2500 rows of DP table...
2022-01-05 00:10:39,052 - root - DEBUG - Processing 1490-th line out of 2500 rows of DP table...
2022-01-05 00:10:39,403 - root - DEBUG - Processing 1500-th line out of 2500 rows of DP table...
2022-01-05 00:10:39,751 - root - DEBUG - Processing 1510-th line out of 2500 rows of DP table...
2022-01-05 00:10:40,094 - root - DEBUG - Processing 1520-th line out of 2500 rows of DP table...
2022-01-05 00:10:40,434 - root - DEBUG - Processing 1530-th line out of 2500 rows of DP table...
2022-01-05 00:10:40,771 - root - DEBUG - Processing 1540-th line out of 2500 rows of DP table...
2022-01-05 00:10:41,105 - root - DEBUG - Processing 1550-th line out of 2500 rows of DP table...
2022-01-05 00:10:41,435 - root - DEBUG - Processing 1560-th line out of 2500 rows of DP table...
2022-01-05 00:10:41,763 - root - DEBUG - Processing 1570-th line out of 2500 rows of DP table...
2022-01-05 00:10:42,086 - root - DEBUG - Processing 1580-th line out of 2500 rows of DP table...
2022-01-05 00:10:42,407 - root - DEBUG - Processing 1590-th line out of 2500 rows of DP table...
2022-01-05 00:10:42,725 - root - DEBUG - Processing 1600-th line out of 2500 rows of DP table...
2022-01-05 00:10:43,039 - root - DEBUG - Processing 1610-th line out of 2500 rows of DP table...
2022-01-05 00:10:43,349 - root - DEBUG - Processing 1620-th line out of 2500 rows of DP table...
2022-01-05 00:10:43,655 - root - DEBUG - Processing 1630-th line out of 2500 rows of DP table...
2022-01-05 00:10:43,958 - root - DEBUG - Processing 1640-th line out of 2500 rows of DP table...
2022-01-05 00:10:44,321 - root - DEBUG - Processing 1650-th line out of 2500 rows of DP table...
2022-01-05 00:10:44,617 - root - DEBUG - Processing 1660-th line out of 2500 rows of DP table...
2022-01-05 00:10:44,909 - root - DEBUG - Processing 1670-th line out of 2500 rows of DP table...
2022-01-05 00:10:45,200 - root - DEBUG - Processing 1680-th line out of 2500 rows of DP table...
2022-01-05 00:10:45,487 - root - DEBUG - Processing 1690-th line out of 2500 rows of DP table...
2022-01-05 00:10:45,771 - root - DEBUG - Processing 1700-th line out of 2500 rows of DP table...
2022-01-05 00:10:46,052 - root - DEBUG - Processing 1710-th line out of 2500 rows of DP table...
2022-01-05 00:10:46,329 - root - DEBUG - Processing 1720-th line out of 2500 rows of DP table...
2022-01-05 00:10:46,603 - root - DEBUG - Processing 1730-th line out of 2500 rows of DP table...
2022-01-05 00:10:46,874 - root - DEBUG - Processing 1740-th line out of 2500 rows of DP table...
2022-01-05 00:10:47,140 - root - DEBUG - Processing 1750-th line out of 2500 rows of DP table...
2022-01-05 00:10:47,403 - root - DEBUG - Processing 1760-th line out of 2500 rows of DP table...
2022-01-05 00:10:47,664 - root - DEBUG - Processing 1770-th line out of 2500 rows of DP table...
2022-01-05 00:10:47,921 - root - DEBUG - Processing 1780-th line out of 2500 rows of DP table...
2022-01-05 00:10:48,174 - root - DEBUG - Processing 1790-th line out of 2500 rows of DP table...
2022-01-05 00:10:48,423 - root - DEBUG - Processing 1800-th line out of 2500 rows of DP table...
2022-01-05 00:10:48,690 - root - DEBUG - Processing 1810-th line out of 2500 rows of DP table...
2022-01-05 00:10:48,934 - root - DEBUG - Processing 1820-th line out of 2500 rows of DP table...
2022-01-05 00:10:49,175 - root - DEBUG - Processing 1830-th line out of 2500 rows of DP table...
2022-01-05 00:10:49,413 - root - DEBUG - Processing 1840-th line out of 2500 rows of DP table...
2022-01-05 00:10:49,648 - root - DEBUG - Processing 1850-th line out of 2500 rows of DP table...
2022-01-05 00:10:49,878 - root - DEBUG - Processing 1860-th line out of 2500 rows of DP table...
2022-01-05 00:10:50,107 - root - DEBUG - Processing 1870-th line out of 2500 rows of DP table...
2022-01-05 00:10:50,330 - root - DEBUG - Processing 1880-th line out of 2500 rows of DP table...
2022-01-05 00:10:50,551 - root - DEBUG - Processing 1890-th line out of 2500 rows of DP table...
2022-01-05 00:10:50,767 - root - DEBUG - Processing 1900-th line out of 2500 rows of DP table...
2022-01-05 00:10:50,981 - root - DEBUG - Processing 1910-th line out of 2500 rows of DP table...
2022-01-05 00:10:51,192 - root - DEBUG - Processing 1920-th line out of 2500 rows of DP table...
2022-01-05 00:10:51,398 - root - DEBUG - Processing 1930-th line out of 2500 rows of DP table...
2022-01-05 00:10:51,601 - root - DEBUG - Processing 1940-th line out of 2500 rows of DP table...
2022-01-05 00:10:51,802 - root - DEBUG - Processing 1950-th line out of 2500 rows of DP table...
2022-01-05 00:10:51,998 - root - DEBUG - Processing 1960-th line out of 2500 rows of DP table...
2022-01-05 00:10:52,190 - root - DEBUG - Processing 1970-th line out of 2500 rows of DP table...
2022-01-05 00:10:52,380 - root - DEBUG - Processing 1980-th line out of 2500 rows of DP table...
2022-01-05 00:10:52,567 - root - DEBUG - Processing 1990-th line out of 2500 rows of DP table...
2022-01-05 00:10:52,750 - root - DEBUG - Processing 2000-th line out of 2500 rows of DP table...
2022-01-05 00:10:52,929 - root - DEBUG - Processing 2010-th line out of 2500 rows of DP table...
2022-01-05 00:10:53,104 - root - DEBUG - Processing 2020-th line out of 2500 rows of DP table...
2022-01-05 00:10:53,277 - root - DEBUG - Processing 2030-th line out of 2500 rows of DP table...
2022-01-05 00:10:53,447 - root - DEBUG - Processing 2040-th line out of 2500 rows of DP table...
2022-01-05 00:10:53,612 - root - DEBUG - Processing 2050-th line out of 2500 rows of DP table...
2022-01-05 00:10:53,774 - root - DEBUG - Processing 2060-th line out of 2500 rows of DP table...
2022-01-05 00:10:53,961 - root - DEBUG - Processing 2070-th line out of 2500 rows of DP table...
2022-01-05 00:10:54,117 - root - DEBUG - Processing 2080-th line out of 2500 rows of DP table...
2022-01-05 00:10:54,270 - root - DEBUG - Processing 2090-th line out of 2500 rows of DP table...
2022-01-05 00:10:54,421 - root - DEBUG - Processing 2100-th line out of 2500 rows of DP table...
2022-01-05 00:10:54,567 - root - DEBUG - Processing 2110-th line out of 2500 rows of DP table...
2022-01-05 00:10:54,710 - root - DEBUG - Processing 2120-th line out of 2500 rows of DP table...
2022-01-05 00:10:54,850 - root - DEBUG - Processing 2130-th line out of 2500 rows of DP table...
2022-01-05 00:10:54,985 - root - DEBUG - Processing 2140-th line out of 2500 rows of DP table...
2022-01-05 00:10:55,129 - root - DEBUG - Processing 2150-th line out of 2500 rows of DP table...
2022-01-05 00:10:55,259 - root - DEBUG - Processing 2160-th line out of 2500 rows of DP table...
2022-01-05 00:10:55,385 - root - DEBUG - Processing 2170-th line out of 2500 rows of DP table...
2022-01-05 00:10:55,508 - root - DEBUG - Processing 2180-th line out of 2500 rows of DP table...
2022-01-05 00:10:55,627 - root - DEBUG - Processing 2190-th line out of 2500 rows of DP table...
2022-01-05 00:10:55,742 - root - DEBUG - Processing 2200-th line out of 2500 rows of DP table...
2022-01-05 00:10:55,855 - root - DEBUG - Processing 2210-th line out of 2500 rows of DP table...
2022-01-05 00:10:55,964 - root - DEBUG - Processing 2220-th line out of 2500 rows of DP table...
2022-01-05 00:10:56,069 - root - DEBUG - Processing 2230-th line out of 2500 rows of DP table...
2022-01-05 00:10:56,171 - root - DEBUG - Processing 2240-th line out of 2500 rows of DP table...
2022-01-05 00:10:56,270 - root - DEBUG - Processing 2250-th line out of 2500 rows of DP table...
2022-01-05 00:10:56,365 - root - DEBUG - Processing 2260-th line out of 2500 rows of DP table...
2022-01-05 00:10:56,457 - root - DEBUG - Processing 2270-th line out of 2500 rows of DP table...
2022-01-05 00:10:56,546 - root - DEBUG - Processing 2280-th line out of 2500 rows of DP table...
2022-01-05 00:10:56,631 - root - DEBUG - Processing 2290-th line out of 2500 rows of DP table...
2022-01-05 00:10:56,712 - root - DEBUG - Processing 2300-th line out of 2500 rows of DP table...
2022-01-05 00:10:56,790 - root - DEBUG - Processing 2310-th line out of 2500 rows of DP table...
2022-01-05 00:10:56,865 - root - DEBUG - Processing 2320-th line out of 2500 rows of DP table...
2022-01-05 00:10:56,937 - root - DEBUG - Processing 2330-th line out of 2500 rows of DP table...
2022-01-05 00:10:57,005 - root - DEBUG - Processing 2340-th line out of 2500 rows of DP table...
2022-01-05 00:10:57,070 - root - DEBUG - Processing 2350-th line out of 2500 rows of DP table...
2022-01-05 00:10:57,130 - root - DEBUG - Processing 2360-th line out of 2500 rows of DP table...
2022-01-05 00:10:57,189 - root - DEBUG - Processing 2370-th line out of 2500 rows of DP table...
2022-01-05 00:10:57,243 - root - DEBUG - Processing 2380-th line out of 2500 rows of DP table...
2022-01-05 00:10:57,295 - root - DEBUG - Processing 2390-th line out of 2500 rows of DP table...
2022-01-05 00:10:57,343 - root - DEBUG - Processing 2400-th line out of 2500 rows of DP table...
2022-01-05 00:10:57,388 - root - DEBUG - Processing 2410-th line out of 2500 rows of DP table...
2022-01-05 00:10:57,429 - root - DEBUG - Processing 2420-th line out of 2500 rows of DP table...
2022-01-05 00:10:57,467 - root - DEBUG - Processing 2430-th line out of 2500 rows of DP table...
2022-01-05 00:10:57,502 - root - DEBUG - Processing 2440-th line out of 2500 rows of DP table...
2022-01-05 00:10:57,533 - root - DEBUG - Processing 2450-th line out of 2500 rows of DP table...
2022-01-05 00:10:57,561 - root - DEBUG - Processing 2460-th line out of 2500 rows of DP table...
2022-01-05 00:10:57,585 - root - DEBUG - Processing 2470-th line out of 2500 rows of DP table...
2022-01-05 00:10:57,606 - root - DEBUG - Processing 2480-th line out of 2500 rows of DP table...
2022-01-05 00:10:57,650 - root - DEBUG - Processing 2490-th line out of 2500 rows of DP table...
2022-01-05 00:10:57,664 - root - DEBUG - Processing 2500-th line out of 2500 rows of DP table...
2022-01-05 00:10:57,679 - root - DEBUG - Started computing joint logprobs...
