2022-01-04 21:20:24,851 - root - INFO - Loading reference interval set from '211227-2-sim/g27_7.ref.tsv'...
2022-01-04 21:20:24,855 - root - INFO - Loading query interval set from '211227-2-sim/g27_7.query.tsv'...
2022-01-04 21:20:24,857 - root - INFO - Loading chromosome sizes from '211227-2-sim/g27_sizes.tsv'...
2022-01-04 21:20:24,859 - root - INFO - Number of reference intervals: 2500 (2500 before merging)
2022-01-04 21:20:24,860 - root - INFO - Number of query intervals: 500 (500 before merging)
2022-01-04 21:20:24,861 - root - INFO - Number of chromosomes: 1
2022-01-04 21:20:24,865 - root - INFO - Overlap count: 1378
2022-01-04 21:20:24,866 - root - DEBUG - Started computing sf for chromosome 'chr1'...
2022-01-04 21:20:24,867 - root - DEBUG - m=2500, n=500
2022-01-04 21:20:25,665 - root - DEBUG - Processing 10-th line out of 2500 rows of DP table...
2022-01-04 21:20:26,502 - root - DEBUG - Processing 20-th line out of 2500 rows of DP table...
2022-01-04 21:20:27,358 - root - DEBUG - Processing 30-th line out of 2500 rows of DP table...
2022-01-04 21:20:28,198 - root - DEBUG - Processing 40-th line out of 2500 rows of DP table...
2022-01-04 21:20:29,025 - root - DEBUG - Processing 50-th line out of 2500 rows of DP table...
2022-01-04 21:20:29,857 - root - DEBUG - Processing 60-th line out of 2500 rows of DP table...
2022-01-04 21:20:30,682 - root - DEBUG - Processing 70-th line out of 2500 rows of DP table...
2022-01-04 21:20:31,506 - root - DEBUG - Processing 80-th line out of 2500 rows of DP table...
2022-01-04 21:20:32,320 - root - DEBUG - Processing 90-th line out of 2500 rows of DP table...
2022-01-04 21:20:33,131 - root - DEBUG - Processing 100-th line out of 2500 rows of DP table...
2022-01-04 21:20:33,944 - root - DEBUG - Processing 110-th line out of 2500 rows of DP table...
2022-01-04 21:20:34,749 - root - DEBUG - Processing 120-th line out of 2500 rows of DP table...
2022-01-04 21:20:35,552 - root - DEBUG - Processing 130-th line out of 2500 rows of DP table...
2022-01-04 21:20:36,351 - root - DEBUG - Processing 140-th line out of 2500 rows of DP table...
2022-01-04 21:20:37,144 - root - DEBUG - Processing 150-th line out of 2500 rows of DP table...
2022-01-04 21:20:37,934 - root - DEBUG - Processing 160-th line out of 2500 rows of DP table...
2022-01-04 21:20:38,724 - root - DEBUG - Processing 170-th line out of 2500 rows of DP table...
2022-01-04 21:20:39,511 - root - DEBUG - Processing 180-th line out of 2500 rows of DP table...
2022-01-04 21:20:40,291 - root - DEBUG - Processing 190-th line out of 2500 rows of DP table...
2022-01-04 21:20:41,073 - root - DEBUG - Processing 200-th line out of 2500 rows of DP table...
2022-01-04 21:20:41,854 - root - DEBUG - Processing 210-th line out of 2500 rows of DP table...
2022-01-04 21:20:42,626 - root - DEBUG - Processing 220-th line out of 2500 rows of DP table...
2022-01-04 21:20:43,400 - root - DEBUG - Processing 230-th line out of 2500 rows of DP table...
2022-01-04 21:20:44,169 - root - DEBUG - Processing 240-th line out of 2500 rows of DP table...
2022-01-04 21:20:44,951 - root - DEBUG - Processing 250-th line out of 2500 rows of DP table...
2022-01-04 21:20:45,713 - root - DEBUG - Processing 260-th line out of 2500 rows of DP table...
2022-01-04 21:20:46,471 - root - DEBUG - Processing 270-th line out of 2500 rows of DP table...
2022-01-04 21:20:47,221 - root - DEBUG - Processing 280-th line out of 2500 rows of DP table...
2022-01-04 21:20:47,972 - root - DEBUG - Processing 290-th line out of 2500 rows of DP table...
2022-01-04 21:20:48,726 - root - DEBUG - Processing 300-th line out of 2500 rows of DP table...
2022-01-04 21:20:49,466 - root - DEBUG - Processing 310-th line out of 2500 rows of DP table...
2022-01-04 21:20:50,204 - root - DEBUG - Processing 320-th line out of 2500 rows of DP table...
2022-01-04 21:20:50,943 - root - DEBUG - Processing 330-th line out of 2500 rows of DP table...
2022-01-04 21:20:51,673 - root - DEBUG - Processing 340-th line out of 2500 rows of DP table...
2022-01-04 21:20:52,406 - root - DEBUG - Processing 350-th line out of 2500 rows of DP table...
2022-01-04 21:20:53,150 - root - DEBUG - Processing 360-th line out of 2500 rows of DP table...
2022-01-04 21:20:53,875 - root - DEBUG - Processing 370-th line out of 2500 rows of DP table...
2022-01-04 21:20:54,601 - root - DEBUG - Processing 380-th line out of 2500 rows of DP table...
2022-01-04 21:20:55,317 - root - DEBUG - Processing 390-th line out of 2500 rows of DP table...
2022-01-04 21:20:56,027 - root - DEBUG - Processing 400-th line out of 2500 rows of DP table...
2022-01-04 21:20:56,741 - root - DEBUG - Processing 410-th line out of 2500 rows of DP table...
2022-01-04 21:20:57,455 - root - DEBUG - Processing 420-th line out of 2500 rows of DP table...
2022-01-04 21:20:58,156 - root - DEBUG - Processing 430-th line out of 2500 rows of DP table...
2022-01-04 21:20:58,865 - root - DEBUG - Processing 440-th line out of 2500 rows of DP table...
2022-01-04 21:20:59,562 - root - DEBUG - Processing 450-th line out of 2500 rows of DP table...
2022-01-04 21:21:00,258 - root - DEBUG - Processing 460-th line out of 2500 rows of DP table...
2022-01-04 21:21:00,961 - root - DEBUG - Processing 470-th line out of 2500 rows of DP table...
2022-01-04 21:21:01,644 - root - DEBUG - Processing 480-th line out of 2500 rows of DP table...
2022-01-04 21:21:02,327 - root - DEBUG - Processing 490-th line out of 2500 rows of DP table...
2022-01-04 21:21:03,004 - root - DEBUG - Processing 500-th line out of 2500 rows of DP table...
2022-01-04 21:21:03,680 - root - DEBUG - Processing 510-th line out of 2500 rows of DP table...
2022-01-04 21:21:04,356 - root - DEBUG - Processing 520-th line out of 2500 rows of DP table...
2022-01-04 21:21:05,023 - root - DEBUG - Processing 530-th line out of 2500 rows of DP table...
2022-01-04 21:21:05,691 - root - DEBUG - Processing 540-th line out of 2500 rows of DP table...
2022-01-04 21:21:06,347 - root - DEBUG - Processing 550-th line out of 2500 rows of DP table...
2022-01-04 21:21:07,009 - root - DEBUG - Processing 560-th line out of 2500 rows of DP table...
2022-01-04 21:21:07,663 - root - DEBUG - Processing 570-th line out of 2500 rows of DP table...
2022-01-04 21:21:08,318 - root - DEBUG - Processing 580-th line out of 2500 rows of DP table...
2022-01-04 21:21:08,970 - root - DEBUG - Processing 590-th line out of 2500 rows of DP table...
2022-01-04 21:21:09,616 - root - DEBUG - Processing 600-th line out of 2500 rows of DP table...
2022-01-04 21:21:10,261 - root - DEBUG - Processing 610-th line out of 2500 rows of DP table...
2022-01-04 21:21:10,899 - root - DEBUG - Processing 620-th line out of 2500 rows of DP table...
2022-01-04 21:21:11,538 - root - DEBUG - Processing 630-th line out of 2500 rows of DP table...
2022-01-04 21:21:12,168 - root - DEBUG - Processing 640-th line out of 2500 rows of DP table...
2022-01-04 21:21:12,800 - root - DEBUG - Processing 650-th line out of 2500 rows of DP table...
2022-01-04 21:21:13,430 - root - DEBUG - Processing 660-th line out of 2500 rows of DP table...
2022-01-04 21:21:14,050 - root - DEBUG - Processing 670-th line out of 2500 rows of DP table...
2022-01-04 21:21:14,671 - root - DEBUG - Processing 680-th line out of 2500 rows of DP table...
2022-01-04 21:21:15,284 - root - DEBUG - Processing 690-th line out of 2500 rows of DP table...
2022-01-04 21:21:15,910 - root - DEBUG - Processing 700-th line out of 2500 rows of DP table...
2022-01-04 21:21:16,517 - root - DEBUG - Processing 710-th line out of 2500 rows of DP table...
2022-01-04 21:21:17,127 - root - DEBUG - Processing 720-th line out of 2500 rows of DP table...
2022-01-04 21:21:17,734 - root - DEBUG - Processing 730-th line out of 2500 rows of DP table...
2022-01-04 21:21:18,337 - root - DEBUG - Processing 740-th line out of 2500 rows of DP table...
2022-01-04 21:21:18,929 - root - DEBUG - Processing 750-th line out of 2500 rows of DP table...
2022-01-04 21:21:19,523 - root - DEBUG - Processing 760-th line out of 2500 rows of DP table...
2022-01-04 21:21:20,113 - root - DEBUG - Processing 770-th line out of 2500 rows of DP table...
2022-01-04 21:21:20,702 - root - DEBUG - Processing 780-th line out of 2500 rows of DP table...
2022-01-04 21:21:21,284 - root - DEBUG - Processing 790-th line out of 2500 rows of DP table...
2022-01-04 21:21:21,865 - root - DEBUG - Processing 800-th line out of 2500 rows of DP table...
2022-01-04 21:21:22,442 - root - DEBUG - Processing 810-th line out of 2500 rows of DP table...
2022-01-04 21:21:23,019 - root - DEBUG - Processing 820-th line out of 2500 rows of DP table...
2022-01-04 21:21:23,588 - root - DEBUG - Processing 830-th line out of 2500 rows of DP table...
2022-01-04 21:21:24,164 - root - DEBUG - Processing 840-th line out of 2500 rows of DP table...
2022-01-04 21:21:24,727 - root - DEBUG - Processing 850-th line out of 2500 rows of DP table...
2022-01-04 21:21:25,289 - root - DEBUG - Processing 860-th line out of 2500 rows of DP table...
2022-01-04 21:21:25,844 - root - DEBUG - Processing 870-th line out of 2500 rows of DP table...
2022-01-04 21:21:26,408 - root - DEBUG - Processing 880-th line out of 2500 rows of DP table...
2022-01-04 21:21:26,960 - root - DEBUG - Processing 890-th line out of 2500 rows of DP table...
2022-01-04 21:21:27,505 - root - DEBUG - Processing 900-th line out of 2500 rows of DP table...
2022-01-04 21:21:28,050 - root - DEBUG - Processing 910-th line out of 2500 rows of DP table...
2022-01-04 21:21:28,595 - root - DEBUG - Processing 920-th line out of 2500 rows of DP table...
2022-01-04 21:21:29,129 - root - DEBUG - Processing 930-th line out of 2500 rows of DP table...
2022-01-04 21:21:29,664 - root - DEBUG - Processing 940-th line out of 2500 rows of DP table...
2022-01-04 21:21:30,191 - root - DEBUG - Processing 950-th line out of 2500 rows of DP table...
2022-01-04 21:21:30,726 - root - DEBUG - Processing 960-th line out of 2500 rows of DP table...
2022-01-04 21:21:31,246 - root - DEBUG - Processing 970-th line out of 2500 rows of DP table...
2022-01-04 21:21:31,767 - root - DEBUG - Processing 980-th line out of 2500 rows of DP table...
2022-01-04 21:21:32,280 - root - DEBUG - Processing 990-th line out of 2500 rows of DP table...
2022-01-04 21:21:32,801 - root - DEBUG - Processing 1000-th line out of 2500 rows of DP table...
2022-01-04 21:21:33,308 - root - DEBUG - Processing 1010-th line out of 2500 rows of DP table...
2022-01-04 21:21:33,817 - root - DEBUG - Processing 1020-th line out of 2500 rows of DP table...
2022-01-04 21:21:34,318 - root - DEBUG - Processing 1030-th line out of 2500 rows of DP table...
2022-01-04 21:21:34,821 - root - DEBUG - Processing 1040-th line out of 2500 rows of DP table...
2022-01-04 21:21:35,321 - root - DEBUG - Processing 1050-th line out of 2500 rows of DP table...
2022-01-04 21:21:35,813 - root - DEBUG - Processing 1060-th line out of 2500 rows of DP table...
2022-01-04 21:21:36,307 - root - DEBUG - Processing 1070-th line out of 2500 rows of DP table...
2022-01-04 21:21:36,797 - root - DEBUG - Processing 1080-th line out of 2500 rows of DP table...
2022-01-04 21:21:37,283 - root - DEBUG - Processing 1090-th line out of 2500 rows of DP table...
2022-01-04 21:21:37,764 - root - DEBUG - Processing 1100-th line out of 2500 rows of DP table...
2022-01-04 21:21:38,241 - root - DEBUG - Processing 1110-th line out of 2500 rows of DP table...
2022-01-04 21:21:38,716 - root - DEBUG - Processing 1120-th line out of 2500 rows of DP table...
2022-01-04 21:21:39,204 - root - DEBUG - Processing 1130-th line out of 2500 rows of DP table...
2022-01-04 21:21:39,672 - root - DEBUG - Processing 1140-th line out of 2500 rows of DP table...
2022-01-04 21:21:40,138 - root - DEBUG - Processing 1150-th line out of 2500 rows of DP table...
2022-01-04 21:21:40,602 - root - DEBUG - Processing 1160-th line out of 2500 rows of DP table...
2022-01-04 21:21:41,060 - root - DEBUG - Processing 1170-th line out of 2500 rows of DP table...
2022-01-04 21:21:41,588 - root - DEBUG - Processing 1180-th line out of 2500 rows of DP table...
2022-01-04 21:21:42,037 - root - DEBUG - Processing 1190-th line out of 2500 rows of DP table...
2022-01-04 21:21:42,485 - root - DEBUG - Processing 1200-th line out of 2500 rows of DP table...
2022-01-04 21:21:42,934 - root - DEBUG - Processing 1210-th line out of 2500 rows of DP table...
2022-01-04 21:21:43,383 - root - DEBUG - Processing 1220-th line out of 2500 rows of DP table...
2022-01-04 21:21:43,819 - root - DEBUG - Processing 1230-th line out of 2500 rows of DP table...
2022-01-04 21:21:44,258 - root - DEBUG - Processing 1240-th line out of 2500 rows of DP table...
2022-01-04 21:21:44,711 - root - DEBUG - Processing 1250-th line out of 2500 rows of DP table...
2022-01-04 21:21:45,136 - root - DEBUG - Processing 1260-th line out of 2500 rows of DP table...
2022-01-04 21:21:45,561 - root - DEBUG - Processing 1270-th line out of 2500 rows of DP table...
2022-01-04 21:21:45,980 - root - DEBUG - Processing 1280-th line out of 2500 rows of DP table...
2022-01-04 21:21:46,400 - root - DEBUG - Processing 1290-th line out of 2500 rows of DP table...
2022-01-04 21:21:46,813 - root - DEBUG - Processing 1300-th line out of 2500 rows of DP table...
2022-01-04 21:21:47,227 - root - DEBUG - Processing 1310-th line out of 2500 rows of DP table...
2022-01-04 21:21:47,635 - root - DEBUG - Processing 1320-th line out of 2500 rows of DP table...
2022-01-04 21:21:48,037 - root - DEBUG - Processing 1330-th line out of 2500 rows of DP table...
2022-01-04 21:21:48,437 - root - DEBUG - Processing 1340-th line out of 2500 rows of DP table...
2022-01-04 21:21:48,839 - root - DEBUG - Processing 1350-th line out of 2500 rows of DP table...
2022-01-04 21:21:49,232 - root - DEBUG - Processing 1360-th line out of 2500 rows of DP table...
2022-01-04 21:21:49,622 - root - DEBUG - Processing 1370-th line out of 2500 rows of DP table...
2022-01-04 21:21:50,014 - root - DEBUG - Processing 1380-th line out of 2500 rows of DP table...
2022-01-04 21:21:50,399 - root - DEBUG - Processing 1390-th line out of 2500 rows of DP table...
2022-01-04 21:21:50,778 - root - DEBUG - Processing 1400-th line out of 2500 rows of DP table...
2022-01-04 21:21:51,159 - root - DEBUG - Processing 1410-th line out of 2500 rows of DP table...
2022-01-04 21:21:51,534 - root - DEBUG - Processing 1420-th line out of 2500 rows of DP table...
2022-01-04 21:21:51,904 - root - DEBUG - Processing 1430-th line out of 2500 rows of DP table...
2022-01-04 21:21:52,276 - root - DEBUG - Processing 1440-th line out of 2500 rows of DP table...
2022-01-04 21:21:52,641 - root - DEBUG - Processing 1450-th line out of 2500 rows of DP table...
2022-01-04 21:21:53,003 - root - DEBUG - Processing 1460-th line out of 2500 rows of DP table...
2022-01-04 21:21:53,364 - root - DEBUG - Processing 1470-th line out of 2500 rows of DP table...
2022-01-04 21:21:53,718 - root - DEBUG - Processing 1480-th line out of 2500 rows of DP table...
2022-01-04 21:21:54,070 - root - DEBUG - Processing 1490-th line out of 2500 rows of DP table...
2022-01-04 21:21:54,420 - root - DEBUG - Processing 1500-th line out of 2500 rows of DP table...
2022-01-04 21:21:54,764 - root - DEBUG - Processing 1510-th line out of 2500 rows of DP table...
2022-01-04 21:21:55,105 - root - DEBUG - Processing 1520-th line out of 2500 rows of DP table...
2022-01-04 21:21:55,447 - root - DEBUG - Processing 1530-th line out of 2500 rows of DP table...
2022-01-04 21:21:55,781 - root - DEBUG - Processing 1540-th line out of 2500 rows of DP table...
2022-01-04 21:21:56,111 - root - DEBUG - Processing 1550-th line out of 2500 rows of DP table...
2022-01-04 21:21:56,437 - root - DEBUG - Processing 1560-th line out of 2500 rows of DP table...
2022-01-04 21:21:56,766 - root - DEBUG - Processing 1570-th line out of 2500 rows of DP table...
2022-01-04 21:21:57,087 - root - DEBUG - Processing 1580-th line out of 2500 rows of DP table...
2022-01-04 21:21:57,403 - root - DEBUG - Processing 1590-th line out of 2500 rows of DP table...
2022-01-04 21:21:57,722 - root - DEBUG - Processing 1600-th line out of 2500 rows of DP table...
2022-01-04 21:21:58,032 - root - DEBUG - Processing 1610-th line out of 2500 rows of DP table...
2022-01-04 21:21:58,337 - root - DEBUG - Processing 1620-th line out of 2500 rows of DP table...
2022-01-04 21:21:58,640 - root - DEBUG - Processing 1630-th line out of 2500 rows of DP table...
2022-01-04 21:21:58,944 - root - DEBUG - Processing 1640-th line out of 2500 rows of DP table...
2022-01-04 21:21:59,240 - root - DEBUG - Processing 1650-th line out of 2500 rows of DP table...
2022-01-04 21:21:59,533 - root - DEBUG - Processing 1660-th line out of 2500 rows of DP table...
2022-01-04 21:21:59,826 - root - DEBUG - Processing 1670-th line out of 2500 rows of DP table...
2022-01-04 21:22:00,118 - root - DEBUG - Processing 1680-th line out of 2500 rows of DP table...
2022-01-04 21:22:00,402 - root - DEBUG - Processing 1690-th line out of 2500 rows of DP table...
2022-01-04 21:22:00,684 - root - DEBUG - Processing 1700-th line out of 2500 rows of DP table...
2022-01-04 21:22:00,961 - root - DEBUG - Processing 1710-th line out of 2500 rows of DP table...
2022-01-04 21:22:01,243 - root - DEBUG - Processing 1720-th line out of 2500 rows of DP table...
2022-01-04 21:22:01,513 - root - DEBUG - Processing 1730-th line out of 2500 rows of DP table...
2022-01-04 21:22:01,780 - root - DEBUG - Processing 1740-th line out of 2500 rows of DP table...
2022-01-04 21:22:02,045 - root - DEBUG - Processing 1750-th line out of 2500 rows of DP table...
2022-01-04 21:22:02,311 - root - DEBUG - Processing 1760-th line out of 2500 rows of DP table...
2022-01-04 21:22:02,567 - root - DEBUG - Processing 1770-th line out of 2500 rows of DP table...
2022-01-04 21:22:02,820 - root - DEBUG - Processing 1780-th line out of 2500 rows of DP table...
2022-01-04 21:22:03,070 - root - DEBUG - Processing 1790-th line out of 2500 rows of DP table...
2022-01-04 21:22:03,318 - root - DEBUG - Processing 1800-th line out of 2500 rows of DP table...
2022-01-04 21:22:03,566 - root - DEBUG - Processing 1810-th line out of 2500 rows of DP table...
2022-01-04 21:22:03,807 - root - DEBUG - Processing 1820-th line out of 2500 rows of DP table...
2022-01-04 21:22:04,047 - root - DEBUG - Processing 1830-th line out of 2500 rows of DP table...
2022-01-04 21:22:04,281 - root - DEBUG - Processing 1840-th line out of 2500 rows of DP table...
2022-01-04 21:22:04,513 - root - DEBUG - Processing 1850-th line out of 2500 rows of DP table...
2022-01-04 21:22:04,747 - root - DEBUG - Processing 1860-th line out of 2500 rows of DP table...
2022-01-04 21:22:04,973 - root - DEBUG - Processing 1870-th line out of 2500 rows of DP table...
2022-01-04 21:22:05,194 - root - DEBUG - Processing 1880-th line out of 2500 rows of DP table...
2022-01-04 21:22:05,413 - root - DEBUG - Processing 1890-th line out of 2500 rows of DP table...
2022-01-04 21:22:05,627 - root - DEBUG - Processing 1900-th line out of 2500 rows of DP table...
2022-01-04 21:22:05,842 - root - DEBUG - Processing 1910-th line out of 2500 rows of DP table...
2022-01-04 21:22:06,050 - root - DEBUG - Processing 1920-th line out of 2500 rows of DP table...
2022-01-04 21:22:06,258 - root - DEBUG - Processing 1930-th line out of 2500 rows of DP table...
2022-01-04 21:22:06,459 - root - DEBUG - Processing 1940-th line out of 2500 rows of DP table...
2022-01-04 21:22:06,656 - root - DEBUG - Processing 1950-th line out of 2500 rows of DP table...
2022-01-04 21:22:06,855 - root - DEBUG - Processing 1960-th line out of 2500 rows of DP table...
2022-01-04 21:22:07,048 - root - DEBUG - Processing 1970-th line out of 2500 rows of DP table...
2022-01-04 21:22:07,236 - root - DEBUG - Processing 1980-th line out of 2500 rows of DP table...
2022-01-04 21:22:07,420 - root - DEBUG - Processing 1990-th line out of 2500 rows of DP table...
2022-01-04 21:22:07,601 - root - DEBUG - Processing 2000-th line out of 2500 rows of DP table...
2022-01-04 21:22:07,780 - root - DEBUG - Processing 2010-th line out of 2500 rows of DP table...
2022-01-04 21:22:07,956 - root - DEBUG - Processing 2020-th line out of 2500 rows of DP table...
2022-01-04 21:22:08,132 - root - DEBUG - Processing 2030-th line out of 2500 rows of DP table...
2022-01-04 21:22:08,302 - root - DEBUG - Processing 2040-th line out of 2500 rows of DP table...
2022-01-04 21:22:08,467 - root - DEBUG - Processing 2050-th line out of 2500 rows of DP table...
2022-01-04 21:22:08,629 - root - DEBUG - Processing 2060-th line out of 2500 rows of DP table...
2022-01-04 21:22:08,786 - root - DEBUG - Processing 2070-th line out of 2500 rows of DP table...
2022-01-04 21:22:08,940 - root - DEBUG - Processing 2080-th line out of 2500 rows of DP table...
2022-01-04 21:22:09,091 - root - DEBUG - Processing 2090-th line out of 2500 rows of DP table...
2022-01-04 21:22:09,243 - root - DEBUG - Processing 2100-th line out of 2500 rows of DP table...
2022-01-04 21:22:09,386 - root - DEBUG - Processing 2110-th line out of 2500 rows of DP table...
2022-01-04 21:22:09,526 - root - DEBUG - Processing 2120-th line out of 2500 rows of DP table...
2022-01-04 21:22:09,665 - root - DEBUG - Processing 2130-th line out of 2500 rows of DP table...
2022-01-04 21:22:09,798 - root - DEBUG - Processing 2140-th line out of 2500 rows of DP table...
2022-01-04 21:22:09,928 - root - DEBUG - Processing 2150-th line out of 2500 rows of DP table...
2022-01-04 21:22:10,055 - root - DEBUG - Processing 2160-th line out of 2500 rows of DP table...
2022-01-04 21:22:10,179 - root - DEBUG - Processing 2170-th line out of 2500 rows of DP table...
2022-01-04 21:22:10,304 - root - DEBUG - Processing 2180-th line out of 2500 rows of DP table...
2022-01-04 21:22:10,423 - root - DEBUG - Processing 2190-th line out of 2500 rows of DP table...
2022-01-04 21:22:10,537 - root - DEBUG - Processing 2200-th line out of 2500 rows of DP table...
2022-01-04 21:22:10,647 - root - DEBUG - Processing 2210-th line out of 2500 rows of DP table...
2022-01-04 21:22:10,755 - root - DEBUG - Processing 2220-th line out of 2500 rows of DP table...
2022-01-04 21:22:10,859 - root - DEBUG - Processing 2230-th line out of 2500 rows of DP table...
2022-01-04 21:22:10,960 - root - DEBUG - Processing 2240-th line out of 2500 rows of DP table...
2022-01-04 21:22:11,058 - root - DEBUG - Processing 2250-th line out of 2500 rows of DP table...
2022-01-04 21:22:11,152 - root - DEBUG - Processing 2260-th line out of 2500 rows of DP table...
2022-01-04 21:22:11,243 - root - DEBUG - Processing 2270-th line out of 2500 rows of DP table...
2022-01-04 21:22:11,330 - root - DEBUG - Processing 2280-th line out of 2500 rows of DP table...
2022-01-04 21:22:11,419 - root - DEBUG - Processing 2290-th line out of 2500 rows of DP table...
2022-01-04 21:22:11,501 - root - DEBUG - Processing 2300-th line out of 2500 rows of DP table...
2022-01-04 21:22:11,579 - root - DEBUG - Processing 2310-th line out of 2500 rows of DP table...
2022-01-04 21:22:11,653 - root - DEBUG - Processing 2320-th line out of 2500 rows of DP table...
2022-01-04 21:22:11,742 - root - DEBUG - Processing 2330-th line out of 2500 rows of DP table...
2022-01-04 21:22:11,810 - root - DEBUG - Processing 2340-th line out of 2500 rows of DP table...
2022-01-04 21:22:11,875 - root - DEBUG - Processing 2350-th line out of 2500 rows of DP table...
2022-01-04 21:22:11,936 - root - DEBUG - Processing 2360-th line out of 2500 rows of DP table...
2022-01-04 21:22:11,994 - root - DEBUG - Processing 2370-th line out of 2500 rows of DP table...
2022-01-04 21:22:12,050 - root - DEBUG - Processing 2380-th line out of 2500 rows of DP table...
2022-01-04 21:22:12,100 - root - DEBUG - Processing 2390-th line out of 2500 rows of DP table...
2022-01-04 21:22:12,148 - root - DEBUG - Processing 2400-th line out of 2500 rows of DP table...
2022-01-04 21:22:12,193 - root - DEBUG - Processing 2410-th line out of 2500 rows of DP table...
2022-01-04 21:22:12,235 - root - DEBUG - Processing 2420-th line out of 2500 rows of DP table...
2022-01-04 21:22:12,273 - root - DEBUG - Processing 2430-th line out of 2500 rows of DP table...
2022-01-04 21:22:12,308 - root - DEBUG - Processing 2440-th line out of 2500 rows of DP table...
2022-01-04 21:22:12,339 - root - DEBUG - Processing 2450-th line out of 2500 rows of DP table...
2022-01-04 21:22:12,367 - root - DEBUG - Processing 2460-th line out of 2500 rows of DP table...
2022-01-04 21:22:12,392 - root - DEBUG - Processing 2470-th line out of 2500 rows of DP table...
2022-01-04 21:22:12,413 - root - DEBUG - Processing 2480-th line out of 2500 rows of DP table...
2022-01-04 21:22:12,432 - root - DEBUG - Processing 2490-th line out of 2500 rows of DP table...
2022-01-04 21:22:12,446 - root - DEBUG - Processing 2500-th line out of 2500 rows of DP table...
2022-01-04 21:22:12,460 - root - DEBUG - Started computing joint logprobs...
