2022-01-04 21:11:46,816 - root - INFO - Loading reference interval set from '211227-2-sim/g27_9.ref.tsv'...
2022-01-04 21:11:46,823 - root - INFO - Loading query interval set from '211227-2-sim/g27_9.query.tsv'...
2022-01-04 21:11:46,844 - root - INFO - Loading chromosome sizes from '211227-2-sim/g27_sizes.tsv'...
2022-01-04 21:11:46,848 - root - INFO - Number of reference intervals: 2500 (2500 before merging)
2022-01-04 21:11:46,849 - root - INFO - Number of query intervals: 500 (500 before merging)
2022-01-04 21:11:46,850 - root - INFO - Number of chromosomes: 1
2022-01-04 21:11:46,858 - root - INFO - Overlap count: 1369
2022-01-04 21:11:46,859 - root - DEBUG - Started computing sf for chromosome 'chr1'...
2022-01-04 21:11:46,860 - root - DEBUG - m=2500, n=500
2022-01-04 21:11:47,664 - root - DEBUG - Processing 10-th line out of 2500 rows of DP table...
2022-01-04 21:11:48,519 - root - DEBUG - Processing 20-th line out of 2500 rows of DP table...
2022-01-04 21:11:49,365 - root - DEBUG - Processing 30-th line out of 2500 rows of DP table...
2022-01-04 21:11:50,203 - root - DEBUG - Processing 40-th line out of 2500 rows of DP table...
2022-01-04 21:11:51,035 - root - DEBUG - Processing 50-th line out of 2500 rows of DP table...
2022-01-04 21:11:51,868 - root - DEBUG - Processing 60-th line out of 2500 rows of DP table...
2022-01-04 21:11:52,691 - root - DEBUG - Processing 70-th line out of 2500 rows of DP table...
2022-01-04 21:11:53,517 - root - DEBUG - Processing 80-th line out of 2500 rows of DP table...
2022-01-04 21:11:54,332 - root - DEBUG - Processing 90-th line out of 2500 rows of DP table...
2022-01-04 21:11:55,154 - root - DEBUG - Processing 100-th line out of 2500 rows of DP table...
2022-01-04 21:11:55,972 - root - DEBUG - Processing 110-th line out of 2500 rows of DP table...
2022-01-04 21:11:56,786 - root - DEBUG - Processing 120-th line out of 2500 rows of DP table...
2022-01-04 21:11:57,595 - root - DEBUG - Processing 130-th line out of 2500 rows of DP table...
2022-01-04 21:11:58,401 - root - DEBUG - Processing 140-th line out of 2500 rows of DP table...
2022-01-04 21:11:59,203 - root - DEBUG - Processing 150-th line out of 2500 rows of DP table...
2022-01-04 21:11:59,998 - root - DEBUG - Processing 160-th line out of 2500 rows of DP table...
2022-01-04 21:12:00,794 - root - DEBUG - Processing 170-th line out of 2500 rows of DP table...
2022-01-04 21:12:01,587 - root - DEBUG - Processing 180-th line out of 2500 rows of DP table...
2022-01-04 21:12:02,370 - root - DEBUG - Processing 190-th line out of 2500 rows of DP table...
2022-01-04 21:12:03,152 - root - DEBUG - Processing 200-th line out of 2500 rows of DP table...
2022-01-04 21:12:03,936 - root - DEBUG - Processing 210-th line out of 2500 rows of DP table...
2022-01-04 21:12:04,707 - root - DEBUG - Processing 220-th line out of 2500 rows of DP table...
2022-01-04 21:12:05,479 - root - DEBUG - Processing 230-th line out of 2500 rows of DP table...
2022-01-04 21:12:06,251 - root - DEBUG - Processing 240-th line out of 2500 rows of DP table...
2022-01-04 21:12:07,019 - root - DEBUG - Processing 250-th line out of 2500 rows of DP table...
2022-01-04 21:12:07,786 - root - DEBUG - Processing 260-th line out of 2500 rows of DP table...
2022-01-04 21:12:08,545 - root - DEBUG - Processing 270-th line out of 2500 rows of DP table...
2022-01-04 21:12:09,304 - root - DEBUG - Processing 280-th line out of 2500 rows of DP table...
2022-01-04 21:12:10,057 - root - DEBUG - Processing 290-th line out of 2500 rows of DP table...
2022-01-04 21:12:10,808 - root - DEBUG - Processing 300-th line out of 2500 rows of DP table...
2022-01-04 21:12:11,558 - root - DEBUG - Processing 310-th line out of 2500 rows of DP table...
2022-01-04 21:12:12,302 - root - DEBUG - Processing 320-th line out of 2500 rows of DP table...
2022-01-04 21:12:13,039 - root - DEBUG - Processing 330-th line out of 2500 rows of DP table...
2022-01-04 21:12:13,783 - root - DEBUG - Processing 340-th line out of 2500 rows of DP table...
2022-01-04 21:12:14,518 - root - DEBUG - Processing 350-th line out of 2500 rows of DP table...
2022-01-04 21:12:15,249 - root - DEBUG - Processing 360-th line out of 2500 rows of DP table...
2022-01-04 21:12:15,988 - root - DEBUG - Processing 370-th line out of 2500 rows of DP table...
2022-01-04 21:12:16,716 - root - DEBUG - Processing 380-th line out of 2500 rows of DP table...
2022-01-04 21:12:17,445 - root - DEBUG - Processing 390-th line out of 2500 rows of DP table...
2022-01-04 21:12:18,153 - root - DEBUG - Processing 400-th line out of 2500 rows of DP table...
2022-01-04 21:12:18,874 - root - DEBUG - Processing 410-th line out of 2500 rows of DP table...
2022-01-04 21:12:19,587 - root - DEBUG - Processing 420-th line out of 2500 rows of DP table...
2022-01-04 21:12:20,297 - root - DEBUG - Processing 430-th line out of 2500 rows of DP table...
2022-01-04 21:12:21,004 - root - DEBUG - Processing 440-th line out of 2500 rows of DP table...
2022-01-04 21:12:21,705 - root - DEBUG - Processing 450-th line out of 2500 rows of DP table...
2022-01-04 21:12:22,408 - root - DEBUG - Processing 460-th line out of 2500 rows of DP table...
2022-01-04 21:12:23,115 - root - DEBUG - Processing 470-th line out of 2500 rows of DP table...
2022-01-04 21:12:23,803 - root - DEBUG - Processing 480-th line out of 2500 rows of DP table...
2022-01-04 21:12:24,493 - root - DEBUG - Processing 490-th line out of 2500 rows of DP table...
2022-01-04 21:12:25,176 - root - DEBUG - Processing 500-th line out of 2500 rows of DP table...
2022-01-04 21:12:25,859 - root - DEBUG - Processing 510-th line out of 2500 rows of DP table...
2022-01-04 21:12:26,541 - root - DEBUG - Processing 520-th line out of 2500 rows of DP table...
2022-01-04 21:12:27,213 - root - DEBUG - Processing 530-th line out of 2500 rows of DP table...
2022-01-04 21:12:27,890 - root - DEBUG - Processing 540-th line out of 2500 rows of DP table...
2022-01-04 21:12:28,556 - root - DEBUG - Processing 550-th line out of 2500 rows of DP table...
2022-01-04 21:12:29,223 - root - DEBUG - Processing 560-th line out of 2500 rows of DP table...
2022-01-04 21:12:29,888 - root - DEBUG - Processing 570-th line out of 2500 rows of DP table...
2022-01-04 21:12:30,543 - root - DEBUG - Processing 580-th line out of 2500 rows of DP table...
2022-01-04 21:12:31,200 - root - DEBUG - Processing 590-th line out of 2500 rows of DP table...
2022-01-04 21:12:31,851 - root - DEBUG - Processing 600-th line out of 2500 rows of DP table...
2022-01-04 21:12:32,504 - root - DEBUG - Processing 610-th line out of 2500 rows of DP table...
2022-01-04 21:12:33,149 - root - DEBUG - Processing 620-th line out of 2500 rows of DP table...
2022-01-04 21:12:33,793 - root - DEBUG - Processing 630-th line out of 2500 rows of DP table...
2022-01-04 21:12:34,435 - root - DEBUG - Processing 640-th line out of 2500 rows of DP table...
2022-01-04 21:12:35,070 - root - DEBUG - Processing 650-th line out of 2500 rows of DP table...
2022-01-04 21:12:35,767 - root - DEBUG - Processing 660-th line out of 2500 rows of DP table...
2022-01-04 21:12:36,394 - root - DEBUG - Processing 670-th line out of 2500 rows of DP table...
2022-01-04 21:12:37,023 - root - DEBUG - Processing 680-th line out of 2500 rows of DP table...
2022-01-04 21:12:37,645 - root - DEBUG - Processing 690-th line out of 2500 rows of DP table...
2022-01-04 21:12:38,266 - root - DEBUG - Processing 700-th line out of 2500 rows of DP table...
2022-01-04 21:12:38,884 - root - DEBUG - Processing 710-th line out of 2500 rows of DP table...
2022-01-04 21:12:39,495 - root - DEBUG - Processing 720-th line out of 2500 rows of DP table...
2022-01-04 21:12:40,108 - root - DEBUG - Processing 730-th line out of 2500 rows of DP table...
2022-01-04 21:12:40,714 - root - DEBUG - Processing 740-th line out of 2500 rows of DP table...
2022-01-04 21:12:41,319 - root - DEBUG - Processing 750-th line out of 2500 rows of DP table...
2022-01-04 21:12:41,914 - root - DEBUG - Processing 760-th line out of 2500 rows of DP table...
2022-01-04 21:12:42,514 - root - DEBUG - Processing 770-th line out of 2500 rows of DP table...
2022-01-04 21:12:43,104 - root - DEBUG - Processing 780-th line out of 2500 rows of DP table...
2022-01-04 21:12:43,694 - root - DEBUG - Processing 790-th line out of 2500 rows of DP table...
2022-01-04 21:12:44,279 - root - DEBUG - Processing 800-th line out of 2500 rows of DP table...
2022-01-04 21:12:44,865 - root - DEBUG - Processing 810-th line out of 2500 rows of DP table...
2022-01-04 21:12:45,443 - root - DEBUG - Processing 820-th line out of 2500 rows of DP table...
2022-01-04 21:12:46,023 - root - DEBUG - Processing 830-th line out of 2500 rows of DP table...
2022-01-04 21:12:46,593 - root - DEBUG - Processing 840-th line out of 2500 rows of DP table...
2022-01-04 21:12:47,163 - root - DEBUG - Processing 850-th line out of 2500 rows of DP table...
2022-01-04 21:12:47,724 - root - DEBUG - Processing 860-th line out of 2500 rows of DP table...
2022-01-04 21:12:48,287 - root - DEBUG - Processing 870-th line out of 2500 rows of DP table...
2022-01-04 21:12:48,840 - root - DEBUG - Processing 880-th line out of 2500 rows of DP table...
2022-01-04 21:12:49,398 - root - DEBUG - Processing 890-th line out of 2500 rows of DP table...
2022-01-04 21:12:49,950 - root - DEBUG - Processing 900-th line out of 2500 rows of DP table...
2022-01-04 21:12:50,502 - root - DEBUG - Processing 910-th line out of 2500 rows of DP table...
2022-01-04 21:12:51,045 - root - DEBUG - Processing 920-th line out of 2500 rows of DP table...
2022-01-04 21:12:51,588 - root - DEBUG - Processing 930-th line out of 2500 rows of DP table...
2022-01-04 21:12:52,124 - root - DEBUG - Processing 940-th line out of 2500 rows of DP table...
2022-01-04 21:12:52,684 - root - DEBUG - Processing 950-th line out of 2500 rows of DP table...
2022-01-04 21:12:53,215 - root - DEBUG - Processing 960-th line out of 2500 rows of DP table...
2022-01-04 21:12:53,745 - root - DEBUG - Processing 970-th line out of 2500 rows of DP table...
2022-01-04 21:12:54,277 - root - DEBUG - Processing 980-th line out of 2500 rows of DP table...
2022-01-04 21:12:54,799 - root - DEBUG - Processing 990-th line out of 2500 rows of DP table...
2022-01-04 21:12:55,321 - root - DEBUG - Processing 1000-th line out of 2500 rows of DP table...
2022-01-04 21:12:55,835 - root - DEBUG - Processing 1010-th line out of 2500 rows of DP table...
2022-01-04 21:12:56,353 - root - DEBUG - Processing 1020-th line out of 2500 rows of DP table...
2022-01-04 21:12:56,860 - root - DEBUG - Processing 1030-th line out of 2500 rows of DP table...
2022-01-04 21:12:57,371 - root - DEBUG - Processing 1040-th line out of 2500 rows of DP table...
2022-01-04 21:12:57,872 - root - DEBUG - Processing 1050-th line out of 2500 rows of DP table...
2022-01-04 21:12:58,375 - root - DEBUG - Processing 1060-th line out of 2500 rows of DP table...
2022-01-04 21:12:58,867 - root - DEBUG - Processing 1070-th line out of 2500 rows of DP table...
2022-01-04 21:12:59,358 - root - DEBUG - Processing 1080-th line out of 2500 rows of DP table...
2022-01-04 21:12:59,851 - root - DEBUG - Processing 1090-th line out of 2500 rows of DP table...
2022-01-04 21:13:00,337 - root - DEBUG - Processing 1100-th line out of 2500 rows of DP table...
2022-01-04 21:13:00,821 - root - DEBUG - Processing 1110-th line out of 2500 rows of DP table...
2022-01-04 21:13:01,298 - root - DEBUG - Processing 1120-th line out of 2500 rows of DP table...
2022-01-04 21:13:01,777 - root - DEBUG - Processing 1130-th line out of 2500 rows of DP table...
2022-01-04 21:13:02,249 - root - DEBUG - Processing 1140-th line out of 2500 rows of DP table...
2022-01-04 21:13:02,727 - root - DEBUG - Processing 1150-th line out of 2500 rows of DP table...
2022-01-04 21:13:03,196 - root - DEBUG - Processing 1160-th line out of 2500 rows of DP table...
2022-01-04 21:13:03,656 - root - DEBUG - Processing 1170-th line out of 2500 rows of DP table...
2022-01-04 21:13:04,118 - root - DEBUG - Processing 1180-th line out of 2500 rows of DP table...
2022-01-04 21:13:04,581 - root - DEBUG - Processing 1190-th line out of 2500 rows of DP table...
2022-01-04 21:13:05,033 - root - DEBUG - Processing 1200-th line out of 2500 rows of DP table...
2022-01-04 21:13:05,484 - root - DEBUG - Processing 1210-th line out of 2500 rows of DP table...
2022-01-04 21:13:05,928 - root - DEBUG - Processing 1220-th line out of 2500 rows of DP table...
2022-01-04 21:13:06,373 - root - DEBUG - Processing 1230-th line out of 2500 rows of DP table...
2022-01-04 21:13:06,810 - root - DEBUG - Processing 1240-th line out of 2500 rows of DP table...
2022-01-04 21:13:07,242 - root - DEBUG - Processing 1250-th line out of 2500 rows of DP table...
2022-01-04 21:13:07,676 - root - DEBUG - Processing 1260-th line out of 2500 rows of DP table...
2022-01-04 21:13:08,104 - root - DEBUG - Processing 1270-th line out of 2500 rows of DP table...
2022-01-04 21:13:08,532 - root - DEBUG - Processing 1280-th line out of 2500 rows of DP table...
2022-01-04 21:13:09,028 - root - DEBUG - Processing 1290-th line out of 2500 rows of DP table...
2022-01-04 21:13:09,446 - root - DEBUG - Processing 1300-th line out of 2500 rows of DP table...
2022-01-04 21:13:09,863 - root - DEBUG - Processing 1310-th line out of 2500 rows of DP table...
2022-01-04 21:13:10,274 - root - DEBUG - Processing 1320-th line out of 2500 rows of DP table...
2022-01-04 21:13:10,680 - root - DEBUG - Processing 1330-th line out of 2500 rows of DP table...
2022-01-04 21:13:11,095 - root - DEBUG - Processing 1340-th line out of 2500 rows of DP table...
2022-01-04 21:13:11,495 - root - DEBUG - Processing 1350-th line out of 2500 rows of DP table...
2022-01-04 21:13:11,891 - root - DEBUG - Processing 1360-th line out of 2500 rows of DP table...
2022-01-04 21:13:12,290 - root - DEBUG - Processing 1370-th line out of 2500 rows of DP table...
2022-01-04 21:13:12,680 - root - DEBUG - Processing 1380-th line out of 2500 rows of DP table...
2022-01-04 21:13:13,067 - root - DEBUG - Processing 1390-th line out of 2500 rows of DP table...
2022-01-04 21:13:13,456 - root - DEBUG - Processing 1400-th line out of 2500 rows of DP table...
2022-01-04 21:13:13,835 - root - DEBUG - Processing 1410-th line out of 2500 rows of DP table...
2022-01-04 21:13:14,210 - root - DEBUG - Processing 1420-th line out of 2500 rows of DP table...
2022-01-04 21:13:14,590 - root - DEBUG - Processing 1430-th line out of 2500 rows of DP table...
2022-01-04 21:13:14,960 - root - DEBUG - Processing 1440-th line out of 2500 rows of DP table...
2022-01-04 21:13:15,328 - root - DEBUG - Processing 1450-th line out of 2500 rows of DP table...
2022-01-04 21:13:15,697 - root - DEBUG - Processing 1460-th line out of 2500 rows of DP table...
2022-01-04 21:13:16,058 - root - DEBUG - Processing 1470-th line out of 2500 rows of DP table...
2022-01-04 21:13:16,415 - root - DEBUG - Processing 1480-th line out of 2500 rows of DP table...
2022-01-04 21:13:16,773 - root - DEBUG - Processing 1490-th line out of 2500 rows of DP table...
2022-01-04 21:13:17,123 - root - DEBUG - Processing 1500-th line out of 2500 rows of DP table...
2022-01-04 21:13:17,477 - root - DEBUG - Processing 1510-th line out of 2500 rows of DP table...
2022-01-04 21:13:17,827 - root - DEBUG - Processing 1520-th line out of 2500 rows of DP table...
2022-01-04 21:13:18,168 - root - DEBUG - Processing 1530-th line out of 2500 rows of DP table...
2022-01-04 21:13:18,505 - root - DEBUG - Processing 1540-th line out of 2500 rows of DP table...
2022-01-04 21:13:18,842 - root - DEBUG - Processing 1550-th line out of 2500 rows of DP table...
2022-01-04 21:13:19,170 - root - DEBUG - Processing 1560-th line out of 2500 rows of DP table...
2022-01-04 21:13:19,504 - root - DEBUG - Processing 1570-th line out of 2500 rows of DP table...
2022-01-04 21:13:19,825 - root - DEBUG - Processing 1580-th line out of 2500 rows of DP table...
2022-01-04 21:13:20,148 - root - DEBUG - Processing 1590-th line out of 2500 rows of DP table...
2022-01-04 21:13:20,464 - root - DEBUG - Processing 1600-th line out of 2500 rows of DP table...
2022-01-04 21:13:20,777 - root - DEBUG - Processing 1610-th line out of 2500 rows of DP table...
2022-01-04 21:13:21,091 - root - DEBUG - Processing 1620-th line out of 2500 rows of DP table...
2022-01-04 21:13:21,399 - root - DEBUG - Processing 1630-th line out of 2500 rows of DP table...
2022-01-04 21:13:21,703 - root - DEBUG - Processing 1640-th line out of 2500 rows of DP table...
2022-01-04 21:13:22,003 - root - DEBUG - Processing 1650-th line out of 2500 rows of DP table...
2022-01-04 21:13:22,304 - root - DEBUG - Processing 1660-th line out of 2500 rows of DP table...
2022-01-04 21:13:22,597 - root - DEBUG - Processing 1670-th line out of 2500 rows of DP table...
2022-01-04 21:13:22,887 - root - DEBUG - Processing 1680-th line out of 2500 rows of DP table...
2022-01-04 21:13:23,174 - root - DEBUG - Processing 1690-th line out of 2500 rows of DP table...
2022-01-04 21:13:23,463 - root - DEBUG - Processing 1700-th line out of 2500 rows of DP table...
2022-01-04 21:13:23,744 - root - DEBUG - Processing 1710-th line out of 2500 rows of DP table...
2022-01-04 21:13:24,021 - root - DEBUG - Processing 1720-th line out of 2500 rows of DP table...
2022-01-04 21:13:24,293 - root - DEBUG - Processing 1730-th line out of 2500 rows of DP table...
2022-01-04 21:13:24,568 - root - DEBUG - Processing 1740-th line out of 2500 rows of DP table...
2022-01-04 21:13:24,834 - root - DEBUG - Processing 1750-th line out of 2500 rows of DP table...
2022-01-04 21:13:25,096 - root - DEBUG - Processing 1760-th line out of 2500 rows of DP table...
2022-01-04 21:13:25,356 - root - DEBUG - Processing 1770-th line out of 2500 rows of DP table...
2022-01-04 21:13:25,611 - root - DEBUG - Processing 1780-th line out of 2500 rows of DP table...
2022-01-04 21:13:25,870 - root - DEBUG - Processing 1790-th line out of 2500 rows of DP table...
2022-01-04 21:13:26,121 - root - DEBUG - Processing 1800-th line out of 2500 rows of DP table...
2022-01-04 21:13:26,368 - root - DEBUG - Processing 1810-th line out of 2500 rows of DP table...
2022-01-04 21:13:26,611 - root - DEBUG - Processing 1820-th line out of 2500 rows of DP table...
2022-01-04 21:13:26,855 - root - DEBUG - Processing 1830-th line out of 2500 rows of DP table...
2022-01-04 21:13:27,092 - root - DEBUG - Processing 1840-th line out of 2500 rows of DP table...
2022-01-04 21:13:27,324 - root - DEBUG - Processing 1850-th line out of 2500 rows of DP table...
2022-01-04 21:13:27,554 - root - DEBUG - Processing 1860-th line out of 2500 rows of DP table...
2022-01-04 21:13:27,780 - root - DEBUG - Processing 1870-th line out of 2500 rows of DP table...
2022-01-04 21:13:28,007 - root - DEBUG - Processing 1880-th line out of 2500 rows of DP table...
2022-01-04 21:13:28,226 - root - DEBUG - Processing 1890-th line out of 2500 rows of DP table...
2022-01-04 21:13:28,441 - root - DEBUG - Processing 1900-th line out of 2500 rows of DP table...
2022-01-04 21:13:28,654 - root - DEBUG - Processing 1910-th line out of 2500 rows of DP table...
2022-01-04 21:13:28,861 - root - DEBUG - Processing 1920-th line out of 2500 rows of DP table...
2022-01-04 21:13:29,072 - root - DEBUG - Processing 1930-th line out of 2500 rows of DP table...
2022-01-04 21:13:29,273 - root - DEBUG - Processing 1940-th line out of 2500 rows of DP table...
2022-01-04 21:13:29,473 - root - DEBUG - Processing 1950-th line out of 2500 rows of DP table...
2022-01-04 21:13:29,669 - root - DEBUG - Processing 1960-th line out of 2500 rows of DP table...
2022-01-04 21:13:29,863 - root - DEBUG - Processing 1970-th line out of 2500 rows of DP table...
2022-01-04 21:13:30,052 - root - DEBUG - Processing 1980-th line out of 2500 rows of DP table...
2022-01-04 21:13:30,244 - root - DEBUG - Processing 1990-th line out of 2500 rows of DP table...
2022-01-04 21:13:30,427 - root - DEBUG - Processing 2000-th line out of 2500 rows of DP table...
2022-01-04 21:13:30,606 - root - DEBUG - Processing 2010-th line out of 2500 rows of DP table...
2022-01-04 21:13:30,782 - root - DEBUG - Processing 2020-th line out of 2500 rows of DP table...
2022-01-04 21:13:30,955 - root - DEBUG - Processing 2030-th line out of 2500 rows of DP table...
2022-01-04 21:13:31,124 - root - DEBUG - Processing 2040-th line out of 2500 rows of DP table...
2022-01-04 21:13:31,290 - root - DEBUG - Processing 2050-th line out of 2500 rows of DP table...
2022-01-04 21:13:31,457 - root - DEBUG - Processing 2060-th line out of 2500 rows of DP table...
2022-01-04 21:13:31,617 - root - DEBUG - Processing 2070-th line out of 2500 rows of DP table...
2022-01-04 21:13:31,774 - root - DEBUG - Processing 2080-th line out of 2500 rows of DP table...
2022-01-04 21:13:31,927 - root - DEBUG - Processing 2090-th line out of 2500 rows of DP table...
2022-01-04 21:13:32,076 - root - DEBUG - Processing 2100-th line out of 2500 rows of DP table...
2022-01-04 21:13:32,222 - root - DEBUG - Processing 2110-th line out of 2500 rows of DP table...
2022-01-04 21:13:32,364 - root - DEBUG - Processing 2120-th line out of 2500 rows of DP table...
2022-01-04 21:13:32,509 - root - DEBUG - Processing 2130-th line out of 2500 rows of DP table...
2022-01-04 21:13:32,645 - root - DEBUG - Processing 2140-th line out of 2500 rows of DP table...
2022-01-04 21:13:32,778 - root - DEBUG - Processing 2150-th line out of 2500 rows of DP table...
2022-01-04 21:13:32,907 - root - DEBUG - Processing 2160-th line out of 2500 rows of DP table...
2022-01-04 21:13:33,033 - root - DEBUG - Processing 2170-th line out of 2500 rows of DP table...
2022-01-04 21:13:33,156 - root - DEBUG - Processing 2180-th line out of 2500 rows of DP table...
2022-01-04 21:13:33,275 - root - DEBUG - Processing 2190-th line out of 2500 rows of DP table...
2022-01-04 21:13:33,391 - root - DEBUG - Processing 2200-th line out of 2500 rows of DP table...
2022-01-04 21:13:33,504 - root - DEBUG - Processing 2210-th line out of 2500 rows of DP table...
2022-01-04 21:13:33,614 - root - DEBUG - Processing 2220-th line out of 2500 rows of DP table...
2022-01-04 21:13:33,724 - root - DEBUG - Processing 2230-th line out of 2500 rows of DP table...
2022-01-04 21:13:33,827 - root - DEBUG - Processing 2240-th line out of 2500 rows of DP table...
2022-01-04 21:13:33,926 - root - DEBUG - Processing 2250-th line out of 2500 rows of DP table...
2022-01-04 21:13:34,022 - root - DEBUG - Processing 2260-th line out of 2500 rows of DP table...
2022-01-04 21:13:34,115 - root - DEBUG - Processing 2270-th line out of 2500 rows of DP table...
2022-01-04 21:13:34,203 - root - DEBUG - Processing 2280-th line out of 2500 rows of DP table...
2022-01-04 21:13:34,290 - root - DEBUG - Processing 2290-th line out of 2500 rows of DP table...
2022-01-04 21:13:34,373 - root - DEBUG - Processing 2300-th line out of 2500 rows of DP table...
2022-01-04 21:13:34,452 - root - DEBUG - Processing 2310-th line out of 2500 rows of DP table...
2022-01-04 21:13:34,527 - root - DEBUG - Processing 2320-th line out of 2500 rows of DP table...
2022-01-04 21:13:34,599 - root - DEBUG - Processing 2330-th line out of 2500 rows of DP table...
2022-01-04 21:13:34,668 - root - DEBUG - Processing 2340-th line out of 2500 rows of DP table...
2022-01-04 21:13:34,733 - root - DEBUG - Processing 2350-th line out of 2500 rows of DP table...
2022-01-04 21:13:34,800 - root - DEBUG - Processing 2360-th line out of 2500 rows of DP table...
2022-01-04 21:13:34,858 - root - DEBUG - Processing 2370-th line out of 2500 rows of DP table...
2022-01-04 21:13:34,913 - root - DEBUG - Processing 2380-th line out of 2500 rows of DP table...
2022-01-04 21:13:34,964 - root - DEBUG - Processing 2390-th line out of 2500 rows of DP table...
2022-01-04 21:13:35,012 - root - DEBUG - Processing 2400-th line out of 2500 rows of DP table...
2022-01-04 21:13:35,056 - root - DEBUG - Processing 2410-th line out of 2500 rows of DP table...
2022-01-04 21:13:35,097 - root - DEBUG - Processing 2420-th line out of 2500 rows of DP table...
2022-01-04 21:13:35,135 - root - DEBUG - Processing 2430-th line out of 2500 rows of DP table...
2022-01-04 21:13:35,169 - root - DEBUG - Processing 2440-th line out of 2500 rows of DP table...
2022-01-04 21:13:35,200 - root - DEBUG - Processing 2450-th line out of 2500 rows of DP table...
2022-01-04 21:13:35,228 - root - DEBUG - Processing 2460-th line out of 2500 rows of DP table...
2022-01-04 21:13:35,252 - root - DEBUG - Processing 2470-th line out of 2500 rows of DP table...
2022-01-04 21:13:35,273 - root - DEBUG - Processing 2480-th line out of 2500 rows of DP table...
2022-01-04 21:13:35,290 - root - DEBUG - Processing 2490-th line out of 2500 rows of DP table...
2022-01-04 21:13:35,304 - root - DEBUG - Processing 2500-th line out of 2500 rows of DP table...
2022-01-04 21:13:35,317 - root - DEBUG - Started computing joint logprobs...
