2022-01-04 01:07:12,864 - root - INFO - Loading reference interval set from '211221-1-sim-data-time/g03_0.ref.tsv'...
2022-01-04 01:07:12,875 - root - INFO - Loading query interval set from '211221-1-sim-data-time/g03_0.query.tsv'...
2022-01-04 01:07:12,878 - root - INFO - Loading chromosome sizes from '211221-1-sim-data-time/g03_sizes.tsv'...
2022-01-04 01:07:12,883 - root - INFO - Number of reference intervals: 5000 (5000 before merging)
2022-01-04 01:07:12,884 - root - INFO - Number of query intervals: 50 (50 before merging)
2022-01-04 01:07:12,885 - root - INFO - Number of chromosomes: 1
2022-01-04 01:07:12,895 - root - INFO - Overlap count: 991
2022-01-04 01:07:12,897 - root - DEBUG - Started computing sf for chromosome 'chr1'...
2022-01-04 01:07:12,900 - root - DEBUG - m=5000, n=50
2022-01-04 01:07:13,942 - root - DEBUG - Processing 10-th line out of 5000 rows of DP table...
2022-01-04 01:07:15,007 - root - DEBUG - Processing 20-th line out of 5000 rows of DP table...
2022-01-04 01:07:16,023 - root - DEBUG - Processing 30-th line out of 5000 rows of DP table...
2022-01-04 01:07:17,045 - root - DEBUG - Processing 40-th line out of 5000 rows of DP table...
2022-01-04 01:07:18,060 - root - DEBUG - Processing 50-th line out of 5000 rows of DP table...
2022-01-04 01:07:19,072 - root - DEBUG - Processing 60-th line out of 5000 rows of DP table...
2022-01-04 01:07:20,078 - root - DEBUG - Processing 70-th line out of 5000 rows of DP table...
2022-01-04 01:07:21,086 - root - DEBUG - Processing 80-th line out of 5000 rows of DP table...
2022-01-04 01:07:22,088 - root - DEBUG - Processing 90-th line out of 5000 rows of DP table...
2022-01-04 01:07:23,089 - root - DEBUG - Processing 100-th line out of 5000 rows of DP table...
2022-01-04 01:07:24,094 - root - DEBUG - Processing 110-th line out of 5000 rows of DP table...
2022-01-04 01:07:25,095 - root - DEBUG - Processing 120-th line out of 5000 rows of DP table...
2022-01-04 01:07:26,089 - root - DEBUG - Processing 130-th line out of 5000 rows of DP table...
2022-01-04 01:07:27,085 - root - DEBUG - Processing 140-th line out of 5000 rows of DP table...
2022-01-04 01:07:28,079 - root - DEBUG - Processing 150-th line out of 5000 rows of DP table...
2022-01-04 01:07:29,098 - root - DEBUG - Processing 160-th line out of 5000 rows of DP table...
2022-01-04 01:07:30,090 - root - DEBUG - Processing 170-th line out of 5000 rows of DP table...
2022-01-04 01:07:31,073 - root - DEBUG - Processing 180-th line out of 5000 rows of DP table...
2022-01-04 01:07:32,060 - root - DEBUG - Processing 190-th line out of 5000 rows of DP table...
2022-01-04 01:07:33,044 - root - DEBUG - Processing 200-th line out of 5000 rows of DP table...
2022-01-04 01:07:34,133 - root - DEBUG - Processing 210-th line out of 5000 rows of DP table...
2022-01-04 01:07:35,296 - root - DEBUG - Processing 220-th line out of 5000 rows of DP table...
2022-01-04 01:07:36,272 - root - DEBUG - Processing 230-th line out of 5000 rows of DP table...
2022-01-04 01:07:37,507 - root - DEBUG - Processing 240-th line out of 5000 rows of DP table...
2022-01-04 01:07:38,491 - root - DEBUG - Processing 250-th line out of 5000 rows of DP table...
2022-01-04 01:07:39,466 - root - DEBUG - Processing 260-th line out of 5000 rows of DP table...
2022-01-04 01:07:40,444 - root - DEBUG - Processing 270-th line out of 5000 rows of DP table...
2022-01-04 01:07:41,411 - root - DEBUG - Processing 280-th line out of 5000 rows of DP table...
2022-01-04 01:07:42,375 - root - DEBUG - Processing 290-th line out of 5000 rows of DP table...
2022-01-04 01:07:43,339 - root - DEBUG - Processing 300-th line out of 5000 rows of DP table...
2022-01-04 01:07:44,326 - root - DEBUG - Processing 310-th line out of 5000 rows of DP table...
2022-01-04 01:07:45,286 - root - DEBUG - Processing 320-th line out of 5000 rows of DP table...
2022-01-04 01:07:46,239 - root - DEBUG - Processing 330-th line out of 5000 rows of DP table...
2022-01-04 01:07:47,199 - root - DEBUG - Processing 340-th line out of 5000 rows of DP table...
2022-01-04 01:07:48,155 - root - DEBUG - Processing 350-th line out of 5000 rows of DP table...
2022-01-04 01:07:49,146 - root - DEBUG - Processing 360-th line out of 5000 rows of DP table...
2022-01-04 01:07:50,098 - root - DEBUG - Processing 370-th line out of 5000 rows of DP table...
2022-01-04 01:07:51,047 - root - DEBUG - Processing 380-th line out of 5000 rows of DP table...
2022-01-04 01:07:51,991 - root - DEBUG - Processing 390-th line out of 5000 rows of DP table...
2022-01-04 01:07:52,985 - root - DEBUG - Processing 400-th line out of 5000 rows of DP table...
2022-01-04 01:07:53,927 - root - DEBUG - Processing 410-th line out of 5000 rows of DP table...
2022-01-04 01:07:54,877 - root - DEBUG - Processing 420-th line out of 5000 rows of DP table...
2022-01-04 01:07:55,865 - root - DEBUG - Processing 430-th line out of 5000 rows of DP table...
2022-01-04 01:07:56,800 - root - DEBUG - Processing 440-th line out of 5000 rows of DP table...
2022-01-04 01:07:57,731 - root - DEBUG - Processing 450-th line out of 5000 rows of DP table...
2022-01-04 01:07:58,659 - root - DEBUG - Processing 460-th line out of 5000 rows of DP table...
2022-01-04 01:07:59,588 - root - DEBUG - Processing 470-th line out of 5000 rows of DP table...
2022-01-04 01:08:00,516 - root - DEBUG - Processing 480-th line out of 5000 rows of DP table...
2022-01-04 01:08:01,454 - root - DEBUG - Processing 490-th line out of 5000 rows of DP table...
2022-01-04 01:08:02,375 - root - DEBUG - Processing 500-th line out of 5000 rows of DP table...
2022-01-04 01:08:03,295 - root - DEBUG - Processing 510-th line out of 5000 rows of DP table...
2022-01-04 01:08:04,213 - root - DEBUG - Processing 520-th line out of 5000 rows of DP table...
2022-01-04 01:08:05,123 - root - DEBUG - Processing 530-th line out of 5000 rows of DP table...
2022-01-04 01:08:06,068 - root - DEBUG - Processing 540-th line out of 5000 rows of DP table...
2022-01-04 01:08:06,979 - root - DEBUG - Processing 550-th line out of 5000 rows of DP table...
2022-01-04 01:08:08,312 - root - DEBUG - Processing 560-th line out of 5000 rows of DP table...
2022-01-04 01:08:09,833 - root - DEBUG - Processing 570-th line out of 5000 rows of DP table...
2022-01-04 01:08:11,320 - root - DEBUG - Processing 580-th line out of 5000 rows of DP table...
2022-01-04 01:08:12,223 - root - DEBUG - Processing 590-th line out of 5000 rows of DP table...
2022-01-04 01:08:13,125 - root - DEBUG - Processing 600-th line out of 5000 rows of DP table...
2022-01-04 01:08:14,026 - root - DEBUG - Processing 610-th line out of 5000 rows of DP table...
2022-01-04 01:08:14,921 - root - DEBUG - Processing 620-th line out of 5000 rows of DP table...
2022-01-04 01:08:15,817 - root - DEBUG - Processing 630-th line out of 5000 rows of DP table...
2022-01-04 01:08:16,709 - root - DEBUG - Processing 640-th line out of 5000 rows of DP table...
2022-01-04 01:08:17,597 - root - DEBUG - Processing 650-th line out of 5000 rows of DP table...
2022-01-04 01:08:18,487 - root - DEBUG - Processing 660-th line out of 5000 rows of DP table...
2022-01-04 01:08:19,376 - root - DEBUG - Processing 670-th line out of 5000 rows of DP table...
2022-01-04 01:08:20,261 - root - DEBUG - Processing 680-th line out of 5000 rows of DP table...
2022-01-04 01:08:21,144 - root - DEBUG - Processing 690-th line out of 5000 rows of DP table...
2022-01-04 01:08:22,024 - root - DEBUG - Processing 700-th line out of 5000 rows of DP table...
2022-01-04 01:08:22,903 - root - DEBUG - Processing 710-th line out of 5000 rows of DP table...
2022-01-04 01:08:23,780 - root - DEBUG - Processing 720-th line out of 5000 rows of DP table...
2022-01-04 01:08:24,657 - root - DEBUG - Processing 730-th line out of 5000 rows of DP table...
2022-01-04 01:08:25,530 - root - DEBUG - Processing 740-th line out of 5000 rows of DP table...
2022-01-04 01:08:26,404 - root - DEBUG - Processing 750-th line out of 5000 rows of DP table...
2022-01-04 01:08:27,274 - root - DEBUG - Processing 760-th line out of 5000 rows of DP table...
2022-01-04 01:08:28,166 - root - DEBUG - Processing 770-th line out of 5000 rows of DP table...
2022-01-04 01:08:29,032 - root - DEBUG - Processing 780-th line out of 5000 rows of DP table...
2022-01-04 01:08:29,895 - root - DEBUG - Processing 790-th line out of 5000 rows of DP table...
2022-01-04 01:08:30,787 - root - DEBUG - Processing 800-th line out of 5000 rows of DP table...
2022-01-04 01:08:31,646 - root - DEBUG - Processing 810-th line out of 5000 rows of DP table...
2022-01-04 01:08:32,503 - root - DEBUG - Processing 820-th line out of 5000 rows of DP table...
2022-01-04 01:08:33,392 - root - DEBUG - Processing 830-th line out of 5000 rows of DP table...
2022-01-04 01:08:34,275 - root - DEBUG - Processing 840-th line out of 5000 rows of DP table...
2022-01-04 01:08:35,153 - root - DEBUG - Processing 850-th line out of 5000 rows of DP table...
2022-01-04 01:08:36,004 - root - DEBUG - Processing 860-th line out of 5000 rows of DP table...
2022-01-04 01:08:36,852 - root - DEBUG - Processing 870-th line out of 5000 rows of DP table...
2022-01-04 01:08:37,696 - root - DEBUG - Processing 880-th line out of 5000 rows of DP table...
2022-01-04 01:08:38,538 - root - DEBUG - Processing 890-th line out of 5000 rows of DP table...
2022-01-04 01:08:39,380 - root - DEBUG - Processing 900-th line out of 5000 rows of DP table...
2022-01-04 01:08:40,222 - root - DEBUG - Processing 910-th line out of 5000 rows of DP table...
2022-01-04 01:08:41,059 - root - DEBUG - Processing 920-th line out of 5000 rows of DP table...
2022-01-04 01:08:41,895 - root - DEBUG - Processing 930-th line out of 5000 rows of DP table...
2022-01-04 01:08:42,730 - root - DEBUG - Processing 940-th line out of 5000 rows of DP table...
2022-01-04 01:08:43,562 - root - DEBUG - Processing 950-th line out of 5000 rows of DP table...
2022-01-04 01:08:44,395 - root - DEBUG - Processing 960-th line out of 5000 rows of DP table...
2022-01-04 01:08:45,224 - root - DEBUG - Processing 970-th line out of 5000 rows of DP table...
2022-01-04 01:08:46,051 - root - DEBUG - Processing 980-th line out of 5000 rows of DP table...
2022-01-04 01:08:46,877 - root - DEBUG - Processing 990-th line out of 5000 rows of DP table...
2022-01-04 01:08:47,697 - root - DEBUG - Processing 1000-th line out of 5000 rows of DP table...
2022-01-04 01:08:48,544 - root - DEBUG - Processing 1010-th line out of 5000 rows of DP table...
2022-01-04 01:08:49,366 - root - DEBUG - Processing 1020-th line out of 5000 rows of DP table...
2022-01-04 01:08:50,182 - root - DEBUG - Processing 1030-th line out of 5000 rows of DP table...
2022-01-04 01:08:51,009 - root - DEBUG - Processing 1040-th line out of 5000 rows of DP table...
2022-01-04 01:08:51,824 - root - DEBUG - Processing 1050-th line out of 5000 rows of DP table...
2022-01-04 01:08:52,654 - root - DEBUG - Processing 1060-th line out of 5000 rows of DP table...
2022-01-04 01:08:53,484 - root - DEBUG - Processing 1070-th line out of 5000 rows of DP table...
2022-01-04 01:08:54,317 - root - DEBUG - Processing 1080-th line out of 5000 rows of DP table...
2022-01-04 01:08:55,123 - root - DEBUG - Processing 1090-th line out of 5000 rows of DP table...
2022-01-04 01:08:55,946 - root - DEBUG - Processing 1100-th line out of 5000 rows of DP table...
2022-01-04 01:08:56,746 - root - DEBUG - Processing 1110-th line out of 5000 rows of DP table...
2022-01-04 01:08:57,545 - root - DEBUG - Processing 1120-th line out of 5000 rows of DP table...
2022-01-04 01:08:58,339 - root - DEBUG - Processing 1130-th line out of 5000 rows of DP table...
2022-01-04 01:08:59,134 - root - DEBUG - Processing 1140-th line out of 5000 rows of DP table...
2022-01-04 01:08:59,927 - root - DEBUG - Processing 1150-th line out of 5000 rows of DP table...
2022-01-04 01:09:00,719 - root - DEBUG - Processing 1160-th line out of 5000 rows of DP table...
2022-01-04 01:09:01,507 - root - DEBUG - Processing 1170-th line out of 5000 rows of DP table...
2022-01-04 01:09:02,311 - root - DEBUG - Processing 1180-th line out of 5000 rows of DP table...
2022-01-04 01:09:03,097 - root - DEBUG - Processing 1190-th line out of 5000 rows of DP table...
2022-01-04 01:09:03,881 - root - DEBUG - Processing 1200-th line out of 5000 rows of DP table...
2022-01-04 01:09:04,660 - root - DEBUG - Processing 1210-th line out of 5000 rows of DP table...
2022-01-04 01:09:05,451 - root - DEBUG - Processing 1220-th line out of 5000 rows of DP table...
2022-01-04 01:09:06,229 - root - DEBUG - Processing 1230-th line out of 5000 rows of DP table...
2022-01-04 01:09:07,003 - root - DEBUG - Processing 1240-th line out of 5000 rows of DP table...
2022-01-04 01:09:07,775 - root - DEBUG - Processing 1250-th line out of 5000 rows of DP table...
2022-01-04 01:09:08,544 - root - DEBUG - Processing 1260-th line out of 5000 rows of DP table...
2022-01-04 01:09:09,313 - root - DEBUG - Processing 1270-th line out of 5000 rows of DP table...
2022-01-04 01:09:10,081 - root - DEBUG - Processing 1280-th line out of 5000 rows of DP table...
2022-01-04 01:09:10,846 - root - DEBUG - Processing 1290-th line out of 5000 rows of DP table...
2022-01-04 01:09:11,624 - root - DEBUG - Processing 1300-th line out of 5000 rows of DP table...
2022-01-04 01:09:12,436 - root - DEBUG - Processing 1310-th line out of 5000 rows of DP table...
2022-01-04 01:09:13,194 - root - DEBUG - Processing 1320-th line out of 5000 rows of DP table...
2022-01-04 01:09:13,951 - root - DEBUG - Processing 1330-th line out of 5000 rows of DP table...
2022-01-04 01:09:14,710 - root - DEBUG - Processing 1340-th line out of 5000 rows of DP table...
2022-01-04 01:09:15,509 - root - DEBUG - Processing 1350-th line out of 5000 rows of DP table...
2022-01-04 01:09:16,263 - root - DEBUG - Processing 1360-th line out of 5000 rows of DP table...
2022-01-04 01:09:17,011 - root - DEBUG - Processing 1370-th line out of 5000 rows of DP table...
2022-01-04 01:09:17,759 - root - DEBUG - Processing 1380-th line out of 5000 rows of DP table...
2022-01-04 01:09:18,504 - root - DEBUG - Processing 1390-th line out of 5000 rows of DP table...
2022-01-04 01:09:19,275 - root - DEBUG - Processing 1400-th line out of 5000 rows of DP table...
2022-01-04 01:09:20,029 - root - DEBUG - Processing 1410-th line out of 5000 rows of DP table...
2022-01-04 01:09:20,803 - root - DEBUG - Processing 1420-th line out of 5000 rows of DP table...
2022-01-04 01:09:21,543 - root - DEBUG - Processing 1430-th line out of 5000 rows of DP table...
2022-01-04 01:09:22,283 - root - DEBUG - Processing 1440-th line out of 5000 rows of DP table...
2022-01-04 01:09:23,017 - root - DEBUG - Processing 1450-th line out of 5000 rows of DP table...
2022-01-04 01:09:23,746 - root - DEBUG - Processing 1460-th line out of 5000 rows of DP table...
2022-01-04 01:09:24,476 - root - DEBUG - Processing 1470-th line out of 5000 rows of DP table...
2022-01-04 01:09:25,217 - root - DEBUG - Processing 1480-th line out of 5000 rows of DP table...
2022-01-04 01:09:25,952 - root - DEBUG - Processing 1490-th line out of 5000 rows of DP table...
2022-01-04 01:09:26,775 - root - DEBUG - Processing 1500-th line out of 5000 rows of DP table...
2022-01-04 01:09:27,500 - root - DEBUG - Processing 1510-th line out of 5000 rows of DP table...
2022-01-04 01:09:28,221 - root - DEBUG - Processing 1520-th line out of 5000 rows of DP table...
2022-01-04 01:09:28,936 - root - DEBUG - Processing 1530-th line out of 5000 rows of DP table...
2022-01-04 01:09:29,726 - root - DEBUG - Processing 1540-th line out of 5000 rows of DP table...
2022-01-04 01:09:30,440 - root - DEBUG - Processing 1550-th line out of 5000 rows of DP table...
2022-01-04 01:09:31,151 - root - DEBUG - Processing 1560-th line out of 5000 rows of DP table...
2022-01-04 01:09:31,882 - root - DEBUG - Processing 1570-th line out of 5000 rows of DP table...
2022-01-04 01:09:32,592 - root - DEBUG - Processing 1580-th line out of 5000 rows of DP table...
2022-01-04 01:09:33,318 - root - DEBUG - Processing 1590-th line out of 5000 rows of DP table...
2022-01-04 01:09:34,021 - root - DEBUG - Processing 1600-th line out of 5000 rows of DP table...
2022-01-04 01:09:34,764 - root - DEBUG - Processing 1610-th line out of 5000 rows of DP table...
2022-01-04 01:09:35,464 - root - DEBUG - Processing 1620-th line out of 5000 rows of DP table...
2022-01-04 01:09:36,164 - root - DEBUG - Processing 1630-th line out of 5000 rows of DP table...
2022-01-04 01:09:36,892 - root - DEBUG - Processing 1640-th line out of 5000 rows of DP table...
2022-01-04 01:09:37,586 - root - DEBUG - Processing 1650-th line out of 5000 rows of DP table...
2022-01-04 01:09:38,286 - root - DEBUG - Processing 1660-th line out of 5000 rows of DP table...
2022-01-04 01:09:38,973 - root - DEBUG - Processing 1670-th line out of 5000 rows of DP table...
2022-01-04 01:09:39,665 - root - DEBUG - Processing 1680-th line out of 5000 rows of DP table...
2022-01-04 01:09:40,350 - root - DEBUG - Processing 1690-th line out of 5000 rows of DP table...
2022-01-04 01:09:41,036 - root - DEBUG - Processing 1700-th line out of 5000 rows of DP table...
2022-01-04 01:09:41,718 - root - DEBUG - Processing 1710-th line out of 5000 rows of DP table...
2022-01-04 01:09:42,415 - root - DEBUG - Processing 1720-th line out of 5000 rows of DP table...
2022-01-04 01:09:43,146 - root - DEBUG - Processing 1730-th line out of 5000 rows of DP table...
2022-01-04 01:09:43,821 - root - DEBUG - Processing 1740-th line out of 5000 rows of DP table...
2022-01-04 01:09:44,705 - root - DEBUG - Processing 1750-th line out of 5000 rows of DP table...
2022-01-04 01:09:45,382 - root - DEBUG - Processing 1760-th line out of 5000 rows of DP table...
2022-01-04 01:09:46,054 - root - DEBUG - Processing 1770-th line out of 5000 rows of DP table...
2022-01-04 01:09:46,724 - root - DEBUG - Processing 1780-th line out of 5000 rows of DP table...
2022-01-04 01:09:47,408 - root - DEBUG - Processing 1790-th line out of 5000 rows of DP table...
2022-01-04 01:09:48,076 - root - DEBUG - Processing 1800-th line out of 5000 rows of DP table...
2022-01-04 01:09:48,740 - root - DEBUG - Processing 1810-th line out of 5000 rows of DP table...
2022-01-04 01:09:49,400 - root - DEBUG - Processing 1820-th line out of 5000 rows of DP table...
2022-01-04 01:09:50,065 - root - DEBUG - Processing 1830-th line out of 5000 rows of DP table...
2022-01-04 01:09:50,724 - root - DEBUG - Processing 1840-th line out of 5000 rows of DP table...
2022-01-04 01:09:51,380 - root - DEBUG - Processing 1850-th line out of 5000 rows of DP table...
2022-01-04 01:09:52,058 - root - DEBUG - Processing 1860-th line out of 5000 rows of DP table...
2022-01-04 01:09:52,709 - root - DEBUG - Processing 1870-th line out of 5000 rows of DP table...
2022-01-04 01:09:53,361 - root - DEBUG - Processing 1880-th line out of 5000 rows of DP table...
2022-01-04 01:09:54,007 - root - DEBUG - Processing 1890-th line out of 5000 rows of DP table...
2022-01-04 01:09:54,709 - root - DEBUG - Processing 1900-th line out of 5000 rows of DP table...
2022-01-04 01:09:55,353 - root - DEBUG - Processing 1910-th line out of 5000 rows of DP table...
2022-01-04 01:09:55,995 - root - DEBUG - Processing 1920-th line out of 5000 rows of DP table...
2022-01-04 01:09:56,637 - root - DEBUG - Processing 1930-th line out of 5000 rows of DP table...
2022-01-04 01:09:57,277 - root - DEBUG - Processing 1940-th line out of 5000 rows of DP table...
2022-01-04 01:09:57,951 - root - DEBUG - Processing 1950-th line out of 5000 rows of DP table...
2022-01-04 01:09:58,609 - root - DEBUG - Processing 1960-th line out of 5000 rows of DP table...
2022-01-04 01:09:59,240 - root - DEBUG - Processing 1970-th line out of 5000 rows of DP table...
2022-01-04 01:09:59,954 - root - DEBUG - Processing 1980-th line out of 5000 rows of DP table...
2022-01-04 01:10:00,620 - root - DEBUG - Processing 1990-th line out of 5000 rows of DP table...
2022-01-04 01:10:01,247 - root - DEBUG - Processing 2000-th line out of 5000 rows of DP table...
2022-01-04 01:10:01,882 - root - DEBUG - Processing 2010-th line out of 5000 rows of DP table...
2022-01-04 01:10:02,506 - root - DEBUG - Processing 2020-th line out of 5000 rows of DP table...
2022-01-04 01:10:03,124 - root - DEBUG - Processing 2030-th line out of 5000 rows of DP table...
2022-01-04 01:10:03,741 - root - DEBUG - Processing 2040-th line out of 5000 rows of DP table...
2022-01-04 01:10:04,357 - root - DEBUG - Processing 2050-th line out of 5000 rows of DP table...
2022-01-04 01:10:05,028 - root - DEBUG - Processing 2060-th line out of 5000 rows of DP table...
2022-01-04 01:10:05,658 - root - DEBUG - Processing 2070-th line out of 5000 rows of DP table...
2022-01-04 01:10:06,267 - root - DEBUG - Processing 2080-th line out of 5000 rows of DP table...
2022-01-04 01:10:06,877 - root - DEBUG - Processing 2090-th line out of 5000 rows of DP table...
2022-01-04 01:10:07,486 - root - DEBUG - Processing 2100-th line out of 5000 rows of DP table...
2022-01-04 01:10:08,090 - root - DEBUG - Processing 2110-th line out of 5000 rows of DP table...
2022-01-04 01:10:08,720 - root - DEBUG - Processing 2120-th line out of 5000 rows of DP table...
2022-01-04 01:10:09,319 - root - DEBUG - Processing 2130-th line out of 5000 rows of DP table...
2022-01-04 01:10:09,997 - root - DEBUG - Processing 2140-th line out of 5000 rows of DP table...
2022-01-04 01:10:10,613 - root - DEBUG - Processing 2150-th line out of 5000 rows of DP table...
2022-01-04 01:10:11,205 - root - DEBUG - Processing 2160-th line out of 5000 rows of DP table...
2022-01-04 01:10:11,810 - root - DEBUG - Processing 2170-th line out of 5000 rows of DP table...
2022-01-04 01:10:12,413 - root - DEBUG - Processing 2180-th line out of 5000 rows of DP table...
2022-01-04 01:10:13,171 - root - DEBUG - Processing 2190-th line out of 5000 rows of DP table...
2022-01-04 01:10:13,943 - root - DEBUG - Processing 2200-th line out of 5000 rows of DP table...
2022-01-04 01:10:14,526 - root - DEBUG - Processing 2210-th line out of 5000 rows of DP table...
2022-01-04 01:10:15,111 - root - DEBUG - Processing 2220-th line out of 5000 rows of DP table...
2022-01-04 01:10:15,692 - root - DEBUG - Processing 2230-th line out of 5000 rows of DP table...
2022-01-04 01:10:16,275 - root - DEBUG - Processing 2240-th line out of 5000 rows of DP table...
2022-01-04 01:10:16,851 - root - DEBUG - Processing 2250-th line out of 5000 rows of DP table...
2022-01-04 01:10:17,426 - root - DEBUG - Processing 2260-th line out of 5000 rows of DP table...
2022-01-04 01:10:18,001 - root - DEBUG - Processing 2270-th line out of 5000 rows of DP table...
2022-01-04 01:10:18,573 - root - DEBUG - Processing 2280-th line out of 5000 rows of DP table...
2022-01-04 01:10:19,145 - root - DEBUG - Processing 2290-th line out of 5000 rows of DP table...
2022-01-04 01:10:19,708 - root - DEBUG - Processing 2300-th line out of 5000 rows of DP table...
2022-01-04 01:10:20,333 - root - DEBUG - Processing 2310-th line out of 5000 rows of DP table...
2022-01-04 01:10:20,896 - root - DEBUG - Processing 2320-th line out of 5000 rows of DP table...
2022-01-04 01:10:21,458 - root - DEBUG - Processing 2330-th line out of 5000 rows of DP table...
2022-01-04 01:10:22,038 - root - DEBUG - Processing 2340-th line out of 5000 rows of DP table...
2022-01-04 01:10:22,594 - root - DEBUG - Processing 2350-th line out of 5000 rows of DP table...
2022-01-04 01:10:23,148 - root - DEBUG - Processing 2360-th line out of 5000 rows of DP table...
2022-01-04 01:10:23,722 - root - DEBUG - Processing 2370-th line out of 5000 rows of DP table...
2022-01-04 01:10:24,271 - root - DEBUG - Processing 2380-th line out of 5000 rows of DP table...
2022-01-04 01:10:24,818 - root - DEBUG - Processing 2390-th line out of 5000 rows of DP table...
2022-01-04 01:10:25,371 - root - DEBUG - Processing 2400-th line out of 5000 rows of DP table...
2022-01-04 01:10:25,917 - root - DEBUG - Processing 2410-th line out of 5000 rows of DP table...
2022-01-04 01:10:26,525 - root - DEBUG - Processing 2420-th line out of 5000 rows of DP table...
2022-01-04 01:10:27,064 - root - DEBUG - Processing 2430-th line out of 5000 rows of DP table...
2022-01-04 01:10:27,603 - root - DEBUG - Processing 2440-th line out of 5000 rows of DP table...
2022-01-04 01:10:28,141 - root - DEBUG - Processing 2450-th line out of 5000 rows of DP table...
2022-01-04 01:10:28,678 - root - DEBUG - Processing 2460-th line out of 5000 rows of DP table...
2022-01-04 01:10:29,217 - root - DEBUG - Processing 2470-th line out of 5000 rows of DP table...
2022-01-04 01:10:29,747 - root - DEBUG - Processing 2480-th line out of 5000 rows of DP table...
2022-01-04 01:10:30,309 - root - DEBUG - Processing 2490-th line out of 5000 rows of DP table...
2022-01-04 01:10:30,860 - root - DEBUG - Processing 2500-th line out of 5000 rows of DP table...
2022-01-04 01:10:31,388 - root - DEBUG - Processing 2510-th line out of 5000 rows of DP table...
2022-01-04 01:10:31,913 - root - DEBUG - Processing 2520-th line out of 5000 rows of DP table...
2022-01-04 01:10:32,436 - root - DEBUG - Processing 2530-th line out of 5000 rows of DP table...
2022-01-04 01:10:32,955 - root - DEBUG - Processing 2540-th line out of 5000 rows of DP table...
2022-01-04 01:10:33,489 - root - DEBUG - Processing 2550-th line out of 5000 rows of DP table...
2022-01-04 01:10:34,006 - root - DEBUG - Processing 2560-th line out of 5000 rows of DP table...
2022-01-04 01:10:34,522 - root - DEBUG - Processing 2570-th line out of 5000 rows of DP table...
2022-01-04 01:10:35,030 - root - DEBUG - Processing 2580-th line out of 5000 rows of DP table...
2022-01-04 01:10:35,567 - root - DEBUG - Processing 2590-th line out of 5000 rows of DP table...
2022-01-04 01:10:36,139 - root - DEBUG - Processing 2600-th line out of 5000 rows of DP table...
2022-01-04 01:10:36,647 - root - DEBUG - Processing 2610-th line out of 5000 rows of DP table...
2022-01-04 01:10:37,153 - root - DEBUG - Processing 2620-th line out of 5000 rows of DP table...
2022-01-04 01:10:37,655 - root - DEBUG - Processing 2630-th line out of 5000 rows of DP table...
2022-01-04 01:10:38,173 - root - DEBUG - Processing 2640-th line out of 5000 rows of DP table...
2022-01-04 01:10:38,675 - root - DEBUG - Processing 2650-th line out of 5000 rows of DP table...
2022-01-04 01:10:39,170 - root - DEBUG - Processing 2660-th line out of 5000 rows of DP table...
2022-01-04 01:10:39,689 - root - DEBUG - Processing 2670-th line out of 5000 rows of DP table...
2022-01-04 01:10:40,180 - root - DEBUG - Processing 2680-th line out of 5000 rows of DP table...
2022-01-04 01:10:40,670 - root - DEBUG - Processing 2690-th line out of 5000 rows of DP table...
2022-01-04 01:10:41,164 - root - DEBUG - Processing 2700-th line out of 5000 rows of DP table...
2022-01-04 01:10:41,712 - root - DEBUG - Processing 2710-th line out of 5000 rows of DP table...
2022-01-04 01:10:42,202 - root - DEBUG - Processing 2720-th line out of 5000 rows of DP table...
2022-01-04 01:10:42,686 - root - DEBUG - Processing 2730-th line out of 5000 rows of DP table...
2022-01-04 01:10:43,164 - root - DEBUG - Processing 2740-th line out of 5000 rows of DP table...
2022-01-04 01:10:43,643 - root - DEBUG - Processing 2750-th line out of 5000 rows of DP table...
2022-01-04 01:10:44,158 - root - DEBUG - Processing 2760-th line out of 5000 rows of DP table...
2022-01-04 01:10:44,693 - root - DEBUG - Processing 2770-th line out of 5000 rows of DP table...
2022-01-04 01:10:45,163 - root - DEBUG - Processing 2780-th line out of 5000 rows of DP table...
2022-01-04 01:10:46,212 - root - DEBUG - Processing 2790-th line out of 5000 rows of DP table...
2022-01-04 01:10:46,791 - root - DEBUG - Processing 2800-th line out of 5000 rows of DP table...
2022-01-04 01:10:47,344 - root - DEBUG - Processing 2810-th line out of 5000 rows of DP table...
2022-01-04 01:10:47,810 - root - DEBUG - Processing 2820-th line out of 5000 rows of DP table...
2022-01-04 01:10:48,270 - root - DEBUG - Processing 2830-th line out of 5000 rows of DP table...
2022-01-04 01:10:48,730 - root - DEBUG - Processing 2840-th line out of 5000 rows of DP table...
2022-01-04 01:10:49,186 - root - DEBUG - Processing 2850-th line out of 5000 rows of DP table...
2022-01-04 01:10:49,645 - root - DEBUG - Processing 2860-th line out of 5000 rows of DP table...
2022-01-04 01:10:50,096 - root - DEBUG - Processing 2870-th line out of 5000 rows of DP table...
2022-01-04 01:10:50,550 - root - DEBUG - Processing 2880-th line out of 5000 rows of DP table...
2022-01-04 01:10:51,076 - root - DEBUG - Processing 2890-th line out of 5000 rows of DP table...
2022-01-04 01:10:51,527 - root - DEBUG - Processing 2900-th line out of 5000 rows of DP table...
2022-01-04 01:10:51,973 - root - DEBUG - Processing 2910-th line out of 5000 rows of DP table...
2022-01-04 01:10:52,416 - root - DEBUG - Processing 2920-th line out of 5000 rows of DP table...
2022-01-04 01:10:52,859 - root - DEBUG - Processing 2930-th line out of 5000 rows of DP table...
2022-01-04 01:10:53,300 - root - DEBUG - Processing 2940-th line out of 5000 rows of DP table...
2022-01-04 01:10:53,736 - root - DEBUG - Processing 2950-th line out of 5000 rows of DP table...
2022-01-04 01:10:54,271 - root - DEBUG - Processing 2960-th line out of 5000 rows of DP table...
2022-01-04 01:10:54,705 - root - DEBUG - Processing 2970-th line out of 5000 rows of DP table...
2022-01-04 01:10:55,135 - root - DEBUG - Processing 2980-th line out of 5000 rows of DP table...
2022-01-04 01:10:55,565 - root - DEBUG - Processing 2990-th line out of 5000 rows of DP table...
2022-01-04 01:10:56,014 - root - DEBUG - Processing 3000-th line out of 5000 rows of DP table...
2022-01-04 01:10:56,442 - root - DEBUG - Processing 3010-th line out of 5000 rows of DP table...
2022-01-04 01:10:56,897 - root - DEBUG - Processing 3020-th line out of 5000 rows of DP table...
2022-01-04 01:10:57,321 - root - DEBUG - Processing 3030-th line out of 5000 rows of DP table...
2022-01-04 01:10:57,739 - root - DEBUG - Processing 3040-th line out of 5000 rows of DP table...
2022-01-04 01:10:58,156 - root - DEBUG - Processing 3050-th line out of 5000 rows of DP table...
2022-01-04 01:10:58,637 - root - DEBUG - Processing 3060-th line out of 5000 rows of DP table...
2022-01-04 01:10:59,051 - root - DEBUG - Processing 3070-th line out of 5000 rows of DP table...
2022-01-04 01:10:59,495 - root - DEBUG - Processing 3080-th line out of 5000 rows of DP table...
2022-01-04 01:10:59,908 - root - DEBUG - Processing 3090-th line out of 5000 rows of DP table...
2022-01-04 01:11:00,313 - root - DEBUG - Processing 3100-th line out of 5000 rows of DP table...
2022-01-04 01:11:00,720 - root - DEBUG - Processing 3110-th line out of 5000 rows of DP table...
2022-01-04 01:11:01,145 - root - DEBUG - Processing 3120-th line out of 5000 rows of DP table...
2022-01-04 01:11:01,553 - root - DEBUG - Processing 3130-th line out of 5000 rows of DP table...
2022-01-04 01:11:01,962 - root - DEBUG - Processing 3140-th line out of 5000 rows of DP table...
2022-01-04 01:11:02,407 - root - DEBUG - Processing 3150-th line out of 5000 rows of DP table...
2022-01-04 01:11:02,809 - root - DEBUG - Processing 3160-th line out of 5000 rows of DP table...
2022-01-04 01:11:03,201 - root - DEBUG - Processing 3170-th line out of 5000 rows of DP table...
2022-01-04 01:11:03,591 - root - DEBUG - Processing 3180-th line out of 5000 rows of DP table...
2022-01-04 01:11:04,001 - root - DEBUG - Processing 3190-th line out of 5000 rows of DP table...
2022-01-04 01:11:04,389 - root - DEBUG - Processing 3200-th line out of 5000 rows of DP table...
2022-01-04 01:11:04,799 - root - DEBUG - Processing 3210-th line out of 5000 rows of DP table...
2022-01-04 01:11:05,182 - root - DEBUG - Processing 3220-th line out of 5000 rows of DP table...
2022-01-04 01:11:05,560 - root - DEBUG - Processing 3230-th line out of 5000 rows of DP table...
2022-01-04 01:11:05,965 - root - DEBUG - Processing 3240-th line out of 5000 rows of DP table...
2022-01-04 01:11:06,354 - root - DEBUG - Processing 3250-th line out of 5000 rows of DP table...
2022-01-04 01:11:06,730 - root - DEBUG - Processing 3260-th line out of 5000 rows of DP table...
2022-01-04 01:11:07,106 - root - DEBUG - Processing 3270-th line out of 5000 rows of DP table...
2022-01-04 01:11:07,478 - root - DEBUG - Processing 3280-th line out of 5000 rows of DP table...
2022-01-04 01:11:07,874 - root - DEBUG - Processing 3290-th line out of 5000 rows of DP table...
2022-01-04 01:11:08,259 - root - DEBUG - Processing 3300-th line out of 5000 rows of DP table...
2022-01-04 01:11:08,626 - root - DEBUG - Processing 3310-th line out of 5000 rows of DP table...
2022-01-04 01:11:08,988 - root - DEBUG - Processing 3320-th line out of 5000 rows of DP table...
2022-01-04 01:11:09,381 - root - DEBUG - Processing 3330-th line out of 5000 rows of DP table...
2022-01-04 01:11:09,743 - root - DEBUG - Processing 3340-th line out of 5000 rows of DP table...
2022-01-04 01:11:10,102 - root - DEBUG - Processing 3350-th line out of 5000 rows of DP table...
2022-01-04 01:11:10,456 - root - DEBUG - Processing 3360-th line out of 5000 rows of DP table...
2022-01-04 01:11:10,835 - root - DEBUG - Processing 3370-th line out of 5000 rows of DP table...
2022-01-04 01:11:11,184 - root - DEBUG - Processing 3380-th line out of 5000 rows of DP table...
2022-01-04 01:11:11,534 - root - DEBUG - Processing 3390-th line out of 5000 rows of DP table...
2022-01-04 01:11:11,884 - root - DEBUG - Processing 3400-th line out of 5000 rows of DP table...
2022-01-04 01:11:12,230 - root - DEBUG - Processing 3410-th line out of 5000 rows of DP table...
2022-01-04 01:11:12,573 - root - DEBUG - Processing 3420-th line out of 5000 rows of DP table...
2022-01-04 01:11:12,914 - root - DEBUG - Processing 3430-th line out of 5000 rows of DP table...
2022-01-04 01:11:13,250 - root - DEBUG - Processing 3440-th line out of 5000 rows of DP table...
2022-01-04 01:11:13,693 - root - DEBUG - Processing 3450-th line out of 5000 rows of DP table...
2022-01-04 01:11:14,029 - root - DEBUG - Processing 3460-th line out of 5000 rows of DP table...
2022-01-04 01:11:14,363 - root - DEBUG - Processing 3470-th line out of 5000 rows of DP table...
2022-01-04 01:11:14,695 - root - DEBUG - Processing 3480-th line out of 5000 rows of DP table...
2022-01-04 01:11:15,023 - root - DEBUG - Processing 3490-th line out of 5000 rows of DP table...
2022-01-04 01:11:15,352 - root - DEBUG - Processing 3500-th line out of 5000 rows of DP table...
2022-01-04 01:11:15,675 - root - DEBUG - Processing 3510-th line out of 5000 rows of DP table...
2022-01-04 01:11:16,024 - root - DEBUG - Processing 3520-th line out of 5000 rows of DP table...
2022-01-04 01:11:16,345 - root - DEBUG - Processing 3530-th line out of 5000 rows of DP table...
2022-01-04 01:11:16,668 - root - DEBUG - Processing 3540-th line out of 5000 rows of DP table...
2022-01-04 01:11:16,985 - root - DEBUG - Processing 3550-th line out of 5000 rows of DP table...
2022-01-04 01:11:17,328 - root - DEBUG - Processing 3560-th line out of 5000 rows of DP table...
2022-01-04 01:11:17,782 - root - DEBUG - Processing 3570-th line out of 5000 rows of DP table...
2022-01-04 01:11:18,342 - root - DEBUG - Processing 3580-th line out of 5000 rows of DP table...
2022-01-04 01:11:18,816 - root - DEBUG - Processing 3590-th line out of 5000 rows of DP table...
2022-01-04 01:11:19,371 - root - DEBUG - Processing 3600-th line out of 5000 rows of DP table...
2022-01-04 01:11:19,928 - root - DEBUG - Processing 3610-th line out of 5000 rows of DP table...
2022-01-04 01:11:20,339 - root - DEBUG - Processing 3620-th line out of 5000 rows of DP table...
2022-01-04 01:11:20,771 - root - DEBUG - Processing 3630-th line out of 5000 rows of DP table...
2022-01-04 01:11:21,596 - root - DEBUG - Processing 3640-th line out of 5000 rows of DP table...
2022-01-04 01:11:22,338 - root - DEBUG - Processing 3650-th line out of 5000 rows of DP table...
2022-01-04 01:11:23,120 - root - DEBUG - Processing 3660-th line out of 5000 rows of DP table...
2022-01-04 01:11:23,495 - root - DEBUG - Processing 3670-th line out of 5000 rows of DP table...
2022-01-04 01:11:23,797 - root - DEBUG - Processing 3680-th line out of 5000 rows of DP table...
2022-01-04 01:11:24,087 - root - DEBUG - Processing 3690-th line out of 5000 rows of DP table...
2022-01-04 01:11:24,373 - root - DEBUG - Processing 3700-th line out of 5000 rows of DP table...
2022-01-04 01:11:24,659 - root - DEBUG - Processing 3710-th line out of 5000 rows of DP table...
2022-01-04 01:11:24,974 - root - DEBUG - Processing 3720-th line out of 5000 rows of DP table...
2022-01-04 01:11:25,255 - root - DEBUG - Processing 3730-th line out of 5000 rows of DP table...
2022-01-04 01:11:25,536 - root - DEBUG - Processing 3740-th line out of 5000 rows of DP table...
2022-01-04 01:11:25,814 - root - DEBUG - Processing 3750-th line out of 5000 rows of DP table...
2022-01-04 01:11:26,090 - root - DEBUG - Processing 3760-th line out of 5000 rows of DP table...
2022-01-04 01:11:26,362 - root - DEBUG - Processing 3770-th line out of 5000 rows of DP table...
2022-01-04 01:11:26,635 - root - DEBUG - Processing 3780-th line out of 5000 rows of DP table...
2022-01-04 01:11:26,905 - root - DEBUG - Processing 3790-th line out of 5000 rows of DP table...
2022-01-04 01:11:27,175 - root - DEBUG - Processing 3800-th line out of 5000 rows of DP table...
2022-01-04 01:11:27,441 - root - DEBUG - Processing 3810-th line out of 5000 rows of DP table...
2022-01-04 01:11:27,706 - root - DEBUG - Processing 3820-th line out of 5000 rows of DP table...
2022-01-04 01:11:27,972 - root - DEBUG - Processing 3830-th line out of 5000 rows of DP table...
2022-01-04 01:11:28,233 - root - DEBUG - Processing 3840-th line out of 5000 rows of DP table...
2022-01-04 01:11:28,490 - root - DEBUG - Processing 3850-th line out of 5000 rows of DP table...
2022-01-04 01:11:28,748 - root - DEBUG - Processing 3860-th line out of 5000 rows of DP table...
2022-01-04 01:11:29,018 - root - DEBUG - Processing 3870-th line out of 5000 rows of DP table...
2022-01-04 01:11:29,284 - root - DEBUG - Processing 3880-th line out of 5000 rows of DP table...
2022-01-04 01:11:29,535 - root - DEBUG - Processing 3890-th line out of 5000 rows of DP table...
2022-01-04 01:11:29,785 - root - DEBUG - Processing 3900-th line out of 5000 rows of DP table...
2022-01-04 01:11:30,030 - root - DEBUG - Processing 3910-th line out of 5000 rows of DP table...
2022-01-04 01:11:30,275 - root - DEBUG - Processing 3920-th line out of 5000 rows of DP table...
2022-01-04 01:11:30,518 - root - DEBUG - Processing 3930-th line out of 5000 rows of DP table...
2022-01-04 01:11:30,792 - root - DEBUG - Processing 3940-th line out of 5000 rows of DP table...
2022-01-04 01:11:31,030 - root - DEBUG - Processing 3950-th line out of 5000 rows of DP table...
2022-01-04 01:11:31,266 - root - DEBUG - Processing 3960-th line out of 5000 rows of DP table...
2022-01-04 01:11:31,501 - root - DEBUG - Processing 3970-th line out of 5000 rows of DP table...
2022-01-04 01:11:31,734 - root - DEBUG - Processing 3980-th line out of 5000 rows of DP table...
2022-01-04 01:11:31,979 - root - DEBUG - Processing 3990-th line out of 5000 rows of DP table...
2022-01-04 01:11:32,208 - root - DEBUG - Processing 4000-th line out of 5000 rows of DP table...
2022-01-04 01:11:32,533 - root - DEBUG - Processing 4010-th line out of 5000 rows of DP table...
2022-01-04 01:11:32,759 - root - DEBUG - Processing 4020-th line out of 5000 rows of DP table...
2022-01-04 01:11:32,984 - root - DEBUG - Processing 4030-th line out of 5000 rows of DP table...
2022-01-04 01:11:33,205 - root - DEBUG - Processing 4040-th line out of 5000 rows of DP table...
2022-01-04 01:11:33,423 - root - DEBUG - Processing 4050-th line out of 5000 rows of DP table...
2022-01-04 01:11:33,638 - root - DEBUG - Processing 4060-th line out of 5000 rows of DP table...
2022-01-04 01:11:33,854 - root - DEBUG - Processing 4070-th line out of 5000 rows of DP table...
2022-01-04 01:11:34,068 - root - DEBUG - Processing 4080-th line out of 5000 rows of DP table...
2022-01-04 01:11:34,279 - root - DEBUG - Processing 4090-th line out of 5000 rows of DP table...
2022-01-04 01:11:34,488 - root - DEBUG - Processing 4100-th line out of 5000 rows of DP table...
2022-01-04 01:11:34,697 - root - DEBUG - Processing 4110-th line out of 5000 rows of DP table...
2022-01-04 01:11:34,902 - root - DEBUG - Processing 4120-th line out of 5000 rows of DP table...
2022-01-04 01:11:35,105 - root - DEBUG - Processing 4130-th line out of 5000 rows of DP table...
2022-01-04 01:11:35,305 - root - DEBUG - Processing 4140-th line out of 5000 rows of DP table...
2022-01-04 01:11:35,541 - root - DEBUG - Processing 4150-th line out of 5000 rows of DP table...
2022-01-04 01:11:35,801 - root - DEBUG - Processing 4160-th line out of 5000 rows of DP table...
2022-01-04 01:11:35,994 - root - DEBUG - Processing 4170-th line out of 5000 rows of DP table...
2022-01-04 01:11:36,206 - root - DEBUG - Processing 4180-th line out of 5000 rows of DP table...
2022-01-04 01:11:36,402 - root - DEBUG - Processing 4190-th line out of 5000 rows of DP table...
2022-01-04 01:11:36,589 - root - DEBUG - Processing 4200-th line out of 5000 rows of DP table...
2022-01-04 01:11:36,827 - root - DEBUG - Processing 4210-th line out of 5000 rows of DP table...
2022-01-04 01:11:37,025 - root - DEBUG - Processing 4220-th line out of 5000 rows of DP table...
2022-01-04 01:11:37,211 - root - DEBUG - Processing 4230-th line out of 5000 rows of DP table...
2022-01-04 01:11:37,391 - root - DEBUG - Processing 4240-th line out of 5000 rows of DP table...
2022-01-04 01:11:37,573 - root - DEBUG - Processing 4250-th line out of 5000 rows of DP table...
2022-01-04 01:11:37,750 - root - DEBUG - Processing 4260-th line out of 5000 rows of DP table...
2022-01-04 01:11:37,946 - root - DEBUG - Processing 4270-th line out of 5000 rows of DP table...
2022-01-04 01:11:38,117 - root - DEBUG - Processing 4280-th line out of 5000 rows of DP table...
2022-01-04 01:11:38,287 - root - DEBUG - Processing 4290-th line out of 5000 rows of DP table...
2022-01-04 01:11:38,454 - root - DEBUG - Processing 4300-th line out of 5000 rows of DP table...
2022-01-04 01:11:38,620 - root - DEBUG - Processing 4310-th line out of 5000 rows of DP table...
2022-01-04 01:11:38,787 - root - DEBUG - Processing 4320-th line out of 5000 rows of DP table...
2022-01-04 01:11:38,950 - root - DEBUG - Processing 4330-th line out of 5000 rows of DP table...
2022-01-04 01:11:39,112 - root - DEBUG - Processing 4340-th line out of 5000 rows of DP table...
2022-01-04 01:11:39,269 - root - DEBUG - Processing 4350-th line out of 5000 rows of DP table...
2022-01-04 01:11:39,425 - root - DEBUG - Processing 4360-th line out of 5000 rows of DP table...
2022-01-04 01:11:39,581 - root - DEBUG - Processing 4370-th line out of 5000 rows of DP table...
2022-01-04 01:11:39,735 - root - DEBUG - Processing 4380-th line out of 5000 rows of DP table...
2022-01-04 01:11:39,886 - root - DEBUG - Processing 4390-th line out of 5000 rows of DP table...
2022-01-04 01:11:40,035 - root - DEBUG - Processing 4400-th line out of 5000 rows of DP table...
2022-01-04 01:11:40,184 - root - DEBUG - Processing 4410-th line out of 5000 rows of DP table...
2022-01-04 01:11:40,327 - root - DEBUG - Processing 4420-th line out of 5000 rows of DP table...
2022-01-04 01:11:40,470 - root - DEBUG - Processing 4430-th line out of 5000 rows of DP table...
2022-01-04 01:11:40,611 - root - DEBUG - Processing 4440-th line out of 5000 rows of DP table...
2022-01-04 01:11:40,749 - root - DEBUG - Processing 4450-th line out of 5000 rows of DP table...
2022-01-04 01:11:40,887 - root - DEBUG - Processing 4460-th line out of 5000 rows of DP table...
2022-01-04 01:11:41,019 - root - DEBUG - Processing 4470-th line out of 5000 rows of DP table...
2022-01-04 01:11:41,154 - root - DEBUG - Processing 4480-th line out of 5000 rows of DP table...
2022-01-04 01:11:41,284 - root - DEBUG - Processing 4490-th line out of 5000 rows of DP table...
2022-01-04 01:11:41,414 - root - DEBUG - Processing 4500-th line out of 5000 rows of DP table...
2022-01-04 01:11:41,540 - root - DEBUG - Processing 4510-th line out of 5000 rows of DP table...
2022-01-04 01:11:41,680 - root - DEBUG - Processing 4520-th line out of 5000 rows of DP table...
2022-01-04 01:11:41,811 - root - DEBUG - Processing 4530-th line out of 5000 rows of DP table...
2022-01-04 01:11:41,932 - root - DEBUG - Processing 4540-th line out of 5000 rows of DP table...
2022-01-04 01:11:42,052 - root - DEBUG - Processing 4550-th line out of 5000 rows of DP table...
2022-01-04 01:11:42,168 - root - DEBUG - Processing 4560-th line out of 5000 rows of DP table...
2022-01-04 01:11:42,291 - root - DEBUG - Processing 4570-th line out of 5000 rows of DP table...
2022-01-04 01:11:42,403 - root - DEBUG - Processing 4580-th line out of 5000 rows of DP table...
2022-01-04 01:11:42,513 - root - DEBUG - Processing 4590-th line out of 5000 rows of DP table...
2022-01-04 01:11:42,633 - root - DEBUG - Processing 4600-th line out of 5000 rows of DP table...
2022-01-04 01:11:42,743 - root - DEBUG - Processing 4610-th line out of 5000 rows of DP table...
2022-01-04 01:11:42,849 - root - DEBUG - Processing 4620-th line out of 5000 rows of DP table...
2022-01-04 01:11:42,955 - root - DEBUG - Processing 4630-th line out of 5000 rows of DP table...
2022-01-04 01:11:43,055 - root - DEBUG - Processing 4640-th line out of 5000 rows of DP table...
2022-01-04 01:11:43,155 - root - DEBUG - Processing 4650-th line out of 5000 rows of DP table...
2022-01-04 01:11:43,252 - root - DEBUG - Processing 4660-th line out of 5000 rows of DP table...
2022-01-04 01:11:43,347 - root - DEBUG - Processing 4670-th line out of 5000 rows of DP table...
2022-01-04 01:11:43,469 - root - DEBUG - Processing 4680-th line out of 5000 rows of DP table...
2022-01-04 01:11:43,560 - root - DEBUG - Processing 4690-th line out of 5000 rows of DP table...
2022-01-04 01:11:43,652 - root - DEBUG - Processing 4700-th line out of 5000 rows of DP table...
2022-01-04 01:11:43,764 - root - DEBUG - Processing 4710-th line out of 5000 rows of DP table...
2022-01-04 01:11:43,852 - root - DEBUG - Processing 4720-th line out of 5000 rows of DP table...
2022-01-04 01:11:43,938 - root - DEBUG - Processing 4730-th line out of 5000 rows of DP table...
2022-01-04 01:11:44,020 - root - DEBUG - Processing 4740-th line out of 5000 rows of DP table...
2022-01-04 01:11:44,098 - root - DEBUG - Processing 4750-th line out of 5000 rows of DP table...
2022-01-04 01:11:44,175 - root - DEBUG - Processing 4760-th line out of 5000 rows of DP table...
2022-01-04 01:11:44,249 - root - DEBUG - Processing 4770-th line out of 5000 rows of DP table...
2022-01-04 01:11:44,332 - root - DEBUG - Processing 4780-th line out of 5000 rows of DP table...
2022-01-04 01:11:44,403 - root - DEBUG - Processing 4790-th line out of 5000 rows of DP table...
2022-01-04 01:11:44,471 - root - DEBUG - Processing 4800-th line out of 5000 rows of DP table...
2022-01-04 01:11:44,537 - root - DEBUG - Processing 4810-th line out of 5000 rows of DP table...
2022-01-04 01:11:44,601 - root - DEBUG - Processing 4820-th line out of 5000 rows of DP table...
2022-01-04 01:11:44,663 - root - DEBUG - Processing 4830-th line out of 5000 rows of DP table...
2022-01-04 01:11:44,728 - root - DEBUG - Processing 4840-th line out of 5000 rows of DP table...
2022-01-04 01:11:44,793 - root - DEBUG - Processing 4850-th line out of 5000 rows of DP table...
2022-01-04 01:11:44,850 - root - DEBUG - Processing 4860-th line out of 5000 rows of DP table...
2022-01-04 01:11:44,904 - root - DEBUG - Processing 4870-th line out of 5000 rows of DP table...
2022-01-04 01:11:44,956 - root - DEBUG - Processing 4880-th line out of 5000 rows of DP table...
2022-01-04 01:11:45,006 - root - DEBUG - Processing 4890-th line out of 5000 rows of DP table...
2022-01-04 01:11:45,054 - root - DEBUG - Processing 4900-th line out of 5000 rows of DP table...
2022-01-04 01:11:45,101 - root - DEBUG - Processing 4910-th line out of 5000 rows of DP table...
2022-01-04 01:11:45,145 - root - DEBUG - Processing 4920-th line out of 5000 rows of DP table...
2022-01-04 01:11:45,188 - root - DEBUG - Processing 4930-th line out of 5000 rows of DP table...
2022-01-04 01:11:45,229 - root - DEBUG - Processing 4940-th line out of 5000 rows of DP table...
2022-01-04 01:11:45,269 - root - DEBUG - Processing 4950-th line out of 5000 rows of DP table...
2022-01-04 01:11:45,306 - root - DEBUG - Processing 4960-th line out of 5000 rows of DP table...
2022-01-04 01:11:45,341 - root - DEBUG - Processing 4970-th line out of 5000 rows of DP table...
2022-01-04 01:11:45,374 - root - DEBUG - Processing 4980-th line out of 5000 rows of DP table...
2022-01-04 01:11:45,405 - root - DEBUG - Processing 4990-th line out of 5000 rows of DP table...
2022-01-04 01:11:45,433 - root - DEBUG - Processing 5000-th line out of 5000 rows of DP table...
2022-01-04 01:11:45,466 - root - DEBUG - Started computing joint logprobs...
