2022-01-04 01:07:14,448 - root - INFO - Loading reference interval set from '211221-1-sim-data-time/g04_0.ref.tsv'...
2022-01-04 01:07:14,454 - root - INFO - Loading query interval set from '211221-1-sim-data-time/g04_0.query.tsv'...
2022-01-04 01:07:14,464 - root - INFO - Loading chromosome sizes from '211221-1-sim-data-time/g04_sizes.tsv'...
2022-01-04 01:07:14,495 - root - INFO - Number of reference intervals: 5000 (5000 before merging)
2022-01-04 01:07:14,532 - root - INFO - Number of query intervals: 5000 (5000 before merging)
2022-01-04 01:07:14,535 - root - INFO - Number of chromosomes: 1
2022-01-04 01:07:14,554 - root - INFO - Overlap count: 1742
2022-01-04 01:07:14,554 - root - DEBUG - Started computing sf for chromosome 'chr1'...
2022-01-04 01:07:14,558 - root - DEBUG - m=5000, n=5000
2022-01-04 01:07:15,594 - root - DEBUG - Processing 10-th line out of 5000 rows of DP table...
2022-01-04 01:07:16,685 - root - DEBUG - Processing 20-th line out of 5000 rows of DP table...
2022-01-04 01:07:17,796 - root - DEBUG - Processing 30-th line out of 5000 rows of DP table...
2022-01-04 01:07:18,884 - root - DEBUG - Processing 40-th line out of 5000 rows of DP table...
2022-01-04 01:07:19,971 - root - DEBUG - Processing 50-th line out of 5000 rows of DP table...
2022-01-04 01:07:21,051 - root - DEBUG - Processing 60-th line out of 5000 rows of DP table...
2022-01-04 01:07:22,140 - root - DEBUG - Processing 70-th line out of 5000 rows of DP table...
2022-01-04 01:07:23,217 - root - DEBUG - Processing 80-th line out of 5000 rows of DP table...
2022-01-04 01:07:24,280 - root - DEBUG - Processing 90-th line out of 5000 rows of DP table...
2022-01-04 01:07:25,361 - root - DEBUG - Processing 100-th line out of 5000 rows of DP table...
2022-01-04 01:07:26,431 - root - DEBUG - Processing 110-th line out of 5000 rows of DP table...
2022-01-04 01:07:27,496 - root - DEBUG - Processing 120-th line out of 5000 rows of DP table...
2022-01-04 01:07:28,563 - root - DEBUG - Processing 130-th line out of 5000 rows of DP table...
2022-01-04 01:07:29,619 - root - DEBUG - Processing 140-th line out of 5000 rows of DP table...
2022-01-04 01:07:30,682 - root - DEBUG - Processing 150-th line out of 5000 rows of DP table...
2022-01-04 01:07:31,749 - root - DEBUG - Processing 160-th line out of 5000 rows of DP table...
2022-01-04 01:07:32,814 - root - DEBUG - Processing 170-th line out of 5000 rows of DP table...
2022-01-04 01:07:34,223 - root - DEBUG - Processing 180-th line out of 5000 rows of DP table...
2022-01-04 01:07:35,349 - root - DEBUG - Processing 190-th line out of 5000 rows of DP table...
2022-01-04 01:07:36,396 - root - DEBUG - Processing 200-th line out of 5000 rows of DP table...
2022-01-04 01:07:37,567 - root - DEBUG - Processing 210-th line out of 5000 rows of DP table...
2022-01-04 01:07:38,613 - root - DEBUG - Processing 220-th line out of 5000 rows of DP table...
2022-01-04 01:07:39,659 - root - DEBUG - Processing 230-th line out of 5000 rows of DP table...
2022-01-04 01:07:40,688 - root - DEBUG - Processing 240-th line out of 5000 rows of DP table...
2022-01-04 01:07:41,723 - root - DEBUG - Processing 250-th line out of 5000 rows of DP table...
2022-01-04 01:07:42,761 - root - DEBUG - Processing 260-th line out of 5000 rows of DP table...
2022-01-04 01:07:43,803 - root - DEBUG - Processing 270-th line out of 5000 rows of DP table...
2022-01-04 01:07:44,841 - root - DEBUG - Processing 280-th line out of 5000 rows of DP table...
2022-01-04 01:07:45,861 - root - DEBUG - Processing 290-th line out of 5000 rows of DP table...
2022-01-04 01:07:46,892 - root - DEBUG - Processing 300-th line out of 5000 rows of DP table...
2022-01-04 01:07:47,954 - root - DEBUG - Processing 310-th line out of 5000 rows of DP table...
2022-01-04 01:07:49,022 - root - DEBUG - Processing 320-th line out of 5000 rows of DP table...
2022-01-04 01:07:50,041 - root - DEBUG - Processing 330-th line out of 5000 rows of DP table...
2022-01-04 01:07:51,085 - root - DEBUG - Processing 340-th line out of 5000 rows of DP table...
2022-01-04 01:07:52,089 - root - DEBUG - Processing 350-th line out of 5000 rows of DP table...
2022-01-04 01:07:53,102 - root - DEBUG - Processing 360-th line out of 5000 rows of DP table...
2022-01-04 01:07:54,109 - root - DEBUG - Processing 370-th line out of 5000 rows of DP table...
2022-01-04 01:07:55,121 - root - DEBUG - Processing 380-th line out of 5000 rows of DP table...
2022-01-04 01:07:56,134 - root - DEBUG - Processing 390-th line out of 5000 rows of DP table...
2022-01-04 01:07:57,145 - root - DEBUG - Processing 400-th line out of 5000 rows of DP table...
2022-01-04 01:07:58,200 - root - DEBUG - Processing 410-th line out of 5000 rows of DP table...
2022-01-04 01:07:59,198 - root - DEBUG - Processing 420-th line out of 5000 rows of DP table...
2022-01-04 01:08:00,203 - root - DEBUG - Processing 430-th line out of 5000 rows of DP table...
2022-01-04 01:08:01,220 - root - DEBUG - Processing 440-th line out of 5000 rows of DP table...
2022-01-04 01:08:02,217 - root - DEBUG - Processing 450-th line out of 5000 rows of DP table...
2022-01-04 01:08:03,217 - root - DEBUG - Processing 460-th line out of 5000 rows of DP table...
2022-01-04 01:08:04,214 - root - DEBUG - Processing 470-th line out of 5000 rows of DP table...
2022-01-04 01:08:05,204 - root - DEBUG - Processing 480-th line out of 5000 rows of DP table...
2022-01-04 01:08:06,243 - root - DEBUG - Processing 490-th line out of 5000 rows of DP table...
2022-01-04 01:08:07,227 - root - DEBUG - Processing 500-th line out of 5000 rows of DP table...
2022-01-04 01:08:08,974 - root - DEBUG - Processing 510-th line out of 5000 rows of DP table...
2022-01-04 01:08:10,624 - root - DEBUG - Processing 520-th line out of 5000 rows of DP table...
2022-01-04 01:08:11,731 - root - DEBUG - Processing 530-th line out of 5000 rows of DP table...
2022-01-04 01:08:12,699 - root - DEBUG - Processing 540-th line out of 5000 rows of DP table...
2022-01-04 01:08:13,665 - root - DEBUG - Processing 550-th line out of 5000 rows of DP table...
2022-01-04 01:08:14,643 - root - DEBUG - Processing 560-th line out of 5000 rows of DP table...
2022-01-04 01:08:15,607 - root - DEBUG - Processing 570-th line out of 5000 rows of DP table...
2022-01-04 01:08:16,576 - root - DEBUG - Processing 580-th line out of 5000 rows of DP table...
2022-01-04 01:08:17,543 - root - DEBUG - Processing 590-th line out of 5000 rows of DP table...
2022-01-04 01:08:18,497 - root - DEBUG - Processing 600-th line out of 5000 rows of DP table...
2022-01-04 01:08:19,462 - root - DEBUG - Processing 610-th line out of 5000 rows of DP table...
2022-01-04 01:08:20,411 - root - DEBUG - Processing 620-th line out of 5000 rows of DP table...
2022-01-04 01:08:21,358 - root - DEBUG - Processing 630-th line out of 5000 rows of DP table...
2022-01-04 01:08:22,315 - root - DEBUG - Processing 640-th line out of 5000 rows of DP table...
2022-01-04 01:08:23,269 - root - DEBUG - Processing 650-th line out of 5000 rows of DP table...
2022-01-04 01:08:24,208 - root - DEBUG - Processing 660-th line out of 5000 rows of DP table...
2022-01-04 01:08:25,160 - root - DEBUG - Processing 670-th line out of 5000 rows of DP table...
2022-01-04 01:08:26,108 - root - DEBUG - Processing 680-th line out of 5000 rows of DP table...
2022-01-04 01:08:27,053 - root - DEBUG - Processing 690-th line out of 5000 rows of DP table...
2022-01-04 01:08:27,995 - root - DEBUG - Processing 700-th line out of 5000 rows of DP table...
2022-01-04 01:08:28,967 - root - DEBUG - Processing 710-th line out of 5000 rows of DP table...
2022-01-04 01:08:29,906 - root - DEBUG - Processing 720-th line out of 5000 rows of DP table...
2022-01-04 01:08:30,863 - root - DEBUG - Processing 730-th line out of 5000 rows of DP table...
2022-01-04 01:08:31,799 - root - DEBUG - Processing 740-th line out of 5000 rows of DP table...
2022-01-04 01:08:32,732 - root - DEBUG - Processing 750-th line out of 5000 rows of DP table...
2022-01-04 01:08:33,701 - root - DEBUG - Processing 760-th line out of 5000 rows of DP table...
2022-01-04 01:08:34,665 - root - DEBUG - Processing 770-th line out of 5000 rows of DP table...
2022-01-04 01:08:35,588 - root - DEBUG - Processing 780-th line out of 5000 rows of DP table...
2022-01-04 01:08:36,515 - root - DEBUG - Processing 790-th line out of 5000 rows of DP table...
2022-01-04 01:08:37,424 - root - DEBUG - Processing 800-th line out of 5000 rows of DP table...
2022-01-04 01:08:38,341 - root - DEBUG - Processing 810-th line out of 5000 rows of DP table...
2022-01-04 01:08:39,263 - root - DEBUG - Processing 820-th line out of 5000 rows of DP table...
2022-01-04 01:08:40,176 - root - DEBUG - Processing 830-th line out of 5000 rows of DP table...
2022-01-04 01:08:41,094 - root - DEBUG - Processing 840-th line out of 5000 rows of DP table...
2022-01-04 01:08:42,010 - root - DEBUG - Processing 850-th line out of 5000 rows of DP table...
2022-01-04 01:08:42,921 - root - DEBUG - Processing 860-th line out of 5000 rows of DP table...
2022-01-04 01:08:43,826 - root - DEBUG - Processing 870-th line out of 5000 rows of DP table...
2022-01-04 01:08:44,731 - root - DEBUG - Processing 880-th line out of 5000 rows of DP table...
2022-01-04 01:08:45,623 - root - DEBUG - Processing 890-th line out of 5000 rows of DP table...
2022-01-04 01:08:46,547 - root - DEBUG - Processing 900-th line out of 5000 rows of DP table...
2022-01-04 01:08:47,443 - root - DEBUG - Processing 910-th line out of 5000 rows of DP table...
2022-01-04 01:08:48,334 - root - DEBUG - Processing 920-th line out of 5000 rows of DP table...
2022-01-04 01:08:49,255 - root - DEBUG - Processing 930-th line out of 5000 rows of DP table...
2022-01-04 01:08:50,167 - root - DEBUG - Processing 940-th line out of 5000 rows of DP table...
2022-01-04 01:08:51,061 - root - DEBUG - Processing 950-th line out of 5000 rows of DP table...
2022-01-04 01:08:51,984 - root - DEBUG - Processing 960-th line out of 5000 rows of DP table...
2022-01-04 01:08:52,871 - root - DEBUG - Processing 970-th line out of 5000 rows of DP table...
2022-01-04 01:08:53,750 - root - DEBUG - Processing 980-th line out of 5000 rows of DP table...
2022-01-04 01:08:54,624 - root - DEBUG - Processing 990-th line out of 5000 rows of DP table...
2022-01-04 01:08:55,525 - root - DEBUG - Processing 1000-th line out of 5000 rows of DP table...
2022-01-04 01:08:56,428 - root - DEBUG - Processing 1010-th line out of 5000 rows of DP table...
2022-01-04 01:08:57,305 - root - DEBUG - Processing 1020-th line out of 5000 rows of DP table...
2022-01-04 01:08:58,178 - root - DEBUG - Processing 1030-th line out of 5000 rows of DP table...
2022-01-04 01:08:59,054 - root - DEBUG - Processing 1040-th line out of 5000 rows of DP table...
2022-01-04 01:08:59,927 - root - DEBUG - Processing 1050-th line out of 5000 rows of DP table...
2022-01-04 01:09:00,794 - root - DEBUG - Processing 1060-th line out of 5000 rows of DP table...
2022-01-04 01:09:01,653 - root - DEBUG - Processing 1070-th line out of 5000 rows of DP table...
2022-01-04 01:09:02,516 - root - DEBUG - Processing 1080-th line out of 5000 rows of DP table...
2022-01-04 01:09:03,365 - root - DEBUG - Processing 1090-th line out of 5000 rows of DP table...
2022-01-04 01:09:04,224 - root - DEBUG - Processing 1100-th line out of 5000 rows of DP table...
2022-01-04 01:09:05,079 - root - DEBUG - Processing 1110-th line out of 5000 rows of DP table...
2022-01-04 01:09:05,925 - root - DEBUG - Processing 1120-th line out of 5000 rows of DP table...
2022-01-04 01:09:06,775 - root - DEBUG - Processing 1130-th line out of 5000 rows of DP table...
2022-01-04 01:09:07,626 - root - DEBUG - Processing 1140-th line out of 5000 rows of DP table...
2022-01-04 01:09:08,474 - root - DEBUG - Processing 1150-th line out of 5000 rows of DP table...
2022-01-04 01:09:09,309 - root - DEBUG - Processing 1160-th line out of 5000 rows of DP table...
2022-01-04 01:09:10,149 - root - DEBUG - Processing 1170-th line out of 5000 rows of DP table...
2022-01-04 01:09:10,994 - root - DEBUG - Processing 1180-th line out of 5000 rows of DP table...
2022-01-04 01:09:11,844 - root - DEBUG - Processing 1190-th line out of 5000 rows of DP table...
2022-01-04 01:09:12,688 - root - DEBUG - Processing 1200-th line out of 5000 rows of DP table...
2022-01-04 01:09:13,522 - root - DEBUG - Processing 1210-th line out of 5000 rows of DP table...
2022-01-04 01:09:14,382 - root - DEBUG - Processing 1220-th line out of 5000 rows of DP table...
2022-01-04 01:09:15,212 - root - DEBUG - Processing 1230-th line out of 5000 rows of DP table...
2022-01-04 01:09:16,045 - root - DEBUG - Processing 1240-th line out of 5000 rows of DP table...
2022-01-04 01:09:16,871 - root - DEBUG - Processing 1250-th line out of 5000 rows of DP table...
2022-01-04 01:09:17,696 - root - DEBUG - Processing 1260-th line out of 5000 rows of DP table...
2022-01-04 01:09:18,521 - root - DEBUG - Processing 1270-th line out of 5000 rows of DP table...
2022-01-04 01:09:19,347 - root - DEBUG - Processing 1280-th line out of 5000 rows of DP table...
2022-01-04 01:09:20,165 - root - DEBUG - Processing 1290-th line out of 5000 rows of DP table...
2022-01-04 01:09:20,984 - root - DEBUG - Processing 1300-th line out of 5000 rows of DP table...
2022-01-04 01:09:21,825 - root - DEBUG - Processing 1310-th line out of 5000 rows of DP table...
2022-01-04 01:09:22,634 - root - DEBUG - Processing 1320-th line out of 5000 rows of DP table...
2022-01-04 01:09:23,442 - root - DEBUG - Processing 1330-th line out of 5000 rows of DP table...
2022-01-04 01:09:24,275 - root - DEBUG - Processing 1340-th line out of 5000 rows of DP table...
2022-01-04 01:09:25,086 - root - DEBUG - Processing 1350-th line out of 5000 rows of DP table...
2022-01-04 01:09:25,907 - root - DEBUG - Processing 1360-th line out of 5000 rows of DP table...
2022-01-04 01:09:26,852 - root - DEBUG - Processing 1370-th line out of 5000 rows of DP table...
2022-01-04 01:09:27,650 - root - DEBUG - Processing 1380-th line out of 5000 rows of DP table...
2022-01-04 01:09:28,449 - root - DEBUG - Processing 1390-th line out of 5000 rows of DP table...
2022-01-04 01:09:29,245 - root - DEBUG - Processing 1400-th line out of 5000 rows of DP table...
2022-01-04 01:09:30,070 - root - DEBUG - Processing 1410-th line out of 5000 rows of DP table...
2022-01-04 01:09:30,860 - root - DEBUG - Processing 1420-th line out of 5000 rows of DP table...
2022-01-04 01:09:31,649 - root - DEBUG - Processing 1430-th line out of 5000 rows of DP table...
2022-01-04 01:09:32,436 - root - DEBUG - Processing 1440-th line out of 5000 rows of DP table...
2022-01-04 01:09:33,258 - root - DEBUG - Processing 1450-th line out of 5000 rows of DP table...
2022-01-04 01:09:34,036 - root - DEBUG - Processing 1460-th line out of 5000 rows of DP table...
2022-01-04 01:09:34,836 - root - DEBUG - Processing 1470-th line out of 5000 rows of DP table...
2022-01-04 01:09:35,634 - root - DEBUG - Processing 1480-th line out of 5000 rows of DP table...
2022-01-04 01:09:36,463 - root - DEBUG - Processing 1490-th line out of 5000 rows of DP table...
2022-01-04 01:09:37,230 - root - DEBUG - Processing 1500-th line out of 5000 rows of DP table...
2022-01-04 01:09:38,001 - root - DEBUG - Processing 1510-th line out of 5000 rows of DP table...
2022-01-04 01:09:38,760 - root - DEBUG - Processing 1520-th line out of 5000 rows of DP table...
2022-01-04 01:09:39,534 - root - DEBUG - Processing 1530-th line out of 5000 rows of DP table...
2022-01-04 01:09:40,301 - root - DEBUG - Processing 1540-th line out of 5000 rows of DP table...
2022-01-04 01:09:41,067 - root - DEBUG - Processing 1550-th line out of 5000 rows of DP table...
2022-01-04 01:09:41,825 - root - DEBUG - Processing 1560-th line out of 5000 rows of DP table...
2022-01-04 01:09:42,633 - root - DEBUG - Processing 1570-th line out of 5000 rows of DP table...
2022-01-04 01:09:43,396 - root - DEBUG - Processing 1580-th line out of 5000 rows of DP table...
2022-01-04 01:09:44,147 - root - DEBUG - Processing 1590-th line out of 5000 rows of DP table...
2022-01-04 01:09:44,902 - root - DEBUG - Processing 1600-th line out of 5000 rows of DP table...
2022-01-04 01:09:45,653 - root - DEBUG - Processing 1610-th line out of 5000 rows of DP table...
2022-01-04 01:09:46,432 - root - DEBUG - Processing 1620-th line out of 5000 rows of DP table...
2022-01-04 01:09:47,181 - root - DEBUG - Processing 1630-th line out of 5000 rows of DP table...
2022-01-04 01:09:47,922 - root - DEBUG - Processing 1640-th line out of 5000 rows of DP table...
2022-01-04 01:09:48,667 - root - DEBUG - Processing 1650-th line out of 5000 rows of DP table...
2022-01-04 01:09:49,411 - root - DEBUG - Processing 1660-th line out of 5000 rows of DP table...
2022-01-04 01:09:50,150 - root - DEBUG - Processing 1670-th line out of 5000 rows of DP table...
2022-01-04 01:09:50,884 - root - DEBUG - Processing 1680-th line out of 5000 rows of DP table...
2022-01-04 01:09:51,612 - root - DEBUG - Processing 1690-th line out of 5000 rows of DP table...
2022-01-04 01:09:52,335 - root - DEBUG - Processing 1700-th line out of 5000 rows of DP table...
2022-01-04 01:09:53,058 - root - DEBUG - Processing 1710-th line out of 5000 rows of DP table...
2022-01-04 01:09:53,813 - root - DEBUG - Processing 1720-th line out of 5000 rows of DP table...
2022-01-04 01:09:54,536 - root - DEBUG - Processing 1730-th line out of 5000 rows of DP table...
2022-01-04 01:09:55,261 - root - DEBUG - Processing 1740-th line out of 5000 rows of DP table...
2022-01-04 01:09:55,982 - root - DEBUG - Processing 1750-th line out of 5000 rows of DP table...
2022-01-04 01:09:56,700 - root - DEBUG - Processing 1760-th line out of 5000 rows of DP table...
2022-01-04 01:09:57,417 - root - DEBUG - Processing 1770-th line out of 5000 rows of DP table...
2022-01-04 01:09:58,122 - root - DEBUG - Processing 1780-th line out of 5000 rows of DP table...
2022-01-04 01:09:58,824 - root - DEBUG - Processing 1790-th line out of 5000 rows of DP table...
2022-01-04 01:09:59,524 - root - DEBUG - Processing 1800-th line out of 5000 rows of DP table...
2022-01-04 01:10:00,277 - root - DEBUG - Processing 1810-th line out of 5000 rows of DP table...
2022-01-04 01:10:00,975 - root - DEBUG - Processing 1820-th line out of 5000 rows of DP table...
2022-01-04 01:10:01,674 - root - DEBUG - Processing 1830-th line out of 5000 rows of DP table...
2022-01-04 01:10:02,384 - root - DEBUG - Processing 1840-th line out of 5000 rows of DP table...
2022-01-04 01:10:03,091 - root - DEBUG - Processing 1850-th line out of 5000 rows of DP table...
2022-01-04 01:10:03,791 - root - DEBUG - Processing 1860-th line out of 5000 rows of DP table...
2022-01-04 01:10:04,475 - root - DEBUG - Processing 1870-th line out of 5000 rows of DP table...
2022-01-04 01:10:05,159 - root - DEBUG - Processing 1880-th line out of 5000 rows of DP table...
2022-01-04 01:10:05,850 - root - DEBUG - Processing 1890-th line out of 5000 rows of DP table...
2022-01-04 01:10:06,565 - root - DEBUG - Processing 1900-th line out of 5000 rows of DP table...
2022-01-04 01:10:07,243 - root - DEBUG - Processing 1910-th line out of 5000 rows of DP table...
2022-01-04 01:10:07,930 - root - DEBUG - Processing 1920-th line out of 5000 rows of DP table...
2022-01-04 01:10:08,628 - root - DEBUG - Processing 1930-th line out of 5000 rows of DP table...
2022-01-04 01:10:09,310 - root - DEBUG - Processing 1940-th line out of 5000 rows of DP table...
2022-01-04 01:10:10,077 - root - DEBUG - Processing 1950-th line out of 5000 rows of DP table...
2022-01-04 01:10:10,765 - root - DEBUG - Processing 1960-th line out of 5000 rows of DP table...
2022-01-04 01:10:11,455 - root - DEBUG - Processing 1970-th line out of 5000 rows of DP table...
2022-01-04 01:10:12,154 - root - DEBUG - Processing 1980-th line out of 5000 rows of DP table...
2022-01-04 01:10:12,833 - root - DEBUG - Processing 1990-th line out of 5000 rows of DP table...
2022-01-04 01:10:13,739 - root - DEBUG - Processing 2000-th line out of 5000 rows of DP table...
2022-01-04 01:10:14,446 - root - DEBUG - Processing 2010-th line out of 5000 rows of DP table...
2022-01-04 01:10:15,101 - root - DEBUG - Processing 2020-th line out of 5000 rows of DP table...
2022-01-04 01:10:15,757 - root - DEBUG - Processing 2030-th line out of 5000 rows of DP table...
2022-01-04 01:10:16,408 - root - DEBUG - Processing 2040-th line out of 5000 rows of DP table...
2022-01-04 01:10:17,070 - root - DEBUG - Processing 2050-th line out of 5000 rows of DP table...
2022-01-04 01:10:17,750 - root - DEBUG - Processing 2060-th line out of 5000 rows of DP table...
2022-01-04 01:10:18,396 - root - DEBUG - Processing 2070-th line out of 5000 rows of DP table...
2022-01-04 01:10:19,050 - root - DEBUG - Processing 2080-th line out of 5000 rows of DP table...
2022-01-04 01:10:19,688 - root - DEBUG - Processing 2090-th line out of 5000 rows of DP table...
2022-01-04 01:10:20,410 - root - DEBUG - Processing 2100-th line out of 5000 rows of DP table...
2022-01-04 01:10:21,050 - root - DEBUG - Processing 2110-th line out of 5000 rows of DP table...
2022-01-04 01:10:21,710 - root - DEBUG - Processing 2120-th line out of 5000 rows of DP table...
2022-01-04 01:10:22,351 - root - DEBUG - Processing 2130-th line out of 5000 rows of DP table...
2022-01-04 01:10:22,988 - root - DEBUG - Processing 2140-th line out of 5000 rows of DP table...
2022-01-04 01:10:23,626 - root - DEBUG - Processing 2150-th line out of 5000 rows of DP table...
2022-01-04 01:10:24,267 - root - DEBUG - Processing 2160-th line out of 5000 rows of DP table...
2022-01-04 01:10:24,890 - root - DEBUG - Processing 2170-th line out of 5000 rows of DP table...
2022-01-04 01:10:25,521 - root - DEBUG - Processing 2180-th line out of 5000 rows of DP table...
2022-01-04 01:10:26,141 - root - DEBUG - Processing 2190-th line out of 5000 rows of DP table...
2022-01-04 01:10:26,771 - root - DEBUG - Processing 2200-th line out of 5000 rows of DP table...
2022-01-04 01:10:27,395 - root - DEBUG - Processing 2210-th line out of 5000 rows of DP table...
2022-01-04 01:10:28,010 - root - DEBUG - Processing 2220-th line out of 5000 rows of DP table...
2022-01-04 01:10:28,625 - root - DEBUG - Processing 2230-th line out of 5000 rows of DP table...
2022-01-04 01:10:29,245 - root - DEBUG - Processing 2240-th line out of 5000 rows of DP table...
2022-01-04 01:10:29,856 - root - DEBUG - Processing 2250-th line out of 5000 rows of DP table...
2022-01-04 01:10:30,474 - root - DEBUG - Processing 2260-th line out of 5000 rows of DP table...
2022-01-04 01:10:31,085 - root - DEBUG - Processing 2270-th line out of 5000 rows of DP table...
2022-01-04 01:10:31,697 - root - DEBUG - Processing 2280-th line out of 5000 rows of DP table...
2022-01-04 01:10:32,300 - root - DEBUG - Processing 2290-th line out of 5000 rows of DP table...
2022-01-04 01:10:32,897 - root - DEBUG - Processing 2300-th line out of 5000 rows of DP table...
2022-01-04 01:10:33,517 - root - DEBUG - Processing 2310-th line out of 5000 rows of DP table...
2022-01-04 01:10:34,119 - root - DEBUG - Processing 2320-th line out of 5000 rows of DP table...
2022-01-04 01:10:34,720 - root - DEBUG - Processing 2330-th line out of 5000 rows of DP table...
2022-01-04 01:10:35,317 - root - DEBUG - Processing 2340-th line out of 5000 rows of DP table...
2022-01-04 01:10:35,955 - root - DEBUG - Processing 2350-th line out of 5000 rows of DP table...
2022-01-04 01:10:36,564 - root - DEBUG - Processing 2360-th line out of 5000 rows of DP table...
2022-01-04 01:10:37,163 - root - DEBUG - Processing 2370-th line out of 5000 rows of DP table...
2022-01-04 01:10:37,751 - root - DEBUG - Processing 2380-th line out of 5000 rows of DP table...
2022-01-04 01:10:38,337 - root - DEBUG - Processing 2390-th line out of 5000 rows of DP table...
2022-01-04 01:10:38,915 - root - DEBUG - Processing 2400-th line out of 5000 rows of DP table...
2022-01-04 01:10:39,492 - root - DEBUG - Processing 2410-th line out of 5000 rows of DP table...
2022-01-04 01:10:40,069 - root - DEBUG - Processing 2420-th line out of 5000 rows of DP table...
2022-01-04 01:10:40,656 - root - DEBUG - Processing 2430-th line out of 5000 rows of DP table...
2022-01-04 01:10:41,247 - root - DEBUG - Processing 2440-th line out of 5000 rows of DP table...
2022-01-04 01:10:41,846 - root - DEBUG - Processing 2450-th line out of 5000 rows of DP table...
2022-01-04 01:10:42,415 - root - DEBUG - Processing 2460-th line out of 5000 rows of DP table...
2022-01-04 01:10:42,981 - root - DEBUG - Processing 2470-th line out of 5000 rows of DP table...
2022-01-04 01:10:43,544 - root - DEBUG - Processing 2480-th line out of 5000 rows of DP table...
2022-01-04 01:10:44,112 - root - DEBUG - Processing 2490-th line out of 5000 rows of DP table...
2022-01-04 01:10:44,780 - root - DEBUG - Processing 2500-th line out of 5000 rows of DP table...
2022-01-04 01:10:45,330 - root - DEBUG - Processing 2510-th line out of 5000 rows of DP table...
2022-01-04 01:10:46,298 - root - DEBUG - Processing 2520-th line out of 5000 rows of DP table...
2022-01-04 01:10:46,856 - root - DEBUG - Processing 2530-th line out of 5000 rows of DP table...
2022-01-04 01:10:47,511 - root - DEBUG - Processing 2540-th line out of 5000 rows of DP table...
2022-01-04 01:10:48,079 - root - DEBUG - Processing 2550-th line out of 5000 rows of DP table...
2022-01-04 01:10:48,638 - root - DEBUG - Processing 2560-th line out of 5000 rows of DP table...
2022-01-04 01:10:49,182 - root - DEBUG - Processing 2570-th line out of 5000 rows of DP table...
2022-01-04 01:10:49,740 - root - DEBUG - Processing 2580-th line out of 5000 rows of DP table...
2022-01-04 01:10:50,282 - root - DEBUG - Processing 2590-th line out of 5000 rows of DP table...
2022-01-04 01:10:50,815 - root - DEBUG - Processing 2600-th line out of 5000 rows of DP table...
2022-01-04 01:10:51,361 - root - DEBUG - Processing 2610-th line out of 5000 rows of DP table...
2022-01-04 01:10:51,894 - root - DEBUG - Processing 2620-th line out of 5000 rows of DP table...
2022-01-04 01:10:52,429 - root - DEBUG - Processing 2630-th line out of 5000 rows of DP table...
2022-01-04 01:10:52,962 - root - DEBUG - Processing 2640-th line out of 5000 rows of DP table...
2022-01-04 01:10:53,485 - root - DEBUG - Processing 2650-th line out of 5000 rows of DP table...
2022-01-04 01:10:54,010 - root - DEBUG - Processing 2660-th line out of 5000 rows of DP table...
2022-01-04 01:10:54,580 - root - DEBUG - Processing 2670-th line out of 5000 rows of DP table...
2022-01-04 01:10:55,098 - root - DEBUG - Processing 2680-th line out of 5000 rows of DP table...
2022-01-04 01:10:55,617 - root - DEBUG - Processing 2690-th line out of 5000 rows of DP table...
2022-01-04 01:10:56,138 - root - DEBUG - Processing 2700-th line out of 5000 rows of DP table...
2022-01-04 01:10:56,649 - root - DEBUG - Processing 2710-th line out of 5000 rows of DP table...
2022-01-04 01:10:57,161 - root - DEBUG - Processing 2720-th line out of 5000 rows of DP table...
2022-01-04 01:10:57,677 - root - DEBUG - Processing 2730-th line out of 5000 rows of DP table...
2022-01-04 01:10:58,181 - root - DEBUG - Processing 2740-th line out of 5000 rows of DP table...
2022-01-04 01:10:58,725 - root - DEBUG - Processing 2750-th line out of 5000 rows of DP table...
2022-01-04 01:10:59,232 - root - DEBUG - Processing 2760-th line out of 5000 rows of DP table...
2022-01-04 01:10:59,737 - root - DEBUG - Processing 2770-th line out of 5000 rows of DP table...
2022-01-04 01:11:00,238 - root - DEBUG - Processing 2780-th line out of 5000 rows of DP table...
2022-01-04 01:11:00,739 - root - DEBUG - Processing 2790-th line out of 5000 rows of DP table...
2022-01-04 01:11:01,235 - root - DEBUG - Processing 2800-th line out of 5000 rows of DP table...
2022-01-04 01:11:01,735 - root - DEBUG - Processing 2810-th line out of 5000 rows of DP table...
2022-01-04 01:11:02,229 - root - DEBUG - Processing 2820-th line out of 5000 rows of DP table...
2022-01-04 01:11:02,740 - root - DEBUG - Processing 2830-th line out of 5000 rows of DP table...
2022-01-04 01:11:03,224 - root - DEBUG - Processing 2840-th line out of 5000 rows of DP table...
2022-01-04 01:11:03,709 - root - DEBUG - Processing 2850-th line out of 5000 rows of DP table...
2022-01-04 01:11:04,192 - root - DEBUG - Processing 2860-th line out of 5000 rows of DP table...
2022-01-04 01:11:04,676 - root - DEBUG - Processing 2870-th line out of 5000 rows of DP table...
2022-01-04 01:11:05,152 - root - DEBUG - Processing 2880-th line out of 5000 rows of DP table...
2022-01-04 01:11:05,631 - root - DEBUG - Processing 2890-th line out of 5000 rows of DP table...
2022-01-04 01:11:06,119 - root - DEBUG - Processing 2900-th line out of 5000 rows of DP table...
2022-01-04 01:11:06,596 - root - DEBUG - Processing 2910-th line out of 5000 rows of DP table...
2022-01-04 01:11:07,099 - root - DEBUG - Processing 2920-th line out of 5000 rows of DP table...
2022-01-04 01:11:07,570 - root - DEBUG - Processing 2930-th line out of 5000 rows of DP table...
2022-01-04 01:11:08,089 - root - DEBUG - Processing 2940-th line out of 5000 rows of DP table...
2022-01-04 01:11:08,554 - root - DEBUG - Processing 2950-th line out of 5000 rows of DP table...
2022-01-04 01:11:09,019 - root - DEBUG - Processing 2960-th line out of 5000 rows of DP table...
2022-01-04 01:11:09,483 - root - DEBUG - Processing 2970-th line out of 5000 rows of DP table...
2022-01-04 01:11:09,943 - root - DEBUG - Processing 2980-th line out of 5000 rows of DP table...
2022-01-04 01:11:10,426 - root - DEBUG - Processing 2990-th line out of 5000 rows of DP table...
2022-01-04 01:11:10,882 - root - DEBUG - Processing 3000-th line out of 5000 rows of DP table...
2022-01-04 01:11:11,338 - root - DEBUG - Processing 3010-th line out of 5000 rows of DP table...
2022-01-04 01:11:11,786 - root - DEBUG - Processing 3020-th line out of 5000 rows of DP table...
2022-01-04 01:11:12,231 - root - DEBUG - Processing 3030-th line out of 5000 rows of DP table...
2022-01-04 01:11:12,681 - root - DEBUG - Processing 3040-th line out of 5000 rows of DP table...
2022-01-04 01:11:13,162 - root - DEBUG - Processing 3050-th line out of 5000 rows of DP table...
2022-01-04 01:11:13,748 - root - DEBUG - Processing 3060-th line out of 5000 rows of DP table...
2022-01-04 01:11:14,188 - root - DEBUG - Processing 3070-th line out of 5000 rows of DP table...
2022-01-04 01:11:14,631 - root - DEBUG - Processing 3080-th line out of 5000 rows of DP table...
2022-01-04 01:11:15,069 - root - DEBUG - Processing 3090-th line out of 5000 rows of DP table...
2022-01-04 01:11:15,504 - root - DEBUG - Processing 3100-th line out of 5000 rows of DP table...
2022-01-04 01:11:15,935 - root - DEBUG - Processing 3110-th line out of 5000 rows of DP table...
2022-01-04 01:11:16,383 - root - DEBUG - Processing 3120-th line out of 5000 rows of DP table...
2022-01-04 01:11:16,807 - root - DEBUG - Processing 3130-th line out of 5000 rows of DP table...
2022-01-04 01:11:17,233 - root - DEBUG - Processing 3140-th line out of 5000 rows of DP table...
2022-01-04 01:11:17,657 - root - DEBUG - Processing 3150-th line out of 5000 rows of DP table...
2022-01-04 01:11:18,118 - root - DEBUG - Processing 3160-th line out of 5000 rows of DP table...
2022-01-04 01:11:18,615 - root - DEBUG - Processing 3170-th line out of 5000 rows of DP table...
2022-01-04 01:11:19,197 - root - DEBUG - Processing 3180-th line out of 5000 rows of DP table...
2022-01-04 01:11:19,712 - root - DEBUG - Processing 3190-th line out of 5000 rows of DP table...
2022-01-04 01:11:20,331 - root - DEBUG - Processing 3200-th line out of 5000 rows of DP table...
2022-01-04 01:11:20,877 - root - DEBUG - Processing 3210-th line out of 5000 rows of DP table...
2022-01-04 01:11:21,792 - root - DEBUG - Processing 3220-th line out of 5000 rows of DP table...
2022-01-04 01:11:22,646 - root - DEBUG - Processing 3230-th line out of 5000 rows of DP table...
2022-01-04 01:11:23,415 - root - DEBUG - Processing 3240-th line out of 5000 rows of DP table...
2022-01-04 01:11:23,815 - root - DEBUG - Processing 3250-th line out of 5000 rows of DP table...
2022-01-04 01:11:24,216 - root - DEBUG - Processing 3260-th line out of 5000 rows of DP table...
2022-01-04 01:11:24,614 - root - DEBUG - Processing 3270-th line out of 5000 rows of DP table...
2022-01-04 01:11:25,011 - root - DEBUG - Processing 3280-th line out of 5000 rows of DP table...
2022-01-04 01:11:25,405 - root - DEBUG - Processing 3290-th line out of 5000 rows of DP table...
2022-01-04 01:11:25,794 - root - DEBUG - Processing 3300-th line out of 5000 rows of DP table...
2022-01-04 01:11:26,185 - root - DEBUG - Processing 3310-th line out of 5000 rows of DP table...
2022-01-04 01:11:26,574 - root - DEBUG - Processing 3320-th line out of 5000 rows of DP table...
2022-01-04 01:11:26,959 - root - DEBUG - Processing 3330-th line out of 5000 rows of DP table...
2022-01-04 01:11:27,341 - root - DEBUG - Processing 3340-th line out of 5000 rows of DP table...
2022-01-04 01:11:27,720 - root - DEBUG - Processing 3350-th line out of 5000 rows of DP table...
2022-01-04 01:11:28,098 - root - DEBUG - Processing 3360-th line out of 5000 rows of DP table...
2022-01-04 01:11:28,474 - root - DEBUG - Processing 3370-th line out of 5000 rows of DP table...
2022-01-04 01:11:28,852 - root - DEBUG - Processing 3380-th line out of 5000 rows of DP table...
2022-01-04 01:11:29,224 - root - DEBUG - Processing 3390-th line out of 5000 rows of DP table...
2022-01-04 01:11:29,622 - root - DEBUG - Processing 3400-th line out of 5000 rows of DP table...
2022-01-04 01:11:29,987 - root - DEBUG - Processing 3410-th line out of 5000 rows of DP table...
2022-01-04 01:11:30,357 - root - DEBUG - Processing 3420-th line out of 5000 rows of DP table...
2022-01-04 01:11:30,742 - root - DEBUG - Processing 3430-th line out of 5000 rows of DP table...
2022-01-04 01:11:31,105 - root - DEBUG - Processing 3440-th line out of 5000 rows of DP table...
2022-01-04 01:11:31,467 - root - DEBUG - Processing 3450-th line out of 5000 rows of DP table...
2022-01-04 01:11:31,827 - root - DEBUG - Processing 3460-th line out of 5000 rows of DP table...
2022-01-04 01:11:32,183 - root - DEBUG - Processing 3470-th line out of 5000 rows of DP table...
2022-01-04 01:11:32,599 - root - DEBUG - Processing 3480-th line out of 5000 rows of DP table...
2022-01-04 01:11:32,947 - root - DEBUG - Processing 3490-th line out of 5000 rows of DP table...
2022-01-04 01:11:33,298 - root - DEBUG - Processing 3500-th line out of 5000 rows of DP table...
2022-01-04 01:11:33,645 - root - DEBUG - Processing 3510-th line out of 5000 rows of DP table...
2022-01-04 01:11:33,989 - root - DEBUG - Processing 3520-th line out of 5000 rows of DP table...
2022-01-04 01:11:34,334 - root - DEBUG - Processing 3530-th line out of 5000 rows of DP table...
2022-01-04 01:11:34,675 - root - DEBUG - Processing 3540-th line out of 5000 rows of DP table...
2022-01-04 01:11:35,010 - root - DEBUG - Processing 3550-th line out of 5000 rows of DP table...
2022-01-04 01:11:35,348 - root - DEBUG - Processing 3560-th line out of 5000 rows of DP table...
2022-01-04 01:11:35,699 - root - DEBUG - Processing 3570-th line out of 5000 rows of DP table...
2022-01-04 01:11:36,032 - root - DEBUG - Processing 3580-th line out of 5000 rows of DP table...
2022-01-04 01:11:36,360 - root - DEBUG - Processing 3590-th line out of 5000 rows of DP table...
2022-01-04 01:11:36,727 - root - DEBUG - Processing 3600-th line out of 5000 rows of DP table...
2022-01-04 01:11:37,055 - root - DEBUG - Processing 3610-th line out of 5000 rows of DP table...
2022-01-04 01:11:37,381 - root - DEBUG - Processing 3620-th line out of 5000 rows of DP table...
2022-01-04 01:11:37,705 - root - DEBUG - Processing 3630-th line out of 5000 rows of DP table...
2022-01-04 01:11:38,022 - root - DEBUG - Processing 3640-th line out of 5000 rows of DP table...
2022-01-04 01:11:38,341 - root - DEBUG - Processing 3650-th line out of 5000 rows of DP table...
2022-01-04 01:11:38,654 - root - DEBUG - Processing 3660-th line out of 5000 rows of DP table...
2022-01-04 01:11:38,980 - root - DEBUG - Processing 3670-th line out of 5000 rows of DP table...
2022-01-04 01:11:39,293 - root - DEBUG - Processing 3680-th line out of 5000 rows of DP table...
2022-01-04 01:11:39,599 - root - DEBUG - Processing 3690-th line out of 5000 rows of DP table...
2022-01-04 01:11:39,906 - root - DEBUG - Processing 3700-th line out of 5000 rows of DP table...
2022-01-04 01:11:40,209 - root - DEBUG - Processing 3710-th line out of 5000 rows of DP table...
2022-01-04 01:11:40,511 - root - DEBUG - Processing 3720-th line out of 5000 rows of DP table...
2022-01-04 01:11:40,809 - root - DEBUG - Processing 3730-th line out of 5000 rows of DP table...
2022-01-04 01:11:41,104 - root - DEBUG - Processing 3740-th line out of 5000 rows of DP table...
2022-01-04 01:11:41,403 - root - DEBUG - Processing 3750-th line out of 5000 rows of DP table...
2022-01-04 01:11:41,698 - root - DEBUG - Processing 3760-th line out of 5000 rows of DP table...
2022-01-04 01:11:41,992 - root - DEBUG - Processing 3770-th line out of 5000 rows of DP table...
2022-01-04 01:11:42,279 - root - DEBUG - Processing 3780-th line out of 5000 rows of DP table...
2022-01-04 01:11:42,569 - root - DEBUG - Processing 3790-th line out of 5000 rows of DP table...
2022-01-04 01:11:42,852 - root - DEBUG - Processing 3800-th line out of 5000 rows of DP table...
2022-01-04 01:11:43,135 - root - DEBUG - Processing 3810-th line out of 5000 rows of DP table...
2022-01-04 01:11:43,417 - root - DEBUG - Processing 3820-th line out of 5000 rows of DP table...
2022-01-04 01:11:43,697 - root - DEBUG - Processing 3830-th line out of 5000 rows of DP table...
2022-01-04 01:11:43,976 - root - DEBUG - Processing 3840-th line out of 5000 rows of DP table...
2022-01-04 01:11:44,253 - root - DEBUG - Processing 3850-th line out of 5000 rows of DP table...
2022-01-04 01:11:44,546 - root - DEBUG - Processing 3860-th line out of 5000 rows of DP table...
2022-01-04 01:11:44,835 - root - DEBUG - Processing 3870-th line out of 5000 rows of DP table...
2022-01-04 01:11:45,103 - root - DEBUG - Processing 3880-th line out of 5000 rows of DP table...
2022-01-04 01:11:45,367 - root - DEBUG - Processing 3890-th line out of 5000 rows of DP table...
2022-01-04 01:11:45,632 - root - DEBUG - Processing 3900-th line out of 5000 rows of DP table...
2022-01-04 01:11:45,928 - root - DEBUG - Processing 3910-th line out of 5000 rows of DP table...
2022-01-04 01:11:46,184 - root - DEBUG - Processing 3920-th line out of 5000 rows of DP table...
2022-01-04 01:11:46,445 - root - DEBUG - Processing 3930-th line out of 5000 rows of DP table...
2022-01-04 01:11:46,700 - root - DEBUG - Processing 3940-th line out of 5000 rows of DP table...
2022-01-04 01:11:46,953 - root - DEBUG - Processing 3950-th line out of 5000 rows of DP table...
2022-01-04 01:11:47,220 - root - DEBUG - Processing 3960-th line out of 5000 rows of DP table...
2022-01-04 01:11:47,493 - root - DEBUG - Processing 3970-th line out of 5000 rows of DP table...
2022-01-04 01:11:47,745 - root - DEBUG - Processing 3980-th line out of 5000 rows of DP table...
2022-01-04 01:11:47,992 - root - DEBUG - Processing 3990-th line out of 5000 rows of DP table...
2022-01-04 01:11:48,299 - root - DEBUG - Processing 4000-th line out of 5000 rows of DP table...
2022-01-04 01:11:48,585 - root - DEBUG - Processing 4010-th line out of 5000 rows of DP table...
2022-01-04 01:11:48,824 - root - DEBUG - Processing 4020-th line out of 5000 rows of DP table...
2022-01-04 01:11:49,081 - root - DEBUG - Processing 4030-th line out of 5000 rows of DP table...
2022-01-04 01:11:49,327 - root - DEBUG - Processing 4040-th line out of 5000 rows of DP table...
2022-01-04 01:11:49,560 - root - DEBUG - Processing 4050-th line out of 5000 rows of DP table...
2022-01-04 01:11:49,807 - root - DEBUG - Processing 4060-th line out of 5000 rows of DP table...
2022-01-04 01:11:50,037 - root - DEBUG - Processing 4070-th line out of 5000 rows of DP table...
2022-01-04 01:11:50,317 - root - DEBUG - Processing 4080-th line out of 5000 rows of DP table...
2022-01-04 01:11:50,543 - root - DEBUG - Processing 4090-th line out of 5000 rows of DP table...
2022-01-04 01:11:50,763 - root - DEBUG - Processing 4100-th line out of 5000 rows of DP table...
2022-01-04 01:11:50,981 - root - DEBUG - Processing 4110-th line out of 5000 rows of DP table...
2022-01-04 01:11:51,201 - root - DEBUG - Processing 4120-th line out of 5000 rows of DP table...
2022-01-04 01:11:51,413 - root - DEBUG - Processing 4130-th line out of 5000 rows of DP table...
2022-01-04 01:11:51,628 - root - DEBUG - Processing 4140-th line out of 5000 rows of DP table...
2022-01-04 01:11:51,874 - root - DEBUG - Processing 4150-th line out of 5000 rows of DP table...
2022-01-04 01:11:52,108 - root - DEBUG - Processing 4160-th line out of 5000 rows of DP table...
2022-01-04 01:11:52,314 - root - DEBUG - Processing 4170-th line out of 5000 rows of DP table...
2022-01-04 01:11:52,542 - root - DEBUG - Processing 4180-th line out of 5000 rows of DP table...
2022-01-04 01:11:52,752 - root - DEBUG - Processing 4190-th line out of 5000 rows of DP table...
2022-01-04 01:11:52,957 - root - DEBUG - Processing 4200-th line out of 5000 rows of DP table...
2022-01-04 01:11:53,156 - root - DEBUG - Processing 4210-th line out of 5000 rows of DP table...
2022-01-04 01:11:53,352 - root - DEBUG - Processing 4220-th line out of 5000 rows of DP table...
2022-01-04 01:11:53,649 - root - DEBUG - Processing 4230-th line out of 5000 rows of DP table...
2022-01-04 01:11:54,258 - root - DEBUG - Processing 4240-th line out of 5000 rows of DP table...
2022-01-04 01:11:54,446 - root - DEBUG - Processing 4250-th line out of 5000 rows of DP table...
2022-01-04 01:11:54,934 - root - DEBUG - Processing 4260-th line out of 5000 rows of DP table...
2022-01-04 01:11:55,162 - root - DEBUG - Processing 4270-th line out of 5000 rows of DP table...
2022-01-04 01:11:55,446 - root - DEBUG - Processing 4280-th line out of 5000 rows of DP table...
2022-01-04 01:11:55,933 - root - DEBUG - Processing 4290-th line out of 5000 rows of DP table...
2022-01-04 01:11:56,393 - root - DEBUG - Processing 4300-th line out of 5000 rows of DP table...
2022-01-04 01:11:57,020 - root - DEBUG - Processing 4310-th line out of 5000 rows of DP table...
2022-01-04 01:11:57,322 - root - DEBUG - Processing 4320-th line out of 5000 rows of DP table...
2022-01-04 01:11:57,646 - root - DEBUG - Processing 4330-th line out of 5000 rows of DP table...
2022-01-04 01:11:58,002 - root - DEBUG - Processing 4340-th line out of 5000 rows of DP table...
2022-01-04 01:11:58,333 - root - DEBUG - Processing 4350-th line out of 5000 rows of DP table...
2022-01-04 01:11:58,701 - root - DEBUG - Processing 4360-th line out of 5000 rows of DP table...
2022-01-04 01:11:58,954 - root - DEBUG - Processing 4370-th line out of 5000 rows of DP table...
2022-01-04 01:11:59,208 - root - DEBUG - Processing 4380-th line out of 5000 rows of DP table...
2022-01-04 01:11:59,539 - root - DEBUG - Processing 4390-th line out of 5000 rows of DP table...
2022-01-04 01:11:59,728 - root - DEBUG - Processing 4400-th line out of 5000 rows of DP table...
2022-01-04 01:11:59,910 - root - DEBUG - Processing 4410-th line out of 5000 rows of DP table...
2022-01-04 01:12:00,063 - root - DEBUG - Processing 4420-th line out of 5000 rows of DP table...
2022-01-04 01:12:00,215 - root - DEBUG - Processing 4430-th line out of 5000 rows of DP table...
2022-01-04 01:12:00,364 - root - DEBUG - Processing 4440-th line out of 5000 rows of DP table...
2022-01-04 01:12:00,541 - root - DEBUG - Processing 4450-th line out of 5000 rows of DP table...
2022-01-04 01:12:00,692 - root - DEBUG - Processing 4460-th line out of 5000 rows of DP table...
2022-01-04 01:12:00,836 - root - DEBUG - Processing 4470-th line out of 5000 rows of DP table...
2022-01-04 01:12:00,978 - root - DEBUG - Processing 4480-th line out of 5000 rows of DP table...
2022-01-04 01:12:01,117 - root - DEBUG - Processing 4490-th line out of 5000 rows of DP table...
2022-01-04 01:12:01,254 - root - DEBUG - Processing 4500-th line out of 5000 rows of DP table...
2022-01-04 01:12:01,389 - root - DEBUG - Processing 4510-th line out of 5000 rows of DP table...
2022-01-04 01:12:01,520 - root - DEBUG - Processing 4520-th line out of 5000 rows of DP table...
2022-01-04 01:12:01,650 - root - DEBUG - Processing 4530-th line out of 5000 rows of DP table...
2022-01-04 01:12:01,778 - root - DEBUG - Processing 4540-th line out of 5000 rows of DP table...
2022-01-04 01:12:01,941 - root - DEBUG - Processing 4550-th line out of 5000 rows of DP table...
2022-01-04 01:12:02,066 - root - DEBUG - Processing 4560-th line out of 5000 rows of DP table...
2022-01-04 01:12:02,187 - root - DEBUG - Processing 4570-th line out of 5000 rows of DP table...
2022-01-04 01:12:02,309 - root - DEBUG - Processing 4580-th line out of 5000 rows of DP table...
2022-01-04 01:12:02,426 - root - DEBUG - Processing 4590-th line out of 5000 rows of DP table...
2022-01-04 01:12:02,555 - root - DEBUG - Processing 4600-th line out of 5000 rows of DP table...
2022-01-04 01:12:02,667 - root - DEBUG - Processing 4610-th line out of 5000 rows of DP table...
2022-01-04 01:12:02,778 - root - DEBUG - Processing 4620-th line out of 5000 rows of DP table...
2022-01-04 01:12:02,908 - root - DEBUG - Processing 4630-th line out of 5000 rows of DP table...
2022-01-04 01:12:03,014 - root - DEBUG - Processing 4640-th line out of 5000 rows of DP table...
2022-01-04 01:12:03,143 - root - DEBUG - Processing 4650-th line out of 5000 rows of DP table...
2022-01-04 01:12:03,247 - root - DEBUG - Processing 4660-th line out of 5000 rows of DP table...
2022-01-04 01:12:03,348 - root - DEBUG - Processing 4670-th line out of 5000 rows of DP table...
2022-01-04 01:12:03,445 - root - DEBUG - Processing 4680-th line out of 5000 rows of DP table...
2022-01-04 01:12:03,541 - root - DEBUG - Processing 4690-th line out of 5000 rows of DP table...
2022-01-04 01:12:03,634 - root - DEBUG - Processing 4700-th line out of 5000 rows of DP table...
2022-01-04 01:12:03,755 - root - DEBUG - Processing 4710-th line out of 5000 rows of DP table...
2022-01-04 01:12:03,876 - root - DEBUG - Processing 4720-th line out of 5000 rows of DP table...
2022-01-04 01:12:03,999 - root - DEBUG - Processing 4730-th line out of 5000 rows of DP table...
2022-01-04 01:12:04,099 - root - DEBUG - Processing 4740-th line out of 5000 rows of DP table...
2022-01-04 01:12:04,181 - root - DEBUG - Processing 4750-th line out of 5000 rows of DP table...
2022-01-04 01:12:04,262 - root - DEBUG - Processing 4760-th line out of 5000 rows of DP table...
2022-01-04 01:12:04,339 - root - DEBUG - Processing 4770-th line out of 5000 rows of DP table...
2022-01-04 01:12:04,415 - root - DEBUG - Processing 4780-th line out of 5000 rows of DP table...
2022-01-04 01:12:04,500 - root - DEBUG - Processing 4790-th line out of 5000 rows of DP table...
2022-01-04 01:12:04,571 - root - DEBUG - Processing 4800-th line out of 5000 rows of DP table...
2022-01-04 01:12:04,652 - root - DEBUG - Processing 4810-th line out of 5000 rows of DP table...
2022-01-04 01:12:04,729 - root - DEBUG - Processing 4820-th line out of 5000 rows of DP table...
2022-01-04 01:12:04,794 - root - DEBUG - Processing 4830-th line out of 5000 rows of DP table...
2022-01-04 01:12:04,859 - root - DEBUG - Processing 4840-th line out of 5000 rows of DP table...
2022-01-04 01:12:04,920 - root - DEBUG - Processing 4850-th line out of 5000 rows of DP table...
2022-01-04 01:12:04,979 - root - DEBUG - Processing 4860-th line out of 5000 rows of DP table...
2022-01-04 01:12:05,036 - root - DEBUG - Processing 4870-th line out of 5000 rows of DP table...
2022-01-04 01:12:05,090 - root - DEBUG - Processing 4880-th line out of 5000 rows of DP table...
2022-01-04 01:12:05,143 - root - DEBUG - Processing 4890-th line out of 5000 rows of DP table...
2022-01-04 01:12:05,230 - root - DEBUG - Processing 4900-th line out of 5000 rows of DP table...
2022-01-04 01:12:05,317 - root - DEBUG - Processing 4910-th line out of 5000 rows of DP table...
2022-01-04 01:12:05,363 - root - DEBUG - Processing 4920-th line out of 5000 rows of DP table...
2022-01-04 01:12:05,407 - root - DEBUG - Processing 4930-th line out of 5000 rows of DP table...
2022-01-04 01:12:05,470 - root - DEBUG - Processing 4940-th line out of 5000 rows of DP table...
2022-01-04 01:12:05,510 - root - DEBUG - Processing 4950-th line out of 5000 rows of DP table...
2022-01-04 01:12:05,569 - root - DEBUG - Processing 4960-th line out of 5000 rows of DP table...
2022-01-04 01:12:05,608 - root - DEBUG - Processing 4970-th line out of 5000 rows of DP table...
2022-01-04 01:12:05,677 - root - DEBUG - Processing 4980-th line out of 5000 rows of DP table...
2022-01-04 01:12:05,731 - root - DEBUG - Processing 4990-th line out of 5000 rows of DP table...
2022-01-04 01:12:05,775 - root - DEBUG - Processing 5000-th line out of 5000 rows of DP table...
2022-01-04 01:12:05,857 - root - DEBUG - Started computing joint logprobs...
