2022-01-04 01:07:11,098 - root - INFO - Loading reference interval set from '211221-1-sim-data-time/g07_0.ref.tsv'...
2022-01-04 01:07:11,106 - root - INFO - Loading query interval set from '211221-1-sim-data-time/g07_0.query.tsv'...
2022-01-04 01:07:11,143 - root - INFO - Loading chromosome sizes from '211221-1-sim-data-time/g07_sizes.tsv'...
2022-01-04 01:07:11,153 - root - INFO - Number of reference intervals: 5000 (5000 before merging)
2022-01-04 01:07:11,155 - root - INFO - Number of query intervals: 50 (50 before merging)
2022-01-04 01:07:11,159 - root - INFO - Number of chromosomes: 1
2022-01-04 01:07:11,172 - root - INFO - Overlap count: 1063
2022-01-04 01:07:11,173 - root - DEBUG - Started computing sf for chromosome 'chr1'...
2022-01-04 01:07:11,175 - root - DEBUG - m=5000, n=50
2022-01-04 01:07:12,983 - root - DEBUG - Processing 10-th line out of 5000 rows of DP table...
2022-01-04 01:07:14,897 - root - DEBUG - Processing 20-th line out of 5000 rows of DP table...
2022-01-04 01:07:16,804 - root - DEBUG - Processing 30-th line out of 5000 rows of DP table...
2022-01-04 01:07:18,725 - root - DEBUG - Processing 40-th line out of 5000 rows of DP table...
2022-01-04 01:07:20,628 - root - DEBUG - Processing 50-th line out of 5000 rows of DP table...
2022-01-04 01:07:22,524 - root - DEBUG - Processing 60-th line out of 5000 rows of DP table...
2022-01-04 01:07:24,427 - root - DEBUG - Processing 70-th line out of 5000 rows of DP table...
2022-01-04 01:07:26,312 - root - DEBUG - Processing 80-th line out of 5000 rows of DP table...
2022-01-04 01:07:28,193 - root - DEBUG - Processing 90-th line out of 5000 rows of DP table...
2022-01-04 01:07:30,076 - root - DEBUG - Processing 100-th line out of 5000 rows of DP table...
2022-01-04 01:07:31,952 - root - DEBUG - Processing 110-th line out of 5000 rows of DP table...
2022-01-04 01:07:33,825 - root - DEBUG - Processing 120-th line out of 5000 rows of DP table...
2022-01-04 01:07:35,779 - root - DEBUG - Processing 130-th line out of 5000 rows of DP table...
2022-01-04 01:07:37,645 - root - DEBUG - Processing 140-th line out of 5000 rows of DP table...
2022-01-04 01:07:39,534 - root - DEBUG - Processing 150-th line out of 5000 rows of DP table...
2022-01-04 01:07:41,393 - root - DEBUG - Processing 160-th line out of 5000 rows of DP table...
2022-01-04 01:07:43,247 - root - DEBUG - Processing 170-th line out of 5000 rows of DP table...
2022-01-04 01:07:45,094 - root - DEBUG - Processing 180-th line out of 5000 rows of DP table...
2022-01-04 01:07:46,972 - root - DEBUG - Processing 190-th line out of 5000 rows of DP table...
2022-01-04 01:07:48,814 - root - DEBUG - Processing 200-th line out of 5000 rows of DP table...
2022-01-04 01:07:50,656 - root - DEBUG - Processing 210-th line out of 5000 rows of DP table...
2022-01-04 01:07:52,492 - root - DEBUG - Processing 220-th line out of 5000 rows of DP table...
2022-01-04 01:07:54,347 - root - DEBUG - Processing 230-th line out of 5000 rows of DP table...
2022-01-04 01:07:56,177 - root - DEBUG - Processing 240-th line out of 5000 rows of DP table...
2022-01-04 01:07:58,004 - root - DEBUG - Processing 250-th line out of 5000 rows of DP table...
2022-01-04 01:07:59,866 - root - DEBUG - Processing 260-th line out of 5000 rows of DP table...
2022-01-04 01:08:01,721 - root - DEBUG - Processing 270-th line out of 5000 rows of DP table...
2022-01-04 01:08:03,534 - root - DEBUG - Processing 280-th line out of 5000 rows of DP table...
2022-01-04 01:08:05,387 - root - DEBUG - Processing 290-th line out of 5000 rows of DP table...
2022-01-04 01:08:07,241 - root - DEBUG - Processing 300-th line out of 5000 rows of DP table...
2022-01-04 01:08:09,042 - root - DEBUG - Processing 310-th line out of 5000 rows of DP table...
2022-01-04 01:08:11,445 - root - DEBUG - Processing 320-th line out of 5000 rows of DP table...
2022-01-04 01:08:13,237 - root - DEBUG - Processing 330-th line out of 5000 rows of DP table...
2022-01-04 01:08:15,025 - root - DEBUG - Processing 340-th line out of 5000 rows of DP table...
2022-01-04 01:08:16,815 - root - DEBUG - Processing 350-th line out of 5000 rows of DP table...
2022-01-04 01:08:18,598 - root - DEBUG - Processing 360-th line out of 5000 rows of DP table...
2022-01-04 01:08:20,396 - root - DEBUG - Processing 370-th line out of 5000 rows of DP table...
2022-01-04 01:08:22,173 - root - DEBUG - Processing 380-th line out of 5000 rows of DP table...
2022-01-04 01:08:23,943 - root - DEBUG - Processing 390-th line out of 5000 rows of DP table...
2022-01-04 01:08:25,707 - root - DEBUG - Processing 400-th line out of 5000 rows of DP table...
2022-01-04 01:08:27,475 - root - DEBUG - Processing 410-th line out of 5000 rows of DP table...
2022-01-04 01:08:29,239 - root - DEBUG - Processing 420-th line out of 5000 rows of DP table...
2022-01-04 01:08:30,998 - root - DEBUG - Processing 430-th line out of 5000 rows of DP table...
2022-01-04 01:08:32,751 - root - DEBUG - Processing 440-th line out of 5000 rows of DP table...
2022-01-04 01:08:34,506 - root - DEBUG - Processing 450-th line out of 5000 rows of DP table...
2022-01-04 01:08:36,269 - root - DEBUG - Processing 460-th line out of 5000 rows of DP table...
2022-01-04 01:08:38,011 - root - DEBUG - Processing 470-th line out of 5000 rows of DP table...
2022-01-04 01:08:39,747 - root - DEBUG - Processing 480-th line out of 5000 rows of DP table...
2022-01-04 01:08:41,485 - root - DEBUG - Processing 490-th line out of 5000 rows of DP table...
2022-01-04 01:08:43,216 - root - DEBUG - Processing 500-th line out of 5000 rows of DP table...
2022-01-04 01:08:44,943 - root - DEBUG - Processing 510-th line out of 5000 rows of DP table...
2022-01-04 01:08:46,666 - root - DEBUG - Processing 520-th line out of 5000 rows of DP table...
2022-01-04 01:08:48,388 - root - DEBUG - Processing 530-th line out of 5000 rows of DP table...
2022-01-04 01:08:50,106 - root - DEBUG - Processing 540-th line out of 5000 rows of DP table...
2022-01-04 01:08:51,820 - root - DEBUG - Processing 550-th line out of 5000 rows of DP table...
2022-01-04 01:08:53,525 - root - DEBUG - Processing 560-th line out of 5000 rows of DP table...
2022-01-04 01:08:55,231 - root - DEBUG - Processing 570-th line out of 5000 rows of DP table...
2022-01-04 01:08:56,949 - root - DEBUG - Processing 580-th line out of 5000 rows of DP table...
2022-01-04 01:08:58,646 - root - DEBUG - Processing 590-th line out of 5000 rows of DP table...
2022-01-04 01:09:00,339 - root - DEBUG - Processing 600-th line out of 5000 rows of DP table...
2022-01-04 01:09:02,022 - root - DEBUG - Processing 610-th line out of 5000 rows of DP table...
2022-01-04 01:09:03,705 - root - DEBUG - Processing 620-th line out of 5000 rows of DP table...
2022-01-04 01:09:05,382 - root - DEBUG - Processing 630-th line out of 5000 rows of DP table...
2022-01-04 01:09:07,059 - root - DEBUG - Processing 640-th line out of 5000 rows of DP table...
2022-01-04 01:09:08,734 - root - DEBUG - Processing 650-th line out of 5000 rows of DP table...
2022-01-04 01:09:10,404 - root - DEBUG - Processing 660-th line out of 5000 rows of DP table...
2022-01-04 01:09:12,123 - root - DEBUG - Processing 670-th line out of 5000 rows of DP table...
2022-01-04 01:09:13,801 - root - DEBUG - Processing 680-th line out of 5000 rows of DP table...
2022-01-04 01:09:15,460 - root - DEBUG - Processing 690-th line out of 5000 rows of DP table...
2022-01-04 01:09:17,117 - root - DEBUG - Processing 700-th line out of 5000 rows of DP table...
2022-01-04 01:09:18,769 - root - DEBUG - Processing 710-th line out of 5000 rows of DP table...
2022-01-04 01:09:20,418 - root - DEBUG - Processing 720-th line out of 5000 rows of DP table...
2022-01-04 01:09:22,122 - root - DEBUG - Processing 730-th line out of 5000 rows of DP table...
2022-01-04 01:09:23,761 - root - DEBUG - Processing 740-th line out of 5000 rows of DP table...
2022-01-04 01:09:25,397 - root - DEBUG - Processing 750-th line out of 5000 rows of DP table...
2022-01-04 01:09:27,027 - root - DEBUG - Processing 760-th line out of 5000 rows of DP table...
2022-01-04 01:09:28,669 - root - DEBUG - Processing 770-th line out of 5000 rows of DP table...
2022-01-04 01:09:30,294 - root - DEBUG - Processing 780-th line out of 5000 rows of DP table...
2022-01-04 01:09:31,918 - root - DEBUG - Processing 790-th line out of 5000 rows of DP table...
2022-01-04 01:09:33,553 - root - DEBUG - Processing 800-th line out of 5000 rows of DP table...
2022-01-04 01:09:35,165 - root - DEBUG - Processing 810-th line out of 5000 rows of DP table...
2022-01-04 01:09:36,774 - root - DEBUG - Processing 820-th line out of 5000 rows of DP table...
2022-01-04 01:09:38,381 - root - DEBUG - Processing 830-th line out of 5000 rows of DP table...
2022-01-04 01:09:39,984 - root - DEBUG - Processing 840-th line out of 5000 rows of DP table...
2022-01-04 01:09:41,645 - root - DEBUG - Processing 850-th line out of 5000 rows of DP table...
2022-01-04 01:09:43,275 - root - DEBUG - Processing 860-th line out of 5000 rows of DP table...
2022-01-04 01:09:44,867 - root - DEBUG - Processing 870-th line out of 5000 rows of DP table...
2022-01-04 01:09:46,454 - root - DEBUG - Processing 880-th line out of 5000 rows of DP table...
2022-01-04 01:09:48,034 - root - DEBUG - Processing 890-th line out of 5000 rows of DP table...
2022-01-04 01:09:49,651 - root - DEBUG - Processing 900-th line out of 5000 rows of DP table...
2022-01-04 01:09:51,226 - root - DEBUG - Processing 910-th line out of 5000 rows of DP table...
2022-01-04 01:09:52,801 - root - DEBUG - Processing 920-th line out of 5000 rows of DP table...
2022-01-04 01:09:54,365 - root - DEBUG - Processing 930-th line out of 5000 rows of DP table...
2022-01-04 01:09:55,925 - root - DEBUG - Processing 940-th line out of 5000 rows of DP table...
2022-01-04 01:09:57,496 - root - DEBUG - Processing 950-th line out of 5000 rows of DP table...
2022-01-04 01:09:59,052 - root - DEBUG - Processing 960-th line out of 5000 rows of DP table...
2022-01-04 01:10:00,604 - root - DEBUG - Processing 970-th line out of 5000 rows of DP table...
2022-01-04 01:10:02,157 - root - DEBUG - Processing 980-th line out of 5000 rows of DP table...
2022-01-04 01:10:03,701 - root - DEBUG - Processing 990-th line out of 5000 rows of DP table...
2022-01-04 01:10:05,242 - root - DEBUG - Processing 1000-th line out of 5000 rows of DP table...
2022-01-04 01:10:06,780 - root - DEBUG - Processing 1010-th line out of 5000 rows of DP table...
2022-01-04 01:10:08,316 - root - DEBUG - Processing 1020-th line out of 5000 rows of DP table...
2022-01-04 01:10:09,853 - root - DEBUG - Processing 1030-th line out of 5000 rows of DP table...
2022-01-04 01:10:11,378 - root - DEBUG - Processing 1040-th line out of 5000 rows of DP table...
2022-01-04 01:10:12,929 - root - DEBUG - Processing 1050-th line out of 5000 rows of DP table...
2022-01-04 01:10:14,587 - root - DEBUG - Processing 1060-th line out of 5000 rows of DP table...
2022-01-04 01:10:16,102 - root - DEBUG - Processing 1070-th line out of 5000 rows of DP table...
2022-01-04 01:10:17,622 - root - DEBUG - Processing 1080-th line out of 5000 rows of DP table...
2022-01-04 01:10:19,144 - root - DEBUG - Processing 1090-th line out of 5000 rows of DP table...
2022-01-04 01:10:20,649 - root - DEBUG - Processing 1100-th line out of 5000 rows of DP table...
2022-01-04 01:10:22,173 - root - DEBUG - Processing 1110-th line out of 5000 rows of DP table...
2022-01-04 01:10:23,723 - root - DEBUG - Processing 1120-th line out of 5000 rows of DP table...
2022-01-04 01:10:25,228 - root - DEBUG - Processing 1130-th line out of 5000 rows of DP table...
2022-01-04 01:10:26,718 - root - DEBUG - Processing 1140-th line out of 5000 rows of DP table...
2022-01-04 01:10:28,235 - root - DEBUG - Processing 1150-th line out of 5000 rows of DP table...
2022-01-04 01:10:29,717 - root - DEBUG - Processing 1160-th line out of 5000 rows of DP table...
2022-01-04 01:10:31,194 - root - DEBUG - Processing 1170-th line out of 5000 rows of DP table...
2022-01-04 01:10:32,669 - root - DEBUG - Processing 1180-th line out of 5000 rows of DP table...
2022-01-04 01:10:34,141 - root - DEBUG - Processing 1190-th line out of 5000 rows of DP table...
2022-01-04 01:10:35,633 - root - DEBUG - Processing 1200-th line out of 5000 rows of DP table...
2022-01-04 01:10:37,095 - root - DEBUG - Processing 1210-th line out of 5000 rows of DP table...
2022-01-04 01:10:38,581 - root - DEBUG - Processing 1220-th line out of 5000 rows of DP table...
2022-01-04 01:10:40,036 - root - DEBUG - Processing 1230-th line out of 5000 rows of DP table...
2022-01-04 01:10:41,486 - root - DEBUG - Processing 1240-th line out of 5000 rows of DP table...
2022-01-04 01:10:42,954 - root - DEBUG - Processing 1250-th line out of 5000 rows of DP table...
2022-01-04 01:10:44,399 - root - DEBUG - Processing 1260-th line out of 5000 rows of DP table...
2022-01-04 01:10:46,054 - root - DEBUG - Processing 1270-th line out of 5000 rows of DP table...
2022-01-04 01:10:47,519 - root - DEBUG - Processing 1280-th line out of 5000 rows of DP table...
2022-01-04 01:10:48,970 - root - DEBUG - Processing 1290-th line out of 5000 rows of DP table...
2022-01-04 01:10:50,419 - root - DEBUG - Processing 1300-th line out of 5000 rows of DP table...
2022-01-04 01:10:51,841 - root - DEBUG - Processing 1310-th line out of 5000 rows of DP table...
2022-01-04 01:10:53,265 - root - DEBUG - Processing 1320-th line out of 5000 rows of DP table...
2022-01-04 01:10:54,702 - root - DEBUG - Processing 1330-th line out of 5000 rows of DP table...
2022-01-04 01:10:56,113 - root - DEBUG - Processing 1340-th line out of 5000 rows of DP table...
2022-01-04 01:10:57,522 - root - DEBUG - Processing 1350-th line out of 5000 rows of DP table...
2022-01-04 01:10:58,930 - root - DEBUG - Processing 1360-th line out of 5000 rows of DP table...
2022-01-04 01:11:00,331 - root - DEBUG - Processing 1370-th line out of 5000 rows of DP table...
2022-01-04 01:11:01,729 - root - DEBUG - Processing 1380-th line out of 5000 rows of DP table...
2022-01-04 01:11:03,143 - root - DEBUG - Processing 1390-th line out of 5000 rows of DP table...
2022-01-04 01:11:04,536 - root - DEBUG - Processing 1400-th line out of 5000 rows of DP table...
2022-01-04 01:11:05,924 - root - DEBUG - Processing 1410-th line out of 5000 rows of DP table...
2022-01-04 01:11:07,304 - root - DEBUG - Processing 1420-th line out of 5000 rows of DP table...
2022-01-04 01:11:08,754 - root - DEBUG - Processing 1430-th line out of 5000 rows of DP table...
2022-01-04 01:11:10,129 - root - DEBUG - Processing 1440-th line out of 5000 rows of DP table...
2022-01-04 01:11:11,500 - root - DEBUG - Processing 1450-th line out of 5000 rows of DP table...
2022-01-04 01:11:12,907 - root - DEBUG - Processing 1460-th line out of 5000 rows of DP table...
2022-01-04 01:11:14,271 - root - DEBUG - Processing 1470-th line out of 5000 rows of DP table...
2022-01-04 01:11:15,632 - root - DEBUG - Processing 1480-th line out of 5000 rows of DP table...
2022-01-04 01:11:16,988 - root - DEBUG - Processing 1490-th line out of 5000 rows of DP table...
2022-01-04 01:11:18,367 - root - DEBUG - Processing 1500-th line out of 5000 rows of DP table...
2022-01-04 01:11:19,844 - root - DEBUG - Processing 1510-th line out of 5000 rows of DP table...
2022-01-04 01:11:21,376 - root - DEBUG - Processing 1520-th line out of 5000 rows of DP table...
2022-01-04 01:11:22,715 - root - DEBUG - Processing 1530-th line out of 5000 rows of DP table...
2022-01-04 01:11:24,357 - root - DEBUG - Processing 1540-th line out of 5000 rows of DP table...
2022-01-04 01:11:25,691 - root - DEBUG - Processing 1550-th line out of 5000 rows of DP table...
2022-01-04 01:11:27,020 - root - DEBUG - Processing 1560-th line out of 5000 rows of DP table...
2022-01-04 01:11:28,363 - root - DEBUG - Processing 1570-th line out of 5000 rows of DP table...
2022-01-04 01:11:29,711 - root - DEBUG - Processing 1580-th line out of 5000 rows of DP table...
2022-01-04 01:11:31,060 - root - DEBUG - Processing 1590-th line out of 5000 rows of DP table...
2022-01-04 01:11:32,375 - root - DEBUG - Processing 1600-th line out of 5000 rows of DP table...
2022-01-04 01:11:33,765 - root - DEBUG - Processing 1610-th line out of 5000 rows of DP table...
2022-01-04 01:11:35,074 - root - DEBUG - Processing 1620-th line out of 5000 rows of DP table...
2022-01-04 01:11:36,378 - root - DEBUG - Processing 1630-th line out of 5000 rows of DP table...
2022-01-04 01:11:37,681 - root - DEBUG - Processing 1640-th line out of 5000 rows of DP table...
2022-01-04 01:11:38,976 - root - DEBUG - Processing 1650-th line out of 5000 rows of DP table...
2022-01-04 01:11:40,281 - root - DEBUG - Processing 1660-th line out of 5000 rows of DP table...
2022-01-04 01:11:41,571 - root - DEBUG - Processing 1670-th line out of 5000 rows of DP table...
2022-01-04 01:11:42,855 - root - DEBUG - Processing 1680-th line out of 5000 rows of DP table...
2022-01-04 01:11:44,149 - root - DEBUG - Processing 1690-th line out of 5000 rows of DP table...
2022-01-04 01:11:45,427 - root - DEBUG - Processing 1700-th line out of 5000 rows of DP table...
2022-01-04 01:11:46,701 - root - DEBUG - Processing 1710-th line out of 5000 rows of DP table...
2022-01-04 01:11:47,973 - root - DEBUG - Processing 1720-th line out of 5000 rows of DP table...
2022-01-04 01:11:49,284 - root - DEBUG - Processing 1730-th line out of 5000 rows of DP table...
2022-01-04 01:11:50,546 - root - DEBUG - Processing 1740-th line out of 5000 rows of DP table...
2022-01-04 01:11:51,804 - root - DEBUG - Processing 1750-th line out of 5000 rows of DP table...
2022-01-04 01:11:53,058 - root - DEBUG - Processing 1760-th line out of 5000 rows of DP table...
2022-01-04 01:11:54,305 - root - DEBUG - Processing 1770-th line out of 5000 rows of DP table...
2022-01-04 01:11:55,920 - root - DEBUG - Processing 1780-th line out of 5000 rows of DP table...
2022-01-04 01:11:57,455 - root - DEBUG - Processing 1790-th line out of 5000 rows of DP table...
2022-01-04 01:11:58,823 - root - DEBUG - Processing 1800-th line out of 5000 rows of DP table...
2022-01-04 01:12:00,248 - root - DEBUG - Processing 1810-th line out of 5000 rows of DP table...
2022-01-04 01:12:01,482 - root - DEBUG - Processing 1820-th line out of 5000 rows of DP table...
2022-01-04 01:12:02,711 - root - DEBUG - Processing 1830-th line out of 5000 rows of DP table...
2022-01-04 01:12:03,934 - root - DEBUG - Processing 1840-th line out of 5000 rows of DP table...
2022-01-04 01:12:05,177 - root - DEBUG - Processing 1850-th line out of 5000 rows of DP table...
2022-01-04 01:12:06,394 - root - DEBUG - Processing 1860-th line out of 5000 rows of DP table...
2022-01-04 01:12:07,610 - root - DEBUG - Processing 1870-th line out of 5000 rows of DP table...
2022-01-04 01:12:08,850 - root - DEBUG - Processing 1880-th line out of 5000 rows of DP table...
2022-01-04 01:12:10,081 - root - DEBUG - Processing 1890-th line out of 5000 rows of DP table...
2022-01-04 01:12:11,288 - root - DEBUG - Processing 1900-th line out of 5000 rows of DP table...
2022-01-04 01:12:12,487 - root - DEBUG - Processing 1910-th line out of 5000 rows of DP table...
2022-01-04 01:12:13,676 - root - DEBUG - Processing 1920-th line out of 5000 rows of DP table...
2022-01-04 01:12:14,952 - root - DEBUG - Processing 1930-th line out of 5000 rows of DP table...
2022-01-04 01:12:16,136 - root - DEBUG - Processing 1940-th line out of 5000 rows of DP table...
2022-01-04 01:12:17,320 - root - DEBUG - Processing 1950-th line out of 5000 rows of DP table...
2022-01-04 01:12:18,502 - root - DEBUG - Processing 1960-th line out of 5000 rows of DP table...
2022-01-04 01:12:19,691 - root - DEBUG - Processing 1970-th line out of 5000 rows of DP table...
2022-01-04 01:12:20,866 - root - DEBUG - Processing 1980-th line out of 5000 rows of DP table...
2022-01-04 01:12:22,045 - root - DEBUG - Processing 1990-th line out of 5000 rows of DP table...
2022-01-04 01:12:23,209 - root - DEBUG - Processing 2000-th line out of 5000 rows of DP table...
2022-01-04 01:12:24,420 - root - DEBUG - Processing 2010-th line out of 5000 rows of DP table...
2022-01-04 01:12:25,552 - root - DEBUG - Processing 2020-th line out of 5000 rows of DP table...
2022-01-04 01:12:26,945 - root - DEBUG - Processing 2030-th line out of 5000 rows of DP table...
2022-01-04 01:12:28,255 - root - DEBUG - Processing 2040-th line out of 5000 rows of DP table...
2022-01-04 01:12:29,419 - root - DEBUG - Processing 2050-th line out of 5000 rows of DP table...
2022-01-04 01:12:30,562 - root - DEBUG - Processing 2060-th line out of 5000 rows of DP table...
2022-01-04 01:12:31,727 - root - DEBUG - Processing 2070-th line out of 5000 rows of DP table...
2022-01-04 01:12:32,860 - root - DEBUG - Processing 2080-th line out of 5000 rows of DP table...
2022-01-04 01:12:33,988 - root - DEBUG - Processing 2090-th line out of 5000 rows of DP table...
2022-01-04 01:12:35,112 - root - DEBUG - Processing 2100-th line out of 5000 rows of DP table...
2022-01-04 01:12:36,250 - root - DEBUG - Processing 2110-th line out of 5000 rows of DP table...
2022-01-04 01:12:37,378 - root - DEBUG - Processing 2120-th line out of 5000 rows of DP table...
2022-01-04 01:12:38,493 - root - DEBUG - Processing 2130-th line out of 5000 rows of DP table...
2022-01-04 01:12:39,606 - root - DEBUG - Processing 2140-th line out of 5000 rows of DP table...
2022-01-04 01:12:40,715 - root - DEBUG - Processing 2150-th line out of 5000 rows of DP table...
2022-01-04 01:12:41,819 - root - DEBUG - Processing 2160-th line out of 5000 rows of DP table...
2022-01-04 01:12:42,920 - root - DEBUG - Processing 2170-th line out of 5000 rows of DP table...
2022-01-04 01:12:44,015 - root - DEBUG - Processing 2180-th line out of 5000 rows of DP table...
2022-01-04 01:12:45,105 - root - DEBUG - Processing 2190-th line out of 5000 rows of DP table...
2022-01-04 01:12:46,194 - root - DEBUG - Processing 2200-th line out of 5000 rows of DP table...
2022-01-04 01:12:47,282 - root - DEBUG - Processing 2210-th line out of 5000 rows of DP table...
2022-01-04 01:12:49,493 - root - DEBUG - Processing 2220-th line out of 5000 rows of DP table...
2022-01-04 01:12:50,668 - root - DEBUG - Processing 2230-th line out of 5000 rows of DP table...
2022-01-04 01:12:51,743 - root - DEBUG - Processing 2240-th line out of 5000 rows of DP table...
2022-01-04 01:12:52,812 - root - DEBUG - Processing 2250-th line out of 5000 rows of DP table...
2022-01-04 01:12:53,876 - root - DEBUG - Processing 2260-th line out of 5000 rows of DP table...
2022-01-04 01:12:54,960 - root - DEBUG - Processing 2270-th line out of 5000 rows of DP table...
2022-01-04 01:12:56,018 - root - DEBUG - Processing 2280-th line out of 5000 rows of DP table...
2022-01-04 01:12:57,088 - root - DEBUG - Processing 2290-th line out of 5000 rows of DP table...
2022-01-04 01:12:58,138 - root - DEBUG - Processing 2300-th line out of 5000 rows of DP table...
2022-01-04 01:12:59,186 - root - DEBUG - Processing 2310-th line out of 5000 rows of DP table...
2022-01-04 01:13:00,227 - root - DEBUG - Processing 2320-th line out of 5000 rows of DP table...
2022-01-04 01:13:01,271 - root - DEBUG - Processing 2330-th line out of 5000 rows of DP table...
2022-01-04 01:13:02,310 - root - DEBUG - Processing 2340-th line out of 5000 rows of DP table...
2022-01-04 01:13:03,344 - root - DEBUG - Processing 2350-th line out of 5000 rows of DP table...
2022-01-04 01:13:04,372 - root - DEBUG - Processing 2360-th line out of 5000 rows of DP table...
2022-01-04 01:13:05,397 - root - DEBUG - Processing 2370-th line out of 5000 rows of DP table...
2022-01-04 01:13:06,417 - root - DEBUG - Processing 2380-th line out of 5000 rows of DP table...
2022-01-04 01:13:07,433 - root - DEBUG - Processing 2390-th line out of 5000 rows of DP table...
2022-01-04 01:13:08,445 - root - DEBUG - Processing 2400-th line out of 5000 rows of DP table...
2022-01-04 01:13:09,453 - root - DEBUG - Processing 2410-th line out of 5000 rows of DP table...
2022-01-04 01:13:10,489 - root - DEBUG - Processing 2420-th line out of 5000 rows of DP table...
2022-01-04 01:13:11,490 - root - DEBUG - Processing 2430-th line out of 5000 rows of DP table...
2022-01-04 01:13:12,503 - root - DEBUG - Processing 2440-th line out of 5000 rows of DP table...
2022-01-04 01:13:13,517 - root - DEBUG - Processing 2450-th line out of 5000 rows of DP table...
2022-01-04 01:13:14,506 - root - DEBUG - Processing 2460-th line out of 5000 rows of DP table...
2022-01-04 01:13:15,492 - root - DEBUG - Processing 2470-th line out of 5000 rows of DP table...
2022-01-04 01:13:16,475 - root - DEBUG - Processing 2480-th line out of 5000 rows of DP table...
2022-01-04 01:13:17,480 - root - DEBUG - Processing 2490-th line out of 5000 rows of DP table...
2022-01-04 01:13:18,496 - root - DEBUG - Processing 2500-th line out of 5000 rows of DP table...
2022-01-04 01:13:19,468 - root - DEBUG - Processing 2510-th line out of 5000 rows of DP table...
2022-01-04 01:13:20,553 - root - DEBUG - Processing 2520-th line out of 5000 rows of DP table...
2022-01-04 01:13:21,827 - root - DEBUG - Processing 2530-th line out of 5000 rows of DP table...
2022-01-04 01:13:22,789 - root - DEBUG - Processing 2540-th line out of 5000 rows of DP table...
2022-01-04 01:13:23,744 - root - DEBUG - Processing 2550-th line out of 5000 rows of DP table...
2022-01-04 01:13:24,698 - root - DEBUG - Processing 2560-th line out of 5000 rows of DP table...
2022-01-04 01:13:25,646 - root - DEBUG - Processing 2570-th line out of 5000 rows of DP table...
2022-01-04 01:13:26,617 - root - DEBUG - Processing 2580-th line out of 5000 rows of DP table...
2022-01-04 01:13:27,565 - root - DEBUG - Processing 2590-th line out of 5000 rows of DP table...
2022-01-04 01:13:28,503 - root - DEBUG - Processing 2600-th line out of 5000 rows of DP table...
2022-01-04 01:13:29,436 - root - DEBUG - Processing 2610-th line out of 5000 rows of DP table...
2022-01-04 01:13:30,368 - root - DEBUG - Processing 2620-th line out of 5000 rows of DP table...
2022-01-04 01:13:31,320 - root - DEBUG - Processing 2630-th line out of 5000 rows of DP table...
2022-01-04 01:13:32,243 - root - DEBUG - Processing 2640-th line out of 5000 rows of DP table...
2022-01-04 01:13:33,163 - root - DEBUG - Processing 2650-th line out of 5000 rows of DP table...
2022-01-04 01:13:34,078 - root - DEBUG - Processing 2660-th line out of 5000 rows of DP table...
2022-01-04 01:13:34,988 - root - DEBUG - Processing 2670-th line out of 5000 rows of DP table...
2022-01-04 01:13:35,904 - root - DEBUG - Processing 2680-th line out of 5000 rows of DP table...
2022-01-04 01:13:37,401 - root - DEBUG - Processing 2690-th line out of 5000 rows of DP table...
2022-01-04 01:13:38,301 - root - DEBUG - Processing 2700-th line out of 5000 rows of DP table...
2022-01-04 01:13:39,198 - root - DEBUG - Processing 2710-th line out of 5000 rows of DP table...
2022-01-04 01:13:40,092 - root - DEBUG - Processing 2720-th line out of 5000 rows of DP table...
2022-01-04 01:13:40,979 - root - DEBUG - Processing 2730-th line out of 5000 rows of DP table...
2022-01-04 01:13:41,882 - root - DEBUG - Processing 2740-th line out of 5000 rows of DP table...
2022-01-04 01:13:42,788 - root - DEBUG - Processing 2750-th line out of 5000 rows of DP table...
2022-01-04 01:13:43,669 - root - DEBUG - Processing 2760-th line out of 5000 rows of DP table...
2022-01-04 01:13:44,542 - root - DEBUG - Processing 2770-th line out of 5000 rows of DP table...
2022-01-04 01:13:45,414 - root - DEBUG - Processing 2780-th line out of 5000 rows of DP table...
2022-01-04 01:13:46,320 - root - DEBUG - Processing 2790-th line out of 5000 rows of DP table...
2022-01-04 01:13:47,210 - root - DEBUG - Processing 2800-th line out of 5000 rows of DP table...
2022-01-04 01:13:48,067 - root - DEBUG - Processing 2810-th line out of 5000 rows of DP table...
2022-01-04 01:13:48,921 - root - DEBUG - Processing 2820-th line out of 5000 rows of DP table...
2022-01-04 01:13:49,772 - root - DEBUG - Processing 2830-th line out of 5000 rows of DP table...
2022-01-04 01:13:50,619 - root - DEBUG - Processing 2840-th line out of 5000 rows of DP table...
2022-01-04 01:13:51,466 - root - DEBUG - Processing 2850-th line out of 5000 rows of DP table...
2022-01-04 01:13:52,307 - root - DEBUG - Processing 2860-th line out of 5000 rows of DP table...
2022-01-04 01:13:53,290 - root - DEBUG - Processing 2870-th line out of 5000 rows of DP table...
2022-01-04 01:13:54,147 - root - DEBUG - Processing 2880-th line out of 5000 rows of DP table...
2022-01-04 01:13:54,975 - root - DEBUG - Processing 2890-th line out of 5000 rows of DP table...
2022-01-04 01:13:55,845 - root - DEBUG - Processing 2900-th line out of 5000 rows of DP table...
2022-01-04 01:13:56,688 - root - DEBUG - Processing 2910-th line out of 5000 rows of DP table...
2022-01-04 01:13:57,504 - root - DEBUG - Processing 2920-th line out of 5000 rows of DP table...
2022-01-04 01:13:58,335 - root - DEBUG - Processing 2930-th line out of 5000 rows of DP table...
2022-01-04 01:13:59,160 - root - DEBUG - Processing 2940-th line out of 5000 rows of DP table...
2022-01-04 01:13:59,964 - root - DEBUG - Processing 2950-th line out of 5000 rows of DP table...
2022-01-04 01:14:00,768 - root - DEBUG - Processing 2960-th line out of 5000 rows of DP table...
2022-01-04 01:14:01,565 - root - DEBUG - Processing 2970-th line out of 5000 rows of DP table...
2022-01-04 01:14:02,536 - root - DEBUG - Processing 2980-th line out of 5000 rows of DP table...
2022-01-04 01:14:03,443 - root - DEBUG - Processing 2990-th line out of 5000 rows of DP table...
2022-01-04 01:14:05,295 - root - DEBUG - Processing 3000-th line out of 5000 rows of DP table...
2022-01-04 01:14:06,077 - root - DEBUG - Processing 3010-th line out of 5000 rows of DP table...
2022-01-04 01:14:06,857 - root - DEBUG - Processing 3020-th line out of 5000 rows of DP table...
2022-01-04 01:14:07,726 - root - DEBUG - Processing 3030-th line out of 5000 rows of DP table...
2022-01-04 01:14:08,498 - root - DEBUG - Processing 3040-th line out of 5000 rows of DP table...
2022-01-04 01:14:09,266 - root - DEBUG - Processing 3050-th line out of 5000 rows of DP table...
2022-01-04 01:14:10,030 - root - DEBUG - Processing 3060-th line out of 5000 rows of DP table...
2022-01-04 01:14:10,790 - root - DEBUG - Processing 3070-th line out of 5000 rows of DP table...
2022-01-04 01:14:11,545 - root - DEBUG - Processing 3080-th line out of 5000 rows of DP table...
2022-01-04 01:14:12,298 - root - DEBUG - Processing 3090-th line out of 5000 rows of DP table...
2022-01-04 01:14:13,063 - root - DEBUG - Processing 3100-th line out of 5000 rows of DP table...
2022-01-04 01:14:13,807 - root - DEBUG - Processing 3110-th line out of 5000 rows of DP table...
2022-01-04 01:14:14,570 - root - DEBUG - Processing 3120-th line out of 5000 rows of DP table...
2022-01-04 01:14:15,306 - root - DEBUG - Processing 3130-th line out of 5000 rows of DP table...
2022-01-04 01:14:16,040 - root - DEBUG - Processing 3140-th line out of 5000 rows of DP table...
2022-01-04 01:14:16,769 - root - DEBUG - Processing 3150-th line out of 5000 rows of DP table...
2022-01-04 01:14:17,493 - root - DEBUG - Processing 3160-th line out of 5000 rows of DP table...
2022-01-04 01:14:18,214 - root - DEBUG - Processing 3170-th line out of 5000 rows of DP table...
2022-01-04 01:14:18,961 - root - DEBUG - Processing 3180-th line out of 5000 rows of DP table...
2022-01-04 01:14:19,678 - root - DEBUG - Processing 3190-th line out of 5000 rows of DP table...
2022-01-04 01:14:20,390 - root - DEBUG - Processing 3200-th line out of 5000 rows of DP table...
2022-01-04 01:14:21,096 - root - DEBUG - Processing 3210-th line out of 5000 rows of DP table...
2022-01-04 01:14:21,800 - root - DEBUG - Processing 3220-th line out of 5000 rows of DP table...
2022-01-04 01:14:22,500 - root - DEBUG - Processing 3230-th line out of 5000 rows of DP table...
2022-01-04 01:14:23,196 - root - DEBUG - Processing 3240-th line out of 5000 rows of DP table...
2022-01-04 01:14:23,887 - root - DEBUG - Processing 3250-th line out of 5000 rows of DP table...
2022-01-04 01:14:24,569 - root - DEBUG - Processing 3260-th line out of 5000 rows of DP table...
2022-01-04 01:14:25,966 - root - DEBUG - Processing 3270-th line out of 5000 rows of DP table...
2022-01-04 01:14:27,885 - root - DEBUG - Processing 3280-th line out of 5000 rows of DP table...
2022-01-04 01:14:28,648 - root - DEBUG - Processing 3290-th line out of 5000 rows of DP table...
2022-01-04 01:14:29,330 - root - DEBUG - Processing 3300-th line out of 5000 rows of DP table...
2022-01-04 01:14:29,999 - root - DEBUG - Processing 3310-th line out of 5000 rows of DP table...
2022-01-04 01:14:30,664 - root - DEBUG - Processing 3320-th line out of 5000 rows of DP table...
2022-01-04 01:14:31,325 - root - DEBUG - Processing 3330-th line out of 5000 rows of DP table...
2022-01-04 01:14:31,982 - root - DEBUG - Processing 3340-th line out of 5000 rows of DP table...
2022-01-04 01:14:32,637 - root - DEBUG - Processing 3350-th line out of 5000 rows of DP table...
2022-01-04 01:14:33,288 - root - DEBUG - Processing 3360-th line out of 5000 rows of DP table...
2022-01-04 01:14:33,934 - root - DEBUG - Processing 3370-th line out of 5000 rows of DP table...
2022-01-04 01:14:34,578 - root - DEBUG - Processing 3380-th line out of 5000 rows of DP table...
2022-01-04 01:14:35,216 - root - DEBUG - Processing 3390-th line out of 5000 rows of DP table...
2022-01-04 01:14:35,854 - root - DEBUG - Processing 3400-th line out of 5000 rows of DP table...
2022-01-04 01:14:36,484 - root - DEBUG - Processing 3410-th line out of 5000 rows of DP table...
2022-01-04 01:14:37,111 - root - DEBUG - Processing 3420-th line out of 5000 rows of DP table...
2022-01-04 01:14:37,735 - root - DEBUG - Processing 3430-th line out of 5000 rows of DP table...
2022-01-04 01:14:38,354 - root - DEBUG - Processing 3440-th line out of 5000 rows of DP table...
2022-01-04 01:14:38,997 - root - DEBUG - Processing 3450-th line out of 5000 rows of DP table...
2022-01-04 01:14:39,609 - root - DEBUG - Processing 3460-th line out of 5000 rows of DP table...
2022-01-04 01:14:40,219 - root - DEBUG - Processing 3470-th line out of 5000 rows of DP table...
2022-01-04 01:14:40,824 - root - DEBUG - Processing 3480-th line out of 5000 rows of DP table...
2022-01-04 01:14:41,425 - root - DEBUG - Processing 3490-th line out of 5000 rows of DP table...
2022-01-04 01:14:42,046 - root - DEBUG - Processing 3500-th line out of 5000 rows of DP table...
2022-01-04 01:14:42,641 - root - DEBUG - Processing 3510-th line out of 5000 rows of DP table...
2022-01-04 01:14:43,231 - root - DEBUG - Processing 3520-th line out of 5000 rows of DP table...
2022-01-04 01:14:43,877 - root - DEBUG - Processing 3530-th line out of 5000 rows of DP table...
2022-01-04 01:14:44,503 - root - DEBUG - Processing 3540-th line out of 5000 rows of DP table...
2022-01-04 01:14:45,082 - root - DEBUG - Processing 3550-th line out of 5000 rows of DP table...
2022-01-04 01:14:45,657 - root - DEBUG - Processing 3560-th line out of 5000 rows of DP table...
2022-01-04 01:14:46,228 - root - DEBUG - Processing 3570-th line out of 5000 rows of DP table...
2022-01-04 01:14:46,796 - root - DEBUG - Processing 3580-th line out of 5000 rows of DP table...
2022-01-04 01:14:47,362 - root - DEBUG - Processing 3590-th line out of 5000 rows of DP table...
2022-01-04 01:14:47,924 - root - DEBUG - Processing 3600-th line out of 5000 rows of DP table...
2022-01-04 01:14:48,480 - root - DEBUG - Processing 3610-th line out of 5000 rows of DP table...
2022-01-04 01:14:49,033 - root - DEBUG - Processing 3620-th line out of 5000 rows of DP table...
2022-01-04 01:14:49,583 - root - DEBUG - Processing 3630-th line out of 5000 rows of DP table...
2022-01-04 01:14:50,129 - root - DEBUG - Processing 3640-th line out of 5000 rows of DP table...
2022-01-04 01:14:50,683 - root - DEBUG - Processing 3650-th line out of 5000 rows of DP table...
2022-01-04 01:14:51,220 - root - DEBUG - Processing 3660-th line out of 5000 rows of DP table...
2022-01-04 01:14:51,753 - root - DEBUG - Processing 3670-th line out of 5000 rows of DP table...
2022-01-04 01:14:52,306 - root - DEBUG - Processing 3680-th line out of 5000 rows of DP table...
2022-01-04 01:14:52,833 - root - DEBUG - Processing 3690-th line out of 5000 rows of DP table...
2022-01-04 01:14:53,356 - root - DEBUG - Processing 3700-th line out of 5000 rows of DP table...
2022-01-04 01:14:53,874 - root - DEBUG - Processing 3710-th line out of 5000 rows of DP table...
2022-01-04 01:14:54,391 - root - DEBUG - Processing 3720-th line out of 5000 rows of DP table...
2022-01-04 01:14:54,901 - root - DEBUG - Processing 3730-th line out of 5000 rows of DP table...
2022-01-04 01:14:55,410 - root - DEBUG - Processing 3740-th line out of 5000 rows of DP table...
2022-01-04 01:14:55,931 - root - DEBUG - Processing 3750-th line out of 5000 rows of DP table...
2022-01-04 01:14:56,451 - root - DEBUG - Processing 3760-th line out of 5000 rows of DP table...
2022-01-04 01:14:56,947 - root - DEBUG - Processing 3770-th line out of 5000 rows of DP table...
2022-01-04 01:14:57,447 - root - DEBUG - Processing 3780-th line out of 5000 rows of DP table...
2022-01-04 01:14:58,410 - root - DEBUG - Processing 3790-th line out of 5000 rows of DP table...
2022-01-04 01:14:59,080 - root - DEBUG - Processing 3800-th line out of 5000 rows of DP table...
2022-01-04 01:14:59,981 - root - DEBUG - Processing 3810-th line out of 5000 rows of DP table...
2022-01-04 01:15:01,014 - root - DEBUG - Processing 3820-th line out of 5000 rows of DP table...
2022-01-04 01:15:01,829 - root - DEBUG - Processing 3830-th line out of 5000 rows of DP table...
2022-01-04 01:15:02,297 - root - DEBUG - Processing 3840-th line out of 5000 rows of DP table...
2022-01-04 01:15:02,764 - root - DEBUG - Processing 3850-th line out of 5000 rows of DP table...
2022-01-04 01:15:03,225 - root - DEBUG - Processing 3860-th line out of 5000 rows of DP table...
2022-01-04 01:15:03,683 - root - DEBUG - Processing 3870-th line out of 5000 rows of DP table...
2022-01-04 01:15:04,139 - root - DEBUG - Processing 3880-th line out of 5000 rows of DP table...
2022-01-04 01:15:04,590 - root - DEBUG - Processing 3890-th line out of 5000 rows of DP table...
2022-01-04 01:15:05,037 - root - DEBUG - Processing 3900-th line out of 5000 rows of DP table...
2022-01-04 01:15:05,481 - root - DEBUG - Processing 3910-th line out of 5000 rows of DP table...
2022-01-04 01:15:05,922 - root - DEBUG - Processing 3920-th line out of 5000 rows of DP table...
2022-01-04 01:15:06,358 - root - DEBUG - Processing 3930-th line out of 5000 rows of DP table...
2022-01-04 01:15:06,789 - root - DEBUG - Processing 3940-th line out of 5000 rows of DP table...
2022-01-04 01:15:07,242 - root - DEBUG - Processing 3950-th line out of 5000 rows of DP table...
2022-01-04 01:15:07,667 - root - DEBUG - Processing 3960-th line out of 5000 rows of DP table...
2022-01-04 01:15:08,091 - root - DEBUG - Processing 3970-th line out of 5000 rows of DP table...
2022-01-04 01:15:08,508 - root - DEBUG - Processing 3980-th line out of 5000 rows of DP table...
2022-01-04 01:15:08,920 - root - DEBUG - Processing 3990-th line out of 5000 rows of DP table...
2022-01-04 01:15:09,332 - root - DEBUG - Processing 4000-th line out of 5000 rows of DP table...
2022-01-04 01:15:09,737 - root - DEBUG - Processing 4010-th line out of 5000 rows of DP table...
2022-01-04 01:15:10,140 - root - DEBUG - Processing 4020-th line out of 5000 rows of DP table...
2022-01-04 01:15:10,538 - root - DEBUG - Processing 4030-th line out of 5000 rows of DP table...
2022-01-04 01:15:10,946 - root - DEBUG - Processing 4040-th line out of 5000 rows of DP table...
2022-01-04 01:15:11,337 - root - DEBUG - Processing 4050-th line out of 5000 rows of DP table...
2022-01-04 01:15:11,724 - root - DEBUG - Processing 4060-th line out of 5000 rows of DP table...
2022-01-04 01:15:12,107 - root - DEBUG - Processing 4070-th line out of 5000 rows of DP table...
2022-01-04 01:15:12,486 - root - DEBUG - Processing 4080-th line out of 5000 rows of DP table...
2022-01-04 01:15:12,868 - root - DEBUG - Processing 4090-th line out of 5000 rows of DP table...
2022-01-04 01:15:13,240 - root - DEBUG - Processing 4100-th line out of 5000 rows of DP table...
2022-01-04 01:15:13,609 - root - DEBUG - Processing 4110-th line out of 5000 rows of DP table...
2022-01-04 01:15:13,973 - root - DEBUG - Processing 4120-th line out of 5000 rows of DP table...
2022-01-04 01:15:14,335 - root - DEBUG - Processing 4130-th line out of 5000 rows of DP table...
2022-01-04 01:15:14,691 - root - DEBUG - Processing 4140-th line out of 5000 rows of DP table...
2022-01-04 01:15:15,057 - root - DEBUG - Processing 4150-th line out of 5000 rows of DP table...
2022-01-04 01:15:15,406 - root - DEBUG - Processing 4160-th line out of 5000 rows of DP table...
2022-01-04 01:15:15,751 - root - DEBUG - Processing 4170-th line out of 5000 rows of DP table...
2022-01-04 01:15:16,110 - root - DEBUG - Processing 4180-th line out of 5000 rows of DP table...
2022-01-04 01:15:16,467 - root - DEBUG - Processing 4190-th line out of 5000 rows of DP table...
2022-01-04 01:15:16,802 - root - DEBUG - Processing 4200-th line out of 5000 rows of DP table...
2022-01-04 01:15:17,131 - root - DEBUG - Processing 4210-th line out of 5000 rows of DP table...
2022-01-04 01:15:17,457 - root - DEBUG - Processing 4220-th line out of 5000 rows of DP table...
2022-01-04 01:15:17,780 - root - DEBUG - Processing 4230-th line out of 5000 rows of DP table...
2022-01-04 01:15:18,125 - root - DEBUG - Processing 4240-th line out of 5000 rows of DP table...
2022-01-04 01:15:18,441 - root - DEBUG - Processing 4250-th line out of 5000 rows of DP table...
2022-01-04 01:15:18,752 - root - DEBUG - Processing 4260-th line out of 5000 rows of DP table...
2022-01-04 01:15:19,059 - root - DEBUG - Processing 4270-th line out of 5000 rows of DP table...
2022-01-04 01:15:19,362 - root - DEBUG - Processing 4280-th line out of 5000 rows of DP table...
2022-01-04 01:15:19,695 - root - DEBUG - Processing 4290-th line out of 5000 rows of DP table...
2022-01-04 01:15:19,991 - root - DEBUG - Processing 4300-th line out of 5000 rows of DP table...
2022-01-04 01:15:20,283 - root - DEBUG - Processing 4310-th line out of 5000 rows of DP table...
2022-01-04 01:15:20,572 - root - DEBUG - Processing 4320-th line out of 5000 rows of DP table...
2022-01-04 01:15:20,857 - root - DEBUG - Processing 4330-th line out of 5000 rows of DP table...
2022-01-04 01:15:21,138 - root - DEBUG - Processing 4340-th line out of 5000 rows of DP table...
2022-01-04 01:15:21,417 - root - DEBUG - Processing 4350-th line out of 5000 rows of DP table...
2022-01-04 01:15:21,690 - root - DEBUG - Processing 4360-th line out of 5000 rows of DP table...
2022-01-04 01:15:21,959 - root - DEBUG - Processing 4370-th line out of 5000 rows of DP table...
2022-01-04 01:15:22,225 - root - DEBUG - Processing 4380-th line out of 5000 rows of DP table...
2022-01-04 01:15:22,487 - root - DEBUG - Processing 4390-th line out of 5000 rows of DP table...
2022-01-04 01:15:22,745 - root - DEBUG - Processing 4400-th line out of 5000 rows of DP table...
2022-01-04 01:15:23,000 - root - DEBUG - Processing 4410-th line out of 5000 rows of DP table...
2022-01-04 01:15:23,250 - root - DEBUG - Processing 4420-th line out of 5000 rows of DP table...
2022-01-04 01:15:23,497 - root - DEBUG - Processing 4430-th line out of 5000 rows of DP table...
2022-01-04 01:15:23,740 - root - DEBUG - Processing 4440-th line out of 5000 rows of DP table...
2022-01-04 01:15:23,979 - root - DEBUG - Processing 4450-th line out of 5000 rows of DP table...
2022-01-04 01:15:24,215 - root - DEBUG - Processing 4460-th line out of 5000 rows of DP table...
2022-01-04 01:15:24,446 - root - DEBUG - Processing 4470-th line out of 5000 rows of DP table...
2022-01-04 01:15:24,673 - root - DEBUG - Processing 4480-th line out of 5000 rows of DP table...
2022-01-04 01:15:24,897 - root - DEBUG - Processing 4490-th line out of 5000 rows of DP table...
2022-01-04 01:15:25,140 - root - DEBUG - Processing 4500-th line out of 5000 rows of DP table...
2022-01-04 01:15:25,357 - root - DEBUG - Processing 4510-th line out of 5000 rows of DP table...
2022-01-04 01:15:25,571 - root - DEBUG - Processing 4520-th line out of 5000 rows of DP table...
2022-01-04 01:15:25,780 - root - DEBUG - Processing 4530-th line out of 5000 rows of DP table...
2022-01-04 01:15:25,985 - root - DEBUG - Processing 4540-th line out of 5000 rows of DP table...
2022-01-04 01:15:26,185 - root - DEBUG - Processing 4550-th line out of 5000 rows of DP table...
2022-01-04 01:15:26,382 - root - DEBUG - Processing 4560-th line out of 5000 rows of DP table...
2022-01-04 01:15:26,576 - root - DEBUG - Processing 4570-th line out of 5000 rows of DP table...
2022-01-04 01:15:26,766 - root - DEBUG - Processing 4580-th line out of 5000 rows of DP table...
2022-01-04 01:15:26,983 - root - DEBUG - Processing 4590-th line out of 5000 rows of DP table...
2022-01-04 01:15:27,165 - root - DEBUG - Processing 4600-th line out of 5000 rows of DP table...
2022-01-04 01:15:27,344 - root - DEBUG - Processing 4610-th line out of 5000 rows of DP table...
2022-01-04 01:15:27,519 - root - DEBUG - Processing 4620-th line out of 5000 rows of DP table...
2022-01-04 01:15:27,690 - root - DEBUG - Processing 4630-th line out of 5000 rows of DP table...
2022-01-04 01:15:27,857 - root - DEBUG - Processing 4640-th line out of 5000 rows of DP table...
2022-01-04 01:15:28,021 - root - DEBUG - Processing 4650-th line out of 5000 rows of DP table...
2022-01-04 01:15:28,180 - root - DEBUG - Processing 4660-th line out of 5000 rows of DP table...
2022-01-04 01:15:28,353 - root - DEBUG - Processing 4670-th line out of 5000 rows of DP table...
2022-01-04 01:15:28,505 - root - DEBUG - Processing 4680-th line out of 5000 rows of DP table...
2022-01-04 01:15:28,653 - root - DEBUG - Processing 4690-th line out of 5000 rows of DP table...
2022-01-04 01:15:28,798 - root - DEBUG - Processing 4700-th line out of 5000 rows of DP table...
2022-01-04 01:15:28,940 - root - DEBUG - Processing 4710-th line out of 5000 rows of DP table...
2022-01-04 01:15:29,076 - root - DEBUG - Processing 4720-th line out of 5000 rows of DP table...
2022-01-04 01:15:29,209 - root - DEBUG - Processing 4730-th line out of 5000 rows of DP table...
2022-01-04 01:15:29,339 - root - DEBUG - Processing 4740-th line out of 5000 rows of DP table...
2022-01-04 01:15:29,464 - root - DEBUG - Processing 4750-th line out of 5000 rows of DP table...
2022-01-04 01:15:29,586 - root - DEBUG - Processing 4760-th line out of 5000 rows of DP table...
2022-01-04 01:15:29,720 - root - DEBUG - Processing 4770-th line out of 5000 rows of DP table...
2022-01-04 01:15:29,834 - root - DEBUG - Processing 4780-th line out of 5000 rows of DP table...
2022-01-04 01:15:29,965 - root - DEBUG - Processing 4790-th line out of 5000 rows of DP table...
2022-01-04 01:15:30,072 - root - DEBUG - Processing 4800-th line out of 5000 rows of DP table...
2022-01-04 01:15:30,175 - root - DEBUG - Processing 4810-th line out of 5000 rows of DP table...
2022-01-04 01:15:30,275 - root - DEBUG - Processing 4820-th line out of 5000 rows of DP table...
2022-01-04 01:15:30,370 - root - DEBUG - Processing 4830-th line out of 5000 rows of DP table...
2022-01-04 01:15:30,461 - root - DEBUG - Processing 4840-th line out of 5000 rows of DP table...
2022-01-04 01:15:30,550 - root - DEBUG - Processing 4850-th line out of 5000 rows of DP table...
2022-01-04 01:15:30,633 - root - DEBUG - Processing 4860-th line out of 5000 rows of DP table...
2022-01-04 01:15:30,713 - root - DEBUG - Processing 4870-th line out of 5000 rows of DP table...
2022-01-04 01:15:30,788 - root - DEBUG - Processing 4880-th line out of 5000 rows of DP table...
2022-01-04 01:15:30,860 - root - DEBUG - Processing 4890-th line out of 5000 rows of DP table...
2022-01-04 01:15:30,928 - root - DEBUG - Processing 4900-th line out of 5000 rows of DP table...
2022-01-04 01:15:31,112 - root - DEBUG - Processing 4910-th line out of 5000 rows of DP table...
2022-01-04 01:15:31,173 - root - DEBUG - Processing 4920-th line out of 5000 rows of DP table...
2022-01-04 01:15:31,230 - root - DEBUG - Processing 4930-th line out of 5000 rows of DP table...
2022-01-04 01:15:31,284 - root - DEBUG - Processing 4940-th line out of 5000 rows of DP table...
2022-01-04 01:15:31,334 - root - DEBUG - Processing 4950-th line out of 5000 rows of DP table...
2022-01-04 01:15:31,381 - root - DEBUG - Processing 4960-th line out of 5000 rows of DP table...
2022-01-04 01:15:31,423 - root - DEBUG - Processing 4970-th line out of 5000 rows of DP table...
2022-01-04 01:15:31,461 - root - DEBUG - Processing 4980-th line out of 5000 rows of DP table...
2022-01-04 01:15:31,496 - root - DEBUG - Processing 4990-th line out of 5000 rows of DP table...
2022-01-04 01:15:31,721 - root - DEBUG - Processing 5000-th line out of 5000 rows of DP table...
2022-01-04 01:15:32,366 - root - DEBUG - Started computing joint logprobs...
