2022-01-04 01:07:11,098 - root - INFO - Loading reference interval set from '211221-1-sim-data-time/g08_0.ref.tsv'...
2022-01-04 01:07:11,105 - root - INFO - Loading query interval set from '211221-1-sim-data-time/g08_0.query.tsv'...
2022-01-04 01:07:11,156 - root - INFO - Loading chromosome sizes from '211221-1-sim-data-time/g08_sizes.tsv'...
2022-01-04 01:07:11,167 - root - INFO - Number of reference intervals: 5000 (5000 before merging)
2022-01-04 01:07:11,168 - root - INFO - Number of query intervals: 5000 (5000 before merging)
2022-01-04 01:07:11,169 - root - INFO - Number of chromosomes: 1
2022-01-04 01:07:11,185 - root - INFO - Overlap count: 1864
2022-01-04 01:07:11,186 - root - DEBUG - Started computing sf for chromosome 'chr1'...
2022-01-04 01:07:11,189 - root - DEBUG - m=5000, n=5000
2022-01-04 01:07:13,082 - root - DEBUG - Processing 10-th line out of 5000 rows of DP table...
2022-01-04 01:07:15,065 - root - DEBUG - Processing 20-th line out of 5000 rows of DP table...
2022-01-04 01:07:17,026 - root - DEBUG - Processing 30-th line out of 5000 rows of DP table...
2022-01-04 01:07:18,995 - root - DEBUG - Processing 40-th line out of 5000 rows of DP table...
2022-01-04 01:07:20,945 - root - DEBUG - Processing 50-th line out of 5000 rows of DP table...
2022-01-04 01:07:22,896 - root - DEBUG - Processing 60-th line out of 5000 rows of DP table...
2022-01-04 01:07:24,854 - root - DEBUG - Processing 70-th line out of 5000 rows of DP table...
2022-01-04 01:07:26,801 - root - DEBUG - Processing 80-th line out of 5000 rows of DP table...
2022-01-04 01:07:28,742 - root - DEBUG - Processing 90-th line out of 5000 rows of DP table...
2022-01-04 01:07:30,695 - root - DEBUG - Processing 100-th line out of 5000 rows of DP table...
2022-01-04 01:07:32,620 - root - DEBUG - Processing 110-th line out of 5000 rows of DP table...
2022-01-04 01:07:34,973 - root - DEBUG - Processing 120-th line out of 5000 rows of DP table...
2022-01-04 01:07:37,115 - root - DEBUG - Processing 130-th line out of 5000 rows of DP table...
2022-01-04 01:07:39,048 - root - DEBUG - Processing 140-th line out of 5000 rows of DP table...
2022-01-04 01:07:40,980 - root - DEBUG - Processing 150-th line out of 5000 rows of DP table...
2022-01-04 01:07:42,893 - root - DEBUG - Processing 160-th line out of 5000 rows of DP table...
2022-01-04 01:07:44,850 - root - DEBUG - Processing 170-th line out of 5000 rows of DP table...
2022-01-04 01:07:46,757 - root - DEBUG - Processing 180-th line out of 5000 rows of DP table...
2022-01-04 01:07:48,651 - root - DEBUG - Processing 190-th line out of 5000 rows of DP table...
2022-01-04 01:07:50,576 - root - DEBUG - Processing 200-th line out of 5000 rows of DP table...
2022-01-04 01:07:52,464 - root - DEBUG - Processing 210-th line out of 5000 rows of DP table...
2022-01-04 01:07:54,386 - root - DEBUG - Processing 220-th line out of 5000 rows of DP table...
2022-01-04 01:07:56,267 - root - DEBUG - Processing 230-th line out of 5000 rows of DP table...
2022-01-04 01:07:58,142 - root - DEBUG - Processing 240-th line out of 5000 rows of DP table...
2022-01-04 01:08:00,013 - root - DEBUG - Processing 250-th line out of 5000 rows of DP table...
2022-01-04 01:08:01,899 - root - DEBUG - Processing 260-th line out of 5000 rows of DP table...
2022-01-04 01:08:03,767 - root - DEBUG - Processing 270-th line out of 5000 rows of DP table...
2022-01-04 01:08:05,633 - root - DEBUG - Processing 280-th line out of 5000 rows of DP table...
2022-01-04 01:08:07,569 - root - DEBUG - Processing 290-th line out of 5000 rows of DP table...
2022-01-04 01:08:09,399 - root - DEBUG - Processing 300-th line out of 5000 rows of DP table...
2022-01-04 01:08:11,869 - root - DEBUG - Processing 310-th line out of 5000 rows of DP table...
2022-01-04 01:08:13,718 - root - DEBUG - Processing 320-th line out of 5000 rows of DP table...
2022-01-04 01:08:15,561 - root - DEBUG - Processing 330-th line out of 5000 rows of DP table...
2022-01-04 01:08:17,404 - root - DEBUG - Processing 340-th line out of 5000 rows of DP table...
2022-01-04 01:08:19,243 - root - DEBUG - Processing 350-th line out of 5000 rows of DP table...
2022-01-04 01:08:21,073 - root - DEBUG - Processing 360-th line out of 5000 rows of DP table...
2022-01-04 01:08:22,913 - root - DEBUG - Processing 370-th line out of 5000 rows of DP table...
2022-01-04 01:08:24,734 - root - DEBUG - Processing 380-th line out of 5000 rows of DP table...
2022-01-04 01:08:26,557 - root - DEBUG - Processing 390-th line out of 5000 rows of DP table...
2022-01-04 01:08:28,373 - root - DEBUG - Processing 400-th line out of 5000 rows of DP table...
2022-01-04 01:08:30,185 - root - DEBUG - Processing 410-th line out of 5000 rows of DP table...
2022-01-04 01:08:31,989 - root - DEBUG - Processing 420-th line out of 5000 rows of DP table...
2022-01-04 01:08:33,794 - root - DEBUG - Processing 430-th line out of 5000 rows of DP table...
2022-01-04 01:08:35,625 - root - DEBUG - Processing 440-th line out of 5000 rows of DP table...
2022-01-04 01:08:37,422 - root - DEBUG - Processing 450-th line out of 5000 rows of DP table...
2022-01-04 01:08:39,217 - root - DEBUG - Processing 460-th line out of 5000 rows of DP table...
2022-01-04 01:08:41,008 - root - DEBUG - Processing 470-th line out of 5000 rows of DP table...
2022-01-04 01:08:42,791 - root - DEBUG - Processing 480-th line out of 5000 rows of DP table...
2022-01-04 01:08:44,571 - root - DEBUG - Processing 490-th line out of 5000 rows of DP table...
2022-01-04 01:08:46,342 - root - DEBUG - Processing 500-th line out of 5000 rows of DP table...
2022-01-04 01:08:48,115 - root - DEBUG - Processing 510-th line out of 5000 rows of DP table...
2022-01-04 01:08:49,886 - root - DEBUG - Processing 520-th line out of 5000 rows of DP table...
2022-01-04 01:08:51,657 - root - DEBUG - Processing 530-th line out of 5000 rows of DP table...
2022-01-04 01:08:53,422 - root - DEBUG - Processing 540-th line out of 5000 rows of DP table...
2022-01-04 01:08:55,181 - root - DEBUG - Processing 550-th line out of 5000 rows of DP table...
2022-01-04 01:08:56,960 - root - DEBUG - Processing 560-th line out of 5000 rows of DP table...
2022-01-04 01:08:58,708 - root - DEBUG - Processing 570-th line out of 5000 rows of DP table...
2022-01-04 01:09:00,457 - root - DEBUG - Processing 580-th line out of 5000 rows of DP table...
2022-01-04 01:09:02,196 - root - DEBUG - Processing 590-th line out of 5000 rows of DP table...
2022-01-04 01:09:03,927 - root - DEBUG - Processing 600-th line out of 5000 rows of DP table...
2022-01-04 01:09:05,661 - root - DEBUG - Processing 610-th line out of 5000 rows of DP table...
2022-01-04 01:09:07,391 - root - DEBUG - Processing 620-th line out of 5000 rows of DP table...
2022-01-04 01:09:09,102 - root - DEBUG - Processing 630-th line out of 5000 rows of DP table...
2022-01-04 01:09:10,806 - root - DEBUG - Processing 640-th line out of 5000 rows of DP table...
2022-01-04 01:09:12,573 - root - DEBUG - Processing 650-th line out of 5000 rows of DP table...
2022-01-04 01:09:14,292 - root - DEBUG - Processing 660-th line out of 5000 rows of DP table...
2022-01-04 01:09:16,011 - root - DEBUG - Processing 670-th line out of 5000 rows of DP table...
2022-01-04 01:09:17,714 - root - DEBUG - Processing 680-th line out of 5000 rows of DP table...
2022-01-04 01:09:19,415 - root - DEBUG - Processing 690-th line out of 5000 rows of DP table...
2022-01-04 01:09:21,134 - root - DEBUG - Processing 700-th line out of 5000 rows of DP table...
2022-01-04 01:09:22,829 - root - DEBUG - Processing 710-th line out of 5000 rows of DP table...
2022-01-04 01:09:24,520 - root - DEBUG - Processing 720-th line out of 5000 rows of DP table...
2022-01-04 01:09:26,198 - root - DEBUG - Processing 730-th line out of 5000 rows of DP table...
2022-01-04 01:09:27,951 - root - DEBUG - Processing 740-th line out of 5000 rows of DP table...
2022-01-04 01:09:29,615 - root - DEBUG - Processing 750-th line out of 5000 rows of DP table...
2022-01-04 01:09:31,291 - root - DEBUG - Processing 760-th line out of 5000 rows of DP table...
2022-01-04 01:09:32,967 - root - DEBUG - Processing 770-th line out of 5000 rows of DP table...
2022-01-04 01:09:34,637 - root - DEBUG - Processing 780-th line out of 5000 rows of DP table...
2022-01-04 01:09:36,305 - root - DEBUG - Processing 790-th line out of 5000 rows of DP table...
2022-01-04 01:09:37,990 - root - DEBUG - Processing 800-th line out of 5000 rows of DP table...
2022-01-04 01:09:39,642 - root - DEBUG - Processing 810-th line out of 5000 rows of DP table...
2022-01-04 01:09:41,300 - root - DEBUG - Processing 820-th line out of 5000 rows of DP table...
2022-01-04 01:09:42,949 - root - DEBUG - Processing 830-th line out of 5000 rows of DP table...
2022-01-04 01:09:44,599 - root - DEBUG - Processing 840-th line out of 5000 rows of DP table...
2022-01-04 01:09:46,243 - root - DEBUG - Processing 850-th line out of 5000 rows of DP table...
2022-01-04 01:09:47,898 - root - DEBUG - Processing 860-th line out of 5000 rows of DP table...
2022-01-04 01:09:49,530 - root - DEBUG - Processing 870-th line out of 5000 rows of DP table...
2022-01-04 01:09:51,142 - root - DEBUG - Processing 880-th line out of 5000 rows of DP table...
2022-01-04 01:09:52,784 - root - DEBUG - Processing 890-th line out of 5000 rows of DP table...
2022-01-04 01:09:54,414 - root - DEBUG - Processing 900-th line out of 5000 rows of DP table...
2022-01-04 01:09:56,022 - root - DEBUG - Processing 910-th line out of 5000 rows of DP table...
2022-01-04 01:09:57,635 - root - DEBUG - Processing 920-th line out of 5000 rows of DP table...
2022-01-04 01:09:59,251 - root - DEBUG - Processing 930-th line out of 5000 rows of DP table...
2022-01-04 01:10:00,859 - root - DEBUG - Processing 940-th line out of 5000 rows of DP table...
2022-01-04 01:10:02,463 - root - DEBUG - Processing 950-th line out of 5000 rows of DP table...
2022-01-04 01:10:04,090 - root - DEBUG - Processing 960-th line out of 5000 rows of DP table...
2022-01-04 01:10:05,686 - root - DEBUG - Processing 970-th line out of 5000 rows of DP table...
2022-01-04 01:10:07,271 - root - DEBUG - Processing 980-th line out of 5000 rows of DP table...
2022-01-04 01:10:08,893 - root - DEBUG - Processing 990-th line out of 5000 rows of DP table...
2022-01-04 01:10:10,473 - root - DEBUG - Processing 1000-th line out of 5000 rows of DP table...
2022-01-04 01:10:12,077 - root - DEBUG - Processing 1010-th line out of 5000 rows of DP table...
2022-01-04 01:10:13,691 - root - DEBUG - Processing 1020-th line out of 5000 rows of DP table...
2022-01-04 01:10:15,268 - root - DEBUG - Processing 1030-th line out of 5000 rows of DP table...
2022-01-04 01:10:16,832 - root - DEBUG - Processing 1040-th line out of 5000 rows of DP table...
2022-01-04 01:10:18,392 - root - DEBUG - Processing 1050-th line out of 5000 rows of DP table...
2022-01-04 01:10:19,952 - root - DEBUG - Processing 1060-th line out of 5000 rows of DP table...
2022-01-04 01:10:21,504 - root - DEBUG - Processing 1070-th line out of 5000 rows of DP table...
2022-01-04 01:10:23,086 - root - DEBUG - Processing 1080-th line out of 5000 rows of DP table...
2022-01-04 01:10:24,638 - root - DEBUG - Processing 1090-th line out of 5000 rows of DP table...
2022-01-04 01:10:26,183 - root - DEBUG - Processing 1100-th line out of 5000 rows of DP table...
2022-01-04 01:10:27,727 - root - DEBUG - Processing 1110-th line out of 5000 rows of DP table...
2022-01-04 01:10:29,267 - root - DEBUG - Processing 1120-th line out of 5000 rows of DP table...
2022-01-04 01:10:30,799 - root - DEBUG - Processing 1130-th line out of 5000 rows of DP table...
2022-01-04 01:10:32,329 - root - DEBUG - Processing 1140-th line out of 5000 rows of DP table...
2022-01-04 01:10:33,850 - root - DEBUG - Processing 1150-th line out of 5000 rows of DP table...
2022-01-04 01:10:35,389 - root - DEBUG - Processing 1160-th line out of 5000 rows of DP table...
2022-01-04 01:10:36,906 - root - DEBUG - Processing 1170-th line out of 5000 rows of DP table...
2022-01-04 01:10:38,424 - root - DEBUG - Processing 1180-th line out of 5000 rows of DP table...
2022-01-04 01:10:39,947 - root - DEBUG - Processing 1190-th line out of 5000 rows of DP table...
2022-01-04 01:10:41,447 - root - DEBUG - Processing 1200-th line out of 5000 rows of DP table...
2022-01-04 01:10:42,964 - root - DEBUG - Processing 1210-th line out of 5000 rows of DP table...
2022-01-04 01:10:44,480 - root - DEBUG - Processing 1220-th line out of 5000 rows of DP table...
2022-01-04 01:10:46,101 - root - DEBUG - Processing 1230-th line out of 5000 rows of DP table...
2022-01-04 01:10:47,787 - root - DEBUG - Processing 1240-th line out of 5000 rows of DP table...
2022-01-04 01:10:49,293 - root - DEBUG - Processing 1250-th line out of 5000 rows of DP table...
2022-01-04 01:10:50,777 - root - DEBUG - Processing 1260-th line out of 5000 rows of DP table...
2022-01-04 01:10:52,255 - root - DEBUG - Processing 1270-th line out of 5000 rows of DP table...
2022-01-04 01:10:53,741 - root - DEBUG - Processing 1280-th line out of 5000 rows of DP table...
2022-01-04 01:10:55,309 - root - DEBUG - Processing 1290-th line out of 5000 rows of DP table...
2022-01-04 01:10:56,775 - root - DEBUG - Processing 1300-th line out of 5000 rows of DP table...
2022-01-04 01:10:58,274 - root - DEBUG - Processing 1310-th line out of 5000 rows of DP table...
2022-01-04 01:10:59,725 - root - DEBUG - Processing 1320-th line out of 5000 rows of DP table...
2022-01-04 01:11:01,184 - root - DEBUG - Processing 1330-th line out of 5000 rows of DP table...
2022-01-04 01:11:02,629 - root - DEBUG - Processing 1340-th line out of 5000 rows of DP table...
2022-01-04 01:11:04,077 - root - DEBUG - Processing 1350-th line out of 5000 rows of DP table...
2022-01-04 01:11:05,516 - root - DEBUG - Processing 1360-th line out of 5000 rows of DP table...
2022-01-04 01:11:06,953 - root - DEBUG - Processing 1370-th line out of 5000 rows of DP table...
2022-01-04 01:11:08,387 - root - DEBUG - Processing 1380-th line out of 5000 rows of DP table...
2022-01-04 01:11:09,822 - root - DEBUG - Processing 1390-th line out of 5000 rows of DP table...
2022-01-04 01:11:11,256 - root - DEBUG - Processing 1400-th line out of 5000 rows of DP table...
2022-01-04 01:11:12,679 - root - DEBUG - Processing 1410-th line out of 5000 rows of DP table...
2022-01-04 01:11:14,101 - root - DEBUG - Processing 1420-th line out of 5000 rows of DP table...
2022-01-04 01:11:15,516 - root - DEBUG - Processing 1430-th line out of 5000 rows of DP table...
2022-01-04 01:11:16,930 - root - DEBUG - Processing 1440-th line out of 5000 rows of DP table...
2022-01-04 01:11:18,336 - root - DEBUG - Processing 1450-th line out of 5000 rows of DP table...
2022-01-04 01:11:19,895 - root - DEBUG - Processing 1460-th line out of 5000 rows of DP table...
2022-01-04 01:11:21,431 - root - DEBUG - Processing 1470-th line out of 5000 rows of DP table...
2022-01-04 01:11:22,820 - root - DEBUG - Processing 1480-th line out of 5000 rows of DP table...
2022-01-04 01:11:24,595 - root - DEBUG - Processing 1490-th line out of 5000 rows of DP table...
2022-01-04 01:11:25,979 - root - DEBUG - Processing 1500-th line out of 5000 rows of DP table...
2022-01-04 01:11:27,363 - root - DEBUG - Processing 1510-th line out of 5000 rows of DP table...
2022-01-04 01:11:28,751 - root - DEBUG - Processing 1520-th line out of 5000 rows of DP table...
2022-01-04 01:11:30,153 - root - DEBUG - Processing 1530-th line out of 5000 rows of DP table...
2022-01-04 01:11:31,528 - root - DEBUG - Processing 1540-th line out of 5000 rows of DP table...
2022-01-04 01:11:32,890 - root - DEBUG - Processing 1550-th line out of 5000 rows of DP table...
2022-01-04 01:11:34,265 - root - DEBUG - Processing 1560-th line out of 5000 rows of DP table...
2022-01-04 01:11:35,628 - root - DEBUG - Processing 1570-th line out of 5000 rows of DP table...
2022-01-04 01:11:36,989 - root - DEBUG - Processing 1580-th line out of 5000 rows of DP table...
2022-01-04 01:11:38,342 - root - DEBUG - Processing 1590-th line out of 5000 rows of DP table...
2022-01-04 01:11:39,695 - root - DEBUG - Processing 1600-th line out of 5000 rows of DP table...
2022-01-04 01:11:41,045 - root - DEBUG - Processing 1610-th line out of 5000 rows of DP table...
2022-01-04 01:11:42,387 - root - DEBUG - Processing 1620-th line out of 5000 rows of DP table...
2022-01-04 01:11:43,744 - root - DEBUG - Processing 1630-th line out of 5000 rows of DP table...
2022-01-04 01:11:45,083 - root - DEBUG - Processing 1640-th line out of 5000 rows of DP table...
2022-01-04 01:11:46,411 - root - DEBUG - Processing 1650-th line out of 5000 rows of DP table...
2022-01-04 01:11:47,737 - root - DEBUG - Processing 1660-th line out of 5000 rows of DP table...
2022-01-04 01:11:49,072 - root - DEBUG - Processing 1670-th line out of 5000 rows of DP table...
2022-01-04 01:11:50,411 - root - DEBUG - Processing 1680-th line out of 5000 rows of DP table...
2022-01-04 01:11:51,739 - root - DEBUG - Processing 1690-th line out of 5000 rows of DP table...
2022-01-04 01:11:53,051 - root - DEBUG - Processing 1700-th line out of 5000 rows of DP table...
2022-01-04 01:11:54,357 - root - DEBUG - Processing 1710-th line out of 5000 rows of DP table...
2022-01-04 01:11:55,968 - root - DEBUG - Processing 1720-th line out of 5000 rows of DP table...
2022-01-04 01:11:57,506 - root - DEBUG - Processing 1730-th line out of 5000 rows of DP table...
2022-01-04 01:11:58,908 - root - DEBUG - Processing 1740-th line out of 5000 rows of DP table...
2022-01-04 01:12:00,339 - root - DEBUG - Processing 1750-th line out of 5000 rows of DP table...
2022-01-04 01:12:01,646 - root - DEBUG - Processing 1760-th line out of 5000 rows of DP table...
2022-01-04 01:12:02,930 - root - DEBUG - Processing 1770-th line out of 5000 rows of DP table...
2022-01-04 01:12:04,209 - root - DEBUG - Processing 1780-th line out of 5000 rows of DP table...
2022-01-04 01:12:05,490 - root - DEBUG - Processing 1790-th line out of 5000 rows of DP table...
2022-01-04 01:12:06,804 - root - DEBUG - Processing 1800-th line out of 5000 rows of DP table...
2022-01-04 01:12:08,074 - root - DEBUG - Processing 1810-th line out of 5000 rows of DP table...
2022-01-04 01:12:09,337 - root - DEBUG - Processing 1820-th line out of 5000 rows of DP table...
2022-01-04 01:12:10,638 - root - DEBUG - Processing 1830-th line out of 5000 rows of DP table...
2022-01-04 01:12:11,893 - root - DEBUG - Processing 1840-th line out of 5000 rows of DP table...
2022-01-04 01:12:13,147 - root - DEBUG - Processing 1850-th line out of 5000 rows of DP table...
2022-01-04 01:12:14,514 - root - DEBUG - Processing 1860-th line out of 5000 rows of DP table...
2022-01-04 01:12:15,782 - root - DEBUG - Processing 1870-th line out of 5000 rows of DP table...
2022-01-04 01:12:17,031 - root - DEBUG - Processing 1880-th line out of 5000 rows of DP table...
2022-01-04 01:12:18,269 - root - DEBUG - Processing 1890-th line out of 5000 rows of DP table...
2022-01-04 01:12:19,493 - root - DEBUG - Processing 1900-th line out of 5000 rows of DP table...
2022-01-04 01:12:20,765 - root - DEBUG - Processing 1910-th line out of 5000 rows of DP table...
2022-01-04 01:12:22,018 - root - DEBUG - Processing 1920-th line out of 5000 rows of DP table...
2022-01-04 01:12:23,238 - root - DEBUG - Processing 1930-th line out of 5000 rows of DP table...
2022-01-04 01:12:24,480 - root - DEBUG - Processing 1940-th line out of 5000 rows of DP table...
2022-01-04 01:12:25,677 - root - DEBUG - Processing 1950-th line out of 5000 rows of DP table...
2022-01-04 01:12:27,790 - root - DEBUG - Processing 1960-th line out of 5000 rows of DP table...
2022-01-04 01:12:28,997 - root - DEBUG - Processing 1970-th line out of 5000 rows of DP table...
2022-01-04 01:12:30,200 - root - DEBUG - Processing 1980-th line out of 5000 rows of DP table...
2022-01-04 01:12:31,406 - root - DEBUG - Processing 1990-th line out of 5000 rows of DP table...
2022-01-04 01:12:32,602 - root - DEBUG - Processing 2000-th line out of 5000 rows of DP table...
2022-01-04 01:12:33,792 - root - DEBUG - Processing 2010-th line out of 5000 rows of DP table...
2022-01-04 01:12:34,981 - root - DEBUG - Processing 2020-th line out of 5000 rows of DP table...
2022-01-04 01:12:36,158 - root - DEBUG - Processing 2030-th line out of 5000 rows of DP table...
2022-01-04 01:12:37,333 - root - DEBUG - Processing 2040-th line out of 5000 rows of DP table...
2022-01-04 01:12:38,509 - root - DEBUG - Processing 2050-th line out of 5000 rows of DP table...
2022-01-04 01:12:39,718 - root - DEBUG - Processing 2060-th line out of 5000 rows of DP table...
2022-01-04 01:12:40,887 - root - DEBUG - Processing 2070-th line out of 5000 rows of DP table...
2022-01-04 01:12:42,065 - root - DEBUG - Processing 2080-th line out of 5000 rows of DP table...
2022-01-04 01:12:43,240 - root - DEBUG - Processing 2090-th line out of 5000 rows of DP table...
2022-01-04 01:12:44,394 - root - DEBUG - Processing 2100-th line out of 5000 rows of DP table...
2022-01-04 01:12:45,566 - root - DEBUG - Processing 2110-th line out of 5000 rows of DP table...
2022-01-04 01:12:46,728 - root - DEBUG - Processing 2120-th line out of 5000 rows of DP table...
2022-01-04 01:12:48,770 - root - DEBUG - Processing 2130-th line out of 5000 rows of DP table...
2022-01-04 01:12:49,927 - root - DEBUG - Processing 2140-th line out of 5000 rows of DP table...
2022-01-04 01:12:51,071 - root - DEBUG - Processing 2150-th line out of 5000 rows of DP table...
2022-01-04 01:12:52,218 - root - DEBUG - Processing 2160-th line out of 5000 rows of DP table...
2022-01-04 01:12:53,411 - root - DEBUG - Processing 2170-th line out of 5000 rows of DP table...
2022-01-04 01:12:54,536 - root - DEBUG - Processing 2180-th line out of 5000 rows of DP table...
2022-01-04 01:12:55,654 - root - DEBUG - Processing 2190-th line out of 5000 rows of DP table...
2022-01-04 01:12:56,815 - root - DEBUG - Processing 2200-th line out of 5000 rows of DP table...
2022-01-04 01:12:57,963 - root - DEBUG - Processing 2210-th line out of 5000 rows of DP table...
2022-01-04 01:12:59,071 - root - DEBUG - Processing 2220-th line out of 5000 rows of DP table...
2022-01-04 01:13:00,207 - root - DEBUG - Processing 2230-th line out of 5000 rows of DP table...
2022-01-04 01:13:01,333 - root - DEBUG - Processing 2240-th line out of 5000 rows of DP table...
2022-01-04 01:13:02,446 - root - DEBUG - Processing 2250-th line out of 5000 rows of DP table...
2022-01-04 01:13:03,541 - root - DEBUG - Processing 2260-th line out of 5000 rows of DP table...
2022-01-04 01:13:04,631 - root - DEBUG - Processing 2270-th line out of 5000 rows of DP table...
2022-01-04 01:13:05,736 - root - DEBUG - Processing 2280-th line out of 5000 rows of DP table...
2022-01-04 01:13:06,816 - root - DEBUG - Processing 2290-th line out of 5000 rows of DP table...
2022-01-04 01:13:07,895 - root - DEBUG - Processing 2300-th line out of 5000 rows of DP table...
2022-01-04 01:13:08,970 - root - DEBUG - Processing 2310-th line out of 5000 rows of DP table...
2022-01-04 01:13:10,083 - root - DEBUG - Processing 2320-th line out of 5000 rows of DP table...
2022-01-04 01:13:11,152 - root - DEBUG - Processing 2330-th line out of 5000 rows of DP table...
2022-01-04 01:13:12,216 - root - DEBUG - Processing 2340-th line out of 5000 rows of DP table...
2022-01-04 01:13:13,283 - root - DEBUG - Processing 2350-th line out of 5000 rows of DP table...
2022-01-04 01:13:14,339 - root - DEBUG - Processing 2360-th line out of 5000 rows of DP table...
2022-01-04 01:13:15,409 - root - DEBUG - Processing 2370-th line out of 5000 rows of DP table...
2022-01-04 01:13:16,459 - root - DEBUG - Processing 2380-th line out of 5000 rows of DP table...
2022-01-04 01:13:17,519 - root - DEBUG - Processing 2390-th line out of 5000 rows of DP table...
2022-01-04 01:13:18,560 - root - DEBUG - Processing 2400-th line out of 5000 rows of DP table...
2022-01-04 01:13:19,590 - root - DEBUG - Processing 2410-th line out of 5000 rows of DP table...
2022-01-04 01:13:20,707 - root - DEBUG - Processing 2420-th line out of 5000 rows of DP table...
2022-01-04 01:13:22,036 - root - DEBUG - Processing 2430-th line out of 5000 rows of DP table...
2022-01-04 01:13:23,056 - root - DEBUG - Processing 2440-th line out of 5000 rows of DP table...
2022-01-04 01:13:24,078 - root - DEBUG - Processing 2450-th line out of 5000 rows of DP table...
2022-01-04 01:13:25,081 - root - DEBUG - Processing 2460-th line out of 5000 rows of DP table...
2022-01-04 01:13:26,091 - root - DEBUG - Processing 2470-th line out of 5000 rows of DP table...
2022-01-04 01:13:27,116 - root - DEBUG - Processing 2480-th line out of 5000 rows of DP table...
2022-01-04 01:13:28,144 - root - DEBUG - Processing 2490-th line out of 5000 rows of DP table...
2022-01-04 01:13:29,162 - root - DEBUG - Processing 2500-th line out of 5000 rows of DP table...
2022-01-04 01:13:30,160 - root - DEBUG - Processing 2510-th line out of 5000 rows of DP table...
2022-01-04 01:13:31,151 - root - DEBUG - Processing 2520-th line out of 5000 rows of DP table...
2022-01-04 01:13:32,173 - root - DEBUG - Processing 2530-th line out of 5000 rows of DP table...
2022-01-04 01:13:33,158 - root - DEBUG - Processing 2540-th line out of 5000 rows of DP table...
2022-01-04 01:13:34,140 - root - DEBUG - Processing 2550-th line out of 5000 rows of DP table...
2022-01-04 01:13:35,118 - root - DEBUG - Processing 2560-th line out of 5000 rows of DP table...
2022-01-04 01:13:36,071 - root - DEBUG - Processing 2570-th line out of 5000 rows of DP table...
2022-01-04 01:13:37,682 - root - DEBUG - Processing 2580-th line out of 5000 rows of DP table...
2022-01-04 01:13:38,672 - root - DEBUG - Processing 2590-th line out of 5000 rows of DP table...
2022-01-04 01:13:39,634 - root - DEBUG - Processing 2600-th line out of 5000 rows of DP table...
2022-01-04 01:13:40,600 - root - DEBUG - Processing 2610-th line out of 5000 rows of DP table...
2022-01-04 01:13:41,555 - root - DEBUG - Processing 2620-th line out of 5000 rows of DP table...
2022-01-04 01:13:42,503 - root - DEBUG - Processing 2630-th line out of 5000 rows of DP table...
2022-01-04 01:13:43,451 - root - DEBUG - Processing 2640-th line out of 5000 rows of DP table...
2022-01-04 01:13:44,397 - root - DEBUG - Processing 2650-th line out of 5000 rows of DP table...
2022-01-04 01:13:45,340 - root - DEBUG - Processing 2660-th line out of 5000 rows of DP table...
2022-01-04 01:13:46,274 - root - DEBUG - Processing 2670-th line out of 5000 rows of DP table...
2022-01-04 01:13:47,222 - root - DEBUG - Processing 2680-th line out of 5000 rows of DP table...
2022-01-04 01:13:48,152 - root - DEBUG - Processing 2690-th line out of 5000 rows of DP table...
2022-01-04 01:13:49,076 - root - DEBUG - Processing 2700-th line out of 5000 rows of DP table...
2022-01-04 01:13:49,994 - root - DEBUG - Processing 2710-th line out of 5000 rows of DP table...
2022-01-04 01:13:50,908 - root - DEBUG - Processing 2720-th line out of 5000 rows of DP table...
2022-01-04 01:13:51,821 - root - DEBUG - Processing 2730-th line out of 5000 rows of DP table...
2022-01-04 01:13:52,729 - root - DEBUG - Processing 2740-th line out of 5000 rows of DP table...
2022-01-04 01:13:53,633 - root - DEBUG - Processing 2750-th line out of 5000 rows of DP table...
2022-01-04 01:13:54,533 - root - DEBUG - Processing 2760-th line out of 5000 rows of DP table...
2022-01-04 01:13:55,427 - root - DEBUG - Processing 2770-th line out of 5000 rows of DP table...
2022-01-04 01:13:56,321 - root - DEBUG - Processing 2780-th line out of 5000 rows of DP table...
2022-01-04 01:13:57,211 - root - DEBUG - Processing 2790-th line out of 5000 rows of DP table...
2022-01-04 01:13:58,095 - root - DEBUG - Processing 2800-th line out of 5000 rows of DP table...
2022-01-04 01:13:58,976 - root - DEBUG - Processing 2810-th line out of 5000 rows of DP table...
2022-01-04 01:13:59,852 - root - DEBUG - Processing 2820-th line out of 5000 rows of DP table...
2022-01-04 01:14:00,723 - root - DEBUG - Processing 2830-th line out of 5000 rows of DP table...
2022-01-04 01:14:01,593 - root - DEBUG - Processing 2840-th line out of 5000 rows of DP table...
2022-01-04 01:14:02,608 - root - DEBUG - Processing 2850-th line out of 5000 rows of DP table...
2022-01-04 01:14:03,572 - root - DEBUG - Processing 2860-th line out of 5000 rows of DP table...
2022-01-04 01:14:05,369 - root - DEBUG - Processing 2870-th line out of 5000 rows of DP table...
2022-01-04 01:14:06,223 - root - DEBUG - Processing 2880-th line out of 5000 rows of DP table...
2022-01-04 01:14:07,071 - root - DEBUG - Processing 2890-th line out of 5000 rows of DP table...
2022-01-04 01:14:07,918 - root - DEBUG - Processing 2900-th line out of 5000 rows of DP table...
2022-01-04 01:14:08,779 - root - DEBUG - Processing 2910-th line out of 5000 rows of DP table...
2022-01-04 01:14:09,613 - root - DEBUG - Processing 2920-th line out of 5000 rows of DP table...
2022-01-04 01:14:10,447 - root - DEBUG - Processing 2930-th line out of 5000 rows of DP table...
2022-01-04 01:14:11,283 - root - DEBUG - Processing 2940-th line out of 5000 rows of DP table...
2022-01-04 01:14:12,107 - root - DEBUG - Processing 2950-th line out of 5000 rows of DP table...
2022-01-04 01:14:12,952 - root - DEBUG - Processing 2960-th line out of 5000 rows of DP table...
2022-01-04 01:14:13,772 - root - DEBUG - Processing 2970-th line out of 5000 rows of DP table...
2022-01-04 01:14:14,586 - root - DEBUG - Processing 2980-th line out of 5000 rows of DP table...
2022-01-04 01:14:15,398 - root - DEBUG - Processing 2990-th line out of 5000 rows of DP table...
2022-01-04 01:14:16,206 - root - DEBUG - Processing 3000-th line out of 5000 rows of DP table...
2022-01-04 01:14:17,009 - root - DEBUG - Processing 3010-th line out of 5000 rows of DP table...
2022-01-04 01:14:17,808 - root - DEBUG - Processing 3020-th line out of 5000 rows of DP table...
2022-01-04 01:14:18,600 - root - DEBUG - Processing 3030-th line out of 5000 rows of DP table...
2022-01-04 01:14:19,392 - root - DEBUG - Processing 3040-th line out of 5000 rows of DP table...
2022-01-04 01:14:20,180 - root - DEBUG - Processing 3050-th line out of 5000 rows of DP table...
2022-01-04 01:14:20,963 - root - DEBUG - Processing 3060-th line out of 5000 rows of DP table...
2022-01-04 01:14:21,744 - root - DEBUG - Processing 3070-th line out of 5000 rows of DP table...
2022-01-04 01:14:22,535 - root - DEBUG - Processing 3080-th line out of 5000 rows of DP table...
2022-01-04 01:14:23,307 - root - DEBUG - Processing 3090-th line out of 5000 rows of DP table...
2022-01-04 01:14:24,075 - root - DEBUG - Processing 3100-th line out of 5000 rows of DP table...
2022-01-04 01:14:24,827 - root - DEBUG - Processing 3110-th line out of 5000 rows of DP table...
2022-01-04 01:14:27,003 - root - DEBUG - Processing 3120-th line out of 5000 rows of DP table...
2022-01-04 01:14:28,569 - root - DEBUG - Processing 3130-th line out of 5000 rows of DP table...
2022-01-04 01:14:29,371 - root - DEBUG - Processing 3140-th line out of 5000 rows of DP table...
2022-01-04 01:14:30,117 - root - DEBUG - Processing 3150-th line out of 5000 rows of DP table...
2022-01-04 01:14:30,861 - root - DEBUG - Processing 3160-th line out of 5000 rows of DP table...
2022-01-04 01:14:31,597 - root - DEBUG - Processing 3170-th line out of 5000 rows of DP table...
2022-01-04 01:14:32,335 - root - DEBUG - Processing 3180-th line out of 5000 rows of DP table...
2022-01-04 01:14:33,089 - root - DEBUG - Processing 3190-th line out of 5000 rows of DP table...
2022-01-04 01:14:33,832 - root - DEBUG - Processing 3200-th line out of 5000 rows of DP table...
2022-01-04 01:14:34,557 - root - DEBUG - Processing 3210-th line out of 5000 rows of DP table...
2022-01-04 01:14:35,281 - root - DEBUG - Processing 3220-th line out of 5000 rows of DP table...
2022-01-04 01:14:35,998 - root - DEBUG - Processing 3230-th line out of 5000 rows of DP table...
2022-01-04 01:14:36,711 - root - DEBUG - Processing 3240-th line out of 5000 rows of DP table...
2022-01-04 01:14:37,419 - root - DEBUG - Processing 3250-th line out of 5000 rows of DP table...
2022-01-04 01:14:38,122 - root - DEBUG - Processing 3260-th line out of 5000 rows of DP table...
2022-01-04 01:14:38,822 - root - DEBUG - Processing 3270-th line out of 5000 rows of DP table...
2022-01-04 01:14:39,519 - root - DEBUG - Processing 3280-th line out of 5000 rows of DP table...
2022-01-04 01:14:40,214 - root - DEBUG - Processing 3290-th line out of 5000 rows of DP table...
2022-01-04 01:14:40,903 - root - DEBUG - Processing 3300-th line out of 5000 rows of DP table...
2022-01-04 01:14:41,587 - root - DEBUG - Processing 3310-th line out of 5000 rows of DP table...
2022-01-04 01:14:42,272 - root - DEBUG - Processing 3320-th line out of 5000 rows of DP table...
2022-01-04 01:14:42,970 - root - DEBUG - Processing 3330-th line out of 5000 rows of DP table...
2022-01-04 01:14:43,645 - root - DEBUG - Processing 3340-th line out of 5000 rows of DP table...
2022-01-04 01:14:44,411 - root - DEBUG - Processing 3350-th line out of 5000 rows of DP table...
2022-01-04 01:14:45,079 - root - DEBUG - Processing 3360-th line out of 5000 rows of DP table...
2022-01-04 01:14:45,740 - root - DEBUG - Processing 3370-th line out of 5000 rows of DP table...
2022-01-04 01:14:46,398 - root - DEBUG - Processing 3380-th line out of 5000 rows of DP table...
2022-01-04 01:14:47,054 - root - DEBUG - Processing 3390-th line out of 5000 rows of DP table...
2022-01-04 01:14:47,704 - root - DEBUG - Processing 3400-th line out of 5000 rows of DP table...
2022-01-04 01:14:48,352 - root - DEBUG - Processing 3410-th line out of 5000 rows of DP table...
2022-01-04 01:14:48,996 - root - DEBUG - Processing 3420-th line out of 5000 rows of DP table...
2022-01-04 01:14:49,636 - root - DEBUG - Processing 3430-th line out of 5000 rows of DP table...
2022-01-04 01:14:50,273 - root - DEBUG - Processing 3440-th line out of 5000 rows of DP table...
2022-01-04 01:14:50,906 - root - DEBUG - Processing 3450-th line out of 5000 rows of DP table...
2022-01-04 01:14:51,534 - root - DEBUG - Processing 3460-th line out of 5000 rows of DP table...
2022-01-04 01:14:52,158 - root - DEBUG - Processing 3470-th line out of 5000 rows of DP table...
2022-01-04 01:14:52,779 - root - DEBUG - Processing 3480-th line out of 5000 rows of DP table...
2022-01-04 01:14:53,396 - root - DEBUG - Processing 3490-th line out of 5000 rows of DP table...
2022-01-04 01:14:54,007 - root - DEBUG - Processing 3500-th line out of 5000 rows of DP table...
2022-01-04 01:14:54,617 - root - DEBUG - Processing 3510-th line out of 5000 rows of DP table...
2022-01-04 01:14:55,341 - root - DEBUG - Processing 3520-th line out of 5000 rows of DP table...
2022-01-04 01:14:55,942 - root - DEBUG - Processing 3530-th line out of 5000 rows of DP table...
2022-01-04 01:14:56,697 - root - DEBUG - Processing 3540-th line out of 5000 rows of DP table...
2022-01-04 01:14:57,288 - root - DEBUG - Processing 3550-th line out of 5000 rows of DP table...
2022-01-04 01:14:58,508 - root - DEBUG - Processing 3560-th line out of 5000 rows of DP table...
2022-01-04 01:14:59,229 - root - DEBUG - Processing 3570-th line out of 5000 rows of DP table...
2022-01-04 01:14:59,939 - root - DEBUG - Processing 3580-th line out of 5000 rows of DP table...
2022-01-04 01:15:00,774 - root - DEBUG - Processing 3590-th line out of 5000 rows of DP table...
2022-01-04 01:15:01,672 - root - DEBUG - Processing 3600-th line out of 5000 rows of DP table...
2022-01-04 01:15:02,242 - root - DEBUG - Processing 3610-th line out of 5000 rows of DP table...
2022-01-04 01:15:02,808 - root - DEBUG - Processing 3620-th line out of 5000 rows of DP table...
2022-01-04 01:15:03,365 - root - DEBUG - Processing 3630-th line out of 5000 rows of DP table...
2022-01-04 01:15:03,924 - root - DEBUG - Processing 3640-th line out of 5000 rows of DP table...
2022-01-04 01:15:04,478 - root - DEBUG - Processing 3650-th line out of 5000 rows of DP table...
2022-01-04 01:15:05,027 - root - DEBUG - Processing 3660-th line out of 5000 rows of DP table...
2022-01-04 01:15:05,574 - root - DEBUG - Processing 3670-th line out of 5000 rows of DP table...
2022-01-04 01:15:06,117 - root - DEBUG - Processing 3680-th line out of 5000 rows of DP table...
2022-01-04 01:15:06,655 - root - DEBUG - Processing 3690-th line out of 5000 rows of DP table...
2022-01-04 01:15:07,189 - root - DEBUG - Processing 3700-th line out of 5000 rows of DP table...
2022-01-04 01:15:07,721 - root - DEBUG - Processing 3710-th line out of 5000 rows of DP table...
2022-01-04 01:15:08,249 - root - DEBUG - Processing 3720-th line out of 5000 rows of DP table...
2022-01-04 01:15:08,770 - root - DEBUG - Processing 3730-th line out of 5000 rows of DP table...
2022-01-04 01:15:09,290 - root - DEBUG - Processing 3740-th line out of 5000 rows of DP table...
2022-01-04 01:15:09,807 - root - DEBUG - Processing 3750-th line out of 5000 rows of DP table...
2022-01-04 01:15:10,318 - root - DEBUG - Processing 3760-th line out of 5000 rows of DP table...
2022-01-04 01:15:10,824 - root - DEBUG - Processing 3770-th line out of 5000 rows of DP table...
2022-01-04 01:15:11,328 - root - DEBUG - Processing 3780-th line out of 5000 rows of DP table...
2022-01-04 01:15:11,828 - root - DEBUG - Processing 3790-th line out of 5000 rows of DP table...
2022-01-04 01:15:12,325 - root - DEBUG - Processing 3800-th line out of 5000 rows of DP table...
2022-01-04 01:15:12,817 - root - DEBUG - Processing 3810-th line out of 5000 rows of DP table...
2022-01-04 01:15:13,306 - root - DEBUG - Processing 3820-th line out of 5000 rows of DP table...
2022-01-04 01:15:13,791 - root - DEBUG - Processing 3830-th line out of 5000 rows of DP table...
2022-01-04 01:15:14,271 - root - DEBUG - Processing 3840-th line out of 5000 rows of DP table...
2022-01-04 01:15:14,749 - root - DEBUG - Processing 3850-th line out of 5000 rows of DP table...
2022-01-04 01:15:15,222 - root - DEBUG - Processing 3860-th line out of 5000 rows of DP table...
2022-01-04 01:15:15,692 - root - DEBUG - Processing 3870-th line out of 5000 rows of DP table...
2022-01-04 01:15:16,158 - root - DEBUG - Processing 3880-th line out of 5000 rows of DP table...
2022-01-04 01:15:16,618 - root - DEBUG - Processing 3890-th line out of 5000 rows of DP table...
2022-01-04 01:15:17,076 - root - DEBUG - Processing 3900-th line out of 5000 rows of DP table...
2022-01-04 01:15:17,529 - root - DEBUG - Processing 3910-th line out of 5000 rows of DP table...
2022-01-04 01:15:17,974 - root - DEBUG - Processing 3920-th line out of 5000 rows of DP table...
2022-01-04 01:15:18,421 - root - DEBUG - Processing 3930-th line out of 5000 rows of DP table...
2022-01-04 01:15:18,862 - root - DEBUG - Processing 3940-th line out of 5000 rows of DP table...
2022-01-04 01:15:19,299 - root - DEBUG - Processing 3950-th line out of 5000 rows of DP table...
2022-01-04 01:15:19,733 - root - DEBUG - Processing 3960-th line out of 5000 rows of DP table...
2022-01-04 01:15:20,164 - root - DEBUG - Processing 3970-th line out of 5000 rows of DP table...
2022-01-04 01:15:20,588 - root - DEBUG - Processing 3980-th line out of 5000 rows of DP table...
2022-01-04 01:15:21,010 - root - DEBUG - Processing 3990-th line out of 5000 rows of DP table...
2022-01-04 01:15:21,428 - root - DEBUG - Processing 4000-th line out of 5000 rows of DP table...
2022-01-04 01:15:21,844 - root - DEBUG - Processing 4010-th line out of 5000 rows of DP table...
2022-01-04 01:15:22,254 - root - DEBUG - Processing 4020-th line out of 5000 rows of DP table...
2022-01-04 01:15:22,659 - root - DEBUG - Processing 4030-th line out of 5000 rows of DP table...
2022-01-04 01:15:23,063 - root - DEBUG - Processing 4040-th line out of 5000 rows of DP table...
2022-01-04 01:15:23,462 - root - DEBUG - Processing 4050-th line out of 5000 rows of DP table...
2022-01-04 01:15:23,856 - root - DEBUG - Processing 4060-th line out of 5000 rows of DP table...
2022-01-04 01:15:24,247 - root - DEBUG - Processing 4070-th line out of 5000 rows of DP table...
2022-01-04 01:15:24,632 - root - DEBUG - Processing 4080-th line out of 5000 rows of DP table...
2022-01-04 01:15:25,015 - root - DEBUG - Processing 4090-th line out of 5000 rows of DP table...
2022-01-04 01:15:25,396 - root - DEBUG - Processing 4100-th line out of 5000 rows of DP table...
2022-01-04 01:15:25,771 - root - DEBUG - Processing 4110-th line out of 5000 rows of DP table...
2022-01-04 01:15:26,144 - root - DEBUG - Processing 4120-th line out of 5000 rows of DP table...
2022-01-04 01:15:26,513 - root - DEBUG - Processing 4130-th line out of 5000 rows of DP table...
2022-01-04 01:15:26,874 - root - DEBUG - Processing 4140-th line out of 5000 rows of DP table...
2022-01-04 01:15:27,286 - root - DEBUG - Processing 4150-th line out of 5000 rows of DP table...
2022-01-04 01:15:27,642 - root - DEBUG - Processing 4160-th line out of 5000 rows of DP table...
2022-01-04 01:15:27,995 - root - DEBUG - Processing 4170-th line out of 5000 rows of DP table...
2022-01-04 01:15:28,343 - root - DEBUG - Processing 4180-th line out of 5000 rows of DP table...
2022-01-04 01:15:28,686 - root - DEBUG - Processing 4190-th line out of 5000 rows of DP table...
2022-01-04 01:15:29,027 - root - DEBUG - Processing 4200-th line out of 5000 rows of DP table...
2022-01-04 01:15:29,364 - root - DEBUG - Processing 4210-th line out of 5000 rows of DP table...
2022-01-04 01:15:29,696 - root - DEBUG - Processing 4220-th line out of 5000 rows of DP table...
2022-01-04 01:15:30,024 - root - DEBUG - Processing 4230-th line out of 5000 rows of DP table...
2022-01-04 01:15:30,349 - root - DEBUG - Processing 4240-th line out of 5000 rows of DP table...
2022-01-04 01:15:30,670 - root - DEBUG - Processing 4250-th line out of 5000 rows of DP table...
2022-01-04 01:15:30,983 - root - DEBUG - Processing 4260-th line out of 5000 rows of DP table...
2022-01-04 01:15:31,361 - root - DEBUG - Processing 4270-th line out of 5000 rows of DP table...
2022-01-04 01:15:31,660 - root - DEBUG - Processing 4280-th line out of 5000 rows of DP table...
2022-01-04 01:15:32,276 - root - DEBUG - Processing 4290-th line out of 5000 rows of DP table...
2022-01-04 01:15:33,290 - root - DEBUG - Processing 4300-th line out of 5000 rows of DP table...
2022-01-04 01:15:34,036 - root - DEBUG - Processing 4310-th line out of 5000 rows of DP table...
2022-01-04 01:15:34,538 - root - DEBUG - Processing 4320-th line out of 5000 rows of DP table...
2022-01-04 01:15:35,032 - root - DEBUG - Processing 4330-th line out of 5000 rows of DP table...
2022-01-04 01:15:35,422 - root - DEBUG - Processing 4340-th line out of 5000 rows of DP table...
2022-01-04 01:15:35,696 - root - DEBUG - Processing 4350-th line out of 5000 rows of DP table...
2022-01-04 01:15:35,968 - root - DEBUG - Processing 4360-th line out of 5000 rows of DP table...
2022-01-04 01:15:36,233 - root - DEBUG - Processing 4370-th line out of 5000 rows of DP table...
2022-01-04 01:15:36,489 - root - DEBUG - Processing 4380-th line out of 5000 rows of DP table...
2022-01-04 01:15:36,739 - root - DEBUG - Processing 4390-th line out of 5000 rows of DP table...
2022-01-04 01:15:37,008 - root - DEBUG - Processing 4400-th line out of 5000 rows of DP table...
2022-01-04 01:15:37,253 - root - DEBUG - Processing 4410-th line out of 5000 rows of DP table...
2022-01-04 01:15:37,515 - root - DEBUG - Processing 4420-th line out of 5000 rows of DP table...
2022-01-04 01:15:37,753 - root - DEBUG - Processing 4430-th line out of 5000 rows of DP table...
2022-01-04 01:15:37,986 - root - DEBUG - Processing 4440-th line out of 5000 rows of DP table...
2022-01-04 01:15:38,214 - root - DEBUG - Processing 4450-th line out of 5000 rows of DP table...
2022-01-04 01:15:38,441 - root - DEBUG - Processing 4460-th line out of 5000 rows of DP table...
2022-01-04 01:15:38,663 - root - DEBUG - Processing 4470-th line out of 5000 rows of DP table...
2022-01-04 01:15:38,921 - root - DEBUG - Processing 4480-th line out of 5000 rows of DP table...
2022-01-04 01:15:39,175 - root - DEBUG - Processing 4490-th line out of 5000 rows of DP table...
2022-01-04 01:15:39,386 - root - DEBUG - Processing 4500-th line out of 5000 rows of DP table...
2022-01-04 01:15:39,597 - root - DEBUG - Processing 4510-th line out of 5000 rows of DP table...
2022-01-04 01:15:39,802 - root - DEBUG - Processing 4520-th line out of 5000 rows of DP table...
2022-01-04 01:15:40,003 - root - DEBUG - Processing 4530-th line out of 5000 rows of DP table...
2022-01-04 01:15:40,199 - root - DEBUG - Processing 4540-th line out of 5000 rows of DP table...
2022-01-04 01:15:40,392 - root - DEBUG - Processing 4550-th line out of 5000 rows of DP table...
2022-01-04 01:15:40,592 - root - DEBUG - Processing 4560-th line out of 5000 rows of DP table...
2022-01-04 01:15:40,778 - root - DEBUG - Processing 4570-th line out of 5000 rows of DP table...
2022-01-04 01:15:40,970 - root - DEBUG - Processing 4580-th line out of 5000 rows of DP table...
2022-01-04 01:15:41,149 - root - DEBUG - Processing 4590-th line out of 5000 rows of DP table...
2022-01-04 01:15:41,326 - root - DEBUG - Processing 4600-th line out of 5000 rows of DP table...
2022-01-04 01:15:41,497 - root - DEBUG - Processing 4610-th line out of 5000 rows of DP table...
2022-01-04 01:15:41,665 - root - DEBUG - Processing 4620-th line out of 5000 rows of DP table...
2022-01-04 01:15:41,829 - root - DEBUG - Processing 4630-th line out of 5000 rows of DP table...
2022-01-04 01:15:41,990 - root - DEBUG - Processing 4640-th line out of 5000 rows of DP table...
2022-01-04 01:15:42,147 - root - DEBUG - Processing 4650-th line out of 5000 rows of DP table...
2022-01-04 01:15:42,320 - root - DEBUG - Processing 4660-th line out of 5000 rows of DP table...
2022-01-04 01:15:42,469 - root - DEBUG - Processing 4670-th line out of 5000 rows of DP table...
2022-01-04 01:15:42,634 - root - DEBUG - Processing 4680-th line out of 5000 rows of DP table...
2022-01-04 01:15:42,778 - root - DEBUG - Processing 4690-th line out of 5000 rows of DP table...
2022-01-04 01:15:42,918 - root - DEBUG - Processing 4700-th line out of 5000 rows of DP table...
2022-01-04 01:15:43,054 - root - DEBUG - Processing 4710-th line out of 5000 rows of DP table...
2022-01-04 01:15:43,185 - root - DEBUG - Processing 4720-th line out of 5000 rows of DP table...
2022-01-04 01:15:43,313 - root - DEBUG - Processing 4730-th line out of 5000 rows of DP table...
2022-01-04 01:15:43,436 - root - DEBUG - Processing 4740-th line out of 5000 rows of DP table...
2022-01-04 01:15:43,557 - root - DEBUG - Processing 4750-th line out of 5000 rows of DP table...
2022-01-04 01:15:43,674 - root - DEBUG - Processing 4760-th line out of 5000 rows of DP table...
2022-01-04 01:15:43,808 - root - DEBUG - Processing 4770-th line out of 5000 rows of DP table...
2022-01-04 01:15:43,919 - root - DEBUG - Processing 4780-th line out of 5000 rows of DP table...
2022-01-04 01:15:44,025 - root - DEBUG - Processing 4790-th line out of 5000 rows of DP table...
2022-01-04 01:15:44,140 - root - DEBUG - Processing 4800-th line out of 5000 rows of DP table...
2022-01-04 01:15:44,239 - root - DEBUG - Processing 4810-th line out of 5000 rows of DP table...
2022-01-04 01:15:44,333 - root - DEBUG - Processing 4820-th line out of 5000 rows of DP table...
2022-01-04 01:15:44,426 - root - DEBUG - Processing 4830-th line out of 5000 rows of DP table...
2022-01-04 01:15:44,513 - root - DEBUG - Processing 4840-th line out of 5000 rows of DP table...
2022-01-04 01:15:44,597 - root - DEBUG - Processing 4850-th line out of 5000 rows of DP table...
2022-01-04 01:15:44,678 - root - DEBUG - Processing 4860-th line out of 5000 rows of DP table...
2022-01-04 01:15:44,755 - root - DEBUG - Processing 4870-th line out of 5000 rows of DP table...
2022-01-04 01:15:44,828 - root - DEBUG - Processing 4880-th line out of 5000 rows of DP table...
2022-01-04 01:15:44,897 - root - DEBUG - Processing 4890-th line out of 5000 rows of DP table...
2022-01-04 01:15:44,963 - root - DEBUG - Processing 4900-th line out of 5000 rows of DP table...
2022-01-04 01:15:45,025 - root - DEBUG - Processing 4910-th line out of 5000 rows of DP table...
2022-01-04 01:15:45,083 - root - DEBUG - Processing 4920-th line out of 5000 rows of DP table...
2022-01-04 01:15:45,138 - root - DEBUG - Processing 4930-th line out of 5000 rows of DP table...
2022-01-04 01:15:45,190 - root - DEBUG - Processing 4940-th line out of 5000 rows of DP table...
2022-01-04 01:15:45,237 - root - DEBUG - Processing 4950-th line out of 5000 rows of DP table...
2022-01-04 01:15:45,280 - root - DEBUG - Processing 4960-th line out of 5000 rows of DP table...
2022-01-04 01:15:45,346 - root - DEBUG - Processing 4970-th line out of 5000 rows of DP table...
2022-01-04 01:15:45,383 - root - DEBUG - Processing 4980-th line out of 5000 rows of DP table...
2022-01-04 01:15:45,417 - root - DEBUG - Processing 4990-th line out of 5000 rows of DP table...
2022-01-04 01:15:45,447 - root - DEBUG - Processing 5000-th line out of 5000 rows of DP table...
2022-01-04 01:15:45,480 - root - DEBUG - Started computing joint logprobs...
