2022-01-04 01:07:14,450 - root - INFO - Loading reference interval set from '211221-1-sim-data-time/g11_0.ref.tsv'...
2022-01-04 01:07:14,457 - root - INFO - Loading query interval set from '211221-1-sim-data-time/g11_0.query.tsv'...
2022-01-04 01:07:14,460 - root - INFO - Loading chromosome sizes from '211221-1-sim-data-time/g11_sizes.tsv'...
2022-01-04 01:07:14,464 - root - INFO - Number of reference intervals: 5000 (5000 before merging)
2022-01-04 01:07:14,465 - root - INFO - Number of query intervals: 50 (50 before merging)
2022-01-04 01:07:14,531 - root - INFO - Number of chromosomes: 1
2022-01-04 01:07:14,545 - root - INFO - Overlap count: 1026
2022-01-04 01:07:14,547 - root - DEBUG - Started computing sf for chromosome 'chr1'...
2022-01-04 01:07:14,549 - root - DEBUG - m=5000, n=50
2022-01-04 01:07:16,357 - root - DEBUG - Processing 10-th line out of 5000 rows of DP table...
2022-01-04 01:07:18,268 - root - DEBUG - Processing 20-th line out of 5000 rows of DP table...
2022-01-04 01:07:20,164 - root - DEBUG - Processing 30-th line out of 5000 rows of DP table...
2022-01-04 01:07:22,070 - root - DEBUG - Processing 40-th line out of 5000 rows of DP table...
2022-01-04 01:07:23,972 - root - DEBUG - Processing 50-th line out of 5000 rows of DP table...
2022-01-04 01:07:25,907 - root - DEBUG - Processing 60-th line out of 5000 rows of DP table...
2022-01-04 01:07:27,811 - root - DEBUG - Processing 70-th line out of 5000 rows of DP table...
2022-01-04 01:07:29,700 - root - DEBUG - Processing 80-th line out of 5000 rows of DP table...
2022-01-04 01:07:31,632 - root - DEBUG - Processing 90-th line out of 5000 rows of DP table...
2022-01-04 01:07:33,506 - root - DEBUG - Processing 100-th line out of 5000 rows of DP table...
2022-01-04 01:07:35,703 - root - DEBUG - Processing 110-th line out of 5000 rows of DP table...
2022-01-04 01:07:37,595 - root - DEBUG - Processing 120-th line out of 5000 rows of DP table...
2022-01-04 01:07:39,452 - root - DEBUG - Processing 130-th line out of 5000 rows of DP table...
2022-01-04 01:07:41,337 - root - DEBUG - Processing 140-th line out of 5000 rows of DP table...
2022-01-04 01:07:43,209 - root - DEBUG - Processing 150-th line out of 5000 rows of DP table...
2022-01-04 01:07:45,092 - root - DEBUG - Processing 160-th line out of 5000 rows of DP table...
2022-01-04 01:07:46,976 - root - DEBUG - Processing 170-th line out of 5000 rows of DP table...
2022-01-04 01:07:48,833 - root - DEBUG - Processing 180-th line out of 5000 rows of DP table...
2022-01-04 01:07:50,704 - root - DEBUG - Processing 190-th line out of 5000 rows of DP table...
2022-01-04 01:07:52,550 - root - DEBUG - Processing 200-th line out of 5000 rows of DP table...
2022-01-04 01:07:54,383 - root - DEBUG - Processing 210-th line out of 5000 rows of DP table...
2022-01-04 01:07:56,213 - root - DEBUG - Processing 220-th line out of 5000 rows of DP table...
2022-01-04 01:07:58,054 - root - DEBUG - Processing 230-th line out of 5000 rows of DP table...
2022-01-04 01:07:59,875 - root - DEBUG - Processing 240-th line out of 5000 rows of DP table...
2022-01-04 01:08:01,766 - root - DEBUG - Processing 250-th line out of 5000 rows of DP table...
2022-01-04 01:08:03,587 - root - DEBUG - Processing 260-th line out of 5000 rows of DP table...
2022-01-04 01:08:05,433 - root - DEBUG - Processing 270-th line out of 5000 rows of DP table...
2022-01-04 01:08:07,273 - root - DEBUG - Processing 280-th line out of 5000 rows of DP table...
2022-01-04 01:08:09,086 - root - DEBUG - Processing 290-th line out of 5000 rows of DP table...
2022-01-04 01:08:11,451 - root - DEBUG - Processing 300-th line out of 5000 rows of DP table...
2022-01-04 01:08:13,259 - root - DEBUG - Processing 310-th line out of 5000 rows of DP table...
2022-01-04 01:08:15,053 - root - DEBUG - Processing 320-th line out of 5000 rows of DP table...
2022-01-04 01:08:16,842 - root - DEBUG - Processing 330-th line out of 5000 rows of DP table...
2022-01-04 01:08:18,634 - root - DEBUG - Processing 340-th line out of 5000 rows of DP table...
2022-01-04 01:08:20,412 - root - DEBUG - Processing 350-th line out of 5000 rows of DP table...
2022-01-04 01:08:22,190 - root - DEBUG - Processing 360-th line out of 5000 rows of DP table...
2022-01-04 01:08:23,962 - root - DEBUG - Processing 370-th line out of 5000 rows of DP table...
2022-01-04 01:08:25,728 - root - DEBUG - Processing 380-th line out of 5000 rows of DP table...
2022-01-04 01:08:27,527 - root - DEBUG - Processing 390-th line out of 5000 rows of DP table...
2022-01-04 01:08:29,296 - root - DEBUG - Processing 400-th line out of 5000 rows of DP table...
2022-01-04 01:08:31,054 - root - DEBUG - Processing 410-th line out of 5000 rows of DP table...
2022-01-04 01:08:32,809 - root - DEBUG - Processing 420-th line out of 5000 rows of DP table...
2022-01-04 01:08:34,574 - root - DEBUG - Processing 430-th line out of 5000 rows of DP table...
2022-01-04 01:08:36,330 - root - DEBUG - Processing 440-th line out of 5000 rows of DP table...
2022-01-04 01:08:38,078 - root - DEBUG - Processing 450-th line out of 5000 rows of DP table...
2022-01-04 01:08:39,833 - root - DEBUG - Processing 460-th line out of 5000 rows of DP table...
2022-01-04 01:08:41,574 - root - DEBUG - Processing 470-th line out of 5000 rows of DP table...
2022-01-04 01:08:43,305 - root - DEBUG - Processing 480-th line out of 5000 rows of DP table...
2022-01-04 01:08:45,039 - root - DEBUG - Processing 490-th line out of 5000 rows of DP table...
2022-01-04 01:08:46,759 - root - DEBUG - Processing 500-th line out of 5000 rows of DP table...
2022-01-04 01:08:48,491 - root - DEBUG - Processing 510-th line out of 5000 rows of DP table...
2022-01-04 01:08:50,219 - root - DEBUG - Processing 520-th line out of 5000 rows of DP table...
2022-01-04 01:08:51,930 - root - DEBUG - Processing 530-th line out of 5000 rows of DP table...
2022-01-04 01:08:53,651 - root - DEBUG - Processing 540-th line out of 5000 rows of DP table...
2022-01-04 01:08:55,357 - root - DEBUG - Processing 550-th line out of 5000 rows of DP table...
2022-01-04 01:08:57,083 - root - DEBUG - Processing 560-th line out of 5000 rows of DP table...
2022-01-04 01:08:58,789 - root - DEBUG - Processing 570-th line out of 5000 rows of DP table...
2022-01-04 01:09:00,488 - root - DEBUG - Processing 580-th line out of 5000 rows of DP table...
2022-01-04 01:09:02,188 - root - DEBUG - Processing 590-th line out of 5000 rows of DP table...
2022-01-04 01:09:03,892 - root - DEBUG - Processing 600-th line out of 5000 rows of DP table...
2022-01-04 01:09:05,588 - root - DEBUG - Processing 610-th line out of 5000 rows of DP table...
2022-01-04 01:09:07,264 - root - DEBUG - Processing 620-th line out of 5000 rows of DP table...
2022-01-04 01:09:08,941 - root - DEBUG - Processing 630-th line out of 5000 rows of DP table...
2022-01-04 01:09:10,607 - root - DEBUG - Processing 640-th line out of 5000 rows of DP table...
2022-01-04 01:09:12,285 - root - DEBUG - Processing 650-th line out of 5000 rows of DP table...
2022-01-04 01:09:13,950 - root - DEBUG - Processing 660-th line out of 5000 rows of DP table...
2022-01-04 01:09:15,608 - root - DEBUG - Processing 670-th line out of 5000 rows of DP table...
2022-01-04 01:09:17,275 - root - DEBUG - Processing 680-th line out of 5000 rows of DP table...
2022-01-04 01:09:18,933 - root - DEBUG - Processing 690-th line out of 5000 rows of DP table...
2022-01-04 01:09:20,596 - root - DEBUG - Processing 700-th line out of 5000 rows of DP table...
2022-01-04 01:09:22,240 - root - DEBUG - Processing 710-th line out of 5000 rows of DP table...
2022-01-04 01:09:23,874 - root - DEBUG - Processing 720-th line out of 5000 rows of DP table...
2022-01-04 01:09:25,522 - root - DEBUG - Processing 730-th line out of 5000 rows of DP table...
2022-01-04 01:09:27,167 - root - DEBUG - Processing 740-th line out of 5000 rows of DP table...
2022-01-04 01:09:28,832 - root - DEBUG - Processing 750-th line out of 5000 rows of DP table...
2022-01-04 01:09:30,466 - root - DEBUG - Processing 760-th line out of 5000 rows of DP table...
2022-01-04 01:09:32,090 - root - DEBUG - Processing 770-th line out of 5000 rows of DP table...
2022-01-04 01:09:33,728 - root - DEBUG - Processing 780-th line out of 5000 rows of DP table...
2022-01-04 01:09:35,345 - root - DEBUG - Processing 790-th line out of 5000 rows of DP table...
2022-01-04 01:09:37,018 - root - DEBUG - Processing 800-th line out of 5000 rows of DP table...
2022-01-04 01:09:38,637 - root - DEBUG - Processing 810-th line out of 5000 rows of DP table...
2022-01-04 01:09:40,246 - root - DEBUG - Processing 820-th line out of 5000 rows of DP table...
2022-01-04 01:09:41,848 - root - DEBUG - Processing 830-th line out of 5000 rows of DP table...
2022-01-04 01:09:43,484 - root - DEBUG - Processing 840-th line out of 5000 rows of DP table...
2022-01-04 01:09:45,093 - root - DEBUG - Processing 850-th line out of 5000 rows of DP table...
2022-01-04 01:09:46,695 - root - DEBUG - Processing 860-th line out of 5000 rows of DP table...
2022-01-04 01:09:48,282 - root - DEBUG - Processing 870-th line out of 5000 rows of DP table...
2022-01-04 01:09:49,878 - root - DEBUG - Processing 880-th line out of 5000 rows of DP table...
2022-01-04 01:09:51,482 - root - DEBUG - Processing 890-th line out of 5000 rows of DP table...
2022-01-04 01:09:53,072 - root - DEBUG - Processing 900-th line out of 5000 rows of DP table...
2022-01-04 01:09:54,658 - root - DEBUG - Processing 910-th line out of 5000 rows of DP table...
2022-01-04 01:09:56,228 - root - DEBUG - Processing 920-th line out of 5000 rows of DP table...
2022-01-04 01:09:57,791 - root - DEBUG - Processing 930-th line out of 5000 rows of DP table...
2022-01-04 01:09:59,367 - root - DEBUG - Processing 940-th line out of 5000 rows of DP table...
2022-01-04 01:10:00,919 - root - DEBUG - Processing 950-th line out of 5000 rows of DP table...
2022-01-04 01:10:02,468 - root - DEBUG - Processing 960-th line out of 5000 rows of DP table...
2022-01-04 01:10:04,035 - root - DEBUG - Processing 970-th line out of 5000 rows of DP table...
2022-01-04 01:10:05,581 - root - DEBUG - Processing 980-th line out of 5000 rows of DP table...
2022-01-04 01:10:07,128 - root - DEBUG - Processing 990-th line out of 5000 rows of DP table...
2022-01-04 01:10:08,671 - root - DEBUG - Processing 1000-th line out of 5000 rows of DP table...
2022-01-04 01:10:10,195 - root - DEBUG - Processing 1010-th line out of 5000 rows of DP table...
2022-01-04 01:10:11,747 - root - DEBUG - Processing 1020-th line out of 5000 rows of DP table...
2022-01-04 01:10:13,276 - root - DEBUG - Processing 1030-th line out of 5000 rows of DP table...
2022-01-04 01:10:14,951 - root - DEBUG - Processing 1040-th line out of 5000 rows of DP table...
2022-01-04 01:10:16,487 - root - DEBUG - Processing 1050-th line out of 5000 rows of DP table...
2022-01-04 01:10:18,002 - root - DEBUG - Processing 1060-th line out of 5000 rows of DP table...
2022-01-04 01:10:19,516 - root - DEBUG - Processing 1070-th line out of 5000 rows of DP table...
2022-01-04 01:10:21,031 - root - DEBUG - Processing 1080-th line out of 5000 rows of DP table...
2022-01-04 01:10:22,549 - root - DEBUG - Processing 1090-th line out of 5000 rows of DP table...
2022-01-04 01:10:24,047 - root - DEBUG - Processing 1100-th line out of 5000 rows of DP table...
2022-01-04 01:10:25,549 - root - DEBUG - Processing 1110-th line out of 5000 rows of DP table...
2022-01-04 01:10:27,067 - root - DEBUG - Processing 1120-th line out of 5000 rows of DP table...
2022-01-04 01:10:28,559 - root - DEBUG - Processing 1130-th line out of 5000 rows of DP table...
2022-01-04 01:10:30,046 - root - DEBUG - Processing 1140-th line out of 5000 rows of DP table...
2022-01-04 01:10:31,530 - root - DEBUG - Processing 1150-th line out of 5000 rows of DP table...
2022-01-04 01:10:33,100 - root - DEBUG - Processing 1160-th line out of 5000 rows of DP table...
2022-01-04 01:10:34,585 - root - DEBUG - Processing 1170-th line out of 5000 rows of DP table...
2022-01-04 01:10:36,050 - root - DEBUG - Processing 1180-th line out of 5000 rows of DP table...
2022-01-04 01:10:37,548 - root - DEBUG - Processing 1190-th line out of 5000 rows of DP table...
2022-01-04 01:10:39,012 - root - DEBUG - Processing 1200-th line out of 5000 rows of DP table...
2022-01-04 01:10:40,469 - root - DEBUG - Processing 1210-th line out of 5000 rows of DP table...
2022-01-04 01:10:41,925 - root - DEBUG - Processing 1220-th line out of 5000 rows of DP table...
2022-01-04 01:10:43,396 - root - DEBUG - Processing 1230-th line out of 5000 rows of DP table...
2022-01-04 01:10:44,891 - root - DEBUG - Processing 1240-th line out of 5000 rows of DP table...
2022-01-04 01:10:46,334 - root - DEBUG - Processing 1250-th line out of 5000 rows of DP table...
2022-01-04 01:10:48,269 - root - DEBUG - Processing 1260-th line out of 5000 rows of DP table...
2022-01-04 01:10:49,701 - root - DEBUG - Processing 1270-th line out of 5000 rows of DP table...
2022-01-04 01:10:51,125 - root - DEBUG - Processing 1280-th line out of 5000 rows of DP table...
2022-01-04 01:10:52,573 - root - DEBUG - Processing 1290-th line out of 5000 rows of DP table...
2022-01-04 01:10:53,995 - root - DEBUG - Processing 1300-th line out of 5000 rows of DP table...
2022-01-04 01:10:55,468 - root - DEBUG - Processing 1310-th line out of 5000 rows of DP table...
2022-01-04 01:10:56,888 - root - DEBUG - Processing 1320-th line out of 5000 rows of DP table...
2022-01-04 01:10:58,322 - root - DEBUG - Processing 1330-th line out of 5000 rows of DP table...
2022-01-04 01:10:59,751 - root - DEBUG - Processing 1340-th line out of 5000 rows of DP table...
2022-01-04 01:11:01,185 - root - DEBUG - Processing 1350-th line out of 5000 rows of DP table...
2022-01-04 01:11:02,597 - root - DEBUG - Processing 1360-th line out of 5000 rows of DP table...
2022-01-04 01:11:04,037 - root - DEBUG - Processing 1370-th line out of 5000 rows of DP table...
2022-01-04 01:11:05,432 - root - DEBUG - Processing 1380-th line out of 5000 rows of DP table...
2022-01-04 01:11:06,817 - root - DEBUG - Processing 1390-th line out of 5000 rows of DP table...
2022-01-04 01:11:08,210 - root - DEBUG - Processing 1400-th line out of 5000 rows of DP table...
2022-01-04 01:11:09,596 - root - DEBUG - Processing 1410-th line out of 5000 rows of DP table...
2022-01-04 01:11:10,974 - root - DEBUG - Processing 1420-th line out of 5000 rows of DP table...
2022-01-04 01:11:12,360 - root - DEBUG - Processing 1430-th line out of 5000 rows of DP table...
2022-01-04 01:11:13,750 - root - DEBUG - Processing 1440-th line out of 5000 rows of DP table...
2022-01-04 01:11:15,173 - root - DEBUG - Processing 1450-th line out of 5000 rows of DP table...
2022-01-04 01:11:16,540 - root - DEBUG - Processing 1460-th line out of 5000 rows of DP table...
2022-01-04 01:11:17,898 - root - DEBUG - Processing 1470-th line out of 5000 rows of DP table...
2022-01-04 01:11:19,491 - root - DEBUG - Processing 1480-th line out of 5000 rows of DP table...
2022-01-04 01:11:21,273 - root - DEBUG - Processing 1490-th line out of 5000 rows of DP table...
2022-01-04 01:11:22,632 - root - DEBUG - Processing 1500-th line out of 5000 rows of DP table...
2022-01-04 01:11:24,363 - root - DEBUG - Processing 1510-th line out of 5000 rows of DP table...
2022-01-04 01:11:25,712 - root - DEBUG - Processing 1520-th line out of 5000 rows of DP table...
2022-01-04 01:11:27,061 - root - DEBUG - Processing 1530-th line out of 5000 rows of DP table...
2022-01-04 01:11:28,399 - root - DEBUG - Processing 1540-th line out of 5000 rows of DP table...
2022-01-04 01:11:29,733 - root - DEBUG - Processing 1550-th line out of 5000 rows of DP table...
2022-01-04 01:11:31,059 - root - DEBUG - Processing 1560-th line out of 5000 rows of DP table...
2022-01-04 01:11:32,393 - root - DEBUG - Processing 1570-th line out of 5000 rows of DP table...
2022-01-04 01:11:33,781 - root - DEBUG - Processing 1580-th line out of 5000 rows of DP table...
2022-01-04 01:11:35,091 - root - DEBUG - Processing 1590-th line out of 5000 rows of DP table...
2022-01-04 01:11:36,401 - root - DEBUG - Processing 1600-th line out of 5000 rows of DP table...
2022-01-04 01:11:37,717 - root - DEBUG - Processing 1610-th line out of 5000 rows of DP table...
2022-01-04 01:11:39,039 - root - DEBUG - Processing 1620-th line out of 5000 rows of DP table...
2022-01-04 01:11:40,340 - root - DEBUG - Processing 1630-th line out of 5000 rows of DP table...
2022-01-04 01:11:41,659 - root - DEBUG - Processing 1640-th line out of 5000 rows of DP table...
2022-01-04 01:11:42,957 - root - DEBUG - Processing 1650-th line out of 5000 rows of DP table...
2022-01-04 01:11:44,247 - root - DEBUG - Processing 1660-th line out of 5000 rows of DP table...
2022-01-04 01:11:45,541 - root - DEBUG - Processing 1670-th line out of 5000 rows of DP table...
2022-01-04 01:11:46,817 - root - DEBUG - Processing 1680-th line out of 5000 rows of DP table...
2022-01-04 01:11:48,100 - root - DEBUG - Processing 1690-th line out of 5000 rows of DP table...
2022-01-04 01:11:49,411 - root - DEBUG - Processing 1700-th line out of 5000 rows of DP table...
2022-01-04 01:11:50,679 - root - DEBUG - Processing 1710-th line out of 5000 rows of DP table...
2022-01-04 01:11:51,944 - root - DEBUG - Processing 1720-th line out of 5000 rows of DP table...
2022-01-04 01:11:53,217 - root - DEBUG - Processing 1730-th line out of 5000 rows of DP table...
2022-01-04 01:11:54,464 - root - DEBUG - Processing 1740-th line out of 5000 rows of DP table...
2022-01-04 01:11:55,991 - root - DEBUG - Processing 1750-th line out of 5000 rows of DP table...
2022-01-04 01:11:57,460 - root - DEBUG - Processing 1760-th line out of 5000 rows of DP table...
2022-01-04 01:11:58,826 - root - DEBUG - Processing 1770-th line out of 5000 rows of DP table...
2022-01-04 01:12:00,253 - root - DEBUG - Processing 1780-th line out of 5000 rows of DP table...
2022-01-04 01:12:01,490 - root - DEBUG - Processing 1790-th line out of 5000 rows of DP table...
2022-01-04 01:12:02,722 - root - DEBUG - Processing 1800-th line out of 5000 rows of DP table...
2022-01-04 01:12:03,954 - root - DEBUG - Processing 1810-th line out of 5000 rows of DP table...
2022-01-04 01:12:05,192 - root - DEBUG - Processing 1820-th line out of 5000 rows of DP table...
2022-01-04 01:12:06,418 - root - DEBUG - Processing 1830-th line out of 5000 rows of DP table...
2022-01-04 01:12:07,648 - root - DEBUG - Processing 1840-th line out of 5000 rows of DP table...
2022-01-04 01:12:08,907 - root - DEBUG - Processing 1850-th line out of 5000 rows of DP table...
2022-01-04 01:12:10,113 - root - DEBUG - Processing 1860-th line out of 5000 rows of DP table...
2022-01-04 01:12:11,322 - root - DEBUG - Processing 1870-th line out of 5000 rows of DP table...
2022-01-04 01:12:12,526 - root - DEBUG - Processing 1880-th line out of 5000 rows of DP table...
2022-01-04 01:12:13,724 - root - DEBUG - Processing 1890-th line out of 5000 rows of DP table...
2022-01-04 01:12:14,963 - root - DEBUG - Processing 1900-th line out of 5000 rows of DP table...
2022-01-04 01:12:16,161 - root - DEBUG - Processing 1910-th line out of 5000 rows of DP table...
2022-01-04 01:12:17,361 - root - DEBUG - Processing 1920-th line out of 5000 rows of DP table...
2022-01-04 01:12:18,543 - root - DEBUG - Processing 1930-th line out of 5000 rows of DP table...
2022-01-04 01:12:19,712 - root - DEBUG - Processing 1940-th line out of 5000 rows of DP table...
2022-01-04 01:12:20,895 - root - DEBUG - Processing 1950-th line out of 5000 rows of DP table...
2022-01-04 01:12:22,112 - root - DEBUG - Processing 1960-th line out of 5000 rows of DP table...
2022-01-04 01:12:23,278 - root - DEBUG - Processing 1970-th line out of 5000 rows of DP table...
2022-01-04 01:12:24,446 - root - DEBUG - Processing 1980-th line out of 5000 rows of DP table...
2022-01-04 01:12:25,581 - root - DEBUG - Processing 1990-th line out of 5000 rows of DP table...
2022-01-04 01:12:26,956 - root - DEBUG - Processing 2000-th line out of 5000 rows of DP table...
2022-01-04 01:12:28,262 - root - DEBUG - Processing 2010-th line out of 5000 rows of DP table...
2022-01-04 01:12:29,428 - root - DEBUG - Processing 2020-th line out of 5000 rows of DP table...
2022-01-04 01:12:30,586 - root - DEBUG - Processing 2030-th line out of 5000 rows of DP table...
2022-01-04 01:12:31,735 - root - DEBUG - Processing 2040-th line out of 5000 rows of DP table...
2022-01-04 01:12:32,882 - root - DEBUG - Processing 2050-th line out of 5000 rows of DP table...
2022-01-04 01:12:34,018 - root - DEBUG - Processing 2060-th line out of 5000 rows of DP table...
2022-01-04 01:12:35,178 - root - DEBUG - Processing 2070-th line out of 5000 rows of DP table...
2022-01-04 01:12:36,385 - root - DEBUG - Processing 2080-th line out of 5000 rows of DP table...
2022-01-04 01:12:37,519 - root - DEBUG - Processing 2090-th line out of 5000 rows of DP table...
2022-01-04 01:12:38,652 - root - DEBUG - Processing 2100-th line out of 5000 rows of DP table...
2022-01-04 01:12:39,769 - root - DEBUG - Processing 2110-th line out of 5000 rows of DP table...
2022-01-04 01:12:40,892 - root - DEBUG - Processing 2120-th line out of 5000 rows of DP table...
2022-01-04 01:12:42,010 - root - DEBUG - Processing 2130-th line out of 5000 rows of DP table...
2022-01-04 01:12:43,115 - root - DEBUG - Processing 2140-th line out of 5000 rows of DP table...
2022-01-04 01:12:44,225 - root - DEBUG - Processing 2150-th line out of 5000 rows of DP table...
2022-01-04 01:12:45,329 - root - DEBUG - Processing 2160-th line out of 5000 rows of DP table...
2022-01-04 01:12:46,426 - root - DEBUG - Processing 2170-th line out of 5000 rows of DP table...
2022-01-04 01:12:47,468 - root - DEBUG - Processing 2180-th line out of 5000 rows of DP table...
2022-01-04 01:12:49,501 - root - DEBUG - Processing 2190-th line out of 5000 rows of DP table...
2022-01-04 01:12:50,672 - root - DEBUG - Processing 2200-th line out of 5000 rows of DP table...
2022-01-04 01:12:51,751 - root - DEBUG - Processing 2210-th line out of 5000 rows of DP table...
2022-01-04 01:12:52,827 - root - DEBUG - Processing 2220-th line out of 5000 rows of DP table...
2022-01-04 01:12:53,906 - root - DEBUG - Processing 2230-th line out of 5000 rows of DP table...
2022-01-04 01:12:54,976 - root - DEBUG - Processing 2240-th line out of 5000 rows of DP table...
2022-01-04 01:12:56,037 - root - DEBUG - Processing 2250-th line out of 5000 rows of DP table...
2022-01-04 01:12:57,106 - root - DEBUG - Processing 2260-th line out of 5000 rows of DP table...
2022-01-04 01:12:58,175 - root - DEBUG - Processing 2270-th line out of 5000 rows of DP table...
2022-01-04 01:12:59,237 - root - DEBUG - Processing 2280-th line out of 5000 rows of DP table...
2022-01-04 01:13:00,293 - root - DEBUG - Processing 2290-th line out of 5000 rows of DP table...
2022-01-04 01:13:01,338 - root - DEBUG - Processing 2300-th line out of 5000 rows of DP table...
2022-01-04 01:13:02,399 - root - DEBUG - Processing 2310-th line out of 5000 rows of DP table...
2022-01-04 01:13:03,440 - root - DEBUG - Processing 2320-th line out of 5000 rows of DP table...
2022-01-04 01:13:04,488 - root - DEBUG - Processing 2330-th line out of 5000 rows of DP table...
2022-01-04 01:13:05,516 - root - DEBUG - Processing 2340-th line out of 5000 rows of DP table...
2022-01-04 01:13:06,545 - root - DEBUG - Processing 2350-th line out of 5000 rows of DP table...
2022-01-04 01:13:07,601 - root - DEBUG - Processing 2360-th line out of 5000 rows of DP table...
2022-01-04 01:13:08,622 - root - DEBUG - Processing 2370-th line out of 5000 rows of DP table...
2022-01-04 01:13:09,641 - root - DEBUG - Processing 2380-th line out of 5000 rows of DP table...
2022-01-04 01:13:10,655 - root - DEBUG - Processing 2390-th line out of 5000 rows of DP table...
2022-01-04 01:13:11,665 - root - DEBUG - Processing 2400-th line out of 5000 rows of DP table...
2022-01-04 01:13:12,699 - root - DEBUG - Processing 2410-th line out of 5000 rows of DP table...
2022-01-04 01:13:13,721 - root - DEBUG - Processing 2420-th line out of 5000 rows of DP table...
2022-01-04 01:13:14,724 - root - DEBUG - Processing 2430-th line out of 5000 rows of DP table...
2022-01-04 01:13:15,721 - root - DEBUG - Processing 2440-th line out of 5000 rows of DP table...
2022-01-04 01:13:16,718 - root - DEBUG - Processing 2450-th line out of 5000 rows of DP table...
2022-01-04 01:13:17,718 - root - DEBUG - Processing 2460-th line out of 5000 rows of DP table...
2022-01-04 01:13:18,716 - root - DEBUG - Processing 2470-th line out of 5000 rows of DP table...
2022-01-04 01:13:19,695 - root - DEBUG - Processing 2480-th line out of 5000 rows of DP table...
2022-01-04 01:13:20,820 - root - DEBUG - Processing 2490-th line out of 5000 rows of DP table...
2022-01-04 01:13:21,947 - root - DEBUG - Processing 2500-th line out of 5000 rows of DP table...
2022-01-04 01:13:22,939 - root - DEBUG - Processing 2510-th line out of 5000 rows of DP table...
2022-01-04 01:13:23,920 - root - DEBUG - Processing 2520-th line out of 5000 rows of DP table...
2022-01-04 01:13:24,889 - root - DEBUG - Processing 2530-th line out of 5000 rows of DP table...
2022-01-04 01:13:25,859 - root - DEBUG - Processing 2540-th line out of 5000 rows of DP table...
2022-01-04 01:13:26,811 - root - DEBUG - Processing 2550-th line out of 5000 rows of DP table...
2022-01-04 01:13:27,757 - root - DEBUG - Processing 2560-th line out of 5000 rows of DP table...
2022-01-04 01:13:28,707 - root - DEBUG - Processing 2570-th line out of 5000 rows of DP table...
2022-01-04 01:13:29,655 - root - DEBUG - Processing 2580-th line out of 5000 rows of DP table...
2022-01-04 01:13:30,593 - root - DEBUG - Processing 2590-th line out of 5000 rows of DP table...
2022-01-04 01:13:31,539 - root - DEBUG - Processing 2600-th line out of 5000 rows of DP table...
2022-01-04 01:13:32,472 - root - DEBUG - Processing 2610-th line out of 5000 rows of DP table...
2022-01-04 01:13:33,399 - root - DEBUG - Processing 2620-th line out of 5000 rows of DP table...
2022-01-04 01:13:34,328 - root - DEBUG - Processing 2630-th line out of 5000 rows of DP table...
2022-01-04 01:13:35,250 - root - DEBUG - Processing 2640-th line out of 5000 rows of DP table...
2022-01-04 01:13:36,140 - root - DEBUG - Processing 2650-th line out of 5000 rows of DP table...
2022-01-04 01:13:37,405 - root - DEBUG - Processing 2660-th line out of 5000 rows of DP table...
2022-01-04 01:13:38,308 - root - DEBUG - Processing 2670-th line out of 5000 rows of DP table...
2022-01-04 01:13:39,209 - root - DEBUG - Processing 2680-th line out of 5000 rows of DP table...
2022-01-04 01:13:40,110 - root - DEBUG - Processing 2690-th line out of 5000 rows of DP table...
2022-01-04 01:13:41,008 - root - DEBUG - Processing 2700-th line out of 5000 rows of DP table...
2022-01-04 01:13:41,896 - root - DEBUG - Processing 2710-th line out of 5000 rows of DP table...
2022-01-04 01:13:42,795 - root - DEBUG - Processing 2720-th line out of 5000 rows of DP table...
2022-01-04 01:13:43,689 - root - DEBUG - Processing 2730-th line out of 5000 rows of DP table...
2022-01-04 01:13:44,578 - root - DEBUG - Processing 2740-th line out of 5000 rows of DP table...
2022-01-04 01:13:45,452 - root - DEBUG - Processing 2750-th line out of 5000 rows of DP table...
2022-01-04 01:13:46,331 - root - DEBUG - Processing 2760-th line out of 5000 rows of DP table...
2022-01-04 01:13:47,237 - root - DEBUG - Processing 2770-th line out of 5000 rows of DP table...
2022-01-04 01:13:48,104 - root - DEBUG - Processing 2780-th line out of 5000 rows of DP table...
2022-01-04 01:13:48,974 - root - DEBUG - Processing 2790-th line out of 5000 rows of DP table...
2022-01-04 01:13:49,833 - root - DEBUG - Processing 2800-th line out of 5000 rows of DP table...
2022-01-04 01:13:50,691 - root - DEBUG - Processing 2810-th line out of 5000 rows of DP table...
2022-01-04 01:13:51,542 - root - DEBUG - Processing 2820-th line out of 5000 rows of DP table...
2022-01-04 01:13:52,397 - root - DEBUG - Processing 2830-th line out of 5000 rows of DP table...
2022-01-04 01:13:53,300 - root - DEBUG - Processing 2840-th line out of 5000 rows of DP table...
2022-01-04 01:13:54,157 - root - DEBUG - Processing 2850-th line out of 5000 rows of DP table...
2022-01-04 01:13:54,996 - root - DEBUG - Processing 2860-th line out of 5000 rows of DP table...
2022-01-04 01:13:55,856 - root - DEBUG - Processing 2870-th line out of 5000 rows of DP table...
2022-01-04 01:13:56,702 - root - DEBUG - Processing 2880-th line out of 5000 rows of DP table...
2022-01-04 01:13:57,527 - root - DEBUG - Processing 2890-th line out of 5000 rows of DP table...
2022-01-04 01:13:58,351 - root - DEBUG - Processing 2900-th line out of 5000 rows of DP table...
2022-01-04 01:13:59,192 - root - DEBUG - Processing 2910-th line out of 5000 rows of DP table...
2022-01-04 01:14:00,010 - root - DEBUG - Processing 2920-th line out of 5000 rows of DP table...
2022-01-04 01:14:00,822 - root - DEBUG - Processing 2930-th line out of 5000 rows of DP table...
2022-01-04 01:14:01,624 - root - DEBUG - Processing 2940-th line out of 5000 rows of DP table...
2022-01-04 01:14:02,590 - root - DEBUG - Processing 2950-th line out of 5000 rows of DP table...
2022-01-04 01:14:03,455 - root - DEBUG - Processing 2960-th line out of 5000 rows of DP table...
2022-01-04 01:14:05,304 - root - DEBUG - Processing 2970-th line out of 5000 rows of DP table...
2022-01-04 01:14:06,098 - root - DEBUG - Processing 2980-th line out of 5000 rows of DP table...
2022-01-04 01:14:06,891 - root - DEBUG - Processing 2990-th line out of 5000 rows of DP table...
2022-01-04 01:14:07,734 - root - DEBUG - Processing 3000-th line out of 5000 rows of DP table...
2022-01-04 01:14:08,519 - root - DEBUG - Processing 3010-th line out of 5000 rows of DP table...
2022-01-04 01:14:09,311 - root - DEBUG - Processing 3020-th line out of 5000 rows of DP table...
2022-01-04 01:14:10,096 - root - DEBUG - Processing 3030-th line out of 5000 rows of DP table...
2022-01-04 01:14:10,871 - root - DEBUG - Processing 3040-th line out of 5000 rows of DP table...
2022-01-04 01:14:11,637 - root - DEBUG - Processing 3050-th line out of 5000 rows of DP table...
2022-01-04 01:14:12,419 - root - DEBUG - Processing 3060-th line out of 5000 rows of DP table...
2022-01-04 01:14:13,184 - root - DEBUG - Processing 3070-th line out of 5000 rows of DP table...
2022-01-04 01:14:13,938 - root - DEBUG - Processing 3080-th line out of 5000 rows of DP table...
2022-01-04 01:14:14,686 - root - DEBUG - Processing 3090-th line out of 5000 rows of DP table...
2022-01-04 01:14:15,429 - root - DEBUG - Processing 3100-th line out of 5000 rows of DP table...
2022-01-04 01:14:16,259 - root - DEBUG - Processing 3110-th line out of 5000 rows of DP table...
2022-01-04 01:14:17,000 - root - DEBUG - Processing 3120-th line out of 5000 rows of DP table...
2022-01-04 01:14:17,751 - root - DEBUG - Processing 3130-th line out of 5000 rows of DP table...
2022-01-04 01:14:18,481 - root - DEBUG - Processing 3140-th line out of 5000 rows of DP table...
2022-01-04 01:14:19,211 - root - DEBUG - Processing 3150-th line out of 5000 rows of DP table...
2022-01-04 01:14:19,935 - root - DEBUG - Processing 3160-th line out of 5000 rows of DP table...
2022-01-04 01:14:20,653 - root - DEBUG - Processing 3170-th line out of 5000 rows of DP table...
2022-01-04 01:14:21,370 - root - DEBUG - Processing 3180-th line out of 5000 rows of DP table...
2022-01-04 01:14:22,100 - root - DEBUG - Processing 3190-th line out of 5000 rows of DP table...
2022-01-04 01:14:22,808 - root - DEBUG - Processing 3200-th line out of 5000 rows of DP table...
2022-01-04 01:14:23,516 - root - DEBUG - Processing 3210-th line out of 5000 rows of DP table...
2022-01-04 01:14:24,220 - root - DEBUG - Processing 3220-th line out of 5000 rows of DP table...
2022-01-04 01:14:25,979 - root - DEBUG - Processing 3230-th line out of 5000 rows of DP table...
2022-01-04 01:14:27,895 - root - DEBUG - Processing 3240-th line out of 5000 rows of DP table...
2022-01-04 01:14:28,663 - root - DEBUG - Processing 3250-th line out of 5000 rows of DP table...
2022-01-04 01:14:29,350 - root - DEBUG - Processing 3260-th line out of 5000 rows of DP table...
2022-01-04 01:14:30,032 - root - DEBUG - Processing 3270-th line out of 5000 rows of DP table...
2022-01-04 01:14:30,710 - root - DEBUG - Processing 3280-th line out of 5000 rows of DP table...
2022-01-04 01:14:31,390 - root - DEBUG - Processing 3290-th line out of 5000 rows of DP table...
2022-01-04 01:14:32,062 - root - DEBUG - Processing 3300-th line out of 5000 rows of DP table...
2022-01-04 01:14:32,729 - root - DEBUG - Processing 3310-th line out of 5000 rows of DP table...
2022-01-04 01:14:33,392 - root - DEBUG - Processing 3320-th line out of 5000 rows of DP table...
2022-01-04 01:14:34,083 - root - DEBUG - Processing 3330-th line out of 5000 rows of DP table...
2022-01-04 01:14:34,739 - root - DEBUG - Processing 3340-th line out of 5000 rows of DP table...
2022-01-04 01:14:35,391 - root - DEBUG - Processing 3350-th line out of 5000 rows of DP table...
2022-01-04 01:14:36,041 - root - DEBUG - Processing 3360-th line out of 5000 rows of DP table...
2022-01-04 01:14:36,689 - root - DEBUG - Processing 3370-th line out of 5000 rows of DP table...
2022-01-04 01:14:37,351 - root - DEBUG - Processing 3380-th line out of 5000 rows of DP table...
2022-01-04 01:14:37,986 - root - DEBUG - Processing 3390-th line out of 5000 rows of DP table...
2022-01-04 01:14:38,618 - root - DEBUG - Processing 3400-th line out of 5000 rows of DP table...
2022-01-04 01:14:39,249 - root - DEBUG - Processing 3410-th line out of 5000 rows of DP table...
2022-01-04 01:14:39,875 - root - DEBUG - Processing 3420-th line out of 5000 rows of DP table...
2022-01-04 01:14:40,501 - root - DEBUG - Processing 3430-th line out of 5000 rows of DP table...
2022-01-04 01:14:41,119 - root - DEBUG - Processing 3440-th line out of 5000 rows of DP table...
2022-01-04 01:14:41,737 - root - DEBUG - Processing 3450-th line out of 5000 rows of DP table...
2022-01-04 01:14:42,351 - root - DEBUG - Processing 3460-th line out of 5000 rows of DP table...
2022-01-04 01:14:42,961 - root - DEBUG - Processing 3470-th line out of 5000 rows of DP table...
2022-01-04 01:14:43,565 - root - DEBUG - Processing 3480-th line out of 5000 rows of DP table...
2022-01-04 01:14:44,206 - root - DEBUG - Processing 3490-th line out of 5000 rows of DP table...
2022-01-04 01:14:44,804 - root - DEBUG - Processing 3500-th line out of 5000 rows of DP table...
2022-01-04 01:14:45,394 - root - DEBUG - Processing 3510-th line out of 5000 rows of DP table...
2022-01-04 01:14:45,984 - root - DEBUG - Processing 3520-th line out of 5000 rows of DP table...
2022-01-04 01:14:46,572 - root - DEBUG - Processing 3530-th line out of 5000 rows of DP table...
2022-01-04 01:14:47,175 - root - DEBUG - Processing 3540-th line out of 5000 rows of DP table...
2022-01-04 01:14:47,752 - root - DEBUG - Processing 3550-th line out of 5000 rows of DP table...
2022-01-04 01:14:48,328 - root - DEBUG - Processing 3560-th line out of 5000 rows of DP table...
2022-01-04 01:14:48,899 - root - DEBUG - Processing 3570-th line out of 5000 rows of DP table...
2022-01-04 01:14:49,486 - root - DEBUG - Processing 3580-th line out of 5000 rows of DP table...
2022-01-04 01:14:50,049 - root - DEBUG - Processing 3590-th line out of 5000 rows of DP table...
2022-01-04 01:14:50,606 - root - DEBUG - Processing 3600-th line out of 5000 rows of DP table...
2022-01-04 01:14:51,206 - root - DEBUG - Processing 3610-th line out of 5000 rows of DP table...
2022-01-04 01:14:51,759 - root - DEBUG - Processing 3620-th line out of 5000 rows of DP table...
2022-01-04 01:14:52,327 - root - DEBUG - Processing 3630-th line out of 5000 rows of DP table...
2022-01-04 01:14:52,869 - root - DEBUG - Processing 3640-th line out of 5000 rows of DP table...
2022-01-04 01:14:53,412 - root - DEBUG - Processing 3650-th line out of 5000 rows of DP table...
2022-01-04 01:14:53,947 - root - DEBUG - Processing 3660-th line out of 5000 rows of DP table...
2022-01-04 01:14:54,495 - root - DEBUG - Processing 3670-th line out of 5000 rows of DP table...
2022-01-04 01:14:55,028 - root - DEBUG - Processing 3680-th line out of 5000 rows of DP table...
2022-01-04 01:14:55,552 - root - DEBUG - Processing 3690-th line out of 5000 rows of DP table...
2022-01-04 01:14:56,090 - root - DEBUG - Processing 3700-th line out of 5000 rows of DP table...
2022-01-04 01:14:56,619 - root - DEBUG - Processing 3710-th line out of 5000 rows of DP table...
2022-01-04 01:14:57,128 - root - DEBUG - Processing 3720-th line out of 5000 rows of DP table...
2022-01-04 01:14:57,755 - root - DEBUG - Processing 3730-th line out of 5000 rows of DP table...
2022-01-04 01:14:58,599 - root - DEBUG - Processing 3740-th line out of 5000 rows of DP table...
2022-01-04 01:14:59,153 - root - DEBUG - Processing 3750-th line out of 5000 rows of DP table...
2022-01-04 01:14:59,799 - root - DEBUG - Processing 3760-th line out of 5000 rows of DP table...
2022-01-04 01:15:00,584 - root - DEBUG - Processing 3770-th line out of 5000 rows of DP table...
2022-01-04 01:15:01,242 - root - DEBUG - Processing 3780-th line out of 5000 rows of DP table...
2022-01-04 01:15:01,777 - root - DEBUG - Processing 3790-th line out of 5000 rows of DP table...
2022-01-04 01:15:02,262 - root - DEBUG - Processing 3800-th line out of 5000 rows of DP table...
2022-01-04 01:15:02,742 - root - DEBUG - Processing 3810-th line out of 5000 rows of DP table...
2022-01-04 01:15:03,214 - root - DEBUG - Processing 3820-th line out of 5000 rows of DP table...
2022-01-04 01:15:03,687 - root - DEBUG - Processing 3830-th line out of 5000 rows of DP table...
2022-01-04 01:15:04,155 - root - DEBUG - Processing 3840-th line out of 5000 rows of DP table...
2022-01-04 01:15:04,617 - root - DEBUG - Processing 3850-th line out of 5000 rows of DP table...
2022-01-04 01:15:05,087 - root - DEBUG - Processing 3860-th line out of 5000 rows of DP table...
2022-01-04 01:15:05,542 - root - DEBUG - Processing 3870-th line out of 5000 rows of DP table...
2022-01-04 01:15:05,994 - root - DEBUG - Processing 3880-th line out of 5000 rows of DP table...
2022-01-04 01:15:06,443 - root - DEBUG - Processing 3890-th line out of 5000 rows of DP table...
2022-01-04 01:15:06,889 - root - DEBUG - Processing 3900-th line out of 5000 rows of DP table...
2022-01-04 01:15:07,332 - root - DEBUG - Processing 3910-th line out of 5000 rows of DP table...
2022-01-04 01:15:07,768 - root - DEBUG - Processing 3920-th line out of 5000 rows of DP table...
2022-01-04 01:15:08,203 - root - DEBUG - Processing 3930-th line out of 5000 rows of DP table...
2022-01-04 01:15:08,634 - root - DEBUG - Processing 3940-th line out of 5000 rows of DP table...
2022-01-04 01:15:09,083 - root - DEBUG - Processing 3950-th line out of 5000 rows of DP table...
2022-01-04 01:15:09,505 - root - DEBUG - Processing 3960-th line out of 5000 rows of DP table...
2022-01-04 01:15:09,924 - root - DEBUG - Processing 3970-th line out of 5000 rows of DP table...
2022-01-04 01:15:10,340 - root - DEBUG - Processing 3980-th line out of 5000 rows of DP table...
2022-01-04 01:15:10,752 - root - DEBUG - Processing 3990-th line out of 5000 rows of DP table...
2022-01-04 01:15:11,158 - root - DEBUG - Processing 4000-th line out of 5000 rows of DP table...
2022-01-04 01:15:11,562 - root - DEBUG - Processing 4010-th line out of 5000 rows of DP table...
2022-01-04 01:15:11,964 - root - DEBUG - Processing 4020-th line out of 5000 rows of DP table...
2022-01-04 01:15:12,362 - root - DEBUG - Processing 4030-th line out of 5000 rows of DP table...
2022-01-04 01:15:12,753 - root - DEBUG - Processing 4040-th line out of 5000 rows of DP table...
2022-01-04 01:15:13,142 - root - DEBUG - Processing 4050-th line out of 5000 rows of DP table...
2022-01-04 01:15:13,529 - root - DEBUG - Processing 4060-th line out of 5000 rows of DP table...
2022-01-04 01:15:13,909 - root - DEBUG - Processing 4070-th line out of 5000 rows of DP table...
2022-01-04 01:15:14,287 - root - DEBUG - Processing 4080-th line out of 5000 rows of DP table...
2022-01-04 01:15:14,660 - root - DEBUG - Processing 4090-th line out of 5000 rows of DP table...
2022-01-04 01:15:15,029 - root - DEBUG - Processing 4100-th line out of 5000 rows of DP table...
2022-01-04 01:15:15,396 - root - DEBUG - Processing 4110-th line out of 5000 rows of DP table...
2022-01-04 01:15:15,758 - root - DEBUG - Processing 4120-th line out of 5000 rows of DP table...
2022-01-04 01:15:16,128 - root - DEBUG - Processing 4130-th line out of 5000 rows of DP table...
2022-01-04 01:15:16,483 - root - DEBUG - Processing 4140-th line out of 5000 rows of DP table...
2022-01-04 01:15:16,834 - root - DEBUG - Processing 4150-th line out of 5000 rows of DP table...
2022-01-04 01:15:17,183 - root - DEBUG - Processing 4160-th line out of 5000 rows of DP table...
2022-01-04 01:15:17,527 - root - DEBUG - Processing 4170-th line out of 5000 rows of DP table...
2022-01-04 01:15:17,865 - root - DEBUG - Processing 4180-th line out of 5000 rows of DP table...
2022-01-04 01:15:18,203 - root - DEBUG - Processing 4190-th line out of 5000 rows of DP table...
2022-01-04 01:15:18,536 - root - DEBUG - Processing 4200-th line out of 5000 rows of DP table...
2022-01-04 01:15:18,864 - root - DEBUG - Processing 4210-th line out of 5000 rows of DP table...
2022-01-04 01:15:19,188 - root - DEBUG - Processing 4220-th line out of 5000 rows of DP table...
2022-01-04 01:15:19,509 - root - DEBUG - Processing 4230-th line out of 5000 rows of DP table...
2022-01-04 01:15:19,845 - root - DEBUG - Processing 4240-th line out of 5000 rows of DP table...
2022-01-04 01:15:20,160 - root - DEBUG - Processing 4250-th line out of 5000 rows of DP table...
2022-01-04 01:15:20,471 - root - DEBUG - Processing 4260-th line out of 5000 rows of DP table...
2022-01-04 01:15:20,778 - root - DEBUG - Processing 4270-th line out of 5000 rows of DP table...
2022-01-04 01:15:21,100 - root - DEBUG - Processing 4280-th line out of 5000 rows of DP table...
2022-01-04 01:15:21,398 - root - DEBUG - Processing 4290-th line out of 5000 rows of DP table...
2022-01-04 01:15:21,694 - root - DEBUG - Processing 4300-th line out of 5000 rows of DP table...
2022-01-04 01:15:21,984 - root - DEBUG - Processing 4310-th line out of 5000 rows of DP table...
2022-01-04 01:15:22,270 - root - DEBUG - Processing 4320-th line out of 5000 rows of DP table...
2022-01-04 01:15:22,583 - root - DEBUG - Processing 4330-th line out of 5000 rows of DP table...
2022-01-04 01:15:22,863 - root - DEBUG - Processing 4340-th line out of 5000 rows of DP table...
2022-01-04 01:15:23,140 - root - DEBUG - Processing 4350-th line out of 5000 rows of DP table...
2022-01-04 01:15:23,411 - root - DEBUG - Processing 4360-th line out of 5000 rows of DP table...
2022-01-04 01:15:23,680 - root - DEBUG - Processing 4370-th line out of 5000 rows of DP table...
2022-01-04 01:15:23,946 - root - DEBUG - Processing 4380-th line out of 5000 rows of DP table...
2022-01-04 01:15:24,207 - root - DEBUG - Processing 4390-th line out of 5000 rows of DP table...
2022-01-04 01:15:24,465 - root - DEBUG - Processing 4400-th line out of 5000 rows of DP table...
2022-01-04 01:15:24,718 - root - DEBUG - Processing 4410-th line out of 5000 rows of DP table...
2022-01-04 01:15:24,967 - root - DEBUG - Processing 4420-th line out of 5000 rows of DP table...
2022-01-04 01:15:25,214 - root - DEBUG - Processing 4430-th line out of 5000 rows of DP table...
2022-01-04 01:15:25,457 - root - DEBUG - Processing 4440-th line out of 5000 rows of DP table...
2022-01-04 01:15:25,696 - root - DEBUG - Processing 4450-th line out of 5000 rows of DP table...
2022-01-04 01:15:25,932 - root - DEBUG - Processing 4460-th line out of 5000 rows of DP table...
2022-01-04 01:15:26,161 - root - DEBUG - Processing 4470-th line out of 5000 rows of DP table...
2022-01-04 01:15:26,388 - root - DEBUG - Processing 4480-th line out of 5000 rows of DP table...
2022-01-04 01:15:26,611 - root - DEBUG - Processing 4490-th line out of 5000 rows of DP table...
2022-01-04 01:15:26,828 - root - DEBUG - Processing 4500-th line out of 5000 rows of DP table...
2022-01-04 01:15:27,082 - root - DEBUG - Processing 4510-th line out of 5000 rows of DP table...
2022-01-04 01:15:27,295 - root - DEBUG - Processing 4520-th line out of 5000 rows of DP table...
2022-01-04 01:15:27,503 - root - DEBUG - Processing 4530-th line out of 5000 rows of DP table...
2022-01-04 01:15:27,709 - root - DEBUG - Processing 4540-th line out of 5000 rows of DP table...
2022-01-04 01:15:27,911 - root - DEBUG - Processing 4550-th line out of 5000 rows of DP table...
2022-01-04 01:15:28,107 - root - DEBUG - Processing 4560-th line out of 5000 rows of DP table...
2022-01-04 01:15:28,299 - root - DEBUG - Processing 4570-th line out of 5000 rows of DP table...
2022-01-04 01:15:28,511 - root - DEBUG - Processing 4580-th line out of 5000 rows of DP table...
2022-01-04 01:15:28,697 - root - DEBUG - Processing 4590-th line out of 5000 rows of DP table...
2022-01-04 01:15:28,879 - root - DEBUG - Processing 4600-th line out of 5000 rows of DP table...
2022-01-04 01:15:29,056 - root - DEBUG - Processing 4610-th line out of 5000 rows of DP table...
2022-01-04 01:15:29,231 - root - DEBUG - Processing 4620-th line out of 5000 rows of DP table...
2022-01-04 01:15:29,400 - root - DEBUG - Processing 4630-th line out of 5000 rows of DP table...
2022-01-04 01:15:29,566 - root - DEBUG - Processing 4640-th line out of 5000 rows of DP table...
2022-01-04 01:15:29,745 - root - DEBUG - Processing 4650-th line out of 5000 rows of DP table...
2022-01-04 01:15:29,903 - root - DEBUG - Processing 4660-th line out of 5000 rows of DP table...
2022-01-04 01:15:30,058 - root - DEBUG - Processing 4670-th line out of 5000 rows of DP table...
2022-01-04 01:15:30,210 - root - DEBUG - Processing 4680-th line out of 5000 rows of DP table...
2022-01-04 01:15:30,358 - root - DEBUG - Processing 4690-th line out of 5000 rows of DP table...
2022-01-04 01:15:30,501 - root - DEBUG - Processing 4700-th line out of 5000 rows of DP table...
2022-01-04 01:15:30,641 - root - DEBUG - Processing 4710-th line out of 5000 rows of DP table...
2022-01-04 01:15:30,777 - root - DEBUG - Processing 4720-th line out of 5000 rows of DP table...
2022-01-04 01:15:30,910 - root - DEBUG - Processing 4730-th line out of 5000 rows of DP table...
2022-01-04 01:15:31,059 - root - DEBUG - Processing 4740-th line out of 5000 rows of DP table...
2022-01-04 01:15:31,184 - root - DEBUG - Processing 4750-th line out of 5000 rows of DP table...
2022-01-04 01:15:31,306 - root - DEBUG - Processing 4760-th line out of 5000 rows of DP table...
2022-01-04 01:15:31,423 - root - DEBUG - Processing 4770-th line out of 5000 rows of DP table...
2022-01-04 01:15:31,536 - root - DEBUG - Processing 4780-th line out of 5000 rows of DP table...
2022-01-04 01:15:32,090 - root - DEBUG - Processing 4790-th line out of 5000 rows of DP table...
2022-01-04 01:15:32,433 - root - DEBUG - Processing 4800-th line out of 5000 rows of DP table...
2022-01-04 01:15:33,103 - root - DEBUG - Processing 4810-th line out of 5000 rows of DP table...
2022-01-04 01:15:33,870 - root - DEBUG - Processing 4820-th line out of 5000 rows of DP table...
2022-01-04 01:15:34,119 - root - DEBUG - Processing 4830-th line out of 5000 rows of DP table...
2022-01-04 01:15:34,571 - root - DEBUG - Processing 4840-th line out of 5000 rows of DP table...
2022-01-04 01:15:35,116 - root - DEBUG - Processing 4850-th line out of 5000 rows of DP table...
2022-01-04 01:15:35,226 - root - DEBUG - Processing 4860-th line out of 5000 rows of DP table...
2022-01-04 01:15:35,304 - root - DEBUG - Processing 4870-th line out of 5000 rows of DP table...
2022-01-04 01:15:35,384 - root - DEBUG - Processing 4880-th line out of 5000 rows of DP table...
2022-01-04 01:15:35,454 - root - DEBUG - Processing 4890-th line out of 5000 rows of DP table...
2022-01-04 01:15:35,521 - root - DEBUG - Processing 4900-th line out of 5000 rows of DP table...
2022-01-04 01:15:35,583 - root - DEBUG - Processing 4910-th line out of 5000 rows of DP table...
2022-01-04 01:15:35,642 - root - DEBUG - Processing 4920-th line out of 5000 rows of DP table...
2022-01-04 01:15:35,698 - root - DEBUG - Processing 4930-th line out of 5000 rows of DP table...
2022-01-04 01:15:35,750 - root - DEBUG - Processing 4940-th line out of 5000 rows of DP table...
2022-01-04 01:15:35,798 - root - DEBUG - Processing 4950-th line out of 5000 rows of DP table...
2022-01-04 01:15:35,843 - root - DEBUG - Processing 4960-th line out of 5000 rows of DP table...
2022-01-04 01:15:35,884 - root - DEBUG - Processing 4970-th line out of 5000 rows of DP table...
2022-01-04 01:15:35,922 - root - DEBUG - Processing 4980-th line out of 5000 rows of DP table...
2022-01-04 01:15:35,955 - root - DEBUG - Processing 4990-th line out of 5000 rows of DP table...
2022-01-04 01:15:35,985 - root - DEBUG - Processing 5000-th line out of 5000 rows of DP table...
2022-01-04 01:15:36,018 - root - DEBUG - Started computing joint logprobs...
