2022-01-04 01:07:11,096 - root - INFO - Loading reference interval set from '211221-1-sim-data-time/g12_0.ref.tsv'...
2022-01-04 01:07:11,103 - root - INFO - Loading query interval set from '211221-1-sim-data-time/g12_0.query.tsv'...
2022-01-04 01:07:11,154 - root - INFO - Loading chromosome sizes from '211221-1-sim-data-time/g12_sizes.tsv'...
2022-01-04 01:07:11,162 - root - INFO - Number of reference intervals: 5000 (5000 before merging)
2022-01-04 01:07:11,165 - root - INFO - Number of query intervals: 5000 (5000 before merging)
2022-01-04 01:07:11,166 - root - INFO - Number of chromosomes: 1
2022-01-04 01:07:11,182 - root - INFO - Overlap count: 1901
2022-01-04 01:07:11,184 - root - DEBUG - Started computing sf for chromosome 'chr1'...
2022-01-04 01:07:11,186 - root - DEBUG - m=5000, n=5000
2022-01-04 01:07:13,077 - root - DEBUG - Processing 10-th line out of 5000 rows of DP table...
2022-01-04 01:07:15,070 - root - DEBUG - Processing 20-th line out of 5000 rows of DP table...
2022-01-04 01:07:16,943 - root - DEBUG - Processing 30-th line out of 5000 rows of DP table...
2022-01-04 01:07:18,822 - root - DEBUG - Processing 40-th line out of 5000 rows of DP table...
2022-01-04 01:07:20,707 - root - DEBUG - Processing 50-th line out of 5000 rows of DP table...
2022-01-04 01:07:22,573 - root - DEBUG - Processing 60-th line out of 5000 rows of DP table...
2022-01-04 01:07:24,464 - root - DEBUG - Processing 70-th line out of 5000 rows of DP table...
2022-01-04 01:07:26,324 - root - DEBUG - Processing 80-th line out of 5000 rows of DP table...
2022-01-04 01:07:28,178 - root - DEBUG - Processing 90-th line out of 5000 rows of DP table...
2022-01-04 01:07:30,045 - root - DEBUG - Processing 100-th line out of 5000 rows of DP table...
2022-01-04 01:07:31,888 - root - DEBUG - Processing 110-th line out of 5000 rows of DP table...
2022-01-04 01:07:33,733 - root - DEBUG - Processing 120-th line out of 5000 rows of DP table...
2022-01-04 01:07:35,747 - root - DEBUG - Processing 130-th line out of 5000 rows of DP table...
2022-01-04 01:07:37,563 - root - DEBUG - Processing 140-th line out of 5000 rows of DP table...
2022-01-04 01:07:39,413 - root - DEBUG - Processing 150-th line out of 5000 rows of DP table...
2022-01-04 01:07:41,244 - root - DEBUG - Processing 160-th line out of 5000 rows of DP table...
2022-01-04 01:07:43,076 - root - DEBUG - Processing 170-th line out of 5000 rows of DP table...
2022-01-04 01:07:44,914 - root - DEBUG - Processing 180-th line out of 5000 rows of DP table...
2022-01-04 01:07:46,738 - root - DEBUG - Processing 190-th line out of 5000 rows of DP table...
2022-01-04 01:07:48,553 - root - DEBUG - Processing 200-th line out of 5000 rows of DP table...
2022-01-04 01:07:50,381 - root - DEBUG - Processing 210-th line out of 5000 rows of DP table...
2022-01-04 01:07:52,190 - root - DEBUG - Processing 220-th line out of 5000 rows of DP table...
2022-01-04 01:07:53,992 - root - DEBUG - Processing 230-th line out of 5000 rows of DP table...
2022-01-04 01:07:55,790 - root - DEBUG - Processing 240-th line out of 5000 rows of DP table...
2022-01-04 01:07:57,587 - root - DEBUG - Processing 250-th line out of 5000 rows of DP table...
2022-01-04 01:07:59,430 - root - DEBUG - Processing 260-th line out of 5000 rows of DP table...
2022-01-04 01:08:01,224 - root - DEBUG - Processing 270-th line out of 5000 rows of DP table...
2022-01-04 01:08:03,004 - root - DEBUG - Processing 280-th line out of 5000 rows of DP table...
2022-01-04 01:08:04,816 - root - DEBUG - Processing 290-th line out of 5000 rows of DP table...
2022-01-04 01:08:06,686 - root - DEBUG - Processing 300-th line out of 5000 rows of DP table...
2022-01-04 01:08:08,428 - root - DEBUG - Processing 310-th line out of 5000 rows of DP table...
2022-01-04 01:08:10,665 - root - DEBUG - Processing 320-th line out of 5000 rows of DP table...
2022-01-04 01:08:12,522 - root - DEBUG - Processing 330-th line out of 5000 rows of DP table...
2022-01-04 01:08:14,286 - root - DEBUG - Processing 340-th line out of 5000 rows of DP table...
2022-01-04 01:08:16,043 - root - DEBUG - Processing 350-th line out of 5000 rows of DP table...
2022-01-04 01:08:17,798 - root - DEBUG - Processing 360-th line out of 5000 rows of DP table...
2022-01-04 01:08:19,578 - root - DEBUG - Processing 370-th line out of 5000 rows of DP table...
2022-01-04 01:08:21,331 - root - DEBUG - Processing 380-th line out of 5000 rows of DP table...
2022-01-04 01:08:23,069 - root - DEBUG - Processing 390-th line out of 5000 rows of DP table...
2022-01-04 01:08:24,812 - root - DEBUG - Processing 400-th line out of 5000 rows of DP table...
2022-01-04 01:08:26,555 - root - DEBUG - Processing 410-th line out of 5000 rows of DP table...
2022-01-04 01:08:28,290 - root - DEBUG - Processing 420-th line out of 5000 rows of DP table...
2022-01-04 01:08:30,021 - root - DEBUG - Processing 430-th line out of 5000 rows of DP table...
2022-01-04 01:08:31,755 - root - DEBUG - Processing 440-th line out of 5000 rows of DP table...
2022-01-04 01:08:33,474 - root - DEBUG - Processing 450-th line out of 5000 rows of DP table...
2022-01-04 01:08:35,228 - root - DEBUG - Processing 460-th line out of 5000 rows of DP table...
2022-01-04 01:08:36,945 - root - DEBUG - Processing 470-th line out of 5000 rows of DP table...
2022-01-04 01:08:38,656 - root - DEBUG - Processing 480-th line out of 5000 rows of DP table...
2022-01-04 01:08:40,369 - root - DEBUG - Processing 490-th line out of 5000 rows of DP table...
2022-01-04 01:08:42,077 - root - DEBUG - Processing 500-th line out of 5000 rows of DP table...
2022-01-04 01:08:43,774 - root - DEBUG - Processing 510-th line out of 5000 rows of DP table...
2022-01-04 01:08:45,474 - root - DEBUG - Processing 520-th line out of 5000 rows of DP table...
2022-01-04 01:08:47,168 - root - DEBUG - Processing 530-th line out of 5000 rows of DP table...
2022-01-04 01:08:48,855 - root - DEBUG - Processing 540-th line out of 5000 rows of DP table...
2022-01-04 01:08:50,540 - root - DEBUG - Processing 550-th line out of 5000 rows of DP table...
2022-01-04 01:08:52,242 - root - DEBUG - Processing 560-th line out of 5000 rows of DP table...
2022-01-04 01:08:53,922 - root - DEBUG - Processing 570-th line out of 5000 rows of DP table...
2022-01-04 01:08:55,594 - root - DEBUG - Processing 580-th line out of 5000 rows of DP table...
2022-01-04 01:08:57,273 - root - DEBUG - Processing 590-th line out of 5000 rows of DP table...
2022-01-04 01:08:58,940 - root - DEBUG - Processing 600-th line out of 5000 rows of DP table...
2022-01-04 01:09:00,607 - root - DEBUG - Processing 610-th line out of 5000 rows of DP table...
2022-01-04 01:09:02,283 - root - DEBUG - Processing 620-th line out of 5000 rows of DP table...
2022-01-04 01:09:03,947 - root - DEBUG - Processing 630-th line out of 5000 rows of DP table...
2022-01-04 01:09:05,598 - root - DEBUG - Processing 640-th line out of 5000 rows of DP table...
2022-01-04 01:09:07,251 - root - DEBUG - Processing 650-th line out of 5000 rows of DP table...
2022-01-04 01:09:08,897 - root - DEBUG - Processing 660-th line out of 5000 rows of DP table...
2022-01-04 01:09:10,544 - root - DEBUG - Processing 670-th line out of 5000 rows of DP table...
2022-01-04 01:09:12,218 - root - DEBUG - Processing 680-th line out of 5000 rows of DP table...
2022-01-04 01:09:13,869 - root - DEBUG - Processing 690-th line out of 5000 rows of DP table...
2022-01-04 01:09:15,500 - root - DEBUG - Processing 700-th line out of 5000 rows of DP table...
2022-01-04 01:09:17,153 - root - DEBUG - Processing 710-th line out of 5000 rows of DP table...
2022-01-04 01:09:18,780 - root - DEBUG - Processing 720-th line out of 5000 rows of DP table...
2022-01-04 01:09:20,397 - root - DEBUG - Processing 730-th line out of 5000 rows of DP table...
2022-01-04 01:09:22,049 - root - DEBUG - Processing 740-th line out of 5000 rows of DP table...
2022-01-04 01:09:23,665 - root - DEBUG - Processing 750-th line out of 5000 rows of DP table...
2022-01-04 01:09:25,273 - root - DEBUG - Processing 760-th line out of 5000 rows of DP table...
2022-01-04 01:09:26,872 - root - DEBUG - Processing 770-th line out of 5000 rows of DP table...
2022-01-04 01:09:28,508 - root - DEBUG - Processing 780-th line out of 5000 rows of DP table...
2022-01-04 01:09:30,100 - root - DEBUG - Processing 790-th line out of 5000 rows of DP table...
2022-01-04 01:09:31,716 - root - DEBUG - Processing 800-th line out of 5000 rows of DP table...
2022-01-04 01:09:33,307 - root - DEBUG - Processing 810-th line out of 5000 rows of DP table...
2022-01-04 01:09:34,888 - root - DEBUG - Processing 820-th line out of 5000 rows of DP table...
2022-01-04 01:09:36,497 - root - DEBUG - Processing 830-th line out of 5000 rows of DP table...
2022-01-04 01:09:38,072 - root - DEBUG - Processing 840-th line out of 5000 rows of DP table...
2022-01-04 01:09:39,645 - root - DEBUG - Processing 850-th line out of 5000 rows of DP table...
2022-01-04 01:09:41,219 - root - DEBUG - Processing 860-th line out of 5000 rows of DP table...
2022-01-04 01:09:42,816 - root - DEBUG - Processing 870-th line out of 5000 rows of DP table...
2022-01-04 01:09:44,366 - root - DEBUG - Processing 880-th line out of 5000 rows of DP table...
2022-01-04 01:09:45,931 - root - DEBUG - Processing 890-th line out of 5000 rows of DP table...
2022-01-04 01:09:47,492 - root - DEBUG - Processing 900-th line out of 5000 rows of DP table...
2022-01-04 01:09:49,043 - root - DEBUG - Processing 910-th line out of 5000 rows of DP table...
2022-01-04 01:09:50,590 - root - DEBUG - Processing 920-th line out of 5000 rows of DP table...
2022-01-04 01:09:52,138 - root - DEBUG - Processing 930-th line out of 5000 rows of DP table...
2022-01-04 01:09:53,679 - root - DEBUG - Processing 940-th line out of 5000 rows of DP table...
2022-01-04 01:09:55,213 - root - DEBUG - Processing 950-th line out of 5000 rows of DP table...
2022-01-04 01:09:56,749 - root - DEBUG - Processing 960-th line out of 5000 rows of DP table...
2022-01-04 01:09:58,280 - root - DEBUG - Processing 970-th line out of 5000 rows of DP table...
2022-01-04 01:09:59,803 - root - DEBUG - Processing 980-th line out of 5000 rows of DP table...
2022-01-04 01:10:01,326 - root - DEBUG - Processing 990-th line out of 5000 rows of DP table...
2022-01-04 01:10:02,848 - root - DEBUG - Processing 1000-th line out of 5000 rows of DP table...
2022-01-04 01:10:04,370 - root - DEBUG - Processing 1010-th line out of 5000 rows of DP table...
2022-01-04 01:10:05,877 - root - DEBUG - Processing 1020-th line out of 5000 rows of DP table...
2022-01-04 01:10:07,415 - root - DEBUG - Processing 1030-th line out of 5000 rows of DP table...
2022-01-04 01:10:08,922 - root - DEBUG - Processing 1040-th line out of 5000 rows of DP table...
2022-01-04 01:10:10,416 - root - DEBUG - Processing 1050-th line out of 5000 rows of DP table...
2022-01-04 01:10:11,944 - root - DEBUG - Processing 1060-th line out of 5000 rows of DP table...
2022-01-04 01:10:13,418 - root - DEBUG - Processing 1070-th line out of 5000 rows of DP table...
2022-01-04 01:10:14,953 - root - DEBUG - Processing 1080-th line out of 5000 rows of DP table...
2022-01-04 01:10:16,445 - root - DEBUG - Processing 1090-th line out of 5000 rows of DP table...
2022-01-04 01:10:17,925 - root - DEBUG - Processing 1100-th line out of 5000 rows of DP table...
2022-01-04 01:10:19,418 - root - DEBUG - Processing 1110-th line out of 5000 rows of DP table...
2022-01-04 01:10:20,890 - root - DEBUG - Processing 1120-th line out of 5000 rows of DP table...
2022-01-04 01:10:22,360 - root - DEBUG - Processing 1130-th line out of 5000 rows of DP table...
2022-01-04 01:10:23,868 - root - DEBUG - Processing 1140-th line out of 5000 rows of DP table...
2022-01-04 01:10:25,355 - root - DEBUG - Processing 1150-th line out of 5000 rows of DP table...
2022-01-04 01:10:26,808 - root - DEBUG - Processing 1160-th line out of 5000 rows of DP table...
2022-01-04 01:10:28,279 - root - DEBUG - Processing 1170-th line out of 5000 rows of DP table...
2022-01-04 01:10:29,730 - root - DEBUG - Processing 1180-th line out of 5000 rows of DP table...
2022-01-04 01:10:31,175 - root - DEBUG - Processing 1190-th line out of 5000 rows of DP table...
2022-01-04 01:10:32,618 - root - DEBUG - Processing 1200-th line out of 5000 rows of DP table...
2022-01-04 01:10:34,061 - root - DEBUG - Processing 1210-th line out of 5000 rows of DP table...
2022-01-04 01:10:35,518 - root - DEBUG - Processing 1220-th line out of 5000 rows of DP table...
2022-01-04 01:10:36,954 - root - DEBUG - Processing 1230-th line out of 5000 rows of DP table...
2022-01-04 01:10:38,386 - root - DEBUG - Processing 1240-th line out of 5000 rows of DP table...
2022-01-04 01:10:39,814 - root - DEBUG - Processing 1250-th line out of 5000 rows of DP table...
2022-01-04 01:10:41,231 - root - DEBUG - Processing 1260-th line out of 5000 rows of DP table...
2022-01-04 01:10:42,703 - root - DEBUG - Processing 1270-th line out of 5000 rows of DP table...
2022-01-04 01:10:44,139 - root - DEBUG - Processing 1280-th line out of 5000 rows of DP table...
2022-01-04 01:10:45,609 - root - DEBUG - Processing 1290-th line out of 5000 rows of DP table...
2022-01-04 01:10:47,000 - root - DEBUG - Processing 1300-th line out of 5000 rows of DP table...
2022-01-04 01:10:48,429 - root - DEBUG - Processing 1310-th line out of 5000 rows of DP table...
2022-01-04 01:10:49,830 - root - DEBUG - Processing 1320-th line out of 5000 rows of DP table...
2022-01-04 01:10:51,219 - root - DEBUG - Processing 1330-th line out of 5000 rows of DP table...
2022-01-04 01:10:52,638 - root - DEBUG - Processing 1340-th line out of 5000 rows of DP table...
2022-01-04 01:10:54,020 - root - DEBUG - Processing 1350-th line out of 5000 rows of DP table...
2022-01-04 01:10:55,440 - root - DEBUG - Processing 1360-th line out of 5000 rows of DP table...
2022-01-04 01:10:56,819 - root - DEBUG - Processing 1370-th line out of 5000 rows of DP table...
2022-01-04 01:10:58,197 - root - DEBUG - Processing 1380-th line out of 5000 rows of DP table...
2022-01-04 01:10:59,597 - root - DEBUG - Processing 1390-th line out of 5000 rows of DP table...
2022-01-04 01:11:00,980 - root - DEBUG - Processing 1400-th line out of 5000 rows of DP table...
2022-01-04 01:11:02,344 - root - DEBUG - Processing 1410-th line out of 5000 rows of DP table...
2022-01-04 01:11:03,728 - root - DEBUG - Processing 1420-th line out of 5000 rows of DP table...
2022-01-04 01:11:05,092 - root - DEBUG - Processing 1430-th line out of 5000 rows of DP table...
2022-01-04 01:11:06,443 - root - DEBUG - Processing 1440-th line out of 5000 rows of DP table...
2022-01-04 01:11:07,794 - root - DEBUG - Processing 1450-th line out of 5000 rows of DP table...
2022-01-04 01:11:09,176 - root - DEBUG - Processing 1460-th line out of 5000 rows of DP table...
2022-01-04 01:11:10,567 - root - DEBUG - Processing 1470-th line out of 5000 rows of DP table...
2022-01-04 01:11:11,904 - root - DEBUG - Processing 1480-th line out of 5000 rows of DP table...
2022-01-04 01:11:13,241 - root - DEBUG - Processing 1490-th line out of 5000 rows of DP table...
2022-01-04 01:11:14,687 - root - DEBUG - Processing 1500-th line out of 5000 rows of DP table...
2022-01-04 01:11:16,017 - root - DEBUG - Processing 1510-th line out of 5000 rows of DP table...
2022-01-04 01:11:17,338 - root - DEBUG - Processing 1520-th line out of 5000 rows of DP table...
2022-01-04 01:11:18,774 - root - DEBUG - Processing 1530-th line out of 5000 rows of DP table...
2022-01-04 01:11:20,091 - root - DEBUG - Processing 1540-th line out of 5000 rows of DP table...
2022-01-04 01:11:21,681 - root - DEBUG - Processing 1550-th line out of 5000 rows of DP table...
2022-01-04 01:11:23,331 - root - DEBUG - Processing 1560-th line out of 5000 rows of DP table...
2022-01-04 01:11:24,654 - root - DEBUG - Processing 1570-th line out of 5000 rows of DP table...
2022-01-04 01:11:25,997 - root - DEBUG - Processing 1580-th line out of 5000 rows of DP table...
2022-01-04 01:11:27,303 - root - DEBUG - Processing 1590-th line out of 5000 rows of DP table...
2022-01-04 01:11:28,604 - root - DEBUG - Processing 1600-th line out of 5000 rows of DP table...
2022-01-04 01:11:29,899 - root - DEBUG - Processing 1610-th line out of 5000 rows of DP table...
2022-01-04 01:11:31,203 - root - DEBUG - Processing 1620-th line out of 5000 rows of DP table...
2022-01-04 01:11:32,481 - root - DEBUG - Processing 1630-th line out of 5000 rows of DP table...
2022-01-04 01:11:33,795 - root - DEBUG - Processing 1640-th line out of 5000 rows of DP table...
2022-01-04 01:11:35,094 - root - DEBUG - Processing 1650-th line out of 5000 rows of DP table...
2022-01-04 01:11:36,366 - root - DEBUG - Processing 1660-th line out of 5000 rows of DP table...
2022-01-04 01:11:37,636 - root - DEBUG - Processing 1670-th line out of 5000 rows of DP table...
2022-01-04 01:11:38,899 - root - DEBUG - Processing 1680-th line out of 5000 rows of DP table...
2022-01-04 01:11:40,166 - root - DEBUG - Processing 1690-th line out of 5000 rows of DP table...
2022-01-04 01:11:41,430 - root - DEBUG - Processing 1700-th line out of 5000 rows of DP table...
2022-01-04 01:11:42,686 - root - DEBUG - Processing 1710-th line out of 5000 rows of DP table...
2022-01-04 01:11:43,942 - root - DEBUG - Processing 1720-th line out of 5000 rows of DP table...
2022-01-04 01:11:45,194 - root - DEBUG - Processing 1730-th line out of 5000 rows of DP table...
2022-01-04 01:11:46,471 - root - DEBUG - Processing 1740-th line out of 5000 rows of DP table...
2022-01-04 01:11:47,760 - root - DEBUG - Processing 1750-th line out of 5000 rows of DP table...
2022-01-04 01:11:48,941 - root - DEBUG - Processing 1760-th line out of 5000 rows of DP table...
2022-01-04 01:11:50,115 - root - DEBUG - Processing 1770-th line out of 5000 rows of DP table...
2022-01-04 01:11:51,277 - root - DEBUG - Processing 1780-th line out of 5000 rows of DP table...
2022-01-04 01:11:52,434 - root - DEBUG - Processing 1790-th line out of 5000 rows of DP table...
2022-01-04 01:11:53,648 - root - DEBUG - Processing 1800-th line out of 5000 rows of DP table...
2022-01-04 01:11:55,222 - root - DEBUG - Processing 1810-th line out of 5000 rows of DP table...
2022-01-04 01:11:56,462 - root - DEBUG - Processing 1820-th line out of 5000 rows of DP table...
2022-01-04 01:11:57,604 - root - DEBUG - Processing 1830-th line out of 5000 rows of DP table...
2022-01-04 01:11:58,907 - root - DEBUG - Processing 1840-th line out of 5000 rows of DP table...
2022-01-04 01:12:00,195 - root - DEBUG - Processing 1850-th line out of 5000 rows of DP table...
2022-01-04 01:12:01,350 - root - DEBUG - Processing 1860-th line out of 5000 rows of DP table...
2022-01-04 01:12:02,483 - root - DEBUG - Processing 1870-th line out of 5000 rows of DP table...
2022-01-04 01:12:03,615 - root - DEBUG - Processing 1880-th line out of 5000 rows of DP table...
2022-01-04 01:12:04,743 - root - DEBUG - Processing 1890-th line out of 5000 rows of DP table...
2022-01-04 01:12:05,878 - root - DEBUG - Processing 1900-th line out of 5000 rows of DP table...
2022-01-04 01:12:07,001 - root - DEBUG - Processing 1910-th line out of 5000 rows of DP table...
2022-01-04 01:12:08,115 - root - DEBUG - Processing 1920-th line out of 5000 rows of DP table...
2022-01-04 01:12:09,235 - root - DEBUG - Processing 1930-th line out of 5000 rows of DP table...
2022-01-04 01:12:10,371 - root - DEBUG - Processing 1940-th line out of 5000 rows of DP table...
2022-01-04 01:12:11,507 - root - DEBUG - Processing 1950-th line out of 5000 rows of DP table...
2022-01-04 01:12:12,647 - root - DEBUG - Processing 1960-th line out of 5000 rows of DP table...
2022-01-04 01:12:13,848 - root - DEBUG - Processing 1970-th line out of 5000 rows of DP table...
2022-01-04 01:12:14,943 - root - DEBUG - Processing 1980-th line out of 5000 rows of DP table...
2022-01-04 01:12:16,045 - root - DEBUG - Processing 1990-th line out of 5000 rows of DP table...
2022-01-04 01:12:17,131 - root - DEBUG - Processing 2000-th line out of 5000 rows of DP table...
2022-01-04 01:12:18,206 - root - DEBUG - Processing 2010-th line out of 5000 rows of DP table...
2022-01-04 01:12:19,282 - root - DEBUG - Processing 2020-th line out of 5000 rows of DP table...
2022-01-04 01:12:20,362 - root - DEBUG - Processing 2030-th line out of 5000 rows of DP table...
2022-01-04 01:12:21,427 - root - DEBUG - Processing 2040-th line out of 5000 rows of DP table...
2022-01-04 01:12:22,514 - root - DEBUG - Processing 2050-th line out of 5000 rows of DP table...
2022-01-04 01:12:23,577 - root - DEBUG - Processing 2060-th line out of 5000 rows of DP table...
2022-01-04 01:12:24,648 - root - DEBUG - Processing 2070-th line out of 5000 rows of DP table...
2022-01-04 01:12:25,778 - root - DEBUG - Processing 2080-th line out of 5000 rows of DP table...
2022-01-04 01:12:27,640 - root - DEBUG - Processing 2090-th line out of 5000 rows of DP table...
2022-01-04 01:12:28,690 - root - DEBUG - Processing 2100-th line out of 5000 rows of DP table...
2022-01-04 01:12:29,738 - root - DEBUG - Processing 2110-th line out of 5000 rows of DP table...
2022-01-04 01:12:30,816 - root - DEBUG - Processing 2120-th line out of 5000 rows of DP table...
2022-01-04 01:12:31,859 - root - DEBUG - Processing 2130-th line out of 5000 rows of DP table...
2022-01-04 01:12:32,893 - root - DEBUG - Processing 2140-th line out of 5000 rows of DP table...
2022-01-04 01:12:33,926 - root - DEBUG - Processing 2150-th line out of 5000 rows of DP table...
2022-01-04 01:12:34,961 - root - DEBUG - Processing 2160-th line out of 5000 rows of DP table...
2022-01-04 01:12:36,002 - root - DEBUG - Processing 2170-th line out of 5000 rows of DP table...
2022-01-04 01:12:37,052 - root - DEBUG - Processing 2180-th line out of 5000 rows of DP table...
2022-01-04 01:12:38,076 - root - DEBUG - Processing 2190-th line out of 5000 rows of DP table...
2022-01-04 01:12:39,091 - root - DEBUG - Processing 2200-th line out of 5000 rows of DP table...
2022-01-04 01:12:40,134 - root - DEBUG - Processing 2210-th line out of 5000 rows of DP table...
2022-01-04 01:12:41,189 - root - DEBUG - Processing 2220-th line out of 5000 rows of DP table...
2022-01-04 01:12:42,214 - root - DEBUG - Processing 2230-th line out of 5000 rows of DP table...
2022-01-04 01:12:43,251 - root - DEBUG - Processing 2240-th line out of 5000 rows of DP table...
2022-01-04 01:12:44,248 - root - DEBUG - Processing 2250-th line out of 5000 rows of DP table...
2022-01-04 01:12:45,241 - root - DEBUG - Processing 2260-th line out of 5000 rows of DP table...
2022-01-04 01:12:46,240 - root - DEBUG - Processing 2270-th line out of 5000 rows of DP table...
2022-01-04 01:12:47,227 - root - DEBUG - Processing 2280-th line out of 5000 rows of DP table...
2022-01-04 01:12:49,397 - root - DEBUG - Processing 2290-th line out of 5000 rows of DP table...
2022-01-04 01:12:50,408 - root - DEBUG - Processing 2300-th line out of 5000 rows of DP table...
2022-01-04 01:12:51,382 - root - DEBUG - Processing 2310-th line out of 5000 rows of DP table...
2022-01-04 01:12:52,354 - root - DEBUG - Processing 2320-th line out of 5000 rows of DP table...
2022-01-04 01:12:53,394 - root - DEBUG - Processing 2330-th line out of 5000 rows of DP table...
2022-01-04 01:12:54,358 - root - DEBUG - Processing 2340-th line out of 5000 rows of DP table...
2022-01-04 01:12:55,323 - root - DEBUG - Processing 2350-th line out of 5000 rows of DP table...
2022-01-04 01:12:56,286 - root - DEBUG - Processing 2360-th line out of 5000 rows of DP table...
2022-01-04 01:12:57,266 - root - DEBUG - Processing 2370-th line out of 5000 rows of DP table...
2022-01-04 01:12:58,218 - root - DEBUG - Processing 2380-th line out of 5000 rows of DP table...
2022-01-04 01:12:59,162 - root - DEBUG - Processing 2390-th line out of 5000 rows of DP table...
2022-01-04 01:13:00,104 - root - DEBUG - Processing 2400-th line out of 5000 rows of DP table...
2022-01-04 01:13:01,055 - root - DEBUG - Processing 2410-th line out of 5000 rows of DP table...
2022-01-04 01:13:02,029 - root - DEBUG - Processing 2420-th line out of 5000 rows of DP table...
2022-01-04 01:13:02,961 - root - DEBUG - Processing 2430-th line out of 5000 rows of DP table...
2022-01-04 01:13:03,887 - root - DEBUG - Processing 2440-th line out of 5000 rows of DP table...
2022-01-04 01:13:04,845 - root - DEBUG - Processing 2450-th line out of 5000 rows of DP table...
2022-01-04 01:13:05,790 - root - DEBUG - Processing 2460-th line out of 5000 rows of DP table...
2022-01-04 01:13:06,744 - root - DEBUG - Processing 2470-th line out of 5000 rows of DP table...
2022-01-04 01:13:07,693 - root - DEBUG - Processing 2480-th line out of 5000 rows of DP table...
2022-01-04 01:13:08,650 - root - DEBUG - Processing 2490-th line out of 5000 rows of DP table...
2022-01-04 01:13:09,559 - root - DEBUG - Processing 2500-th line out of 5000 rows of DP table...
2022-01-04 01:13:10,465 - root - DEBUG - Processing 2510-th line out of 5000 rows of DP table...
2022-01-04 01:13:11,365 - root - DEBUG - Processing 2520-th line out of 5000 rows of DP table...
2022-01-04 01:13:12,264 - root - DEBUG - Processing 2530-th line out of 5000 rows of DP table...
2022-01-04 01:13:13,157 - root - DEBUG - Processing 2540-th line out of 5000 rows of DP table...
2022-01-04 01:13:14,048 - root - DEBUG - Processing 2550-th line out of 5000 rows of DP table...
2022-01-04 01:13:14,942 - root - DEBUG - Processing 2560-th line out of 5000 rows of DP table...
2022-01-04 01:13:15,827 - root - DEBUG - Processing 2570-th line out of 5000 rows of DP table...
2022-01-04 01:13:16,712 - root - DEBUG - Processing 2580-th line out of 5000 rows of DP table...
2022-01-04 01:13:17,618 - root - DEBUG - Processing 2590-th line out of 5000 rows of DP table...
2022-01-04 01:13:18,491 - root - DEBUG - Processing 2600-th line out of 5000 rows of DP table...
2022-01-04 01:13:19,378 - root - DEBUG - Processing 2610-th line out of 5000 rows of DP table...
2022-01-04 01:13:20,692 - root - DEBUG - Processing 2620-th line out of 5000 rows of DP table...
2022-01-04 01:13:21,840 - root - DEBUG - Processing 2630-th line out of 5000 rows of DP table...
2022-01-04 01:13:22,700 - root - DEBUG - Processing 2640-th line out of 5000 rows of DP table...
2022-01-04 01:13:23,595 - root - DEBUG - Processing 2650-th line out of 5000 rows of DP table...
2022-01-04 01:13:24,446 - root - DEBUG - Processing 2660-th line out of 5000 rows of DP table...
2022-01-04 01:13:25,311 - root - DEBUG - Processing 2670-th line out of 5000 rows of DP table...
2022-01-04 01:13:26,160 - root - DEBUG - Processing 2680-th line out of 5000 rows of DP table...
2022-01-04 01:13:27,043 - root - DEBUG - Processing 2690-th line out of 5000 rows of DP table...
2022-01-04 01:13:27,884 - root - DEBUG - Processing 2700-th line out of 5000 rows of DP table...
2022-01-04 01:13:28,724 - root - DEBUG - Processing 2710-th line out of 5000 rows of DP table...
2022-01-04 01:13:29,557 - root - DEBUG - Processing 2720-th line out of 5000 rows of DP table...
2022-01-04 01:13:30,409 - root - DEBUG - Processing 2730-th line out of 5000 rows of DP table...
2022-01-04 01:13:31,254 - root - DEBUG - Processing 2740-th line out of 5000 rows of DP table...
2022-01-04 01:13:32,079 - root - DEBUG - Processing 2750-th line out of 5000 rows of DP table...
2022-01-04 01:13:32,897 - root - DEBUG - Processing 2760-th line out of 5000 rows of DP table...
2022-01-04 01:13:33,713 - root - DEBUG - Processing 2770-th line out of 5000 rows of DP table...
2022-01-04 01:13:34,525 - root - DEBUG - Processing 2780-th line out of 5000 rows of DP table...
2022-01-04 01:13:35,355 - root - DEBUG - Processing 2790-th line out of 5000 rows of DP table...
2022-01-04 01:13:36,381 - root - DEBUG - Processing 2800-th line out of 5000 rows of DP table...
2022-01-04 01:13:37,603 - root - DEBUG - Processing 2810-th line out of 5000 rows of DP table...
2022-01-04 01:13:38,520 - root - DEBUG - Processing 2820-th line out of 5000 rows of DP table...
2022-01-04 01:13:39,392 - root - DEBUG - Processing 2830-th line out of 5000 rows of DP table...
2022-01-04 01:13:40,257 - root - DEBUG - Processing 2840-th line out of 5000 rows of DP table...
2022-01-04 01:13:41,119 - root - DEBUG - Processing 2850-th line out of 5000 rows of DP table...
2022-01-04 01:13:41,978 - root - DEBUG - Processing 2860-th line out of 5000 rows of DP table...
2022-01-04 01:13:42,846 - root - DEBUG - Processing 2870-th line out of 5000 rows of DP table...
2022-01-04 01:13:43,701 - root - DEBUG - Processing 2880-th line out of 5000 rows of DP table...
2022-01-04 01:13:44,548 - root - DEBUG - Processing 2890-th line out of 5000 rows of DP table...
2022-01-04 01:13:45,405 - root - DEBUG - Processing 2900-th line out of 5000 rows of DP table...
2022-01-04 01:13:46,295 - root - DEBUG - Processing 2910-th line out of 5000 rows of DP table...
2022-01-04 01:13:47,162 - root - DEBUG - Processing 2920-th line out of 5000 rows of DP table...
2022-01-04 01:13:48,008 - root - DEBUG - Processing 2930-th line out of 5000 rows of DP table...
2022-01-04 01:13:48,840 - root - DEBUG - Processing 2940-th line out of 5000 rows of DP table...
2022-01-04 01:13:49,663 - root - DEBUG - Processing 2950-th line out of 5000 rows of DP table...
2022-01-04 01:13:50,484 - root - DEBUG - Processing 2960-th line out of 5000 rows of DP table...
2022-01-04 01:13:51,325 - root - DEBUG - Processing 2970-th line out of 5000 rows of DP table...
2022-01-04 01:13:52,139 - root - DEBUG - Processing 2980-th line out of 5000 rows of DP table...
2022-01-04 01:13:52,947 - root - DEBUG - Processing 2990-th line out of 5000 rows of DP table...
2022-01-04 01:13:53,769 - root - DEBUG - Processing 3000-th line out of 5000 rows of DP table...
2022-01-04 01:13:54,567 - root - DEBUG - Processing 3010-th line out of 5000 rows of DP table...
2022-01-04 01:13:55,362 - root - DEBUG - Processing 3020-th line out of 5000 rows of DP table...
2022-01-04 01:13:56,154 - root - DEBUG - Processing 3030-th line out of 5000 rows of DP table...
2022-01-04 01:13:56,961 - root - DEBUG - Processing 3040-th line out of 5000 rows of DP table...
2022-01-04 01:13:57,747 - root - DEBUG - Processing 3050-th line out of 5000 rows of DP table...
2022-01-04 01:13:58,526 - root - DEBUG - Processing 3060-th line out of 5000 rows of DP table...
2022-01-04 01:13:59,300 - root - DEBUG - Processing 3070-th line out of 5000 rows of DP table...
2022-01-04 01:14:00,070 - root - DEBUG - Processing 3080-th line out of 5000 rows of DP table...
2022-01-04 01:14:00,852 - root - DEBUG - Processing 3090-th line out of 5000 rows of DP table...
2022-01-04 01:14:01,616 - root - DEBUG - Processing 3100-th line out of 5000 rows of DP table...
2022-01-04 01:14:02,506 - root - DEBUG - Processing 3110-th line out of 5000 rows of DP table...
2022-01-04 01:14:03,414 - root - DEBUG - Processing 3120-th line out of 5000 rows of DP table...
2022-01-04 01:14:05,339 - root - DEBUG - Processing 3130-th line out of 5000 rows of DP table...
2022-01-04 01:14:06,089 - root - DEBUG - Processing 3140-th line out of 5000 rows of DP table...
2022-01-04 01:14:06,837 - root - DEBUG - Processing 3150-th line out of 5000 rows of DP table...
2022-01-04 01:14:07,603 - root - DEBUG - Processing 3160-th line out of 5000 rows of DP table...
2022-01-04 01:14:08,343 - root - DEBUG - Processing 3170-th line out of 5000 rows of DP table...
2022-01-04 01:14:09,076 - root - DEBUG - Processing 3180-th line out of 5000 rows of DP table...
2022-01-04 01:14:09,831 - root - DEBUG - Processing 3190-th line out of 5000 rows of DP table...
2022-01-04 01:14:10,554 - root - DEBUG - Processing 3200-th line out of 5000 rows of DP table...
2022-01-04 01:14:11,278 - root - DEBUG - Processing 3210-th line out of 5000 rows of DP table...
2022-01-04 01:14:11,996 - root - DEBUG - Processing 3220-th line out of 5000 rows of DP table...
2022-01-04 01:14:12,724 - root - DEBUG - Processing 3230-th line out of 5000 rows of DP table...
2022-01-04 01:14:13,437 - root - DEBUG - Processing 3240-th line out of 5000 rows of DP table...
2022-01-04 01:14:14,167 - root - DEBUG - Processing 3250-th line out of 5000 rows of DP table...
2022-01-04 01:14:14,870 - root - DEBUG - Processing 3260-th line out of 5000 rows of DP table...
2022-01-04 01:14:15,568 - root - DEBUG - Processing 3270-th line out of 5000 rows of DP table...
2022-01-04 01:14:16,299 - root - DEBUG - Processing 3280-th line out of 5000 rows of DP table...
2022-01-04 01:14:16,990 - root - DEBUG - Processing 3290-th line out of 5000 rows of DP table...
2022-01-04 01:14:17,702 - root - DEBUG - Processing 3300-th line out of 5000 rows of DP table...
2022-01-04 01:14:18,384 - root - DEBUG - Processing 3310-th line out of 5000 rows of DP table...
2022-01-04 01:14:19,065 - root - DEBUG - Processing 3320-th line out of 5000 rows of DP table...
2022-01-04 01:14:19,764 - root - DEBUG - Processing 3330-th line out of 5000 rows of DP table...
2022-01-04 01:14:20,440 - root - DEBUG - Processing 3340-th line out of 5000 rows of DP table...
2022-01-04 01:14:21,109 - root - DEBUG - Processing 3350-th line out of 5000 rows of DP table...
2022-01-04 01:14:21,774 - root - DEBUG - Processing 3360-th line out of 5000 rows of DP table...
2022-01-04 01:14:22,435 - root - DEBUG - Processing 3370-th line out of 5000 rows of DP table...
2022-01-04 01:14:23,097 - root - DEBUG - Processing 3380-th line out of 5000 rows of DP table...
2022-01-04 01:14:23,750 - root - DEBUG - Processing 3390-th line out of 5000 rows of DP table...
2022-01-04 01:14:24,424 - root - DEBUG - Processing 3400-th line out of 5000 rows of DP table...
2022-01-04 01:14:25,929 - root - DEBUG - Processing 3410-th line out of 5000 rows of DP table...
2022-01-04 01:14:27,852 - root - DEBUG - Processing 3420-th line out of 5000 rows of DP table...
2022-01-04 01:14:28,581 - root - DEBUG - Processing 3430-th line out of 5000 rows of DP table...
2022-01-04 01:14:29,290 - root - DEBUG - Processing 3440-th line out of 5000 rows of DP table...
2022-01-04 01:14:29,919 - root - DEBUG - Processing 3450-th line out of 5000 rows of DP table...
2022-01-04 01:14:30,546 - root - DEBUG - Processing 3460-th line out of 5000 rows of DP table...
2022-01-04 01:14:31,170 - root - DEBUG - Processing 3470-th line out of 5000 rows of DP table...
2022-01-04 01:14:31,792 - root - DEBUG - Processing 3480-th line out of 5000 rows of DP table...
2022-01-04 01:14:32,410 - root - DEBUG - Processing 3490-th line out of 5000 rows of DP table...
2022-01-04 01:14:33,020 - root - DEBUG - Processing 3500-th line out of 5000 rows of DP table...
2022-01-04 01:14:33,629 - root - DEBUG - Processing 3510-th line out of 5000 rows of DP table...
2022-01-04 01:14:34,238 - root - DEBUG - Processing 3520-th line out of 5000 rows of DP table...
2022-01-04 01:14:34,840 - root - DEBUG - Processing 3530-th line out of 5000 rows of DP table...
2022-01-04 01:14:35,456 - root - DEBUG - Processing 3540-th line out of 5000 rows of DP table...
2022-01-04 01:14:36,050 - root - DEBUG - Processing 3550-th line out of 5000 rows of DP table...
2022-01-04 01:14:36,636 - root - DEBUG - Processing 3560-th line out of 5000 rows of DP table...
2022-01-04 01:14:37,220 - root - DEBUG - Processing 3570-th line out of 5000 rows of DP table...
2022-01-04 01:14:37,799 - root - DEBUG - Processing 3580-th line out of 5000 rows of DP table...
2022-01-04 01:14:38,374 - root - DEBUG - Processing 3590-th line out of 5000 rows of DP table...
2022-01-04 01:14:38,986 - root - DEBUG - Processing 3600-th line out of 5000 rows of DP table...
2022-01-04 01:14:39,556 - root - DEBUG - Processing 3610-th line out of 5000 rows of DP table...
2022-01-04 01:14:40,126 - root - DEBUG - Processing 3620-th line out of 5000 rows of DP table...
2022-01-04 01:14:40,687 - root - DEBUG - Processing 3630-th line out of 5000 rows of DP table...
2022-01-04 01:14:41,244 - root - DEBUG - Processing 3640-th line out of 5000 rows of DP table...
2022-01-04 01:14:41,796 - root - DEBUG - Processing 3650-th line out of 5000 rows of DP table...
2022-01-04 01:14:42,346 - root - DEBUG - Processing 3660-th line out of 5000 rows of DP table...
2022-01-04 01:14:42,892 - root - DEBUG - Processing 3670-th line out of 5000 rows of DP table...
2022-01-04 01:14:43,438 - root - DEBUG - Processing 3680-th line out of 5000 rows of DP table...
2022-01-04 01:14:43,973 - root - DEBUG - Processing 3690-th line out of 5000 rows of DP table...
2022-01-04 01:14:44,533 - root - DEBUG - Processing 3700-th line out of 5000 rows of DP table...
2022-01-04 01:14:45,078 - root - DEBUG - Processing 3710-th line out of 5000 rows of DP table...
2022-01-04 01:14:45,604 - root - DEBUG - Processing 3720-th line out of 5000 rows of DP table...
2022-01-04 01:14:46,128 - root - DEBUG - Processing 3730-th line out of 5000 rows of DP table...
2022-01-04 01:14:46,648 - root - DEBUG - Processing 3740-th line out of 5000 rows of DP table...
2022-01-04 01:14:47,178 - root - DEBUG - Processing 3750-th line out of 5000 rows of DP table...
2022-01-04 01:14:47,749 - root - DEBUG - Processing 3760-th line out of 5000 rows of DP table...
2022-01-04 01:14:48,257 - root - DEBUG - Processing 3770-th line out of 5000 rows of DP table...
2022-01-04 01:14:48,760 - root - DEBUG - Processing 3780-th line out of 5000 rows of DP table...
2022-01-04 01:14:49,385 - root - DEBUG - Processing 3790-th line out of 5000 rows of DP table...
2022-01-04 01:14:49,883 - root - DEBUG - Processing 3800-th line out of 5000 rows of DP table...
2022-01-04 01:14:50,373 - root - DEBUG - Processing 3810-th line out of 5000 rows of DP table...
2022-01-04 01:14:50,858 - root - DEBUG - Processing 3820-th line out of 5000 rows of DP table...
2022-01-04 01:14:51,341 - root - DEBUG - Processing 3830-th line out of 5000 rows of DP table...
2022-01-04 01:14:51,817 - root - DEBUG - Processing 3840-th line out of 5000 rows of DP table...
2022-01-04 01:14:52,294 - root - DEBUG - Processing 3850-th line out of 5000 rows of DP table...
2022-01-04 01:14:52,767 - root - DEBUG - Processing 3860-th line out of 5000 rows of DP table...
2022-01-04 01:14:53,234 - root - DEBUG - Processing 3870-th line out of 5000 rows of DP table...
2022-01-04 01:14:53,698 - root - DEBUG - Processing 3880-th line out of 5000 rows of DP table...
2022-01-04 01:14:54,159 - root - DEBUG - Processing 3890-th line out of 5000 rows of DP table...
2022-01-04 01:14:54,615 - root - DEBUG - Processing 3900-th line out of 5000 rows of DP table...
2022-01-04 01:14:55,065 - root - DEBUG - Processing 3910-th line out of 5000 rows of DP table...
2022-01-04 01:14:55,514 - root - DEBUG - Processing 3920-th line out of 5000 rows of DP table...
2022-01-04 01:14:55,957 - root - DEBUG - Processing 3930-th line out of 5000 rows of DP table...
2022-01-04 01:14:56,543 - root - DEBUG - Processing 3940-th line out of 5000 rows of DP table...
2022-01-04 01:14:56,980 - root - DEBUG - Processing 3950-th line out of 5000 rows of DP table...
2022-01-04 01:14:57,415 - root - DEBUG - Processing 3960-th line out of 5000 rows of DP table...
2022-01-04 01:14:58,351 - root - DEBUG - Processing 3970-th line out of 5000 rows of DP table...
2022-01-04 01:14:59,021 - root - DEBUG - Processing 3980-th line out of 5000 rows of DP table...
2022-01-04 01:14:59,901 - root - DEBUG - Processing 3990-th line out of 5000 rows of DP table...
2022-01-04 01:15:00,939 - root - DEBUG - Processing 4000-th line out of 5000 rows of DP table...
2022-01-04 01:15:01,747 - root - DEBUG - Processing 4010-th line out of 5000 rows of DP table...
2022-01-04 01:15:02,259 - root - DEBUG - Processing 4020-th line out of 5000 rows of DP table...
2022-01-04 01:15:02,664 - root - DEBUG - Processing 4030-th line out of 5000 rows of DP table...
2022-01-04 01:15:03,068 - root - DEBUG - Processing 4040-th line out of 5000 rows of DP table...
2022-01-04 01:15:03,520 - root - DEBUG - Processing 4050-th line out of 5000 rows of DP table...
2022-01-04 01:15:03,918 - root - DEBUG - Processing 4060-th line out of 5000 rows of DP table...
2022-01-04 01:15:04,309 - root - DEBUG - Processing 4070-th line out of 5000 rows of DP table...
2022-01-04 01:15:04,697 - root - DEBUG - Processing 4080-th line out of 5000 rows of DP table...
2022-01-04 01:15:05,081 - root - DEBUG - Processing 4090-th line out of 5000 rows of DP table...
2022-01-04 01:15:05,460 - root - DEBUG - Processing 4100-th line out of 5000 rows of DP table...
2022-01-04 01:15:05,836 - root - DEBUG - Processing 4110-th line out of 5000 rows of DP table...
2022-01-04 01:15:06,209 - root - DEBUG - Processing 4120-th line out of 5000 rows of DP table...
2022-01-04 01:15:06,576 - root - DEBUG - Processing 4130-th line out of 5000 rows of DP table...
2022-01-04 01:15:06,937 - root - DEBUG - Processing 4140-th line out of 5000 rows of DP table...
2022-01-04 01:15:07,297 - root - DEBUG - Processing 4150-th line out of 5000 rows of DP table...
2022-01-04 01:15:07,683 - root - DEBUG - Processing 4160-th line out of 5000 rows of DP table...
2022-01-04 01:15:08,035 - root - DEBUG - Processing 4170-th line out of 5000 rows of DP table...
2022-01-04 01:15:08,418 - root - DEBUG - Processing 4180-th line out of 5000 rows of DP table...
2022-01-04 01:15:08,762 - root - DEBUG - Processing 4190-th line out of 5000 rows of DP table...
2022-01-04 01:15:09,102 - root - DEBUG - Processing 4200-th line out of 5000 rows of DP table...
2022-01-04 01:15:09,438 - root - DEBUG - Processing 4210-th line out of 5000 rows of DP table...
2022-01-04 01:15:09,772 - root - DEBUG - Processing 4220-th line out of 5000 rows of DP table...
2022-01-04 01:15:10,100 - root - DEBUG - Processing 4230-th line out of 5000 rows of DP table...
2022-01-04 01:15:10,425 - root - DEBUG - Processing 4240-th line out of 5000 rows of DP table...
2022-01-04 01:15:10,747 - root - DEBUG - Processing 4250-th line out of 5000 rows of DP table...
2022-01-04 01:15:11,063 - root - DEBUG - Processing 4260-th line out of 5000 rows of DP table...
2022-01-04 01:15:11,378 - root - DEBUG - Processing 4270-th line out of 5000 rows of DP table...
2022-01-04 01:15:11,686 - root - DEBUG - Processing 4280-th line out of 5000 rows of DP table...
2022-01-04 01:15:11,991 - root - DEBUG - Processing 4290-th line out of 5000 rows of DP table...
2022-01-04 01:15:12,292 - root - DEBUG - Processing 4300-th line out of 5000 rows of DP table...
2022-01-04 01:15:12,612 - root - DEBUG - Processing 4310-th line out of 5000 rows of DP table...
2022-01-04 01:15:12,906 - root - DEBUG - Processing 4320-th line out of 5000 rows of DP table...
2022-01-04 01:15:13,197 - root - DEBUG - Processing 4330-th line out of 5000 rows of DP table...
2022-01-04 01:15:13,482 - root - DEBUG - Processing 4340-th line out of 5000 rows of DP table...
2022-01-04 01:15:13,765 - root - DEBUG - Processing 4350-th line out of 5000 rows of DP table...
2022-01-04 01:15:14,044 - root - DEBUG - Processing 4360-th line out of 5000 rows of DP table...
2022-01-04 01:15:14,317 - root - DEBUG - Processing 4370-th line out of 5000 rows of DP table...
2022-01-04 01:15:14,606 - root - DEBUG - Processing 4380-th line out of 5000 rows of DP table...
2022-01-04 01:15:14,873 - root - DEBUG - Processing 4390-th line out of 5000 rows of DP table...
2022-01-04 01:15:15,136 - root - DEBUG - Processing 4400-th line out of 5000 rows of DP table...
2022-01-04 01:15:15,395 - root - DEBUG - Processing 4410-th line out of 5000 rows of DP table...
2022-01-04 01:15:15,651 - root - DEBUG - Processing 4420-th line out of 5000 rows of DP table...
2022-01-04 01:15:15,901 - root - DEBUG - Processing 4430-th line out of 5000 rows of DP table...
2022-01-04 01:15:16,147 - root - DEBUG - Processing 4440-th line out of 5000 rows of DP table...
2022-01-04 01:15:16,391 - root - DEBUG - Processing 4450-th line out of 5000 rows of DP table...
2022-01-04 01:15:16,649 - root - DEBUG - Processing 4460-th line out of 5000 rows of DP table...
2022-01-04 01:15:16,883 - root - DEBUG - Processing 4470-th line out of 5000 rows of DP table...
2022-01-04 01:15:17,117 - root - DEBUG - Processing 4480-th line out of 5000 rows of DP table...
2022-01-04 01:15:17,344 - root - DEBUG - Processing 4490-th line out of 5000 rows of DP table...
2022-01-04 01:15:17,568 - root - DEBUG - Processing 4500-th line out of 5000 rows of DP table...
2022-01-04 01:15:17,789 - root - DEBUG - Processing 4510-th line out of 5000 rows of DP table...
2022-01-04 01:15:18,023 - root - DEBUG - Processing 4520-th line out of 5000 rows of DP table...
2022-01-04 01:15:18,237 - root - DEBUG - Processing 4530-th line out of 5000 rows of DP table...
2022-01-04 01:15:18,446 - root - DEBUG - Processing 4540-th line out of 5000 rows of DP table...
2022-01-04 01:15:18,649 - root - DEBUG - Processing 4550-th line out of 5000 rows of DP table...
2022-01-04 01:15:18,850 - root - DEBUG - Processing 4560-th line out of 5000 rows of DP table...
2022-01-04 01:15:19,046 - root - DEBUG - Processing 4570-th line out of 5000 rows of DP table...
2022-01-04 01:15:19,239 - root - DEBUG - Processing 4580-th line out of 5000 rows of DP table...
2022-01-04 01:15:19,428 - root - DEBUG - Processing 4590-th line out of 5000 rows of DP table...
2022-01-04 01:15:19,646 - root - DEBUG - Processing 4600-th line out of 5000 rows of DP table...
2022-01-04 01:15:19,828 - root - DEBUG - Processing 4610-th line out of 5000 rows of DP table...
2022-01-04 01:15:20,007 - root - DEBUG - Processing 4620-th line out of 5000 rows of DP table...
2022-01-04 01:15:20,181 - root - DEBUG - Processing 4630-th line out of 5000 rows of DP table...
2022-01-04 01:15:20,351 - root - DEBUG - Processing 4640-th line out of 5000 rows of DP table...
2022-01-04 01:15:20,516 - root - DEBUG - Processing 4650-th line out of 5000 rows of DP table...
2022-01-04 01:15:20,678 - root - DEBUG - Processing 4660-th line out of 5000 rows of DP table...
2022-01-04 01:15:20,837 - root - DEBUG - Processing 4670-th line out of 5000 rows of DP table...
2022-01-04 01:15:20,992 - root - DEBUG - Processing 4680-th line out of 5000 rows of DP table...
2022-01-04 01:15:21,143 - root - DEBUG - Processing 4690-th line out of 5000 rows of DP table...
2022-01-04 01:15:21,290 - root - DEBUG - Processing 4700-th line out of 5000 rows of DP table...
2022-01-04 01:15:21,448 - root - DEBUG - Processing 4710-th line out of 5000 rows of DP table...
2022-01-04 01:15:21,588 - root - DEBUG - Processing 4720-th line out of 5000 rows of DP table...
2022-01-04 01:15:21,724 - root - DEBUG - Processing 4730-th line out of 5000 rows of DP table...
2022-01-04 01:15:21,854 - root - DEBUG - Processing 4740-th line out of 5000 rows of DP table...
2022-01-04 01:15:21,982 - root - DEBUG - Processing 4750-th line out of 5000 rows of DP table...
2022-01-04 01:15:22,106 - root - DEBUG - Processing 4760-th line out of 5000 rows of DP table...
2022-01-04 01:15:22,225 - root - DEBUG - Processing 4770-th line out of 5000 rows of DP table...
2022-01-04 01:15:22,341 - root - DEBUG - Processing 4780-th line out of 5000 rows of DP table...
2022-01-04 01:15:22,477 - root - DEBUG - Processing 4790-th line out of 5000 rows of DP table...
2022-01-04 01:15:22,586 - root - DEBUG - Processing 4800-th line out of 5000 rows of DP table...
2022-01-04 01:15:22,690 - root - DEBUG - Processing 4810-th line out of 5000 rows of DP table...
2022-01-04 01:15:22,791 - root - DEBUG - Processing 4820-th line out of 5000 rows of DP table...
2022-01-04 01:15:22,888 - root - DEBUG - Processing 4830-th line out of 5000 rows of DP table...
2022-01-04 01:15:22,981 - root - DEBUG - Processing 4840-th line out of 5000 rows of DP table...
2022-01-04 01:15:23,071 - root - DEBUG - Processing 4850-th line out of 5000 rows of DP table...
2022-01-04 01:15:23,155 - root - DEBUG - Processing 4860-th line out of 5000 rows of DP table...
2022-01-04 01:15:23,236 - root - DEBUG - Processing 4870-th line out of 5000 rows of DP table...
2022-01-04 01:15:23,313 - root - DEBUG - Processing 4880-th line out of 5000 rows of DP table...
2022-01-04 01:15:23,386 - root - DEBUG - Processing 4890-th line out of 5000 rows of DP table...
2022-01-04 01:15:23,455 - root - DEBUG - Processing 4900-th line out of 5000 rows of DP table...
2022-01-04 01:15:23,520 - root - DEBUG - Processing 4910-th line out of 5000 rows of DP table...
2022-01-04 01:15:23,581 - root - DEBUG - Processing 4920-th line out of 5000 rows of DP table...
2022-01-04 01:15:23,639 - root - DEBUG - Processing 4930-th line out of 5000 rows of DP table...
2022-01-04 01:15:23,704 - root - DEBUG - Processing 4940-th line out of 5000 rows of DP table...
2022-01-04 01:15:23,754 - root - DEBUG - Processing 4950-th line out of 5000 rows of DP table...
2022-01-04 01:15:23,801 - root - DEBUG - Processing 4960-th line out of 5000 rows of DP table...
2022-01-04 01:15:23,843 - root - DEBUG - Processing 4970-th line out of 5000 rows of DP table...
2022-01-04 01:15:23,882 - root - DEBUG - Processing 4980-th line out of 5000 rows of DP table...
2022-01-04 01:15:23,917 - root - DEBUG - Processing 4990-th line out of 5000 rows of DP table...
2022-01-04 01:15:23,947 - root - DEBUG - Processing 5000-th line out of 5000 rows of DP table...
2022-01-04 01:15:23,986 - root - DEBUG - Started computing joint logprobs...
