2022-01-04 01:07:14,577 - root - INFO - Loading reference interval set from '211221-1-sim-data-time/g15_0.ref.tsv'...
2022-01-04 01:07:14,584 - root - INFO - Loading query interval set from '211221-1-sim-data-time/g15_0.query.tsv'...
2022-01-04 01:07:14,588 - root - INFO - Loading chromosome sizes from '211221-1-sim-data-time/g15_sizes.tsv'...
2022-01-04 01:07:14,640 - root - INFO - Number of reference intervals: 5000 (5000 before merging)
2022-01-04 01:07:14,690 - root - INFO - Number of query intervals: 50 (50 before merging)
2022-01-04 01:07:14,723 - root - INFO - Number of chromosomes: 1
2022-01-04 01:07:14,735 - root - INFO - Overlap count: 1009
2022-01-04 01:07:14,737 - root - DEBUG - Started computing sf for chromosome 'chr1'...
2022-01-04 01:07:14,739 - root - DEBUG - m=5000, n=50
2022-01-04 01:07:16,817 - root - DEBUG - Processing 10-th line out of 5000 rows of DP table...
2022-01-04 01:07:19,044 - root - DEBUG - Processing 20-th line out of 5000 rows of DP table...
2022-01-04 01:07:21,233 - root - DEBUG - Processing 30-th line out of 5000 rows of DP table...
2022-01-04 01:07:23,410 - root - DEBUG - Processing 40-th line out of 5000 rows of DP table...
2022-01-04 01:07:25,601 - root - DEBUG - Processing 50-th line out of 5000 rows of DP table...
2022-01-04 01:07:27,773 - root - DEBUG - Processing 60-th line out of 5000 rows of DP table...
2022-01-04 01:07:29,966 - root - DEBUG - Processing 70-th line out of 5000 rows of DP table...
2022-01-04 01:07:32,127 - root - DEBUG - Processing 80-th line out of 5000 rows of DP table...
2022-01-04 01:07:34,288 - root - DEBUG - Processing 90-th line out of 5000 rows of DP table...
2022-01-04 01:07:36,485 - root - DEBUG - Processing 100-th line out of 5000 rows of DP table...
2022-01-04 01:07:38,643 - root - DEBUG - Processing 110-th line out of 5000 rows of DP table...
2022-01-04 01:07:40,795 - root - DEBUG - Processing 120-th line out of 5000 rows of DP table...
2022-01-04 01:07:42,939 - root - DEBUG - Processing 130-th line out of 5000 rows of DP table...
2022-01-04 01:07:45,104 - root - DEBUG - Processing 140-th line out of 5000 rows of DP table...
2022-01-04 01:07:47,258 - root - DEBUG - Processing 150-th line out of 5000 rows of DP table...
2022-01-04 01:07:49,398 - root - DEBUG - Processing 160-th line out of 5000 rows of DP table...
2022-01-04 01:07:51,531 - root - DEBUG - Processing 170-th line out of 5000 rows of DP table...
2022-01-04 01:07:53,653 - root - DEBUG - Processing 180-th line out of 5000 rows of DP table...
2022-01-04 01:07:55,795 - root - DEBUG - Processing 190-th line out of 5000 rows of DP table...
2022-01-04 01:07:57,905 - root - DEBUG - Processing 200-th line out of 5000 rows of DP table...
2022-01-04 01:08:00,026 - root - DEBUG - Processing 210-th line out of 5000 rows of DP table...
2022-01-04 01:08:02,155 - root - DEBUG - Processing 220-th line out of 5000 rows of DP table...
2022-01-04 01:08:04,258 - root - DEBUG - Processing 230-th line out of 5000 rows of DP table...
2022-01-04 01:08:06,428 - root - DEBUG - Processing 240-th line out of 5000 rows of DP table...
2022-01-04 01:08:08,524 - root - DEBUG - Processing 250-th line out of 5000 rows of DP table...
2022-01-04 01:08:11,182 - root - DEBUG - Processing 260-th line out of 5000 rows of DP table...
2022-01-04 01:08:13,269 - root - DEBUG - Processing 270-th line out of 5000 rows of DP table...
2022-01-04 01:08:15,348 - root - DEBUG - Processing 280-th line out of 5000 rows of DP table...
2022-01-04 01:08:17,426 - root - DEBUG - Processing 290-th line out of 5000 rows of DP table...
2022-01-04 01:08:19,505 - root - DEBUG - Processing 300-th line out of 5000 rows of DP table...
2022-01-04 01:08:21,567 - root - DEBUG - Processing 310-th line out of 5000 rows of DP table...
2022-01-04 01:08:23,629 - root - DEBUG - Processing 320-th line out of 5000 rows of DP table...
2022-01-04 01:08:25,686 - root - DEBUG - Processing 330-th line out of 5000 rows of DP table...
2022-01-04 01:08:27,741 - root - DEBUG - Processing 340-th line out of 5000 rows of DP table...
2022-01-04 01:08:29,800 - root - DEBUG - Processing 350-th line out of 5000 rows of DP table...
2022-01-04 01:08:31,870 - root - DEBUG - Processing 360-th line out of 5000 rows of DP table...
2022-01-04 01:08:33,912 - root - DEBUG - Processing 370-th line out of 5000 rows of DP table...
2022-01-04 01:08:35,960 - root - DEBUG - Processing 380-th line out of 5000 rows of DP table...
2022-01-04 01:08:37,975 - root - DEBUG - Processing 390-th line out of 5000 rows of DP table...
2022-01-04 01:08:40,002 - root - DEBUG - Processing 400-th line out of 5000 rows of DP table...
2022-01-04 01:08:42,023 - root - DEBUG - Processing 410-th line out of 5000 rows of DP table...
2022-01-04 01:08:44,047 - root - DEBUG - Processing 420-th line out of 5000 rows of DP table...
2022-01-04 01:08:46,064 - root - DEBUG - Processing 430-th line out of 5000 rows of DP table...
2022-01-04 01:08:48,076 - root - DEBUG - Processing 440-th line out of 5000 rows of DP table...
2022-01-04 01:08:50,086 - root - DEBUG - Processing 450-th line out of 5000 rows of DP table...
2022-01-04 01:08:52,076 - root - DEBUG - Processing 460-th line out of 5000 rows of DP table...
2022-01-04 01:08:54,079 - root - DEBUG - Processing 470-th line out of 5000 rows of DP table...
2022-01-04 01:08:56,070 - root - DEBUG - Processing 480-th line out of 5000 rows of DP table...
2022-01-04 01:08:58,083 - root - DEBUG - Processing 490-th line out of 5000 rows of DP table...
2022-01-04 01:09:00,068 - root - DEBUG - Processing 500-th line out of 5000 rows of DP table...
2022-01-04 01:09:02,050 - root - DEBUG - Processing 510-th line out of 5000 rows of DP table...
2022-01-04 01:09:04,029 - root - DEBUG - Processing 520-th line out of 5000 rows of DP table...
2022-01-04 01:09:05,993 - root - DEBUG - Processing 530-th line out of 5000 rows of DP table...
2022-01-04 01:09:07,959 - root - DEBUG - Processing 540-th line out of 5000 rows of DP table...
2022-01-04 01:09:09,918 - root - DEBUG - Processing 550-th line out of 5000 rows of DP table...
2022-01-04 01:09:11,890 - root - DEBUG - Processing 560-th line out of 5000 rows of DP table...
2022-01-04 01:09:13,848 - root - DEBUG - Processing 570-th line out of 5000 rows of DP table...
2022-01-04 01:09:15,800 - root - DEBUG - Processing 580-th line out of 5000 rows of DP table...
2022-01-04 01:09:17,747 - root - DEBUG - Processing 590-th line out of 5000 rows of DP table...
2022-01-04 01:09:19,687 - root - DEBUG - Processing 600-th line out of 5000 rows of DP table...
2022-01-04 01:09:21,642 - root - DEBUG - Processing 610-th line out of 5000 rows of DP table...
2022-01-04 01:09:23,595 - root - DEBUG - Processing 620-th line out of 5000 rows of DP table...
2022-01-04 01:09:25,528 - root - DEBUG - Processing 630-th line out of 5000 rows of DP table...
2022-01-04 01:09:27,451 - root - DEBUG - Processing 640-th line out of 5000 rows of DP table...
2022-01-04 01:09:29,376 - root - DEBUG - Processing 650-th line out of 5000 rows of DP table...
2022-01-04 01:09:31,285 - root - DEBUG - Processing 660-th line out of 5000 rows of DP table...
2022-01-04 01:09:33,219 - root - DEBUG - Processing 670-th line out of 5000 rows of DP table...
2022-01-04 01:09:35,126 - root - DEBUG - Processing 680-th line out of 5000 rows of DP table...
2022-01-04 01:09:37,027 - root - DEBUG - Processing 690-th line out of 5000 rows of DP table...
2022-01-04 01:09:38,920 - root - DEBUG - Processing 700-th line out of 5000 rows of DP table...
2022-01-04 01:09:40,813 - root - DEBUG - Processing 710-th line out of 5000 rows of DP table...
2022-01-04 01:09:42,714 - root - DEBUG - Processing 720-th line out of 5000 rows of DP table...
2022-01-04 01:09:44,631 - root - DEBUG - Processing 730-th line out of 5000 rows of DP table...
2022-01-04 01:09:46,516 - root - DEBUG - Processing 740-th line out of 5000 rows of DP table...
2022-01-04 01:09:48,409 - root - DEBUG - Processing 750-th line out of 5000 rows of DP table...
2022-01-04 01:09:50,282 - root - DEBUG - Processing 760-th line out of 5000 rows of DP table...
2022-01-04 01:09:52,142 - root - DEBUG - Processing 770-th line out of 5000 rows of DP table...
2022-01-04 01:09:54,000 - root - DEBUG - Processing 780-th line out of 5000 rows of DP table...
2022-01-04 01:09:55,856 - root - DEBUG - Processing 790-th line out of 5000 rows of DP table...
2022-01-04 01:09:57,749 - root - DEBUG - Processing 800-th line out of 5000 rows of DP table...
2022-01-04 01:09:59,592 - root - DEBUG - Processing 810-th line out of 5000 rows of DP table...
2022-01-04 01:10:01,436 - root - DEBUG - Processing 820-th line out of 5000 rows of DP table...
2022-01-04 01:10:03,288 - root - DEBUG - Processing 830-th line out of 5000 rows of DP table...
2022-01-04 01:10:05,122 - root - DEBUG - Processing 840-th line out of 5000 rows of DP table...
2022-01-04 01:10:06,954 - root - DEBUG - Processing 850-th line out of 5000 rows of DP table...
2022-01-04 01:10:08,821 - root - DEBUG - Processing 860-th line out of 5000 rows of DP table...
2022-01-04 01:10:10,634 - root - DEBUG - Processing 870-th line out of 5000 rows of DP table...
2022-01-04 01:10:12,442 - root - DEBUG - Processing 880-th line out of 5000 rows of DP table...
2022-01-04 01:10:14,734 - root - DEBUG - Processing 890-th line out of 5000 rows of DP table...
2022-01-04 01:10:16,544 - root - DEBUG - Processing 900-th line out of 5000 rows of DP table...
2022-01-04 01:10:18,353 - root - DEBUG - Processing 910-th line out of 5000 rows of DP table...
2022-01-04 01:10:20,161 - root - DEBUG - Processing 920-th line out of 5000 rows of DP table...
2022-01-04 01:10:21,950 - root - DEBUG - Processing 930-th line out of 5000 rows of DP table...
2022-01-04 01:10:23,796 - root - DEBUG - Processing 940-th line out of 5000 rows of DP table...
2022-01-04 01:10:25,586 - root - DEBUG - Processing 950-th line out of 5000 rows of DP table...
2022-01-04 01:10:27,370 - root - DEBUG - Processing 960-th line out of 5000 rows of DP table...
2022-01-04 01:10:29,167 - root - DEBUG - Processing 970-th line out of 5000 rows of DP table...
2022-01-04 01:10:30,943 - root - DEBUG - Processing 980-th line out of 5000 rows of DP table...
2022-01-04 01:10:32,715 - root - DEBUG - Processing 990-th line out of 5000 rows of DP table...
2022-01-04 01:10:34,476 - root - DEBUG - Processing 1000-th line out of 5000 rows of DP table...
2022-01-04 01:10:36,235 - root - DEBUG - Processing 1010-th line out of 5000 rows of DP table...
2022-01-04 01:10:37,993 - root - DEBUG - Processing 1020-th line out of 5000 rows of DP table...
2022-01-04 01:10:39,750 - root - DEBUG - Processing 1030-th line out of 5000 rows of DP table...
2022-01-04 01:10:41,500 - root - DEBUG - Processing 1040-th line out of 5000 rows of DP table...
2022-01-04 01:10:43,242 - root - DEBUG - Processing 1050-th line out of 5000 rows of DP table...
2022-01-04 01:10:44,983 - root - DEBUG - Processing 1060-th line out of 5000 rows of DP table...
2022-01-04 01:10:46,717 - root - DEBUG - Processing 1070-th line out of 5000 rows of DP table...
2022-01-04 01:10:48,614 - root - DEBUG - Processing 1080-th line out of 5000 rows of DP table...
2022-01-04 01:10:50,337 - root - DEBUG - Processing 1090-th line out of 5000 rows of DP table...
2022-01-04 01:10:52,062 - root - DEBUG - Processing 1100-th line out of 5000 rows of DP table...
2022-01-04 01:10:53,793 - root - DEBUG - Processing 1110-th line out of 5000 rows of DP table...
2022-01-04 01:10:55,539 - root - DEBUG - Processing 1120-th line out of 5000 rows of DP table...
2022-01-04 01:10:57,248 - root - DEBUG - Processing 1130-th line out of 5000 rows of DP table...
2022-01-04 01:10:58,957 - root - DEBUG - Processing 1140-th line out of 5000 rows of DP table...
2022-01-04 01:11:00,678 - root - DEBUG - Processing 1150-th line out of 5000 rows of DP table...
2022-01-04 01:11:02,375 - root - DEBUG - Processing 1160-th line out of 5000 rows of DP table...
2022-01-04 01:11:04,083 - root - DEBUG - Processing 1170-th line out of 5000 rows of DP table...
2022-01-04 01:11:05,766 - root - DEBUG - Processing 1180-th line out of 5000 rows of DP table...
2022-01-04 01:11:07,452 - root - DEBUG - Processing 1190-th line out of 5000 rows of DP table...
2022-01-04 01:11:09,153 - root - DEBUG - Processing 1200-th line out of 5000 rows of DP table...
2022-01-04 01:11:10,898 - root - DEBUG - Processing 1210-th line out of 5000 rows of DP table...
2022-01-04 01:11:12,569 - root - DEBUG - Processing 1220-th line out of 5000 rows of DP table...
2022-01-04 01:11:14,254 - root - DEBUG - Processing 1230-th line out of 5000 rows of DP table...
2022-01-04 01:11:15,910 - root - DEBUG - Processing 1240-th line out of 5000 rows of DP table...
2022-01-04 01:11:17,573 - root - DEBUG - Processing 1250-th line out of 5000 rows of DP table...
2022-01-04 01:11:19,348 - root - DEBUG - Processing 1260-th line out of 5000 rows of DP table...
2022-01-04 01:11:21,263 - root - DEBUG - Processing 1270-th line out of 5000 rows of DP table...
2022-01-04 01:11:22,889 - root - DEBUG - Processing 1280-th line out of 5000 rows of DP table...
2022-01-04 01:11:24,834 - root - DEBUG - Processing 1290-th line out of 5000 rows of DP table...
2022-01-04 01:11:26,479 - root - DEBUG - Processing 1300-th line out of 5000 rows of DP table...
2022-01-04 01:11:28,111 - root - DEBUG - Processing 1310-th line out of 5000 rows of DP table...
2022-01-04 01:11:29,754 - root - DEBUG - Processing 1320-th line out of 5000 rows of DP table...
2022-01-04 01:11:31,376 - root - DEBUG - Processing 1330-th line out of 5000 rows of DP table...
2022-01-04 01:11:32,988 - root - DEBUG - Processing 1340-th line out of 5000 rows of DP table...
2022-01-04 01:11:34,604 - root - DEBUG - Processing 1350-th line out of 5000 rows of DP table...
2022-01-04 01:11:36,208 - root - DEBUG - Processing 1360-th line out of 5000 rows of DP table...
2022-01-04 01:11:37,821 - root - DEBUG - Processing 1370-th line out of 5000 rows of DP table...
2022-01-04 01:11:39,413 - root - DEBUG - Processing 1380-th line out of 5000 rows of DP table...
2022-01-04 01:11:41,028 - root - DEBUG - Processing 1390-th line out of 5000 rows of DP table...
2022-01-04 01:11:42,621 - root - DEBUG - Processing 1400-th line out of 5000 rows of DP table...
2022-01-04 01:11:44,223 - root - DEBUG - Processing 1410-th line out of 5000 rows of DP table...
2022-01-04 01:11:45,832 - root - DEBUG - Processing 1420-th line out of 5000 rows of DP table...
2022-01-04 01:11:47,407 - root - DEBUG - Processing 1430-th line out of 5000 rows of DP table...
2022-01-04 01:11:48,979 - root - DEBUG - Processing 1440-th line out of 5000 rows of DP table...
2022-01-04 01:11:50,549 - root - DEBUG - Processing 1450-th line out of 5000 rows of DP table...
2022-01-04 01:11:52,113 - root - DEBUG - Processing 1460-th line out of 5000 rows of DP table...
2022-01-04 01:11:53,676 - root - DEBUG - Processing 1470-th line out of 5000 rows of DP table...
2022-01-04 01:11:55,591 - root - DEBUG - Processing 1480-th line out of 5000 rows of DP table...
2022-01-04 01:11:57,284 - root - DEBUG - Processing 1490-th line out of 5000 rows of DP table...
2022-01-04 01:11:58,828 - root - DEBUG - Processing 1500-th line out of 5000 rows of DP table...
2022-01-04 01:12:00,557 - root - DEBUG - Processing 1510-th line out of 5000 rows of DP table...
2022-01-04 01:12:02,094 - root - DEBUG - Processing 1520-th line out of 5000 rows of DP table...
2022-01-04 01:12:03,621 - root - DEBUG - Processing 1530-th line out of 5000 rows of DP table...
2022-01-04 01:12:05,203 - root - DEBUG - Processing 1540-th line out of 5000 rows of DP table...
2022-01-04 01:12:06,727 - root - DEBUG - Processing 1550-th line out of 5000 rows of DP table...
2022-01-04 01:12:08,256 - root - DEBUG - Processing 1560-th line out of 5000 rows of DP table...
2022-01-04 01:12:09,771 - root - DEBUG - Processing 1570-th line out of 5000 rows of DP table...
2022-01-04 01:12:11,283 - root - DEBUG - Processing 1580-th line out of 5000 rows of DP table...
2022-01-04 01:12:12,793 - root - DEBUG - Processing 1590-th line out of 5000 rows of DP table...
2022-01-04 01:12:14,287 - root - DEBUG - Processing 1600-th line out of 5000 rows of DP table...
2022-01-04 01:12:15,800 - root - DEBUG - Processing 1610-th line out of 5000 rows of DP table...
2022-01-04 01:12:17,292 - root - DEBUG - Processing 1620-th line out of 5000 rows of DP table...
2022-01-04 01:12:18,775 - root - DEBUG - Processing 1630-th line out of 5000 rows of DP table...
2022-01-04 01:12:20,389 - root - DEBUG - Processing 1640-th line out of 5000 rows of DP table...
2022-01-04 01:12:21,874 - root - DEBUG - Processing 1650-th line out of 5000 rows of DP table...
2022-01-04 01:12:23,359 - root - DEBUG - Processing 1660-th line out of 5000 rows of DP table...
2022-01-04 01:12:24,834 - root - DEBUG - Processing 1670-th line out of 5000 rows of DP table...
2022-01-04 01:12:27,254 - root - DEBUG - Processing 1680-th line out of 5000 rows of DP table...
2022-01-04 01:12:28,716 - root - DEBUG - Processing 1690-th line out of 5000 rows of DP table...
2022-01-04 01:12:30,218 - root - DEBUG - Processing 1700-th line out of 5000 rows of DP table...
2022-01-04 01:12:31,701 - root - DEBUG - Processing 1710-th line out of 5000 rows of DP table...
2022-01-04 01:12:33,159 - root - DEBUG - Processing 1720-th line out of 5000 rows of DP table...
2022-01-04 01:12:34,609 - root - DEBUG - Processing 1730-th line out of 5000 rows of DP table...
2022-01-04 01:12:36,049 - root - DEBUG - Processing 1740-th line out of 5000 rows of DP table...
2022-01-04 01:12:37,513 - root - DEBUG - Processing 1750-th line out of 5000 rows of DP table...
2022-01-04 01:12:38,953 - root - DEBUG - Processing 1760-th line out of 5000 rows of DP table...
2022-01-04 01:12:40,414 - root - DEBUG - Processing 1770-th line out of 5000 rows of DP table...
2022-01-04 01:12:41,849 - root - DEBUG - Processing 1780-th line out of 5000 rows of DP table...
2022-01-04 01:12:43,277 - root - DEBUG - Processing 1790-th line out of 5000 rows of DP table...
2022-01-04 01:12:44,702 - root - DEBUG - Processing 1800-th line out of 5000 rows of DP table...
2022-01-04 01:12:46,130 - root - DEBUG - Processing 1810-th line out of 5000 rows of DP table...
2022-01-04 01:12:47,489 - root - DEBUG - Processing 1820-th line out of 5000 rows of DP table...
2022-01-04 01:12:49,813 - root - DEBUG - Processing 1830-th line out of 5000 rows of DP table...
2022-01-04 01:12:51,235 - root - DEBUG - Processing 1840-th line out of 5000 rows of DP table...
2022-01-04 01:12:52,628 - root - DEBUG - Processing 1850-th line out of 5000 rows of DP table...
2022-01-04 01:12:54,018 - root - DEBUG - Processing 1860-th line out of 5000 rows of DP table...
2022-01-04 01:12:55,414 - root - DEBUG - Processing 1870-th line out of 5000 rows of DP table...
2022-01-04 01:12:56,800 - root - DEBUG - Processing 1880-th line out of 5000 rows of DP table...
2022-01-04 01:12:58,180 - root - DEBUG - Processing 1890-th line out of 5000 rows of DP table...
2022-01-04 01:12:59,561 - root - DEBUG - Processing 1900-th line out of 5000 rows of DP table...
2022-01-04 01:13:00,957 - root - DEBUG - Processing 1910-th line out of 5000 rows of DP table...
2022-01-04 01:13:02,326 - root - DEBUG - Processing 1920-th line out of 5000 rows of DP table...
2022-01-04 01:13:03,689 - root - DEBUG - Processing 1930-th line out of 5000 rows of DP table...
2022-01-04 01:13:05,049 - root - DEBUG - Processing 1940-th line out of 5000 rows of DP table...
2022-01-04 01:13:06,421 - root - DEBUG - Processing 1950-th line out of 5000 rows of DP table...
2022-01-04 01:13:07,766 - root - DEBUG - Processing 1960-th line out of 5000 rows of DP table...
2022-01-04 01:13:09,163 - root - DEBUG - Processing 1970-th line out of 5000 rows of DP table...
2022-01-04 01:13:10,502 - root - DEBUG - Processing 1980-th line out of 5000 rows of DP table...
2022-01-04 01:13:11,835 - root - DEBUG - Processing 1990-th line out of 5000 rows of DP table...
2022-01-04 01:13:13,204 - root - DEBUG - Processing 2000-th line out of 5000 rows of DP table...
2022-01-04 01:13:14,536 - root - DEBUG - Processing 2010-th line out of 5000 rows of DP table...
2022-01-04 01:13:15,874 - root - DEBUG - Processing 2020-th line out of 5000 rows of DP table...
2022-01-04 01:13:17,198 - root - DEBUG - Processing 2030-th line out of 5000 rows of DP table...
2022-01-04 01:13:18,512 - root - DEBUG - Processing 2040-th line out of 5000 rows of DP table...
2022-01-04 01:13:19,811 - root - DEBUG - Processing 2050-th line out of 5000 rows of DP table...
2022-01-04 01:13:21,907 - root - DEBUG - Processing 2060-th line out of 5000 rows of DP table...
2022-01-04 01:13:23,236 - root - DEBUG - Processing 2070-th line out of 5000 rows of DP table...
2022-01-04 01:13:24,527 - root - DEBUG - Processing 2080-th line out of 5000 rows of DP table...
2022-01-04 01:13:25,816 - root - DEBUG - Processing 2090-th line out of 5000 rows of DP table...
2022-01-04 01:13:27,126 - root - DEBUG - Processing 2100-th line out of 5000 rows of DP table...
2022-01-04 01:13:28,424 - root - DEBUG - Processing 2110-th line out of 5000 rows of DP table...
2022-01-04 01:13:29,698 - root - DEBUG - Processing 2120-th line out of 5000 rows of DP table...
2022-01-04 01:13:30,972 - root - DEBUG - Processing 2130-th line out of 5000 rows of DP table...
2022-01-04 01:13:32,278 - root - DEBUG - Processing 2140-th line out of 5000 rows of DP table...
2022-01-04 01:13:33,564 - root - DEBUG - Processing 2150-th line out of 5000 rows of DP table...
2022-01-04 01:13:34,827 - root - DEBUG - Processing 2160-th line out of 5000 rows of DP table...
2022-01-04 01:13:36,066 - root - DEBUG - Processing 2170-th line out of 5000 rows of DP table...
2022-01-04 01:13:37,741 - root - DEBUG - Processing 2180-th line out of 5000 rows of DP table...
2022-01-04 01:13:38,990 - root - DEBUG - Processing 2190-th line out of 5000 rows of DP table...
2022-01-04 01:13:40,237 - root - DEBUG - Processing 2200-th line out of 5000 rows of DP table...
2022-01-04 01:13:41,477 - root - DEBUG - Processing 2210-th line out of 5000 rows of DP table...
2022-01-04 01:13:42,726 - root - DEBUG - Processing 2220-th line out of 5000 rows of DP table...
2022-01-04 01:13:43,987 - root - DEBUG - Processing 2230-th line out of 5000 rows of DP table...
2022-01-04 01:13:45,210 - root - DEBUG - Processing 2240-th line out of 5000 rows of DP table...
2022-01-04 01:13:46,431 - root - DEBUG - Processing 2250-th line out of 5000 rows of DP table...
2022-01-04 01:13:47,649 - root - DEBUG - Processing 2260-th line out of 5000 rows of DP table...
2022-01-04 01:13:48,865 - root - DEBUG - Processing 2270-th line out of 5000 rows of DP table...
2022-01-04 01:13:50,076 - root - DEBUG - Processing 2280-th line out of 5000 rows of DP table...
2022-01-04 01:13:51,282 - root - DEBUG - Processing 2290-th line out of 5000 rows of DP table...
2022-01-04 01:13:52,494 - root - DEBUG - Processing 2300-th line out of 5000 rows of DP table...
2022-01-04 01:13:53,694 - root - DEBUG - Processing 2310-th line out of 5000 rows of DP table...
2022-01-04 01:13:54,883 - root - DEBUG - Processing 2320-th line out of 5000 rows of DP table...
2022-01-04 01:13:56,072 - root - DEBUG - Processing 2330-th line out of 5000 rows of DP table...
2022-01-04 01:13:57,266 - root - DEBUG - Processing 2340-th line out of 5000 rows of DP table...
2022-01-04 01:13:58,445 - root - DEBUG - Processing 2350-th line out of 5000 rows of DP table...
2022-01-04 01:13:59,620 - root - DEBUG - Processing 2360-th line out of 5000 rows of DP table...
2022-01-04 01:14:00,791 - root - DEBUG - Processing 2370-th line out of 5000 rows of DP table...
2022-01-04 01:14:01,940 - root - DEBUG - Processing 2380-th line out of 5000 rows of DP table...
2022-01-04 01:14:03,422 - root - DEBUG - Processing 2390-th line out of 5000 rows of DP table...
2022-01-04 01:14:05,665 - root - DEBUG - Processing 2400-th line out of 5000 rows of DP table...
2022-01-04 01:14:06,930 - root - DEBUG - Processing 2410-th line out of 5000 rows of DP table...
2022-01-04 01:14:08,103 - root - DEBUG - Processing 2420-th line out of 5000 rows of DP table...
2022-01-04 01:14:09,248 - root - DEBUG - Processing 2430-th line out of 5000 rows of DP table...
2022-01-04 01:14:10,393 - root - DEBUG - Processing 2440-th line out of 5000 rows of DP table...
2022-01-04 01:14:11,529 - root - DEBUG - Processing 2450-th line out of 5000 rows of DP table...
2022-01-04 01:14:12,662 - root - DEBUG - Processing 2460-th line out of 5000 rows of DP table...
2022-01-04 01:14:13,798 - root - DEBUG - Processing 2470-th line out of 5000 rows of DP table...
2022-01-04 01:14:14,921 - root - DEBUG - Processing 2480-th line out of 5000 rows of DP table...
2022-01-04 01:14:16,035 - root - DEBUG - Processing 2490-th line out of 5000 rows of DP table...
2022-01-04 01:14:17,155 - root - DEBUG - Processing 2500-th line out of 5000 rows of DP table...
2022-01-04 01:14:18,276 - root - DEBUG - Processing 2510-th line out of 5000 rows of DP table...
2022-01-04 01:14:19,395 - root - DEBUG - Processing 2520-th line out of 5000 rows of DP table...
2022-01-04 01:14:20,497 - root - DEBUG - Processing 2530-th line out of 5000 rows of DP table...
2022-01-04 01:14:21,594 - root - DEBUG - Processing 2540-th line out of 5000 rows of DP table...
2022-01-04 01:14:22,688 - root - DEBUG - Processing 2550-th line out of 5000 rows of DP table...
2022-01-04 01:14:23,779 - root - DEBUG - Processing 2560-th line out of 5000 rows of DP table...
2022-01-04 01:14:24,825 - root - DEBUG - Processing 2570-th line out of 5000 rows of DP table...
2022-01-04 01:14:27,292 - root - DEBUG - Processing 2580-th line out of 5000 rows of DP table...
2022-01-04 01:14:28,945 - root - DEBUG - Processing 2590-th line out of 5000 rows of DP table...
2022-01-04 01:14:30,037 - root - DEBUG - Processing 2600-th line out of 5000 rows of DP table...
2022-01-04 01:14:31,110 - root - DEBUG - Processing 2610-th line out of 5000 rows of DP table...
2022-01-04 01:14:32,174 - root - DEBUG - Processing 2620-th line out of 5000 rows of DP table...
2022-01-04 01:14:33,232 - root - DEBUG - Processing 2630-th line out of 5000 rows of DP table...
2022-01-04 01:14:34,286 - root - DEBUG - Processing 2640-th line out of 5000 rows of DP table...
2022-01-04 01:14:35,332 - root - DEBUG - Processing 2650-th line out of 5000 rows of DP table...
2022-01-04 01:14:36,378 - root - DEBUG - Processing 2660-th line out of 5000 rows of DP table...
2022-01-04 01:14:37,418 - root - DEBUG - Processing 2670-th line out of 5000 rows of DP table...
2022-01-04 01:14:38,456 - root - DEBUG - Processing 2680-th line out of 5000 rows of DP table...
2022-01-04 01:14:39,499 - root - DEBUG - Processing 2690-th line out of 5000 rows of DP table...
2022-01-04 01:14:40,531 - root - DEBUG - Processing 2700-th line out of 5000 rows of DP table...
2022-01-04 01:14:41,556 - root - DEBUG - Processing 2710-th line out of 5000 rows of DP table...
2022-01-04 01:14:42,577 - root - DEBUG - Processing 2720-th line out of 5000 rows of DP table...
2022-01-04 01:14:43,597 - root - DEBUG - Processing 2730-th line out of 5000 rows of DP table...
2022-01-04 01:14:44,708 - root - DEBUG - Processing 2740-th line out of 5000 rows of DP table...
2022-01-04 01:14:45,718 - root - DEBUG - Processing 2750-th line out of 5000 rows of DP table...
2022-01-04 01:14:46,721 - root - DEBUG - Processing 2760-th line out of 5000 rows of DP table...
2022-01-04 01:14:47,721 - root - DEBUG - Processing 2770-th line out of 5000 rows of DP table...
2022-01-04 01:14:48,714 - root - DEBUG - Processing 2780-th line out of 5000 rows of DP table...
2022-01-04 01:14:49,702 - root - DEBUG - Processing 2790-th line out of 5000 rows of DP table...
2022-01-04 01:14:50,687 - root - DEBUG - Processing 2800-th line out of 5000 rows of DP table...
2022-01-04 01:14:51,670 - root - DEBUG - Processing 2810-th line out of 5000 rows of DP table...
2022-01-04 01:14:52,650 - root - DEBUG - Processing 2820-th line out of 5000 rows of DP table...
2022-01-04 01:14:53,624 - root - DEBUG - Processing 2830-th line out of 5000 rows of DP table...
2022-01-04 01:14:54,620 - root - DEBUG - Processing 2840-th line out of 5000 rows of DP table...
2022-01-04 01:14:55,715 - root - DEBUG - Processing 2850-th line out of 5000 rows of DP table...
2022-01-04 01:14:56,672 - root - DEBUG - Processing 2860-th line out of 5000 rows of DP table...
2022-01-04 01:14:57,607 - root - DEBUG - Processing 2870-th line out of 5000 rows of DP table...
2022-01-04 01:14:59,044 - root - DEBUG - Processing 2880-th line out of 5000 rows of DP table...
2022-01-04 01:15:00,127 - root - DEBUG - Processing 2890-th line out of 5000 rows of DP table...
2022-01-04 01:15:01,263 - root - DEBUG - Processing 2900-th line out of 5000 rows of DP table...
2022-01-04 01:15:02,225 - root - DEBUG - Processing 2910-th line out of 5000 rows of DP table...
2022-01-04 01:15:03,190 - root - DEBUG - Processing 2920-th line out of 5000 rows of DP table...
2022-01-04 01:15:04,124 - root - DEBUG - Processing 2930-th line out of 5000 rows of DP table...
2022-01-04 01:15:05,046 - root - DEBUG - Processing 2940-th line out of 5000 rows of DP table...
2022-01-04 01:15:05,964 - root - DEBUG - Processing 2950-th line out of 5000 rows of DP table...
2022-01-04 01:15:06,878 - root - DEBUG - Processing 2960-th line out of 5000 rows of DP table...
2022-01-04 01:15:07,793 - root - DEBUG - Processing 2970-th line out of 5000 rows of DP table...
2022-01-04 01:15:08,705 - root - DEBUG - Processing 2980-th line out of 5000 rows of DP table...
2022-01-04 01:15:09,609 - root - DEBUG - Processing 2990-th line out of 5000 rows of DP table...
2022-01-04 01:15:10,509 - root - DEBUG - Processing 3000-th line out of 5000 rows of DP table...
2022-01-04 01:15:11,405 - root - DEBUG - Processing 3010-th line out of 5000 rows of DP table...
2022-01-04 01:15:12,299 - root - DEBUG - Processing 3020-th line out of 5000 rows of DP table...
2022-01-04 01:15:13,185 - root - DEBUG - Processing 3030-th line out of 5000 rows of DP table...
2022-01-04 01:15:14,068 - root - DEBUG - Processing 3040-th line out of 5000 rows of DP table...
2022-01-04 01:15:14,943 - root - DEBUG - Processing 3050-th line out of 5000 rows of DP table...
2022-01-04 01:15:15,816 - root - DEBUG - Processing 3060-th line out of 5000 rows of DP table...
2022-01-04 01:15:16,687 - root - DEBUG - Processing 3070-th line out of 5000 rows of DP table...
2022-01-04 01:15:17,549 - root - DEBUG - Processing 3080-th line out of 5000 rows of DP table...
2022-01-04 01:15:18,406 - root - DEBUG - Processing 3090-th line out of 5000 rows of DP table...
2022-01-04 01:15:19,265 - root - DEBUG - Processing 3100-th line out of 5000 rows of DP table...
2022-01-04 01:15:20,120 - root - DEBUG - Processing 3110-th line out of 5000 rows of DP table...
2022-01-04 01:15:20,971 - root - DEBUG - Processing 3120-th line out of 5000 rows of DP table...
2022-01-04 01:15:21,833 - root - DEBUG - Processing 3130-th line out of 5000 rows of DP table...
2022-01-04 01:15:22,673 - root - DEBUG - Processing 3140-th line out of 5000 rows of DP table...
2022-01-04 01:15:23,505 - root - DEBUG - Processing 3150-th line out of 5000 rows of DP table...
2022-01-04 01:15:24,333 - root - DEBUG - Processing 3160-th line out of 5000 rows of DP table...
2022-01-04 01:15:25,158 - root - DEBUG - Processing 3170-th line out of 5000 rows of DP table...
2022-01-04 01:15:25,979 - root - DEBUG - Processing 3180-th line out of 5000 rows of DP table...
2022-01-04 01:15:26,795 - root - DEBUG - Processing 3190-th line out of 5000 rows of DP table...
2022-01-04 01:15:27,645 - root - DEBUG - Processing 3200-th line out of 5000 rows of DP table...
2022-01-04 01:15:28,456 - root - DEBUG - Processing 3210-th line out of 5000 rows of DP table...
2022-01-04 01:15:29,258 - root - DEBUG - Processing 3220-th line out of 5000 rows of DP table...
2022-01-04 01:15:30,058 - root - DEBUG - Processing 3230-th line out of 5000 rows of DP table...
2022-01-04 01:15:30,853 - root - DEBUG - Processing 3240-th line out of 5000 rows of DP table...
2022-01-04 01:15:31,629 - root - DEBUG - Processing 3250-th line out of 5000 rows of DP table...
2022-01-04 01:15:32,704 - root - DEBUG - Processing 3260-th line out of 5000 rows of DP table...
2022-01-04 01:15:33,746 - root - DEBUG - Processing 3270-th line out of 5000 rows of DP table...
2022-01-04 01:15:34,529 - root - DEBUG - Processing 3280-th line out of 5000 rows of DP table...
2022-01-04 01:15:35,498 - root - DEBUG - Processing 3290-th line out of 5000 rows of DP table...
2022-01-04 01:15:36,245 - root - DEBUG - Processing 3300-th line out of 5000 rows of DP table...
2022-01-04 01:15:36,964 - root - DEBUG - Processing 3310-th line out of 5000 rows of DP table...
2022-01-04 01:15:37,681 - root - DEBUG - Processing 3320-th line out of 5000 rows of DP table...
2022-01-04 01:15:38,394 - root - DEBUG - Processing 3330-th line out of 5000 rows of DP table...
2022-01-04 01:15:39,095 - root - DEBUG - Processing 3340-th line out of 5000 rows of DP table...
2022-01-04 01:15:39,800 - root - DEBUG - Processing 3350-th line out of 5000 rows of DP table...
2022-01-04 01:15:40,500 - root - DEBUG - Processing 3360-th line out of 5000 rows of DP table...
2022-01-04 01:15:41,197 - root - DEBUG - Processing 3370-th line out of 5000 rows of DP table...
2022-01-04 01:15:41,887 - root - DEBUG - Processing 3380-th line out of 5000 rows of DP table...
2022-01-04 01:15:42,575 - root - DEBUG - Processing 3390-th line out of 5000 rows of DP table...
2022-01-04 01:15:43,257 - root - DEBUG - Processing 3400-th line out of 5000 rows of DP table...
2022-01-04 01:15:43,934 - root - DEBUG - Processing 3410-th line out of 5000 rows of DP table...
2022-01-04 01:15:44,608 - root - DEBUG - Processing 3420-th line out of 5000 rows of DP table...
2022-01-04 01:15:45,279 - root - DEBUG - Processing 3430-th line out of 5000 rows of DP table...
2022-01-04 01:15:45,951 - root - DEBUG - Processing 3440-th line out of 5000 rows of DP table...
2022-01-04 01:15:46,572 - root - DEBUG - Processing 3450-th line out of 5000 rows of DP table...
2022-01-04 01:15:47,188 - root - DEBUG - Processing 3460-th line out of 5000 rows of DP table...
2022-01-04 01:15:47,799 - root - DEBUG - Processing 3470-th line out of 5000 rows of DP table...
2022-01-04 01:15:48,411 - root - DEBUG - Processing 3480-th line out of 5000 rows of DP table...
2022-01-04 01:15:49,039 - root - DEBUG - Processing 3490-th line out of 5000 rows of DP table...
2022-01-04 01:15:49,644 - root - DEBUG - Processing 3500-th line out of 5000 rows of DP table...
2022-01-04 01:15:50,250 - root - DEBUG - Processing 3510-th line out of 5000 rows of DP table...
2022-01-04 01:15:50,847 - root - DEBUG - Processing 3520-th line out of 5000 rows of DP table...
2022-01-04 01:15:51,452 - root - DEBUG - Processing 3530-th line out of 5000 rows of DP table...
2022-01-04 01:15:52,066 - root - DEBUG - Processing 3540-th line out of 5000 rows of DP table...
2022-01-04 01:15:52,654 - root - DEBUG - Processing 3550-th line out of 5000 rows of DP table...
2022-01-04 01:15:53,235 - root - DEBUG - Processing 3560-th line out of 5000 rows of DP table...
2022-01-04 01:15:53,829 - root - DEBUG - Processing 3570-th line out of 5000 rows of DP table...
2022-01-04 01:15:54,422 - root - DEBUG - Processing 3580-th line out of 5000 rows of DP table...
2022-01-04 01:15:54,993 - root - DEBUG - Processing 3590-th line out of 5000 rows of DP table...
2022-01-04 01:15:55,572 - root - DEBUG - Processing 3600-th line out of 5000 rows of DP table...
2022-01-04 01:15:56,137 - root - DEBUG - Processing 3610-th line out of 5000 rows of DP table...
2022-01-04 01:15:56,695 - root - DEBUG - Processing 3620-th line out of 5000 rows of DP table...
2022-01-04 01:15:57,247 - root - DEBUG - Processing 3630-th line out of 5000 rows of DP table...
2022-01-04 01:15:57,817 - root - DEBUG - Processing 3640-th line out of 5000 rows of DP table...
2022-01-04 01:15:58,360 - root - DEBUG - Processing 3650-th line out of 5000 rows of DP table...
2022-01-04 01:15:58,923 - root - DEBUG - Processing 3660-th line out of 5000 rows of DP table...
2022-01-04 01:15:59,485 - root - DEBUG - Processing 3670-th line out of 5000 rows of DP table...
2022-01-04 01:16:00,024 - root - DEBUG - Processing 3680-th line out of 5000 rows of DP table...
2022-01-04 01:16:00,555 - root - DEBUG - Processing 3690-th line out of 5000 rows of DP table...
2022-01-04 01:16:01,132 - root - DEBUG - Processing 3700-th line out of 5000 rows of DP table...
2022-01-04 01:16:02,279 - root - DEBUG - Processing 3710-th line out of 5000 rows of DP table...
2022-01-04 01:16:02,864 - root - DEBUG - Processing 3720-th line out of 5000 rows of DP table...
2022-01-04 01:16:03,557 - root - DEBUG - Processing 3730-th line out of 5000 rows of DP table...
2022-01-04 01:16:04,304 - root - DEBUG - Processing 3740-th line out of 5000 rows of DP table...
2022-01-04 01:16:04,867 - root - DEBUG - Processing 3750-th line out of 5000 rows of DP table...
2022-01-04 01:16:05,396 - root - DEBUG - Processing 3760-th line out of 5000 rows of DP table...
2022-01-04 01:16:05,897 - root - DEBUG - Processing 3770-th line out of 5000 rows of DP table...
2022-01-04 01:16:06,392 - root - DEBUG - Processing 3780-th line out of 5000 rows of DP table...
2022-01-04 01:16:06,903 - root - DEBUG - Processing 3790-th line out of 5000 rows of DP table...
2022-01-04 01:16:07,397 - root - DEBUG - Processing 3800-th line out of 5000 rows of DP table...
2022-01-04 01:16:07,885 - root - DEBUG - Processing 3810-th line out of 5000 rows of DP table...
2022-01-04 01:16:08,365 - root - DEBUG - Processing 3820-th line out of 5000 rows of DP table...
2022-01-04 01:16:08,838 - root - DEBUG - Processing 3830-th line out of 5000 rows of DP table...
2022-01-04 01:16:09,309 - root - DEBUG - Processing 3840-th line out of 5000 rows of DP table...
2022-01-04 01:16:09,776 - root - DEBUG - Processing 3850-th line out of 5000 rows of DP table...
2022-01-04 01:16:10,241 - root - DEBUG - Processing 3860-th line out of 5000 rows of DP table...
2022-01-04 01:16:10,703 - root - DEBUG - Processing 3870-th line out of 5000 rows of DP table...
2022-01-04 01:16:11,160 - root - DEBUG - Processing 3880-th line out of 5000 rows of DP table...
2022-01-04 01:16:11,632 - root - DEBUG - Processing 3890-th line out of 5000 rows of DP table...
2022-01-04 01:16:12,082 - root - DEBUG - Processing 3900-th line out of 5000 rows of DP table...
2022-01-04 01:16:12,529 - root - DEBUG - Processing 3910-th line out of 5000 rows of DP table...
2022-01-04 01:16:12,968 - root - DEBUG - Processing 3920-th line out of 5000 rows of DP table...
2022-01-04 01:16:13,406 - root - DEBUG - Processing 3930-th line out of 5000 rows of DP table...
2022-01-04 01:16:13,842 - root - DEBUG - Processing 3940-th line out of 5000 rows of DP table...
2022-01-04 01:16:14,270 - root - DEBUG - Processing 3950-th line out of 5000 rows of DP table...
2022-01-04 01:16:14,697 - root - DEBUG - Processing 3960-th line out of 5000 rows of DP table...
2022-01-04 01:16:15,137 - root - DEBUG - Processing 3970-th line out of 5000 rows of DP table...
2022-01-04 01:16:15,572 - root - DEBUG - Processing 3980-th line out of 5000 rows of DP table...
2022-01-04 01:16:15,989 - root - DEBUG - Processing 3990-th line out of 5000 rows of DP table...
2022-01-04 01:16:16,399 - root - DEBUG - Processing 4000-th line out of 5000 rows of DP table...
2022-01-04 01:16:16,807 - root - DEBUG - Processing 4010-th line out of 5000 rows of DP table...
2022-01-04 01:16:17,213 - root - DEBUG - Processing 4020-th line out of 5000 rows of DP table...
2022-01-04 01:16:17,641 - root - DEBUG - Processing 4030-th line out of 5000 rows of DP table...
2022-01-04 01:16:18,036 - root - DEBUG - Processing 4040-th line out of 5000 rows of DP table...
2022-01-04 01:16:18,427 - root - DEBUG - Processing 4050-th line out of 5000 rows of DP table...
2022-01-04 01:16:18,814 - root - DEBUG - Processing 4060-th line out of 5000 rows of DP table...
2022-01-04 01:16:19,235 - root - DEBUG - Processing 4070-th line out of 5000 rows of DP table...
2022-01-04 01:16:19,617 - root - DEBUG - Processing 4080-th line out of 5000 rows of DP table...
2022-01-04 01:16:19,995 - root - DEBUG - Processing 4090-th line out of 5000 rows of DP table...
2022-01-04 01:16:20,367 - root - DEBUG - Processing 4100-th line out of 5000 rows of DP table...
2022-01-04 01:16:20,735 - root - DEBUG - Processing 4110-th line out of 5000 rows of DP table...
2022-01-04 01:16:21,101 - root - DEBUG - Processing 4120-th line out of 5000 rows of DP table...
2022-01-04 01:16:21,481 - root - DEBUG - Processing 4130-th line out of 5000 rows of DP table...
2022-01-04 01:16:21,839 - root - DEBUG - Processing 4140-th line out of 5000 rows of DP table...
2022-01-04 01:16:22,193 - root - DEBUG - Processing 4150-th line out of 5000 rows of DP table...
2022-01-04 01:16:22,542 - root - DEBUG - Processing 4160-th line out of 5000 rows of DP table...
2022-01-04 01:16:22,888 - root - DEBUG - Processing 4170-th line out of 5000 rows of DP table...
2022-01-04 01:16:23,257 - root - DEBUG - Processing 4180-th line out of 5000 rows of DP table...
2022-01-04 01:16:23,596 - root - DEBUG - Processing 4190-th line out of 5000 rows of DP table...
2022-01-04 01:16:24,107 - root - DEBUG - Processing 4200-th line out of 5000 rows of DP table...
2022-01-04 01:16:24,988 - root - DEBUG - Processing 4210-th line out of 5000 rows of DP table...
2022-01-04 01:16:25,431 - root - DEBUG - Processing 4220-th line out of 5000 rows of DP table...
2022-01-04 01:16:25,813 - root - DEBUG - Processing 4230-th line out of 5000 rows of DP table...
2022-01-04 01:16:26,869 - root - DEBUG - Processing 4240-th line out of 5000 rows of DP table...
2022-01-04 01:16:27,243 - root - DEBUG - Processing 4250-th line out of 5000 rows of DP table...
2022-01-04 01:16:27,552 - root - DEBUG - Processing 4260-th line out of 5000 rows of DP table...
2022-01-04 01:16:27,859 - root - DEBUG - Processing 4270-th line out of 5000 rows of DP table...
2022-01-04 01:16:28,165 - root - DEBUG - Processing 4280-th line out of 5000 rows of DP table...
2022-01-04 01:16:28,499 - root - DEBUG - Processing 4290-th line out of 5000 rows of DP table...
2022-01-04 01:16:28,794 - root - DEBUG - Processing 4300-th line out of 5000 rows of DP table...
2022-01-04 01:16:29,138 - root - DEBUG - Processing 4310-th line out of 5000 rows of DP table...
2022-01-04 01:16:29,467 - root - DEBUG - Processing 4320-th line out of 5000 rows of DP table...
2022-01-04 01:16:29,752 - root - DEBUG - Processing 4330-th line out of 5000 rows of DP table...
2022-01-04 01:16:30,047 - root - DEBUG - Processing 4340-th line out of 5000 rows of DP table...
2022-01-04 01:16:30,325 - root - DEBUG - Processing 4350-th line out of 5000 rows of DP table...
2022-01-04 01:16:30,623 - root - DEBUG - Processing 4360-th line out of 5000 rows of DP table...
2022-01-04 01:16:30,900 - root - DEBUG - Processing 4370-th line out of 5000 rows of DP table...
2022-01-04 01:16:31,166 - root - DEBUG - Processing 4380-th line out of 5000 rows of DP table...
2022-01-04 01:16:31,427 - root - DEBUG - Processing 4390-th line out of 5000 rows of DP table...
2022-01-04 01:16:31,700 - root - DEBUG - Processing 4400-th line out of 5000 rows of DP table...
2022-01-04 01:16:31,954 - root - DEBUG - Processing 4410-th line out of 5000 rows of DP table...
2022-01-04 01:16:32,205 - root - DEBUG - Processing 4420-th line out of 5000 rows of DP table...
2022-01-04 01:16:32,452 - root - DEBUG - Processing 4430-th line out of 5000 rows of DP table...
2022-01-04 01:16:32,695 - root - DEBUG - Processing 4440-th line out of 5000 rows of DP table...
2022-01-04 01:16:32,933 - root - DEBUG - Processing 4450-th line out of 5000 rows of DP table...
2022-01-04 01:16:33,165 - root - DEBUG - Processing 4460-th line out of 5000 rows of DP table...
2022-01-04 01:16:33,396 - root - DEBUG - Processing 4470-th line out of 5000 rows of DP table...
2022-01-04 01:16:33,641 - root - DEBUG - Processing 4480-th line out of 5000 rows of DP table...
2022-01-04 01:16:33,865 - root - DEBUG - Processing 4490-th line out of 5000 rows of DP table...
2022-01-04 01:16:34,086 - root - DEBUG - Processing 4500-th line out of 5000 rows of DP table...
2022-01-04 01:16:34,314 - root - DEBUG - Processing 4510-th line out of 5000 rows of DP table...
2022-01-04 01:16:34,526 - root - DEBUG - Processing 4520-th line out of 5000 rows of DP table...
2022-01-04 01:16:34,735 - root - DEBUG - Processing 4530-th line out of 5000 rows of DP table...
2022-01-04 01:16:34,969 - root - DEBUG - Processing 4540-th line out of 5000 rows of DP table...
2022-01-04 01:16:35,170 - root - DEBUG - Processing 4550-th line out of 5000 rows of DP table...
2022-01-04 01:16:35,366 - root - DEBUG - Processing 4560-th line out of 5000 rows of DP table...
2022-01-04 01:16:35,558 - root - DEBUG - Processing 4570-th line out of 5000 rows of DP table...
2022-01-04 01:16:35,764 - root - DEBUG - Processing 4580-th line out of 5000 rows of DP table...
2022-01-04 01:16:35,982 - root - DEBUG - Processing 4590-th line out of 5000 rows of DP table...
2022-01-04 01:16:36,171 - root - DEBUG - Processing 4600-th line out of 5000 rows of DP table...
2022-01-04 01:16:36,346 - root - DEBUG - Processing 4610-th line out of 5000 rows of DP table...
2022-01-04 01:16:36,519 - root - DEBUG - Processing 4620-th line out of 5000 rows of DP table...
2022-01-04 01:16:36,689 - root - DEBUG - Processing 4630-th line out of 5000 rows of DP table...
2022-01-04 01:16:36,854 - root - DEBUG - Processing 4640-th line out of 5000 rows of DP table...
2022-01-04 01:16:37,048 - root - DEBUG - Processing 4650-th line out of 5000 rows of DP table...
2022-01-04 01:16:37,205 - root - DEBUG - Processing 4660-th line out of 5000 rows of DP table...
2022-01-04 01:16:37,377 - root - DEBUG - Processing 4670-th line out of 5000 rows of DP table...
2022-01-04 01:16:37,528 - root - DEBUG - Processing 4680-th line out of 5000 rows of DP table...
2022-01-04 01:16:37,674 - root - DEBUG - Processing 4690-th line out of 5000 rows of DP table...
2022-01-04 01:16:37,840 - root - DEBUG - Processing 4700-th line out of 5000 rows of DP table...
2022-01-04 01:16:37,979 - root - DEBUG - Processing 4710-th line out of 5000 rows of DP table...
2022-01-04 01:16:38,122 - root - DEBUG - Processing 4720-th line out of 5000 rows of DP table...
2022-01-04 01:16:38,352 - root - DEBUG - Processing 4730-th line out of 5000 rows of DP table...
2022-01-04 01:16:38,479 - root - DEBUG - Processing 4740-th line out of 5000 rows of DP table...
2022-01-04 01:16:38,603 - root - DEBUG - Processing 4750-th line out of 5000 rows of DP table...
2022-01-04 01:16:38,721 - root - DEBUG - Processing 4760-th line out of 5000 rows of DP table...
2022-01-04 01:16:38,837 - root - DEBUG - Processing 4770-th line out of 5000 rows of DP table...
2022-01-04 01:16:38,982 - root - DEBUG - Processing 4780-th line out of 5000 rows of DP table...
2022-01-04 01:16:39,122 - root - DEBUG - Processing 4790-th line out of 5000 rows of DP table...
2022-01-04 01:16:39,253 - root - DEBUG - Processing 4800-th line out of 5000 rows of DP table...
2022-01-04 01:16:39,353 - root - DEBUG - Processing 4810-th line out of 5000 rows of DP table...
2022-01-04 01:16:39,451 - root - DEBUG - Processing 4820-th line out of 5000 rows of DP table...
2022-01-04 01:16:39,544 - root - DEBUG - Processing 4830-th line out of 5000 rows of DP table...
2022-01-04 01:16:39,633 - root - DEBUG - Processing 4840-th line out of 5000 rows of DP table...
2022-01-04 01:16:39,718 - root - DEBUG - Processing 4850-th line out of 5000 rows of DP table...
2022-01-04 01:16:39,832 - root - DEBUG - Processing 4860-th line out of 5000 rows of DP table...
2022-01-04 01:16:39,931 - root - DEBUG - Processing 4870-th line out of 5000 rows of DP table...
2022-01-04 01:16:40,005 - root - DEBUG - Processing 4880-th line out of 5000 rows of DP table...
2022-01-04 01:16:40,094 - root - DEBUG - Processing 4890-th line out of 5000 rows of DP table...
2022-01-04 01:16:40,202 - root - DEBUG - Processing 4900-th line out of 5000 rows of DP table...
2022-01-04 01:16:40,333 - root - DEBUG - Processing 4910-th line out of 5000 rows of DP table...
2022-01-04 01:16:40,391 - root - DEBUG - Processing 4920-th line out of 5000 rows of DP table...
2022-01-04 01:16:40,468 - root - DEBUG - Processing 4930-th line out of 5000 rows of DP table...
2022-01-04 01:16:40,519 - root - DEBUG - Processing 4940-th line out of 5000 rows of DP table...
2022-01-04 01:16:40,566 - root - DEBUG - Processing 4950-th line out of 5000 rows of DP table...
2022-01-04 01:16:40,642 - root - DEBUG - Processing 4960-th line out of 5000 rows of DP table...
2022-01-04 01:16:40,681 - root - DEBUG - Processing 4970-th line out of 5000 rows of DP table...
2022-01-04 01:16:40,719 - root - DEBUG - Processing 4980-th line out of 5000 rows of DP table...
2022-01-04 01:16:40,753 - root - DEBUG - Processing 4990-th line out of 5000 rows of DP table...
2022-01-04 01:16:40,781 - root - DEBUG - Processing 5000-th line out of 5000 rows of DP table...
2022-01-04 01:16:40,816 - root - DEBUG - Started computing joint logprobs...
