2022-01-04 01:07:11,101 - root - INFO - Loading reference interval set from '211221-1-sim-data-time/g16_0.ref.tsv'...
2022-01-04 01:07:11,108 - root - INFO - Loading query interval set from '211221-1-sim-data-time/g16_0.query.tsv'...
2022-01-04 01:07:11,153 - root - INFO - Loading chromosome sizes from '211221-1-sim-data-time/g16_sizes.tsv'...
2022-01-04 01:07:11,163 - root - INFO - Number of reference intervals: 5000 (5000 before merging)
2022-01-04 01:07:11,166 - root - INFO - Number of query intervals: 5000 (5000 before merging)
2022-01-04 01:07:11,167 - root - INFO - Number of chromosomes: 1
2022-01-04 01:07:11,183 - root - INFO - Overlap count: 1897
2022-01-04 01:07:11,184 - root - DEBUG - Started computing sf for chromosome 'chr1'...
2022-01-04 01:07:11,187 - root - DEBUG - m=5000, n=5000
2022-01-04 01:07:13,436 - root - DEBUG - Processing 10-th line out of 5000 rows of DP table...
2022-01-04 01:07:15,836 - root - DEBUG - Processing 20-th line out of 5000 rows of DP table...
2022-01-04 01:07:18,217 - root - DEBUG - Processing 30-th line out of 5000 rows of DP table...
2022-01-04 01:07:20,620 - root - DEBUG - Processing 40-th line out of 5000 rows of DP table...
2022-01-04 01:07:22,993 - root - DEBUG - Processing 50-th line out of 5000 rows of DP table...
2022-01-04 01:07:25,412 - root - DEBUG - Processing 60-th line out of 5000 rows of DP table...
2022-01-04 01:07:27,782 - root - DEBUG - Processing 70-th line out of 5000 rows of DP table...
2022-01-04 01:07:30,148 - root - DEBUG - Processing 80-th line out of 5000 rows of DP table...
2022-01-04 01:07:32,495 - root - DEBUG - Processing 90-th line out of 5000 rows of DP table...
2022-01-04 01:07:34,908 - root - DEBUG - Processing 100-th line out of 5000 rows of DP table...
2022-01-04 01:07:37,504 - root - DEBUG - Processing 110-th line out of 5000 rows of DP table...
2022-01-04 01:07:39,836 - root - DEBUG - Processing 120-th line out of 5000 rows of DP table...
2022-01-04 01:07:42,163 - root - DEBUG - Processing 130-th line out of 5000 rows of DP table...
2022-01-04 01:07:44,488 - root - DEBUG - Processing 140-th line out of 5000 rows of DP table...
2022-01-04 01:07:46,810 - root - DEBUG - Processing 150-th line out of 5000 rows of DP table...
2022-01-04 01:07:49,138 - root - DEBUG - Processing 160-th line out of 5000 rows of DP table...
2022-01-04 01:07:51,467 - root - DEBUG - Processing 170-th line out of 5000 rows of DP table...
2022-01-04 01:07:53,770 - root - DEBUG - Processing 180-th line out of 5000 rows of DP table...
2022-01-04 01:07:56,078 - root - DEBUG - Processing 190-th line out of 5000 rows of DP table...
2022-01-04 01:07:58,385 - root - DEBUG - Processing 200-th line out of 5000 rows of DP table...
2022-01-04 01:08:00,671 - root - DEBUG - Processing 210-th line out of 5000 rows of DP table...
2022-01-04 01:08:02,962 - root - DEBUG - Processing 220-th line out of 5000 rows of DP table...
2022-01-04 01:08:05,285 - root - DEBUG - Processing 230-th line out of 5000 rows of DP table...
2022-01-04 01:08:07,633 - root - DEBUG - Processing 240-th line out of 5000 rows of DP table...
2022-01-04 01:08:09,849 - root - DEBUG - Processing 250-th line out of 5000 rows of DP table...
2022-01-04 01:08:12,688 - root - DEBUG - Processing 260-th line out of 5000 rows of DP table...
2022-01-04 01:08:14,955 - root - DEBUG - Processing 270-th line out of 5000 rows of DP table...
2022-01-04 01:08:17,205 - root - DEBUG - Processing 280-th line out of 5000 rows of DP table...
2022-01-04 01:08:19,465 - root - DEBUG - Processing 290-th line out of 5000 rows of DP table...
2022-01-04 01:08:21,712 - root - DEBUG - Processing 300-th line out of 5000 rows of DP table...
2022-01-04 01:08:23,968 - root - DEBUG - Processing 310-th line out of 5000 rows of DP table...
2022-01-04 01:08:26,193 - root - DEBUG - Processing 320-th line out of 5000 rows of DP table...
2022-01-04 01:08:28,425 - root - DEBUG - Processing 330-th line out of 5000 rows of DP table...
2022-01-04 01:08:30,667 - root - DEBUG - Processing 340-th line out of 5000 rows of DP table...
2022-01-04 01:08:32,894 - root - DEBUG - Processing 350-th line out of 5000 rows of DP table...
2022-01-04 01:08:35,118 - root - DEBUG - Processing 360-th line out of 5000 rows of DP table...
2022-01-04 01:08:37,375 - root - DEBUG - Processing 370-th line out of 5000 rows of DP table...
2022-01-04 01:08:39,613 - root - DEBUG - Processing 380-th line out of 5000 rows of DP table...
2022-01-04 01:08:41,825 - root - DEBUG - Processing 390-th line out of 5000 rows of DP table...
2022-01-04 01:08:44,031 - root - DEBUG - Processing 400-th line out of 5000 rows of DP table...
2022-01-04 01:08:46,209 - root - DEBUG - Processing 410-th line out of 5000 rows of DP table...
2022-01-04 01:08:48,393 - root - DEBUG - Processing 420-th line out of 5000 rows of DP table...
2022-01-04 01:08:50,583 - root - DEBUG - Processing 430-th line out of 5000 rows of DP table...
2022-01-04 01:08:52,802 - root - DEBUG - Processing 440-th line out of 5000 rows of DP table...
2022-01-04 01:08:54,984 - root - DEBUG - Processing 450-th line out of 5000 rows of DP table...
2022-01-04 01:08:57,210 - root - DEBUG - Processing 460-th line out of 5000 rows of DP table...
2022-01-04 01:08:59,384 - root - DEBUG - Processing 470-th line out of 5000 rows of DP table...
2022-01-04 01:09:01,545 - root - DEBUG - Processing 480-th line out of 5000 rows of DP table...
2022-01-04 01:09:03,691 - root - DEBUG - Processing 490-th line out of 5000 rows of DP table...
2022-01-04 01:09:05,839 - root - DEBUG - Processing 500-th line out of 5000 rows of DP table...
2022-01-04 01:09:07,978 - root - DEBUG - Processing 510-th line out of 5000 rows of DP table...
2022-01-04 01:09:10,127 - root - DEBUG - Processing 520-th line out of 5000 rows of DP table...
2022-01-04 01:09:12,281 - root - DEBUG - Processing 530-th line out of 5000 rows of DP table...
2022-01-04 01:09:14,422 - root - DEBUG - Processing 540-th line out of 5000 rows of DP table...
2022-01-04 01:09:16,550 - root - DEBUG - Processing 550-th line out of 5000 rows of DP table...
2022-01-04 01:09:18,705 - root - DEBUG - Processing 560-th line out of 5000 rows of DP table...
2022-01-04 01:09:20,831 - root - DEBUG - Processing 570-th line out of 5000 rows of DP table...
2022-01-04 01:09:22,942 - root - DEBUG - Processing 580-th line out of 5000 rows of DP table...
2022-01-04 01:09:25,049 - root - DEBUG - Processing 590-th line out of 5000 rows of DP table...
2022-01-04 01:09:27,193 - root - DEBUG - Processing 600-th line out of 5000 rows of DP table...
2022-01-04 01:09:29,318 - root - DEBUG - Processing 610-th line out of 5000 rows of DP table...
2022-01-04 01:09:31,414 - root - DEBUG - Processing 620-th line out of 5000 rows of DP table...
2022-01-04 01:09:33,525 - root - DEBUG - Processing 630-th line out of 5000 rows of DP table...
2022-01-04 01:09:35,609 - root - DEBUG - Processing 640-th line out of 5000 rows of DP table...
2022-01-04 01:09:37,783 - root - DEBUG - Processing 650-th line out of 5000 rows of DP table...
2022-01-04 01:09:39,874 - root - DEBUG - Processing 660-th line out of 5000 rows of DP table...
2022-01-04 01:09:41,947 - root - DEBUG - Processing 670-th line out of 5000 rows of DP table...
2022-01-04 01:09:44,022 - root - DEBUG - Processing 680-th line out of 5000 rows of DP table...
2022-01-04 01:09:46,090 - root - DEBUG - Processing 690-th line out of 5000 rows of DP table...
2022-01-04 01:09:48,164 - root - DEBUG - Processing 700-th line out of 5000 rows of DP table...
2022-01-04 01:09:50,243 - root - DEBUG - Processing 710-th line out of 5000 rows of DP table...
2022-01-04 01:09:52,283 - root - DEBUG - Processing 720-th line out of 5000 rows of DP table...
2022-01-04 01:09:54,324 - root - DEBUG - Processing 730-th line out of 5000 rows of DP table...
2022-01-04 01:09:56,362 - root - DEBUG - Processing 740-th line out of 5000 rows of DP table...
2022-01-04 01:09:58,403 - root - DEBUG - Processing 750-th line out of 5000 rows of DP table...
2022-01-04 01:10:00,456 - root - DEBUG - Processing 760-th line out of 5000 rows of DP table...
2022-01-04 01:10:02,495 - root - DEBUG - Processing 770-th line out of 5000 rows of DP table...
2022-01-04 01:10:04,542 - root - DEBUG - Processing 780-th line out of 5000 rows of DP table...
2022-01-04 01:10:06,572 - root - DEBUG - Processing 790-th line out of 5000 rows of DP table...
2022-01-04 01:10:08,593 - root - DEBUG - Processing 800-th line out of 5000 rows of DP table...
2022-01-04 01:10:10,617 - root - DEBUG - Processing 810-th line out of 5000 rows of DP table...
2022-01-04 01:10:12,608 - root - DEBUG - Processing 820-th line out of 5000 rows of DP table...
2022-01-04 01:10:15,075 - root - DEBUG - Processing 830-th line out of 5000 rows of DP table...
2022-01-04 01:10:17,071 - root - DEBUG - Processing 840-th line out of 5000 rows of DP table...
2022-01-04 01:10:19,091 - root - DEBUG - Processing 850-th line out of 5000 rows of DP table...
2022-01-04 01:10:21,075 - root - DEBUG - Processing 860-th line out of 5000 rows of DP table...
2022-01-04 01:10:23,052 - root - DEBUG - Processing 870-th line out of 5000 rows of DP table...
2022-01-04 01:10:25,035 - root - DEBUG - Processing 880-th line out of 5000 rows of DP table...
2022-01-04 01:10:27,012 - root - DEBUG - Processing 890-th line out of 5000 rows of DP table...
2022-01-04 01:10:28,984 - root - DEBUG - Processing 900-th line out of 5000 rows of DP table...
2022-01-04 01:10:30,939 - root - DEBUG - Processing 910-th line out of 5000 rows of DP table...
2022-01-04 01:10:32,901 - root - DEBUG - Processing 920-th line out of 5000 rows of DP table...
2022-01-04 01:10:34,856 - root - DEBUG - Processing 930-th line out of 5000 rows of DP table...
2022-01-04 01:10:36,802 - root - DEBUG - Processing 940-th line out of 5000 rows of DP table...
2022-01-04 01:10:38,747 - root - DEBUG - Processing 950-th line out of 5000 rows of DP table...
2022-01-04 01:10:40,694 - root - DEBUG - Processing 960-th line out of 5000 rows of DP table...
2022-01-04 01:10:42,638 - root - DEBUG - Processing 970-th line out of 5000 rows of DP table...
2022-01-04 01:10:44,608 - root - DEBUG - Processing 980-th line out of 5000 rows of DP table...
2022-01-04 01:10:46,532 - root - DEBUG - Processing 990-th line out of 5000 rows of DP table...
2022-01-04 01:10:48,788 - root - DEBUG - Processing 1000-th line out of 5000 rows of DP table...
2022-01-04 01:10:50,706 - root - DEBUG - Processing 1010-th line out of 5000 rows of DP table...
2022-01-04 01:10:52,606 - root - DEBUG - Processing 1020-th line out of 5000 rows of DP table...
2022-01-04 01:10:54,537 - root - DEBUG - Processing 1030-th line out of 5000 rows of DP table...
2022-01-04 01:10:56,430 - root - DEBUG - Processing 1040-th line out of 5000 rows of DP table...
2022-01-04 01:10:58,333 - root - DEBUG - Processing 1050-th line out of 5000 rows of DP table...
2022-01-04 01:11:00,215 - root - DEBUG - Processing 1060-th line out of 5000 rows of DP table...
2022-01-04 01:11:02,098 - root - DEBUG - Processing 1070-th line out of 5000 rows of DP table...
2022-01-04 01:11:03,985 - root - DEBUG - Processing 1080-th line out of 5000 rows of DP table...
2022-01-04 01:11:05,869 - root - DEBUG - Processing 1090-th line out of 5000 rows of DP table...
2022-01-04 01:11:07,722 - root - DEBUG - Processing 1100-th line out of 5000 rows of DP table...
2022-01-04 01:11:09,597 - root - DEBUG - Processing 1110-th line out of 5000 rows of DP table...
2022-01-04 01:11:11,446 - root - DEBUG - Processing 1120-th line out of 5000 rows of DP table...
2022-01-04 01:11:13,295 - root - DEBUG - Processing 1130-th line out of 5000 rows of DP table...
2022-01-04 01:11:15,196 - root - DEBUG - Processing 1140-th line out of 5000 rows of DP table...
2022-01-04 01:11:17,048 - root - DEBUG - Processing 1150-th line out of 5000 rows of DP table...
2022-01-04 01:11:18,885 - root - DEBUG - Processing 1160-th line out of 5000 rows of DP table...
2022-01-04 01:11:21,086 - root - DEBUG - Processing 1170-th line out of 5000 rows of DP table...
2022-01-04 01:11:22,905 - root - DEBUG - Processing 1180-th line out of 5000 rows of DP table...
2022-01-04 01:11:25,030 - root - DEBUG - Processing 1190-th line out of 5000 rows of DP table...
2022-01-04 01:11:26,858 - root - DEBUG - Processing 1200-th line out of 5000 rows of DP table...
2022-01-04 01:11:28,681 - root - DEBUG - Processing 1210-th line out of 5000 rows of DP table...
2022-01-04 01:11:30,511 - root - DEBUG - Processing 1220-th line out of 5000 rows of DP table...
2022-01-04 01:11:32,358 - root - DEBUG - Processing 1230-th line out of 5000 rows of DP table...
2022-01-04 01:11:34,246 - root - DEBUG - Processing 1240-th line out of 5000 rows of DP table...
2022-01-04 01:11:36,031 - root - DEBUG - Processing 1250-th line out of 5000 rows of DP table...
2022-01-04 01:11:37,824 - root - DEBUG - Processing 1260-th line out of 5000 rows of DP table...
2022-01-04 01:11:39,609 - root - DEBUG - Processing 1270-th line out of 5000 rows of DP table...
2022-01-04 01:11:41,410 - root - DEBUG - Processing 1280-th line out of 5000 rows of DP table...
2022-01-04 01:11:43,200 - root - DEBUG - Processing 1290-th line out of 5000 rows of DP table...
2022-01-04 01:11:45,005 - root - DEBUG - Processing 1300-th line out of 5000 rows of DP table...
2022-01-04 01:11:46,772 - root - DEBUG - Processing 1310-th line out of 5000 rows of DP table...
2022-01-04 01:11:48,546 - root - DEBUG - Processing 1320-th line out of 5000 rows of DP table...
2022-01-04 01:11:50,316 - root - DEBUG - Processing 1330-th line out of 5000 rows of DP table...
2022-01-04 01:11:52,068 - root - DEBUG - Processing 1340-th line out of 5000 rows of DP table...
2022-01-04 01:11:53,824 - root - DEBUG - Processing 1350-th line out of 5000 rows of DP table...
2022-01-04 01:11:55,765 - root - DEBUG - Processing 1360-th line out of 5000 rows of DP table...
2022-01-04 01:11:57,947 - root - DEBUG - Processing 1370-th line out of 5000 rows of DP table...
2022-01-04 01:11:59,828 - root - DEBUG - Processing 1380-th line out of 5000 rows of DP table...
2022-01-04 01:12:01,570 - root - DEBUG - Processing 1390-th line out of 5000 rows of DP table...
2022-01-04 01:12:03,304 - root - DEBUG - Processing 1400-th line out of 5000 rows of DP table...
2022-01-04 01:12:05,054 - root - DEBUG - Processing 1410-th line out of 5000 rows of DP table...
2022-01-04 01:12:06,761 - root - DEBUG - Processing 1420-th line out of 5000 rows of DP table...
2022-01-04 01:12:08,480 - root - DEBUG - Processing 1430-th line out of 5000 rows of DP table...
2022-01-04 01:12:10,200 - root - DEBUG - Processing 1440-th line out of 5000 rows of DP table...
2022-01-04 01:12:11,910 - root - DEBUG - Processing 1450-th line out of 5000 rows of DP table...
2022-01-04 01:12:13,618 - root - DEBUG - Processing 1460-th line out of 5000 rows of DP table...
2022-01-04 01:12:15,345 - root - DEBUG - Processing 1470-th line out of 5000 rows of DP table...
2022-01-04 01:12:17,060 - root - DEBUG - Processing 1480-th line out of 5000 rows of DP table...
2022-01-04 01:12:18,753 - root - DEBUG - Processing 1490-th line out of 5000 rows of DP table...
2022-01-04 01:12:20,577 - root - DEBUG - Processing 1500-th line out of 5000 rows of DP table...
2022-01-04 01:12:22,249 - root - DEBUG - Processing 1510-th line out of 5000 rows of DP table...
2022-01-04 01:12:23,911 - root - DEBUG - Processing 1520-th line out of 5000 rows of DP table...
2022-01-04 01:12:25,542 - root - DEBUG - Processing 1530-th line out of 5000 rows of DP table...
2022-01-04 01:12:27,447 - root - DEBUG - Processing 1540-th line out of 5000 rows of DP table...
2022-01-04 01:12:29,104 - root - DEBUG - Processing 1550-th line out of 5000 rows of DP table...
2022-01-04 01:12:30,745 - root - DEBUG - Processing 1560-th line out of 5000 rows of DP table...
2022-01-04 01:12:32,415 - root - DEBUG - Processing 1570-th line out of 5000 rows of DP table...
2022-01-04 01:12:34,065 - root - DEBUG - Processing 1580-th line out of 5000 rows of DP table...
2022-01-04 01:12:35,703 - root - DEBUG - Processing 1590-th line out of 5000 rows of DP table...
2022-01-04 01:12:37,424 - root - DEBUG - Processing 1600-th line out of 5000 rows of DP table...
2022-01-04 01:12:39,051 - root - DEBUG - Processing 1610-th line out of 5000 rows of DP table...
2022-01-04 01:12:40,671 - root - DEBUG - Processing 1620-th line out of 5000 rows of DP table...
2022-01-04 01:12:42,292 - root - DEBUG - Processing 1630-th line out of 5000 rows of DP table...
2022-01-04 01:12:43,892 - root - DEBUG - Processing 1640-th line out of 5000 rows of DP table...
2022-01-04 01:12:45,493 - root - DEBUG - Processing 1650-th line out of 5000 rows of DP table...
2022-01-04 01:12:47,075 - root - DEBUG - Processing 1660-th line out of 5000 rows of DP table...
2022-01-04 01:12:49,238 - root - DEBUG - Processing 1670-th line out of 5000 rows of DP table...
2022-01-04 01:12:50,851 - root - DEBUG - Processing 1680-th line out of 5000 rows of DP table...
2022-01-04 01:12:52,438 - root - DEBUG - Processing 1690-th line out of 5000 rows of DP table...
2022-01-04 01:12:54,075 - root - DEBUG - Processing 1700-th line out of 5000 rows of DP table...
2022-01-04 01:12:55,663 - root - DEBUG - Processing 1710-th line out of 5000 rows of DP table...
2022-01-04 01:12:57,271 - root - DEBUG - Processing 1720-th line out of 5000 rows of DP table...
2022-01-04 01:12:58,838 - root - DEBUG - Processing 1730-th line out of 5000 rows of DP table...
2022-01-04 01:13:00,400 - root - DEBUG - Processing 1740-th line out of 5000 rows of DP table...
2022-01-04 01:13:01,976 - root - DEBUG - Processing 1750-th line out of 5000 rows of DP table...
2022-01-04 01:13:03,534 - root - DEBUG - Processing 1760-th line out of 5000 rows of DP table...
2022-01-04 01:13:05,088 - root - DEBUG - Processing 1770-th line out of 5000 rows of DP table...
2022-01-04 01:13:06,628 - root - DEBUG - Processing 1780-th line out of 5000 rows of DP table...
2022-01-04 01:13:08,165 - root - DEBUG - Processing 1790-th line out of 5000 rows of DP table...
2022-01-04 01:13:09,711 - root - DEBUG - Processing 1800-th line out of 5000 rows of DP table...
2022-01-04 01:13:11,243 - root - DEBUG - Processing 1810-th line out of 5000 rows of DP table...
2022-01-04 01:13:12,786 - root - DEBUG - Processing 1820-th line out of 5000 rows of DP table...
2022-01-04 01:13:14,314 - root - DEBUG - Processing 1830-th line out of 5000 rows of DP table...
2022-01-04 01:13:15,838 - root - DEBUG - Processing 1840-th line out of 5000 rows of DP table...
2022-01-04 01:13:17,394 - root - DEBUG - Processing 1850-th line out of 5000 rows of DP table...
2022-01-04 01:13:18,896 - root - DEBUG - Processing 1860-th line out of 5000 rows of DP table...
2022-01-04 01:13:20,376 - root - DEBUG - Processing 1870-th line out of 5000 rows of DP table...
2022-01-04 01:13:22,360 - root - DEBUG - Processing 1880-th line out of 5000 rows of DP table...
2022-01-04 01:13:23,851 - root - DEBUG - Processing 1890-th line out of 5000 rows of DP table...
2022-01-04 01:13:25,344 - root - DEBUG - Processing 1900-th line out of 5000 rows of DP table...
2022-01-04 01:13:26,840 - root - DEBUG - Processing 1910-th line out of 5000 rows of DP table...
2022-01-04 01:13:28,312 - root - DEBUG - Processing 1920-th line out of 5000 rows of DP table...
2022-01-04 01:13:29,789 - root - DEBUG - Processing 1930-th line out of 5000 rows of DP table...
2022-01-04 01:13:31,257 - root - DEBUG - Processing 1940-th line out of 5000 rows of DP table...
2022-01-04 01:13:32,719 - root - DEBUG - Processing 1950-th line out of 5000 rows of DP table...
2022-01-04 01:13:34,170 - root - DEBUG - Processing 1960-th line out of 5000 rows of DP table...
2022-01-04 01:13:35,633 - root - DEBUG - Processing 1970-th line out of 5000 rows of DP table...
2022-01-04 01:13:37,866 - root - DEBUG - Processing 1980-th line out of 5000 rows of DP table...
2022-01-04 01:13:39,322 - root - DEBUG - Processing 1990-th line out of 5000 rows of DP table...
2022-01-04 01:13:40,775 - root - DEBUG - Processing 2000-th line out of 5000 rows of DP table...
2022-01-04 01:13:42,214 - root - DEBUG - Processing 2010-th line out of 5000 rows of DP table...
2022-01-04 01:13:43,659 - root - DEBUG - Processing 2020-th line out of 5000 rows of DP table...
2022-01-04 01:13:45,095 - root - DEBUG - Processing 2030-th line out of 5000 rows of DP table...
2022-01-04 01:13:46,527 - root - DEBUG - Processing 2040-th line out of 5000 rows of DP table...
2022-01-04 01:13:47,961 - root - DEBUG - Processing 2050-th line out of 5000 rows of DP table...
2022-01-04 01:13:49,399 - root - DEBUG - Processing 2060-th line out of 5000 rows of DP table...
2022-01-04 01:13:50,809 - root - DEBUG - Processing 2070-th line out of 5000 rows of DP table...
2022-01-04 01:13:52,227 - root - DEBUG - Processing 2080-th line out of 5000 rows of DP table...
2022-01-04 01:13:53,624 - root - DEBUG - Processing 2090-th line out of 5000 rows of DP table...
2022-01-04 01:13:55,024 - root - DEBUG - Processing 2100-th line out of 5000 rows of DP table...
2022-01-04 01:13:56,412 - root - DEBUG - Processing 2110-th line out of 5000 rows of DP table...
2022-01-04 01:13:57,799 - root - DEBUG - Processing 2120-th line out of 5000 rows of DP table...
2022-01-04 01:13:59,179 - root - DEBUG - Processing 2130-th line out of 5000 rows of DP table...
2022-01-04 01:14:00,559 - root - DEBUG - Processing 2140-th line out of 5000 rows of DP table...
2022-01-04 01:14:01,912 - root - DEBUG - Processing 2150-th line out of 5000 rows of DP table...
2022-01-04 01:14:03,599 - root - DEBUG - Processing 2160-th line out of 5000 rows of DP table...
2022-01-04 01:14:05,877 - root - DEBUG - Processing 2170-th line out of 5000 rows of DP table...
2022-01-04 01:14:07,307 - root - DEBUG - Processing 2180-th line out of 5000 rows of DP table...
2022-01-04 01:14:08,661 - root - DEBUG - Processing 2190-th line out of 5000 rows of DP table...
2022-01-04 01:14:10,012 - root - DEBUG - Processing 2200-th line out of 5000 rows of DP table...
2022-01-04 01:14:11,363 - root - DEBUG - Processing 2210-th line out of 5000 rows of DP table...
2022-01-04 01:14:12,703 - root - DEBUG - Processing 2220-th line out of 5000 rows of DP table...
2022-01-04 01:14:14,038 - root - DEBUG - Processing 2230-th line out of 5000 rows of DP table...
2022-01-04 01:14:15,365 - root - DEBUG - Processing 2240-th line out of 5000 rows of DP table...
2022-01-04 01:14:16,690 - root - DEBUG - Processing 2250-th line out of 5000 rows of DP table...
2022-01-04 01:14:18,011 - root - DEBUG - Processing 2260-th line out of 5000 rows of DP table...
2022-01-04 01:14:19,330 - root - DEBUG - Processing 2270-th line out of 5000 rows of DP table...
2022-01-04 01:14:20,642 - root - DEBUG - Processing 2280-th line out of 5000 rows of DP table...
2022-01-04 01:14:21,946 - root - DEBUG - Processing 2290-th line out of 5000 rows of DP table...
2022-01-04 01:14:23,243 - root - DEBUG - Processing 2300-th line out of 5000 rows of DP table...
2022-01-04 01:14:24,544 - root - DEBUG - Processing 2310-th line out of 5000 rows of DP table...
2022-01-04 01:14:26,521 - root - DEBUG - Processing 2320-th line out of 5000 rows of DP table...
2022-01-04 01:14:29,105 - root - DEBUG - Processing 2330-th line out of 5000 rows of DP table...
2022-01-04 01:14:30,402 - root - DEBUG - Processing 2340-th line out of 5000 rows of DP table...
2022-01-04 01:14:31,677 - root - DEBUG - Processing 2350-th line out of 5000 rows of DP table...
2022-01-04 01:14:32,955 - root - DEBUG - Processing 2360-th line out of 5000 rows of DP table...
2022-01-04 01:14:34,240 - root - DEBUG - Processing 2370-th line out of 5000 rows of DP table...
2022-01-04 01:14:35,502 - root - DEBUG - Processing 2380-th line out of 5000 rows of DP table...
2022-01-04 01:14:36,762 - root - DEBUG - Processing 2390-th line out of 5000 rows of DP table...
2022-01-04 01:14:38,017 - root - DEBUG - Processing 2400-th line out of 5000 rows of DP table...
2022-01-04 01:14:39,260 - root - DEBUG - Processing 2410-th line out of 5000 rows of DP table...
2022-01-04 01:14:40,517 - root - DEBUG - Processing 2420-th line out of 5000 rows of DP table...
2022-01-04 01:14:41,749 - root - DEBUG - Processing 2430-th line out of 5000 rows of DP table...
2022-01-04 01:14:42,986 - root - DEBUG - Processing 2440-th line out of 5000 rows of DP table...
2022-01-04 01:14:44,226 - root - DEBUG - Processing 2450-th line out of 5000 rows of DP table...
2022-01-04 01:14:45,453 - root - DEBUG - Processing 2460-th line out of 5000 rows of DP table...
2022-01-04 01:14:46,684 - root - DEBUG - Processing 2470-th line out of 5000 rows of DP table...
2022-01-04 01:14:47,895 - root - DEBUG - Processing 2480-th line out of 5000 rows of DP table...
2022-01-04 01:14:49,113 - root - DEBUG - Processing 2490-th line out of 5000 rows of DP table...
2022-01-04 01:14:50,318 - root - DEBUG - Processing 2500-th line out of 5000 rows of DP table...
2022-01-04 01:14:51,524 - root - DEBUG - Processing 2510-th line out of 5000 rows of DP table...
2022-01-04 01:14:52,729 - root - DEBUG - Processing 2520-th line out of 5000 rows of DP table...
2022-01-04 01:14:53,920 - root - DEBUG - Processing 2530-th line out of 5000 rows of DP table...
2022-01-04 01:14:55,104 - root - DEBUG - Processing 2540-th line out of 5000 rows of DP table...
2022-01-04 01:14:56,287 - root - DEBUG - Processing 2550-th line out of 5000 rows of DP table...
2022-01-04 01:14:57,467 - root - DEBUG - Processing 2560-th line out of 5000 rows of DP table...
2022-01-04 01:14:59,087 - root - DEBUG - Processing 2570-th line out of 5000 rows of DP table...
2022-01-04 01:15:00,334 - root - DEBUG - Processing 2580-th line out of 5000 rows of DP table...
2022-01-04 01:15:01,906 - root - DEBUG - Processing 2590-th line out of 5000 rows of DP table...
2022-01-04 01:15:03,069 - root - DEBUG - Processing 2600-th line out of 5000 rows of DP table...
2022-01-04 01:15:04,280 - root - DEBUG - Processing 2610-th line out of 5000 rows of DP table...
2022-01-04 01:15:05,434 - root - DEBUG - Processing 2620-th line out of 5000 rows of DP table...
2022-01-04 01:15:06,578 - root - DEBUG - Processing 2630-th line out of 5000 rows of DP table...
2022-01-04 01:15:07,719 - root - DEBUG - Processing 2640-th line out of 5000 rows of DP table...
2022-01-04 01:15:08,861 - root - DEBUG - Processing 2650-th line out of 5000 rows of DP table...
2022-01-04 01:15:09,993 - root - DEBUG - Processing 2660-th line out of 5000 rows of DP table...
2022-01-04 01:15:11,120 - root - DEBUG - Processing 2670-th line out of 5000 rows of DP table...
2022-01-04 01:15:12,247 - root - DEBUG - Processing 2680-th line out of 5000 rows of DP table...
2022-01-04 01:15:13,369 - root - DEBUG - Processing 2690-th line out of 5000 rows of DP table...
2022-01-04 01:15:14,486 - root - DEBUG - Processing 2700-th line out of 5000 rows of DP table...
2022-01-04 01:15:15,591 - root - DEBUG - Processing 2710-th line out of 5000 rows of DP table...
2022-01-04 01:15:16,697 - root - DEBUG - Processing 2720-th line out of 5000 rows of DP table...
2022-01-04 01:15:17,804 - root - DEBUG - Processing 2730-th line out of 5000 rows of DP table...
2022-01-04 01:15:18,894 - root - DEBUG - Processing 2740-th line out of 5000 rows of DP table...
2022-01-04 01:15:19,979 - root - DEBUG - Processing 2750-th line out of 5000 rows of DP table...
2022-01-04 01:15:21,075 - root - DEBUG - Processing 2760-th line out of 5000 rows of DP table...
2022-01-04 01:15:22,154 - root - DEBUG - Processing 2770-th line out of 5000 rows of DP table...
2022-01-04 01:15:23,226 - root - DEBUG - Processing 2780-th line out of 5000 rows of DP table...
2022-01-04 01:15:24,302 - root - DEBUG - Processing 2790-th line out of 5000 rows of DP table...
2022-01-04 01:15:25,372 - root - DEBUG - Processing 2800-th line out of 5000 rows of DP table...
2022-01-04 01:15:26,433 - root - DEBUG - Processing 2810-th line out of 5000 rows of DP table...
2022-01-04 01:15:27,481 - root - DEBUG - Processing 2820-th line out of 5000 rows of DP table...
2022-01-04 01:15:28,534 - root - DEBUG - Processing 2830-th line out of 5000 rows of DP table...
2022-01-04 01:15:29,577 - root - DEBUG - Processing 2840-th line out of 5000 rows of DP table...
2022-01-04 01:15:30,621 - root - DEBUG - Processing 2850-th line out of 5000 rows of DP table...
2022-01-04 01:15:31,643 - root - DEBUG - Processing 2860-th line out of 5000 rows of DP table...
2022-01-04 01:15:32,927 - root - DEBUG - Processing 2870-th line out of 5000 rows of DP table...
2022-01-04 01:15:33,983 - root - DEBUG - Processing 2880-th line out of 5000 rows of DP table...
2022-01-04 01:15:34,996 - root - DEBUG - Processing 2890-th line out of 5000 rows of DP table...
2022-01-04 01:15:36,033 - root - DEBUG - Processing 2900-th line out of 5000 rows of DP table...
2022-01-04 01:15:36,991 - root - DEBUG - Processing 2910-th line out of 5000 rows of DP table...
2022-01-04 01:15:37,941 - root - DEBUG - Processing 2920-th line out of 5000 rows of DP table...
2022-01-04 01:15:38,886 - root - DEBUG - Processing 2930-th line out of 5000 rows of DP table...
2022-01-04 01:15:39,872 - root - DEBUG - Processing 2940-th line out of 5000 rows of DP table...
2022-01-04 01:15:40,814 - root - DEBUG - Processing 2950-th line out of 5000 rows of DP table...
2022-01-04 01:15:41,745 - root - DEBUG - Processing 2960-th line out of 5000 rows of DP table...
2022-01-04 01:15:42,670 - root - DEBUG - Processing 2970-th line out of 5000 rows of DP table...
2022-01-04 01:15:43,596 - root - DEBUG - Processing 2980-th line out of 5000 rows of DP table...
2022-01-04 01:15:44,518 - root - DEBUG - Processing 2990-th line out of 5000 rows of DP table...
2022-01-04 01:15:45,437 - root - DEBUG - Processing 3000-th line out of 5000 rows of DP table...
2022-01-04 01:15:46,314 - root - DEBUG - Processing 3010-th line out of 5000 rows of DP table...
2022-01-04 01:15:47,175 - root - DEBUG - Processing 3020-th line out of 5000 rows of DP table...
2022-01-04 01:15:48,045 - root - DEBUG - Processing 3030-th line out of 5000 rows of DP table...
2022-01-04 01:15:48,891 - root - DEBUG - Processing 3040-th line out of 5000 rows of DP table...
2022-01-04 01:15:49,775 - root - DEBUG - Processing 3050-th line out of 5000 rows of DP table...
2022-01-04 01:15:50,611 - root - DEBUG - Processing 3060-th line out of 5000 rows of DP table...
2022-01-04 01:15:51,447 - root - DEBUG - Processing 3070-th line out of 5000 rows of DP table...
2022-01-04 01:15:52,317 - root - DEBUG - Processing 3080-th line out of 5000 rows of DP table...
2022-01-04 01:15:53,147 - root - DEBUG - Processing 3090-th line out of 5000 rows of DP table...
2022-01-04 01:15:53,971 - root - DEBUG - Processing 3100-th line out of 5000 rows of DP table...
2022-01-04 01:15:54,793 - root - DEBUG - Processing 3110-th line out of 5000 rows of DP table...
2022-01-04 01:15:55,606 - root - DEBUG - Processing 3120-th line out of 5000 rows of DP table...
2022-01-04 01:15:56,419 - root - DEBUG - Processing 3130-th line out of 5000 rows of DP table...
2022-01-04 01:15:57,227 - root - DEBUG - Processing 3140-th line out of 5000 rows of DP table...
2022-01-04 01:15:58,044 - root - DEBUG - Processing 3150-th line out of 5000 rows of DP table...
2022-01-04 01:15:58,844 - root - DEBUG - Processing 3160-th line out of 5000 rows of DP table...
2022-01-04 01:15:59,641 - root - DEBUG - Processing 3170-th line out of 5000 rows of DP table...
2022-01-04 01:16:00,441 - root - DEBUG - Processing 3180-th line out of 5000 rows of DP table...
2022-01-04 01:16:01,361 - root - DEBUG - Processing 3190-th line out of 5000 rows of DP table...
2022-01-04 01:16:02,535 - root - DEBUG - Processing 3200-th line out of 5000 rows of DP table...
2022-01-04 01:16:03,821 - root - DEBUG - Processing 3210-th line out of 5000 rows of DP table...
2022-01-04 01:16:04,666 - root - DEBUG - Processing 3220-th line out of 5000 rows of DP table...
2022-01-04 01:16:05,503 - root - DEBUG - Processing 3230-th line out of 5000 rows of DP table...
2022-01-04 01:16:06,270 - root - DEBUG - Processing 3240-th line out of 5000 rows of DP table...
2022-01-04 01:16:07,028 - root - DEBUG - Processing 3250-th line out of 5000 rows of DP table...
2022-01-04 01:16:07,785 - root - DEBUG - Processing 3260-th line out of 5000 rows of DP table...
2022-01-04 01:16:08,544 - root - DEBUG - Processing 3270-th line out of 5000 rows of DP table...
2022-01-04 01:16:09,291 - root - DEBUG - Processing 3280-th line out of 5000 rows of DP table...
2022-01-04 01:16:10,040 - root - DEBUG - Processing 3290-th line out of 5000 rows of DP table...
2022-01-04 01:16:10,780 - root - DEBUG - Processing 3300-th line out of 5000 rows of DP table...
2022-01-04 01:16:11,514 - root - DEBUG - Processing 3310-th line out of 5000 rows of DP table...
2022-01-04 01:16:12,251 - root - DEBUG - Processing 3320-th line out of 5000 rows of DP table...
2022-01-04 01:16:12,990 - root - DEBUG - Processing 3330-th line out of 5000 rows of DP table...
2022-01-04 01:16:13,716 - root - DEBUG - Processing 3340-th line out of 5000 rows of DP table...
2022-01-04 01:16:14,437 - root - DEBUG - Processing 3350-th line out of 5000 rows of DP table...
2022-01-04 01:16:15,154 - root - DEBUG - Processing 3360-th line out of 5000 rows of DP table...
2022-01-04 01:16:15,885 - root - DEBUG - Processing 3370-th line out of 5000 rows of DP table...
2022-01-04 01:16:16,596 - root - DEBUG - Processing 3380-th line out of 5000 rows of DP table...
2022-01-04 01:16:17,319 - root - DEBUG - Processing 3390-th line out of 5000 rows of DP table...
2022-01-04 01:16:18,018 - root - DEBUG - Processing 3400-th line out of 5000 rows of DP table...
2022-01-04 01:16:18,712 - root - DEBUG - Processing 3410-th line out of 5000 rows of DP table...
2022-01-04 01:16:19,398 - root - DEBUG - Processing 3420-th line out of 5000 rows of DP table...
2022-01-04 01:16:20,085 - root - DEBUG - Processing 3430-th line out of 5000 rows of DP table...
2022-01-04 01:16:20,767 - root - DEBUG - Processing 3440-th line out of 5000 rows of DP table...
2022-01-04 01:16:21,446 - root - DEBUG - Processing 3450-th line out of 5000 rows of DP table...
2022-01-04 01:16:22,120 - root - DEBUG - Processing 3460-th line out of 5000 rows of DP table...
2022-01-04 01:16:22,788 - root - DEBUG - Processing 3470-th line out of 5000 rows of DP table...
2022-01-04 01:16:23,473 - root - DEBUG - Processing 3480-th line out of 5000 rows of DP table...
2022-01-04 01:16:24,138 - root - DEBUG - Processing 3490-th line out of 5000 rows of DP table...
2022-01-04 01:16:25,313 - root - DEBUG - Processing 3500-th line out of 5000 rows of DP table...
2022-01-04 01:16:26,141 - root - DEBUG - Processing 3510-th line out of 5000 rows of DP table...
2022-01-04 01:16:27,233 - root - DEBUG - Processing 3520-th line out of 5000 rows of DP table...
2022-01-04 01:16:27,877 - root - DEBUG - Processing 3530-th line out of 5000 rows of DP table...
2022-01-04 01:16:28,518 - root - DEBUG - Processing 3540-th line out of 5000 rows of DP table...
2022-01-04 01:16:29,153 - root - DEBUG - Processing 3550-th line out of 5000 rows of DP table...
2022-01-04 01:16:29,817 - root - DEBUG - Processing 3560-th line out of 5000 rows of DP table...
2022-01-04 01:16:30,444 - root - DEBUG - Processing 3570-th line out of 5000 rows of DP table...
2022-01-04 01:16:31,065 - root - DEBUG - Processing 3580-th line out of 5000 rows of DP table...
2022-01-04 01:16:31,682 - root - DEBUG - Processing 3590-th line out of 5000 rows of DP table...
2022-01-04 01:16:32,301 - root - DEBUG - Processing 3600-th line out of 5000 rows of DP table...
2022-01-04 01:16:32,925 - root - DEBUG - Processing 3610-th line out of 5000 rows of DP table...
2022-01-04 01:16:33,531 - root - DEBUG - Processing 3620-th line out of 5000 rows of DP table...
2022-01-04 01:16:34,135 - root - DEBUG - Processing 3630-th line out of 5000 rows of DP table...
2022-01-04 01:16:34,729 - root - DEBUG - Processing 3640-th line out of 5000 rows of DP table...
2022-01-04 01:16:35,340 - root - DEBUG - Processing 3650-th line out of 5000 rows of DP table...
2022-01-04 01:16:35,946 - root - DEBUG - Processing 3660-th line out of 5000 rows of DP table...
2022-01-04 01:16:36,571 - root - DEBUG - Processing 3670-th line out of 5000 rows of DP table...
2022-01-04 01:16:37,154 - root - DEBUG - Processing 3680-th line out of 5000 rows of DP table...
2022-01-04 01:16:37,733 - root - DEBUG - Processing 3690-th line out of 5000 rows of DP table...
2022-01-04 01:16:38,323 - root - DEBUG - Processing 3700-th line out of 5000 rows of DP table...
2022-01-04 01:16:38,903 - root - DEBUG - Processing 3710-th line out of 5000 rows of DP table...
2022-01-04 01:16:39,470 - root - DEBUG - Processing 3720-th line out of 5000 rows of DP table...
2022-01-04 01:16:40,060 - root - DEBUG - Processing 3730-th line out of 5000 rows of DP table...
2022-01-04 01:16:40,656 - root - DEBUG - Processing 3740-th line out of 5000 rows of DP table...
2022-01-04 01:16:41,214 - root - DEBUG - Processing 3750-th line out of 5000 rows of DP table...
2022-01-04 01:16:41,773 - root - DEBUG - Processing 3760-th line out of 5000 rows of DP table...
2022-01-04 01:16:42,319 - root - DEBUG - Processing 3770-th line out of 5000 rows of DP table...
2022-01-04 01:16:42,856 - root - DEBUG - Processing 3780-th line out of 5000 rows of DP table...
2022-01-04 01:16:43,390 - root - DEBUG - Processing 3790-th line out of 5000 rows of DP table...
2022-01-04 01:16:43,954 - root - DEBUG - Processing 3800-th line out of 5000 rows of DP table...
2022-01-04 01:16:44,481 - root - DEBUG - Processing 3810-th line out of 5000 rows of DP table...
2022-01-04 01:16:45,022 - root - DEBUG - Processing 3820-th line out of 5000 rows of DP table...
2022-01-04 01:16:45,541 - root - DEBUG - Processing 3830-th line out of 5000 rows of DP table...
2022-01-04 01:16:46,057 - root - DEBUG - Processing 3840-th line out of 5000 rows of DP table...
2022-01-04 01:16:46,568 - root - DEBUG - Processing 3850-th line out of 5000 rows of DP table...
2022-01-04 01:16:47,117 - root - DEBUG - Processing 3860-th line out of 5000 rows of DP table...
2022-01-04 01:16:47,616 - root - DEBUG - Processing 3870-th line out of 5000 rows of DP table...
2022-01-04 01:16:48,112 - root - DEBUG - Processing 3880-th line out of 5000 rows of DP table...
2022-01-04 01:16:48,602 - root - DEBUG - Processing 3890-th line out of 5000 rows of DP table...
2022-01-04 01:16:49,123 - root - DEBUG - Processing 3900-th line out of 5000 rows of DP table...
2022-01-04 01:16:49,602 - root - DEBUG - Processing 3910-th line out of 5000 rows of DP table...
2022-01-04 01:16:50,088 - root - DEBUG - Processing 3920-th line out of 5000 rows of DP table...
2022-01-04 01:16:50,562 - root - DEBUG - Processing 3930-th line out of 5000 rows of DP table...
2022-01-04 01:16:51,106 - root - DEBUG - Processing 3940-th line out of 5000 rows of DP table...
2022-01-04 01:16:51,592 - root - DEBUG - Processing 3950-th line out of 5000 rows of DP table...
2022-01-04 01:16:52,055 - root - DEBUG - Processing 3960-th line out of 5000 rows of DP table...
2022-01-04 01:16:52,516 - root - DEBUG - Processing 3970-th line out of 5000 rows of DP table...
2022-01-04 01:16:52,972 - root - DEBUG - Processing 3980-th line out of 5000 rows of DP table...
2022-01-04 01:16:53,435 - root - DEBUG - Processing 3990-th line out of 5000 rows of DP table...
2022-01-04 01:16:53,894 - root - DEBUG - Processing 4000-th line out of 5000 rows of DP table...
2022-01-04 01:16:54,335 - root - DEBUG - Processing 4010-th line out of 5000 rows of DP table...
2022-01-04 01:16:54,809 - root - DEBUG - Processing 4020-th line out of 5000 rows of DP table...
2022-01-04 01:16:55,244 - root - DEBUG - Processing 4030-th line out of 5000 rows of DP table...
2022-01-04 01:16:55,733 - root - DEBUG - Processing 4040-th line out of 5000 rows of DP table...
2022-01-04 01:16:56,162 - root - DEBUG - Processing 4050-th line out of 5000 rows of DP table...
2022-01-04 01:16:56,606 - root - DEBUG - Processing 4060-th line out of 5000 rows of DP table...
2022-01-04 01:16:57,021 - root - DEBUG - Processing 4070-th line out of 5000 rows of DP table...
2022-01-04 01:16:57,770 - root - DEBUG - Processing 4080-th line out of 5000 rows of DP table...
2022-01-04 01:16:58,367 - root - DEBUG - Processing 4090-th line out of 5000 rows of DP table...
2022-01-04 01:16:59,176 - root - DEBUG - Processing 4100-th line out of 5000 rows of DP table...
2022-01-04 01:16:59,575 - root - DEBUG - Processing 4110-th line out of 5000 rows of DP table...
2022-01-04 01:17:00,686 - root - DEBUG - Processing 4120-th line out of 5000 rows of DP table...
2022-01-04 01:17:01,087 - root - DEBUG - Processing 4130-th line out of 5000 rows of DP table...
2022-01-04 01:17:01,477 - root - DEBUG - Processing 4140-th line out of 5000 rows of DP table...
2022-01-04 01:17:01,862 - root - DEBUG - Processing 4150-th line out of 5000 rows of DP table...
2022-01-04 01:17:02,254 - root - DEBUG - Processing 4160-th line out of 5000 rows of DP table...
2022-01-04 01:17:02,628 - root - DEBUG - Processing 4170-th line out of 5000 rows of DP table...
2022-01-04 01:17:02,998 - root - DEBUG - Processing 4180-th line out of 5000 rows of DP table...
2022-01-04 01:17:03,391 - root - DEBUG - Processing 4190-th line out of 5000 rows of DP table...
2022-01-04 01:17:03,797 - root - DEBUG - Processing 4200-th line out of 5000 rows of DP table...
2022-01-04 01:17:04,219 - root - DEBUG - Processing 4210-th line out of 5000 rows of DP table...
2022-01-04 01:17:04,574 - root - DEBUG - Processing 4220-th line out of 5000 rows of DP table...
2022-01-04 01:17:04,922 - root - DEBUG - Processing 4230-th line out of 5000 rows of DP table...
2022-01-04 01:17:05,271 - root - DEBUG - Processing 4240-th line out of 5000 rows of DP table...
2022-01-04 01:17:05,628 - root - DEBUG - Processing 4250-th line out of 5000 rows of DP table...
2022-01-04 01:17:05,963 - root - DEBUG - Processing 4260-th line out of 5000 rows of DP table...
2022-01-04 01:17:06,295 - root - DEBUG - Processing 4270-th line out of 5000 rows of DP table...
2022-01-04 01:17:06,624 - root - DEBUG - Processing 4280-th line out of 5000 rows of DP table...
2022-01-04 01:17:06,989 - root - DEBUG - Processing 4290-th line out of 5000 rows of DP table...
2022-01-04 01:17:07,308 - root - DEBUG - Processing 4300-th line out of 5000 rows of DP table...
2022-01-04 01:17:07,673 - root - DEBUG - Processing 4310-th line out of 5000 rows of DP table...
2022-01-04 01:17:08,011 - root - DEBUG - Processing 4320-th line out of 5000 rows of DP table...
2022-01-04 01:17:08,333 - root - DEBUG - Processing 4330-th line out of 5000 rows of DP table...
2022-01-04 01:17:08,697 - root - DEBUG - Processing 4340-th line out of 5000 rows of DP table...
2022-01-04 01:17:09,022 - root - DEBUG - Processing 4350-th line out of 5000 rows of DP table...
2022-01-04 01:17:09,329 - root - DEBUG - Processing 4360-th line out of 5000 rows of DP table...
2022-01-04 01:17:09,619 - root - DEBUG - Processing 4370-th line out of 5000 rows of DP table...
2022-01-04 01:17:09,907 - root - DEBUG - Processing 4380-th line out of 5000 rows of DP table...
2022-01-04 01:17:10,190 - root - DEBUG - Processing 4390-th line out of 5000 rows of DP table...
2022-01-04 01:17:10,510 - root - DEBUG - Processing 4400-th line out of 5000 rows of DP table...
2022-01-04 01:17:10,794 - root - DEBUG - Processing 4410-th line out of 5000 rows of DP table...
2022-01-04 01:17:11,064 - root - DEBUG - Processing 4420-th line out of 5000 rows of DP table...
2022-01-04 01:17:11,345 - root - DEBUG - Processing 4430-th line out of 5000 rows of DP table...
2022-01-04 01:17:11,640 - root - DEBUG - Processing 4440-th line out of 5000 rows of DP table...
2022-01-04 01:17:12,014 - root - DEBUG - Processing 4450-th line out of 5000 rows of DP table...
2022-01-04 01:17:12,291 - root - DEBUG - Processing 4460-th line out of 5000 rows of DP table...
2022-01-04 01:17:12,556 - root - DEBUG - Processing 4470-th line out of 5000 rows of DP table...
2022-01-04 01:17:12,801 - root - DEBUG - Processing 4480-th line out of 5000 rows of DP table...
2022-01-04 01:17:13,042 - root - DEBUG - Processing 4490-th line out of 5000 rows of DP table...
2022-01-04 01:17:13,297 - root - DEBUG - Processing 4500-th line out of 5000 rows of DP table...
2022-01-04 01:17:13,554 - root - DEBUG - Processing 4510-th line out of 5000 rows of DP table...
2022-01-04 01:17:13,782 - root - DEBUG - Processing 4520-th line out of 5000 rows of DP table...
2022-01-04 01:17:14,027 - root - DEBUG - Processing 4530-th line out of 5000 rows of DP table...
2022-01-04 01:17:14,281 - root - DEBUG - Processing 4540-th line out of 5000 rows of DP table...
2022-01-04 01:17:14,497 - root - DEBUG - Processing 4550-th line out of 5000 rows of DP table...
2022-01-04 01:17:14,709 - root - DEBUG - Processing 4560-th line out of 5000 rows of DP table...
2022-01-04 01:17:14,918 - root - DEBUG - Processing 4570-th line out of 5000 rows of DP table...
2022-01-04 01:17:15,138 - root - DEBUG - Processing 4580-th line out of 5000 rows of DP table...
2022-01-04 01:17:15,337 - root - DEBUG - Processing 4590-th line out of 5000 rows of DP table...
2022-01-04 01:17:15,536 - root - DEBUG - Processing 4600-th line out of 5000 rows of DP table...
2022-01-04 01:17:15,758 - root - DEBUG - Processing 4610-th line out of 5000 rows of DP table...
2022-01-04 01:17:15,995 - root - DEBUG - Processing 4620-th line out of 5000 rows of DP table...
2022-01-04 01:17:16,176 - root - DEBUG - Processing 4630-th line out of 5000 rows of DP table...
2022-01-04 01:17:16,373 - root - DEBUG - Processing 4640-th line out of 5000 rows of DP table...
2022-01-04 01:17:16,546 - root - DEBUG - Processing 4650-th line out of 5000 rows of DP table...
2022-01-04 01:17:16,742 - root - DEBUG - Processing 4660-th line out of 5000 rows of DP table...
2022-01-04 01:17:16,942 - root - DEBUG - Processing 4670-th line out of 5000 rows of DP table...
2022-01-04 01:17:17,103 - root - DEBUG - Processing 4680-th line out of 5000 rows of DP table...
2022-01-04 01:17:17,272 - root - DEBUG - Processing 4690-th line out of 5000 rows of DP table...
2022-01-04 01:17:17,460 - root - DEBUG - Processing 4700-th line out of 5000 rows of DP table...
2022-01-04 01:17:17,609 - root - DEBUG - Processing 4710-th line out of 5000 rows of DP table...
2022-01-04 01:17:17,754 - root - DEBUG - Processing 4720-th line out of 5000 rows of DP table...
2022-01-04 01:17:17,895 - root - DEBUG - Processing 4730-th line out of 5000 rows of DP table...
2022-01-04 01:17:18,043 - root - DEBUG - Processing 4740-th line out of 5000 rows of DP table...
2022-01-04 01:17:18,187 - root - DEBUG - Processing 4750-th line out of 5000 rows of DP table...
2022-01-04 01:17:18,315 - root - DEBUG - Processing 4760-th line out of 5000 rows of DP table...
2022-01-04 01:17:18,468 - root - DEBUG - Processing 4770-th line out of 5000 rows of DP table...
2022-01-04 01:17:18,602 - root - DEBUG - Processing 4780-th line out of 5000 rows of DP table...
2022-01-04 01:17:18,755 - root - DEBUG - Processing 4790-th line out of 5000 rows of DP table...
2022-01-04 01:17:18,877 - root - DEBUG - Processing 4800-th line out of 5000 rows of DP table...
2022-01-04 01:17:19,017 - root - DEBUG - Processing 4810-th line out of 5000 rows of DP table...
2022-01-04 01:17:19,158 - root - DEBUG - Processing 4820-th line out of 5000 rows of DP table...
2022-01-04 01:17:19,257 - root - DEBUG - Processing 4830-th line out of 5000 rows of DP table...
2022-01-04 01:17:19,379 - root - DEBUG - Processing 4840-th line out of 5000 rows of DP table...
2022-01-04 01:17:19,506 - root - DEBUG - Processing 4850-th line out of 5000 rows of DP table...
2022-01-04 01:17:19,591 - root - DEBUG - Processing 4860-th line out of 5000 rows of DP table...
2022-01-04 01:17:19,688 - root - DEBUG - Processing 4870-th line out of 5000 rows of DP table...
2022-01-04 01:17:19,767 - root - DEBUG - Processing 4880-th line out of 5000 rows of DP table...
2022-01-04 01:17:19,850 - root - DEBUG - Processing 4890-th line out of 5000 rows of DP table...
2022-01-04 01:17:19,920 - root - DEBUG - Processing 4900-th line out of 5000 rows of DP table...
2022-01-04 01:17:19,986 - root - DEBUG - Processing 4910-th line out of 5000 rows of DP table...
2022-01-04 01:17:20,056 - root - DEBUG - Processing 4920-th line out of 5000 rows of DP table...
2022-01-04 01:17:20,118 - root - DEBUG - Processing 4930-th line out of 5000 rows of DP table...
2022-01-04 01:17:20,171 - root - DEBUG - Processing 4940-th line out of 5000 rows of DP table...
2022-01-04 01:17:20,232 - root - DEBUG - Processing 4950-th line out of 5000 rows of DP table...
2022-01-04 01:17:20,277 - root - DEBUG - Processing 4960-th line out of 5000 rows of DP table...
2022-01-04 01:17:20,333 - root - DEBUG - Processing 4970-th line out of 5000 rows of DP table...
2022-01-04 01:17:20,370 - root - DEBUG - Processing 4980-th line out of 5000 rows of DP table...
2022-01-04 01:17:20,424 - root - DEBUG - Processing 4990-th line out of 5000 rows of DP table...
2022-01-04 01:17:20,489 - root - DEBUG - Processing 5000-th line out of 5000 rows of DP table...
2022-01-04 01:17:20,527 - root - DEBUG - Started computing joint logprobs...
